Run: 28
Defaulting to user installation because normal site-packages is not writeable
Obtaining file:///common/ketrong/tpotexp/tpot2/tpot2

[notice] A new release of pip is available: 24.2 -> 24.3.1
[notice] To update, run: pip3.12 install --upgrade pip
ERROR: file:///common/ketrong/tpotexp/tpot2/tpot2 does not appear to be a Python project: neither 'setup.py' nor 'pyproject.toml' found.
Defaulting to user installation because normal site-packages is not writeable
Collecting skrebate>=0.3.4 (from -r /common/ketrong/tpotexp/tpot2/ImputerExperiments/requirements_.txt (line 1))
  Using cached skrebate-0.62.tar.gz (19 kB)
  Installing build dependencies: started
  Installing build dependencies: finished with status 'done'
  Getting requirements to build wheel: started
  Getting requirements to build wheel: finished with status 'done'
  Preparing metadata (pyproject.toml): started
  Preparing metadata (pyproject.toml): finished with status 'done'
Collecting scikit-mdr>=0.4.4 (from -r /common/ketrong/tpotexp/tpot2/ImputerExperiments/requirements_.txt (line 2))
  Using cached scikit_MDR-0.4.5-py3-none-any.whl.metadata (1.3 kB)
Collecting torch (from -r /common/ketrong/tpotexp/tpot2/ImputerExperiments/requirements_.txt (line 3))
  Using cached torch-2.5.1-cp312-cp312-manylinux1_x86_64.whl.metadata (28 kB)
Collecting torchvision (from -r /common/ketrong/tpotexp/tpot2/ImputerExperiments/requirements_.txt (line 4))
  Using cached torchvision-0.20.1-cp312-cp312-manylinux1_x86_64.whl.metadata (6.1 kB)
Collecting torchaudio (from -r /common/ketrong/tpotexp/tpot2/ImputerExperiments/requirements_.txt (line 5))
  Using cached torchaudio-2.5.1-cp312-cp312-manylinux1_x86_64.whl.metadata (6.4 kB)
Collecting openml (from -r /common/ketrong/tpotexp/tpot2/ImputerExperiments/requirements_.txt (line 6))
  Using cached openml-0.15.0-py3-none-any.whl.metadata (9.9 kB)
Collecting dill (from -r /common/ketrong/tpotexp/tpot2/ImputerExperiments/requirements_.txt (line 7))
  Using cached dill-0.3.9-py3-none-any.whl.metadata (10 kB)
Collecting numpy (from skrebate>=0.3.4->-r /common/ketrong/tpotexp/tpot2/ImputerExperiments/requirements_.txt (line 1))
  Using cached numpy-2.1.3-cp312-cp312-manylinux_2_17_x86_64.manylinux2014_x86_64.whl.metadata (62 kB)
Collecting scipy (from skrebate>=0.3.4->-r /common/ketrong/tpotexp/tpot2/ImputerExperiments/requirements_.txt (line 1))
  Using cached scipy-1.14.1-cp312-cp312-manylinux_2_17_x86_64.manylinux2014_x86_64.whl.metadata (60 kB)
Collecting scikit-learn (from skrebate>=0.3.4->-r /common/ketrong/tpotexp/tpot2/ImputerExperiments/requirements_.txt (line 1))
  Using cached scikit_learn-1.5.2-cp312-cp312-manylinux_2_17_x86_64.manylinux2014_x86_64.whl.metadata (13 kB)
Collecting matplotlib (from scikit-mdr>=0.4.4->-r /common/ketrong/tpotexp/tpot2/ImputerExperiments/requirements_.txt (line 2))
  Using cached matplotlib-3.9.2-cp312-cp312-manylinux_2_17_x86_64.manylinux2014_x86_64.whl.metadata (11 kB)
Collecting filelock (from torch->-r /common/ketrong/tpotexp/tpot2/ImputerExperiments/requirements_.txt (line 3))
  Using cached filelock-3.16.1-py3-none-any.whl.metadata (2.9 kB)
Collecting typing-extensions>=4.8.0 (from torch->-r /common/ketrong/tpotexp/tpot2/ImputerExperiments/requirements_.txt (line 3))
  Using cached typing_extensions-4.12.2-py3-none-any.whl.metadata (3.0 kB)
Collecting networkx (from torch->-r /common/ketrong/tpotexp/tpot2/ImputerExperiments/requirements_.txt (line 3))
  Using cached networkx-3.4.2-py3-none-any.whl.metadata (6.3 kB)
Collecting jinja2 (from torch->-r /common/ketrong/tpotexp/tpot2/ImputerExperiments/requirements_.txt (line 3))
  Using cached jinja2-3.1.4-py3-none-any.whl.metadata (2.6 kB)
Collecting fsspec (from torch->-r /common/ketrong/tpotexp/tpot2/ImputerExperiments/requirements_.txt (line 3))
  Using cached fsspec-2024.10.0-py3-none-any.whl.metadata (11 kB)
Collecting nvidia-cuda-nvrtc-cu12==12.4.127 (from torch->-r /common/ketrong/tpotexp/tpot2/ImputerExperiments/requirements_.txt (line 3))
  Using cached nvidia_cuda_nvrtc_cu12-12.4.127-py3-none-manylinux2014_x86_64.whl.metadata (1.5 kB)
Collecting nvidia-cuda-runtime-cu12==12.4.127 (from torch->-r /common/ketrong/tpotexp/tpot2/ImputerExperiments/requirements_.txt (line 3))
  Using cached nvidia_cuda_runtime_cu12-12.4.127-py3-none-manylinux2014_x86_64.whl.metadata (1.5 kB)
Collecting nvidia-cuda-cupti-cu12==12.4.127 (from torch->-r /common/ketrong/tpotexp/tpot2/ImputerExperiments/requirements_.txt (line 3))
  Using cached nvidia_cuda_cupti_cu12-12.4.127-py3-none-manylinux2014_x86_64.whl.metadata (1.6 kB)
Collecting nvidia-cudnn-cu12==9.1.0.70 (from torch->-r /common/ketrong/tpotexp/tpot2/ImputerExperiments/requirements_.txt (line 3))
  Using cached nvidia_cudnn_cu12-9.1.0.70-py3-none-manylinux2014_x86_64.whl.metadata (1.6 kB)
Collecting nvidia-cublas-cu12==12.4.5.8 (from torch->-r /common/ketrong/tpotexp/tpot2/ImputerExperiments/requirements_.txt (line 3))
  Using cached nvidia_cublas_cu12-12.4.5.8-py3-none-manylinux2014_x86_64.whl.metadata (1.5 kB)
Collecting nvidia-cufft-cu12==11.2.1.3 (from torch->-r /common/ketrong/tpotexp/tpot2/ImputerExperiments/requirements_.txt (line 3))
  Using cached nvidia_cufft_cu12-11.2.1.3-py3-none-manylinux2014_x86_64.whl.metadata (1.5 kB)
Collecting nvidia-curand-cu12==10.3.5.147 (from torch->-r /common/ketrong/tpotexp/tpot2/ImputerExperiments/requirements_.txt (line 3))
  Using cached nvidia_curand_cu12-10.3.5.147-py3-none-manylinux2014_x86_64.whl.metadata (1.5 kB)
Collecting nvidia-cusolver-cu12==11.6.1.9 (from torch->-r /common/ketrong/tpotexp/tpot2/ImputerExperiments/requirements_.txt (line 3))
  Using cached nvidia_cusolver_cu12-11.6.1.9-py3-none-manylinux2014_x86_64.whl.metadata (1.6 kB)
Collecting nvidia-cusparse-cu12==12.3.1.170 (from torch->-r /common/ketrong/tpotexp/tpot2/ImputerExperiments/requirements_.txt (line 3))
  Using cached nvidia_cusparse_cu12-12.3.1.170-py3-none-manylinux2014_x86_64.whl.metadata (1.6 kB)
Collecting nvidia-nccl-cu12==2.21.5 (from torch->-r /common/ketrong/tpotexp/tpot2/ImputerExperiments/requirements_.txt (line 3))
  Using cached nvidia_nccl_cu12-2.21.5-py3-none-manylinux2014_x86_64.whl.metadata (1.8 kB)
Collecting nvidia-nvtx-cu12==12.4.127 (from torch->-r /common/ketrong/tpotexp/tpot2/ImputerExperiments/requirements_.txt (line 3))
  Using cached nvidia_nvtx_cu12-12.4.127-py3-none-manylinux2014_x86_64.whl.metadata (1.7 kB)
Collecting nvidia-nvjitlink-cu12==12.4.127 (from torch->-r /common/ketrong/tpotexp/tpot2/ImputerExperiments/requirements_.txt (line 3))
  Using cached nvidia_nvjitlink_cu12-12.4.127-py3-none-manylinux2014_x86_64.whl.metadata (1.5 kB)
Collecting triton==3.1.0 (from torch->-r /common/ketrong/tpotexp/tpot2/ImputerExperiments/requirements_.txt (line 3))
  Using cached triton-3.1.0-cp312-cp312-manylinux_2_17_x86_64.manylinux2014_x86_64.whl.metadata (1.3 kB)
Collecting setuptools (from torch->-r /common/ketrong/tpotexp/tpot2/ImputerExperiments/requirements_.txt (line 3))
  Using cached setuptools-75.6.0-py3-none-any.whl.metadata (6.7 kB)
Collecting sympy==1.13.1 (from torch->-r /common/ketrong/tpotexp/tpot2/ImputerExperiments/requirements_.txt (line 3))
  Using cached sympy-1.13.1-py3-none-any.whl.metadata (12 kB)
Collecting mpmath<1.4,>=1.1.0 (from sympy==1.13.1->torch->-r /common/ketrong/tpotexp/tpot2/ImputerExperiments/requirements_.txt (line 3))
  Using cached mpmath-1.3.0-py3-none-any.whl.metadata (8.6 kB)
Collecting pillow!=8.3.*,>=5.3.0 (from torchvision->-r /common/ketrong/tpotexp/tpot2/ImputerExperiments/requirements_.txt (line 4))
  Using cached pillow-11.0.0-cp312-cp312-manylinux_2_17_x86_64.manylinux2014_x86_64.whl.metadata (9.1 kB)
Collecting liac-arff>=2.4.0 (from openml->-r /common/ketrong/tpotexp/tpot2/ImputerExperiments/requirements_.txt (line 6))
  Using cached liac-arff-2.5.0.tar.gz (13 kB)
  Installing build dependencies: started
  Installing build dependencies: finished with status 'done'
  Getting requirements to build wheel: started
  Getting requirements to build wheel: finished with status 'done'
  Preparing metadata (pyproject.toml): started
  Preparing metadata (pyproject.toml): finished with status 'done'
Collecting xmltodict (from openml->-r /common/ketrong/tpotexp/tpot2/ImputerExperiments/requirements_.txt (line 6))
  Using cached xmltodict-0.14.2-py2.py3-none-any.whl.metadata (8.0 kB)
Collecting requests (from openml->-r /common/ketrong/tpotexp/tpot2/ImputerExperiments/requirements_.txt (line 6))
  Using cached requests-2.32.3-py3-none-any.whl.metadata (4.6 kB)
Collecting python-dateutil (from openml->-r /common/ketrong/tpotexp/tpot2/ImputerExperiments/requirements_.txt (line 6))
  Using cached python_dateutil-2.9.0.post0-py2.py3-none-any.whl.metadata (8.4 kB)
Collecting pandas>=1.0.0 (from openml->-r /common/ketrong/tpotexp/tpot2/ImputerExperiments/requirements_.txt (line 6))
  Using cached pandas-2.2.3-cp312-cp312-manylinux_2_17_x86_64.manylinux2014_x86_64.whl.metadata (89 kB)
Collecting minio (from openml->-r /common/ketrong/tpotexp/tpot2/ImputerExperiments/requirements_.txt (line 6))
  Using cached minio-7.2.11-py3-none-any.whl.metadata (6.5 kB)
Collecting pyarrow (from openml->-r /common/ketrong/tpotexp/tpot2/ImputerExperiments/requirements_.txt (line 6))
  Using cached pyarrow-18.0.0-cp312-cp312-manylinux_2_17_x86_64.manylinux2014_x86_64.whl.metadata (3.3 kB)
Collecting tqdm (from openml->-r /common/ketrong/tpotexp/tpot2/ImputerExperiments/requirements_.txt (line 6))
  Using cached tqdm-4.67.0-py3-none-any.whl.metadata (57 kB)
Collecting packaging (from openml->-r /common/ketrong/tpotexp/tpot2/ImputerExperiments/requirements_.txt (line 6))
  Using cached packaging-24.2-py3-none-any.whl.metadata (3.2 kB)
Collecting pytz>=2020.1 (from pandas>=1.0.0->openml->-r /common/ketrong/tpotexp/tpot2/ImputerExperiments/requirements_.txt (line 6))
  Using cached pytz-2024.2-py2.py3-none-any.whl.metadata (22 kB)
Collecting tzdata>=2022.7 (from pandas>=1.0.0->openml->-r /common/ketrong/tpotexp/tpot2/ImputerExperiments/requirements_.txt (line 6))
  Using cached tzdata-2024.2-py2.py3-none-any.whl.metadata (1.4 kB)
Collecting six>=1.5 (from python-dateutil->openml->-r /common/ketrong/tpotexp/tpot2/ImputerExperiments/requirements_.txt (line 6))
  Using cached six-1.16.0-py2.py3-none-any.whl.metadata (1.8 kB)
Collecting joblib>=1.2.0 (from scikit-learn->skrebate>=0.3.4->-r /common/ketrong/tpotexp/tpot2/ImputerExperiments/requirements_.txt (line 1))
  Using cached joblib-1.4.2-py3-none-any.whl.metadata (5.4 kB)
Collecting threadpoolctl>=3.1.0 (from scikit-learn->skrebate>=0.3.4->-r /common/ketrong/tpotexp/tpot2/ImputerExperiments/requirements_.txt (line 1))
  Using cached threadpoolctl-3.5.0-py3-none-any.whl.metadata (13 kB)
Collecting MarkupSafe>=2.0 (from jinja2->torch->-r /common/ketrong/tpotexp/tpot2/ImputerExperiments/requirements_.txt (line 3))
  Using cached MarkupSafe-3.0.2-cp312-cp312-manylinux_2_17_x86_64.manylinux2014_x86_64.whl.metadata (4.0 kB)
Collecting contourpy>=1.0.1 (from matplotlib->scikit-mdr>=0.4.4->-r /common/ketrong/tpotexp/tpot2/ImputerExperiments/requirements_.txt (line 2))
  Using cached contourpy-1.3.1-cp312-cp312-manylinux_2_17_x86_64.manylinux2014_x86_64.whl.metadata (5.4 kB)
Collecting cycler>=0.10 (from matplotlib->scikit-mdr>=0.4.4->-r /common/ketrong/tpotexp/tpot2/ImputerExperiments/requirements_.txt (line 2))
  Using cached cycler-0.12.1-py3-none-any.whl.metadata (3.8 kB)
Collecting fonttools>=4.22.0 (from matplotlib->scikit-mdr>=0.4.4->-r /common/ketrong/tpotexp/tpot2/ImputerExperiments/requirements_.txt (line 2))
  Using cached fonttools-4.55.0-cp312-cp312-manylinux_2_5_x86_64.manylinux1_x86_64.manylinux_2_17_x86_64.manylinux2014_x86_64.whl.metadata (164 kB)
Collecting kiwisolver>=1.3.1 (from matplotlib->scikit-mdr>=0.4.4->-r /common/ketrong/tpotexp/tpot2/ImputerExperiments/requirements_.txt (line 2))
  Using cached kiwisolver-1.4.7-cp312-cp312-manylinux_2_17_x86_64.manylinux2014_x86_64.whl.metadata (6.3 kB)
Collecting pyparsing>=2.3.1 (from matplotlib->scikit-mdr>=0.4.4->-r /common/ketrong/tpotexp/tpot2/ImputerExperiments/requirements_.txt (line 2))
  Using cached pyparsing-3.2.0-py3-none-any.whl.metadata (5.0 kB)
Collecting certifi (from minio->openml->-r /common/ketrong/tpotexp/tpot2/ImputerExperiments/requirements_.txt (line 6))
  Using cached certifi-2024.8.30-py3-none-any.whl.metadata (2.2 kB)
Collecting urllib3 (from minio->openml->-r /common/ketrong/tpotexp/tpot2/ImputerExperiments/requirements_.txt (line 6))
  Using cached urllib3-2.2.3-py3-none-any.whl.metadata (6.5 kB)
Collecting argon2-cffi (from minio->openml->-r /common/ketrong/tpotexp/tpot2/ImputerExperiments/requirements_.txt (line 6))
  Using cached argon2_cffi-23.1.0-py3-none-any.whl.metadata (5.2 kB)
Collecting pycryptodome (from minio->openml->-r /common/ketrong/tpotexp/tpot2/ImputerExperiments/requirements_.txt (line 6))
  Using cached pycryptodome-3.21.0-cp36-abi3-manylinux_2_17_x86_64.manylinux2014_x86_64.whl.metadata (3.4 kB)
Collecting charset-normalizer<4,>=2 (from requests->openml->-r /common/ketrong/tpotexp/tpot2/ImputerExperiments/requirements_.txt (line 6))
  Using cached charset_normalizer-3.4.0-cp312-cp312-manylinux_2_17_x86_64.manylinux2014_x86_64.whl.metadata (34 kB)
Collecting idna<4,>=2.5 (from requests->openml->-r /common/ketrong/tpotexp/tpot2/ImputerExperiments/requirements_.txt (line 6))
  Using cached idna-3.10-py3-none-any.whl.metadata (10 kB)
Collecting argon2-cffi-bindings (from argon2-cffi->minio->openml->-r /common/ketrong/tpotexp/tpot2/ImputerExperiments/requirements_.txt (line 6))
  Using cached argon2_cffi_bindings-21.2.0-cp36-abi3-manylinux_2_17_x86_64.manylinux2014_x86_64.whl.metadata (6.7 kB)
Collecting cffi>=1.0.1 (from argon2-cffi-bindings->argon2-cffi->minio->openml->-r /common/ketrong/tpotexp/tpot2/ImputerExperiments/requirements_.txt (line 6))
  Using cached cffi-1.17.1-cp312-cp312-manylinux_2_17_x86_64.manylinux2014_x86_64.whl.metadata (1.5 kB)
Collecting pycparser (from cffi>=1.0.1->argon2-cffi-bindings->argon2-cffi->minio->openml->-r /common/ketrong/tpotexp/tpot2/ImputerExperiments/requirements_.txt (line 6))
  Using cached pycparser-2.22-py3-none-any.whl.metadata (943 bytes)
Using cached scikit_MDR-0.4.5-py3-none-any.whl (15 kB)
Downloading torch-2.5.1-cp312-cp312-manylinux1_x86_64.whl (906.4 MB)
   ━━━━━━━━━━━━━━━━━━━━━━━━━━━━━━━━━━━━━━━━ 906.4/906.4 MB 13.7 MB/s eta 0:00:00
Using cached nvidia_cublas_cu12-12.4.5.8-py3-none-manylinux2014_x86_64.whl (363.4 MB)
Using cached nvidia_cuda_cupti_cu12-12.4.127-py3-none-manylinux2014_x86_64.whl (13.8 MB)
Using cached nvidia_cuda_nvrtc_cu12-12.4.127-py3-none-manylinux2014_x86_64.whl (24.6 MB)
Using cached nvidia_cuda_runtime_cu12-12.4.127-py3-none-manylinux2014_x86_64.whl (883 kB)
Using cached nvidia_cudnn_cu12-9.1.0.70-py3-none-manylinux2014_x86_64.whl (664.8 MB)
Using cached nvidia_cufft_cu12-11.2.1.3-py3-none-manylinux2014_x86_64.whl (211.5 MB)
Using cached nvidia_curand_cu12-10.3.5.147-py3-none-manylinux2014_x86_64.whl (56.3 MB)
Using cached nvidia_cusolver_cu12-11.6.1.9-py3-none-manylinux2014_x86_64.whl (127.9 MB)
Using cached nvidia_cusparse_cu12-12.3.1.170-py3-none-manylinux2014_x86_64.whl (207.5 MB)
Using cached nvidia_nccl_cu12-2.21.5-py3-none-manylinux2014_x86_64.whl (188.7 MB)
Using cached nvidia_nvjitlink_cu12-12.4.127-py3-none-manylinux2014_x86_64.whl (21.1 MB)
Using cached nvidia_nvtx_cu12-12.4.127-py3-none-manylinux2014_x86_64.whl (99 kB)
Using cached sympy-1.13.1-py3-none-any.whl (6.2 MB)
Using cached triton-3.1.0-cp312-cp312-manylinux_2_17_x86_64.manylinux2014_x86_64.whl (209.6 MB)
Using cached torchvision-0.20.1-cp312-cp312-manylinux1_x86_64.whl (7.2 MB)
Using cached torchaudio-2.5.1-cp312-cp312-manylinux1_x86_64.whl (3.4 MB)
Using cached openml-0.15.0-py3-none-any.whl (157 kB)
Using cached dill-0.3.9-py3-none-any.whl (119 kB)
Using cached numpy-2.1.3-cp312-cp312-manylinux_2_17_x86_64.manylinux2014_x86_64.whl (16.0 MB)
Using cached pandas-2.2.3-cp312-cp312-manylinux_2_17_x86_64.manylinux2014_x86_64.whl (12.7 MB)
Using cached pillow-11.0.0-cp312-cp312-manylinux_2_17_x86_64.manylinux2014_x86_64.whl (4.3 MB)
Using cached python_dateutil-2.9.0.post0-py2.py3-none-any.whl (229 kB)
Using cached scikit_learn-1.5.2-cp312-cp312-manylinux_2_17_x86_64.manylinux2014_x86_64.whl (12.9 MB)
Using cached scipy-1.14.1-cp312-cp312-manylinux_2_17_x86_64.manylinux2014_x86_64.whl (40.8 MB)
Using cached typing_extensions-4.12.2-py3-none-any.whl (37 kB)
Using cached filelock-3.16.1-py3-none-any.whl (16 kB)
Using cached fsspec-2024.10.0-py3-none-any.whl (179 kB)
Using cached jinja2-3.1.4-py3-none-any.whl (133 kB)
Using cached matplotlib-3.9.2-cp312-cp312-manylinux_2_17_x86_64.manylinux2014_x86_64.whl (8.3 MB)
Using cached packaging-24.2-py3-none-any.whl (65 kB)
Using cached minio-7.2.11-py3-none-any.whl (94 kB)
Using cached networkx-3.4.2-py3-none-any.whl (1.7 MB)
Using cached pyarrow-18.0.0-cp312-cp312-manylinux_2_17_x86_64.manylinux2014_x86_64.whl (40.1 MB)
Using cached requests-2.32.3-py3-none-any.whl (64 kB)
Using cached setuptools-75.6.0-py3-none-any.whl (1.2 MB)
Using cached tqdm-4.67.0-py3-none-any.whl (78 kB)
Using cached xmltodict-0.14.2-py2.py3-none-any.whl (10.0 kB)
Using cached certifi-2024.8.30-py3-none-any.whl (167 kB)
Using cached charset_normalizer-3.4.0-cp312-cp312-manylinux_2_17_x86_64.manylinux2014_x86_64.whl (143 kB)
Downloading contourpy-1.3.1-cp312-cp312-manylinux_2_17_x86_64.manylinux2014_x86_64.whl (323 kB)
Downloading cycler-0.12.1-py3-none-any.whl (8.3 kB)
Downloading fonttools-4.55.0-cp312-cp312-manylinux_2_5_x86_64.manylinux1_x86_64.manylinux_2_17_x86_64.manylinux2014_x86_64.whl (4.9 MB)
   ━━━━━━━━━━━━━━━━━━━━━━━━━━━━━━━━━━━━━━━━ 4.9/4.9 MB 11.0 MB/s eta 0:00:00
Using cached idna-3.10-py3-none-any.whl (70 kB)
Using cached joblib-1.4.2-py3-none-any.whl (301 kB)
Using cached kiwisolver-1.4.7-cp312-cp312-manylinux_2_17_x86_64.manylinux2014_x86_64.whl (1.5 MB)
Using cached MarkupSafe-3.0.2-cp312-cp312-manylinux_2_17_x86_64.manylinux2014_x86_64.whl (23 kB)
Using cached mpmath-1.3.0-py3-none-any.whl (536 kB)
Downloading pyparsing-3.2.0-py3-none-any.whl (106 kB)
Downloading pytz-2024.2-py2.py3-none-any.whl (508 kB)
Using cached six-1.16.0-py2.py3-none-any.whl (11 kB)
Downloading threadpoolctl-3.5.0-py3-none-any.whl (18 kB)
Downloading tzdata-2024.2-py2.py3-none-any.whl (346 kB)
Using cached urllib3-2.2.3-py3-none-any.whl (126 kB)
Downloading argon2_cffi-23.1.0-py3-none-any.whl (15 kB)
Downloading pycryptodome-3.21.0-cp36-abi3-manylinux_2_17_x86_64.manylinux2014_x86_64.whl (2.3 MB)
   ━━━━━━━━━━━━━━━━━━━━━━━━━━━━━━━━━━━━━━━━ 2.3/2.3 MB 10.2 MB/s eta 0:00:00
Using cached argon2_cffi_bindings-21.2.0-cp36-abi3-manylinux_2_17_x86_64.manylinux2014_x86_64.whl (86 kB)
Using cached cffi-1.17.1-cp312-cp312-manylinux_2_17_x86_64.manylinux2014_x86_64.whl (479 kB)

[notice] A new release of pip is available: 24.2 -> 24.3.1
[notice] To update, run: pip3.12 install --upgrade pip
ERROR: Exception:
Traceback (most recent call last):
  File "/hpc/apps/python3/3.12.7/lib/python3.12/site-packages/pip/_vendor/urllib3/response.py", line 438, in _error_catcher
    yield
  File "/hpc/apps/python3/3.12.7/lib/python3.12/site-packages/pip/_vendor/urllib3/response.py", line 561, in read
    data = self._fp_read(amt) if not fp_closed else b""
           ^^^^^^^^^^^^^^^^^^
  File "/hpc/apps/python3/3.12.7/lib/python3.12/site-packages/pip/_vendor/urllib3/response.py", line 527, in _fp_read
    return self._fp.read(amt) if amt is not None else self._fp.read()
           ^^^^^^^^^^^^^^^^^^
OSError: [Errno 116] Stale file handle

During handling of the above exception, another exception occurred:

Traceback (most recent call last):
  File "/hpc/apps/python3/3.12.7/lib/python3.12/site-packages/pip/_internal/cli/base_command.py", line 105, in _run_wrapper
    status = _inner_run()
             ^^^^^^^^^^^^
  File "/hpc/apps/python3/3.12.7/lib/python3.12/site-packages/pip/_internal/cli/base_command.py", line 96, in _inner_run
    return self.run(options, args)
           ^^^^^^^^^^^^^^^^^^^^^^^
  File "/hpc/apps/python3/3.12.7/lib/python3.12/site-packages/pip/_internal/cli/req_command.py", line 67, in wrapper
    return func(self, options, args)
           ^^^^^^^^^^^^^^^^^^^^^^^^^
  File "/hpc/apps/python3/3.12.7/lib/python3.12/site-packages/pip/_internal/commands/install.py", line 379, in run
    requirement_set = resolver.resolve(
                      ^^^^^^^^^^^^^^^^^
  File "/hpc/apps/python3/3.12.7/lib/python3.12/site-packages/pip/_internal/resolution/resolvelib/resolver.py", line 179, in resolve
    self.factory.preparer.prepare_linked_requirements_more(reqs)
  File "/hpc/apps/python3/3.12.7/lib/python3.12/site-packages/pip/_internal/operations/prepare.py", line 554, in prepare_linked_requirements_more
    self._complete_partial_requirements(
  File "/hpc/apps/python3/3.12.7/lib/python3.12/site-packages/pip/_internal/operations/prepare.py", line 469, in _complete_partial_requirements
    for link, (filepath, _) in batch_download:
                               ^^^^^^^^^^^^^^
  File "/hpc/apps/python3/3.12.7/lib/python3.12/site-packages/pip/_internal/network/download.py", line 184, in __call__
    for chunk in chunks:
                 ^^^^^^
  File "/hpc/apps/python3/3.12.7/lib/python3.12/site-packages/pip/_internal/network/utils.py", line 65, in response_chunks
    for chunk in response.raw.stream(
                 ^^^^^^^^^^^^^^^^^^^^
  File "/hpc/apps/python3/3.12.7/lib/python3.12/site-packages/pip/_vendor/urllib3/response.py", line 622, in stream
    data = self.read(amt=amt, decode_content=decode_content)
           ^^^^^^^^^^^^^^^^^^^^^^^^^^^^^^^^^^^^^^^^^^^^^^^^^
  File "/hpc/apps/python3/3.12.7/lib/python3.12/site-packages/pip/_vendor/urllib3/response.py", line 560, in read
    with self._error_catcher():
         ^^^^^^^^^^^^^^^^^^^^^
  File "/hpc/apps/python3/3.12.7/lib/python3.12/contextlib.py", line 158, in __exit__
    self.gen.throw(value)
  File "/hpc/apps/python3/3.12.7/lib/python3.12/site-packages/pip/_vendor/urllib3/response.py", line 455, in _error_catcher
    raise ProtocolError("Connection broken: %r" % e, e)
pip._vendor.urllib3.exceptions.ProtocolError: ("Connection broken: OSError(116, 'Stale file handle')", OSError(116, 'Stale file handle'))
RunStart
python3: can't open file '/common/ketrong/tpotexp/tpot2/ImputerExperiments/mainog.py': [Errno 2] No such file or directory
