Run: 1
/cm/local/apps/slurm/var/spool/job993770/slurm_script: line 27: 
pip install -e tpot2
pip install -r tpot2/ImputerExperiments/requirements_.txt
: No such file or directory
RunStart
Version 0.1.7a0 of tpot2 is outdated. Version 0.1.8a0 was released Tuesday September 17, 2024.
Traceback (most recent call last):
  File "/common/ketrong/tpotexp/tpot2/ImputerExperiments/Locally_run_code/viewreg.py", line 286, in <module>
    print(taskid+' '+num_run+' passed: '+exp+item+lvl+iter)
TypeError: can only concatenate str (not "int") to str

During handling of the above exception, another exception occurred:

Traceback (most recent call last):
  File "/common/ketrong/tpotexp/tpot2/ImputerExperiments/Locally_run_code/viewreg.py", line 289, in <module>
    print(taskid+' '+num_run+' failed: '+exp+item+lvl+iter)
TypeError: can only concatenate str (not "int") to str
srun: error: esplhpc-cp005: task 0: Exited with exit code 1
