Run: 7
/cm/local/apps/slurm/var/spool/job962352/slurm_script: line 26: 
pip install -e tpot2
pip install -r tpot2/ImputerExperiments/requirements_.txt
: No such file or directory
RunStart
Version 0.1.7a0 of tpot2 is outdated. Version 0.1.8a0 was released 3 days ago.
starting loops
../data/r/197/197.pkl
working on 
../data/r/197/reg_full_MAR_0.3_1
4.982730865478516
running experiment 1/3 - Does large hyperparameter space improve reconstruction accuracy over simple
[I 2024-09-20 19:39:53,568] A new study created in memory with name: no-name-dbd7c211-b2d0-4c88-ab76-43e09e4221bd
running
running
running
running
running
running
running
running
running
running
running
running
running
running
running
running
[I 2024-09-20 19:39:53,862] Trial 8 finished with value: 0.22123154588594035 and parameters: {'model_name': 'SimpleImputer', 'strategy': 'constant'}. Best is trial 8 with value: 0.22123154588594035.
running
[I 2024-09-20 19:39:54,122] Trial 5 finished with value: 0.08635857687746688 and parameters: {'model_name': 'SimpleImputer', 'strategy': 'mean'}. Best is trial 5 with value: 0.08635857687746688.
running
slurmstepd: error: *** JOB 962352 ON esplhpc-cp041 CANCELLED AT 2024-09-23T18:29:01 ***
slurmstepd: error: *** STEP 962352.0 ON esplhpc-cp041 CANCELLED AT 2024-09-23T18:29:01 ***
srun: error: esplhpc-cp041: task 0: Terminated
