Run: 28
/cm/local/apps/slurm/var/spool/job986742/slurm_script: line 26: 
pip install -e tpot2
pip install -r tpot2/ImputerExperiments/requirements_.txt
: No such file or directory
RunStart
Version 0.1.7a0 of tpot2 is outdated. Version 0.1.8a0 was released Tuesday September 17, 2024.
starting loops
../data/r/42183/42183.pkl
working on 
../data/r/42183/reg_full_MCAR_0.5_2
0.9629232883453369
running experiment 1/3 - Does large hyperparameter space improve reconstruction accuracy over simple
[I 2024-10-03 08:34:28,727] A new study created in memory with name: no-name-897e7d4e-a075-41c9-95ca-3574d5145449
running
running
running
running
running
running
running
running
running
running
running
running
running
running
running
running
[I 2024-10-03 08:34:29,119] Trial 1 finished with value: 0.2959299362981304 and parameters: {'model_name': 'SimpleImputer', 'strategy': 'mean'}. Best is trial 1 with value: 0.2959299362981304.
running
[I 2024-10-03 08:34:29,322] Trial 2 finished with value: 0.44858118049003703 and parameters: {'model_name': 'SimpleImputer', 'strategy': 'median'}. Best is trial 1 with value: 0.2959299362981304.
running
[I 2024-10-03 08:34:29,471] Trial 12 finished with value: 0.4795161095451571 and parameters: {'model_name': 'SimpleImputer', 'strategy': 'constant'}. Best is trial 1 with value: 0.2959299362981304.
running
[I 2024-10-03 08:34:35,170] Trial 17 finished with value: 0.29352359424452035 and parameters: {'model_name': 'IterativeImputer', 'estimator': 'Ridge', 'initial_strategy': 'constant', 'n_nearest_features': 14, 'imputation_order': 'random'}. Best is trial 17 with value: 0.29352359424452035.
running
[I 2024-10-03 08:34:36,484] Trial 4 finished with value: 0.3036124619706964 and parameters: {'model_name': 'KNNImputer', 'n_neighbors': 626, 'weights': 'distance'}. Best is trial 17 with value: 0.29352359424452035.
running
[I 2024-10-03 08:34:36,765] Trial 20 finished with value: 0.4795161095451571 and parameters: {'model_name': 'SimpleImputer', 'strategy': 'constant'}. Best is trial 17 with value: 0.29352359424452035.
running
[I 2024-10-03 08:34:36,941] Trial 15 finished with value: 0.2959299362981304 and parameters: {'model_name': 'KNNImputer', 'n_neighbors': 8000, 'weights': 'uniform'}. Best is trial 17 with value: 0.29352359424452035.
running
[I 2024-10-03 08:34:40,102] Trial 16 finished with value: 0.2832186159964044 and parameters: {'model_name': 'VAE', 'batch_size': 203, 'iterations': 1, 'learning_rate': 0.00022501484766150536, 'p_miss': 0.17527406026987502}. Best is trial 16 with value: 0.2832186159964044.
running
[I 2024-10-03 08:34:40,431] Trial 13 finished with value: 0.29609311208159567 and parameters: {'model_name': 'KNNImputer', 'n_neighbors': 5576, 'weights': 'uniform'}. Best is trial 16 with value: 0.2832186159964044.
running
[I 2024-10-03 08:34:41,145] Trial 24 finished with value: 0.4795161095451571 and parameters: {'model_name': 'SimpleImputer', 'strategy': 'most_frequent'}. Best is trial 16 with value: 0.2832186159964044.
running
[I 2024-10-03 08:34:41,633] Trial 18 finished with value: 0.28270248680124455 and parameters: {'model_name': 'VAE', 'batch_size': 20, 'iterations': 2, 'learning_rate': 0.0005212655384165121, 'p_miss': 0.0753018531675679}. Best is trial 18 with value: 0.28270248680124455.
running
[I 2024-10-03 08:34:42,057] Trial 3 finished with value: 0.2831871357265608 and parameters: {'model_name': 'VAE', 'batch_size': 70, 'iterations': 2, 'learning_rate': 0.0015355380008615948, 'p_miss': 0.23770063828162602}. Best is trial 18 with value: 0.28270248680124455.
running
[I 2024-10-03 08:34:42,668] Trial 5 finished with value: 0.2797418975406142 and parameters: {'model_name': 'VAE', 'batch_size': 3, 'iterations': 5, 'learning_rate': 0.005610921692655779, 'p_miss': 0.16801695890074847}. Best is trial 5 with value: 0.2797418975406142.
running
[I 2024-10-03 08:34:43,959] Trial 26 finished with value: 0.28156961347772236 and parameters: {'model_name': 'VAE', 'batch_size': 61, 'iterations': 1, 'learning_rate': 0.0002902302005979027, 'p_miss': 0.13309053662013656}. Best is trial 5 with value: 0.2797418975406142.
running
[I 2024-10-03 08:34:45,329] Trial 27 finished with value: 0.28258384341178305 and parameters: {'model_name': 'VAE', 'batch_size': 14, 'iterations': 2, 'learning_rate': 0.001648543060410337, 'p_miss': 0.029603176379331214}. Best is trial 5 with value: 0.2797418975406142.
running
[I 2024-10-03 08:34:45,640] Trial 25 finished with value: 0.28508766926461615 and parameters: {'model_name': 'VAE', 'batch_size': 302, 'iterations': 1, 'learning_rate': 0.00017092501545092767, 'p_miss': 0.17880932836294822}. Best is trial 5 with value: 0.2797418975406142.
running
[I 2024-10-03 08:34:46,565] Trial 28 finished with value: inf and parameters: {'model_name': 'GAIN', 'batch_size': 1, 'hint_rate': 0.805182406138655, 'alpha': 31, 'iterations': 32, 'learning_rate': 0.013039017665667235, 'p_miss': 0.02163888763357727}. Best is trial 5 with value: 0.2797418975406142.
running
[I 2024-10-03 08:34:50,561] Trial 19 finished with value: 0.30360391381126256 and parameters: {'model_name': 'KNNImputer', 'n_neighbors': 4000, 'weights': 'distance'}. Best is trial 5 with value: 0.2797418975406142.
running
[I 2024-10-03 08:34:51,482] Trial 21 finished with value: 0.3037022497484016 and parameters: {'model_name': 'KNNImputer', 'n_neighbors': 3065, 'weights': 'distance'}. Best is trial 5 with value: 0.2797418975406142.
running
[I 2024-10-03 08:34:52,251] Trial 31 finished with value: inf and parameters: {'model_name': 'GAIN', 'batch_size': 1, 'hint_rate': 0.8153828781083314, 'alpha': 81, 'iterations': 68, 'learning_rate': 0.025227196565292043, 'p_miss': 0.12002811250507134}. Best is trial 5 with value: 0.2797418975406142.
running
[I 2024-10-03 08:34:53,725] Trial 14 finished with value: 0.2935375600732324 and parameters: {'model_name': 'IterativeImputer', 'estimator': 'Ridge', 'initial_strategy': 'most_frequent', 'n_nearest_features': 11, 'imputation_order': 'descending'}. Best is trial 5 with value: 0.2797418975406142.
running
[I 2024-10-03 08:34:54,183] Trial 11 finished with value: 0.47273737669183225 and parameters: {'model_name': 'GAIN', 'batch_size': 711, 'hint_rate': 0.3250789361264777, 'alpha': 64, 'iterations': 11, 'learning_rate': 0.08848461353424784, 'p_miss': 0.11892175559311488}. Best is trial 5 with value: 0.2797418975406142.
running
[I 2024-10-03 08:34:55,254] Trial 22 finished with value: 0.30347654071207397 and parameters: {'model_name': 'KNNImputer', 'n_neighbors': 5701, 'weights': 'distance'}. Best is trial 5 with value: 0.2797418975406142.
running
[I 2024-10-03 08:34:56,835] Trial 8 finished with value: 0.461827199614676 and parameters: {'model_name': 'GAIN', 'batch_size': 3, 'hint_rate': 0.7673847642250561, 'alpha': 21, 'iterations': 38, 'learning_rate': 0.0022034919142737024, 'p_miss': 0.2616753835844446}. Best is trial 5 with value: 0.2797418975406142.
running
[I 2024-10-03 08:34:57,261] Trial 29 finished with value: inf and parameters: {'model_name': 'GAIN', 'batch_size': 1, 'hint_rate': 0.015251385909179072, 'alpha': 35, 'iterations': 127, 'learning_rate': 0.02807671482454663, 'p_miss': 0.12346437250877133}. Best is trial 5 with value: 0.2797418975406142.
running
[I 2024-10-03 08:34:59,449] Trial 30 finished with value: inf and parameters: {'model_name': 'GAIN', 'batch_size': 1, 'hint_rate': 0.26447644350837524, 'alpha': 19, 'iterations': 147, 'learning_rate': 0.02967033771640577, 'p_miss': 0.13574823970186092}. Best is trial 5 with value: 0.2797418975406142.
running
[I 2024-10-03 08:35:06,148] Trial 36 finished with value: 0.27440608579303066 and parameters: {'model_name': 'VAE', 'batch_size': 11, 'iterations': 12, 'learning_rate': 0.004021581318873998, 'p_miss': 0.11548232721947134}. Best is trial 36 with value: 0.27440608579303066.
running
[I 2024-10-03 08:35:22,407] Trial 35 finished with value: 0.39053255660498404 and parameters: {'model_name': 'IterativeImputer', 'estimator': 'Bayesian', 'initial_strategy': 'mean', 'n_nearest_features': 1, 'imputation_order': 'roman', 'sample_posterior': True}. Best is trial 36 with value: 0.27440608579303066.
running
[I 2024-10-03 08:35:23,440] Trial 34 finished with value: 0.3956915711412142 and parameters: {'model_name': 'IterativeImputer', 'estimator': 'Bayesian', 'initial_strategy': 'median', 'n_nearest_features': 1, 'imputation_order': 'ascending', 'sample_posterior': True}. Best is trial 36 with value: 0.27440608579303066.
running
[I 2024-10-03 08:35:25,870] Trial 6 finished with value: 0.29371551804864166 and parameters: {'model_name': 'IterativeImputer', 'estimator': 'Bayesian', 'initial_strategy': 'constant', 'n_nearest_features': 3, 'imputation_order': 'descending', 'sample_posterior': False}. Best is trial 36 with value: 0.27440608579303066.
running
[I 2024-10-03 08:48:51,314] Trial 32 finished with value: inf and parameters: {'model_name': 'GAIN', 'batch_size': 2, 'hint_rate': 0.04571037008229262, 'alpha': 100, 'iterations': 3707, 'learning_rate': 0.082920778919818, 'p_miss': 0.10912659399068098}. Best is trial 36 with value: 0.27440608579303066.
running
[I 2024-10-03 08:49:11,819] Trial 46 finished with value: 0.28073423679690757 and parameters: {'model_name': 'VAE', 'batch_size': 11, 'iterations': 7, 'learning_rate': 0.006574991504283095, 'p_miss': 0.01911317680427178}. Best is trial 36 with value: 0.27440608579303066.
running
[I 2024-10-03 08:49:34,615] Trial 47 finished with value: 0.27540973575013816 and parameters: {'model_name': 'VAE', 'batch_size': 7, 'iterations': 7, 'learning_rate': 0.00583432663500555, 'p_miss': 0.20694683871543973}. Best is trial 36 with value: 0.27440608579303066.
running
[I 2024-10-03 08:50:06,470] Trial 48 finished with value: 0.27354412529265043 and parameters: {'model_name': 'VAE', 'batch_size': 6, 'iterations': 9, 'learning_rate': 0.006161858831340984, 'p_miss': 0.2122131881719548}. Best is trial 48 with value: 0.27354412529265043.
running
[I 2024-10-03 08:50:36,430] Trial 49 finished with value: 0.2778418198599096 and parameters: {'model_name': 'VAE', 'batch_size': 5, 'iterations': 9, 'learning_rate': 0.004983270324077524, 'p_miss': 0.21218007197514904}. Best is trial 48 with value: 0.27354412529265043.
running
[I 2024-10-03 08:51:27,280] Trial 50 finished with value: 0.27385736303759656 and parameters: {'model_name': 'VAE', 'batch_size': 6, 'iterations': 17, 'learning_rate': 0.00482213376525471, 'p_miss': 0.21379873699691615}. Best is trial 48 with value: 0.27354412529265043.
running
[I 2024-10-03 08:51:51,384] Trial 7 finished with value: 0.2978430116673424 and parameters: {'model_name': 'VAE', 'batch_size': 1, 'iterations': 347, 'learning_rate': 0.0009630520874860076, 'p_miss': 0.21366004139688682}. Best is trial 48 with value: 0.27354412529265043.
running
[I 2024-10-03 08:52:38,526] Trial 51 finished with value: 0.29352276299702085 and parameters: {'model_name': 'VAE', 'batch_size': 7, 'iterations': 22, 'learning_rate': 0.00998540082479286, 'p_miss': 0.2999925230265227}. Best is trial 48 with value: 0.27354412529265043.
running
[I 2024-10-03 08:53:00,559] Trial 52 finished with value: 0.3033083546857296 and parameters: {'model_name': 'VAE', 'batch_size': 7, 'iterations': 20, 'learning_rate': 0.010360120738723458, 'p_miss': 0.29385041717413835}. Best is trial 48 with value: 0.27354412529265043.
running
[I 2024-10-03 08:53:15,930] Trial 53 finished with value: 0.27863081443794546 and parameters: {'model_name': 'VAE', 'batch_size': 36, 'iterations': 12, 'learning_rate': 0.00347795351233063, 'p_miss': 0.20557697493339802}. Best is trial 48 with value: 0.27354412529265043.
running
[I 2024-10-03 08:53:17,259] Trial 54 finished with value: 0.2804645176023516 and parameters: {'model_name': 'VAE', 'batch_size': 32, 'iterations': 4, 'learning_rate': 0.0032393853185998128, 'p_miss': 0.21419444594922174}. Best is trial 48 with value: 0.27354412529265043.
running
[I 2024-10-03 08:53:31,897] Trial 55 finished with value: 0.28178957045193165 and parameters: {'model_name': 'VAE', 'batch_size': 11, 'iterations': 4, 'learning_rate': 0.0032579426037453573, 'p_miss': 0.24444772080195115}. Best is trial 48 with value: 0.27354412529265043.
running
[I 2024-10-03 08:53:48,333] Trial 56 finished with value: 0.2772673630243284 and parameters: {'model_name': 'VAE', 'batch_size': 6, 'iterations': 11, 'learning_rate': 0.005922057263685814, 'p_miss': 0.2423427752923773}. Best is trial 48 with value: 0.27354412529265043.
running
[I 2024-10-03 08:54:10,131] Trial 57 finished with value: 0.27532122913857443 and parameters: {'model_name': 'VAE', 'batch_size': 5, 'iterations': 13, 'learning_rate': 0.005586687889706262, 'p_miss': 0.19815079410238373}. Best is trial 48 with value: 0.27354412529265043.
running
[I 2024-10-03 08:54:44,348] Trial 58 finished with value: 0.2791870191493278 and parameters: {'model_name': 'VAE', 'batch_size': 4, 'iterations': 15, 'learning_rate': 0.006930857654182049, 'p_miss': 0.2405416773943574}. Best is trial 48 with value: 0.27354412529265043.
running
[I 2024-10-03 08:57:19,168] Trial 59 finished with value: 0.30116373477035885 and parameters: {'model_name': 'VAE', 'batch_size': 3, 'iterations': 51, 'learning_rate': 0.017207538861114226, 'p_miss': 0.18936455000119679}. Best is trial 48 with value: 0.27354412529265043.
running
[I 2024-10-03 08:57:21,518] Trial 60 finished with value: 0.3193096471302129 and parameters: {'model_name': 'VAE', 'batch_size': 2, 'iterations': 49, 'learning_rate': 0.01744574036056193, 'p_miss': 0.20190789992295646}. Best is trial 48 with value: 0.27354412529265043.
running
[I 2024-10-03 08:57:35,204] Trial 62 finished with value: 0.2836542939134284 and parameters: {'model_name': 'VAE', 'batch_size': 17, 'iterations': 3, 'learning_rate': 0.001095869705070883, 'p_miss': 0.1526352812235721}. Best is trial 48 with value: 0.27354412529265043.
running
[I 2024-10-03 08:57:36,931] Trial 61 finished with value: 0.28063710673985715 and parameters: {'model_name': 'VAE', 'batch_size': 2, 'iterations': 5, 'learning_rate': 0.002589757815624139, 'p_miss': 0.1541586110085567}. Best is trial 48 with value: 0.27354412529265043.
running
[I 2024-10-03 08:57:37,405] Trial 64 finished with value: 0.2959299362981304 and parameters: {'model_name': 'SimpleImputer', 'strategy': 'mean'}. Best is trial 48 with value: 0.27354412529265043.
running
[I 2024-10-03 08:57:59,419] Trial 63 finished with value: 0.2807964449008817 and parameters: {'model_name': 'VAE', 'batch_size': 9, 'iterations': 6, 'learning_rate': 0.002191512211973579, 'p_miss': 0.22709110052952913}. Best is trial 48 with value: 0.27354412529265043.
running
[I 2024-10-03 08:58:44,514] Trial 65 finished with value: 0.2979450524738452 and parameters: {'model_name': 'VAE', 'batch_size': 9, 'iterations': 22, 'learning_rate': 0.008830255617818849, 'p_miss': 0.26566325620980397}. Best is trial 48 with value: 0.27354412529265043.
running
[I 2024-10-03 08:58:45,345] Trial 39 finished with value: 0.30267382557460165 and parameters: {'model_name': 'VAE', 'batch_size': 10, 'iterations': 445, 'learning_rate': 0.006677845268381268, 'p_miss': 0.04428882528145811}. Best is trial 48 with value: 0.27354412529265043.
running
[I 2024-10-03 08:59:02,998] Trial 66 finished with value: 0.2796380921988747 and parameters: {'model_name': 'VAE', 'batch_size': 6, 'iterations': 19, 'learning_rate': 0.004989033999203134, 'p_miss': 0.2642180221317113}. Best is trial 48 with value: 0.27354412529265043.
running
[I 2024-10-03 08:59:13,978] Trial 67 finished with value: 0.27508650286388103 and parameters: {'model_name': 'VAE', 'batch_size': 5, 'iterations': 9, 'learning_rate': 0.005485398655482754, 'p_miss': 0.22935504790184297}. Best is trial 48 with value: 0.27354412529265043.
running
[I 2024-10-03 08:59:23,841] Trial 68 finished with value: 0.28052830403049817 and parameters: {'model_name': 'VAE', 'batch_size': 5, 'iterations': 11, 'learning_rate': 0.004079992210129232, 'p_miss': 0.22963451488790715}. Best is trial 48 with value: 0.27354412529265043.
running
[I 2024-10-03 08:59:28,656] Trial 69 finished with value: 0.2822916865416273 and parameters: {'model_name': 'VAE', 'batch_size': 5, 'iterations': 8, 'learning_rate': 0.00440723487310513, 'p_miss': 0.23071436380502933}. Best is trial 48 with value: 0.27354412529265043.
running
[I 2024-10-03 08:59:29,970] Trial 72 finished with value: 0.4795161095451571 and parameters: {'model_name': 'SimpleImputer', 'strategy': 'most_frequent'}. Best is trial 48 with value: 0.27354412529265043.
running
[I 2024-10-03 08:59:35,499] Trial 73 finished with value: 0.296391256906036 and parameters: {'model_name': 'KNNImputer', 'n_neighbors': 134, 'weights': 'uniform'}. Best is trial 48 with value: 0.27354412529265043.
running
[I 2024-10-03 08:59:36,231] Trial 70 finished with value: 0.27569701190754226 and parameters: {'model_name': 'VAE', 'batch_size': 4, 'iterations': 8, 'learning_rate': 0.004477759332371098, 'p_miss': 0.19164747276426836}. Best is trial 48 with value: 0.27354412529265043.
running
[I 2024-10-03 08:59:43,391] Trial 71 finished with value: 0.28013258487337184 and parameters: {'model_name': 'VAE', 'batch_size': 3, 'iterations': 7, 'learning_rate': 0.0016602373958847173, 'p_miss': 0.18884592733355554}. Best is trial 48 with value: 0.27354412529265043.
running
[I 2024-10-03 08:59:54,579] Trial 76 finished with value: 0.2784635149790771 and parameters: {'model_name': 'VAE', 'batch_size': 4, 'iterations': 3, 'learning_rate': 0.008305252224706787, 'p_miss': 0.19451354923561084}. Best is trial 48 with value: 0.27354412529265043.
running
[I 2024-10-03 09:01:17,013] Trial 74 finished with value: 0.2768366268088629 and parameters: {'model_name': 'VAE', 'batch_size': 3, 'iterations': 33, 'learning_rate': 0.0022209955821607848, 'p_miss': 0.1915167147231332}. Best is trial 48 with value: 0.27354412529265043.
running
[I 2024-10-03 09:01:36,578] Trial 10 finished with value: 0.29440843834498254 and parameters: {'model_name': 'IterativeImputer', 'estimator': 'RFR', 'initial_strategy': 'mean', 'n_nearest_features': 3, 'imputation_order': 'arabic'}. Best is trial 48 with value: 0.27354412529265043.
running
[I 2024-10-03 09:01:40,291] Trial 77 finished with value: 0.27661748734900143 and parameters: {'model_name': 'VAE', 'batch_size': 15, 'iterations': 30, 'learning_rate': 0.002357808370729672, 'p_miss': 0.17497637403487204}. Best is trial 48 with value: 0.27354412529265043.
running
[I 2024-10-03 09:01:48,940] Trial 80 finished with value: 0.282682603198033 and parameters: {'model_name': 'VAE', 'batch_size': 30, 'iterations': 2, 'learning_rate': 0.004556898241677774, 'p_miss': 0.21747011592935075}. Best is trial 48 with value: 0.27354412529265043.
running
[I 2024-10-03 09:02:06,124] Trial 78 finished with value: 0.27952999413349366 and parameters: {'model_name': 'VAE', 'batch_size': 26, 'iterations': 15, 'learning_rate': 0.004612348721392929, 'p_miss': 0.16511856043519124}. Best is trial 48 with value: 0.27354412529265043.
running
[I 2024-10-03 09:02:31,950] Trial 81 finished with value: 0.3138619686294139 and parameters: {'model_name': 'IterativeImputer', 'estimator': 'KNN', 'initial_strategy': 'most_frequent', 'n_nearest_features': 8, 'imputation_order': 'arabic'}. Best is trial 48 with value: 0.27354412529265043.
running
[I 2024-10-03 09:02:32,800] Trial 79 finished with value: 0.2764846098184945 and parameters: {'model_name': 'VAE', 'batch_size': 15, 'iterations': 16, 'learning_rate': 0.004229177048660688, 'p_miss': 0.1709875475446655}. Best is trial 48 with value: 0.27354412529265043.
running
[I 2024-10-03 09:02:42,344] Trial 84 finished with value: 0.2959299362981304 and parameters: {'model_name': 'KNNImputer', 'n_neighbors': 8567, 'weights': 'uniform'}. Best is trial 48 with value: 0.27354412529265043.
running
[I 2024-10-03 09:02:43,249] Trial 85 finished with value: 0.44858118049003703 and parameters: {'model_name': 'SimpleImputer', 'strategy': 'median'}. Best is trial 48 with value: 0.27354412529265043.
running
[I 2024-10-03 09:02:44,457] Trial 83 finished with value: 0.27684909152518566 and parameters: {'model_name': 'VAE', 'batch_size': 2, 'iterations': 3, 'learning_rate': 0.01484236247727661, 'p_miss': 0.08133276596093375}. Best is trial 48 with value: 0.27354412529265043.
running
[I 2024-10-03 09:02:49,580] Trial 82 finished with value: 0.31414574909360937 and parameters: {'model_name': 'IterativeImputer', 'estimator': 'KNN', 'initial_strategy': 'median', 'n_nearest_features': 8, 'imputation_order': 'ascending'}. Best is trial 48 with value: 0.27354412529265043.
running
[I 2024-10-03 09:03:06,707] Trial 86 finished with value: 0.2757245168163446 and parameters: {'model_name': 'VAE', 'batch_size': 8, 'iterations': 6, 'learning_rate': 0.012217809789971045, 'p_miss': 0.1648506982654376}. Best is trial 48 with value: 0.27354412529265043.
running
[I 2024-10-03 09:03:13,906] Trial 87 finished with value: 0.27875570393269034 and parameters: {'model_name': 'VAE', 'batch_size': 8, 'iterations': 9, 'learning_rate': 0.003083926850862797, 'p_miss': 0.16404668756750795}. Best is trial 48 with value: 0.27354412529265043.
running
[I 2024-10-03 09:03:25,549] Trial 89 finished with value: 0.27955064468578217 and parameters: {'model_name': 'VAE', 'batch_size': 8, 'iterations': 5, 'learning_rate': 0.01131540888383841, 'p_miss': 0.18266524705230275}. Best is trial 48 with value: 0.27354412529265043.
running
[I 2024-10-03 09:03:33,197] Trial 90 finished with value: 0.2764238423876879 and parameters: {'model_name': 'VAE', 'batch_size': 4, 'iterations': 6, 'learning_rate': 0.011957411285311175, 'p_miss': 0.1424015195976426}. Best is trial 48 with value: 0.27354412529265043.
running
[I 2024-10-03 09:03:38,847] Trial 88 finished with value: 0.27563545210670476 and parameters: {'model_name': 'VAE', 'batch_size': 8, 'iterations': 13, 'learning_rate': 0.003053987392185773, 'p_miss': 0.16835043816128592}. Best is trial 48 with value: 0.27354412529265043.
running
[I 2024-10-03 09:03:48,359] Trial 91 finished with value: 0.2759714072856915 and parameters: {'model_name': 'VAE', 'batch_size': 4, 'iterations': 7, 'learning_rate': 0.0074619957828785536, 'p_miss': 0.20450328069604765}. Best is trial 48 with value: 0.27354412529265043.
running
[I 2024-10-03 09:04:15,947] Trial 92 finished with value: 0.2832681576182714 and parameters: {'model_name': 'VAE', 'batch_size': 11, 'iterations': 11, 'learning_rate': 0.0071611266032589205, 'p_miss': 0.09846943789272983}. Best is trial 48 with value: 0.27354412529265043.
running
[I 2024-10-03 09:04:58,822] Trial 93 finished with value: 0.30482896719546976 and parameters: {'model_name': 'VAE', 'batch_size': 12, 'iterations': 25, 'learning_rate': 0.007208670946084206, 'p_miss': 0.10431060075339249}. Best is trial 48 with value: 0.27354412529265043.
running
[I 2024-10-03 09:04:59,027] Trial 95 finished with value: 0.4646304256724739 and parameters: {'model_name': 'GAIN', 'batch_size': 21, 'hint_rate': 0.5725632629314412, 'alpha': 5, 'iterations': 28, 'learning_rate': 0.0013655238695986143, 'p_miss': 0.2206143890021069}. Best is trial 48 with value: 0.27354412529265043.
running
[I 2024-10-03 09:05:02,116] Trial 23 finished with value: 0.30481688417756314 and parameters: {'model_name': 'VAE', 'batch_size': 194, 'iterations': 636, 'learning_rate': 0.0016483751827372115, 'p_miss': 0.23017192365788214}. Best is trial 48 with value: 0.27354412529265043.
running
[I 2024-10-03 09:05:51,042] Trial 97 finished with value: 0.28154106458706174 and parameters: {'model_name': 'VAE', 'batch_size': 6, 'iterations': 15, 'learning_rate': 0.005660560035586757, 'p_miss': 0.19961535281461762}. Best is trial 48 with value: 0.27354412529265043.
running
[I 2024-10-03 09:05:56,565] Trial 96 finished with value: 0.2837928172967219 and parameters: {'model_name': 'VAE', 'batch_size': 21, 'iterations': 14, 'learning_rate': 0.005351177605039608, 'p_miss': 0.22090387735444175}. Best is trial 48 with value: 0.27354412529265043.
running
[I 2024-10-03 09:06:20,773] Trial 94 finished with value: 0.47214983094721985 and parameters: {'model_name': 'GAIN', 'batch_size': 13, 'hint_rate': 0.9794050079226989, 'alpha': 2, 'iterations': 103, 'learning_rate': 0.005892997795156347, 'p_miss': 0.2193470919871867}. Best is trial 48 with value: 0.27354412529265043.
running
[I 2024-10-03 09:06:40,239] Trial 101 finished with value: 0.2824842785575168 and parameters: {'model_name': 'VAE', 'batch_size': 7, 'iterations': 4, 'learning_rate': 0.000702929184967505, 'p_miss': 0.18432429219921448}. Best is trial 48 with value: 0.27354412529265043.
running
[I 2024-10-03 09:06:53,227] Trial 100 finished with value: 0.28075997556798155 and parameters: {'model_name': 'VAE', 'batch_size': 968, 'iterations': 4, 'learning_rate': 0.0035558027716152893, 'p_miss': 0.25249510997826763}. Best is trial 48 with value: 0.27354412529265043.
running
[I 2024-10-03 09:11:12,486] Trial 98 finished with value: 0.30550660628448145 and parameters: {'model_name': 'VAE', 'batch_size': 6, 'iterations': 126, 'learning_rate': 0.005490780617081993, 'p_miss': 0.2031947799153753}. Best is trial 48 with value: 0.27354412529265043.
running
[I 2024-10-03 09:11:47,167] Trial 104 finished with value: 0.3028498458653531 and parameters: {'model_name': 'VAE', 'batch_size': 5, 'iterations': 9, 'learning_rate': 0.020258785109864837, 'p_miss': 0.14458100914032565}. Best is trial 48 with value: 0.27354412529265043.
running
[I 2024-10-03 09:11:54,625] Trial 105 finished with value: 0.29642335382263607 and parameters: {'model_name': 'KNNImputer', 'n_neighbors': 2185, 'weights': 'uniform'}. Best is trial 48 with value: 0.27354412529265043.
running
[I 2024-10-03 09:12:22,672] Trial 106 finished with value: 0.2735349145396264 and parameters: {'model_name': 'VAE', 'batch_size': 4, 'iterations': 7, 'learning_rate': 0.009685611022612436, 'p_miss': 0.20815315123096506}. Best is trial 106 with value: 0.2735349145396264.
running
[I 2024-10-03 09:12:52,015] Trial 107 finished with value: 0.27727116850631583 and parameters: {'model_name': 'VAE', 'batch_size': 3, 'iterations': 10, 'learning_rate': 0.008984717268330252, 'p_miss': 0.20945260011724867}. Best is trial 106 with value: 0.2735349145396264.
running
[I 2024-10-03 09:13:14,925] Trial 108 finished with value: 0.27779184830144177 and parameters: {'model_name': 'VAE', 'batch_size': 4, 'iterations': 6, 'learning_rate': 0.003177522361188419, 'p_miss': 0.17857223686253357}. Best is trial 106 with value: 0.2735349145396264.
running
[I 2024-10-03 09:13:26,175] Trial 109 finished with value: 0.2786160426556933 and parameters: {'model_name': 'VAE', 'batch_size': 9, 'iterations': 2, 'learning_rate': 0.014088258899353506, 'p_miss': 0.1595132326462735}. Best is trial 106 with value: 0.2735349145396264.
running
[I 2024-10-03 09:14:26,023] Trial 110 finished with value: 0.27950013719405353 and parameters: {'model_name': 'VAE', 'batch_size': 7, 'iterations': 18, 'learning_rate': 0.00011356753533244915, 'p_miss': 0.2138450537033491}. Best is trial 106 with value: 0.2735349145396264.
running
[I 2024-10-03 09:17:32,607] Trial 0 finished with value: 0.2906746085356525 and parameters: {'model_name': 'IterativeImputer', 'estimator': 'RFR', 'initial_strategy': 'constant', 'n_nearest_features': 9, 'imputation_order': 'arabic'}. Best is trial 106 with value: 0.2735349145396264.
running
[I 2024-10-03 09:18:33,194] Trial 33 finished with value: inf and parameters: {'model_name': 'GAIN', 'batch_size': 2, 'hint_rate': 0.04829598688669873, 'alpha': 88, 'iterations': 9999, 'learning_rate': 0.08406112067797197, 'p_miss': 0.09592360555123566}. Best is trial 106 with value: 0.2735349145396264.
running
[I 2024-10-03 09:20:35,626] Trial 113 finished with value: 0.27928008657385883 and parameters: {'model_name': 'VAE', 'batch_size': 5, 'iterations': 41, 'learning_rate': 0.00268102738078559, 'p_miss': 0.1956098121232991}. Best is trial 106 with value: 0.2735349145396264.
running
[I 2024-10-03 09:23:16,180] Trial 9 finished with value: 0.2852795641052755 and parameters: {'model_name': 'IterativeImputer', 'estimator': 'RFR', 'initial_strategy': 'constant', 'n_nearest_features': 13, 'imputation_order': 'roman'}. Best is trial 106 with value: 0.2735349145396264.
running
[I 2024-10-03 09:23:36,299] Trial 115 finished with value: 0.277665396591395 and parameters: {'model_name': 'VAE', 'batch_size': 4, 'iterations': 5, 'learning_rate': 0.009822830368184552, 'p_miss': 0.24943629425179648}. Best is trial 106 with value: 0.2735349145396264.
running
[I 2024-10-03 09:24:06,771] Trial 116 finished with value: 0.27486345698161196 and parameters: {'model_name': 'VAE', 'batch_size': 4, 'iterations': 8, 'learning_rate': 0.007930096262413778, 'p_miss': 0.20579696126553212}. Best is trial 106 with value: 0.2735349145396264.
running
[I 2024-10-03 09:24:44,156] Trial 117 finished with value: 0.27289356156454103 and parameters: {'model_name': 'VAE', 'batch_size': 6, 'iterations': 12, 'learning_rate': 0.003715525425550295, 'p_miss': 0.23478515101114747}. Best is trial 117 with value: 0.27289356156454103.
running
[I 2024-10-03 09:25:11,126] Trial 118 finished with value: 0.27709742189158276 and parameters: {'model_name': 'VAE', 'batch_size': 3, 'iterations': 8, 'learning_rate': 0.003934024051556158, 'p_miss': 0.22758502594706342}. Best is trial 117 with value: 0.27289356156454103.
running
[I 2024-10-03 09:25:43,683] Trial 119 finished with value: 0.27351731664732853 and parameters: {'model_name': 'VAE', 'batch_size': 6, 'iterations': 12, 'learning_rate': 0.006370326010918284, 'p_miss': 0.2339754233158057}. Best is trial 117 with value: 0.27289356156454103.
running
[I 2024-10-03 09:26:33,734] Trial 120 finished with value: 0.2801631462915218 and parameters: {'model_name': 'VAE', 'batch_size': 6, 'iterations': 13, 'learning_rate': 0.006925315054068559, 'p_miss': 0.2561820565339726}. Best is trial 117 with value: 0.27289356156454103.
running
[I 2024-10-03 09:26:34,216] Trial 121 finished with value: 0.2959299362981304 and parameters: {'model_name': 'SimpleImputer', 'strategy': 'mean'}. Best is trial 117 with value: 0.27289356156454103.
running
[I 2024-10-03 09:27:45,497] Trial 122 finished with value: 0.3011236236484069 and parameters: {'model_name': 'VAE', 'batch_size': 10, 'iterations': 21, 'learning_rate': 0.008216483270279675, 'p_miss': 0.23609500647860823}. Best is trial 117 with value: 0.27289356156454103.
running
[I 2024-10-03 09:28:21,055] Trial 123 finished with value: 0.2744421073369466 and parameters: {'model_name': 'VAE', 'batch_size': 5, 'iterations': 11, 'learning_rate': 0.006294196553143625, 'p_miss': 0.2364247727640169}. Best is trial 117 with value: 0.27289356156454103.
running
[I 2024-10-03 09:28:41,254] Trial 124 finished with value: 0.29369229958926735 and parameters: {'model_name': 'IterativeImputer', 'estimator': 'Ridge', 'initial_strategy': 'most_frequent', 'n_nearest_features': 5, 'imputation_order': 'random'}. Best is trial 117 with value: 0.27289356156454103.
running
[I 2024-10-03 09:29:14,065] Trial 125 finished with value: 0.2766572683255218 and parameters: {'model_name': 'VAE', 'batch_size': 5, 'iterations': 11, 'learning_rate': 0.006118227442901446, 'p_miss': 0.27234880309359377}. Best is trial 117 with value: 0.27289356156454103.
running
[I 2024-10-03 09:29:56,774] Trial 126 finished with value: 0.27464826958881644 and parameters: {'model_name': 'VAE', 'batch_size': 7, 'iterations': 13, 'learning_rate': 0.0037887015086806625, 'p_miss': 0.2359433642296139}. Best is trial 117 with value: 0.27289356156454103.
running
[I 2024-10-03 09:30:51,266] Trial 127 finished with value: 0.2767991556759636 and parameters: {'model_name': 'VAE', 'batch_size': 3, 'iterations': 19, 'learning_rate': 0.005103448017978368, 'p_miss': 0.23702973076632797}. Best is trial 117 with value: 0.27289356156454103.
running
[I 2024-10-03 09:31:27,938] Trial 128 finished with value: 0.276631763241329 and parameters: {'model_name': 'VAE', 'batch_size': 6, 'iterations': 10, 'learning_rate': 0.0039410565359440175, 'p_miss': 0.2444406717987564}. Best is trial 117 with value: 0.27289356156454103.
running
[I 2024-10-03 09:32:13,624] Trial 129 finished with value: 0.3144486341475978 and parameters: {'model_name': 'VAE', 'batch_size': 87, 'iterations': 8, 'learning_rate': 0.00965466841419086, 'p_miss': 0.23404849584871978}. Best is trial 117 with value: 0.27289356156454103.
running
[I 2024-10-03 09:33:06,095] Trial 130 finished with value: 0.27593642726060486 and parameters: {'model_name': 'VAE', 'batch_size': 5, 'iterations': 16, 'learning_rate': 0.006311661922673722, 'p_miss': 0.2258632013471033}. Best is trial 117 with value: 0.27289356156454103.
running
[I 2024-10-03 09:33:17,203] Trial 131 finished with value: 0.2764515189554405 and parameters: {'model_name': 'VAE', 'batch_size': 7, 'iterations': 3, 'learning_rate': 0.007850028583367329, 'p_miss': 0.21031404710519772}. Best is trial 117 with value: 0.27289356156454103.
running
[I 2024-10-03 09:34:43,387] Trial 75 finished with value: 0.2959299712426276 and parameters: {'model_name': 'IterativeImputer', 'estimator': 'RFR', 'initial_strategy': 'most_frequent', 'n_nearest_features': 7, 'imputation_order': 'arabic'}. Best is trial 117 with value: 0.27289356156454103.
running
[I 2024-10-03 10:09:07,998] Trial 102 finished with value: 0.3083618231122403 and parameters: {'model_name': 'VAE', 'batch_size': 5, 'iterations': 1250, 'learning_rate': 0.003653552216157717, 'p_miss': 0.25279920860216964}. Best is trial 117 with value: 0.27289356156454103.
running
[I 2024-10-03 10:09:50,727] Trial 134 finished with value: 0.3008605943686477 and parameters: {'model_name': 'VAE', 'batch_size': 10, 'iterations': 12, 'learning_rate': 0.06200244398721348, 'p_miss': 0.0463876071928335}. Best is trial 117 with value: 0.27289356156454103.
running
[I 2024-10-03 10:11:12,135] Trial 135 finished with value: 0.2750970071556863 and parameters: {'model_name': 'VAE', 'batch_size': 7, 'iterations': 26, 'learning_rate': 0.0026838001623872205, 'p_miss': 0.22063103149154895}. Best is trial 117 with value: 0.27289356156454103.
running
[I 2024-10-03 10:11:33,561] Trial 136 finished with value: 0.28248167279387193 and parameters: {'model_name': 'VAE', 'batch_size': 7, 'iterations': 6, 'learning_rate': 0.0020647884781669094, 'p_miss': 0.22398384637682772}. Best is trial 117 with value: 0.27289356156454103.
running
[I 2024-10-03 10:12:52,744] Trial 137 finished with value: 0.2725866208562949 and parameters: {'model_name': 'VAE', 'batch_size': 4, 'iterations': 25, 'learning_rate': 0.0028455924302545187, 'p_miss': 0.2124580033286896}. Best is trial 137 with value: 0.2725866208562949.
running
[I 2024-10-03 10:15:55,408] Trial 114 finished with value: 0.2997324956996818 and parameters: {'model_name': 'VAE', 'batch_size': 51, 'iterations': 1215, 'learning_rate': 0.009957158547845537, 'p_miss': 0.23282948276192703}. Best is trial 137 with value: 0.2725866208562949.
running
[I 2024-10-03 10:16:37,147] Trial 138 finished with value: 0.28014243452187965 and parameters: {'model_name': 'VAE', 'batch_size': 4, 'iterations': 67, 'learning_rate': 0.0017965285170500529, 'p_miss': 0.24237439414580797}. Best is trial 137 with value: 0.2725866208562949.
running
[I 2024-10-03 10:16:46,425] Trial 140 finished with value: 0.303390775475209 and parameters: {'model_name': 'KNNImputer', 'n_neighbors': 6586, 'weights': 'distance'}. Best is trial 137 with value: 0.2725866208562949.
running
[I 2024-10-03 10:17:58,542] Trial 139 finished with value: 0.27161225629967933 and parameters: {'model_name': 'VAE', 'batch_size': 4, 'iterations': 42, 'learning_rate': 0.0017969960154160026, 'p_miss': 0.2127005941201025}. Best is trial 139 with value: 0.27161225629967933.
running
[I 2024-10-03 10:18:08,735] Trial 141 finished with value: 0.2773891827387728 and parameters: {'model_name': 'VAE', 'batch_size': 5, 'iterations': 26, 'learning_rate': 0.0026446540210630057, 'p_miss': 0.21067058477333608}. Best is trial 139 with value: 0.27161225629967933.
running
[I 2024-10-03 10:19:44,892] Trial 142 finished with value: 0.27582158336027085 and parameters: {'model_name': 'VAE', 'batch_size': 6, 'iterations': 36, 'learning_rate': 0.0012151794457951211, 'p_miss': 0.21416187535458522}. Best is trial 139 with value: 0.27161225629967933.
running
[I 2024-10-03 10:19:45,319] Trial 144 finished with value: 0.4795161095451571 and parameters: {'model_name': 'SimpleImputer', 'strategy': 'constant'}. Best is trial 139 with value: 0.27161225629967933.
running
[I 2024-10-03 10:21:32,134] Trial 143 finished with value: 0.30499665484115057 and parameters: {'model_name': 'VAE', 'batch_size': 397, 'iterations': 45, 'learning_rate': 0.0028986116925729254, 'p_miss': 0.27538233821755304}. Best is trial 139 with value: 0.27161225629967933.
running
[I 2024-10-03 10:21:46,168] Trial 145 finished with value: 0.2731159487436181 and parameters: {'model_name': 'VAE', 'batch_size': 3, 'iterations': 46, 'learning_rate': 0.0018975275863365947, 'p_miss': 0.2230566977543707}. Best is trial 139 with value: 0.27161225629967933.
running
[I 2024-10-03 10:21:49,957] Trial 132 finished with value: 0.2945522780059996 and parameters: {'model_name': 'VAE', 'batch_size': 5, 'iterations': 873, 'learning_rate': 0.00369945352677295, 'p_miss': 0.27747996592407115}. Best is trial 139 with value: 0.27161225629967933.
running
[I 2024-10-03 10:22:55,175] Trial 148 finished with value: 0.2779052450627191 and parameters: {'model_name': 'VAE', 'batch_size': 3, 'iterations': 24, 'learning_rate': 0.0018962623066236773, 'p_miss': 0.22182729852770086}. Best is trial 139 with value: 0.27161225629967933.
running
[I 2024-10-03 10:23:04,774] Trial 147 finished with value: 0.27788408741219806 and parameters: {'model_name': 'VAE', 'batch_size': 3, 'iterations': 24, 'learning_rate': 0.0019127317150088561, 'p_miss': 0.2232872614637386}. Best is trial 139 with value: 0.27161225629967933.
running
[I 2024-10-03 10:24:44,917] Trial 146 finished with value: 0.27631878508491325 and parameters: {'model_name': 'VAE', 'batch_size': 4, 'iterations': 58, 'learning_rate': 0.0018629830852112492, 'p_miss': 0.21892895722421243}. Best is trial 139 with value: 0.27161225629967933.
running
[I 2024-10-03 10:24:56,289] Trial 133 finished with value: 0.30537366105460145 and parameters: {'model_name': 'VAE', 'batch_size': 10, 'iterations': 1051, 'learning_rate': 0.0035988411033837818, 'p_miss': 0.2248308732072865}. Best is trial 139 with value: 0.27161225629967933.
running
[I 2024-10-03 10:25:42,434] Trial 150 finished with value: 0.27673926948177574 and parameters: {'model_name': 'VAE', 'batch_size': 4, 'iterations': 52, 'learning_rate': 0.0015230392522440298, 'p_miss': 0.23849682271854436}. Best is trial 139 with value: 0.27161225629967933.
running
[I 2024-10-03 10:26:17,627] Trial 149 finished with value: 0.29179505694212454 and parameters: {'model_name': 'VAE', 'batch_size': 2, 'iterations': 77, 'learning_rate': 0.0023177051429927966, 'p_miss': 0.22960348902119163}. Best is trial 139 with value: 0.27161225629967933.
running
[I 2024-10-03 10:26:18,843] Trial 151 finished with value: 0.27734570028595773 and parameters: {'model_name': 'VAE', 'batch_size': 8, 'iterations': 32, 'learning_rate': 0.0015527143891042557, 'p_miss': 0.2311019823075403}. Best is trial 139 with value: 0.27161225629967933.
running
[I 2024-10-03 10:26:36,078] Trial 152 finished with value: 0.2768494889608533 and parameters: {'model_name': 'VAE', 'batch_size': 6, 'iterations': 34, 'learning_rate': 0.0023662313161247716, 'p_miss': 0.23919098440476988}. Best is trial 139 with value: 0.27161225629967933.
running
[I 2024-10-03 10:26:48,091] Trial 155 finished with value: 0.4644926966232961 and parameters: {'model_name': 'GAIN', 'batch_size': 17, 'hint_rate': 0.4776726724171864, 'alpha': 57, 'iterations': 18, 'learning_rate': 0.004916966852272814, 'p_miss': 0.20569671462938197}. Best is trial 139 with value: 0.27161225629967933.
running
[I 2024-10-03 10:26:50,735] Trial 44 finished with value: 0.30205249330703854 and parameters: {'model_name': 'VAE', 'batch_size': 6, 'iterations': 1851, 'learning_rate': 0.006160931356744674, 'p_miss': 0.2110216224090274}. Best is trial 139 with value: 0.27161225629967933.
running
[I 2024-10-03 10:27:09,293] Trial 154 finished with value: 0.46973959330518217 and parameters: {'model_name': 'GAIN', 'batch_size': 8, 'hint_rate': 0.4783857798463596, 'alpha': 50, 'iterations': 35, 'learning_rate': 0.004982796383750986, 'p_miss': 0.20644910312569995}. Best is trial 139 with value: 0.27161225629967933.
running
[I 2024-10-03 10:27:22,600] Trial 156 finished with value: 0.2742907550340388 and parameters: {'model_name': 'VAE', 'batch_size': 7, 'iterations': 18, 'learning_rate': 0.004758932541444548, 'p_miss': 0.20566353989772973}. Best is trial 139 with value: 0.27161225629967933.
running
[I 2024-10-03 10:27:28,715] Trial 157 finished with value: 0.27552502652565736 and parameters: {'model_name': 'VAE', 'batch_size': 7, 'iterations': 13, 'learning_rate': 0.004545536454921808, 'p_miss': 0.1972697775889408}. Best is trial 139 with value: 0.27161225629967933.
running
[I 2024-10-03 10:27:35,945] Trial 158 finished with value: 0.27264294167408 and parameters: {'model_name': 'VAE', 'batch_size': 7, 'iterations': 15, 'learning_rate': 0.004400031824099388, 'p_miss': 0.19701158916751393}. Best is trial 139 with value: 0.27161225629967933.
running
[I 2024-10-03 10:27:48,918] Trial 159 finished with value: 0.2745290994998777 and parameters: {'model_name': 'VAE', 'batch_size': 7, 'iterations': 13, 'learning_rate': 0.004310644311962455, 'p_miss': 0.24767941252678916}. Best is trial 139 with value: 0.27161225629967933.
running
[I 2024-10-03 10:27:54,378] Trial 153 finished with value: 0.46796834883458127 and parameters: {'model_name': 'GAIN', 'batch_size': 8, 'hint_rate': 0.5570642002235024, 'alpha': 55, 'iterations': 94, 'learning_rate': 0.002416584323342773, 'p_miss': 0.24738253869431512}. Best is trial 139 with value: 0.27161225629967933.
running
[I 2024-10-03 10:28:11,018] Trial 160 finished with value: 0.275499487488181 and parameters: {'model_name': 'VAE', 'batch_size': 7, 'iterations': 16, 'learning_rate': 0.004300314011846861, 'p_miss': 0.19914330411536627}. Best is trial 139 with value: 0.27161225629967933.
running
[I 2024-10-03 10:28:15,339] Trial 161 finished with value: 0.2753857289276139 and parameters: {'model_name': 'VAE', 'batch_size': 6, 'iterations': 17, 'learning_rate': 0.0029095081798757726, 'p_miss': 0.2155666586302592}. Best is trial 139 with value: 0.27161225629967933.
running
[I 2024-10-03 10:28:23,614] Trial 162 finished with value: 0.2746284189420424 and parameters: {'model_name': 'VAE', 'batch_size': 9, 'iterations': 17, 'learning_rate': 0.004112347086083779, 'p_miss': 0.21431872219000767}. Best is trial 139 with value: 0.27161225629967933.
running
[I 2024-10-03 10:28:40,821] Trial 166 finished with value: 0.2764019165462354 and parameters: {'model_name': 'VAE', 'batch_size': 9, 'iterations': 9, 'learning_rate': 0.005933720233705004, 'p_miss': 0.124202890619952}. Best is trial 139 with value: 0.27161225629967933.
running
[I 2024-10-03 10:28:45,759] Trial 164 finished with value: 0.28503017550505194 and parameters: {'model_name': 'VAE', 'batch_size': 9, 'iterations': 17, 'learning_rate': 0.006679261334016331, 'p_miss': 0.21526400318528116}. Best is trial 139 with value: 0.27161225629967933.
running
[I 2024-10-03 10:28:46,993] Trial 163 finished with value: 0.27698010461919903 and parameters: {'model_name': 'VAE', 'batch_size': 9, 'iterations': 17, 'learning_rate': 0.003232860886860675, 'p_miss': 0.21640369901028286}. Best is trial 139 with value: 0.27161225629967933.
running
[I 2024-10-03 10:28:59,417] Trial 167 finished with value: 0.278841887162104 and parameters: {'model_name': 'VAE', 'batch_size': 12, 'iterations': 10, 'learning_rate': 0.0032572705262514474, 'p_miss': 0.12904565077770624}. Best is trial 139 with value: 0.27161225629967933.
running
[I 2024-10-03 10:29:06,226] Trial 165 finished with value: 0.27405147692471854 and parameters: {'model_name': 'VAE', 'batch_size': 9, 'iterations': 19, 'learning_rate': 0.003395402381728126, 'p_miss': 0.26140702152830825}. Best is trial 139 with value: 0.27161225629967933.
running
[I 2024-10-03 10:29:20,641] Trial 168 finished with value: 0.2772666914305248 and parameters: {'model_name': 'VAE', 'batch_size': 12, 'iterations': 12, 'learning_rate': 0.0032887850828737897, 'p_miss': 0.2561728819700446}. Best is trial 139 with value: 0.27161225629967933.
running
[I 2024-10-03 10:29:26,877] Trial 170 finished with value: 0.2812601131565345 and parameters: {'model_name': 'VAE', 'batch_size': 4, 'iterations': 12, 'learning_rate': 0.0008720857420240072, 'p_miss': 0.258955303066063}. Best is trial 139 with value: 0.27161225629967933.
running
[I 2024-10-03 10:29:30,166] Trial 173 finished with value: 0.3036361920375544 and parameters: {'model_name': 'KNNImputer', 'n_neighbors': 1971, 'weights': 'distance'}. Best is trial 139 with value: 0.27161225629967933.
running
[I 2024-10-03 10:29:35,093] Trial 174 finished with value: 0.29638111953379964 and parameters: {'model_name': 'KNNImputer', 'n_neighbors': 1620, 'weights': 'uniform'}. Best is trial 139 with value: 0.27161225629967933.
running
[I 2024-10-03 10:29:56,982] Trial 169 finished with value: 0.2769764392273177 and parameters: {'model_name': 'VAE', 'batch_size': 12, 'iterations': 21, 'learning_rate': 0.0033888154569300393, 'p_miss': 0.2579393058470871}. Best is trial 139 with value: 0.27161225629967933.
running
[I 2024-10-03 10:30:13,182] Trial 172 finished with value: 0.276298917127367 and parameters: {'model_name': 'VAE', 'batch_size': 13, 'iterations': 21, 'learning_rate': 0.004049678939457551, 'p_miss': 0.25520568168295515}. Best is trial 139 with value: 0.27161225629967933.
running
[I 2024-10-03 10:30:15,151] Trial 171 finished with value: 0.2827325629361773 and parameters: {'model_name': 'VAE', 'batch_size': 14, 'iterations': 21, 'learning_rate': 0.0039003233145916837, 'p_miss': 0.18555513804780285}. Best is trial 139 with value: 0.27161225629967933.
running
[I 2024-10-03 10:30:19,700] Trial 175 finished with value: 0.3195117914997039 and parameters: {'model_name': 'IterativeImputer', 'estimator': 'KNN', 'initial_strategy': 'median', 'n_nearest_features': 11, 'imputation_order': 'ascending'}. Best is trial 139 with value: 0.27161225629967933.
running
[I 2024-10-03 10:30:20,828] Trial 177 finished with value: 0.2786101928397935 and parameters: {'model_name': 'VAE', 'batch_size': 6, 'iterations': 7, 'learning_rate': 0.004346162871196889, 'p_miss': 0.26577688065050975}. Best is trial 139 with value: 0.27161225629967933.
running
[I 2024-10-03 10:30:34,909] Trial 178 finished with value: 0.2798990147183431 and parameters: {'model_name': 'VAE', 'batch_size': 6, 'iterations': 7, 'learning_rate': 0.0045225342409434465, 'p_miss': 0.2078833389848153}. Best is trial 139 with value: 0.27161225629967933.
running
[I 2024-10-03 10:30:52,875] Trial 176 finished with value: 0.27628541961245007 and parameters: {'model_name': 'VAE', 'batch_size': 6, 'iterations': 21, 'learning_rate': 0.0041025539269538445, 'p_miss': 0.20224669238608478}. Best is trial 139 with value: 0.27161225629967933.
running
[I 2024-10-03 10:30:57,555] Trial 179 finished with value: 0.3142978706364199 and parameters: {'model_name': 'IterativeImputer', 'estimator': 'KNN', 'initial_strategy': 'median', 'n_nearest_features': 10, 'imputation_order': 'ascending'}. Best is trial 139 with value: 0.27161225629967933.
running
[I 2024-10-03 10:31:00,084] Trial 181 finished with value: 0.2757512160350754 and parameters: {'model_name': 'VAE', 'batch_size': 5, 'iterations': 13, 'learning_rate': 0.004954432282089113, 'p_miss': 0.2085944353760541}. Best is trial 139 with value: 0.27161225629967933.
running
[I 2024-10-03 10:31:01,560] Trial 185 finished with value: 0.4795161095451571 and parameters: {'model_name': 'SimpleImputer', 'strategy': 'most_frequent'}. Best is trial 139 with value: 0.27161225629967933.
running
[I 2024-10-03 10:31:09,815] Trial 180 finished with value: 0.2765457347821015 and parameters: {'model_name': 'VAE', 'batch_size': 6, 'iterations': 14, 'learning_rate': 0.005168206908391069, 'p_miss': 0.20337451477189647}. Best is trial 139 with value: 0.27161225629967933.
running
[I 2024-10-03 10:31:19,851] Trial 182 finished with value: 0.2747083275702291 and parameters: {'model_name': 'VAE', 'batch_size': 5, 'iterations': 14, 'learning_rate': 0.005249247434438513, 'p_miss': 0.20272573150318068}. Best is trial 139 with value: 0.27161225629967933.
running
[I 2024-10-03 10:31:27,271] Trial 186 finished with value: 0.27834997111882415 and parameters: {'model_name': 'VAE', 'batch_size': 5, 'iterations': 9, 'learning_rate': 0.005561071886539752, 'p_miss': 0.23327240927715903}. Best is trial 139 with value: 0.27161225629967933.
running
[I 2024-10-03 10:31:34,262] Trial 187 finished with value: 0.2787699625842789 and parameters: {'model_name': 'VAE', 'batch_size': 4, 'iterations': 9, 'learning_rate': 0.007899900718179465, 'p_miss': 0.24749801649407882}. Best is trial 139 with value: 0.27161225629967933.
running
[I 2024-10-03 10:31:36,451] Trial 183 finished with value: 0.2741200833711312 and parameters: {'model_name': 'VAE', 'batch_size': 5, 'iterations': 14, 'learning_rate': 0.005390171450235499, 'p_miss': 0.24481710426687225}. Best is trial 139 with value: 0.27161225629967933.
running
[I 2024-10-03 10:31:41,047] Trial 184 finished with value: 0.2722987267324629 and parameters: {'model_name': 'VAE', 'batch_size': 5, 'iterations': 14, 'learning_rate': 0.00836585257623478, 'p_miss': 0.24543382328314778}. Best is trial 139 with value: 0.27161225629967933.
running
[I 2024-10-03 10:32:19,056] Trial 191 finished with value: 0.27740906285533984 and parameters: {'model_name': 'VAE', 'batch_size': 10, 'iterations': 15, 'learning_rate': 0.006447445768139651, 'p_miss': 0.24354711063822565}. Best is trial 139 with value: 0.27161225629967933.
running
[I 2024-10-03 10:32:49,283] Trial 189 finished with value: 0.2922314525177025 and parameters: {'model_name': 'VAE', 'batch_size': 4, 'iterations': 29, 'learning_rate': 0.008137655480445235, 'p_miss': 0.19395529990121835}. Best is trial 139 with value: 0.27161225629967933.
running
[I 2024-10-03 10:32:49,697] Trial 192 finished with value: 0.28967966595625705 and parameters: {'model_name': 'VAE', 'batch_size': 10, 'iterations': 27, 'learning_rate': 0.0065551295038593724, 'p_miss': 0.24206511665573913}. Best is trial 139 with value: 0.27161225629967933.
running
[I 2024-10-03 10:32:55,235] Trial 193 finished with value: 0.28329322223359943 and parameters: {'model_name': 'VAE', 'batch_size': 8, 'iterations': 10, 'learning_rate': 0.011082845281469291, 'p_miss': 0.24956770085837657}. Best is trial 139 with value: 0.27161225629967933.
running
[I 2024-10-03 10:33:16,249] Trial 190 finished with value: 0.30436432495959165 and parameters: {'model_name': 'VAE', 'batch_size': 10, 'iterations': 29, 'learning_rate': 0.006649175578126739, 'p_miss': 0.19633866033744599}. Best is trial 139 with value: 0.27161225629967933.
running
[I 2024-10-03 10:33:21,711] Trial 194 finished with value: 0.27815265712057735 and parameters: {'model_name': 'VAE', 'batch_size': 7, 'iterations': 11, 'learning_rate': 0.006805443128597692, 'p_miss': 0.08252750091440181}. Best is trial 139 with value: 0.27161225629967933.
running
[I 2024-10-03 10:33:25,847] Trial 195 finished with value: 0.2824018721685461 and parameters: {'model_name': 'VAE', 'batch_size': 7, 'iterations': 11, 'learning_rate': 0.01139135151716533, 'p_miss': 0.23509169435246718}. Best is trial 139 with value: 0.27161225629967933.
running
[I 2024-10-03 10:33:39,747] Trial 196 finished with value: 0.27145612253627255 and parameters: {'model_name': 'VAE', 'batch_size': 5, 'iterations': 14, 'learning_rate': 0.00558559684233215, 'p_miss': 0.23541071578518408}. Best is trial 196 with value: 0.27145612253627255.
[I 2024-10-03 10:34:03,456] Trial 198 finished with value: 0.2697410176044122 and parameters: {'model_name': 'VAE', 'batch_size': 5, 'iterations': 14, 'learning_rate': 0.005639045701236838, 'p_miss': 0.2279822233462717}. Best is trial 198 with value: 0.2697410176044122.
[I 2024-10-03 10:34:08,195] Trial 199 finished with value: 0.27303231183868804 and parameters: {'model_name': 'VAE', 'batch_size': 5, 'iterations': 16, 'learning_rate': 0.0037338668438363742, 'p_miss': 0.2254784238948924}. Best is trial 198 with value: 0.2697410176044122.
[I 2024-10-03 10:34:28,339] Trial 37 finished with value: 0.3016482997709251 and parameters: {'model_name': 'VAE', 'batch_size': 8, 'iterations': 2269, 'learning_rate': 0.0028258915672226092, 'p_miss': 0.23931246106688392}. Best is trial 198 with value: 0.2697410176044122.
[I 2024-10-03 10:40:23,245] Trial 197 finished with value: 0.27329338247948487 and parameters: {'model_name': 'VAE', 'batch_size': 5, 'iterations': 206, 'learning_rate': 0.0003803142382079464, 'p_miss': 0.2354880871163265}. Best is trial 198 with value: 0.2697410176044122.
[I 2024-10-03 10:40:35,901] Trial 188 finished with value: 0.3054879013051749 and parameters: {'model_name': 'VAE', 'batch_size': 5, 'iterations': 235, 'learning_rate': 0.007866944655052378, 'p_miss': 0.24646803888219804}. Best is trial 198 with value: 0.2697410176044122.
[I 2024-10-03 10:40:44,530] Trial 38 finished with value: 0.3006711542918157 and parameters: {'model_name': 'VAE', 'batch_size': 9, 'iterations': 2265, 'learning_rate': 0.002894494806927101, 'p_miss': 0.23773579477422116}. Best is trial 198 with value: 0.2697410176044122.
[I 2024-10-03 10:41:18,893] Trial 42 finished with value: 0.30294993330719744 and parameters: {'model_name': 'VAE', 'batch_size': 5, 'iterations': 2300, 'learning_rate': 0.00623693193468378, 'p_miss': 0.20281214539875136}. Best is trial 198 with value: 0.2697410176044122.
[I 2024-10-03 10:45:22,051] Trial 45 finished with value: 0.30661509347697286 and parameters: {'model_name': 'VAE', 'batch_size': 5, 'iterations': 2918, 'learning_rate': 0.005426467378391875, 'p_miss': 0.20443480596816682}. Best is trial 198 with value: 0.2697410176044122.
[I 2024-10-03 10:48:56,218] Trial 43 finished with value: 0.30874142920505754 and parameters: {'model_name': 'VAE', 'batch_size': 5, 'iterations': 2526, 'learning_rate': 0.005817751977490275, 'p_miss': 0.21667834578256623}. Best is trial 198 with value: 0.2697410176044122.
[I 2024-10-03 10:49:09,281] Trial 41 finished with value: 0.30346599800667684 and parameters: {'model_name': 'VAE', 'batch_size': 10, 'iterations': 2754, 'learning_rate': 0.0056534466434347, 'p_miss': 0.010807757837580208}. Best is trial 198 with value: 0.2697410176044122.
[I 2024-10-03 10:58:35,238] Trial 112 finished with value: 0.29975002585935395 and parameters: {'model_name': 'VAE', 'batch_size': 5, 'iterations': 4250, 'learning_rate': 0.0027698781690526837, 'p_miss': 0.19578611036910987}. Best is trial 198 with value: 0.2697410176044122.
[I 2024-10-03 10:59:09,592] Trial 40 finished with value: 0.3028677872094043 and parameters: {'model_name': 'VAE', 'batch_size': 10, 'iterations': 4890, 'learning_rate': 0.00432652308144906, 'p_miss': 0.020012954026416938}. Best is trial 198 with value: 0.2697410176044122.
[I 2024-10-03 10:59:38,720] Trial 99 finished with value: 0.2982478110846705 and parameters: {'model_name': 'VAE', 'batch_size': 7, 'iterations': 4602, 'learning_rate': 0.003028749529880279, 'p_miss': 0.2541219087364968}. Best is trial 198 with value: 0.2697410176044122.
[I 2024-10-03 11:01:44,493] Trial 111 finished with value: 0.30063345233727656 and parameters: {'model_name': 'VAE', 'batch_size': 5, 'iterations': 6492, 'learning_rate': 0.009587492571231575, 'p_miss': 0.19362902012646888}. Best is trial 198 with value: 0.2697410176044122.
[I 2024-10-03 11:01:45,698] Trial 103 finished with value: 0.3029360283155279 and parameters: {'model_name': 'VAE', 'batch_size': 5, 'iterations': 6855, 'learning_rate': 0.02274500717842632, 'p_miss': 0.2096622201959478}. Best is trial 198 with value: 0.2697410176044122.
fit
auto fit
auto transform
0     0
1     0
2     0
3     0
4     0
5     0
6     0
7     0
8     0
9     0
10    0
11    0
12    0
13    0
dtype: int64
0     0
1     0
2     0
3     0
4     0
5     0
6     0
7     0
8     0
9     0
10    0
11    0
12    0
13    0
dtype: int64
0.2697410176044122
{'model_name': 'VAE', 'batch_size': 5, 'iterations': 14, 'learning_rate': 0.005639045701236838, 'p_miss': 0.2279822233462717}
running experiment 2/3 - Does reconstruction give good automl predictions
Start est fit
Version 0.1.7a0 of tpot2 is outdated. Version 0.1.8a0 was released Tuesday September 17, 2024.
Version 0.1.7a0 of tpot2 is outdated. Version 0.1.8a0 was released Tuesday September 17, 2024.
Version 0.1.7a0 of tpot2 is outdated. Version 0.1.8a0 was released Tuesday September 17, 2024.
Version 0.1.7a0 of tpot2 is outdated. Version 0.1.8a0 was released Tuesday September 17, 2024.
Version 0.1.7a0 of tpot2 is outdated. Version 0.1.8a0 was released Tuesday September 17, 2024.
Version 0.1.7a0 of tpot2 is outdated. Version 0.1.8a0 was released Tuesday September 17, 2024.
Version 0.1.7a0 of tpot2 is outdated. Version 0.1.8a0 was released Tuesday September 17, 2024.
Version 0.1.7a0 of tpot2 is outdated. Version 0.1.8a0 was released Tuesday September 17, 2024.
Version 0.1.7a0 of tpot2 is outdated. Version 0.1.8a0 was released Tuesday September 17, 2024.
Version 0.1.7a0 of tpot2 is outdated. Version 0.1.8a0 was released Tuesday September 17, 2024.
Version 0.1.7a0 of tpot2 is outdated. Version 0.1.8a0 was released Tuesday September 17, 2024.
Version 0.1.7a0 of tpot2 is outdated. Version 0.1.8a0 was released Tuesday September 17, 2024.
Version 0.1.7a0 of tpot2 is outdated. Version 0.1.8a0 was released Tuesday September 17, 2024.
Version 0.1.7a0 of tpot2 is outdated. Version 0.1.8a0 was released Tuesday September 17, 2024.
Version 0.1.7a0 of tpot2 is outdated. Version 0.1.8a0 was released Tuesday September 17, 2024.
Version 0.1.7a0 of tpot2 is outdated. Version 0.1.8a0 was released Tuesday September 17, 2024.
  0%|          | 0/25 [00:00<?, ?it/s]Generation:   0%|          | 0/25 [00:00<?, ?it/s]WARNING THIS INDIVIDUAL CAUSED AND EXCEPTION 
 <tpot2.search_spaces.pipelines.sequential.SequentialPipelineIndividual object at 0x1554746a42e0> 
 The 'criterion' parameter of ExtraTreesRegressor must be a str among {'friedman_mse', 'poisson', 'absolute_error', 'squared_error'}. Got 'mae' instead. 
 Traceback (most recent call last):
  File "/common/ketrong/tpotexp/tpot2/tpot2/utils/eval_utils.py", line 53, in objective_nan_wrapper
    value = func_timeout.func_timeout(timeout, objective_function, args=[individual], kwargs=objective_kwargs)
  File "/common/ketrong/tpotexp/env/lib/python3.10/site-packages/func_timeout/dafunc.py", line 108, in func_timeout
    raise_exception(exception)
  File "/common/ketrong/tpotexp/env/lib/python3.10/site-packages/func_timeout/py3_raise.py", line 7, in raise_exception
    raise exception[0] from None
  File "/common/ketrong/tpotexp/tpot2/tpot2/tpot_estimator/estimator.py", line 623, in objective_function
    return objective_function_generator(
  File "/common/ketrong/tpotexp/tpot2/tpot2/tpot_estimator/estimator_utils.py", line 55, in objective_function_generator
    cv_obj_scores = cross_val_score_objective(sklearn.base.clone(pipeline),x,y,scorers=scorers, cv=cv , fold=step)
  File "/common/ketrong/tpotexp/tpot2/tpot2/tpot_estimator/cross_val_utils.py", line 28, in cross_val_score_objective
    this_fold_pipeline.fit(X_train,y_train)
  File "/common/ketrong/tpotexp/env/lib/python3.10/site-packages/sklearn/base.py", line 1473, in wrapper
    return fit_method(estimator, *args, **kwargs)
  File "/common/ketrong/tpotexp/env/lib/python3.10/site-packages/sklearn/pipeline.py", line 473, in fit
    self._final_estimator.fit(Xt, y, **last_step_params["fit"])
  File "/common/ketrong/tpotexp/env/lib/python3.10/site-packages/sklearn/base.py", line 1466, in wrapper
    estimator._validate_params()
  File "/common/ketrong/tpotexp/env/lib/python3.10/site-packages/sklearn/base.py", line 666, in _validate_params
    validate_parameter_constraints(
  File "/common/ketrong/tpotexp/env/lib/python3.10/site-packages/sklearn/utils/_param_validation.py", line 95, in validate_parameter_constraints
    raise InvalidParameterError(
sklearn.utils._param_validation.InvalidParameterError: The 'criterion' parameter of ExtraTreesRegressor must be a str among {'friedman_mse', 'poisson', 'absolute_error', 'squared_error'}. Got 'mae' instead.

Generation:  1
Best root_mean_squared_error score: -1.5785120964050292
Generation:   4%|         | 1/25 [00:41<16:40, 41.70s/it]Generation:  2
Best root_mean_squared_error score: -1.5778006288385413
Generation:   8%|         | 2/25 [01:15<14:06, 36.81s/it]WARNING THIS INDIVIDUAL CAUSED AND EXCEPTION 
 <tpot2.search_spaces.pipelines.sequential.SequentialPipelineIndividual object at 0x1554746f1c30> 
 The 'criterion' parameter of RandomForestRegressor must be a str among {'friedman_mse', 'poisson', 'absolute_error', 'squared_error'}. Got 'mae' instead. 
 Traceback (most recent call last):
  File "/common/ketrong/tpotexp/tpot2/tpot2/utils/eval_utils.py", line 53, in objective_nan_wrapper
    value = func_timeout.func_timeout(timeout, objective_function, args=[individual], kwargs=objective_kwargs)
  File "/common/ketrong/tpotexp/env/lib/python3.10/site-packages/func_timeout/dafunc.py", line 108, in func_timeout
    raise_exception(exception)
  File "/common/ketrong/tpotexp/env/lib/python3.10/site-packages/func_timeout/py3_raise.py", line 7, in raise_exception
    raise exception[0] from None
  File "/common/ketrong/tpotexp/tpot2/tpot2/tpot_estimator/estimator.py", line 623, in objective_function
    return objective_function_generator(
  File "/common/ketrong/tpotexp/tpot2/tpot2/tpot_estimator/estimator_utils.py", line 55, in objective_function_generator
    cv_obj_scores = cross_val_score_objective(sklearn.base.clone(pipeline),x,y,scorers=scorers, cv=cv , fold=step)
  File "/common/ketrong/tpotexp/tpot2/tpot2/tpot_estimator/cross_val_utils.py", line 28, in cross_val_score_objective
    this_fold_pipeline.fit(X_train,y_train)
  File "/common/ketrong/tpotexp/env/lib/python3.10/site-packages/sklearn/base.py", line 1473, in wrapper
    return fit_method(estimator, *args, **kwargs)
  File "/common/ketrong/tpotexp/env/lib/python3.10/site-packages/sklearn/pipeline.py", line 473, in fit
    self._final_estimator.fit(Xt, y, **last_step_params["fit"])
  File "/common/ketrong/tpotexp/env/lib/python3.10/site-packages/sklearn/base.py", line 1466, in wrapper
    estimator._validate_params()
  File "/common/ketrong/tpotexp/env/lib/python3.10/site-packages/sklearn/base.py", line 666, in _validate_params
    validate_parameter_constraints(
  File "/common/ketrong/tpotexp/env/lib/python3.10/site-packages/sklearn/utils/_param_validation.py", line 95, in validate_parameter_constraints
    raise InvalidParameterError(
sklearn.utils._param_validation.InvalidParameterError: The 'criterion' parameter of RandomForestRegressor must be a str among {'friedman_mse', 'poisson', 'absolute_error', 'squared_error'}. Got 'mae' instead.

WARNING THIS INDIVIDUAL CAUSED AND EXCEPTION 
 <tpot2.search_spaces.pipelines.sequential.SequentialPipelineIndividual object at 0x155474706770> 
 The 'criterion' parameter of ExtraTreesRegressor must be a str among {'friedman_mse', 'poisson', 'absolute_error', 'squared_error'}. Got 'mae' instead. 
 Traceback (most recent call last):
  File "/common/ketrong/tpotexp/tpot2/tpot2/utils/eval_utils.py", line 53, in objective_nan_wrapper
    value = func_timeout.func_timeout(timeout, objective_function, args=[individual], kwargs=objective_kwargs)
  File "/common/ketrong/tpotexp/env/lib/python3.10/site-packages/func_timeout/dafunc.py", line 108, in func_timeout
    raise_exception(exception)
  File "/common/ketrong/tpotexp/env/lib/python3.10/site-packages/func_timeout/py3_raise.py", line 7, in raise_exception
    raise exception[0] from None
  File "/common/ketrong/tpotexp/tpot2/tpot2/tpot_estimator/estimator.py", line 623, in objective_function
    return objective_function_generator(
  File "/common/ketrong/tpotexp/tpot2/tpot2/tpot_estimator/estimator_utils.py", line 55, in objective_function_generator
    cv_obj_scores = cross_val_score_objective(sklearn.base.clone(pipeline),x,y,scorers=scorers, cv=cv , fold=step)
  File "/common/ketrong/tpotexp/tpot2/tpot2/tpot_estimator/cross_val_utils.py", line 28, in cross_val_score_objective
    this_fold_pipeline.fit(X_train,y_train)
  File "/common/ketrong/tpotexp/env/lib/python3.10/site-packages/sklearn/base.py", line 1473, in wrapper
    return fit_method(estimator, *args, **kwargs)
  File "/common/ketrong/tpotexp/env/lib/python3.10/site-packages/sklearn/pipeline.py", line 473, in fit
    self._final_estimator.fit(Xt, y, **last_step_params["fit"])
  File "/common/ketrong/tpotexp/env/lib/python3.10/site-packages/sklearn/base.py", line 1466, in wrapper
    estimator._validate_params()
  File "/common/ketrong/tpotexp/env/lib/python3.10/site-packages/sklearn/base.py", line 666, in _validate_params
    validate_parameter_constraints(
  File "/common/ketrong/tpotexp/env/lib/python3.10/site-packages/sklearn/utils/_param_validation.py", line 95, in validate_parameter_constraints
    raise InvalidParameterError(
sklearn.utils._param_validation.InvalidParameterError: The 'criterion' parameter of ExtraTreesRegressor must be a str among {'friedman_mse', 'poisson', 'absolute_error', 'squared_error'}. Got 'mae' instead.

Generation:  3
Best root_mean_squared_error score: -1.5778006288385413
Generation:  12%|        | 3/25 [02:13<17:03, 46.53s/it]Generation:  4
Best root_mean_squared_error score: -1.5777546149736719
Generation:  16%|        | 4/25 [02:38<13:22, 38.20s/it]WARNING THIS INDIVIDUAL CAUSED AND EXCEPTION 
 <tpot2.search_spaces.pipelines.sequential.SequentialPipelineIndividual object at 0x15547472db10> 
 The 'criterion' parameter of RandomForestRegressor must be a str among {'friedman_mse', 'poisson', 'absolute_error', 'squared_error'}. Got 'mse' instead. 
 Traceback (most recent call last):
  File "/common/ketrong/tpotexp/tpot2/tpot2/utils/eval_utils.py", line 53, in objective_nan_wrapper
    value = func_timeout.func_timeout(timeout, objective_function, args=[individual], kwargs=objective_kwargs)
  File "/common/ketrong/tpotexp/env/lib/python3.10/site-packages/func_timeout/dafunc.py", line 108, in func_timeout
    raise_exception(exception)
  File "/common/ketrong/tpotexp/env/lib/python3.10/site-packages/func_timeout/py3_raise.py", line 7, in raise_exception
    raise exception[0] from None
  File "/common/ketrong/tpotexp/tpot2/tpot2/tpot_estimator/estimator.py", line 623, in objective_function
    return objective_function_generator(
  File "/common/ketrong/tpotexp/tpot2/tpot2/tpot_estimator/estimator_utils.py", line 55, in objective_function_generator
    cv_obj_scores = cross_val_score_objective(sklearn.base.clone(pipeline),x,y,scorers=scorers, cv=cv , fold=step)
  File "/common/ketrong/tpotexp/tpot2/tpot2/tpot_estimator/cross_val_utils.py", line 28, in cross_val_score_objective
    this_fold_pipeline.fit(X_train,y_train)
  File "/common/ketrong/tpotexp/env/lib/python3.10/site-packages/sklearn/base.py", line 1473, in wrapper
    return fit_method(estimator, *args, **kwargs)
  File "/common/ketrong/tpotexp/env/lib/python3.10/site-packages/sklearn/pipeline.py", line 473, in fit
    self._final_estimator.fit(Xt, y, **last_step_params["fit"])
  File "/common/ketrong/tpotexp/env/lib/python3.10/site-packages/sklearn/base.py", line 1466, in wrapper
    estimator._validate_params()
  File "/common/ketrong/tpotexp/env/lib/python3.10/site-packages/sklearn/base.py", line 666, in _validate_params
    validate_parameter_constraints(
  File "/common/ketrong/tpotexp/env/lib/python3.10/site-packages/sklearn/utils/_param_validation.py", line 95, in validate_parameter_constraints
    raise InvalidParameterError(
sklearn.utils._param_validation.InvalidParameterError: The 'criterion' parameter of RandomForestRegressor must be a str among {'friedman_mse', 'poisson', 'absolute_error', 'squared_error'}. Got 'mse' instead.

Generation:  5
Best root_mean_squared_error score: -1.5777546149736719
Generation:  20%|        | 5/25 [03:34<14:50, 44.50s/it]WARNING THIS INDIVIDUAL CAUSED AND EXCEPTION 
 <tpot2.search_spaces.pipelines.sequential.SequentialPipelineIndividual object at 0x1554746ee650> 
 The 'criterion' parameter of RandomForestRegressor must be a str among {'friedman_mse', 'poisson', 'absolute_error', 'squared_error'}. Got 'mae' instead. 
 Traceback (most recent call last):
  File "/common/ketrong/tpotexp/tpot2/tpot2/utils/eval_utils.py", line 53, in objective_nan_wrapper
    value = func_timeout.func_timeout(timeout, objective_function, args=[individual], kwargs=objective_kwargs)
  File "/common/ketrong/tpotexp/env/lib/python3.10/site-packages/func_timeout/dafunc.py", line 108, in func_timeout
    raise_exception(exception)
  File "/common/ketrong/tpotexp/env/lib/python3.10/site-packages/func_timeout/py3_raise.py", line 7, in raise_exception
    raise exception[0] from None
  File "/common/ketrong/tpotexp/tpot2/tpot2/tpot_estimator/estimator.py", line 623, in objective_function
    return objective_function_generator(
  File "/common/ketrong/tpotexp/tpot2/tpot2/tpot_estimator/estimator_utils.py", line 55, in objective_function_generator
    cv_obj_scores = cross_val_score_objective(sklearn.base.clone(pipeline),x,y,scorers=scorers, cv=cv , fold=step)
  File "/common/ketrong/tpotexp/tpot2/tpot2/tpot_estimator/cross_val_utils.py", line 28, in cross_val_score_objective
    this_fold_pipeline.fit(X_train,y_train)
  File "/common/ketrong/tpotexp/env/lib/python3.10/site-packages/sklearn/base.py", line 1473, in wrapper
    return fit_method(estimator, *args, **kwargs)
  File "/common/ketrong/tpotexp/env/lib/python3.10/site-packages/sklearn/pipeline.py", line 473, in fit
    self._final_estimator.fit(Xt, y, **last_step_params["fit"])
  File "/common/ketrong/tpotexp/env/lib/python3.10/site-packages/sklearn/base.py", line 1466, in wrapper
    estimator._validate_params()
  File "/common/ketrong/tpotexp/env/lib/python3.10/site-packages/sklearn/base.py", line 666, in _validate_params
    validate_parameter_constraints(
  File "/common/ketrong/tpotexp/env/lib/python3.10/site-packages/sklearn/utils/_param_validation.py", line 95, in validate_parameter_constraints
    raise InvalidParameterError(
sklearn.utils._param_validation.InvalidParameterError: The 'criterion' parameter of RandomForestRegressor must be a str among {'friedman_mse', 'poisson', 'absolute_error', 'squared_error'}. Got 'mae' instead.

Generation:  6
Best root_mean_squared_error score: -1.5777546149736719
Generation:  24%|       | 6/25 [04:10<13:13, 41.75s/it]WARNING THIS INDIVIDUAL CAUSED AND EXCEPTION 
 <tpot2.search_spaces.pipelines.sequential.SequentialPipelineIndividual object at 0x15547470a020> 
 The 'criterion' parameter of ExtraTreesRegressor must be a str among {'friedman_mse', 'poisson', 'absolute_error', 'squared_error'}. Got 'mae' instead. 
 Traceback (most recent call last):
  File "/common/ketrong/tpotexp/tpot2/tpot2/utils/eval_utils.py", line 53, in objective_nan_wrapper
    value = func_timeout.func_timeout(timeout, objective_function, args=[individual], kwargs=objective_kwargs)
  File "/common/ketrong/tpotexp/env/lib/python3.10/site-packages/func_timeout/dafunc.py", line 108, in func_timeout
    raise_exception(exception)
  File "/common/ketrong/tpotexp/env/lib/python3.10/site-packages/func_timeout/py3_raise.py", line 7, in raise_exception
    raise exception[0] from None
  File "/common/ketrong/tpotexp/tpot2/tpot2/tpot_estimator/estimator.py", line 623, in objective_function
    return objective_function_generator(
  File "/common/ketrong/tpotexp/tpot2/tpot2/tpot_estimator/estimator_utils.py", line 55, in objective_function_generator
    cv_obj_scores = cross_val_score_objective(sklearn.base.clone(pipeline),x,y,scorers=scorers, cv=cv , fold=step)
  File "/common/ketrong/tpotexp/tpot2/tpot2/tpot_estimator/cross_val_utils.py", line 28, in cross_val_score_objective
    this_fold_pipeline.fit(X_train,y_train)
  File "/common/ketrong/tpotexp/env/lib/python3.10/site-packages/sklearn/base.py", line 1473, in wrapper
    return fit_method(estimator, *args, **kwargs)
  File "/common/ketrong/tpotexp/env/lib/python3.10/site-packages/sklearn/pipeline.py", line 473, in fit
    self._final_estimator.fit(Xt, y, **last_step_params["fit"])
  File "/common/ketrong/tpotexp/env/lib/python3.10/site-packages/sklearn/base.py", line 1466, in wrapper
    estimator._validate_params()
  File "/common/ketrong/tpotexp/env/lib/python3.10/site-packages/sklearn/base.py", line 666, in _validate_params
    validate_parameter_constraints(
  File "/common/ketrong/tpotexp/env/lib/python3.10/site-packages/sklearn/utils/_param_validation.py", line 95, in validate_parameter_constraints
    raise InvalidParameterError(
sklearn.utils._param_validation.InvalidParameterError: The 'criterion' parameter of ExtraTreesRegressor must be a str among {'friedman_mse', 'poisson', 'absolute_error', 'squared_error'}. Got 'mae' instead.

Generation:  7
Best root_mean_squared_error score: -1.5777546149736719
Generation:  28%|       | 7/25 [05:11<14:23, 47.97s/it]Generation:  8
Best root_mean_squared_error score: -1.5777454189104225
Generation:  32%|      | 8/25 [06:05<14:08, 49.94s/it]WARNING THIS INDIVIDUAL CAUSED AND EXCEPTION 
 <tpot2.search_spaces.pipelines.sequential.SequentialPipelineIndividual object at 0x1554747495a0> 
 The 'criterion' parameter of RandomForestRegressor must be a str among {'friedman_mse', 'poisson', 'absolute_error', 'squared_error'}. Got 'mse' instead. 
 Traceback (most recent call last):
  File "/common/ketrong/tpotexp/tpot2/tpot2/utils/eval_utils.py", line 53, in objective_nan_wrapper
    value = func_timeout.func_timeout(timeout, objective_function, args=[individual], kwargs=objective_kwargs)
  File "/common/ketrong/tpotexp/env/lib/python3.10/site-packages/func_timeout/dafunc.py", line 108, in func_timeout
    raise_exception(exception)
  File "/common/ketrong/tpotexp/env/lib/python3.10/site-packages/func_timeout/py3_raise.py", line 7, in raise_exception
    raise exception[0] from None
  File "/common/ketrong/tpotexp/tpot2/tpot2/tpot_estimator/estimator.py", line 623, in objective_function
    return objective_function_generator(
  File "/common/ketrong/tpotexp/tpot2/tpot2/tpot_estimator/estimator_utils.py", line 55, in objective_function_generator
    cv_obj_scores = cross_val_score_objective(sklearn.base.clone(pipeline),x,y,scorers=scorers, cv=cv , fold=step)
  File "/common/ketrong/tpotexp/tpot2/tpot2/tpot_estimator/cross_val_utils.py", line 28, in cross_val_score_objective
    this_fold_pipeline.fit(X_train,y_train)
  File "/common/ketrong/tpotexp/env/lib/python3.10/site-packages/sklearn/base.py", line 1473, in wrapper
    return fit_method(estimator, *args, **kwargs)
  File "/common/ketrong/tpotexp/env/lib/python3.10/site-packages/sklearn/pipeline.py", line 473, in fit
    self._final_estimator.fit(Xt, y, **last_step_params["fit"])
  File "/common/ketrong/tpotexp/env/lib/python3.10/site-packages/sklearn/base.py", line 1466, in wrapper
    estimator._validate_params()
  File "/common/ketrong/tpotexp/env/lib/python3.10/site-packages/sklearn/base.py", line 666, in _validate_params
    validate_parameter_constraints(
  File "/common/ketrong/tpotexp/env/lib/python3.10/site-packages/sklearn/utils/_param_validation.py", line 95, in validate_parameter_constraints
    raise InvalidParameterError(
sklearn.utils._param_validation.InvalidParameterError: The 'criterion' parameter of RandomForestRegressor must be a str among {'friedman_mse', 'poisson', 'absolute_error', 'squared_error'}. Got 'mse' instead.

WARNING THIS INDIVIDUAL CAUSED AND EXCEPTION 
 <tpot2.search_spaces.pipelines.sequential.SequentialPipelineIndividual object at 0x155467ff8550> 
 The 'criterion' parameter of ExtraTreesRegressor must be a str among {'friedman_mse', 'poisson', 'absolute_error', 'squared_error'}. Got 'mae' instead. 
 Traceback (most recent call last):
  File "/common/ketrong/tpotexp/tpot2/tpot2/utils/eval_utils.py", line 53, in objective_nan_wrapper
    value = func_timeout.func_timeout(timeout, objective_function, args=[individual], kwargs=objective_kwargs)
  File "/common/ketrong/tpotexp/env/lib/python3.10/site-packages/func_timeout/dafunc.py", line 108, in func_timeout
    raise_exception(exception)
  File "/common/ketrong/tpotexp/env/lib/python3.10/site-packages/func_timeout/py3_raise.py", line 7, in raise_exception
    raise exception[0] from None
  File "/common/ketrong/tpotexp/tpot2/tpot2/tpot_estimator/estimator.py", line 623, in objective_function
    return objective_function_generator(
  File "/common/ketrong/tpotexp/tpot2/tpot2/tpot_estimator/estimator_utils.py", line 55, in objective_function_generator
    cv_obj_scores = cross_val_score_objective(sklearn.base.clone(pipeline),x,y,scorers=scorers, cv=cv , fold=step)
  File "/common/ketrong/tpotexp/tpot2/tpot2/tpot_estimator/cross_val_utils.py", line 28, in cross_val_score_objective
    this_fold_pipeline.fit(X_train,y_train)
  File "/common/ketrong/tpotexp/env/lib/python3.10/site-packages/sklearn/base.py", line 1473, in wrapper
    return fit_method(estimator, *args, **kwargs)
  File "/common/ketrong/tpotexp/env/lib/python3.10/site-packages/sklearn/pipeline.py", line 473, in fit
    self._final_estimator.fit(Xt, y, **last_step_params["fit"])
  File "/common/ketrong/tpotexp/env/lib/python3.10/site-packages/sklearn/base.py", line 1466, in wrapper
    estimator._validate_params()
  File "/common/ketrong/tpotexp/env/lib/python3.10/site-packages/sklearn/base.py", line 666, in _validate_params
    validate_parameter_constraints(
  File "/common/ketrong/tpotexp/env/lib/python3.10/site-packages/sklearn/utils/_param_validation.py", line 95, in validate_parameter_constraints
    raise InvalidParameterError(
sklearn.utils._param_validation.InvalidParameterError: The 'criterion' parameter of ExtraTreesRegressor must be a str among {'friedman_mse', 'poisson', 'absolute_error', 'squared_error'}. Got 'mae' instead.

Generation:  9
Best root_mean_squared_error score: -1.5777454189104225
Generation:  36%|      | 9/25 [07:05<14:08, 53.06s/it]Generation:  10
Best root_mean_squared_error score: -1.5777454189104225
Generation:  40%|      | 10/25 [07:51<12:42, 50.82s/it]WARNING THIS INDIVIDUAL CAUSED AND EXCEPTION 
 <tpot2.search_spaces.pipelines.sequential.SequentialPipelineIndividual object at 0x1554746a09a0> 
 The 'criterion' parameter of RandomForestRegressor must be a str among {'friedman_mse', 'poisson', 'absolute_error', 'squared_error'}. Got 'mse' instead. 
 Traceback (most recent call last):
  File "/common/ketrong/tpotexp/tpot2/tpot2/utils/eval_utils.py", line 53, in objective_nan_wrapper
    value = func_timeout.func_timeout(timeout, objective_function, args=[individual], kwargs=objective_kwargs)
  File "/common/ketrong/tpotexp/env/lib/python3.10/site-packages/func_timeout/dafunc.py", line 108, in func_timeout
    raise_exception(exception)
  File "/common/ketrong/tpotexp/env/lib/python3.10/site-packages/func_timeout/py3_raise.py", line 7, in raise_exception
    raise exception[0] from None
  File "/common/ketrong/tpotexp/tpot2/tpot2/tpot_estimator/estimator.py", line 623, in objective_function
    return objective_function_generator(
  File "/common/ketrong/tpotexp/tpot2/tpot2/tpot_estimator/estimator_utils.py", line 55, in objective_function_generator
    cv_obj_scores = cross_val_score_objective(sklearn.base.clone(pipeline),x,y,scorers=scorers, cv=cv , fold=step)
  File "/common/ketrong/tpotexp/tpot2/tpot2/tpot_estimator/cross_val_utils.py", line 28, in cross_val_score_objective
    this_fold_pipeline.fit(X_train,y_train)
  File "/common/ketrong/tpotexp/env/lib/python3.10/site-packages/sklearn/base.py", line 1473, in wrapper
    return fit_method(estimator, *args, **kwargs)
  File "/common/ketrong/tpotexp/env/lib/python3.10/site-packages/sklearn/pipeline.py", line 473, in fit
    self._final_estimator.fit(Xt, y, **last_step_params["fit"])
  File "/common/ketrong/tpotexp/env/lib/python3.10/site-packages/sklearn/base.py", line 1466, in wrapper
    estimator._validate_params()
  File "/common/ketrong/tpotexp/env/lib/python3.10/site-packages/sklearn/base.py", line 666, in _validate_params
    validate_parameter_constraints(
  File "/common/ketrong/tpotexp/env/lib/python3.10/site-packages/sklearn/utils/_param_validation.py", line 95, in validate_parameter_constraints
    raise InvalidParameterError(
sklearn.utils._param_validation.InvalidParameterError: The 'criterion' parameter of RandomForestRegressor must be a str among {'friedman_mse', 'poisson', 'absolute_error', 'squared_error'}. Got 'mse' instead.

Generation:  11
Best root_mean_squared_error score: -1.5777454189104225
Generation:  44%|     | 11/25 [08:39<11:41, 50.07s/it]WARNING THIS INDIVIDUAL CAUSED AND EXCEPTION 
 <tpot2.search_spaces.pipelines.sequential.SequentialPipelineIndividual object at 0x155477284490> 
 The 'criterion' parameter of RandomForestRegressor must be a str among {'friedman_mse', 'poisson', 'absolute_error', 'squared_error'}. Got 'mae' instead. 
 Traceback (most recent call last):
  File "/common/ketrong/tpotexp/tpot2/tpot2/utils/eval_utils.py", line 53, in objective_nan_wrapper
    value = func_timeout.func_timeout(timeout, objective_function, args=[individual], kwargs=objective_kwargs)
  File "/common/ketrong/tpotexp/env/lib/python3.10/site-packages/func_timeout/dafunc.py", line 108, in func_timeout
    raise_exception(exception)
  File "/common/ketrong/tpotexp/env/lib/python3.10/site-packages/func_timeout/py3_raise.py", line 7, in raise_exception
    raise exception[0] from None
  File "/common/ketrong/tpotexp/tpot2/tpot2/tpot_estimator/estimator.py", line 623, in objective_function
    return objective_function_generator(
  File "/common/ketrong/tpotexp/tpot2/tpot2/tpot_estimator/estimator_utils.py", line 55, in objective_function_generator
    cv_obj_scores = cross_val_score_objective(sklearn.base.clone(pipeline),x,y,scorers=scorers, cv=cv , fold=step)
  File "/common/ketrong/tpotexp/tpot2/tpot2/tpot_estimator/cross_val_utils.py", line 28, in cross_val_score_objective
    this_fold_pipeline.fit(X_train,y_train)
  File "/common/ketrong/tpotexp/env/lib/python3.10/site-packages/sklearn/base.py", line 1473, in wrapper
    return fit_method(estimator, *args, **kwargs)
  File "/common/ketrong/tpotexp/env/lib/python3.10/site-packages/sklearn/pipeline.py", line 473, in fit
    self._final_estimator.fit(Xt, y, **last_step_params["fit"])
  File "/common/ketrong/tpotexp/env/lib/python3.10/site-packages/sklearn/base.py", line 1466, in wrapper
    estimator._validate_params()
  File "/common/ketrong/tpotexp/env/lib/python3.10/site-packages/sklearn/base.py", line 666, in _validate_params
    validate_parameter_constraints(
  File "/common/ketrong/tpotexp/env/lib/python3.10/site-packages/sklearn/utils/_param_validation.py", line 95, in validate_parameter_constraints
    raise InvalidParameterError(
sklearn.utils._param_validation.InvalidParameterError: The 'criterion' parameter of RandomForestRegressor must be a str among {'friedman_mse', 'poisson', 'absolute_error', 'squared_error'}. Got 'mae' instead.

Generation:  12
Best root_mean_squared_error score: -1.5777454189104225
Generation:  48%|     | 12/25 [09:45<11:52, 54.79s/it]Generation:  13
Best root_mean_squared_error score: -1.5773759638980658
Generation:  52%|    | 13/25 [10:20<09:45, 48.78s/it]WARNING THIS INDIVIDUAL CAUSED AND EXCEPTION 
 <tpot2.search_spaces.pipelines.sequential.SequentialPipelineIndividual object at 0x15547474b8b0> 
 The 'criterion' parameter of DecisionTreeRegressor must be a str among {'friedman_mse', 'poisson', 'absolute_error', 'squared_error'}. Got 'mae' instead. 
 Traceback (most recent call last):
  File "/common/ketrong/tpotexp/tpot2/tpot2/utils/eval_utils.py", line 53, in objective_nan_wrapper
    value = func_timeout.func_timeout(timeout, objective_function, args=[individual], kwargs=objective_kwargs)
  File "/common/ketrong/tpotexp/env/lib/python3.10/site-packages/func_timeout/dafunc.py", line 108, in func_timeout
    raise_exception(exception)
  File "/common/ketrong/tpotexp/env/lib/python3.10/site-packages/func_timeout/py3_raise.py", line 7, in raise_exception
    raise exception[0] from None
  File "/common/ketrong/tpotexp/tpot2/tpot2/tpot_estimator/estimator.py", line 623, in objective_function
    return objective_function_generator(
  File "/common/ketrong/tpotexp/tpot2/tpot2/tpot_estimator/estimator_utils.py", line 55, in objective_function_generator
    cv_obj_scores = cross_val_score_objective(sklearn.base.clone(pipeline),x,y,scorers=scorers, cv=cv , fold=step)
  File "/common/ketrong/tpotexp/tpot2/tpot2/tpot_estimator/cross_val_utils.py", line 28, in cross_val_score_objective
    this_fold_pipeline.fit(X_train,y_train)
  File "/common/ketrong/tpotexp/env/lib/python3.10/site-packages/sklearn/base.py", line 1473, in wrapper
    return fit_method(estimator, *args, **kwargs)
  File "/common/ketrong/tpotexp/env/lib/python3.10/site-packages/sklearn/pipeline.py", line 473, in fit
    self._final_estimator.fit(Xt, y, **last_step_params["fit"])
  File "/common/ketrong/tpotexp/env/lib/python3.10/site-packages/sklearn/base.py", line 1466, in wrapper
    estimator._validate_params()
  File "/common/ketrong/tpotexp/env/lib/python3.10/site-packages/sklearn/base.py", line 666, in _validate_params
    validate_parameter_constraints(
  File "/common/ketrong/tpotexp/env/lib/python3.10/site-packages/sklearn/utils/_param_validation.py", line 95, in validate_parameter_constraints
    raise InvalidParameterError(
sklearn.utils._param_validation.InvalidParameterError: The 'criterion' parameter of DecisionTreeRegressor must be a str among {'friedman_mse', 'poisson', 'absolute_error', 'squared_error'}. Got 'mae' instead.

Generation:  14
Best root_mean_squared_error score: -1.5773759638980658
Generation:  56%|    | 14/25 [11:23<09:46, 53.29s/it]WARNING THIS INDIVIDUAL CAUSED AND EXCEPTION 
 <tpot2.search_spaces.pipelines.sequential.SequentialPipelineIndividual object at 0x15547474b5b0> 
 The 'criterion' parameter of RandomForestRegressor must be a str among {'friedman_mse', 'poisson', 'absolute_error', 'squared_error'}. Got 'mae' instead. 
 Traceback (most recent call last):
  File "/common/ketrong/tpotexp/tpot2/tpot2/utils/eval_utils.py", line 53, in objective_nan_wrapper
    value = func_timeout.func_timeout(timeout, objective_function, args=[individual], kwargs=objective_kwargs)
  File "/common/ketrong/tpotexp/env/lib/python3.10/site-packages/func_timeout/dafunc.py", line 108, in func_timeout
    raise_exception(exception)
  File "/common/ketrong/tpotexp/env/lib/python3.10/site-packages/func_timeout/py3_raise.py", line 7, in raise_exception
    raise exception[0] from None
  File "/common/ketrong/tpotexp/tpot2/tpot2/tpot_estimator/estimator.py", line 623, in objective_function
    return objective_function_generator(
  File "/common/ketrong/tpotexp/tpot2/tpot2/tpot_estimator/estimator_utils.py", line 55, in objective_function_generator
    cv_obj_scores = cross_val_score_objective(sklearn.base.clone(pipeline),x,y,scorers=scorers, cv=cv , fold=step)
  File "/common/ketrong/tpotexp/tpot2/tpot2/tpot_estimator/cross_val_utils.py", line 28, in cross_val_score_objective
    this_fold_pipeline.fit(X_train,y_train)
  File "/common/ketrong/tpotexp/env/lib/python3.10/site-packages/sklearn/base.py", line 1473, in wrapper
    return fit_method(estimator, *args, **kwargs)
  File "/common/ketrong/tpotexp/env/lib/python3.10/site-packages/sklearn/pipeline.py", line 473, in fit
    self._final_estimator.fit(Xt, y, **last_step_params["fit"])
  File "/common/ketrong/tpotexp/env/lib/python3.10/site-packages/sklearn/base.py", line 1466, in wrapper
    estimator._validate_params()
  File "/common/ketrong/tpotexp/env/lib/python3.10/site-packages/sklearn/base.py", line 666, in _validate_params
    validate_parameter_constraints(
  File "/common/ketrong/tpotexp/env/lib/python3.10/site-packages/sklearn/utils/_param_validation.py", line 95, in validate_parameter_constraints
    raise InvalidParameterError(
sklearn.utils._param_validation.InvalidParameterError: The 'criterion' parameter of RandomForestRegressor must be a str among {'friedman_mse', 'poisson', 'absolute_error', 'squared_error'}. Got 'mae' instead.

Generation:  15
Best root_mean_squared_error score: -1.5773759638980658
Generation:  60%|    | 15/25 [12:06<08:20, 50.10s/it]WARNING THIS INDIVIDUAL CAUSED AND EXCEPTION 
 <tpot2.search_spaces.pipelines.sequential.SequentialPipelineIndividual object at 0x15547474ada0> 
 The 'criterion' parameter of RandomForestRegressor must be a str among {'friedman_mse', 'poisson', 'absolute_error', 'squared_error'}. Got 'mae' instead. 
 Traceback (most recent call last):
  File "/common/ketrong/tpotexp/tpot2/tpot2/utils/eval_utils.py", line 53, in objective_nan_wrapper
    value = func_timeout.func_timeout(timeout, objective_function, args=[individual], kwargs=objective_kwargs)
  File "/common/ketrong/tpotexp/env/lib/python3.10/site-packages/func_timeout/dafunc.py", line 108, in func_timeout
    raise_exception(exception)
  File "/common/ketrong/tpotexp/env/lib/python3.10/site-packages/func_timeout/py3_raise.py", line 7, in raise_exception
    raise exception[0] from None
  File "/common/ketrong/tpotexp/tpot2/tpot2/tpot_estimator/estimator.py", line 623, in objective_function
    return objective_function_generator(
  File "/common/ketrong/tpotexp/tpot2/tpot2/tpot_estimator/estimator_utils.py", line 55, in objective_function_generator
    cv_obj_scores = cross_val_score_objective(sklearn.base.clone(pipeline),x,y,scorers=scorers, cv=cv , fold=step)
  File "/common/ketrong/tpotexp/tpot2/tpot2/tpot_estimator/cross_val_utils.py", line 28, in cross_val_score_objective
    this_fold_pipeline.fit(X_train,y_train)
  File "/common/ketrong/tpotexp/env/lib/python3.10/site-packages/sklearn/base.py", line 1473, in wrapper
    return fit_method(estimator, *args, **kwargs)
  File "/common/ketrong/tpotexp/env/lib/python3.10/site-packages/sklearn/pipeline.py", line 473, in fit
    self._final_estimator.fit(Xt, y, **last_step_params["fit"])
  File "/common/ketrong/tpotexp/env/lib/python3.10/site-packages/sklearn/base.py", line 1466, in wrapper
    estimator._validate_params()
  File "/common/ketrong/tpotexp/env/lib/python3.10/site-packages/sklearn/base.py", line 666, in _validate_params
    validate_parameter_constraints(
  File "/common/ketrong/tpotexp/env/lib/python3.10/site-packages/sklearn/utils/_param_validation.py", line 95, in validate_parameter_constraints
    raise InvalidParameterError(
sklearn.utils._param_validation.InvalidParameterError: The 'criterion' parameter of RandomForestRegressor must be a str among {'friedman_mse', 'poisson', 'absolute_error', 'squared_error'}. Got 'mae' instead.

WARNING THIS INDIVIDUAL CAUSED AND EXCEPTION 
 <tpot2.search_spaces.pipelines.sequential.SequentialPipelineIndividual object at 0x155465686b00> 
 The 'criterion' parameter of RandomForestRegressor must be a str among {'friedman_mse', 'poisson', 'absolute_error', 'squared_error'}. Got 'mse' instead. 
 Traceback (most recent call last):
  File "/common/ketrong/tpotexp/tpot2/tpot2/utils/eval_utils.py", line 53, in objective_nan_wrapper
    value = func_timeout.func_timeout(timeout, objective_function, args=[individual], kwargs=objective_kwargs)
  File "/common/ketrong/tpotexp/env/lib/python3.10/site-packages/func_timeout/dafunc.py", line 108, in func_timeout
    raise_exception(exception)
  File "/common/ketrong/tpotexp/env/lib/python3.10/site-packages/func_timeout/py3_raise.py", line 7, in raise_exception
    raise exception[0] from None
  File "/common/ketrong/tpotexp/tpot2/tpot2/tpot_estimator/estimator.py", line 623, in objective_function
    return objective_function_generator(
  File "/common/ketrong/tpotexp/tpot2/tpot2/tpot_estimator/estimator_utils.py", line 55, in objective_function_generator
    cv_obj_scores = cross_val_score_objective(sklearn.base.clone(pipeline),x,y,scorers=scorers, cv=cv , fold=step)
  File "/common/ketrong/tpotexp/tpot2/tpot2/tpot_estimator/cross_val_utils.py", line 28, in cross_val_score_objective
    this_fold_pipeline.fit(X_train,y_train)
  File "/common/ketrong/tpotexp/env/lib/python3.10/site-packages/sklearn/base.py", line 1473, in wrapper
    return fit_method(estimator, *args, **kwargs)
  File "/common/ketrong/tpotexp/env/lib/python3.10/site-packages/sklearn/pipeline.py", line 473, in fit
    self._final_estimator.fit(Xt, y, **last_step_params["fit"])
  File "/common/ketrong/tpotexp/env/lib/python3.10/site-packages/sklearn/base.py", line 1466, in wrapper
    estimator._validate_params()
  File "/common/ketrong/tpotexp/env/lib/python3.10/site-packages/sklearn/base.py", line 666, in _validate_params
    validate_parameter_constraints(
  File "/common/ketrong/tpotexp/env/lib/python3.10/site-packages/sklearn/utils/_param_validation.py", line 95, in validate_parameter_constraints
    raise InvalidParameterError(
sklearn.utils._param_validation.InvalidParameterError: The 'criterion' parameter of RandomForestRegressor must be a str among {'friedman_mse', 'poisson', 'absolute_error', 'squared_error'}. Got 'mse' instead.

WARNING THIS INDIVIDUAL CAUSED AND EXCEPTION 
 <tpot2.search_spaces.pipelines.sequential.SequentialPipelineIndividual object at 0x155474741990> 
 The 'criterion' parameter of ExtraTreesRegressor must be a str among {'friedman_mse', 'poisson', 'absolute_error', 'squared_error'}. Got 'mae' instead. 
 Traceback (most recent call last):
  File "/common/ketrong/tpotexp/tpot2/tpot2/utils/eval_utils.py", line 53, in objective_nan_wrapper
    value = func_timeout.func_timeout(timeout, objective_function, args=[individual], kwargs=objective_kwargs)
  File "/common/ketrong/tpotexp/env/lib/python3.10/site-packages/func_timeout/dafunc.py", line 108, in func_timeout
    raise_exception(exception)
  File "/common/ketrong/tpotexp/env/lib/python3.10/site-packages/func_timeout/py3_raise.py", line 7, in raise_exception
    raise exception[0] from None
  File "/common/ketrong/tpotexp/tpot2/tpot2/tpot_estimator/estimator.py", line 623, in objective_function
    return objective_function_generator(
  File "/common/ketrong/tpotexp/tpot2/tpot2/tpot_estimator/estimator_utils.py", line 55, in objective_function_generator
    cv_obj_scores = cross_val_score_objective(sklearn.base.clone(pipeline),x,y,scorers=scorers, cv=cv , fold=step)
  File "/common/ketrong/tpotexp/tpot2/tpot2/tpot_estimator/cross_val_utils.py", line 28, in cross_val_score_objective
    this_fold_pipeline.fit(X_train,y_train)
  File "/common/ketrong/tpotexp/env/lib/python3.10/site-packages/sklearn/base.py", line 1473, in wrapper
    return fit_method(estimator, *args, **kwargs)
  File "/common/ketrong/tpotexp/env/lib/python3.10/site-packages/sklearn/pipeline.py", line 473, in fit
    self._final_estimator.fit(Xt, y, **last_step_params["fit"])
  File "/common/ketrong/tpotexp/env/lib/python3.10/site-packages/sklearn/base.py", line 1466, in wrapper
    estimator._validate_params()
  File "/common/ketrong/tpotexp/env/lib/python3.10/site-packages/sklearn/base.py", line 666, in _validate_params
    validate_parameter_constraints(
  File "/common/ketrong/tpotexp/env/lib/python3.10/site-packages/sklearn/utils/_param_validation.py", line 95, in validate_parameter_constraints
    raise InvalidParameterError(
sklearn.utils._param_validation.InvalidParameterError: The 'criterion' parameter of ExtraTreesRegressor must be a str among {'friedman_mse', 'poisson', 'absolute_error', 'squared_error'}. Got 'mae' instead.

Generation:  16
Best root_mean_squared_error score: -1.5773759638980658
Generation:  64%|   | 16/25 [13:10<08:06, 54.11s/it]WARNING THIS INDIVIDUAL CAUSED AND EXCEPTION 
 <tpot2.search_spaces.pipelines.sequential.SequentialPipelineIndividual object at 0x155465787c70> 
 The 'criterion' parameter of RandomForestRegressor must be a str among {'friedman_mse', 'poisson', 'absolute_error', 'squared_error'}. Got 'mse' instead. 
 Traceback (most recent call last):
  File "/common/ketrong/tpotexp/tpot2/tpot2/utils/eval_utils.py", line 53, in objective_nan_wrapper
    value = func_timeout.func_timeout(timeout, objective_function, args=[individual], kwargs=objective_kwargs)
  File "/common/ketrong/tpotexp/env/lib/python3.10/site-packages/func_timeout/dafunc.py", line 108, in func_timeout
    raise_exception(exception)
  File "/common/ketrong/tpotexp/env/lib/python3.10/site-packages/func_timeout/py3_raise.py", line 7, in raise_exception
    raise exception[0] from None
  File "/common/ketrong/tpotexp/tpot2/tpot2/tpot_estimator/estimator.py", line 623, in objective_function
    return objective_function_generator(
  File "/common/ketrong/tpotexp/tpot2/tpot2/tpot_estimator/estimator_utils.py", line 55, in objective_function_generator
    cv_obj_scores = cross_val_score_objective(sklearn.base.clone(pipeline),x,y,scorers=scorers, cv=cv , fold=step)
  File "/common/ketrong/tpotexp/tpot2/tpot2/tpot_estimator/cross_val_utils.py", line 28, in cross_val_score_objective
    this_fold_pipeline.fit(X_train,y_train)
  File "/common/ketrong/tpotexp/env/lib/python3.10/site-packages/sklearn/base.py", line 1473, in wrapper
    return fit_method(estimator, *args, **kwargs)
  File "/common/ketrong/tpotexp/env/lib/python3.10/site-packages/sklearn/pipeline.py", line 473, in fit
    self._final_estimator.fit(Xt, y, **last_step_params["fit"])
  File "/common/ketrong/tpotexp/env/lib/python3.10/site-packages/sklearn/base.py", line 1466, in wrapper
    estimator._validate_params()
  File "/common/ketrong/tpotexp/env/lib/python3.10/site-packages/sklearn/base.py", line 666, in _validate_params
    validate_parameter_constraints(
  File "/common/ketrong/tpotexp/env/lib/python3.10/site-packages/sklearn/utils/_param_validation.py", line 95, in validate_parameter_constraints
    raise InvalidParameterError(
sklearn.utils._param_validation.InvalidParameterError: The 'criterion' parameter of RandomForestRegressor must be a str among {'friedman_mse', 'poisson', 'absolute_error', 'squared_error'}. Got 'mse' instead.

WARNING THIS INDIVIDUAL CAUSED AND EXCEPTION 
 <tpot2.search_spaces.pipelines.sequential.SequentialPipelineIndividual object at 0x155465830ac0> 
 The 'criterion' parameter of RandomForestRegressor must be a str among {'friedman_mse', 'poisson', 'absolute_error', 'squared_error'}. Got 'mae' instead. 
 Traceback (most recent call last):
  File "/common/ketrong/tpotexp/tpot2/tpot2/utils/eval_utils.py", line 53, in objective_nan_wrapper
    value = func_timeout.func_timeout(timeout, objective_function, args=[individual], kwargs=objective_kwargs)
  File "/common/ketrong/tpotexp/env/lib/python3.10/site-packages/func_timeout/dafunc.py", line 108, in func_timeout
    raise_exception(exception)
  File "/common/ketrong/tpotexp/env/lib/python3.10/site-packages/func_timeout/py3_raise.py", line 7, in raise_exception
    raise exception[0] from None
  File "/common/ketrong/tpotexp/tpot2/tpot2/tpot_estimator/estimator.py", line 623, in objective_function
    return objective_function_generator(
  File "/common/ketrong/tpotexp/tpot2/tpot2/tpot_estimator/estimator_utils.py", line 55, in objective_function_generator
    cv_obj_scores = cross_val_score_objective(sklearn.base.clone(pipeline),x,y,scorers=scorers, cv=cv , fold=step)
  File "/common/ketrong/tpotexp/tpot2/tpot2/tpot_estimator/cross_val_utils.py", line 28, in cross_val_score_objective
    this_fold_pipeline.fit(X_train,y_train)
  File "/common/ketrong/tpotexp/env/lib/python3.10/site-packages/sklearn/base.py", line 1473, in wrapper
    return fit_method(estimator, *args, **kwargs)
  File "/common/ketrong/tpotexp/env/lib/python3.10/site-packages/sklearn/pipeline.py", line 473, in fit
    self._final_estimator.fit(Xt, y, **last_step_params["fit"])
  File "/common/ketrong/tpotexp/env/lib/python3.10/site-packages/sklearn/base.py", line 1466, in wrapper
    estimator._validate_params()
  File "/common/ketrong/tpotexp/env/lib/python3.10/site-packages/sklearn/base.py", line 666, in _validate_params
    validate_parameter_constraints(
  File "/common/ketrong/tpotexp/env/lib/python3.10/site-packages/sklearn/utils/_param_validation.py", line 95, in validate_parameter_constraints
    raise InvalidParameterError(
sklearn.utils._param_validation.InvalidParameterError: The 'criterion' parameter of RandomForestRegressor must be a str among {'friedman_mse', 'poisson', 'absolute_error', 'squared_error'}. Got 'mae' instead.

Generation:  17
Best root_mean_squared_error score: -1.5773759638980658
Generation:  68%|   | 17/25 [14:20<07:50, 58.86s/it]Generation:  18
Best root_mean_squared_error score: -1.5773759638980658
Generation:  72%|  | 18/25 [14:55<06:03, 51.92s/it]Generation:  19
Best root_mean_squared_error score: -1.5773759638980658
Generation:  76%|  | 19/25 [15:15<04:12, 42.15s/it]WARNING THIS INDIVIDUAL CAUSED AND EXCEPTION 
 <tpot2.search_spaces.pipelines.sequential.SequentialPipelineIndividual object at 0x155467fe2b60> 
 The 'criterion' parameter of DecisionTreeRegressor must be a str among {'friedman_mse', 'poisson', 'absolute_error', 'squared_error'}. Got 'mae' instead. 
 Traceback (most recent call last):
  File "/common/ketrong/tpotexp/tpot2/tpot2/utils/eval_utils.py", line 53, in objective_nan_wrapper
    value = func_timeout.func_timeout(timeout, objective_function, args=[individual], kwargs=objective_kwargs)
  File "/common/ketrong/tpotexp/env/lib/python3.10/site-packages/func_timeout/dafunc.py", line 108, in func_timeout
    raise_exception(exception)
  File "/common/ketrong/tpotexp/env/lib/python3.10/site-packages/func_timeout/py3_raise.py", line 7, in raise_exception
    raise exception[0] from None
  File "/common/ketrong/tpotexp/tpot2/tpot2/tpot_estimator/estimator.py", line 623, in objective_function
    return objective_function_generator(
  File "/common/ketrong/tpotexp/tpot2/tpot2/tpot_estimator/estimator_utils.py", line 55, in objective_function_generator
    cv_obj_scores = cross_val_score_objective(sklearn.base.clone(pipeline),x,y,scorers=scorers, cv=cv , fold=step)
  File "/common/ketrong/tpotexp/tpot2/tpot2/tpot_estimator/cross_val_utils.py", line 28, in cross_val_score_objective
    this_fold_pipeline.fit(X_train,y_train)
  File "/common/ketrong/tpotexp/env/lib/python3.10/site-packages/sklearn/base.py", line 1473, in wrapper
    return fit_method(estimator, *args, **kwargs)
  File "/common/ketrong/tpotexp/env/lib/python3.10/site-packages/sklearn/pipeline.py", line 473, in fit
    self._final_estimator.fit(Xt, y, **last_step_params["fit"])
  File "/common/ketrong/tpotexp/env/lib/python3.10/site-packages/sklearn/base.py", line 1466, in wrapper
    estimator._validate_params()
  File "/common/ketrong/tpotexp/env/lib/python3.10/site-packages/sklearn/base.py", line 666, in _validate_params
    validate_parameter_constraints(
  File "/common/ketrong/tpotexp/env/lib/python3.10/site-packages/sklearn/utils/_param_validation.py", line 95, in validate_parameter_constraints
    raise InvalidParameterError(
sklearn.utils._param_validation.InvalidParameterError: The 'criterion' parameter of DecisionTreeRegressor must be a str among {'friedman_mse', 'poisson', 'absolute_error', 'squared_error'}. Got 'mae' instead.

Generation:  20
Best root_mean_squared_error score: -1.5773759638980658
Generation:  80%|  | 20/25 [16:40<04:35, 55.18s/it]Generation:  21
Best root_mean_squared_error score: -1.5773759638980658
Generation:  84%| | 21/25 [17:30<03:33, 53.48s/it]Generation:  22
Best root_mean_squared_error score: -1.5773759638980658
Generation:  88%| | 22/25 [18:12<02:30, 50.08s/it]WARNING THIS INDIVIDUAL CAUSED AND EXCEPTION 
 <tpot2.search_spaces.pipelines.sequential.SequentialPipelineIndividual object at 0x15547471ce80> 
 The 'criterion' parameter of RandomForestRegressor must be a str among {'friedman_mse', 'poisson', 'absolute_error', 'squared_error'}. Got 'mse' instead. 
 Traceback (most recent call last):
  File "/common/ketrong/tpotexp/tpot2/tpot2/utils/eval_utils.py", line 53, in objective_nan_wrapper
    value = func_timeout.func_timeout(timeout, objective_function, args=[individual], kwargs=objective_kwargs)
  File "/common/ketrong/tpotexp/env/lib/python3.10/site-packages/func_timeout/dafunc.py", line 108, in func_timeout
    raise_exception(exception)
  File "/common/ketrong/tpotexp/env/lib/python3.10/site-packages/func_timeout/py3_raise.py", line 7, in raise_exception
    raise exception[0] from None
  File "/common/ketrong/tpotexp/tpot2/tpot2/tpot_estimator/estimator.py", line 623, in objective_function
    return objective_function_generator(
  File "/common/ketrong/tpotexp/tpot2/tpot2/tpot_estimator/estimator_utils.py", line 55, in objective_function_generator
    cv_obj_scores = cross_val_score_objective(sklearn.base.clone(pipeline),x,y,scorers=scorers, cv=cv , fold=step)
  File "/common/ketrong/tpotexp/tpot2/tpot2/tpot_estimator/cross_val_utils.py", line 28, in cross_val_score_objective
    this_fold_pipeline.fit(X_train,y_train)
  File "/common/ketrong/tpotexp/env/lib/python3.10/site-packages/sklearn/base.py", line 1473, in wrapper
    return fit_method(estimator, *args, **kwargs)
  File "/common/ketrong/tpotexp/env/lib/python3.10/site-packages/sklearn/pipeline.py", line 473, in fit
    self._final_estimator.fit(Xt, y, **last_step_params["fit"])
  File "/common/ketrong/tpotexp/env/lib/python3.10/site-packages/sklearn/base.py", line 1466, in wrapper
    estimator._validate_params()
  File "/common/ketrong/tpotexp/env/lib/python3.10/site-packages/sklearn/base.py", line 666, in _validate_params
    validate_parameter_constraints(
  File "/common/ketrong/tpotexp/env/lib/python3.10/site-packages/sklearn/utils/_param_validation.py", line 95, in validate_parameter_constraints
    raise InvalidParameterError(
sklearn.utils._param_validation.InvalidParameterError: The 'criterion' parameter of RandomForestRegressor must be a str among {'friedman_mse', 'poisson', 'absolute_error', 'squared_error'}. Got 'mse' instead.

Generation:  23
Best root_mean_squared_error score: -1.5773759638980658
Generation:  92%|| 23/25 [19:00<01:39, 49.54s/it]Generation:  24
Best root_mean_squared_error score: -1.5773759638980658
Generation:  96%|| 24/25 [19:12<00:38, 38.25s/it]Generation:  25
Best root_mean_squared_error score: -1.5773759638980658
Generation: 100%|| 25/25 [20:26<00:00, 48.93s/it]Generation: 100%|| 25/25 [20:28<00:00, 49.15s/it]
2024-10-03 11:22:25,106 - distributed.scheduler - ERROR - Removing worker 'tcp://127.0.0.1:35617' caused the cluster to lose scattered data, which can't be recovered: {'ndarray-b3963858d76f26c8c0cc7fdcbca46bf5', 'DataFrame-a4fd229d0d64e340bbc29ac5fc78ab11'} (stimulus_id='handle-worker-cleanup-1727979745.1068618')
Fitted
Pipeline(steps=[('histgradientboostingregressor',
                 HistGradientBoostingRegressor(early_stopping=True,
                                               l2_regularization=3.9699e-09,
                                               learning_rate=0.003157958844,
                                               max_features=0.7817406903037,
                                               max_leaf_nodes=1470,
                                               min_samples_leaf=107,
                                               n_iter_no_change=14, tol=0.0001,
                                               validation_fraction=0.3861211138083))])
score start
train score: {'explained_var': 0.001955829404201581, 'r2': 0.001954756412343772, 'rmse': 1.590414647483525}
original test score: {'explained_var': 0.00023827921434804722, 'r2': -0.0005464592351909214, 'rmse': 1.5207184645229472}
imputed test score: {'explained_var': -0.00041353767534380026, 'r2': -0.0012221359670805398, 'rmse': 1.5212318543107253}
score end
check intended
EXP2 Finished
running experiment 3/3 - What is the best automl settings?
<tpot2.search_spaces.pipelines.sequential.SequentialPipeline object at 0x1553eb090c10>
Start tpot fit
Version 0.1.7a0 of tpot2 is outdated. Version 0.1.8a0 was released Tuesday September 17, 2024.
Version 0.1.7a0 of tpot2 is outdated. Version 0.1.8a0 was released Tuesday September 17, 2024.
Version 0.1.7a0 of tpot2 is outdated. Version 0.1.8a0 was released Tuesday September 17, 2024.
Version 0.1.7a0 of tpot2 is outdated. Version 0.1.8a0 was released Tuesday September 17, 2024.
Version 0.1.7a0 of tpot2 is outdated. Version 0.1.8a0 was released Tuesday September 17, 2024.
Version 0.1.7a0 of tpot2 is outdated. Version 0.1.8a0 was released Tuesday September 17, 2024.
Version 0.1.7a0 of tpot2 is outdated. Version 0.1.8a0 was released Tuesday September 17, 2024.
Version 0.1.7a0 of tpot2 is outdated. Version 0.1.8a0 was released Tuesday September 17, 2024.
Version 0.1.7a0 of tpot2 is outdated. Version 0.1.8a0 was released Tuesday September 17, 2024.
Version 0.1.7a0 of tpot2 is outdated. Version 0.1.8a0 was released Tuesday September 17, 2024.
Version 0.1.7a0 of tpot2 is outdated. Version 0.1.8a0 was released Tuesday September 17, 2024.
Version 0.1.7a0 of tpot2 is outdated. Version 0.1.8a0 was released Tuesday September 17, 2024.
Version 0.1.7a0 of tpot2 is outdated. Version 0.1.8a0 was released Tuesday September 17, 2024.
Version 0.1.7a0 of tpot2 is outdated. Version 0.1.8a0 was released Tuesday September 17, 2024.
Version 0.1.7a0 of tpot2 is outdated. Version 0.1.8a0 was released Tuesday September 17, 2024.
Version 0.1.7a0 of tpot2 is outdated. Version 0.1.8a0 was released Tuesday September 17, 2024.
  0%|          | 0/25 [00:00<?, ?it/s]Generation:   0%|          | 0/25 [00:00<?, ?it/s]WARNING THIS INDIVIDUAL CAUSED AND EXCEPTION 
 <tpot2.search_spaces.pipelines.sequential.SequentialPipelineIndividual object at 0x155474cd50c0> 
 Input X contains NaN.
LinearSVR does not accept missing values encoded as NaN natively. For supervised learning, you might want to consider sklearn.ensemble.HistGradientBoostingClassifier and Regressor which accept missing values encoded as NaNs natively. Alternatively, it is possible to preprocess the data, for instance by using an imputer transformer in a pipeline or drop samples with missing values. See https://scikit-learn.org/stable/modules/impute.html You can find a list of all estimators that handle NaN values at the following page: https://scikit-learn.org/stable/modules/impute.html#estimators-that-handle-nan-values 
 Traceback (most recent call last):
  File "/common/ketrong/tpotexp/tpot2/tpot2/utils/eval_utils.py", line 53, in objective_nan_wrapper
    value = func_timeout.func_timeout(timeout, objective_function, args=[individual], kwargs=objective_kwargs)
  File "/common/ketrong/tpotexp/env/lib/python3.10/site-packages/func_timeout/dafunc.py", line 108, in func_timeout
    raise_exception(exception)
  File "/common/ketrong/tpotexp/env/lib/python3.10/site-packages/func_timeout/py3_raise.py", line 7, in raise_exception
    raise exception[0] from None
  File "/common/ketrong/tpotexp/tpot2/tpot2/tpot_estimator/estimator.py", line 623, in objective_function
    return objective_function_generator(
  File "/common/ketrong/tpotexp/tpot2/tpot2/tpot_estimator/estimator_utils.py", line 55, in objective_function_generator
    cv_obj_scores = cross_val_score_objective(sklearn.base.clone(pipeline),x,y,scorers=scorers, cv=cv , fold=step)
  File "/common/ketrong/tpotexp/tpot2/tpot2/tpot_estimator/cross_val_utils.py", line 28, in cross_val_score_objective
    this_fold_pipeline.fit(X_train,y_train)
  File "/common/ketrong/tpotexp/env/lib/python3.10/site-packages/sklearn/base.py", line 1473, in wrapper
    return fit_method(estimator, *args, **kwargs)
  File "/common/ketrong/tpotexp/env/lib/python3.10/site-packages/sklearn/pipeline.py", line 473, in fit
    self._final_estimator.fit(Xt, y, **last_step_params["fit"])
  File "/common/ketrong/tpotexp/env/lib/python3.10/site-packages/sklearn/base.py", line 1473, in wrapper
    return fit_method(estimator, *args, **kwargs)
  File "/common/ketrong/tpotexp/env/lib/python3.10/site-packages/sklearn/svm/_classes.py", line 569, in fit
    X, y = self._validate_data(
  File "/common/ketrong/tpotexp/env/lib/python3.10/site-packages/sklearn/base.py", line 650, in _validate_data
    X, y = check_X_y(X, y, **check_params)
  File "/common/ketrong/tpotexp/env/lib/python3.10/site-packages/sklearn/utils/validation.py", line 1301, in check_X_y
    X = check_array(
  File "/common/ketrong/tpotexp/env/lib/python3.10/site-packages/sklearn/utils/validation.py", line 1064, in check_array
    _assert_all_finite(
  File "/common/ketrong/tpotexp/env/lib/python3.10/site-packages/sklearn/utils/validation.py", line 123, in _assert_all_finite
    _assert_all_finite_element_wise(
  File "/common/ketrong/tpotexp/env/lib/python3.10/site-packages/sklearn/utils/validation.py", line 172, in _assert_all_finite_element_wise
    raise ValueError(msg_err)
ValueError: Input X contains NaN.
LinearSVR does not accept missing values encoded as NaN natively. For supervised learning, you might want to consider sklearn.ensemble.HistGradientBoostingClassifier and Regressor which accept missing values encoded as NaNs natively. Alternatively, it is possible to preprocess the data, for instance by using an imputer transformer in a pipeline or drop samples with missing values. See https://scikit-learn.org/stable/modules/impute.html You can find a list of all estimators that handle NaN values at the following page: https://scikit-learn.org/stable/modules/impute.html#estimators-that-handle-nan-values

WARNING THIS INDIVIDUAL CAUSED AND EXCEPTION 
 <tpot2.search_spaces.pipelines.sequential.SequentialPipelineIndividual object at 0x155474cd4ca0> 
 Input X contains NaN.
SVR does not accept missing values encoded as NaN natively. For supervised learning, you might want to consider sklearn.ensemble.HistGradientBoostingClassifier and Regressor which accept missing values encoded as NaNs natively. Alternatively, it is possible to preprocess the data, for instance by using an imputer transformer in a pipeline or drop samples with missing values. See https://scikit-learn.org/stable/modules/impute.html You can find a list of all estimators that handle NaN values at the following page: https://scikit-learn.org/stable/modules/impute.html#estimators-that-handle-nan-values 
 Traceback (most recent call last):
  File "/common/ketrong/tpotexp/tpot2/tpot2/utils/eval_utils.py", line 53, in objective_nan_wrapper
    value = func_timeout.func_timeout(timeout, objective_function, args=[individual], kwargs=objective_kwargs)
  File "/common/ketrong/tpotexp/env/lib/python3.10/site-packages/func_timeout/dafunc.py", line 108, in func_timeout
    raise_exception(exception)
  File "/common/ketrong/tpotexp/env/lib/python3.10/site-packages/func_timeout/py3_raise.py", line 7, in raise_exception
    raise exception[0] from None
  File "/common/ketrong/tpotexp/tpot2/tpot2/tpot_estimator/estimator.py", line 623, in objective_function
    return objective_function_generator(
  File "/common/ketrong/tpotexp/tpot2/tpot2/tpot_estimator/estimator_utils.py", line 55, in objective_function_generator
    cv_obj_scores = cross_val_score_objective(sklearn.base.clone(pipeline),x,y,scorers=scorers, cv=cv , fold=step)
  File "/common/ketrong/tpotexp/tpot2/tpot2/tpot_estimator/cross_val_utils.py", line 28, in cross_val_score_objective
    this_fold_pipeline.fit(X_train,y_train)
  File "/common/ketrong/tpotexp/env/lib/python3.10/site-packages/sklearn/base.py", line 1473, in wrapper
    return fit_method(estimator, *args, **kwargs)
  File "/common/ketrong/tpotexp/env/lib/python3.10/site-packages/sklearn/pipeline.py", line 473, in fit
    self._final_estimator.fit(Xt, y, **last_step_params["fit"])
  File "/common/ketrong/tpotexp/env/lib/python3.10/site-packages/sklearn/base.py", line 1473, in wrapper
    return fit_method(estimator, *args, **kwargs)
  File "/common/ketrong/tpotexp/env/lib/python3.10/site-packages/sklearn/svm/_base.py", line 190, in fit
    X, y = self._validate_data(
  File "/common/ketrong/tpotexp/env/lib/python3.10/site-packages/sklearn/base.py", line 650, in _validate_data
    X, y = check_X_y(X, y, **check_params)
  File "/common/ketrong/tpotexp/env/lib/python3.10/site-packages/sklearn/utils/validation.py", line 1301, in check_X_y
    X = check_array(
  File "/common/ketrong/tpotexp/env/lib/python3.10/site-packages/sklearn/utils/validation.py", line 1064, in check_array
    _assert_all_finite(
  File "/common/ketrong/tpotexp/env/lib/python3.10/site-packages/sklearn/utils/validation.py", line 123, in _assert_all_finite
    _assert_all_finite_element_wise(
  File "/common/ketrong/tpotexp/env/lib/python3.10/site-packages/sklearn/utils/validation.py", line 172, in _assert_all_finite_element_wise
    raise ValueError(msg_err)
ValueError: Input X contains NaN.
SVR does not accept missing values encoded as NaN natively. For supervised learning, you might want to consider sklearn.ensemble.HistGradientBoostingClassifier and Regressor which accept missing values encoded as NaNs natively. Alternatively, it is possible to preprocess the data, for instance by using an imputer transformer in a pipeline or drop samples with missing values. See https://scikit-learn.org/stable/modules/impute.html You can find a list of all estimators that handle NaN values at the following page: https://scikit-learn.org/stable/modules/impute.html#estimators-that-handle-nan-values

corrupted size vs. prev_size
2024-10-03 11:26:05,535 - distributed.nanny - WARNING - Restarting worker
Version 0.1.7a0 of tpot2 is outdated. Version 0.1.8a0 was released Tuesday September 17, 2024.
corrupted size vs. prev_size
2024-10-03 11:29:33,089 - distributed.scheduler - ERROR - Task eval_objective_list-02a346e0e054ddeebfaeb2eeedede926 marked as failed because 2 workers died while trying to run it
2024-10-03 11:29:33,094 - distributed.nanny - WARNING - Restarting worker
Exception in future
Attempted to run task 'eval_objective_list-02a346e0e054ddeebfaeb2eeedede926' on 2 different workers, but all those workers died while running it. The last worker that attempt to run the task was tcp://127.0.0.1:36839. Inspecting worker logs is often a good next step to diagnose what went wrong. For more information see https://distributed.dask.org/en/stable/killed.html.
Version 0.1.7a0 of tpot2 is outdated. Version 0.1.8a0 was released Tuesday September 17, 2024.
WARNING AN INDIVIDUAL TIMED OUT: 
 <tpot2.search_spaces.pipelines.sequential.SequentialPipelineIndividual object at 0x155474cd5060> 

Generation:  1
Best root_mean_squared_error score: -1.3110706329345703
Generation:   4%|         | 1/25 [10:01<4:00:36, 601.52s/it]WARNING AN INDIVIDUAL TIMED OUT: 
 <tpot2.search_spaces.pipelines.sequential.SequentialPipelineIndividual object at 0x155474d0ccd0> 

Generation:  2
Best root_mean_squared_error score: -1.3110706329345703
Generation:   8%|         | 2/25 [20:04<3:50:53, 602.31s/it]Generation:  3
Best root_mean_squared_error score: -1.3017136573791503
Generation:  12%|        | 3/25 [22:58<2:29:08, 406.77s/it]Generation:  4
Best root_mean_squared_error score: -1.2887646913528443
Generation:  16%|        | 4/25 [24:41<1:40:27, 287.01s/it]WARNING THIS INDIVIDUAL CAUSED AND EXCEPTION 
 <tpot2.search_spaces.pipelines.sequential.SequentialPipelineIndividual object at 0x15545ffb5870> 
 The 'criterion' parameter of RandomForestRegressor must be a str among {'friedman_mse', 'poisson', 'absolute_error', 'squared_error'}. Got 'mse' instead. 
 Traceback (most recent call last):
  File "/common/ketrong/tpotexp/tpot2/tpot2/utils/eval_utils.py", line 53, in objective_nan_wrapper
    value = func_timeout.func_timeout(timeout, objective_function, args=[individual], kwargs=objective_kwargs)
  File "/common/ketrong/tpotexp/env/lib/python3.10/site-packages/func_timeout/dafunc.py", line 108, in func_timeout
    raise_exception(exception)
  File "/common/ketrong/tpotexp/env/lib/python3.10/site-packages/func_timeout/py3_raise.py", line 7, in raise_exception
    raise exception[0] from None
  File "/common/ketrong/tpotexp/tpot2/tpot2/tpot_estimator/estimator.py", line 623, in objective_function
    return objective_function_generator(
  File "/common/ketrong/tpotexp/tpot2/tpot2/tpot_estimator/estimator_utils.py", line 55, in objective_function_generator
    cv_obj_scores = cross_val_score_objective(sklearn.base.clone(pipeline),x,y,scorers=scorers, cv=cv , fold=step)
  File "/common/ketrong/tpotexp/tpot2/tpot2/tpot_estimator/cross_val_utils.py", line 28, in cross_val_score_objective
    this_fold_pipeline.fit(X_train,y_train)
  File "/common/ketrong/tpotexp/env/lib/python3.10/site-packages/sklearn/base.py", line 1473, in wrapper
    return fit_method(estimator, *args, **kwargs)
  File "/common/ketrong/tpotexp/env/lib/python3.10/site-packages/sklearn/pipeline.py", line 473, in fit
    self._final_estimator.fit(Xt, y, **last_step_params["fit"])
  File "/common/ketrong/tpotexp/env/lib/python3.10/site-packages/sklearn/base.py", line 1466, in wrapper
    estimator._validate_params()
  File "/common/ketrong/tpotexp/env/lib/python3.10/site-packages/sklearn/base.py", line 666, in _validate_params
    validate_parameter_constraints(
  File "/common/ketrong/tpotexp/env/lib/python3.10/site-packages/sklearn/utils/_param_validation.py", line 95, in validate_parameter_constraints
    raise InvalidParameterError(
sklearn.utils._param_validation.InvalidParameterError: The 'criterion' parameter of RandomForestRegressor must be a str among {'friedman_mse', 'poisson', 'absolute_error', 'squared_error'}. Got 'mse' instead.

Generation:  5
Best root_mean_squared_error score: -1.2887646913528443
Generation:  20%|        | 5/25 [25:51<1:09:32, 208.61s/it]WARNING THIS INDIVIDUAL CAUSED AND EXCEPTION 
 <tpot2.search_spaces.pipelines.sequential.SequentialPipelineIndividual object at 0x15545dc25b10> 
 The 'criterion' parameter of RandomForestRegressor must be a str among {'friedman_mse', 'poisson', 'absolute_error', 'squared_error'}. Got 'mae' instead. 
 Traceback (most recent call last):
  File "/common/ketrong/tpotexp/tpot2/tpot2/utils/eval_utils.py", line 53, in objective_nan_wrapper
    value = func_timeout.func_timeout(timeout, objective_function, args=[individual], kwargs=objective_kwargs)
  File "/common/ketrong/tpotexp/env/lib/python3.10/site-packages/func_timeout/dafunc.py", line 108, in func_timeout
    raise_exception(exception)
  File "/common/ketrong/tpotexp/env/lib/python3.10/site-packages/func_timeout/py3_raise.py", line 7, in raise_exception
    raise exception[0] from None
  File "/common/ketrong/tpotexp/tpot2/tpot2/tpot_estimator/estimator.py", line 623, in objective_function
    return objective_function_generator(
  File "/common/ketrong/tpotexp/tpot2/tpot2/tpot_estimator/estimator_utils.py", line 55, in objective_function_generator
    cv_obj_scores = cross_val_score_objective(sklearn.base.clone(pipeline),x,y,scorers=scorers, cv=cv , fold=step)
  File "/common/ketrong/tpotexp/tpot2/tpot2/tpot_estimator/cross_val_utils.py", line 28, in cross_val_score_objective
    this_fold_pipeline.fit(X_train,y_train)
  File "/common/ketrong/tpotexp/env/lib/python3.10/site-packages/sklearn/base.py", line 1473, in wrapper
    return fit_method(estimator, *args, **kwargs)
  File "/common/ketrong/tpotexp/env/lib/python3.10/site-packages/sklearn/pipeline.py", line 473, in fit
    self._final_estimator.fit(Xt, y, **last_step_params["fit"])
  File "/common/ketrong/tpotexp/env/lib/python3.10/site-packages/sklearn/base.py", line 1466, in wrapper
    estimator._validate_params()
  File "/common/ketrong/tpotexp/env/lib/python3.10/site-packages/sklearn/base.py", line 666, in _validate_params
    validate_parameter_constraints(
  File "/common/ketrong/tpotexp/env/lib/python3.10/site-packages/sklearn/utils/_param_validation.py", line 95, in validate_parameter_constraints
    raise InvalidParameterError(
sklearn.utils._param_validation.InvalidParameterError: The 'criterion' parameter of RandomForestRegressor must be a str among {'friedman_mse', 'poisson', 'absolute_error', 'squared_error'}. Got 'mae' instead.

Generation:  6
Best root_mean_squared_error score: -1.2887646913528443
Generation:  24%|       | 6/25 [26:39<48:43, 153.87s/it]  WARNING THIS INDIVIDUAL CAUSED AND EXCEPTION 
 <tpot2.search_spaces.pipelines.sequential.SequentialPipelineIndividual object at 0x15545fe83580> 
 The 'criterion' parameter of RandomForestRegressor must be a str among {'friedman_mse', 'poisson', 'absolute_error', 'squared_error'}. Got 'mae' instead. 
 Traceback (most recent call last):
  File "/common/ketrong/tpotexp/tpot2/tpot2/utils/eval_utils.py", line 53, in objective_nan_wrapper
    value = func_timeout.func_timeout(timeout, objective_function, args=[individual], kwargs=objective_kwargs)
  File "/common/ketrong/tpotexp/env/lib/python3.10/site-packages/func_timeout/dafunc.py", line 108, in func_timeout
    raise_exception(exception)
  File "/common/ketrong/tpotexp/env/lib/python3.10/site-packages/func_timeout/py3_raise.py", line 7, in raise_exception
    raise exception[0] from None
  File "/common/ketrong/tpotexp/tpot2/tpot2/tpot_estimator/estimator.py", line 623, in objective_function
    return objective_function_generator(
  File "/common/ketrong/tpotexp/tpot2/tpot2/tpot_estimator/estimator_utils.py", line 55, in objective_function_generator
    cv_obj_scores = cross_val_score_objective(sklearn.base.clone(pipeline),x,y,scorers=scorers, cv=cv , fold=step)
  File "/common/ketrong/tpotexp/tpot2/tpot2/tpot_estimator/cross_val_utils.py", line 28, in cross_val_score_objective
    this_fold_pipeline.fit(X_train,y_train)
  File "/common/ketrong/tpotexp/env/lib/python3.10/site-packages/sklearn/base.py", line 1473, in wrapper
    return fit_method(estimator, *args, **kwargs)
  File "/common/ketrong/tpotexp/env/lib/python3.10/site-packages/sklearn/pipeline.py", line 473, in fit
    self._final_estimator.fit(Xt, y, **last_step_params["fit"])
  File "/common/ketrong/tpotexp/env/lib/python3.10/site-packages/sklearn/base.py", line 1466, in wrapper
    estimator._validate_params()
  File "/common/ketrong/tpotexp/env/lib/python3.10/site-packages/sklearn/base.py", line 666, in _validate_params
    validate_parameter_constraints(
  File "/common/ketrong/tpotexp/env/lib/python3.10/site-packages/sklearn/utils/_param_validation.py", line 95, in validate_parameter_constraints
    raise InvalidParameterError(
sklearn.utils._param_validation.InvalidParameterError: The 'criterion' parameter of RandomForestRegressor must be a str among {'friedman_mse', 'poisson', 'absolute_error', 'squared_error'}. Got 'mae' instead.

WARNING THIS INDIVIDUAL CAUSED AND EXCEPTION 
 <tpot2.search_spaces.pipelines.sequential.SequentialPipelineIndividual object at 0x155474545f60> 
 The 'criterion' parameter of RandomForestRegressor must be a str among {'friedman_mse', 'poisson', 'absolute_error', 'squared_error'}. Got 'mse' instead. 
 Traceback (most recent call last):
  File "/common/ketrong/tpotexp/tpot2/tpot2/utils/eval_utils.py", line 53, in objective_nan_wrapper
    value = func_timeout.func_timeout(timeout, objective_function, args=[individual], kwargs=objective_kwargs)
  File "/common/ketrong/tpotexp/env/lib/python3.10/site-packages/func_timeout/dafunc.py", line 108, in func_timeout
    raise_exception(exception)
  File "/common/ketrong/tpotexp/env/lib/python3.10/site-packages/func_timeout/py3_raise.py", line 7, in raise_exception
    raise exception[0] from None
  File "/common/ketrong/tpotexp/tpot2/tpot2/tpot_estimator/estimator.py", line 623, in objective_function
    return objective_function_generator(
  File "/common/ketrong/tpotexp/tpot2/tpot2/tpot_estimator/estimator_utils.py", line 55, in objective_function_generator
    cv_obj_scores = cross_val_score_objective(sklearn.base.clone(pipeline),x,y,scorers=scorers, cv=cv , fold=step)
  File "/common/ketrong/tpotexp/tpot2/tpot2/tpot_estimator/cross_val_utils.py", line 28, in cross_val_score_objective
    this_fold_pipeline.fit(X_train,y_train)
  File "/common/ketrong/tpotexp/env/lib/python3.10/site-packages/sklearn/base.py", line 1473, in wrapper
    return fit_method(estimator, *args, **kwargs)
  File "/common/ketrong/tpotexp/env/lib/python3.10/site-packages/sklearn/pipeline.py", line 473, in fit
    self._final_estimator.fit(Xt, y, **last_step_params["fit"])
  File "/common/ketrong/tpotexp/env/lib/python3.10/site-packages/sklearn/base.py", line 1466, in wrapper
    estimator._validate_params()
  File "/common/ketrong/tpotexp/env/lib/python3.10/site-packages/sklearn/base.py", line 666, in _validate_params
    validate_parameter_constraints(
  File "/common/ketrong/tpotexp/env/lib/python3.10/site-packages/sklearn/utils/_param_validation.py", line 95, in validate_parameter_constraints
    raise InvalidParameterError(
sklearn.utils._param_validation.InvalidParameterError: The 'criterion' parameter of RandomForestRegressor must be a str among {'friedman_mse', 'poisson', 'absolute_error', 'squared_error'}. Got 'mse' instead.

WARNING AN INDIVIDUAL TIMED OUT: 
 <tpot2.search_spaces.pipelines.sequential.SequentialPipelineIndividual object at 0x155457203bb0> 

Generation:  7
Best root_mean_squared_error score: -1.2812421560287475
Generation:  28%|       | 7/25 [36:43<1:30:22, 301.25s/it]WARNING THIS INDIVIDUAL CAUSED AND EXCEPTION 
 <tpot2.search_spaces.pipelines.sequential.SequentialPipelineIndividual object at 0x155474d69240> 
 The 'criterion' parameter of RandomForestRegressor must be a str among {'friedman_mse', 'poisson', 'absolute_error', 'squared_error'}. Got 'mae' instead. 
 Traceback (most recent call last):
  File "/common/ketrong/tpotexp/tpot2/tpot2/utils/eval_utils.py", line 53, in objective_nan_wrapper
    value = func_timeout.func_timeout(timeout, objective_function, args=[individual], kwargs=objective_kwargs)
  File "/common/ketrong/tpotexp/env/lib/python3.10/site-packages/func_timeout/dafunc.py", line 108, in func_timeout
    raise_exception(exception)
  File "/common/ketrong/tpotexp/env/lib/python3.10/site-packages/func_timeout/py3_raise.py", line 7, in raise_exception
    raise exception[0] from None
  File "/common/ketrong/tpotexp/tpot2/tpot2/tpot_estimator/estimator.py", line 623, in objective_function
    return objective_function_generator(
  File "/common/ketrong/tpotexp/tpot2/tpot2/tpot_estimator/estimator_utils.py", line 55, in objective_function_generator
    cv_obj_scores = cross_val_score_objective(sklearn.base.clone(pipeline),x,y,scorers=scorers, cv=cv , fold=step)
  File "/common/ketrong/tpotexp/tpot2/tpot2/tpot_estimator/cross_val_utils.py", line 28, in cross_val_score_objective
    this_fold_pipeline.fit(X_train,y_train)
  File "/common/ketrong/tpotexp/env/lib/python3.10/site-packages/sklearn/base.py", line 1473, in wrapper
    return fit_method(estimator, *args, **kwargs)
  File "/common/ketrong/tpotexp/env/lib/python3.10/site-packages/sklearn/pipeline.py", line 473, in fit
    self._final_estimator.fit(Xt, y, **last_step_params["fit"])
  File "/common/ketrong/tpotexp/env/lib/python3.10/site-packages/sklearn/base.py", line 1466, in wrapper
    estimator._validate_params()
  File "/common/ketrong/tpotexp/env/lib/python3.10/site-packages/sklearn/base.py", line 666, in _validate_params
    validate_parameter_constraints(
  File "/common/ketrong/tpotexp/env/lib/python3.10/site-packages/sklearn/utils/_param_validation.py", line 95, in validate_parameter_constraints
    raise InvalidParameterError(
sklearn.utils._param_validation.InvalidParameterError: The 'criterion' parameter of RandomForestRegressor must be a str among {'friedman_mse', 'poisson', 'absolute_error', 'squared_error'}. Got 'mae' instead.

WARNING THIS INDIVIDUAL CAUSED AND EXCEPTION 
 <tpot2.search_spaces.pipelines.sequential.SequentialPipelineIndividual object at 0x1554571c9120> 
 The 'criterion' parameter of RandomForestRegressor must be a str among {'friedman_mse', 'poisson', 'absolute_error', 'squared_error'}. Got 'mae' instead. 
 Traceback (most recent call last):
  File "/common/ketrong/tpotexp/tpot2/tpot2/utils/eval_utils.py", line 53, in objective_nan_wrapper
    value = func_timeout.func_timeout(timeout, objective_function, args=[individual], kwargs=objective_kwargs)
  File "/common/ketrong/tpotexp/env/lib/python3.10/site-packages/func_timeout/dafunc.py", line 108, in func_timeout
    raise_exception(exception)
  File "/common/ketrong/tpotexp/env/lib/python3.10/site-packages/func_timeout/py3_raise.py", line 7, in raise_exception
    raise exception[0] from None
  File "/common/ketrong/tpotexp/tpot2/tpot2/tpot_estimator/estimator.py", line 623, in objective_function
    return objective_function_generator(
  File "/common/ketrong/tpotexp/tpot2/tpot2/tpot_estimator/estimator_utils.py", line 55, in objective_function_generator
    cv_obj_scores = cross_val_score_objective(sklearn.base.clone(pipeline),x,y,scorers=scorers, cv=cv , fold=step)
  File "/common/ketrong/tpotexp/tpot2/tpot2/tpot_estimator/cross_val_utils.py", line 28, in cross_val_score_objective
    this_fold_pipeline.fit(X_train,y_train)
  File "/common/ketrong/tpotexp/env/lib/python3.10/site-packages/sklearn/base.py", line 1473, in wrapper
    return fit_method(estimator, *args, **kwargs)
  File "/common/ketrong/tpotexp/env/lib/python3.10/site-packages/sklearn/pipeline.py", line 473, in fit
    self._final_estimator.fit(Xt, y, **last_step_params["fit"])
  File "/common/ketrong/tpotexp/env/lib/python3.10/site-packages/sklearn/base.py", line 1466, in wrapper
    estimator._validate_params()
  File "/common/ketrong/tpotexp/env/lib/python3.10/site-packages/sklearn/base.py", line 666, in _validate_params
    validate_parameter_constraints(
  File "/common/ketrong/tpotexp/env/lib/python3.10/site-packages/sklearn/utils/_param_validation.py", line 95, in validate_parameter_constraints
    raise InvalidParameterError(
sklearn.utils._param_validation.InvalidParameterError: The 'criterion' parameter of RandomForestRegressor must be a str among {'friedman_mse', 'poisson', 'absolute_error', 'squared_error'}. Got 'mae' instead.

Generation:  8
Best root_mean_squared_error score: -1.2812421560287475
Generation:  32%|      | 8/25 [37:33<1:02:40, 221.20s/it]WARNING THIS INDIVIDUAL CAUSED AND EXCEPTION 
 <tpot2.search_spaces.pipelines.sequential.SequentialPipelineIndividual object at 0x1554569f32e0> 
 The 'criterion' parameter of RandomForestRegressor must be a str among {'friedman_mse', 'poisson', 'absolute_error', 'squared_error'}. Got 'mse' instead. 
 Traceback (most recent call last):
  File "/common/ketrong/tpotexp/tpot2/tpot2/utils/eval_utils.py", line 53, in objective_nan_wrapper
    value = func_timeout.func_timeout(timeout, objective_function, args=[individual], kwargs=objective_kwargs)
  File "/common/ketrong/tpotexp/env/lib/python3.10/site-packages/func_timeout/dafunc.py", line 108, in func_timeout
    raise_exception(exception)
  File "/common/ketrong/tpotexp/env/lib/python3.10/site-packages/func_timeout/py3_raise.py", line 7, in raise_exception
    raise exception[0] from None
  File "/common/ketrong/tpotexp/tpot2/tpot2/tpot_estimator/estimator.py", line 623, in objective_function
    return objective_function_generator(
  File "/common/ketrong/tpotexp/tpot2/tpot2/tpot_estimator/estimator_utils.py", line 55, in objective_function_generator
    cv_obj_scores = cross_val_score_objective(sklearn.base.clone(pipeline),x,y,scorers=scorers, cv=cv , fold=step)
  File "/common/ketrong/tpotexp/tpot2/tpot2/tpot_estimator/cross_val_utils.py", line 28, in cross_val_score_objective
    this_fold_pipeline.fit(X_train,y_train)
  File "/common/ketrong/tpotexp/env/lib/python3.10/site-packages/sklearn/base.py", line 1473, in wrapper
    return fit_method(estimator, *args, **kwargs)
  File "/common/ketrong/tpotexp/env/lib/python3.10/site-packages/sklearn/pipeline.py", line 473, in fit
    self._final_estimator.fit(Xt, y, **last_step_params["fit"])
  File "/common/ketrong/tpotexp/env/lib/python3.10/site-packages/sklearn/base.py", line 1466, in wrapper
    estimator._validate_params()
  File "/common/ketrong/tpotexp/env/lib/python3.10/site-packages/sklearn/base.py", line 666, in _validate_params
    validate_parameter_constraints(
  File "/common/ketrong/tpotexp/env/lib/python3.10/site-packages/sklearn/utils/_param_validation.py", line 95, in validate_parameter_constraints
    raise InvalidParameterError(
sklearn.utils._param_validation.InvalidParameterError: The 'criterion' parameter of RandomForestRegressor must be a str among {'friedman_mse', 'poisson', 'absolute_error', 'squared_error'}. Got 'mse' instead.

WARNING THIS INDIVIDUAL CAUSED AND EXCEPTION 
 <tpot2.search_spaces.pipelines.sequential.SequentialPipelineIndividual object at 0x15545d746b60> 
 The 'criterion' parameter of RandomForestRegressor must be a str among {'friedman_mse', 'poisson', 'absolute_error', 'squared_error'}. Got 'mae' instead. 
 Traceback (most recent call last):
  File "/common/ketrong/tpotexp/tpot2/tpot2/utils/eval_utils.py", line 53, in objective_nan_wrapper
    value = func_timeout.func_timeout(timeout, objective_function, args=[individual], kwargs=objective_kwargs)
  File "/common/ketrong/tpotexp/env/lib/python3.10/site-packages/func_timeout/dafunc.py", line 108, in func_timeout
    raise_exception(exception)
  File "/common/ketrong/tpotexp/env/lib/python3.10/site-packages/func_timeout/py3_raise.py", line 7, in raise_exception
    raise exception[0] from None
  File "/common/ketrong/tpotexp/tpot2/tpot2/tpot_estimator/estimator.py", line 623, in objective_function
    return objective_function_generator(
  File "/common/ketrong/tpotexp/tpot2/tpot2/tpot_estimator/estimator_utils.py", line 55, in objective_function_generator
    cv_obj_scores = cross_val_score_objective(sklearn.base.clone(pipeline),x,y,scorers=scorers, cv=cv , fold=step)
  File "/common/ketrong/tpotexp/tpot2/tpot2/tpot_estimator/cross_val_utils.py", line 28, in cross_val_score_objective
    this_fold_pipeline.fit(X_train,y_train)
  File "/common/ketrong/tpotexp/env/lib/python3.10/site-packages/sklearn/base.py", line 1473, in wrapper
    return fit_method(estimator, *args, **kwargs)
  File "/common/ketrong/tpotexp/env/lib/python3.10/site-packages/sklearn/pipeline.py", line 473, in fit
    self._final_estimator.fit(Xt, y, **last_step_params["fit"])
  File "/common/ketrong/tpotexp/env/lib/python3.10/site-packages/sklearn/base.py", line 1466, in wrapper
    estimator._validate_params()
  File "/common/ketrong/tpotexp/env/lib/python3.10/site-packages/sklearn/base.py", line 666, in _validate_params
    validate_parameter_constraints(
  File "/common/ketrong/tpotexp/env/lib/python3.10/site-packages/sklearn/utils/_param_validation.py", line 95, in validate_parameter_constraints
    raise InvalidParameterError(
sklearn.utils._param_validation.InvalidParameterError: The 'criterion' parameter of RandomForestRegressor must be a str among {'friedman_mse', 'poisson', 'absolute_error', 'squared_error'}. Got 'mae' instead.

WARNING THIS INDIVIDUAL CAUSED AND EXCEPTION 
 <tpot2.search_spaces.pipelines.sequential.SequentialPipelineIndividual object at 0x15547507f1f0> 
 The 'criterion' parameter of RandomForestRegressor must be a str among {'friedman_mse', 'poisson', 'absolute_error', 'squared_error'}. Got 'mae' instead. 
 Traceback (most recent call last):
  File "/common/ketrong/tpotexp/tpot2/tpot2/utils/eval_utils.py", line 53, in objective_nan_wrapper
    value = func_timeout.func_timeout(timeout, objective_function, args=[individual], kwargs=objective_kwargs)
  File "/common/ketrong/tpotexp/env/lib/python3.10/site-packages/func_timeout/dafunc.py", line 108, in func_timeout
    raise_exception(exception)
  File "/common/ketrong/tpotexp/env/lib/python3.10/site-packages/func_timeout/py3_raise.py", line 7, in raise_exception
    raise exception[0] from None
  File "/common/ketrong/tpotexp/tpot2/tpot2/tpot_estimator/estimator.py", line 623, in objective_function
    return objective_function_generator(
  File "/common/ketrong/tpotexp/tpot2/tpot2/tpot_estimator/estimator_utils.py", line 55, in objective_function_generator
    cv_obj_scores = cross_val_score_objective(sklearn.base.clone(pipeline),x,y,scorers=scorers, cv=cv , fold=step)
  File "/common/ketrong/tpotexp/tpot2/tpot2/tpot_estimator/cross_val_utils.py", line 28, in cross_val_score_objective
    this_fold_pipeline.fit(X_train,y_train)
  File "/common/ketrong/tpotexp/env/lib/python3.10/site-packages/sklearn/base.py", line 1473, in wrapper
    return fit_method(estimator, *args, **kwargs)
  File "/common/ketrong/tpotexp/env/lib/python3.10/site-packages/sklearn/pipeline.py", line 473, in fit
    self._final_estimator.fit(Xt, y, **last_step_params["fit"])
  File "/common/ketrong/tpotexp/env/lib/python3.10/site-packages/sklearn/base.py", line 1466, in wrapper
    estimator._validate_params()
  File "/common/ketrong/tpotexp/env/lib/python3.10/site-packages/sklearn/base.py", line 666, in _validate_params
    validate_parameter_constraints(
  File "/common/ketrong/tpotexp/env/lib/python3.10/site-packages/sklearn/utils/_param_validation.py", line 95, in validate_parameter_constraints
    raise InvalidParameterError(
sklearn.utils._param_validation.InvalidParameterError: The 'criterion' parameter of RandomForestRegressor must be a str among {'friedman_mse', 'poisson', 'absolute_error', 'squared_error'}. Got 'mae' instead.

WARNING THIS INDIVIDUAL CAUSED AND EXCEPTION 
 <tpot2.search_spaces.pipelines.sequential.SequentialPipelineIndividual object at 0x15545ff12d40> 
 The 'criterion' parameter of RandomForestRegressor must be a str among {'friedman_mse', 'poisson', 'absolute_error', 'squared_error'}. Got 'mae' instead. 
 Traceback (most recent call last):
  File "/common/ketrong/tpotexp/tpot2/tpot2/utils/eval_utils.py", line 53, in objective_nan_wrapper
    value = func_timeout.func_timeout(timeout, objective_function, args=[individual], kwargs=objective_kwargs)
  File "/common/ketrong/tpotexp/env/lib/python3.10/site-packages/func_timeout/dafunc.py", line 108, in func_timeout
    raise_exception(exception)
  File "/common/ketrong/tpotexp/env/lib/python3.10/site-packages/func_timeout/py3_raise.py", line 7, in raise_exception
    raise exception[0] from None
  File "/common/ketrong/tpotexp/tpot2/tpot2/tpot_estimator/estimator.py", line 623, in objective_function
    return objective_function_generator(
  File "/common/ketrong/tpotexp/tpot2/tpot2/tpot_estimator/estimator_utils.py", line 55, in objective_function_generator
    cv_obj_scores = cross_val_score_objective(sklearn.base.clone(pipeline),x,y,scorers=scorers, cv=cv , fold=step)
  File "/common/ketrong/tpotexp/tpot2/tpot2/tpot_estimator/cross_val_utils.py", line 28, in cross_val_score_objective
    this_fold_pipeline.fit(X_train,y_train)
  File "/common/ketrong/tpotexp/env/lib/python3.10/site-packages/sklearn/base.py", line 1473, in wrapper
    return fit_method(estimator, *args, **kwargs)
  File "/common/ketrong/tpotexp/env/lib/python3.10/site-packages/sklearn/pipeline.py", line 473, in fit
    self._final_estimator.fit(Xt, y, **last_step_params["fit"])
  File "/common/ketrong/tpotexp/env/lib/python3.10/site-packages/sklearn/base.py", line 1466, in wrapper
    estimator._validate_params()
  File "/common/ketrong/tpotexp/env/lib/python3.10/site-packages/sklearn/base.py", line 666, in _validate_params
    validate_parameter_constraints(
  File "/common/ketrong/tpotexp/env/lib/python3.10/site-packages/sklearn/utils/_param_validation.py", line 95, in validate_parameter_constraints
    raise InvalidParameterError(
sklearn.utils._param_validation.InvalidParameterError: The 'criterion' parameter of RandomForestRegressor must be a str among {'friedman_mse', 'poisson', 'absolute_error', 'squared_error'}. Got 'mae' instead.

Generation:  9
Best root_mean_squared_error score: -1.2812421560287475
Generation:  36%|      | 9/25 [38:23<44:44, 167.81s/it]  WARNING THIS INDIVIDUAL CAUSED AND EXCEPTION 
 <tpot2.search_spaces.pipelines.sequential.SequentialPipelineIndividual object at 0x155474cd6320> 
 The 'criterion' parameter of DecisionTreeRegressor must be a str among {'friedman_mse', 'poisson', 'absolute_error', 'squared_error'}. Got 'mae' instead. 
 Traceback (most recent call last):
  File "/common/ketrong/tpotexp/tpot2/tpot2/utils/eval_utils.py", line 53, in objective_nan_wrapper
    value = func_timeout.func_timeout(timeout, objective_function, args=[individual], kwargs=objective_kwargs)
  File "/common/ketrong/tpotexp/env/lib/python3.10/site-packages/func_timeout/dafunc.py", line 108, in func_timeout
    raise_exception(exception)
  File "/common/ketrong/tpotexp/env/lib/python3.10/site-packages/func_timeout/py3_raise.py", line 7, in raise_exception
    raise exception[0] from None
  File "/common/ketrong/tpotexp/tpot2/tpot2/tpot_estimator/estimator.py", line 623, in objective_function
    return objective_function_generator(
  File "/common/ketrong/tpotexp/tpot2/tpot2/tpot_estimator/estimator_utils.py", line 55, in objective_function_generator
    cv_obj_scores = cross_val_score_objective(sklearn.base.clone(pipeline),x,y,scorers=scorers, cv=cv , fold=step)
  File "/common/ketrong/tpotexp/tpot2/tpot2/tpot_estimator/cross_val_utils.py", line 28, in cross_val_score_objective
    this_fold_pipeline.fit(X_train,y_train)
  File "/common/ketrong/tpotexp/env/lib/python3.10/site-packages/sklearn/base.py", line 1473, in wrapper
    return fit_method(estimator, *args, **kwargs)
  File "/common/ketrong/tpotexp/env/lib/python3.10/site-packages/sklearn/pipeline.py", line 473, in fit
    self._final_estimator.fit(Xt, y, **last_step_params["fit"])
  File "/common/ketrong/tpotexp/env/lib/python3.10/site-packages/sklearn/base.py", line 1466, in wrapper
    estimator._validate_params()
  File "/common/ketrong/tpotexp/env/lib/python3.10/site-packages/sklearn/base.py", line 666, in _validate_params
    validate_parameter_constraints(
  File "/common/ketrong/tpotexp/env/lib/python3.10/site-packages/sklearn/utils/_param_validation.py", line 95, in validate_parameter_constraints
    raise InvalidParameterError(
sklearn.utils._param_validation.InvalidParameterError: The 'criterion' parameter of DecisionTreeRegressor must be a str among {'friedman_mse', 'poisson', 'absolute_error', 'squared_error'}. Got 'mae' instead.

Generation:  10
Best root_mean_squared_error score: -1.2812421560287475
Generation:  40%|      | 10/25 [39:02<31:56, 127.77s/it]WARNING THIS INDIVIDUAL CAUSED AND EXCEPTION 
 <tpot2.search_spaces.pipelines.sequential.SequentialPipelineIndividual object at 0x15545716cb20> 
 The 'criterion' parameter of RandomForestRegressor must be a str among {'friedman_mse', 'poisson', 'absolute_error', 'squared_error'}. Got 'mse' instead. 
 Traceback (most recent call last):
  File "/common/ketrong/tpotexp/tpot2/tpot2/utils/eval_utils.py", line 53, in objective_nan_wrapper
    value = func_timeout.func_timeout(timeout, objective_function, args=[individual], kwargs=objective_kwargs)
  File "/common/ketrong/tpotexp/env/lib/python3.10/site-packages/func_timeout/dafunc.py", line 108, in func_timeout
    raise_exception(exception)
  File "/common/ketrong/tpotexp/env/lib/python3.10/site-packages/func_timeout/py3_raise.py", line 7, in raise_exception
    raise exception[0] from None
  File "/common/ketrong/tpotexp/tpot2/tpot2/tpot_estimator/estimator.py", line 623, in objective_function
    return objective_function_generator(
  File "/common/ketrong/tpotexp/tpot2/tpot2/tpot_estimator/estimator_utils.py", line 55, in objective_function_generator
    cv_obj_scores = cross_val_score_objective(sklearn.base.clone(pipeline),x,y,scorers=scorers, cv=cv , fold=step)
  File "/common/ketrong/tpotexp/tpot2/tpot2/tpot_estimator/cross_val_utils.py", line 28, in cross_val_score_objective
    this_fold_pipeline.fit(X_train,y_train)
  File "/common/ketrong/tpotexp/env/lib/python3.10/site-packages/sklearn/base.py", line 1473, in wrapper
    return fit_method(estimator, *args, **kwargs)
  File "/common/ketrong/tpotexp/env/lib/python3.10/site-packages/sklearn/pipeline.py", line 473, in fit
    self._final_estimator.fit(Xt, y, **last_step_params["fit"])
  File "/common/ketrong/tpotexp/env/lib/python3.10/site-packages/sklearn/base.py", line 1466, in wrapper
    estimator._validate_params()
  File "/common/ketrong/tpotexp/env/lib/python3.10/site-packages/sklearn/base.py", line 666, in _validate_params
    validate_parameter_constraints(
  File "/common/ketrong/tpotexp/env/lib/python3.10/site-packages/sklearn/utils/_param_validation.py", line 95, in validate_parameter_constraints
    raise InvalidParameterError(
sklearn.utils._param_validation.InvalidParameterError: The 'criterion' parameter of RandomForestRegressor must be a str among {'friedman_mse', 'poisson', 'absolute_error', 'squared_error'}. Got 'mse' instead.

Generation:  11
Best root_mean_squared_error score: -1.2812421560287475
Generation:  44%|     | 11/25 [39:55<24:31, 105.09s/it]WARNING THIS INDIVIDUAL CAUSED AND EXCEPTION 
 <tpot2.search_spaces.pipelines.sequential.SequentialPipelineIndividual object at 0x15545fe4faf0> 
 The 'criterion' parameter of RandomForestRegressor must be a str among {'friedman_mse', 'poisson', 'absolute_error', 'squared_error'}. Got 'mse' instead. 
 Traceback (most recent call last):
  File "/common/ketrong/tpotexp/tpot2/tpot2/utils/eval_utils.py", line 53, in objective_nan_wrapper
    value = func_timeout.func_timeout(timeout, objective_function, args=[individual], kwargs=objective_kwargs)
  File "/common/ketrong/tpotexp/env/lib/python3.10/site-packages/func_timeout/dafunc.py", line 108, in func_timeout
    raise_exception(exception)
  File "/common/ketrong/tpotexp/env/lib/python3.10/site-packages/func_timeout/py3_raise.py", line 7, in raise_exception
    raise exception[0] from None
  File "/common/ketrong/tpotexp/tpot2/tpot2/tpot_estimator/estimator.py", line 623, in objective_function
    return objective_function_generator(
  File "/common/ketrong/tpotexp/tpot2/tpot2/tpot_estimator/estimator_utils.py", line 55, in objective_function_generator
    cv_obj_scores = cross_val_score_objective(sklearn.base.clone(pipeline),x,y,scorers=scorers, cv=cv , fold=step)
  File "/common/ketrong/tpotexp/tpot2/tpot2/tpot_estimator/cross_val_utils.py", line 28, in cross_val_score_objective
    this_fold_pipeline.fit(X_train,y_train)
  File "/common/ketrong/tpotexp/env/lib/python3.10/site-packages/sklearn/base.py", line 1473, in wrapper
    return fit_method(estimator, *args, **kwargs)
  File "/common/ketrong/tpotexp/env/lib/python3.10/site-packages/sklearn/pipeline.py", line 473, in fit
    self._final_estimator.fit(Xt, y, **last_step_params["fit"])
  File "/common/ketrong/tpotexp/env/lib/python3.10/site-packages/sklearn/base.py", line 1466, in wrapper
    estimator._validate_params()
  File "/common/ketrong/tpotexp/env/lib/python3.10/site-packages/sklearn/base.py", line 666, in _validate_params
    validate_parameter_constraints(
  File "/common/ketrong/tpotexp/env/lib/python3.10/site-packages/sklearn/utils/_param_validation.py", line 95, in validate_parameter_constraints
    raise InvalidParameterError(
sklearn.utils._param_validation.InvalidParameterError: The 'criterion' parameter of RandomForestRegressor must be a str among {'friedman_mse', 'poisson', 'absolute_error', 'squared_error'}. Got 'mse' instead.

WARNING THIS INDIVIDUAL CAUSED AND EXCEPTION 
 <tpot2.search_spaces.pipelines.sequential.SequentialPipelineIndividual object at 0x1554571c3760> 
 The 'criterion' parameter of RandomForestRegressor must be a str among {'friedman_mse', 'poisson', 'absolute_error', 'squared_error'}. Got 'mae' instead. 
 Traceback (most recent call last):
  File "/common/ketrong/tpotexp/tpot2/tpot2/utils/eval_utils.py", line 53, in objective_nan_wrapper
    value = func_timeout.func_timeout(timeout, objective_function, args=[individual], kwargs=objective_kwargs)
  File "/common/ketrong/tpotexp/env/lib/python3.10/site-packages/func_timeout/dafunc.py", line 108, in func_timeout
    raise_exception(exception)
  File "/common/ketrong/tpotexp/env/lib/python3.10/site-packages/func_timeout/py3_raise.py", line 7, in raise_exception
    raise exception[0] from None
  File "/common/ketrong/tpotexp/tpot2/tpot2/tpot_estimator/estimator.py", line 623, in objective_function
    return objective_function_generator(
  File "/common/ketrong/tpotexp/tpot2/tpot2/tpot_estimator/estimator_utils.py", line 55, in objective_function_generator
    cv_obj_scores = cross_val_score_objective(sklearn.base.clone(pipeline),x,y,scorers=scorers, cv=cv , fold=step)
  File "/common/ketrong/tpotexp/tpot2/tpot2/tpot_estimator/cross_val_utils.py", line 28, in cross_val_score_objective
    this_fold_pipeline.fit(X_train,y_train)
  File "/common/ketrong/tpotexp/env/lib/python3.10/site-packages/sklearn/base.py", line 1473, in wrapper
    return fit_method(estimator, *args, **kwargs)
  File "/common/ketrong/tpotexp/env/lib/python3.10/site-packages/sklearn/pipeline.py", line 473, in fit
    self._final_estimator.fit(Xt, y, **last_step_params["fit"])
  File "/common/ketrong/tpotexp/env/lib/python3.10/site-packages/sklearn/base.py", line 1466, in wrapper
    estimator._validate_params()
  File "/common/ketrong/tpotexp/env/lib/python3.10/site-packages/sklearn/base.py", line 666, in _validate_params
    validate_parameter_constraints(
  File "/common/ketrong/tpotexp/env/lib/python3.10/site-packages/sklearn/utils/_param_validation.py", line 95, in validate_parameter_constraints
    raise InvalidParameterError(
sklearn.utils._param_validation.InvalidParameterError: The 'criterion' parameter of RandomForestRegressor must be a str among {'friedman_mse', 'poisson', 'absolute_error', 'squared_error'}. Got 'mae' instead.

WARNING THIS INDIVIDUAL CAUSED AND EXCEPTION 
 <tpot2.search_spaces.pipelines.sequential.SequentialPipelineIndividual object at 0x155452a36aa0> 
 The 'criterion' parameter of DecisionTreeRegressor must be a str among {'friedman_mse', 'poisson', 'absolute_error', 'squared_error'}. Got 'mae' instead. 
 Traceback (most recent call last):
  File "/common/ketrong/tpotexp/tpot2/tpot2/utils/eval_utils.py", line 53, in objective_nan_wrapper
    value = func_timeout.func_timeout(timeout, objective_function, args=[individual], kwargs=objective_kwargs)
  File "/common/ketrong/tpotexp/env/lib/python3.10/site-packages/func_timeout/dafunc.py", line 108, in func_timeout
    raise_exception(exception)
  File "/common/ketrong/tpotexp/env/lib/python3.10/site-packages/func_timeout/py3_raise.py", line 7, in raise_exception
    raise exception[0] from None
  File "/common/ketrong/tpotexp/tpot2/tpot2/tpot_estimator/estimator.py", line 623, in objective_function
    return objective_function_generator(
  File "/common/ketrong/tpotexp/tpot2/tpot2/tpot_estimator/estimator_utils.py", line 55, in objective_function_generator
    cv_obj_scores = cross_val_score_objective(sklearn.base.clone(pipeline),x,y,scorers=scorers, cv=cv , fold=step)
  File "/common/ketrong/tpotexp/tpot2/tpot2/tpot_estimator/cross_val_utils.py", line 28, in cross_val_score_objective
    this_fold_pipeline.fit(X_train,y_train)
  File "/common/ketrong/tpotexp/env/lib/python3.10/site-packages/sklearn/base.py", line 1473, in wrapper
    return fit_method(estimator, *args, **kwargs)
  File "/common/ketrong/tpotexp/env/lib/python3.10/site-packages/sklearn/pipeline.py", line 473, in fit
    self._final_estimator.fit(Xt, y, **last_step_params["fit"])
  File "/common/ketrong/tpotexp/env/lib/python3.10/site-packages/sklearn/base.py", line 1466, in wrapper
    estimator._validate_params()
  File "/common/ketrong/tpotexp/env/lib/python3.10/site-packages/sklearn/base.py", line 666, in _validate_params
    validate_parameter_constraints(
  File "/common/ketrong/tpotexp/env/lib/python3.10/site-packages/sklearn/utils/_param_validation.py", line 95, in validate_parameter_constraints
    raise InvalidParameterError(
sklearn.utils._param_validation.InvalidParameterError: The 'criterion' parameter of DecisionTreeRegressor must be a str among {'friedman_mse', 'poisson', 'absolute_error', 'squared_error'}. Got 'mae' instead.

WARNING AN INDIVIDUAL TIMED OUT: 
 <tpot2.search_spaces.pipelines.sequential.SequentialPipelineIndividual object at 0x155474d44e80> 

Generation:  12
Best root_mean_squared_error score: -1.2812421560287475
Generation:  48%|     | 12/25 [50:00<55:41, 257.06s/it]WARNING THIS INDIVIDUAL CAUSED AND EXCEPTION 
 <tpot2.search_spaces.pipelines.sequential.SequentialPipelineIndividual object at 0x15544ff94490> 
 The 'criterion' parameter of RandomForestRegressor must be a str among {'friedman_mse', 'poisson', 'absolute_error', 'squared_error'}. Got 'mae' instead. 
 Traceback (most recent call last):
  File "/common/ketrong/tpotexp/tpot2/tpot2/utils/eval_utils.py", line 53, in objective_nan_wrapper
    value = func_timeout.func_timeout(timeout, objective_function, args=[individual], kwargs=objective_kwargs)
  File "/common/ketrong/tpotexp/env/lib/python3.10/site-packages/func_timeout/dafunc.py", line 108, in func_timeout
    raise_exception(exception)
  File "/common/ketrong/tpotexp/env/lib/python3.10/site-packages/func_timeout/py3_raise.py", line 7, in raise_exception
    raise exception[0] from None
  File "/common/ketrong/tpotexp/tpot2/tpot2/tpot_estimator/estimator.py", line 623, in objective_function
    return objective_function_generator(
  File "/common/ketrong/tpotexp/tpot2/tpot2/tpot_estimator/estimator_utils.py", line 55, in objective_function_generator
    cv_obj_scores = cross_val_score_objective(sklearn.base.clone(pipeline),x,y,scorers=scorers, cv=cv , fold=step)
  File "/common/ketrong/tpotexp/tpot2/tpot2/tpot_estimator/cross_val_utils.py", line 28, in cross_val_score_objective
    this_fold_pipeline.fit(X_train,y_train)
  File "/common/ketrong/tpotexp/env/lib/python3.10/site-packages/sklearn/base.py", line 1473, in wrapper
    return fit_method(estimator, *args, **kwargs)
  File "/common/ketrong/tpotexp/env/lib/python3.10/site-packages/sklearn/pipeline.py", line 473, in fit
    self._final_estimator.fit(Xt, y, **last_step_params["fit"])
  File "/common/ketrong/tpotexp/env/lib/python3.10/site-packages/sklearn/base.py", line 1466, in wrapper
    estimator._validate_params()
  File "/common/ketrong/tpotexp/env/lib/python3.10/site-packages/sklearn/base.py", line 666, in _validate_params
    validate_parameter_constraints(
  File "/common/ketrong/tpotexp/env/lib/python3.10/site-packages/sklearn/utils/_param_validation.py", line 95, in validate_parameter_constraints
    raise InvalidParameterError(
sklearn.utils._param_validation.InvalidParameterError: The 'criterion' parameter of RandomForestRegressor must be a str among {'friedman_mse', 'poisson', 'absolute_error', 'squared_error'}. Got 'mae' instead.

WARNING THIS INDIVIDUAL CAUSED AND EXCEPTION 
 <tpot2.search_spaces.pipelines.sequential.SequentialPipelineIndividual object at 0x155474d33df0> 
 The 'criterion' parameter of RandomForestRegressor must be a str among {'friedman_mse', 'poisson', 'absolute_error', 'squared_error'}. Got 'mae' instead. 
 Traceback (most recent call last):
  File "/common/ketrong/tpotexp/tpot2/tpot2/utils/eval_utils.py", line 53, in objective_nan_wrapper
    value = func_timeout.func_timeout(timeout, objective_function, args=[individual], kwargs=objective_kwargs)
  File "/common/ketrong/tpotexp/env/lib/python3.10/site-packages/func_timeout/dafunc.py", line 108, in func_timeout
    raise_exception(exception)
  File "/common/ketrong/tpotexp/env/lib/python3.10/site-packages/func_timeout/py3_raise.py", line 7, in raise_exception
    raise exception[0] from None
  File "/common/ketrong/tpotexp/tpot2/tpot2/tpot_estimator/estimator.py", line 623, in objective_function
    return objective_function_generator(
  File "/common/ketrong/tpotexp/tpot2/tpot2/tpot_estimator/estimator_utils.py", line 55, in objective_function_generator
    cv_obj_scores = cross_val_score_objective(sklearn.base.clone(pipeline),x,y,scorers=scorers, cv=cv , fold=step)
  File "/common/ketrong/tpotexp/tpot2/tpot2/tpot_estimator/cross_val_utils.py", line 28, in cross_val_score_objective
    this_fold_pipeline.fit(X_train,y_train)
  File "/common/ketrong/tpotexp/env/lib/python3.10/site-packages/sklearn/base.py", line 1473, in wrapper
    return fit_method(estimator, *args, **kwargs)
  File "/common/ketrong/tpotexp/env/lib/python3.10/site-packages/sklearn/pipeline.py", line 473, in fit
    self._final_estimator.fit(Xt, y, **last_step_params["fit"])
  File "/common/ketrong/tpotexp/env/lib/python3.10/site-packages/sklearn/base.py", line 1466, in wrapper
    estimator._validate_params()
  File "/common/ketrong/tpotexp/env/lib/python3.10/site-packages/sklearn/base.py", line 666, in _validate_params
    validate_parameter_constraints(
  File "/common/ketrong/tpotexp/env/lib/python3.10/site-packages/sklearn/utils/_param_validation.py", line 95, in validate_parameter_constraints
    raise InvalidParameterError(
sklearn.utils._param_validation.InvalidParameterError: The 'criterion' parameter of RandomForestRegressor must be a str among {'friedman_mse', 'poisson', 'absolute_error', 'squared_error'}. Got 'mae' instead.

WARNING AN INDIVIDUAL TIMED OUT: 
 <tpot2.search_spaces.pipelines.sequential.SequentialPipelineIndividual object at 0x1554569fe500> 

Generation:  13
Best root_mean_squared_error score: -1.2812421560287475
Generation:  52%|    | 13/25 [1:00:05<1:12:31, 362.61s/it]WARNING THIS INDIVIDUAL CAUSED AND EXCEPTION 
 <tpot2.search_spaces.pipelines.sequential.SequentialPipelineIndividual object at 0x1554565ade70> 
 The 'criterion' parameter of RandomForestRegressor must be a str among {'friedman_mse', 'poisson', 'absolute_error', 'squared_error'}. Got 'mae' instead. 
 Traceback (most recent call last):
  File "/common/ketrong/tpotexp/tpot2/tpot2/utils/eval_utils.py", line 53, in objective_nan_wrapper
    value = func_timeout.func_timeout(timeout, objective_function, args=[individual], kwargs=objective_kwargs)
  File "/common/ketrong/tpotexp/env/lib/python3.10/site-packages/func_timeout/dafunc.py", line 108, in func_timeout
    raise_exception(exception)
  File "/common/ketrong/tpotexp/env/lib/python3.10/site-packages/func_timeout/py3_raise.py", line 7, in raise_exception
    raise exception[0] from None
  File "/common/ketrong/tpotexp/tpot2/tpot2/tpot_estimator/estimator.py", line 623, in objective_function
    return objective_function_generator(
  File "/common/ketrong/tpotexp/tpot2/tpot2/tpot_estimator/estimator_utils.py", line 55, in objective_function_generator
    cv_obj_scores = cross_val_score_objective(sklearn.base.clone(pipeline),x,y,scorers=scorers, cv=cv , fold=step)
  File "/common/ketrong/tpotexp/tpot2/tpot2/tpot_estimator/cross_val_utils.py", line 28, in cross_val_score_objective
    this_fold_pipeline.fit(X_train,y_train)
  File "/common/ketrong/tpotexp/env/lib/python3.10/site-packages/sklearn/base.py", line 1473, in wrapper
    return fit_method(estimator, *args, **kwargs)
  File "/common/ketrong/tpotexp/env/lib/python3.10/site-packages/sklearn/pipeline.py", line 473, in fit
    self._final_estimator.fit(Xt, y, **last_step_params["fit"])
  File "/common/ketrong/tpotexp/env/lib/python3.10/site-packages/sklearn/base.py", line 1466, in wrapper
    estimator._validate_params()
  File "/common/ketrong/tpotexp/env/lib/python3.10/site-packages/sklearn/base.py", line 666, in _validate_params
    validate_parameter_constraints(
  File "/common/ketrong/tpotexp/env/lib/python3.10/site-packages/sklearn/utils/_param_validation.py", line 95, in validate_parameter_constraints
    raise InvalidParameterError(
sklearn.utils._param_validation.InvalidParameterError: The 'criterion' parameter of RandomForestRegressor must be a str among {'friedman_mse', 'poisson', 'absolute_error', 'squared_error'}. Got 'mae' instead.

WARNING THIS INDIVIDUAL CAUSED AND EXCEPTION 
 <tpot2.search_spaces.pipelines.sequential.SequentialPipelineIndividual object at 0x155446ad7a60> 
 The 'criterion' parameter of RandomForestRegressor must be a str among {'friedman_mse', 'poisson', 'absolute_error', 'squared_error'}. Got 'mae' instead. 
 Traceback (most recent call last):
  File "/common/ketrong/tpotexp/tpot2/tpot2/utils/eval_utils.py", line 53, in objective_nan_wrapper
    value = func_timeout.func_timeout(timeout, objective_function, args=[individual], kwargs=objective_kwargs)
  File "/common/ketrong/tpotexp/env/lib/python3.10/site-packages/func_timeout/dafunc.py", line 108, in func_timeout
    raise_exception(exception)
  File "/common/ketrong/tpotexp/env/lib/python3.10/site-packages/func_timeout/py3_raise.py", line 7, in raise_exception
    raise exception[0] from None
  File "/common/ketrong/tpotexp/tpot2/tpot2/tpot_estimator/estimator.py", line 623, in objective_function
    return objective_function_generator(
  File "/common/ketrong/tpotexp/tpot2/tpot2/tpot_estimator/estimator_utils.py", line 55, in objective_function_generator
    cv_obj_scores = cross_val_score_objective(sklearn.base.clone(pipeline),x,y,scorers=scorers, cv=cv , fold=step)
  File "/common/ketrong/tpotexp/tpot2/tpot2/tpot_estimator/cross_val_utils.py", line 28, in cross_val_score_objective
    this_fold_pipeline.fit(X_train,y_train)
  File "/common/ketrong/tpotexp/env/lib/python3.10/site-packages/sklearn/base.py", line 1473, in wrapper
    return fit_method(estimator, *args, **kwargs)
  File "/common/ketrong/tpotexp/env/lib/python3.10/site-packages/sklearn/pipeline.py", line 473, in fit
    self._final_estimator.fit(Xt, y, **last_step_params["fit"])
  File "/common/ketrong/tpotexp/env/lib/python3.10/site-packages/sklearn/base.py", line 1466, in wrapper
    estimator._validate_params()
  File "/common/ketrong/tpotexp/env/lib/python3.10/site-packages/sklearn/base.py", line 666, in _validate_params
    validate_parameter_constraints(
  File "/common/ketrong/tpotexp/env/lib/python3.10/site-packages/sklearn/utils/_param_validation.py", line 95, in validate_parameter_constraints
    raise InvalidParameterError(
sklearn.utils._param_validation.InvalidParameterError: The 'criterion' parameter of RandomForestRegressor must be a str among {'friedman_mse', 'poisson', 'absolute_error', 'squared_error'}. Got 'mae' instead.

WARNING THIS INDIVIDUAL CAUSED AND EXCEPTION 
 <tpot2.search_spaces.pipelines.sequential.SequentialPipelineIndividual object at 0x155474d30d60> 
 The 'criterion' parameter of RandomForestRegressor must be a str among {'friedman_mse', 'poisson', 'absolute_error', 'squared_error'}. Got 'mae' instead. 
 Traceback (most recent call last):
  File "/common/ketrong/tpotexp/tpot2/tpot2/utils/eval_utils.py", line 53, in objective_nan_wrapper
    value = func_timeout.func_timeout(timeout, objective_function, args=[individual], kwargs=objective_kwargs)
  File "/common/ketrong/tpotexp/env/lib/python3.10/site-packages/func_timeout/dafunc.py", line 108, in func_timeout
    raise_exception(exception)
  File "/common/ketrong/tpotexp/env/lib/python3.10/site-packages/func_timeout/py3_raise.py", line 7, in raise_exception
    raise exception[0] from None
  File "/common/ketrong/tpotexp/tpot2/tpot2/tpot_estimator/estimator.py", line 623, in objective_function
    return objective_function_generator(
  File "/common/ketrong/tpotexp/tpot2/tpot2/tpot_estimator/estimator_utils.py", line 55, in objective_function_generator
    cv_obj_scores = cross_val_score_objective(sklearn.base.clone(pipeline),x,y,scorers=scorers, cv=cv , fold=step)
  File "/common/ketrong/tpotexp/tpot2/tpot2/tpot_estimator/cross_val_utils.py", line 28, in cross_val_score_objective
    this_fold_pipeline.fit(X_train,y_train)
  File "/common/ketrong/tpotexp/env/lib/python3.10/site-packages/sklearn/base.py", line 1473, in wrapper
    return fit_method(estimator, *args, **kwargs)
  File "/common/ketrong/tpotexp/env/lib/python3.10/site-packages/sklearn/pipeline.py", line 473, in fit
    self._final_estimator.fit(Xt, y, **last_step_params["fit"])
  File "/common/ketrong/tpotexp/env/lib/python3.10/site-packages/sklearn/base.py", line 1466, in wrapper
    estimator._validate_params()
  File "/common/ketrong/tpotexp/env/lib/python3.10/site-packages/sklearn/base.py", line 666, in _validate_params
    validate_parameter_constraints(
  File "/common/ketrong/tpotexp/env/lib/python3.10/site-packages/sklearn/utils/_param_validation.py", line 95, in validate_parameter_constraints
    raise InvalidParameterError(
sklearn.utils._param_validation.InvalidParameterError: The 'criterion' parameter of RandomForestRegressor must be a str among {'friedman_mse', 'poisson', 'absolute_error', 'squared_error'}. Got 'mae' instead.

Generation:  14
Best root_mean_squared_error score: -1.2720406293869018
Generation:  56%|    | 14/25 [1:00:53<49:03, 267.60s/it]  Generation:  15
Best root_mean_squared_error score: -1.2720406293869018
Generation:  60%|    | 15/25 [1:03:17<38:21, 230.12s/it]Generation:  16
Best root_mean_squared_error score: -1.2720406293869018
Generation:  64%|   | 16/25 [1:06:05<31:42, 211.37s/it]WARNING THIS INDIVIDUAL CAUSED AND EXCEPTION 
 <tpot2.search_spaces.pipelines.sequential.SequentialPipelineIndividual object at 0x15545dd06b00> 
 The 'criterion' parameter of RandomForestRegressor must be a str among {'friedman_mse', 'poisson', 'absolute_error', 'squared_error'}. Got 'mse' instead. 
 Traceback (most recent call last):
  File "/common/ketrong/tpotexp/tpot2/tpot2/utils/eval_utils.py", line 53, in objective_nan_wrapper
    value = func_timeout.func_timeout(timeout, objective_function, args=[individual], kwargs=objective_kwargs)
  File "/common/ketrong/tpotexp/env/lib/python3.10/site-packages/func_timeout/dafunc.py", line 108, in func_timeout
    raise_exception(exception)
  File "/common/ketrong/tpotexp/env/lib/python3.10/site-packages/func_timeout/py3_raise.py", line 7, in raise_exception
    raise exception[0] from None
  File "/common/ketrong/tpotexp/tpot2/tpot2/tpot_estimator/estimator.py", line 623, in objective_function
    return objective_function_generator(
  File "/common/ketrong/tpotexp/tpot2/tpot2/tpot_estimator/estimator_utils.py", line 55, in objective_function_generator
    cv_obj_scores = cross_val_score_objective(sklearn.base.clone(pipeline),x,y,scorers=scorers, cv=cv , fold=step)
  File "/common/ketrong/tpotexp/tpot2/tpot2/tpot_estimator/cross_val_utils.py", line 28, in cross_val_score_objective
    this_fold_pipeline.fit(X_train,y_train)
  File "/common/ketrong/tpotexp/env/lib/python3.10/site-packages/sklearn/base.py", line 1473, in wrapper
    return fit_method(estimator, *args, **kwargs)
  File "/common/ketrong/tpotexp/env/lib/python3.10/site-packages/sklearn/pipeline.py", line 473, in fit
    self._final_estimator.fit(Xt, y, **last_step_params["fit"])
  File "/common/ketrong/tpotexp/env/lib/python3.10/site-packages/sklearn/base.py", line 1466, in wrapper
    estimator._validate_params()
  File "/common/ketrong/tpotexp/env/lib/python3.10/site-packages/sklearn/base.py", line 666, in _validate_params
    validate_parameter_constraints(
  File "/common/ketrong/tpotexp/env/lib/python3.10/site-packages/sklearn/utils/_param_validation.py", line 95, in validate_parameter_constraints
    raise InvalidParameterError(
sklearn.utils._param_validation.InvalidParameterError: The 'criterion' parameter of RandomForestRegressor must be a str among {'friedman_mse', 'poisson', 'absolute_error', 'squared_error'}. Got 'mse' instead.

Generation:  17
Best root_mean_squared_error score: -1.2601333379745483
Generation:  68%|   | 17/25 [1:06:45<21:20, 160.07s/it]Generation:  18
Best root_mean_squared_error score: -1.2601333379745483
Generation:  72%|  | 18/25 [1:09:12<18:11, 155.94s/it]WARNING THIS INDIVIDUAL CAUSED AND EXCEPTION 
 <tpot2.search_spaces.pipelines.sequential.SequentialPipelineIndividual object at 0x155456862a40> 
 The 'criterion' parameter of RandomForestRegressor must be a str among {'friedman_mse', 'poisson', 'absolute_error', 'squared_error'}. Got 'mae' instead. 
 Traceback (most recent call last):
  File "/common/ketrong/tpotexp/tpot2/tpot2/utils/eval_utils.py", line 53, in objective_nan_wrapper
    value = func_timeout.func_timeout(timeout, objective_function, args=[individual], kwargs=objective_kwargs)
  File "/common/ketrong/tpotexp/env/lib/python3.10/site-packages/func_timeout/dafunc.py", line 108, in func_timeout
    raise_exception(exception)
  File "/common/ketrong/tpotexp/env/lib/python3.10/site-packages/func_timeout/py3_raise.py", line 7, in raise_exception
    raise exception[0] from None
  File "/common/ketrong/tpotexp/tpot2/tpot2/tpot_estimator/estimator.py", line 623, in objective_function
    return objective_function_generator(
  File "/common/ketrong/tpotexp/tpot2/tpot2/tpot_estimator/estimator_utils.py", line 55, in objective_function_generator
    cv_obj_scores = cross_val_score_objective(sklearn.base.clone(pipeline),x,y,scorers=scorers, cv=cv , fold=step)
  File "/common/ketrong/tpotexp/tpot2/tpot2/tpot_estimator/cross_val_utils.py", line 28, in cross_val_score_objective
    this_fold_pipeline.fit(X_train,y_train)
  File "/common/ketrong/tpotexp/env/lib/python3.10/site-packages/sklearn/base.py", line 1473, in wrapper
    return fit_method(estimator, *args, **kwargs)
  File "/common/ketrong/tpotexp/env/lib/python3.10/site-packages/sklearn/pipeline.py", line 473, in fit
    self._final_estimator.fit(Xt, y, **last_step_params["fit"])
  File "/common/ketrong/tpotexp/env/lib/python3.10/site-packages/sklearn/base.py", line 1466, in wrapper
    estimator._validate_params()
  File "/common/ketrong/tpotexp/env/lib/python3.10/site-packages/sklearn/base.py", line 666, in _validate_params
    validate_parameter_constraints(
  File "/common/ketrong/tpotexp/env/lib/python3.10/site-packages/sklearn/utils/_param_validation.py", line 95, in validate_parameter_constraints
    raise InvalidParameterError(
sklearn.utils._param_validation.InvalidParameterError: The 'criterion' parameter of RandomForestRegressor must be a str among {'friedman_mse', 'poisson', 'absolute_error', 'squared_error'}. Got 'mae' instead.

Generation:  19
Best root_mean_squared_error score: -1.2601333379745483
Generation:  76%|  | 19/25 [1:17:25<25:42, 257.16s/it]Generation:  20
Best root_mean_squared_error score: -1.2601333379745483
Generation:  80%|  | 20/25 [1:19:27<18:02, 216.60s/it]WARNING THIS INDIVIDUAL CAUSED AND EXCEPTION 
 <tpot2.search_spaces.pipelines.sequential.SequentialPipelineIndividual object at 0x155474d13550> 
 The 'criterion' parameter of DecisionTreeRegressor must be a str among {'friedman_mse', 'poisson', 'absolute_error', 'squared_error'}. Got 'mae' instead. 
 Traceback (most recent call last):
  File "/common/ketrong/tpotexp/tpot2/tpot2/utils/eval_utils.py", line 53, in objective_nan_wrapper
    value = func_timeout.func_timeout(timeout, objective_function, args=[individual], kwargs=objective_kwargs)
  File "/common/ketrong/tpotexp/env/lib/python3.10/site-packages/func_timeout/dafunc.py", line 108, in func_timeout
    raise_exception(exception)
  File "/common/ketrong/tpotexp/env/lib/python3.10/site-packages/func_timeout/py3_raise.py", line 7, in raise_exception
    raise exception[0] from None
  File "/common/ketrong/tpotexp/tpot2/tpot2/tpot_estimator/estimator.py", line 623, in objective_function
    return objective_function_generator(
  File "/common/ketrong/tpotexp/tpot2/tpot2/tpot_estimator/estimator_utils.py", line 55, in objective_function_generator
    cv_obj_scores = cross_val_score_objective(sklearn.base.clone(pipeline),x,y,scorers=scorers, cv=cv , fold=step)
  File "/common/ketrong/tpotexp/tpot2/tpot2/tpot_estimator/cross_val_utils.py", line 28, in cross_val_score_objective
    this_fold_pipeline.fit(X_train,y_train)
  File "/common/ketrong/tpotexp/env/lib/python3.10/site-packages/sklearn/base.py", line 1473, in wrapper
    return fit_method(estimator, *args, **kwargs)
  File "/common/ketrong/tpotexp/env/lib/python3.10/site-packages/sklearn/pipeline.py", line 473, in fit
    self._final_estimator.fit(Xt, y, **last_step_params["fit"])
  File "/common/ketrong/tpotexp/env/lib/python3.10/site-packages/sklearn/base.py", line 1466, in wrapper
    estimator._validate_params()
  File "/common/ketrong/tpotexp/env/lib/python3.10/site-packages/sklearn/base.py", line 666, in _validate_params
    validate_parameter_constraints(
  File "/common/ketrong/tpotexp/env/lib/python3.10/site-packages/sklearn/utils/_param_validation.py", line 95, in validate_parameter_constraints
    raise InvalidParameterError(
sklearn.utils._param_validation.InvalidParameterError: The 'criterion' parameter of DecisionTreeRegressor must be a str among {'friedman_mse', 'poisson', 'absolute_error', 'squared_error'}. Got 'mae' instead.

WARNING AN INDIVIDUAL TIMED OUT: 
 <tpot2.search_spaces.pipelines.sequential.SequentialPipelineIndividual object at 0x15545b318490> 

Generation:  21
Best root_mean_squared_error score: -1.2601333379745483
Generation:  84%| | 21/25 [1:29:31<22:12, 333.02s/it]WARNING THIS INDIVIDUAL CAUSED AND EXCEPTION 
 <tpot2.search_spaces.pipelines.sequential.SequentialPipelineIndividual object at 0x1554347dace0> 
 The 'criterion' parameter of DecisionTreeRegressor must be a str among {'friedman_mse', 'poisson', 'absolute_error', 'squared_error'}. Got 'mae' instead. 
 Traceback (most recent call last):
  File "/common/ketrong/tpotexp/tpot2/tpot2/utils/eval_utils.py", line 53, in objective_nan_wrapper
    value = func_timeout.func_timeout(timeout, objective_function, args=[individual], kwargs=objective_kwargs)
  File "/common/ketrong/tpotexp/env/lib/python3.10/site-packages/func_timeout/dafunc.py", line 108, in func_timeout
    raise_exception(exception)
  File "/common/ketrong/tpotexp/env/lib/python3.10/site-packages/func_timeout/py3_raise.py", line 7, in raise_exception
    raise exception[0] from None
  File "/common/ketrong/tpotexp/tpot2/tpot2/tpot_estimator/estimator.py", line 623, in objective_function
    return objective_function_generator(
  File "/common/ketrong/tpotexp/tpot2/tpot2/tpot_estimator/estimator_utils.py", line 55, in objective_function_generator
    cv_obj_scores = cross_val_score_objective(sklearn.base.clone(pipeline),x,y,scorers=scorers, cv=cv , fold=step)
  File "/common/ketrong/tpotexp/tpot2/tpot2/tpot_estimator/cross_val_utils.py", line 28, in cross_val_score_objective
    this_fold_pipeline.fit(X_train,y_train)
  File "/common/ketrong/tpotexp/env/lib/python3.10/site-packages/sklearn/base.py", line 1473, in wrapper
    return fit_method(estimator, *args, **kwargs)
  File "/common/ketrong/tpotexp/env/lib/python3.10/site-packages/sklearn/pipeline.py", line 473, in fit
    self._final_estimator.fit(Xt, y, **last_step_params["fit"])
  File "/common/ketrong/tpotexp/env/lib/python3.10/site-packages/sklearn/base.py", line 1466, in wrapper
    estimator._validate_params()
  File "/common/ketrong/tpotexp/env/lib/python3.10/site-packages/sklearn/base.py", line 666, in _validate_params
    validate_parameter_constraints(
  File "/common/ketrong/tpotexp/env/lib/python3.10/site-packages/sklearn/utils/_param_validation.py", line 95, in validate_parameter_constraints
    raise InvalidParameterError(
sklearn.utils._param_validation.InvalidParameterError: The 'criterion' parameter of DecisionTreeRegressor must be a str among {'friedman_mse', 'poisson', 'absolute_error', 'squared_error'}. Got 'mae' instead.

WARNING THIS INDIVIDUAL CAUSED AND EXCEPTION 
 <tpot2.search_spaces.pipelines.sequential.SequentialPipelineIndividual object at 0x155474cbbd90> 
 The 'criterion' parameter of RandomForestRegressor must be a str among {'friedman_mse', 'poisson', 'absolute_error', 'squared_error'}. Got 'mae' instead. 
 Traceback (most recent call last):
  File "/common/ketrong/tpotexp/tpot2/tpot2/utils/eval_utils.py", line 53, in objective_nan_wrapper
    value = func_timeout.func_timeout(timeout, objective_function, args=[individual], kwargs=objective_kwargs)
  File "/common/ketrong/tpotexp/env/lib/python3.10/site-packages/func_timeout/dafunc.py", line 108, in func_timeout
    raise_exception(exception)
  File "/common/ketrong/tpotexp/env/lib/python3.10/site-packages/func_timeout/py3_raise.py", line 7, in raise_exception
    raise exception[0] from None
  File "/common/ketrong/tpotexp/tpot2/tpot2/tpot_estimator/estimator.py", line 623, in objective_function
    return objective_function_generator(
  File "/common/ketrong/tpotexp/tpot2/tpot2/tpot_estimator/estimator_utils.py", line 55, in objective_function_generator
    cv_obj_scores = cross_val_score_objective(sklearn.base.clone(pipeline),x,y,scorers=scorers, cv=cv , fold=step)
  File "/common/ketrong/tpotexp/tpot2/tpot2/tpot_estimator/cross_val_utils.py", line 28, in cross_val_score_objective
    this_fold_pipeline.fit(X_train,y_train)
  File "/common/ketrong/tpotexp/env/lib/python3.10/site-packages/sklearn/base.py", line 1473, in wrapper
    return fit_method(estimator, *args, **kwargs)
  File "/common/ketrong/tpotexp/env/lib/python3.10/site-packages/sklearn/pipeline.py", line 473, in fit
    self._final_estimator.fit(Xt, y, **last_step_params["fit"])
  File "/common/ketrong/tpotexp/env/lib/python3.10/site-packages/sklearn/base.py", line 1466, in wrapper
    estimator._validate_params()
  File "/common/ketrong/tpotexp/env/lib/python3.10/site-packages/sklearn/base.py", line 666, in _validate_params
    validate_parameter_constraints(
  File "/common/ketrong/tpotexp/env/lib/python3.10/site-packages/sklearn/utils/_param_validation.py", line 95, in validate_parameter_constraints
    raise InvalidParameterError(
sklearn.utils._param_validation.InvalidParameterError: The 'criterion' parameter of RandomForestRegressor must be a str among {'friedman_mse', 'poisson', 'absolute_error', 'squared_error'}. Got 'mae' instead.

WARNING THIS INDIVIDUAL CAUSED AND EXCEPTION 
 <tpot2.search_spaces.pipelines.sequential.SequentialPipelineIndividual object at 0x15545bc63640> 
 The 'criterion' parameter of RandomForestRegressor must be a str among {'friedman_mse', 'poisson', 'absolute_error', 'squared_error'}. Got 'mse' instead. 
 Traceback (most recent call last):
  File "/common/ketrong/tpotexp/tpot2/tpot2/utils/eval_utils.py", line 53, in objective_nan_wrapper
    value = func_timeout.func_timeout(timeout, objective_function, args=[individual], kwargs=objective_kwargs)
  File "/common/ketrong/tpotexp/env/lib/python3.10/site-packages/func_timeout/dafunc.py", line 108, in func_timeout
    raise_exception(exception)
  File "/common/ketrong/tpotexp/env/lib/python3.10/site-packages/func_timeout/py3_raise.py", line 7, in raise_exception
    raise exception[0] from None
  File "/common/ketrong/tpotexp/tpot2/tpot2/tpot_estimator/estimator.py", line 623, in objective_function
    return objective_function_generator(
  File "/common/ketrong/tpotexp/tpot2/tpot2/tpot_estimator/estimator_utils.py", line 55, in objective_function_generator
    cv_obj_scores = cross_val_score_objective(sklearn.base.clone(pipeline),x,y,scorers=scorers, cv=cv , fold=step)
  File "/common/ketrong/tpotexp/tpot2/tpot2/tpot_estimator/cross_val_utils.py", line 28, in cross_val_score_objective
    this_fold_pipeline.fit(X_train,y_train)
  File "/common/ketrong/tpotexp/env/lib/python3.10/site-packages/sklearn/base.py", line 1473, in wrapper
    return fit_method(estimator, *args, **kwargs)
  File "/common/ketrong/tpotexp/env/lib/python3.10/site-packages/sklearn/pipeline.py", line 473, in fit
    self._final_estimator.fit(Xt, y, **last_step_params["fit"])
  File "/common/ketrong/tpotexp/env/lib/python3.10/site-packages/sklearn/base.py", line 1466, in wrapper
    estimator._validate_params()
  File "/common/ketrong/tpotexp/env/lib/python3.10/site-packages/sklearn/base.py", line 666, in _validate_params
    validate_parameter_constraints(
  File "/common/ketrong/tpotexp/env/lib/python3.10/site-packages/sklearn/utils/_param_validation.py", line 95, in validate_parameter_constraints
    raise InvalidParameterError(
sklearn.utils._param_validation.InvalidParameterError: The 'criterion' parameter of RandomForestRegressor must be a str among {'friedman_mse', 'poisson', 'absolute_error', 'squared_error'}. Got 'mse' instead.

WARNING THIS INDIVIDUAL CAUSED AND EXCEPTION 
 <tpot2.search_spaces.pipelines.sequential.SequentialPipelineIndividual object at 0x15547507fdf0> 
 The 'criterion' parameter of RandomForestRegressor must be a str among {'friedman_mse', 'poisson', 'absolute_error', 'squared_error'}. Got 'mse' instead. 
 Traceback (most recent call last):
  File "/common/ketrong/tpotexp/tpot2/tpot2/utils/eval_utils.py", line 53, in objective_nan_wrapper
    value = func_timeout.func_timeout(timeout, objective_function, args=[individual], kwargs=objective_kwargs)
  File "/common/ketrong/tpotexp/env/lib/python3.10/site-packages/func_timeout/dafunc.py", line 108, in func_timeout
    raise_exception(exception)
  File "/common/ketrong/tpotexp/env/lib/python3.10/site-packages/func_timeout/py3_raise.py", line 7, in raise_exception
    raise exception[0] from None
  File "/common/ketrong/tpotexp/tpot2/tpot2/tpot_estimator/estimator.py", line 623, in objective_function
    return objective_function_generator(
  File "/common/ketrong/tpotexp/tpot2/tpot2/tpot_estimator/estimator_utils.py", line 55, in objective_function_generator
    cv_obj_scores = cross_val_score_objective(sklearn.base.clone(pipeline),x,y,scorers=scorers, cv=cv , fold=step)
  File "/common/ketrong/tpotexp/tpot2/tpot2/tpot_estimator/cross_val_utils.py", line 28, in cross_val_score_objective
    this_fold_pipeline.fit(X_train,y_train)
  File "/common/ketrong/tpotexp/env/lib/python3.10/site-packages/sklearn/base.py", line 1473, in wrapper
    return fit_method(estimator, *args, **kwargs)
  File "/common/ketrong/tpotexp/env/lib/python3.10/site-packages/sklearn/pipeline.py", line 473, in fit
    self._final_estimator.fit(Xt, y, **last_step_params["fit"])
  File "/common/ketrong/tpotexp/env/lib/python3.10/site-packages/sklearn/base.py", line 1466, in wrapper
    estimator._validate_params()
  File "/common/ketrong/tpotexp/env/lib/python3.10/site-packages/sklearn/base.py", line 666, in _validate_params
    validate_parameter_constraints(
  File "/common/ketrong/tpotexp/env/lib/python3.10/site-packages/sklearn/utils/_param_validation.py", line 95, in validate_parameter_constraints
    raise InvalidParameterError(
sklearn.utils._param_validation.InvalidParameterError: The 'criterion' parameter of RandomForestRegressor must be a str among {'friedman_mse', 'poisson', 'absolute_error', 'squared_error'}. Got 'mse' instead.

Generation:  22
Best root_mean_squared_error score: -1.2601333379745483
Generation:  88%| | 22/25 [1:30:27<12:29, 249.99s/it]Generation:  23
Best root_mean_squared_error score: -1.2601333379745483
Generation:  92%|| 23/25 [1:31:54<06:41, 200.88s/it]WARNING THIS INDIVIDUAL CAUSED AND EXCEPTION 
 <tpot2.search_spaces.pipelines.sequential.SequentialPipelineIndividual object at 0x15545f675e70> 
 The 'criterion' parameter of RandomForestRegressor must be a str among {'friedman_mse', 'poisson', 'absolute_error', 'squared_error'}. Got 'mse' instead. 
 Traceback (most recent call last):
  File "/common/ketrong/tpotexp/tpot2/tpot2/utils/eval_utils.py", line 53, in objective_nan_wrapper
    value = func_timeout.func_timeout(timeout, objective_function, args=[individual], kwargs=objective_kwargs)
  File "/common/ketrong/tpotexp/env/lib/python3.10/site-packages/func_timeout/dafunc.py", line 108, in func_timeout
    raise_exception(exception)
  File "/common/ketrong/tpotexp/env/lib/python3.10/site-packages/func_timeout/py3_raise.py", line 7, in raise_exception
    raise exception[0] from None
  File "/common/ketrong/tpotexp/tpot2/tpot2/tpot_estimator/estimator.py", line 623, in objective_function
    return objective_function_generator(
  File "/common/ketrong/tpotexp/tpot2/tpot2/tpot_estimator/estimator_utils.py", line 55, in objective_function_generator
    cv_obj_scores = cross_val_score_objective(sklearn.base.clone(pipeline),x,y,scorers=scorers, cv=cv , fold=step)
  File "/common/ketrong/tpotexp/tpot2/tpot2/tpot_estimator/cross_val_utils.py", line 28, in cross_val_score_objective
    this_fold_pipeline.fit(X_train,y_train)
  File "/common/ketrong/tpotexp/env/lib/python3.10/site-packages/sklearn/base.py", line 1473, in wrapper
    return fit_method(estimator, *args, **kwargs)
  File "/common/ketrong/tpotexp/env/lib/python3.10/site-packages/sklearn/pipeline.py", line 473, in fit
    self._final_estimator.fit(Xt, y, **last_step_params["fit"])
  File "/common/ketrong/tpotexp/env/lib/python3.10/site-packages/sklearn/base.py", line 1466, in wrapper
    estimator._validate_params()
  File "/common/ketrong/tpotexp/env/lib/python3.10/site-packages/sklearn/base.py", line 666, in _validate_params
    validate_parameter_constraints(
  File "/common/ketrong/tpotexp/env/lib/python3.10/site-packages/sklearn/utils/_param_validation.py", line 95, in validate_parameter_constraints
    raise InvalidParameterError(
sklearn.utils._param_validation.InvalidParameterError: The 'criterion' parameter of RandomForestRegressor must be a str among {'friedman_mse', 'poisson', 'absolute_error', 'squared_error'}. Got 'mse' instead.

Generation:  24
Best root_mean_squared_error score: -1.2601333379745483
Generation:  96%|| 24/25 [1:32:42<02:35, 155.09s/it]WARNING THIS INDIVIDUAL CAUSED AND EXCEPTION 
 <tpot2.search_spaces.pipelines.sequential.SequentialPipelineIndividual object at 0x15545dbbebc0> 
 The 'criterion' parameter of DecisionTreeRegressor must be a str among {'friedman_mse', 'poisson', 'absolute_error', 'squared_error'}. Got 'mae' instead. 
 Traceback (most recent call last):
  File "/common/ketrong/tpotexp/tpot2/tpot2/utils/eval_utils.py", line 53, in objective_nan_wrapper
    value = func_timeout.func_timeout(timeout, objective_function, args=[individual], kwargs=objective_kwargs)
  File "/common/ketrong/tpotexp/env/lib/python3.10/site-packages/func_timeout/dafunc.py", line 108, in func_timeout
    raise_exception(exception)
  File "/common/ketrong/tpotexp/env/lib/python3.10/site-packages/func_timeout/py3_raise.py", line 7, in raise_exception
    raise exception[0] from None
  File "/common/ketrong/tpotexp/tpot2/tpot2/tpot_estimator/estimator.py", line 623, in objective_function
    return objective_function_generator(
  File "/common/ketrong/tpotexp/tpot2/tpot2/tpot_estimator/estimator_utils.py", line 55, in objective_function_generator
    cv_obj_scores = cross_val_score_objective(sklearn.base.clone(pipeline),x,y,scorers=scorers, cv=cv , fold=step)
  File "/common/ketrong/tpotexp/tpot2/tpot2/tpot_estimator/cross_val_utils.py", line 28, in cross_val_score_objective
    this_fold_pipeline.fit(X_train,y_train)
  File "/common/ketrong/tpotexp/env/lib/python3.10/site-packages/sklearn/base.py", line 1473, in wrapper
    return fit_method(estimator, *args, **kwargs)
  File "/common/ketrong/tpotexp/env/lib/python3.10/site-packages/sklearn/pipeline.py", line 473, in fit
    self._final_estimator.fit(Xt, y, **last_step_params["fit"])
  File "/common/ketrong/tpotexp/env/lib/python3.10/site-packages/sklearn/base.py", line 1466, in wrapper
    estimator._validate_params()
  File "/common/ketrong/tpotexp/env/lib/python3.10/site-packages/sklearn/base.py", line 666, in _validate_params
    validate_parameter_constraints(
  File "/common/ketrong/tpotexp/env/lib/python3.10/site-packages/sklearn/utils/_param_validation.py", line 95, in validate_parameter_constraints
    raise InvalidParameterError(
sklearn.utils._param_validation.InvalidParameterError: The 'criterion' parameter of DecisionTreeRegressor must be a str among {'friedman_mse', 'poisson', 'absolute_error', 'squared_error'}. Got 'mae' instead.

WARNING AN INDIVIDUAL TIMED OUT: 
 <tpot2.search_spaces.pipelines.sequential.SequentialPipelineIndividual object at 0x155452a22f50> 

Generation:  25
Best root_mean_squared_error score: -1.2601333379745483
Generation: 100%|| 25/25 [1:42:48<00:00, 290.28s/it]Generation: 100%|| 25/25 [1:42:48<00:00, 246.73s/it]
2024-10-03 13:05:22,210 - distributed.scheduler - ERROR - Removing worker 'tcp://127.0.0.1:42855' caused the cluster to lose scattered data, which can't be recovered: {'DataFrame-ebec68772ddee05393313e786a00fe56', 'DataFrame-a4fd229d0d64e340bbc29ac5fc78ab11'} (stimulus_id='handle-worker-cleanup-1727985922.2101524')
Fitted
Pipeline(steps=[('simpleimputer', SimpleImputer()),
                ('xgbregressor',
                 XGBRegressor(base_score=None, booster=None, callbacks=None,
                              colsample_bylevel=None, colsample_bynode=None,
                              colsample_bytree=None, device=None,
                              early_stopping_rounds=None,
                              enable_categorical=False, eval_metric=None,
                              feature_types=None, gamma=0.0008027904479,
                              grow_policy=None, importance_type=None,
                              interaction_constraints=None,
                              learning_rate=0.2219861247878, max_bin=None,
                              max_cat_threshold=None, max_cat_to_onehot=None,
                              max_delta_step=None, max_depth=16,
                              max_leaves=None, min_child_weight=8, missing=nan,
                              monotone_constraints=None, multi_strategy=None,
                              n_estimators=100, n_jobs=1, nthread=1,
                              num_parallel_tree=None, ...))])
transform worked
try transform
transform worked
score start
train score: {'explained_var': 0.6817784905433655, 'r2': 0.6817770004272461, 'rmse': 0.8980510234832764}
test score: {'explained_var': 0.260946124792099, 'r2': 0.26088136434555054, 'rmse': 1.307035207748413}
original test score: {'explained_var': 0.6279063820838928, 'r2': 0.6267191171646118, 'rmse': 0.928855299949646}
score end
42183
lvl
0.5
type
MCAR
num_run
2
reg_full
finished
all finished
full run takes
4.5179837628205615
hours
DONE
