Run: 58
/cm/local/apps/slurm/var/spool/job925544/slurm_script: line 26: 
pip install -e tpot2
pip install -r tpot2/ImputerExperiments/requirements_.txt
: No such file or directory
RunStart
starting loops
../data/c/6/6.pkl
working on 
../data/c/6/class_full_MNAR_0.1_3
3.0775363445281982
running experiment 1/3 - Does large hyperparameter space improve reconstruction accuracy over simple
[I 2024-08-19 14:38:34,504] A new study created in memory with name: no-name-2e6a2c26-fe00-4783-a9f8-732851ecffb8
running
running
running
running
running
running
running
running
running
running
running
running
running
running
running
running
[I 2024-08-19 14:38:36,912] Trial 10 finished with value: 0.08070162592228586 and parameters: {'model_name': 'SimpleImputer', 'strategy': 'median'}. Best is trial 10 with value: 0.08070162592228586.
[I 2024-08-19 14:38:37,049] Trial 0 finished with value: 0.08070162592228586 and parameters: {'model_name': 'SimpleImputer', 'strategy': 'median'}. Best is trial 10 with value: 0.08070162592228586.
running
running
[I 2024-08-19 14:38:37,261] Trial 12 finished with value: 0.08070162592228586 and parameters: {'model_name': 'SimpleImputer', 'strategy': 'median'}. Best is trial 10 with value: 0.08070162592228586.
running
[I 2024-08-19 14:38:38,126] Trial 13 finished with value: 0.23666157473030208 and parameters: {'model_name': 'SimpleImputer', 'strategy': 'most_frequent'}. Best is trial 10 with value: 0.08070162592228586.
running
[I 2024-08-19 14:38:38,381] Trial 17 finished with value: 0.08262720281082774 and parameters: {'model_name': 'SimpleImputer', 'strategy': 'mean'}. Best is trial 10 with value: 0.08070162592228586.
running
[I 2024-08-19 14:38:38,923] Trial 14 finished with value: 0.23666157473030208 and parameters: {'model_name': 'SimpleImputer', 'strategy': 'most_frequent'}. Best is trial 10 with value: 0.08070162592228586.
running
[I 2024-08-19 14:38:39,486] Trial 7 finished with value: 0.23666157473030208 and parameters: {'model_name': 'SimpleImputer', 'strategy': 'most_frequent'}. Best is trial 10 with value: 0.08070162592228586.
running
[I 2024-08-19 14:39:18,783] Trial 6 finished with value: 0.0689207898411294 and parameters: {'model_name': 'KNNImputer', 'n_neighbors': 1923, 'weights': 'uniform'}. Best is trial 6 with value: 0.0689207898411294.
running
[I 2024-08-19 14:39:23,781] Trial 16 finished with value: 0.07238355935879873 and parameters: {'model_name': 'KNNImputer', 'n_neighbors': 3799, 'weights': 'uniform'}. Best is trial 6 with value: 0.0689207898411294.
running
[I 2024-08-19 14:39:25,709] Trial 24 finished with value: inf and parameters: {'model_name': 'GAIN', 'batch_size': 2, 'hint_rate': 0.9423784648099962, 'alpha': 32, 'iterations': 3, 'learning_rate': 0.00023476036538738485, 'p_miss': 0.013903553107731528}. Best is trial 6 with value: 0.0689207898411294.
running
[I 2024-08-19 14:39:26,702] Trial 18 finished with value: 0.08262720281082774 and parameters: {'model_name': 'KNNImputer', 'n_neighbors': 16301, 'weights': 'uniform'}. Best is trial 6 with value: 0.0689207898411294.
running
[I 2024-08-19 14:39:28,105] Trial 15 finished with value: 0.06987494725202366 and parameters: {'model_name': 'KNNImputer', 'n_neighbors': 3356, 'weights': 'distance'}. Best is trial 6 with value: 0.0689207898411294.
running
[I 2024-08-19 14:39:29,165] Trial 5 finished with value: 0.07708532171075658 and parameters: {'model_name': 'KNNImputer', 'n_neighbors': 8230, 'weights': 'uniform'}. Best is trial 6 with value: 0.0689207898411294.
running
[I 2024-08-19 14:39:31,006] Trial 22 finished with value: 0.21444024706952206 and parameters: {'model_name': 'GAIN', 'batch_size': 107, 'hint_rate': 0.47824169683469697, 'alpha': 65, 'iterations': 5, 'learning_rate': 0.00010675577773978707, 'p_miss': 0.27720083262904105}. Best is trial 6 with value: 0.0689207898411294.
running
[I 2024-08-19 14:39:33,353] Trial 9 finished with value: 0.08235980148306629 and parameters: {'model_name': 'KNNImputer', 'n_neighbors': 15116, 'weights': 'uniform'}. Best is trial 6 with value: 0.0689207898411294.
running
[I 2024-08-19 14:39:34,001] Trial 11 finished with value: 0.08186277324931338 and parameters: {'model_name': 'KNNImputer', 'n_neighbors': 14553, 'weights': 'uniform'}. Best is trial 6 with value: 0.0689207898411294.
running
[I 2024-08-19 14:39:39,611] Trial 4 finished with value: 0.22471694802710665 and parameters: {'model_name': 'GAIN', 'batch_size': 52, 'hint_rate': 0.32017743086589356, 'alpha': 70, 'iterations': 9, 'learning_rate': 0.0032427988863469896, 'p_miss': 0.048714838190740635}. Best is trial 6 with value: 0.0689207898411294.
running
[I 2024-08-19 14:39:49,635] Trial 1 finished with value: 0.07658182805401025 and parameters: {'model_name': 'KNNImputer', 'n_neighbors': 10772, 'weights': 'distance'}. Best is trial 6 with value: 0.0689207898411294.
running
[I 2024-08-19 14:39:50,203] Trial 20 finished with value: 0.07619357464953558 and parameters: {'model_name': 'KNNImputer', 'n_neighbors': 10170, 'weights': 'distance'}. Best is trial 6 with value: 0.0689207898411294.
running
[I 2024-08-19 14:39:51,710] Trial 8 finished with value: 0.07731546712737021 and parameters: {'model_name': 'KNNImputer', 'n_neighbors': 11956, 'weights': 'distance'}. Best is trial 6 with value: 0.0689207898411294.
running
[I 2024-08-19 14:39:54,682] Trial 3 finished with value: 0.07908465833967324 and parameters: {'model_name': 'KNNImputer', 'n_neighbors': 14866, 'weights': 'distance'}. Best is trial 6 with value: 0.0689207898411294.
running
[I 2024-08-19 14:40:09,622] Trial 26 finished with value: 0.06596145596075717 and parameters: {'model_name': 'KNNImputer', 'n_neighbors': 1019, 'weights': 'uniform'}. Best is trial 26 with value: 0.06596145596075717.
running
[I 2024-08-19 14:40:11,060] Trial 25 finished with value: 0.05514568967705037 and parameters: {'model_name': 'KNNImputer', 'n_neighbors': 100, 'weights': 'distance'}. Best is trial 25 with value: 0.05514568967705037.
running
[I 2024-08-19 14:40:12,303] Trial 27 finished with value: 0.057947708738382696 and parameters: {'model_name': 'KNNImputer', 'n_neighbors': 224, 'weights': 'distance'}. Best is trial 25 with value: 0.05514568967705037.
running
[I 2024-08-19 14:40:37,506] Trial 2 finished with value: 0.0686901653437694 and parameters: {'model_name': 'IterativeImputer', 'estimator': 'Ridge', 'initial_strategy': 'median', 'n_nearest_features': 16, 'imputation_order': 'ascending'}. Best is trial 25 with value: 0.05514568967705037.
running
[I 2024-08-19 14:40:44,907] Trial 37 finished with value: 0.05231001383925145 and parameters: {'model_name': 'KNNImputer', 'n_neighbors': 15, 'weights': 'uniform'}. Best is trial 37 with value: 0.05231001383925145.
running
[I 2024-08-19 14:41:37,920] Trial 29 finished with value: 0.06869013337685446 and parameters: {'model_name': 'IterativeImputer', 'estimator': 'Ridge', 'initial_strategy': 'most_frequent', 'n_nearest_features': 16, 'imputation_order': 'arabic'}. Best is trial 37 with value: 0.05231001383925145.
running
[I 2024-08-19 14:41:52,373] Trial 34 finished with value: 0.07965847027587339 and parameters: {'model_name': 'IterativeImputer', 'estimator': 'Ridge', 'initial_strategy': 'constant', 'n_nearest_features': 1, 'imputation_order': 'ascending'}. Best is trial 37 with value: 0.05231001383925145.
running
[I 2024-08-19 14:42:05,727] Trial 38 finished with value: 0.06869013991945278 and parameters: {'model_name': 'IterativeImputer', 'estimator': 'Ridge', 'initial_strategy': 'mean', 'n_nearest_features': 16, 'imputation_order': 'descending'}. Best is trial 37 with value: 0.05231001383925145.
running
[I 2024-08-19 14:42:07,842] Trial 23 finished with value: 0.06980834020590362 and parameters: {'model_name': 'IterativeImputer', 'estimator': 'Ridge', 'initial_strategy': 'median', 'n_nearest_features': 10, 'imputation_order': 'ascending'}. Best is trial 37 with value: 0.05231001383925145.
running
[I 2024-08-19 14:42:18,403] Trial 32 finished with value: 0.07147071891891252 and parameters: {'model_name': 'IterativeImputer', 'estimator': 'Ridge', 'initial_strategy': 'median', 'n_nearest_features': 7, 'imputation_order': 'ascending'}. Best is trial 37 with value: 0.05231001383925145.
running
[I 2024-08-19 14:42:19,648] Trial 42 finished with value: 0.060522667154316104 and parameters: {'model_name': 'KNNImputer', 'n_neighbors': 419, 'weights': 'distance'}. Best is trial 37 with value: 0.05231001383925145.
running
[I 2024-08-19 14:42:26,691] Trial 19 finished with value: 0.07385162200375632 and parameters: {'model_name': 'IterativeImputer', 'estimator': 'KNN', 'initial_strategy': 'median', 'n_nearest_features': 3, 'imputation_order': 'arabic'}. Best is trial 37 with value: 0.05231001383925145.
running
[I 2024-08-19 14:42:31,330] Trial 43 finished with value: 0.05880504926761478 and parameters: {'model_name': 'KNNImputer', 'n_neighbors': 277, 'weights': 'distance'}. Best is trial 37 with value: 0.05231001383925145.
running
[I 2024-08-19 14:42:40,402] Trial 45 finished with value: 0.05296989685939296 and parameters: {'model_name': 'KNNImputer', 'n_neighbors': 45, 'weights': 'distance'}. Best is trial 37 with value: 0.05231001383925145.
running
[I 2024-08-19 14:42:42,619] Trial 44 finished with value: 0.05996242092274501 and parameters: {'model_name': 'KNNImputer', 'n_neighbors': 366, 'weights': 'distance'}. Best is trial 37 with value: 0.05231001383925145.
running
[I 2024-08-19 14:42:55,962] Trial 48 finished with value: 0.05213989906360641 and parameters: {'model_name': 'KNNImputer', 'n_neighbors': 18, 'weights': 'distance'}. Best is trial 48 with value: 0.05213989906360641.
running
[I 2024-08-19 14:42:56,292] Trial 47 finished with value: 0.06154466038057964 and parameters: {'model_name': 'KNNImputer', 'n_neighbors': 537, 'weights': 'distance'}. Best is trial 48 with value: 0.05213989906360641.
running
[I 2024-08-19 14:42:58,771] Trial 46 finished with value: 0.062270006014905024 and parameters: {'model_name': 'KNNImputer', 'n_neighbors': 638, 'weights': 'distance'}. Best is trial 48 with value: 0.05213989906360641.
running
[I 2024-08-19 14:43:00,052] Trial 49 finished with value: 0.06035622803396344 and parameters: {'model_name': 'KNNImputer', 'n_neighbors': 4, 'weights': 'distance'}. Best is trial 48 with value: 0.05213989906360641.
running
[I 2024-08-19 14:43:07,043] Trial 33 finished with value: 0.07898797443741779 and parameters: {'model_name': 'IterativeImputer', 'estimator': 'KNN', 'initial_strategy': 'median', 'n_nearest_features': 2, 'imputation_order': 'descending'}. Best is trial 48 with value: 0.05213989906360641.
running
[I 2024-08-19 14:43:22,856] Trial 40 finished with value: 0.08583074943059602 and parameters: {'model_name': 'IterativeImputer', 'estimator': 'KNN', 'initial_strategy': 'constant', 'n_nearest_features': 1, 'imputation_order': 'random'}. Best is trial 48 with value: 0.05213989906360641.
running
[I 2024-08-19 14:43:23,922] Trial 41 finished with value: 0.08599252275404559 and parameters: {'model_name': 'IterativeImputer', 'estimator': 'KNN', 'initial_strategy': 'mean', 'n_nearest_features': 1, 'imputation_order': 'random'}. Best is trial 48 with value: 0.05213989906360641.
running
[I 2024-08-19 14:43:32,723] Trial 51 finished with value: 0.07220432958056675 and parameters: {'model_name': 'KNNImputer', 'n_neighbors': 5239, 'weights': 'distance'}. Best is trial 48 with value: 0.05213989906360641.
running
[I 2024-08-19 14:43:33,185] Trial 50 finished with value: 0.07250984438733785 and parameters: {'model_name': 'KNNImputer', 'n_neighbors': 5539, 'weights': 'distance'}. Best is trial 48 with value: 0.05213989906360641.
running
[I 2024-08-19 14:43:46,687] Trial 52 finished with value: 0.07127965362941195 and parameters: {'model_name': 'KNNImputer', 'n_neighbors': 4409, 'weights': 'distance'}. Best is trial 48 with value: 0.05213989906360641.
running
[I 2024-08-19 14:43:51,095] Trial 56 finished with value: 0.06942554624703805 and parameters: {'model_name': 'KNNImputer', 'n_neighbors': 3066, 'weights': 'distance'}. Best is trial 48 with value: 0.05213989906360641.
running
[I 2024-08-19 14:43:51,947] Trial 30 finished with value: 0.06702657010712146 and parameters: {'model_name': 'IterativeImputer', 'estimator': 'KNN', 'initial_strategy': 'most_frequent', 'n_nearest_features': 5, 'imputation_order': 'arabic'}. Best is trial 48 with value: 0.05213989906360641.
running
[I 2024-08-19 14:44:05,983] Trial 57 finished with value: 0.0693507676122833 and parameters: {'model_name': 'KNNImputer', 'n_neighbors': 3021, 'weights': 'distance'}. Best is trial 48 with value: 0.05213989906360641.
running
[I 2024-08-19 14:44:06,757] Trial 58 finished with value: 0.06964074964539553 and parameters: {'model_name': 'KNNImputer', 'n_neighbors': 3202, 'weights': 'distance'}. Best is trial 48 with value: 0.05213989906360641.
running
[I 2024-08-19 14:44:12,774] Trial 59 finished with value: 0.06962450539508155 and parameters: {'model_name': 'KNNImputer', 'n_neighbors': 3192, 'weights': 'distance'}. Best is trial 48 with value: 0.05213989906360641.
running
[I 2024-08-19 14:44:22,270] Trial 21 finished with value: 0.061504296679284684 and parameters: {'model_name': 'IterativeImputer', 'estimator': 'KNN', 'initial_strategy': 'constant', 'n_nearest_features': 8, 'imputation_order': 'roman'}. Best is trial 48 with value: 0.05213989906360641.
running
[I 2024-08-19 14:44:24,819] Trial 61 finished with value: 0.06846736444801496 and parameters: {'model_name': 'KNNImputer', 'n_neighbors': 2518, 'weights': 'distance'}. Best is trial 48 with value: 0.05213989906360641.
running
[I 2024-08-19 14:46:18,876] Trial 36 finished with value: 0.05929249033298456 and parameters: {'model_name': 'IterativeImputer', 'estimator': 'KNN', 'initial_strategy': 'mean', 'n_nearest_features': 11, 'imputation_order': 'arabic'}. Best is trial 48 with value: 0.05213989906360641.
running
[I 2024-08-19 14:48:28,083] Trial 28 finished with value: 0.05876386227748973 and parameters: {'model_name': 'IterativeImputer', 'estimator': 'KNN', 'initial_strategy': 'mean', 'n_nearest_features': 15, 'imputation_order': 'roman'}. Best is trial 48 with value: 0.05213989906360641.
running
[I 2024-08-19 15:35:11,981] Trial 63 finished with value: inf and parameters: {'model_name': 'GAIN', 'batch_size': 1, 'hint_rate': 0.010215628727132164, 'alpha': 1, 'iterations': 4230, 'learning_rate': 0.09045136502256398, 'p_miss': 0.2972593976127117}. Best is trial 48 with value: 0.05213989906360641.
running
[I 2024-08-19 16:48:39,100] Trial 60 finished with value: inf and parameters: {'model_name': 'GAIN', 'batch_size': 1, 'hint_rate': 0.028340708331465403, 'alpha': 0, 'iterations': 5356, 'learning_rate': 0.096079052951223, 'p_miss': 0.2938161594027199}. Best is trial 48 with value: 0.05213989906360641.
running
[I 2024-08-19 16:48:39,875] Trial 72 finished with value: 0.23666157473030208 and parameters: {'model_name': 'SimpleImputer', 'strategy': 'constant'}. Best is trial 48 with value: 0.05213989906360641.
running
[I 2024-08-19 16:49:06,025] Trial 73 finished with value: 0.06920526504248908 and parameters: {'model_name': 'KNNImputer', 'n_neighbors': 2041, 'weights': 'uniform'}. Best is trial 48 with value: 0.05213989906360641.
running
[I 2024-08-19 16:49:32,398] Trial 74 finished with value: 0.06514668818313407 and parameters: {'model_name': 'KNNImputer', 'n_neighbors': 1235, 'weights': 'distance'}. Best is trial 48 with value: 0.05213989906360641.
running
[I 2024-08-19 16:50:07,654] Trial 75 finished with value: 0.07383094584024098 and parameters: {'model_name': 'KNNImputer', 'n_neighbors': 6976, 'weights': 'distance'}. Best is trial 48 with value: 0.05213989906360641.
running
[I 2024-08-19 16:50:36,590] Trial 76 finished with value: 0.06649000884874408 and parameters: {'model_name': 'KNNImputer', 'n_neighbors': 1658, 'weights': 'distance'}. Best is trial 48 with value: 0.05213989906360641.
running
[I 2024-08-19 16:51:03,921] Trial 77 finished with value: 0.06600648060000494 and parameters: {'model_name': 'KNNImputer', 'n_neighbors': 1491, 'weights': 'distance'}. Best is trial 48 with value: 0.05213989906360641.
running
[I 2024-08-19 16:51:24,629] Trial 78 finished with value: 0.05325473589193378 and parameters: {'model_name': 'KNNImputer', 'n_neighbors': 52, 'weights': 'distance'}. Best is trial 48 with value: 0.05213989906360641.
running
[I 2024-08-19 16:51:49,447] Trial 79 finished with value: 0.06838619335443744 and parameters: {'model_name': 'KNNImputer', 'n_neighbors': 1723, 'weights': 'uniform'}. Best is trial 48 with value: 0.05213989906360641.
running
[I 2024-08-19 16:51:50,698] Trial 80 finished with value: 0.08262720281082774 and parameters: {'model_name': 'SimpleImputer', 'strategy': 'mean'}. Best is trial 48 with value: 0.05213989906360641.
running
[I 2024-08-19 16:52:12,308] Trial 81 finished with value: 0.0530639417648864 and parameters: {'model_name': 'KNNImputer', 'n_neighbors': 47, 'weights': 'distance'}. Best is trial 48 with value: 0.05213989906360641.
running
[I 2024-08-19 16:52:37,748] Trial 82 finished with value: 0.057420193007871975 and parameters: {'model_name': 'KNNImputer', 'n_neighbors': 196, 'weights': 'distance'}. Best is trial 48 with value: 0.05213989906360641.
running
[I 2024-08-19 16:53:06,621] Trial 83 finished with value: 0.06561481413791478 and parameters: {'model_name': 'KNNImputer', 'n_neighbors': 1368, 'weights': 'distance'}. Best is trial 48 with value: 0.05213989906360641.
running
[I 2024-08-19 16:53:39,144] Trial 84 finished with value: 0.06737896809533506 and parameters: {'model_name': 'KNNImputer', 'n_neighbors': 2003, 'weights': 'distance'}. Best is trial 48 with value: 0.05213989906360641.
running
[I 2024-08-19 16:54:04,925] Trial 85 finished with value: 0.06708089487980723 and parameters: {'model_name': 'KNNImputer', 'n_neighbors': 1306, 'weights': 'uniform'}. Best is trial 48 with value: 0.05213989906360641.
running
[I 2024-08-19 16:54:27,757] Trial 86 finished with value: 0.054085689508581204 and parameters: {'model_name': 'KNNImputer', 'n_neighbors': 70, 'weights': 'distance'}. Best is trial 48 with value: 0.05213989906360641.
running
[I 2024-08-19 16:54:52,233] Trial 87 finished with value: 0.05907323369589333 and parameters: {'model_name': 'KNNImputer', 'n_neighbors': 296, 'weights': 'distance'}. Best is trial 48 with value: 0.05213989906360641.
running
[I 2024-08-19 16:55:15,069] Trial 88 finished with value: 0.054782345105172436 and parameters: {'model_name': 'KNNImputer', 'n_neighbors': 88, 'weights': 'distance'}. Best is trial 48 with value: 0.05213989906360641.
running
[I 2024-08-19 16:55:41,979] Trial 89 finished with value: 0.06424281078224657 and parameters: {'model_name': 'KNNImputer', 'n_neighbors': 1005, 'weights': 'distance'}. Best is trial 48 with value: 0.05213989906360641.
running
[I 2024-08-19 16:56:14,556] Trial 90 finished with value: 0.08033262794585172 and parameters: {'model_name': 'KNNImputer', 'n_neighbors': 12532, 'weights': 'uniform'}. Best is trial 48 with value: 0.05213989906360641.
running
[I 2024-08-19 16:57:27,371] Trial 71 finished with value: 0.23543367783447997 and parameters: {'model_name': 'GAIN', 'batch_size': 646, 'hint_rate': 0.9192775859060083, 'alpha': 99, 'iterations': 1253, 'learning_rate': 0.09192721282102961, 'p_miss': 0.17302292428006136}. Best is trial 48 with value: 0.05213989906360641.
running
[I 2024-08-19 16:57:58,146] Trial 92 finished with value: 0.06760391742023464 and parameters: {'model_name': 'KNNImputer', 'n_neighbors': 2101, 'weights': 'distance'}. Best is trial 48 with value: 0.05213989906360641.
running
[I 2024-08-19 16:58:19,429] Trial 93 finished with value: 0.05413022733600502 and parameters: {'model_name': 'KNNImputer', 'n_neighbors': 71, 'weights': 'distance'}. Best is trial 48 with value: 0.05213989906360641.
running
[I 2024-08-19 16:58:42,312] Trial 94 finished with value: 0.06505079005386626 and parameters: {'model_name': 'KNNImputer', 'n_neighbors': 831, 'weights': 'uniform'}. Best is trial 48 with value: 0.05213989906360641.
running
[I 2024-08-19 16:59:08,947] Trial 95 finished with value: 0.06488408404555074 and parameters: {'model_name': 'KNNImputer', 'n_neighbors': 1164, 'weights': 'distance'}. Best is trial 48 with value: 0.05213989906360641.
running
[I 2024-08-19 16:59:29,575] Trial 96 finished with value: 0.053831197255106746 and parameters: {'model_name': 'KNNImputer', 'n_neighbors': 64, 'weights': 'distance'}. Best is trial 48 with value: 0.05213989906360641.
running
[I 2024-08-19 16:59:51,745] Trial 97 finished with value: 0.0568306242861934 and parameters: {'model_name': 'KNNImputer', 'n_neighbors': 167, 'weights': 'distance'}. Best is trial 48 with value: 0.05213989906360641.
running
[I 2024-08-19 17:00:17,802] Trial 98 finished with value: 0.06380394230276626 and parameters: {'model_name': 'KNNImputer', 'n_neighbors': 909, 'weights': 'distance'}. Best is trial 48 with value: 0.05213989906360641.
running
[I 2024-08-19 17:00:48,420] Trial 99 finished with value: 0.06824449829552537 and parameters: {'model_name': 'KNNImputer', 'n_neighbors': 2403, 'weights': 'distance'}. Best is trial 48 with value: 0.05213989906360641.
running
[I 2024-08-19 17:01:25,999] Trial 100 finished with value: 0.07942578697233647 and parameters: {'model_name': 'KNNImputer', 'n_neighbors': 17796, 'weights': 'distance'}. Best is trial 48 with value: 0.05213989906360641.
running
[I 2024-08-19 17:01:46,184] Trial 101 finished with value: 0.05404798993148119 and parameters: {'model_name': 'KNNImputer', 'n_neighbors': 69, 'weights': 'distance'}. Best is trial 48 with value: 0.05213989906360641.
running
[I 2024-08-19 17:01:46,981] Trial 102 finished with value: 0.23666157473030208 and parameters: {'model_name': 'SimpleImputer', 'strategy': 'constant'}. Best is trial 48 with value: 0.05213989906360641.
running
[I 2024-08-19 17:02:12,752] Trial 103 finished with value: 0.06377256966088353 and parameters: {'model_name': 'KNNImputer', 'n_neighbors': 902, 'weights': 'distance'}. Best is trial 48 with value: 0.05213989906360641.
running
[I 2024-08-19 17:02:32,009] Trial 104 finished with value: 0.0532506319602831 and parameters: {'model_name': 'KNNImputer', 'n_neighbors': 10, 'weights': 'uniform'}. Best is trial 48 with value: 0.05213989906360641.
running
[I 2024-08-19 17:03:16,427] Trial 67 finished with value: 0.24376845096296423 and parameters: {'model_name': 'GAIN', 'batch_size': 977, 'hint_rate': 0.05338994806642444, 'alpha': 4, 'iterations': 1928, 'learning_rate': 0.09038426110199967, 'p_miss': 0.2942524647548226}. Best is trial 48 with value: 0.05213989906360641.
running
[I 2024-08-19 17:03:35,727] Trial 106 finished with value: 0.056256003650111866 and parameters: {'model_name': 'KNNImputer', 'n_neighbors': 6, 'weights': 'uniform'}. Best is trial 48 with value: 0.05213989906360641.
running
[I 2024-08-19 17:03:39,540] Trial 91 finished with value: 0.24475823113860168 and parameters: {'model_name': 'GAIN', 'batch_size': 364, 'hint_rate': 0.9155823000956742, 'alpha': 100, 'iterations': 203, 'learning_rate': 0.0040786720236885, 'p_miss': 0.15481334033945227}. Best is trial 48 with value: 0.05213989906360641.
running
[I 2024-08-19 17:03:59,565] Trial 107 finished with value: 0.0649721390755349 and parameters: {'model_name': 'KNNImputer', 'n_neighbors': 817, 'weights': 'uniform'}. Best is trial 48 with value: 0.05213989906360641.
running
[I 2024-08-19 17:04:04,562] Trial 108 finished with value: 0.06528205754556204 and parameters: {'model_name': 'KNNImputer', 'n_neighbors': 875, 'weights': 'uniform'}. Best is trial 48 with value: 0.05213989906360641.
running
[I 2024-08-19 17:04:30,393] Trial 109 finished with value: 0.07818191087251815 and parameters: {'model_name': 'KNNImputer', 'n_neighbors': 9600, 'weights': 'uniform'}. Best is trial 48 with value: 0.05213989906360641.
running
[I 2024-08-19 17:04:35,750] Trial 110 finished with value: 0.07724728283573226 and parameters: {'model_name': 'KNNImputer', 'n_neighbors': 8424, 'weights': 'uniform'}. Best is trial 48 with value: 0.05213989906360641.
running
[I 2024-08-19 17:04:57,258] Trial 112 finished with value: 0.0531832305494828 and parameters: {'model_name': 'KNNImputer', 'n_neighbors': 11, 'weights': 'distance'}. Best is trial 48 with value: 0.05213989906360641.
running
[I 2024-08-19 17:04:57,411] Trial 111 finished with value: 0.062391532076251734 and parameters: {'model_name': 'KNNImputer', 'n_neighbors': 656, 'weights': 'distance'}. Best is trial 48 with value: 0.05213989906360641.
running
[I 2024-08-19 17:05:24,525] Trial 113 finished with value: 0.062339445401300875 and parameters: {'model_name': 'KNNImputer', 'n_neighbors': 648, 'weights': 'distance'}. Best is trial 48 with value: 0.05213989906360641.
running
[I 2024-08-19 17:05:29,526] Trial 114 finished with value: 0.06854289194012883 and parameters: {'model_name': 'KNNImputer', 'n_neighbors': 2558, 'weights': 'distance'}. Best is trial 48 with value: 0.05213989906360641.
running
[I 2024-08-19 17:05:50,246] Trial 116 finished with value: 0.052279304101827365 and parameters: {'model_name': 'KNNImputer', 'n_neighbors': 17, 'weights': 'distance'}. Best is trial 48 with value: 0.05213989906360641.
running
[I 2024-08-19 17:05:57,703] Trial 115 finished with value: 0.0684001948844174 and parameters: {'model_name': 'KNNImputer', 'n_neighbors': 2482, 'weights': 'distance'}. Best is trial 48 with value: 0.05213989906360641.
running
[I 2024-08-19 17:06:19,642] Trial 117 finished with value: 0.06588715431283851 and parameters: {'model_name': 'KNNImputer', 'n_neighbors': 1453, 'weights': 'distance'}. Best is trial 48 with value: 0.05213989906360641.
running
[I 2024-08-19 17:06:27,889] Trial 105 finished with value: 0.2161971140573226 and parameters: {'model_name': 'GAIN', 'batch_size': 11, 'hint_rate': 0.6802269185911693, 'alpha': 100, 'iterations': 163, 'learning_rate': 0.0038502586285211584, 'p_miss': 0.12482200442278671}. Best is trial 48 with value: 0.05213989906360641.
running
[I 2024-08-19 17:06:28,850] Trial 118 finished with value: 0.06661639157705256 and parameters: {'model_name': 'KNNImputer', 'n_neighbors': 1703, 'weights': 'distance'}. Best is trial 48 with value: 0.05213989906360641.
running
[I 2024-08-19 17:06:41,300] Trial 119 finished with value: 0.05208673436674318 and parameters: {'model_name': 'KNNImputer', 'n_neighbors': 27, 'weights': 'distance'}. Best is trial 119 with value: 0.05208673436674318.
running
[I 2024-08-19 17:06:42,114] Trial 122 finished with value: 0.08262720281082774 and parameters: {'model_name': 'SimpleImputer', 'strategy': 'mean'}. Best is trial 119 with value: 0.05208673436674318.
running
[I 2024-08-19 17:06:51,425] Trial 120 finished with value: 0.05404798993148119 and parameters: {'model_name': 'KNNImputer', 'n_neighbors': 69, 'weights': 'distance'}. Best is trial 119 with value: 0.05208673436674318.
running
[I 2024-08-19 17:06:56,477] Trial 121 finished with value: 0.06159087367653206 and parameters: {'model_name': 'KNNImputer', 'n_neighbors': 543, 'weights': 'distance'}. Best is trial 119 with value: 0.05208673436674318.
running
[I 2024-08-19 17:07:10,674] Trial 123 finished with value: 0.061728767848952794 and parameters: {'model_name': 'KNNImputer', 'n_neighbors': 562, 'weights': 'distance'}. Best is trial 119 with value: 0.05208673436674318.
running
[I 2024-08-19 17:07:18,906] Trial 124 finished with value: 0.0619634524469446 and parameters: {'model_name': 'KNNImputer', 'n_neighbors': 594, 'weights': 'distance'}. Best is trial 119 with value: 0.05208673436674318.
running
[I 2024-08-19 17:07:25,167] Trial 125 finished with value: 0.06236399854476245 and parameters: {'model_name': 'KNNImputer', 'n_neighbors': 652, 'weights': 'distance'}. Best is trial 119 with value: 0.05208673436674318.
running
[I 2024-08-19 17:07:34,167] Trial 126 finished with value: 0.05265470378513972 and parameters: {'model_name': 'KNNImputer', 'n_neighbors': 40, 'weights': 'distance'}. Best is trial 119 with value: 0.05208673436674318.
running
[I 2024-08-19 17:07:42,320] Trial 127 finished with value: 0.05296989685939296 and parameters: {'model_name': 'KNNImputer', 'n_neighbors': 45, 'weights': 'distance'}. Best is trial 119 with value: 0.05208673436674318.
running
[I 2024-08-19 17:07:57,266] Trial 128 finished with value: 0.06520707701561215 and parameters: {'model_name': 'KNNImputer', 'n_neighbors': 1251, 'weights': 'distance'}. Best is trial 119 with value: 0.05208673436674318.
running
[I 2024-08-19 17:08:06,531] Trial 129 finished with value: 0.06576128040472341 and parameters: {'model_name': 'KNNImputer', 'n_neighbors': 1413, 'weights': 'distance'}. Best is trial 119 with value: 0.05208673436674318.
running
[I 2024-08-19 17:08:09,557] Trial 130 finished with value: 0.06677633523090447 and parameters: {'model_name': 'KNNImputer', 'n_neighbors': 1223, 'weights': 'uniform'}. Best is trial 119 with value: 0.05208673436674318.
running
[I 2024-08-19 17:08:24,990] Trial 131 finished with value: 0.0673602527035247 and parameters: {'model_name': 'KNNImputer', 'n_neighbors': 1386, 'weights': 'uniform'}. Best is trial 119 with value: 0.05208673436674318.
running
[I 2024-08-19 17:08:35,305] Trial 132 finished with value: 0.06853466980307749 and parameters: {'model_name': 'KNNImputer', 'n_neighbors': 1777, 'weights': 'uniform'}. Best is trial 119 with value: 0.05208673436674318.
running
[I 2024-08-19 17:08:43,186] Trial 133 finished with value: 0.06709295998165442 and parameters: {'model_name': 'KNNImputer', 'n_neighbors': 1884, 'weights': 'distance'}. Best is trial 119 with value: 0.05208673436674318.
running
[I 2024-08-19 17:08:58,516] Trial 134 finished with value: 0.06718270297269893 and parameters: {'model_name': 'KNNImputer', 'n_neighbors': 1920, 'weights': 'distance'}. Best is trial 119 with value: 0.05208673436674318.
running
[I 2024-08-19 17:09:06,025] Trial 136 finished with value: 0.0526225939816527 and parameters: {'model_name': 'KNNImputer', 'n_neighbors': 39, 'weights': 'distance'}. Best is trial 119 with value: 0.05208673436674318.
running
[I 2024-08-19 17:09:21,036] Trial 135 finished with value: 0.07729351679395206 and parameters: {'model_name': 'KNNImputer', 'n_neighbors': 11920, 'weights': 'distance'}. Best is trial 119 with value: 0.05208673436674318.
running
[I 2024-08-19 17:09:21,968] Trial 137 finished with value: 0.05208673436674318 and parameters: {'model_name': 'KNNImputer', 'n_neighbors': 27, 'weights': 'distance'}. Best is trial 119 with value: 0.05208673436674318.
running
[I 2024-08-19 17:09:31,699] Trial 138 finished with value: 0.06096303994554882 and parameters: {'model_name': 'KNNImputer', 'n_neighbors': 467, 'weights': 'distance'}. Best is trial 119 with value: 0.05208673436674318.
running
[I 2024-08-19 17:09:48,753] Trial 139 finished with value: 0.061662293126362844 and parameters: {'model_name': 'KNNImputer', 'n_neighbors': 552, 'weights': 'distance'}. Best is trial 119 with value: 0.05208673436674318.
running
[I 2024-08-19 17:09:49,981] Trial 140 finished with value: 0.061008885975455396 and parameters: {'model_name': 'KNNImputer', 'n_neighbors': 472, 'weights': 'distance'}. Best is trial 119 with value: 0.05208673436674318.
running
[I 2024-08-19 17:09:57,645] Trial 141 finished with value: 0.060973354240936015 and parameters: {'model_name': 'KNNImputer', 'n_neighbors': 468, 'weights': 'distance'}. Best is trial 119 with value: 0.05208673436674318.
running
[I 2024-08-19 17:09:58,601] Trial 144 finished with value: 0.23666157473030208 and parameters: {'model_name': 'SimpleImputer', 'strategy': 'constant'}. Best is trial 119 with value: 0.05208673436674318.
running
[I 2024-08-19 17:10:19,740] Trial 142 finished with value: 0.06433227529709 and parameters: {'model_name': 'KNNImputer', 'n_neighbors': 1025, 'weights': 'distance'}. Best is trial 119 with value: 0.05208673436674318.
running
[I 2024-08-19 17:10:21,181] Trial 143 finished with value: 0.06434025464912113 and parameters: {'model_name': 'KNNImputer', 'n_neighbors': 1027, 'weights': 'distance'}. Best is trial 119 with value: 0.05208673436674318.
running
[I 2024-08-19 17:10:28,375] Trial 145 finished with value: 0.06431242347212282 and parameters: {'model_name': 'KNNImputer', 'n_neighbors': 1021, 'weights': 'distance'}. Best is trial 119 with value: 0.05208673436674318.
running
[I 2024-08-19 17:10:42,717] Trial 147 finished with value: 0.07084971302472431 and parameters: {'model_name': 'KNNImputer', 'n_neighbors': 2, 'weights': 'distance'}. Best is trial 119 with value: 0.05208673436674318.
running
[I 2024-08-19 17:10:45,591] Trial 146 finished with value: 0.05447223154788037 and parameters: {'model_name': 'KNNImputer', 'n_neighbors': 80, 'weights': 'distance'}. Best is trial 119 with value: 0.05208673436674318.
running
[I 2024-08-19 17:10:51,317] Trial 148 finished with value: 0.06035622803396344 and parameters: {'model_name': 'KNNImputer', 'n_neighbors': 4, 'weights': 'distance'}. Best is trial 119 with value: 0.05208673436674318.
running
[I 2024-08-19 17:11:37,481] Trial 149 finished with value: 0.07387892756163686 and parameters: {'model_name': 'KNNImputer', 'n_neighbors': 7033, 'weights': 'distance'}. Best is trial 119 with value: 0.05208673436674318.
running
[I 2024-08-19 17:11:43,433] Trial 150 finished with value: 0.07362362195985284 and parameters: {'model_name': 'KNNImputer', 'n_neighbors': 6736, 'weights': 'distance'}. Best is trial 119 with value: 0.05208673436674318.
running
[I 2024-08-19 17:20:59,983] Trial 151 finished with value: 0.0692231050062039 and parameters: {'model_name': 'IterativeImputer', 'estimator': 'Bayesian', 'initial_strategy': 'most_frequent', 'n_nearest_features': 12, 'imputation_order': 'roman', 'sample_posterior': False}. Best is trial 119 with value: 0.05208673436674318.
running
[I 2024-08-19 17:21:34,963] Trial 154 finished with value: 0.06203571077822036 and parameters: {'model_name': 'KNNImputer', 'n_neighbors': 417, 'weights': 'uniform'}. Best is trial 119 with value: 0.05208673436674318.
running
[I 2024-08-19 17:21:40,671] Trial 155 finished with value: 0.21573259314260632 and parameters: {'model_name': 'GAIN', 'batch_size': 10, 'hint_rate': 0.2810072268032, 'alpha': 29, 'iterations': 1, 'learning_rate': 0.0008566888093360256, 'p_miss': 0.22520327811989976}. Best is trial 119 with value: 0.05208673436674318.
running
[I 2024-08-19 17:22:20,143] Trial 156 finished with value: 0.05869724801642996 and parameters: {'model_name': 'KNNImputer', 'n_neighbors': 270, 'weights': 'distance'}. Best is trial 119 with value: 0.05208673436674318.
running
[I 2024-08-19 17:22:39,821] Trial 152 finished with value: 0.11583957644565604 and parameters: {'model_name': 'IterativeImputer', 'estimator': 'Bayesian', 'initial_strategy': 'most_frequent', 'n_nearest_features': 13, 'imputation_order': 'random', 'sample_posterior': True}. Best is trial 119 with value: 0.05208673436674318.
running
[I 2024-08-19 17:22:49,817] Trial 157 finished with value: 0.0531832305494828 and parameters: {'model_name': 'KNNImputer', 'n_neighbors': 11, 'weights': 'distance'}. Best is trial 119 with value: 0.05208673436674318.
running
[I 2024-08-19 17:23:01,917] Trial 158 finished with value: 0.05245753949472319 and parameters: {'model_name': 'KNNImputer', 'n_neighbors': 15, 'weights': 'distance'}. Best is trial 119 with value: 0.05208673436674318.
running
[I 2024-08-19 17:23:17,722] Trial 159 finished with value: 0.06353251336963192 and parameters: {'model_name': 'KNNImputer', 'n_neighbors': 856, 'weights': 'distance'}. Best is trial 119 with value: 0.05208673436674318.
running
[I 2024-08-19 17:23:28,781] Trial 160 finished with value: 0.06337615275773352 and parameters: {'model_name': 'KNNImputer', 'n_neighbors': 825, 'weights': 'distance'}. Best is trial 119 with value: 0.05208673436674318.
running
[I 2024-08-19 17:23:42,565] Trial 161 finished with value: 0.06081523722113047 and parameters: {'model_name': 'KNNImputer', 'n_neighbors': 451, 'weights': 'distance'}. Best is trial 119 with value: 0.05208673436674318.
running
[I 2024-08-19 17:23:55,375] Trial 162 finished with value: 0.0603106473304465 and parameters: {'model_name': 'KNNImputer', 'n_neighbors': 398, 'weights': 'distance'}. Best is trial 119 with value: 0.05208673436674318.
running
[I 2024-08-19 17:24:07,499] Trial 163 finished with value: 0.06020561629872343 and parameters: {'model_name': 'KNNImputer', 'n_neighbors': 389, 'weights': 'distance'}. Best is trial 119 with value: 0.05208673436674318.
running
[I 2024-08-19 17:24:20,465] Trial 164 finished with value: 0.059360040319809806 and parameters: {'model_name': 'KNNImputer', 'n_neighbors': 317, 'weights': 'distance'}. Best is trial 119 with value: 0.05208673436674318.
running
[I 2024-08-19 17:24:35,313] Trial 165 finished with value: 0.06468521191681169 and parameters: {'model_name': 'KNNImputer', 'n_neighbors': 1111, 'weights': 'distance'}. Best is trial 119 with value: 0.05208673436674318.
running
[I 2024-08-19 17:24:47,648] Trial 166 finished with value: 0.06368659604817865 and parameters: {'model_name': 'KNNImputer', 'n_neighbors': 885, 'weights': 'distance'}. Best is trial 119 with value: 0.05208673436674318.
running
[I 2024-08-19 17:25:02,106] Trial 167 finished with value: 0.06303620765426503 and parameters: {'model_name': 'KNNImputer', 'n_neighbors': 761, 'weights': 'distance'}. Best is trial 119 with value: 0.05208673436674318.
running
[I 2024-08-19 17:25:12,772] Trial 168 finished with value: 0.05751792595673959 and parameters: {'model_name': 'KNNImputer', 'n_neighbors': 201, 'weights': 'distance'}. Best is trial 119 with value: 0.05208673436674318.
running
[I 2024-08-19 17:25:24,758] Trial 169 finished with value: 0.05985035746180996 and parameters: {'model_name': 'KNNImputer', 'n_neighbors': 4, 'weights': 'uniform'}. Best is trial 119 with value: 0.05208673436674318.
running
[I 2024-08-19 17:25:36,290] Trial 170 finished with value: 0.05227315998954055 and parameters: {'model_name': 'KNNImputer', 'n_neighbors': 28, 'weights': 'uniform'}. Best is trial 119 with value: 0.05208673436674318.
running
[I 2024-08-19 17:25:48,139] Trial 171 finished with value: 0.052120347970068835 and parameters: {'model_name': 'KNNImputer', 'n_neighbors': 28, 'weights': 'distance'}. Best is trial 119 with value: 0.05208673436674318.
running
[I 2024-08-19 17:25:57,412] Trial 172 finished with value: 0.06340442507518015 and parameters: {'model_name': 'KNNImputer', 'n_neighbors': 3, 'weights': 'uniform'}. Best is trial 119 with value: 0.05208673436674318.
running
[I 2024-08-19 17:26:15,234] Trial 173 finished with value: 0.0674526270886184 and parameters: {'model_name': 'KNNImputer', 'n_neighbors': 1414, 'weights': 'uniform'}. Best is trial 119 with value: 0.05208673436674318.
running
[I 2024-08-19 17:26:16,069] Trial 175 finished with value: 0.23666157473030208 and parameters: {'model_name': 'SimpleImputer', 'strategy': 'constant'}. Best is trial 119 with value: 0.05208673436674318.
running
[I 2024-08-19 17:26:23,914] Trial 174 finished with value: 0.06755183281970828 and parameters: {'model_name': 'KNNImputer', 'n_neighbors': 1445, 'weights': 'uniform'}. Best is trial 119 with value: 0.05208673436674318.
running
[I 2024-08-19 17:26:41,118] Trial 176 finished with value: 0.06355926066657197 and parameters: {'model_name': 'KNNImputer', 'n_neighbors': 594, 'weights': 'uniform'}. Best is trial 119 with value: 0.05208673436674318.
running
[I 2024-08-19 17:26:50,848] Trial 177 finished with value: 0.06228717203490928 and parameters: {'model_name': 'KNNImputer', 'n_neighbors': 640, 'weights': 'distance'}. Best is trial 119 with value: 0.05208673436674318.
running
[I 2024-08-19 17:27:06,551] Trial 178 finished with value: 0.06009133988786741 and parameters: {'model_name': 'KNNImputer', 'n_neighbors': 377, 'weights': 'distance'}. Best is trial 119 with value: 0.05208673436674318.
running
[I 2024-08-19 17:27:15,964] Trial 179 finished with value: 0.05948510969856861 and parameters: {'model_name': 'KNNImputer', 'n_neighbors': 328, 'weights': 'distance'}. Best is trial 119 with value: 0.05208673436674318.
running
[I 2024-08-19 17:27:35,357] Trial 181 finished with value: 0.06386663101888494 and parameters: {'model_name': 'KNNImputer', 'n_neighbors': 3, 'weights': 'distance'}. Best is trial 119 with value: 0.05208673436674318.
running
[I 2024-08-19 17:27:51,363] Trial 180 finished with value: 0.07908586448922059 and parameters: {'model_name': 'KNNImputer', 'n_neighbors': 14868, 'weights': 'distance'}. Best is trial 119 with value: 0.05208673436674318.
running
[I 2024-08-19 17:28:04,373] Trial 182 finished with value: 0.07285030998390414 and parameters: {'model_name': 'KNNImputer', 'n_neighbors': 4133, 'weights': 'uniform'}. Best is trial 119 with value: 0.05208673436674318.
running
[I 2024-08-19 17:28:15,172] Trial 183 finished with value: 0.06512701754638854 and parameters: {'model_name': 'KNNImputer', 'n_neighbors': 845, 'weights': 'uniform'}. Best is trial 119 with value: 0.05208673436674318.
running
[I 2024-08-19 17:28:32,346] Trial 184 finished with value: 0.06464309791827963 and parameters: {'model_name': 'KNNImputer', 'n_neighbors': 1100, 'weights': 'distance'}. Best is trial 119 with value: 0.05208673436674318.
running
[I 2024-08-19 17:28:43,008] Trial 185 finished with value: 0.06464846509295906 and parameters: {'model_name': 'KNNImputer', 'n_neighbors': 1101, 'weights': 'distance'}. Best is trial 119 with value: 0.05208673436674318.
running
[I 2024-08-19 17:28:56,879] Trial 186 finished with value: 0.059254354026916124 and parameters: {'model_name': 'KNNImputer', 'n_neighbors': 310, 'weights': 'distance'}. Best is trial 119 with value: 0.05208673436674318.
running
[I 2024-08-19 17:29:05,291] Trial 187 finished with value: 0.05208965783673138 and parameters: {'model_name': 'KNNImputer', 'n_neighbors': 26, 'weights': 'distance'}. Best is trial 119 with value: 0.05208673436674318.
running
[I 2024-08-19 17:29:22,919] Trial 188 finished with value: 0.06244233564474637 and parameters: {'model_name': 'KNNImputer', 'n_neighbors': 664, 'weights': 'distance'}. Best is trial 119 with value: 0.05208673436674318.
running
[I 2024-08-19 17:29:25,154] Trial 189 finished with value: 0.07084971302472431 and parameters: {'model_name': 'KNNImputer', 'n_neighbors': 2, 'weights': 'distance'}. Best is trial 119 with value: 0.05208673436674318.
running
[I 2024-08-19 17:29:42,545] Trial 190 finished with value: 0.05826020716086326 and parameters: {'model_name': 'KNNImputer', 'n_neighbors': 5, 'weights': 'distance'}. Best is trial 119 with value: 0.05208673436674318.
running
[I 2024-08-19 17:30:44,115] Trial 191 finished with value: 0.21912906694605622 and parameters: {'model_name': 'GAIN', 'batch_size': 6, 'hint_rate': 0.7291751130788444, 'alpha': 76, 'iterations': 39, 'learning_rate': 0.02177005241232242, 'p_miss': 0.0912304301360115}. Best is trial 119 with value: 0.05208673436674318.
running
[I 2024-08-19 17:30:46,245] Trial 192 finished with value: 0.22003048183321003 and parameters: {'model_name': 'GAIN', 'batch_size': 4, 'hint_rate': 0.7300518542841501, 'alpha': 44, 'iterations': 28, 'learning_rate': 0.014630588731478435, 'p_miss': 0.08955384245000855}. Best is trial 119 with value: 0.05208673436674318.
running
[I 2024-08-19 17:31:10,098] Trial 193 finished with value: 0.06229959240520845 and parameters: {'model_name': 'KNNImputer', 'n_neighbors': 642, 'weights': 'distance'}. Best is trial 119 with value: 0.05208673436674318.
running
[I 2024-08-19 17:31:11,242] Trial 194 finished with value: 0.06102452511581776 and parameters: {'model_name': 'KNNImputer', 'n_neighbors': 474, 'weights': 'distance'}. Best is trial 119 with value: 0.05208673436674318.
running
[I 2024-08-19 17:31:34,115] Trial 195 finished with value: 0.06061405235634955 and parameters: {'model_name': 'KNNImputer', 'n_neighbors': 429, 'weights': 'distance'}. Best is trial 119 with value: 0.05208673436674318.
running
[I 2024-08-19 17:31:54,772] Trial 196 finished with value: 0.07836473479477317 and parameters: {'model_name': 'KNNImputer', 'n_neighbors': 13702, 'weights': 'distance'}. Best is trial 119 with value: 0.05208673436674318.
running
[I 2024-08-19 17:31:57,895] Trial 197 finished with value: 0.05799639122615722 and parameters: {'model_name': 'KNNImputer', 'n_neighbors': 227, 'weights': 'distance'}. Best is trial 119 with value: 0.05208673436674318.
running
[I 2024-08-19 17:32:15,545] Trial 198 finished with value: 0.06035622803396344 and parameters: {'model_name': 'KNNImputer', 'n_neighbors': 4, 'weights': 'distance'}. Best is trial 119 with value: 0.05208673436674318.
[I 2024-08-19 17:32:23,032] Trial 199 finished with value: 0.06321604482674573 and parameters: {'model_name': 'KNNImputer', 'n_neighbors': 794, 'weights': 'distance'}. Best is trial 119 with value: 0.05208673436674318.
[I 2024-08-19 18:03:08,760] Trial 53 finished with value: 0.24718530085653087 and parameters: {'model_name': 'GAIN', 'batch_size': 934, 'hint_rate': 0.011077149057581337, 'alpha': 1, 'iterations': 2922, 'learning_rate': 0.0854748185542412, 'p_miss': 0.29164847374932923}. Best is trial 119 with value: 0.05208673436674318.
[I 2024-08-19 19:02:00,449] Trial 65 finished with value: 0.2527977084099322 and parameters: {'model_name': 'GAIN', 'batch_size': 935, 'hint_rate': 0.03169464867678612, 'alpha': 3, 'iterations': 4145, 'learning_rate': 0.08282944546646108, 'p_miss': 0.2982266234604515}. Best is trial 119 with value: 0.05208673436674318.
[I 2024-08-19 19:54:19,104] Trial 69 finished with value: 0.2478575424718575 and parameters: {'model_name': 'GAIN', 'batch_size': 875, 'hint_rate': 0.013597459482957985, 'alpha': 3, 'iterations': 5478, 'learning_rate': 0.07889743223347087, 'p_miss': 0.2905396569529655}. Best is trial 119 with value: 0.05208673436674318.
[I 2024-08-19 20:21:09,463] Trial 54 finished with value: 0.25315351416182985 and parameters: {'model_name': 'GAIN', 'batch_size': 835, 'hint_rate': 0.07870853745852951, 'alpha': 0, 'iterations': 6421, 'learning_rate': 0.06052549679988303, 'p_miss': 0.2884898082965367}. Best is trial 119 with value: 0.05208673436674318.
[I 2024-08-19 20:22:12,074] Trial 64 finished with value: 0.24600940775689764 and parameters: {'model_name': 'GAIN', 'batch_size': 826, 'hint_rate': 0.020295236663214034, 'alpha': 0, 'iterations': 6409, 'learning_rate': 0.07752928056646438, 'p_miss': 0.29856520941594866}. Best is trial 119 with value: 0.05208673436674318.
[I 2024-08-19 20:24:52,166] Trial 62 finished with value: 0.25345211157467096 and parameters: {'model_name': 'GAIN', 'batch_size': 980, 'hint_rate': 0.029685434698264512, 'alpha': 0, 'iterations': 6441, 'learning_rate': 0.0805827934355045, 'p_miss': 0.2998910072615858}. Best is trial 119 with value: 0.05208673436674318.
[I 2024-08-19 20:39:00,970] Trial 55 finished with value: 0.243518800801695 and parameters: {'model_name': 'GAIN', 'batch_size': 651, 'hint_rate': 0.049426273955128386, 'alpha': 100, 'iterations': 9118, 'learning_rate': 0.08595751643687592, 'p_miss': 0.29671026454285054}. Best is trial 119 with value: 0.05208673436674318.
[I 2024-08-19 20:47:51,561] Trial 68 finished with value: 0.2563863216151928 and parameters: {'model_name': 'GAIN', 'batch_size': 908, 'hint_rate': 0.02311082760287525, 'alpha': 10, 'iterations': 8354, 'learning_rate': 0.06906970222849332, 'p_miss': 0.27282036415172284}. Best is trial 119 with value: 0.05208673436674318.
[I 2024-08-19 20:54:59,178] Trial 70 finished with value: 0.24943077713338235 and parameters: {'model_name': 'GAIN', 'batch_size': 780, 'hint_rate': 0.01935585351685526, 'alpha': 2, 'iterations': 9932, 'learning_rate': 0.07817082590176275, 'p_miss': 0.2991809911706518}. Best is trial 119 with value: 0.05208673436674318.
[I 2024-08-19 20:57:30,543] Trial 66 finished with value: 0.2555856870975235 and parameters: {'model_name': 'GAIN', 'batch_size': 864, 'hint_rate': 0.06359572741749553, 'alpha': 1, 'iterations': 9833, 'learning_rate': 0.05375728169860875, 'p_miss': 0.2924033101440845}. Best is trial 119 with value: 0.05208673436674318.
[I 2024-08-19 23:12:15,935] Trial 35 finished with value: 0.0496290743673973 and parameters: {'model_name': 'IterativeImputer', 'estimator': 'RFR', 'initial_strategy': 'most_frequent', 'n_nearest_features': 13, 'imputation_order': 'arabic'}. Best is trial 35 with value: 0.0496290743673973.
[I 2024-08-19 23:45:55,281] Trial 31 finished with value: 0.04893289735320762 and parameters: {'model_name': 'IterativeImputer', 'estimator': 'RFR', 'initial_strategy': 'median', 'n_nearest_features': 14, 'imputation_order': 'descending'}. Best is trial 31 with value: 0.04893289735320762.
[I 2024-08-19 23:46:06,681] Trial 39 finished with value: 0.048833204612019274 and parameters: {'model_name': 'IterativeImputer', 'estimator': 'RFR', 'initial_strategy': 'median', 'n_nearest_features': 14, 'imputation_order': 'descending'}. Best is trial 39 with value: 0.048833204612019274.
[I 2024-08-20 01:13:41,636] Trial 153 finished with value: 0.04919032744928836 and parameters: {'model_name': 'IterativeImputer', 'estimator': 'RFR', 'initial_strategy': 'most_frequent', 'n_nearest_features': 13, 'imputation_order': 'descending'}. Best is trial 39 with value: 0.048833204612019274.
fit
auto fit
auto transform
0     0
1     0
2     0
3     0
4     0
5     0
6     0
7     0
8     0
9     0
10    0
11    0
12    0
13    0
14    0
15    0
dtype: int64
0     0
1     0
2     0
3     0
4     0
5     0
6     0
7     0
8     0
9     0
10    0
11    0
12    0
13    0
14    0
15    0
dtype: int64
0.048833204612019274
{'model_name': 'IterativeImputer', 'estimator': 'RFR', 'initial_strategy': 'median', 'n_nearest_features': 14, 'imputation_order': 'descending'}
running experiment 2/3 - Does reconstruction give good automl predictions
Start est fit
  0%|          | 0/25 [00:00<?, ?it/s]Generation:   0%|          | 0/25 [00:00<?, ?it/s]WARNING AN INDIVIDUAL TIMED OUT: 
 <tpot2.search_spaces.pipelines.sequential.SequentialPipelineIndividual object at 0x155475b46410> 

WARNING AN INDIVIDUAL TIMED OUT: 
 <tpot2.search_spaces.pipelines.sequential.SequentialPipelineIndividual object at 0x155475b468f0> 

Generation:  1
Best f1_score score: 0.9223170062355734
Generation:   4%|         | 1/25 [10:02<4:00:48, 602.02s/it]Generation:  2
Best f1_score score: 0.9223170062355734
Generation:   8%|         | 2/25 [17:58<3:22:31, 528.32s/it]WARNING THIS INDIVIDUAL CAUSED AND EXCEPTION 
 <tpot2.search_spaces.pipelines.sequential.SequentialPipelineIndividual object at 0x155475bd5b70> 
 Argument 'metric' has incorrect type (expected str, got numpy.str_) 
 Traceback (most recent call last):
  File "/common/ketrong/tpotexp/tpot2/tpot2/utils/eval_utils.py", line 53, in objective_nan_wrapper
    value = func_timeout.func_timeout(timeout, objective_function, args=[individual], kwargs=objective_kwargs)
  File "/common/ketrong/tpotexp/env/lib/python3.10/site-packages/func_timeout/dafunc.py", line 108, in func_timeout
    raise_exception(exception)
  File "/common/ketrong/tpotexp/env/lib/python3.10/site-packages/func_timeout/py3_raise.py", line 7, in raise_exception
    raise exception[0] from None
  File "/common/ketrong/tpotexp/tpot2/tpot2/tpot_estimator/estimator.py", line 623, in objective_function
    return objective_function_generator(
  File "/common/ketrong/tpotexp/tpot2/tpot2/tpot_estimator/estimator_utils.py", line 55, in objective_function_generator
    cv_obj_scores = cross_val_score_objective(sklearn.base.clone(pipeline),x,y,scorers=scorers, cv=cv , fold=step)
  File "/common/ketrong/tpotexp/tpot2/tpot2/tpot_estimator/cross_val_utils.py", line 31, in cross_val_score_objective
    this_fold_scores = [sklearn.metrics.get_scorer(scorer)(this_fold_pipeline, X_test, y_test) for scorer in scorers]
  File "/common/ketrong/tpotexp/tpot2/tpot2/tpot_estimator/cross_val_utils.py", line 31, in <listcomp>
    this_fold_scores = [sklearn.metrics.get_scorer(scorer)(this_fold_pipeline, X_test, y_test) for scorer in scorers]
  File "/common/ketrong/tpotexp/env/lib/python3.10/site-packages/sklearn/metrics/_scorer.py", line 279, in __call__
    return self._score(partial(_cached_call, None), estimator, X, y_true, **_kwargs)
  File "/common/ketrong/tpotexp/env/lib/python3.10/site-packages/sklearn/metrics/_scorer.py", line 371, in _score
    y_pred = method_caller(
  File "/common/ketrong/tpotexp/env/lib/python3.10/site-packages/sklearn/metrics/_scorer.py", line 89, in _cached_call
    result, _ = _get_response_values(
  File "/common/ketrong/tpotexp/env/lib/python3.10/site-packages/sklearn/utils/_response.py", line 211, in _get_response_values
    y_pred = prediction_method(X)
  File "/common/ketrong/tpotexp/env/lib/python3.10/site-packages/sklearn/pipeline.py", line 601, in predict
    return self.steps[-1][1].predict(Xt, **params)
  File "/common/ketrong/tpotexp/env/lib/python3.10/site-packages/sklearn/neighbors/_classification.py", line 259, in predict
    probabilities = self.predict_proba(X)
  File "/common/ketrong/tpotexp/env/lib/python3.10/site-packages/sklearn/neighbors/_classification.py", line 343, in predict_proba
    probabilities = ArgKminClassMode.compute(
  File "/common/ketrong/tpotexp/env/lib/python3.10/site-packages/sklearn/metrics/_pairwise_distances_reduction/_dispatcher.py", line 584, in compute
    return ArgKminClassMode64.compute(
TypeError: Argument 'metric' has incorrect type (expected str, got numpy.str_)

WARNING AN INDIVIDUAL TIMED OUT: 
 <tpot2.search_spaces.pipelines.sequential.SequentialPipelineIndividual object at 0x155474c81000> 

Generation:  3
Best f1_score score: 0.9265530719241483
Generation:  12%|        | 3/25 [28:02<3:26:20, 562.75s/it]WARNING THIS INDIVIDUAL CAUSED AND EXCEPTION 
 <tpot2.search_spaces.pipelines.sequential.SequentialPipelineIndividual object at 0x155475448a90> 
 Argument 'metric' has incorrect type (expected str, got numpy.str_) 
 Traceback (most recent call last):
  File "/common/ketrong/tpotexp/tpot2/tpot2/utils/eval_utils.py", line 53, in objective_nan_wrapper
    value = func_timeout.func_timeout(timeout, objective_function, args=[individual], kwargs=objective_kwargs)
  File "/common/ketrong/tpotexp/env/lib/python3.10/site-packages/func_timeout/dafunc.py", line 108, in func_timeout
    raise_exception(exception)
  File "/common/ketrong/tpotexp/env/lib/python3.10/site-packages/func_timeout/py3_raise.py", line 7, in raise_exception
    raise exception[0] from None
  File "/common/ketrong/tpotexp/tpot2/tpot2/tpot_estimator/estimator.py", line 623, in objective_function
    return objective_function_generator(
  File "/common/ketrong/tpotexp/tpot2/tpot2/tpot_estimator/estimator_utils.py", line 55, in objective_function_generator
    cv_obj_scores = cross_val_score_objective(sklearn.base.clone(pipeline),x,y,scorers=scorers, cv=cv , fold=step)
  File "/common/ketrong/tpotexp/tpot2/tpot2/tpot_estimator/cross_val_utils.py", line 31, in cross_val_score_objective
    this_fold_scores = [sklearn.metrics.get_scorer(scorer)(this_fold_pipeline, X_test, y_test) for scorer in scorers]
  File "/common/ketrong/tpotexp/tpot2/tpot2/tpot_estimator/cross_val_utils.py", line 31, in <listcomp>
    this_fold_scores = [sklearn.metrics.get_scorer(scorer)(this_fold_pipeline, X_test, y_test) for scorer in scorers]
  File "/common/ketrong/tpotexp/env/lib/python3.10/site-packages/sklearn/metrics/_scorer.py", line 279, in __call__
    return self._score(partial(_cached_call, None), estimator, X, y_true, **_kwargs)
  File "/common/ketrong/tpotexp/env/lib/python3.10/site-packages/sklearn/metrics/_scorer.py", line 371, in _score
    y_pred = method_caller(
  File "/common/ketrong/tpotexp/env/lib/python3.10/site-packages/sklearn/metrics/_scorer.py", line 89, in _cached_call
    result, _ = _get_response_values(
  File "/common/ketrong/tpotexp/env/lib/python3.10/site-packages/sklearn/utils/_response.py", line 211, in _get_response_values
    y_pred = prediction_method(X)
  File "/common/ketrong/tpotexp/env/lib/python3.10/site-packages/sklearn/pipeline.py", line 601, in predict
    return self.steps[-1][1].predict(Xt, **params)
  File "/common/ketrong/tpotexp/env/lib/python3.10/site-packages/sklearn/neighbors/_classification.py", line 259, in predict
    probabilities = self.predict_proba(X)
  File "/common/ketrong/tpotexp/env/lib/python3.10/site-packages/sklearn/neighbors/_classification.py", line 343, in predict_proba
    probabilities = ArgKminClassMode.compute(
  File "/common/ketrong/tpotexp/env/lib/python3.10/site-packages/sklearn/metrics/_pairwise_distances_reduction/_dispatcher.py", line 584, in compute
    return ArgKminClassMode64.compute(
TypeError: Argument 'metric' has incorrect type (expected str, got numpy.str_)

WARNING AN INDIVIDUAL TIMED OUT: 
 <tpot2.search_spaces.pipelines.sequential.SequentialPipelineIndividual object at 0x15547540fa90> 

WARNING AN INDIVIDUAL TIMED OUT: 
 <tpot2.search_spaces.pipelines.sequential.SequentialPipelineIndividual object at 0x155475b46e90> 

WARNING AN INDIVIDUAL TIMED OUT: 
 <tpot2.search_spaces.pipelines.sequential.SequentialPipelineIndividual object at 0x155475bd5fc0> 

Generation:  4
Best f1_score score: 0.9266476686146401
Generation:  16%|        | 4/25 [38:06<3:22:43, 579.22s/it]WARNING THIS INDIVIDUAL CAUSED AND EXCEPTION 
 <tpot2.search_spaces.pipelines.sequential.SequentialPipelineIndividual object at 0x15547542cf40> 
 Argument 'metric' has incorrect type (expected str, got numpy.str_) 
 Traceback (most recent call last):
  File "/common/ketrong/tpotexp/tpot2/tpot2/utils/eval_utils.py", line 53, in objective_nan_wrapper
    value = func_timeout.func_timeout(timeout, objective_function, args=[individual], kwargs=objective_kwargs)
  File "/common/ketrong/tpotexp/env/lib/python3.10/site-packages/func_timeout/dafunc.py", line 108, in func_timeout
    raise_exception(exception)
  File "/common/ketrong/tpotexp/env/lib/python3.10/site-packages/func_timeout/py3_raise.py", line 7, in raise_exception
    raise exception[0] from None
  File "/common/ketrong/tpotexp/tpot2/tpot2/tpot_estimator/estimator.py", line 623, in objective_function
    return objective_function_generator(
  File "/common/ketrong/tpotexp/tpot2/tpot2/tpot_estimator/estimator_utils.py", line 55, in objective_function_generator
    cv_obj_scores = cross_val_score_objective(sklearn.base.clone(pipeline),x,y,scorers=scorers, cv=cv , fold=step)
  File "/common/ketrong/tpotexp/tpot2/tpot2/tpot_estimator/cross_val_utils.py", line 31, in cross_val_score_objective
    this_fold_scores = [sklearn.metrics.get_scorer(scorer)(this_fold_pipeline, X_test, y_test) for scorer in scorers]
  File "/common/ketrong/tpotexp/tpot2/tpot2/tpot_estimator/cross_val_utils.py", line 31, in <listcomp>
    this_fold_scores = [sklearn.metrics.get_scorer(scorer)(this_fold_pipeline, X_test, y_test) for scorer in scorers]
  File "/common/ketrong/tpotexp/env/lib/python3.10/site-packages/sklearn/metrics/_scorer.py", line 279, in __call__
    return self._score(partial(_cached_call, None), estimator, X, y_true, **_kwargs)
  File "/common/ketrong/tpotexp/env/lib/python3.10/site-packages/sklearn/metrics/_scorer.py", line 371, in _score
    y_pred = method_caller(
  File "/common/ketrong/tpotexp/env/lib/python3.10/site-packages/sklearn/metrics/_scorer.py", line 89, in _cached_call
    result, _ = _get_response_values(
  File "/common/ketrong/tpotexp/env/lib/python3.10/site-packages/sklearn/utils/_response.py", line 211, in _get_response_values
    y_pred = prediction_method(X)
  File "/common/ketrong/tpotexp/env/lib/python3.10/site-packages/sklearn/pipeline.py", line 601, in predict
    return self.steps[-1][1].predict(Xt, **params)
  File "/common/ketrong/tpotexp/env/lib/python3.10/site-packages/sklearn/neighbors/_classification.py", line 259, in predict
    probabilities = self.predict_proba(X)
  File "/common/ketrong/tpotexp/env/lib/python3.10/site-packages/sklearn/neighbors/_classification.py", line 343, in predict_proba
    probabilities = ArgKminClassMode.compute(
  File "/common/ketrong/tpotexp/env/lib/python3.10/site-packages/sklearn/metrics/_pairwise_distances_reduction/_dispatcher.py", line 584, in compute
    return ArgKminClassMode64.compute(
TypeError: Argument 'metric' has incorrect type (expected str, got numpy.str_)

Generation:  5
Best f1_score score: 0.9266476686146401
Generation:  20%|        | 5/25 [44:02<2:46:13, 498.66s/it]Generation:  6
Best f1_score score: 0.9266476686146401
Generation:  24%|       | 6/25 [47:21<2:05:39, 396.80s/it]WARNING THIS INDIVIDUAL CAUSED AND EXCEPTION 
 <tpot2.search_spaces.pipelines.sequential.SequentialPipelineIndividual object at 0x1554751fada0> 
 Argument 'metric' has incorrect type (expected str, got numpy.str_) 
 Traceback (most recent call last):
  File "/common/ketrong/tpotexp/tpot2/tpot2/utils/eval_utils.py", line 53, in objective_nan_wrapper
    value = func_timeout.func_timeout(timeout, objective_function, args=[individual], kwargs=objective_kwargs)
  File "/common/ketrong/tpotexp/env/lib/python3.10/site-packages/func_timeout/dafunc.py", line 108, in func_timeout
    raise_exception(exception)
  File "/common/ketrong/tpotexp/env/lib/python3.10/site-packages/func_timeout/py3_raise.py", line 7, in raise_exception
    raise exception[0] from None
  File "/common/ketrong/tpotexp/tpot2/tpot2/tpot_estimator/estimator.py", line 623, in objective_function
    return objective_function_generator(
  File "/common/ketrong/tpotexp/tpot2/tpot2/tpot_estimator/estimator_utils.py", line 55, in objective_function_generator
    cv_obj_scores = cross_val_score_objective(sklearn.base.clone(pipeline),x,y,scorers=scorers, cv=cv , fold=step)
  File "/common/ketrong/tpotexp/tpot2/tpot2/tpot_estimator/cross_val_utils.py", line 31, in cross_val_score_objective
    this_fold_scores = [sklearn.metrics.get_scorer(scorer)(this_fold_pipeline, X_test, y_test) for scorer in scorers]
  File "/common/ketrong/tpotexp/tpot2/tpot2/tpot_estimator/cross_val_utils.py", line 31, in <listcomp>
    this_fold_scores = [sklearn.metrics.get_scorer(scorer)(this_fold_pipeline, X_test, y_test) for scorer in scorers]
  File "/common/ketrong/tpotexp/env/lib/python3.10/site-packages/sklearn/metrics/_scorer.py", line 279, in __call__
    return self._score(partial(_cached_call, None), estimator, X, y_true, **_kwargs)
  File "/common/ketrong/tpotexp/env/lib/python3.10/site-packages/sklearn/metrics/_scorer.py", line 371, in _score
    y_pred = method_caller(
  File "/common/ketrong/tpotexp/env/lib/python3.10/site-packages/sklearn/metrics/_scorer.py", line 89, in _cached_call
    result, _ = _get_response_values(
  File "/common/ketrong/tpotexp/env/lib/python3.10/site-packages/sklearn/utils/_response.py", line 211, in _get_response_values
    y_pred = prediction_method(X)
  File "/common/ketrong/tpotexp/env/lib/python3.10/site-packages/sklearn/pipeline.py", line 601, in predict
    return self.steps[-1][1].predict(Xt, **params)
  File "/common/ketrong/tpotexp/env/lib/python3.10/site-packages/sklearn/neighbors/_classification.py", line 259, in predict
    probabilities = self.predict_proba(X)
  File "/common/ketrong/tpotexp/env/lib/python3.10/site-packages/sklearn/neighbors/_classification.py", line 343, in predict_proba
    probabilities = ArgKminClassMode.compute(
  File "/common/ketrong/tpotexp/env/lib/python3.10/site-packages/sklearn/metrics/_pairwise_distances_reduction/_dispatcher.py", line 584, in compute
    return ArgKminClassMode64.compute(
TypeError: Argument 'metric' has incorrect type (expected str, got numpy.str_)

WARNING AN INDIVIDUAL TIMED OUT: 
 <tpot2.search_spaces.pipelines.sequential.SequentialPipelineIndividual object at 0x155474b78c40> 

Generation:  7
Best f1_score score: 0.9266476686146401
Generation:  28%|       | 7/25 [57:26<2:19:25, 464.77s/it]Generation:  8
Best f1_score score: 0.9266476686146401
Generation:  32%|      | 8/25 [1:05:23<2:12:48, 468.72s/it]Generation:  9
Best f1_score score: 0.9266476686146401
Generation:  36%|      | 9/25 [1:12:18<2:00:30, 451.89s/it]Generation:  10
Best f1_score score: 0.9266476686146401
Generation:  40%|      | 10/25 [1:20:41<1:56:56, 467.77s/it]WARNING THIS INDIVIDUAL CAUSED AND EXCEPTION 
 <tpot2.search_spaces.pipelines.sequential.SequentialPipelineIndividual object at 0x155474efab90> 
 Argument 'metric' has incorrect type (expected str, got numpy.str_) 
 Traceback (most recent call last):
  File "/common/ketrong/tpotexp/tpot2/tpot2/utils/eval_utils.py", line 53, in objective_nan_wrapper
    value = func_timeout.func_timeout(timeout, objective_function, args=[individual], kwargs=objective_kwargs)
  File "/common/ketrong/tpotexp/env/lib/python3.10/site-packages/func_timeout/dafunc.py", line 108, in func_timeout
    raise_exception(exception)
  File "/common/ketrong/tpotexp/env/lib/python3.10/site-packages/func_timeout/py3_raise.py", line 7, in raise_exception
    raise exception[0] from None
  File "/common/ketrong/tpotexp/tpot2/tpot2/tpot_estimator/estimator.py", line 623, in objective_function
    return objective_function_generator(
  File "/common/ketrong/tpotexp/tpot2/tpot2/tpot_estimator/estimator_utils.py", line 55, in objective_function_generator
    cv_obj_scores = cross_val_score_objective(sklearn.base.clone(pipeline),x,y,scorers=scorers, cv=cv , fold=step)
  File "/common/ketrong/tpotexp/tpot2/tpot2/tpot_estimator/cross_val_utils.py", line 31, in cross_val_score_objective
    this_fold_scores = [sklearn.metrics.get_scorer(scorer)(this_fold_pipeline, X_test, y_test) for scorer in scorers]
  File "/common/ketrong/tpotexp/tpot2/tpot2/tpot_estimator/cross_val_utils.py", line 31, in <listcomp>
    this_fold_scores = [sklearn.metrics.get_scorer(scorer)(this_fold_pipeline, X_test, y_test) for scorer in scorers]
  File "/common/ketrong/tpotexp/env/lib/python3.10/site-packages/sklearn/metrics/_scorer.py", line 279, in __call__
    return self._score(partial(_cached_call, None), estimator, X, y_true, **_kwargs)
  File "/common/ketrong/tpotexp/env/lib/python3.10/site-packages/sklearn/metrics/_scorer.py", line 371, in _score
    y_pred = method_caller(
  File "/common/ketrong/tpotexp/env/lib/python3.10/site-packages/sklearn/metrics/_scorer.py", line 89, in _cached_call
    result, _ = _get_response_values(
  File "/common/ketrong/tpotexp/env/lib/python3.10/site-packages/sklearn/utils/_response.py", line 211, in _get_response_values
    y_pred = prediction_method(X)
  File "/common/ketrong/tpotexp/env/lib/python3.10/site-packages/sklearn/pipeline.py", line 601, in predict
    return self.steps[-1][1].predict(Xt, **params)
  File "/common/ketrong/tpotexp/env/lib/python3.10/site-packages/sklearn/neighbors/_classification.py", line 259, in predict
    probabilities = self.predict_proba(X)
  File "/common/ketrong/tpotexp/env/lib/python3.10/site-packages/sklearn/neighbors/_classification.py", line 343, in predict_proba
    probabilities = ArgKminClassMode.compute(
  File "/common/ketrong/tpotexp/env/lib/python3.10/site-packages/sklearn/metrics/_pairwise_distances_reduction/_dispatcher.py", line 584, in compute
    return ArgKminClassMode64.compute(
TypeError: Argument 'metric' has incorrect type (expected str, got numpy.str_)

Generation:  11
Best f1_score score: 0.9266476686146401
Generation:  44%|     | 11/25 [1:27:13<1:43:42, 444.47s/it]WARNING THIS INDIVIDUAL CAUSED AND EXCEPTION 
 <tpot2.search_spaces.pipelines.sequential.SequentialPipelineIndividual object at 0x1554748f21a0> 
 Argument 'metric' has incorrect type (expected str, got numpy.str_) 
 Traceback (most recent call last):
  File "/common/ketrong/tpotexp/tpot2/tpot2/utils/eval_utils.py", line 53, in objective_nan_wrapper
    value = func_timeout.func_timeout(timeout, objective_function, args=[individual], kwargs=objective_kwargs)
  File "/common/ketrong/tpotexp/env/lib/python3.10/site-packages/func_timeout/dafunc.py", line 108, in func_timeout
    raise_exception(exception)
  File "/common/ketrong/tpotexp/env/lib/python3.10/site-packages/func_timeout/py3_raise.py", line 7, in raise_exception
    raise exception[0] from None
  File "/common/ketrong/tpotexp/tpot2/tpot2/tpot_estimator/estimator.py", line 623, in objective_function
    return objective_function_generator(
  File "/common/ketrong/tpotexp/tpot2/tpot2/tpot_estimator/estimator_utils.py", line 55, in objective_function_generator
    cv_obj_scores = cross_val_score_objective(sklearn.base.clone(pipeline),x,y,scorers=scorers, cv=cv , fold=step)
  File "/common/ketrong/tpotexp/tpot2/tpot2/tpot_estimator/cross_val_utils.py", line 31, in cross_val_score_objective
    this_fold_scores = [sklearn.metrics.get_scorer(scorer)(this_fold_pipeline, X_test, y_test) for scorer in scorers]
  File "/common/ketrong/tpotexp/tpot2/tpot2/tpot_estimator/cross_val_utils.py", line 31, in <listcomp>
    this_fold_scores = [sklearn.metrics.get_scorer(scorer)(this_fold_pipeline, X_test, y_test) for scorer in scorers]
  File "/common/ketrong/tpotexp/env/lib/python3.10/site-packages/sklearn/metrics/_scorer.py", line 279, in __call__
    return self._score(partial(_cached_call, None), estimator, X, y_true, **_kwargs)
  File "/common/ketrong/tpotexp/env/lib/python3.10/site-packages/sklearn/metrics/_scorer.py", line 371, in _score
    y_pred = method_caller(
  File "/common/ketrong/tpotexp/env/lib/python3.10/site-packages/sklearn/metrics/_scorer.py", line 89, in _cached_call
    result, _ = _get_response_values(
  File "/common/ketrong/tpotexp/env/lib/python3.10/site-packages/sklearn/utils/_response.py", line 211, in _get_response_values
    y_pred = prediction_method(X)
  File "/common/ketrong/tpotexp/env/lib/python3.10/site-packages/sklearn/pipeline.py", line 601, in predict
    return self.steps[-1][1].predict(Xt, **params)
  File "/common/ketrong/tpotexp/env/lib/python3.10/site-packages/sklearn/neighbors/_classification.py", line 259, in predict
    probabilities = self.predict_proba(X)
  File "/common/ketrong/tpotexp/env/lib/python3.10/site-packages/sklearn/neighbors/_classification.py", line 343, in predict_proba
    probabilities = ArgKminClassMode.compute(
  File "/common/ketrong/tpotexp/env/lib/python3.10/site-packages/sklearn/metrics/_pairwise_distances_reduction/_dispatcher.py", line 584, in compute
    return ArgKminClassMode64.compute(
TypeError: Argument 'metric' has incorrect type (expected str, got numpy.str_)

Generation:  12
Best f1_score score: 0.9266476686146401
Generation:  48%|     | 12/25 [1:37:13<1:46:34, 491.89s/it]WARNING THIS INDIVIDUAL CAUSED AND EXCEPTION 
 <tpot2.search_spaces.pipelines.sequential.SequentialPipelineIndividual object at 0x1554749c4e80> 
 Argument 'metric' has incorrect type (expected str, got numpy.str_) 
 Traceback (most recent call last):
  File "/common/ketrong/tpotexp/tpot2/tpot2/utils/eval_utils.py", line 53, in objective_nan_wrapper
    value = func_timeout.func_timeout(timeout, objective_function, args=[individual], kwargs=objective_kwargs)
  File "/common/ketrong/tpotexp/env/lib/python3.10/site-packages/func_timeout/dafunc.py", line 108, in func_timeout
    raise_exception(exception)
  File "/common/ketrong/tpotexp/env/lib/python3.10/site-packages/func_timeout/py3_raise.py", line 7, in raise_exception
    raise exception[0] from None
  File "/common/ketrong/tpotexp/tpot2/tpot2/tpot_estimator/estimator.py", line 623, in objective_function
    return objective_function_generator(
  File "/common/ketrong/tpotexp/tpot2/tpot2/tpot_estimator/estimator_utils.py", line 55, in objective_function_generator
    cv_obj_scores = cross_val_score_objective(sklearn.base.clone(pipeline),x,y,scorers=scorers, cv=cv , fold=step)
  File "/common/ketrong/tpotexp/tpot2/tpot2/tpot_estimator/cross_val_utils.py", line 31, in cross_val_score_objective
    this_fold_scores = [sklearn.metrics.get_scorer(scorer)(this_fold_pipeline, X_test, y_test) for scorer in scorers]
  File "/common/ketrong/tpotexp/tpot2/tpot2/tpot_estimator/cross_val_utils.py", line 31, in <listcomp>
    this_fold_scores = [sklearn.metrics.get_scorer(scorer)(this_fold_pipeline, X_test, y_test) for scorer in scorers]
  File "/common/ketrong/tpotexp/env/lib/python3.10/site-packages/sklearn/metrics/_scorer.py", line 279, in __call__
    return self._score(partial(_cached_call, None), estimator, X, y_true, **_kwargs)
  File "/common/ketrong/tpotexp/env/lib/python3.10/site-packages/sklearn/metrics/_scorer.py", line 371, in _score
    y_pred = method_caller(
  File "/common/ketrong/tpotexp/env/lib/python3.10/site-packages/sklearn/metrics/_scorer.py", line 89, in _cached_call
    result, _ = _get_response_values(
  File "/common/ketrong/tpotexp/env/lib/python3.10/site-packages/sklearn/utils/_response.py", line 211, in _get_response_values
    y_pred = prediction_method(X)
  File "/common/ketrong/tpotexp/env/lib/python3.10/site-packages/sklearn/pipeline.py", line 601, in predict
    return self.steps[-1][1].predict(Xt, **params)
  File "/common/ketrong/tpotexp/env/lib/python3.10/site-packages/sklearn/neighbors/_classification.py", line 259, in predict
    probabilities = self.predict_proba(X)
  File "/common/ketrong/tpotexp/env/lib/python3.10/site-packages/sklearn/neighbors/_classification.py", line 343, in predict_proba
    probabilities = ArgKminClassMode.compute(
  File "/common/ketrong/tpotexp/env/lib/python3.10/site-packages/sklearn/metrics/_pairwise_distances_reduction/_dispatcher.py", line 584, in compute
    return ArgKminClassMode64.compute(
TypeError: Argument 'metric' has incorrect type (expected str, got numpy.str_)

WARNING AN INDIVIDUAL TIMED OUT: 
 <tpot2.search_spaces.pipelines.sequential.SequentialPipelineIndividual object at 0x155474226e30> 

Generation:  13
Best f1_score score: 0.9270392219232487
Generation:  52%|    | 13/25 [1:47:21<1:45:23, 526.98s/it]WARNING THIS INDIVIDUAL CAUSED AND EXCEPTION 
 <tpot2.search_spaces.pipelines.sequential.SequentialPipelineIndividual object at 0x15545ec65690> 
 Argument 'metric' has incorrect type (expected str, got numpy.str_) 
 Traceback (most recent call last):
  File "/common/ketrong/tpotexp/tpot2/tpot2/utils/eval_utils.py", line 53, in objective_nan_wrapper
    value = func_timeout.func_timeout(timeout, objective_function, args=[individual], kwargs=objective_kwargs)
  File "/common/ketrong/tpotexp/env/lib/python3.10/site-packages/func_timeout/dafunc.py", line 108, in func_timeout
    raise_exception(exception)
  File "/common/ketrong/tpotexp/env/lib/python3.10/site-packages/func_timeout/py3_raise.py", line 7, in raise_exception
    raise exception[0] from None
  File "/common/ketrong/tpotexp/tpot2/tpot2/tpot_estimator/estimator.py", line 623, in objective_function
    return objective_function_generator(
  File "/common/ketrong/tpotexp/tpot2/tpot2/tpot_estimator/estimator_utils.py", line 55, in objective_function_generator
    cv_obj_scores = cross_val_score_objective(sklearn.base.clone(pipeline),x,y,scorers=scorers, cv=cv , fold=step)
  File "/common/ketrong/tpotexp/tpot2/tpot2/tpot_estimator/cross_val_utils.py", line 31, in cross_val_score_objective
    this_fold_scores = [sklearn.metrics.get_scorer(scorer)(this_fold_pipeline, X_test, y_test) for scorer in scorers]
  File "/common/ketrong/tpotexp/tpot2/tpot2/tpot_estimator/cross_val_utils.py", line 31, in <listcomp>
    this_fold_scores = [sklearn.metrics.get_scorer(scorer)(this_fold_pipeline, X_test, y_test) for scorer in scorers]
  File "/common/ketrong/tpotexp/env/lib/python3.10/site-packages/sklearn/metrics/_scorer.py", line 279, in __call__
    return self._score(partial(_cached_call, None), estimator, X, y_true, **_kwargs)
  File "/common/ketrong/tpotexp/env/lib/python3.10/site-packages/sklearn/metrics/_scorer.py", line 371, in _score
    y_pred = method_caller(
  File "/common/ketrong/tpotexp/env/lib/python3.10/site-packages/sklearn/metrics/_scorer.py", line 89, in _cached_call
    result, _ = _get_response_values(
  File "/common/ketrong/tpotexp/env/lib/python3.10/site-packages/sklearn/utils/_response.py", line 211, in _get_response_values
    y_pred = prediction_method(X)
  File "/common/ketrong/tpotexp/env/lib/python3.10/site-packages/sklearn/pipeline.py", line 601, in predict
    return self.steps[-1][1].predict(Xt, **params)
  File "/common/ketrong/tpotexp/env/lib/python3.10/site-packages/sklearn/neighbors/_classification.py", line 259, in predict
    probabilities = self.predict_proba(X)
  File "/common/ketrong/tpotexp/env/lib/python3.10/site-packages/sklearn/neighbors/_classification.py", line 343, in predict_proba
    probabilities = ArgKminClassMode.compute(
  File "/common/ketrong/tpotexp/env/lib/python3.10/site-packages/sklearn/metrics/_pairwise_distances_reduction/_dispatcher.py", line 584, in compute
    return ArgKminClassMode64.compute(
TypeError: Argument 'metric' has incorrect type (expected str, got numpy.str_)

Generation:  14
Best f1_score score: 0.9270392219232487
Generation:  56%|    | 14/25 [1:51:27<1:21:03, 442.18s/it]WARNING THIS INDIVIDUAL CAUSED AND EXCEPTION 
 <tpot2.search_spaces.pipelines.sequential.SequentialPipelineIndividual object at 0x155474efa920> 
 Argument 'metric' has incorrect type (expected str, got numpy.str_) 
 Traceback (most recent call last):
  File "/common/ketrong/tpotexp/tpot2/tpot2/utils/eval_utils.py", line 53, in objective_nan_wrapper
    value = func_timeout.func_timeout(timeout, objective_function, args=[individual], kwargs=objective_kwargs)
  File "/common/ketrong/tpotexp/env/lib/python3.10/site-packages/func_timeout/dafunc.py", line 108, in func_timeout
    raise_exception(exception)
  File "/common/ketrong/tpotexp/env/lib/python3.10/site-packages/func_timeout/py3_raise.py", line 7, in raise_exception
    raise exception[0] from None
  File "/common/ketrong/tpotexp/tpot2/tpot2/tpot_estimator/estimator.py", line 623, in objective_function
    return objective_function_generator(
  File "/common/ketrong/tpotexp/tpot2/tpot2/tpot_estimator/estimator_utils.py", line 55, in objective_function_generator
    cv_obj_scores = cross_val_score_objective(sklearn.base.clone(pipeline),x,y,scorers=scorers, cv=cv , fold=step)
  File "/common/ketrong/tpotexp/tpot2/tpot2/tpot_estimator/cross_val_utils.py", line 31, in cross_val_score_objective
    this_fold_scores = [sklearn.metrics.get_scorer(scorer)(this_fold_pipeline, X_test, y_test) for scorer in scorers]
  File "/common/ketrong/tpotexp/tpot2/tpot2/tpot_estimator/cross_val_utils.py", line 31, in <listcomp>
    this_fold_scores = [sklearn.metrics.get_scorer(scorer)(this_fold_pipeline, X_test, y_test) for scorer in scorers]
  File "/common/ketrong/tpotexp/env/lib/python3.10/site-packages/sklearn/metrics/_scorer.py", line 279, in __call__
    return self._score(partial(_cached_call, None), estimator, X, y_true, **_kwargs)
  File "/common/ketrong/tpotexp/env/lib/python3.10/site-packages/sklearn/metrics/_scorer.py", line 371, in _score
    y_pred = method_caller(
  File "/common/ketrong/tpotexp/env/lib/python3.10/site-packages/sklearn/metrics/_scorer.py", line 89, in _cached_call
    result, _ = _get_response_values(
  File "/common/ketrong/tpotexp/env/lib/python3.10/site-packages/sklearn/utils/_response.py", line 211, in _get_response_values
    y_pred = prediction_method(X)
  File "/common/ketrong/tpotexp/env/lib/python3.10/site-packages/sklearn/pipeline.py", line 601, in predict
    return self.steps[-1][1].predict(Xt, **params)
  File "/common/ketrong/tpotexp/env/lib/python3.10/site-packages/sklearn/neighbors/_classification.py", line 259, in predict
    probabilities = self.predict_proba(X)
  File "/common/ketrong/tpotexp/env/lib/python3.10/site-packages/sklearn/neighbors/_classification.py", line 343, in predict_proba
    probabilities = ArgKminClassMode.compute(
  File "/common/ketrong/tpotexp/env/lib/python3.10/site-packages/sklearn/metrics/_pairwise_distances_reduction/_dispatcher.py", line 584, in compute
    return ArgKminClassMode64.compute(
TypeError: Argument 'metric' has incorrect type (expected str, got numpy.str_)

WARNING THIS INDIVIDUAL CAUSED AND EXCEPTION 
 <tpot2.search_spaces.pipelines.sequential.SequentialPipelineIndividual object at 0x155475448b50> 
 Argument 'metric' has incorrect type (expected str, got numpy.str_) 
 Traceback (most recent call last):
  File "/common/ketrong/tpotexp/tpot2/tpot2/utils/eval_utils.py", line 53, in objective_nan_wrapper
    value = func_timeout.func_timeout(timeout, objective_function, args=[individual], kwargs=objective_kwargs)
  File "/common/ketrong/tpotexp/env/lib/python3.10/site-packages/func_timeout/dafunc.py", line 108, in func_timeout
    raise_exception(exception)
  File "/common/ketrong/tpotexp/env/lib/python3.10/site-packages/func_timeout/py3_raise.py", line 7, in raise_exception
    raise exception[0] from None
  File "/common/ketrong/tpotexp/tpot2/tpot2/tpot_estimator/estimator.py", line 623, in objective_function
    return objective_function_generator(
  File "/common/ketrong/tpotexp/tpot2/tpot2/tpot_estimator/estimator_utils.py", line 55, in objective_function_generator
    cv_obj_scores = cross_val_score_objective(sklearn.base.clone(pipeline),x,y,scorers=scorers, cv=cv , fold=step)
  File "/common/ketrong/tpotexp/tpot2/tpot2/tpot_estimator/cross_val_utils.py", line 31, in cross_val_score_objective
    this_fold_scores = [sklearn.metrics.get_scorer(scorer)(this_fold_pipeline, X_test, y_test) for scorer in scorers]
  File "/common/ketrong/tpotexp/tpot2/tpot2/tpot_estimator/cross_val_utils.py", line 31, in <listcomp>
    this_fold_scores = [sklearn.metrics.get_scorer(scorer)(this_fold_pipeline, X_test, y_test) for scorer in scorers]
  File "/common/ketrong/tpotexp/env/lib/python3.10/site-packages/sklearn/metrics/_scorer.py", line 279, in __call__
    return self._score(partial(_cached_call, None), estimator, X, y_true, **_kwargs)
  File "/common/ketrong/tpotexp/env/lib/python3.10/site-packages/sklearn/metrics/_scorer.py", line 371, in _score
    y_pred = method_caller(
  File "/common/ketrong/tpotexp/env/lib/python3.10/site-packages/sklearn/metrics/_scorer.py", line 89, in _cached_call
    result, _ = _get_response_values(
  File "/common/ketrong/tpotexp/env/lib/python3.10/site-packages/sklearn/utils/_response.py", line 211, in _get_response_values
    y_pred = prediction_method(X)
  File "/common/ketrong/tpotexp/env/lib/python3.10/site-packages/sklearn/pipeline.py", line 601, in predict
    return self.steps[-1][1].predict(Xt, **params)
  File "/common/ketrong/tpotexp/env/lib/python3.10/site-packages/sklearn/neighbors/_classification.py", line 259, in predict
    probabilities = self.predict_proba(X)
  File "/common/ketrong/tpotexp/env/lib/python3.10/site-packages/sklearn/neighbors/_classification.py", line 343, in predict_proba
    probabilities = ArgKminClassMode.compute(
  File "/common/ketrong/tpotexp/env/lib/python3.10/site-packages/sklearn/metrics/_pairwise_distances_reduction/_dispatcher.py", line 584, in compute
    return ArgKminClassMode64.compute(
TypeError: Argument 'metric' has incorrect type (expected str, got numpy.str_)

Generation:  15
Best f1_score score: 0.9270392219232487
Generation:  60%|    | 15/25 [2:01:27<1:21:35, 489.55s/it]Generation:  16
Best f1_score score: 0.9270392219232487
Generation:  64%|   | 16/25 [2:07:24<1:07:26, 449.62s/it]Generation:  17
Best f1_score score: 0.9279328651625353
Generation:  68%|   | 17/25 [2:09:53<47:53, 359.20s/it]  WARNING THIS INDIVIDUAL CAUSED AND EXCEPTION 
 <tpot2.search_spaces.pipelines.sequential.SequentialPipelineIndividual object at 0x15547536d7b0> 
 Argument 'metric' has incorrect type (expected str, got numpy.str_) 
 Traceback (most recent call last):
  File "/common/ketrong/tpotexp/tpot2/tpot2/utils/eval_utils.py", line 53, in objective_nan_wrapper
    value = func_timeout.func_timeout(timeout, objective_function, args=[individual], kwargs=objective_kwargs)
  File "/common/ketrong/tpotexp/env/lib/python3.10/site-packages/func_timeout/dafunc.py", line 108, in func_timeout
    raise_exception(exception)
  File "/common/ketrong/tpotexp/env/lib/python3.10/site-packages/func_timeout/py3_raise.py", line 7, in raise_exception
    raise exception[0] from None
  File "/common/ketrong/tpotexp/tpot2/tpot2/tpot_estimator/estimator.py", line 623, in objective_function
    return objective_function_generator(
  File "/common/ketrong/tpotexp/tpot2/tpot2/tpot_estimator/estimator_utils.py", line 55, in objective_function_generator
    cv_obj_scores = cross_val_score_objective(sklearn.base.clone(pipeline),x,y,scorers=scorers, cv=cv , fold=step)
  File "/common/ketrong/tpotexp/tpot2/tpot2/tpot_estimator/cross_val_utils.py", line 31, in cross_val_score_objective
    this_fold_scores = [sklearn.metrics.get_scorer(scorer)(this_fold_pipeline, X_test, y_test) for scorer in scorers]
  File "/common/ketrong/tpotexp/tpot2/tpot2/tpot_estimator/cross_val_utils.py", line 31, in <listcomp>
    this_fold_scores = [sklearn.metrics.get_scorer(scorer)(this_fold_pipeline, X_test, y_test) for scorer in scorers]
  File "/common/ketrong/tpotexp/env/lib/python3.10/site-packages/sklearn/metrics/_scorer.py", line 279, in __call__
    return self._score(partial(_cached_call, None), estimator, X, y_true, **_kwargs)
  File "/common/ketrong/tpotexp/env/lib/python3.10/site-packages/sklearn/metrics/_scorer.py", line 371, in _score
    y_pred = method_caller(
  File "/common/ketrong/tpotexp/env/lib/python3.10/site-packages/sklearn/metrics/_scorer.py", line 89, in _cached_call
    result, _ = _get_response_values(
  File "/common/ketrong/tpotexp/env/lib/python3.10/site-packages/sklearn/utils/_response.py", line 211, in _get_response_values
    y_pred = prediction_method(X)
  File "/common/ketrong/tpotexp/env/lib/python3.10/site-packages/sklearn/pipeline.py", line 601, in predict
    return self.steps[-1][1].predict(Xt, **params)
  File "/common/ketrong/tpotexp/env/lib/python3.10/site-packages/sklearn/neighbors/_classification.py", line 259, in predict
    probabilities = self.predict_proba(X)
  File "/common/ketrong/tpotexp/env/lib/python3.10/site-packages/sklearn/neighbors/_classification.py", line 343, in predict_proba
    probabilities = ArgKminClassMode.compute(
  File "/common/ketrong/tpotexp/env/lib/python3.10/site-packages/sklearn/metrics/_pairwise_distances_reduction/_dispatcher.py", line 584, in compute
    return ArgKminClassMode64.compute(
TypeError: Argument 'metric' has incorrect type (expected str, got numpy.str_)

Generation:  18
Best f1_score score: 0.9279328651625353
Generation:  72%|  | 18/25 [2:17:30<45:20, 388.63s/it]Generation:  19
Best f1_score score: 0.9279328651625353
Generation:  76%|  | 19/25 [2:23:09<37:22, 373.73s/it]WARNING THIS INDIVIDUAL CAUSED AND EXCEPTION 
 <tpot2.search_spaces.pipelines.sequential.SequentialPipelineIndividual object at 0x155475bed1e0> 
 Argument 'metric' has incorrect type (expected str, got numpy.str_) 
 Traceback (most recent call last):
  File "/common/ketrong/tpotexp/tpot2/tpot2/utils/eval_utils.py", line 53, in objective_nan_wrapper
    value = func_timeout.func_timeout(timeout, objective_function, args=[individual], kwargs=objective_kwargs)
  File "/common/ketrong/tpotexp/env/lib/python3.10/site-packages/func_timeout/dafunc.py", line 108, in func_timeout
    raise_exception(exception)
  File "/common/ketrong/tpotexp/env/lib/python3.10/site-packages/func_timeout/py3_raise.py", line 7, in raise_exception
    raise exception[0] from None
  File "/common/ketrong/tpotexp/tpot2/tpot2/tpot_estimator/estimator.py", line 623, in objective_function
    return objective_function_generator(
  File "/common/ketrong/tpotexp/tpot2/tpot2/tpot_estimator/estimator_utils.py", line 55, in objective_function_generator
    cv_obj_scores = cross_val_score_objective(sklearn.base.clone(pipeline),x,y,scorers=scorers, cv=cv , fold=step)
  File "/common/ketrong/tpotexp/tpot2/tpot2/tpot_estimator/cross_val_utils.py", line 31, in cross_val_score_objective
    this_fold_scores = [sklearn.metrics.get_scorer(scorer)(this_fold_pipeline, X_test, y_test) for scorer in scorers]
  File "/common/ketrong/tpotexp/tpot2/tpot2/tpot_estimator/cross_val_utils.py", line 31, in <listcomp>
    this_fold_scores = [sklearn.metrics.get_scorer(scorer)(this_fold_pipeline, X_test, y_test) for scorer in scorers]
  File "/common/ketrong/tpotexp/env/lib/python3.10/site-packages/sklearn/metrics/_scorer.py", line 279, in __call__
    return self._score(partial(_cached_call, None), estimator, X, y_true, **_kwargs)
  File "/common/ketrong/tpotexp/env/lib/python3.10/site-packages/sklearn/metrics/_scorer.py", line 371, in _score
    y_pred = method_caller(
  File "/common/ketrong/tpotexp/env/lib/python3.10/site-packages/sklearn/metrics/_scorer.py", line 89, in _cached_call
    result, _ = _get_response_values(
  File "/common/ketrong/tpotexp/env/lib/python3.10/site-packages/sklearn/utils/_response.py", line 211, in _get_response_values
    y_pred = prediction_method(X)
  File "/common/ketrong/tpotexp/env/lib/python3.10/site-packages/sklearn/pipeline.py", line 601, in predict
    return self.steps[-1][1].predict(Xt, **params)
  File "/common/ketrong/tpotexp/env/lib/python3.10/site-packages/sklearn/neighbors/_classification.py", line 259, in predict
    probabilities = self.predict_proba(X)
  File "/common/ketrong/tpotexp/env/lib/python3.10/site-packages/sklearn/neighbors/_classification.py", line 343, in predict_proba
    probabilities = ArgKminClassMode.compute(
  File "/common/ketrong/tpotexp/env/lib/python3.10/site-packages/sklearn/metrics/_pairwise_distances_reduction/_dispatcher.py", line 584, in compute
    return ArgKminClassMode64.compute(
TypeError: Argument 'metric' has incorrect type (expected str, got numpy.str_)

WARNING THIS INDIVIDUAL CAUSED AND EXCEPTION 
 <tpot2.search_spaces.pipelines.sequential.SequentialPipelineIndividual object at 0x155474933130> 
 Argument 'metric' has incorrect type (expected str, got numpy.str_) 
 Traceback (most recent call last):
  File "/common/ketrong/tpotexp/tpot2/tpot2/utils/eval_utils.py", line 53, in objective_nan_wrapper
    value = func_timeout.func_timeout(timeout, objective_function, args=[individual], kwargs=objective_kwargs)
  File "/common/ketrong/tpotexp/env/lib/python3.10/site-packages/func_timeout/dafunc.py", line 108, in func_timeout
    raise_exception(exception)
  File "/common/ketrong/tpotexp/env/lib/python3.10/site-packages/func_timeout/py3_raise.py", line 7, in raise_exception
    raise exception[0] from None
  File "/common/ketrong/tpotexp/tpot2/tpot2/tpot_estimator/estimator.py", line 623, in objective_function
    return objective_function_generator(
  File "/common/ketrong/tpotexp/tpot2/tpot2/tpot_estimator/estimator_utils.py", line 55, in objective_function_generator
    cv_obj_scores = cross_val_score_objective(sklearn.base.clone(pipeline),x,y,scorers=scorers, cv=cv , fold=step)
  File "/common/ketrong/tpotexp/tpot2/tpot2/tpot_estimator/cross_val_utils.py", line 31, in cross_val_score_objective
    this_fold_scores = [sklearn.metrics.get_scorer(scorer)(this_fold_pipeline, X_test, y_test) for scorer in scorers]
  File "/common/ketrong/tpotexp/tpot2/tpot2/tpot_estimator/cross_val_utils.py", line 31, in <listcomp>
    this_fold_scores = [sklearn.metrics.get_scorer(scorer)(this_fold_pipeline, X_test, y_test) for scorer in scorers]
  File "/common/ketrong/tpotexp/env/lib/python3.10/site-packages/sklearn/metrics/_scorer.py", line 279, in __call__
    return self._score(partial(_cached_call, None), estimator, X, y_true, **_kwargs)
  File "/common/ketrong/tpotexp/env/lib/python3.10/site-packages/sklearn/metrics/_scorer.py", line 371, in _score
    y_pred = method_caller(
  File "/common/ketrong/tpotexp/env/lib/python3.10/site-packages/sklearn/metrics/_scorer.py", line 89, in _cached_call
    result, _ = _get_response_values(
  File "/common/ketrong/tpotexp/env/lib/python3.10/site-packages/sklearn/utils/_response.py", line 211, in _get_response_values
    y_pred = prediction_method(X)
  File "/common/ketrong/tpotexp/env/lib/python3.10/site-packages/sklearn/pipeline.py", line 601, in predict
    return self.steps[-1][1].predict(Xt, **params)
  File "/common/ketrong/tpotexp/env/lib/python3.10/site-packages/sklearn/neighbors/_classification.py", line 259, in predict
    probabilities = self.predict_proba(X)
  File "/common/ketrong/tpotexp/env/lib/python3.10/site-packages/sklearn/neighbors/_classification.py", line 343, in predict_proba
    probabilities = ArgKminClassMode.compute(
  File "/common/ketrong/tpotexp/env/lib/python3.10/site-packages/sklearn/metrics/_pairwise_distances_reduction/_dispatcher.py", line 584, in compute
    return ArgKminClassMode64.compute(
TypeError: Argument 'metric' has incorrect type (expected str, got numpy.str_)

Generation:  20
Best f1_score score: 0.9279328651625353
Generation:  80%|  | 20/25 [2:32:51<36:22, 436.49s/it]Generation:  21
Best f1_score score: 0.9279328651625353
Generation:  84%| | 21/25 [2:36:09<24:18, 364.62s/it]WARNING THIS INDIVIDUAL CAUSED AND EXCEPTION 
 <tpot2.search_spaces.pipelines.sequential.SequentialPipelineIndividual object at 0x15547416f340> 
 Argument 'metric' has incorrect type (expected str, got numpy.str_) 
 Traceback (most recent call last):
  File "/common/ketrong/tpotexp/tpot2/tpot2/utils/eval_utils.py", line 53, in objective_nan_wrapper
    value = func_timeout.func_timeout(timeout, objective_function, args=[individual], kwargs=objective_kwargs)
  File "/common/ketrong/tpotexp/env/lib/python3.10/site-packages/func_timeout/dafunc.py", line 108, in func_timeout
    raise_exception(exception)
  File "/common/ketrong/tpotexp/env/lib/python3.10/site-packages/func_timeout/py3_raise.py", line 7, in raise_exception
    raise exception[0] from None
  File "/common/ketrong/tpotexp/tpot2/tpot2/tpot_estimator/estimator.py", line 623, in objective_function
    return objective_function_generator(
  File "/common/ketrong/tpotexp/tpot2/tpot2/tpot_estimator/estimator_utils.py", line 55, in objective_function_generator
    cv_obj_scores = cross_val_score_objective(sklearn.base.clone(pipeline),x,y,scorers=scorers, cv=cv , fold=step)
  File "/common/ketrong/tpotexp/tpot2/tpot2/tpot_estimator/cross_val_utils.py", line 31, in cross_val_score_objective
    this_fold_scores = [sklearn.metrics.get_scorer(scorer)(this_fold_pipeline, X_test, y_test) for scorer in scorers]
  File "/common/ketrong/tpotexp/tpot2/tpot2/tpot_estimator/cross_val_utils.py", line 31, in <listcomp>
    this_fold_scores = [sklearn.metrics.get_scorer(scorer)(this_fold_pipeline, X_test, y_test) for scorer in scorers]
  File "/common/ketrong/tpotexp/env/lib/python3.10/site-packages/sklearn/metrics/_scorer.py", line 279, in __call__
    return self._score(partial(_cached_call, None), estimator, X, y_true, **_kwargs)
  File "/common/ketrong/tpotexp/env/lib/python3.10/site-packages/sklearn/metrics/_scorer.py", line 371, in _score
    y_pred = method_caller(
  File "/common/ketrong/tpotexp/env/lib/python3.10/site-packages/sklearn/metrics/_scorer.py", line 89, in _cached_call
    result, _ = _get_response_values(
  File "/common/ketrong/tpotexp/env/lib/python3.10/site-packages/sklearn/utils/_response.py", line 211, in _get_response_values
    y_pred = prediction_method(X)
  File "/common/ketrong/tpotexp/env/lib/python3.10/site-packages/sklearn/pipeline.py", line 601, in predict
    return self.steps[-1][1].predict(Xt, **params)
  File "/common/ketrong/tpotexp/env/lib/python3.10/site-packages/sklearn/neighbors/_classification.py", line 259, in predict
    probabilities = self.predict_proba(X)
  File "/common/ketrong/tpotexp/env/lib/python3.10/site-packages/sklearn/neighbors/_classification.py", line 343, in predict_proba
    probabilities = ArgKminClassMode.compute(
  File "/common/ketrong/tpotexp/env/lib/python3.10/site-packages/sklearn/metrics/_pairwise_distances_reduction/_dispatcher.py", line 584, in compute
    return ArgKminClassMode64.compute(
TypeError: Argument 'metric' has incorrect type (expected str, got numpy.str_)

WARNING THIS INDIVIDUAL CAUSED AND EXCEPTION 
 <tpot2.search_spaces.pipelines.sequential.SequentialPipelineIndividual object at 0x155475bee050> 
 Argument 'metric' has incorrect type (expected str, got numpy.str_) 
 Traceback (most recent call last):
  File "/common/ketrong/tpotexp/tpot2/tpot2/utils/eval_utils.py", line 53, in objective_nan_wrapper
    value = func_timeout.func_timeout(timeout, objective_function, args=[individual], kwargs=objective_kwargs)
  File "/common/ketrong/tpotexp/env/lib/python3.10/site-packages/func_timeout/dafunc.py", line 108, in func_timeout
    raise_exception(exception)
  File "/common/ketrong/tpotexp/env/lib/python3.10/site-packages/func_timeout/py3_raise.py", line 7, in raise_exception
    raise exception[0] from None
  File "/common/ketrong/tpotexp/tpot2/tpot2/tpot_estimator/estimator.py", line 623, in objective_function
    return objective_function_generator(
  File "/common/ketrong/tpotexp/tpot2/tpot2/tpot_estimator/estimator_utils.py", line 55, in objective_function_generator
    cv_obj_scores = cross_val_score_objective(sklearn.base.clone(pipeline),x,y,scorers=scorers, cv=cv , fold=step)
  File "/common/ketrong/tpotexp/tpot2/tpot2/tpot_estimator/cross_val_utils.py", line 31, in cross_val_score_objective
    this_fold_scores = [sklearn.metrics.get_scorer(scorer)(this_fold_pipeline, X_test, y_test) for scorer in scorers]
  File "/common/ketrong/tpotexp/tpot2/tpot2/tpot_estimator/cross_val_utils.py", line 31, in <listcomp>
    this_fold_scores = [sklearn.metrics.get_scorer(scorer)(this_fold_pipeline, X_test, y_test) for scorer in scorers]
  File "/common/ketrong/tpotexp/env/lib/python3.10/site-packages/sklearn/metrics/_scorer.py", line 279, in __call__
    return self._score(partial(_cached_call, None), estimator, X, y_true, **_kwargs)
  File "/common/ketrong/tpotexp/env/lib/python3.10/site-packages/sklearn/metrics/_scorer.py", line 371, in _score
    y_pred = method_caller(
  File "/common/ketrong/tpotexp/env/lib/python3.10/site-packages/sklearn/metrics/_scorer.py", line 89, in _cached_call
    result, _ = _get_response_values(
  File "/common/ketrong/tpotexp/env/lib/python3.10/site-packages/sklearn/utils/_response.py", line 211, in _get_response_values
    y_pred = prediction_method(X)
  File "/common/ketrong/tpotexp/env/lib/python3.10/site-packages/sklearn/pipeline.py", line 601, in predict
    return self.steps[-1][1].predict(Xt, **params)
  File "/common/ketrong/tpotexp/env/lib/python3.10/site-packages/sklearn/neighbors/_classification.py", line 259, in predict
    probabilities = self.predict_proba(X)
  File "/common/ketrong/tpotexp/env/lib/python3.10/site-packages/sklearn/neighbors/_classification.py", line 343, in predict_proba
    probabilities = ArgKminClassMode.compute(
  File "/common/ketrong/tpotexp/env/lib/python3.10/site-packages/sklearn/metrics/_pairwise_distances_reduction/_dispatcher.py", line 584, in compute
    return ArgKminClassMode64.compute(
TypeError: Argument 'metric' has incorrect type (expected str, got numpy.str_)

WARNING AN INDIVIDUAL TIMED OUT: 
 <tpot2.search_spaces.pipelines.sequential.SequentialPipelineIndividual object at 0x155475bf3490> 

Generation:  22
Best f1_score score: 0.9279328651625353
Generation:  88%| | 22/25 [2:46:20<21:56, 438.68s/it]WARNING THIS INDIVIDUAL CAUSED AND EXCEPTION 
 <tpot2.search_spaces.pipelines.sequential.SequentialPipelineIndividual object at 0x15547542e530> 
 Argument 'metric' has incorrect type (expected str, got numpy.str_) 
 Traceback (most recent call last):
  File "/common/ketrong/tpotexp/tpot2/tpot2/utils/eval_utils.py", line 53, in objective_nan_wrapper
    value = func_timeout.func_timeout(timeout, objective_function, args=[individual], kwargs=objective_kwargs)
  File "/common/ketrong/tpotexp/env/lib/python3.10/site-packages/func_timeout/dafunc.py", line 108, in func_timeout
    raise_exception(exception)
  File "/common/ketrong/tpotexp/env/lib/python3.10/site-packages/func_timeout/py3_raise.py", line 7, in raise_exception
    raise exception[0] from None
  File "/common/ketrong/tpotexp/tpot2/tpot2/tpot_estimator/estimator.py", line 623, in objective_function
    return objective_function_generator(
  File "/common/ketrong/tpotexp/tpot2/tpot2/tpot_estimator/estimator_utils.py", line 55, in objective_function_generator
    cv_obj_scores = cross_val_score_objective(sklearn.base.clone(pipeline),x,y,scorers=scorers, cv=cv , fold=step)
  File "/common/ketrong/tpotexp/tpot2/tpot2/tpot_estimator/cross_val_utils.py", line 31, in cross_val_score_objective
    this_fold_scores = [sklearn.metrics.get_scorer(scorer)(this_fold_pipeline, X_test, y_test) for scorer in scorers]
  File "/common/ketrong/tpotexp/tpot2/tpot2/tpot_estimator/cross_val_utils.py", line 31, in <listcomp>
    this_fold_scores = [sklearn.metrics.get_scorer(scorer)(this_fold_pipeline, X_test, y_test) for scorer in scorers]
  File "/common/ketrong/tpotexp/env/lib/python3.10/site-packages/sklearn/metrics/_scorer.py", line 279, in __call__
    return self._score(partial(_cached_call, None), estimator, X, y_true, **_kwargs)
  File "/common/ketrong/tpotexp/env/lib/python3.10/site-packages/sklearn/metrics/_scorer.py", line 371, in _score
    y_pred = method_caller(
  File "/common/ketrong/tpotexp/env/lib/python3.10/site-packages/sklearn/metrics/_scorer.py", line 89, in _cached_call
    result, _ = _get_response_values(
  File "/common/ketrong/tpotexp/env/lib/python3.10/site-packages/sklearn/utils/_response.py", line 211, in _get_response_values
    y_pred = prediction_method(X)
  File "/common/ketrong/tpotexp/env/lib/python3.10/site-packages/sklearn/pipeline.py", line 601, in predict
    return self.steps[-1][1].predict(Xt, **params)
  File "/common/ketrong/tpotexp/env/lib/python3.10/site-packages/sklearn/neighbors/_classification.py", line 259, in predict
    probabilities = self.predict_proba(X)
  File "/common/ketrong/tpotexp/env/lib/python3.10/site-packages/sklearn/neighbors/_classification.py", line 343, in predict_proba
    probabilities = ArgKminClassMode.compute(
  File "/common/ketrong/tpotexp/env/lib/python3.10/site-packages/sklearn/metrics/_pairwise_distances_reduction/_dispatcher.py", line 584, in compute
    return ArgKminClassMode64.compute(
TypeError: Argument 'metric' has incorrect type (expected str, got numpy.str_)

WARNING THIS INDIVIDUAL CAUSED AND EXCEPTION 
 <tpot2.search_spaces.pipelines.sequential.SequentialPipelineIndividual object at 0x155474429600> 
 Argument 'metric' has incorrect type (expected str, got numpy.str_) 
 Traceback (most recent call last):
  File "/common/ketrong/tpotexp/tpot2/tpot2/utils/eval_utils.py", line 53, in objective_nan_wrapper
    value = func_timeout.func_timeout(timeout, objective_function, args=[individual], kwargs=objective_kwargs)
  File "/common/ketrong/tpotexp/env/lib/python3.10/site-packages/func_timeout/dafunc.py", line 108, in func_timeout
    raise_exception(exception)
  File "/common/ketrong/tpotexp/env/lib/python3.10/site-packages/func_timeout/py3_raise.py", line 7, in raise_exception
    raise exception[0] from None
  File "/common/ketrong/tpotexp/tpot2/tpot2/tpot_estimator/estimator.py", line 623, in objective_function
    return objective_function_generator(
  File "/common/ketrong/tpotexp/tpot2/tpot2/tpot_estimator/estimator_utils.py", line 55, in objective_function_generator
    cv_obj_scores = cross_val_score_objective(sklearn.base.clone(pipeline),x,y,scorers=scorers, cv=cv , fold=step)
  File "/common/ketrong/tpotexp/tpot2/tpot2/tpot_estimator/cross_val_utils.py", line 31, in cross_val_score_objective
    this_fold_scores = [sklearn.metrics.get_scorer(scorer)(this_fold_pipeline, X_test, y_test) for scorer in scorers]
  File "/common/ketrong/tpotexp/tpot2/tpot2/tpot_estimator/cross_val_utils.py", line 31, in <listcomp>
    this_fold_scores = [sklearn.metrics.get_scorer(scorer)(this_fold_pipeline, X_test, y_test) for scorer in scorers]
  File "/common/ketrong/tpotexp/env/lib/python3.10/site-packages/sklearn/metrics/_scorer.py", line 279, in __call__
    return self._score(partial(_cached_call, None), estimator, X, y_true, **_kwargs)
  File "/common/ketrong/tpotexp/env/lib/python3.10/site-packages/sklearn/metrics/_scorer.py", line 371, in _score
    y_pred = method_caller(
  File "/common/ketrong/tpotexp/env/lib/python3.10/site-packages/sklearn/metrics/_scorer.py", line 89, in _cached_call
    result, _ = _get_response_values(
  File "/common/ketrong/tpotexp/env/lib/python3.10/site-packages/sklearn/utils/_response.py", line 211, in _get_response_values
    y_pred = prediction_method(X)
  File "/common/ketrong/tpotexp/env/lib/python3.10/site-packages/sklearn/pipeline.py", line 601, in predict
    return self.steps[-1][1].predict(Xt, **params)
  File "/common/ketrong/tpotexp/env/lib/python3.10/site-packages/sklearn/neighbors/_classification.py", line 259, in predict
    probabilities = self.predict_proba(X)
  File "/common/ketrong/tpotexp/env/lib/python3.10/site-packages/sklearn/neighbors/_classification.py", line 343, in predict_proba
    probabilities = ArgKminClassMode.compute(
  File "/common/ketrong/tpotexp/env/lib/python3.10/site-packages/sklearn/metrics/_pairwise_distances_reduction/_dispatcher.py", line 584, in compute
    return ArgKminClassMode64.compute(
TypeError: Argument 'metric' has incorrect type (expected str, got numpy.str_)

WARNING THIS INDIVIDUAL CAUSED AND EXCEPTION 
 <tpot2.search_spaces.pipelines.sequential.SequentialPipelineIndividual object at 0x155474f6dde0> 
 Argument 'metric' has incorrect type (expected str, got numpy.str_) 
 Traceback (most recent call last):
  File "/common/ketrong/tpotexp/tpot2/tpot2/utils/eval_utils.py", line 53, in objective_nan_wrapper
    value = func_timeout.func_timeout(timeout, objective_function, args=[individual], kwargs=objective_kwargs)
  File "/common/ketrong/tpotexp/env/lib/python3.10/site-packages/func_timeout/dafunc.py", line 108, in func_timeout
    raise_exception(exception)
  File "/common/ketrong/tpotexp/env/lib/python3.10/site-packages/func_timeout/py3_raise.py", line 7, in raise_exception
    raise exception[0] from None
  File "/common/ketrong/tpotexp/tpot2/tpot2/tpot_estimator/estimator.py", line 623, in objective_function
    return objective_function_generator(
  File "/common/ketrong/tpotexp/tpot2/tpot2/tpot_estimator/estimator_utils.py", line 55, in objective_function_generator
    cv_obj_scores = cross_val_score_objective(sklearn.base.clone(pipeline),x,y,scorers=scorers, cv=cv , fold=step)
  File "/common/ketrong/tpotexp/tpot2/tpot2/tpot_estimator/cross_val_utils.py", line 31, in cross_val_score_objective
    this_fold_scores = [sklearn.metrics.get_scorer(scorer)(this_fold_pipeline, X_test, y_test) for scorer in scorers]
  File "/common/ketrong/tpotexp/tpot2/tpot2/tpot_estimator/cross_val_utils.py", line 31, in <listcomp>
    this_fold_scores = [sklearn.metrics.get_scorer(scorer)(this_fold_pipeline, X_test, y_test) for scorer in scorers]
  File "/common/ketrong/tpotexp/env/lib/python3.10/site-packages/sklearn/metrics/_scorer.py", line 279, in __call__
    return self._score(partial(_cached_call, None), estimator, X, y_true, **_kwargs)
  File "/common/ketrong/tpotexp/env/lib/python3.10/site-packages/sklearn/metrics/_scorer.py", line 371, in _score
    y_pred = method_caller(
  File "/common/ketrong/tpotexp/env/lib/python3.10/site-packages/sklearn/metrics/_scorer.py", line 89, in _cached_call
    result, _ = _get_response_values(
  File "/common/ketrong/tpotexp/env/lib/python3.10/site-packages/sklearn/utils/_response.py", line 211, in _get_response_values
    y_pred = prediction_method(X)
  File "/common/ketrong/tpotexp/env/lib/python3.10/site-packages/sklearn/pipeline.py", line 601, in predict
    return self.steps[-1][1].predict(Xt, **params)
  File "/common/ketrong/tpotexp/env/lib/python3.10/site-packages/sklearn/neighbors/_classification.py", line 259, in predict
    probabilities = self.predict_proba(X)
  File "/common/ketrong/tpotexp/env/lib/python3.10/site-packages/sklearn/neighbors/_classification.py", line 343, in predict_proba
    probabilities = ArgKminClassMode.compute(
  File "/common/ketrong/tpotexp/env/lib/python3.10/site-packages/sklearn/metrics/_pairwise_distances_reduction/_dispatcher.py", line 584, in compute
    return ArgKminClassMode64.compute(
TypeError: Argument 'metric' has incorrect type (expected str, got numpy.str_)

WARNING THIS INDIVIDUAL CAUSED AND EXCEPTION 
 <tpot2.search_spaces.pipelines.sequential.SequentialPipelineIndividual object at 0x1554744a0220> 
 Argument 'metric' has incorrect type (expected str, got numpy.str_) 
 Traceback (most recent call last):
  File "/common/ketrong/tpotexp/tpot2/tpot2/utils/eval_utils.py", line 53, in objective_nan_wrapper
    value = func_timeout.func_timeout(timeout, objective_function, args=[individual], kwargs=objective_kwargs)
  File "/common/ketrong/tpotexp/env/lib/python3.10/site-packages/func_timeout/dafunc.py", line 108, in func_timeout
    raise_exception(exception)
  File "/common/ketrong/tpotexp/env/lib/python3.10/site-packages/func_timeout/py3_raise.py", line 7, in raise_exception
    raise exception[0] from None
  File "/common/ketrong/tpotexp/tpot2/tpot2/tpot_estimator/estimator.py", line 623, in objective_function
    return objective_function_generator(
  File "/common/ketrong/tpotexp/tpot2/tpot2/tpot_estimator/estimator_utils.py", line 55, in objective_function_generator
    cv_obj_scores = cross_val_score_objective(sklearn.base.clone(pipeline),x,y,scorers=scorers, cv=cv , fold=step)
  File "/common/ketrong/tpotexp/tpot2/tpot2/tpot_estimator/cross_val_utils.py", line 31, in cross_val_score_objective
    this_fold_scores = [sklearn.metrics.get_scorer(scorer)(this_fold_pipeline, X_test, y_test) for scorer in scorers]
  File "/common/ketrong/tpotexp/tpot2/tpot2/tpot_estimator/cross_val_utils.py", line 31, in <listcomp>
    this_fold_scores = [sklearn.metrics.get_scorer(scorer)(this_fold_pipeline, X_test, y_test) for scorer in scorers]
  File "/common/ketrong/tpotexp/env/lib/python3.10/site-packages/sklearn/metrics/_scorer.py", line 279, in __call__
    return self._score(partial(_cached_call, None), estimator, X, y_true, **_kwargs)
  File "/common/ketrong/tpotexp/env/lib/python3.10/site-packages/sklearn/metrics/_scorer.py", line 371, in _score
    y_pred = method_caller(
  File "/common/ketrong/tpotexp/env/lib/python3.10/site-packages/sklearn/metrics/_scorer.py", line 89, in _cached_call
    result, _ = _get_response_values(
  File "/common/ketrong/tpotexp/env/lib/python3.10/site-packages/sklearn/utils/_response.py", line 211, in _get_response_values
    y_pred = prediction_method(X)
  File "/common/ketrong/tpotexp/env/lib/python3.10/site-packages/sklearn/pipeline.py", line 601, in predict
    return self.steps[-1][1].predict(Xt, **params)
  File "/common/ketrong/tpotexp/env/lib/python3.10/site-packages/sklearn/neighbors/_classification.py", line 259, in predict
    probabilities = self.predict_proba(X)
  File "/common/ketrong/tpotexp/env/lib/python3.10/site-packages/sklearn/neighbors/_classification.py", line 343, in predict_proba
    probabilities = ArgKminClassMode.compute(
  File "/common/ketrong/tpotexp/env/lib/python3.10/site-packages/sklearn/metrics/_pairwise_distances_reduction/_dispatcher.py", line 584, in compute
    return ArgKminClassMode64.compute(
TypeError: Argument 'metric' has incorrect type (expected str, got numpy.str_)

Generation:  23
Best f1_score score: 0.9279328651625353
Generation:  92%|| 23/25 [2:46:58<10:37, 318.53s/it]WARNING THIS INDIVIDUAL CAUSED AND EXCEPTION 
 <tpot2.search_spaces.pipelines.sequential.SequentialPipelineIndividual object at 0x1554745bda80> 
 Argument 'metric' has incorrect type (expected str, got numpy.str_) 
 Traceback (most recent call last):
  File "/common/ketrong/tpotexp/tpot2/tpot2/utils/eval_utils.py", line 53, in objective_nan_wrapper
    value = func_timeout.func_timeout(timeout, objective_function, args=[individual], kwargs=objective_kwargs)
  File "/common/ketrong/tpotexp/env/lib/python3.10/site-packages/func_timeout/dafunc.py", line 108, in func_timeout
    raise_exception(exception)
  File "/common/ketrong/tpotexp/env/lib/python3.10/site-packages/func_timeout/py3_raise.py", line 7, in raise_exception
    raise exception[0] from None
  File "/common/ketrong/tpotexp/tpot2/tpot2/tpot_estimator/estimator.py", line 623, in objective_function
    return objective_function_generator(
  File "/common/ketrong/tpotexp/tpot2/tpot2/tpot_estimator/estimator_utils.py", line 55, in objective_function_generator
    cv_obj_scores = cross_val_score_objective(sklearn.base.clone(pipeline),x,y,scorers=scorers, cv=cv , fold=step)
  File "/common/ketrong/tpotexp/tpot2/tpot2/tpot_estimator/cross_val_utils.py", line 31, in cross_val_score_objective
    this_fold_scores = [sklearn.metrics.get_scorer(scorer)(this_fold_pipeline, X_test, y_test) for scorer in scorers]
  File "/common/ketrong/tpotexp/tpot2/tpot2/tpot_estimator/cross_val_utils.py", line 31, in <listcomp>
    this_fold_scores = [sklearn.metrics.get_scorer(scorer)(this_fold_pipeline, X_test, y_test) for scorer in scorers]
  File "/common/ketrong/tpotexp/env/lib/python3.10/site-packages/sklearn/metrics/_scorer.py", line 279, in __call__
    return self._score(partial(_cached_call, None), estimator, X, y_true, **_kwargs)
  File "/common/ketrong/tpotexp/env/lib/python3.10/site-packages/sklearn/metrics/_scorer.py", line 371, in _score
    y_pred = method_caller(
  File "/common/ketrong/tpotexp/env/lib/python3.10/site-packages/sklearn/metrics/_scorer.py", line 89, in _cached_call
    result, _ = _get_response_values(
  File "/common/ketrong/tpotexp/env/lib/python3.10/site-packages/sklearn/utils/_response.py", line 211, in _get_response_values
    y_pred = prediction_method(X)
  File "/common/ketrong/tpotexp/env/lib/python3.10/site-packages/sklearn/pipeline.py", line 601, in predict
    return self.steps[-1][1].predict(Xt, **params)
  File "/common/ketrong/tpotexp/env/lib/python3.10/site-packages/sklearn/neighbors/_classification.py", line 259, in predict
    probabilities = self.predict_proba(X)
  File "/common/ketrong/tpotexp/env/lib/python3.10/site-packages/sklearn/neighbors/_classification.py", line 343, in predict_proba
    probabilities = ArgKminClassMode.compute(
  File "/common/ketrong/tpotexp/env/lib/python3.10/site-packages/sklearn/metrics/_pairwise_distances_reduction/_dispatcher.py", line 584, in compute
    return ArgKminClassMode64.compute(
TypeError: Argument 'metric' has incorrect type (expected str, got numpy.str_)

Generation:  24
Best f1_score score: 0.9279328651625353
Generation:  96%|| 24/25 [2:50:15<04:42, 282.03s/it]WARNING THIS INDIVIDUAL CAUSED AND EXCEPTION 
 <tpot2.search_spaces.pipelines.sequential.SequentialPipelineIndividual object at 0x15545fe719c0> 
 Argument 'metric' has incorrect type (expected str, got numpy.str_) 
 Traceback (most recent call last):
  File "/common/ketrong/tpotexp/tpot2/tpot2/utils/eval_utils.py", line 53, in objective_nan_wrapper
    value = func_timeout.func_timeout(timeout, objective_function, args=[individual], kwargs=objective_kwargs)
  File "/common/ketrong/tpotexp/env/lib/python3.10/site-packages/func_timeout/dafunc.py", line 108, in func_timeout
    raise_exception(exception)
  File "/common/ketrong/tpotexp/env/lib/python3.10/site-packages/func_timeout/py3_raise.py", line 7, in raise_exception
    raise exception[0] from None
  File "/common/ketrong/tpotexp/tpot2/tpot2/tpot_estimator/estimator.py", line 623, in objective_function
    return objective_function_generator(
  File "/common/ketrong/tpotexp/tpot2/tpot2/tpot_estimator/estimator_utils.py", line 55, in objective_function_generator
    cv_obj_scores = cross_val_score_objective(sklearn.base.clone(pipeline),x,y,scorers=scorers, cv=cv , fold=step)
  File "/common/ketrong/tpotexp/tpot2/tpot2/tpot_estimator/cross_val_utils.py", line 31, in cross_val_score_objective
    this_fold_scores = [sklearn.metrics.get_scorer(scorer)(this_fold_pipeline, X_test, y_test) for scorer in scorers]
  File "/common/ketrong/tpotexp/tpot2/tpot2/tpot_estimator/cross_val_utils.py", line 31, in <listcomp>
    this_fold_scores = [sklearn.metrics.get_scorer(scorer)(this_fold_pipeline, X_test, y_test) for scorer in scorers]
  File "/common/ketrong/tpotexp/env/lib/python3.10/site-packages/sklearn/metrics/_scorer.py", line 279, in __call__
    return self._score(partial(_cached_call, None), estimator, X, y_true, **_kwargs)
  File "/common/ketrong/tpotexp/env/lib/python3.10/site-packages/sklearn/metrics/_scorer.py", line 371, in _score
    y_pred = method_caller(
  File "/common/ketrong/tpotexp/env/lib/python3.10/site-packages/sklearn/metrics/_scorer.py", line 89, in _cached_call
    result, _ = _get_response_values(
  File "/common/ketrong/tpotexp/env/lib/python3.10/site-packages/sklearn/utils/_response.py", line 211, in _get_response_values
    y_pred = prediction_method(X)
  File "/common/ketrong/tpotexp/env/lib/python3.10/site-packages/sklearn/pipeline.py", line 601, in predict
    return self.steps[-1][1].predict(Xt, **params)
  File "/common/ketrong/tpotexp/env/lib/python3.10/site-packages/sklearn/neighbors/_classification.py", line 259, in predict
    probabilities = self.predict_proba(X)
  File "/common/ketrong/tpotexp/env/lib/python3.10/site-packages/sklearn/neighbors/_classification.py", line 343, in predict_proba
    probabilities = ArgKminClassMode.compute(
  File "/common/ketrong/tpotexp/env/lib/python3.10/site-packages/sklearn/metrics/_pairwise_distances_reduction/_dispatcher.py", line 584, in compute
    return ArgKminClassMode64.compute(
TypeError: Argument 'metric' has incorrect type (expected str, got numpy.str_)

WARNING THIS INDIVIDUAL CAUSED AND EXCEPTION 
 <tpot2.search_spaces.pipelines.sequential.SequentialPipelineIndividual object at 0x155474240850> 
 Argument 'metric' has incorrect type (expected str, got numpy.str_) 
 Traceback (most recent call last):
  File "/common/ketrong/tpotexp/tpot2/tpot2/utils/eval_utils.py", line 53, in objective_nan_wrapper
    value = func_timeout.func_timeout(timeout, objective_function, args=[individual], kwargs=objective_kwargs)
  File "/common/ketrong/tpotexp/env/lib/python3.10/site-packages/func_timeout/dafunc.py", line 108, in func_timeout
    raise_exception(exception)
  File "/common/ketrong/tpotexp/env/lib/python3.10/site-packages/func_timeout/py3_raise.py", line 7, in raise_exception
    raise exception[0] from None
  File "/common/ketrong/tpotexp/tpot2/tpot2/tpot_estimator/estimator.py", line 623, in objective_function
    return objective_function_generator(
  File "/common/ketrong/tpotexp/tpot2/tpot2/tpot_estimator/estimator_utils.py", line 55, in objective_function_generator
    cv_obj_scores = cross_val_score_objective(sklearn.base.clone(pipeline),x,y,scorers=scorers, cv=cv , fold=step)
  File "/common/ketrong/tpotexp/tpot2/tpot2/tpot_estimator/cross_val_utils.py", line 31, in cross_val_score_objective
    this_fold_scores = [sklearn.metrics.get_scorer(scorer)(this_fold_pipeline, X_test, y_test) for scorer in scorers]
  File "/common/ketrong/tpotexp/tpot2/tpot2/tpot_estimator/cross_val_utils.py", line 31, in <listcomp>
    this_fold_scores = [sklearn.metrics.get_scorer(scorer)(this_fold_pipeline, X_test, y_test) for scorer in scorers]
  File "/common/ketrong/tpotexp/env/lib/python3.10/site-packages/sklearn/metrics/_scorer.py", line 279, in __call__
    return self._score(partial(_cached_call, None), estimator, X, y_true, **_kwargs)
  File "/common/ketrong/tpotexp/env/lib/python3.10/site-packages/sklearn/metrics/_scorer.py", line 371, in _score
    y_pred = method_caller(
  File "/common/ketrong/tpotexp/env/lib/python3.10/site-packages/sklearn/metrics/_scorer.py", line 89, in _cached_call
    result, _ = _get_response_values(
  File "/common/ketrong/tpotexp/env/lib/python3.10/site-packages/sklearn/utils/_response.py", line 211, in _get_response_values
    y_pred = prediction_method(X)
  File "/common/ketrong/tpotexp/env/lib/python3.10/site-packages/sklearn/pipeline.py", line 601, in predict
    return self.steps[-1][1].predict(Xt, **params)
  File "/common/ketrong/tpotexp/env/lib/python3.10/site-packages/sklearn/neighbors/_classification.py", line 259, in predict
    probabilities = self.predict_proba(X)
  File "/common/ketrong/tpotexp/env/lib/python3.10/site-packages/sklearn/neighbors/_classification.py", line 343, in predict_proba
    probabilities = ArgKminClassMode.compute(
  File "/common/ketrong/tpotexp/env/lib/python3.10/site-packages/sklearn/metrics/_pairwise_distances_reduction/_dispatcher.py", line 584, in compute
    return ArgKminClassMode64.compute(
TypeError: Argument 'metric' has incorrect type (expected str, got numpy.str_)

Generation:  25
Best f1_score score: 0.9279328651625353
Generation: 100%|| 25/25 [2:59:00<00:00, 354.91s/it]Generation: 100%|| 25/25 [2:59:03<00:00, 429.75s/it]
2024-08-20 05:05:32,804 - distributed.scheduler - ERROR - Removing worker 'tcp://127.0.0.1:41061' caused the cluster to lose scattered data, which can't be recovered: {'ndarray-fa8c5c32f121ac7894be6e3995db74a2', 'ndarray-87f326c2b853d5b31aa79dc6c47bda7b'} (stimulus_id='handle-worker-cleanup-1724155532.8048627')
Fitted
Pipeline(steps=[('kneighborsclassifier',
                 KNeighborsClassifier(n_jobs=1, n_neighbors=6, p=1,
                                      weights='distance'))])
score start
train score: {'auroc': 1.0, 'accuracy': 1.0, 'balanced_accuracy': 1.0, 'logloss': 2.2204460492503136e-16, 'f1': 1.0}
original test score: {'auroc': 0.9968565073671555, 'accuracy': 0.956, 'balanced_accuracy': 0.95573628642484, 'logloss': 0.33137569510452863, 'f1': 0.9561064116633893}
imputed test score: {'auroc': 0.9927242722668973, 'accuracy': 0.937, 'balanced_accuracy': 0.936461144863682, 'logloss': 0.625900550167601, 'f1': 0.9367084713873782}
score end
check intended
EXP2 Finished
running experiment 3/3 - What is the best automl settings?
<tpot2.search_spaces.pipelines.sequential.SequentialPipeline object at 0x155436506200>
Start tpot fit
  0%|          | 0/25 [00:00<?, ?it/s]Generation:   0%|          | 0/25 [00:00<?, ?it/s]WARNING AN INDIVIDUAL TIMED OUT: 
 <tpot2.search_spaces.pipelines.sequential.SequentialPipelineIndividual object at 0x155475b46470> 

WARNING AN INDIVIDUAL TIMED OUT: 
 <tpot2.search_spaces.pipelines.sequential.SequentialPipelineIndividual object at 0x155475b46260> 

Generation:  1
Best f1_score score: 0.8453354891086363
Generation:   4%|         | 1/25 [10:01<4:00:37, 601.54s/it]WARNING THIS INDIVIDUAL CAUSED AND EXCEPTION 
 <tpot2.search_spaces.pipelines.sequential.SequentialPipelineIndividual object at 0x155475bb5870> 
 Input X contains NaN.
LogisticRegression does not accept missing values encoded as NaN natively. For supervised learning, you might want to consider sklearn.ensemble.HistGradientBoostingClassifier and Regressor which accept missing values encoded as NaNs natively. Alternatively, it is possible to preprocess the data, for instance by using an imputer transformer in a pipeline or drop samples with missing values. See https://scikit-learn.org/stable/modules/impute.html You can find a list of all estimators that handle NaN values at the following page: https://scikit-learn.org/stable/modules/impute.html#estimators-that-handle-nan-values 
 Traceback (most recent call last):
  File "/common/ketrong/tpotexp/tpot2/tpot2/utils/eval_utils.py", line 53, in objective_nan_wrapper
    value = func_timeout.func_timeout(timeout, objective_function, args=[individual], kwargs=objective_kwargs)
  File "/common/ketrong/tpotexp/env/lib/python3.10/site-packages/func_timeout/dafunc.py", line 108, in func_timeout
    raise_exception(exception)
  File "/common/ketrong/tpotexp/env/lib/python3.10/site-packages/func_timeout/py3_raise.py", line 7, in raise_exception
    raise exception[0] from None
  File "/common/ketrong/tpotexp/tpot2/tpot2/tpot_estimator/estimator.py", line 623, in objective_function
    return objective_function_generator(
  File "/common/ketrong/tpotexp/tpot2/tpot2/tpot_estimator/estimator_utils.py", line 55, in objective_function_generator
    cv_obj_scores = cross_val_score_objective(sklearn.base.clone(pipeline),x,y,scorers=scorers, cv=cv , fold=step)
  File "/common/ketrong/tpotexp/tpot2/tpot2/tpot_estimator/cross_val_utils.py", line 28, in cross_val_score_objective
    this_fold_pipeline.fit(X_train,y_train)
  File "/common/ketrong/tpotexp/env/lib/python3.10/site-packages/sklearn/base.py", line 1473, in wrapper
    return fit_method(estimator, *args, **kwargs)
  File "/common/ketrong/tpotexp/env/lib/python3.10/site-packages/sklearn/pipeline.py", line 473, in fit
    self._final_estimator.fit(Xt, y, **last_step_params["fit"])
  File "/common/ketrong/tpotexp/env/lib/python3.10/site-packages/sklearn/base.py", line 1473, in wrapper
    return fit_method(estimator, *args, **kwargs)
  File "/common/ketrong/tpotexp/env/lib/python3.10/site-packages/sklearn/linear_model/_logistic.py", line 1223, in fit
    X, y = self._validate_data(
  File "/common/ketrong/tpotexp/env/lib/python3.10/site-packages/sklearn/base.py", line 650, in _validate_data
    X, y = check_X_y(X, y, **check_params)
  File "/common/ketrong/tpotexp/env/lib/python3.10/site-packages/sklearn/utils/validation.py", line 1301, in check_X_y
    X = check_array(
  File "/common/ketrong/tpotexp/env/lib/python3.10/site-packages/sklearn/utils/validation.py", line 1064, in check_array
    _assert_all_finite(
  File "/common/ketrong/tpotexp/env/lib/python3.10/site-packages/sklearn/utils/validation.py", line 123, in _assert_all_finite
    _assert_all_finite_element_wise(
  File "/common/ketrong/tpotexp/env/lib/python3.10/site-packages/sklearn/utils/validation.py", line 172, in _assert_all_finite_element_wise
    raise ValueError(msg_err)
ValueError: Input X contains NaN.
LogisticRegression does not accept missing values encoded as NaN natively. For supervised learning, you might want to consider sklearn.ensemble.HistGradientBoostingClassifier and Regressor which accept missing values encoded as NaNs natively. Alternatively, it is possible to preprocess the data, for instance by using an imputer transformer in a pipeline or drop samples with missing values. See https://scikit-learn.org/stable/modules/impute.html You can find a list of all estimators that handle NaN values at the following page: https://scikit-learn.org/stable/modules/impute.html#estimators-that-handle-nan-values

Generation:  2
Generation:   8%|         | 2/25 [15:40<2:51:16, 446.80s/it]Best f1_score score: 0.8953475301222774
Generation:  3
Best f1_score score: 0.9024184426976604
Generation:  12%|        | 3/25 [24:35<2:58:41, 487.32s/it]WARNING AN INDIVIDUAL TIMED OUT: 
 <tpot2.search_spaces.pipelines.sequential.SequentialPipelineIndividual object at 0x155475bf32e0> 

Generation:  4
Best f1_score score: 0.9024184426976604
Generation:  16%|        | 4/25 [34:38<3:06:31, 532.92s/it]Generation:  5
Best f1_score score: 0.910577579116222
Generation:  20%|        | 5/25 [43:54<3:00:25, 541.28s/it]Generation:  6
Best f1_score score: 0.9116677763309248
Generation:  24%|       | 6/25 [51:46<2:43:54, 517.60s/it]WARNING AN INDIVIDUAL TIMED OUT: 
 <tpot2.search_spaces.pipelines.sequential.SequentialPipelineIndividual object at 0x155475b47940> 

Generation:  7
Best f1_score score: 0.9169918801420296
Generation:  28%|       | 7/25 [1:01:50<2:43:48, 546.05s/it]Generation:  8
Best f1_score score: 0.9169918801420296
Generation:  32%|      | 8/25 [1:06:32<2:10:52, 461.94s/it]WARNING AN INDIVIDUAL TIMED OUT: 
 <tpot2.search_spaces.pipelines.sequential.SequentialPipelineIndividual object at 0x155474a5c460> 

WARNING AN INDIVIDUAL TIMED OUT: 
 <tpot2.search_spaces.pipelines.sequential.SequentialPipelineIndividual object at 0x1554579f2ad0> 

WARNING AN INDIVIDUAL TIMED OUT: 
 <tpot2.search_spaces.pipelines.sequential.SequentialPipelineIndividual object at 0x1554750e23b0> 

Generation:  9
Best f1_score score: 0.9232845963916099
Generation:  36%|      | 9/25 [1:16:37<2:15:04, 506.53s/it]WARNING AN INDIVIDUAL TIMED OUT: 
 <tpot2.search_spaces.pipelines.sequential.SequentialPipelineIndividual object at 0x155475b46ad0> 

Generation:  10
Best f1_score score: 0.92819671745225
Generation:  40%|      | 10/25 [1:26:40<2:14:06, 536.45s/it]WARNING THIS INDIVIDUAL CAUSED AND EXCEPTION 
 <tpot2.search_spaces.pipelines.sequential.SequentialPipelineIndividual object at 0x155457316cb0> 
 Input X contains NaN.
KNeighborsClassifier does not accept missing values encoded as NaN natively. For supervised learning, you might want to consider sklearn.ensemble.HistGradientBoostingClassifier and Regressor which accept missing values encoded as NaNs natively. Alternatively, it is possible to preprocess the data, for instance by using an imputer transformer in a pipeline or drop samples with missing values. See https://scikit-learn.org/stable/modules/impute.html You can find a list of all estimators that handle NaN values at the following page: https://scikit-learn.org/stable/modules/impute.html#estimators-that-handle-nan-values 
 Traceback (most recent call last):
  File "/common/ketrong/tpotexp/tpot2/tpot2/utils/eval_utils.py", line 53, in objective_nan_wrapper
    value = func_timeout.func_timeout(timeout, objective_function, args=[individual], kwargs=objective_kwargs)
  File "/common/ketrong/tpotexp/env/lib/python3.10/site-packages/func_timeout/dafunc.py", line 108, in func_timeout
    raise_exception(exception)
  File "/common/ketrong/tpotexp/env/lib/python3.10/site-packages/func_timeout/py3_raise.py", line 7, in raise_exception
    raise exception[0] from None
  File "/common/ketrong/tpotexp/tpot2/tpot2/tpot_estimator/estimator.py", line 623, in objective_function
    return objective_function_generator(
  File "/common/ketrong/tpotexp/tpot2/tpot2/tpot_estimator/estimator_utils.py", line 55, in objective_function_generator
    cv_obj_scores = cross_val_score_objective(sklearn.base.clone(pipeline),x,y,scorers=scorers, cv=cv , fold=step)
  File "/common/ketrong/tpotexp/tpot2/tpot2/tpot_estimator/cross_val_utils.py", line 28, in cross_val_score_objective
    this_fold_pipeline.fit(X_train,y_train)
  File "/common/ketrong/tpotexp/env/lib/python3.10/site-packages/sklearn/base.py", line 1473, in wrapper
    return fit_method(estimator, *args, **kwargs)
  File "/common/ketrong/tpotexp/env/lib/python3.10/site-packages/sklearn/pipeline.py", line 473, in fit
    self._final_estimator.fit(Xt, y, **last_step_params["fit"])
  File "/common/ketrong/tpotexp/env/lib/python3.10/site-packages/sklearn/base.py", line 1473, in wrapper
    return fit_method(estimator, *args, **kwargs)
  File "/common/ketrong/tpotexp/env/lib/python3.10/site-packages/sklearn/neighbors/_classification.py", line 238, in fit
    return self._fit(X, y)
  File "/common/ketrong/tpotexp/env/lib/python3.10/site-packages/sklearn/neighbors/_base.py", line 475, in _fit
    X, y = self._validate_data(
  File "/common/ketrong/tpotexp/env/lib/python3.10/site-packages/sklearn/base.py", line 650, in _validate_data
    X, y = check_X_y(X, y, **check_params)
  File "/common/ketrong/tpotexp/env/lib/python3.10/site-packages/sklearn/utils/validation.py", line 1301, in check_X_y
    X = check_array(
  File "/common/ketrong/tpotexp/env/lib/python3.10/site-packages/sklearn/utils/validation.py", line 1064, in check_array
    _assert_all_finite(
  File "/common/ketrong/tpotexp/env/lib/python3.10/site-packages/sklearn/utils/validation.py", line 123, in _assert_all_finite
    _assert_all_finite_element_wise(
  File "/common/ketrong/tpotexp/env/lib/python3.10/site-packages/sklearn/utils/validation.py", line 172, in _assert_all_finite_element_wise
    raise ValueError(msg_err)
ValueError: Input X contains NaN.
KNeighborsClassifier does not accept missing values encoded as NaN natively. For supervised learning, you might want to consider sklearn.ensemble.HistGradientBoostingClassifier and Regressor which accept missing values encoded as NaNs natively. Alternatively, it is possible to preprocess the data, for instance by using an imputer transformer in a pipeline or drop samples with missing values. See https://scikit-learn.org/stable/modules/impute.html You can find a list of all estimators that handle NaN values at the following page: https://scikit-learn.org/stable/modules/impute.html#estimators-that-handle-nan-values

Generation:  11
Best f1_score score: 0.9299842553835399
Generation:  44%|     | 11/25 [1:33:45<1:57:14, 502.46s/it]WARNING AN INDIVIDUAL TIMED OUT: 
 <tpot2.search_spaces.pipelines.sequential.SequentialPipelineIndividual object at 0x155474be4790> 

Generation:  12
Best f1_score score: 0.9302523506780866
Generation:  48%|     | 12/25 [1:43:49<1:55:33, 533.34s/it]WARNING AN INDIVIDUAL TIMED OUT: 
 <tpot2.search_spaces.pipelines.sequential.SequentialPipelineIndividual object at 0x155474f54e20> 

WARNING AN INDIVIDUAL TIMED OUT: 
 <tpot2.search_spaces.pipelines.sequential.SequentialPipelineIndividual object at 0x1554741ff580> 

Generation:  13
Best f1_score score: 0.9334717317424079
Generation:  52%|    | 13/25 [1:53:54<1:50:58, 554.86s/it]WARNING AN INDIVIDUAL TIMED OUT: 
 <tpot2.search_spaces.pipelines.sequential.SequentialPipelineIndividual object at 0x15545ae6df00> 

Generation:  14
Best f1_score score: 0.9334717317424079
Generation:  56%|    | 14/25 [2:03:58<1:44:28, 569.87s/it]Generation:  15
Best f1_score score: 0.9334717317424079
Generation:  60%|    | 15/25 [2:09:35<1:23:14, 499.48s/it]WARNING AN INDIVIDUAL TIMED OUT: 
 <tpot2.search_spaces.pipelines.sequential.SequentialPipelineIndividual object at 0x155474388730> 

Generation:  16
Best f1_score score: 0.9338916568829342
Generation:  64%|   | 16/25 [2:19:40<1:19:41, 531.25s/it]WARNING AN INDIVIDUAL TIMED OUT: 
 <tpot2.search_spaces.pipelines.sequential.SequentialPipelineIndividual object at 0x155453124ca0> 

WARNING AN INDIVIDUAL TIMED OUT: 
 <tpot2.search_spaces.pipelines.sequential.SequentialPipelineIndividual object at 0x1554572468c0> 

WARNING AN INDIVIDUAL TIMED OUT: 
 <tpot2.search_spaces.pipelines.sequential.SequentialPipelineIndividual object at 0x15547421eaa0> 

Generation:  17
Best f1_score score: 0.9343169089281987
Generation:  68%|   | 17/25 [2:29:44<1:13:45, 553.17s/it]WARNING AN INDIVIDUAL TIMED OUT: 
 <tpot2.search_spaces.pipelines.sequential.SequentialPipelineIndividual object at 0x155475413610> 

Generation:  18
Best f1_score score: 0.9343169089281987
Generation:  72%|  | 18/25 [2:39:49<1:06:21, 568.81s/it]Generation:  19
Best f1_score score: 0.9343169089281987
Generation:  76%|  | 19/25 [2:46:24<51:39, 516.61s/it]  WARNING AN INDIVIDUAL TIMED OUT: 
 <tpot2.search_spaces.pipelines.sequential.SequentialPipelineIndividual object at 0x1554748a5210> 

WARNING AN INDIVIDUAL TIMED OUT: 
 <tpot2.search_spaces.pipelines.sequential.SequentialPipelineIndividual object at 0x1554741fcc70> 

WARNING AN INDIVIDUAL TIMED OUT: 
 <tpot2.search_spaces.pipelines.sequential.SequentialPipelineIndividual object at 0x15545791fe80> 

Generation:  20
Best f1_score score: 0.9343169089281987
Generation:  80%|  | 20/25 [2:56:29<45:15, 543.04s/it]WARNING AN INDIVIDUAL TIMED OUT: 
 <tpot2.search_spaces.pipelines.sequential.SequentialPipelineIndividual object at 0x15547545ce20> 

WARNING AN INDIVIDUAL TIMED OUT: 
 <tpot2.search_spaces.pipelines.sequential.SequentialPipelineIndividual object at 0x15545cdbb8b0> 

Generation:  21
Best f1_score score: 0.9343169089281987
Generation:  84%| | 21/25 [3:06:32<37:24, 561.22s/it]WARNING AN INDIVIDUAL TIMED OUT: 
 <tpot2.search_spaces.pipelines.sequential.SequentialPipelineIndividual object at 0x15545fa1a680> 

Generation:  22
Best f1_score score: 0.9343169089281987
Generation:  88%| | 22/25 [3:16:37<28:42, 574.32s/it]Generation:  23
Best f1_score score: 0.9343169089281987
Generation:  92%|| 23/25 [3:20:34<15:46, 473.08s/it]WARNING AN INDIVIDUAL TIMED OUT: 
 <tpot2.search_spaces.pipelines.sequential.SequentialPipelineIndividual object at 0x1554533e7f10> 

WARNING AN INDIVIDUAL TIMED OUT: 
 <tpot2.search_spaces.pipelines.sequential.SequentialPipelineIndividual object at 0x155452aa80d0> 

Generation:  24
Best f1_score score: 0.9343169089281987
Generation:  96%|| 24/25 [3:30:41<08:33, 513.28s/it]WARNING THIS INDIVIDUAL CAUSED AND EXCEPTION 
 <tpot2.search_spaces.pipelines.sequential.SequentialPipelineIndividual object at 0x155474f17ca0> 
 Input X contains NaN.
KNeighborsClassifier does not accept missing values encoded as NaN natively. For supervised learning, you might want to consider sklearn.ensemble.HistGradientBoostingClassifier and Regressor which accept missing values encoded as NaNs natively. Alternatively, it is possible to preprocess the data, for instance by using an imputer transformer in a pipeline or drop samples with missing values. See https://scikit-learn.org/stable/modules/impute.html You can find a list of all estimators that handle NaN values at the following page: https://scikit-learn.org/stable/modules/impute.html#estimators-that-handle-nan-values 
 Traceback (most recent call last):
  File "/common/ketrong/tpotexp/tpot2/tpot2/utils/eval_utils.py", line 53, in objective_nan_wrapper
    value = func_timeout.func_timeout(timeout, objective_function, args=[individual], kwargs=objective_kwargs)
  File "/common/ketrong/tpotexp/env/lib/python3.10/site-packages/func_timeout/dafunc.py", line 108, in func_timeout
    raise_exception(exception)
  File "/common/ketrong/tpotexp/env/lib/python3.10/site-packages/func_timeout/py3_raise.py", line 7, in raise_exception
    raise exception[0] from None
  File "/common/ketrong/tpotexp/tpot2/tpot2/tpot_estimator/estimator.py", line 623, in objective_function
    return objective_function_generator(
  File "/common/ketrong/tpotexp/tpot2/tpot2/tpot_estimator/estimator_utils.py", line 55, in objective_function_generator
    cv_obj_scores = cross_val_score_objective(sklearn.base.clone(pipeline),x,y,scorers=scorers, cv=cv , fold=step)
  File "/common/ketrong/tpotexp/tpot2/tpot2/tpot_estimator/cross_val_utils.py", line 28, in cross_val_score_objective
    this_fold_pipeline.fit(X_train,y_train)
  File "/common/ketrong/tpotexp/env/lib/python3.10/site-packages/sklearn/base.py", line 1473, in wrapper
    return fit_method(estimator, *args, **kwargs)
  File "/common/ketrong/tpotexp/env/lib/python3.10/site-packages/sklearn/pipeline.py", line 473, in fit
    self._final_estimator.fit(Xt, y, **last_step_params["fit"])
  File "/common/ketrong/tpotexp/env/lib/python3.10/site-packages/sklearn/base.py", line 1473, in wrapper
    return fit_method(estimator, *args, **kwargs)
  File "/common/ketrong/tpotexp/env/lib/python3.10/site-packages/sklearn/neighbors/_classification.py", line 238, in fit
    return self._fit(X, y)
  File "/common/ketrong/tpotexp/env/lib/python3.10/site-packages/sklearn/neighbors/_base.py", line 475, in _fit
    X, y = self._validate_data(
  File "/common/ketrong/tpotexp/env/lib/python3.10/site-packages/sklearn/base.py", line 650, in _validate_data
    X, y = check_X_y(X, y, **check_params)
  File "/common/ketrong/tpotexp/env/lib/python3.10/site-packages/sklearn/utils/validation.py", line 1301, in check_X_y
    X = check_array(
  File "/common/ketrong/tpotexp/env/lib/python3.10/site-packages/sklearn/utils/validation.py", line 1064, in check_array
    _assert_all_finite(
  File "/common/ketrong/tpotexp/env/lib/python3.10/site-packages/sklearn/utils/validation.py", line 123, in _assert_all_finite
    _assert_all_finite_element_wise(
  File "/common/ketrong/tpotexp/env/lib/python3.10/site-packages/sklearn/utils/validation.py", line 172, in _assert_all_finite_element_wise
    raise ValueError(msg_err)
ValueError: Input X contains NaN.
KNeighborsClassifier does not accept missing values encoded as NaN natively. For supervised learning, you might want to consider sklearn.ensemble.HistGradientBoostingClassifier and Regressor which accept missing values encoded as NaNs natively. Alternatively, it is possible to preprocess the data, for instance by using an imputer transformer in a pipeline or drop samples with missing values. See https://scikit-learn.org/stable/modules/impute.html You can find a list of all estimators that handle NaN values at the following page: https://scikit-learn.org/stable/modules/impute.html#estimators-that-handle-nan-values

WARNING THIS INDIVIDUAL CAUSED AND EXCEPTION 
 <tpot2.search_spaces.pipelines.sequential.SequentialPipelineIndividual object at 0x1554744ecee0> 
 Input X contains NaN.
LinearDiscriminantAnalysis does not accept missing values encoded as NaN natively. For supervised learning, you might want to consider sklearn.ensemble.HistGradientBoostingClassifier and Regressor which accept missing values encoded as NaNs natively. Alternatively, it is possible to preprocess the data, for instance by using an imputer transformer in a pipeline or drop samples with missing values. See https://scikit-learn.org/stable/modules/impute.html You can find a list of all estimators that handle NaN values at the following page: https://scikit-learn.org/stable/modules/impute.html#estimators-that-handle-nan-values 
 Traceback (most recent call last):
  File "/common/ketrong/tpotexp/tpot2/tpot2/utils/eval_utils.py", line 53, in objective_nan_wrapper
    value = func_timeout.func_timeout(timeout, objective_function, args=[individual], kwargs=objective_kwargs)
  File "/common/ketrong/tpotexp/env/lib/python3.10/site-packages/func_timeout/dafunc.py", line 108, in func_timeout
    raise_exception(exception)
  File "/common/ketrong/tpotexp/env/lib/python3.10/site-packages/func_timeout/py3_raise.py", line 7, in raise_exception
    raise exception[0] from None
  File "/common/ketrong/tpotexp/tpot2/tpot2/tpot_estimator/estimator.py", line 623, in objective_function
    return objective_function_generator(
  File "/common/ketrong/tpotexp/tpot2/tpot2/tpot_estimator/estimator_utils.py", line 55, in objective_function_generator
    cv_obj_scores = cross_val_score_objective(sklearn.base.clone(pipeline),x,y,scorers=scorers, cv=cv , fold=step)
  File "/common/ketrong/tpotexp/tpot2/tpot2/tpot_estimator/cross_val_utils.py", line 28, in cross_val_score_objective
    this_fold_pipeline.fit(X_train,y_train)
  File "/common/ketrong/tpotexp/env/lib/python3.10/site-packages/sklearn/base.py", line 1473, in wrapper
    return fit_method(estimator, *args, **kwargs)
  File "/common/ketrong/tpotexp/env/lib/python3.10/site-packages/sklearn/pipeline.py", line 473, in fit
    self._final_estimator.fit(Xt, y, **last_step_params["fit"])
  File "/common/ketrong/tpotexp/env/lib/python3.10/site-packages/sklearn/base.py", line 1473, in wrapper
    return fit_method(estimator, *args, **kwargs)
  File "/common/ketrong/tpotexp/env/lib/python3.10/site-packages/sklearn/discriminant_analysis.py", line 589, in fit
    X, y = self._validate_data(
  File "/common/ketrong/tpotexp/env/lib/python3.10/site-packages/sklearn/base.py", line 650, in _validate_data
    X, y = check_X_y(X, y, **check_params)
  File "/common/ketrong/tpotexp/env/lib/python3.10/site-packages/sklearn/utils/validation.py", line 1301, in check_X_y
    X = check_array(
  File "/common/ketrong/tpotexp/env/lib/python3.10/site-packages/sklearn/utils/validation.py", line 1064, in check_array
    _assert_all_finite(
  File "/common/ketrong/tpotexp/env/lib/python3.10/site-packages/sklearn/utils/validation.py", line 123, in _assert_all_finite
    _assert_all_finite_element_wise(
  File "/common/ketrong/tpotexp/env/lib/python3.10/site-packages/sklearn/utils/validation.py", line 172, in _assert_all_finite_element_wise
    raise ValueError(msg_err)
ValueError: Input X contains NaN.
LinearDiscriminantAnalysis does not accept missing values encoded as NaN natively. For supervised learning, you might want to consider sklearn.ensemble.HistGradientBoostingClassifier and Regressor which accept missing values encoded as NaNs natively. Alternatively, it is possible to preprocess the data, for instance by using an imputer transformer in a pipeline or drop samples with missing values. See https://scikit-learn.org/stable/modules/impute.html You can find a list of all estimators that handle NaN values at the following page: https://scikit-learn.org/stable/modules/impute.html#estimators-that-handle-nan-values

WARNING AN INDIVIDUAL TIMED OUT: 
 <tpot2.search_spaces.pipelines.sequential.SequentialPipelineIndividual object at 0x1554754108e0> 

Generation:  25
Best f1_score score: 0.934633639578864
Generation: 100%|| 25/25 [3:40:46<00:00, 540.70s/it]Generation: 100%|| 25/25 [3:40:46<00:00, 529.86s/it]
2024-08-20 08:46:57,718 - distributed.scheduler - ERROR - Removing worker 'tcp://127.0.0.1:37277' caused the cluster to lose scattered data, which can't be recovered: {'DataFrame-ba263d12c7d13ec1bec93d5d6f0d2b03', 'ndarray-87f326c2b853d5b31aa79dc6c47bda7b'} (stimulus_id='handle-worker-cleanup-1724168817.7182255')
Fitted
Pipeline(steps=[('iterativeimputer',
                 IterativeImputer(estimator=KNeighborsRegressor(),
                                  imputation_order='random',
                                  initial_strategy='most_frequent',
                                  n_nearest_features=14)),
                ('kneighborsclassifier',
                 KNeighborsClassifier(metric='euclidean', n_jobs=1,
                                      n_neighbors=4, weights='distance'))])
transform worked
try transform
transform worked
score start
train score: {'auroc': 1.0, 'accuracy': 1.0, 'balanced_accuracy': 1.0, 'logloss': 1.4610036501733964e-08, 'f1': 1.0}
test score: {'auroc': 0.9897880634123855, 'accuracy': 0.9435, 'balanced_accuracy': 0.9430417321962382, 'logloss': 0.7849117533780825, 'f1': 0.9432430969455652}
original test score: {'auroc': 0.99589830587841, 'accuracy': 0.9575, 'balanced_accuracy': 0.9571280358217179, 'logloss': 0.36415795215854785, 'f1': 0.9573516219422038}
score end
6
lvl
0.1
type
MNAR
num_run
3
class_full
finished
all finished
full run takes
18.178727289305794
hours
DONE
