Run: 11
/cm/local/apps/slurm/var/spool/job967915/slurm_script: line 26: 
pip install -e tpot2
pip install -r tpot2/ImputerExperiments/requirements_.txt
: No such file or directory
RunStart
Version 0.1.7a0 of tpot2 is outdated. Version 0.1.8a0 was released 5 days ago.
starting loops
../data/r/215/215.pkl
working on 
../data/r/215/reg_full_MNAR_0.3_1
2.815401077270508
running experiment 1/3 - Does large hyperparameter space improve reconstruction accuracy over simple
[I 2024-09-22 22:46:57,082] A new study created in memory with name: no-name-8e08863a-fa28-4bda-bbf3-d681289b9675
running
running
running
running
running
running
running
running
running
running
running
running
running
running
running
running
[I 2024-09-22 22:46:57,583] Trial 1 finished with value: 0.54390855713485 and parameters: {'model_name': 'SimpleImputer', 'strategy': 'constant'}. Best is trial 1 with value: 0.54390855713485.
running
[I 2024-09-22 22:46:57,894] Trial 7 finished with value: 0.37051622584270666 and parameters: {'model_name': 'SimpleImputer', 'strategy': 'mean'}. Best is trial 7 with value: 0.37051622584270666.
running
[I 2024-09-22 22:46:58,369] Trial 10 finished with value: 0.54390855713485 and parameters: {'model_name': 'SimpleImputer', 'strategy': 'constant'}. Best is trial 7 with value: 0.37051622584270666.
running
[I 2024-09-22 22:46:58,564] Trial 0 finished with value: 0.54390855713485 and parameters: {'model_name': 'SimpleImputer', 'strategy': 'median'}. Best is trial 7 with value: 0.37051622584270666.
running
[I 2024-09-22 22:46:58,993] Trial 14 finished with value: 0.37051622584270666 and parameters: {'model_name': 'SimpleImputer', 'strategy': 'mean'}. Best is trial 7 with value: 0.37051622584270666.
running
[I 2024-09-22 22:46:59,317] Trial 20 finished with value: 0.54390855713485 and parameters: {'model_name': 'SimpleImputer', 'strategy': 'constant'}. Best is trial 7 with value: 0.37051622584270666.
running
[I 2024-09-22 22:47:06,948] Trial 4 finished with value: inf and parameters: {'model_name': 'GAIN', 'batch_size': 1, 'hint_rate': 0.7305338945643208, 'alpha': 35, 'iterations': 3, 'learning_rate': 0.005408903334826821, 'p_miss': 0.2006336559307955}. Best is trial 7 with value: 0.37051622584270666.
running
[I 2024-09-22 22:47:09,158] Trial 6 finished with value: 0.3528166241383867 and parameters: {'model_name': 'VAE', 'batch_size': 346, 'iterations': 1, 'learning_rate': 0.00023335863919580634, 'p_miss': 0.2932564495132987}. Best is trial 6 with value: 0.3528166241383867.
running
[I 2024-09-22 22:47:09,424] Trial 19 finished with value: 0.3545627344531425 and parameters: {'model_name': 'VAE', 'batch_size': 19, 'iterations': 1, 'learning_rate': 0.004056099307753131, 'p_miss': 0.28806551718739615}. Best is trial 6 with value: 0.3528166241383867.
running
[I 2024-09-22 22:47:13,413] Trial 24 finished with value: 0.355278627687046 and parameters: {'model_name': 'VAE', 'batch_size': 309, 'iterations': 1, 'learning_rate': 0.00023559985029106138, 'p_miss': 0.26002013690978515}. Best is trial 6 with value: 0.3528166241383867.
running
[I 2024-09-22 22:47:14,916] Trial 21 finished with value: 0.36766862518443955 and parameters: {'model_name': 'IterativeImputer', 'estimator': 'Ridge', 'initial_strategy': 'constant', 'n_nearest_features': 10, 'imputation_order': 'roman'}. Best is trial 6 with value: 0.3528166241383867.
running
[I 2024-09-22 22:47:27,742] Trial 11 finished with value: 0.5428189265315252 and parameters: {'model_name': 'GAIN', 'batch_size': 448, 'hint_rate': 0.4112806770064332, 'alpha': 97, 'iterations': 15, 'learning_rate': 0.0002267046283762268, 'p_miss': 0.21763469960680815}. Best is trial 6 with value: 0.3528166241383867.
running
[I 2024-09-22 22:47:49,187] Trial 5 finished with value: 0.39454116124852723 and parameters: {'model_name': 'KNNImputer', 'n_neighbors': 6571, 'weights': 'distance'}. Best is trial 6 with value: 0.3528166241383867.
running
[I 2024-09-22 22:47:49,519] Trial 8 finished with value: 0.394545377293987 and parameters: {'model_name': 'KNNImputer', 'n_neighbors': 7151, 'weights': 'distance'}. Best is trial 6 with value: 0.3528166241383867.
running
[I 2024-09-22 22:47:56,034] Trial 13 finished with value: 0.39456463950657505 and parameters: {'model_name': 'KNNImputer', 'n_neighbors': 11948, 'weights': 'distance'}. Best is trial 6 with value: 0.3528166241383867.
running
[I 2024-09-22 22:48:02,568] Trial 23 finished with value: 0.39455749884142854 and parameters: {'model_name': 'KNNImputer', 'n_neighbors': 9375, 'weights': 'distance'}. Best is trial 6 with value: 0.3528166241383867.
running
[I 2024-09-22 22:48:11,935] Trial 25 finished with value: 0.3677614064423513 and parameters: {'model_name': 'IterativeImputer', 'estimator': 'Ridge', 'initial_strategy': 'constant', 'n_nearest_features': 8, 'imputation_order': 'descending'}. Best is trial 6 with value: 0.3528166241383867.
running
[I 2024-09-22 22:48:16,660] Trial 32 finished with value: 0.36082292080718836 and parameters: {'model_name': 'VAE', 'batch_size': 17, 'iterations': 1, 'learning_rate': 0.050042974141263734, 'p_miss': 0.04282158107086126}. Best is trial 6 with value: 0.3528166241383867.
running
[I 2024-09-22 22:48:30,002] Trial 3 finished with value: 0.3976899326005209 and parameters: {'model_name': 'IterativeImputer', 'estimator': 'KNN', 'initial_strategy': 'mean', 'n_nearest_features': 3, 'imputation_order': 'arabic'}. Best is trial 6 with value: 0.3528166241383867.
running
[I 2024-09-22 22:48:38,680] Trial 22 finished with value: 0.400591948699379 and parameters: {'model_name': 'IterativeImputer', 'estimator': 'KNN', 'initial_strategy': 'constant', 'n_nearest_features': 3, 'imputation_order': 'descending'}. Best is trial 6 with value: 0.3528166241383867.
running
[I 2024-09-22 22:48:42,810] Trial 12 finished with value: 0.36754151269364144 and parameters: {'model_name': 'IterativeImputer', 'estimator': 'Bayesian', 'initial_strategy': 'mean', 'n_nearest_features': 8, 'imputation_order': 'roman', 'sample_posterior': False}. Best is trial 6 with value: 0.3528166241383867.
running
[I 2024-09-22 22:48:44,451] Trial 2 finished with value: 0.3941553506982315 and parameters: {'model_name': 'IterativeImputer', 'estimator': 'KNN', 'initial_strategy': 'mean', 'n_nearest_features': 2, 'imputation_order': 'random'}. Best is trial 6 with value: 0.3528166241383867.
running
[I 2024-09-22 22:48:49,255] Trial 36 finished with value: 0.35356543257674844 and parameters: {'model_name': 'VAE', 'batch_size': 408, 'iterations': 1, 'learning_rate': 0.00014315079340795962, 'p_miss': 0.2923323644224044}. Best is trial 6 with value: 0.3528166241383867.
running
[I 2024-09-22 22:48:52,811] Trial 37 finished with value: 0.35222113149822887 and parameters: {'model_name': 'VAE', 'batch_size': 564, 'iterations': 1, 'learning_rate': 0.00017575130187456268, 'p_miss': 0.2910239932755668}. Best is trial 37 with value: 0.35222113149822887.
running
[I 2024-09-22 22:49:40,610] Trial 9 finished with value: 0.5431113810530572 and parameters: {'model_name': 'GAIN', 'batch_size': 217, 'hint_rate': 0.6014857460028078, 'alpha': 43, 'iterations': 117, 'learning_rate': 0.00043425056336260213, 'p_miss': 0.07531097440221188}. Best is trial 37 with value: 0.35222113149822887.
running
[I 2024-09-22 23:24:34,337] Trial 18 finished with value: 0.544203921873611 and parameters: {'model_name': 'GAIN', 'batch_size': 79, 'hint_rate': 0.7491169202933212, 'alpha': 67, 'iterations': 1561, 'learning_rate': 0.01209427184359831, 'p_miss': 0.28190697457695796}. Best is trial 37 with value: 0.35222113149822887.
running
[I 2024-09-22 23:25:35,541] Trial 41 finished with value: 0.35295906526657334 and parameters: {'model_name': 'VAE', 'batch_size': 889, 'iterations': 11, 'learning_rate': 0.00011153608015285648, 'p_miss': 0.29542059708485147}. Best is trial 37 with value: 0.35222113149822887.
running
[I 2024-09-22 23:26:30,707] Trial 27 finished with value: 0.3785544644061553 and parameters: {'model_name': 'VAE', 'batch_size': 15, 'iterations': 923, 'learning_rate': 0.07244060360693186, 'p_miss': 0.29582723362330376}. Best is trial 37 with value: 0.35222113149822887.
running
[I 2024-09-22 23:27:05,287] Trial 42 finished with value: 0.3517714006307394 and parameters: {'model_name': 'VAE', 'batch_size': 695, 'iterations': 13, 'learning_rate': 0.0010626649270930244, 'p_miss': 0.22600660419286578}. Best is trial 42 with value: 0.3517714006307394.
running
[I 2024-09-22 23:27:41,402] Trial 44 finished with value: 0.35528886482001043 and parameters: {'model_name': 'VAE', 'batch_size': 98, 'iterations': 9, 'learning_rate': 0.0008129503564169056, 'p_miss': 0.21562118947886239}. Best is trial 42 with value: 0.3517714006307394.
running
[I 2024-09-22 23:27:50,541] Trial 43 finished with value: 0.35136221597917733 and parameters: {'model_name': 'VAE', 'batch_size': 945, 'iterations': 11, 'learning_rate': 0.001114231932908383, 'p_miss': 0.22691043472745742}. Best is trial 43 with value: 0.35136221597917733.
running
[I 2024-09-22 23:32:48,066] Trial 46 finished with value: 0.35633204709395233 and parameters: {'model_name': 'VAE', 'batch_size': 996, 'iterations': 54, 'learning_rate': 0.0009344938393891627, 'p_miss': 0.15255533815873554}. Best is trial 43 with value: 0.35136221597917733.
running
[I 2024-09-22 23:33:16,540] Trial 47 finished with value: 0.35345767799960137 and parameters: {'model_name': 'VAE', 'batch_size': 887, 'iterations': 4, 'learning_rate': 0.0012486960782119054, 'p_miss': 0.23100670747536928}. Best is trial 43 with value: 0.35136221597917733.
running
[I 2024-09-22 23:34:34,562] Trial 45 finished with value: 0.36191613770194353 and parameters: {'model_name': 'VAE', 'batch_size': 982, 'iterations': 68, 'learning_rate': 0.001003774942753063, 'p_miss': 0.15157365927774902}. Best is trial 43 with value: 0.35136221597917733.
running
[I 2024-09-22 23:34:48,111] Trial 49 finished with value: 0.3550664282380088 and parameters: {'model_name': 'VAE', 'batch_size': 137, 'iterations': 3, 'learning_rate': 0.00037512481334726466, 'p_miss': 0.251056578456043}. Best is trial 43 with value: 0.35136221597917733.
running
[I 2024-09-22 23:36:01,844] Trial 48 finished with value: 0.36280476281048835 and parameters: {'model_name': 'VAE', 'batch_size': 147, 'iterations': 53, 'learning_rate': 0.0017542732543836825, 'p_miss': 0.15670165752778795}. Best is trial 43 with value: 0.35136221597917733.
running
[I 2024-09-22 23:36:41,477] Trial 50 finished with value: 0.3569766423933596 and parameters: {'model_name': 'VAE', 'batch_size': 359, 'iterations': 25, 'learning_rate': 0.0020128851288135673, 'p_miss': 0.1782762233047563}. Best is trial 43 with value: 0.35136221597917733.
running
[I 2024-09-22 23:45:29,663] Trial 17 finished with value: 0.3764431388509694 and parameters: {'model_name': 'VAE', 'batch_size': 226, 'iterations': 1265, 'learning_rate': 0.0012682249177339156, 'p_miss': 0.23784855152958645}. Best is trial 43 with value: 0.35136221597917733.
running
[I 2024-09-22 23:48:15,671] Trial 40 finished with value: 0.3635487095757479 and parameters: {'model_name': 'VAE', 'batch_size': 840, 'iterations': 743, 'learning_rate': 0.0001186069758880671, 'p_miss': 0.2936694898804174}. Best is trial 43 with value: 0.35136221597917733.
running
[I 2024-09-22 23:52:17,126] Trial 33 finished with value: 0.3786681778519699 and parameters: {'model_name': 'VAE', 'batch_size': 20, 'iterations': 1126, 'learning_rate': 0.002854750210617152, 'p_miss': 0.2954813872948254}. Best is trial 43 with value: 0.35136221597917733.
running
[I 2024-09-22 23:52:55,293] Trial 52 finished with value: 0.37073380886420165 and parameters: {'model_name': 'VAE', 'batch_size': 46, 'iterations': 296, 'learning_rate': 0.0004870744814692138, 'p_miss': 0.25964737901663515}. Best is trial 43 with value: 0.35136221597917733.
running
[I 2024-09-22 23:53:36,880] Trial 56 finished with value: 0.35442197523610297 and parameters: {'model_name': 'VAE', 'batch_size': 556, 'iterations': 7, 'learning_rate': 0.00011502698358288333, 'p_miss': 0.26235241811690974}. Best is trial 43 with value: 0.35136221597917733.
running
[I 2024-09-22 23:56:35,464] Trial 35 finished with value: 0.3820614461888853 and parameters: {'model_name': 'VAE', 'batch_size': 19, 'iterations': 1122, 'learning_rate': 0.0027277990337846738, 'p_miss': 0.2948381823015954}. Best is trial 43 with value: 0.35136221597917733.
running
[I 2024-09-22 23:58:35,090] Trial 58 finished with value: 0.35293599867586883 and parameters: {'model_name': 'VAE', 'batch_size': 542, 'iterations': 25, 'learning_rate': 0.0001913554431163566, 'p_miss': 0.27001934707916425}. Best is trial 43 with value: 0.35136221597917733.
running
[I 2024-09-22 23:59:20,523] Trial 59 finished with value: 0.5431182221673195 and parameters: {'model_name': 'GAIN', 'batch_size': 6, 'hint_rate': 0.04746398519525741, 'alpha': 4, 'iterations': 26, 'learning_rate': 0.0002365162720736089, 'p_miss': 0.2669896271628238}. Best is trial 43 with value: 0.35136221597917733.
running
[I 2024-09-22 23:59:46,329] Trial 60 finished with value: 0.37051622584270666 and parameters: {'model_name': 'KNNImputer', 'n_neighbors': 31910, 'weights': 'uniform'}. Best is trial 43 with value: 0.35136221597917733.
running
[I 2024-09-23 00:01:33,137] Trial 26 finished with value: 0.37812801451996286 and parameters: {'model_name': 'VAE', 'batch_size': 39, 'iterations': 1764, 'learning_rate': 0.0005860769659615742, 'p_miss': 0.28798900587450543}. Best is trial 43 with value: 0.35136221597917733.
running
[I 2024-09-23 00:01:34,594] Trial 62 finished with value: 0.54390855713485 and parameters: {'model_name': 'SimpleImputer', 'strategy': 'most_frequent'}. Best is trial 43 with value: 0.35136221597917733.
running
[I 2024-09-23 00:01:37,041] Trial 53 finished with value: 0.36719919861523 and parameters: {'model_name': 'VAE', 'batch_size': 4, 'iterations': 293, 'learning_rate': 0.0004706345259320376, 'p_miss': 0.25914371776894185}. Best is trial 43 with value: 0.35136221597917733.
running
[I 2024-09-23 00:01:48,688] Trial 64 finished with value: 0.544705931677476 and parameters: {'model_name': 'GAIN', 'batch_size': 547, 'hint_rate': 0.020554691679493586, 'alpha': 0, 'iterations': 2, 'learning_rate': 0.011771662519265175, 'p_miss': 0.19600091412325155}. Best is trial 43 with value: 0.35136221597917733.
running
[I 2024-09-23 00:01:49,268] Trial 63 finished with value: 0.35418791721413473 and parameters: {'model_name': 'VAE', 'batch_size': 509, 'iterations': 2, 'learning_rate': 0.00024121320471410127, 'p_miss': 0.24068126730672937}. Best is trial 43 with value: 0.35136221597917733.
running
[I 2024-09-23 00:01:57,264] Trial 65 finished with value: 0.35607021275183803 and parameters: {'model_name': 'VAE', 'batch_size': 1, 'iterations': 2, 'learning_rate': 0.00027266929726009644, 'p_miss': 0.23672844987188799}. Best is trial 43 with value: 0.35136221597917733.
running
[I 2024-09-23 00:02:30,759] Trial 66 finished with value: 0.35552772358681467 and parameters: {'model_name': 'VAE', 'batch_size': 613, 'iterations': 7, 'learning_rate': 0.00016855610587331935, 'p_miss': 0.273083824520972}. Best is trial 43 with value: 0.35136221597917733.
running
[I 2024-09-23 00:02:35,753] Trial 67 finished with value: 0.3532432272280457 and parameters: {'model_name': 'VAE', 'batch_size': 240, 'iterations': 8, 'learning_rate': 0.00014282480502176239, 'p_miss': 0.2736015855703348}. Best is trial 43 with value: 0.35136221597917733.
running
[I 2024-09-23 00:02:48,330] Trial 54 finished with value: 0.3737072792239052 and parameters: {'model_name': 'VAE', 'batch_size': 65, 'iterations': 246, 'learning_rate': 0.0005371878813348202, 'p_miss': 0.261416042267516}. Best is trial 43 with value: 0.35136221597917733.
running
[I 2024-09-23 00:02:50,464] Trial 55 finished with value: 0.357251184825797 and parameters: {'model_name': 'VAE', 'batch_size': 4, 'iterations': 211, 'learning_rate': 0.0005015023427819796, 'p_miss': 0.2605080868563616}. Best is trial 43 with value: 0.35136221597917733.
running
[I 2024-09-23 00:03:08,818] Trial 69 finished with value: 0.37042795011014673 and parameters: {'model_name': 'KNNImputer', 'n_neighbors': 23724, 'weights': 'uniform'}. Best is trial 43 with value: 0.35136221597917733.
running
[I 2024-09-23 00:03:10,475] Trial 72 finished with value: 0.54390855713485 and parameters: {'model_name': 'SimpleImputer', 'strategy': 'most_frequent'}. Best is trial 43 with value: 0.35136221597917733.
running
[I 2024-09-23 00:03:18,240] Trial 71 finished with value: 0.37051622584270666 and parameters: {'model_name': 'KNNImputer', 'n_neighbors': 26346, 'weights': 'uniform'}. Best is trial 43 with value: 0.35136221597917733.
running
[I 2024-09-23 00:03:18,418] Trial 70 finished with value: 0.3705168696611403 and parameters: {'model_name': 'KNNImputer', 'n_neighbors': 24789, 'weights': 'uniform'}. Best is trial 43 with value: 0.35136221597917733.
running
[I 2024-09-23 00:03:43,680] Trial 68 finished with value: 0.3524401615462651 and parameters: {'model_name': 'VAE', 'batch_size': 243, 'iterations': 16, 'learning_rate': 0.00010739048475593151, 'p_miss': 0.20589794707565426}. Best is trial 43 with value: 0.35136221597917733.
running
[I 2024-09-23 00:19:32,643] Trial 38 finished with value: 0.3767246613079581 and parameters: {'model_name': 'VAE', 'batch_size': 32, 'iterations': 1612, 'learning_rate': 0.00014172786565019483, 'p_miss': 0.2965605045422021}. Best is trial 43 with value: 0.35136221597917733.
running
[I 2024-09-23 00:22:17,473] Trial 29 finished with value: 0.38180000310230183 and parameters: {'model_name': 'VAE', 'batch_size': 16, 'iterations': 1784, 'learning_rate': 0.08264274335222992, 'p_miss': 0.29778185344887814}. Best is trial 43 with value: 0.35136221597917733.
running
[I 2024-09-23 00:24:29,636] Trial 34 finished with value: 0.3802551897667705 and parameters: {'model_name': 'VAE', 'batch_size': 31, 'iterations': 1750, 'learning_rate': 0.002549143140434795, 'p_miss': 0.2995378420262364}. Best is trial 43 with value: 0.35136221597917733.
running
[I 2024-09-23 00:40:18,177] Trial 39 finished with value: 0.3734652967420848 and parameters: {'model_name': 'VAE', 'batch_size': 936, 'iterations': 1135, 'learning_rate': 0.00010576825128188893, 'p_miss': 0.2931884529308198}. Best is trial 43 with value: 0.35136221597917733.
running
[I 2024-09-23 00:49:18,651] Trial 75 finished with value: 0.3790160782067844 and parameters: {'model_name': 'IterativeImputer', 'estimator': 'RFR', 'initial_strategy': 'most_frequent', 'n_nearest_features': 6, 'imputation_order': 'ascending'}. Best is trial 43 with value: 0.35136221597917733.
running
[I 2024-09-23 00:49:44,252] Trial 76 finished with value: 0.37928588280008924 and parameters: {'model_name': 'IterativeImputer', 'estimator': 'RFR', 'initial_strategy': 'most_frequent', 'n_nearest_features': 6, 'imputation_order': 'ascending'}. Best is trial 43 with value: 0.35136221597917733.
running
[I 2024-09-23 00:49:53,209] Trial 74 finished with value: 0.3811323468331035 and parameters: {'model_name': 'IterativeImputer', 'estimator': 'RFR', 'initial_strategy': 'median', 'n_nearest_features': 6, 'imputation_order': 'ascending'}. Best is trial 43 with value: 0.35136221597917733.
running
[I 2024-09-23 00:50:13,452] Trial 81 finished with value: 0.3530910781866808 and parameters: {'model_name': 'VAE', 'batch_size': 279, 'iterations': 16, 'learning_rate': 0.00030470443278957153, 'p_miss': 0.2113512277349562}. Best is trial 43 with value: 0.35136221597917733.
running
[I 2024-09-23 00:50:20,148] Trial 73 finished with value: 0.3809111588822539 and parameters: {'model_name': 'IterativeImputer', 'estimator': 'RFR', 'initial_strategy': 'most_frequent', 'n_nearest_features': 6, 'imputation_order': 'ascending'}. Best is trial 43 with value: 0.35136221597917733.
running
[I 2024-09-23 00:50:40,744] Trial 82 finished with value: 0.35257704018372193 and parameters: {'model_name': 'VAE', 'batch_size': 278, 'iterations': 15, 'learning_rate': 0.00031733494833535475, 'p_miss': 0.20779499058439807}. Best is trial 43 with value: 0.35136221597917733.
running
[I 2024-09-23 00:50:48,901] Trial 28 finished with value: 0.3837211326489413 and parameters: {'model_name': 'VAE', 'batch_size': 17, 'iterations': 2030, 'learning_rate': 0.05124195122552525, 'p_miss': 0.29450085075631816}. Best is trial 43 with value: 0.35136221597917733.
running
[I 2024-09-23 00:51:16,641] Trial 85 finished with value: 0.54130397433485 and parameters: {'model_name': 'GAIN', 'batch_size': 623, 'hint_rate': 0.9473994267343644, 'alpha': 100, 'iterations': 28, 'learning_rate': 0.00017856380648650198, 'p_miss': 0.19474900379684407}. Best is trial 43 with value: 0.35136221597917733.
running
[I 2024-09-23 00:51:25,317] Trial 83 finished with value: 0.3526009932976787 and parameters: {'model_name': 'VAE', 'batch_size': 288, 'iterations': 19, 'learning_rate': 0.00032715774482098284, 'p_miss': 0.2141798960306052}. Best is trial 43 with value: 0.35136221597917733.
running
[I 2024-09-23 00:51:39,084] Trial 87 finished with value: 0.3553861632571166 and parameters: {'model_name': 'VAE', 'batch_size': 199, 'iterations': 16, 'learning_rate': 0.00018308010870126258, 'p_miss': 0.18855592843244032}. Best is trial 43 with value: 0.35136221597917733.
running
[I 2024-09-23 00:51:50,903] Trial 86 finished with value: 0.3520376300034311 and parameters: {'model_name': 'VAE', 'batch_size': 649, 'iterations': 16, 'learning_rate': 0.00018676087206773162, 'p_miss': 0.19247094906646595}. Best is trial 43 with value: 0.35136221597917733.
running
[I 2024-09-23 00:52:13,000] Trial 88 finished with value: 0.35481316922198414 and parameters: {'model_name': 'VAE', 'batch_size': 178, 'iterations': 16, 'learning_rate': 0.00018893990378752472, 'p_miss': 0.22532230564515748}. Best is trial 43 with value: 0.35136221597917733.
running
[I 2024-09-23 00:52:39,467] Trial 92 finished with value: 0.35508522072616133 and parameters: {'model_name': 'VAE', 'batch_size': 306, 'iterations': 5, 'learning_rate': 0.00038521390304302455, 'p_miss': 0.17817987692811177}. Best is trial 43 with value: 0.35136221597917733.
running
[I 2024-09-23 00:52:40,631] Trial 93 finished with value: 0.54390855713485 and parameters: {'model_name': 'SimpleImputer', 'strategy': 'median'}. Best is trial 43 with value: 0.35136221597917733.
running
[I 2024-09-23 00:53:02,373] Trial 94 finished with value: 0.35327278442633964 and parameters: {'model_name': 'VAE', 'batch_size': 404, 'iterations': 5, 'learning_rate': 0.0007023748264854466, 'p_miss': 0.17444388682155212}. Best is trial 43 with value: 0.35136221597917733.
running
[I 2024-09-23 00:54:19,961] Trial 91 finished with value: 0.3511722185821964 and parameters: {'model_name': 'VAE', 'batch_size': 334, 'iterations': 42, 'learning_rate': 0.0003105134038255595, 'p_miss': 0.16944934529306713}. Best is trial 91 with value: 0.3511722185821964.
running
[I 2024-09-23 00:54:55,944] Trial 90 finished with value: 0.3521301314493251 and parameters: {'model_name': 'VAE', 'batch_size': 357, 'iterations': 39, 'learning_rate': 0.0003721665767455834, 'p_miss': 0.22152499094167977}. Best is trial 91 with value: 0.3511722185821964.
running
[I 2024-09-23 00:56:50,262] Trial 96 finished with value: 0.35274114513246174 and parameters: {'model_name': 'VAE', 'batch_size': 307, 'iterations': 40, 'learning_rate': 0.0003280301255267318, 'p_miss': 0.20673771845347683}. Best is trial 91 with value: 0.3511722185821964.
running
[I 2024-09-23 01:02:30,782] Trial 30 finished with value: 0.38249277913592133 and parameters: {'model_name': 'VAE', 'batch_size': 15, 'iterations': 2865, 'learning_rate': 0.060429215214970654, 'p_miss': 0.2995783439639623}. Best is trial 91 with value: 0.3511722185821964.
running
[I 2024-09-23 01:05:35,900] Trial 77 finished with value: 0.3800404332635938 and parameters: {'model_name': 'IterativeImputer', 'estimator': 'RFR', 'initial_strategy': 'median', 'n_nearest_features': 6, 'imputation_order': 'ascending'}. Best is trial 91 with value: 0.3511722185821964.
running
[I 2024-09-23 01:06:19,393] Trial 98 finished with value: 0.37591597654531733 and parameters: {'model_name': 'VAE', 'batch_size': 668, 'iterations': 96, 'learning_rate': 0.004133832628865188, 'p_miss': 0.22348591170036938}. Best is trial 91 with value: 0.3511722185821964.
running
[I 2024-09-23 01:08:38,046] Trial 100 finished with value: 0.3523531918043977 and parameters: {'model_name': 'VAE', 'batch_size': 411, 'iterations': 35, 'learning_rate': 0.0003103732765508011, 'p_miss': 0.22159942595833373}. Best is trial 91 with value: 0.3511722185821964.
running
[I 2024-09-23 01:09:12,583] Trial 101 finished with value: 0.352614551244215 and parameters: {'model_name': 'VAE', 'batch_size': 422, 'iterations': 38, 'learning_rate': 0.0006791590930273825, 'p_miss': 0.20837675398524239}. Best is trial 91 with value: 0.3511722185821964.
running
[I 2024-09-23 01:09:57,758] Trial 78 finished with value: 0.38043752121256186 and parameters: {'model_name': 'IterativeImputer', 'estimator': 'RFR', 'initial_strategy': 'median', 'n_nearest_features': 6, 'imputation_order': 'ascending'}. Best is trial 91 with value: 0.3511722185821964.
running
[I 2024-09-23 01:10:57,552] Trial 104 finished with value: 0.3548301672871808 and parameters: {'model_name': 'VAE', 'batch_size': 724, 'iterations': 11, 'learning_rate': 0.00024823690574133386, 'p_miss': 0.12254952913340711}. Best is trial 91 with value: 0.3511722185821964.
running
[I 2024-09-23 01:11:25,032] Trial 79 finished with value: 0.379827103030537 and parameters: {'model_name': 'IterativeImputer', 'estimator': 'RFR', 'initial_strategy': 'most_frequent', 'n_nearest_features': 6, 'imputation_order': 'ascending'}. Best is trial 91 with value: 0.3511722185821964.
running
[I 2024-09-23 01:12:40,206] Trial 106 finished with value: 0.3532255221013084 and parameters: {'model_name': 'VAE', 'batch_size': 243, 'iterations': 18, 'learning_rate': 0.00032232539643695996, 'p_miss': 0.24446409995633112}. Best is trial 91 with value: 0.3511722185821964.
running
[I 2024-09-23 01:15:05,276] Trial 107 finished with value: 0.35169486285207746 and parameters: {'model_name': 'VAE', 'batch_size': 402, 'iterations': 38, 'learning_rate': 0.0004029499878717868, 'p_miss': 0.2196055546592256}. Best is trial 91 with value: 0.3511722185821964.
running
[I 2024-09-23 01:17:52,301] Trial 108 finished with value: 0.3508238931597917 and parameters: {'model_name': 'VAE', 'batch_size': 422, 'iterations': 34, 'learning_rate': 0.0006300484921174569, 'p_miss': 0.2013462823417935}. Best is trial 108 with value: 0.3508238931597917.
running
[I 2024-09-23 01:18:19,825] Trial 105 finished with value: 0.3536791222415081 and parameters: {'model_name': 'VAE', 'batch_size': 429, 'iterations': 111, 'learning_rate': 0.0003790956985223329, 'p_miss': 0.24493856873239997}. Best is trial 108 with value: 0.3508238931597917.
running
[I 2024-09-23 01:19:35,956] Trial 103 finished with value: 0.3534749394968871 and parameters: {'model_name': 'VAE', 'batch_size': 419, 'iterations': 131, 'learning_rate': 0.0002602938291062981, 'p_miss': 0.10146877635292209}. Best is trial 108 with value: 0.3508238931597917.
running
[I 2024-09-23 01:22:52,809] Trial 110 finished with value: 0.35798574118379106 and parameters: {'model_name': 'VAE', 'batch_size': 752, 'iterations': 38, 'learning_rate': 0.001193560338805503, 'p_miss': 0.2240578008260415}. Best is trial 108 with value: 0.3508238931597917.
running
[I 2024-09-23 01:23:00,668] Trial 111 finished with value: 0.35507264664600147 and parameters: {'model_name': 'VAE', 'batch_size': 815, 'iterations': 38, 'learning_rate': 0.0012527653283016672, 'p_miss': 0.1861141213601546}. Best is trial 108 with value: 0.3508238931597917.
running
[I 2024-09-23 01:26:43,066] Trial 109 finished with value: 0.36138058539935863 and parameters: {'model_name': 'VAE', 'batch_size': 412, 'iterations': 102, 'learning_rate': 0.0006235863271566126, 'p_miss': 0.2257501341432975}. Best is trial 108 with value: 0.3508238931597917.
running
[I 2024-09-23 01:27:36,068] Trial 113 finished with value: 0.3545756351773751 and parameters: {'model_name': 'VAE', 'batch_size': 358, 'iterations': 66, 'learning_rate': 0.0006810655151591457, 'p_miss': 0.16178753500100765}. Best is trial 108 with value: 0.3508238931597917.
running
[I 2024-09-23 01:28:25,669] Trial 112 finished with value: 0.35585593393204745 and parameters: {'model_name': 'VAE', 'batch_size': 349, 'iterations': 71, 'learning_rate': 0.0006478658409679122, 'p_miss': 0.18804388185919002}. Best is trial 108 with value: 0.3508238931597917.
running
[I 2024-09-23 01:29:02,257] Trial 115 finished with value: 0.5446199777146024 and parameters: {'model_name': 'GAIN', 'batch_size': 155, 'hint_rate': 0.3090840402853622, 'alpha': 67, 'iterations': 49, 'learning_rate': 0.000892725874560907, 'p_miss': 0.2004739355700519}. Best is trial 108 with value: 0.3508238931597917.
running
[I 2024-09-23 01:29:04,274] Trial 80 finished with value: 0.38006776403991016 and parameters: {'model_name': 'IterativeImputer', 'estimator': 'RFR', 'initial_strategy': 'median', 'n_nearest_features': 6, 'imputation_order': 'ascending'}. Best is trial 108 with value: 0.3508238931597917.
running
[I 2024-09-23 01:29:13,487] Trial 116 finished with value: 0.3527455375431404 and parameters: {'model_name': 'VAE', 'batch_size': 171, 'iterations': 11, 'learning_rate': 0.00014609795261887311, 'p_miss': 0.20440192684348124}. Best is trial 108 with value: 0.3508238931597917.
running
[I 2024-09-23 01:30:03,231] Trial 118 finished with value: 0.3513648967972268 and parameters: {'model_name': 'VAE', 'batch_size': 536, 'iterations': 12, 'learning_rate': 0.00042482172038423466, 'p_miss': 0.16741265899059662}. Best is trial 108 with value: 0.3508238931597917.
running
[I 2024-09-23 01:30:07,609] Trial 117 finished with value: 0.3512903693705415 and parameters: {'model_name': 'VAE', 'batch_size': 492, 'iterations': 12, 'learning_rate': 0.0004063527801393601, 'p_miss': 0.206927612698144}. Best is trial 108 with value: 0.3508238931597917.
running
[I 2024-09-23 01:30:19,734] Trial 114 finished with value: 0.3563184257265037 and parameters: {'model_name': 'VAE', 'batch_size': 134, 'iterations': 64, 'learning_rate': 0.0008630751618501789, 'p_miss': 0.1648940847510878}. Best is trial 108 with value: 0.3508238931597917.
running
[I 2024-09-23 01:31:23,977] Trial 119 finished with value: 0.35141735076799285 and parameters: {'model_name': 'VAE', 'batch_size': 523, 'iterations': 23, 'learning_rate': 0.00040635234679146356, 'p_miss': 0.1682710237835217}. Best is trial 108 with value: 0.3508238931597917.
running
[I 2024-09-23 01:31:55,535] Trial 121 finished with value: 0.3511837879112094 and parameters: {'model_name': 'VAE', 'batch_size': 506, 'iterations': 29, 'learning_rate': 0.00045552537998743667, 'p_miss': 0.16589759291688877}. Best is trial 108 with value: 0.3508238931597917.
running
[I 2024-09-23 01:32:24,181] Trial 122 finished with value: 0.3516838984539782 and parameters: {'model_name': 'VAE', 'batch_size': 530, 'iterations': 24, 'learning_rate': 0.00042082761874158745, 'p_miss': 0.13965877208788244}. Best is trial 108 with value: 0.3508238931597917.
running
[I 2024-09-23 01:32:25,178] Trial 125 finished with value: 0.37051622584270666 and parameters: {'model_name': 'SimpleImputer', 'strategy': 'mean'}. Best is trial 108 with value: 0.3508238931597917.
running
[I 2024-09-23 01:33:31,787] Trial 124 finished with value: 0.35202328899127977 and parameters: {'model_name': 'VAE', 'batch_size': 510, 'iterations': 22, 'learning_rate': 0.00043648821538138326, 'p_miss': 0.1690367978160001}. Best is trial 108 with value: 0.3508238931597917.
running
[I 2024-09-23 01:34:24,248] Trial 126 finished with value: 0.3527564410021926 and parameters: {'model_name': 'VAE', 'batch_size': 505, 'iterations': 23, 'learning_rate': 0.0004168048006215258, 'p_miss': 0.14528461229774742}. Best is trial 108 with value: 0.3508238931597917.
running
[I 2024-09-23 01:35:23,011] Trial 128 finished with value: 0.3516186150407362 and parameters: {'model_name': 'VAE', 'batch_size': 696, 'iterations': 12, 'learning_rate': 0.0005283976490658625, 'p_miss': 0.13494276481495263}. Best is trial 108 with value: 0.3508238931597917.
running
[I 2024-09-23 01:35:30,718] Trial 127 finished with value: 0.35346059258522533 and parameters: {'model_name': 'VAE', 'batch_size': 517, 'iterations': 22, 'learning_rate': 0.00045553375373627965, 'p_miss': 0.1314618690921641}. Best is trial 108 with value: 0.3508238931597917.
running
[I 2024-09-23 01:36:40,881] Trial 129 finished with value: 0.3528088459579881 and parameters: {'model_name': 'VAE', 'batch_size': 722, 'iterations': 12, 'learning_rate': 0.0005076804818298741, 'p_miss': 0.1378406340436247}. Best is trial 108 with value: 0.3508238931597917.
running
[I 2024-09-23 01:36:42,302] Trial 130 finished with value: 0.3515297635916448 and parameters: {'model_name': 'VAE', 'batch_size': 850, 'iterations': 12, 'learning_rate': 0.0005356174083508357, 'p_miss': 0.13429666933076057}. Best is trial 108 with value: 0.3508238931597917.
running
[I 2024-09-23 01:37:43,409] Trial 132 finished with value: 0.3513608680755249 and parameters: {'model_name': 'VAE', 'batch_size': 976, 'iterations': 9, 'learning_rate': 0.0016586195654759391, 'p_miss': 0.11164230902531916}. Best is trial 108 with value: 0.3508238931597917.
running
[I 2024-09-23 01:39:25,753] Trial 133 finished with value: 0.3537456234198554 and parameters: {'model_name': 'VAE', 'batch_size': 980, 'iterations': 10, 'learning_rate': 0.0018503886086943327, 'p_miss': 0.1095396432150875}. Best is trial 108 with value: 0.3508238931597917.
running
[I 2024-09-23 01:39:57,030] Trial 134 finished with value: 0.3534079539159284 and parameters: {'model_name': 'VAE', 'batch_size': 828, 'iterations': 6, 'learning_rate': 0.0006015220782123582, 'p_miss': 0.11880274928932621}. Best is trial 108 with value: 0.3508238931597917.
running
[I 2024-09-23 01:40:33,159] Trial 131 finished with value: 0.35288858428401354 and parameters: {'model_name': 'VAE', 'batch_size': 999, 'iterations': 30, 'learning_rate': 0.00054448413193666, 'p_miss': 0.17223721465203512}. Best is trial 108 with value: 0.3508238931597917.
running
[I 2024-09-23 01:40:43,818] Trial 135 finished with value: 0.3520282907004237 and parameters: {'model_name': 'VAE', 'batch_size': 630, 'iterations': 8, 'learning_rate': 0.001645149837585422, 'p_miss': 0.14281353300160635}. Best is trial 108 with value: 0.3508238931597917.
running
[I 2024-09-23 01:41:21,191] Trial 136 finished with value: 0.3538870596862279 and parameters: {'model_name': 'VAE', 'batch_size': 657, 'iterations': 12, 'learning_rate': 0.0007583637904362684, 'p_miss': 0.08576550416888402}. Best is trial 108 with value: 0.3508238931597917.
running
[I 2024-09-23 01:42:34,703] Trial 137 finished with value: 0.3532933722220202 and parameters: {'model_name': 'VAE', 'batch_size': 737, 'iterations': 12, 'learning_rate': 0.001027471393259094, 'p_miss': 0.09032192391520394}. Best is trial 108 with value: 0.3508238931597917.
running
[I 2024-09-23 01:42:50,616] Trial 138 finished with value: 0.3519433314739124 and parameters: {'model_name': 'VAE', 'batch_size': 787, 'iterations': 13, 'learning_rate': 0.0010734798500161445, 'p_miss': 0.15599823032420798}. Best is trial 108 with value: 0.3508238931597917.
running
[I 2024-09-23 01:42:56,260] Trial 139 finished with value: 0.3693186001038199 and parameters: {'model_name': 'KNNImputer', 'n_neighbors': 90, 'weights': 'uniform'}. Best is trial 108 with value: 0.3508238931597917.
running
[I 2024-09-23 01:43:12,998] Trial 140 finished with value: 0.3677609614947644 and parameters: {'model_name': 'KNNImputer', 'n_neighbors': 654, 'weights': 'uniform'}. Best is trial 108 with value: 0.3508238931597917.
running
[I 2024-09-23 01:45:07,797] Trial 142 finished with value: 0.3534297854673013 and parameters: {'model_name': 'VAE', 'batch_size': 473, 'iterations': 20, 'learning_rate': 0.0014582804373955874, 'p_miss': 0.13282415711973686}. Best is trial 108 with value: 0.3508238931597917.
running
[I 2024-09-23 01:45:42,380] Trial 141 finished with value: 0.3507795269212787 and parameters: {'model_name': 'VAE', 'batch_size': 508, 'iterations': 30, 'learning_rate': 0.0005368743809332804, 'p_miss': 0.12573634517515017}. Best is trial 141 with value: 0.3507795269212787.
running
[I 2024-09-23 01:46:10,500] Trial 143 finished with value: 0.35246575723374957 and parameters: {'model_name': 'VAE', 'batch_size': 589, 'iterations': 9, 'learning_rate': 0.0005629007635812928, 'p_miss': 0.14762492640455308}. Best is trial 141 with value: 0.3507795269212787.
running
[I 2024-09-23 01:46:43,027] Trial 144 finished with value: 0.5462730638361241 and parameters: {'model_name': 'GAIN', 'batch_size': 560, 'hint_rate': 0.2065393980500686, 'alpha': 24, 'iterations': 29, 'learning_rate': 0.002338321636841228, 'p_miss': 0.14218977912243133}. Best is trial 141 with value: 0.3507795269212787.
running
[I 2024-09-23 01:47:09,539] Trial 145 finished with value: 0.5444759153515345 and parameters: {'model_name': 'GAIN', 'batch_size': 481, 'hint_rate': 0.22978705334527072, 'alpha': 27, 'iterations': 28, 'learning_rate': 0.0004678359776369282, 'p_miss': 0.11635082634297186}. Best is trial 141 with value: 0.3507795269212787.
running
[I 2024-09-23 01:51:44,113] Trial 146 finished with value: 0.3538677989054827 and parameters: {'model_name': 'VAE', 'batch_size': 861, 'iterations': 52, 'learning_rate': 0.0007852414450647634, 'p_miss': 0.12497247901781279}. Best is trial 141 with value: 0.3507795269212787.
running
[I 2024-09-23 01:52:21,431] Trial 148 finished with value: 0.352643803675213 and parameters: {'model_name': 'VAE', 'batch_size': 653, 'iterations': 6, 'learning_rate': 0.00038780367625078105, 'p_miss': 0.13082867898988781}. Best is trial 141 with value: 0.3507795269212787.
running
[I 2024-09-23 01:52:30,972] Trial 147 finished with value: 0.3543686534590554 and parameters: {'model_name': 'VAE', 'batch_size': 840, 'iterations': 53, 'learning_rate': 0.0007792072970213093, 'p_miss': 0.12592738966183578}. Best is trial 141 with value: 0.3507795269212787.
running
[I 2024-09-23 01:53:35,178] Trial 149 finished with value: 0.3524952078955976 and parameters: {'model_name': 'VAE', 'batch_size': 871, 'iterations': 14, 'learning_rate': 0.0005302781465088242, 'p_miss': 0.163090060222698}. Best is trial 141 with value: 0.3507795269212787.
running
[I 2024-09-23 01:55:09,316] Trial 151 finished with value: 0.3518788263515956 and parameters: {'model_name': 'VAE', 'batch_size': 340, 'iterations': 19, 'learning_rate': 0.001462793287000863, 'p_miss': 0.23524927649921823}. Best is trial 141 with value: 0.3507795269212787.
running
[I 2024-09-23 01:55:40,992] Trial 152 finished with value: 0.3522102085809834 and parameters: {'model_name': 'VAE', 'batch_size': 596, 'iterations': 8, 'learning_rate': 0.00028277958116218395, 'p_miss': 0.15159078923355848}. Best is trial 141 with value: 0.3507795269212787.
running
[I 2024-09-23 02:08:40,338] Trial 15 finished with value: 0.44307380999080026 and parameters: {'model_name': 'VAE', 'batch_size': 1, 'iterations': 4066, 'learning_rate': 0.014008573861853424, 'p_miss': 0.020207792512531554}. Best is trial 141 with value: 0.3507795269212787.
running
[I 2024-09-23 02:11:21,381] Trial 154 finished with value: 0.35367330286007925 and parameters: {'model_name': 'VAE', 'batch_size': 459, 'iterations': 32, 'learning_rate': 0.00036580055761196723, 'p_miss': 0.10602734390160268}. Best is trial 141 with value: 0.3507795269212787.
running
[I 2024-09-23 02:13:11,958] Trial 155 finished with value: 0.3531217766245363 and parameters: {'model_name': 'VAE', 'batch_size': 688, 'iterations': 24, 'learning_rate': 0.00021939351053014403, 'p_miss': 0.17915390079528593}. Best is trial 141 with value: 0.3507795269212787.
running
[I 2024-09-23 02:14:41,618] Trial 156 finished with value: 0.351140587777071 and parameters: {'model_name': 'VAE', 'batch_size': 332, 'iterations': 19, 'learning_rate': 0.0013813854275512396, 'p_miss': 0.23451024753512503}. Best is trial 141 with value: 0.3507795269212787.
running
[I 2024-09-23 02:15:26,204] Trial 157 finished with value: 0.35423510236589284 and parameters: {'model_name': 'VAE', 'batch_size': 391, 'iterations': 10, 'learning_rate': 0.00043764110817571834, 'p_miss': 0.23118499755771282}. Best is trial 141 with value: 0.3507795269212787.
running
[I 2024-09-23 02:17:54,131] Trial 158 finished with value: 0.35222299127053447 and parameters: {'model_name': 'VAE', 'batch_size': 268, 'iterations': 45, 'learning_rate': 0.0005996609034538598, 'p_miss': 0.031126876532191594}. Best is trial 141 with value: 0.3507795269212787.
running
[I 2024-09-23 02:17:55,635] Trial 159 finished with value: 0.54390855713485 and parameters: {'model_name': 'SimpleImputer', 'strategy': 'median'}. Best is trial 141 with value: 0.3507795269212787.
running
[I 2024-09-23 02:19:11,820] Trial 160 finished with value: 0.3523894556802953 and parameters: {'model_name': 'VAE', 'batch_size': 210, 'iterations': 16, 'learning_rate': 0.0010678033108604138, 'p_miss': 0.13738589034566098}. Best is trial 141 with value: 0.3507795269212787.
running
[I 2024-09-23 02:19:44,410] Trial 161 finished with value: 0.35340738325384785 and parameters: {'model_name': 'VAE', 'batch_size': 465, 'iterations': 4, 'learning_rate': 0.0014807770967806804, 'p_miss': 0.16043183477647244}. Best is trial 141 with value: 0.3507795269212787.
running
[I 2024-09-23 02:21:32,857] Trial 162 finished with value: 0.3554980618521989 and parameters: {'model_name': 'VAE', 'batch_size': 339, 'iterations': 18, 'learning_rate': 0.0022962169486502606, 'p_miss': 0.25222313526415163}. Best is trial 141 with value: 0.3507795269212787.
running
[I 2024-09-23 02:22:22,356] Trial 163 finished with value: 0.3541582204021131 and parameters: {'model_name': 'VAE', 'batch_size': 8, 'iterations': 14, 'learning_rate': 0.0004926642684438844, 'p_miss': 0.21598377224672682}. Best is trial 141 with value: 0.3507795269212787.
running
[I 2024-09-23 02:29:29,341] Trial 164 finished with value: 0.3526730871544329 and parameters: {'model_name': 'VAE', 'batch_size': 561, 'iterations': 81, 'learning_rate': 0.0003501997948567471, 'p_miss': 0.20000448787691355}. Best is trial 141 with value: 0.3507795269212787.
running
[I 2024-09-23 02:30:19,437] Trial 165 finished with value: 0.35470445018977514 and parameters: {'model_name': 'VAE', 'batch_size': 733, 'iterations': 7, 'learning_rate': 0.00041005619884678567, 'p_miss': 0.22963874164844197}. Best is trial 141 with value: 0.3507795269212787.
running
[I 2024-09-23 02:32:31,832] Trial 166 finished with value: 0.36330560292270614 and parameters: {'model_name': 'VAE', 'batch_size': 326, 'iterations': 20, 'learning_rate': 0.002989371647569326, 'p_miss': 0.23673603810879051}. Best is trial 141 with value: 0.3507795269212787.
running
[I 2024-09-23 02:34:56,999] Trial 167 finished with value: 0.3538608978361678 and parameters: {'model_name': 'VAE', 'batch_size': 395, 'iterations': 31, 'learning_rate': 0.0012356559330761894, 'p_miss': 0.23278189282700595}. Best is trial 141 with value: 0.3507795269212787.
running
[I 2024-09-23 02:37:31,888] Trial 168 finished with value: 0.3532883351406513 and parameters: {'model_name': 'VAE', 'batch_size': 553, 'iterations': 19, 'learning_rate': 0.0014953253535138196, 'p_miss': 0.18329820027596047}. Best is trial 141 with value: 0.3507795269212787.
running
[I 2024-09-23 02:39:47,190] Trial 169 finished with value: 0.37571733752572484 and parameters: {'model_name': 'VAE', 'batch_size': 322, 'iterations': 23, 'learning_rate': 0.0067705725433222196, 'p_miss': 0.11505321191304452}. Best is trial 141 with value: 0.3507795269212787.
running
[I 2024-09-23 02:41:01,659] Trial 170 finished with value: 0.3517134703625911 and parameters: {'model_name': 'VAE', 'batch_size': 482, 'iterations': 9, 'learning_rate': 0.002043864201855636, 'p_miss': 0.21537774086028838}. Best is trial 141 with value: 0.3507795269212787.
running
[I 2024-09-23 02:42:01,370] Trial 171 finished with value: 0.35292109293009005 and parameters: {'model_name': 'VAE', 'batch_size': 457, 'iterations': 9, 'learning_rate': 0.0020780450040714616, 'p_miss': 0.21217396838109315}. Best is trial 141 with value: 0.3507795269212787.
running
[I 2024-09-23 02:43:05,875] Trial 172 finished with value: 0.3535023927049223 and parameters: {'model_name': 'VAE', 'batch_size': 619, 'iterations': 14, 'learning_rate': 0.0002961372650350546, 'p_miss': 0.16666889932396095}. Best is trial 141 with value: 0.3507795269212787.
running
[I 2024-09-23 02:43:52,308] Trial 173 finished with value: 0.35521759229466404 and parameters: {'model_name': 'VAE', 'batch_size': 975, 'iterations': 6, 'learning_rate': 0.0006948877265426795, 'p_miss': 0.21820276046465065}. Best is trial 141 with value: 0.3507795269212787.
running
[I 2024-09-23 02:48:28,200] Trial 174 finished with value: 0.37563164646525893 and parameters: {'model_name': 'VAE', 'batch_size': 744, 'iterations': 43, 'learning_rate': 0.028151941816778818, 'p_miss': 0.14904308245153555}. Best is trial 141 with value: 0.3507795269212787.
running
[I 2024-09-23 02:49:51,697] Trial 175 finished with value: 0.35836380402800644 and parameters: {'model_name': 'VAE', 'batch_size': 496, 'iterations': 10, 'learning_rate': 0.003446329607654946, 'p_miss': 0.13677991657138164}. Best is trial 141 with value: 0.3507795269212787.
running
[I 2024-09-23 02:52:35,397] Trial 176 finished with value: 0.3558371477063343 and parameters: {'model_name': 'VAE', 'batch_size': 379, 'iterations': 26, 'learning_rate': 0.0016291152933770976, 'p_miss': 0.23974039170947226}. Best is trial 141 with value: 0.3507795269212787.
running
[I 2024-09-23 02:54:22,617] Trial 177 finished with value: 0.3548217769169607 and parameters: {'model_name': 'VAE', 'batch_size': 270, 'iterations': 18, 'learning_rate': 0.0013172565753591847, 'p_miss': 0.21997792080515152}. Best is trial 141 with value: 0.3507795269212787.
running
[I 2024-09-23 04:00:21,222] Trial 84 finished with value: 0.5420412416787554 and parameters: {'model_name': 'GAIN', 'batch_size': 627, 'hint_rate': 0.9736682360399486, 'alpha': 92, 'iterations': 6014, 'learning_rate': 0.0001870326920001481, 'p_miss': 0.18893279344320837}. Best is trial 141 with value: 0.3507795269212787.
running
[I 2024-09-23 04:04:10,649] Trial 179 finished with value: 0.3677652904372885 and parameters: {'model_name': 'VAE', 'batch_size': 447, 'iterations': 35, 'learning_rate': 0.00192871049347631, 'p_miss': 0.25060399658847676}. Best is trial 141 with value: 0.3507795269212787.
running
[I 2024-09-23 04:04:58,335] Trial 180 finished with value: 0.35277937369883655 and parameters: {'model_name': 'VAE', 'batch_size': 353, 'iterations': 12, 'learning_rate': 0.000986579098770213, 'p_miss': 0.1743361576025695}. Best is trial 141 with value: 0.3507795269212787.
running
[I 2024-09-23 04:06:28,801] Trial 181 finished with value: 0.35265981644860284 and parameters: {'model_name': 'VAE', 'batch_size': 526, 'iterations': 14, 'learning_rate': 0.0008834063748135343, 'p_miss': 0.2264276681091019}. Best is trial 141 with value: 0.3507795269212787.
running
[I 2024-09-23 04:07:27,902] Trial 182 finished with value: 0.3531658675129328 and parameters: {'model_name': 'VAE', 'batch_size': 805, 'iterations': 8, 'learning_rate': 0.0005890792245170222, 'p_miss': 0.1959496789847183}. Best is trial 141 with value: 0.3507795269212787.
running
[I 2024-09-23 04:10:23,305] Trial 183 finished with value: 0.35536180204124146 and parameters: {'model_name': 'VAE', 'batch_size': 684, 'iterations': 27, 'learning_rate': 0.00043390227689493456, 'p_miss': 0.15714571224582058}. Best is trial 141 with value: 0.3507795269212787.
running
[I 2024-09-23 04:10:25,069] Trial 184 finished with value: 0.54390855713485 and parameters: {'model_name': 'SimpleImputer', 'strategy': 'most_frequent'}. Best is trial 141 with value: 0.3507795269212787.
running
[I 2024-09-23 04:11:59,975] Trial 185 finished with value: 0.3537557372126595 and parameters: {'model_name': 'VAE', 'batch_size': 302, 'iterations': 21, 'learning_rate': 0.0004967880014910227, 'p_miss': 0.21071161642796465}. Best is trial 141 with value: 0.3507795269212787.
running
[I 2024-09-23 04:13:35,189] Trial 186 finished with value: 0.3514429317653266 and parameters: {'model_name': 'VAE', 'batch_size': 840, 'iterations': 13, 'learning_rate': 0.0010718835142703939, 'p_miss': 0.1695026359062076}. Best is trial 141 with value: 0.3507795269212787.
running
[I 2024-09-23 04:15:03,165] Trial 187 finished with value: 0.35295392014928206 and parameters: {'model_name': 'VAE', 'batch_size': 990, 'iterations': 11, 'learning_rate': 0.0017554067283993802, 'p_miss': 0.16982862346602795}. Best is trial 141 with value: 0.3507795269212787.
running
[I 2024-09-23 04:16:44,104] Trial 188 finished with value: 0.3519565762295505 and parameters: {'model_name': 'VAE', 'batch_size': 573, 'iterations': 16, 'learning_rate': 0.001153589424481267, 'p_miss': 0.23320099041325013}. Best is trial 141 with value: 0.3507795269212787.
running
[I 2024-09-23 04:19:18,218] Trial 189 finished with value: 0.3510680354679302 and parameters: {'model_name': 'VAE', 'batch_size': 805, 'iterations': 34, 'learning_rate': 0.00040786950608336596, 'p_miss': 0.18167460145403588}. Best is trial 141 with value: 0.3507795269212787.
running
[I 2024-09-23 04:22:12,151] Trial 190 finished with value: 0.3510636278421301 and parameters: {'model_name': 'VAE', 'batch_size': 867, 'iterations': 33, 'learning_rate': 0.0003376505030894349, 'p_miss': 0.18064514415326383}. Best is trial 141 with value: 0.3507795269212787.
running
[I 2024-09-23 04:25:31,397] Trial 191 finished with value: 0.35243676477846353 and parameters: {'model_name': 'VAE', 'batch_size': 821, 'iterations': 32, 'learning_rate': 0.0003427728316651493, 'p_miss': 0.17979686850508214}. Best is trial 141 with value: 0.3507795269212787.
running
[I 2024-09-23 04:29:51,859] Trial 192 finished with value: 0.35288019984093244 and parameters: {'model_name': 'VAE', 'batch_size': 898, 'iterations': 44, 'learning_rate': 0.0004094984039864955, 'p_miss': 0.1746113240116924}. Best is trial 141 with value: 0.3507795269212787.
running
[I 2024-09-23 04:36:10,114] Trial 193 finished with value: 0.35187155554673927 and parameters: {'model_name': 'VAE', 'batch_size': 686, 'iterations': 57, 'learning_rate': 0.00028959707799977987, 'p_miss': 0.1849246555620303}. Best is trial 141 with value: 0.3507795269212787.
running
[I 2024-09-23 04:36:48,018] Trial 194 finished with value: 0.3945793406037384 and parameters: {'model_name': 'KNNImputer', 'n_neighbors': 16811, 'weights': 'distance'}. Best is trial 141 with value: 0.3507795269212787.
running
[I 2024-09-23 04:39:00,845] Trial 195 finished with value: 0.3540718767580676 and parameters: {'model_name': 'VAE', 'batch_size': 2, 'iterations': 38, 'learning_rate': 0.0005412267508303068, 'p_miss': 0.16601416766475113}. Best is trial 141 with value: 0.3507795269212787.
running
[I 2024-09-23 04:41:18,204] Trial 196 finished with value: 0.35300495616498917 and parameters: {'model_name': 'VAE', 'batch_size': 609, 'iterations': 25, 'learning_rate': 0.0003487669213053739, 'p_miss': 0.20147932561019805}. Best is trial 141 with value: 0.3507795269212787.
running
[I 2024-09-23 04:42:30,973] Trial 197 finished with value: 0.3529820916407266 and parameters: {'model_name': 'VAE', 'batch_size': 758, 'iterations': 10, 'learning_rate': 0.0004287829558150015, 'p_miss': 0.15871630269191964}. Best is trial 141 with value: 0.3507795269212787.
running
[I 2024-09-23 04:44:50,285] Trial 198 finished with value: 0.3521454666057654 and parameters: {'model_name': 'VAE', 'batch_size': 809, 'iterations': 32, 'learning_rate': 0.0004913467297856306, 'p_miss': 0.19137706053436948}. Best is trial 141 with value: 0.3507795269212787.
running
[I 2024-09-23 04:46:13,746] Trial 199 finished with value: 0.3502111410014751 and parameters: {'model_name': 'VAE', 'batch_size': 498, 'iterations': 13, 'learning_rate': 0.0006330376749269485, 'p_miss': 0.13009503587779317}. Best is trial 199 with value: 0.3502111410014751.
[I 2024-09-23 05:56:21,732] Trial 153 finished with value: 0.3805347196133513 and parameters: {'model_name': 'VAE', 'batch_size': 11, 'iterations': 5178, 'learning_rate': 0.00036238761740470834, 'p_miss': 0.18201773532239257}. Best is trial 199 with value: 0.3502111410014751.
[I 2024-09-23 06:17:49,597] Trial 16 finished with value: 0.3749850550354206 and parameters: {'model_name': 'VAE', 'batch_size': 606, 'iterations': 7019, 'learning_rate': 0.05067268512995306, 'p_miss': 0.09455863612864654}. Best is trial 199 with value: 0.3502111410014751.
[I 2024-09-23 06:25:54,727] Trial 89 finished with value: 0.3761700565969337 and parameters: {'model_name': 'VAE', 'batch_size': 174, 'iterations': 6264, 'learning_rate': 0.00031149134067530486, 'p_miss': 0.17951204875488955}. Best is trial 199 with value: 0.3502111410014751.
[I 2024-09-23 06:35:00,332] Trial 57 finished with value: 0.37530694467413744 and parameters: {'model_name': 'VAE', 'batch_size': 546, 'iterations': 4999, 'learning_rate': 0.00023026362678318663, 'p_miss': 0.26555398190061996}. Best is trial 199 with value: 0.3502111410014751.
[I 2024-09-23 06:49:45,142] Trial 31 finished with value: 0.3799520693046271 and parameters: {'model_name': 'VAE', 'batch_size': 14, 'iterations': 9568, 'learning_rate': 0.07544326674572874, 'p_miss': 0.03349313568469248}. Best is trial 199 with value: 0.3502111410014751.
[I 2024-09-23 07:07:08,310] Trial 51 finished with value: 0.3761220805737967 and parameters: {'model_name': 'VAE', 'batch_size': 378, 'iterations': 7508, 'learning_rate': 0.00047156421918917983, 'p_miss': 0.182953743537943}. Best is trial 199 with value: 0.3502111410014751.
[I 2024-09-23 07:12:25,778] Trial 120 finished with value: 0.37547522820849544 and parameters: {'model_name': 'VAE', 'batch_size': 534, 'iterations': 5375, 'learning_rate': 0.0004320795955849101, 'p_miss': 0.16677716561155667}. Best is trial 199 with value: 0.3502111410014751.
[I 2024-09-23 08:42:15,484] Trial 61 finished with value: 0.3746377451302353 and parameters: {'model_name': 'VAE', 'batch_size': 514, 'iterations': 9458, 'learning_rate': 0.0005485228278448312, 'p_miss': 0.24037699597800033}. Best is trial 199 with value: 0.3502111410014751.
[I 2024-09-23 08:45:45,266] Trial 123 finished with value: 0.3750224160589766 and parameters: {'model_name': 'VAE', 'batch_size': 530, 'iterations': 7897, 'learning_rate': 0.00046310091012511767, 'p_miss': 0.14144583532641855}. Best is trial 199 with value: 0.3502111410014751.
[I 2024-09-23 08:50:25,970] Trial 97 finished with value: 0.37588584485648113 and parameters: {'model_name': 'VAE', 'batch_size': 361, 'iterations': 9369, 'learning_rate': 0.0003201525861660897, 'p_miss': 0.2103361141630152}. Best is trial 199 with value: 0.3502111410014751.
[I 2024-09-23 09:02:48,285] Trial 150 finished with value: 0.3754499010563438 and parameters: {'model_name': 'VAE', 'batch_size': 458, 'iterations': 8958, 'learning_rate': 0.0002801521989312031, 'p_miss': 0.23411461170030515}. Best is trial 199 with value: 0.3502111410014751.
[I 2024-09-23 09:02:48,764] Trial 178 finished with value: 0.3759612926567983 and parameters: {'model_name': 'VAE', 'batch_size': 451, 'iterations': 8767, 'learning_rate': 0.0005681414200558149, 'p_miss': 0.22690487740994794}. Best is trial 199 with value: 0.3502111410014751.
[I 2024-09-23 09:05:02,350] Trial 99 finished with value: 0.375369667169753 and parameters: {'model_name': 'VAE', 'batch_size': 703, 'iterations': 9052, 'learning_rate': 0.00030355910539928697, 'p_miss': 0.1277829606350807}. Best is trial 199 with value: 0.3502111410014751.
[I 2024-09-23 09:05:45,951] Trial 102 finished with value: 0.3766293186832564 and parameters: {'model_name': 'VAE', 'batch_size': 419, 'iterations': 9617, 'learning_rate': 0.00025458252741037866, 'p_miss': 0.13956894228257954}. Best is trial 199 with value: 0.3502111410014751.
[I 2024-09-23 09:06:56,252] Trial 95 finished with value: 0.37536930454359707 and parameters: {'model_name': 'VAE', 'batch_size': 369, 'iterations': 9968, 'learning_rate': 0.004341281196876641, 'p_miss': 0.21089566375984692}. Best is trial 199 with value: 0.3502111410014751.
fit
auto fit
auto transform
0    0
1    0
2    0
3    0
4    0
5    0
6    0
7    0
8    0
9    0
dtype: int64
0    0
1    0
2    0
3    0
4    0
5    0
6    0
7    0
8    0
9    0
dtype: int64
0.3502111410014751
{'model_name': 'VAE', 'batch_size': 498, 'iterations': 13, 'learning_rate': 0.0006330376749269485, 'p_miss': 0.13009503587779317}
running experiment 2/3 - Does reconstruction give good automl predictions
Start est fit
Version 0.1.7a0 of tpot2 is outdated. Version 0.1.8a0 was released 5 days ago.
Version 0.1.7a0 of tpot2 is outdated. Version 0.1.8a0 was released 5 days ago.
Version 0.1.7a0 of tpot2 is outdated. Version 0.1.8a0 was released 5 days ago.
Version 0.1.7a0 of tpot2 is outdated. Version 0.1.8a0 was released 5 days ago.
Version 0.1.7a0 of tpot2 is outdated. Version 0.1.8a0 was released 5 days ago.
Version 0.1.7a0 of tpot2 is outdated. Version 0.1.8a0 was released 5 days ago.
Version 0.1.7a0 of tpot2 is outdated. Version 0.1.8a0 was released 5 days ago.
Version 0.1.7a0 of tpot2 is outdated. Version 0.1.8a0 was released 5 days ago.
Version 0.1.7a0 of tpot2 is outdated. Version 0.1.8a0 was released 5 days ago.
Version 0.1.7a0 of tpot2 is outdated. Version 0.1.8a0 was released 5 days ago.
Version 0.1.7a0 of tpot2 is outdated. Version 0.1.8a0 was released 5 days ago.
Version 0.1.7a0 of tpot2 is outdated. Version 0.1.8a0 was released 5 days ago.
Version 0.1.7a0 of tpot2 is outdated. Version 0.1.8a0 was released 5 days ago.
Version 0.1.7a0 of tpot2 is outdated. Version 0.1.8a0 was released 5 days ago.
Version 0.1.7a0 of tpot2 is outdated. Version 0.1.8a0 was released 5 days ago.
Version 0.1.7a0 of tpot2 is outdated. Version 0.1.8a0 was released 5 days ago.
  0%|          | 0/25 [00:00<?, ?it/s]Generation:   0%|          | 0/25 [00:00<?, ?it/s]WARNING THIS INDIVIDUAL CAUSED AND EXCEPTION 
 <tpot2.search_spaces.pipelines.sequential.SequentialPipelineIndividual object at 0x1554746ecbe0> 
 The 'criterion' parameter of ExtraTreesRegressor must be a str among {'friedman_mse', 'poisson', 'absolute_error', 'squared_error'}. Got 'mae' instead. 
 Traceback (most recent call last):
  File "/common/ketrong/tpotexp/tpot2/tpot2/utils/eval_utils.py", line 53, in objective_nan_wrapper
    value = func_timeout.func_timeout(timeout, objective_function, args=[individual], kwargs=objective_kwargs)
  File "/common/ketrong/tpotexp/env/lib/python3.10/site-packages/func_timeout/dafunc.py", line 108, in func_timeout
    raise_exception(exception)
  File "/common/ketrong/tpotexp/env/lib/python3.10/site-packages/func_timeout/py3_raise.py", line 7, in raise_exception
    raise exception[0] from None
  File "/common/ketrong/tpotexp/tpot2/tpot2/tpot_estimator/estimator.py", line 623, in objective_function
    return objective_function_generator(
  File "/common/ketrong/tpotexp/tpot2/tpot2/tpot_estimator/estimator_utils.py", line 55, in objective_function_generator
    cv_obj_scores = cross_val_score_objective(sklearn.base.clone(pipeline),x,y,scorers=scorers, cv=cv , fold=step)
  File "/common/ketrong/tpotexp/tpot2/tpot2/tpot_estimator/cross_val_utils.py", line 28, in cross_val_score_objective
    this_fold_pipeline.fit(X_train,y_train)
  File "/common/ketrong/tpotexp/env/lib/python3.10/site-packages/sklearn/base.py", line 1473, in wrapper
    return fit_method(estimator, *args, **kwargs)
  File "/common/ketrong/tpotexp/env/lib/python3.10/site-packages/sklearn/pipeline.py", line 473, in fit
    self._final_estimator.fit(Xt, y, **last_step_params["fit"])
  File "/common/ketrong/tpotexp/env/lib/python3.10/site-packages/sklearn/base.py", line 1466, in wrapper
    estimator._validate_params()
  File "/common/ketrong/tpotexp/env/lib/python3.10/site-packages/sklearn/base.py", line 666, in _validate_params
    validate_parameter_constraints(
  File "/common/ketrong/tpotexp/env/lib/python3.10/site-packages/sklearn/utils/_param_validation.py", line 95, in validate_parameter_constraints
    raise InvalidParameterError(
sklearn.utils._param_validation.InvalidParameterError: The 'criterion' parameter of ExtraTreesRegressor must be a str among {'friedman_mse', 'poisson', 'absolute_error', 'squared_error'}. Got 'mae' instead.

WARNING THIS INDIVIDUAL CAUSED AND EXCEPTION 
 <tpot2.search_spaces.pipelines.sequential.SequentialPipelineIndividual object at 0x1554746a0b50> 
 The 'criterion' parameter of DecisionTreeRegressor must be a str among {'friedman_mse', 'poisson', 'absolute_error', 'squared_error'}. Got 'mae' instead. 
 Traceback (most recent call last):
  File "/common/ketrong/tpotexp/tpot2/tpot2/utils/eval_utils.py", line 53, in objective_nan_wrapper
    value = func_timeout.func_timeout(timeout, objective_function, args=[individual], kwargs=objective_kwargs)
  File "/common/ketrong/tpotexp/env/lib/python3.10/site-packages/func_timeout/dafunc.py", line 108, in func_timeout
    raise_exception(exception)
  File "/common/ketrong/tpotexp/env/lib/python3.10/site-packages/func_timeout/py3_raise.py", line 7, in raise_exception
    raise exception[0] from None
  File "/common/ketrong/tpotexp/tpot2/tpot2/tpot_estimator/estimator.py", line 623, in objective_function
    return objective_function_generator(
  File "/common/ketrong/tpotexp/tpot2/tpot2/tpot_estimator/estimator_utils.py", line 55, in objective_function_generator
    cv_obj_scores = cross_val_score_objective(sklearn.base.clone(pipeline),x,y,scorers=scorers, cv=cv , fold=step)
  File "/common/ketrong/tpotexp/tpot2/tpot2/tpot_estimator/cross_val_utils.py", line 28, in cross_val_score_objective
    this_fold_pipeline.fit(X_train,y_train)
  File "/common/ketrong/tpotexp/env/lib/python3.10/site-packages/sklearn/base.py", line 1473, in wrapper
    return fit_method(estimator, *args, **kwargs)
  File "/common/ketrong/tpotexp/env/lib/python3.10/site-packages/sklearn/pipeline.py", line 473, in fit
    self._final_estimator.fit(Xt, y, **last_step_params["fit"])
  File "/common/ketrong/tpotexp/env/lib/python3.10/site-packages/sklearn/base.py", line 1466, in wrapper
    estimator._validate_params()
  File "/common/ketrong/tpotexp/env/lib/python3.10/site-packages/sklearn/base.py", line 666, in _validate_params
    validate_parameter_constraints(
  File "/common/ketrong/tpotexp/env/lib/python3.10/site-packages/sklearn/utils/_param_validation.py", line 95, in validate_parameter_constraints
    raise InvalidParameterError(
sklearn.utils._param_validation.InvalidParameterError: The 'criterion' parameter of DecisionTreeRegressor must be a str among {'friedman_mse', 'poisson', 'absolute_error', 'squared_error'}. Got 'mae' instead.

WARNING THIS INDIVIDUAL CAUSED AND EXCEPTION 
 <tpot2.search_spaces.pipelines.sequential.SequentialPipelineIndividual object at 0x1554746f0ee0> 
 The 'criterion' parameter of ExtraTreesRegressor must be a str among {'friedman_mse', 'poisson', 'absolute_error', 'squared_error'}. Got 'mae' instead. 
 Traceback (most recent call last):
  File "/common/ketrong/tpotexp/tpot2/tpot2/utils/eval_utils.py", line 53, in objective_nan_wrapper
    value = func_timeout.func_timeout(timeout, objective_function, args=[individual], kwargs=objective_kwargs)
  File "/common/ketrong/tpotexp/env/lib/python3.10/site-packages/func_timeout/dafunc.py", line 108, in func_timeout
    raise_exception(exception)
  File "/common/ketrong/tpotexp/env/lib/python3.10/site-packages/func_timeout/py3_raise.py", line 7, in raise_exception
    raise exception[0] from None
  File "/common/ketrong/tpotexp/tpot2/tpot2/tpot_estimator/estimator.py", line 623, in objective_function
    return objective_function_generator(
  File "/common/ketrong/tpotexp/tpot2/tpot2/tpot_estimator/estimator_utils.py", line 55, in objective_function_generator
    cv_obj_scores = cross_val_score_objective(sklearn.base.clone(pipeline),x,y,scorers=scorers, cv=cv , fold=step)
  File "/common/ketrong/tpotexp/tpot2/tpot2/tpot_estimator/cross_val_utils.py", line 28, in cross_val_score_objective
    this_fold_pipeline.fit(X_train,y_train)
  File "/common/ketrong/tpotexp/env/lib/python3.10/site-packages/sklearn/base.py", line 1473, in wrapper
    return fit_method(estimator, *args, **kwargs)
  File "/common/ketrong/tpotexp/env/lib/python3.10/site-packages/sklearn/pipeline.py", line 473, in fit
    self._final_estimator.fit(Xt, y, **last_step_params["fit"])
  File "/common/ketrong/tpotexp/env/lib/python3.10/site-packages/sklearn/base.py", line 1466, in wrapper
    estimator._validate_params()
  File "/common/ketrong/tpotexp/env/lib/python3.10/site-packages/sklearn/base.py", line 666, in _validate_params
    validate_parameter_constraints(
  File "/common/ketrong/tpotexp/env/lib/python3.10/site-packages/sklearn/utils/_param_validation.py", line 95, in validate_parameter_constraints
    raise InvalidParameterError(
sklearn.utils._param_validation.InvalidParameterError: The 'criterion' parameter of ExtraTreesRegressor must be a str among {'friedman_mse', 'poisson', 'absolute_error', 'squared_error'}. Got 'mae' instead.

Generation:  1
Best root_mean_squared_error score: -4.332322823604587
Generation:   4%|         | 1/25 [04:27<1:47:08, 267.85s/it]WARNING AN INDIVIDUAL TIMED OUT: 
 <tpot2.search_spaces.pipelines.sequential.SequentialPipelineIndividual object at 0x15547474b220> 

Generation:  2
Best root_mean_squared_error score: -4.328270528164718
Generation:   8%|         | 2/25 [14:37<2:59:40, 468.70s/it]WARNING THIS INDIVIDUAL CAUSED AND EXCEPTION 
 <tpot2.search_spaces.pipelines.sequential.SequentialPipelineIndividual object at 0x155474726020> 
 The 'criterion' parameter of RandomForestRegressor must be a str among {'friedman_mse', 'poisson', 'absolute_error', 'squared_error'}. Got 'mae' instead. 
 Traceback (most recent call last):
  File "/common/ketrong/tpotexp/tpot2/tpot2/utils/eval_utils.py", line 53, in objective_nan_wrapper
    value = func_timeout.func_timeout(timeout, objective_function, args=[individual], kwargs=objective_kwargs)
  File "/common/ketrong/tpotexp/env/lib/python3.10/site-packages/func_timeout/dafunc.py", line 108, in func_timeout
    raise_exception(exception)
  File "/common/ketrong/tpotexp/env/lib/python3.10/site-packages/func_timeout/py3_raise.py", line 7, in raise_exception
    raise exception[0] from None
  File "/common/ketrong/tpotexp/tpot2/tpot2/tpot_estimator/estimator.py", line 623, in objective_function
    return objective_function_generator(
  File "/common/ketrong/tpotexp/tpot2/tpot2/tpot_estimator/estimator_utils.py", line 55, in objective_function_generator
    cv_obj_scores = cross_val_score_objective(sklearn.base.clone(pipeline),x,y,scorers=scorers, cv=cv , fold=step)
  File "/common/ketrong/tpotexp/tpot2/tpot2/tpot_estimator/cross_val_utils.py", line 28, in cross_val_score_objective
    this_fold_pipeline.fit(X_train,y_train)
  File "/common/ketrong/tpotexp/env/lib/python3.10/site-packages/sklearn/base.py", line 1473, in wrapper
    return fit_method(estimator, *args, **kwargs)
  File "/common/ketrong/tpotexp/env/lib/python3.10/site-packages/sklearn/pipeline.py", line 473, in fit
    self._final_estimator.fit(Xt, y, **last_step_params["fit"])
  File "/common/ketrong/tpotexp/env/lib/python3.10/site-packages/sklearn/base.py", line 1466, in wrapper
    estimator._validate_params()
  File "/common/ketrong/tpotexp/env/lib/python3.10/site-packages/sklearn/base.py", line 666, in _validate_params
    validate_parameter_constraints(
  File "/common/ketrong/tpotexp/env/lib/python3.10/site-packages/sklearn/utils/_param_validation.py", line 95, in validate_parameter_constraints
    raise InvalidParameterError(
sklearn.utils._param_validation.InvalidParameterError: The 'criterion' parameter of RandomForestRegressor must be a str among {'friedman_mse', 'poisson', 'absolute_error', 'squared_error'}. Got 'mae' instead.

WARNING THIS INDIVIDUAL CAUSED AND EXCEPTION 
 <tpot2.search_spaces.pipelines.sequential.SequentialPipelineIndividual object at 0x1554746a2fe0> 
 The 'criterion' parameter of RandomForestRegressor must be a str among {'friedman_mse', 'poisson', 'absolute_error', 'squared_error'}. Got 'mse' instead. 
 Traceback (most recent call last):
  File "/common/ketrong/tpotexp/tpot2/tpot2/utils/eval_utils.py", line 53, in objective_nan_wrapper
    value = func_timeout.func_timeout(timeout, objective_function, args=[individual], kwargs=objective_kwargs)
  File "/common/ketrong/tpotexp/env/lib/python3.10/site-packages/func_timeout/dafunc.py", line 108, in func_timeout
    raise_exception(exception)
  File "/common/ketrong/tpotexp/env/lib/python3.10/site-packages/func_timeout/py3_raise.py", line 7, in raise_exception
    raise exception[0] from None
  File "/common/ketrong/tpotexp/tpot2/tpot2/tpot_estimator/estimator.py", line 623, in objective_function
    return objective_function_generator(
  File "/common/ketrong/tpotexp/tpot2/tpot2/tpot_estimator/estimator_utils.py", line 55, in objective_function_generator
    cv_obj_scores = cross_val_score_objective(sklearn.base.clone(pipeline),x,y,scorers=scorers, cv=cv , fold=step)
  File "/common/ketrong/tpotexp/tpot2/tpot2/tpot_estimator/cross_val_utils.py", line 28, in cross_val_score_objective
    this_fold_pipeline.fit(X_train,y_train)
  File "/common/ketrong/tpotexp/env/lib/python3.10/site-packages/sklearn/base.py", line 1473, in wrapper
    return fit_method(estimator, *args, **kwargs)
  File "/common/ketrong/tpotexp/env/lib/python3.10/site-packages/sklearn/pipeline.py", line 473, in fit
    self._final_estimator.fit(Xt, y, **last_step_params["fit"])
  File "/common/ketrong/tpotexp/env/lib/python3.10/site-packages/sklearn/base.py", line 1466, in wrapper
    estimator._validate_params()
  File "/common/ketrong/tpotexp/env/lib/python3.10/site-packages/sklearn/base.py", line 666, in _validate_params
    validate_parameter_constraints(
  File "/common/ketrong/tpotexp/env/lib/python3.10/site-packages/sklearn/utils/_param_validation.py", line 95, in validate_parameter_constraints
    raise InvalidParameterError(
sklearn.utils._param_validation.InvalidParameterError: The 'criterion' parameter of RandomForestRegressor must be a str among {'friedman_mse', 'poisson', 'absolute_error', 'squared_error'}. Got 'mse' instead.

WARNING THIS INDIVIDUAL CAUSED AND EXCEPTION 
 <tpot2.search_spaces.pipelines.sequential.SequentialPipelineIndividual object at 0x15547472d420> 
 The 'criterion' parameter of RandomForestRegressor must be a str among {'friedman_mse', 'poisson', 'absolute_error', 'squared_error'}. Got 'mae' instead. 
 Traceback (most recent call last):
  File "/common/ketrong/tpotexp/tpot2/tpot2/utils/eval_utils.py", line 53, in objective_nan_wrapper
    value = func_timeout.func_timeout(timeout, objective_function, args=[individual], kwargs=objective_kwargs)
  File "/common/ketrong/tpotexp/env/lib/python3.10/site-packages/func_timeout/dafunc.py", line 108, in func_timeout
    raise_exception(exception)
  File "/common/ketrong/tpotexp/env/lib/python3.10/site-packages/func_timeout/py3_raise.py", line 7, in raise_exception
    raise exception[0] from None
  File "/common/ketrong/tpotexp/tpot2/tpot2/tpot_estimator/estimator.py", line 623, in objective_function
    return objective_function_generator(
  File "/common/ketrong/tpotexp/tpot2/tpot2/tpot_estimator/estimator_utils.py", line 55, in objective_function_generator
    cv_obj_scores = cross_val_score_objective(sklearn.base.clone(pipeline),x,y,scorers=scorers, cv=cv , fold=step)
  File "/common/ketrong/tpotexp/tpot2/tpot2/tpot_estimator/cross_val_utils.py", line 28, in cross_val_score_objective
    this_fold_pipeline.fit(X_train,y_train)
  File "/common/ketrong/tpotexp/env/lib/python3.10/site-packages/sklearn/base.py", line 1473, in wrapper
    return fit_method(estimator, *args, **kwargs)
  File "/common/ketrong/tpotexp/env/lib/python3.10/site-packages/sklearn/pipeline.py", line 473, in fit
    self._final_estimator.fit(Xt, y, **last_step_params["fit"])
  File "/common/ketrong/tpotexp/env/lib/python3.10/site-packages/sklearn/base.py", line 1466, in wrapper
    estimator._validate_params()
  File "/common/ketrong/tpotexp/env/lib/python3.10/site-packages/sklearn/base.py", line 666, in _validate_params
    validate_parameter_constraints(
  File "/common/ketrong/tpotexp/env/lib/python3.10/site-packages/sklearn/utils/_param_validation.py", line 95, in validate_parameter_constraints
    raise InvalidParameterError(
sklearn.utils._param_validation.InvalidParameterError: The 'criterion' parameter of RandomForestRegressor must be a str among {'friedman_mse', 'poisson', 'absolute_error', 'squared_error'}. Got 'mae' instead.

Generation:  3
Best root_mean_squared_error score: -4.325156203780997
Generation:  12%|        | 3/25 [16:19<1:50:29, 301.36s/it]Generation:  4
Best root_mean_squared_error score: -4.325156203780997
Generation:  16%|        | 4/25 [17:22<1:12:29, 207.13s/it]WARNING THIS INDIVIDUAL CAUSED AND EXCEPTION 
 <tpot2.search_spaces.pipelines.sequential.SequentialPipelineIndividual object at 0x1554746ed240> 
 The 'criterion' parameter of ExtraTreesRegressor must be a str among {'friedman_mse', 'poisson', 'absolute_error', 'squared_error'}. Got 'mae' instead. 
 Traceback (most recent call last):
  File "/common/ketrong/tpotexp/tpot2/tpot2/utils/eval_utils.py", line 53, in objective_nan_wrapper
    value = func_timeout.func_timeout(timeout, objective_function, args=[individual], kwargs=objective_kwargs)
  File "/common/ketrong/tpotexp/env/lib/python3.10/site-packages/func_timeout/dafunc.py", line 108, in func_timeout
    raise_exception(exception)
  File "/common/ketrong/tpotexp/env/lib/python3.10/site-packages/func_timeout/py3_raise.py", line 7, in raise_exception
    raise exception[0] from None
  File "/common/ketrong/tpotexp/tpot2/tpot2/tpot_estimator/estimator.py", line 623, in objective_function
    return objective_function_generator(
  File "/common/ketrong/tpotexp/tpot2/tpot2/tpot_estimator/estimator_utils.py", line 55, in objective_function_generator
    cv_obj_scores = cross_val_score_objective(sklearn.base.clone(pipeline),x,y,scorers=scorers, cv=cv , fold=step)
  File "/common/ketrong/tpotexp/tpot2/tpot2/tpot_estimator/cross_val_utils.py", line 28, in cross_val_score_objective
    this_fold_pipeline.fit(X_train,y_train)
  File "/common/ketrong/tpotexp/env/lib/python3.10/site-packages/sklearn/base.py", line 1473, in wrapper
    return fit_method(estimator, *args, **kwargs)
  File "/common/ketrong/tpotexp/env/lib/python3.10/site-packages/sklearn/pipeline.py", line 473, in fit
    self._final_estimator.fit(Xt, y, **last_step_params["fit"])
  File "/common/ketrong/tpotexp/env/lib/python3.10/site-packages/sklearn/base.py", line 1466, in wrapper
    estimator._validate_params()
  File "/common/ketrong/tpotexp/env/lib/python3.10/site-packages/sklearn/base.py", line 666, in _validate_params
    validate_parameter_constraints(
  File "/common/ketrong/tpotexp/env/lib/python3.10/site-packages/sklearn/utils/_param_validation.py", line 95, in validate_parameter_constraints
    raise InvalidParameterError(
sklearn.utils._param_validation.InvalidParameterError: The 'criterion' parameter of ExtraTreesRegressor must be a str among {'friedman_mse', 'poisson', 'absolute_error', 'squared_error'}. Got 'mae' instead.

Generation:  5
Best root_mean_squared_error score: -4.325156203780997
Generation:  20%|        | 5/25 [19:01<56:04, 168.23s/it]  WARNING THIS INDIVIDUAL CAUSED AND EXCEPTION 
 <tpot2.search_spaces.pipelines.sequential.SequentialPipelineIndividual object at 0x1554746f8d00> 
 The 'criterion' parameter of ExtraTreesRegressor must be a str among {'friedman_mse', 'poisson', 'absolute_error', 'squared_error'}. Got 'mae' instead. 
 Traceback (most recent call last):
  File "/common/ketrong/tpotexp/tpot2/tpot2/utils/eval_utils.py", line 53, in objective_nan_wrapper
    value = func_timeout.func_timeout(timeout, objective_function, args=[individual], kwargs=objective_kwargs)
  File "/common/ketrong/tpotexp/env/lib/python3.10/site-packages/func_timeout/dafunc.py", line 108, in func_timeout
    raise_exception(exception)
  File "/common/ketrong/tpotexp/env/lib/python3.10/site-packages/func_timeout/py3_raise.py", line 7, in raise_exception
    raise exception[0] from None
  File "/common/ketrong/tpotexp/tpot2/tpot2/tpot_estimator/estimator.py", line 623, in objective_function
    return objective_function_generator(
  File "/common/ketrong/tpotexp/tpot2/tpot2/tpot_estimator/estimator_utils.py", line 55, in objective_function_generator
    cv_obj_scores = cross_val_score_objective(sklearn.base.clone(pipeline),x,y,scorers=scorers, cv=cv , fold=step)
  File "/common/ketrong/tpotexp/tpot2/tpot2/tpot_estimator/cross_val_utils.py", line 28, in cross_val_score_objective
    this_fold_pipeline.fit(X_train,y_train)
  File "/common/ketrong/tpotexp/env/lib/python3.10/site-packages/sklearn/base.py", line 1473, in wrapper
    return fit_method(estimator, *args, **kwargs)
  File "/common/ketrong/tpotexp/env/lib/python3.10/site-packages/sklearn/pipeline.py", line 473, in fit
    self._final_estimator.fit(Xt, y, **last_step_params["fit"])
  File "/common/ketrong/tpotexp/env/lib/python3.10/site-packages/sklearn/base.py", line 1466, in wrapper
    estimator._validate_params()
  File "/common/ketrong/tpotexp/env/lib/python3.10/site-packages/sklearn/base.py", line 666, in _validate_params
    validate_parameter_constraints(
  File "/common/ketrong/tpotexp/env/lib/python3.10/site-packages/sklearn/utils/_param_validation.py", line 95, in validate_parameter_constraints
    raise InvalidParameterError(
sklearn.utils._param_validation.InvalidParameterError: The 'criterion' parameter of ExtraTreesRegressor must be a str among {'friedman_mse', 'poisson', 'absolute_error', 'squared_error'}. Got 'mae' instead.

Generation:  6
Best root_mean_squared_error score: -4.325156203780997
Generation:  24%|       | 6/25 [26:20<1:22:24, 260.26s/it]WARNING THIS INDIVIDUAL CAUSED AND EXCEPTION 
 <tpot2.search_spaces.pipelines.sequential.SequentialPipelineIndividual object at 0x155467ab2b60> 
 The 'criterion' parameter of ExtraTreesRegressor must be a str among {'friedman_mse', 'poisson', 'absolute_error', 'squared_error'}. Got 'mae' instead. 
 Traceback (most recent call last):
  File "/common/ketrong/tpotexp/tpot2/tpot2/utils/eval_utils.py", line 53, in objective_nan_wrapper
    value = func_timeout.func_timeout(timeout, objective_function, args=[individual], kwargs=objective_kwargs)
  File "/common/ketrong/tpotexp/env/lib/python3.10/site-packages/func_timeout/dafunc.py", line 108, in func_timeout
    raise_exception(exception)
  File "/common/ketrong/tpotexp/env/lib/python3.10/site-packages/func_timeout/py3_raise.py", line 7, in raise_exception
    raise exception[0] from None
  File "/common/ketrong/tpotexp/tpot2/tpot2/tpot_estimator/estimator.py", line 623, in objective_function
    return objective_function_generator(
  File "/common/ketrong/tpotexp/tpot2/tpot2/tpot_estimator/estimator_utils.py", line 55, in objective_function_generator
    cv_obj_scores = cross_val_score_objective(sklearn.base.clone(pipeline),x,y,scorers=scorers, cv=cv , fold=step)
  File "/common/ketrong/tpotexp/tpot2/tpot2/tpot_estimator/cross_val_utils.py", line 28, in cross_val_score_objective
    this_fold_pipeline.fit(X_train,y_train)
  File "/common/ketrong/tpotexp/env/lib/python3.10/site-packages/sklearn/base.py", line 1473, in wrapper
    return fit_method(estimator, *args, **kwargs)
  File "/common/ketrong/tpotexp/env/lib/python3.10/site-packages/sklearn/pipeline.py", line 473, in fit
    self._final_estimator.fit(Xt, y, **last_step_params["fit"])
  File "/common/ketrong/tpotexp/env/lib/python3.10/site-packages/sklearn/base.py", line 1466, in wrapper
    estimator._validate_params()
  File "/common/ketrong/tpotexp/env/lib/python3.10/site-packages/sklearn/base.py", line 666, in _validate_params
    validate_parameter_constraints(
  File "/common/ketrong/tpotexp/env/lib/python3.10/site-packages/sklearn/utils/_param_validation.py", line 95, in validate_parameter_constraints
    raise InvalidParameterError(
sklearn.utils._param_validation.InvalidParameterError: The 'criterion' parameter of ExtraTreesRegressor must be a str among {'friedman_mse', 'poisson', 'absolute_error', 'squared_error'}. Got 'mae' instead.

WARNING THIS INDIVIDUAL CAUSED AND EXCEPTION 
 <tpot2.search_spaces.pipelines.sequential.SequentialPipelineIndividual object at 0x1554746a1f60> 
 The 'criterion' parameter of DecisionTreeRegressor must be a str among {'friedman_mse', 'poisson', 'absolute_error', 'squared_error'}. Got 'mae' instead. 
 Traceback (most recent call last):
  File "/common/ketrong/tpotexp/tpot2/tpot2/utils/eval_utils.py", line 53, in objective_nan_wrapper
    value = func_timeout.func_timeout(timeout, objective_function, args=[individual], kwargs=objective_kwargs)
  File "/common/ketrong/tpotexp/env/lib/python3.10/site-packages/func_timeout/dafunc.py", line 108, in func_timeout
    raise_exception(exception)
  File "/common/ketrong/tpotexp/env/lib/python3.10/site-packages/func_timeout/py3_raise.py", line 7, in raise_exception
    raise exception[0] from None
  File "/common/ketrong/tpotexp/tpot2/tpot2/tpot_estimator/estimator.py", line 623, in objective_function
    return objective_function_generator(
  File "/common/ketrong/tpotexp/tpot2/tpot2/tpot_estimator/estimator_utils.py", line 55, in objective_function_generator
    cv_obj_scores = cross_val_score_objective(sklearn.base.clone(pipeline),x,y,scorers=scorers, cv=cv , fold=step)
  File "/common/ketrong/tpotexp/tpot2/tpot2/tpot_estimator/cross_val_utils.py", line 28, in cross_val_score_objective
    this_fold_pipeline.fit(X_train,y_train)
  File "/common/ketrong/tpotexp/env/lib/python3.10/site-packages/sklearn/base.py", line 1473, in wrapper
    return fit_method(estimator, *args, **kwargs)
  File "/common/ketrong/tpotexp/env/lib/python3.10/site-packages/sklearn/pipeline.py", line 473, in fit
    self._final_estimator.fit(Xt, y, **last_step_params["fit"])
  File "/common/ketrong/tpotexp/env/lib/python3.10/site-packages/sklearn/base.py", line 1466, in wrapper
    estimator._validate_params()
  File "/common/ketrong/tpotexp/env/lib/python3.10/site-packages/sklearn/base.py", line 666, in _validate_params
    validate_parameter_constraints(
  File "/common/ketrong/tpotexp/env/lib/python3.10/site-packages/sklearn/utils/_param_validation.py", line 95, in validate_parameter_constraints
    raise InvalidParameterError(
sklearn.utils._param_validation.InvalidParameterError: The 'criterion' parameter of DecisionTreeRegressor must be a str among {'friedman_mse', 'poisson', 'absolute_error', 'squared_error'}. Got 'mae' instead.

Generation:  7
Best root_mean_squared_error score: -4.325156203780997
Generation:  28%|       | 7/25 [26:57<56:13, 187.40s/it]  WARNING THIS INDIVIDUAL CAUSED AND EXCEPTION 
 <tpot2.search_spaces.pipelines.sequential.SequentialPipelineIndividual object at 0x155474709e70> 
 The 'criterion' parameter of ExtraTreesRegressor must be a str among {'friedman_mse', 'poisson', 'absolute_error', 'squared_error'}. Got 'mae' instead. 
 Traceback (most recent call last):
  File "/common/ketrong/tpotexp/tpot2/tpot2/utils/eval_utils.py", line 53, in objective_nan_wrapper
    value = func_timeout.func_timeout(timeout, objective_function, args=[individual], kwargs=objective_kwargs)
  File "/common/ketrong/tpotexp/env/lib/python3.10/site-packages/func_timeout/dafunc.py", line 108, in func_timeout
    raise_exception(exception)
  File "/common/ketrong/tpotexp/env/lib/python3.10/site-packages/func_timeout/py3_raise.py", line 7, in raise_exception
    raise exception[0] from None
  File "/common/ketrong/tpotexp/tpot2/tpot2/tpot_estimator/estimator.py", line 623, in objective_function
    return objective_function_generator(
  File "/common/ketrong/tpotexp/tpot2/tpot2/tpot_estimator/estimator_utils.py", line 55, in objective_function_generator
    cv_obj_scores = cross_val_score_objective(sklearn.base.clone(pipeline),x,y,scorers=scorers, cv=cv , fold=step)
  File "/common/ketrong/tpotexp/tpot2/tpot2/tpot_estimator/cross_val_utils.py", line 28, in cross_val_score_objective
    this_fold_pipeline.fit(X_train,y_train)
  File "/common/ketrong/tpotexp/env/lib/python3.10/site-packages/sklearn/base.py", line 1473, in wrapper
    return fit_method(estimator, *args, **kwargs)
  File "/common/ketrong/tpotexp/env/lib/python3.10/site-packages/sklearn/pipeline.py", line 473, in fit
    self._final_estimator.fit(Xt, y, **last_step_params["fit"])
  File "/common/ketrong/tpotexp/env/lib/python3.10/site-packages/sklearn/base.py", line 1466, in wrapper
    estimator._validate_params()
  File "/common/ketrong/tpotexp/env/lib/python3.10/site-packages/sklearn/base.py", line 666, in _validate_params
    validate_parameter_constraints(
  File "/common/ketrong/tpotexp/env/lib/python3.10/site-packages/sklearn/utils/_param_validation.py", line 95, in validate_parameter_constraints
    raise InvalidParameterError(
sklearn.utils._param_validation.InvalidParameterError: The 'criterion' parameter of ExtraTreesRegressor must be a str among {'friedman_mse', 'poisson', 'absolute_error', 'squared_error'}. Got 'mae' instead.

Generation:  8
Best root_mean_squared_error score: -4.325156203780997
Generation:  32%|      | 8/25 [30:42<56:26, 199.22s/it]WARNING THIS INDIVIDUAL CAUSED AND EXCEPTION 
 <tpot2.search_spaces.pipelines.sequential.SequentialPipelineIndividual object at 0x155467580190> 
 The 'criterion' parameter of ExtraTreesRegressor must be a str among {'friedman_mse', 'poisson', 'absolute_error', 'squared_error'}. Got 'mae' instead. 
 Traceback (most recent call last):
  File "/common/ketrong/tpotexp/tpot2/tpot2/utils/eval_utils.py", line 53, in objective_nan_wrapper
    value = func_timeout.func_timeout(timeout, objective_function, args=[individual], kwargs=objective_kwargs)
  File "/common/ketrong/tpotexp/env/lib/python3.10/site-packages/func_timeout/dafunc.py", line 108, in func_timeout
    raise_exception(exception)
  File "/common/ketrong/tpotexp/env/lib/python3.10/site-packages/func_timeout/py3_raise.py", line 7, in raise_exception
    raise exception[0] from None
  File "/common/ketrong/tpotexp/tpot2/tpot2/tpot_estimator/estimator.py", line 623, in objective_function
    return objective_function_generator(
  File "/common/ketrong/tpotexp/tpot2/tpot2/tpot_estimator/estimator_utils.py", line 55, in objective_function_generator
    cv_obj_scores = cross_val_score_objective(sklearn.base.clone(pipeline),x,y,scorers=scorers, cv=cv , fold=step)
  File "/common/ketrong/tpotexp/tpot2/tpot2/tpot_estimator/cross_val_utils.py", line 28, in cross_val_score_objective
    this_fold_pipeline.fit(X_train,y_train)
  File "/common/ketrong/tpotexp/env/lib/python3.10/site-packages/sklearn/base.py", line 1473, in wrapper
    return fit_method(estimator, *args, **kwargs)
  File "/common/ketrong/tpotexp/env/lib/python3.10/site-packages/sklearn/pipeline.py", line 473, in fit
    self._final_estimator.fit(Xt, y, **last_step_params["fit"])
  File "/common/ketrong/tpotexp/env/lib/python3.10/site-packages/sklearn/base.py", line 1466, in wrapper
    estimator._validate_params()
  File "/common/ketrong/tpotexp/env/lib/python3.10/site-packages/sklearn/base.py", line 666, in _validate_params
    validate_parameter_constraints(
  File "/common/ketrong/tpotexp/env/lib/python3.10/site-packages/sklearn/utils/_param_validation.py", line 95, in validate_parameter_constraints
    raise InvalidParameterError(
sklearn.utils._param_validation.InvalidParameterError: The 'criterion' parameter of ExtraTreesRegressor must be a str among {'friedman_mse', 'poisson', 'absolute_error', 'squared_error'}. Got 'mae' instead.

Generation:  9
Best root_mean_squared_error score: -4.325156203780997
Generation:  36%|      | 9/25 [38:38<1:16:12, 285.77s/it]WARNING THIS INDIVIDUAL CAUSED AND EXCEPTION 
 <tpot2.search_spaces.pipelines.sequential.SequentialPipelineIndividual object at 0x1554679f89d0> 
 The 'criterion' parameter of ExtraTreesRegressor must be a str among {'friedman_mse', 'poisson', 'absolute_error', 'squared_error'}. Got 'mae' instead. 
 Traceback (most recent call last):
  File "/common/ketrong/tpotexp/tpot2/tpot2/utils/eval_utils.py", line 53, in objective_nan_wrapper
    value = func_timeout.func_timeout(timeout, objective_function, args=[individual], kwargs=objective_kwargs)
  File "/common/ketrong/tpotexp/env/lib/python3.10/site-packages/func_timeout/dafunc.py", line 108, in func_timeout
    raise_exception(exception)
  File "/common/ketrong/tpotexp/env/lib/python3.10/site-packages/func_timeout/py3_raise.py", line 7, in raise_exception
    raise exception[0] from None
  File "/common/ketrong/tpotexp/tpot2/tpot2/tpot_estimator/estimator.py", line 623, in objective_function
    return objective_function_generator(
  File "/common/ketrong/tpotexp/tpot2/tpot2/tpot_estimator/estimator_utils.py", line 55, in objective_function_generator
    cv_obj_scores = cross_val_score_objective(sklearn.base.clone(pipeline),x,y,scorers=scorers, cv=cv , fold=step)
  File "/common/ketrong/tpotexp/tpot2/tpot2/tpot_estimator/cross_val_utils.py", line 28, in cross_val_score_objective
    this_fold_pipeline.fit(X_train,y_train)
  File "/common/ketrong/tpotexp/env/lib/python3.10/site-packages/sklearn/base.py", line 1473, in wrapper
    return fit_method(estimator, *args, **kwargs)
  File "/common/ketrong/tpotexp/env/lib/python3.10/site-packages/sklearn/pipeline.py", line 473, in fit
    self._final_estimator.fit(Xt, y, **last_step_params["fit"])
  File "/common/ketrong/tpotexp/env/lib/python3.10/site-packages/sklearn/base.py", line 1466, in wrapper
    estimator._validate_params()
  File "/common/ketrong/tpotexp/env/lib/python3.10/site-packages/sklearn/base.py", line 666, in _validate_params
    validate_parameter_constraints(
  File "/common/ketrong/tpotexp/env/lib/python3.10/site-packages/sklearn/utils/_param_validation.py", line 95, in validate_parameter_constraints
    raise InvalidParameterError(
sklearn.utils._param_validation.InvalidParameterError: The 'criterion' parameter of ExtraTreesRegressor must be a str among {'friedman_mse', 'poisson', 'absolute_error', 'squared_error'}. Got 'mae' instead.

Generation:  10
Best root_mean_squared_error score: -4.325156203780997
Generation:  40%|      | 10/25 [39:49<54:53, 219.54s/it] Generation:  11
Best root_mean_squared_error score: -4.3241222077659485
Generation:  44%|     | 11/25 [40:20<37:46, 161.90s/it]Generation:  12
Best root_mean_squared_error score: -4.321904857600101
Generation:  48%|     | 12/25 [41:00<27:02, 124.83s/it]Generation:  13
Best root_mean_squared_error score: -4.321904857600101
Generation:  52%|    | 13/25 [43:41<27:09, 135.78s/it]Generation:  14
Best root_mean_squared_error score: -4.321904857600101
Generation:  56%|    | 14/25 [44:29<20:00, 109.11s/it]WARNING THIS INDIVIDUAL CAUSED AND EXCEPTION 
 <tpot2.search_spaces.pipelines.sequential.SequentialPipelineIndividual object at 0x1554746a09a0> 
 The 'criterion' parameter of RandomForestRegressor must be a str among {'friedman_mse', 'poisson', 'absolute_error', 'squared_error'}. Got 'mse' instead. 
 Traceback (most recent call last):
  File "/common/ketrong/tpotexp/tpot2/tpot2/utils/eval_utils.py", line 53, in objective_nan_wrapper
    value = func_timeout.func_timeout(timeout, objective_function, args=[individual], kwargs=objective_kwargs)
  File "/common/ketrong/tpotexp/env/lib/python3.10/site-packages/func_timeout/dafunc.py", line 108, in func_timeout
    raise_exception(exception)
  File "/common/ketrong/tpotexp/env/lib/python3.10/site-packages/func_timeout/py3_raise.py", line 7, in raise_exception
    raise exception[0] from None
  File "/common/ketrong/tpotexp/tpot2/tpot2/tpot_estimator/estimator.py", line 623, in objective_function
    return objective_function_generator(
  File "/common/ketrong/tpotexp/tpot2/tpot2/tpot_estimator/estimator_utils.py", line 55, in objective_function_generator
    cv_obj_scores = cross_val_score_objective(sklearn.base.clone(pipeline),x,y,scorers=scorers, cv=cv , fold=step)
  File "/common/ketrong/tpotexp/tpot2/tpot2/tpot_estimator/cross_val_utils.py", line 28, in cross_val_score_objective
    this_fold_pipeline.fit(X_train,y_train)
  File "/common/ketrong/tpotexp/env/lib/python3.10/site-packages/sklearn/base.py", line 1473, in wrapper
    return fit_method(estimator, *args, **kwargs)
  File "/common/ketrong/tpotexp/env/lib/python3.10/site-packages/sklearn/pipeline.py", line 473, in fit
    self._final_estimator.fit(Xt, y, **last_step_params["fit"])
  File "/common/ketrong/tpotexp/env/lib/python3.10/site-packages/sklearn/base.py", line 1466, in wrapper
    estimator._validate_params()
  File "/common/ketrong/tpotexp/env/lib/python3.10/site-packages/sklearn/base.py", line 666, in _validate_params
    validate_parameter_constraints(
  File "/common/ketrong/tpotexp/env/lib/python3.10/site-packages/sklearn/utils/_param_validation.py", line 95, in validate_parameter_constraints
    raise InvalidParameterError(
sklearn.utils._param_validation.InvalidParameterError: The 'criterion' parameter of RandomForestRegressor must be a str among {'friedman_mse', 'poisson', 'absolute_error', 'squared_error'}. Got 'mse' instead.

Generation:  15
Best root_mean_squared_error score: -4.321904857600101
Generation:  60%|    | 15/25 [45:05<14:31, 87.18s/it] WARNING THIS INDIVIDUAL CAUSED AND EXCEPTION 
 <tpot2.search_spaces.pipelines.sequential.SequentialPipelineIndividual object at 0x155467905e70> 
 The 'criterion' parameter of DecisionTreeRegressor must be a str among {'friedman_mse', 'poisson', 'absolute_error', 'squared_error'}. Got 'mae' instead. 
 Traceback (most recent call last):
  File "/common/ketrong/tpotexp/tpot2/tpot2/utils/eval_utils.py", line 53, in objective_nan_wrapper
    value = func_timeout.func_timeout(timeout, objective_function, args=[individual], kwargs=objective_kwargs)
  File "/common/ketrong/tpotexp/env/lib/python3.10/site-packages/func_timeout/dafunc.py", line 108, in func_timeout
    raise_exception(exception)
  File "/common/ketrong/tpotexp/env/lib/python3.10/site-packages/func_timeout/py3_raise.py", line 7, in raise_exception
    raise exception[0] from None
  File "/common/ketrong/tpotexp/tpot2/tpot2/tpot_estimator/estimator.py", line 623, in objective_function
    return objective_function_generator(
  File "/common/ketrong/tpotexp/tpot2/tpot2/tpot_estimator/estimator_utils.py", line 55, in objective_function_generator
    cv_obj_scores = cross_val_score_objective(sklearn.base.clone(pipeline),x,y,scorers=scorers, cv=cv , fold=step)
  File "/common/ketrong/tpotexp/tpot2/tpot2/tpot_estimator/cross_val_utils.py", line 28, in cross_val_score_objective
    this_fold_pipeline.fit(X_train,y_train)
  File "/common/ketrong/tpotexp/env/lib/python3.10/site-packages/sklearn/base.py", line 1473, in wrapper
    return fit_method(estimator, *args, **kwargs)
  File "/common/ketrong/tpotexp/env/lib/python3.10/site-packages/sklearn/pipeline.py", line 473, in fit
    self._final_estimator.fit(Xt, y, **last_step_params["fit"])
  File "/common/ketrong/tpotexp/env/lib/python3.10/site-packages/sklearn/base.py", line 1466, in wrapper
    estimator._validate_params()
  File "/common/ketrong/tpotexp/env/lib/python3.10/site-packages/sklearn/base.py", line 666, in _validate_params
    validate_parameter_constraints(
  File "/common/ketrong/tpotexp/env/lib/python3.10/site-packages/sklearn/utils/_param_validation.py", line 95, in validate_parameter_constraints
    raise InvalidParameterError(
sklearn.utils._param_validation.InvalidParameterError: The 'criterion' parameter of DecisionTreeRegressor must be a str among {'friedman_mse', 'poisson', 'absolute_error', 'squared_error'}. Got 'mae' instead.

WARNING THIS INDIVIDUAL CAUSED AND EXCEPTION 
 <tpot2.search_spaces.pipelines.sequential.SequentialPipelineIndividual object at 0x1554678b3730> 
 The 'criterion' parameter of RandomForestRegressor must be a str among {'friedman_mse', 'poisson', 'absolute_error', 'squared_error'}. Got 'mae' instead. 
 Traceback (most recent call last):
  File "/common/ketrong/tpotexp/tpot2/tpot2/utils/eval_utils.py", line 53, in objective_nan_wrapper
    value = func_timeout.func_timeout(timeout, objective_function, args=[individual], kwargs=objective_kwargs)
  File "/common/ketrong/tpotexp/env/lib/python3.10/site-packages/func_timeout/dafunc.py", line 108, in func_timeout
    raise_exception(exception)
  File "/common/ketrong/tpotexp/env/lib/python3.10/site-packages/func_timeout/py3_raise.py", line 7, in raise_exception
    raise exception[0] from None
  File "/common/ketrong/tpotexp/tpot2/tpot2/tpot_estimator/estimator.py", line 623, in objective_function
    return objective_function_generator(
  File "/common/ketrong/tpotexp/tpot2/tpot2/tpot_estimator/estimator_utils.py", line 55, in objective_function_generator
    cv_obj_scores = cross_val_score_objective(sklearn.base.clone(pipeline),x,y,scorers=scorers, cv=cv , fold=step)
  File "/common/ketrong/tpotexp/tpot2/tpot2/tpot_estimator/cross_val_utils.py", line 28, in cross_val_score_objective
    this_fold_pipeline.fit(X_train,y_train)
  File "/common/ketrong/tpotexp/env/lib/python3.10/site-packages/sklearn/base.py", line 1473, in wrapper
    return fit_method(estimator, *args, **kwargs)
  File "/common/ketrong/tpotexp/env/lib/python3.10/site-packages/sklearn/pipeline.py", line 473, in fit
    self._final_estimator.fit(Xt, y, **last_step_params["fit"])
  File "/common/ketrong/tpotexp/env/lib/python3.10/site-packages/sklearn/base.py", line 1466, in wrapper
    estimator._validate_params()
  File "/common/ketrong/tpotexp/env/lib/python3.10/site-packages/sklearn/base.py", line 666, in _validate_params
    validate_parameter_constraints(
  File "/common/ketrong/tpotexp/env/lib/python3.10/site-packages/sklearn/utils/_param_validation.py", line 95, in validate_parameter_constraints
    raise InvalidParameterError(
sklearn.utils._param_validation.InvalidParameterError: The 'criterion' parameter of RandomForestRegressor must be a str among {'friedman_mse', 'poisson', 'absolute_error', 'squared_error'}. Got 'mae' instead.

Generation:  16
Best root_mean_squared_error score: -4.321904857600101
Generation:  64%|   | 16/25 [46:17<12:24, 82.75s/it]Generation:  17
Best root_mean_squared_error score: -4.321904857600101
Generation:  68%|   | 17/25 [49:12<14:42, 110.37s/it]WARNING THIS INDIVIDUAL CAUSED AND EXCEPTION 
 <tpot2.search_spaces.pipelines.sequential.SequentialPipelineIndividual object at 0x155474728e80> 
 The 'criterion' parameter of ExtraTreesRegressor must be a str among {'friedman_mse', 'poisson', 'absolute_error', 'squared_error'}. Got 'mae' instead. 
 Traceback (most recent call last):
  File "/common/ketrong/tpotexp/tpot2/tpot2/utils/eval_utils.py", line 53, in objective_nan_wrapper
    value = func_timeout.func_timeout(timeout, objective_function, args=[individual], kwargs=objective_kwargs)
  File "/common/ketrong/tpotexp/env/lib/python3.10/site-packages/func_timeout/dafunc.py", line 108, in func_timeout
    raise_exception(exception)
  File "/common/ketrong/tpotexp/env/lib/python3.10/site-packages/func_timeout/py3_raise.py", line 7, in raise_exception
    raise exception[0] from None
  File "/common/ketrong/tpotexp/tpot2/tpot2/tpot_estimator/estimator.py", line 623, in objective_function
    return objective_function_generator(
  File "/common/ketrong/tpotexp/tpot2/tpot2/tpot_estimator/estimator_utils.py", line 55, in objective_function_generator
    cv_obj_scores = cross_val_score_objective(sklearn.base.clone(pipeline),x,y,scorers=scorers, cv=cv , fold=step)
  File "/common/ketrong/tpotexp/tpot2/tpot2/tpot_estimator/cross_val_utils.py", line 28, in cross_val_score_objective
    this_fold_pipeline.fit(X_train,y_train)
  File "/common/ketrong/tpotexp/env/lib/python3.10/site-packages/sklearn/base.py", line 1473, in wrapper
    return fit_method(estimator, *args, **kwargs)
  File "/common/ketrong/tpotexp/env/lib/python3.10/site-packages/sklearn/pipeline.py", line 473, in fit
    self._final_estimator.fit(Xt, y, **last_step_params["fit"])
  File "/common/ketrong/tpotexp/env/lib/python3.10/site-packages/sklearn/base.py", line 1466, in wrapper
    estimator._validate_params()
  File "/common/ketrong/tpotexp/env/lib/python3.10/site-packages/sklearn/base.py", line 666, in _validate_params
    validate_parameter_constraints(
  File "/common/ketrong/tpotexp/env/lib/python3.10/site-packages/sklearn/utils/_param_validation.py", line 95, in validate_parameter_constraints
    raise InvalidParameterError(
sklearn.utils._param_validation.InvalidParameterError: The 'criterion' parameter of ExtraTreesRegressor must be a str among {'friedman_mse', 'poisson', 'absolute_error', 'squared_error'}. Got 'mae' instead.

WARNING THIS INDIVIDUAL CAUSED AND EXCEPTION 
 <tpot2.search_spaces.pipelines.sequential.SequentialPipelineIndividual object at 0x155467e73460> 
 The 'criterion' parameter of RandomForestRegressor must be a str among {'friedman_mse', 'poisson', 'absolute_error', 'squared_error'}. Got 'mse' instead. 
 Traceback (most recent call last):
  File "/common/ketrong/tpotexp/tpot2/tpot2/utils/eval_utils.py", line 53, in objective_nan_wrapper
    value = func_timeout.func_timeout(timeout, objective_function, args=[individual], kwargs=objective_kwargs)
  File "/common/ketrong/tpotexp/env/lib/python3.10/site-packages/func_timeout/dafunc.py", line 108, in func_timeout
    raise_exception(exception)
  File "/common/ketrong/tpotexp/env/lib/python3.10/site-packages/func_timeout/py3_raise.py", line 7, in raise_exception
    raise exception[0] from None
  File "/common/ketrong/tpotexp/tpot2/tpot2/tpot_estimator/estimator.py", line 623, in objective_function
    return objective_function_generator(
  File "/common/ketrong/tpotexp/tpot2/tpot2/tpot_estimator/estimator_utils.py", line 55, in objective_function_generator
    cv_obj_scores = cross_val_score_objective(sklearn.base.clone(pipeline),x,y,scorers=scorers, cv=cv , fold=step)
  File "/common/ketrong/tpotexp/tpot2/tpot2/tpot_estimator/cross_val_utils.py", line 28, in cross_val_score_objective
    this_fold_pipeline.fit(X_train,y_train)
  File "/common/ketrong/tpotexp/env/lib/python3.10/site-packages/sklearn/base.py", line 1473, in wrapper
    return fit_method(estimator, *args, **kwargs)
  File "/common/ketrong/tpotexp/env/lib/python3.10/site-packages/sklearn/pipeline.py", line 473, in fit
    self._final_estimator.fit(Xt, y, **last_step_params["fit"])
  File "/common/ketrong/tpotexp/env/lib/python3.10/site-packages/sklearn/base.py", line 1466, in wrapper
    estimator._validate_params()
  File "/common/ketrong/tpotexp/env/lib/python3.10/site-packages/sklearn/base.py", line 666, in _validate_params
    validate_parameter_constraints(
  File "/common/ketrong/tpotexp/env/lib/python3.10/site-packages/sklearn/utils/_param_validation.py", line 95, in validate_parameter_constraints
    raise InvalidParameterError(
sklearn.utils._param_validation.InvalidParameterError: The 'criterion' parameter of RandomForestRegressor must be a str among {'friedman_mse', 'poisson', 'absolute_error', 'squared_error'}. Got 'mse' instead.

Generation:  18
Best root_mean_squared_error score: -4.321904857600101
Generation:  72%|  | 18/25 [51:23<13:35, 116.47s/it]Generation:  19
Best root_mean_squared_error score: -4.321904857600101
Generation:  76%|  | 19/25 [54:56<14:33, 145.56s/it]Generation:  20
Best root_mean_squared_error score: -4.3212823626697885
Generation:  80%|  | 20/25 [55:45<09:42, 116.48s/it]Generation:  21
Best root_mean_squared_error score: -4.3212823626697885
Generation:  84%| | 21/25 [56:34<06:24, 96.21s/it] Generation:  22
Best root_mean_squared_error score: -4.3212823626697885
Generation:  88%| | 22/25 [58:49<05:23, 107.96s/it]WARNING AN INDIVIDUAL TIMED OUT: 
 <tpot2.search_spaces.pipelines.sequential.SequentialPipelineIndividual object at 0x1554654ca0b0> 

Generation:  23
Best root_mean_squared_error score: -4.3212823626697885
Generation:  92%|| 23/25 [1:09:22<08:50, 265.41s/it]WARNING THIS INDIVIDUAL CAUSED AND EXCEPTION 
 <tpot2.search_spaces.pipelines.sequential.SequentialPipelineIndividual object at 0x155465478430> 
 The 'criterion' parameter of RandomForestRegressor must be a str among {'friedman_mse', 'poisson', 'absolute_error', 'squared_error'}. Got 'mse' instead. 
 Traceback (most recent call last):
  File "/common/ketrong/tpotexp/tpot2/tpot2/utils/eval_utils.py", line 53, in objective_nan_wrapper
    value = func_timeout.func_timeout(timeout, objective_function, args=[individual], kwargs=objective_kwargs)
  File "/common/ketrong/tpotexp/env/lib/python3.10/site-packages/func_timeout/dafunc.py", line 108, in func_timeout
    raise_exception(exception)
  File "/common/ketrong/tpotexp/env/lib/python3.10/site-packages/func_timeout/py3_raise.py", line 7, in raise_exception
    raise exception[0] from None
  File "/common/ketrong/tpotexp/tpot2/tpot2/tpot_estimator/estimator.py", line 623, in objective_function
    return objective_function_generator(
  File "/common/ketrong/tpotexp/tpot2/tpot2/tpot_estimator/estimator_utils.py", line 55, in objective_function_generator
    cv_obj_scores = cross_val_score_objective(sklearn.base.clone(pipeline),x,y,scorers=scorers, cv=cv , fold=step)
  File "/common/ketrong/tpotexp/tpot2/tpot2/tpot_estimator/cross_val_utils.py", line 28, in cross_val_score_objective
    this_fold_pipeline.fit(X_train,y_train)
  File "/common/ketrong/tpotexp/env/lib/python3.10/site-packages/sklearn/base.py", line 1473, in wrapper
    return fit_method(estimator, *args, **kwargs)
  File "/common/ketrong/tpotexp/env/lib/python3.10/site-packages/sklearn/pipeline.py", line 473, in fit
    self._final_estimator.fit(Xt, y, **last_step_params["fit"])
  File "/common/ketrong/tpotexp/env/lib/python3.10/site-packages/sklearn/base.py", line 1466, in wrapper
    estimator._validate_params()
  File "/common/ketrong/tpotexp/env/lib/python3.10/site-packages/sklearn/base.py", line 666, in _validate_params
    validate_parameter_constraints(
  File "/common/ketrong/tpotexp/env/lib/python3.10/site-packages/sklearn/utils/_param_validation.py", line 95, in validate_parameter_constraints
    raise InvalidParameterError(
sklearn.utils._param_validation.InvalidParameterError: The 'criterion' parameter of RandomForestRegressor must be a str among {'friedman_mse', 'poisson', 'absolute_error', 'squared_error'}. Got 'mse' instead.

Generation:  24
Best root_mean_squared_error score: -4.3212823626697885
Generation:  96%|| 24/25 [1:19:47<06:13, 373.36s/it]WARNING THIS INDIVIDUAL CAUSED AND EXCEPTION 
 <tpot2.search_spaces.pipelines.sequential.SequentialPipelineIndividual object at 0x15546538c070> 
 The 'criterion' parameter of RandomForestRegressor must be a str among {'friedman_mse', 'poisson', 'absolute_error', 'squared_error'}. Got 'mae' instead. 
 Traceback (most recent call last):
  File "/common/ketrong/tpotexp/tpot2/tpot2/utils/eval_utils.py", line 53, in objective_nan_wrapper
    value = func_timeout.func_timeout(timeout, objective_function, args=[individual], kwargs=objective_kwargs)
  File "/common/ketrong/tpotexp/env/lib/python3.10/site-packages/func_timeout/dafunc.py", line 108, in func_timeout
    raise_exception(exception)
  File "/common/ketrong/tpotexp/env/lib/python3.10/site-packages/func_timeout/py3_raise.py", line 7, in raise_exception
    raise exception[0] from None
  File "/common/ketrong/tpotexp/tpot2/tpot2/tpot_estimator/estimator.py", line 623, in objective_function
    return objective_function_generator(
  File "/common/ketrong/tpotexp/tpot2/tpot2/tpot_estimator/estimator_utils.py", line 55, in objective_function_generator
    cv_obj_scores = cross_val_score_objective(sklearn.base.clone(pipeline),x,y,scorers=scorers, cv=cv , fold=step)
  File "/common/ketrong/tpotexp/tpot2/tpot2/tpot_estimator/cross_val_utils.py", line 28, in cross_val_score_objective
    this_fold_pipeline.fit(X_train,y_train)
  File "/common/ketrong/tpotexp/env/lib/python3.10/site-packages/sklearn/base.py", line 1473, in wrapper
    return fit_method(estimator, *args, **kwargs)
  File "/common/ketrong/tpotexp/env/lib/python3.10/site-packages/sklearn/pipeline.py", line 473, in fit
    self._final_estimator.fit(Xt, y, **last_step_params["fit"])
  File "/common/ketrong/tpotexp/env/lib/python3.10/site-packages/sklearn/base.py", line 1466, in wrapper
    estimator._validate_params()
  File "/common/ketrong/tpotexp/env/lib/python3.10/site-packages/sklearn/base.py", line 666, in _validate_params
    validate_parameter_constraints(
  File "/common/ketrong/tpotexp/env/lib/python3.10/site-packages/sklearn/utils/_param_validation.py", line 95, in validate_parameter_constraints
    raise InvalidParameterError(
sklearn.utils._param_validation.InvalidParameterError: The 'criterion' parameter of RandomForestRegressor must be a str among {'friedman_mse', 'poisson', 'absolute_error', 'squared_error'}. Got 'mae' instead.

Generation:  25
Best root_mean_squared_error score: -4.3212823626697885
Generation: 100%|| 25/25 [1:21:01<00:00, 283.56s/it]Generation: 100%|| 25/25 [1:21:08<00:00, 194.76s/it]
2024-09-23 10:28:16,048 - distributed.scheduler - ERROR - Removing worker 'tcp://127.0.0.1:36571' caused the cluster to lose scattered data, which can't be recovered: {'DataFrame-6dc4b2072bc5167c39418ceaedc62078', 'ndarray-e71424e23fe46778070fe50a63788bd9'} (stimulus_id='handle-worker-cleanup-1727112496.0487785')
Fitted
Pipeline(steps=[('xgbregressor',
                 XGBRegressor(base_score=None, booster=None, callbacks=None,
                              colsample_bylevel=None, colsample_bynode=None,
                              colsample_bytree=None, device=None,
                              early_stopping_rounds=None,
                              enable_categorical=False, eval_metric=None,
                              feature_types=None, gamma=6.0978713701588,
                              grow_policy=None, importance_type=None,
                              interaction_constraints=None,
                              learning_rate=0.0547335095698, max_bin=None,
                              max_cat_threshold=None, max_cat_to_onehot=None,
                              max_delta_step=None, max_depth=3, max_leaves=None,
                              min_child_weight=2, missing=nan,
                              monotone_constraints=None, multi_strategy=None,
                              n_estimators=100, n_jobs=1, nthread=1,
                              num_parallel_tree=None, ...))])
score start
train score: {'explained_var': 0.04532237335828149, 'r2': 0.045322418212890625, 'rmse': 4.292474277181055}
original test score: {'explained_var': 0.06880687681173214, 'r2': 0.06880682706832886, 'rmse': 4.236325926124831}
imputed test score: {'explained_var': 0.02432952778278208, 'r2': 0.024321556091308594, 'rmse': 4.336335027302767}
score end
check intended
EXP2 Finished
running experiment 3/3 - What is the best automl settings?
<tpot2.search_spaces.pipelines.sequential.SequentialPipeline object at 0x1553987337f0>
Start tpot fit
Version 0.1.7a0 of tpot2 is outdated. Version 0.1.8a0 was released 5 days ago.
Version 0.1.7a0 of tpot2 is outdated. Version 0.1.8a0 was released 5 days ago.
Version 0.1.7a0 of tpot2 is outdated. Version 0.1.8a0 was released 5 days ago.
Version 0.1.7a0 of tpot2 is outdated. Version 0.1.8a0 was released 5 days ago.
Version 0.1.7a0 of tpot2 is outdated. Version 0.1.8a0 was released 5 days ago.
Version 0.1.7a0 of tpot2 is outdated. Version 0.1.8a0 was released 5 days ago.
Version 0.1.7a0 of tpot2 is outdated. Version 0.1.8a0 was released 5 days ago.
Version 0.1.7a0 of tpot2 is outdated. Version 0.1.8a0 was released 5 days ago.
Version 0.1.7a0 of tpot2 is outdated. Version 0.1.8a0 was released 5 days ago.
Version 0.1.7a0 of tpot2 is outdated. Version 0.1.8a0 was released 5 days ago.
Version 0.1.7a0 of tpot2 is outdated. Version 0.1.8a0 was released 5 days ago.
Version 0.1.7a0 of tpot2 is outdated. Version 0.1.8a0 was released 5 days ago.
Version 0.1.7a0 of tpot2 is outdated. Version 0.1.8a0 was released 5 days ago.
Version 0.1.7a0 of tpot2 is outdated. Version 0.1.8a0 was released 5 days ago.
Version 0.1.7a0 of tpot2 is outdated. Version 0.1.8a0 was released 5 days ago.
Version 0.1.7a0 of tpot2 is outdated. Version 0.1.8a0 was released 5 days ago.
  0%|          | 0/25 [00:00<?, ?it/s]Generation:   0%|          | 0/25 [00:00<?, ?it/s]WARNING AN INDIVIDUAL TIMED OUT: 
 <tpot2.search_spaces.pipelines.sequential.SequentialPipelineIndividual object at 0x1554746a0c10> 

Generation:  1
Best root_mean_squared_error score: -3.02575905031611
Generation:   4%|         | 1/25 [10:02<4:00:51, 602.15s/it]WARNING AN INDIVIDUAL TIMED OUT: 
 <tpot2.search_spaces.pipelines.sequential.SequentialPipelineIndividual object at 0x155467f00f10> 

WARNING AN INDIVIDUAL TIMED OUT: 
 <tpot2.search_spaces.pipelines.sequential.SequentialPipelineIndividual object at 0x1554746a1990> 

Generation:  2
Best root_mean_squared_error score: -2.740370749956293
Generation:   8%|         | 2/25 [20:06<3:51:15, 603.28s/it]Generation:  3
Best root_mean_squared_error score: -2.7269424106840896
Generation:  12%|        | 3/25 [25:05<2:50:16, 464.39s/it]Generation:  4
Best root_mean_squared_error score: -2.69183097702102
Generation:  16%|        | 4/25 [30:27<2:22:49, 408.06s/it]WARNING THIS INDIVIDUAL CAUSED AND EXCEPTION 
 <tpot2.search_spaces.pipelines.sequential.SequentialPipelineIndividual object at 0x155467fba4a0> 
 The 'criterion' parameter of RandomForestRegressor must be a str among {'friedman_mse', 'poisson', 'absolute_error', 'squared_error'}. Got 'mse' instead. 
 Traceback (most recent call last):
  File "/common/ketrong/tpotexp/tpot2/tpot2/utils/eval_utils.py", line 53, in objective_nan_wrapper
    value = func_timeout.func_timeout(timeout, objective_function, args=[individual], kwargs=objective_kwargs)
  File "/common/ketrong/tpotexp/env/lib/python3.10/site-packages/func_timeout/dafunc.py", line 108, in func_timeout
    raise_exception(exception)
  File "/common/ketrong/tpotexp/env/lib/python3.10/site-packages/func_timeout/py3_raise.py", line 7, in raise_exception
    raise exception[0] from None
  File "/common/ketrong/tpotexp/tpot2/tpot2/tpot_estimator/estimator.py", line 623, in objective_function
    return objective_function_generator(
  File "/common/ketrong/tpotexp/tpot2/tpot2/tpot_estimator/estimator_utils.py", line 55, in objective_function_generator
    cv_obj_scores = cross_val_score_objective(sklearn.base.clone(pipeline),x,y,scorers=scorers, cv=cv , fold=step)
  File "/common/ketrong/tpotexp/tpot2/tpot2/tpot_estimator/cross_val_utils.py", line 28, in cross_val_score_objective
    this_fold_pipeline.fit(X_train,y_train)
  File "/common/ketrong/tpotexp/env/lib/python3.10/site-packages/sklearn/base.py", line 1473, in wrapper
    return fit_method(estimator, *args, **kwargs)
  File "/common/ketrong/tpotexp/env/lib/python3.10/site-packages/sklearn/pipeline.py", line 473, in fit
    self._final_estimator.fit(Xt, y, **last_step_params["fit"])
  File "/common/ketrong/tpotexp/env/lib/python3.10/site-packages/sklearn/base.py", line 1466, in wrapper
    estimator._validate_params()
  File "/common/ketrong/tpotexp/env/lib/python3.10/site-packages/sklearn/base.py", line 666, in _validate_params
    validate_parameter_constraints(
  File "/common/ketrong/tpotexp/env/lib/python3.10/site-packages/sklearn/utils/_param_validation.py", line 95, in validate_parameter_constraints
    raise InvalidParameterError(
sklearn.utils._param_validation.InvalidParameterError: The 'criterion' parameter of RandomForestRegressor must be a str among {'friedman_mse', 'poisson', 'absolute_error', 'squared_error'}. Got 'mse' instead.

WARNING THIS INDIVIDUAL CAUSED AND EXCEPTION 
 <tpot2.search_spaces.pipelines.sequential.SequentialPipelineIndividual object at 0x1554679fd930> 
 The 'criterion' parameter of RandomForestRegressor must be a str among {'friedman_mse', 'poisson', 'absolute_error', 'squared_error'}. Got 'mse' instead. 
 Traceback (most recent call last):
  File "/common/ketrong/tpotexp/tpot2/tpot2/utils/eval_utils.py", line 53, in objective_nan_wrapper
    value = func_timeout.func_timeout(timeout, objective_function, args=[individual], kwargs=objective_kwargs)
  File "/common/ketrong/tpotexp/env/lib/python3.10/site-packages/func_timeout/dafunc.py", line 108, in func_timeout
    raise_exception(exception)
  File "/common/ketrong/tpotexp/env/lib/python3.10/site-packages/func_timeout/py3_raise.py", line 7, in raise_exception
    raise exception[0] from None
  File "/common/ketrong/tpotexp/tpot2/tpot2/tpot_estimator/estimator.py", line 623, in objective_function
    return objective_function_generator(
  File "/common/ketrong/tpotexp/tpot2/tpot2/tpot_estimator/estimator_utils.py", line 55, in objective_function_generator
    cv_obj_scores = cross_val_score_objective(sklearn.base.clone(pipeline),x,y,scorers=scorers, cv=cv , fold=step)
  File "/common/ketrong/tpotexp/tpot2/tpot2/tpot_estimator/cross_val_utils.py", line 28, in cross_val_score_objective
    this_fold_pipeline.fit(X_train,y_train)
  File "/common/ketrong/tpotexp/env/lib/python3.10/site-packages/sklearn/base.py", line 1473, in wrapper
    return fit_method(estimator, *args, **kwargs)
  File "/common/ketrong/tpotexp/env/lib/python3.10/site-packages/sklearn/pipeline.py", line 473, in fit
    self._final_estimator.fit(Xt, y, **last_step_params["fit"])
  File "/common/ketrong/tpotexp/env/lib/python3.10/site-packages/sklearn/base.py", line 1466, in wrapper
    estimator._validate_params()
  File "/common/ketrong/tpotexp/env/lib/python3.10/site-packages/sklearn/base.py", line 666, in _validate_params
    validate_parameter_constraints(
  File "/common/ketrong/tpotexp/env/lib/python3.10/site-packages/sklearn/utils/_param_validation.py", line 95, in validate_parameter_constraints
    raise InvalidParameterError(
sklearn.utils._param_validation.InvalidParameterError: The 'criterion' parameter of RandomForestRegressor must be a str among {'friedman_mse', 'poisson', 'absolute_error', 'squared_error'}. Got 'mse' instead.

WARNING AN INDIVIDUAL TIMED OUT: 
 <tpot2.search_spaces.pipelines.sequential.SequentialPipelineIndividual object at 0x155474729360> 

WARNING AN INDIVIDUAL TIMED OUT: 
 <tpot2.search_spaces.pipelines.sequential.SequentialPipelineIndividual object at 0x15547470a1d0> 

Generation:  5
Best root_mean_squared_error score: -2.69183097702102
Generation:  20%|        | 5/25 [40:31<2:39:34, 478.73s/it]WARNING AN INDIVIDUAL TIMED OUT: 
 <tpot2.search_spaces.pipelines.sequential.SequentialPipelineIndividual object at 0x155465328670> 

Generation:  6
Best root_mean_squared_error score: -2.69183097702102
Generation:  24%|       | 6/25 [50:34<2:45:01, 521.14s/it]WARNING AN INDIVIDUAL TIMED OUT: 
 <tpot2.search_spaces.pipelines.sequential.SequentialPipelineIndividual object at 0x1554746f2bf0> 

Generation:  7
Best root_mean_squared_error score: -2.69183097702102
Generation:  28%|       | 7/25 [1:00:38<2:44:27, 548.22s/it]WARNING THIS INDIVIDUAL CAUSED AND EXCEPTION 
 <tpot2.search_spaces.pipelines.sequential.SequentialPipelineIndividual object at 0x15545211f700> 
 The 'criterion' parameter of DecisionTreeRegressor must be a str among {'friedman_mse', 'poisson', 'absolute_error', 'squared_error'}. Got 'mae' instead. 
 Traceback (most recent call last):
  File "/common/ketrong/tpotexp/tpot2/tpot2/utils/eval_utils.py", line 53, in objective_nan_wrapper
    value = func_timeout.func_timeout(timeout, objective_function, args=[individual], kwargs=objective_kwargs)
  File "/common/ketrong/tpotexp/env/lib/python3.10/site-packages/func_timeout/dafunc.py", line 108, in func_timeout
    raise_exception(exception)
  File "/common/ketrong/tpotexp/env/lib/python3.10/site-packages/func_timeout/py3_raise.py", line 7, in raise_exception
    raise exception[0] from None
  File "/common/ketrong/tpotexp/tpot2/tpot2/tpot_estimator/estimator.py", line 623, in objective_function
    return objective_function_generator(
  File "/common/ketrong/tpotexp/tpot2/tpot2/tpot_estimator/estimator_utils.py", line 55, in objective_function_generator
    cv_obj_scores = cross_val_score_objective(sklearn.base.clone(pipeline),x,y,scorers=scorers, cv=cv , fold=step)
  File "/common/ketrong/tpotexp/tpot2/tpot2/tpot_estimator/cross_val_utils.py", line 28, in cross_val_score_objective
    this_fold_pipeline.fit(X_train,y_train)
  File "/common/ketrong/tpotexp/env/lib/python3.10/site-packages/sklearn/base.py", line 1473, in wrapper
    return fit_method(estimator, *args, **kwargs)
  File "/common/ketrong/tpotexp/env/lib/python3.10/site-packages/sklearn/pipeline.py", line 473, in fit
    self._final_estimator.fit(Xt, y, **last_step_params["fit"])
  File "/common/ketrong/tpotexp/env/lib/python3.10/site-packages/sklearn/base.py", line 1466, in wrapper
    estimator._validate_params()
  File "/common/ketrong/tpotexp/env/lib/python3.10/site-packages/sklearn/base.py", line 666, in _validate_params
    validate_parameter_constraints(
  File "/common/ketrong/tpotexp/env/lib/python3.10/site-packages/sklearn/utils/_param_validation.py", line 95, in validate_parameter_constraints
    raise InvalidParameterError(
sklearn.utils._param_validation.InvalidParameterError: The 'criterion' parameter of DecisionTreeRegressor must be a str among {'friedman_mse', 'poisson', 'absolute_error', 'squared_error'}. Got 'mae' instead.

WARNING THIS INDIVIDUAL CAUSED AND EXCEPTION 
 <tpot2.search_spaces.pipelines.sequential.SequentialPipelineIndividual object at 0x15545211eb00> 
 The 'criterion' parameter of ExtraTreesRegressor must be a str among {'friedman_mse', 'poisson', 'absolute_error', 'squared_error'}. Got 'mae' instead. 
 Traceback (most recent call last):
  File "/common/ketrong/tpotexp/tpot2/tpot2/utils/eval_utils.py", line 53, in objective_nan_wrapper
    value = func_timeout.func_timeout(timeout, objective_function, args=[individual], kwargs=objective_kwargs)
  File "/common/ketrong/tpotexp/env/lib/python3.10/site-packages/func_timeout/dafunc.py", line 108, in func_timeout
    raise_exception(exception)
  File "/common/ketrong/tpotexp/env/lib/python3.10/site-packages/func_timeout/py3_raise.py", line 7, in raise_exception
    raise exception[0] from None
  File "/common/ketrong/tpotexp/tpot2/tpot2/tpot_estimator/estimator.py", line 623, in objective_function
    return objective_function_generator(
  File "/common/ketrong/tpotexp/tpot2/tpot2/tpot_estimator/estimator_utils.py", line 55, in objective_function_generator
    cv_obj_scores = cross_val_score_objective(sklearn.base.clone(pipeline),x,y,scorers=scorers, cv=cv , fold=step)
  File "/common/ketrong/tpotexp/tpot2/tpot2/tpot_estimator/cross_val_utils.py", line 28, in cross_val_score_objective
    this_fold_pipeline.fit(X_train,y_train)
  File "/common/ketrong/tpotexp/env/lib/python3.10/site-packages/sklearn/base.py", line 1473, in wrapper
    return fit_method(estimator, *args, **kwargs)
  File "/common/ketrong/tpotexp/env/lib/python3.10/site-packages/sklearn/pipeline.py", line 473, in fit
    self._final_estimator.fit(Xt, y, **last_step_params["fit"])
  File "/common/ketrong/tpotexp/env/lib/python3.10/site-packages/sklearn/base.py", line 1466, in wrapper
    estimator._validate_params()
  File "/common/ketrong/tpotexp/env/lib/python3.10/site-packages/sklearn/base.py", line 666, in _validate_params
    validate_parameter_constraints(
  File "/common/ketrong/tpotexp/env/lib/python3.10/site-packages/sklearn/utils/_param_validation.py", line 95, in validate_parameter_constraints
    raise InvalidParameterError(
sklearn.utils._param_validation.InvalidParameterError: The 'criterion' parameter of ExtraTreesRegressor must be a str among {'friedman_mse', 'poisson', 'absolute_error', 'squared_error'}. Got 'mae' instead.

WARNING THIS INDIVIDUAL CAUSED AND EXCEPTION 
 <tpot2.search_spaces.pipelines.sequential.SequentialPipelineIndividual object at 0x155467d941f0> 
 The 'criterion' parameter of DecisionTreeRegressor must be a str among {'friedman_mse', 'poisson', 'absolute_error', 'squared_error'}. Got 'mae' instead. 
 Traceback (most recent call last):
  File "/common/ketrong/tpotexp/tpot2/tpot2/utils/eval_utils.py", line 53, in objective_nan_wrapper
    value = func_timeout.func_timeout(timeout, objective_function, args=[individual], kwargs=objective_kwargs)
  File "/common/ketrong/tpotexp/env/lib/python3.10/site-packages/func_timeout/dafunc.py", line 108, in func_timeout
    raise_exception(exception)
  File "/common/ketrong/tpotexp/env/lib/python3.10/site-packages/func_timeout/py3_raise.py", line 7, in raise_exception
    raise exception[0] from None
  File "/common/ketrong/tpotexp/tpot2/tpot2/tpot_estimator/estimator.py", line 623, in objective_function
    return objective_function_generator(
  File "/common/ketrong/tpotexp/tpot2/tpot2/tpot_estimator/estimator_utils.py", line 55, in objective_function_generator
    cv_obj_scores = cross_val_score_objective(sklearn.base.clone(pipeline),x,y,scorers=scorers, cv=cv , fold=step)
  File "/common/ketrong/tpotexp/tpot2/tpot2/tpot_estimator/cross_val_utils.py", line 28, in cross_val_score_objective
    this_fold_pipeline.fit(X_train,y_train)
  File "/common/ketrong/tpotexp/env/lib/python3.10/site-packages/sklearn/base.py", line 1473, in wrapper
    return fit_method(estimator, *args, **kwargs)
  File "/common/ketrong/tpotexp/env/lib/python3.10/site-packages/sklearn/pipeline.py", line 473, in fit
    self._final_estimator.fit(Xt, y, **last_step_params["fit"])
  File "/common/ketrong/tpotexp/env/lib/python3.10/site-packages/sklearn/base.py", line 1466, in wrapper
    estimator._validate_params()
  File "/common/ketrong/tpotexp/env/lib/python3.10/site-packages/sklearn/base.py", line 666, in _validate_params
    validate_parameter_constraints(
  File "/common/ketrong/tpotexp/env/lib/python3.10/site-packages/sklearn/utils/_param_validation.py", line 95, in validate_parameter_constraints
    raise InvalidParameterError(
sklearn.utils._param_validation.InvalidParameterError: The 'criterion' parameter of DecisionTreeRegressor must be a str among {'friedman_mse', 'poisson', 'absolute_error', 'squared_error'}. Got 'mae' instead.

WARNING AN INDIVIDUAL TIMED OUT: 
 <tpot2.search_spaces.pipelines.sequential.SequentialPipelineIndividual object at 0x155467974a30> 

Generation:  8
Best root_mean_squared_error score: -2.69183097702102
Generation:  32%|      | 8/25 [1:10:41<2:40:14, 565.58s/it]Generation:  9
Best root_mean_squared_error score: -2.69183097702102
Generation:  36%|      | 9/25 [1:16:43<2:13:50, 501.91s/it]WARNING AN INDIVIDUAL TIMED OUT: 
 <tpot2.search_spaces.pipelines.sequential.SequentialPipelineIndividual object at 0x1554653e7970> 

Generation:  10
Best root_mean_squared_error score: -2.69183097702102
Generation:  40%|      | 10/25 [1:26:47<2:13:24, 533.62s/it]Generation:  11
Best root_mean_squared_error score: -2.69183097702102
Generation:  44%|     | 11/25 [1:31:52<1:48:11, 463.71s/it]WARNING THIS INDIVIDUAL CAUSED AND EXCEPTION 
 <tpot2.search_spaces.pipelines.sequential.SequentialPipelineIndividual object at 0x155464862470> 
 The 'criterion' parameter of RandomForestRegressor must be a str among {'friedman_mse', 'poisson', 'absolute_error', 'squared_error'}. Got 'mae' instead. 
 Traceback (most recent call last):
  File "/common/ketrong/tpotexp/tpot2/tpot2/utils/eval_utils.py", line 53, in objective_nan_wrapper
    value = func_timeout.func_timeout(timeout, objective_function, args=[individual], kwargs=objective_kwargs)
  File "/common/ketrong/tpotexp/env/lib/python3.10/site-packages/func_timeout/dafunc.py", line 108, in func_timeout
    raise_exception(exception)
  File "/common/ketrong/tpotexp/env/lib/python3.10/site-packages/func_timeout/py3_raise.py", line 7, in raise_exception
    raise exception[0] from None
  File "/common/ketrong/tpotexp/tpot2/tpot2/tpot_estimator/estimator.py", line 623, in objective_function
    return objective_function_generator(
  File "/common/ketrong/tpotexp/tpot2/tpot2/tpot_estimator/estimator_utils.py", line 55, in objective_function_generator
    cv_obj_scores = cross_val_score_objective(sklearn.base.clone(pipeline),x,y,scorers=scorers, cv=cv , fold=step)
  File "/common/ketrong/tpotexp/tpot2/tpot2/tpot_estimator/cross_val_utils.py", line 28, in cross_val_score_objective
    this_fold_pipeline.fit(X_train,y_train)
  File "/common/ketrong/tpotexp/env/lib/python3.10/site-packages/sklearn/base.py", line 1473, in wrapper
    return fit_method(estimator, *args, **kwargs)
  File "/common/ketrong/tpotexp/env/lib/python3.10/site-packages/sklearn/pipeline.py", line 473, in fit
    self._final_estimator.fit(Xt, y, **last_step_params["fit"])
  File "/common/ketrong/tpotexp/env/lib/python3.10/site-packages/sklearn/base.py", line 1466, in wrapper
    estimator._validate_params()
  File "/common/ketrong/tpotexp/env/lib/python3.10/site-packages/sklearn/base.py", line 666, in _validate_params
    validate_parameter_constraints(
  File "/common/ketrong/tpotexp/env/lib/python3.10/site-packages/sklearn/utils/_param_validation.py", line 95, in validate_parameter_constraints
    raise InvalidParameterError(
sklearn.utils._param_validation.InvalidParameterError: The 'criterion' parameter of RandomForestRegressor must be a str among {'friedman_mse', 'poisson', 'absolute_error', 'squared_error'}. Got 'mae' instead.

Generation:  12
Best root_mean_squared_error score: -2.69183097702102
Generation:  48%|     | 12/25 [1:37:45<1:33:07, 429.83s/it]Generation:  13
Best root_mean_squared_error score: -2.69183097702102
Generation:  52%|    | 13/25 [1:43:37<1:21:16, 406.34s/it]WARNING THIS INDIVIDUAL CAUSED AND EXCEPTION 
 <tpot2.search_spaces.pipelines.sequential.SequentialPipelineIndividual object at 0x155465137220> 
 The 'criterion' parameter of ExtraTreesRegressor must be a str among {'friedman_mse', 'poisson', 'absolute_error', 'squared_error'}. Got 'mae' instead. 
 Traceback (most recent call last):
  File "/common/ketrong/tpotexp/tpot2/tpot2/utils/eval_utils.py", line 53, in objective_nan_wrapper
    value = func_timeout.func_timeout(timeout, objective_function, args=[individual], kwargs=objective_kwargs)
  File "/common/ketrong/tpotexp/env/lib/python3.10/site-packages/func_timeout/dafunc.py", line 108, in func_timeout
    raise_exception(exception)
  File "/common/ketrong/tpotexp/env/lib/python3.10/site-packages/func_timeout/py3_raise.py", line 7, in raise_exception
    raise exception[0] from None
  File "/common/ketrong/tpotexp/tpot2/tpot2/tpot_estimator/estimator.py", line 623, in objective_function
    return objective_function_generator(
  File "/common/ketrong/tpotexp/tpot2/tpot2/tpot_estimator/estimator_utils.py", line 55, in objective_function_generator
    cv_obj_scores = cross_val_score_objective(sklearn.base.clone(pipeline),x,y,scorers=scorers, cv=cv , fold=step)
  File "/common/ketrong/tpotexp/tpot2/tpot2/tpot_estimator/cross_val_utils.py", line 28, in cross_val_score_objective
    this_fold_pipeline.fit(X_train,y_train)
  File "/common/ketrong/tpotexp/env/lib/python3.10/site-packages/sklearn/base.py", line 1473, in wrapper
    return fit_method(estimator, *args, **kwargs)
  File "/common/ketrong/tpotexp/env/lib/python3.10/site-packages/sklearn/pipeline.py", line 473, in fit
    self._final_estimator.fit(Xt, y, **last_step_params["fit"])
  File "/common/ketrong/tpotexp/env/lib/python3.10/site-packages/sklearn/base.py", line 1466, in wrapper
    estimator._validate_params()
  File "/common/ketrong/tpotexp/env/lib/python3.10/site-packages/sklearn/base.py", line 666, in _validate_params
    validate_parameter_constraints(
  File "/common/ketrong/tpotexp/env/lib/python3.10/site-packages/sklearn/utils/_param_validation.py", line 95, in validate_parameter_constraints
    raise InvalidParameterError(
sklearn.utils._param_validation.InvalidParameterError: The 'criterion' parameter of ExtraTreesRegressor must be a str among {'friedman_mse', 'poisson', 'absolute_error', 'squared_error'}. Got 'mae' instead.

Generation:  14
Best root_mean_squared_error score: -2.69183097702102
Generation:  56%|    | 14/25 [1:49:04<1:10:06, 382.40s/it]WARNING THIS INDIVIDUAL CAUSED AND EXCEPTION 
 <tpot2.search_spaces.pipelines.sequential.SequentialPipelineIndividual object at 0x1554651de800> 
 The 'criterion' parameter of DecisionTreeRegressor must be a str among {'friedman_mse', 'poisson', 'absolute_error', 'squared_error'}. Got 'mae' instead. 
 Traceback (most recent call last):
  File "/common/ketrong/tpotexp/tpot2/tpot2/utils/eval_utils.py", line 53, in objective_nan_wrapper
    value = func_timeout.func_timeout(timeout, objective_function, args=[individual], kwargs=objective_kwargs)
  File "/common/ketrong/tpotexp/env/lib/python3.10/site-packages/func_timeout/dafunc.py", line 108, in func_timeout
    raise_exception(exception)
  File "/common/ketrong/tpotexp/env/lib/python3.10/site-packages/func_timeout/py3_raise.py", line 7, in raise_exception
    raise exception[0] from None
  File "/common/ketrong/tpotexp/tpot2/tpot2/tpot_estimator/estimator.py", line 623, in objective_function
    return objective_function_generator(
  File "/common/ketrong/tpotexp/tpot2/tpot2/tpot_estimator/estimator_utils.py", line 55, in objective_function_generator
    cv_obj_scores = cross_val_score_objective(sklearn.base.clone(pipeline),x,y,scorers=scorers, cv=cv , fold=step)
  File "/common/ketrong/tpotexp/tpot2/tpot2/tpot_estimator/cross_val_utils.py", line 28, in cross_val_score_objective
    this_fold_pipeline.fit(X_train,y_train)
  File "/common/ketrong/tpotexp/env/lib/python3.10/site-packages/sklearn/base.py", line 1473, in wrapper
    return fit_method(estimator, *args, **kwargs)
  File "/common/ketrong/tpotexp/env/lib/python3.10/site-packages/sklearn/pipeline.py", line 473, in fit
    self._final_estimator.fit(Xt, y, **last_step_params["fit"])
  File "/common/ketrong/tpotexp/env/lib/python3.10/site-packages/sklearn/base.py", line 1466, in wrapper
    estimator._validate_params()
  File "/common/ketrong/tpotexp/env/lib/python3.10/site-packages/sklearn/base.py", line 666, in _validate_params
    validate_parameter_constraints(
  File "/common/ketrong/tpotexp/env/lib/python3.10/site-packages/sklearn/utils/_param_validation.py", line 95, in validate_parameter_constraints
    raise InvalidParameterError(
sklearn.utils._param_validation.InvalidParameterError: The 'criterion' parameter of DecisionTreeRegressor must be a str among {'friedman_mse', 'poisson', 'absolute_error', 'squared_error'}. Got 'mae' instead.

WARNING AN INDIVIDUAL TIMED OUT: 
 <tpot2.search_spaces.pipelines.sequential.SequentialPipelineIndividual object at 0x1554746a3e80> 

Generation:  15
Best root_mean_squared_error score: -2.69183097702102
Generation:  60%|    | 15/25 [1:59:08<1:14:50, 449.08s/it]WARNING AN INDIVIDUAL TIMED OUT: 
 <tpot2.search_spaces.pipelines.sequential.SequentialPipelineIndividual object at 0x15546750dea0> 

WARNING AN INDIVIDUAL TIMED OUT: 
 <tpot2.search_spaces.pipelines.sequential.SequentialPipelineIndividual object at 0x155467f1c0d0> 

Generation:  16
Best root_mean_squared_error score: -2.69183097702102
Generation:  64%|   | 16/25 [2:09:13<1:14:25, 496.17s/it]Generation:  17
Best root_mean_squared_error score: -2.69183097702102
Generation:  68%|   | 17/25 [2:14:18<58:28, 438.51s/it]  Generation:  18
Best root_mean_squared_error score: -2.69183097702102
Generation:  72%|  | 18/25 [2:19:30<46:43, 400.48s/it]WARNING THIS INDIVIDUAL CAUSED AND EXCEPTION 
 <tpot2.search_spaces.pipelines.sequential.SequentialPipelineIndividual object at 0x155467d161d0> 
 The 'criterion' parameter of RandomForestRegressor must be a str among {'friedman_mse', 'poisson', 'absolute_error', 'squared_error'}. Got 'mse' instead. 
 Traceback (most recent call last):
  File "/common/ketrong/tpotexp/tpot2/tpot2/utils/eval_utils.py", line 53, in objective_nan_wrapper
    value = func_timeout.func_timeout(timeout, objective_function, args=[individual], kwargs=objective_kwargs)
  File "/common/ketrong/tpotexp/env/lib/python3.10/site-packages/func_timeout/dafunc.py", line 108, in func_timeout
    raise_exception(exception)
  File "/common/ketrong/tpotexp/env/lib/python3.10/site-packages/func_timeout/py3_raise.py", line 7, in raise_exception
    raise exception[0] from None
  File "/common/ketrong/tpotexp/tpot2/tpot2/tpot_estimator/estimator.py", line 623, in objective_function
    return objective_function_generator(
  File "/common/ketrong/tpotexp/tpot2/tpot2/tpot_estimator/estimator_utils.py", line 55, in objective_function_generator
    cv_obj_scores = cross_val_score_objective(sklearn.base.clone(pipeline),x,y,scorers=scorers, cv=cv , fold=step)
  File "/common/ketrong/tpotexp/tpot2/tpot2/tpot_estimator/cross_val_utils.py", line 28, in cross_val_score_objective
    this_fold_pipeline.fit(X_train,y_train)
  File "/common/ketrong/tpotexp/env/lib/python3.10/site-packages/sklearn/base.py", line 1473, in wrapper
    return fit_method(estimator, *args, **kwargs)
  File "/common/ketrong/tpotexp/env/lib/python3.10/site-packages/sklearn/pipeline.py", line 473, in fit
    self._final_estimator.fit(Xt, y, **last_step_params["fit"])
  File "/common/ketrong/tpotexp/env/lib/python3.10/site-packages/sklearn/base.py", line 1466, in wrapper
    estimator._validate_params()
  File "/common/ketrong/tpotexp/env/lib/python3.10/site-packages/sklearn/base.py", line 666, in _validate_params
    validate_parameter_constraints(
  File "/common/ketrong/tpotexp/env/lib/python3.10/site-packages/sklearn/utils/_param_validation.py", line 95, in validate_parameter_constraints
    raise InvalidParameterError(
sklearn.utils._param_validation.InvalidParameterError: The 'criterion' parameter of RandomForestRegressor must be a str among {'friedman_mse', 'poisson', 'absolute_error', 'squared_error'}. Got 'mse' instead.

Generation:  19
Best root_mean_squared_error score: -2.6898665342985333
Generation:  76%|  | 19/25 [2:24:43<37:25, 374.31s/it]Generation:  20
Best root_mean_squared_error score: -2.6898665342985333
Generation:  80%|  | 20/25 [2:29:30<29:00, 348.20s/it]WARNING THIS INDIVIDUAL CAUSED AND EXCEPTION 
 <tpot2.search_spaces.pipelines.sequential.SequentialPipelineIndividual object at 0x155466dd7490> 
 The 'criterion' parameter of RandomForestRegressor must be a str among {'friedman_mse', 'poisson', 'absolute_error', 'squared_error'}. Got 'mse' instead. 
 Traceback (most recent call last):
  File "/common/ketrong/tpotexp/tpot2/tpot2/utils/eval_utils.py", line 53, in objective_nan_wrapper
    value = func_timeout.func_timeout(timeout, objective_function, args=[individual], kwargs=objective_kwargs)
  File "/common/ketrong/tpotexp/env/lib/python3.10/site-packages/func_timeout/dafunc.py", line 108, in func_timeout
    raise_exception(exception)
  File "/common/ketrong/tpotexp/env/lib/python3.10/site-packages/func_timeout/py3_raise.py", line 7, in raise_exception
    raise exception[0] from None
  File "/common/ketrong/tpotexp/tpot2/tpot2/tpot_estimator/estimator.py", line 623, in objective_function
    return objective_function_generator(
  File "/common/ketrong/tpotexp/tpot2/tpot2/tpot_estimator/estimator_utils.py", line 55, in objective_function_generator
    cv_obj_scores = cross_val_score_objective(sklearn.base.clone(pipeline),x,y,scorers=scorers, cv=cv , fold=step)
  File "/common/ketrong/tpotexp/tpot2/tpot2/tpot_estimator/cross_val_utils.py", line 28, in cross_val_score_objective
    this_fold_pipeline.fit(X_train,y_train)
  File "/common/ketrong/tpotexp/env/lib/python3.10/site-packages/sklearn/base.py", line 1473, in wrapper
    return fit_method(estimator, *args, **kwargs)
  File "/common/ketrong/tpotexp/env/lib/python3.10/site-packages/sklearn/pipeline.py", line 473, in fit
    self._final_estimator.fit(Xt, y, **last_step_params["fit"])
  File "/common/ketrong/tpotexp/env/lib/python3.10/site-packages/sklearn/base.py", line 1466, in wrapper
    estimator._validate_params()
  File "/common/ketrong/tpotexp/env/lib/python3.10/site-packages/sklearn/base.py", line 666, in _validate_params
    validate_parameter_constraints(
  File "/common/ketrong/tpotexp/env/lib/python3.10/site-packages/sklearn/utils/_param_validation.py", line 95, in validate_parameter_constraints
    raise InvalidParameterError(
sklearn.utils._param_validation.InvalidParameterError: The 'criterion' parameter of RandomForestRegressor must be a str among {'friedman_mse', 'poisson', 'absolute_error', 'squared_error'}. Got 'mse' instead.

WARNING THIS INDIVIDUAL CAUSED AND EXCEPTION 
 <tpot2.search_spaces.pipelines.sequential.SequentialPipelineIndividual object at 0x155467d76fb0> 
 The 'criterion' parameter of ExtraTreesRegressor must be a str among {'friedman_mse', 'poisson', 'absolute_error', 'squared_error'}. Got 'mae' instead. 
 Traceback (most recent call last):
  File "/common/ketrong/tpotexp/tpot2/tpot2/utils/eval_utils.py", line 53, in objective_nan_wrapper
    value = func_timeout.func_timeout(timeout, objective_function, args=[individual], kwargs=objective_kwargs)
  File "/common/ketrong/tpotexp/env/lib/python3.10/site-packages/func_timeout/dafunc.py", line 108, in func_timeout
    raise_exception(exception)
  File "/common/ketrong/tpotexp/env/lib/python3.10/site-packages/func_timeout/py3_raise.py", line 7, in raise_exception
    raise exception[0] from None
  File "/common/ketrong/tpotexp/tpot2/tpot2/tpot_estimator/estimator.py", line 623, in objective_function
    return objective_function_generator(
  File "/common/ketrong/tpotexp/tpot2/tpot2/tpot_estimator/estimator_utils.py", line 55, in objective_function_generator
    cv_obj_scores = cross_val_score_objective(sklearn.base.clone(pipeline),x,y,scorers=scorers, cv=cv , fold=step)
  File "/common/ketrong/tpotexp/tpot2/tpot2/tpot_estimator/cross_val_utils.py", line 28, in cross_val_score_objective
    this_fold_pipeline.fit(X_train,y_train)
  File "/common/ketrong/tpotexp/env/lib/python3.10/site-packages/sklearn/base.py", line 1473, in wrapper
    return fit_method(estimator, *args, **kwargs)
  File "/common/ketrong/tpotexp/env/lib/python3.10/site-packages/sklearn/pipeline.py", line 473, in fit
    self._final_estimator.fit(Xt, y, **last_step_params["fit"])
  File "/common/ketrong/tpotexp/env/lib/python3.10/site-packages/sklearn/base.py", line 1466, in wrapper
    estimator._validate_params()
  File "/common/ketrong/tpotexp/env/lib/python3.10/site-packages/sklearn/base.py", line 666, in _validate_params
    validate_parameter_constraints(
  File "/common/ketrong/tpotexp/env/lib/python3.10/site-packages/sklearn/utils/_param_validation.py", line 95, in validate_parameter_constraints
    raise InvalidParameterError(
sklearn.utils._param_validation.InvalidParameterError: The 'criterion' parameter of ExtraTreesRegressor must be a str among {'friedman_mse', 'poisson', 'absolute_error', 'squared_error'}. Got 'mae' instead.

Generation:  21
Best root_mean_squared_error score: -2.6898638271178408
Generation:  84%| | 21/25 [2:34:47<22:35, 338.84s/it]Generation:  22
Best root_mean_squared_error score: -2.6898638271178408
Generation:  88%| | 22/25 [2:39:53<16:26, 328.87s/it]Generation:  23
Best root_mean_squared_error score: -2.6898638271178408
Generation:  92%|| 23/25 [2:44:45<10:35, 317.87s/it]Generation:  24
Best root_mean_squared_error score: -2.6898638271178408
Generation:  96%|| 24/25 [2:49:47<05:13, 313.05s/it]WARNING AN INDIVIDUAL TIMED OUT: 
 <tpot2.search_spaces.pipelines.sequential.SequentialPipelineIndividual object at 0x1554746a58d0> 

Generation:  25
Best root_mean_squared_error score: -2.6898638271178408
Generation: 100%|| 25/25 [2:59:51<00:00, 400.27s/it]Generation: 100%|| 25/25 [2:59:51<00:00, 431.65s/it]
2024-09-23 13:28:16,724 - distributed.scheduler - ERROR - Removing worker 'tcp://127.0.0.1:35463' caused the cluster to lose scattered data, which can't be recovered: {'DataFrame-d2828b9ec3fd8e19d1f9c0db7281b0fb', 'DataFrame-6dc4b2072bc5167c39418ceaedc62078'} (stimulus_id='handle-worker-cleanup-1727123296.724605')
Fitted
Pipeline(steps=[('simpleimputer', SimpleImputer()),
                ('xgbregressor',
                 XGBRegressor(base_score=None, booster=None, callbacks=None,
                              colsample_bylevel=None, colsample_bynode=None,
                              colsample_bytree=None, device=None,
                              early_stopping_rounds=None,
                              enable_categorical=False, eval_metric=None,
                              feature_types=None, gamma=0.0001389657021,
                              grow_policy=None, importance_type=None,
                              interaction_constraints=None,
                              learning_rate=0.0854093686596, max_bin=None,
                              max_cat_threshold=None, max_cat_to_onehot=None,
                              max_delta_step=None, max_depth=5, max_leaves=None,
                              min_child_weight=21, missing=nan,
                              monotone_constraints=None, multi_strategy=None,
                              n_estimators=100, n_jobs=1, nthread=1,
                              num_parallel_tree=None, ...))])
transform worked
try transform
transform worked
score start
train score: {'explained_var': 0.640217321559776, 'r2': 0.6402173042297363, 'rmse': 2.635114488312674}
test score: {'explained_var': 0.6674120887922288, 'r2': 0.6673702597618103, 'rmse': 2.5319201116074037}
original test score: {'explained_var': 0.9456768604427244, 'r2': 0.9456647038459778, 'rmse': 1.0233179404742994}
score end
215
lvl
0.3
type
MNAR
num_run
1
reg_full
finished
all finished
full run takes
14.691026680204603
hours
DONE
