Run: 28
/cm/local/apps/slurm/var/spool/job969199/slurm_script: line 26: 
pip install -e tpot2
pip install -r tpot2/ImputerExperiments/requirements_.txt
: No such file or directory
RunStart
Version 0.1.7a0 of tpot2 is outdated. Version 0.1.8a0 was released 6 days ago.
starting loops
../data/r/216/216.pkl
working on 
../data/r/216/reg_full_MCAR_0.5_2
1.4730942249298096
running experiment 1/3 - Does large hyperparameter space improve reconstruction accuracy over simple
[I 2024-09-23 20:25:54,614] A new study created in memory with name: no-name-e05b3c49-6d99-4f71-83a7-07374085e82c
running
running
running
running
running
running
running
running
running
running
running
running
running
running
running
running
[I 2024-09-23 20:26:19,518] Trial 3 finished with value: 0.22118294152046492 and parameters: {'model_name': 'KNNImputer', 'n_neighbors': 11589, 'weights': 'uniform'}. Best is trial 3 with value: 0.22118294152046492.
running
[I 2024-09-23 20:26:20,756] Trial 4 finished with value: 0.22118294152046492 and parameters: {'model_name': 'KNNImputer', 'n_neighbors': 10690, 'weights': 'uniform'}. Best is trial 3 with value: 0.22118294152046492.
running
[I 2024-09-23 20:26:23,153] Trial 2 finished with value: 0.22299223446082017 and parameters: {'model_name': 'KNNImputer', 'n_neighbors': 6927, 'weights': 'uniform'}. Best is trial 3 with value: 0.22118294152046492.
running
[I 2024-09-23 20:26:23,341] Trial 11 finished with value: 0.22354737891226514 and parameters: {'model_name': 'KNNImputer', 'n_neighbors': 5291, 'weights': 'uniform'}. Best is trial 3 with value: 0.22118294152046492.
running
[I 2024-09-23 20:26:28,280] Trial 1 finished with value: 0.2205102496735317 and parameters: {'model_name': 'IterativeImputer', 'estimator': 'Ridge', 'initial_strategy': 'constant', 'n_nearest_features': 18, 'imputation_order': 'roman'}. Best is trial 1 with value: 0.2205102496735317.
running
[I 2024-09-23 20:26:29,203] Trial 20 finished with value: 0.22118294152046492 and parameters: {'model_name': 'SimpleImputer', 'strategy': 'mean'}. Best is trial 1 with value: 0.2205102496735317.
running
[I 2024-09-23 20:26:29,825] Trial 10 finished with value: 0.22380976154859428 and parameters: {'model_name': 'KNNImputer', 'n_neighbors': 4890, 'weights': 'distance'}. Best is trial 1 with value: 0.2205102496735317.
running
[I 2024-09-23 20:26:30,676] Trial 22 finished with value: 0.22118294152046492 and parameters: {'model_name': 'SimpleImputer', 'strategy': 'mean'}. Best is trial 1 with value: 0.2205102496735317.
running
[I 2024-09-23 20:26:32,040] Trial 7 finished with value: 0.22177862036407348 and parameters: {'model_name': 'KNNImputer', 'n_neighbors': 12550, 'weights': 'distance'}. Best is trial 1 with value: 0.2205102496735317.
running
[I 2024-09-23 20:26:35,938] Trial 12 finished with value: 0.3951933591675003 and parameters: {'model_name': 'GAIN', 'batch_size': 3, 'hint_rate': 0.6583542978566875, 'alpha': 4, 'iterations': 3, 'learning_rate': 0.007128502531876578, 'p_miss': 0.190267266202187}. Best is trial 1 with value: 0.2205102496735317.
running
[I 2024-09-23 20:26:44,737] Trial 19 finished with value: 0.22335860800219276 and parameters: {'model_name': 'KNNImputer', 'n_neighbors': 884, 'weights': 'distance'}. Best is trial 1 with value: 0.2205102496735317.
running
[I 2024-09-23 20:26:59,825] Trial 13 finished with value: 0.2209404675627324 and parameters: {'model_name': 'IterativeImputer', 'estimator': 'Ridge', 'initial_strategy': 'mean', 'n_nearest_features': 2, 'imputation_order': 'roman'}. Best is trial 1 with value: 0.2205102496735317.
running
[I 2024-09-23 20:27:01,490] Trial 5 finished with value: 0.22103133203799935 and parameters: {'model_name': 'IterativeImputer', 'estimator': 'Ridge', 'initial_strategy': 'mean', 'n_nearest_features': 5, 'imputation_order': 'ascending'}. Best is trial 1 with value: 0.2205102496735317.
running
[I 2024-09-23 20:27:11,984] Trial 25 finished with value: 0.2205102496735317 and parameters: {'model_name': 'IterativeImputer', 'estimator': 'Ridge', 'initial_strategy': 'constant', 'n_nearest_features': 17, 'imputation_order': 'roman'}. Best is trial 1 with value: 0.2205102496735317.
running
[I 2024-09-23 20:27:16,672] Trial 9 finished with value: 0.23168160683069877 and parameters: {'model_name': 'VAE', 'batch_size': 172, 'iterations': 10, 'learning_rate': 0.07825022423643241, 'p_miss': 0.2722976648089101}. Best is trial 1 with value: 0.2205102496735317.
running
[I 2024-09-23 20:27:19,150] Trial 26 finished with value: 0.2205102496735317 and parameters: {'model_name': 'IterativeImputer', 'estimator': 'Ridge', 'initial_strategy': 'constant', 'n_nearest_features': 17, 'imputation_order': 'roman'}. Best is trial 1 with value: 0.2205102496735317.
running
[I 2024-09-23 20:27:34,522] Trial 21 finished with value: 0.3935189745379484 and parameters: {'model_name': 'GAIN', 'batch_size': 35, 'hint_rate': 0.016931923830282407, 'alpha': 89, 'iterations': 47, 'learning_rate': 0.03179565875128443, 'p_miss': 0.2296919544773547}. Best is trial 1 with value: 0.2205102496735317.
running
[I 2024-09-23 20:27:36,082] Trial 8 finished with value: 0.22061119136307578 and parameters: {'model_name': 'IterativeImputer', 'estimator': 'Bayesian', 'initial_strategy': 'most_frequent', 'n_nearest_features': 18, 'imputation_order': 'ascending', 'sample_posterior': False}. Best is trial 1 with value: 0.2205102496735317.
running
[I 2024-09-23 20:27:36,532] Trial 28 finished with value: 0.2205102496735317 and parameters: {'model_name': 'IterativeImputer', 'estimator': 'Ridge', 'initial_strategy': 'constant', 'n_nearest_features': 17, 'imputation_order': 'roman'}. Best is trial 1 with value: 0.2205102496735317.
running
[I 2024-09-23 20:27:44,433] Trial 23 finished with value: 0.220597213268204 and parameters: {'model_name': 'IterativeImputer', 'estimator': 'Ridge', 'initial_strategy': 'median', 'n_nearest_features': 12, 'imputation_order': 'descending'}. Best is trial 1 with value: 0.2205102496735317.
running
[I 2024-09-23 20:27:48,715] Trial 30 finished with value: 0.2205102496735317 and parameters: {'model_name': 'IterativeImputer', 'estimator': 'Ridge', 'initial_strategy': 'constant', 'n_nearest_features': 18, 'imputation_order': 'roman'}. Best is trial 1 with value: 0.2205102496735317.
running
[I 2024-09-23 20:28:02,797] Trial 27 finished with value: 0.22086408790729709 and parameters: {'model_name': 'IterativeImputer', 'estimator': 'Ridge', 'initial_strategy': 'constant', 'n_nearest_features': 3, 'imputation_order': 'roman'}. Best is trial 1 with value: 0.2205102496735317.
running
[I 2024-09-23 20:29:05,774] Trial 0 finished with value: 0.22060896716321904 and parameters: {'model_name': 'IterativeImputer', 'estimator': 'Bayesian', 'initial_strategy': 'median', 'n_nearest_features': 16, 'imputation_order': 'arabic', 'sample_posterior': False}. Best is trial 1 with value: 0.2205102496735317.
running
[I 2024-09-23 20:29:28,472] Trial 6 finished with value: 0.2407682272914602 and parameters: {'model_name': 'IterativeImputer', 'estimator': 'KNN', 'initial_strategy': 'most_frequent', 'n_nearest_features': 15, 'imputation_order': 'arabic'}. Best is trial 1 with value: 0.2205102496735317.
running
[I 2024-09-23 20:29:57,148] Trial 33 finished with value: 0.23853300136008032 and parameters: {'model_name': 'IterativeImputer', 'estimator': 'KNN', 'initial_strategy': 'constant', 'n_nearest_features': 13, 'imputation_order': 'roman'}. Best is trial 1 with value: 0.2205102496735317.
running
[I 2024-09-23 20:34:12,826] Trial 16 finished with value: 0.23199392571018257 and parameters: {'model_name': 'VAE', 'batch_size': 20, 'iterations': 209, 'learning_rate': 0.01102998197034711, 'p_miss': 0.05465211414751409}. Best is trial 1 with value: 0.2205102496735317.
running
[I 2024-09-23 20:38:44,651] Trial 15 finished with value: inf and parameters: {'model_name': 'GAIN', 'batch_size': 1, 'hint_rate': 0.3875642085345771, 'alpha': 57, 'iterations': 2618, 'learning_rate': 0.0358059242521342, 'p_miss': 0.07124210460553891}. Best is trial 1 with value: 0.2205102496735317.
running
[I 2024-09-23 20:38:46,260] Trial 42 finished with value: 0.41910717458571567 and parameters: {'model_name': 'SimpleImputer', 'strategy': 'most_frequent'}. Best is trial 1 with value: 0.2205102496735317.
running
[I 2024-09-23 20:44:48,594] Trial 24 finished with value: 0.24025143877497745 and parameters: {'model_name': 'VAE', 'batch_size': 2, 'iterations': 354, 'learning_rate': 0.0619681884231596, 'p_miss': 0.2909085412889306}. Best is trial 1 with value: 0.2205102496735317.
running
[I 2024-09-23 20:57:17,705] Trial 14 finished with value: 0.3828459035117714 and parameters: {'model_name': 'GAIN', 'batch_size': 5, 'hint_rate': 0.6758831018815933, 'alpha': 37, 'iterations': 1236, 'learning_rate': 0.00042470898303721265, 'p_miss': 0.27640597646633175}. Best is trial 1 with value: 0.2205102496735317.
running
[I 2024-09-23 21:00:27,372] Trial 17 finished with value: inf and parameters: {'model_name': 'GAIN', 'batch_size': 2, 'hint_rate': 0.221890073604271, 'alpha': 7, 'iterations': 6835, 'learning_rate': 0.005142412738303881, 'p_miss': 0.0117777845470267}. Best is trial 1 with value: 0.2205102496735317.
running
[I 2024-09-23 21:53:12,925] Trial 43 finished with value: 0.22605666869897253 and parameters: {'model_name': 'IterativeImputer', 'estimator': 'RFR', 'initial_strategy': 'constant', 'n_nearest_features': 8, 'imputation_order': 'random'}. Best is trial 1 with value: 0.2205102496735317.
running
[I 2024-09-23 21:53:59,144] Trial 41 finished with value: 0.22538927407363696 and parameters: {'model_name': 'IterativeImputer', 'estimator': 'RFR', 'initial_strategy': 'constant', 'n_nearest_features': 9, 'imputation_order': 'random'}. Best is trial 1 with value: 0.2205102496735317.
running
[I 2024-09-23 21:54:15,257] Trial 47 finished with value: 0.22050352286271074 and parameters: {'model_name': 'IterativeImputer', 'estimator': 'Ridge', 'initial_strategy': 'constant', 'n_nearest_features': 16, 'imputation_order': 'roman'}. Best is trial 47 with value: 0.22050352286271074.
running
[I 2024-09-23 21:55:01,530] Trial 48 finished with value: 0.22050352286271074 and parameters: {'model_name': 'IterativeImputer', 'estimator': 'Ridge', 'initial_strategy': 'constant', 'n_nearest_features': 16, 'imputation_order': 'roman'}. Best is trial 47 with value: 0.22050352286271074.
running
[I 2024-09-23 21:55:32,606] Trial 49 finished with value: 0.22050686736128652 and parameters: {'model_name': 'IterativeImputer', 'estimator': 'Ridge', 'initial_strategy': 'constant', 'n_nearest_features': 14, 'imputation_order': 'roman'}. Best is trial 47 with value: 0.22050352286271074.
running
[I 2024-09-23 21:56:17,972] Trial 50 finished with value: 0.22050686736128652 and parameters: {'model_name': 'IterativeImputer', 'estimator': 'Ridge', 'initial_strategy': 'constant', 'n_nearest_features': 14, 'imputation_order': 'roman'}. Best is trial 47 with value: 0.22050352286271074.
running
[I 2024-09-23 21:56:48,917] Trial 51 finished with value: 0.22050686736128652 and parameters: {'model_name': 'IterativeImputer', 'estimator': 'Ridge', 'initial_strategy': 'constant', 'n_nearest_features': 14, 'imputation_order': 'roman'}. Best is trial 47 with value: 0.22050352286271074.
running
[I 2024-09-23 21:57:33,976] Trial 52 finished with value: 0.22050686736128652 and parameters: {'model_name': 'IterativeImputer', 'estimator': 'Ridge', 'initial_strategy': 'constant', 'n_nearest_features': 14, 'imputation_order': 'roman'}. Best is trial 47 with value: 0.22050352286271074.
running
[I 2024-09-23 21:58:03,349] Trial 53 finished with value: 0.22054677846303558 and parameters: {'model_name': 'IterativeImputer', 'estimator': 'Ridge', 'initial_strategy': 'constant', 'n_nearest_features': 11, 'imputation_order': 'descending'}. Best is trial 47 with value: 0.22050352286271074.
running
[I 2024-09-23 21:58:48,325] Trial 54 finished with value: 0.22054677846303558 and parameters: {'model_name': 'IterativeImputer', 'estimator': 'Ridge', 'initial_strategy': 'constant', 'n_nearest_features': 11, 'imputation_order': 'descending'}. Best is trial 47 with value: 0.22050352286271074.
running
[I 2024-09-23 21:59:21,222] Trial 55 finished with value: 0.22050686736128652 and parameters: {'model_name': 'IterativeImputer', 'estimator': 'Ridge', 'initial_strategy': 'constant', 'n_nearest_features': 14, 'imputation_order': 'roman'}. Best is trial 47 with value: 0.22050352286271074.
running
[I 2024-09-23 22:00:05,121] Trial 56 finished with value: 0.22050686736128652 and parameters: {'model_name': 'IterativeImputer', 'estimator': 'Ridge', 'initial_strategy': 'constant', 'n_nearest_features': 14, 'imputation_order': 'roman'}. Best is trial 47 with value: 0.22050352286271074.
running
[I 2024-09-23 22:00:37,829] Trial 57 finished with value: 0.22050620016373673 and parameters: {'model_name': 'IterativeImputer', 'estimator': 'Ridge', 'initial_strategy': 'constant', 'n_nearest_features': 15, 'imputation_order': 'roman'}. Best is trial 47 with value: 0.22050352286271074.
running
[I 2024-09-23 22:01:19,982] Trial 58 finished with value: 0.22050620016373673 and parameters: {'model_name': 'IterativeImputer', 'estimator': 'Ridge', 'initial_strategy': 'constant', 'n_nearest_features': 15, 'imputation_order': 'roman'}. Best is trial 47 with value: 0.22050352286271074.
running
[I 2024-09-23 22:01:36,556] Trial 60 finished with value: 0.19235509298925818 and parameters: {'model_name': 'VAE', 'batch_size': 639, 'iterations': 3, 'learning_rate': 0.00012708579931470354, 'p_miss': 0.12058055113270008}. Best is trial 60 with value: 0.19235509298925818.
running
[I 2024-09-23 22:01:37,454] Trial 59 finished with value: 0.22050352286271074 and parameters: {'model_name': 'IterativeImputer', 'estimator': 'Ridge', 'initial_strategy': 'constant', 'n_nearest_features': 16, 'imputation_order': 'roman'}. Best is trial 60 with value: 0.19235509298925818.
running
[I 2024-09-23 22:01:44,691] Trial 62 finished with value: 0.18905877505359753 and parameters: {'model_name': 'VAE', 'batch_size': 929, 'iterations': 1, 'learning_rate': 0.00011021793010379347, 'p_miss': 0.12534464150504113}. Best is trial 62 with value: 0.18905877505359753.
running
[I 2024-09-23 22:01:54,426] Trial 61 finished with value: 0.18978074340626477 and parameters: {'model_name': 'VAE', 'batch_size': 739, 'iterations': 2, 'learning_rate': 0.00010869674684588775, 'p_miss': 0.13849983020660056}. Best is trial 62 with value: 0.18905877505359753.
running
[I 2024-09-23 22:01:55,270] Trial 63 finished with value: 0.19041067919963556 and parameters: {'model_name': 'VAE', 'batch_size': 921, 'iterations': 1, 'learning_rate': 0.00010235692976384256, 'p_miss': 0.12741982941151164}. Best is trial 62 with value: 0.18905877505359753.
running
[I 2024-09-23 22:02:04,183] Trial 65 finished with value: 0.19244508514843495 and parameters: {'model_name': 'VAE', 'batch_size': 992, 'iterations': 1, 'learning_rate': 0.00010891484358033415, 'p_miss': 0.12667394791240863}. Best is trial 62 with value: 0.18905877505359753.
running
[I 2024-09-23 22:02:05,358] Trial 64 finished with value: 0.1900172113244178 and parameters: {'model_name': 'VAE', 'batch_size': 816, 'iterations': 1, 'learning_rate': 0.00010952484917055124, 'p_miss': 0.12664636472199065}. Best is trial 62 with value: 0.18905877505359753.
running
[I 2024-09-23 22:02:15,629] Trial 67 finished with value: 0.19155674911250348 and parameters: {'model_name': 'VAE', 'batch_size': 970, 'iterations': 1, 'learning_rate': 0.00010052520153670596, 'p_miss': 0.12868926451856705}. Best is trial 62 with value: 0.18905877505359753.
running
[I 2024-09-23 22:02:16,305] Trial 66 finished with value: 0.19130525784832014 and parameters: {'model_name': 'VAE', 'batch_size': 978, 'iterations': 1, 'learning_rate': 0.0001003110757096269, 'p_miss': 0.13049632941691008}. Best is trial 62 with value: 0.18905877505359753.
running
[I 2024-09-23 22:02:24,338] Trial 69 finished with value: 0.1917282726057774 and parameters: {'model_name': 'VAE', 'batch_size': 456, 'iterations': 1, 'learning_rate': 0.0002038769119555897, 'p_miss': 0.13922243082891242}. Best is trial 62 with value: 0.18905877505359753.
running
[I 2024-09-23 22:02:26,417] Trial 68 finished with value: 0.19184690355418255 and parameters: {'model_name': 'VAE', 'batch_size': 926, 'iterations': 1, 'learning_rate': 0.00010004122626517488, 'p_miss': 0.1315878248530317}. Best is trial 62 with value: 0.18905877505359753.
running
[I 2024-09-23 22:02:33,867] Trial 71 finished with value: 0.19176702739765233 and parameters: {'model_name': 'VAE', 'batch_size': 281, 'iterations': 1, 'learning_rate': 0.0004024991007177507, 'p_miss': 0.10006598426691568}. Best is trial 62 with value: 0.18905877505359753.
running
[I 2024-09-23 22:02:34,452] Trial 70 finished with value: 0.1885350657107578 and parameters: {'model_name': 'VAE', 'batch_size': 848, 'iterations': 1, 'learning_rate': 0.0003082247453149165, 'p_miss': 0.1087203766693544}. Best is trial 70 with value: 0.1885350657107578.
running
[I 2024-09-23 22:03:03,239] Trial 73 finished with value: 0.191430625154358 and parameters: {'model_name': 'VAE', 'batch_size': 283, 'iterations': 4, 'learning_rate': 0.0003943107237883129, 'p_miss': 0.09180439845015101}. Best is trial 70 with value: 0.1885350657107578.
running
[I 2024-09-23 22:03:07,809] Trial 72 finished with value: 0.18816235409137252 and parameters: {'model_name': 'VAE', 'batch_size': 989, 'iterations': 4, 'learning_rate': 0.0002639288929426529, 'p_miss': 0.16832995161932024}. Best is trial 72 with value: 0.18816235409137252.
running
[I 2024-09-23 22:03:27,480] Trial 74 finished with value: 0.19180490419392865 and parameters: {'model_name': 'VAE', 'batch_size': 405, 'iterations': 5, 'learning_rate': 0.00023930665083533815, 'p_miss': 0.17034074030669644}. Best is trial 72 with value: 0.18816235409137252.
running
[I 2024-09-23 22:03:36,097] Trial 75 finished with value: 0.19010927205411948 and parameters: {'model_name': 'VAE', 'batch_size': 399, 'iterations': 6, 'learning_rate': 0.0002637600806353242, 'p_miss': 0.1711468277306092}. Best is trial 72 with value: 0.18816235409137252.
running
[I 2024-09-23 22:03:41,870] Trial 76 finished with value: 0.18893372878868403 and parameters: {'model_name': 'VAE', 'batch_size': 574, 'iterations': 2, 'learning_rate': 0.00021771591926970875, 'p_miss': 0.16698502064254436}. Best is trial 72 with value: 0.18816235409137252.
running
[I 2024-09-23 22:03:50,331] Trial 18 finished with value: 0.4139026668189837 and parameters: {'model_name': 'GAIN', 'batch_size': 257, 'hint_rate': 0.8683174157902309, 'alpha': 30, 'iterations': 3317, 'learning_rate': 0.0007197762698213071, 'p_miss': 0.10637979330115879}. Best is trial 72 with value: 0.18816235409137252.
running
[I 2024-09-23 22:03:50,954] Trial 77 finished with value: 0.19017568788484013 and parameters: {'model_name': 'VAE', 'batch_size': 504, 'iterations': 2, 'learning_rate': 0.0010705208434401842, 'p_miss': 0.16407188850514937}. Best is trial 72 with value: 0.18816235409137252.
running
[I 2024-09-23 22:04:24,248] Trial 80 finished with value: 0.18898451465315905 and parameters: {'model_name': 'VAE', 'batch_size': 116, 'iterations': 8, 'learning_rate': 0.00022552001866259658, 'p_miss': 0.190802272974957}. Best is trial 72 with value: 0.18816235409137252.
running
[I 2024-09-23 22:04:33,068] Trial 79 finished with value: 0.18986795265594653 and parameters: {'model_name': 'VAE', 'batch_size': 433, 'iterations': 7, 'learning_rate': 0.00020371599171887234, 'p_miss': 0.17144781055526587}. Best is trial 72 with value: 0.18816235409137252.
running
[I 2024-09-23 22:04:40,043] Trial 78 finished with value: 0.18539994278452676 and parameters: {'model_name': 'VAE', 'batch_size': 158, 'iterations': 12, 'learning_rate': 0.0011834900947513864, 'p_miss': 0.1716151751749436}. Best is trial 78 with value: 0.18539994278452676.
running
[I 2024-09-23 22:05:07,489] Trial 81 finished with value: 0.19183462951348826 and parameters: {'model_name': 'VAE', 'batch_size': 132, 'iterations': 11, 'learning_rate': 0.0001880714675387447, 'p_miss': 0.19310834083131648}. Best is trial 78 with value: 0.18539994278452676.
running
[I 2024-09-23 22:06:15,667] Trial 83 finished with value: 0.1876928860268157 and parameters: {'model_name': 'VAE', 'batch_size': 193, 'iterations': 17, 'learning_rate': 0.0012622885027408102, 'p_miss': 0.20296291466022384}. Best is trial 78 with value: 0.18539994278452676.
running
[I 2024-09-23 22:06:30,408] Trial 85 finished with value: 0.2230452315459229 and parameters: {'model_name': 'KNNImputer', 'n_neighbors': 596, 'weights': 'distance'}. Best is trial 78 with value: 0.18539994278452676.
running
[I 2024-09-23 22:06:42,391] Trial 82 finished with value: 0.1887868822798361 and parameters: {'model_name': 'VAE', 'batch_size': 171, 'iterations': 27, 'learning_rate': 0.0002236809430142108, 'p_miss': 0.19537897187644768}. Best is trial 78 with value: 0.18539994278452676.
running
[I 2024-09-23 22:07:05,840] Trial 44 finished with value: 0.2247990506280754 and parameters: {'model_name': 'IterativeImputer', 'estimator': 'RFR', 'initial_strategy': 'constant', 'n_nearest_features': 9, 'imputation_order': 'random'}. Best is trial 78 with value: 0.18539994278452676.
running
[I 2024-09-23 22:07:06,466] Trial 84 finished with value: 0.18779949424628836 and parameters: {'model_name': 'VAE', 'batch_size': 76, 'iterations': 24, 'learning_rate': 0.001387452869692066, 'p_miss': 0.2020569916970711}. Best is trial 78 with value: 0.18539994278452676.
running
[I 2024-09-23 22:07:53,291] Trial 86 finished with value: 0.18676825771315222 and parameters: {'model_name': 'VAE', 'batch_size': 74, 'iterations': 17, 'learning_rate': 0.001180371484578421, 'p_miss': 0.1983042949914821}. Best is trial 78 with value: 0.18539994278452676.
running
[I 2024-09-23 22:07:58,432] Trial 36 finished with value: 0.2195452443534487 and parameters: {'model_name': 'IterativeImputer', 'estimator': 'RFR', 'initial_strategy': 'constant', 'n_nearest_features': 13, 'imputation_order': 'roman'}. Best is trial 78 with value: 0.18539994278452676.
running
[I 2024-09-23 22:08:55,133] Trial 88 finished with value: 0.1909988864864822 and parameters: {'model_name': 'VAE', 'batch_size': 101, 'iterations': 24, 'learning_rate': 0.001770199999736623, 'p_miss': 0.20051760966947166}. Best is trial 78 with value: 0.18539994278452676.
running
[I 2024-09-23 22:08:56,269] Trial 92 finished with value: 0.32192757354347473 and parameters: {'model_name': 'SimpleImputer', 'strategy': 'median'}. Best is trial 78 with value: 0.18539994278452676.
running
[I 2024-09-23 22:08:58,261] Trial 87 finished with value: 0.19612451185769939 and parameters: {'model_name': 'VAE', 'batch_size': 98, 'iterations': 24, 'learning_rate': 0.001763380969841731, 'p_miss': 0.19974643824082272}. Best is trial 78 with value: 0.18539994278452676.
running
[I 2024-09-23 22:09:02,112] Trial 89 finished with value: 0.19299688134117696 and parameters: {'model_name': 'VAE', 'batch_size': 99, 'iterations': 21, 'learning_rate': 0.0016882175894761004, 'p_miss': 0.21588022744931756}. Best is trial 78 with value: 0.18539994278452676.
running
[I 2024-09-23 22:09:31,827] Trial 91 finished with value: 0.18677307141264596 and parameters: {'model_name': 'VAE', 'batch_size': 79, 'iterations': 22, 'learning_rate': 0.001128434156188697, 'p_miss': 0.21258747738053055}. Best is trial 78 with value: 0.18539994278452676.
running
[I 2024-09-23 22:09:40,489] Trial 90 finished with value: 0.18429605111355224 and parameters: {'model_name': 'VAE', 'batch_size': 88, 'iterations': 25, 'learning_rate': 0.0013073855246158194, 'p_miss': 0.2261666979558159}. Best is trial 90 with value: 0.18429605111355224.
running
[I 2024-09-23 22:09:57,120] Trial 95 finished with value: 0.18679644868944345 and parameters: {'model_name': 'VAE', 'batch_size': 59, 'iterations': 14, 'learning_rate': 0.0009046664399185768, 'p_miss': 0.22574655816563466}. Best is trial 90 with value: 0.18429605111355224.
running
[I 2024-09-23 22:10:20,230] Trial 93 finished with value: 0.19114001823625842 and parameters: {'model_name': 'VAE', 'batch_size': 59, 'iterations': 18, 'learning_rate': 0.0018311149317307837, 'p_miss': 0.2234937340892318}. Best is trial 90 with value: 0.18429605111355224.
running
[I 2024-09-23 22:10:24,587] Trial 94 finished with value: 0.18612751012420978 and parameters: {'model_name': 'VAE', 'batch_size': 60, 'iterations': 17, 'learning_rate': 0.0008525659106701671, 'p_miss': 0.22801037437621116}. Best is trial 90 with value: 0.18429605111355224.
running
[I 2024-09-23 22:10:29,801] Trial 96 finished with value: 0.18851646954904272 and parameters: {'model_name': 'VAE', 'batch_size': 54, 'iterations': 13, 'learning_rate': 0.000823779370686529, 'p_miss': 0.23597129667524114}. Best is trial 90 with value: 0.18429605111355224.
running
[I 2024-09-23 22:10:46,143] Trial 98 finished with value: 0.18832360110860355 and parameters: {'model_name': 'VAE', 'batch_size': 53, 'iterations': 13, 'learning_rate': 0.0008826674219548752, 'p_miss': 0.24359621431722395}. Best is trial 90 with value: 0.18429605111355224.
running
[I 2024-09-23 22:11:59,792] Trial 100 finished with value: 0.38051323633218487 and parameters: {'model_name': 'GAIN', 'batch_size': 51, 'hint_rate': 0.987692595037128, 'alpha': 93, 'iterations': 53, 'learning_rate': 0.0007921238291301129, 'p_miss': 0.24728071714205554}. Best is trial 90 with value: 0.18429605111355224.
running
[I 2024-09-23 22:12:09,134] Trial 97 finished with value: 0.1871084247505251 and parameters: {'model_name': 'VAE', 'batch_size': 44, 'iterations': 49, 'learning_rate': 0.0011228023565164477, 'p_miss': 0.2394766477961103}. Best is trial 90 with value: 0.18429605111355224.
running
[I 2024-09-23 22:12:16,944] Trial 103 finished with value: 0.22231140733658897 and parameters: {'model_name': 'KNNImputer', 'n_neighbors': 8460, 'weights': 'uniform'}. Best is trial 90 with value: 0.18429605111355224.
running
[I 2024-09-23 22:12:17,576] Trial 99 finished with value: 0.3820478402899334 and parameters: {'model_name': 'GAIN', 'batch_size': 56, 'hint_rate': 0.9164572379214322, 'alpha': 85, 'iterations': 67, 'learning_rate': 0.0006736378676694975, 'p_miss': 0.2513369386517411}. Best is trial 90 with value: 0.18429605111355224.
running
[I 2024-09-23 22:12:17,893] Trial 105 finished with value: 0.41910717458571567 and parameters: {'model_name': 'SimpleImputer', 'strategy': 'constant'}. Best is trial 90 with value: 0.18429605111355224.
running
[I 2024-09-23 22:12:25,860] Trial 102 finished with value: 0.38280589909121915 and parameters: {'model_name': 'GAIN', 'batch_size': 14, 'hint_rate': 0.9373401146925882, 'alpha': 94, 'iterations': 60, 'learning_rate': 0.0012000901090904574, 'p_miss': 0.25590252428865107}. Best is trial 90 with value: 0.18429605111355224.
running
[I 2024-09-23 22:12:27,151] Trial 101 finished with value: 0.38710539776492764 and parameters: {'model_name': 'GAIN', 'batch_size': 62, 'hint_rate': 0.987401005653814, 'alpha': 96, 'iterations': 67, 'learning_rate': 0.0011601456220106515, 'p_miss': 0.24878174754251783}. Best is trial 90 with value: 0.18429605111355224.
running
[I 2024-09-23 22:12:31,652] Trial 104 finished with value: 0.22270694567868948 and parameters: {'model_name': 'KNNImputer', 'n_neighbors': 8388, 'weights': 'distance'}. Best is trial 90 with value: 0.18429605111355224.
running
[I 2024-09-23 22:14:30,420] Trial 107 finished with value: 0.19083880170719697 and parameters: {'model_name': 'VAE', 'batch_size': 22, 'iterations': 38, 'learning_rate': 0.0012917503084213266, 'p_miss': 0.2143209802731385}. Best is trial 90 with value: 0.18429605111355224.
running
[I 2024-09-23 22:15:02,209] Trial 110 finished with value: 0.23553140225326025 and parameters: {'model_name': 'VAE', 'batch_size': 34, 'iterations': 37, 'learning_rate': 0.0035108649431170712, 'p_miss': 0.21460920690725788}. Best is trial 90 with value: 0.18429605111355224.
running
[I 2024-09-23 22:15:46,916] Trial 106 finished with value: 0.20291411726893244 and parameters: {'model_name': 'VAE', 'batch_size': 29, 'iterations': 40, 'learning_rate': 0.0013050805955333504, 'p_miss': 0.21283387706473617}. Best is trial 90 with value: 0.18429605111355224.
running
[I 2024-09-23 22:15:58,773] Trial 112 finished with value: 0.1907647243938076 and parameters: {'model_name': 'VAE', 'batch_size': 36, 'iterations': 15, 'learning_rate': 0.0005355131311443961, 'p_miss': 0.22878898477055942}. Best is trial 90 with value: 0.18429605111355224.
running
[I 2024-09-23 22:19:55,397] Trial 108 finished with value: 0.23121625942784893 and parameters: {'model_name': 'VAE', 'batch_size': 30, 'iterations': 122, 'learning_rate': 0.0028748641321381507, 'p_miss': 0.21255742607508707}. Best is trial 90 with value: 0.18429605111355224.
running
[I 2024-09-23 22:20:05,677] Trial 45 finished with value: 0.2232246807712265 and parameters: {'model_name': 'IterativeImputer', 'estimator': 'RFR', 'initial_strategy': 'constant', 'n_nearest_features': 9, 'imputation_order': 'roman'}. Best is trial 90 with value: 0.18429605111355224.
running
[I 2024-09-23 22:20:15,853] Trial 31 finished with value: 0.2184006428095837 and parameters: {'model_name': 'IterativeImputer', 'estimator': 'RFR', 'initial_strategy': 'constant', 'n_nearest_features': 17, 'imputation_order': 'random'}. Best is trial 90 with value: 0.18429605111355224.
running
[I 2024-09-23 22:20:33,029] Trial 109 finished with value: 0.22947276863708027 and parameters: {'model_name': 'VAE', 'batch_size': 29, 'iterations': 150, 'learning_rate': 0.002877156466564035, 'p_miss': 0.22097575697976835}. Best is trial 90 with value: 0.18429605111355224.
running
[I 2024-09-23 22:20:48,018] Trial 32 finished with value: 0.2179412697006707 and parameters: {'model_name': 'IterativeImputer', 'estimator': 'RFR', 'initial_strategy': 'constant', 'n_nearest_features': 18, 'imputation_order': 'descending'}. Best is trial 90 with value: 0.18429605111355224.
running
[I 2024-09-23 22:21:04,032] Trial 117 finished with value: 0.18958125602660056 and parameters: {'model_name': 'VAE', 'batch_size': 79, 'iterations': 11, 'learning_rate': 0.0009648586853779216, 'p_miss': 0.23708323557641706}. Best is trial 90 with value: 0.18429605111355224.
running
[I 2024-09-23 22:21:08,688] Trial 116 finished with value: 0.18918319020255275 and parameters: {'model_name': 'VAE', 'batch_size': 75, 'iterations': 13, 'learning_rate': 0.0008851490714318261, 'p_miss': 0.2384889438025873}. Best is trial 90 with value: 0.18429605111355224.
running
[I 2024-09-23 22:21:12,529] Trial 118 finished with value: 0.1888093526083418 and parameters: {'model_name': 'VAE', 'batch_size': 78, 'iterations': 10, 'learning_rate': 0.0008998943711297009, 'p_miss': 0.2661089616143884}. Best is trial 90 with value: 0.18429605111355224.
running
[I 2024-09-23 22:21:31,033] Trial 119 finished with value: 0.18963558256514224 and parameters: {'model_name': 'VAE', 'batch_size': 71, 'iterations': 10, 'learning_rate': 0.0008826630156799066, 'p_miss': 0.2670600622481253}. Best is trial 90 with value: 0.18429605111355224.
running
[I 2024-09-23 22:21:36,431] Trial 111 finished with value: 0.22956148528347947 and parameters: {'model_name': 'VAE', 'batch_size': 36, 'iterations': 117, 'learning_rate': 0.003417474510003256, 'p_miss': 0.2121631061868055}. Best is trial 90 with value: 0.18429605111355224.
running
[I 2024-09-23 22:22:02,538] Trial 120 finished with value: 0.18881632209295054 and parameters: {'model_name': 'VAE', 'batch_size': 169, 'iterations': 16, 'learning_rate': 0.0005073199046994639, 'p_miss': 0.18031580225525387}. Best is trial 90 with value: 0.18429605111355224.
running
[I 2024-09-23 22:23:21,089] Trial 124 finished with value: 0.1863564540169697 and parameters: {'model_name': 'VAE', 'batch_size': 163, 'iterations': 19, 'learning_rate': 0.0006356335321116675, 'p_miss': 0.17756078023410662}. Best is trial 90 with value: 0.18429605111355224.
running
[I 2024-09-23 22:23:38,596] Trial 125 finished with value: 0.18884967220023424 and parameters: {'model_name': 'VAE', 'batch_size': 42, 'iterations': 22, 'learning_rate': 0.0006083158119006619, 'p_miss': 0.1831134830636478}. Best is trial 90 with value: 0.18429605111355224.
running
[I 2024-09-23 22:23:42,848] Trial 121 finished with value: 0.1859202224877996 and parameters: {'model_name': 'VAE', 'batch_size': 167, 'iterations': 28, 'learning_rate': 0.0006139647701902027, 'p_miss': 0.18446581327705808}. Best is trial 90 with value: 0.18429605111355224.
running
[I 2024-09-23 22:23:48,070] Trial 122 finished with value: 0.18727937226396432 and parameters: {'model_name': 'VAE', 'batch_size': 163, 'iterations': 31, 'learning_rate': 0.0005803977490194654, 'p_miss': 0.18482271618614704}. Best is trial 90 with value: 0.18429605111355224.
running
[I 2024-09-23 22:23:59,065] Trial 123 finished with value: 0.18411782431483073 and parameters: {'model_name': 'VAE', 'batch_size': 151, 'iterations': 30, 'learning_rate': 0.0006070505786943726, 'p_miss': 0.18126319453459588}. Best is trial 123 with value: 0.18411782431483073.
running
[I 2024-09-23 22:25:54,763] Trial 126 finished with value: 0.1847463340322257 and parameters: {'model_name': 'VAE', 'batch_size': 152, 'iterations': 32, 'learning_rate': 0.0006405897559197641, 'p_miss': 0.15283656528116873}. Best is trial 123 with value: 0.18411782431483073.
running
[I 2024-09-23 22:26:24,897] Trial 129 finished with value: 0.19769876687428722 and parameters: {'model_name': 'VAE', 'batch_size': 198, 'iterations': 33, 'learning_rate': 0.0014460822165929849, 'p_miss': 0.2028360982516712}. Best is trial 123 with value: 0.18411782431483073.
running
[I 2024-09-23 22:26:25,196] Trial 130 finished with value: 0.18474687661188663 and parameters: {'model_name': 'VAE', 'batch_size': 216, 'iterations': 33, 'learning_rate': 0.0006903098238004568, 'p_miss': 0.15070350394632545}. Best is trial 123 with value: 0.18411782431483073.
running
[I 2024-09-23 22:26:25,834] Trial 127 finished with value: 0.19449742832561895 and parameters: {'model_name': 'VAE', 'batch_size': 212, 'iterations': 30, 'learning_rate': 0.0013897317277998744, 'p_miss': 0.20472080534804288}. Best is trial 123 with value: 0.18411782431483073.
running
[I 2024-09-23 22:26:26,623] Trial 134 finished with value: 0.41910717458571567 and parameters: {'model_name': 'SimpleImputer', 'strategy': 'constant'}. Best is trial 123 with value: 0.18411782431483073.
running
[I 2024-09-23 22:26:35,311] Trial 128 finished with value: 0.19520366379096338 and parameters: {'model_name': 'VAE', 'batch_size': 235, 'iterations': 34, 'learning_rate': 0.0015725646464142106, 'p_miss': 0.20315521983790324}. Best is trial 123 with value: 0.18411782431483073.
running
[I 2024-09-23 22:27:35,687] Trial 115 finished with value: 0.2327175563659989 and parameters: {'model_name': 'VAE', 'batch_size': 73, 'iterations': 102, 'learning_rate': 0.002580983739176547, 'p_miss': 0.18283817172748001}. Best is trial 123 with value: 0.18411782431483073.
running
[I 2024-09-23 22:28:15,447] Trial 131 finished with value: 0.18827437192908833 and parameters: {'model_name': 'VAE', 'batch_size': 222, 'iterations': 33, 'learning_rate': 0.00043832098886031516, 'p_miss': 0.15637736602649105}. Best is trial 123 with value: 0.18411782431483073.
running
[I 2024-09-23 22:28:21,434] Trial 113 finished with value: 0.2318844068929665 and parameters: {'model_name': 'VAE', 'batch_size': 182, 'iterations': 164, 'learning_rate': 0.002654698119660962, 'p_miss': 0.18225445729925416}. Best is trial 123 with value: 0.18411782431483073.
running
[I 2024-09-23 22:28:47,652] Trial 137 finished with value: 0.18892084927563738 and parameters: {'model_name': 'VAE', 'batch_size': 129, 'iterations': 19, 'learning_rate': 0.00045227233102319305, 'p_miss': 0.15862768925749118}. Best is trial 123 with value: 0.18411782431483073.
running
[I 2024-09-23 22:29:01,257] Trial 132 finished with value: 0.18662847454975448 and parameters: {'model_name': 'VAE', 'batch_size': 139, 'iterations': 32, 'learning_rate': 0.0004569494159089311, 'p_miss': 0.14967240987142547}. Best is trial 123 with value: 0.18411782431483073.
running
[I 2024-09-23 22:30:38,330] Trial 136 finished with value: 0.18794206608911077 and parameters: {'model_name': 'VAE', 'batch_size': 139, 'iterations': 47, 'learning_rate': 0.00046236206410286556, 'p_miss': 0.152120758948353}. Best is trial 123 with value: 0.18411782431483073.
running
[I 2024-09-23 22:31:02,751] Trial 133 finished with value: 0.18805297810698812 and parameters: {'model_name': 'VAE', 'batch_size': 246, 'iterations': 45, 'learning_rate': 0.0006481976495057982, 'p_miss': 0.16172391229250213}. Best is trial 123 with value: 0.18411782431483073.
running
[I 2024-09-23 22:31:25,962] Trial 138 finished with value: 0.18565125835278634 and parameters: {'model_name': 'VAE', 'batch_size': 140, 'iterations': 46, 'learning_rate': 0.0006527420005953079, 'p_miss': 0.14718030703285193}. Best is trial 123 with value: 0.18411782431483073.
running
[I 2024-09-23 22:31:29,215] Trial 142 finished with value: 0.19010170314928107 and parameters: {'model_name': 'VAE', 'batch_size': 338, 'iterations': 8, 'learning_rate': 0.0007071171017696338, 'p_miss': 0.13592470072232363}. Best is trial 123 with value: 0.18411782431483073.
running
[I 2024-09-23 22:31:56,821] Trial 143 finished with value: 0.19216204750580962 and parameters: {'model_name': 'VAE', 'batch_size': 320, 'iterations': 8, 'learning_rate': 0.00035944724085363146, 'p_miss': 0.14286909579452245}. Best is trial 123 with value: 0.18411782431483073.
running
[I 2024-09-23 22:32:12,549] Trial 144 finished with value: 0.19239070134843397 and parameters: {'model_name': 'VAE', 'batch_size': 353, 'iterations': 8, 'learning_rate': 0.0003357163514948488, 'p_miss': 0.14557389691296735}. Best is trial 123 with value: 0.18411782431483073.
running
[I 2024-09-23 22:32:23,355] Trial 135 finished with value: 0.18793299580527906 and parameters: {'model_name': 'VAE', 'batch_size': 133, 'iterations': 88, 'learning_rate': 0.00045701295003046523, 'p_miss': 0.15680153327710372}. Best is trial 123 with value: 0.18411782431483073.
running
[I 2024-09-23 22:32:24,045] Trial 114 finished with value: 0.2318395219895625 and parameters: {'model_name': 'VAE', 'batch_size': 77, 'iterations': 205, 'learning_rate': 0.002986943417614519, 'p_miss': 0.1820122611460378}. Best is trial 123 with value: 0.18411782431483073.
running
[I 2024-09-23 22:32:40,777] Trial 140 finished with value: 0.1890902139819898 and parameters: {'model_name': 'VAE', 'batch_size': 143, 'iterations': 51, 'learning_rate': 0.0006640796907116416, 'p_miss': 0.1399336846482656}. Best is trial 123 with value: 0.18411782431483073.
running
[I 2024-09-23 22:32:55,079] Trial 139 finished with value: 0.188735604790494 and parameters: {'model_name': 'VAE', 'batch_size': 133, 'iterations': 47, 'learning_rate': 0.0006796831223251469, 'p_miss': 0.14162109143232934}. Best is trial 123 with value: 0.18411782431483073.
running
[I 2024-09-23 22:33:09,675] Trial 151 finished with value: 0.22387374445287217 and parameters: {'model_name': 'KNNImputer', 'n_neighbors': 3873, 'weights': 'uniform'}. Best is trial 123 with value: 0.18411782431483073.
running
[I 2024-09-23 22:34:04,785] Trial 149 finished with value: 0.18635306426946632 and parameters: {'model_name': 'VAE', 'batch_size': 100, 'iterations': 25, 'learning_rate': 0.0011065600574393167, 'p_miss': 0.14936655735639592}. Best is trial 123 with value: 0.18411782431483073.
running
[I 2024-09-23 22:34:18,255] Trial 148 finished with value: 0.1867919891786371 and parameters: {'model_name': 'VAE', 'batch_size': 104, 'iterations': 24, 'learning_rate': 0.001027359197928504, 'p_miss': 0.1749961981578239}. Best is trial 123 with value: 0.18411782431483073.
running
[I 2024-09-23 22:34:36,268] Trial 147 finished with value: 0.1871051451634202 and parameters: {'model_name': 'VAE', 'batch_size': 99, 'iterations': 25, 'learning_rate': 0.0010420665268850173, 'p_miss': 0.1757464676608846}. Best is trial 123 with value: 0.18411782431483073.
running
[I 2024-09-23 22:34:52,306] Trial 141 finished with value: 0.1878702163442722 and parameters: {'model_name': 'VAE', 'batch_size': 302, 'iterations': 49, 'learning_rate': 0.000350540942858594, 'p_miss': 0.1472422886205928}. Best is trial 123 with value: 0.18411782431483073.
running
[I 2024-09-23 22:34:55,762] Trial 152 finished with value: 0.1869187633434089 and parameters: {'model_name': 'VAE', 'batch_size': 103, 'iterations': 25, 'learning_rate': 0.0010363087090427597, 'p_miss': 0.17429921957502467}. Best is trial 123 with value: 0.18411782431483073.
running
[I 2024-09-23 22:35:03,758] Trial 150 finished with value: 0.18472604442543986 and parameters: {'model_name': 'VAE', 'batch_size': 107, 'iterations': 25, 'learning_rate': 0.0010602741080401015, 'p_miss': 0.1744256482365406}. Best is trial 123 with value: 0.18411782431483073.
running
[I 2024-09-23 22:35:20,125] Trial 153 finished with value: 0.18803388124649972 and parameters: {'model_name': 'VAE', 'batch_size': 103, 'iterations': 20, 'learning_rate': 0.001057604701413228, 'p_miss': 0.1744662002475828}. Best is trial 123 with value: 0.18411782431483073.
running
[I 2024-09-23 22:36:01,474] Trial 154 finished with value: 0.18699975530537838 and parameters: {'model_name': 'VAE', 'batch_size': 105, 'iterations': 23, 'learning_rate': 0.0010589117733199366, 'p_miss': 0.1750488274806011}. Best is trial 123 with value: 0.18411782431483073.
running
[I 2024-09-23 22:36:03,775] Trial 155 finished with value: 0.23320214544357515 and parameters: {'model_name': 'VAE', 'batch_size': 103, 'iterations': 19, 'learning_rate': 0.014610570897490118, 'p_miss': 0.14865718152861526}. Best is trial 123 with value: 0.18411782431483073.
running
[I 2024-09-23 22:36:04,792] Trial 161 finished with value: 0.32192757354347473 and parameters: {'model_name': 'SimpleImputer', 'strategy': 'median'}. Best is trial 123 with value: 0.18411782431483073.
running
[I 2024-09-23 22:36:33,167] Trial 157 finished with value: 0.1904233087916378 and parameters: {'model_name': 'VAE', 'batch_size': 92, 'iterations': 18, 'learning_rate': 0.0007647732727763658, 'p_miss': 0.16596937885986332}. Best is trial 123 with value: 0.18411782431483073.
running
[I 2024-09-23 22:36:45,509] Trial 158 finished with value: 0.19448340628398958 and parameters: {'model_name': 'VAE', 'batch_size': 114, 'iterations': 22, 'learning_rate': 0.0021954735354444204, 'p_miss': 0.16554365163371937}. Best is trial 123 with value: 0.18411782431483073.
running
[I 2024-09-23 22:36:51,214] Trial 159 finished with value: 0.1871720786294276 and parameters: {'model_name': 'VAE', 'batch_size': 118, 'iterations': 18, 'learning_rate': 0.0021643586845176803, 'p_miss': 0.11917582992471144}. Best is trial 123 with value: 0.18411782431483073.
running
[I 2024-09-23 22:36:53,593] Trial 156 finished with value: 0.22932482852054034 and parameters: {'model_name': 'VAE', 'batch_size': 112, 'iterations': 19, 'learning_rate': 0.014714034754844573, 'p_miss': 0.1728931462724613}. Best is trial 123 with value: 0.18411782431483073.
running
[I 2024-09-23 22:37:01,502] Trial 145 finished with value: 0.18705622043084108 and parameters: {'model_name': 'VAE', 'batch_size': 110, 'iterations': 86, 'learning_rate': 0.00032524495549575704, 'p_miss': 0.1503544015354687}. Best is trial 123 with value: 0.18411782431483073.
running
[I 2024-09-23 22:37:29,836] Trial 162 finished with value: 0.18873483620814033 and parameters: {'model_name': 'VAE', 'batch_size': 157, 'iterations': 18, 'learning_rate': 0.0007964554346439477, 'p_miss': 0.16553203859119833}. Best is trial 123 with value: 0.18411782431483073.
running
[I 2024-09-23 22:37:45,075] Trial 160 finished with value: 0.1924858810927049 and parameters: {'model_name': 'VAE', 'batch_size': 168, 'iterations': 17, 'learning_rate': 0.0021632421021526584, 'p_miss': 0.19125225344823094}. Best is trial 123 with value: 0.18411782431483073.
running
[I 2024-09-23 22:38:06,077] Trial 166 finished with value: 0.18820091966778416 and parameters: {'model_name': 'VAE', 'batch_size': 160, 'iterations': 14, 'learning_rate': 0.000547048117959238, 'p_miss': 0.1887434171700268}. Best is trial 123 with value: 0.18411782431483073.
running
[I 2024-09-23 22:38:17,736] Trial 167 finished with value: 0.18843980297474067 and parameters: {'model_name': 'VAE', 'batch_size': 164, 'iterations': 13, 'learning_rate': 0.0005541682438870956, 'p_miss': 0.19282457120121838}. Best is trial 123 with value: 0.18411782431483073.
running
[I 2024-09-23 22:38:31,352] Trial 168 finished with value: 0.18708686636556787 and parameters: {'model_name': 'VAE', 'batch_size': 88, 'iterations': 14, 'learning_rate': 0.0005415204499588315, 'p_miss': 0.18903909678147282}. Best is trial 123 with value: 0.18411782431483073.
running
[I 2024-09-23 22:38:51,630] Trial 169 finished with value: 0.18899904772426687 and parameters: {'model_name': 'VAE', 'batch_size': 87, 'iterations': 14, 'learning_rate': 0.0005452478518969384, 'p_miss': 0.22971966788305567}. Best is trial 123 with value: 0.18411782431483073.
running
[I 2024-09-23 22:38:52,441] Trial 146 finished with value: 0.22589940060848718 and parameters: {'model_name': 'VAE', 'batch_size': 108, 'iterations': 85, 'learning_rate': 0.0010380022576328585, 'p_miss': 0.14536826431340588}. Best is trial 123 with value: 0.18411782431483073.
running
[I 2024-09-23 22:39:07,655] Trial 164 finished with value: 0.18697994433884677 and parameters: {'model_name': 'VAE', 'batch_size': 160, 'iterations': 28, 'learning_rate': 0.0007425972232561758, 'p_miss': 0.11728500511076463}. Best is trial 123 with value: 0.18411782431483073.
running
[I 2024-09-23 22:39:24,663] Trial 175 finished with value: 0.22396909963281542 and parameters: {'model_name': 'KNNImputer', 'n_neighbors': 2605, 'weights': 'distance'}. Best is trial 123 with value: 0.18411782431483073.
running
[I 2024-09-23 22:40:13,734] Trial 170 finished with value: 0.18833690950469995 and parameters: {'model_name': 'VAE', 'batch_size': 85, 'iterations': 28, 'learning_rate': 0.000570152325579874, 'p_miss': 0.22320688035698072}. Best is trial 123 with value: 0.18411782431483073.
running
[I 2024-09-23 22:40:19,840] Trial 171 finished with value: 0.1883286412527653 and parameters: {'model_name': 'VAE', 'batch_size': 92, 'iterations': 27, 'learning_rate': 0.0007648779204885815, 'p_miss': 0.231638725165192}. Best is trial 123 with value: 0.18411782431483073.
running
[I 2024-09-23 22:40:57,275] Trial 174 finished with value: 0.1873986870760061 and parameters: {'model_name': 'VAE', 'batch_size': 66, 'iterations': 30, 'learning_rate': 0.0007928281994495944, 'p_miss': 0.22541832257481634}. Best is trial 123 with value: 0.18411782431483073.
running
[I 2024-09-23 22:41:37,245] Trial 176 finished with value: 0.18364584791247415 and parameters: {'model_name': 'VAE', 'batch_size': 60, 'iterations': 28, 'learning_rate': 0.0011959176038989828, 'p_miss': 0.22318645412154448}. Best is trial 176 with value: 0.18364584791247415.
running
[I 2024-09-23 22:42:44,143] Trial 178 finished with value: 0.1910407627825812 and parameters: {'model_name': 'VAE', 'batch_size': 63, 'iterations': 35, 'learning_rate': 0.0012084480618308193, 'p_miss': 0.17751607874388187}. Best is trial 176 with value: 0.18364584791247415.
running
[I 2024-09-23 22:43:02,353] Trial 177 finished with value: 0.18752863405115922 and parameters: {'model_name': 'VAE', 'batch_size': 61, 'iterations': 39, 'learning_rate': 0.0009162458611688346, 'p_miss': 0.23048701234232394}. Best is trial 176 with value: 0.18364584791247415.
running
[I 2024-09-23 22:44:08,739] Trial 181 finished with value: 0.3873907288363027 and parameters: {'model_name': 'GAIN', 'batch_size': 46, 'hint_rate': 0.39356933488932355, 'alpha': 65, 'iterations': 41, 'learning_rate': 0.0008909367431298525, 'p_miss': 0.20734797747231426}. Best is trial 176 with value: 0.18364584791247415.
running
[I 2024-09-23 22:44:23,123] Trial 179 finished with value: 0.20292658383217713 and parameters: {'model_name': 'VAE', 'batch_size': 201, 'iterations': 40, 'learning_rate': 0.001226523668424309, 'p_miss': 0.15873729515758703}. Best is trial 176 with value: 0.18364584791247415.
running
[I 2024-09-23 22:44:27,990] Trial 182 finished with value: 0.40087556316262984 and parameters: {'model_name': 'GAIN', 'batch_size': 47, 'hint_rate': 0.3799996967893741, 'alpha': 68, 'iterations': 41, 'learning_rate': 0.0012050178526369082, 'p_miss': 0.1336525946747879}. Best is trial 176 with value: 0.18364584791247415.
running
[I 2024-09-23 22:44:39,685] Trial 180 finished with value: 0.19323889257012536 and parameters: {'model_name': 'VAE', 'batch_size': 45, 'iterations': 39, 'learning_rate': 0.0013016825156759938, 'p_miss': 0.20763649129779727}. Best is trial 176 with value: 0.18364584791247415.
running
[I 2024-09-23 22:45:22,922] Trial 185 finished with value: 0.2495082338292435 and parameters: {'model_name': 'VAE', 'batch_size': 9, 'iterations': 11, 'learning_rate': 0.09255588305413029, 'p_miss': 0.21851826973816948}. Best is trial 176 with value: 0.18364584791247415.
running
[I 2024-09-23 22:45:30,045] Trial 186 finished with value: 0.1870203434492872 and parameters: {'model_name': 'VAE', 'batch_size': 12, 'iterations': 11, 'learning_rate': 0.00094046719639644, 'p_miss': 0.19694606307524037}. Best is trial 176 with value: 0.18364584791247415.
running
[I 2024-09-23 22:47:35,846] Trial 187 finished with value: 0.19083866484576972 and parameters: {'model_name': 'VAE', 'batch_size': 266, 'iterations': 24, 'learning_rate': 0.0015735441815567695, 'p_miss': 0.19635022282954379}. Best is trial 176 with value: 0.18364584791247415.
running
[I 2024-09-23 22:48:51,418] Trial 184 finished with value: 0.18970989745912256 and parameters: {'model_name': 'VAE', 'batch_size': 135, 'iterations': 57, 'learning_rate': 0.0006342507863158229, 'p_miss': 0.19755690996259231}. Best is trial 176 with value: 0.18364584791247415.
running
[I 2024-09-23 22:50:39,227] Trial 188 finished with value: 0.23155973723488604 and parameters: {'model_name': 'VAE', 'batch_size': 135, 'iterations': 59, 'learning_rate': 0.0015130479463080291, 'p_miss': 0.1698791072508184}. Best is trial 176 with value: 0.18364584791247415.
running
[I 2024-09-23 22:55:13,842] Trial 46 finished with value: 0.21802977428732845 and parameters: {'model_name': 'IterativeImputer', 'estimator': 'RFR', 'initial_strategy': 'constant', 'n_nearest_features': 18, 'imputation_order': 'random'}. Best is trial 176 with value: 0.18364584791247415.
running
[I 2024-09-23 22:57:41,624] Trial 192 finished with value: 0.18806257574268664 and parameters: {'model_name': 'VAE', 'batch_size': 194, 'iterations': 27, 'learning_rate': 0.000990832507429886, 'p_miss': 0.1541106299542271}. Best is trial 176 with value: 0.18364584791247415.
running
[I 2024-09-23 22:59:17,872] Trial 193 finished with value: 0.18985692367342594 and parameters: {'model_name': 'VAE', 'batch_size': 124, 'iterations': 22, 'learning_rate': 0.0003912784204714723, 'p_miss': 0.025661143283755877}. Best is trial 176 with value: 0.18364584791247415.
running
[I 2024-09-23 22:59:19,887] Trial 194 finished with value: 0.41910717458571567 and parameters: {'model_name': 'SimpleImputer', 'strategy': 'most_frequent'}. Best is trial 176 with value: 0.18364584791247415.
running
[I 2024-09-23 23:06:52,109] Trial 165 finished with value: 0.23287652952665994 and parameters: {'model_name': 'VAE', 'batch_size': 158, 'iterations': 441, 'learning_rate': 0.0005500755321582319, 'p_miss': 0.1912808295483861}. Best is trial 176 with value: 0.18364584791247415.
running
[I 2024-09-23 23:09:45,023] Trial 196 finished with value: 0.18817274469379577 and parameters: {'model_name': 'VAE', 'batch_size': 226, 'iterations': 28, 'learning_rate': 0.0007432806670872429, 'p_miss': 0.16295558242061495}. Best is trial 176 with value: 0.18364584791247415.
running
[I 2024-09-23 23:12:24,313] Trial 197 finished with value: 0.18745078103631246 and parameters: {'model_name': 'VAE', 'batch_size': 71, 'iterations': 30, 'learning_rate': 0.0007338268183356384, 'p_miss': 0.180102833772338}. Best is trial 176 with value: 0.18364584791247415.
running
[I 2024-09-23 23:14:50,944] Trial 172 finished with value: 0.2334675193142012 and parameters: {'model_name': 'VAE', 'batch_size': 64, 'iterations': 464, 'learning_rate': 0.0007710795064846558, 'p_miss': 0.22827533861456623}. Best is trial 176 with value: 0.18364584791247415.
running
[I 2024-09-23 23:17:14,635] Trial 199 finished with value: 0.18738747950691687 and parameters: {'model_name': 'VAE', 'batch_size': 197, 'iterations': 23, 'learning_rate': 0.001051289611994222, 'p_miss': 0.11651596978881396}. Best is trial 176 with value: 0.18364584791247415.
[I 2024-09-23 23:28:58,890] Trial 163 finished with value: 0.2316462887434228 and parameters: {'model_name': 'VAE', 'batch_size': 159, 'iterations': 627, 'learning_rate': 0.0020317845119061555, 'p_miss': 0.11701125205356347}. Best is trial 176 with value: 0.18364584791247415.
[I 2024-09-23 23:29:39,326] Trial 183 finished with value: 0.23134681950265185 and parameters: {'model_name': 'VAE', 'batch_size': 202, 'iterations': 556, 'learning_rate': 0.0016155317081350555, 'p_miss': 0.19645647882310982}. Best is trial 176 with value: 0.18364584791247415.
[I 2024-09-23 23:36:36,240] Trial 189 finished with value: 0.23106560289703956 and parameters: {'model_name': 'VAE', 'batch_size': 127, 'iterations': 720, 'learning_rate': 0.0006736822377519031, 'p_miss': 0.15303658177452661}. Best is trial 176 with value: 0.18364584791247415.
[I 2024-09-23 23:37:04,029] Trial 173 finished with value: 0.2296554527299488 and parameters: {'model_name': 'VAE', 'batch_size': 65, 'iterations': 758, 'learning_rate': 0.0007901366408920265, 'p_miss': 0.15467677899709195}. Best is trial 176 with value: 0.18364584791247415.
[I 2024-09-23 23:46:20,789] Trial 190 finished with value: 0.2311117811438507 and parameters: {'model_name': 'VAE', 'batch_size': 192, 'iterations': 894, 'learning_rate': 0.0015100669688234694, 'p_miss': 0.15183903004254123}. Best is trial 176 with value: 0.18364584791247415.
[I 2024-09-23 23:58:44,324] Trial 195 finished with value: 0.22878247612732744 and parameters: {'model_name': 'VAE', 'batch_size': 71, 'iterations': 1034, 'learning_rate': 0.0006875995035569555, 'p_miss': 0.16080210845066026}. Best is trial 176 with value: 0.18364584791247415.
[I 2024-09-24 00:17:10,016] Trial 191 finished with value: 0.23220851906167989 and parameters: {'model_name': 'VAE', 'batch_size': 192, 'iterations': 1408, 'learning_rate': 0.0004033683798553759, 'p_miss': 0.15695249613240897}. Best is trial 176 with value: 0.18364584791247415.
[I 2024-09-24 01:33:29,837] Trial 35 finished with value: 0.23046751438002105 and parameters: {'model_name': 'VAE', 'batch_size': 917, 'iterations': 4606, 'learning_rate': 0.00010184409073473237, 'p_miss': 0.018033569897317026}. Best is trial 176 with value: 0.18364584791247415.
[I 2024-09-24 01:39:37,850] Trial 37 finished with value: 0.23024628101140396 and parameters: {'model_name': 'VAE', 'batch_size': 882, 'iterations': 4583, 'learning_rate': 0.0001314370947538983, 'p_miss': 0.015995277407433006}. Best is trial 176 with value: 0.18364584791247415.
[I 2024-09-24 01:54:42,807] Trial 198 finished with value: 0.26064390025385087 and parameters: {'model_name': 'VAE', 'batch_size': 1, 'iterations': 5302, 'learning_rate': 0.0006717598905205998, 'p_miss': 0.09905378708717955}. Best is trial 176 with value: 0.18364584791247415.
[I 2024-09-24 02:23:34,971] Trial 40 finished with value: 0.23024213258471135 and parameters: {'model_name': 'VAE', 'batch_size': 981, 'iterations': 6548, 'learning_rate': 0.00011960456772123557, 'p_miss': 0.02437487802307714}. Best is trial 176 with value: 0.18364584791247415.
[I 2024-09-24 02:48:39,666] Trial 34 finished with value: 0.23015379191051047 and parameters: {'model_name': 'VAE', 'batch_size': 993, 'iterations': 8851, 'learning_rate': 0.00048730400750265874, 'p_miss': 0.01906820613727664}. Best is trial 176 with value: 0.18364584791247415.
[I 2024-09-24 02:49:05,306] Trial 39 finished with value: 0.23051431913422182 and parameters: {'model_name': 'VAE', 'batch_size': 943, 'iterations': 8575, 'learning_rate': 0.00015339005559457858, 'p_miss': 0.022588780442408474}. Best is trial 176 with value: 0.18364584791247415.
[I 2024-09-24 02:49:23,554] Trial 38 finished with value: 0.2303438758263765 and parameters: {'model_name': 'VAE', 'batch_size': 923, 'iterations': 8069, 'learning_rate': 0.00010244027089637608, 'p_miss': 0.03268391519416658}. Best is trial 176 with value: 0.18364584791247415.
[I 2024-09-24 02:49:31,084] Trial 29 finished with value: 0.23006008090986238 and parameters: {'model_name': 'VAE', 'batch_size': 784, 'iterations': 9869, 'learning_rate': 0.000114771179538483, 'p_miss': 0.029374626979181417}. Best is trial 176 with value: 0.18364584791247415.
fit
auto fit
auto transform
0     0
1     0
2     0
3     0
4     0
5     0
6     0
7     0
8     0
9     0
10    0
11    0
12    0
13    0
14    0
15    0
16    0
17    0
dtype: int64
0     0
1     0
2     0
3     0
4     0
5     0
6     0
7     0
8     0
9     0
10    0
11    0
12    0
13    0
14    0
15    0
16    0
17    0
dtype: int64
0.18364584791247415
{'model_name': 'VAE', 'batch_size': 60, 'iterations': 28, 'learning_rate': 0.0011959176038989828, 'p_miss': 0.22318645412154448}
running experiment 2/3 - Does reconstruction give good automl predictions
Start est fit
Version 0.1.7a0 of tpot2 is outdated. Version 0.1.8a0 was released 6 days ago.
Version 0.1.7a0 of tpot2 is outdated. Version 0.1.8a0 was released 6 days ago.
Version 0.1.7a0 of tpot2 is outdated. Version 0.1.8a0 was released 6 days ago.
Version 0.1.7a0 of tpot2 is outdated. Version 0.1.8a0 was released 6 days ago.
Version 0.1.7a0 of tpot2 is outdated. Version 0.1.8a0 was released 6 days ago.
Version 0.1.7a0 of tpot2 is outdated. Version 0.1.8a0 was released 6 days ago.
Version 0.1.7a0 of tpot2 is outdated. Version 0.1.8a0 was released 6 days ago.
Version 0.1.7a0 of tpot2 is outdated. Version 0.1.8a0 was released 6 days ago.
Version 0.1.7a0 of tpot2 is outdated. Version 0.1.8a0 was released 6 days ago.
Version 0.1.7a0 of tpot2 is outdated. Version 0.1.8a0 was released 6 days ago.
Version 0.1.7a0 of tpot2 is outdated. Version 0.1.8a0 was released 6 days ago.
Version 0.1.7a0 of tpot2 is outdated. Version 0.1.8a0 was released 6 days ago.
Version 0.1.7a0 of tpot2 is outdated. Version 0.1.8a0 was released 6 days ago.
Version 0.1.7a0 of tpot2 is outdated. Version 0.1.8a0 was released 6 days ago.
Version 0.1.7a0 of tpot2 is outdated. Version 0.1.8a0 was released 6 days ago.
Version 0.1.7a0 of tpot2 is outdated. Version 0.1.8a0 was released 6 days ago.
  0%|          | 0/25 [00:00<?, ?it/s]Generation:   0%|          | 0/25 [00:00<?, ?it/s]Generation:  1
Best root_mean_squared_error score: -0.006667892747974245
Generation:   4%|         | 1/25 [01:33<37:16, 93.17s/it]WARNING THIS INDIVIDUAL CAUSED AND EXCEPTION 
 <tpot2.search_spaces.pipelines.sequential.SequentialPipelineIndividual object at 0x1554746ea3b0> 
 The 'criterion' parameter of RandomForestRegressor must be a str among {'friedman_mse', 'poisson', 'absolute_error', 'squared_error'}. Got 'mse' instead. 
 Traceback (most recent call last):
  File "/common/ketrong/tpotexp/tpot2/tpot2/utils/eval_utils.py", line 53, in objective_nan_wrapper
    value = func_timeout.func_timeout(timeout, objective_function, args=[individual], kwargs=objective_kwargs)
  File "/common/ketrong/tpotexp/env/lib/python3.10/site-packages/func_timeout/dafunc.py", line 108, in func_timeout
    raise_exception(exception)
  File "/common/ketrong/tpotexp/env/lib/python3.10/site-packages/func_timeout/py3_raise.py", line 7, in raise_exception
    raise exception[0] from None
  File "/common/ketrong/tpotexp/tpot2/tpot2/tpot_estimator/estimator.py", line 623, in objective_function
    return objective_function_generator(
  File "/common/ketrong/tpotexp/tpot2/tpot2/tpot_estimator/estimator_utils.py", line 55, in objective_function_generator
    cv_obj_scores = cross_val_score_objective(sklearn.base.clone(pipeline),x,y,scorers=scorers, cv=cv , fold=step)
  File "/common/ketrong/tpotexp/tpot2/tpot2/tpot_estimator/cross_val_utils.py", line 28, in cross_val_score_objective
    this_fold_pipeline.fit(X_train,y_train)
  File "/common/ketrong/tpotexp/env/lib/python3.10/site-packages/sklearn/base.py", line 1473, in wrapper
    return fit_method(estimator, *args, **kwargs)
  File "/common/ketrong/tpotexp/env/lib/python3.10/site-packages/sklearn/pipeline.py", line 473, in fit
    self._final_estimator.fit(Xt, y, **last_step_params["fit"])
  File "/common/ketrong/tpotexp/env/lib/python3.10/site-packages/sklearn/base.py", line 1466, in wrapper
    estimator._validate_params()
  File "/common/ketrong/tpotexp/env/lib/python3.10/site-packages/sklearn/base.py", line 666, in _validate_params
    validate_parameter_constraints(
  File "/common/ketrong/tpotexp/env/lib/python3.10/site-packages/sklearn/utils/_param_validation.py", line 95, in validate_parameter_constraints
    raise InvalidParameterError(
sklearn.utils._param_validation.InvalidParameterError: The 'criterion' parameter of RandomForestRegressor must be a str among {'friedman_mse', 'poisson', 'absolute_error', 'squared_error'}. Got 'mse' instead.

WARNING THIS INDIVIDUAL CAUSED AND EXCEPTION 
 <tpot2.search_spaces.pipelines.sequential.SequentialPipelineIndividual object at 0x1554747297e0> 
 The 'criterion' parameter of ExtraTreesRegressor must be a str among {'friedman_mse', 'poisson', 'absolute_error', 'squared_error'}. Got 'mae' instead. 
 Traceback (most recent call last):
  File "/common/ketrong/tpotexp/tpot2/tpot2/utils/eval_utils.py", line 53, in objective_nan_wrapper
    value = func_timeout.func_timeout(timeout, objective_function, args=[individual], kwargs=objective_kwargs)
  File "/common/ketrong/tpotexp/env/lib/python3.10/site-packages/func_timeout/dafunc.py", line 108, in func_timeout
    raise_exception(exception)
  File "/common/ketrong/tpotexp/env/lib/python3.10/site-packages/func_timeout/py3_raise.py", line 7, in raise_exception
    raise exception[0] from None
  File "/common/ketrong/tpotexp/tpot2/tpot2/tpot_estimator/estimator.py", line 623, in objective_function
    return objective_function_generator(
  File "/common/ketrong/tpotexp/tpot2/tpot2/tpot_estimator/estimator_utils.py", line 55, in objective_function_generator
    cv_obj_scores = cross_val_score_objective(sklearn.base.clone(pipeline),x,y,scorers=scorers, cv=cv , fold=step)
  File "/common/ketrong/tpotexp/tpot2/tpot2/tpot_estimator/cross_val_utils.py", line 28, in cross_val_score_objective
    this_fold_pipeline.fit(X_train,y_train)
  File "/common/ketrong/tpotexp/env/lib/python3.10/site-packages/sklearn/base.py", line 1473, in wrapper
    return fit_method(estimator, *args, **kwargs)
  File "/common/ketrong/tpotexp/env/lib/python3.10/site-packages/sklearn/pipeline.py", line 473, in fit
    self._final_estimator.fit(Xt, y, **last_step_params["fit"])
  File "/common/ketrong/tpotexp/env/lib/python3.10/site-packages/sklearn/base.py", line 1466, in wrapper
    estimator._validate_params()
  File "/common/ketrong/tpotexp/env/lib/python3.10/site-packages/sklearn/base.py", line 666, in _validate_params
    validate_parameter_constraints(
  File "/common/ketrong/tpotexp/env/lib/python3.10/site-packages/sklearn/utils/_param_validation.py", line 95, in validate_parameter_constraints
    raise InvalidParameterError(
sklearn.utils._param_validation.InvalidParameterError: The 'criterion' parameter of ExtraTreesRegressor must be a str among {'friedman_mse', 'poisson', 'absolute_error', 'squared_error'}. Got 'mae' instead.

WARNING AN INDIVIDUAL TIMED OUT: 
 <tpot2.search_spaces.pipelines.sequential.SequentialPipelineIndividual object at 0x15547472f6a0> 

Generation:  2
Best root_mean_squared_error score: -0.006667892747974245
Generation:   8%|         | 2/25 [11:36<2:30:39, 393.03s/it]WARNING THIS INDIVIDUAL CAUSED AND EXCEPTION 
 <tpot2.search_spaces.pipelines.sequential.SequentialPipelineIndividual object at 0x155467fbc820> 
 The 'criterion' parameter of RandomForestRegressor must be a str among {'friedman_mse', 'poisson', 'absolute_error', 'squared_error'}. Got 'mse' instead. 
 Traceback (most recent call last):
  File "/common/ketrong/tpotexp/tpot2/tpot2/utils/eval_utils.py", line 53, in objective_nan_wrapper
    value = func_timeout.func_timeout(timeout, objective_function, args=[individual], kwargs=objective_kwargs)
  File "/common/ketrong/tpotexp/env/lib/python3.10/site-packages/func_timeout/dafunc.py", line 108, in func_timeout
    raise_exception(exception)
  File "/common/ketrong/tpotexp/env/lib/python3.10/site-packages/func_timeout/py3_raise.py", line 7, in raise_exception
    raise exception[0] from None
  File "/common/ketrong/tpotexp/tpot2/tpot2/tpot_estimator/estimator.py", line 623, in objective_function
    return objective_function_generator(
  File "/common/ketrong/tpotexp/tpot2/tpot2/tpot_estimator/estimator_utils.py", line 55, in objective_function_generator
    cv_obj_scores = cross_val_score_objective(sklearn.base.clone(pipeline),x,y,scorers=scorers, cv=cv , fold=step)
  File "/common/ketrong/tpotexp/tpot2/tpot2/tpot_estimator/cross_val_utils.py", line 28, in cross_val_score_objective
    this_fold_pipeline.fit(X_train,y_train)
  File "/common/ketrong/tpotexp/env/lib/python3.10/site-packages/sklearn/base.py", line 1473, in wrapper
    return fit_method(estimator, *args, **kwargs)
  File "/common/ketrong/tpotexp/env/lib/python3.10/site-packages/sklearn/pipeline.py", line 473, in fit
    self._final_estimator.fit(Xt, y, **last_step_params["fit"])
  File "/common/ketrong/tpotexp/env/lib/python3.10/site-packages/sklearn/base.py", line 1466, in wrapper
    estimator._validate_params()
  File "/common/ketrong/tpotexp/env/lib/python3.10/site-packages/sklearn/base.py", line 666, in _validate_params
    validate_parameter_constraints(
  File "/common/ketrong/tpotexp/env/lib/python3.10/site-packages/sklearn/utils/_param_validation.py", line 95, in validate_parameter_constraints
    raise InvalidParameterError(
sklearn.utils._param_validation.InvalidParameterError: The 'criterion' parameter of RandomForestRegressor must be a str among {'friedman_mse', 'poisson', 'absolute_error', 'squared_error'}. Got 'mse' instead.

WARNING THIS INDIVIDUAL CAUSED AND EXCEPTION 
 <tpot2.search_spaces.pipelines.sequential.SequentialPipelineIndividual object at 0x1554746ed540> 
 The 'criterion' parameter of ExtraTreesRegressor must be a str among {'friedman_mse', 'poisson', 'absolute_error', 'squared_error'}. Got 'mae' instead. 
 Traceback (most recent call last):
  File "/common/ketrong/tpotexp/tpot2/tpot2/utils/eval_utils.py", line 53, in objective_nan_wrapper
    value = func_timeout.func_timeout(timeout, objective_function, args=[individual], kwargs=objective_kwargs)
  File "/common/ketrong/tpotexp/env/lib/python3.10/site-packages/func_timeout/dafunc.py", line 108, in func_timeout
    raise_exception(exception)
  File "/common/ketrong/tpotexp/env/lib/python3.10/site-packages/func_timeout/py3_raise.py", line 7, in raise_exception
    raise exception[0] from None
  File "/common/ketrong/tpotexp/tpot2/tpot2/tpot_estimator/estimator.py", line 623, in objective_function
    return objective_function_generator(
  File "/common/ketrong/tpotexp/tpot2/tpot2/tpot_estimator/estimator_utils.py", line 55, in objective_function_generator
    cv_obj_scores = cross_val_score_objective(sklearn.base.clone(pipeline),x,y,scorers=scorers, cv=cv , fold=step)
  File "/common/ketrong/tpotexp/tpot2/tpot2/tpot_estimator/cross_val_utils.py", line 28, in cross_val_score_objective
    this_fold_pipeline.fit(X_train,y_train)
  File "/common/ketrong/tpotexp/env/lib/python3.10/site-packages/sklearn/base.py", line 1473, in wrapper
    return fit_method(estimator, *args, **kwargs)
  File "/common/ketrong/tpotexp/env/lib/python3.10/site-packages/sklearn/pipeline.py", line 473, in fit
    self._final_estimator.fit(Xt, y, **last_step_params["fit"])
  File "/common/ketrong/tpotexp/env/lib/python3.10/site-packages/sklearn/base.py", line 1466, in wrapper
    estimator._validate_params()
  File "/common/ketrong/tpotexp/env/lib/python3.10/site-packages/sklearn/base.py", line 666, in _validate_params
    validate_parameter_constraints(
  File "/common/ketrong/tpotexp/env/lib/python3.10/site-packages/sklearn/utils/_param_validation.py", line 95, in validate_parameter_constraints
    raise InvalidParameterError(
sklearn.utils._param_validation.InvalidParameterError: The 'criterion' parameter of ExtraTreesRegressor must be a str among {'friedman_mse', 'poisson', 'absolute_error', 'squared_error'}. Got 'mae' instead.

WARNING THIS INDIVIDUAL CAUSED AND EXCEPTION 
 <tpot2.search_spaces.pipelines.sequential.SequentialPipelineIndividual object at 0x15547472c220> 
 The 'criterion' parameter of ExtraTreesRegressor must be a str among {'friedman_mse', 'poisson', 'absolute_error', 'squared_error'}. Got 'mae' instead. 
 Traceback (most recent call last):
  File "/common/ketrong/tpotexp/tpot2/tpot2/utils/eval_utils.py", line 53, in objective_nan_wrapper
    value = func_timeout.func_timeout(timeout, objective_function, args=[individual], kwargs=objective_kwargs)
  File "/common/ketrong/tpotexp/env/lib/python3.10/site-packages/func_timeout/dafunc.py", line 108, in func_timeout
    raise_exception(exception)
  File "/common/ketrong/tpotexp/env/lib/python3.10/site-packages/func_timeout/py3_raise.py", line 7, in raise_exception
    raise exception[0] from None
  File "/common/ketrong/tpotexp/tpot2/tpot2/tpot_estimator/estimator.py", line 623, in objective_function
    return objective_function_generator(
  File "/common/ketrong/tpotexp/tpot2/tpot2/tpot_estimator/estimator_utils.py", line 55, in objective_function_generator
    cv_obj_scores = cross_val_score_objective(sklearn.base.clone(pipeline),x,y,scorers=scorers, cv=cv , fold=step)
  File "/common/ketrong/tpotexp/tpot2/tpot2/tpot_estimator/cross_val_utils.py", line 28, in cross_val_score_objective
    this_fold_pipeline.fit(X_train,y_train)
  File "/common/ketrong/tpotexp/env/lib/python3.10/site-packages/sklearn/base.py", line 1473, in wrapper
    return fit_method(estimator, *args, **kwargs)
  File "/common/ketrong/tpotexp/env/lib/python3.10/site-packages/sklearn/pipeline.py", line 473, in fit
    self._final_estimator.fit(Xt, y, **last_step_params["fit"])
  File "/common/ketrong/tpotexp/env/lib/python3.10/site-packages/sklearn/base.py", line 1466, in wrapper
    estimator._validate_params()
  File "/common/ketrong/tpotexp/env/lib/python3.10/site-packages/sklearn/base.py", line 666, in _validate_params
    validate_parameter_constraints(
  File "/common/ketrong/tpotexp/env/lib/python3.10/site-packages/sklearn/utils/_param_validation.py", line 95, in validate_parameter_constraints
    raise InvalidParameterError(
sklearn.utils._param_validation.InvalidParameterError: The 'criterion' parameter of ExtraTreesRegressor must be a str among {'friedman_mse', 'poisson', 'absolute_error', 'squared_error'}. Got 'mae' instead.

Generation:  3
Best root_mean_squared_error score: -0.006667892747974245
Generation:  12%|        | 3/25 [13:15<1:34:55, 258.87s/it]WARNING THIS INDIVIDUAL CAUSED AND EXCEPTION 
 <tpot2.search_spaces.pipelines.sequential.SequentialPipelineIndividual object at 0x155467fc2680> 
 The 'criterion' parameter of RandomForestRegressor must be a str among {'friedman_mse', 'poisson', 'absolute_error', 'squared_error'}. Got 'mae' instead. 
 Traceback (most recent call last):
  File "/common/ketrong/tpotexp/tpot2/tpot2/utils/eval_utils.py", line 53, in objective_nan_wrapper
    value = func_timeout.func_timeout(timeout, objective_function, args=[individual], kwargs=objective_kwargs)
  File "/common/ketrong/tpotexp/env/lib/python3.10/site-packages/func_timeout/dafunc.py", line 108, in func_timeout
    raise_exception(exception)
  File "/common/ketrong/tpotexp/env/lib/python3.10/site-packages/func_timeout/py3_raise.py", line 7, in raise_exception
    raise exception[0] from None
  File "/common/ketrong/tpotexp/tpot2/tpot2/tpot_estimator/estimator.py", line 623, in objective_function
    return objective_function_generator(
  File "/common/ketrong/tpotexp/tpot2/tpot2/tpot_estimator/estimator_utils.py", line 55, in objective_function_generator
    cv_obj_scores = cross_val_score_objective(sklearn.base.clone(pipeline),x,y,scorers=scorers, cv=cv , fold=step)
  File "/common/ketrong/tpotexp/tpot2/tpot2/tpot_estimator/cross_val_utils.py", line 28, in cross_val_score_objective
    this_fold_pipeline.fit(X_train,y_train)
  File "/common/ketrong/tpotexp/env/lib/python3.10/site-packages/sklearn/base.py", line 1473, in wrapper
    return fit_method(estimator, *args, **kwargs)
  File "/common/ketrong/tpotexp/env/lib/python3.10/site-packages/sklearn/pipeline.py", line 473, in fit
    self._final_estimator.fit(Xt, y, **last_step_params["fit"])
  File "/common/ketrong/tpotexp/env/lib/python3.10/site-packages/sklearn/base.py", line 1466, in wrapper
    estimator._validate_params()
  File "/common/ketrong/tpotexp/env/lib/python3.10/site-packages/sklearn/base.py", line 666, in _validate_params
    validate_parameter_constraints(
  File "/common/ketrong/tpotexp/env/lib/python3.10/site-packages/sklearn/utils/_param_validation.py", line 95, in validate_parameter_constraints
    raise InvalidParameterError(
sklearn.utils._param_validation.InvalidParameterError: The 'criterion' parameter of RandomForestRegressor must be a str among {'friedman_mse', 'poisson', 'absolute_error', 'squared_error'}. Got 'mae' instead.

Generation:  4
Best root_mean_squared_error score: -0.006667892747974245
Generation:  16%|        | 4/25 [15:24<1:12:38, 207.56s/it]WARNING THIS INDIVIDUAL CAUSED AND EXCEPTION 
 <tpot2.search_spaces.pipelines.sequential.SequentialPipelineIndividual object at 0x155467c00820> 
 The 'criterion' parameter of RandomForestRegressor must be a str among {'friedman_mse', 'poisson', 'absolute_error', 'squared_error'}. Got 'mae' instead. 
 Traceback (most recent call last):
  File "/common/ketrong/tpotexp/tpot2/tpot2/utils/eval_utils.py", line 53, in objective_nan_wrapper
    value = func_timeout.func_timeout(timeout, objective_function, args=[individual], kwargs=objective_kwargs)
  File "/common/ketrong/tpotexp/env/lib/python3.10/site-packages/func_timeout/dafunc.py", line 108, in func_timeout
    raise_exception(exception)
  File "/common/ketrong/tpotexp/env/lib/python3.10/site-packages/func_timeout/py3_raise.py", line 7, in raise_exception
    raise exception[0] from None
  File "/common/ketrong/tpotexp/tpot2/tpot2/tpot_estimator/estimator.py", line 623, in objective_function
    return objective_function_generator(
  File "/common/ketrong/tpotexp/tpot2/tpot2/tpot_estimator/estimator_utils.py", line 55, in objective_function_generator
    cv_obj_scores = cross_val_score_objective(sklearn.base.clone(pipeline),x,y,scorers=scorers, cv=cv , fold=step)
  File "/common/ketrong/tpotexp/tpot2/tpot2/tpot_estimator/cross_val_utils.py", line 28, in cross_val_score_objective
    this_fold_pipeline.fit(X_train,y_train)
  File "/common/ketrong/tpotexp/env/lib/python3.10/site-packages/sklearn/base.py", line 1473, in wrapper
    return fit_method(estimator, *args, **kwargs)
  File "/common/ketrong/tpotexp/env/lib/python3.10/site-packages/sklearn/pipeline.py", line 473, in fit
    self._final_estimator.fit(Xt, y, **last_step_params["fit"])
  File "/common/ketrong/tpotexp/env/lib/python3.10/site-packages/sklearn/base.py", line 1466, in wrapper
    estimator._validate_params()
  File "/common/ketrong/tpotexp/env/lib/python3.10/site-packages/sklearn/base.py", line 666, in _validate_params
    validate_parameter_constraints(
  File "/common/ketrong/tpotexp/env/lib/python3.10/site-packages/sklearn/utils/_param_validation.py", line 95, in validate_parameter_constraints
    raise InvalidParameterError(
sklearn.utils._param_validation.InvalidParameterError: The 'criterion' parameter of RandomForestRegressor must be a str among {'friedman_mse', 'poisson', 'absolute_error', 'squared_error'}. Got 'mae' instead.

WARNING THIS INDIVIDUAL CAUSED AND EXCEPTION 
 <tpot2.search_spaces.pipelines.sequential.SequentialPipelineIndividual object at 0x15547472f400> 
 The 'criterion' parameter of RandomForestRegressor must be a str among {'friedman_mse', 'poisson', 'absolute_error', 'squared_error'}. Got 'mse' instead. 
 Traceback (most recent call last):
  File "/common/ketrong/tpotexp/tpot2/tpot2/utils/eval_utils.py", line 53, in objective_nan_wrapper
    value = func_timeout.func_timeout(timeout, objective_function, args=[individual], kwargs=objective_kwargs)
  File "/common/ketrong/tpotexp/env/lib/python3.10/site-packages/func_timeout/dafunc.py", line 108, in func_timeout
    raise_exception(exception)
  File "/common/ketrong/tpotexp/env/lib/python3.10/site-packages/func_timeout/py3_raise.py", line 7, in raise_exception
    raise exception[0] from None
  File "/common/ketrong/tpotexp/tpot2/tpot2/tpot_estimator/estimator.py", line 623, in objective_function
    return objective_function_generator(
  File "/common/ketrong/tpotexp/tpot2/tpot2/tpot_estimator/estimator_utils.py", line 55, in objective_function_generator
    cv_obj_scores = cross_val_score_objective(sklearn.base.clone(pipeline),x,y,scorers=scorers, cv=cv , fold=step)
  File "/common/ketrong/tpotexp/tpot2/tpot2/tpot_estimator/cross_val_utils.py", line 28, in cross_val_score_objective
    this_fold_pipeline.fit(X_train,y_train)
  File "/common/ketrong/tpotexp/env/lib/python3.10/site-packages/sklearn/base.py", line 1473, in wrapper
    return fit_method(estimator, *args, **kwargs)
  File "/common/ketrong/tpotexp/env/lib/python3.10/site-packages/sklearn/pipeline.py", line 473, in fit
    self._final_estimator.fit(Xt, y, **last_step_params["fit"])
  File "/common/ketrong/tpotexp/env/lib/python3.10/site-packages/sklearn/base.py", line 1466, in wrapper
    estimator._validate_params()
  File "/common/ketrong/tpotexp/env/lib/python3.10/site-packages/sklearn/base.py", line 666, in _validate_params
    validate_parameter_constraints(
  File "/common/ketrong/tpotexp/env/lib/python3.10/site-packages/sklearn/utils/_param_validation.py", line 95, in validate_parameter_constraints
    raise InvalidParameterError(
sklearn.utils._param_validation.InvalidParameterError: The 'criterion' parameter of RandomForestRegressor must be a str among {'friedman_mse', 'poisson', 'absolute_error', 'squared_error'}. Got 'mse' instead.

Generation:  5
Best root_mean_squared_error score: -0.006665558964851143
Generation:  20%|        | 5/25 [17:13<57:22, 172.12s/it]  WARNING THIS INDIVIDUAL CAUSED AND EXCEPTION 
 <tpot2.search_spaces.pipelines.sequential.SequentialPipelineIndividual object at 0x15546597ca60> 
 The 'criterion' parameter of RandomForestRegressor must be a str among {'friedman_mse', 'poisson', 'absolute_error', 'squared_error'}. Got 'mae' instead. 
 Traceback (most recent call last):
  File "/common/ketrong/tpotexp/tpot2/tpot2/utils/eval_utils.py", line 53, in objective_nan_wrapper
    value = func_timeout.func_timeout(timeout, objective_function, args=[individual], kwargs=objective_kwargs)
  File "/common/ketrong/tpotexp/env/lib/python3.10/site-packages/func_timeout/dafunc.py", line 108, in func_timeout
    raise_exception(exception)
  File "/common/ketrong/tpotexp/env/lib/python3.10/site-packages/func_timeout/py3_raise.py", line 7, in raise_exception
    raise exception[0] from None
  File "/common/ketrong/tpotexp/tpot2/tpot2/tpot_estimator/estimator.py", line 623, in objective_function
    return objective_function_generator(
  File "/common/ketrong/tpotexp/tpot2/tpot2/tpot_estimator/estimator_utils.py", line 55, in objective_function_generator
    cv_obj_scores = cross_val_score_objective(sklearn.base.clone(pipeline),x,y,scorers=scorers, cv=cv , fold=step)
  File "/common/ketrong/tpotexp/tpot2/tpot2/tpot_estimator/cross_val_utils.py", line 28, in cross_val_score_objective
    this_fold_pipeline.fit(X_train,y_train)
  File "/common/ketrong/tpotexp/env/lib/python3.10/site-packages/sklearn/base.py", line 1473, in wrapper
    return fit_method(estimator, *args, **kwargs)
  File "/common/ketrong/tpotexp/env/lib/python3.10/site-packages/sklearn/pipeline.py", line 473, in fit
    self._final_estimator.fit(Xt, y, **last_step_params["fit"])
  File "/common/ketrong/tpotexp/env/lib/python3.10/site-packages/sklearn/base.py", line 1466, in wrapper
    estimator._validate_params()
  File "/common/ketrong/tpotexp/env/lib/python3.10/site-packages/sklearn/base.py", line 666, in _validate_params
    validate_parameter_constraints(
  File "/common/ketrong/tpotexp/env/lib/python3.10/site-packages/sklearn/utils/_param_validation.py", line 95, in validate_parameter_constraints
    raise InvalidParameterError(
sklearn.utils._param_validation.InvalidParameterError: The 'criterion' parameter of RandomForestRegressor must be a str among {'friedman_mse', 'poisson', 'absolute_error', 'squared_error'}. Got 'mae' instead.

Generation:  6
Best root_mean_squared_error score: -0.006665558964851143
Generation:  24%|       | 6/25 [17:45<39:27, 124.62s/it]WARNING THIS INDIVIDUAL CAUSED AND EXCEPTION 
 <tpot2.search_spaces.pipelines.sequential.SequentialPipelineIndividual object at 0x155467e1a710> 
 The 'criterion' parameter of RandomForestRegressor must be a str among {'friedman_mse', 'poisson', 'absolute_error', 'squared_error'}. Got 'mae' instead. 
 Traceback (most recent call last):
  File "/common/ketrong/tpotexp/tpot2/tpot2/utils/eval_utils.py", line 53, in objective_nan_wrapper
    value = func_timeout.func_timeout(timeout, objective_function, args=[individual], kwargs=objective_kwargs)
  File "/common/ketrong/tpotexp/env/lib/python3.10/site-packages/func_timeout/dafunc.py", line 108, in func_timeout
    raise_exception(exception)
  File "/common/ketrong/tpotexp/env/lib/python3.10/site-packages/func_timeout/py3_raise.py", line 7, in raise_exception
    raise exception[0] from None
  File "/common/ketrong/tpotexp/tpot2/tpot2/tpot_estimator/estimator.py", line 623, in objective_function
    return objective_function_generator(
  File "/common/ketrong/tpotexp/tpot2/tpot2/tpot_estimator/estimator_utils.py", line 55, in objective_function_generator
    cv_obj_scores = cross_val_score_objective(sklearn.base.clone(pipeline),x,y,scorers=scorers, cv=cv , fold=step)
  File "/common/ketrong/tpotexp/tpot2/tpot2/tpot_estimator/cross_val_utils.py", line 28, in cross_val_score_objective
    this_fold_pipeline.fit(X_train,y_train)
  File "/common/ketrong/tpotexp/env/lib/python3.10/site-packages/sklearn/base.py", line 1473, in wrapper
    return fit_method(estimator, *args, **kwargs)
  File "/common/ketrong/tpotexp/env/lib/python3.10/site-packages/sklearn/pipeline.py", line 473, in fit
    self._final_estimator.fit(Xt, y, **last_step_params["fit"])
  File "/common/ketrong/tpotexp/env/lib/python3.10/site-packages/sklearn/base.py", line 1466, in wrapper
    estimator._validate_params()
  File "/common/ketrong/tpotexp/env/lib/python3.10/site-packages/sklearn/base.py", line 666, in _validate_params
    validate_parameter_constraints(
  File "/common/ketrong/tpotexp/env/lib/python3.10/site-packages/sklearn/utils/_param_validation.py", line 95, in validate_parameter_constraints
    raise InvalidParameterError(
sklearn.utils._param_validation.InvalidParameterError: The 'criterion' parameter of RandomForestRegressor must be a str among {'friedman_mse', 'poisson', 'absolute_error', 'squared_error'}. Got 'mae' instead.

Generation:  7
Best root_mean_squared_error score: -0.006665558964851143
Generation:  28%|       | 7/25 [19:36<36:03, 120.18s/it]Generation:  8
Best root_mean_squared_error score: -0.006665558964851143
Generation:  32%|      | 8/25 [19:58<25:09, 88.80s/it] Generation:  9
Best root_mean_squared_error score: -0.006665558964851143
Generation:  36%|      | 9/25 [23:31<34:02, 127.63s/it]WARNING THIS INDIVIDUAL CAUSED AND EXCEPTION 
 <tpot2.search_spaces.pipelines.sequential.SequentialPipelineIndividual object at 0x1554654b9870> 
 The 'criterion' parameter of ExtraTreesRegressor must be a str among {'friedman_mse', 'poisson', 'absolute_error', 'squared_error'}. Got 'mae' instead. 
 Traceback (most recent call last):
  File "/common/ketrong/tpotexp/tpot2/tpot2/utils/eval_utils.py", line 53, in objective_nan_wrapper
    value = func_timeout.func_timeout(timeout, objective_function, args=[individual], kwargs=objective_kwargs)
  File "/common/ketrong/tpotexp/env/lib/python3.10/site-packages/func_timeout/dafunc.py", line 108, in func_timeout
    raise_exception(exception)
  File "/common/ketrong/tpotexp/env/lib/python3.10/site-packages/func_timeout/py3_raise.py", line 7, in raise_exception
    raise exception[0] from None
  File "/common/ketrong/tpotexp/tpot2/tpot2/tpot_estimator/estimator.py", line 623, in objective_function
    return objective_function_generator(
  File "/common/ketrong/tpotexp/tpot2/tpot2/tpot_estimator/estimator_utils.py", line 55, in objective_function_generator
    cv_obj_scores = cross_val_score_objective(sklearn.base.clone(pipeline),x,y,scorers=scorers, cv=cv , fold=step)
  File "/common/ketrong/tpotexp/tpot2/tpot2/tpot_estimator/cross_val_utils.py", line 28, in cross_val_score_objective
    this_fold_pipeline.fit(X_train,y_train)
  File "/common/ketrong/tpotexp/env/lib/python3.10/site-packages/sklearn/base.py", line 1473, in wrapper
    return fit_method(estimator, *args, **kwargs)
  File "/common/ketrong/tpotexp/env/lib/python3.10/site-packages/sklearn/pipeline.py", line 473, in fit
    self._final_estimator.fit(Xt, y, **last_step_params["fit"])
  File "/common/ketrong/tpotexp/env/lib/python3.10/site-packages/sklearn/base.py", line 1466, in wrapper
    estimator._validate_params()
  File "/common/ketrong/tpotexp/env/lib/python3.10/site-packages/sklearn/base.py", line 666, in _validate_params
    validate_parameter_constraints(
  File "/common/ketrong/tpotexp/env/lib/python3.10/site-packages/sklearn/utils/_param_validation.py", line 95, in validate_parameter_constraints
    raise InvalidParameterError(
sklearn.utils._param_validation.InvalidParameterError: The 'criterion' parameter of ExtraTreesRegressor must be a str among {'friedman_mse', 'poisson', 'absolute_error', 'squared_error'}. Got 'mae' instead.

Generation:  10
Best root_mean_squared_error score: -0.006665558964851143
Generation:  40%|      | 10/25 [23:53<23:46, 95.13s/it]WARNING THIS INDIVIDUAL CAUSED AND EXCEPTION 
 <tpot2.search_spaces.pipelines.sequential.SequentialPipelineIndividual object at 0x15546594f3d0> 
 The 'criterion' parameter of DecisionTreeRegressor must be a str among {'friedman_mse', 'poisson', 'absolute_error', 'squared_error'}. Got 'mae' instead. 
 Traceback (most recent call last):
  File "/common/ketrong/tpotexp/tpot2/tpot2/utils/eval_utils.py", line 53, in objective_nan_wrapper
    value = func_timeout.func_timeout(timeout, objective_function, args=[individual], kwargs=objective_kwargs)
  File "/common/ketrong/tpotexp/env/lib/python3.10/site-packages/func_timeout/dafunc.py", line 108, in func_timeout
    raise_exception(exception)
  File "/common/ketrong/tpotexp/env/lib/python3.10/site-packages/func_timeout/py3_raise.py", line 7, in raise_exception
    raise exception[0] from None
  File "/common/ketrong/tpotexp/tpot2/tpot2/tpot_estimator/estimator.py", line 623, in objective_function
    return objective_function_generator(
  File "/common/ketrong/tpotexp/tpot2/tpot2/tpot_estimator/estimator_utils.py", line 55, in objective_function_generator
    cv_obj_scores = cross_val_score_objective(sklearn.base.clone(pipeline),x,y,scorers=scorers, cv=cv , fold=step)
  File "/common/ketrong/tpotexp/tpot2/tpot2/tpot_estimator/cross_val_utils.py", line 28, in cross_val_score_objective
    this_fold_pipeline.fit(X_train,y_train)
  File "/common/ketrong/tpotexp/env/lib/python3.10/site-packages/sklearn/base.py", line 1473, in wrapper
    return fit_method(estimator, *args, **kwargs)
  File "/common/ketrong/tpotexp/env/lib/python3.10/site-packages/sklearn/pipeline.py", line 473, in fit
    self._final_estimator.fit(Xt, y, **last_step_params["fit"])
  File "/common/ketrong/tpotexp/env/lib/python3.10/site-packages/sklearn/base.py", line 1466, in wrapper
    estimator._validate_params()
  File "/common/ketrong/tpotexp/env/lib/python3.10/site-packages/sklearn/base.py", line 666, in _validate_params
    validate_parameter_constraints(
  File "/common/ketrong/tpotexp/env/lib/python3.10/site-packages/sklearn/utils/_param_validation.py", line 95, in validate_parameter_constraints
    raise InvalidParameterError(
sklearn.utils._param_validation.InvalidParameterError: The 'criterion' parameter of DecisionTreeRegressor must be a str among {'friedman_mse', 'poisson', 'absolute_error', 'squared_error'}. Got 'mae' instead.

Generation:  11
Best root_mean_squared_error score: -0.006665558964851143
Generation:  44%|     | 11/25 [25:18<21:25, 91.82s/it]Generation:  12
Best root_mean_squared_error score: -0.006665558964851143
Generation:  48%|     | 12/25 [26:55<20:14, 93.40s/it]WARNING THIS INDIVIDUAL CAUSED AND EXCEPTION 
 <tpot2.search_spaces.pipelines.sequential.SequentialPipelineIndividual object at 0x1554746ee8c0> 
 The 'criterion' parameter of DecisionTreeRegressor must be a str among {'friedman_mse', 'poisson', 'absolute_error', 'squared_error'}. Got 'mae' instead. 
 Traceback (most recent call last):
  File "/common/ketrong/tpotexp/tpot2/tpot2/utils/eval_utils.py", line 53, in objective_nan_wrapper
    value = func_timeout.func_timeout(timeout, objective_function, args=[individual], kwargs=objective_kwargs)
  File "/common/ketrong/tpotexp/env/lib/python3.10/site-packages/func_timeout/dafunc.py", line 108, in func_timeout
    raise_exception(exception)
  File "/common/ketrong/tpotexp/env/lib/python3.10/site-packages/func_timeout/py3_raise.py", line 7, in raise_exception
    raise exception[0] from None
  File "/common/ketrong/tpotexp/tpot2/tpot2/tpot_estimator/estimator.py", line 623, in objective_function
    return objective_function_generator(
  File "/common/ketrong/tpotexp/tpot2/tpot2/tpot_estimator/estimator_utils.py", line 55, in objective_function_generator
    cv_obj_scores = cross_val_score_objective(sklearn.base.clone(pipeline),x,y,scorers=scorers, cv=cv , fold=step)
  File "/common/ketrong/tpotexp/tpot2/tpot2/tpot_estimator/cross_val_utils.py", line 28, in cross_val_score_objective
    this_fold_pipeline.fit(X_train,y_train)
  File "/common/ketrong/tpotexp/env/lib/python3.10/site-packages/sklearn/base.py", line 1473, in wrapper
    return fit_method(estimator, *args, **kwargs)
  File "/common/ketrong/tpotexp/env/lib/python3.10/site-packages/sklearn/pipeline.py", line 473, in fit
    self._final_estimator.fit(Xt, y, **last_step_params["fit"])
  File "/common/ketrong/tpotexp/env/lib/python3.10/site-packages/sklearn/base.py", line 1466, in wrapper
    estimator._validate_params()
  File "/common/ketrong/tpotexp/env/lib/python3.10/site-packages/sklearn/base.py", line 666, in _validate_params
    validate_parameter_constraints(
  File "/common/ketrong/tpotexp/env/lib/python3.10/site-packages/sklearn/utils/_param_validation.py", line 95, in validate_parameter_constraints
    raise InvalidParameterError(
sklearn.utils._param_validation.InvalidParameterError: The 'criterion' parameter of DecisionTreeRegressor must be a str among {'friedman_mse', 'poisson', 'absolute_error', 'squared_error'}. Got 'mae' instead.

WARNING THIS INDIVIDUAL CAUSED AND EXCEPTION 
 <tpot2.search_spaces.pipelines.sequential.SequentialPipelineIndividual object at 0x155467f9eec0> 
 The 'criterion' parameter of DecisionTreeRegressor must be a str among {'friedman_mse', 'poisson', 'absolute_error', 'squared_error'}. Got 'mae' instead. 
 Traceback (most recent call last):
  File "/common/ketrong/tpotexp/tpot2/tpot2/utils/eval_utils.py", line 53, in objective_nan_wrapper
    value = func_timeout.func_timeout(timeout, objective_function, args=[individual], kwargs=objective_kwargs)
  File "/common/ketrong/tpotexp/env/lib/python3.10/site-packages/func_timeout/dafunc.py", line 108, in func_timeout
    raise_exception(exception)
  File "/common/ketrong/tpotexp/env/lib/python3.10/site-packages/func_timeout/py3_raise.py", line 7, in raise_exception
    raise exception[0] from None
  File "/common/ketrong/tpotexp/tpot2/tpot2/tpot_estimator/estimator.py", line 623, in objective_function
    return objective_function_generator(
  File "/common/ketrong/tpotexp/tpot2/tpot2/tpot_estimator/estimator_utils.py", line 55, in objective_function_generator
    cv_obj_scores = cross_val_score_objective(sklearn.base.clone(pipeline),x,y,scorers=scorers, cv=cv , fold=step)
  File "/common/ketrong/tpotexp/tpot2/tpot2/tpot_estimator/cross_val_utils.py", line 28, in cross_val_score_objective
    this_fold_pipeline.fit(X_train,y_train)
  File "/common/ketrong/tpotexp/env/lib/python3.10/site-packages/sklearn/base.py", line 1473, in wrapper
    return fit_method(estimator, *args, **kwargs)
  File "/common/ketrong/tpotexp/env/lib/python3.10/site-packages/sklearn/pipeline.py", line 473, in fit
    self._final_estimator.fit(Xt, y, **last_step_params["fit"])
  File "/common/ketrong/tpotexp/env/lib/python3.10/site-packages/sklearn/base.py", line 1466, in wrapper
    estimator._validate_params()
  File "/common/ketrong/tpotexp/env/lib/python3.10/site-packages/sklearn/base.py", line 666, in _validate_params
    validate_parameter_constraints(
  File "/common/ketrong/tpotexp/env/lib/python3.10/site-packages/sklearn/utils/_param_validation.py", line 95, in validate_parameter_constraints
    raise InvalidParameterError(
sklearn.utils._param_validation.InvalidParameterError: The 'criterion' parameter of DecisionTreeRegressor must be a str among {'friedman_mse', 'poisson', 'absolute_error', 'squared_error'}. Got 'mae' instead.

WARNING THIS INDIVIDUAL CAUSED AND EXCEPTION 
 <tpot2.search_spaces.pipelines.sequential.SequentialPipelineIndividual object at 0x1554676e68c0> 
 The 'criterion' parameter of ExtraTreesRegressor must be a str among {'friedman_mse', 'poisson', 'absolute_error', 'squared_error'}. Got 'mae' instead. 
 Traceback (most recent call last):
  File "/common/ketrong/tpotexp/tpot2/tpot2/utils/eval_utils.py", line 53, in objective_nan_wrapper
    value = func_timeout.func_timeout(timeout, objective_function, args=[individual], kwargs=objective_kwargs)
  File "/common/ketrong/tpotexp/env/lib/python3.10/site-packages/func_timeout/dafunc.py", line 108, in func_timeout
    raise_exception(exception)
  File "/common/ketrong/tpotexp/env/lib/python3.10/site-packages/func_timeout/py3_raise.py", line 7, in raise_exception
    raise exception[0] from None
  File "/common/ketrong/tpotexp/tpot2/tpot2/tpot_estimator/estimator.py", line 623, in objective_function
    return objective_function_generator(
  File "/common/ketrong/tpotexp/tpot2/tpot2/tpot_estimator/estimator_utils.py", line 55, in objective_function_generator
    cv_obj_scores = cross_val_score_objective(sklearn.base.clone(pipeline),x,y,scorers=scorers, cv=cv , fold=step)
  File "/common/ketrong/tpotexp/tpot2/tpot2/tpot_estimator/cross_val_utils.py", line 28, in cross_val_score_objective
    this_fold_pipeline.fit(X_train,y_train)
  File "/common/ketrong/tpotexp/env/lib/python3.10/site-packages/sklearn/base.py", line 1473, in wrapper
    return fit_method(estimator, *args, **kwargs)
  File "/common/ketrong/tpotexp/env/lib/python3.10/site-packages/sklearn/pipeline.py", line 473, in fit
    self._final_estimator.fit(Xt, y, **last_step_params["fit"])
  File "/common/ketrong/tpotexp/env/lib/python3.10/site-packages/sklearn/base.py", line 1466, in wrapper
    estimator._validate_params()
  File "/common/ketrong/tpotexp/env/lib/python3.10/site-packages/sklearn/base.py", line 666, in _validate_params
    validate_parameter_constraints(
  File "/common/ketrong/tpotexp/env/lib/python3.10/site-packages/sklearn/utils/_param_validation.py", line 95, in validate_parameter_constraints
    raise InvalidParameterError(
sklearn.utils._param_validation.InvalidParameterError: The 'criterion' parameter of ExtraTreesRegressor must be a str among {'friedman_mse', 'poisson', 'absolute_error', 'squared_error'}. Got 'mae' instead.

WARNING AN INDIVIDUAL TIMED OUT: 
 <tpot2.search_spaces.pipelines.sequential.SequentialPipelineIndividual object at 0x1554676c57e0> 

Generation:  13
Best root_mean_squared_error score: -0.006665558964851143
Generation:  52%|    | 13/25 [37:02<49:47, 248.98s/it]Generation:  14
Best root_mean_squared_error score: -0.006665558964851143
Generation:  56%|    | 14/25 [37:48<34:26, 187.86s/it]Generation:  15
Best root_mean_squared_error score: -0.006665558964851143
Generation:  60%|    | 15/25 [38:01<22:29, 134.92s/it]Generation:  16
Best root_mean_squared_error score: -0.006665558964851143
Generation:  64%|   | 16/25 [39:54<19:15, 128.40s/it]Generation:  17
Best root_mean_squared_error score: -0.006665558964851143
Generation:  68%|   | 17/25 [41:44<16:24, 123.00s/it]WARNING THIS INDIVIDUAL CAUSED AND EXCEPTION 
 <tpot2.search_spaces.pipelines.sequential.SequentialPipelineIndividual object at 0x155465818df0> 
 The 'criterion' parameter of ExtraTreesRegressor must be a str among {'friedman_mse', 'poisson', 'absolute_error', 'squared_error'}. Got 'mae' instead. 
 Traceback (most recent call last):
  File "/common/ketrong/tpotexp/tpot2/tpot2/utils/eval_utils.py", line 53, in objective_nan_wrapper
    value = func_timeout.func_timeout(timeout, objective_function, args=[individual], kwargs=objective_kwargs)
  File "/common/ketrong/tpotexp/env/lib/python3.10/site-packages/func_timeout/dafunc.py", line 108, in func_timeout
    raise_exception(exception)
  File "/common/ketrong/tpotexp/env/lib/python3.10/site-packages/func_timeout/py3_raise.py", line 7, in raise_exception
    raise exception[0] from None
  File "/common/ketrong/tpotexp/tpot2/tpot2/tpot_estimator/estimator.py", line 623, in objective_function
    return objective_function_generator(
  File "/common/ketrong/tpotexp/tpot2/tpot2/tpot_estimator/estimator_utils.py", line 55, in objective_function_generator
    cv_obj_scores = cross_val_score_objective(sklearn.base.clone(pipeline),x,y,scorers=scorers, cv=cv , fold=step)
  File "/common/ketrong/tpotexp/tpot2/tpot2/tpot_estimator/cross_val_utils.py", line 28, in cross_val_score_objective
    this_fold_pipeline.fit(X_train,y_train)
  File "/common/ketrong/tpotexp/env/lib/python3.10/site-packages/sklearn/base.py", line 1473, in wrapper
    return fit_method(estimator, *args, **kwargs)
  File "/common/ketrong/tpotexp/env/lib/python3.10/site-packages/sklearn/pipeline.py", line 473, in fit
    self._final_estimator.fit(Xt, y, **last_step_params["fit"])
  File "/common/ketrong/tpotexp/env/lib/python3.10/site-packages/sklearn/base.py", line 1466, in wrapper
    estimator._validate_params()
  File "/common/ketrong/tpotexp/env/lib/python3.10/site-packages/sklearn/base.py", line 666, in _validate_params
    validate_parameter_constraints(
  File "/common/ketrong/tpotexp/env/lib/python3.10/site-packages/sklearn/utils/_param_validation.py", line 95, in validate_parameter_constraints
    raise InvalidParameterError(
sklearn.utils._param_validation.InvalidParameterError: The 'criterion' parameter of ExtraTreesRegressor must be a str among {'friedman_mse', 'poisson', 'absolute_error', 'squared_error'}. Got 'mae' instead.

WARNING AN INDIVIDUAL TIMED OUT: 
 <tpot2.search_spaces.pipelines.sequential.SequentialPipelineIndividual object at 0x15546541d630> 

Generation:  18
Best root_mean_squared_error score: -0.006665558964851143
Generation:  72%|  | 18/25 [51:53<31:22, 268.90s/it]WARNING THIS INDIVIDUAL CAUSED AND EXCEPTION 
 <tpot2.search_spaces.pipelines.sequential.SequentialPipelineIndividual object at 0x155465093af0> 
 The 'criterion' parameter of ExtraTreesRegressor must be a str among {'friedman_mse', 'poisson', 'absolute_error', 'squared_error'}. Got 'mae' instead. 
 Traceback (most recent call last):
  File "/common/ketrong/tpotexp/tpot2/tpot2/utils/eval_utils.py", line 53, in objective_nan_wrapper
    value = func_timeout.func_timeout(timeout, objective_function, args=[individual], kwargs=objective_kwargs)
  File "/common/ketrong/tpotexp/env/lib/python3.10/site-packages/func_timeout/dafunc.py", line 108, in func_timeout
    raise_exception(exception)
  File "/common/ketrong/tpotexp/env/lib/python3.10/site-packages/func_timeout/py3_raise.py", line 7, in raise_exception
    raise exception[0] from None
  File "/common/ketrong/tpotexp/tpot2/tpot2/tpot_estimator/estimator.py", line 623, in objective_function
    return objective_function_generator(
  File "/common/ketrong/tpotexp/tpot2/tpot2/tpot_estimator/estimator_utils.py", line 55, in objective_function_generator
    cv_obj_scores = cross_val_score_objective(sklearn.base.clone(pipeline),x,y,scorers=scorers, cv=cv , fold=step)
  File "/common/ketrong/tpotexp/tpot2/tpot2/tpot_estimator/cross_val_utils.py", line 28, in cross_val_score_objective
    this_fold_pipeline.fit(X_train,y_train)
  File "/common/ketrong/tpotexp/env/lib/python3.10/site-packages/sklearn/base.py", line 1473, in wrapper
    return fit_method(estimator, *args, **kwargs)
  File "/common/ketrong/tpotexp/env/lib/python3.10/site-packages/sklearn/pipeline.py", line 473, in fit
    self._final_estimator.fit(Xt, y, **last_step_params["fit"])
  File "/common/ketrong/tpotexp/env/lib/python3.10/site-packages/sklearn/base.py", line 1466, in wrapper
    estimator._validate_params()
  File "/common/ketrong/tpotexp/env/lib/python3.10/site-packages/sklearn/base.py", line 666, in _validate_params
    validate_parameter_constraints(
  File "/common/ketrong/tpotexp/env/lib/python3.10/site-packages/sklearn/utils/_param_validation.py", line 95, in validate_parameter_constraints
    raise InvalidParameterError(
sklearn.utils._param_validation.InvalidParameterError: The 'criterion' parameter of ExtraTreesRegressor must be a str among {'friedman_mse', 'poisson', 'absolute_error', 'squared_error'}. Got 'mae' instead.

Generation:  19
Best root_mean_squared_error score: -0.006665558964851143
Generation:  76%|  | 19/25 [52:18<19:34, 195.76s/it]Generation:  20
Best root_mean_squared_error score: -0.006665558964851143
Generation:  80%|  | 20/25 [55:55<16:49, 201.93s/it]Generation:  21
Best root_mean_squared_error score: -0.006665558964851143
Generation:  84%| | 21/25 [56:05<09:37, 144.36s/it]Generation:  22
Best root_mean_squared_error score: -0.006665558503825793
Generation:  88%| | 22/25 [57:33<06:22, 127.56s/it]Generation:  23
Best root_mean_squared_error score: -0.006665558503825793
Generation:  92%|| 23/25 [1:00:10<04:32, 136.49s/it]WARNING THIS INDIVIDUAL CAUSED AND EXCEPTION 
 <tpot2.search_spaces.pipelines.sequential.SequentialPipelineIndividual object at 0x155467fd8ee0> 
 The 'criterion' parameter of RandomForestRegressor must be a str among {'friedman_mse', 'poisson', 'absolute_error', 'squared_error'}. Got 'mae' instead. 
 Traceback (most recent call last):
  File "/common/ketrong/tpotexp/tpot2/tpot2/utils/eval_utils.py", line 53, in objective_nan_wrapper
    value = func_timeout.func_timeout(timeout, objective_function, args=[individual], kwargs=objective_kwargs)
  File "/common/ketrong/tpotexp/env/lib/python3.10/site-packages/func_timeout/dafunc.py", line 108, in func_timeout
    raise_exception(exception)
  File "/common/ketrong/tpotexp/env/lib/python3.10/site-packages/func_timeout/py3_raise.py", line 7, in raise_exception
    raise exception[0] from None
  File "/common/ketrong/tpotexp/tpot2/tpot2/tpot_estimator/estimator.py", line 623, in objective_function
    return objective_function_generator(
  File "/common/ketrong/tpotexp/tpot2/tpot2/tpot_estimator/estimator_utils.py", line 55, in objective_function_generator
    cv_obj_scores = cross_val_score_objective(sklearn.base.clone(pipeline),x,y,scorers=scorers, cv=cv , fold=step)
  File "/common/ketrong/tpotexp/tpot2/tpot2/tpot_estimator/cross_val_utils.py", line 28, in cross_val_score_objective
    this_fold_pipeline.fit(X_train,y_train)
  File "/common/ketrong/tpotexp/env/lib/python3.10/site-packages/sklearn/base.py", line 1473, in wrapper
    return fit_method(estimator, *args, **kwargs)
  File "/common/ketrong/tpotexp/env/lib/python3.10/site-packages/sklearn/pipeline.py", line 473, in fit
    self._final_estimator.fit(Xt, y, **last_step_params["fit"])
  File "/common/ketrong/tpotexp/env/lib/python3.10/site-packages/sklearn/base.py", line 1466, in wrapper
    estimator._validate_params()
  File "/common/ketrong/tpotexp/env/lib/python3.10/site-packages/sklearn/base.py", line 666, in _validate_params
    validate_parameter_constraints(
  File "/common/ketrong/tpotexp/env/lib/python3.10/site-packages/sklearn/utils/_param_validation.py", line 95, in validate_parameter_constraints
    raise InvalidParameterError(
sklearn.utils._param_validation.InvalidParameterError: The 'criterion' parameter of RandomForestRegressor must be a str among {'friedman_mse', 'poisson', 'absolute_error', 'squared_error'}. Got 'mae' instead.

WARNING THIS INDIVIDUAL CAUSED AND EXCEPTION 
 <tpot2.search_spaces.pipelines.sequential.SequentialPipelineIndividual object at 0x15546560f250> 
 The 'criterion' parameter of RandomForestRegressor must be a str among {'friedman_mse', 'poisson', 'absolute_error', 'squared_error'}. Got 'mae' instead. 
 Traceback (most recent call last):
  File "/common/ketrong/tpotexp/tpot2/tpot2/utils/eval_utils.py", line 53, in objective_nan_wrapper
    value = func_timeout.func_timeout(timeout, objective_function, args=[individual], kwargs=objective_kwargs)
  File "/common/ketrong/tpotexp/env/lib/python3.10/site-packages/func_timeout/dafunc.py", line 108, in func_timeout
    raise_exception(exception)
  File "/common/ketrong/tpotexp/env/lib/python3.10/site-packages/func_timeout/py3_raise.py", line 7, in raise_exception
    raise exception[0] from None
  File "/common/ketrong/tpotexp/tpot2/tpot2/tpot_estimator/estimator.py", line 623, in objective_function
    return objective_function_generator(
  File "/common/ketrong/tpotexp/tpot2/tpot2/tpot_estimator/estimator_utils.py", line 55, in objective_function_generator
    cv_obj_scores = cross_val_score_objective(sklearn.base.clone(pipeline),x,y,scorers=scorers, cv=cv , fold=step)
  File "/common/ketrong/tpotexp/tpot2/tpot2/tpot_estimator/cross_val_utils.py", line 28, in cross_val_score_objective
    this_fold_pipeline.fit(X_train,y_train)
  File "/common/ketrong/tpotexp/env/lib/python3.10/site-packages/sklearn/base.py", line 1473, in wrapper
    return fit_method(estimator, *args, **kwargs)
  File "/common/ketrong/tpotexp/env/lib/python3.10/site-packages/sklearn/pipeline.py", line 473, in fit
    self._final_estimator.fit(Xt, y, **last_step_params["fit"])
  File "/common/ketrong/tpotexp/env/lib/python3.10/site-packages/sklearn/base.py", line 1466, in wrapper
    estimator._validate_params()
  File "/common/ketrong/tpotexp/env/lib/python3.10/site-packages/sklearn/base.py", line 666, in _validate_params
    validate_parameter_constraints(
  File "/common/ketrong/tpotexp/env/lib/python3.10/site-packages/sklearn/utils/_param_validation.py", line 95, in validate_parameter_constraints
    raise InvalidParameterError(
sklearn.utils._param_validation.InvalidParameterError: The 'criterion' parameter of RandomForestRegressor must be a str among {'friedman_mse', 'poisson', 'absolute_error', 'squared_error'}. Got 'mae' instead.

WARNING THIS INDIVIDUAL CAUSED AND EXCEPTION 
 <tpot2.search_spaces.pipelines.sequential.SequentialPipelineIndividual object at 0x155467a5d840> 
 The 'criterion' parameter of DecisionTreeRegressor must be a str among {'friedman_mse', 'poisson', 'absolute_error', 'squared_error'}. Got 'mae' instead. 
 Traceback (most recent call last):
  File "/common/ketrong/tpotexp/tpot2/tpot2/utils/eval_utils.py", line 53, in objective_nan_wrapper
    value = func_timeout.func_timeout(timeout, objective_function, args=[individual], kwargs=objective_kwargs)
  File "/common/ketrong/tpotexp/env/lib/python3.10/site-packages/func_timeout/dafunc.py", line 108, in func_timeout
    raise_exception(exception)
  File "/common/ketrong/tpotexp/env/lib/python3.10/site-packages/func_timeout/py3_raise.py", line 7, in raise_exception
    raise exception[0] from None
  File "/common/ketrong/tpotexp/tpot2/tpot2/tpot_estimator/estimator.py", line 623, in objective_function
    return objective_function_generator(
  File "/common/ketrong/tpotexp/tpot2/tpot2/tpot_estimator/estimator_utils.py", line 55, in objective_function_generator
    cv_obj_scores = cross_val_score_objective(sklearn.base.clone(pipeline),x,y,scorers=scorers, cv=cv , fold=step)
  File "/common/ketrong/tpotexp/tpot2/tpot2/tpot_estimator/cross_val_utils.py", line 28, in cross_val_score_objective
    this_fold_pipeline.fit(X_train,y_train)
  File "/common/ketrong/tpotexp/env/lib/python3.10/site-packages/sklearn/base.py", line 1473, in wrapper
    return fit_method(estimator, *args, **kwargs)
  File "/common/ketrong/tpotexp/env/lib/python3.10/site-packages/sklearn/pipeline.py", line 473, in fit
    self._final_estimator.fit(Xt, y, **last_step_params["fit"])
  File "/common/ketrong/tpotexp/env/lib/python3.10/site-packages/sklearn/base.py", line 1466, in wrapper
    estimator._validate_params()
  File "/common/ketrong/tpotexp/env/lib/python3.10/site-packages/sklearn/base.py", line 666, in _validate_params
    validate_parameter_constraints(
  File "/common/ketrong/tpotexp/env/lib/python3.10/site-packages/sklearn/utils/_param_validation.py", line 95, in validate_parameter_constraints
    raise InvalidParameterError(
sklearn.utils._param_validation.InvalidParameterError: The 'criterion' parameter of DecisionTreeRegressor must be a str among {'friedman_mse', 'poisson', 'absolute_error', 'squared_error'}. Got 'mae' instead.

Generation:  24
Best root_mean_squared_error score: -0.006665558503825793
Generation:  96%|| 24/25 [1:00:38<01:43, 103.72s/it]Generation:  25
Best root_mean_squared_error score: -0.006665558503825793
Generation: 100%|| 25/25 [1:01:57<00:00, 96.51s/it] Generation: 100%|| 25/25 [1:02:01<00:00, 148.85s/it]
2024-09-24 03:51:39,658 - distributed.scheduler - ERROR - Removing worker 'tcp://127.0.0.1:41617' caused the cluster to lose scattered data, which can't be recovered: {'ndarray-6589fd6cd2ec96c107c48be17ffb2b60', 'DataFrame-605158b0b25ff24139715cceb08753fe'} (stimulus_id='handle-worker-cleanup-1727175099.6581109')
Fitted
Pipeline(steps=[('ardregression',
                 ARDRegression(alpha_1=3.1202929e-06, alpha_2=0.0002596386666,
                               lambda_1=0.000162581065, lambda_2=9.1952951e-06,
                               threshold_lambda=98539))])
score start
train score: {'explained_var': 0.004076581897312859, 'r2': 0.004076540470123291, 'rmse': 0.006656746762632914}
original test score: {'explained_var': 0.012802513337976218, 'r2': 0.012092600385509189, 'rmse': 0.0068567931459698785}
imputed test score: {'explained_var': 0.005029676856078358, 'r2': 0.004660427570343018, 'rmse': 0.006882537546060241}
score end
check intended
EXP2 Finished
running experiment 3/3 - What is the best automl settings?
<tpot2.search_spaces.pipelines.sequential.SequentialPipeline object at 0x1553b394a620>
Start tpot fit
Version 0.1.7a0 of tpot2 is outdated. Version 0.1.8a0 was released 6 days ago.
Version 0.1.7a0 of tpot2 is outdated. Version 0.1.8a0 was released 6 days ago.
Version 0.1.7a0 of tpot2 is outdated. Version 0.1.8a0 was released 6 days ago.
Version 0.1.7a0 of tpot2 is outdated. Version 0.1.8a0 was released 6 days ago.
Version 0.1.7a0 of tpot2 is outdated. Version 0.1.8a0 was released 6 days ago.
Version 0.1.7a0 of tpot2 is outdated. Version 0.1.8a0 was released 6 days ago.
Version 0.1.7a0 of tpot2 is outdated. Version 0.1.8a0 was released 6 days ago.
Version 0.1.7a0 of tpot2 is outdated. Version 0.1.8a0 was released 6 days ago.
Version 0.1.7a0 of tpot2 is outdated. Version 0.1.8a0 was released 6 days ago.
Version 0.1.7a0 of tpot2 is outdated. Version 0.1.8a0 was released 6 days ago.
Version 0.1.7a0 of tpot2 is outdated. Version 0.1.8a0 was released 6 days ago.
Version 0.1.7a0 of tpot2 is outdated. Version 0.1.8a0 was released 6 days ago.
Version 0.1.7a0 of tpot2 is outdated. Version 0.1.8a0 was released 6 days ago.
Version 0.1.7a0 of tpot2 is outdated. Version 0.1.8a0 was released 6 days ago.
Version 0.1.7a0 of tpot2 is outdated. Version 0.1.8a0 was released 6 days ago.
Version 0.1.7a0 of tpot2 is outdated. Version 0.1.8a0 was released 6 days ago.
  0%|          | 0/25 [00:00<?, ?it/s]Generation:   0%|          | 0/25 [00:00<?, ?it/s]WARNING THIS INDIVIDUAL CAUSED AND EXCEPTION 
 <tpot2.search_spaces.pipelines.sequential.SequentialPipelineIndividual object at 0x1554746a4af0> 
 The 'criterion' parameter of ExtraTreesRegressor must be a str among {'friedman_mse', 'poisson', 'absolute_error', 'squared_error'}. Got 'mae' instead. 
 Traceback (most recent call last):
  File "/common/ketrong/tpotexp/tpot2/tpot2/utils/eval_utils.py", line 53, in objective_nan_wrapper
    value = func_timeout.func_timeout(timeout, objective_function, args=[individual], kwargs=objective_kwargs)
  File "/common/ketrong/tpotexp/env/lib/python3.10/site-packages/func_timeout/dafunc.py", line 108, in func_timeout
    raise_exception(exception)
  File "/common/ketrong/tpotexp/env/lib/python3.10/site-packages/func_timeout/py3_raise.py", line 7, in raise_exception
    raise exception[0] from None
  File "/common/ketrong/tpotexp/tpot2/tpot2/tpot_estimator/estimator.py", line 623, in objective_function
    return objective_function_generator(
  File "/common/ketrong/tpotexp/tpot2/tpot2/tpot_estimator/estimator_utils.py", line 55, in objective_function_generator
    cv_obj_scores = cross_val_score_objective(sklearn.base.clone(pipeline),x,y,scorers=scorers, cv=cv , fold=step)
  File "/common/ketrong/tpotexp/tpot2/tpot2/tpot_estimator/cross_val_utils.py", line 28, in cross_val_score_objective
    this_fold_pipeline.fit(X_train,y_train)
  File "/common/ketrong/tpotexp/env/lib/python3.10/site-packages/sklearn/base.py", line 1473, in wrapper
    return fit_method(estimator, *args, **kwargs)
  File "/common/ketrong/tpotexp/env/lib/python3.10/site-packages/sklearn/pipeline.py", line 473, in fit
    self._final_estimator.fit(Xt, y, **last_step_params["fit"])
  File "/common/ketrong/tpotexp/env/lib/python3.10/site-packages/sklearn/base.py", line 1466, in wrapper
    estimator._validate_params()
  File "/common/ketrong/tpotexp/env/lib/python3.10/site-packages/sklearn/base.py", line 666, in _validate_params
    validate_parameter_constraints(
  File "/common/ketrong/tpotexp/env/lib/python3.10/site-packages/sklearn/utils/_param_validation.py", line 95, in validate_parameter_constraints
    raise InvalidParameterError(
sklearn.utils._param_validation.InvalidParameterError: The 'criterion' parameter of ExtraTreesRegressor must be a str among {'friedman_mse', 'poisson', 'absolute_error', 'squared_error'}. Got 'mae' instead.

WARNING AN INDIVIDUAL TIMED OUT: 
 <tpot2.search_spaces.pipelines.sequential.SequentialPipelineIndividual object at 0x1554746a8a30> 

Generation:  1
Best root_mean_squared_error score: -0.005329094667374762
Generation:   4%|         | 1/25 [10:02<4:00:55, 602.33s/it]WARNING THIS INDIVIDUAL CAUSED AND EXCEPTION 
 <tpot2.search_spaces.pipelines.sequential.SequentialPipelineIndividual object at 0x155474733220> 
 The 'criterion' parameter of DecisionTreeRegressor must be a str among {'friedman_mse', 'poisson', 'absolute_error', 'squared_error'}. Got 'mae' instead. 
 Traceback (most recent call last):
  File "/common/ketrong/tpotexp/tpot2/tpot2/utils/eval_utils.py", line 53, in objective_nan_wrapper
    value = func_timeout.func_timeout(timeout, objective_function, args=[individual], kwargs=objective_kwargs)
  File "/common/ketrong/tpotexp/env/lib/python3.10/site-packages/func_timeout/dafunc.py", line 108, in func_timeout
    raise_exception(exception)
  File "/common/ketrong/tpotexp/env/lib/python3.10/site-packages/func_timeout/py3_raise.py", line 7, in raise_exception
    raise exception[0] from None
  File "/common/ketrong/tpotexp/tpot2/tpot2/tpot_estimator/estimator.py", line 623, in objective_function
    return objective_function_generator(
  File "/common/ketrong/tpotexp/tpot2/tpot2/tpot_estimator/estimator_utils.py", line 55, in objective_function_generator
    cv_obj_scores = cross_val_score_objective(sklearn.base.clone(pipeline),x,y,scorers=scorers, cv=cv , fold=step)
  File "/common/ketrong/tpotexp/tpot2/tpot2/tpot_estimator/cross_val_utils.py", line 28, in cross_val_score_objective
    this_fold_pipeline.fit(X_train,y_train)
  File "/common/ketrong/tpotexp/env/lib/python3.10/site-packages/sklearn/base.py", line 1473, in wrapper
    return fit_method(estimator, *args, **kwargs)
  File "/common/ketrong/tpotexp/env/lib/python3.10/site-packages/sklearn/pipeline.py", line 473, in fit
    self._final_estimator.fit(Xt, y, **last_step_params["fit"])
  File "/common/ketrong/tpotexp/env/lib/python3.10/site-packages/sklearn/base.py", line 1466, in wrapper
    estimator._validate_params()
  File "/common/ketrong/tpotexp/env/lib/python3.10/site-packages/sklearn/base.py", line 666, in _validate_params
    validate_parameter_constraints(
  File "/common/ketrong/tpotexp/env/lib/python3.10/site-packages/sklearn/utils/_param_validation.py", line 95, in validate_parameter_constraints
    raise InvalidParameterError(
sklearn.utils._param_validation.InvalidParameterError: The 'criterion' parameter of DecisionTreeRegressor must be a str among {'friedman_mse', 'poisson', 'absolute_error', 'squared_error'}. Got 'mae' instead.

Generation:  2
Best root_mean_squared_error score: -0.0047727222726284945
Generation:   8%|         | 2/25 [14:01<2:28:59, 388.68s/it]WARNING AN INDIVIDUAL TIMED OUT: 
 <tpot2.search_spaces.pipelines.sequential.SequentialPipelineIndividual object at 0x1554746a69e0> 

Generation:  3
Best root_mean_squared_error score: -0.0047727222726284945
Generation:  12%|        | 3/25 [24:05<2:58:35, 487.07s/it]Generation:  4
Best root_mean_squared_error score: -0.004497484348692459
Generation:  16%|        | 4/25 [27:40<2:12:51, 379.60s/it]WARNING THIS INDIVIDUAL CAUSED AND EXCEPTION 
 <tpot2.search_spaces.pipelines.sequential.SequentialPipelineIndividual object at 0x155467f00280> 
 The 'criterion' parameter of RandomForestRegressor must be a str among {'friedman_mse', 'poisson', 'absolute_error', 'squared_error'}. Got 'mse' instead. 
 Traceback (most recent call last):
  File "/common/ketrong/tpotexp/tpot2/tpot2/utils/eval_utils.py", line 53, in objective_nan_wrapper
    value = func_timeout.func_timeout(timeout, objective_function, args=[individual], kwargs=objective_kwargs)
  File "/common/ketrong/tpotexp/env/lib/python3.10/site-packages/func_timeout/dafunc.py", line 108, in func_timeout
    raise_exception(exception)
  File "/common/ketrong/tpotexp/env/lib/python3.10/site-packages/func_timeout/py3_raise.py", line 7, in raise_exception
    raise exception[0] from None
  File "/common/ketrong/tpotexp/tpot2/tpot2/tpot_estimator/estimator.py", line 623, in objective_function
    return objective_function_generator(
  File "/common/ketrong/tpotexp/tpot2/tpot2/tpot_estimator/estimator_utils.py", line 55, in objective_function_generator
    cv_obj_scores = cross_val_score_objective(sklearn.base.clone(pipeline),x,y,scorers=scorers, cv=cv , fold=step)
  File "/common/ketrong/tpotexp/tpot2/tpot2/tpot_estimator/cross_val_utils.py", line 28, in cross_val_score_objective
    this_fold_pipeline.fit(X_train,y_train)
  File "/common/ketrong/tpotexp/env/lib/python3.10/site-packages/sklearn/base.py", line 1473, in wrapper
    return fit_method(estimator, *args, **kwargs)
  File "/common/ketrong/tpotexp/env/lib/python3.10/site-packages/sklearn/pipeline.py", line 473, in fit
    self._final_estimator.fit(Xt, y, **last_step_params["fit"])
  File "/common/ketrong/tpotexp/env/lib/python3.10/site-packages/sklearn/base.py", line 1466, in wrapper
    estimator._validate_params()
  File "/common/ketrong/tpotexp/env/lib/python3.10/site-packages/sklearn/base.py", line 666, in _validate_params
    validate_parameter_constraints(
  File "/common/ketrong/tpotexp/env/lib/python3.10/site-packages/sklearn/utils/_param_validation.py", line 95, in validate_parameter_constraints
    raise InvalidParameterError(
sklearn.utils._param_validation.InvalidParameterError: The 'criterion' parameter of RandomForestRegressor must be a str among {'friedman_mse', 'poisson', 'absolute_error', 'squared_error'}. Got 'mse' instead.

WARNING THIS INDIVIDUAL CAUSED AND EXCEPTION 
 <tpot2.search_spaces.pipelines.sequential.SequentialPipelineIndividual object at 0x1554746a58d0> 
 The 'criterion' parameter of RandomForestRegressor must be a str among {'friedman_mse', 'poisson', 'absolute_error', 'squared_error'}. Got 'mse' instead. 
 Traceback (most recent call last):
  File "/common/ketrong/tpotexp/tpot2/tpot2/utils/eval_utils.py", line 53, in objective_nan_wrapper
    value = func_timeout.func_timeout(timeout, objective_function, args=[individual], kwargs=objective_kwargs)
  File "/common/ketrong/tpotexp/env/lib/python3.10/site-packages/func_timeout/dafunc.py", line 108, in func_timeout
    raise_exception(exception)
  File "/common/ketrong/tpotexp/env/lib/python3.10/site-packages/func_timeout/py3_raise.py", line 7, in raise_exception
    raise exception[0] from None
  File "/common/ketrong/tpotexp/tpot2/tpot2/tpot_estimator/estimator.py", line 623, in objective_function
    return objective_function_generator(
  File "/common/ketrong/tpotexp/tpot2/tpot2/tpot_estimator/estimator_utils.py", line 55, in objective_function_generator
    cv_obj_scores = cross_val_score_objective(sklearn.base.clone(pipeline),x,y,scorers=scorers, cv=cv , fold=step)
  File "/common/ketrong/tpotexp/tpot2/tpot2/tpot_estimator/cross_val_utils.py", line 28, in cross_val_score_objective
    this_fold_pipeline.fit(X_train,y_train)
  File "/common/ketrong/tpotexp/env/lib/python3.10/site-packages/sklearn/base.py", line 1473, in wrapper
    return fit_method(estimator, *args, **kwargs)
  File "/common/ketrong/tpotexp/env/lib/python3.10/site-packages/sklearn/pipeline.py", line 473, in fit
    self._final_estimator.fit(Xt, y, **last_step_params["fit"])
  File "/common/ketrong/tpotexp/env/lib/python3.10/site-packages/sklearn/base.py", line 1466, in wrapper
    estimator._validate_params()
  File "/common/ketrong/tpotexp/env/lib/python3.10/site-packages/sklearn/base.py", line 666, in _validate_params
    validate_parameter_constraints(
  File "/common/ketrong/tpotexp/env/lib/python3.10/site-packages/sklearn/utils/_param_validation.py", line 95, in validate_parameter_constraints
    raise InvalidParameterError(
sklearn.utils._param_validation.InvalidParameterError: The 'criterion' parameter of RandomForestRegressor must be a str among {'friedman_mse', 'poisson', 'absolute_error', 'squared_error'}. Got 'mse' instead.

WARNING THIS INDIVIDUAL CAUSED AND EXCEPTION 
 <tpot2.search_spaces.pipelines.sequential.SequentialPipelineIndividual object at 0x1554674d4a30> 
 The 'criterion' parameter of RandomForestRegressor must be a str among {'friedman_mse', 'poisson', 'absolute_error', 'squared_error'}. Got 'mse' instead. 
 Traceback (most recent call last):
  File "/common/ketrong/tpotexp/tpot2/tpot2/utils/eval_utils.py", line 53, in objective_nan_wrapper
    value = func_timeout.func_timeout(timeout, objective_function, args=[individual], kwargs=objective_kwargs)
  File "/common/ketrong/tpotexp/env/lib/python3.10/site-packages/func_timeout/dafunc.py", line 108, in func_timeout
    raise_exception(exception)
  File "/common/ketrong/tpotexp/env/lib/python3.10/site-packages/func_timeout/py3_raise.py", line 7, in raise_exception
    raise exception[0] from None
  File "/common/ketrong/tpotexp/tpot2/tpot2/tpot_estimator/estimator.py", line 623, in objective_function
    return objective_function_generator(
  File "/common/ketrong/tpotexp/tpot2/tpot2/tpot_estimator/estimator_utils.py", line 55, in objective_function_generator
    cv_obj_scores = cross_val_score_objective(sklearn.base.clone(pipeline),x,y,scorers=scorers, cv=cv , fold=step)
  File "/common/ketrong/tpotexp/tpot2/tpot2/tpot_estimator/cross_val_utils.py", line 28, in cross_val_score_objective
    this_fold_pipeline.fit(X_train,y_train)
  File "/common/ketrong/tpotexp/env/lib/python3.10/site-packages/sklearn/base.py", line 1473, in wrapper
    return fit_method(estimator, *args, **kwargs)
  File "/common/ketrong/tpotexp/env/lib/python3.10/site-packages/sklearn/pipeline.py", line 473, in fit
    self._final_estimator.fit(Xt, y, **last_step_params["fit"])
  File "/common/ketrong/tpotexp/env/lib/python3.10/site-packages/sklearn/base.py", line 1466, in wrapper
    estimator._validate_params()
  File "/common/ketrong/tpotexp/env/lib/python3.10/site-packages/sklearn/base.py", line 666, in _validate_params
    validate_parameter_constraints(
  File "/common/ketrong/tpotexp/env/lib/python3.10/site-packages/sklearn/utils/_param_validation.py", line 95, in validate_parameter_constraints
    raise InvalidParameterError(
sklearn.utils._param_validation.InvalidParameterError: The 'criterion' parameter of RandomForestRegressor must be a str among {'friedman_mse', 'poisson', 'absolute_error', 'squared_error'}. Got 'mse' instead.

Generation:  5
Best root_mean_squared_error score: -0.004497484348692459
Generation:  20%|        | 5/25 [29:36<1:34:50, 284.54s/it]WARNING THIS INDIVIDUAL CAUSED AND EXCEPTION 
 <tpot2.search_spaces.pipelines.sequential.SequentialPipelineIndividual object at 0x15547473a680> 
 The 'criterion' parameter of DecisionTreeRegressor must be a str among {'friedman_mse', 'poisson', 'absolute_error', 'squared_error'}. Got 'mae' instead. 
 Traceback (most recent call last):
  File "/common/ketrong/tpotexp/tpot2/tpot2/utils/eval_utils.py", line 53, in objective_nan_wrapper
    value = func_timeout.func_timeout(timeout, objective_function, args=[individual], kwargs=objective_kwargs)
  File "/common/ketrong/tpotexp/env/lib/python3.10/site-packages/func_timeout/dafunc.py", line 108, in func_timeout
    raise_exception(exception)
  File "/common/ketrong/tpotexp/env/lib/python3.10/site-packages/func_timeout/py3_raise.py", line 7, in raise_exception
    raise exception[0] from None
  File "/common/ketrong/tpotexp/tpot2/tpot2/tpot_estimator/estimator.py", line 623, in objective_function
    return objective_function_generator(
  File "/common/ketrong/tpotexp/tpot2/tpot2/tpot_estimator/estimator_utils.py", line 55, in objective_function_generator
    cv_obj_scores = cross_val_score_objective(sklearn.base.clone(pipeline),x,y,scorers=scorers, cv=cv , fold=step)
  File "/common/ketrong/tpotexp/tpot2/tpot2/tpot_estimator/cross_val_utils.py", line 28, in cross_val_score_objective
    this_fold_pipeline.fit(X_train,y_train)
  File "/common/ketrong/tpotexp/env/lib/python3.10/site-packages/sklearn/base.py", line 1473, in wrapper
    return fit_method(estimator, *args, **kwargs)
  File "/common/ketrong/tpotexp/env/lib/python3.10/site-packages/sklearn/pipeline.py", line 473, in fit
    self._final_estimator.fit(Xt, y, **last_step_params["fit"])
  File "/common/ketrong/tpotexp/env/lib/python3.10/site-packages/sklearn/base.py", line 1466, in wrapper
    estimator._validate_params()
  File "/common/ketrong/tpotexp/env/lib/python3.10/site-packages/sklearn/base.py", line 666, in _validate_params
    validate_parameter_constraints(
  File "/common/ketrong/tpotexp/env/lib/python3.10/site-packages/sklearn/utils/_param_validation.py", line 95, in validate_parameter_constraints
    raise InvalidParameterError(
sklearn.utils._param_validation.InvalidParameterError: The 'criterion' parameter of DecisionTreeRegressor must be a str among {'friedman_mse', 'poisson', 'absolute_error', 'squared_error'}. Got 'mae' instead.

Generation:  6
Best root_mean_squared_error score: -0.004497484348692459
Generation:  24%|       | 6/25 [31:31<1:11:50, 226.89s/it]WARNING THIS INDIVIDUAL CAUSED AND EXCEPTION 
 <tpot2.search_spaces.pipelines.sequential.SequentialPipelineIndividual object at 0x1554656c0070> 
 The 'criterion' parameter of RandomForestRegressor must be a str among {'friedman_mse', 'poisson', 'absolute_error', 'squared_error'}. Got 'mse' instead. 
 Traceback (most recent call last):
  File "/common/ketrong/tpotexp/tpot2/tpot2/utils/eval_utils.py", line 53, in objective_nan_wrapper
    value = func_timeout.func_timeout(timeout, objective_function, args=[individual], kwargs=objective_kwargs)
  File "/common/ketrong/tpotexp/env/lib/python3.10/site-packages/func_timeout/dafunc.py", line 108, in func_timeout
    raise_exception(exception)
  File "/common/ketrong/tpotexp/env/lib/python3.10/site-packages/func_timeout/py3_raise.py", line 7, in raise_exception
    raise exception[0] from None
  File "/common/ketrong/tpotexp/tpot2/tpot2/tpot_estimator/estimator.py", line 623, in objective_function
    return objective_function_generator(
  File "/common/ketrong/tpotexp/tpot2/tpot2/tpot_estimator/estimator_utils.py", line 55, in objective_function_generator
    cv_obj_scores = cross_val_score_objective(sklearn.base.clone(pipeline),x,y,scorers=scorers, cv=cv , fold=step)
  File "/common/ketrong/tpotexp/tpot2/tpot2/tpot_estimator/cross_val_utils.py", line 28, in cross_val_score_objective
    this_fold_pipeline.fit(X_train,y_train)
  File "/common/ketrong/tpotexp/env/lib/python3.10/site-packages/sklearn/base.py", line 1473, in wrapper
    return fit_method(estimator, *args, **kwargs)
  File "/common/ketrong/tpotexp/env/lib/python3.10/site-packages/sklearn/pipeline.py", line 473, in fit
    self._final_estimator.fit(Xt, y, **last_step_params["fit"])
  File "/common/ketrong/tpotexp/env/lib/python3.10/site-packages/sklearn/base.py", line 1466, in wrapper
    estimator._validate_params()
  File "/common/ketrong/tpotexp/env/lib/python3.10/site-packages/sklearn/base.py", line 666, in _validate_params
    validate_parameter_constraints(
  File "/common/ketrong/tpotexp/env/lib/python3.10/site-packages/sklearn/utils/_param_validation.py", line 95, in validate_parameter_constraints
    raise InvalidParameterError(
sklearn.utils._param_validation.InvalidParameterError: The 'criterion' parameter of RandomForestRegressor must be a str among {'friedman_mse', 'poisson', 'absolute_error', 'squared_error'}. Got 'mse' instead.

Generation:  7
Best root_mean_squared_error score: -0.004497484348692459
Generation:  28%|       | 7/25 [33:33<57:47, 192.66s/it]  WARNING AN INDIVIDUAL TIMED OUT: 
 <tpot2.search_spaces.pipelines.sequential.SequentialPipelineIndividual object at 0x155467a97520> 

WARNING AN INDIVIDUAL TIMED OUT: 
 <tpot2.search_spaces.pipelines.sequential.SequentialPipelineIndividual object at 0x155465251600> 

Generation:  8
Best root_mean_squared_error score: -0.004497484348692459
Generation:  32%|      | 8/25 [43:37<1:31:39, 323.49s/it]Generation:  9
Best root_mean_squared_error score: -0.004497484348692459
Generation:  36%|      | 9/25 [45:14<1:07:24, 252.80s/it]WARNING THIS INDIVIDUAL CAUSED AND EXCEPTION 
 <tpot2.search_spaces.pipelines.sequential.SequentialPipelineIndividual object at 0x1554674cd0c0> 
 The 'criterion' parameter of DecisionTreeRegressor must be a str among {'friedman_mse', 'poisson', 'absolute_error', 'squared_error'}. Got 'mae' instead. 
 Traceback (most recent call last):
  File "/common/ketrong/tpotexp/tpot2/tpot2/utils/eval_utils.py", line 53, in objective_nan_wrapper
    value = func_timeout.func_timeout(timeout, objective_function, args=[individual], kwargs=objective_kwargs)
  File "/common/ketrong/tpotexp/env/lib/python3.10/site-packages/func_timeout/dafunc.py", line 108, in func_timeout
    raise_exception(exception)
  File "/common/ketrong/tpotexp/env/lib/python3.10/site-packages/func_timeout/py3_raise.py", line 7, in raise_exception
    raise exception[0] from None
  File "/common/ketrong/tpotexp/tpot2/tpot2/tpot_estimator/estimator.py", line 623, in objective_function
    return objective_function_generator(
  File "/common/ketrong/tpotexp/tpot2/tpot2/tpot_estimator/estimator_utils.py", line 55, in objective_function_generator
    cv_obj_scores = cross_val_score_objective(sklearn.base.clone(pipeline),x,y,scorers=scorers, cv=cv , fold=step)
  File "/common/ketrong/tpotexp/tpot2/tpot2/tpot_estimator/cross_val_utils.py", line 28, in cross_val_score_objective
    this_fold_pipeline.fit(X_train,y_train)
  File "/common/ketrong/tpotexp/env/lib/python3.10/site-packages/sklearn/base.py", line 1473, in wrapper
    return fit_method(estimator, *args, **kwargs)
  File "/common/ketrong/tpotexp/env/lib/python3.10/site-packages/sklearn/pipeline.py", line 473, in fit
    self._final_estimator.fit(Xt, y, **last_step_params["fit"])
  File "/common/ketrong/tpotexp/env/lib/python3.10/site-packages/sklearn/base.py", line 1466, in wrapper
    estimator._validate_params()
  File "/common/ketrong/tpotexp/env/lib/python3.10/site-packages/sklearn/base.py", line 666, in _validate_params
    validate_parameter_constraints(
  File "/common/ketrong/tpotexp/env/lib/python3.10/site-packages/sklearn/utils/_param_validation.py", line 95, in validate_parameter_constraints
    raise InvalidParameterError(
sklearn.utils._param_validation.InvalidParameterError: The 'criterion' parameter of DecisionTreeRegressor must be a str among {'friedman_mse', 'poisson', 'absolute_error', 'squared_error'}. Got 'mae' instead.

WARNING AN INDIVIDUAL TIMED OUT: 
 <tpot2.search_spaces.pipelines.sequential.SequentialPipelineIndividual object at 0x155466ac1840> 

WARNING AN INDIVIDUAL TIMED OUT: 
 <tpot2.search_spaces.pipelines.sequential.SequentialPipelineIndividual object at 0x15546445d000> 

Generation:  10
Best root_mean_squared_error score: -0.004497484348692459
Generation:  40%|      | 10/25 [55:17<1:30:14, 360.95s/it]WARNING AN INDIVIDUAL TIMED OUT: 
 <tpot2.search_spaces.pipelines.sequential.SequentialPipelineIndividual object at 0x155464e28910> 

Generation:  11
Best root_mean_squared_error score: -0.0044929655428067265
Generation:  44%|     | 11/25 [1:05:22<1:41:38, 435.58s/it]WARNING THIS INDIVIDUAL CAUSED AND EXCEPTION 
 <tpot2.search_spaces.pipelines.sequential.SequentialPipelineIndividual object at 0x155464cf5990> 
 The 'criterion' parameter of RandomForestRegressor must be a str among {'friedman_mse', 'poisson', 'absolute_error', 'squared_error'}. Got 'mse' instead. 
 Traceback (most recent call last):
  File "/common/ketrong/tpotexp/tpot2/tpot2/utils/eval_utils.py", line 53, in objective_nan_wrapper
    value = func_timeout.func_timeout(timeout, objective_function, args=[individual], kwargs=objective_kwargs)
  File "/common/ketrong/tpotexp/env/lib/python3.10/site-packages/func_timeout/dafunc.py", line 108, in func_timeout
    raise_exception(exception)
  File "/common/ketrong/tpotexp/env/lib/python3.10/site-packages/func_timeout/py3_raise.py", line 7, in raise_exception
    raise exception[0] from None
  File "/common/ketrong/tpotexp/tpot2/tpot2/tpot_estimator/estimator.py", line 623, in objective_function
    return objective_function_generator(
  File "/common/ketrong/tpotexp/tpot2/tpot2/tpot_estimator/estimator_utils.py", line 55, in objective_function_generator
    cv_obj_scores = cross_val_score_objective(sklearn.base.clone(pipeline),x,y,scorers=scorers, cv=cv , fold=step)
  File "/common/ketrong/tpotexp/tpot2/tpot2/tpot_estimator/cross_val_utils.py", line 28, in cross_val_score_objective
    this_fold_pipeline.fit(X_train,y_train)
  File "/common/ketrong/tpotexp/env/lib/python3.10/site-packages/sklearn/base.py", line 1473, in wrapper
    return fit_method(estimator, *args, **kwargs)
  File "/common/ketrong/tpotexp/env/lib/python3.10/site-packages/sklearn/pipeline.py", line 473, in fit
    self._final_estimator.fit(Xt, y, **last_step_params["fit"])
  File "/common/ketrong/tpotexp/env/lib/python3.10/site-packages/sklearn/base.py", line 1466, in wrapper
    estimator._validate_params()
  File "/common/ketrong/tpotexp/env/lib/python3.10/site-packages/sklearn/base.py", line 666, in _validate_params
    validate_parameter_constraints(
  File "/common/ketrong/tpotexp/env/lib/python3.10/site-packages/sklearn/utils/_param_validation.py", line 95, in validate_parameter_constraints
    raise InvalidParameterError(
sklearn.utils._param_validation.InvalidParameterError: The 'criterion' parameter of RandomForestRegressor must be a str among {'friedman_mse', 'poisson', 'absolute_error', 'squared_error'}. Got 'mse' instead.

WARNING AN INDIVIDUAL TIMED OUT: 
 <tpot2.search_spaces.pipelines.sequential.SequentialPipelineIndividual object at 0x15539d6b4c70> 

WARNING AN INDIVIDUAL TIMED OUT: 
 <tpot2.search_spaces.pipelines.sequential.SequentialPipelineIndividual object at 0x155467f21510> 

Generation:  12
Best root_mean_squared_error score: -0.004471019235114306
Generation:  48%|     | 12/25 [1:15:27<1:45:32, 487.13s/it]WARNING THIS INDIVIDUAL CAUSED AND EXCEPTION 
 <tpot2.search_spaces.pipelines.sequential.SequentialPipelineIndividual object at 0x1554658fffa0> 
 Input X contains NaN.
SVR does not accept missing values encoded as NaN natively. For supervised learning, you might want to consider sklearn.ensemble.HistGradientBoostingClassifier and Regressor which accept missing values encoded as NaNs natively. Alternatively, it is possible to preprocess the data, for instance by using an imputer transformer in a pipeline or drop samples with missing values. See https://scikit-learn.org/stable/modules/impute.html You can find a list of all estimators that handle NaN values at the following page: https://scikit-learn.org/stable/modules/impute.html#estimators-that-handle-nan-values 
 Traceback (most recent call last):
  File "/common/ketrong/tpotexp/tpot2/tpot2/utils/eval_utils.py", line 53, in objective_nan_wrapper
    value = func_timeout.func_timeout(timeout, objective_function, args=[individual], kwargs=objective_kwargs)
  File "/common/ketrong/tpotexp/env/lib/python3.10/site-packages/func_timeout/dafunc.py", line 108, in func_timeout
    raise_exception(exception)
  File "/common/ketrong/tpotexp/env/lib/python3.10/site-packages/func_timeout/py3_raise.py", line 7, in raise_exception
    raise exception[0] from None
  File "/common/ketrong/tpotexp/tpot2/tpot2/tpot_estimator/estimator.py", line 623, in objective_function
    return objective_function_generator(
  File "/common/ketrong/tpotexp/tpot2/tpot2/tpot_estimator/estimator_utils.py", line 55, in objective_function_generator
    cv_obj_scores = cross_val_score_objective(sklearn.base.clone(pipeline),x,y,scorers=scorers, cv=cv , fold=step)
  File "/common/ketrong/tpotexp/tpot2/tpot2/tpot_estimator/cross_val_utils.py", line 28, in cross_val_score_objective
    this_fold_pipeline.fit(X_train,y_train)
  File "/common/ketrong/tpotexp/env/lib/python3.10/site-packages/sklearn/base.py", line 1473, in wrapper
    return fit_method(estimator, *args, **kwargs)
  File "/common/ketrong/tpotexp/env/lib/python3.10/site-packages/sklearn/pipeline.py", line 473, in fit
    self._final_estimator.fit(Xt, y, **last_step_params["fit"])
  File "/common/ketrong/tpotexp/env/lib/python3.10/site-packages/sklearn/base.py", line 1473, in wrapper
    return fit_method(estimator, *args, **kwargs)
  File "/common/ketrong/tpotexp/env/lib/python3.10/site-packages/sklearn/svm/_base.py", line 190, in fit
    X, y = self._validate_data(
  File "/common/ketrong/tpotexp/env/lib/python3.10/site-packages/sklearn/base.py", line 650, in _validate_data
    X, y = check_X_y(X, y, **check_params)
  File "/common/ketrong/tpotexp/env/lib/python3.10/site-packages/sklearn/utils/validation.py", line 1301, in check_X_y
    X = check_array(
  File "/common/ketrong/tpotexp/env/lib/python3.10/site-packages/sklearn/utils/validation.py", line 1064, in check_array
    _assert_all_finite(
  File "/common/ketrong/tpotexp/env/lib/python3.10/site-packages/sklearn/utils/validation.py", line 123, in _assert_all_finite
    _assert_all_finite_element_wise(
  File "/common/ketrong/tpotexp/env/lib/python3.10/site-packages/sklearn/utils/validation.py", line 172, in _assert_all_finite_element_wise
    raise ValueError(msg_err)
ValueError: Input X contains NaN.
SVR does not accept missing values encoded as NaN natively. For supervised learning, you might want to consider sklearn.ensemble.HistGradientBoostingClassifier and Regressor which accept missing values encoded as NaNs natively. Alternatively, it is possible to preprocess the data, for instance by using an imputer transformer in a pipeline or drop samples with missing values. See https://scikit-learn.org/stable/modules/impute.html You can find a list of all estimators that handle NaN values at the following page: https://scikit-learn.org/stable/modules/impute.html#estimators-that-handle-nan-values

WARNING AN INDIVIDUAL TIMED OUT: 
 <tpot2.search_spaces.pipelines.sequential.SequentialPipelineIndividual object at 0x155464d6e050> 

WARNING AN INDIVIDUAL TIMED OUT: 
 <tpot2.search_spaces.pipelines.sequential.SequentialPipelineIndividual object at 0x15546774f3d0> 

Generation:  13
Best root_mean_squared_error score: -0.004471019235114306
Generation:  52%|    | 13/25 [1:25:31<1:44:30, 522.51s/it]WARNING AN INDIVIDUAL TIMED OUT: 
 <tpot2.search_spaces.pipelines.sequential.SequentialPipelineIndividual object at 0x1554524df0a0> 

WARNING AN INDIVIDUAL TIMED OUT: 
 <tpot2.search_spaces.pipelines.sequential.SequentialPipelineIndividual object at 0x15543ef25e40> 

Generation:  14
Best root_mean_squared_error score: -0.004471019235114306
Generation:  56%|    | 14/25 [1:35:36<1:40:21, 547.44s/it]WARNING AN INDIVIDUAL TIMED OUT: 
 <tpot2.search_spaces.pipelines.sequential.SequentialPipelineIndividual object at 0x15546527a8c0> 

WARNING AN INDIVIDUAL TIMED OUT: 
 <tpot2.search_spaces.pipelines.sequential.SequentialPipelineIndividual object at 0x155464e44d60> 

Generation:  15
Best root_mean_squared_error score: -0.004471019235114306
Generation:  60%|    | 15/25 [1:45:40<1:34:06, 564.62s/it]WARNING AN INDIVIDUAL TIMED OUT: 
 <tpot2.search_spaces.pipelines.sequential.SequentialPipelineIndividual object at 0x155465805cc0> 

Generation:  16
Best root_mean_squared_error score: -0.004467349556838564
Generation:  64%|   | 16/25 [1:55:46<1:26:31, 576.81s/it]WARNING THIS INDIVIDUAL CAUSED AND EXCEPTION 
 <tpot2.search_spaces.pipelines.sequential.SequentialPipelineIndividual object at 0x15546576e1d0> 
 The 'criterion' parameter of DecisionTreeRegressor must be a str among {'friedman_mse', 'poisson', 'absolute_error', 'squared_error'}. Got 'mae' instead. 
 Traceback (most recent call last):
  File "/common/ketrong/tpotexp/tpot2/tpot2/utils/eval_utils.py", line 53, in objective_nan_wrapper
    value = func_timeout.func_timeout(timeout, objective_function, args=[individual], kwargs=objective_kwargs)
  File "/common/ketrong/tpotexp/env/lib/python3.10/site-packages/func_timeout/dafunc.py", line 108, in func_timeout
    raise_exception(exception)
  File "/common/ketrong/tpotexp/env/lib/python3.10/site-packages/func_timeout/py3_raise.py", line 7, in raise_exception
    raise exception[0] from None
  File "/common/ketrong/tpotexp/tpot2/tpot2/tpot_estimator/estimator.py", line 623, in objective_function
    return objective_function_generator(
  File "/common/ketrong/tpotexp/tpot2/tpot2/tpot_estimator/estimator_utils.py", line 55, in objective_function_generator
    cv_obj_scores = cross_val_score_objective(sklearn.base.clone(pipeline),x,y,scorers=scorers, cv=cv , fold=step)
  File "/common/ketrong/tpotexp/tpot2/tpot2/tpot_estimator/cross_val_utils.py", line 28, in cross_val_score_objective
    this_fold_pipeline.fit(X_train,y_train)
  File "/common/ketrong/tpotexp/env/lib/python3.10/site-packages/sklearn/base.py", line 1473, in wrapper
    return fit_method(estimator, *args, **kwargs)
  File "/common/ketrong/tpotexp/env/lib/python3.10/site-packages/sklearn/pipeline.py", line 473, in fit
    self._final_estimator.fit(Xt, y, **last_step_params["fit"])
  File "/common/ketrong/tpotexp/env/lib/python3.10/site-packages/sklearn/base.py", line 1466, in wrapper
    estimator._validate_params()
  File "/common/ketrong/tpotexp/env/lib/python3.10/site-packages/sklearn/base.py", line 666, in _validate_params
    validate_parameter_constraints(
  File "/common/ketrong/tpotexp/env/lib/python3.10/site-packages/sklearn/utils/_param_validation.py", line 95, in validate_parameter_constraints
    raise InvalidParameterError(
sklearn.utils._param_validation.InvalidParameterError: The 'criterion' parameter of DecisionTreeRegressor must be a str among {'friedman_mse', 'poisson', 'absolute_error', 'squared_error'}. Got 'mae' instead.

WARNING AN INDIVIDUAL TIMED OUT: 
 <tpot2.search_spaces.pipelines.sequential.SequentialPipelineIndividual object at 0x1554594a2740> 

Generation:  17
Best root_mean_squared_error score: -0.004460997722041909
Generation:  68%|   | 17/25 [2:05:49<1:17:58, 584.87s/it]WARNING THIS INDIVIDUAL CAUSED AND EXCEPTION 
 <tpot2.search_spaces.pipelines.sequential.SequentialPipelineIndividual object at 0x1554674688e0> 
 Input X contains NaN.
MLPRegressor does not accept missing values encoded as NaN natively. For supervised learning, you might want to consider sklearn.ensemble.HistGradientBoostingClassifier and Regressor which accept missing values encoded as NaNs natively. Alternatively, it is possible to preprocess the data, for instance by using an imputer transformer in a pipeline or drop samples with missing values. See https://scikit-learn.org/stable/modules/impute.html You can find a list of all estimators that handle NaN values at the following page: https://scikit-learn.org/stable/modules/impute.html#estimators-that-handle-nan-values 
 Traceback (most recent call last):
  File "/common/ketrong/tpotexp/tpot2/tpot2/utils/eval_utils.py", line 53, in objective_nan_wrapper
    value = func_timeout.func_timeout(timeout, objective_function, args=[individual], kwargs=objective_kwargs)
  File "/common/ketrong/tpotexp/env/lib/python3.10/site-packages/func_timeout/dafunc.py", line 108, in func_timeout
    raise_exception(exception)
  File "/common/ketrong/tpotexp/env/lib/python3.10/site-packages/func_timeout/py3_raise.py", line 7, in raise_exception
    raise exception[0] from None
  File "/common/ketrong/tpotexp/tpot2/tpot2/tpot_estimator/estimator.py", line 623, in objective_function
    return objective_function_generator(
  File "/common/ketrong/tpotexp/tpot2/tpot2/tpot_estimator/estimator_utils.py", line 55, in objective_function_generator
    cv_obj_scores = cross_val_score_objective(sklearn.base.clone(pipeline),x,y,scorers=scorers, cv=cv , fold=step)
  File "/common/ketrong/tpotexp/tpot2/tpot2/tpot_estimator/cross_val_utils.py", line 28, in cross_val_score_objective
    this_fold_pipeline.fit(X_train,y_train)
  File "/common/ketrong/tpotexp/env/lib/python3.10/site-packages/sklearn/base.py", line 1473, in wrapper
    return fit_method(estimator, *args, **kwargs)
  File "/common/ketrong/tpotexp/env/lib/python3.10/site-packages/sklearn/pipeline.py", line 473, in fit
    self._final_estimator.fit(Xt, y, **last_step_params["fit"])
  File "/common/ketrong/tpotexp/env/lib/python3.10/site-packages/sklearn/base.py", line 1473, in wrapper
    return fit_method(estimator, *args, **kwargs)
  File "/common/ketrong/tpotexp/env/lib/python3.10/site-packages/sklearn/neural_network/_multilayer_perceptron.py", line 751, in fit
    return self._fit(X, y, incremental=False)
  File "/common/ketrong/tpotexp/env/lib/python3.10/site-packages/sklearn/neural_network/_multilayer_perceptron.py", line 441, in _fit
    X, y = self._validate_input(X, y, incremental, reset=first_pass)
  File "/common/ketrong/tpotexp/env/lib/python3.10/site-packages/sklearn/neural_network/_multilayer_perceptron.py", line 1621, in _validate_input
    X, y = self._validate_data(
  File "/common/ketrong/tpotexp/env/lib/python3.10/site-packages/sklearn/base.py", line 650, in _validate_data
    X, y = check_X_y(X, y, **check_params)
  File "/common/ketrong/tpotexp/env/lib/python3.10/site-packages/sklearn/utils/validation.py", line 1301, in check_X_y
    X = check_array(
  File "/common/ketrong/tpotexp/env/lib/python3.10/site-packages/sklearn/utils/validation.py", line 1064, in check_array
    _assert_all_finite(
  File "/common/ketrong/tpotexp/env/lib/python3.10/site-packages/sklearn/utils/validation.py", line 123, in _assert_all_finite
    _assert_all_finite_element_wise(
  File "/common/ketrong/tpotexp/env/lib/python3.10/site-packages/sklearn/utils/validation.py", line 172, in _assert_all_finite_element_wise
    raise ValueError(msg_err)
ValueError: Input X contains NaN.
MLPRegressor does not accept missing values encoded as NaN natively. For supervised learning, you might want to consider sklearn.ensemble.HistGradientBoostingClassifier and Regressor which accept missing values encoded as NaNs natively. Alternatively, it is possible to preprocess the data, for instance by using an imputer transformer in a pipeline or drop samples with missing values. See https://scikit-learn.org/stable/modules/impute.html You can find a list of all estimators that handle NaN values at the following page: https://scikit-learn.org/stable/modules/impute.html#estimators-that-handle-nan-values

WARNING AN INDIVIDUAL TIMED OUT: 
 <tpot2.search_spaces.pipelines.sequential.SequentialPipelineIndividual object at 0x155464aba380> 

WARNING AN INDIVIDUAL TIMED OUT: 
 <tpot2.search_spaces.pipelines.sequential.SequentialPipelineIndividual object at 0x155451bc4fa0> 

WARNING AN INDIVIDUAL TIMED OUT: 
 <tpot2.search_spaces.pipelines.sequential.SequentialPipelineIndividual object at 0x155465c28520> 

Generation:  18
Best root_mean_squared_error score: -0.004460997722041909
Generation:  72%|  | 18/25 [2:15:55<1:08:57, 591.04s/it]WARNING THIS INDIVIDUAL CAUSED AND EXCEPTION 
 <tpot2.search_spaces.pipelines.sequential.SequentialPipelineIndividual object at 0x1554746f2950> 
 The 'criterion' parameter of RandomForestRegressor must be a str among {'friedman_mse', 'poisson', 'absolute_error', 'squared_error'}. Got 'mse' instead. 
 Traceback (most recent call last):
  File "/common/ketrong/tpotexp/tpot2/tpot2/utils/eval_utils.py", line 53, in objective_nan_wrapper
    value = func_timeout.func_timeout(timeout, objective_function, args=[individual], kwargs=objective_kwargs)
  File "/common/ketrong/tpotexp/env/lib/python3.10/site-packages/func_timeout/dafunc.py", line 108, in func_timeout
    raise_exception(exception)
  File "/common/ketrong/tpotexp/env/lib/python3.10/site-packages/func_timeout/py3_raise.py", line 7, in raise_exception
    raise exception[0] from None
  File "/common/ketrong/tpotexp/tpot2/tpot2/tpot_estimator/estimator.py", line 623, in objective_function
    return objective_function_generator(
  File "/common/ketrong/tpotexp/tpot2/tpot2/tpot_estimator/estimator_utils.py", line 55, in objective_function_generator
    cv_obj_scores = cross_val_score_objective(sklearn.base.clone(pipeline),x,y,scorers=scorers, cv=cv , fold=step)
  File "/common/ketrong/tpotexp/tpot2/tpot2/tpot_estimator/cross_val_utils.py", line 28, in cross_val_score_objective
    this_fold_pipeline.fit(X_train,y_train)
  File "/common/ketrong/tpotexp/env/lib/python3.10/site-packages/sklearn/base.py", line 1473, in wrapper
    return fit_method(estimator, *args, **kwargs)
  File "/common/ketrong/tpotexp/env/lib/python3.10/site-packages/sklearn/pipeline.py", line 473, in fit
    self._final_estimator.fit(Xt, y, **last_step_params["fit"])
  File "/common/ketrong/tpotexp/env/lib/python3.10/site-packages/sklearn/base.py", line 1466, in wrapper
    estimator._validate_params()
  File "/common/ketrong/tpotexp/env/lib/python3.10/site-packages/sklearn/base.py", line 666, in _validate_params
    validate_parameter_constraints(
  File "/common/ketrong/tpotexp/env/lib/python3.10/site-packages/sklearn/utils/_param_validation.py", line 95, in validate_parameter_constraints
    raise InvalidParameterError(
sklearn.utils._param_validation.InvalidParameterError: The 'criterion' parameter of RandomForestRegressor must be a str among {'friedman_mse', 'poisson', 'absolute_error', 'squared_error'}. Got 'mse' instead.

WARNING AN INDIVIDUAL TIMED OUT: 
 <tpot2.search_spaces.pipelines.sequential.SequentialPipelineIndividual object at 0x15546758b7c0> 

WARNING AN INDIVIDUAL TIMED OUT: 
 <tpot2.search_spaces.pipelines.sequential.SequentialPipelineIndividual object at 0x155464e71bd0> 

Generation:  19
Best root_mean_squared_error score: -0.004460997722041909
Generation:  76%|  | 19/25 [2:26:00<59:31, 595.23s/it]  WARNING AN INDIVIDUAL TIMED OUT: 
 <tpot2.search_spaces.pipelines.sequential.SequentialPipelineIndividual object at 0x155465397c70> 

Generation:  20
Best root_mean_squared_error score: -0.004460997722041909
Generation:  80%|  | 20/25 [2:36:04<49:50, 598.07s/it]WARNING AN INDIVIDUAL TIMED OUT: 
 <tpot2.search_spaces.pipelines.sequential.SequentialPipelineIndividual object at 0x155467409690> 

Generation:  21
Best root_mean_squared_error score: -0.004460997722041909
Generation:  84%| | 21/25 [2:46:11<40:02, 600.62s/it]WARNING AN INDIVIDUAL TIMED OUT: 
 <tpot2.search_spaces.pipelines.sequential.SequentialPipelineIndividual object at 0x1553422f89d0> 

Generation:  22
Best root_mean_squared_error score: -0.004441676422357979
Generation:  88%| | 22/25 [2:56:16<30:05, 601.88s/it]WARNING AN INDIVIDUAL TIMED OUT: 
 <tpot2.search_spaces.pipelines.sequential.SequentialPipelineIndividual object at 0x155467a55f90> 

Generation:  23
Best root_mean_squared_error score: -0.004441676422357979
Generation:  92%|| 23/25 [3:06:21<20:05, 602.97s/it]WARNING AN INDIVIDUAL TIMED OUT: 
 <tpot2.search_spaces.pipelines.sequential.SequentialPipelineIndividual object at 0x155467579960> 

Generation:  24
Best root_mean_squared_error score: -0.004441676422357979
Generation:  96%|| 24/25 [3:16:26<10:03, 603.45s/it]WARNING AN INDIVIDUAL TIMED OUT: 
 <tpot2.search_spaces.pipelines.sequential.SequentialPipelineIndividual object at 0x155467a074f0> 

Generation:  25
Best root_mean_squared_error score: -0.004441676422357979
Generation: 100%|| 25/25 [3:26:32<00:00, 604.25s/it]Generation: 100%|| 25/25 [3:26:32<00:00, 495.69s/it]
2024-09-24 07:19:03,547 - distributed.scheduler - ERROR - Removing worker 'tcp://127.0.0.1:45311' caused the cluster to lose scattered data, which can't be recovered: {'DataFrame-99a851263b9563ceaa147c78733dd6b8', 'DataFrame-605158b0b25ff24139715cceb08753fe'} (stimulus_id='handle-worker-cleanup-1727187543.5471678')
Fitted
Pipeline(steps=[('iterativeimputer',
                 IterativeImputer(estimator=Ridge(), imputation_order='arabic',
                                  initial_strategy='most_frequent',
                                  n_nearest_features=11)),
                ('mlpregressor',
                 MLPRegressor(alpha=0.000476158626, early_stopping=True,
                              hidden_layer_sizes=[409, 409, 409],
                              learning_rate='adaptive',
                              learning_rate_init=0.0004964093798,
                              n_iter_no_change=32))])
transform worked
try transform
transform worked
score start
train score: {'explained_var': 0.5728752687197378, 'r2': 0.5717699769076614, 'rmse': 0.0043650338874838554}
test score: {'explained_var': 0.5217403706939794, 'r2': 0.5207945556232951, 'rmse': 0.004775554443115491}
original test score: {'explained_var': 0.7458428091822435, 'r2': 0.7442715620349845, 'rmse': 0.0034886101636753264}
score end
216
lvl
0.5
type
MCAR
num_run
2
reg_full
finished
all finished
full run takes
10.889028234150675
hours
DONE
