Run: 34
/cm/local/apps/slurm/var/spool/job957889/slurm_script: line 26: 
pip install -e tpot2
pip install -r tpot2/ImputerExperiments/requirements_.txt
: No such file or directory
RunStart
Version 0.1.7a0 of tpot2 is outdated. Version 0.1.8a0 was released 2 days ago.
starting loops
../data/r/189/189.pkl
working on 
../data/r/189/reg_full_MNAR_0.1_2
1.8833084106445312
running experiment 1/3 - Does large hyperparameter space improve reconstruction accuracy over simple
[I 2024-09-19 18:03:52,381] A new study created in memory with name: no-name-20978d8e-739a-4b94-8af1-bec0934dbfc5
running
running
running
running
running
running
running
running
running
running
running
running
running
running
running
running
[I 2024-09-19 18:03:52,557] Trial 0 finished with value: 0.2741383473433746 and parameters: {'model_name': 'SimpleImputer', 'strategy': 'mean'}. Best is trial 0 with value: 0.2741383473433746.
running
[I 2024-09-19 18:03:52,815] Trial 12 finished with value: 0.5403756456759103 and parameters: {'model_name': 'SimpleImputer', 'strategy': 'most_frequent'}. Best is trial 0 with value: 0.2741383473433746.
running
[I 2024-09-19 18:03:53,084] Trial 17 finished with value: 0.27473750478133985 and parameters: {'model_name': 'SimpleImputer', 'strategy': 'median'}. Best is trial 0 with value: 0.2741383473433746.
running
[I 2024-09-19 18:03:54,190] Trial 11 finished with value: 0.27394497811864266 and parameters: {'model_name': 'KNNImputer', 'n_neighbors': 531, 'weights': 'distance'}. Best is trial 11 with value: 0.27394497811864266.
running
[I 2024-09-19 18:03:54,400] Trial 7 finished with value: 0.2735073398935731 and parameters: {'model_name': 'KNNImputer', 'n_neighbors': 1374, 'weights': 'distance'}. Best is trial 7 with value: 0.2735073398935731.
running
[I 2024-09-19 18:03:54,564] Trial 20 finished with value: 0.5403756456759103 and parameters: {'model_name': 'SimpleImputer', 'strategy': 'most_frequent'}. Best is trial 7 with value: 0.2735073398935731.
running
[I 2024-09-19 18:03:54,695] Trial 2 finished with value: 0.2736844444157887 and parameters: {'model_name': 'KNNImputer', 'n_neighbors': 2626, 'weights': 'uniform'}. Best is trial 7 with value: 0.2735073398935731.
running
[I 2024-09-19 18:03:54,854] Trial 3 finished with value: 0.27356619938821153 and parameters: {'model_name': 'KNNImputer', 'n_neighbors': 1516, 'weights': 'distance'}. Best is trial 7 with value: 0.2735073398935731.
running
[I 2024-09-19 18:03:55,056] Trial 16 finished with value: 0.274065802770806 and parameters: {'model_name': 'KNNImputer', 'n_neighbors': 4741, 'weights': 'uniform'}. Best is trial 7 with value: 0.2735073398935731.
running
[I 2024-09-19 18:03:55,525] Trial 22 finished with value: 0.27424583274859393 and parameters: {'model_name': 'IterativeImputer', 'estimator': 'Ridge', 'initial_strategy': 'median', 'n_nearest_features': 8, 'imputation_order': 'descending'}. Best is trial 7 with value: 0.2735073398935731.
running
[I 2024-09-19 18:03:55,896] Trial 21 finished with value: 0.27363804962840704 and parameters: {'model_name': 'KNNImputer', 'n_neighbors': 2039, 'weights': 'distance'}. Best is trial 7 with value: 0.2735073398935731.
running
[I 2024-09-19 18:05:33,466] Trial 4 finished with value: 0.47382964937129995 and parameters: {'model_name': 'GAIN', 'batch_size': 33, 'hint_rate': 0.02974174303675315, 'alpha': 73, 'iterations': 1, 'learning_rate': 0.03686852219125339, 'p_miss': 0.13269675423204289}. Best is trial 7 with value: 0.2735073398935731.
running
[I 2024-09-19 18:05:38,466] Trial 9 finished with value: 0.46094462942801373 and parameters: {'model_name': 'GAIN', 'batch_size': 13, 'hint_rate': 0.4896770726715619, 'alpha': 5, 'iterations': 5, 'learning_rate': 0.011519631013841286, 'p_miss': 0.22601772753918511}. Best is trial 7 with value: 0.2735073398935731.
running
[I 2024-09-19 18:05:39,408] Trial 13 finished with value: inf and parameters: {'model_name': 'GAIN', 'batch_size': 1, 'hint_rate': 0.6705116628122314, 'alpha': 82, 'iterations': 43, 'learning_rate': 0.0072882705920130925, 'p_miss': 0.2521195148183769}. Best is trial 7 with value: 0.2735073398935731.
running
[I 2024-09-19 18:05:40,184] Trial 10 finished with value: 0.4908169879944972 and parameters: {'model_name': 'GAIN', 'batch_size': 30, 'hint_rate': 0.9668101398968697, 'alpha': 80, 'iterations': 6, 'learning_rate': 0.006544563608270871, 'p_miss': 0.07708355848548738}. Best is trial 7 with value: 0.2735073398935731.
running
[I 2024-09-19 18:05:42,173] Trial 28 finished with value: 0.27403859767832595 and parameters: {'model_name': 'KNNImputer', 'n_neighbors': 472, 'weights': 'distance'}. Best is trial 7 with value: 0.2735073398935731.
running
[I 2024-09-19 18:05:44,091] Trial 8 finished with value: 0.4527995796985631 and parameters: {'model_name': 'GAIN', 'batch_size': 7, 'hint_rate': 0.4652987525308397, 'alpha': 97, 'iterations': 8, 'learning_rate': 0.0008740249655813336, 'p_miss': 0.29140306411267386}. Best is trial 7 with value: 0.2735073398935731.
running
[I 2024-09-19 18:05:45,437] Trial 14 finished with value: 0.27829630406352107 and parameters: {'model_name': 'VAE', 'batch_size': 1, 'iterations': 7, 'learning_rate': 0.00023711279345914465, 'p_miss': 0.08566401405271273}. Best is trial 7 with value: 0.2735073398935731.
running
[I 2024-09-19 18:05:50,229] Trial 25 finished with value: 0.27600775191945937 and parameters: {'model_name': 'VAE', 'batch_size': 69, 'iterations': 6, 'learning_rate': 0.003920541820759898, 'p_miss': 0.24855961905630736}. Best is trial 7 with value: 0.2735073398935731.
running
[I 2024-09-19 18:06:04,949] Trial 34 finished with value: 0.27428778644655594 and parameters: {'model_name': 'IterativeImputer', 'estimator': 'Bayesian', 'initial_strategy': 'mean', 'n_nearest_features': 1, 'imputation_order': 'random', 'sample_posterior': False}. Best is trial 7 with value: 0.2735073398935731.
running
[I 2024-09-19 18:06:10,087] Trial 35 finished with value: 0.2735987819073886 and parameters: {'model_name': 'KNNImputer', 'n_neighbors': 1970, 'weights': 'distance'}. Best is trial 7 with value: 0.2735073398935731.
running
[I 2024-09-19 18:06:15,150] Trial 36 finished with value: 0.27358530992618574 and parameters: {'model_name': 'KNNImputer', 'n_neighbors': 1820, 'weights': 'distance'}. Best is trial 7 with value: 0.2735073398935731.
running
[I 2024-09-19 18:06:16,264] Trial 6 finished with value: inf and parameters: {'model_name': 'GAIN', 'batch_size': 1, 'hint_rate': 0.9885796716510227, 'alpha': 90, 'iterations': 175, 'learning_rate': 0.0001305509474608907, 'p_miss': 0.11077477296261906}. Best is trial 7 with value: 0.2735073398935731.
running
[I 2024-09-19 18:06:19,718] Trial 37 finished with value: 0.27351196080158724 and parameters: {'model_name': 'KNNImputer', 'n_neighbors': 1381, 'weights': 'distance'}. Best is trial 7 with value: 0.2735073398935731.
running
[I 2024-09-19 18:06:21,654] Trial 38 finished with value: 0.2735110148003785 and parameters: {'model_name': 'KNNImputer', 'n_neighbors': 1380, 'weights': 'distance'}. Best is trial 7 with value: 0.2735073398935731.
running
[I 2024-09-19 18:06:24,552] Trial 39 finished with value: 0.2736088642556719 and parameters: {'model_name': 'KNNImputer', 'n_neighbors': 931, 'weights': 'distance'}. Best is trial 7 with value: 0.2735073398935731.
running
[I 2024-09-19 18:06:28,583] Trial 23 finished with value: 0.48258094437612664 and parameters: {'model_name': 'GAIN', 'batch_size': 92, 'hint_rate': 0.45614048532765145, 'alpha': 4, 'iterations': 41, 'learning_rate': 0.008407179525512249, 'p_miss': 0.10848011724510578}. Best is trial 7 with value: 0.2735073398935731.
running
[I 2024-09-19 18:06:29,017] Trial 40 finished with value: 0.2737987867976554 and parameters: {'model_name': 'KNNImputer', 'n_neighbors': 3877, 'weights': 'distance'}. Best is trial 7 with value: 0.2735073398935731.
running
[I 2024-09-19 18:06:31,434] Trial 41 finished with value: 0.27378966992872894 and parameters: {'model_name': 'KNNImputer', 'n_neighbors': 3676, 'weights': 'distance'}. Best is trial 7 with value: 0.2735073398935731.
running
[I 2024-09-19 18:06:35,739] Trial 43 finished with value: 0.27396780127679743 and parameters: {'model_name': 'KNNImputer', 'n_neighbors': 6084, 'weights': 'distance'}. Best is trial 7 with value: 0.2735073398935731.
running
[I 2024-09-19 18:06:36,024] Trial 42 finished with value: 0.27380517986490166 and parameters: {'model_name': 'KNNImputer', 'n_neighbors': 3905, 'weights': 'distance'}. Best is trial 7 with value: 0.2735073398935731.
running
[I 2024-09-19 18:06:41,428] Trial 46 finished with value: 0.27351351952040276 and parameters: {'model_name': 'KNNImputer', 'n_neighbors': 1300, 'weights': 'distance'}. Best is trial 7 with value: 0.2735073398935731.
running
[I 2024-09-19 18:07:04,509] Trial 47 finished with value: 0.30269511342125244 and parameters: {'model_name': 'IterativeImputer', 'estimator': 'KNN', 'initial_strategy': 'most_frequent', 'n_nearest_features': 4, 'imputation_order': 'ascending'}. Best is trial 7 with value: 0.2735073398935731.
running
[I 2024-09-19 18:07:09,608] Trial 48 finished with value: 0.27355798322549096 and parameters: {'model_name': 'KNNImputer', 'n_neighbors': 1230, 'weights': 'distance'}. Best is trial 7 with value: 0.2735073398935731.
running
[I 2024-09-19 18:09:05,535] Trial 24 finished with value: 0.27495891053952154 and parameters: {'model_name': 'VAE', 'batch_size': 800, 'iterations': 39, 'learning_rate': 0.0008382539287459914, 'p_miss': 0.040299598957299176}. Best is trial 7 with value: 0.2735073398935731.
running
[I 2024-09-19 18:09:08,925] Trial 50 finished with value: 0.27578682816485833 and parameters: {'model_name': 'KNNImputer', 'n_neighbors': 112, 'weights': 'uniform'}. Best is trial 7 with value: 0.2735073398935731.
running
[I 2024-09-19 18:09:15,212] Trial 51 finished with value: 0.2737040525150717 and parameters: {'model_name': 'KNNImputer', 'n_neighbors': 2703, 'weights': 'distance'}. Best is trial 7 with value: 0.2735073398935731.
running
[I 2024-09-19 18:09:20,705] Trial 52 finished with value: 0.273575535102985 and parameters: {'model_name': 'KNNImputer', 'n_neighbors': 1182, 'weights': 'distance'}. Best is trial 7 with value: 0.2735073398935731.
running
[I 2024-09-19 18:09:27,013] Trial 53 finished with value: 0.2736679049278169 and parameters: {'model_name': 'KNNImputer', 'n_neighbors': 2534, 'weights': 'distance'}. Best is trial 7 with value: 0.2735073398935731.
running
[I 2024-09-19 18:09:31,112] Trial 54 finished with value: 0.2734870905884702 and parameters: {'model_name': 'KNNImputer', 'n_neighbors': 912, 'weights': 'uniform'}. Best is trial 54 with value: 0.2734870905884702.
running
[I 2024-09-19 18:09:31,453] Trial 55 finished with value: 0.5403756456759103 and parameters: {'model_name': 'SimpleImputer', 'strategy': 'constant'}. Best is trial 54 with value: 0.2734870905884702.
running
[I 2024-09-19 18:09:35,854] Trial 56 finished with value: 0.27351435471796054 and parameters: {'model_name': 'KNNImputer', 'n_neighbors': 892, 'weights': 'uniform'}. Best is trial 54 with value: 0.2734870905884702.
running
[I 2024-09-19 18:09:38,973] Trial 57 finished with value: 0.3981458076791157 and parameters: {'model_name': 'KNNImputer', 'n_neighbors': 1, 'weights': 'uniform'}. Best is trial 54 with value: 0.2734870905884702.
running
[I 2024-09-19 18:09:44,281] Trial 58 finished with value: 0.27351113752132894 and parameters: {'model_name': 'KNNImputer', 'n_neighbors': 1495, 'weights': 'uniform'}. Best is trial 54 with value: 0.2734870905884702.
running
[I 2024-09-19 18:09:49,502] Trial 59 finished with value: 0.2735259959949041 and parameters: {'model_name': 'KNNImputer', 'n_neighbors': 1715, 'weights': 'uniform'}. Best is trial 54 with value: 0.2734870905884702.
running
[I 2024-09-19 18:16:50,746] Trial 1 finished with value: 0.46914828198125447 and parameters: {'model_name': 'GAIN', 'batch_size': 19, 'hint_rate': 0.7212412717236254, 'alpha': 5, 'iterations': 440, 'learning_rate': 0.0001879760150676452, 'p_miss': 0.15703717040778786}. Best is trial 54 with value: 0.2734870905884702.
running
[I 2024-09-19 18:17:02,857] Trial 18 finished with value: 0.31148002790560253 and parameters: {'model_name': 'VAE', 'batch_size': 1, 'iterations': 222, 'learning_rate': 0.0013305558742501495, 'p_miss': 0.19238996726873347}. Best is trial 54 with value: 0.2734870905884702.
running
[I 2024-09-19 18:22:41,179] Trial 19 finished with value: 0.4798377806471298 and parameters: {'model_name': 'GAIN', 'batch_size': 24, 'hint_rate': 0.4066476721569177, 'alpha': 59, 'iterations': 660, 'learning_rate': 0.0018256953806894648, 'p_miss': 0.21283719722023275}. Best is trial 54 with value: 0.2734870905884702.
running
[I 2024-09-19 18:22:45,286] Trial 63 finished with value: 0.273559222449211 and parameters: {'model_name': 'KNNImputer', 'n_neighbors': 706, 'weights': 'uniform'}. Best is trial 54 with value: 0.2734870905884702.
running
[I 2024-09-19 18:24:06,760] Trial 26 finished with value: 0.27964428620494136 and parameters: {'model_name': 'VAE', 'batch_size': 85, 'iterations': 358, 'learning_rate': 0.06605493725555033, 'p_miss': 0.21576712902357603}. Best is trial 54 with value: 0.2734870905884702.
running
[I 2024-09-19 18:46:00,404] Trial 15 finished with value: 0.27642972223012174 and parameters: {'model_name': 'IterativeImputer', 'estimator': 'RFR', 'initial_strategy': 'most_frequent', 'n_nearest_features': 7, 'imputation_order': 'random'}. Best is trial 54 with value: 0.2734870905884702.
running
[I 2024-09-19 18:46:05,132] Trial 66 finished with value: 0.2734601005160788 and parameters: {'model_name': 'KNNImputer', 'n_neighbors': 1402, 'weights': 'uniform'}. Best is trial 66 with value: 0.2734601005160788.
running
[I 2024-09-19 18:46:10,456] Trial 67 finished with value: 0.27362905568882795 and parameters: {'model_name': 'KNNImputer', 'n_neighbors': 2258, 'weights': 'uniform'}. Best is trial 66 with value: 0.2734601005160788.
running
[I 2024-09-19 18:46:15,531] Trial 68 finished with value: 0.2735128974660934 and parameters: {'model_name': 'KNNImputer', 'n_neighbors': 1488, 'weights': 'uniform'}. Best is trial 66 with value: 0.2734601005160788.
running
[I 2024-09-19 18:46:20,022] Trial 69 finished with value: 0.2734413125278841 and parameters: {'model_name': 'KNNImputer', 'n_neighbors': 1040, 'weights': 'uniform'}. Best is trial 69 with value: 0.2734413125278841.
running
[I 2024-09-19 18:46:20,468] Trial 70 finished with value: 0.2741383473433746 and parameters: {'model_name': 'SimpleImputer', 'strategy': 'mean'}. Best is trial 69 with value: 0.2734413125278841.
running
[I 2024-09-19 18:46:24,902] Trial 71 finished with value: 0.2735181732921218 and parameters: {'model_name': 'KNNImputer', 'n_neighbors': 786, 'weights': 'uniform'}. Best is trial 69 with value: 0.2734413125278841.
running
[I 2024-09-19 18:46:30,805] Trial 72 finished with value: 0.2737341659746385 and parameters: {'model_name': 'KNNImputer', 'n_neighbors': 2688, 'weights': 'uniform'}. Best is trial 69 with value: 0.2734413125278841.
running
[I 2024-09-19 18:46:46,835] Trial 73 finished with value: 0.30257878863575727 and parameters: {'model_name': 'IterativeImputer', 'estimator': 'KNN', 'initial_strategy': 'constant', 'n_nearest_features': 1, 'imputation_order': 'arabic'}. Best is trial 69 with value: 0.2734413125278841.
running
[I 2024-09-19 18:59:56,609] Trial 62 finished with value: 0.2774424307250733 and parameters: {'model_name': 'IterativeImputer', 'estimator': 'RFR', 'initial_strategy': 'constant', 'n_nearest_features': 8, 'imputation_order': 'roman'}. Best is trial 69 with value: 0.2734413125278841.
running
[I 2024-09-19 19:05:43,821] Trial 64 finished with value: 0.2775188386289366 and parameters: {'model_name': 'IterativeImputer', 'estimator': 'RFR', 'initial_strategy': 'constant', 'n_nearest_features': 8, 'imputation_order': 'roman'}. Best is trial 69 with value: 0.2734413125278841.
running
[I 2024-09-19 19:05:48,551] Trial 76 finished with value: 0.27351618618304163 and parameters: {'model_name': 'KNNImputer', 'n_neighbors': 1206, 'weights': 'uniform'}. Best is trial 69 with value: 0.2734413125278841.
running
[I 2024-09-19 19:05:53,314] Trial 77 finished with value: 0.2735407870779739 and parameters: {'model_name': 'KNNImputer', 'n_neighbors': 1547, 'weights': 'uniform'}. Best is trial 69 with value: 0.2734413125278841.
running
[I 2024-09-19 19:06:25,739] Trial 65 finished with value: 0.2764587590343045 and parameters: {'model_name': 'IterativeImputer', 'estimator': 'RFR', 'initial_strategy': 'constant', 'n_nearest_features': 8, 'imputation_order': 'arabic'}. Best is trial 69 with value: 0.2734413125278841.
running
[I 2024-09-19 20:59:05,507] Trial 5 finished with value: 0.33438980536650154 and parameters: {'model_name': 'VAE', 'batch_size': 1, 'iterations': 3302, 'learning_rate': 0.0031348605315076866, 'p_miss': 0.05144658819442409}. Best is trial 69 with value: 0.2734413125278841.
running
[I 2024-09-19 21:55:18,585] Trial 44 finished with value: 0.2781901519029334 and parameters: {'model_name': 'VAE', 'batch_size': 795, 'iterations': 3162, 'learning_rate': 0.08237028800997885, 'p_miss': 0.015118703460931332}. Best is trial 69 with value: 0.2734413125278841.
running
[I 2024-09-19 21:55:23,113] Trial 81 finished with value: 0.4723455947758719 and parameters: {'model_name': 'GAIN', 'batch_size': 4, 'hint_rate': 0.040021348888701236, 'alpha': 30, 'iterations': 1, 'learning_rate': 0.0003605769459855232, 'p_miss': 0.17813772550024806}. Best is trial 69 with value: 0.2734413125278841.
running
[I 2024-09-19 21:55:26,963] Trial 82 finished with value: 0.2739426406741047 and parameters: {'model_name': 'KNNImputer', 'n_neighbors': 470, 'weights': 'uniform'}. Best is trial 69 with value: 0.2734413125278841.
running
[I 2024-09-19 21:55:31,346] Trial 83 finished with value: 0.2735156448438871 and parameters: {'model_name': 'KNNImputer', 'n_neighbors': 1599, 'weights': 'uniform'}. Best is trial 69 with value: 0.2734413125278841.
running
[I 2024-09-19 21:55:35,602] Trial 84 finished with value: 0.2734578261486774 and parameters: {'model_name': 'KNNImputer', 'n_neighbors': 1036, 'weights': 'uniform'}. Best is trial 69 with value: 0.2734413125278841.
running
[I 2024-09-19 21:55:39,199] Trial 85 finished with value: 0.27401166473758465 and parameters: {'model_name': 'KNNImputer', 'n_neighbors': 421, 'weights': 'uniform'}. Best is trial 69 with value: 0.2734413125278841.
running
[I 2024-09-19 21:55:43,331] Trial 86 finished with value: 0.2734965678884794 and parameters: {'model_name': 'KNNImputer', 'n_neighbors': 1026, 'weights': 'uniform'}. Best is trial 69 with value: 0.2734413125278841.
running
[I 2024-09-19 21:55:47,051] Trial 87 finished with value: 0.2735189771027737 and parameters: {'model_name': 'KNNImputer', 'n_neighbors': 991, 'weights': 'uniform'}. Best is trial 69 with value: 0.2734413125278841.
running
[I 2024-09-19 21:55:51,641] Trial 88 finished with value: 0.2736434682599468 and parameters: {'model_name': 'KNNImputer', 'n_neighbors': 2100, 'weights': 'uniform'}. Best is trial 69 with value: 0.2734413125278841.
running
[I 2024-09-19 21:55:55,785] Trial 89 finished with value: 0.2735088229606503 and parameters: {'model_name': 'KNNImputer', 'n_neighbors': 960, 'weights': 'uniform'}. Best is trial 69 with value: 0.2734413125278841.
running
[I 2024-09-19 21:55:59,801] Trial 90 finished with value: 0.2738178054986637 and parameters: {'model_name': 'KNNImputer', 'n_neighbors': 560, 'weights': 'uniform'}. Best is trial 69 with value: 0.2734413125278841.
running
[I 2024-09-19 21:56:00,360] Trial 91 finished with value: 0.27473750478133985 and parameters: {'model_name': 'SimpleImputer', 'strategy': 'median'}. Best is trial 69 with value: 0.2734413125278841.
running
[I 2024-09-19 21:56:04,469] Trial 92 finished with value: 0.2735160610012572 and parameters: {'model_name': 'KNNImputer', 'n_neighbors': 1022, 'weights': 'uniform'}. Best is trial 69 with value: 0.2734413125278841.
running
[I 2024-09-19 22:24:33,091] Trial 74 finished with value: 0.4956913659803862 and parameters: {'model_name': 'GAIN', 'batch_size': 681, 'hint_rate': 0.10431366017524785, 'alpha': 31, 'iterations': 7187, 'learning_rate': 0.02269865449163205, 'p_miss': 0.015243254373270121}. Best is trial 69 with value: 0.2734413125278841.
running
[I 2024-09-19 22:34:05,888] Trial 93 finished with value: 0.49437573475664126 and parameters: {'model_name': 'GAIN', 'batch_size': 355, 'hint_rate': 0.23512100402142683, 'alpha': 34, 'iterations': 1425, 'learning_rate': 0.02463536282577912, 'p_miss': 0.2877352926279213}. Best is trial 69 with value: 0.2734413125278841.
running
[I 2024-09-19 23:06:35,038] Trial 78 finished with value: 0.49377106740468346 and parameters: {'model_name': 'GAIN', 'batch_size': 882, 'hint_rate': 0.0332911876697648, 'alpha': 31, 'iterations': 7595, 'learning_rate': 0.02492165591384319, 'p_miss': 0.019188694448488447}. Best is trial 69 with value: 0.2734413125278841.
running
[I 2024-09-19 23:06:40,040] Trial 96 finished with value: 0.2735542297777373 and parameters: {'model_name': 'KNNImputer', 'n_neighbors': 1779, 'weights': 'uniform'}. Best is trial 69 with value: 0.2734413125278841.
running
[I 2024-09-19 23:06:44,332] Trial 97 finished with value: 0.2734602995544121 and parameters: {'model_name': 'KNNImputer', 'n_neighbors': 1403, 'weights': 'uniform'}. Best is trial 69 with value: 0.2734413125278841.
running
[I 2024-09-19 23:06:48,349] Trial 98 finished with value: 0.27348722072020215 and parameters: {'model_name': 'KNNImputer', 'n_neighbors': 915, 'weights': 'uniform'}. Best is trial 69 with value: 0.2734413125278841.
running
[I 2024-09-19 23:06:52,392] Trial 99 finished with value: 0.273475806637247 and parameters: {'model_name': 'KNNImputer', 'n_neighbors': 749, 'weights': 'uniform'}. Best is trial 69 with value: 0.2734413125278841.
running
[I 2024-09-19 23:07:02,478] Trial 100 finished with value: 0.27860159205570445 and parameters: {'model_name': 'VAE', 'batch_size': 3, 'iterations': 2, 'learning_rate': 0.0005010685822099532, 'p_miss': 0.1499219816643454}. Best is trial 69 with value: 0.2734413125278841.
running
[I 2024-09-19 23:07:06,015] Trial 101 finished with value: 0.2740164135648005 and parameters: {'model_name': 'KNNImputer', 'n_neighbors': 428, 'weights': 'uniform'}. Best is trial 69 with value: 0.2734413125278841.
running
[I 2024-09-19 23:07:09,710] Trial 102 finished with value: 0.27345129020035513 and parameters: {'model_name': 'KNNImputer', 'n_neighbors': 746, 'weights': 'uniform'}. Best is trial 69 with value: 0.2734413125278841.
running
[I 2024-09-19 23:07:13,464] Trial 103 finished with value: 0.27352928445780067 and parameters: {'model_name': 'KNNImputer', 'n_neighbors': 722, 'weights': 'uniform'}. Best is trial 69 with value: 0.2734413125278841.
running
[I 2024-09-19 23:07:17,349] Trial 104 finished with value: 0.2744634323262389 and parameters: {'model_name': 'KNNImputer', 'n_neighbors': 243, 'weights': 'uniform'}. Best is trial 69 with value: 0.2734413125278841.
running
[I 2024-09-19 23:07:21,592] Trial 105 finished with value: 0.2734731453144816 and parameters: {'model_name': 'KNNImputer', 'n_neighbors': 1070, 'weights': 'uniform'}. Best is trial 69 with value: 0.2734413125278841.
running
[I 2024-09-19 23:07:26,125] Trial 106 finished with value: 0.2734356374364514 and parameters: {'model_name': 'KNNImputer', 'n_neighbors': 1080, 'weights': 'uniform'}. Best is trial 106 with value: 0.2734356374364514.
running
[I 2024-09-19 23:07:29,710] Trial 107 finished with value: 0.27355806918495407 and parameters: {'model_name': 'KNNImputer', 'n_neighbors': 703, 'weights': 'uniform'}. Best is trial 106 with value: 0.2734356374364514.
running
[I 2024-09-19 23:07:34,130] Trial 108 finished with value: 0.273439469667838 and parameters: {'model_name': 'KNNImputer', 'n_neighbors': 1273, 'weights': 'uniform'}. Best is trial 106 with value: 0.2734356374364514.
running
[I 2024-09-19 23:07:38,757] Trial 109 finished with value: 0.273482831001698 and parameters: {'model_name': 'KNNImputer', 'n_neighbors': 1165, 'weights': 'uniform'}. Best is trial 106 with value: 0.2734356374364514.
running
[I 2024-09-19 23:07:43,354] Trial 110 finished with value: 0.2734495275112348 and parameters: {'model_name': 'KNNImputer', 'n_neighbors': 1126, 'weights': 'uniform'}. Best is trial 106 with value: 0.2734356374364514.
running
[I 2024-09-19 23:07:47,649] Trial 111 finished with value: 0.27343647952142114 and parameters: {'model_name': 'KNNImputer', 'n_neighbors': 1306, 'weights': 'uniform'}. Best is trial 106 with value: 0.2734356374364514.
running
[I 2024-09-19 23:07:51,598] Trial 112 finished with value: 0.2734518971218213 and parameters: {'model_name': 'KNNImputer', 'n_neighbors': 1280, 'weights': 'uniform'}. Best is trial 106 with value: 0.2734356374364514.
running
[I 2024-09-19 23:07:55,618] Trial 113 finished with value: 0.273432357933517 and parameters: {'model_name': 'KNNImputer', 'n_neighbors': 1372, 'weights': 'uniform'}. Best is trial 113 with value: 0.273432357933517.
running
[I 2024-09-19 23:09:37,015] Trial 114 finished with value: 0.2790435076391873 and parameters: {'model_name': 'VAE', 'batch_size': 210, 'iterations': 16, 'learning_rate': 0.01483096773241937, 'p_miss': 0.2713959557057159}. Best is trial 113 with value: 0.273432357933517.
running
[I 2024-09-19 23:09:41,742] Trial 115 finished with value: 0.2735532492281204 and parameters: {'model_name': 'KNNImputer', 'n_neighbors': 1856, 'weights': 'uniform'}. Best is trial 113 with value: 0.273432357933517.
running
[I 2024-09-19 23:09:46,220] Trial 116 finished with value: 0.27346047890006264 and parameters: {'model_name': 'KNNImputer', 'n_neighbors': 1351, 'weights': 'uniform'}. Best is trial 113 with value: 0.273432357933517.
running
[I 2024-09-19 23:09:50,455] Trial 117 finished with value: 0.2734318720731471 and parameters: {'model_name': 'KNNImputer', 'n_neighbors': 1320, 'weights': 'uniform'}. Best is trial 117 with value: 0.2734318720731471.
running
[I 2024-09-19 23:09:55,270] Trial 118 finished with value: 0.2741383473433746 and parameters: {'model_name': 'KNNImputer', 'n_neighbors': 5161, 'weights': 'uniform'}. Best is trial 117 with value: 0.2734318720731471.
running
[I 2024-09-19 23:09:59,962] Trial 119 finished with value: 0.2734357518303237 and parameters: {'model_name': 'KNNImputer', 'n_neighbors': 1313, 'weights': 'uniform'}. Best is trial 117 with value: 0.2734318720731471.
running
[I 2024-09-19 23:10:00,316] Trial 120 finished with value: 0.5403756456759103 and parameters: {'model_name': 'SimpleImputer', 'strategy': 'constant'}. Best is trial 117 with value: 0.2734318720731471.
running
[I 2024-09-19 23:10:04,907] Trial 121 finished with value: 0.27345557370964113 and parameters: {'model_name': 'KNNImputer', 'n_neighbors': 1257, 'weights': 'uniform'}. Best is trial 117 with value: 0.2734318720731471.
running
[I 2024-09-19 23:10:09,263] Trial 122 finished with value: 0.2735115427198632 and parameters: {'model_name': 'KNNImputer', 'n_neighbors': 1669, 'weights': 'uniform'}. Best is trial 117 with value: 0.2734318720731471.
running
[I 2024-09-19 23:10:14,288] Trial 123 finished with value: 0.27347006339039176 and parameters: {'model_name': 'KNNImputer', 'n_neighbors': 1253, 'weights': 'uniform'}. Best is trial 117 with value: 0.2734318720731471.
running
[I 2024-09-19 23:10:19,231] Trial 124 finished with value: 0.2736485112442778 and parameters: {'model_name': 'KNNImputer', 'n_neighbors': 2057, 'weights': 'uniform'}. Best is trial 117 with value: 0.2734318720731471.
running
[I 2024-09-19 23:10:24,203] Trial 125 finished with value: 0.2735199253382373 and parameters: {'model_name': 'KNNImputer', 'n_neighbors': 1205, 'weights': 'uniform'}. Best is trial 117 with value: 0.2734318720731471.
running
[I 2024-09-19 23:10:29,033] Trial 126 finished with value: 0.27351539657912216 and parameters: {'model_name': 'KNNImputer', 'n_neighbors': 1611, 'weights': 'uniform'}. Best is trial 117 with value: 0.2734318720731471.
running
[I 2024-09-19 23:10:33,158] Trial 127 finished with value: 0.2734454486763892 and parameters: {'model_name': 'KNNImputer', 'n_neighbors': 1283, 'weights': 'uniform'}. Best is trial 117 with value: 0.2734318720731471.
running
[I 2024-09-19 23:10:37,812] Trial 128 finished with value: 0.27347762966948386 and parameters: {'model_name': 'KNNImputer', 'n_neighbors': 1444, 'weights': 'uniform'}. Best is trial 117 with value: 0.2734318720731471.
running
[I 2024-09-19 23:10:42,256] Trial 129 finished with value: 0.27343442929193557 and parameters: {'model_name': 'KNNImputer', 'n_neighbors': 1260, 'weights': 'uniform'}. Best is trial 117 with value: 0.2734318720731471.
running
[I 2024-09-19 23:10:47,814] Trial 130 finished with value: 0.27380733834260307 and parameters: {'model_name': 'KNNImputer', 'n_neighbors': 3431, 'weights': 'uniform'}. Best is trial 117 with value: 0.2734318720731471.
running
[I 2024-09-19 23:10:52,523] Trial 131 finished with value: 0.2736242021526393 and parameters: {'model_name': 'KNNImputer', 'n_neighbors': 2312, 'weights': 'uniform'}. Best is trial 117 with value: 0.2734318720731471.
running
[I 2024-09-19 23:10:57,256] Trial 132 finished with value: 0.27357260024119123 and parameters: {'model_name': 'KNNImputer', 'n_neighbors': 1868, 'weights': 'uniform'}. Best is trial 117 with value: 0.2734318720731471.
running
[I 2024-09-19 23:11:02,465] Trial 133 finished with value: 0.273744503379491 and parameters: {'model_name': 'KNNImputer', 'n_neighbors': 2989, 'weights': 'uniform'}. Best is trial 117 with value: 0.2734318720731471.
running
[I 2024-09-19 23:11:07,249] Trial 134 finished with value: 0.27353628422336823 and parameters: {'model_name': 'KNNImputer', 'n_neighbors': 1542, 'weights': 'uniform'}. Best is trial 117 with value: 0.2734318720731471.
running
[I 2024-09-19 23:11:11,722] Trial 135 finished with value: 0.27343011953409146 and parameters: {'model_name': 'KNNImputer', 'n_neighbors': 1135, 'weights': 'uniform'}. Best is trial 135 with value: 0.27343011953409146.
running
[I 2024-09-19 23:11:16,150] Trial 136 finished with value: 0.27350463717827395 and parameters: {'model_name': 'KNNImputer', 'n_neighbors': 1174, 'weights': 'uniform'}. Best is trial 135 with value: 0.27343011953409146.
running
[I 2024-09-19 23:11:20,633] Trial 137 finished with value: 0.27343938503584486 and parameters: {'model_name': 'KNNImputer', 'n_neighbors': 1323, 'weights': 'uniform'}. Best is trial 135 with value: 0.27343011953409146.
running
[I 2024-09-19 23:11:24,686] Trial 138 finished with value: 0.2736799958310466 and parameters: {'model_name': 'KNNImputer', 'n_neighbors': 623, 'weights': 'uniform'}. Best is trial 135 with value: 0.27343011953409146.
running
[I 2024-09-19 23:11:29,018] Trial 139 finished with value: 0.2735043368107838 and parameters: {'model_name': 'KNNImputer', 'n_neighbors': 852, 'weights': 'uniform'}. Best is trial 135 with value: 0.27343011953409146.
running
[I 2024-09-19 23:11:29,392] Trial 140 finished with value: 0.2741383473433746 and parameters: {'model_name': 'SimpleImputer', 'strategy': 'mean'}. Best is trial 135 with value: 0.27343011953409146.
running
[I 2024-09-19 23:11:33,747] Trial 141 finished with value: 0.27343755393367564 and parameters: {'model_name': 'KNNImputer', 'n_neighbors': 1390, 'weights': 'uniform'}. Best is trial 135 with value: 0.27343011953409146.
running
[I 2024-09-19 23:17:03,601] Trial 142 finished with value: 0.27643268359883183 and parameters: {'model_name': 'VAE', 'batch_size': 3, 'iterations': 113, 'learning_rate': 0.00011545333361149976, 'p_miss': 0.06722069843751798}. Best is trial 135 with value: 0.27343011953409146.
running
[I 2024-09-19 23:17:41,067] Trial 143 finished with value: 0.39765744639984635 and parameters: {'model_name': 'IterativeImputer', 'estimator': 'Bayesian', 'initial_strategy': 'median', 'n_nearest_features': 4, 'imputation_order': 'ascending', 'sample_posterior': True}. Best is trial 135 with value: 0.27343011953409146.
running
[I 2024-09-19 23:17:46,037] Trial 144 finished with value: 0.2735259908022137 and parameters: {'model_name': 'KNNImputer', 'n_neighbors': 1682, 'weights': 'uniform'}. Best is trial 135 with value: 0.27343011953409146.
running
[I 2024-09-19 23:17:50,222] Trial 145 finished with value: 0.27346420865748033 and parameters: {'model_name': 'KNNImputer', 'n_neighbors': 1413, 'weights': 'uniform'}. Best is trial 135 with value: 0.27343011953409146.
running
[I 2024-09-19 23:17:54,809] Trial 146 finished with value: 0.27345453478943316 and parameters: {'model_name': 'KNNImputer', 'n_neighbors': 1114, 'weights': 'uniform'}. Best is trial 135 with value: 0.27343011953409146.
running
[I 2024-09-19 23:17:59,262] Trial 147 finished with value: 0.2735737014016037 and parameters: {'model_name': 'KNNImputer', 'n_neighbors': 838, 'weights': 'uniform'}. Best is trial 135 with value: 0.27343011953409146.
running
[I 2024-09-19 23:18:03,399] Trial 148 finished with value: 0.27346286538225134 and parameters: {'model_name': 'KNNImputer', 'n_neighbors': 1410, 'weights': 'uniform'}. Best is trial 135 with value: 0.27343011953409146.
running
[I 2024-09-19 23:18:07,436] Trial 149 finished with value: 0.27343896374895915 and parameters: {'model_name': 'KNNImputer', 'n_neighbors': 1042, 'weights': 'uniform'}. Best is trial 135 with value: 0.27343011953409146.
running
[I 2024-09-19 23:18:11,887] Trial 150 finished with value: 0.27343662966656596 and parameters: {'model_name': 'KNNImputer', 'n_neighbors': 1043, 'weights': 'uniform'}. Best is trial 135 with value: 0.27343011953409146.
running
[I 2024-09-19 23:18:16,187] Trial 151 finished with value: 0.27350608859334136 and parameters: {'model_name': 'KNNImputer', 'n_neighbors': 958, 'weights': 'uniform'}. Best is trial 135 with value: 0.27343011953409146.
running
[I 2024-09-19 23:18:20,753] Trial 152 finished with value: 0.2735343883264349 and parameters: {'model_name': 'KNNImputer', 'n_neighbors': 1534, 'weights': 'uniform'}. Best is trial 135 with value: 0.27343011953409146.
running
[I 2024-09-19 23:18:25,215] Trial 153 finished with value: 0.27344804097787767 and parameters: {'model_name': 'KNNImputer', 'n_neighbors': 1342, 'weights': 'uniform'}. Best is trial 135 with value: 0.27343011953409146.
running
[I 2024-09-19 23:27:07,914] Trial 79 finished with value: 0.4941424968937101 and parameters: {'model_name': 'GAIN', 'batch_size': 427, 'hint_rate': 0.1039399854456145, 'alpha': 34, 'iterations': 9225, 'learning_rate': 0.024210536551040735, 'p_miss': 0.0158428217947833}. Best is trial 135 with value: 0.27343011953409146.
running
[I 2024-09-19 23:27:12,868] Trial 155 finished with value: 0.27353821711550924 and parameters: {'model_name': 'KNNImputer', 'n_neighbors': 1063, 'weights': 'distance'}. Best is trial 135 with value: 0.27343011953409146.
running
[I 2024-09-19 23:27:17,145] Trial 156 finished with value: 0.2734431527840745 and parameters: {'model_name': 'KNNImputer', 'n_neighbors': 1304, 'weights': 'uniform'}. Best is trial 135 with value: 0.27343011953409146.
running
[I 2024-09-19 23:27:21,318] Trial 157 finished with value: 0.27343051691320575 and parameters: {'model_name': 'KNNImputer', 'n_neighbors': 1299, 'weights': 'uniform'}. Best is trial 135 with value: 0.27343011953409146.
running
[I 2024-09-19 23:27:25,776] Trial 158 finished with value: 0.273542898757755 and parameters: {'model_name': 'KNNImputer', 'n_neighbors': 1749, 'weights': 'uniform'}. Best is trial 135 with value: 0.27343011953409146.
running
[I 2024-09-19 23:27:30,035] Trial 159 finished with value: 0.2734870905884702 and parameters: {'model_name': 'KNNImputer', 'n_neighbors': 912, 'weights': 'uniform'}. Best is trial 135 with value: 0.27343011953409146.
running
[I 2024-09-19 23:27:34,986] Trial 160 finished with value: 0.2741383473433746 and parameters: {'model_name': 'KNNImputer', 'n_neighbors': 6519, 'weights': 'uniform'}. Best is trial 135 with value: 0.27343011953409146.
running
[I 2024-09-19 23:27:39,305] Trial 161 finished with value: 0.27345187716336367 and parameters: {'model_name': 'KNNImputer', 'n_neighbors': 1104, 'weights': 'uniform'}. Best is trial 135 with value: 0.27343011953409146.
running
[I 2024-09-19 23:27:44,247] Trial 162 finished with value: 0.27352413150325916 and parameters: {'model_name': 'KNNImputer', 'n_neighbors': 1574, 'weights': 'uniform'}. Best is trial 135 with value: 0.27343011953409146.
running
[I 2024-09-19 23:27:48,770] Trial 163 finished with value: 0.2735748949443952 and parameters: {'model_name': 'KNNImputer', 'n_neighbors': 1935, 'weights': 'uniform'}. Best is trial 135 with value: 0.27343011953409146.
running
[I 2024-09-19 23:27:52,539] Trial 164 finished with value: 0.27342541918697955 and parameters: {'model_name': 'KNNImputer', 'n_neighbors': 1309, 'weights': 'uniform'}. Best is trial 164 with value: 0.27342541918697955.
running
[I 2024-09-19 23:27:56,174] Trial 165 finished with value: 0.2737550972832184 and parameters: {'model_name': 'KNNImputer', 'n_neighbors': 586, 'weights': 'uniform'}. Best is trial 164 with value: 0.27342541918697955.
running
[I 2024-09-19 23:28:00,260] Trial 166 finished with value: 0.27344295180808303 and parameters: {'model_name': 'KNNImputer', 'n_neighbors': 1344, 'weights': 'uniform'}. Best is trial 164 with value: 0.27342541918697955.
running
[I 2024-09-19 23:28:03,965] Trial 167 finished with value: 0.27347762966948386 and parameters: {'model_name': 'KNNImputer', 'n_neighbors': 1444, 'weights': 'uniform'}. Best is trial 164 with value: 0.27342541918697955.
running
[I 2024-09-19 23:28:08,207] Trial 168 finished with value: 0.2735102040650038 and parameters: {'model_name': 'KNNImputer', 'n_neighbors': 1175, 'weights': 'uniform'}. Best is trial 164 with value: 0.27342541918697955.
running
[I 2024-09-19 23:28:12,599] Trial 169 finished with value: 0.27350600823872045 and parameters: {'model_name': 'KNNImputer', 'n_neighbors': 1005, 'weights': 'uniform'}. Best is trial 164 with value: 0.27342541918697955.
running
[I 2024-09-19 23:28:18,523] Trial 170 finished with value: 0.27389147899898136 and parameters: {'model_name': 'KNNImputer', 'n_neighbors': 4192, 'weights': 'uniform'}. Best is trial 164 with value: 0.27342541918697955.
running
[I 2024-09-19 23:35:20,175] Trial 75 finished with value: 0.49471471619100615 and parameters: {'model_name': 'GAIN', 'batch_size': 822, 'hint_rate': 0.034499533565369445, 'alpha': 34, 'iterations': 8970, 'learning_rate': 0.024440947276205747, 'p_miss': 0.020331442314862197}. Best is trial 164 with value: 0.27342541918697955.
running
[I 2024-09-19 23:35:33,810] Trial 172 finished with value: 0.2742645225955832 and parameters: {'model_name': 'IterativeImputer', 'estimator': 'Ridge', 'initial_strategy': 'mean', 'n_nearest_features': 6, 'imputation_order': 'descending'}. Best is trial 164 with value: 0.27342541918697955.
running
[I 2024-09-19 23:35:49,503] Trial 173 finished with value: 0.27559555995785845 and parameters: {'model_name': 'VAE', 'batch_size': 165, 'iterations': 2, 'learning_rate': 0.004428192188414103, 'p_miss': 0.17651097391184997}. Best is trial 164 with value: 0.27342541918697955.
running
[I 2024-09-19 23:35:50,485] Trial 174 finished with value: 0.5403756456759103 and parameters: {'model_name': 'SimpleImputer', 'strategy': 'most_frequent'}. Best is trial 164 with value: 0.27342541918697955.
running
[I 2024-09-19 23:35:54,515] Trial 175 finished with value: 0.27343647952142114 and parameters: {'model_name': 'KNNImputer', 'n_neighbors': 1306, 'weights': 'uniform'}. Best is trial 164 with value: 0.27342541918697955.
running
[I 2024-09-19 23:35:58,960] Trial 176 finished with value: 0.2734337538066895 and parameters: {'model_name': 'KNNImputer', 'n_neighbors': 1319, 'weights': 'uniform'}. Best is trial 164 with value: 0.27342541918697955.
running
[I 2024-09-19 23:36:03,333] Trial 177 finished with value: 0.27349359803040024 and parameters: {'model_name': 'KNNImputer', 'n_neighbors': 1227, 'weights': 'uniform'}. Best is trial 164 with value: 0.27342541918697955.
running
[I 2024-09-19 23:36:07,553] Trial 178 finished with value: 0.2734371833913235 and parameters: {'model_name': 'KNNImputer', 'n_neighbors': 1077, 'weights': 'uniform'}. Best is trial 164 with value: 0.27342541918697955.
running
[I 2024-09-19 23:36:12,428] Trial 179 finished with value: 0.2735329417861384 and parameters: {'model_name': 'KNNImputer', 'n_neighbors': 1684, 'weights': 'uniform'}. Best is trial 164 with value: 0.27342541918697955.
running
[I 2024-09-19 23:36:16,611] Trial 180 finished with value: 0.27351113752132894 and parameters: {'model_name': 'KNNImputer', 'n_neighbors': 1495, 'weights': 'uniform'}. Best is trial 164 with value: 0.27342541918697955.
running
[I 2024-09-19 23:36:20,583] Trial 181 finished with value: 0.273512557065657 and parameters: {'model_name': 'KNNImputer', 'n_neighbors': 861, 'weights': 'uniform'}. Best is trial 164 with value: 0.27342541918697955.
running
[I 2024-09-19 23:36:24,825] Trial 182 finished with value: 0.27344800856860724 and parameters: {'model_name': 'KNNImputer', 'n_neighbors': 1100, 'weights': 'uniform'}. Best is trial 164 with value: 0.27342541918697955.
running
[I 2024-09-19 23:36:30,250] Trial 183 finished with value: 0.2735211152096153 and parameters: {'model_name': 'KNNImputer', 'n_neighbors': 1282, 'weights': 'distance'}. Best is trial 164 with value: 0.27342541918697955.
running
[I 2024-09-19 23:36:34,950] Trial 184 finished with value: 0.2735317039321592 and parameters: {'model_name': 'KNNImputer', 'n_neighbors': 1550, 'weights': 'uniform'}. Best is trial 164 with value: 0.27342541918697955.
running
[I 2024-09-19 23:36:39,165] Trial 185 finished with value: 0.2735189771027737 and parameters: {'model_name': 'KNNImputer', 'n_neighbors': 991, 'weights': 'uniform'}. Best is trial 164 with value: 0.27342541918697955.
running
[I 2024-09-19 23:36:43,368] Trial 186 finished with value: 0.2734871903010685 and parameters: {'model_name': 'KNNImputer', 'n_neighbors': 1159, 'weights': 'uniform'}. Best is trial 164 with value: 0.27342541918697955.
running
[I 2024-09-19 23:36:47,771] Trial 187 finished with value: 0.27345213056441864 and parameters: {'model_name': 'KNNImputer', 'n_neighbors': 1399, 'weights': 'uniform'}. Best is trial 164 with value: 0.27342541918697955.
running
[I 2024-09-19 23:36:51,736] Trial 188 finished with value: 0.2734371833913235 and parameters: {'model_name': 'KNNImputer', 'n_neighbors': 1077, 'weights': 'uniform'}. Best is trial 164 with value: 0.27342541918697955.
running
[I 2024-09-19 23:36:56,353] Trial 189 finished with value: 0.27343406725496544 and parameters: {'model_name': 'KNNImputer', 'n_neighbors': 1261, 'weights': 'uniform'}. Best is trial 164 with value: 0.27342541918697955.
running
[I 2024-09-19 23:37:00,429] Trial 190 finished with value: 0.27355184740046357 and parameters: {'model_name': 'KNNImputer', 'n_neighbors': 797, 'weights': 'uniform'}. Best is trial 164 with value: 0.27342541918697955.
running
[I 2024-09-19 23:37:04,581] Trial 191 finished with value: 0.27344551298871933 and parameters: {'model_name': 'KNNImputer', 'n_neighbors': 1081, 'weights': 'uniform'}. Best is trial 164 with value: 0.27342541918697955.
running
[I 2024-09-19 23:49:37,194] Trial 154 finished with value: 0.49452137710054894 and parameters: {'model_name': 'GAIN', 'batch_size': 163, 'hint_rate': 0.7449598376040303, 'alpha': 59, 'iterations': 1205, 'learning_rate': 0.002688728602589516, 'p_miss': 0.18424632728152862}. Best is trial 164 with value: 0.27342541918697955.
running
[I 2024-09-19 23:49:41,097] Trial 193 finished with value: 0.27347338142556954 and parameters: {'model_name': 'KNNImputer', 'n_neighbors': 1439, 'weights': 'uniform'}. Best is trial 164 with value: 0.27342541918697955.
running
[I 2024-09-19 23:49:45,475] Trial 194 finished with value: 0.2734816710294842 and parameters: {'model_name': 'KNNImputer', 'n_neighbors': 1251, 'weights': 'uniform'}. Best is trial 164 with value: 0.27342541918697955.
running
[I 2024-09-19 23:49:49,742] Trial 195 finished with value: 0.273520053759017 and parameters: {'model_name': 'KNNImputer', 'n_neighbors': 930, 'weights': 'uniform'}. Best is trial 164 with value: 0.27342541918697955.
running
[I 2024-09-19 23:49:54,599] Trial 196 finished with value: 0.27343566292470184 and parameters: {'model_name': 'KNNImputer', 'n_neighbors': 1312, 'weights': 'uniform'}. Best is trial 164 with value: 0.27342541918697955.
running
[I 2024-09-19 23:49:59,099] Trial 197 finished with value: 0.27345028976694424 and parameters: {'model_name': 'KNNImputer', 'n_neighbors': 1347, 'weights': 'uniform'}. Best is trial 164 with value: 0.27342541918697955.
running
[I 2024-09-19 23:50:03,751] Trial 198 finished with value: 0.27350463717827395 and parameters: {'model_name': 'KNNImputer', 'n_neighbors': 1174, 'weights': 'uniform'}. Best is trial 164 with value: 0.27342541918697955.
running
[I 2024-09-19 23:50:07,752] Trial 199 finished with value: 0.2735208823422128 and parameters: {'model_name': 'KNNImputer', 'n_neighbors': 1560, 'weights': 'uniform'}. Best is trial 164 with value: 0.27342541918697955.
[I 2024-09-19 23:53:02,285] Trial 171 finished with value: 0.49894864425807767 and parameters: {'model_name': 'GAIN', 'batch_size': 201, 'hint_rate': 0.7790382631047343, 'alpha': 54, 'iterations': 996, 'learning_rate': 0.002935023803932747, 'p_miss': 0.18217159907318123}. Best is trial 164 with value: 0.27342541918697955.
[I 2024-09-19 23:57:04,431] Trial 192 finished with value: 0.4816408632408759 and parameters: {'model_name': 'GAIN', 'batch_size': 13, 'hint_rate': 0.7924672427067616, 'alpha': 54, 'iterations': 835, 'learning_rate': 0.0022515431054531566, 'p_miss': 0.1385138007405703}. Best is trial 164 with value: 0.27342541918697955.
[I 2024-09-20 00:00:30,165] Trial 31 finished with value: 0.27800782058206386 and parameters: {'model_name': 'VAE', 'batch_size': 481, 'iterations': 5109, 'learning_rate': 0.00028824072337582006, 'p_miss': 0.013641334880900496}. Best is trial 164 with value: 0.27342541918697955.
[I 2024-09-20 00:05:00,596] Trial 80 finished with value: 0.4951136164806463 and parameters: {'model_name': 'GAIN', 'batch_size': 985, 'hint_rate': 0.021898927257756162, 'alpha': 33, 'iterations': 6392, 'learning_rate': 0.02893859802429659, 'p_miss': 0.011177823073997423}. Best is trial 164 with value: 0.27342541918697955.
[I 2024-09-20 00:33:42,235] Trial 94 finished with value: 0.27883666715779387 and parameters: {'model_name': 'VAE', 'batch_size': 269, 'iterations': 2235, 'learning_rate': 0.000517916408793889, 'p_miss': 0.2918787227378209}. Best is trial 164 with value: 0.27342541918697955.
[I 2024-09-20 01:02:41,425] Trial 45 finished with value: 0.2782243350810642 and parameters: {'model_name': 'VAE', 'batch_size': 962, 'iterations': 5637, 'learning_rate': 0.053573245153926904, 'p_miss': 0.024449751421831728}. Best is trial 164 with value: 0.27342541918697955.
[I 2024-09-20 01:13:51,051] Trial 27 finished with value: 0.3464674925261958 and parameters: {'model_name': 'VAE', 'batch_size': 1, 'iterations': 9787, 'learning_rate': 0.00010925804936105843, 'p_miss': 0.26415777789041517}. Best is trial 164 with value: 0.27342541918697955.
[I 2024-09-20 01:23:22,558] Trial 32 finished with value: 0.27822677356331005 and parameters: {'model_name': 'VAE', 'batch_size': 929, 'iterations': 5626, 'learning_rate': 0.0001411005667737341, 'p_miss': 0.013599263923264326}. Best is trial 164 with value: 0.27342541918697955.
[I 2024-09-20 01:29:52,877] Trial 33 finished with value: 0.27846162122294466 and parameters: {'model_name': 'VAE', 'batch_size': 443, 'iterations': 8986, 'learning_rate': 0.0762389089049261, 'p_miss': 0.014598317586703297}. Best is trial 164 with value: 0.27342541918697955.
[I 2024-09-20 01:38:02,820] Trial 30 finished with value: 0.27810926561551136 and parameters: {'model_name': 'VAE', 'batch_size': 970, 'iterations': 6306, 'learning_rate': 0.0001389042633039923, 'p_miss': 0.034804738515109346}. Best is trial 164 with value: 0.27342541918697955.
[I 2024-09-20 01:54:33,475] Trial 49 finished with value: 0.27843590357176834 and parameters: {'model_name': 'VAE', 'batch_size': 531, 'iterations': 8796, 'learning_rate': 0.0008962945344232666, 'p_miss': 0.16192219847941997}. Best is trial 164 with value: 0.27342541918697955.
[I 2024-09-20 01:56:25,381] Trial 61 finished with value: 0.27827520158568275 and parameters: {'model_name': 'VAE', 'batch_size': 592, 'iterations': 8833, 'learning_rate': 0.07286646514450384, 'p_miss': 0.1826110521051452}. Best is trial 164 with value: 0.27342541918697955.
[I 2024-09-20 01:59:01,207] Trial 29 finished with value: 0.2779855551914011 and parameters: {'model_name': 'VAE', 'batch_size': 981, 'iterations': 8607, 'learning_rate': 0.00011598220342565298, 'p_miss': 0.0324001794897653}. Best is trial 164 with value: 0.27342541918697955.
[I 2024-09-20 01:59:50,096] Trial 60 finished with value: 0.278377423760229 and parameters: {'model_name': 'VAE', 'batch_size': 524, 'iterations': 9652, 'learning_rate': 0.06734598520241096, 'p_miss': 0.18295205717117005}. Best is trial 164 with value: 0.27342541918697955.
[I 2024-09-20 02:01:20,863] Trial 95 finished with value: 0.29401731289755884 and parameters: {'model_name': 'VAE', 'batch_size': 3, 'iterations': 9906, 'learning_rate': 0.00010168212377324452, 'p_miss': 0.14159755983575656}. Best is trial 164 with value: 0.27342541918697955.
fit
auto fit
auto transform
0    0
1    0
2    0
3    0
4    0
5    0
6    0
7    0
dtype: int64
0    0
1    0
2    0
3    0
4    0
5    0
6    0
7    0
dtype: int64
0.27342541918697955
{'model_name': 'KNNImputer', 'n_neighbors': 1309, 'weights': 'uniform'}
running experiment 2/3 - Does reconstruction give good automl predictions
Start est fit
Version 0.1.7a0 of tpot2 is outdated. Version 0.1.8a0 was released 2 days ago.
Version 0.1.7a0 of tpot2 is outdated. Version 0.1.8a0 was released 2 days ago.
Version 0.1.7a0 of tpot2 is outdated. Version 0.1.8a0 was released 2 days ago.
Version 0.1.7a0 of tpot2 is outdated. Version 0.1.8a0 was released 2 days ago.
Version 0.1.7a0 of tpot2 is outdated. Version 0.1.8a0 was released 2 days ago.
Version 0.1.7a0 of tpot2 is outdated. Version 0.1.8a0 was released 2 days ago.
Version 0.1.7a0 of tpot2 is outdated. Version 0.1.8a0 was released 2 days ago.
Version 0.1.7a0 of tpot2 is outdated. Version 0.1.8a0 was released 2 days ago.
Version 0.1.7a0 of tpot2 is outdated. Version 0.1.8a0 was released 2 days ago.
Version 0.1.7a0 of tpot2 is outdated. Version 0.1.8a0 was released 2 days ago.
Version 0.1.7a0 of tpot2 is outdated. Version 0.1.8a0 was released 2 days ago.
Version 0.1.7a0 of tpot2 is outdated. Version 0.1.8a0 was released 2 days ago.
Version 0.1.7a0 of tpot2 is outdated. Version 0.1.8a0 was released 2 days ago.
Version 0.1.7a0 of tpot2 is outdated. Version 0.1.8a0 was released 2 days ago.
Version 0.1.7a0 of tpot2 is outdated. Version 0.1.8a0 was released 2 days ago.
Version 0.1.7a0 of tpot2 is outdated. Version 0.1.8a0 was released 2 days ago.
  0%|          | 0/25 [00:00<?, ?it/s]Generation:   0%|          | 0/25 [00:00<?, ?it/s]Generation:  1
Best root_mean_squared_error score: -0.1433696558566051
Generation:   4%|         | 1/25 [00:13<05:25, 13.55s/it]Generation:  2
Best root_mean_squared_error score: -0.1433696558566051
Generation:   8%|         | 2/25 [00:32<06:21, 16.58s/it]Generation:  3
Best root_mean_squared_error score: -0.14286736644154802
Generation:  12%|        | 3/25 [01:30<13:07, 35.78s/it]WARNING THIS INDIVIDUAL CAUSED AND EXCEPTION 
 <tpot2.search_spaces.pipelines.sequential.SequentialPipelineIndividual object at 0x155467fc7e20> 
 The 'criterion' parameter of RandomForestRegressor must be a str among {'friedman_mse', 'poisson', 'absolute_error', 'squared_error'}. Got 'mae' instead. 
 Traceback (most recent call last):
  File "/common/ketrong/tpotexp/tpot2/tpot2/utils/eval_utils.py", line 53, in objective_nan_wrapper
    value = func_timeout.func_timeout(timeout, objective_function, args=[individual], kwargs=objective_kwargs)
  File "/common/ketrong/tpotexp/env/lib/python3.10/site-packages/func_timeout/dafunc.py", line 108, in func_timeout
    raise_exception(exception)
  File "/common/ketrong/tpotexp/env/lib/python3.10/site-packages/func_timeout/py3_raise.py", line 7, in raise_exception
    raise exception[0] from None
  File "/common/ketrong/tpotexp/tpot2/tpot2/tpot_estimator/estimator.py", line 623, in objective_function
    return objective_function_generator(
  File "/common/ketrong/tpotexp/tpot2/tpot2/tpot_estimator/estimator_utils.py", line 55, in objective_function_generator
    cv_obj_scores = cross_val_score_objective(sklearn.base.clone(pipeline),x,y,scorers=scorers, cv=cv , fold=step)
  File "/common/ketrong/tpotexp/tpot2/tpot2/tpot_estimator/cross_val_utils.py", line 28, in cross_val_score_objective
    this_fold_pipeline.fit(X_train,y_train)
  File "/common/ketrong/tpotexp/env/lib/python3.10/site-packages/sklearn/base.py", line 1473, in wrapper
    return fit_method(estimator, *args, **kwargs)
  File "/common/ketrong/tpotexp/env/lib/python3.10/site-packages/sklearn/pipeline.py", line 473, in fit
    self._final_estimator.fit(Xt, y, **last_step_params["fit"])
  File "/common/ketrong/tpotexp/env/lib/python3.10/site-packages/sklearn/base.py", line 1466, in wrapper
    estimator._validate_params()
  File "/common/ketrong/tpotexp/env/lib/python3.10/site-packages/sklearn/base.py", line 666, in _validate_params
    validate_parameter_constraints(
  File "/common/ketrong/tpotexp/env/lib/python3.10/site-packages/sklearn/utils/_param_validation.py", line 95, in validate_parameter_constraints
    raise InvalidParameterError(
sklearn.utils._param_validation.InvalidParameterError: The 'criterion' parameter of RandomForestRegressor must be a str among {'friedman_mse', 'poisson', 'absolute_error', 'squared_error'}. Got 'mae' instead.

Generation:  4
Best root_mean_squared_error score: -0.14234002509505148
Generation:  16%|        | 4/25 [04:19<30:56, 88.41s/it]Generation:  5
Best root_mean_squared_error score: -0.14234002509505148
Generation:  20%|        | 5/25 [07:30<41:46, 125.32s/it]Generation:  6
Best root_mean_squared_error score: -0.14234002509505148
Generation:  24%|       | 6/25 [11:29<51:53, 163.87s/it]Generation:  7
Best root_mean_squared_error score: -0.14234002509505148
Generation:  28%|       | 7/25 [21:03<1:29:20, 297.83s/it]WARNING THIS INDIVIDUAL CAUSED AND EXCEPTION 
 <tpot2.search_spaces.pipelines.sequential.SequentialPipelineIndividual object at 0x155467f04a00> 
 The 'criterion' parameter of DecisionTreeRegressor must be a str among {'friedman_mse', 'poisson', 'absolute_error', 'squared_error'}. Got 'mae' instead. 
 Traceback (most recent call last):
  File "/common/ketrong/tpotexp/tpot2/tpot2/utils/eval_utils.py", line 53, in objective_nan_wrapper
    value = func_timeout.func_timeout(timeout, objective_function, args=[individual], kwargs=objective_kwargs)
  File "/common/ketrong/tpotexp/env/lib/python3.10/site-packages/func_timeout/dafunc.py", line 108, in func_timeout
    raise_exception(exception)
  File "/common/ketrong/tpotexp/env/lib/python3.10/site-packages/func_timeout/py3_raise.py", line 7, in raise_exception
    raise exception[0] from None
  File "/common/ketrong/tpotexp/tpot2/tpot2/tpot_estimator/estimator.py", line 623, in objective_function
    return objective_function_generator(
  File "/common/ketrong/tpotexp/tpot2/tpot2/tpot_estimator/estimator_utils.py", line 55, in objective_function_generator
    cv_obj_scores = cross_val_score_objective(sklearn.base.clone(pipeline),x,y,scorers=scorers, cv=cv , fold=step)
  File "/common/ketrong/tpotexp/tpot2/tpot2/tpot_estimator/cross_val_utils.py", line 28, in cross_val_score_objective
    this_fold_pipeline.fit(X_train,y_train)
  File "/common/ketrong/tpotexp/env/lib/python3.10/site-packages/sklearn/base.py", line 1473, in wrapper
    return fit_method(estimator, *args, **kwargs)
  File "/common/ketrong/tpotexp/env/lib/python3.10/site-packages/sklearn/pipeline.py", line 473, in fit
    self._final_estimator.fit(Xt, y, **last_step_params["fit"])
  File "/common/ketrong/tpotexp/env/lib/python3.10/site-packages/sklearn/base.py", line 1466, in wrapper
    estimator._validate_params()
  File "/common/ketrong/tpotexp/env/lib/python3.10/site-packages/sklearn/base.py", line 666, in _validate_params
    validate_parameter_constraints(
  File "/common/ketrong/tpotexp/env/lib/python3.10/site-packages/sklearn/utils/_param_validation.py", line 95, in validate_parameter_constraints
    raise InvalidParameterError(
sklearn.utils._param_validation.InvalidParameterError: The 'criterion' parameter of DecisionTreeRegressor must be a str among {'friedman_mse', 'poisson', 'absolute_error', 'squared_error'}. Got 'mae' instead.

WARNING THIS INDIVIDUAL CAUSED AND EXCEPTION 
 <tpot2.search_spaces.pipelines.sequential.SequentialPipelineIndividual object at 0x155474733d90> 
 The 'criterion' parameter of DecisionTreeRegressor must be a str among {'friedman_mse', 'poisson', 'absolute_error', 'squared_error'}. Got 'mae' instead. 
 Traceback (most recent call last):
  File "/common/ketrong/tpotexp/tpot2/tpot2/utils/eval_utils.py", line 53, in objective_nan_wrapper
    value = func_timeout.func_timeout(timeout, objective_function, args=[individual], kwargs=objective_kwargs)
  File "/common/ketrong/tpotexp/env/lib/python3.10/site-packages/func_timeout/dafunc.py", line 108, in func_timeout
    raise_exception(exception)
  File "/common/ketrong/tpotexp/env/lib/python3.10/site-packages/func_timeout/py3_raise.py", line 7, in raise_exception
    raise exception[0] from None
  File "/common/ketrong/tpotexp/tpot2/tpot2/tpot_estimator/estimator.py", line 623, in objective_function
    return objective_function_generator(
  File "/common/ketrong/tpotexp/tpot2/tpot2/tpot_estimator/estimator_utils.py", line 55, in objective_function_generator
    cv_obj_scores = cross_val_score_objective(sklearn.base.clone(pipeline),x,y,scorers=scorers, cv=cv , fold=step)
  File "/common/ketrong/tpotexp/tpot2/tpot2/tpot_estimator/cross_val_utils.py", line 28, in cross_val_score_objective
    this_fold_pipeline.fit(X_train,y_train)
  File "/common/ketrong/tpotexp/env/lib/python3.10/site-packages/sklearn/base.py", line 1473, in wrapper
    return fit_method(estimator, *args, **kwargs)
  File "/common/ketrong/tpotexp/env/lib/python3.10/site-packages/sklearn/pipeline.py", line 473, in fit
    self._final_estimator.fit(Xt, y, **last_step_params["fit"])
  File "/common/ketrong/tpotexp/env/lib/python3.10/site-packages/sklearn/base.py", line 1466, in wrapper
    estimator._validate_params()
  File "/common/ketrong/tpotexp/env/lib/python3.10/site-packages/sklearn/base.py", line 666, in _validate_params
    validate_parameter_constraints(
  File "/common/ketrong/tpotexp/env/lib/python3.10/site-packages/sklearn/utils/_param_validation.py", line 95, in validate_parameter_constraints
    raise InvalidParameterError(
sklearn.utils._param_validation.InvalidParameterError: The 'criterion' parameter of DecisionTreeRegressor must be a str among {'friedman_mse', 'poisson', 'absolute_error', 'squared_error'}. Got 'mae' instead.

Generation:  8
Best root_mean_squared_error score: -0.14234002509505148
Generation:  32%|      | 8/25 [27:51<1:34:19, 332.92s/it]Generation:  9
Best root_mean_squared_error score: -0.14234002509505148
Generation:  36%|      | 9/25 [31:43<1:20:25, 301.62s/it]Generation:  10
Best root_mean_squared_error score: -0.14234002509505148
Generation:  40%|      | 10/25 [40:31<1:32:51, 371.46s/it]WARNING THIS INDIVIDUAL CAUSED AND EXCEPTION 
 <tpot2.search_spaces.pipelines.sequential.SequentialPipelineIndividual object at 0x1554746a7cd0> 
 The 'criterion' parameter of ExtraTreesRegressor must be a str among {'friedman_mse', 'poisson', 'absolute_error', 'squared_error'}. Got 'mae' instead. 
 Traceback (most recent call last):
  File "/common/ketrong/tpotexp/tpot2/tpot2/utils/eval_utils.py", line 53, in objective_nan_wrapper
    value = func_timeout.func_timeout(timeout, objective_function, args=[individual], kwargs=objective_kwargs)
  File "/common/ketrong/tpotexp/env/lib/python3.10/site-packages/func_timeout/dafunc.py", line 108, in func_timeout
    raise_exception(exception)
  File "/common/ketrong/tpotexp/env/lib/python3.10/site-packages/func_timeout/py3_raise.py", line 7, in raise_exception
    raise exception[0] from None
  File "/common/ketrong/tpotexp/tpot2/tpot2/tpot_estimator/estimator.py", line 623, in objective_function
    return objective_function_generator(
  File "/common/ketrong/tpotexp/tpot2/tpot2/tpot_estimator/estimator_utils.py", line 55, in objective_function_generator
    cv_obj_scores = cross_val_score_objective(sklearn.base.clone(pipeline),x,y,scorers=scorers, cv=cv , fold=step)
  File "/common/ketrong/tpotexp/tpot2/tpot2/tpot_estimator/cross_val_utils.py", line 28, in cross_val_score_objective
    this_fold_pipeline.fit(X_train,y_train)
  File "/common/ketrong/tpotexp/env/lib/python3.10/site-packages/sklearn/base.py", line 1473, in wrapper
    return fit_method(estimator, *args, **kwargs)
  File "/common/ketrong/tpotexp/env/lib/python3.10/site-packages/sklearn/pipeline.py", line 473, in fit
    self._final_estimator.fit(Xt, y, **last_step_params["fit"])
  File "/common/ketrong/tpotexp/env/lib/python3.10/site-packages/sklearn/base.py", line 1466, in wrapper
    estimator._validate_params()
  File "/common/ketrong/tpotexp/env/lib/python3.10/site-packages/sklearn/base.py", line 666, in _validate_params
    validate_parameter_constraints(
  File "/common/ketrong/tpotexp/env/lib/python3.10/site-packages/sklearn/utils/_param_validation.py", line 95, in validate_parameter_constraints
    raise InvalidParameterError(
sklearn.utils._param_validation.InvalidParameterError: The 'criterion' parameter of ExtraTreesRegressor must be a str among {'friedman_mse', 'poisson', 'absolute_error', 'squared_error'}. Got 'mae' instead.

WARNING THIS INDIVIDUAL CAUSED AND EXCEPTION 
 <tpot2.search_spaces.pipelines.sequential.SequentialPipelineIndividual object at 0x155467920100> 
 The 'criterion' parameter of DecisionTreeRegressor must be a str among {'friedman_mse', 'poisson', 'absolute_error', 'squared_error'}. Got 'mae' instead. 
 Traceback (most recent call last):
  File "/common/ketrong/tpotexp/tpot2/tpot2/utils/eval_utils.py", line 53, in objective_nan_wrapper
    value = func_timeout.func_timeout(timeout, objective_function, args=[individual], kwargs=objective_kwargs)
  File "/common/ketrong/tpotexp/env/lib/python3.10/site-packages/func_timeout/dafunc.py", line 108, in func_timeout
    raise_exception(exception)
  File "/common/ketrong/tpotexp/env/lib/python3.10/site-packages/func_timeout/py3_raise.py", line 7, in raise_exception
    raise exception[0] from None
  File "/common/ketrong/tpotexp/tpot2/tpot2/tpot_estimator/estimator.py", line 623, in objective_function
    return objective_function_generator(
  File "/common/ketrong/tpotexp/tpot2/tpot2/tpot_estimator/estimator_utils.py", line 55, in objective_function_generator
    cv_obj_scores = cross_val_score_objective(sklearn.base.clone(pipeline),x,y,scorers=scorers, cv=cv , fold=step)
  File "/common/ketrong/tpotexp/tpot2/tpot2/tpot_estimator/cross_val_utils.py", line 28, in cross_val_score_objective
    this_fold_pipeline.fit(X_train,y_train)
  File "/common/ketrong/tpotexp/env/lib/python3.10/site-packages/sklearn/base.py", line 1473, in wrapper
    return fit_method(estimator, *args, **kwargs)
  File "/common/ketrong/tpotexp/env/lib/python3.10/site-packages/sklearn/pipeline.py", line 473, in fit
    self._final_estimator.fit(Xt, y, **last_step_params["fit"])
  File "/common/ketrong/tpotexp/env/lib/python3.10/site-packages/sklearn/base.py", line 1466, in wrapper
    estimator._validate_params()
  File "/common/ketrong/tpotexp/env/lib/python3.10/site-packages/sklearn/base.py", line 666, in _validate_params
    validate_parameter_constraints(
  File "/common/ketrong/tpotexp/env/lib/python3.10/site-packages/sklearn/utils/_param_validation.py", line 95, in validate_parameter_constraints
    raise InvalidParameterError(
sklearn.utils._param_validation.InvalidParameterError: The 'criterion' parameter of DecisionTreeRegressor must be a str among {'friedman_mse', 'poisson', 'absolute_error', 'squared_error'}. Got 'mae' instead.

Generation:  11
Best root_mean_squared_error score: -0.14234002509505148
Generation:  44%|     | 11/25 [45:31<1:21:31, 349.36s/it]WARNING THIS INDIVIDUAL CAUSED AND EXCEPTION 
 <tpot2.search_spaces.pipelines.sequential.SequentialPipelineIndividual object at 0x15547472afe0> 
 The 'criterion' parameter of ExtraTreesRegressor must be a str among {'friedman_mse', 'poisson', 'absolute_error', 'squared_error'}. Got 'mae' instead. 
 Traceback (most recent call last):
  File "/common/ketrong/tpotexp/tpot2/tpot2/utils/eval_utils.py", line 53, in objective_nan_wrapper
    value = func_timeout.func_timeout(timeout, objective_function, args=[individual], kwargs=objective_kwargs)
  File "/common/ketrong/tpotexp/env/lib/python3.10/site-packages/func_timeout/dafunc.py", line 108, in func_timeout
    raise_exception(exception)
  File "/common/ketrong/tpotexp/env/lib/python3.10/site-packages/func_timeout/py3_raise.py", line 7, in raise_exception
    raise exception[0] from None
  File "/common/ketrong/tpotexp/tpot2/tpot2/tpot_estimator/estimator.py", line 623, in objective_function
    return objective_function_generator(
  File "/common/ketrong/tpotexp/tpot2/tpot2/tpot_estimator/estimator_utils.py", line 55, in objective_function_generator
    cv_obj_scores = cross_val_score_objective(sklearn.base.clone(pipeline),x,y,scorers=scorers, cv=cv , fold=step)
  File "/common/ketrong/tpotexp/tpot2/tpot2/tpot_estimator/cross_val_utils.py", line 28, in cross_val_score_objective
    this_fold_pipeline.fit(X_train,y_train)
  File "/common/ketrong/tpotexp/env/lib/python3.10/site-packages/sklearn/base.py", line 1473, in wrapper
    return fit_method(estimator, *args, **kwargs)
  File "/common/ketrong/tpotexp/env/lib/python3.10/site-packages/sklearn/pipeline.py", line 473, in fit
    self._final_estimator.fit(Xt, y, **last_step_params["fit"])
  File "/common/ketrong/tpotexp/env/lib/python3.10/site-packages/sklearn/base.py", line 1466, in wrapper
    estimator._validate_params()
  File "/common/ketrong/tpotexp/env/lib/python3.10/site-packages/sklearn/base.py", line 666, in _validate_params
    validate_parameter_constraints(
  File "/common/ketrong/tpotexp/env/lib/python3.10/site-packages/sklearn/utils/_param_validation.py", line 95, in validate_parameter_constraints
    raise InvalidParameterError(
sklearn.utils._param_validation.InvalidParameterError: The 'criterion' parameter of ExtraTreesRegressor must be a str among {'friedman_mse', 'poisson', 'absolute_error', 'squared_error'}. Got 'mae' instead.

WARNING THIS INDIVIDUAL CAUSED AND EXCEPTION 
 <tpot2.search_spaces.pipelines.sequential.SequentialPipelineIndividual object at 0x155467c3fa00> 
 The 'criterion' parameter of RandomForestRegressor must be a str among {'friedman_mse', 'poisson', 'absolute_error', 'squared_error'}. Got 'mse' instead. 
 Traceback (most recent call last):
  File "/common/ketrong/tpotexp/tpot2/tpot2/utils/eval_utils.py", line 53, in objective_nan_wrapper
    value = func_timeout.func_timeout(timeout, objective_function, args=[individual], kwargs=objective_kwargs)
  File "/common/ketrong/tpotexp/env/lib/python3.10/site-packages/func_timeout/dafunc.py", line 108, in func_timeout
    raise_exception(exception)
  File "/common/ketrong/tpotexp/env/lib/python3.10/site-packages/func_timeout/py3_raise.py", line 7, in raise_exception
    raise exception[0] from None
  File "/common/ketrong/tpotexp/tpot2/tpot2/tpot_estimator/estimator.py", line 623, in objective_function
    return objective_function_generator(
  File "/common/ketrong/tpotexp/tpot2/tpot2/tpot_estimator/estimator_utils.py", line 55, in objective_function_generator
    cv_obj_scores = cross_val_score_objective(sklearn.base.clone(pipeline),x,y,scorers=scorers, cv=cv , fold=step)
  File "/common/ketrong/tpotexp/tpot2/tpot2/tpot_estimator/cross_val_utils.py", line 28, in cross_val_score_objective
    this_fold_pipeline.fit(X_train,y_train)
  File "/common/ketrong/tpotexp/env/lib/python3.10/site-packages/sklearn/base.py", line 1473, in wrapper
    return fit_method(estimator, *args, **kwargs)
  File "/common/ketrong/tpotexp/env/lib/python3.10/site-packages/sklearn/pipeline.py", line 473, in fit
    self._final_estimator.fit(Xt, y, **last_step_params["fit"])
  File "/common/ketrong/tpotexp/env/lib/python3.10/site-packages/sklearn/base.py", line 1466, in wrapper
    estimator._validate_params()
  File "/common/ketrong/tpotexp/env/lib/python3.10/site-packages/sklearn/base.py", line 666, in _validate_params
    validate_parameter_constraints(
  File "/common/ketrong/tpotexp/env/lib/python3.10/site-packages/sklearn/utils/_param_validation.py", line 95, in validate_parameter_constraints
    raise InvalidParameterError(
sklearn.utils._param_validation.InvalidParameterError: The 'criterion' parameter of RandomForestRegressor must be a str among {'friedman_mse', 'poisson', 'absolute_error', 'squared_error'}. Got 'mse' instead.

Generation:  12
Best root_mean_squared_error score: -0.14234002509505148
Generation:  48%|     | 12/25 [50:18<1:11:38, 330.62s/it]Generation:  13
Best root_mean_squared_error score: -0.14234002509505148
Generation:  52%|    | 13/25 [53:11<56:32, 282.72s/it]  Generation:  14
Best root_mean_squared_error score: -0.14234002509505148
Generation:  56%|    | 14/25 [1:00:27<1:00:20, 329.13s/it]WARNING AN INDIVIDUAL TIMED OUT: 
 <tpot2.search_spaces.pipelines.sequential.SequentialPipelineIndividual object at 0x155465bf6b90> 

Generation:  15
Best root_mean_squared_error score: -0.14234002509505148
Generation:  60%|    | 15/25 [1:10:45<1:09:21, 416.14s/it]WARNING THIS INDIVIDUAL CAUSED AND EXCEPTION 
 <tpot2.search_spaces.pipelines.sequential.SequentialPipelineIndividual object at 0x155467af67d0> 
 The 'criterion' parameter of RandomForestRegressor must be a str among {'friedman_mse', 'poisson', 'absolute_error', 'squared_error'}. Got 'mse' instead. 
 Traceback (most recent call last):
  File "/common/ketrong/tpotexp/tpot2/tpot2/utils/eval_utils.py", line 53, in objective_nan_wrapper
    value = func_timeout.func_timeout(timeout, objective_function, args=[individual], kwargs=objective_kwargs)
  File "/common/ketrong/tpotexp/env/lib/python3.10/site-packages/func_timeout/dafunc.py", line 108, in func_timeout
    raise_exception(exception)
  File "/common/ketrong/tpotexp/env/lib/python3.10/site-packages/func_timeout/py3_raise.py", line 7, in raise_exception
    raise exception[0] from None
  File "/common/ketrong/tpotexp/tpot2/tpot2/tpot_estimator/estimator.py", line 623, in objective_function
    return objective_function_generator(
  File "/common/ketrong/tpotexp/tpot2/tpot2/tpot_estimator/estimator_utils.py", line 55, in objective_function_generator
    cv_obj_scores = cross_val_score_objective(sklearn.base.clone(pipeline),x,y,scorers=scorers, cv=cv , fold=step)
  File "/common/ketrong/tpotexp/tpot2/tpot2/tpot_estimator/cross_val_utils.py", line 28, in cross_val_score_objective
    this_fold_pipeline.fit(X_train,y_train)
  File "/common/ketrong/tpotexp/env/lib/python3.10/site-packages/sklearn/base.py", line 1473, in wrapper
    return fit_method(estimator, *args, **kwargs)
  File "/common/ketrong/tpotexp/env/lib/python3.10/site-packages/sklearn/pipeline.py", line 473, in fit
    self._final_estimator.fit(Xt, y, **last_step_params["fit"])
  File "/common/ketrong/tpotexp/env/lib/python3.10/site-packages/sklearn/base.py", line 1466, in wrapper
    estimator._validate_params()
  File "/common/ketrong/tpotexp/env/lib/python3.10/site-packages/sklearn/base.py", line 666, in _validate_params
    validate_parameter_constraints(
  File "/common/ketrong/tpotexp/env/lib/python3.10/site-packages/sklearn/utils/_param_validation.py", line 95, in validate_parameter_constraints
    raise InvalidParameterError(
sklearn.utils._param_validation.InvalidParameterError: The 'criterion' parameter of RandomForestRegressor must be a str among {'friedman_mse', 'poisson', 'absolute_error', 'squared_error'}. Got 'mse' instead.

Generation:  16
Best root_mean_squared_error score: -0.14234002509505148
Generation:  64%|   | 16/25 [1:17:31<1:01:58, 413.13s/it]WARNING THIS INDIVIDUAL CAUSED AND EXCEPTION 
 <tpot2.search_spaces.pipelines.sequential.SequentialPipelineIndividual object at 0x155467852da0> 
 The 'criterion' parameter of DecisionTreeRegressor must be a str among {'friedman_mse', 'poisson', 'absolute_error', 'squared_error'}. Got 'mae' instead. 
 Traceback (most recent call last):
  File "/common/ketrong/tpotexp/tpot2/tpot2/utils/eval_utils.py", line 53, in objective_nan_wrapper
    value = func_timeout.func_timeout(timeout, objective_function, args=[individual], kwargs=objective_kwargs)
  File "/common/ketrong/tpotexp/env/lib/python3.10/site-packages/func_timeout/dafunc.py", line 108, in func_timeout
    raise_exception(exception)
  File "/common/ketrong/tpotexp/env/lib/python3.10/site-packages/func_timeout/py3_raise.py", line 7, in raise_exception
    raise exception[0] from None
  File "/common/ketrong/tpotexp/tpot2/tpot2/tpot_estimator/estimator.py", line 623, in objective_function
    return objective_function_generator(
  File "/common/ketrong/tpotexp/tpot2/tpot2/tpot_estimator/estimator_utils.py", line 55, in objective_function_generator
    cv_obj_scores = cross_val_score_objective(sklearn.base.clone(pipeline),x,y,scorers=scorers, cv=cv , fold=step)
  File "/common/ketrong/tpotexp/tpot2/tpot2/tpot_estimator/cross_val_utils.py", line 28, in cross_val_score_objective
    this_fold_pipeline.fit(X_train,y_train)
  File "/common/ketrong/tpotexp/env/lib/python3.10/site-packages/sklearn/base.py", line 1473, in wrapper
    return fit_method(estimator, *args, **kwargs)
  File "/common/ketrong/tpotexp/env/lib/python3.10/site-packages/sklearn/pipeline.py", line 473, in fit
    self._final_estimator.fit(Xt, y, **last_step_params["fit"])
  File "/common/ketrong/tpotexp/env/lib/python3.10/site-packages/sklearn/base.py", line 1466, in wrapper
    estimator._validate_params()
  File "/common/ketrong/tpotexp/env/lib/python3.10/site-packages/sklearn/base.py", line 666, in _validate_params
    validate_parameter_constraints(
  File "/common/ketrong/tpotexp/env/lib/python3.10/site-packages/sklearn/utils/_param_validation.py", line 95, in validate_parameter_constraints
    raise InvalidParameterError(
sklearn.utils._param_validation.InvalidParameterError: The 'criterion' parameter of DecisionTreeRegressor must be a str among {'friedman_mse', 'poisson', 'absolute_error', 'squared_error'}. Got 'mae' instead.

Generation:  17
Best root_mean_squared_error score: -0.14234002509505148
Generation:  68%|   | 17/25 [1:23:12<52:12, 391.56s/it]  Generation:  18
Best root_mean_squared_error score: -0.14234002509505148
Generation:  72%|  | 18/25 [1:31:13<48:48, 418.30s/it]WARNING THIS INDIVIDUAL CAUSED AND EXCEPTION 
 <tpot2.search_spaces.pipelines.sequential.SequentialPipelineIndividual object at 0x155465497e50> 
 The 'criterion' parameter of RandomForestRegressor must be a str among {'friedman_mse', 'poisson', 'absolute_error', 'squared_error'}. Got 'mse' instead. 
 Traceback (most recent call last):
  File "/common/ketrong/tpotexp/tpot2/tpot2/utils/eval_utils.py", line 53, in objective_nan_wrapper
    value = func_timeout.func_timeout(timeout, objective_function, args=[individual], kwargs=objective_kwargs)
  File "/common/ketrong/tpotexp/env/lib/python3.10/site-packages/func_timeout/dafunc.py", line 108, in func_timeout
    raise_exception(exception)
  File "/common/ketrong/tpotexp/env/lib/python3.10/site-packages/func_timeout/py3_raise.py", line 7, in raise_exception
    raise exception[0] from None
  File "/common/ketrong/tpotexp/tpot2/tpot2/tpot_estimator/estimator.py", line 623, in objective_function
    return objective_function_generator(
  File "/common/ketrong/tpotexp/tpot2/tpot2/tpot_estimator/estimator_utils.py", line 55, in objective_function_generator
    cv_obj_scores = cross_val_score_objective(sklearn.base.clone(pipeline),x,y,scorers=scorers, cv=cv , fold=step)
  File "/common/ketrong/tpotexp/tpot2/tpot2/tpot_estimator/cross_val_utils.py", line 28, in cross_val_score_objective
    this_fold_pipeline.fit(X_train,y_train)
  File "/common/ketrong/tpotexp/env/lib/python3.10/site-packages/sklearn/base.py", line 1473, in wrapper
    return fit_method(estimator, *args, **kwargs)
  File "/common/ketrong/tpotexp/env/lib/python3.10/site-packages/sklearn/pipeline.py", line 473, in fit
    self._final_estimator.fit(Xt, y, **last_step_params["fit"])
  File "/common/ketrong/tpotexp/env/lib/python3.10/site-packages/sklearn/base.py", line 1466, in wrapper
    estimator._validate_params()
  File "/common/ketrong/tpotexp/env/lib/python3.10/site-packages/sklearn/base.py", line 666, in _validate_params
    validate_parameter_constraints(
  File "/common/ketrong/tpotexp/env/lib/python3.10/site-packages/sklearn/utils/_param_validation.py", line 95, in validate_parameter_constraints
    raise InvalidParameterError(
sklearn.utils._param_validation.InvalidParameterError: The 'criterion' parameter of RandomForestRegressor must be a str among {'friedman_mse', 'poisson', 'absolute_error', 'squared_error'}. Got 'mse' instead.

Generation:  19
Best root_mean_squared_error score: -0.14234002509505148
Generation:  76%|  | 19/25 [1:35:29<36:57, 369.59s/it]Generation:  20
Best root_mean_squared_error score: -0.14234002509505148
Generation:  80%|  | 20/25 [1:41:49<31:03, 372.64s/it]WARNING THIS INDIVIDUAL CAUSED AND EXCEPTION 
 <tpot2.search_spaces.pipelines.sequential.SequentialPipelineIndividual object at 0x155467f9caf0> 
 The 'criterion' parameter of RandomForestRegressor must be a str among {'friedman_mse', 'poisson', 'absolute_error', 'squared_error'}. Got 'mae' instead. 
 Traceback (most recent call last):
  File "/common/ketrong/tpotexp/tpot2/tpot2/utils/eval_utils.py", line 53, in objective_nan_wrapper
    value = func_timeout.func_timeout(timeout, objective_function, args=[individual], kwargs=objective_kwargs)
  File "/common/ketrong/tpotexp/env/lib/python3.10/site-packages/func_timeout/dafunc.py", line 108, in func_timeout
    raise_exception(exception)
  File "/common/ketrong/tpotexp/env/lib/python3.10/site-packages/func_timeout/py3_raise.py", line 7, in raise_exception
    raise exception[0] from None
  File "/common/ketrong/tpotexp/tpot2/tpot2/tpot_estimator/estimator.py", line 623, in objective_function
    return objective_function_generator(
  File "/common/ketrong/tpotexp/tpot2/tpot2/tpot_estimator/estimator_utils.py", line 55, in objective_function_generator
    cv_obj_scores = cross_val_score_objective(sklearn.base.clone(pipeline),x,y,scorers=scorers, cv=cv , fold=step)
  File "/common/ketrong/tpotexp/tpot2/tpot2/tpot_estimator/cross_val_utils.py", line 28, in cross_val_score_objective
    this_fold_pipeline.fit(X_train,y_train)
  File "/common/ketrong/tpotexp/env/lib/python3.10/site-packages/sklearn/base.py", line 1473, in wrapper
    return fit_method(estimator, *args, **kwargs)
  File "/common/ketrong/tpotexp/env/lib/python3.10/site-packages/sklearn/pipeline.py", line 473, in fit
    self._final_estimator.fit(Xt, y, **last_step_params["fit"])
  File "/common/ketrong/tpotexp/env/lib/python3.10/site-packages/sklearn/base.py", line 1466, in wrapper
    estimator._validate_params()
  File "/common/ketrong/tpotexp/env/lib/python3.10/site-packages/sklearn/base.py", line 666, in _validate_params
    validate_parameter_constraints(
  File "/common/ketrong/tpotexp/env/lib/python3.10/site-packages/sklearn/utils/_param_validation.py", line 95, in validate_parameter_constraints
    raise InvalidParameterError(
sklearn.utils._param_validation.InvalidParameterError: The 'criterion' parameter of RandomForestRegressor must be a str among {'friedman_mse', 'poisson', 'absolute_error', 'squared_error'}. Got 'mae' instead.

WARNING THIS INDIVIDUAL CAUSED AND EXCEPTION 
 <tpot2.search_spaces.pipelines.sequential.SequentialPipelineIndividual object at 0x155467bb31c0> 
 The 'criterion' parameter of RandomForestRegressor must be a str among {'friedman_mse', 'poisson', 'absolute_error', 'squared_error'}. Got 'mae' instead. 
 Traceback (most recent call last):
  File "/common/ketrong/tpotexp/tpot2/tpot2/utils/eval_utils.py", line 53, in objective_nan_wrapper
    value = func_timeout.func_timeout(timeout, objective_function, args=[individual], kwargs=objective_kwargs)
  File "/common/ketrong/tpotexp/env/lib/python3.10/site-packages/func_timeout/dafunc.py", line 108, in func_timeout
    raise_exception(exception)
  File "/common/ketrong/tpotexp/env/lib/python3.10/site-packages/func_timeout/py3_raise.py", line 7, in raise_exception
    raise exception[0] from None
  File "/common/ketrong/tpotexp/tpot2/tpot2/tpot_estimator/estimator.py", line 623, in objective_function
    return objective_function_generator(
  File "/common/ketrong/tpotexp/tpot2/tpot2/tpot_estimator/estimator_utils.py", line 55, in objective_function_generator
    cv_obj_scores = cross_val_score_objective(sklearn.base.clone(pipeline),x,y,scorers=scorers, cv=cv , fold=step)
  File "/common/ketrong/tpotexp/tpot2/tpot2/tpot_estimator/cross_val_utils.py", line 28, in cross_val_score_objective
    this_fold_pipeline.fit(X_train,y_train)
  File "/common/ketrong/tpotexp/env/lib/python3.10/site-packages/sklearn/base.py", line 1473, in wrapper
    return fit_method(estimator, *args, **kwargs)
  File "/common/ketrong/tpotexp/env/lib/python3.10/site-packages/sklearn/pipeline.py", line 473, in fit
    self._final_estimator.fit(Xt, y, **last_step_params["fit"])
  File "/common/ketrong/tpotexp/env/lib/python3.10/site-packages/sklearn/base.py", line 1466, in wrapper
    estimator._validate_params()
  File "/common/ketrong/tpotexp/env/lib/python3.10/site-packages/sklearn/base.py", line 666, in _validate_params
    validate_parameter_constraints(
  File "/common/ketrong/tpotexp/env/lib/python3.10/site-packages/sklearn/utils/_param_validation.py", line 95, in validate_parameter_constraints
    raise InvalidParameterError(
sklearn.utils._param_validation.InvalidParameterError: The 'criterion' parameter of RandomForestRegressor must be a str among {'friedman_mse', 'poisson', 'absolute_error', 'squared_error'}. Got 'mae' instead.

Generation:  21
Best root_mean_squared_error score: -0.14234002509505148
Generation:  84%| | 21/25 [1:50:00<27:13, 408.30s/it]WARNING AN INDIVIDUAL TIMED OUT: 
 <tpot2.search_spaces.pipelines.sequential.SequentialPipelineIndividual object at 0x155465afdba0> 

Generation:  22
Best root_mean_squared_error score: -0.1419423724559449
Generation:  88%| | 22/25 [2:00:58<24:09, 483.05s/it]WARNING THIS INDIVIDUAL CAUSED AND EXCEPTION 
 <tpot2.search_spaces.pipelines.sequential.SequentialPipelineIndividual object at 0x155467b860e0> 
 The 'criterion' parameter of DecisionTreeRegressor must be a str among {'friedman_mse', 'poisson', 'absolute_error', 'squared_error'}. Got 'mae' instead. 
 Traceback (most recent call last):
  File "/common/ketrong/tpotexp/tpot2/tpot2/utils/eval_utils.py", line 53, in objective_nan_wrapper
    value = func_timeout.func_timeout(timeout, objective_function, args=[individual], kwargs=objective_kwargs)
  File "/common/ketrong/tpotexp/env/lib/python3.10/site-packages/func_timeout/dafunc.py", line 108, in func_timeout
    raise_exception(exception)
  File "/common/ketrong/tpotexp/env/lib/python3.10/site-packages/func_timeout/py3_raise.py", line 7, in raise_exception
    raise exception[0] from None
  File "/common/ketrong/tpotexp/tpot2/tpot2/tpot_estimator/estimator.py", line 623, in objective_function
    return objective_function_generator(
  File "/common/ketrong/tpotexp/tpot2/tpot2/tpot_estimator/estimator_utils.py", line 55, in objective_function_generator
    cv_obj_scores = cross_val_score_objective(sklearn.base.clone(pipeline),x,y,scorers=scorers, cv=cv , fold=step)
  File "/common/ketrong/tpotexp/tpot2/tpot2/tpot_estimator/cross_val_utils.py", line 28, in cross_val_score_objective
    this_fold_pipeline.fit(X_train,y_train)
  File "/common/ketrong/tpotexp/env/lib/python3.10/site-packages/sklearn/base.py", line 1473, in wrapper
    return fit_method(estimator, *args, **kwargs)
  File "/common/ketrong/tpotexp/env/lib/python3.10/site-packages/sklearn/pipeline.py", line 473, in fit
    self._final_estimator.fit(Xt, y, **last_step_params["fit"])
  File "/common/ketrong/tpotexp/env/lib/python3.10/site-packages/sklearn/base.py", line 1466, in wrapper
    estimator._validate_params()
  File "/common/ketrong/tpotexp/env/lib/python3.10/site-packages/sklearn/base.py", line 666, in _validate_params
    validate_parameter_constraints(
  File "/common/ketrong/tpotexp/env/lib/python3.10/site-packages/sklearn/utils/_param_validation.py", line 95, in validate_parameter_constraints
    raise InvalidParameterError(
sklearn.utils._param_validation.InvalidParameterError: The 'criterion' parameter of DecisionTreeRegressor must be a str among {'friedman_mse', 'poisson', 'absolute_error', 'squared_error'}. Got 'mae' instead.

Generation:  23
Best root_mean_squared_error score: -0.1419423724559449
Generation:  92%|| 23/25 [2:08:10<15:35, 467.75s/it]Generation:  24
Best root_mean_squared_error score: -0.1419423724559449
Generation:  96%|| 24/25 [2:13:34<07:04, 424.79s/it]WARNING THIS INDIVIDUAL CAUSED AND EXCEPTION 
 <tpot2.search_spaces.pipelines.sequential.SequentialPipelineIndividual object at 0x155467f00b50> 
 The 'criterion' parameter of RandomForestRegressor must be a str among {'friedman_mse', 'poisson', 'absolute_error', 'squared_error'}. Got 'mae' instead. 
 Traceback (most recent call last):
  File "/common/ketrong/tpotexp/tpot2/tpot2/utils/eval_utils.py", line 53, in objective_nan_wrapper
    value = func_timeout.func_timeout(timeout, objective_function, args=[individual], kwargs=objective_kwargs)
  File "/common/ketrong/tpotexp/env/lib/python3.10/site-packages/func_timeout/dafunc.py", line 108, in func_timeout
    raise_exception(exception)
  File "/common/ketrong/tpotexp/env/lib/python3.10/site-packages/func_timeout/py3_raise.py", line 7, in raise_exception
    raise exception[0] from None
  File "/common/ketrong/tpotexp/tpot2/tpot2/tpot_estimator/estimator.py", line 623, in objective_function
    return objective_function_generator(
  File "/common/ketrong/tpotexp/tpot2/tpot2/tpot_estimator/estimator_utils.py", line 55, in objective_function_generator
    cv_obj_scores = cross_val_score_objective(sklearn.base.clone(pipeline),x,y,scorers=scorers, cv=cv , fold=step)
  File "/common/ketrong/tpotexp/tpot2/tpot2/tpot_estimator/cross_val_utils.py", line 28, in cross_val_score_objective
    this_fold_pipeline.fit(X_train,y_train)
  File "/common/ketrong/tpotexp/env/lib/python3.10/site-packages/sklearn/base.py", line 1473, in wrapper
    return fit_method(estimator, *args, **kwargs)
  File "/common/ketrong/tpotexp/env/lib/python3.10/site-packages/sklearn/pipeline.py", line 473, in fit
    self._final_estimator.fit(Xt, y, **last_step_params["fit"])
  File "/common/ketrong/tpotexp/env/lib/python3.10/site-packages/sklearn/base.py", line 1466, in wrapper
    estimator._validate_params()
  File "/common/ketrong/tpotexp/env/lib/python3.10/site-packages/sklearn/base.py", line 666, in _validate_params
    validate_parameter_constraints(
  File "/common/ketrong/tpotexp/env/lib/python3.10/site-packages/sklearn/utils/_param_validation.py", line 95, in validate_parameter_constraints
    raise InvalidParameterError(
sklearn.utils._param_validation.InvalidParameterError: The 'criterion' parameter of RandomForestRegressor must be a str among {'friedman_mse', 'poisson', 'absolute_error', 'squared_error'}. Got 'mae' instead.

Generation:  25
Best root_mean_squared_error score: -0.1419423724559449
Generation: 100%|| 25/25 [2:18:22<00:00, 383.64s/it]Generation: 100%|| 25/25 [2:18:25<00:00, 332.20s/it]
2024-09-20 04:20:05,758 - distributed.scheduler - ERROR - Removing worker 'tcp://127.0.0.1:34777' caused the cluster to lose scattered data, which can't be recovered: {'DataFrame-199f3c31ceebfff04409bf1345a44d8c', 'ndarray-6e1ea1f4d72a7d38c46e1714e9a6e5eb'} (stimulus_id='handle-worker-cleanup-1726831205.7581494')
Fitted
Pipeline(steps=[('mlpregressor',
                 MLPRegressor(activation='tanh', alpha=0.0026038453041,
                              early_stopping=True,
                              hidden_layer_sizes=[169, 169, 169],
                              learning_rate='adaptive',
                              learning_rate_init=0.0011834823327,
                              n_iter_no_change=32))])
score start
train score: {'explained_var': 0.7341854327867543, 'r2': 0.7340418275090206, 'rmse': 0.13650125098584925}
original test score: {'explained_var': 0.8790888762805726, 'r2': 0.8773739465380326, 'rmse': 0.09074726665994563}
imputed test score: {'explained_var': 0.6946870850636564, 'r2': 0.6932471318492759, 'rmse': 0.1435279537229415}
score end
check intended
EXP2 Finished
running experiment 3/3 - What is the best automl settings?
<tpot2.search_spaces.pipelines.sequential.SequentialPipeline object at 0x155403845510>
Start tpot fit
Version 0.1.7a0 of tpot2 is outdated. Version 0.1.8a0 was released 2 days ago.
Version 0.1.7a0 of tpot2 is outdated. Version 0.1.8a0 was released 2 days ago.
Version 0.1.7a0 of tpot2 is outdated. Version 0.1.8a0 was released 2 days ago.
Version 0.1.7a0 of tpot2 is outdated. Version 0.1.8a0 was released 2 days ago.
Version 0.1.7a0 of tpot2 is outdated. Version 0.1.8a0 was released 2 days ago.
Version 0.1.7a0 of tpot2 is outdated. Version 0.1.8a0 was released 2 days ago.
Version 0.1.7a0 of tpot2 is outdated. Version 0.1.8a0 was released 2 days ago.
Version 0.1.7a0 of tpot2 is outdated. Version 0.1.8a0 was released 2 days ago.
Version 0.1.7a0 of tpot2 is outdated. Version 0.1.8a0 was released 2 days ago.
Version 0.1.7a0 of tpot2 is outdated. Version 0.1.8a0 was released 2 days ago.
Version 0.1.7a0 of tpot2 is outdated. Version 0.1.8a0 was released 2 days ago.
Version 0.1.7a0 of tpot2 is outdated. Version 0.1.8a0 was released 2 days ago.
Version 0.1.7a0 of tpot2 is outdated. Version 0.1.8a0 was released 2 days ago.
Version 0.1.7a0 of tpot2 is outdated. Version 0.1.8a0 was released 2 days ago.
Version 0.1.7a0 of tpot2 is outdated. Version 0.1.8a0 was released 2 days ago.
Version 0.1.7a0 of tpot2 is outdated. Version 0.1.8a0 was released 2 days ago.
  0%|          | 0/25 [00:00<?, ?it/s]Generation:   0%|          | 0/25 [00:00<?, ?it/s]WARNING THIS INDIVIDUAL CAUSED AND EXCEPTION 
 <tpot2.search_spaces.pipelines.sequential.SequentialPipelineIndividual object at 0x1554746a4b20> 
 The 'criterion' parameter of DecisionTreeRegressor must be a str among {'friedman_mse', 'poisson', 'absolute_error', 'squared_error'}. Got 'mae' instead. 
 Traceback (most recent call last):
  File "/common/ketrong/tpotexp/tpot2/tpot2/utils/eval_utils.py", line 53, in objective_nan_wrapper
    value = func_timeout.func_timeout(timeout, objective_function, args=[individual], kwargs=objective_kwargs)
  File "/common/ketrong/tpotexp/env/lib/python3.10/site-packages/func_timeout/dafunc.py", line 108, in func_timeout
    raise_exception(exception)
  File "/common/ketrong/tpotexp/env/lib/python3.10/site-packages/func_timeout/py3_raise.py", line 7, in raise_exception
    raise exception[0] from None
  File "/common/ketrong/tpotexp/tpot2/tpot2/tpot_estimator/estimator.py", line 623, in objective_function
    return objective_function_generator(
  File "/common/ketrong/tpotexp/tpot2/tpot2/tpot_estimator/estimator_utils.py", line 55, in objective_function_generator
    cv_obj_scores = cross_val_score_objective(sklearn.base.clone(pipeline),x,y,scorers=scorers, cv=cv , fold=step)
  File "/common/ketrong/tpotexp/tpot2/tpot2/tpot_estimator/cross_val_utils.py", line 28, in cross_val_score_objective
    this_fold_pipeline.fit(X_train,y_train)
  File "/common/ketrong/tpotexp/env/lib/python3.10/site-packages/sklearn/base.py", line 1473, in wrapper
    return fit_method(estimator, *args, **kwargs)
  File "/common/ketrong/tpotexp/env/lib/python3.10/site-packages/sklearn/pipeline.py", line 473, in fit
    self._final_estimator.fit(Xt, y, **last_step_params["fit"])
  File "/common/ketrong/tpotexp/env/lib/python3.10/site-packages/sklearn/base.py", line 1466, in wrapper
    estimator._validate_params()
  File "/common/ketrong/tpotexp/env/lib/python3.10/site-packages/sklearn/base.py", line 666, in _validate_params
    validate_parameter_constraints(
  File "/common/ketrong/tpotexp/env/lib/python3.10/site-packages/sklearn/utils/_param_validation.py", line 95, in validate_parameter_constraints
    raise InvalidParameterError(
sklearn.utils._param_validation.InvalidParameterError: The 'criterion' parameter of DecisionTreeRegressor must be a str among {'friedman_mse', 'poisson', 'absolute_error', 'squared_error'}. Got 'mae' instead.

Generation:  1
Best root_mean_squared_error score: -0.1759494210705874
Generation:   4%|         | 1/25 [00:18<07:32, 18.85s/it]Generation:  2
Best root_mean_squared_error score: -0.17122875825640005
Generation:   8%|         | 2/25 [02:06<27:15, 71.11s/it]WARNING THIS INDIVIDUAL CAUSED AND EXCEPTION 
 <tpot2.search_spaces.pipelines.sequential.SequentialPipelineIndividual object at 0x155474712c80> 
 The 'criterion' parameter of RandomForestRegressor must be a str among {'friedman_mse', 'poisson', 'absolute_error', 'squared_error'}. Got 'mse' instead. 
 Traceback (most recent call last):
  File "/common/ketrong/tpotexp/tpot2/tpot2/utils/eval_utils.py", line 53, in objective_nan_wrapper
    value = func_timeout.func_timeout(timeout, objective_function, args=[individual], kwargs=objective_kwargs)
  File "/common/ketrong/tpotexp/env/lib/python3.10/site-packages/func_timeout/dafunc.py", line 108, in func_timeout
    raise_exception(exception)
  File "/common/ketrong/tpotexp/env/lib/python3.10/site-packages/func_timeout/py3_raise.py", line 7, in raise_exception
    raise exception[0] from None
  File "/common/ketrong/tpotexp/tpot2/tpot2/tpot_estimator/estimator.py", line 623, in objective_function
    return objective_function_generator(
  File "/common/ketrong/tpotexp/tpot2/tpot2/tpot_estimator/estimator_utils.py", line 55, in objective_function_generator
    cv_obj_scores = cross_val_score_objective(sklearn.base.clone(pipeline),x,y,scorers=scorers, cv=cv , fold=step)
  File "/common/ketrong/tpotexp/tpot2/tpot2/tpot_estimator/cross_val_utils.py", line 28, in cross_val_score_objective
    this_fold_pipeline.fit(X_train,y_train)
  File "/common/ketrong/tpotexp/env/lib/python3.10/site-packages/sklearn/base.py", line 1473, in wrapper
    return fit_method(estimator, *args, **kwargs)
  File "/common/ketrong/tpotexp/env/lib/python3.10/site-packages/sklearn/pipeline.py", line 473, in fit
    self._final_estimator.fit(Xt, y, **last_step_params["fit"])
  File "/common/ketrong/tpotexp/env/lib/python3.10/site-packages/sklearn/base.py", line 1466, in wrapper
    estimator._validate_params()
  File "/common/ketrong/tpotexp/env/lib/python3.10/site-packages/sklearn/base.py", line 666, in _validate_params
    validate_parameter_constraints(
  File "/common/ketrong/tpotexp/env/lib/python3.10/site-packages/sklearn/utils/_param_validation.py", line 95, in validate_parameter_constraints
    raise InvalidParameterError(
sklearn.utils._param_validation.InvalidParameterError: The 'criterion' parameter of RandomForestRegressor must be a str among {'friedman_mse', 'poisson', 'absolute_error', 'squared_error'}. Got 'mse' instead.

Generation:  3
Best root_mean_squared_error score: -0.16924380377498682
Generation:  12%|        | 3/25 [02:22<16:46, 45.77s/it]WARNING THIS INDIVIDUAL CAUSED AND EXCEPTION 
 <tpot2.search_spaces.pipelines.sequential.SequentialPipelineIndividual object at 0x15547472fd30> 
 The 'criterion' parameter of DecisionTreeRegressor must be a str among {'friedman_mse', 'poisson', 'absolute_error', 'squared_error'}. Got 'mae' instead. 
 Traceback (most recent call last):
  File "/common/ketrong/tpotexp/tpot2/tpot2/utils/eval_utils.py", line 53, in objective_nan_wrapper
    value = func_timeout.func_timeout(timeout, objective_function, args=[individual], kwargs=objective_kwargs)
  File "/common/ketrong/tpotexp/env/lib/python3.10/site-packages/func_timeout/dafunc.py", line 108, in func_timeout
    raise_exception(exception)
  File "/common/ketrong/tpotexp/env/lib/python3.10/site-packages/func_timeout/py3_raise.py", line 7, in raise_exception
    raise exception[0] from None
  File "/common/ketrong/tpotexp/tpot2/tpot2/tpot_estimator/estimator.py", line 623, in objective_function
    return objective_function_generator(
  File "/common/ketrong/tpotexp/tpot2/tpot2/tpot_estimator/estimator_utils.py", line 55, in objective_function_generator
    cv_obj_scores = cross_val_score_objective(sklearn.base.clone(pipeline),x,y,scorers=scorers, cv=cv , fold=step)
  File "/common/ketrong/tpotexp/tpot2/tpot2/tpot_estimator/cross_val_utils.py", line 28, in cross_val_score_objective
    this_fold_pipeline.fit(X_train,y_train)
  File "/common/ketrong/tpotexp/env/lib/python3.10/site-packages/sklearn/base.py", line 1473, in wrapper
    return fit_method(estimator, *args, **kwargs)
  File "/common/ketrong/tpotexp/env/lib/python3.10/site-packages/sklearn/pipeline.py", line 473, in fit
    self._final_estimator.fit(Xt, y, **last_step_params["fit"])
  File "/common/ketrong/tpotexp/env/lib/python3.10/site-packages/sklearn/base.py", line 1466, in wrapper
    estimator._validate_params()
  File "/common/ketrong/tpotexp/env/lib/python3.10/site-packages/sklearn/base.py", line 666, in _validate_params
    validate_parameter_constraints(
  File "/common/ketrong/tpotexp/env/lib/python3.10/site-packages/sklearn/utils/_param_validation.py", line 95, in validate_parameter_constraints
    raise InvalidParameterError(
sklearn.utils._param_validation.InvalidParameterError: The 'criterion' parameter of DecisionTreeRegressor must be a str among {'friedman_mse', 'poisson', 'absolute_error', 'squared_error'}. Got 'mae' instead.

WARNING THIS INDIVIDUAL CAUSED AND EXCEPTION 
 <tpot2.search_spaces.pipelines.sequential.SequentialPipelineIndividual object at 0x155467f05f30> 
 Input X contains NaN.
KNeighborsRegressor does not accept missing values encoded as NaN natively. For supervised learning, you might want to consider sklearn.ensemble.HistGradientBoostingClassifier and Regressor which accept missing values encoded as NaNs natively. Alternatively, it is possible to preprocess the data, for instance by using an imputer transformer in a pipeline or drop samples with missing values. See https://scikit-learn.org/stable/modules/impute.html You can find a list of all estimators that handle NaN values at the following page: https://scikit-learn.org/stable/modules/impute.html#estimators-that-handle-nan-values 
 Traceback (most recent call last):
  File "/common/ketrong/tpotexp/tpot2/tpot2/utils/eval_utils.py", line 53, in objective_nan_wrapper
    value = func_timeout.func_timeout(timeout, objective_function, args=[individual], kwargs=objective_kwargs)
  File "/common/ketrong/tpotexp/env/lib/python3.10/site-packages/func_timeout/dafunc.py", line 108, in func_timeout
    raise_exception(exception)
  File "/common/ketrong/tpotexp/env/lib/python3.10/site-packages/func_timeout/py3_raise.py", line 7, in raise_exception
    raise exception[0] from None
  File "/common/ketrong/tpotexp/tpot2/tpot2/tpot_estimator/estimator.py", line 623, in objective_function
    return objective_function_generator(
  File "/common/ketrong/tpotexp/tpot2/tpot2/tpot_estimator/estimator_utils.py", line 55, in objective_function_generator
    cv_obj_scores = cross_val_score_objective(sklearn.base.clone(pipeline),x,y,scorers=scorers, cv=cv , fold=step)
  File "/common/ketrong/tpotexp/tpot2/tpot2/tpot_estimator/cross_val_utils.py", line 28, in cross_val_score_objective
    this_fold_pipeline.fit(X_train,y_train)
  File "/common/ketrong/tpotexp/env/lib/python3.10/site-packages/sklearn/base.py", line 1473, in wrapper
    return fit_method(estimator, *args, **kwargs)
  File "/common/ketrong/tpotexp/env/lib/python3.10/site-packages/sklearn/pipeline.py", line 473, in fit
    self._final_estimator.fit(Xt, y, **last_step_params["fit"])
  File "/common/ketrong/tpotexp/env/lib/python3.10/site-packages/sklearn/base.py", line 1473, in wrapper
    return fit_method(estimator, *args, **kwargs)
  File "/common/ketrong/tpotexp/env/lib/python3.10/site-packages/sklearn/neighbors/_regression.py", line 223, in fit
    return self._fit(X, y)
  File "/common/ketrong/tpotexp/env/lib/python3.10/site-packages/sklearn/neighbors/_base.py", line 475, in _fit
    X, y = self._validate_data(
  File "/common/ketrong/tpotexp/env/lib/python3.10/site-packages/sklearn/base.py", line 650, in _validate_data
    X, y = check_X_y(X, y, **check_params)
  File "/common/ketrong/tpotexp/env/lib/python3.10/site-packages/sklearn/utils/validation.py", line 1301, in check_X_y
    X = check_array(
  File "/common/ketrong/tpotexp/env/lib/python3.10/site-packages/sklearn/utils/validation.py", line 1064, in check_array
    _assert_all_finite(
  File "/common/ketrong/tpotexp/env/lib/python3.10/site-packages/sklearn/utils/validation.py", line 123, in _assert_all_finite
    _assert_all_finite_element_wise(
  File "/common/ketrong/tpotexp/env/lib/python3.10/site-packages/sklearn/utils/validation.py", line 172, in _assert_all_finite_element_wise
    raise ValueError(msg_err)
ValueError: Input X contains NaN.
KNeighborsRegressor does not accept missing values encoded as NaN natively. For supervised learning, you might want to consider sklearn.ensemble.HistGradientBoostingClassifier and Regressor which accept missing values encoded as NaNs natively. Alternatively, it is possible to preprocess the data, for instance by using an imputer transformer in a pipeline or drop samples with missing values. See https://scikit-learn.org/stable/modules/impute.html You can find a list of all estimators that handle NaN values at the following page: https://scikit-learn.org/stable/modules/impute.html#estimators-that-handle-nan-values

WARNING AN INDIVIDUAL TIMED OUT: 
 <tpot2.search_spaces.pipelines.sequential.SequentialPipelineIndividual object at 0x155467f04f10> 

Generation:  4
Best root_mean_squared_error score: -0.16813495425264263
Generation:  16%|        | 4/25 [12:25<1:33:06, 266.04s/it]WARNING THIS INDIVIDUAL CAUSED AND EXCEPTION 
 <tpot2.search_spaces.pipelines.sequential.SequentialPipelineIndividual object at 0x155467f951b0> 
 The 'criterion' parameter of RandomForestRegressor must be a str among {'friedman_mse', 'poisson', 'absolute_error', 'squared_error'}. Got 'mse' instead. 
 Traceback (most recent call last):
  File "/common/ketrong/tpotexp/tpot2/tpot2/utils/eval_utils.py", line 53, in objective_nan_wrapper
    value = func_timeout.func_timeout(timeout, objective_function, args=[individual], kwargs=objective_kwargs)
  File "/common/ketrong/tpotexp/env/lib/python3.10/site-packages/func_timeout/dafunc.py", line 108, in func_timeout
    raise_exception(exception)
  File "/common/ketrong/tpotexp/env/lib/python3.10/site-packages/func_timeout/py3_raise.py", line 7, in raise_exception
    raise exception[0] from None
  File "/common/ketrong/tpotexp/tpot2/tpot2/tpot_estimator/estimator.py", line 623, in objective_function
    return objective_function_generator(
  File "/common/ketrong/tpotexp/tpot2/tpot2/tpot_estimator/estimator_utils.py", line 55, in objective_function_generator
    cv_obj_scores = cross_val_score_objective(sklearn.base.clone(pipeline),x,y,scorers=scorers, cv=cv , fold=step)
  File "/common/ketrong/tpotexp/tpot2/tpot2/tpot_estimator/cross_val_utils.py", line 28, in cross_val_score_objective
    this_fold_pipeline.fit(X_train,y_train)
  File "/common/ketrong/tpotexp/env/lib/python3.10/site-packages/sklearn/base.py", line 1473, in wrapper
    return fit_method(estimator, *args, **kwargs)
  File "/common/ketrong/tpotexp/env/lib/python3.10/site-packages/sklearn/pipeline.py", line 473, in fit
    self._final_estimator.fit(Xt, y, **last_step_params["fit"])
  File "/common/ketrong/tpotexp/env/lib/python3.10/site-packages/sklearn/base.py", line 1466, in wrapper
    estimator._validate_params()
  File "/common/ketrong/tpotexp/env/lib/python3.10/site-packages/sklearn/base.py", line 666, in _validate_params
    validate_parameter_constraints(
  File "/common/ketrong/tpotexp/env/lib/python3.10/site-packages/sklearn/utils/_param_validation.py", line 95, in validate_parameter_constraints
    raise InvalidParameterError(
sklearn.utils._param_validation.InvalidParameterError: The 'criterion' parameter of RandomForestRegressor must be a str among {'friedman_mse', 'poisson', 'absolute_error', 'squared_error'}. Got 'mse' instead.

WARNING THIS INDIVIDUAL CAUSED AND EXCEPTION 
 <tpot2.search_spaces.pipelines.sequential.SequentialPipelineIndividual object at 0x155416aa05e0> 
 The 'criterion' parameter of RandomForestRegressor must be a str among {'friedman_mse', 'poisson', 'absolute_error', 'squared_error'}. Got 'mae' instead. 
 Traceback (most recent call last):
  File "/common/ketrong/tpotexp/tpot2/tpot2/utils/eval_utils.py", line 53, in objective_nan_wrapper
    value = func_timeout.func_timeout(timeout, objective_function, args=[individual], kwargs=objective_kwargs)
  File "/common/ketrong/tpotexp/env/lib/python3.10/site-packages/func_timeout/dafunc.py", line 108, in func_timeout
    raise_exception(exception)
  File "/common/ketrong/tpotexp/env/lib/python3.10/site-packages/func_timeout/py3_raise.py", line 7, in raise_exception
    raise exception[0] from None
  File "/common/ketrong/tpotexp/tpot2/tpot2/tpot_estimator/estimator.py", line 623, in objective_function
    return objective_function_generator(
  File "/common/ketrong/tpotexp/tpot2/tpot2/tpot_estimator/estimator_utils.py", line 55, in objective_function_generator
    cv_obj_scores = cross_val_score_objective(sklearn.base.clone(pipeline),x,y,scorers=scorers, cv=cv , fold=step)
  File "/common/ketrong/tpotexp/tpot2/tpot2/tpot_estimator/cross_val_utils.py", line 28, in cross_val_score_objective
    this_fold_pipeline.fit(X_train,y_train)
  File "/common/ketrong/tpotexp/env/lib/python3.10/site-packages/sklearn/base.py", line 1473, in wrapper
    return fit_method(estimator, *args, **kwargs)
  File "/common/ketrong/tpotexp/env/lib/python3.10/site-packages/sklearn/pipeline.py", line 473, in fit
    self._final_estimator.fit(Xt, y, **last_step_params["fit"])
  File "/common/ketrong/tpotexp/env/lib/python3.10/site-packages/sklearn/base.py", line 1466, in wrapper
    estimator._validate_params()
  File "/common/ketrong/tpotexp/env/lib/python3.10/site-packages/sklearn/base.py", line 666, in _validate_params
    validate_parameter_constraints(
  File "/common/ketrong/tpotexp/env/lib/python3.10/site-packages/sklearn/utils/_param_validation.py", line 95, in validate_parameter_constraints
    raise InvalidParameterError(
sklearn.utils._param_validation.InvalidParameterError: The 'criterion' parameter of RandomForestRegressor must be a str among {'friedman_mse', 'poisson', 'absolute_error', 'squared_error'}. Got 'mae' instead.

Generation:  5
Best root_mean_squared_error score: -0.16587231288449503
Generation:  20%|        | 5/25 [12:56<1:00:22, 181.12s/it]WARNING THIS INDIVIDUAL CAUSED AND EXCEPTION 
 <tpot2.search_spaces.pipelines.sequential.SequentialPipelineIndividual object at 0x155467f24730> 
 The 'criterion' parameter of ExtraTreesRegressor must be a str among {'friedman_mse', 'poisson', 'absolute_error', 'squared_error'}. Got 'mae' instead. 
 Traceback (most recent call last):
  File "/common/ketrong/tpotexp/tpot2/tpot2/utils/eval_utils.py", line 53, in objective_nan_wrapper
    value = func_timeout.func_timeout(timeout, objective_function, args=[individual], kwargs=objective_kwargs)
  File "/common/ketrong/tpotexp/env/lib/python3.10/site-packages/func_timeout/dafunc.py", line 108, in func_timeout
    raise_exception(exception)
  File "/common/ketrong/tpotexp/env/lib/python3.10/site-packages/func_timeout/py3_raise.py", line 7, in raise_exception
    raise exception[0] from None
  File "/common/ketrong/tpotexp/tpot2/tpot2/tpot_estimator/estimator.py", line 623, in objective_function
    return objective_function_generator(
  File "/common/ketrong/tpotexp/tpot2/tpot2/tpot_estimator/estimator_utils.py", line 55, in objective_function_generator
    cv_obj_scores = cross_val_score_objective(sklearn.base.clone(pipeline),x,y,scorers=scorers, cv=cv , fold=step)
  File "/common/ketrong/tpotexp/tpot2/tpot2/tpot_estimator/cross_val_utils.py", line 28, in cross_val_score_objective
    this_fold_pipeline.fit(X_train,y_train)
  File "/common/ketrong/tpotexp/env/lib/python3.10/site-packages/sklearn/base.py", line 1473, in wrapper
    return fit_method(estimator, *args, **kwargs)
  File "/common/ketrong/tpotexp/env/lib/python3.10/site-packages/sklearn/pipeline.py", line 473, in fit
    self._final_estimator.fit(Xt, y, **last_step_params["fit"])
  File "/common/ketrong/tpotexp/env/lib/python3.10/site-packages/sklearn/base.py", line 1466, in wrapper
    estimator._validate_params()
  File "/common/ketrong/tpotexp/env/lib/python3.10/site-packages/sklearn/base.py", line 666, in _validate_params
    validate_parameter_constraints(
  File "/common/ketrong/tpotexp/env/lib/python3.10/site-packages/sklearn/utils/_param_validation.py", line 95, in validate_parameter_constraints
    raise InvalidParameterError(
sklearn.utils._param_validation.InvalidParameterError: The 'criterion' parameter of ExtraTreesRegressor must be a str among {'friedman_mse', 'poisson', 'absolute_error', 'squared_error'}. Got 'mae' instead.

WARNING THIS INDIVIDUAL CAUSED AND EXCEPTION 
 <tpot2.search_spaces.pipelines.sequential.SequentialPipelineIndividual object at 0x155467c89ea0> 
 The 'criterion' parameter of RandomForestRegressor must be a str among {'friedman_mse', 'poisson', 'absolute_error', 'squared_error'}. Got 'mae' instead. 
 Traceback (most recent call last):
  File "/common/ketrong/tpotexp/tpot2/tpot2/utils/eval_utils.py", line 53, in objective_nan_wrapper
    value = func_timeout.func_timeout(timeout, objective_function, args=[individual], kwargs=objective_kwargs)
  File "/common/ketrong/tpotexp/env/lib/python3.10/site-packages/func_timeout/dafunc.py", line 108, in func_timeout
    raise_exception(exception)
  File "/common/ketrong/tpotexp/env/lib/python3.10/site-packages/func_timeout/py3_raise.py", line 7, in raise_exception
    raise exception[0] from None
  File "/common/ketrong/tpotexp/tpot2/tpot2/tpot_estimator/estimator.py", line 623, in objective_function
    return objective_function_generator(
  File "/common/ketrong/tpotexp/tpot2/tpot2/tpot_estimator/estimator_utils.py", line 55, in objective_function_generator
    cv_obj_scores = cross_val_score_objective(sklearn.base.clone(pipeline),x,y,scorers=scorers, cv=cv , fold=step)
  File "/common/ketrong/tpotexp/tpot2/tpot2/tpot_estimator/cross_val_utils.py", line 28, in cross_val_score_objective
    this_fold_pipeline.fit(X_train,y_train)
  File "/common/ketrong/tpotexp/env/lib/python3.10/site-packages/sklearn/base.py", line 1473, in wrapper
    return fit_method(estimator, *args, **kwargs)
  File "/common/ketrong/tpotexp/env/lib/python3.10/site-packages/sklearn/pipeline.py", line 473, in fit
    self._final_estimator.fit(Xt, y, **last_step_params["fit"])
  File "/common/ketrong/tpotexp/env/lib/python3.10/site-packages/sklearn/base.py", line 1466, in wrapper
    estimator._validate_params()
  File "/common/ketrong/tpotexp/env/lib/python3.10/site-packages/sklearn/base.py", line 666, in _validate_params
    validate_parameter_constraints(
  File "/common/ketrong/tpotexp/env/lib/python3.10/site-packages/sklearn/utils/_param_validation.py", line 95, in validate_parameter_constraints
    raise InvalidParameterError(
sklearn.utils._param_validation.InvalidParameterError: The 'criterion' parameter of RandomForestRegressor must be a str among {'friedman_mse', 'poisson', 'absolute_error', 'squared_error'}. Got 'mae' instead.

Generation:  6
Best root_mean_squared_error score: -0.14765572968629048
Generation:  24%|       | 6/25 [15:04<51:41, 163.22s/it]  WARNING THIS INDIVIDUAL CAUSED AND EXCEPTION 
 <tpot2.search_spaces.pipelines.sequential.SequentialPipelineIndividual object at 0x155454cfdba0> 
 Input X contains NaN.
KNeighborsRegressor does not accept missing values encoded as NaN natively. For supervised learning, you might want to consider sklearn.ensemble.HistGradientBoostingClassifier and Regressor which accept missing values encoded as NaNs natively. Alternatively, it is possible to preprocess the data, for instance by using an imputer transformer in a pipeline or drop samples with missing values. See https://scikit-learn.org/stable/modules/impute.html You can find a list of all estimators that handle NaN values at the following page: https://scikit-learn.org/stable/modules/impute.html#estimators-that-handle-nan-values 
 Traceback (most recent call last):
  File "/common/ketrong/tpotexp/tpot2/tpot2/utils/eval_utils.py", line 53, in objective_nan_wrapper
    value = func_timeout.func_timeout(timeout, objective_function, args=[individual], kwargs=objective_kwargs)
  File "/common/ketrong/tpotexp/env/lib/python3.10/site-packages/func_timeout/dafunc.py", line 108, in func_timeout
    raise_exception(exception)
  File "/common/ketrong/tpotexp/env/lib/python3.10/site-packages/func_timeout/py3_raise.py", line 7, in raise_exception
    raise exception[0] from None
  File "/common/ketrong/tpotexp/tpot2/tpot2/tpot_estimator/estimator.py", line 623, in objective_function
    return objective_function_generator(
  File "/common/ketrong/tpotexp/tpot2/tpot2/tpot_estimator/estimator_utils.py", line 55, in objective_function_generator
    cv_obj_scores = cross_val_score_objective(sklearn.base.clone(pipeline),x,y,scorers=scorers, cv=cv , fold=step)
  File "/common/ketrong/tpotexp/tpot2/tpot2/tpot_estimator/cross_val_utils.py", line 28, in cross_val_score_objective
    this_fold_pipeline.fit(X_train,y_train)
  File "/common/ketrong/tpotexp/env/lib/python3.10/site-packages/sklearn/base.py", line 1473, in wrapper
    return fit_method(estimator, *args, **kwargs)
  File "/common/ketrong/tpotexp/env/lib/python3.10/site-packages/sklearn/pipeline.py", line 473, in fit
    self._final_estimator.fit(Xt, y, **last_step_params["fit"])
  File "/common/ketrong/tpotexp/env/lib/python3.10/site-packages/sklearn/base.py", line 1473, in wrapper
    return fit_method(estimator, *args, **kwargs)
  File "/common/ketrong/tpotexp/env/lib/python3.10/site-packages/sklearn/neighbors/_regression.py", line 223, in fit
    return self._fit(X, y)
  File "/common/ketrong/tpotexp/env/lib/python3.10/site-packages/sklearn/neighbors/_base.py", line 475, in _fit
    X, y = self._validate_data(
  File "/common/ketrong/tpotexp/env/lib/python3.10/site-packages/sklearn/base.py", line 650, in _validate_data
    X, y = check_X_y(X, y, **check_params)
  File "/common/ketrong/tpotexp/env/lib/python3.10/site-packages/sklearn/utils/validation.py", line 1301, in check_X_y
    X = check_array(
  File "/common/ketrong/tpotexp/env/lib/python3.10/site-packages/sklearn/utils/validation.py", line 1064, in check_array
    _assert_all_finite(
  File "/common/ketrong/tpotexp/env/lib/python3.10/site-packages/sklearn/utils/validation.py", line 123, in _assert_all_finite
    _assert_all_finite_element_wise(
  File "/common/ketrong/tpotexp/env/lib/python3.10/site-packages/sklearn/utils/validation.py", line 172, in _assert_all_finite_element_wise
    raise ValueError(msg_err)
ValueError: Input X contains NaN.
KNeighborsRegressor does not accept missing values encoded as NaN natively. For supervised learning, you might want to consider sklearn.ensemble.HistGradientBoostingClassifier and Regressor which accept missing values encoded as NaNs natively. Alternatively, it is possible to preprocess the data, for instance by using an imputer transformer in a pipeline or drop samples with missing values. See https://scikit-learn.org/stable/modules/impute.html You can find a list of all estimators that handle NaN values at the following page: https://scikit-learn.org/stable/modules/impute.html#estimators-that-handle-nan-values

Generation:  7
Best root_mean_squared_error score: -0.14765572968629048
Generation:  28%|       | 7/25 [15:29<35:23, 117.99s/it]Generation:  8
Best root_mean_squared_error score: -0.14765572968629048
Generation:  32%|      | 8/25 [17:22<32:57, 116.30s/it]Generation:  9
Best root_mean_squared_error score: -0.1458709825858219
Generation:  36%|      | 9/25 [20:21<36:16, 136.05s/it]WARNING THIS INDIVIDUAL CAUSED AND EXCEPTION 
 <tpot2.search_spaces.pipelines.sequential.SequentialPipelineIndividual object at 0x155465de1c90> 
 The 'criterion' parameter of ExtraTreesRegressor must be a str among {'friedman_mse', 'poisson', 'absolute_error', 'squared_error'}. Got 'mae' instead. 
 Traceback (most recent call last):
  File "/common/ketrong/tpotexp/tpot2/tpot2/utils/eval_utils.py", line 53, in objective_nan_wrapper
    value = func_timeout.func_timeout(timeout, objective_function, args=[individual], kwargs=objective_kwargs)
  File "/common/ketrong/tpotexp/env/lib/python3.10/site-packages/func_timeout/dafunc.py", line 108, in func_timeout
    raise_exception(exception)
  File "/common/ketrong/tpotexp/env/lib/python3.10/site-packages/func_timeout/py3_raise.py", line 7, in raise_exception
    raise exception[0] from None
  File "/common/ketrong/tpotexp/tpot2/tpot2/tpot_estimator/estimator.py", line 623, in objective_function
    return objective_function_generator(
  File "/common/ketrong/tpotexp/tpot2/tpot2/tpot_estimator/estimator_utils.py", line 55, in objective_function_generator
    cv_obj_scores = cross_val_score_objective(sklearn.base.clone(pipeline),x,y,scorers=scorers, cv=cv , fold=step)
  File "/common/ketrong/tpotexp/tpot2/tpot2/tpot_estimator/cross_val_utils.py", line 28, in cross_val_score_objective
    this_fold_pipeline.fit(X_train,y_train)
  File "/common/ketrong/tpotexp/env/lib/python3.10/site-packages/sklearn/base.py", line 1473, in wrapper
    return fit_method(estimator, *args, **kwargs)
  File "/common/ketrong/tpotexp/env/lib/python3.10/site-packages/sklearn/pipeline.py", line 473, in fit
    self._final_estimator.fit(Xt, y, **last_step_params["fit"])
  File "/common/ketrong/tpotexp/env/lib/python3.10/site-packages/sklearn/base.py", line 1466, in wrapper
    estimator._validate_params()
  File "/common/ketrong/tpotexp/env/lib/python3.10/site-packages/sklearn/base.py", line 666, in _validate_params
    validate_parameter_constraints(
  File "/common/ketrong/tpotexp/env/lib/python3.10/site-packages/sklearn/utils/_param_validation.py", line 95, in validate_parameter_constraints
    raise InvalidParameterError(
sklearn.utils._param_validation.InvalidParameterError: The 'criterion' parameter of ExtraTreesRegressor must be a str among {'friedman_mse', 'poisson', 'absolute_error', 'squared_error'}. Got 'mae' instead.

WARNING THIS INDIVIDUAL CAUSED AND EXCEPTION 
 <tpot2.search_spaces.pipelines.sequential.SequentialPipelineIndividual object at 0x155467103d90> 
 The 'criterion' parameter of RandomForestRegressor must be a str among {'friedman_mse', 'poisson', 'absolute_error', 'squared_error'}. Got 'mse' instead. 
 Traceback (most recent call last):
  File "/common/ketrong/tpotexp/tpot2/tpot2/utils/eval_utils.py", line 53, in objective_nan_wrapper
    value = func_timeout.func_timeout(timeout, objective_function, args=[individual], kwargs=objective_kwargs)
  File "/common/ketrong/tpotexp/env/lib/python3.10/site-packages/func_timeout/dafunc.py", line 108, in func_timeout
    raise_exception(exception)
  File "/common/ketrong/tpotexp/env/lib/python3.10/site-packages/func_timeout/py3_raise.py", line 7, in raise_exception
    raise exception[0] from None
  File "/common/ketrong/tpotexp/tpot2/tpot2/tpot_estimator/estimator.py", line 623, in objective_function
    return objective_function_generator(
  File "/common/ketrong/tpotexp/tpot2/tpot2/tpot_estimator/estimator_utils.py", line 55, in objective_function_generator
    cv_obj_scores = cross_val_score_objective(sklearn.base.clone(pipeline),x,y,scorers=scorers, cv=cv , fold=step)
  File "/common/ketrong/tpotexp/tpot2/tpot2/tpot_estimator/cross_val_utils.py", line 28, in cross_val_score_objective
    this_fold_pipeline.fit(X_train,y_train)
  File "/common/ketrong/tpotexp/env/lib/python3.10/site-packages/sklearn/base.py", line 1473, in wrapper
    return fit_method(estimator, *args, **kwargs)
  File "/common/ketrong/tpotexp/env/lib/python3.10/site-packages/sklearn/pipeline.py", line 473, in fit
    self._final_estimator.fit(Xt, y, **last_step_params["fit"])
  File "/common/ketrong/tpotexp/env/lib/python3.10/site-packages/sklearn/base.py", line 1466, in wrapper
    estimator._validate_params()
  File "/common/ketrong/tpotexp/env/lib/python3.10/site-packages/sklearn/base.py", line 666, in _validate_params
    validate_parameter_constraints(
  File "/common/ketrong/tpotexp/env/lib/python3.10/site-packages/sklearn/utils/_param_validation.py", line 95, in validate_parameter_constraints
    raise InvalidParameterError(
sklearn.utils._param_validation.InvalidParameterError: The 'criterion' parameter of RandomForestRegressor must be a str among {'friedman_mse', 'poisson', 'absolute_error', 'squared_error'}. Got 'mse' instead.

WARNING AN INDIVIDUAL TIMED OUT: 
 <tpot2.search_spaces.pipelines.sequential.SequentialPipelineIndividual object at 0x155465c8ddb0> 

Generation:  10
Best root_mean_squared_error score: -0.14539469339613825
Generation:  40%|      | 10/25 [30:25<1:10:07, 280.51s/it]WARNING THIS INDIVIDUAL CAUSED AND EXCEPTION 
 <tpot2.search_spaces.pipelines.sequential.SequentialPipelineIndividual object at 0x155474714790> 
 The 'criterion' parameter of ExtraTreesRegressor must be a str among {'friedman_mse', 'poisson', 'absolute_error', 'squared_error'}. Got 'mae' instead. 
 Traceback (most recent call last):
  File "/common/ketrong/tpotexp/tpot2/tpot2/utils/eval_utils.py", line 53, in objective_nan_wrapper
    value = func_timeout.func_timeout(timeout, objective_function, args=[individual], kwargs=objective_kwargs)
  File "/common/ketrong/tpotexp/env/lib/python3.10/site-packages/func_timeout/dafunc.py", line 108, in func_timeout
    raise_exception(exception)
  File "/common/ketrong/tpotexp/env/lib/python3.10/site-packages/func_timeout/py3_raise.py", line 7, in raise_exception
    raise exception[0] from None
  File "/common/ketrong/tpotexp/tpot2/tpot2/tpot_estimator/estimator.py", line 623, in objective_function
    return objective_function_generator(
  File "/common/ketrong/tpotexp/tpot2/tpot2/tpot_estimator/estimator_utils.py", line 55, in objective_function_generator
    cv_obj_scores = cross_val_score_objective(sklearn.base.clone(pipeline),x,y,scorers=scorers, cv=cv , fold=step)
  File "/common/ketrong/tpotexp/tpot2/tpot2/tpot_estimator/cross_val_utils.py", line 28, in cross_val_score_objective
    this_fold_pipeline.fit(X_train,y_train)
  File "/common/ketrong/tpotexp/env/lib/python3.10/site-packages/sklearn/base.py", line 1473, in wrapper
    return fit_method(estimator, *args, **kwargs)
  File "/common/ketrong/tpotexp/env/lib/python3.10/site-packages/sklearn/pipeline.py", line 473, in fit
    self._final_estimator.fit(Xt, y, **last_step_params["fit"])
  File "/common/ketrong/tpotexp/env/lib/python3.10/site-packages/sklearn/base.py", line 1466, in wrapper
    estimator._validate_params()
  File "/common/ketrong/tpotexp/env/lib/python3.10/site-packages/sklearn/base.py", line 666, in _validate_params
    validate_parameter_constraints(
  File "/common/ketrong/tpotexp/env/lib/python3.10/site-packages/sklearn/utils/_param_validation.py", line 95, in validate_parameter_constraints
    raise InvalidParameterError(
sklearn.utils._param_validation.InvalidParameterError: The 'criterion' parameter of ExtraTreesRegressor must be a str among {'friedman_mse', 'poisson', 'absolute_error', 'squared_error'}. Got 'mae' instead.

Generation:  11
Best root_mean_squared_error score: -0.1441723474026959
Generation:  44%|     | 11/25 [37:31<1:15:48, 324.88s/it]WARNING AN INDIVIDUAL TIMED OUT: 
 <tpot2.search_spaces.pipelines.sequential.SequentialPipelineIndividual object at 0x155454e6bf40> 

Generation:  12
Best root_mean_squared_error score: -0.14379119111177308
Generation:  48%|     | 12/25 [47:37<1:28:57, 410.55s/it]WARNING AN INDIVIDUAL TIMED OUT: 
 <tpot2.search_spaces.pipelines.sequential.SequentialPipelineIndividual object at 0x155454b09570> 

Generation:  13
Best root_mean_squared_error score: -0.14379119111177308
Generation:  52%|    | 13/25 [57:43<1:33:55, 469.60s/it]WARNING THIS INDIVIDUAL CAUSED AND EXCEPTION 
 <tpot2.search_spaces.pipelines.sequential.SequentialPipelineIndividual object at 0x1554652bd5d0> 
 The 'criterion' parameter of DecisionTreeRegressor must be a str among {'friedman_mse', 'poisson', 'absolute_error', 'squared_error'}. Got 'mae' instead. 
 Traceback (most recent call last):
  File "/common/ketrong/tpotexp/tpot2/tpot2/utils/eval_utils.py", line 53, in objective_nan_wrapper
    value = func_timeout.func_timeout(timeout, objective_function, args=[individual], kwargs=objective_kwargs)
  File "/common/ketrong/tpotexp/env/lib/python3.10/site-packages/func_timeout/dafunc.py", line 108, in func_timeout
    raise_exception(exception)
  File "/common/ketrong/tpotexp/env/lib/python3.10/site-packages/func_timeout/py3_raise.py", line 7, in raise_exception
    raise exception[0] from None
  File "/common/ketrong/tpotexp/tpot2/tpot2/tpot_estimator/estimator.py", line 623, in objective_function
    return objective_function_generator(
  File "/common/ketrong/tpotexp/tpot2/tpot2/tpot_estimator/estimator_utils.py", line 55, in objective_function_generator
    cv_obj_scores = cross_val_score_objective(sklearn.base.clone(pipeline),x,y,scorers=scorers, cv=cv , fold=step)
  File "/common/ketrong/tpotexp/tpot2/tpot2/tpot_estimator/cross_val_utils.py", line 28, in cross_val_score_objective
    this_fold_pipeline.fit(X_train,y_train)
  File "/common/ketrong/tpotexp/env/lib/python3.10/site-packages/sklearn/base.py", line 1473, in wrapper
    return fit_method(estimator, *args, **kwargs)
  File "/common/ketrong/tpotexp/env/lib/python3.10/site-packages/sklearn/pipeline.py", line 473, in fit
    self._final_estimator.fit(Xt, y, **last_step_params["fit"])
  File "/common/ketrong/tpotexp/env/lib/python3.10/site-packages/sklearn/base.py", line 1466, in wrapper
    estimator._validate_params()
  File "/common/ketrong/tpotexp/env/lib/python3.10/site-packages/sklearn/base.py", line 666, in _validate_params
    validate_parameter_constraints(
  File "/common/ketrong/tpotexp/env/lib/python3.10/site-packages/sklearn/utils/_param_validation.py", line 95, in validate_parameter_constraints
    raise InvalidParameterError(
sklearn.utils._param_validation.InvalidParameterError: The 'criterion' parameter of DecisionTreeRegressor must be a str among {'friedman_mse', 'poisson', 'absolute_error', 'squared_error'}. Got 'mae' instead.

WARNING THIS INDIVIDUAL CAUSED AND EXCEPTION 
 <tpot2.search_spaces.pipelines.sequential.SequentialPipelineIndividual object at 0x1554658d07c0> 
 Input X contains NaN.
MLPRegressor does not accept missing values encoded as NaN natively. For supervised learning, you might want to consider sklearn.ensemble.HistGradientBoostingClassifier and Regressor which accept missing values encoded as NaNs natively. Alternatively, it is possible to preprocess the data, for instance by using an imputer transformer in a pipeline or drop samples with missing values. See https://scikit-learn.org/stable/modules/impute.html You can find a list of all estimators that handle NaN values at the following page: https://scikit-learn.org/stable/modules/impute.html#estimators-that-handle-nan-values 
 Traceback (most recent call last):
  File "/common/ketrong/tpotexp/tpot2/tpot2/utils/eval_utils.py", line 53, in objective_nan_wrapper
    value = func_timeout.func_timeout(timeout, objective_function, args=[individual], kwargs=objective_kwargs)
  File "/common/ketrong/tpotexp/env/lib/python3.10/site-packages/func_timeout/dafunc.py", line 108, in func_timeout
    raise_exception(exception)
  File "/common/ketrong/tpotexp/env/lib/python3.10/site-packages/func_timeout/py3_raise.py", line 7, in raise_exception
    raise exception[0] from None
  File "/common/ketrong/tpotexp/tpot2/tpot2/tpot_estimator/estimator.py", line 623, in objective_function
    return objective_function_generator(
  File "/common/ketrong/tpotexp/tpot2/tpot2/tpot_estimator/estimator_utils.py", line 55, in objective_function_generator
    cv_obj_scores = cross_val_score_objective(sklearn.base.clone(pipeline),x,y,scorers=scorers, cv=cv , fold=step)
  File "/common/ketrong/tpotexp/tpot2/tpot2/tpot_estimator/cross_val_utils.py", line 28, in cross_val_score_objective
    this_fold_pipeline.fit(X_train,y_train)
  File "/common/ketrong/tpotexp/env/lib/python3.10/site-packages/sklearn/base.py", line 1473, in wrapper
    return fit_method(estimator, *args, **kwargs)
  File "/common/ketrong/tpotexp/env/lib/python3.10/site-packages/sklearn/pipeline.py", line 473, in fit
    self._final_estimator.fit(Xt, y, **last_step_params["fit"])
  File "/common/ketrong/tpotexp/env/lib/python3.10/site-packages/sklearn/base.py", line 1473, in wrapper
    return fit_method(estimator, *args, **kwargs)
  File "/common/ketrong/tpotexp/env/lib/python3.10/site-packages/sklearn/neural_network/_multilayer_perceptron.py", line 751, in fit
    return self._fit(X, y, incremental=False)
  File "/common/ketrong/tpotexp/env/lib/python3.10/site-packages/sklearn/neural_network/_multilayer_perceptron.py", line 441, in _fit
    X, y = self._validate_input(X, y, incremental, reset=first_pass)
  File "/common/ketrong/tpotexp/env/lib/python3.10/site-packages/sklearn/neural_network/_multilayer_perceptron.py", line 1621, in _validate_input
    X, y = self._validate_data(
  File "/common/ketrong/tpotexp/env/lib/python3.10/site-packages/sklearn/base.py", line 650, in _validate_data
    X, y = check_X_y(X, y, **check_params)
  File "/common/ketrong/tpotexp/env/lib/python3.10/site-packages/sklearn/utils/validation.py", line 1301, in check_X_y
    X = check_array(
  File "/common/ketrong/tpotexp/env/lib/python3.10/site-packages/sklearn/utils/validation.py", line 1064, in check_array
    _assert_all_finite(
  File "/common/ketrong/tpotexp/env/lib/python3.10/site-packages/sklearn/utils/validation.py", line 123, in _assert_all_finite
    _assert_all_finite_element_wise(
  File "/common/ketrong/tpotexp/env/lib/python3.10/site-packages/sklearn/utils/validation.py", line 172, in _assert_all_finite_element_wise
    raise ValueError(msg_err)
ValueError: Input X contains NaN.
MLPRegressor does not accept missing values encoded as NaN natively. For supervised learning, you might want to consider sklearn.ensemble.HistGradientBoostingClassifier and Regressor which accept missing values encoded as NaNs natively. Alternatively, it is possible to preprocess the data, for instance by using an imputer transformer in a pipeline or drop samples with missing values. See https://scikit-learn.org/stable/modules/impute.html You can find a list of all estimators that handle NaN values at the following page: https://scikit-learn.org/stable/modules/impute.html#estimators-that-handle-nan-values

Generation:  14
Best root_mean_squared_error score: -0.14379119111177308
Generation:  56%|    | 14/25 [1:00:49<1:10:22, 383.90s/it]WARNING THIS INDIVIDUAL CAUSED AND EXCEPTION 
 <tpot2.search_spaces.pipelines.sequential.SequentialPipelineIndividual object at 0x15547472f3a0> 
 The 'criterion' parameter of RandomForestRegressor must be a str among {'friedman_mse', 'poisson', 'absolute_error', 'squared_error'}. Got 'mae' instead. 
 Traceback (most recent call last):
  File "/common/ketrong/tpotexp/tpot2/tpot2/utils/eval_utils.py", line 53, in objective_nan_wrapper
    value = func_timeout.func_timeout(timeout, objective_function, args=[individual], kwargs=objective_kwargs)
  File "/common/ketrong/tpotexp/env/lib/python3.10/site-packages/func_timeout/dafunc.py", line 108, in func_timeout
    raise_exception(exception)
  File "/common/ketrong/tpotexp/env/lib/python3.10/site-packages/func_timeout/py3_raise.py", line 7, in raise_exception
    raise exception[0] from None
  File "/common/ketrong/tpotexp/tpot2/tpot2/tpot_estimator/estimator.py", line 623, in objective_function
    return objective_function_generator(
  File "/common/ketrong/tpotexp/tpot2/tpot2/tpot_estimator/estimator_utils.py", line 55, in objective_function_generator
    cv_obj_scores = cross_val_score_objective(sklearn.base.clone(pipeline),x,y,scorers=scorers, cv=cv , fold=step)
  File "/common/ketrong/tpotexp/tpot2/tpot2/tpot_estimator/cross_val_utils.py", line 28, in cross_val_score_objective
    this_fold_pipeline.fit(X_train,y_train)
  File "/common/ketrong/tpotexp/env/lib/python3.10/site-packages/sklearn/base.py", line 1473, in wrapper
    return fit_method(estimator, *args, **kwargs)
  File "/common/ketrong/tpotexp/env/lib/python3.10/site-packages/sklearn/pipeline.py", line 473, in fit
    self._final_estimator.fit(Xt, y, **last_step_params["fit"])
  File "/common/ketrong/tpotexp/env/lib/python3.10/site-packages/sklearn/base.py", line 1466, in wrapper
    estimator._validate_params()
  File "/common/ketrong/tpotexp/env/lib/python3.10/site-packages/sklearn/base.py", line 666, in _validate_params
    validate_parameter_constraints(
  File "/common/ketrong/tpotexp/env/lib/python3.10/site-packages/sklearn/utils/_param_validation.py", line 95, in validate_parameter_constraints
    raise InvalidParameterError(
sklearn.utils._param_validation.InvalidParameterError: The 'criterion' parameter of RandomForestRegressor must be a str among {'friedman_mse', 'poisson', 'absolute_error', 'squared_error'}. Got 'mae' instead.

WARNING AN INDIVIDUAL TIMED OUT: 
 <tpot2.search_spaces.pipelines.sequential.SequentialPipelineIndividual object at 0x155467183c40> 

Generation:  15
Best root_mean_squared_error score: -0.14379119111177308
Generation:  60%|    | 15/25 [1:10:53<1:15:04, 450.48s/it]WARNING THIS INDIVIDUAL CAUSED AND EXCEPTION 
 <tpot2.search_spaces.pipelines.sequential.SequentialPipelineIndividual object at 0x15545979f580> 
 The 'criterion' parameter of DecisionTreeRegressor must be a str among {'friedman_mse', 'poisson', 'absolute_error', 'squared_error'}. Got 'mae' instead. 
 Traceback (most recent call last):
  File "/common/ketrong/tpotexp/tpot2/tpot2/utils/eval_utils.py", line 53, in objective_nan_wrapper
    value = func_timeout.func_timeout(timeout, objective_function, args=[individual], kwargs=objective_kwargs)
  File "/common/ketrong/tpotexp/env/lib/python3.10/site-packages/func_timeout/dafunc.py", line 108, in func_timeout
    raise_exception(exception)
  File "/common/ketrong/tpotexp/env/lib/python3.10/site-packages/func_timeout/py3_raise.py", line 7, in raise_exception
    raise exception[0] from None
  File "/common/ketrong/tpotexp/tpot2/tpot2/tpot_estimator/estimator.py", line 623, in objective_function
    return objective_function_generator(
  File "/common/ketrong/tpotexp/tpot2/tpot2/tpot_estimator/estimator_utils.py", line 55, in objective_function_generator
    cv_obj_scores = cross_val_score_objective(sklearn.base.clone(pipeline),x,y,scorers=scorers, cv=cv , fold=step)
  File "/common/ketrong/tpotexp/tpot2/tpot2/tpot_estimator/cross_val_utils.py", line 28, in cross_val_score_objective
    this_fold_pipeline.fit(X_train,y_train)
  File "/common/ketrong/tpotexp/env/lib/python3.10/site-packages/sklearn/base.py", line 1473, in wrapper
    return fit_method(estimator, *args, **kwargs)
  File "/common/ketrong/tpotexp/env/lib/python3.10/site-packages/sklearn/pipeline.py", line 473, in fit
    self._final_estimator.fit(Xt, y, **last_step_params["fit"])
  File "/common/ketrong/tpotexp/env/lib/python3.10/site-packages/sklearn/base.py", line 1466, in wrapper
    estimator._validate_params()
  File "/common/ketrong/tpotexp/env/lib/python3.10/site-packages/sklearn/base.py", line 666, in _validate_params
    validate_parameter_constraints(
  File "/common/ketrong/tpotexp/env/lib/python3.10/site-packages/sklearn/utils/_param_validation.py", line 95, in validate_parameter_constraints
    raise InvalidParameterError(
sklearn.utils._param_validation.InvalidParameterError: The 'criterion' parameter of DecisionTreeRegressor must be a str among {'friedman_mse', 'poisson', 'absolute_error', 'squared_error'}. Got 'mae' instead.

Generation:  16
Best root_mean_squared_error score: -0.14379119111177308
Generation:  64%|   | 16/25 [1:13:31<54:21, 362.44s/it]  WARNING THIS INDIVIDUAL CAUSED AND EXCEPTION 
 <tpot2.search_spaces.pipelines.sequential.SequentialPipelineIndividual object at 0x1554671a1210> 
 Input X contains NaN.
MLPRegressor does not accept missing values encoded as NaN natively. For supervised learning, you might want to consider sklearn.ensemble.HistGradientBoostingClassifier and Regressor which accept missing values encoded as NaNs natively. Alternatively, it is possible to preprocess the data, for instance by using an imputer transformer in a pipeline or drop samples with missing values. See https://scikit-learn.org/stable/modules/impute.html You can find a list of all estimators that handle NaN values at the following page: https://scikit-learn.org/stable/modules/impute.html#estimators-that-handle-nan-values 
 Traceback (most recent call last):
  File "/common/ketrong/tpotexp/tpot2/tpot2/utils/eval_utils.py", line 53, in objective_nan_wrapper
    value = func_timeout.func_timeout(timeout, objective_function, args=[individual], kwargs=objective_kwargs)
  File "/common/ketrong/tpotexp/env/lib/python3.10/site-packages/func_timeout/dafunc.py", line 108, in func_timeout
    raise_exception(exception)
  File "/common/ketrong/tpotexp/env/lib/python3.10/site-packages/func_timeout/py3_raise.py", line 7, in raise_exception
    raise exception[0] from None
  File "/common/ketrong/tpotexp/tpot2/tpot2/tpot_estimator/estimator.py", line 623, in objective_function
    return objective_function_generator(
  File "/common/ketrong/tpotexp/tpot2/tpot2/tpot_estimator/estimator_utils.py", line 55, in objective_function_generator
    cv_obj_scores = cross_val_score_objective(sklearn.base.clone(pipeline),x,y,scorers=scorers, cv=cv , fold=step)
  File "/common/ketrong/tpotexp/tpot2/tpot2/tpot_estimator/cross_val_utils.py", line 28, in cross_val_score_objective
    this_fold_pipeline.fit(X_train,y_train)
  File "/common/ketrong/tpotexp/env/lib/python3.10/site-packages/sklearn/base.py", line 1473, in wrapper
    return fit_method(estimator, *args, **kwargs)
  File "/common/ketrong/tpotexp/env/lib/python3.10/site-packages/sklearn/pipeline.py", line 473, in fit
    self._final_estimator.fit(Xt, y, **last_step_params["fit"])
  File "/common/ketrong/tpotexp/env/lib/python3.10/site-packages/sklearn/base.py", line 1473, in wrapper
    return fit_method(estimator, *args, **kwargs)
  File "/common/ketrong/tpotexp/env/lib/python3.10/site-packages/sklearn/neural_network/_multilayer_perceptron.py", line 751, in fit
    return self._fit(X, y, incremental=False)
  File "/common/ketrong/tpotexp/env/lib/python3.10/site-packages/sklearn/neural_network/_multilayer_perceptron.py", line 441, in _fit
    X, y = self._validate_input(X, y, incremental, reset=first_pass)
  File "/common/ketrong/tpotexp/env/lib/python3.10/site-packages/sklearn/neural_network/_multilayer_perceptron.py", line 1621, in _validate_input
    X, y = self._validate_data(
  File "/common/ketrong/tpotexp/env/lib/python3.10/site-packages/sklearn/base.py", line 650, in _validate_data
    X, y = check_X_y(X, y, **check_params)
  File "/common/ketrong/tpotexp/env/lib/python3.10/site-packages/sklearn/utils/validation.py", line 1301, in check_X_y
    X = check_array(
  File "/common/ketrong/tpotexp/env/lib/python3.10/site-packages/sklearn/utils/validation.py", line 1064, in check_array
    _assert_all_finite(
  File "/common/ketrong/tpotexp/env/lib/python3.10/site-packages/sklearn/utils/validation.py", line 123, in _assert_all_finite
    _assert_all_finite_element_wise(
  File "/common/ketrong/tpotexp/env/lib/python3.10/site-packages/sklearn/utils/validation.py", line 172, in _assert_all_finite_element_wise
    raise ValueError(msg_err)
ValueError: Input X contains NaN.
MLPRegressor does not accept missing values encoded as NaN natively. For supervised learning, you might want to consider sklearn.ensemble.HistGradientBoostingClassifier and Regressor which accept missing values encoded as NaNs natively. Alternatively, it is possible to preprocess the data, for instance by using an imputer transformer in a pipeline or drop samples with missing values. See https://scikit-learn.org/stable/modules/impute.html You can find a list of all estimators that handle NaN values at the following page: https://scikit-learn.org/stable/modules/impute.html#estimators-that-handle-nan-values

Generation:  17
Best root_mean_squared_error score: -0.1437492609655624
Generation:  68%|   | 17/25 [1:23:08<56:53, 426.70s/it]Generation:  18
Best root_mean_squared_error score: -0.1437492609655624
Generation:  72%|  | 18/25 [1:24:28<37:38, 322.67s/it]WARNING THIS INDIVIDUAL CAUSED AND EXCEPTION 
 <tpot2.search_spaces.pipelines.sequential.SequentialPipelineIndividual object at 0x1554592fec80> 
 Input X contains NaN.
MLPRegressor does not accept missing values encoded as NaN natively. For supervised learning, you might want to consider sklearn.ensemble.HistGradientBoostingClassifier and Regressor which accept missing values encoded as NaNs natively. Alternatively, it is possible to preprocess the data, for instance by using an imputer transformer in a pipeline or drop samples with missing values. See https://scikit-learn.org/stable/modules/impute.html You can find a list of all estimators that handle NaN values at the following page: https://scikit-learn.org/stable/modules/impute.html#estimators-that-handle-nan-values 
 Traceback (most recent call last):
  File "/common/ketrong/tpotexp/tpot2/tpot2/utils/eval_utils.py", line 53, in objective_nan_wrapper
    value = func_timeout.func_timeout(timeout, objective_function, args=[individual], kwargs=objective_kwargs)
  File "/common/ketrong/tpotexp/env/lib/python3.10/site-packages/func_timeout/dafunc.py", line 108, in func_timeout
    raise_exception(exception)
  File "/common/ketrong/tpotexp/env/lib/python3.10/site-packages/func_timeout/py3_raise.py", line 7, in raise_exception
    raise exception[0] from None
  File "/common/ketrong/tpotexp/tpot2/tpot2/tpot_estimator/estimator.py", line 623, in objective_function
    return objective_function_generator(
  File "/common/ketrong/tpotexp/tpot2/tpot2/tpot_estimator/estimator_utils.py", line 55, in objective_function_generator
    cv_obj_scores = cross_val_score_objective(sklearn.base.clone(pipeline),x,y,scorers=scorers, cv=cv , fold=step)
  File "/common/ketrong/tpotexp/tpot2/tpot2/tpot_estimator/cross_val_utils.py", line 28, in cross_val_score_objective
    this_fold_pipeline.fit(X_train,y_train)
  File "/common/ketrong/tpotexp/env/lib/python3.10/site-packages/sklearn/base.py", line 1473, in wrapper
    return fit_method(estimator, *args, **kwargs)
  File "/common/ketrong/tpotexp/env/lib/python3.10/site-packages/sklearn/pipeline.py", line 473, in fit
    self._final_estimator.fit(Xt, y, **last_step_params["fit"])
  File "/common/ketrong/tpotexp/env/lib/python3.10/site-packages/sklearn/base.py", line 1473, in wrapper
    return fit_method(estimator, *args, **kwargs)
  File "/common/ketrong/tpotexp/env/lib/python3.10/site-packages/sklearn/neural_network/_multilayer_perceptron.py", line 751, in fit
    return self._fit(X, y, incremental=False)
  File "/common/ketrong/tpotexp/env/lib/python3.10/site-packages/sklearn/neural_network/_multilayer_perceptron.py", line 441, in _fit
    X, y = self._validate_input(X, y, incremental, reset=first_pass)
  File "/common/ketrong/tpotexp/env/lib/python3.10/site-packages/sklearn/neural_network/_multilayer_perceptron.py", line 1621, in _validate_input
    X, y = self._validate_data(
  File "/common/ketrong/tpotexp/env/lib/python3.10/site-packages/sklearn/base.py", line 650, in _validate_data
    X, y = check_X_y(X, y, **check_params)
  File "/common/ketrong/tpotexp/env/lib/python3.10/site-packages/sklearn/utils/validation.py", line 1301, in check_X_y
    X = check_array(
  File "/common/ketrong/tpotexp/env/lib/python3.10/site-packages/sklearn/utils/validation.py", line 1064, in check_array
    _assert_all_finite(
  File "/common/ketrong/tpotexp/env/lib/python3.10/site-packages/sklearn/utils/validation.py", line 123, in _assert_all_finite
    _assert_all_finite_element_wise(
  File "/common/ketrong/tpotexp/env/lib/python3.10/site-packages/sklearn/utils/validation.py", line 172, in _assert_all_finite_element_wise
    raise ValueError(msg_err)
ValueError: Input X contains NaN.
MLPRegressor does not accept missing values encoded as NaN natively. For supervised learning, you might want to consider sklearn.ensemble.HistGradientBoostingClassifier and Regressor which accept missing values encoded as NaNs natively. Alternatively, it is possible to preprocess the data, for instance by using an imputer transformer in a pipeline or drop samples with missing values. See https://scikit-learn.org/stable/modules/impute.html You can find a list of all estimators that handle NaN values at the following page: https://scikit-learn.org/stable/modules/impute.html#estimators-that-handle-nan-values

Generation:  19
Best root_mean_squared_error score: -0.1437492609655624
Generation:  76%|  | 19/25 [1:29:22<31:23, 313.97s/it]Generation:  20
Best root_mean_squared_error score: -0.1434082728738212
Generation:  80%|  | 20/25 [1:31:38<21:43, 260.69s/it]WARNING THIS INDIVIDUAL CAUSED AND EXCEPTION 
 <tpot2.search_spaces.pipelines.sequential.SequentialPipelineIndividual object at 0x1554658775e0> 
 The 'criterion' parameter of DecisionTreeRegressor must be a str among {'friedman_mse', 'poisson', 'absolute_error', 'squared_error'}. Got 'mae' instead. 
 Traceback (most recent call last):
  File "/common/ketrong/tpotexp/tpot2/tpot2/utils/eval_utils.py", line 53, in objective_nan_wrapper
    value = func_timeout.func_timeout(timeout, objective_function, args=[individual], kwargs=objective_kwargs)
  File "/common/ketrong/tpotexp/env/lib/python3.10/site-packages/func_timeout/dafunc.py", line 108, in func_timeout
    raise_exception(exception)
  File "/common/ketrong/tpotexp/env/lib/python3.10/site-packages/func_timeout/py3_raise.py", line 7, in raise_exception
    raise exception[0] from None
  File "/common/ketrong/tpotexp/tpot2/tpot2/tpot_estimator/estimator.py", line 623, in objective_function
    return objective_function_generator(
  File "/common/ketrong/tpotexp/tpot2/tpot2/tpot_estimator/estimator_utils.py", line 55, in objective_function_generator
    cv_obj_scores = cross_val_score_objective(sklearn.base.clone(pipeline),x,y,scorers=scorers, cv=cv , fold=step)
  File "/common/ketrong/tpotexp/tpot2/tpot2/tpot_estimator/cross_val_utils.py", line 28, in cross_val_score_objective
    this_fold_pipeline.fit(X_train,y_train)
  File "/common/ketrong/tpotexp/env/lib/python3.10/site-packages/sklearn/base.py", line 1473, in wrapper
    return fit_method(estimator, *args, **kwargs)
  File "/common/ketrong/tpotexp/env/lib/python3.10/site-packages/sklearn/pipeline.py", line 473, in fit
    self._final_estimator.fit(Xt, y, **last_step_params["fit"])
  File "/common/ketrong/tpotexp/env/lib/python3.10/site-packages/sklearn/base.py", line 1466, in wrapper
    estimator._validate_params()
  File "/common/ketrong/tpotexp/env/lib/python3.10/site-packages/sklearn/base.py", line 666, in _validate_params
    validate_parameter_constraints(
  File "/common/ketrong/tpotexp/env/lib/python3.10/site-packages/sklearn/utils/_param_validation.py", line 95, in validate_parameter_constraints
    raise InvalidParameterError(
sklearn.utils._param_validation.InvalidParameterError: The 'criterion' parameter of DecisionTreeRegressor must be a str among {'friedman_mse', 'poisson', 'absolute_error', 'squared_error'}. Got 'mae' instead.

Generation:  21
Best root_mean_squared_error score: -0.1434082728738212
Generation:  84%| | 21/25 [1:32:42<13:26, 201.55s/it]WARNING THIS INDIVIDUAL CAUSED AND EXCEPTION 
 <tpot2.search_spaces.pipelines.sequential.SequentialPipelineIndividual object at 0x155465b04370> 
 The 'criterion' parameter of DecisionTreeRegressor must be a str among {'friedman_mse', 'poisson', 'absolute_error', 'squared_error'}. Got 'mae' instead. 
 Traceback (most recent call last):
  File "/common/ketrong/tpotexp/tpot2/tpot2/utils/eval_utils.py", line 53, in objective_nan_wrapper
    value = func_timeout.func_timeout(timeout, objective_function, args=[individual], kwargs=objective_kwargs)
  File "/common/ketrong/tpotexp/env/lib/python3.10/site-packages/func_timeout/dafunc.py", line 108, in func_timeout
    raise_exception(exception)
  File "/common/ketrong/tpotexp/env/lib/python3.10/site-packages/func_timeout/py3_raise.py", line 7, in raise_exception
    raise exception[0] from None
  File "/common/ketrong/tpotexp/tpot2/tpot2/tpot_estimator/estimator.py", line 623, in objective_function
    return objective_function_generator(
  File "/common/ketrong/tpotexp/tpot2/tpot2/tpot_estimator/estimator_utils.py", line 55, in objective_function_generator
    cv_obj_scores = cross_val_score_objective(sklearn.base.clone(pipeline),x,y,scorers=scorers, cv=cv , fold=step)
  File "/common/ketrong/tpotexp/tpot2/tpot2/tpot_estimator/cross_val_utils.py", line 28, in cross_val_score_objective
    this_fold_pipeline.fit(X_train,y_train)
  File "/common/ketrong/tpotexp/env/lib/python3.10/site-packages/sklearn/base.py", line 1473, in wrapper
    return fit_method(estimator, *args, **kwargs)
  File "/common/ketrong/tpotexp/env/lib/python3.10/site-packages/sklearn/pipeline.py", line 473, in fit
    self._final_estimator.fit(Xt, y, **last_step_params["fit"])
  File "/common/ketrong/tpotexp/env/lib/python3.10/site-packages/sklearn/base.py", line 1466, in wrapper
    estimator._validate_params()
  File "/common/ketrong/tpotexp/env/lib/python3.10/site-packages/sklearn/base.py", line 666, in _validate_params
    validate_parameter_constraints(
  File "/common/ketrong/tpotexp/env/lib/python3.10/site-packages/sklearn/utils/_param_validation.py", line 95, in validate_parameter_constraints
    raise InvalidParameterError(
sklearn.utils._param_validation.InvalidParameterError: The 'criterion' parameter of DecisionTreeRegressor must be a str among {'friedman_mse', 'poisson', 'absolute_error', 'squared_error'}. Got 'mae' instead.

WARNING AN INDIVIDUAL TIMED OUT: 
 <tpot2.search_spaces.pipelines.sequential.SequentialPipelineIndividual object at 0x155467f22d70> 

Generation:  22
Best root_mean_squared_error score: -0.1434082728738212
Generation:  88%| | 22/25 [1:42:46<16:07, 322.46s/it]Generation:  23
Best root_mean_squared_error score: -0.1434082728738212
Generation:  92%|| 23/25 [1:44:55<08:48, 264.24s/it]WARNING THIS INDIVIDUAL CAUSED AND EXCEPTION 
 <tpot2.search_spaces.pipelines.sequential.SequentialPipelineIndividual object at 0x1554673e2920> 
 Input X contains NaN.
MLPRegressor does not accept missing values encoded as NaN natively. For supervised learning, you might want to consider sklearn.ensemble.HistGradientBoostingClassifier and Regressor which accept missing values encoded as NaNs natively. Alternatively, it is possible to preprocess the data, for instance by using an imputer transformer in a pipeline or drop samples with missing values. See https://scikit-learn.org/stable/modules/impute.html You can find a list of all estimators that handle NaN values at the following page: https://scikit-learn.org/stable/modules/impute.html#estimators-that-handle-nan-values 
 Traceback (most recent call last):
  File "/common/ketrong/tpotexp/tpot2/tpot2/utils/eval_utils.py", line 53, in objective_nan_wrapper
    value = func_timeout.func_timeout(timeout, objective_function, args=[individual], kwargs=objective_kwargs)
  File "/common/ketrong/tpotexp/env/lib/python3.10/site-packages/func_timeout/dafunc.py", line 108, in func_timeout
    raise_exception(exception)
  File "/common/ketrong/tpotexp/env/lib/python3.10/site-packages/func_timeout/py3_raise.py", line 7, in raise_exception
    raise exception[0] from None
  File "/common/ketrong/tpotexp/tpot2/tpot2/tpot_estimator/estimator.py", line 623, in objective_function
    return objective_function_generator(
  File "/common/ketrong/tpotexp/tpot2/tpot2/tpot_estimator/estimator_utils.py", line 55, in objective_function_generator
    cv_obj_scores = cross_val_score_objective(sklearn.base.clone(pipeline),x,y,scorers=scorers, cv=cv , fold=step)
  File "/common/ketrong/tpotexp/tpot2/tpot2/tpot_estimator/cross_val_utils.py", line 28, in cross_val_score_objective
    this_fold_pipeline.fit(X_train,y_train)
  File "/common/ketrong/tpotexp/env/lib/python3.10/site-packages/sklearn/base.py", line 1473, in wrapper
    return fit_method(estimator, *args, **kwargs)
  File "/common/ketrong/tpotexp/env/lib/python3.10/site-packages/sklearn/pipeline.py", line 473, in fit
    self._final_estimator.fit(Xt, y, **last_step_params["fit"])
  File "/common/ketrong/tpotexp/env/lib/python3.10/site-packages/sklearn/base.py", line 1473, in wrapper
    return fit_method(estimator, *args, **kwargs)
  File "/common/ketrong/tpotexp/env/lib/python3.10/site-packages/sklearn/neural_network/_multilayer_perceptron.py", line 751, in fit
    return self._fit(X, y, incremental=False)
  File "/common/ketrong/tpotexp/env/lib/python3.10/site-packages/sklearn/neural_network/_multilayer_perceptron.py", line 441, in _fit
    X, y = self._validate_input(X, y, incremental, reset=first_pass)
  File "/common/ketrong/tpotexp/env/lib/python3.10/site-packages/sklearn/neural_network/_multilayer_perceptron.py", line 1621, in _validate_input
    X, y = self._validate_data(
  File "/common/ketrong/tpotexp/env/lib/python3.10/site-packages/sklearn/base.py", line 650, in _validate_data
    X, y = check_X_y(X, y, **check_params)
  File "/common/ketrong/tpotexp/env/lib/python3.10/site-packages/sklearn/utils/validation.py", line 1301, in check_X_y
    X = check_array(
  File "/common/ketrong/tpotexp/env/lib/python3.10/site-packages/sklearn/utils/validation.py", line 1064, in check_array
    _assert_all_finite(
  File "/common/ketrong/tpotexp/env/lib/python3.10/site-packages/sklearn/utils/validation.py", line 123, in _assert_all_finite
    _assert_all_finite_element_wise(
  File "/common/ketrong/tpotexp/env/lib/python3.10/site-packages/sklearn/utils/validation.py", line 172, in _assert_all_finite_element_wise
    raise ValueError(msg_err)
ValueError: Input X contains NaN.
MLPRegressor does not accept missing values encoded as NaN natively. For supervised learning, you might want to consider sklearn.ensemble.HistGradientBoostingClassifier and Regressor which accept missing values encoded as NaNs natively. Alternatively, it is possible to preprocess the data, for instance by using an imputer transformer in a pipeline or drop samples with missing values. See https://scikit-learn.org/stable/modules/impute.html You can find a list of all estimators that handle NaN values at the following page: https://scikit-learn.org/stable/modules/impute.html#estimators-that-handle-nan-values

Generation:  24
Best root_mean_squared_error score: -0.1434082728738212
Generation:  96%|| 24/25 [1:54:41<06:00, 360.78s/it]WARNING THIS INDIVIDUAL CAUSED AND EXCEPTION 
 <tpot2.search_spaces.pipelines.sequential.SequentialPipelineIndividual object at 0x1554591dd360> 
 The 'criterion' parameter of DecisionTreeRegressor must be a str among {'friedman_mse', 'poisson', 'absolute_error', 'squared_error'}. Got 'mae' instead. 
 Traceback (most recent call last):
  File "/common/ketrong/tpotexp/tpot2/tpot2/utils/eval_utils.py", line 53, in objective_nan_wrapper
    value = func_timeout.func_timeout(timeout, objective_function, args=[individual], kwargs=objective_kwargs)
  File "/common/ketrong/tpotexp/env/lib/python3.10/site-packages/func_timeout/dafunc.py", line 108, in func_timeout
    raise_exception(exception)
  File "/common/ketrong/tpotexp/env/lib/python3.10/site-packages/func_timeout/py3_raise.py", line 7, in raise_exception
    raise exception[0] from None
  File "/common/ketrong/tpotexp/tpot2/tpot2/tpot_estimator/estimator.py", line 623, in objective_function
    return objective_function_generator(
  File "/common/ketrong/tpotexp/tpot2/tpot2/tpot_estimator/estimator_utils.py", line 55, in objective_function_generator
    cv_obj_scores = cross_val_score_objective(sklearn.base.clone(pipeline),x,y,scorers=scorers, cv=cv , fold=step)
  File "/common/ketrong/tpotexp/tpot2/tpot2/tpot_estimator/cross_val_utils.py", line 28, in cross_val_score_objective
    this_fold_pipeline.fit(X_train,y_train)
  File "/common/ketrong/tpotexp/env/lib/python3.10/site-packages/sklearn/base.py", line 1473, in wrapper
    return fit_method(estimator, *args, **kwargs)
  File "/common/ketrong/tpotexp/env/lib/python3.10/site-packages/sklearn/pipeline.py", line 473, in fit
    self._final_estimator.fit(Xt, y, **last_step_params["fit"])
  File "/common/ketrong/tpotexp/env/lib/python3.10/site-packages/sklearn/base.py", line 1466, in wrapper
    estimator._validate_params()
  File "/common/ketrong/tpotexp/env/lib/python3.10/site-packages/sklearn/base.py", line 666, in _validate_params
    validate_parameter_constraints(
  File "/common/ketrong/tpotexp/env/lib/python3.10/site-packages/sklearn/utils/_param_validation.py", line 95, in validate_parameter_constraints
    raise InvalidParameterError(
sklearn.utils._param_validation.InvalidParameterError: The 'criterion' parameter of DecisionTreeRegressor must be a str among {'friedman_mse', 'poisson', 'absolute_error', 'squared_error'}. Got 'mae' instead.

Generation:  25
Best root_mean_squared_error score: -0.1434082728738212
Generation: 100%|| 25/25 [2:01:25<00:00, 373.89s/it]Generation: 100%|| 25/25 [2:01:25<00:00, 291.43s/it]
2024-09-20 06:21:45,068 - distributed.scheduler - ERROR - Removing worker 'tcp://127.0.0.1:33715' caused the cluster to lose scattered data, which can't be recovered: {'DataFrame-199f3c31ceebfff04409bf1345a44d8c', 'DataFrame-9c4f7100090afe2cffc804023a1251aa'} (stimulus_id='handle-worker-cleanup-1726838505.0679464')
Fitted
Pipeline(steps=[('simpleimputer', SimpleImputer(strategy='median')),
                ('mlpregressor',
                 MLPRegressor(activation='tanh', alpha=1.3091997e-05,
                              early_stopping=True,
                              hidden_layer_sizes=[56, 56, 56],
                              learning_rate='adaptive',
                              learning_rate_init=0.0010815714822,
                              n_iter_no_change=32))])
transform worked
try transform
transform worked
score start
train score: {'explained_var': 0.7375732155511674, 'r2': 0.7375258856255702, 'rmse': 0.13560421876712736}
test score: {'explained_var': 0.6945354231334788, 'r2': 0.6931811527615261, 'rmse': 0.1435433885163485}
original test score: {'explained_var': 0.8830486141213953, 'r2': 0.8815565770758933, 'rmse': 0.08918619832336222}
score end
189
lvl
0.1
type
MNAR
num_run
2
reg_full
finished
all finished
full run takes
12.307259321345223
hours
DONE
