Run: 1
/cm/local/apps/slurm/var/spool/job919559/slurm_script: line 26: 
pip install -e tpot2
pip install -r tpot2/ImputerExperiments/requirements_.txt
: No such file or directory
RunStart
srun: Job step aborted: Waiting up to 32 seconds for job step to finish.
slurmstepd: error: *** STEP 919559.0 ON esplhpc-cp037 CANCELLED AT 2024-08-12T11:38:49 ***
slurmstepd: error: *** JOB 919559 ON esplhpc-cp037 CANCELLED AT 2024-08-12T11:38:49 ***
