Run: 26
/cm/local/apps/slurm/var/spool/job1011635/slurm_script: line 26: 
pip install -e tpot2
pip install -r tpot2/ImputerExperiments/requirements_.txt
: No such file or directory
RunStart
Version 0.1.7a0 of tpot2 is outdated. Version 0.1.8a0 was released Tuesday September 17, 2024.
starting loops
../data/c/725/725.pkl
working on 
../data/c/725/class_full_MCAR_0.1_2
1.3444907665252686
running experiment 1/3 - Does large hyperparameter space improve reconstruction accuracy over simple
[I 2024-10-23 11:58:03,018] A new study created in memory with name: no-name-5c66d20a-d9d9-4931-beea-22afb0f2d3c5
running
running
running
running
running
running
running
running
running
running
running
running
running
running
running
running
[I 2024-10-23 11:58:03,114] Trial 4 finished with value: 0.250118684648762 and parameters: {'model_name': 'SimpleImputer', 'strategy': 'mean'}. Best is trial 4 with value: 0.250118684648762.
running
[I 2024-10-23 11:58:03,359] Trial 10 finished with value: 0.250118684648762 and parameters: {'model_name': 'SimpleImputer', 'strategy': 'mean'}. Best is trial 4 with value: 0.250118684648762.
[I 2024-10-23 11:58:03,492] Trial 7 finished with value: 0.4900802644637136 and parameters: {'model_name': 'SimpleImputer', 'strategy': 'constant'}. Best is trial 4 with value: 0.250118684648762.
running
running
[I 2024-10-23 11:58:03,707] Trial 0 finished with value: 0.250118684648762 and parameters: {'model_name': 'SimpleImputer', 'strategy': 'mean'}. Best is trial 4 with value: 0.250118684648762.
running
[I 2024-10-23 11:58:03,981] Trial 17 finished with value: 0.4900802644637136 and parameters: {'model_name': 'SimpleImputer', 'strategy': 'most_frequent'}. Best is trial 4 with value: 0.250118684648762.
running
[I 2024-10-23 11:58:05,758] Trial 15 finished with value: 0.2501108835175093 and parameters: {'model_name': 'IterativeImputer', 'estimator': 'Ridge', 'initial_strategy': 'constant', 'n_nearest_features': 8, 'imputation_order': 'ascending'}. Best is trial 15 with value: 0.2501108835175093.
running
[I 2024-10-23 11:58:07,005] Trial 5 finished with value: 0.24992263390945393 and parameters: {'model_name': 'KNNImputer', 'n_neighbors': 1105, 'weights': 'uniform'}. Best is trial 5 with value: 0.24992263390945393.
running
[I 2024-10-23 11:58:07,242] Trial 22 finished with value: 0.4900802644637136 and parameters: {'model_name': 'SimpleImputer', 'strategy': 'constant'}. Best is trial 5 with value: 0.24992263390945393.
running
[I 2024-10-23 11:58:07,767] Trial 11 finished with value: 0.2500465544877826 and parameters: {'model_name': 'KNNImputer', 'n_neighbors': 2609, 'weights': 'distance'}. Best is trial 5 with value: 0.24992263390945393.
running
[I 2024-10-23 11:58:09,305] Trial 20 finished with value: 0.25006091092221217 and parameters: {'model_name': 'IterativeImputer', 'estimator': 'Ridge', 'initial_strategy': 'median', 'n_nearest_features': 4, 'imputation_order': 'ascending'}. Best is trial 5 with value: 0.24992263390945393.
running
[I 2024-10-23 11:58:10,737] Trial 23 finished with value: 0.25003292412821504 and parameters: {'model_name': 'KNNImputer', 'n_neighbors': 2572, 'weights': 'distance'}. Best is trial 5 with value: 0.24992263390945393.
running
[I 2024-10-23 11:58:11,406] Trial 2 finished with value: 0.45440783634151477 and parameters: {'model_name': 'GAIN', 'batch_size': 9, 'hint_rate': 0.10257817009598591, 'alpha': 50, 'iterations': 1, 'learning_rate': 0.002411118627774146, 'p_miss': 0.2386791546954834}. Best is trial 5 with value: 0.24992263390945393.
running
[I 2024-10-23 11:58:11,564] Trial 3 finished with value: 0.31997962590309986 and parameters: {'model_name': 'VAE', 'batch_size': 1, 'iterations': 1, 'learning_rate': 0.00048379991364866896, 'p_miss': 0.18733070183777537}. Best is trial 5 with value: 0.24992263390945393.
running
[I 2024-10-23 11:58:12,133] Trial 8 finished with value: 0.46614852443683646 and parameters: {'model_name': 'GAIN', 'batch_size': 1, 'hint_rate': 0.08851127371523138, 'alpha': 98, 'iterations': 2, 'learning_rate': 0.0010197205498103225, 'p_miss': 0.2514975710277802}. Best is trial 5 with value: 0.24992263390945393.
running
[I 2024-10-23 11:58:14,585] Trial 26 finished with value: 0.25003414014306113 and parameters: {'model_name': 'KNNImputer', 'n_neighbors': 848, 'weights': 'uniform'}. Best is trial 5 with value: 0.24992263390945393.
running
[I 2024-10-23 11:58:15,880] Trial 28 finished with value: 0.24989969912478385 and parameters: {'model_name': 'KNNImputer', 'n_neighbors': 1143, 'weights': 'uniform'}. Best is trial 28 with value: 0.24989969912478385.
running
[I 2024-10-23 11:58:16,231] Trial 29 finished with value: 0.2500218359896776 and parameters: {'model_name': 'KNNImputer', 'n_neighbors': 865, 'weights': 'uniform'}. Best is trial 28 with value: 0.24989969912478385.
running
[I 2024-10-23 11:58:16,396] Trial 27 finished with value: 0.24991923952282483 and parameters: {'model_name': 'KNNImputer', 'n_neighbors': 934, 'weights': 'uniform'}. Best is trial 28 with value: 0.24989969912478385.
running
[I 2024-10-23 11:58:16,775] Trial 9 finished with value: 0.4724457929759769 and parameters: {'model_name': 'GAIN', 'batch_size': 6, 'hint_rate': 0.05155230153303977, 'alpha': 14, 'iterations': 10, 'learning_rate': 0.00028300848860101, 'p_miss': 0.19697392885586068}. Best is trial 28 with value: 0.24989969912478385.
running
[I 2024-10-23 11:58:19,994] Trial 30 finished with value: 0.24999489687110926 and parameters: {'model_name': 'KNNImputer', 'n_neighbors': 2376, 'weights': 'distance'}. Best is trial 28 with value: 0.24989969912478385.
[I 2024-10-23 11:58:20,165] Trial 31 finished with value: 0.2537378653565964 and parameters: {'model_name': 'KNNImputer', 'n_neighbors': 62, 'weights': 'uniform'}. Best is trial 28 with value: 0.24989969912478385.
running
running
[I 2024-10-23 11:58:20,608] Trial 32 finished with value: 0.2501186846487621 and parameters: {'model_name': 'KNNImputer', 'n_neighbors': 5812, 'weights': 'uniform'}. Best is trial 28 with value: 0.24989969912478385.
running
[I 2024-10-23 11:58:23,949] Trial 35 finished with value: 0.2501186846487621 and parameters: {'model_name': 'KNNImputer', 'n_neighbors': 6505, 'weights': 'uniform'}. Best is trial 28 with value: 0.24989969912478385.
running
[I 2024-10-23 11:58:24,227] Trial 36 finished with value: 0.2501186846487621 and parameters: {'model_name': 'KNNImputer', 'n_neighbors': 6338, 'weights': 'uniform'}. Best is trial 28 with value: 0.24989969912478385.
running
[I 2024-10-23 11:58:44,378] Trial 12 finished with value: 0.36806104103677084 and parameters: {'model_name': 'IterativeImputer', 'estimator': 'Bayesian', 'initial_strategy': 'median', 'n_nearest_features': 4, 'imputation_order': 'descending', 'sample_posterior': True}. Best is trial 28 with value: 0.24989969912478385.
running
[I 2024-10-23 11:59:54,402] Trial 18 finished with value: 0.309492322594805 and parameters: {'model_name': 'VAE', 'batch_size': 234, 'iterations': 33, 'learning_rate': 0.00029021308252993384, 'p_miss': 0.13744624572345274}. Best is trial 28 with value: 0.24989969912478385.
running
[I 2024-10-23 11:59:59,192] Trial 41 finished with value: 0.2498800260151992 and parameters: {'model_name': 'KNNImputer', 'n_neighbors': 1500, 'weights': 'uniform'}. Best is trial 41 with value: 0.2498800260151992.
running
[I 2024-10-23 12:00:04,025] Trial 42 finished with value: 0.24984871204880704 and parameters: {'model_name': 'KNNImputer', 'n_neighbors': 1689, 'weights': 'uniform'}. Best is trial 42 with value: 0.24984871204880704.
running
[I 2024-10-23 12:01:33,581] Trial 13 finished with value: 0.30197061292067023 and parameters: {'model_name': 'VAE', 'batch_size': 199, 'iterations': 61, 'learning_rate': 0.0004489938265576115, 'p_miss': 0.20411864532065419}. Best is trial 42 with value: 0.24984871204880704.
running
[I 2024-10-23 12:01:38,219] Trial 44 finished with value: 0.24987323407598766 and parameters: {'model_name': 'KNNImputer', 'n_neighbors': 1815, 'weights': 'uniform'}. Best is trial 42 with value: 0.24984871204880704.
running
[I 2024-10-23 12:01:43,562] Trial 45 finished with value: 0.25011945383137857 and parameters: {'model_name': 'KNNImputer', 'n_neighbors': 3752, 'weights': 'uniform'}. Best is trial 42 with value: 0.24984871204880704.
running
[I 2024-10-23 12:01:48,151] Trial 46 finished with value: 0.24987747417471792 and parameters: {'model_name': 'KNNImputer', 'n_neighbors': 1865, 'weights': 'uniform'}. Best is trial 42 with value: 0.24984871204880704.
running
[I 2024-10-23 12:01:52,829] Trial 47 finished with value: 0.24988249703604182 and parameters: {'model_name': 'KNNImputer', 'n_neighbors': 2051, 'weights': 'uniform'}. Best is trial 42 with value: 0.24984871204880704.
running
[I 2024-10-23 12:03:07,722] Trial 6 finished with value: 0.2988999450262326 and parameters: {'model_name': 'VAE', 'batch_size': 13, 'iterations': 125, 'learning_rate': 0.00032361008504323623, 'p_miss': 0.206242387534139}. Best is trial 42 with value: 0.24984871204880704.
running
[I 2024-10-23 12:18:56,832] Trial 21 finished with value: inf and parameters: {'model_name': 'GAIN', 'batch_size': 4, 'hint_rate': 0.492183385491528, 'alpha': 49, 'iterations': 4205, 'learning_rate': 0.06691191871693572, 'p_miss': 0.15959460370750347}. Best is trial 42 with value: 0.24984871204880704.
running
[I 2024-10-23 12:19:02,079] Trial 50 finished with value: 0.2501292686944171 and parameters: {'model_name': 'KNNImputer', 'n_neighbors': 3501, 'weights': 'uniform'}. Best is trial 42 with value: 0.24984871204880704.
running
[I 2024-10-23 12:19:06,831] Trial 51 finished with value: 0.2498707092916736 and parameters: {'model_name': 'KNNImputer', 'n_neighbors': 1709, 'weights': 'uniform'}. Best is trial 42 with value: 0.24984871204880704.
running
[I 2024-10-23 12:19:11,363] Trial 52 finished with value: 0.249876622154639 and parameters: {'model_name': 'KNNImputer', 'n_neighbors': 1787, 'weights': 'uniform'}. Best is trial 42 with value: 0.24984871204880704.
running
[I 2024-10-23 12:33:59,395] Trial 19 finished with value: 0.25888793201732535 and parameters: {'model_name': 'IterativeImputer', 'estimator': 'RFR', 'initial_strategy': 'mean', 'n_nearest_features': 5, 'imputation_order': 'roman'}. Best is trial 42 with value: 0.24984871204880704.
running
[I 2024-10-23 12:36:11,974] Trial 1 finished with value: 0.2567499645520325 and parameters: {'model_name': 'IterativeImputer', 'estimator': 'RFR', 'initial_strategy': 'median', 'n_nearest_features': 6, 'imputation_order': 'ascending'}. Best is trial 42 with value: 0.24984871204880704.
running
[I 2024-10-23 12:38:54,287] Trial 25 finished with value: 0.4819336647888905 and parameters: {'model_name': 'GAIN', 'batch_size': 267, 'hint_rate': 0.5034417452329775, 'alpha': 44, 'iterations': 1433, 'learning_rate': 0.00014807830678993978, 'p_miss': 0.11423239331038948}. Best is trial 42 with value: 0.24984871204880704.
running
[I 2024-10-23 12:38:59,200] Trial 56 finished with value: 0.2498510591454151 and parameters: {'model_name': 'KNNImputer', 'n_neighbors': 1774, 'weights': 'uniform'}. Best is trial 42 with value: 0.24984871204880704.
running
[I 2024-10-23 12:39:04,039] Trial 57 finished with value: 0.2498672475724438 and parameters: {'model_name': 'KNNImputer', 'n_neighbors': 1750, 'weights': 'uniform'}. Best is trial 42 with value: 0.24984871204880704.
running
[I 2024-10-23 12:39:08,930] Trial 58 finished with value: 0.2500386553309684 and parameters: {'model_name': 'KNNImputer', 'n_neighbors': 3107, 'weights': 'uniform'}. Best is trial 42 with value: 0.24984871204880704.
running
[I 2024-10-23 12:39:12,325] Trial 59 finished with value: 0.250420306206768 and parameters: {'model_name': 'KNNImputer', 'n_neighbors': 305, 'weights': 'uniform'}. Best is trial 42 with value: 0.24984871204880704.
running
[I 2024-10-23 12:40:04,976] Trial 14 finished with value: 0.2568764121951171 and parameters: {'model_name': 'IterativeImputer', 'estimator': 'RFR', 'initial_strategy': 'constant', 'n_nearest_features': 7, 'imputation_order': 'arabic'}. Best is trial 42 with value: 0.24984871204880704.
running
[I 2024-10-23 13:08:15,379] Trial 60 finished with value: 0.2533096783035277 and parameters: {'model_name': 'VAE', 'batch_size': 49, 'iterations': 437, 'learning_rate': 0.02093121336565615, 'p_miss': 0.01366662930869933}. Best is trial 42 with value: 0.24984871204880704.
running
[I 2024-10-23 13:08:20,237] Trial 62 finished with value: 0.24986381956709353 and parameters: {'model_name': 'KNNImputer', 'n_neighbors': 1727, 'weights': 'uniform'}. Best is trial 42 with value: 0.24984871204880704.
running
[I 2024-10-23 13:08:25,679] Trial 63 finished with value: 0.25000308068608723 and parameters: {'model_name': 'KNNImputer', 'n_neighbors': 2454, 'weights': 'uniform'}. Best is trial 42 with value: 0.24984871204880704.
running
[I 2024-10-23 13:08:47,523] Trial 64 finished with value: 0.4795853458246981 and parameters: {'model_name': 'GAIN', 'batch_size': 825, 'hint_rate': 0.9463601649146858, 'alpha': 94, 'iterations': 9, 'learning_rate': 0.015822892526919954, 'p_miss': 0.06526525376155139}. Best is trial 42 with value: 0.24984871204880704.
running
[I 2024-10-23 13:08:48,374] Trial 65 finished with value: 0.2543436393275472 and parameters: {'model_name': 'SimpleImputer', 'strategy': 'median'}. Best is trial 42 with value: 0.24984871204880704.
running
[I 2024-10-23 13:08:53,898] Trial 66 finished with value: 0.24987193752591214 and parameters: {'model_name': 'KNNImputer', 'n_neighbors': 1702, 'weights': 'uniform'}. Best is trial 42 with value: 0.24984871204880704.
running
[I 2024-10-23 13:08:58,058] Trial 67 finished with value: 0.24991288450126534 and parameters: {'model_name': 'KNNImputer', 'n_neighbors': 1441, 'weights': 'uniform'}. Best is trial 42 with value: 0.24984871204880704.
running
[I 2024-10-23 13:09:02,739] Trial 68 finished with value: 0.24990054720802793 and parameters: {'model_name': 'KNNImputer', 'n_neighbors': 2095, 'weights': 'uniform'}. Best is trial 42 with value: 0.24984871204880704.
running
[I 2024-10-23 13:09:08,131] Trial 69 finished with value: 0.24996642056286475 and parameters: {'model_name': 'KNNImputer', 'n_neighbors': 1467, 'weights': 'distance'}. Best is trial 42 with value: 0.24984871204880704.
running
[I 2024-10-23 13:13:39,555] Trial 61 finished with value: 0.25411161442573016 and parameters: {'model_name': 'VAE', 'batch_size': 938, 'iterations': 385, 'learning_rate': 0.024444071917368394, 'p_miss': 0.03787483178479312}. Best is trial 42 with value: 0.24984871204880704.
running
[I 2024-10-23 13:13:45,661] Trial 71 finished with value: 0.25010578982280224 and parameters: {'model_name': 'KNNImputer', 'n_neighbors': 4344, 'weights': 'uniform'}. Best is trial 42 with value: 0.24984871204880704.
running
[I 2024-10-23 13:14:02,169] Trial 72 finished with value: 0.2744851728149218 and parameters: {'model_name': 'IterativeImputer', 'estimator': 'KNN', 'initial_strategy': 'most_frequent', 'n_nearest_features': 1, 'imputation_order': 'random'}. Best is trial 42 with value: 0.24984871204880704.
running
[I 2024-10-23 13:14:06,556] Trial 73 finished with value: 0.24997944900705465 and parameters: {'model_name': 'KNNImputer', 'n_neighbors': 1219, 'weights': 'uniform'}. Best is trial 42 with value: 0.24984871204880704.
running
[I 2024-10-23 13:14:07,175] Trial 74 finished with value: 0.2543436393275472 and parameters: {'model_name': 'SimpleImputer', 'strategy': 'median'}. Best is trial 42 with value: 0.24984871204880704.
running
[I 2024-10-23 13:26:36,867] Trial 55 finished with value: inf and parameters: {'model_name': 'GAIN', 'batch_size': 74, 'hint_rate': 0.9600617845673196, 'alpha': 100, 'iterations': 8774, 'learning_rate': 0.024261986004954304, 'p_miss': 0.013180028714157271}. Best is trial 42 with value: 0.24984871204880704.
running
[I 2024-10-23 13:26:41,878] Trial 76 finished with value: 0.24989346910499388 and parameters: {'model_name': 'KNNImputer', 'n_neighbors': 1830, 'weights': 'uniform'}. Best is trial 42 with value: 0.24984871204880704.
running
[I 2024-10-23 13:26:46,401] Trial 77 finished with value: 0.24986964230077277 and parameters: {'model_name': 'KNNImputer', 'n_neighbors': 1760, 'weights': 'uniform'}. Best is trial 42 with value: 0.24984871204880704.
running
[I 2024-10-23 13:26:51,315] Trial 78 finished with value: 0.2500205635157784 and parameters: {'model_name': 'KNNImputer', 'n_neighbors': 2897, 'weights': 'uniform'}. Best is trial 42 with value: 0.24984871204880704.
running
[I 2024-10-23 13:26:58,401] Trial 79 finished with value: 0.24998668776498506 and parameters: {'model_name': 'KNNImputer', 'n_neighbors': 2343, 'weights': 'distance'}. Best is trial 42 with value: 0.24984871204880704.
running
[I 2024-10-23 13:27:02,993] Trial 80 finished with value: 0.249874300911589 and parameters: {'model_name': 'KNNImputer', 'n_neighbors': 1509, 'weights': 'uniform'}. Best is trial 42 with value: 0.24984871204880704.
running
[I 2024-10-23 13:27:24,337] Trial 81 finished with value: 0.30414193912306353 and parameters: {'model_name': 'VAE', 'batch_size': 2, 'iterations': 5, 'learning_rate': 0.005971059340138351, 'p_miss': 0.2807549456951861}. Best is trial 42 with value: 0.24984871204880704.
running
[I 2024-10-23 13:27:28,228] Trial 82 finished with value: 0.24997141904726977 and parameters: {'model_name': 'KNNImputer', 'n_neighbors': 491, 'weights': 'uniform'}. Best is trial 42 with value: 0.24984871204880704.
running
[I 2024-10-23 13:28:06,652] Trial 83 finished with value: 0.2501148970992237 and parameters: {'model_name': 'IterativeImputer', 'estimator': 'Bayesian', 'initial_strategy': 'mean', 'n_nearest_features': 2, 'imputation_order': 'random', 'sample_posterior': False}. Best is trial 42 with value: 0.24984871204880704.
running
[I 2024-10-23 13:28:11,922] Trial 84 finished with value: 0.25002860631096047 and parameters: {'model_name': 'KNNImputer', 'n_neighbors': 2762, 'weights': 'uniform'}. Best is trial 42 with value: 0.24984871204880704.
running
[I 2024-10-23 13:28:15,926] Trial 85 finished with value: 0.2499451288924237 and parameters: {'model_name': 'KNNImputer', 'n_neighbors': 1076, 'weights': 'uniform'}. Best is trial 42 with value: 0.24984871204880704.
running
[I 2024-10-23 13:28:21,194] Trial 86 finished with value: 0.24987455508097006 and parameters: {'model_name': 'KNNImputer', 'n_neighbors': 1755, 'weights': 'uniform'}. Best is trial 42 with value: 0.24984871204880704.
running
[I 2024-10-23 13:28:25,934] Trial 87 finished with value: 0.24987953688210185 and parameters: {'model_name': 'KNNImputer', 'n_neighbors': 2067, 'weights': 'uniform'}. Best is trial 42 with value: 0.24984871204880704.
running
[I 2024-10-23 13:28:31,023] Trial 88 finished with value: 0.24992099521876857 and parameters: {'model_name': 'KNNImputer', 'n_neighbors': 2265, 'weights': 'uniform'}. Best is trial 42 with value: 0.24984871204880704.
running
[I 2024-10-23 13:28:35,631] Trial 89 finished with value: 0.25020305917373975 and parameters: {'model_name': 'KNNImputer', 'n_neighbors': 644, 'weights': 'distance'}. Best is trial 42 with value: 0.24984871204880704.
running
[I 2024-10-23 13:28:40,275] Trial 90 finished with value: 0.24996460255160174 and parameters: {'model_name': 'KNNImputer', 'n_neighbors': 1260, 'weights': 'uniform'}. Best is trial 42 with value: 0.24984871204880704.
running
[I 2024-10-23 13:28:45,003] Trial 91 finished with value: 0.24986636401606238 and parameters: {'model_name': 'KNNImputer', 'n_neighbors': 1674, 'weights': 'uniform'}. Best is trial 42 with value: 0.24984871204880704.
running
[I 2024-10-23 13:28:45,834] Trial 92 finished with value: 0.4900802644637136 and parameters: {'model_name': 'SimpleImputer', 'strategy': 'most_frequent'}. Best is trial 42 with value: 0.24984871204880704.
running
[I 2024-10-23 14:05:39,932] Trial 93 finished with value: 0.4907401561664472 and parameters: {'model_name': 'GAIN', 'batch_size': 44, 'hint_rate': 0.5913964023244639, 'alpha': 0, 'iterations': 1344, 'learning_rate': 0.0030285508882160164, 'p_miss': 0.09818791252082065}. Best is trial 42 with value: 0.24984871204880704.
running
[I 2024-10-23 14:05:43,927] Trial 94 finished with value: 0.2499449334359305 and parameters: {'model_name': 'KNNImputer', 'n_neighbors': 906, 'weights': 'uniform'}. Best is trial 42 with value: 0.24984871204880704.
running
[I 2024-10-23 14:05:48,933] Trial 95 finished with value: 0.24987559258694833 and parameters: {'model_name': 'KNNImputer', 'n_neighbors': 1607, 'weights': 'uniform'}. Best is trial 42 with value: 0.24984871204880704.
running
[I 2024-10-23 14:05:54,321] Trial 96 finished with value: 0.24989459694101984 and parameters: {'model_name': 'KNNImputer', 'n_neighbors': 1922, 'weights': 'uniform'}. Best is trial 42 with value: 0.24984871204880704.
running
[I 2024-10-23 14:05:59,056] Trial 97 finished with value: 0.24993390580245886 and parameters: {'model_name': 'KNNImputer', 'n_neighbors': 1379, 'weights': 'uniform'}. Best is trial 42 with value: 0.24984871204880704.
running
[I 2024-10-23 14:06:03,826] Trial 98 finished with value: 0.2498654911321208 and parameters: {'model_name': 'KNNImputer', 'n_neighbors': 1697, 'weights': 'uniform'}. Best is trial 42 with value: 0.24984871204880704.
running
[I 2024-10-23 14:06:09,780] Trial 99 finished with value: 0.24992364058353025 and parameters: {'model_name': 'KNNImputer', 'n_neighbors': 2217, 'weights': 'uniform'}. Best is trial 42 with value: 0.24984871204880704.
running
[I 2024-10-23 14:06:15,121] Trial 100 finished with value: 0.24983990092119437 and parameters: {'model_name': 'KNNImputer', 'n_neighbors': 1580, 'weights': 'uniform'}. Best is trial 100 with value: 0.24983990092119437.
running
[I 2024-10-23 14:06:20,535] Trial 101 finished with value: 0.24990239400348796 and parameters: {'model_name': 'KNNImputer', 'n_neighbors': 1158, 'weights': 'uniform'}. Best is trial 100 with value: 0.24983990092119437.
running
[I 2024-10-23 14:08:41,508] Trial 102 finished with value: 0.25519178524746666 and parameters: {'model_name': 'VAE', 'batch_size': 26, 'iterations': 34, 'learning_rate': 0.007355852800229909, 'p_miss': 0.295483745723501}. Best is trial 100 with value: 0.24983990092119437.
running
[I 2024-10-23 14:08:46,517] Trial 103 finished with value: 0.25003329725878143 and parameters: {'model_name': 'KNNImputer', 'n_neighbors': 2572, 'weights': 'uniform'}. Best is trial 100 with value: 0.24983990092119437.
running
[I 2024-10-23 14:09:05,451] Trial 104 finished with value: 0.2786306716407019 and parameters: {'model_name': 'IterativeImputer', 'estimator': 'KNN', 'initial_strategy': 'most_frequent', 'n_nearest_features': 2, 'imputation_order': 'descending'}. Best is trial 100 with value: 0.24983990092119437.
running
[I 2024-10-23 14:09:10,875] Trial 105 finished with value: 0.24995358631421544 and parameters: {'model_name': 'KNNImputer', 'n_neighbors': 1644, 'weights': 'distance'}. Best is trial 100 with value: 0.24983990092119437.
running
[I 2024-10-23 14:09:15,640] Trial 106 finished with value: 0.24987559258694833 and parameters: {'model_name': 'KNNImputer', 'n_neighbors': 1607, 'weights': 'uniform'}. Best is trial 100 with value: 0.24983990092119437.
running
[I 2024-10-23 14:09:20,716] Trial 107 finished with value: 0.24990049373916787 and parameters: {'model_name': 'KNNImputer', 'n_neighbors': 1986, 'weights': 'uniform'}. Best is trial 100 with value: 0.24983990092119437.
running
[I 2024-10-23 14:09:25,646] Trial 108 finished with value: 0.2498609008822324 and parameters: {'model_name': 'KNNImputer', 'n_neighbors': 1767, 'weights': 'uniform'}. Best is trial 100 with value: 0.24983990092119437.
running
[I 2024-10-23 14:09:30,230] Trial 109 finished with value: 0.24997186050562398 and parameters: {'model_name': 'KNNImputer', 'n_neighbors': 1289, 'weights': 'uniform'}. Best is trial 100 with value: 0.24983990092119437.
running
[I 2024-10-23 14:09:35,156] Trial 110 finished with value: 0.24990043836616346 and parameters: {'model_name': 'KNNImputer', 'n_neighbors': 1985, 'weights': 'uniform'}. Best is trial 100 with value: 0.24983990092119437.
running
[I 2024-10-23 14:10:45,594] Trial 111 finished with value: inf and parameters: {'model_name': 'GAIN', 'batch_size': 3, 'hint_rate': 0.3084545547472829, 'alpha': 74, 'iterations': 215, 'learning_rate': 0.08046436140333582, 'p_miss': 0.07719382193111393}. Best is trial 100 with value: 0.24983990092119437.
running
[I 2024-10-23 14:10:50,463] Trial 112 finished with value: 0.2499299235238382 and parameters: {'model_name': 'KNNImputer', 'n_neighbors': 2234, 'weights': 'uniform'}. Best is trial 100 with value: 0.24983990092119437.
running
[I 2024-10-23 14:10:54,850] Trial 113 finished with value: 0.24994972896872247 and parameters: {'model_name': 'KNNImputer', 'n_neighbors': 912, 'weights': 'uniform'}. Best is trial 100 with value: 0.24983990092119437.
running
[I 2024-10-23 14:10:59,878] Trial 114 finished with value: 0.24984679669628213 and parameters: {'model_name': 'KNNImputer', 'n_neighbors': 1780, 'weights': 'uniform'}. Best is trial 100 with value: 0.24983990092119437.
running
[I 2024-10-23 14:11:00,583] Trial 115 finished with value: 0.2543436393275472 and parameters: {'model_name': 'SimpleImputer', 'strategy': 'median'}. Best is trial 100 with value: 0.24983990092119437.
running
[I 2024-10-23 14:11:05,577] Trial 116 finished with value: 0.24986731536335793 and parameters: {'model_name': 'KNNImputer', 'n_neighbors': 1748, 'weights': 'uniform'}. Best is trial 100 with value: 0.24983990092119437.
running
[I 2024-10-23 14:11:10,431] Trial 117 finished with value: 0.24988064554270845 and parameters: {'model_name': 'KNNImputer', 'n_neighbors': 1465, 'weights': 'uniform'}. Best is trial 100 with value: 0.24983990092119437.
running
[I 2024-10-23 14:11:15,520] Trial 118 finished with value: 0.2498667567671204 and parameters: {'model_name': 'KNNImputer', 'n_neighbors': 1818, 'weights': 'uniform'}. Best is trial 100 with value: 0.24983990092119437.
running
[I 2024-10-23 14:11:20,356] Trial 119 finished with value: 0.24991920165248813 and parameters: {'model_name': 'KNNImputer', 'n_neighbors': 1977, 'weights': 'uniform'}. Best is trial 100 with value: 0.24983990092119437.
running
[I 2024-10-23 14:11:24,931] Trial 120 finished with value: 0.24986856579983668 and parameters: {'model_name': 'KNNImputer', 'n_neighbors': 1611, 'weights': 'uniform'}. Best is trial 100 with value: 0.24983990092119437.
running
[I 2024-10-23 14:11:31,147] Trial 121 finished with value: 0.2500817405548693 and parameters: {'model_name': 'KNNImputer', 'n_neighbors': 4584, 'weights': 'uniform'}. Best is trial 100 with value: 0.24983990092119437.
running
[I 2024-10-23 14:11:35,776] Trial 122 finished with value: 0.2499044623641383 and parameters: {'model_name': 'KNNImputer', 'n_neighbors': 1114, 'weights': 'uniform'}. Best is trial 100 with value: 0.24983990092119437.
running
[I 2024-10-23 14:11:41,222] Trial 123 finished with value: 0.2500070949366169 and parameters: {'model_name': 'KNNImputer', 'n_neighbors': 2475, 'weights': 'uniform'}. Best is trial 100 with value: 0.24983990092119437.
running
[I 2024-10-23 14:57:07,032] Trial 24 finished with value: 0.5003013888594022 and parameters: {'model_name': 'GAIN', 'batch_size': 90, 'hint_rate': 0.9203615372566092, 'alpha': 70, 'iterations': 6594, 'learning_rate': 0.0007126106840033139, 'p_miss': 0.29736499477445005}. Best is trial 100 with value: 0.24983990092119437.
running
[I 2024-10-23 15:14:33,617] Trial 49 finished with value: 0.4879632412930496 and parameters: {'model_name': 'GAIN', 'batch_size': 773, 'hint_rate': 0.8486189846169302, 'alpha': 0, 'iterations': 5952, 'learning_rate': 0.08495142691813488, 'p_miss': 0.020270881696897836}. Best is trial 100 with value: 0.24983990092119437.
running
[I 2024-10-23 15:14:38,169] Trial 126 finished with value: 0.24987452606846058 and parameters: {'model_name': 'KNNImputer', 'n_neighbors': 1666, 'weights': 'uniform'}. Best is trial 100 with value: 0.24983990092119437.
running
[I 2024-10-23 15:14:42,636] Trial 127 finished with value: 0.2498864019259937 and parameters: {'model_name': 'KNNImputer', 'n_neighbors': 1836, 'weights': 'uniform'}. Best is trial 100 with value: 0.24983990092119437.
running
[I 2024-10-23 15:14:46,707] Trial 128 finished with value: 0.2499172253430638 and parameters: {'model_name': 'KNNImputer', 'n_neighbors': 1419, 'weights': 'uniform'}. Best is trial 100 with value: 0.24983990092119437.
running
[I 2024-10-23 15:14:51,893] Trial 129 finished with value: 0.24990870827191233 and parameters: {'model_name': 'KNNImputer', 'n_neighbors': 2119, 'weights': 'uniform'}. Best is trial 100 with value: 0.24983990092119437.
running
[I 2024-10-23 15:30:01,274] Trial 124 finished with value: 0.2544285438071118 and parameters: {'model_name': 'VAE', 'batch_size': 89, 'iterations': 1487, 'learning_rate': 0.0011609902209847348, 'p_miss': 0.15037840608096711}. Best is trial 100 with value: 0.24983990092119437.
running
[I 2024-10-23 15:30:05,197] Trial 131 finished with value: 0.24982292917615898 and parameters: {'model_name': 'KNNImputer', 'n_neighbors': 1574, 'weights': 'uniform'}. Best is trial 131 with value: 0.24982292917615898.
running
[I 2024-10-23 15:30:55,531] Trial 132 finished with value: 0.36584308362092216 and parameters: {'model_name': 'IterativeImputer', 'estimator': 'Bayesian', 'initial_strategy': 'constant', 'n_nearest_features': 8, 'imputation_order': 'arabic', 'sample_posterior': True}. Best is trial 131 with value: 0.24982292917615898.
running
[I 2024-10-23 15:31:01,094] Trial 133 finished with value: 0.24988388011778567 and parameters: {'model_name': 'KNNImputer', 'n_neighbors': 1887, 'weights': 'uniform'}. Best is trial 131 with value: 0.24982292917615898.
running
[I 2024-10-23 15:31:05,506] Trial 134 finished with value: 0.24992249803624028 and parameters: {'model_name': 'KNNImputer', 'n_neighbors': 1333, 'weights': 'uniform'}. Best is trial 131 with value: 0.24982292917615898.
running
[I 2024-10-23 15:31:10,084] Trial 135 finished with value: 0.2502026174554695 and parameters: {'model_name': 'KNNImputer', 'n_neighbors': 710, 'weights': 'distance'}. Best is trial 131 with value: 0.24982292917615898.
running
[I 2024-10-23 15:31:14,735] Trial 136 finished with value: 0.24981552693585646 and parameters: {'model_name': 'KNNImputer', 'n_neighbors': 1568, 'weights': 'uniform'}. Best is trial 136 with value: 0.24981552693585646.
running
[I 2024-10-23 15:31:19,992] Trial 137 finished with value: 0.24984971991391958 and parameters: {'model_name': 'KNNImputer', 'n_neighbors': 1550, 'weights': 'uniform'}. Best is trial 136 with value: 0.24981552693585646.
running
[I 2024-10-23 15:31:24,885] Trial 138 finished with value: 0.24984971991391958 and parameters: {'model_name': 'KNNImputer', 'n_neighbors': 1550, 'weights': 'uniform'}. Best is trial 136 with value: 0.24981552693585646.
running
[I 2024-10-23 15:31:29,384] Trial 139 finished with value: 0.2498753190626864 and parameters: {'model_name': 'KNNImputer', 'n_neighbors': 1512, 'weights': 'uniform'}. Best is trial 136 with value: 0.24981552693585646.
running
[I 2024-10-23 15:31:33,415] Trial 140 finished with value: 0.2498839833869296 and parameters: {'model_name': 'KNNImputer', 'n_neighbors': 1140, 'weights': 'uniform'}. Best is trial 136 with value: 0.24981552693585646.
running
[I 2024-10-23 15:31:37,691] Trial 141 finished with value: 0.24991798363174764 and parameters: {'model_name': 'KNNImputer', 'n_neighbors': 1337, 'weights': 'uniform'}. Best is trial 136 with value: 0.24981552693585646.
running
[I 2024-10-23 15:31:42,316] Trial 142 finished with value: 0.2498601206337346 and parameters: {'model_name': 'KNNImputer', 'n_neighbors': 1538, 'weights': 'uniform'}. Best is trial 136 with value: 0.24981552693585646.
running
[I 2024-10-23 15:31:43,277] Trial 143 finished with value: 0.4900802644637136 and parameters: {'model_name': 'SimpleImputer', 'strategy': 'most_frequent'}. Best is trial 136 with value: 0.24981552693585646.
running
[I 2024-10-23 15:31:48,104] Trial 144 finished with value: 0.24986359609360592 and parameters: {'model_name': 'KNNImputer', 'n_neighbors': 1537, 'weights': 'uniform'}. Best is trial 136 with value: 0.24981552693585646.
running
[I 2024-10-23 15:31:52,413] Trial 145 finished with value: 0.2498925417584 and parameters: {'model_name': 'KNNImputer', 'n_neighbors': 1459, 'weights': 'uniform'}. Best is trial 136 with value: 0.24981552693585646.
running
[I 2024-10-23 15:31:57,329] Trial 146 finished with value: 0.2498295082229725 and parameters: {'model_name': 'KNNImputer', 'n_neighbors': 1577, 'weights': 'uniform'}. Best is trial 136 with value: 0.24981552693585646.
running
[I 2024-10-23 15:32:01,598] Trial 147 finished with value: 0.24989617806117792 and parameters: {'model_name': 'KNNImputer', 'n_neighbors': 1003, 'weights': 'uniform'}. Best is trial 136 with value: 0.24981552693585646.
running
[I 2024-10-23 15:32:06,373] Trial 148 finished with value: 0.24984368818049324 and parameters: {'model_name': 'KNNImputer', 'n_neighbors': 1554, 'weights': 'uniform'}. Best is trial 136 with value: 0.24981552693585646.
running
[I 2024-10-23 15:32:11,120] Trial 149 finished with value: 0.24984368818049324 and parameters: {'model_name': 'KNNImputer', 'n_neighbors': 1554, 'weights': 'uniform'}. Best is trial 136 with value: 0.24981552693585646.
running
[I 2024-10-23 15:32:15,303] Trial 150 finished with value: 0.24997610887468896 and parameters: {'model_name': 'KNNImputer', 'n_neighbors': 1227, 'weights': 'uniform'}. Best is trial 136 with value: 0.24981552693585646.
running
[I 2024-10-23 15:32:20,277] Trial 151 finished with value: 0.24987195888392813 and parameters: {'model_name': 'KNNImputer', 'n_neighbors': 1591, 'weights': 'uniform'}. Best is trial 136 with value: 0.24981552693585646.
running
[I 2024-10-23 15:32:25,789] Trial 152 finished with value: 0.24991300939340108 and parameters: {'model_name': 'KNNImputer', 'n_neighbors': 2116, 'weights': 'uniform'}. Best is trial 136 with value: 0.24981552693585646.
running
[I 2024-10-23 15:32:30,309] Trial 153 finished with value: 0.24992458374705456 and parameters: {'model_name': 'KNNImputer', 'n_neighbors': 1367, 'weights': 'uniform'}. Best is trial 136 with value: 0.24981552693585646.
running
[I 2024-10-23 15:32:35,282] Trial 154 finished with value: 0.2498962136305524 and parameters: {'model_name': 'KNNImputer', 'n_neighbors': 1905, 'weights': 'uniform'}. Best is trial 136 with value: 0.24981552693585646.
running
[I 2024-10-23 15:32:46,644] Trial 155 finished with value: 0.32262928502870064 and parameters: {'model_name': 'VAE', 'batch_size': 17, 'iterations': 3, 'learning_rate': 0.00012563583755757397, 'p_miss': 0.05667681451001372}. Best is trial 136 with value: 0.24981552693585646.
running
[I 2024-10-23 15:32:51,564] Trial 156 finished with value: 0.24991125968680375 and parameters: {'model_name': 'KNNImputer', 'n_neighbors': 1417, 'weights': 'uniform'}. Best is trial 136 with value: 0.24981552693585646.
running
[I 2024-10-23 15:32:56,241] Trial 157 finished with value: 0.24986104113059526 and parameters: {'model_name': 'KNNImputer', 'n_neighbors': 1547, 'weights': 'uniform'}. Best is trial 136 with value: 0.24981552693585646.
running
[I 2024-10-23 15:33:01,049] Trial 158 finished with value: 0.24984403912581588 and parameters: {'model_name': 'KNNImputer', 'n_neighbors': 1551, 'weights': 'uniform'}. Best is trial 136 with value: 0.24981552693585646.
running
[I 2024-10-23 15:33:05,600] Trial 159 finished with value: 0.2499527537277353 and parameters: {'model_name': 'KNNImputer', 'n_neighbors': 1242, 'weights': 'uniform'}. Best is trial 136 with value: 0.24981552693585646.
running
[I 2024-10-23 15:33:10,864] Trial 160 finished with value: 0.2499418571852834 and parameters: {'model_name': 'KNNImputer', 'n_neighbors': 1531, 'weights': 'distance'}. Best is trial 136 with value: 0.24981552693585646.
running
[I 2024-10-23 15:33:50,106] Trial 161 finished with value: 0.4612773075866253 and parameters: {'model_name': 'GAIN', 'batch_size': 389, 'hint_rate': 0.7061040689628761, 'alpha': 31, 'iterations': 20, 'learning_rate': 0.006953361050197945, 'p_miss': 0.26414338604880705}. Best is trial 136 with value: 0.24981552693585646.
running
[I 2024-10-23 15:33:54,648] Trial 162 finished with value: 0.24992804114255734 and parameters: {'model_name': 'KNNImputer', 'n_neighbors': 1051, 'weights': 'uniform'}. Best is trial 136 with value: 0.24981552693585646.
running
[I 2024-10-23 15:34:13,997] Trial 163 finished with value: 0.2769704271223297 and parameters: {'model_name': 'IterativeImputer', 'estimator': 'KNN', 'initial_strategy': 'mean', 'n_nearest_features': 3, 'imputation_order': 'roman'}. Best is trial 136 with value: 0.24981552693585646.
running
[I 2024-10-23 15:34:18,482] Trial 164 finished with value: 0.24986980581256207 and parameters: {'model_name': 'KNNImputer', 'n_neighbors': 1792, 'weights': 'uniform'}. Best is trial 136 with value: 0.24981552693585646.
running
[I 2024-10-23 15:34:23,643] Trial 165 finished with value: 0.24986037756835736 and parameters: {'model_name': 'KNNImputer', 'n_neighbors': 1695, 'weights': 'uniform'}. Best is trial 136 with value: 0.24981552693585646.
running
[I 2024-10-23 15:34:28,719] Trial 166 finished with value: 0.24987195888392813 and parameters: {'model_name': 'KNNImputer', 'n_neighbors': 1591, 'weights': 'uniform'}. Best is trial 136 with value: 0.24981552693585646.
running
[I 2024-10-23 15:34:33,584] Trial 167 finished with value: 0.2499033776243788 and parameters: {'model_name': 'KNNImputer', 'n_neighbors': 1926, 'weights': 'uniform'}. Best is trial 136 with value: 0.24981552693585646.
running
[I 2024-10-23 15:34:38,697] Trial 168 finished with value: 0.24988297546360339 and parameters: {'model_name': 'KNNImputer', 'n_neighbors': 1715, 'weights': 'uniform'}. Best is trial 136 with value: 0.24981552693585646.
running
[I 2024-10-23 15:34:43,133] Trial 169 finished with value: 0.24995198094011215 and parameters: {'model_name': 'KNNImputer', 'n_neighbors': 1312, 'weights': 'uniform'}. Best is trial 136 with value: 0.24981552693585646.
running
[I 2024-10-23 15:34:48,625] Trial 170 finished with value: 0.24990164773906742 and parameters: {'model_name': 'KNNImputer', 'n_neighbors': 2088, 'weights': 'uniform'}. Best is trial 136 with value: 0.24981552693585646.
running
[I 2024-10-23 15:34:52,923] Trial 171 finished with value: 0.24987988338494707 and parameters: {'model_name': 'KNNImputer', 'n_neighbors': 1495, 'weights': 'uniform'}. Best is trial 136 with value: 0.24981552693585646.
running
[I 2024-10-23 15:34:57,542] Trial 172 finished with value: 0.24984792429748065 and parameters: {'model_name': 'KNNImputer', 'n_neighbors': 1684, 'weights': 'uniform'}. Best is trial 136 with value: 0.24981552693585646.
running
[I 2024-10-23 15:35:02,292] Trial 173 finished with value: 0.2498810377850095 and parameters: {'model_name': 'KNNImputer', 'n_neighbors': 1809, 'weights': 'uniform'}. Best is trial 136 with value: 0.24981552693585646.
running
[I 2024-10-23 15:35:06,789] Trial 174 finished with value: 0.2498845540153028 and parameters: {'model_name': 'KNNImputer', 'n_neighbors': 1716, 'weights': 'uniform'}. Best is trial 136 with value: 0.24981552693585646.
running
[I 2024-10-23 15:35:07,233] Trial 175 finished with value: 0.4900802644637136 and parameters: {'model_name': 'SimpleImputer', 'strategy': 'constant'}. Best is trial 136 with value: 0.24981552693585646.
running
[I 2024-10-23 15:35:12,152] Trial 176 finished with value: 0.2498695884339997 and parameters: {'model_name': 'KNNImputer', 'n_neighbors': 1617, 'weights': 'uniform'}. Best is trial 136 with value: 0.24981552693585646.
running
[I 2024-10-23 15:35:16,374] Trial 177 finished with value: 0.24994059591574733 and parameters: {'model_name': 'KNNImputer', 'n_neighbors': 1375, 'weights': 'uniform'}. Best is trial 136 with value: 0.24981552693585646.
running
[I 2024-10-23 15:35:21,327] Trial 178 finished with value: 0.2499064488511391 and parameters: {'model_name': 'KNNImputer', 'n_neighbors': 1950, 'weights': 'uniform'}. Best is trial 136 with value: 0.24981552693585646.
running
[I 2024-10-23 15:35:25,961] Trial 179 finished with value: 0.2501186846487621 and parameters: {'model_name': 'KNNImputer', 'n_neighbors': 5499, 'weights': 'uniform'}. Best is trial 136 with value: 0.24981552693585646.
running
[I 2024-10-23 15:35:30,864] Trial 180 finished with value: 0.24997819990707493 and parameters: {'model_name': 'KNNImputer', 'n_neighbors': 1208, 'weights': 'uniform'}. Best is trial 136 with value: 0.24981552693585646.
running
[I 2024-10-23 15:35:35,404] Trial 181 finished with value: 0.24982973686965324 and parameters: {'model_name': 'KNNImputer', 'n_neighbors': 1556, 'weights': 'uniform'}. Best is trial 136 with value: 0.24981552693585646.
running
[I 2024-10-23 15:35:40,074] Trial 182 finished with value: 0.2498923334708425 and parameters: {'model_name': 'KNNImputer', 'n_neighbors': 1831, 'weights': 'uniform'}. Best is trial 136 with value: 0.24981552693585646.
running
[I 2024-10-23 15:35:45,200] Trial 183 finished with value: 0.24986986811319092 and parameters: {'model_name': 'KNNImputer', 'n_neighbors': 1660, 'weights': 'uniform'}. Best is trial 136 with value: 0.24981552693585646.
running
[I 2024-10-23 15:35:52,192] Trial 184 finished with value: 0.24997145875281115 and parameters: {'model_name': 'KNNImputer', 'n_neighbors': 2321, 'weights': 'distance'}. Best is trial 136 with value: 0.24981552693585646.
running
[I 2024-10-23 15:35:57,856] Trial 185 finished with value: 0.2501264764916745 and parameters: {'model_name': 'KNNImputer', 'n_neighbors': 3581, 'weights': 'uniform'}. Best is trial 136 with value: 0.24981552693585646.
running
[I 2024-10-23 15:36:02,047] Trial 186 finished with value: 0.24981483295736884 and parameters: {'model_name': 'KNNImputer', 'n_neighbors': 1567, 'weights': 'uniform'}. Best is trial 186 with value: 0.24981483295736884.
running
[I 2024-10-23 15:36:06,617] Trial 187 finished with value: 0.2499106644449872 and parameters: {'model_name': 'KNNImputer', 'n_neighbors': 1443, 'weights': 'uniform'}. Best is trial 186 with value: 0.24981483295736884.
running
[I 2024-10-23 15:36:11,569] Trial 188 finished with value: 0.2498672475724438 and parameters: {'model_name': 'KNNImputer', 'n_neighbors': 1750, 'weights': 'uniform'}. Best is trial 186 with value: 0.24981483295736884.
running
[I 2024-10-23 15:36:15,939] Trial 189 finished with value: 0.2498649616847895 and parameters: {'model_name': 'KNNImputer', 'n_neighbors': 1544, 'weights': 'uniform'}. Best is trial 186 with value: 0.24981483295736884.
running
[I 2024-10-23 15:36:19,038] Trial 190 finished with value: 0.252828614835781 and parameters: {'model_name': 'KNNImputer', 'n_neighbors': 84, 'weights': 'uniform'}. Best is trial 186 with value: 0.24981483295736884.
running
[I 2024-10-23 15:36:23,865] Trial 191 finished with value: 0.2498773149640237 and parameters: {'model_name': 'KNNImputer', 'n_neighbors': 2041, 'weights': 'uniform'}. Best is trial 186 with value: 0.24981483295736884.
running
[I 2024-10-23 16:11:58,818] Trial 48 finished with value: 0.4807537202696902 and parameters: {'model_name': 'GAIN', 'batch_size': 618, 'hint_rate': 0.98912185477098, 'alpha': 1, 'iterations': 8014, 'learning_rate': 0.09708906990203527, 'p_miss': 0.0755592611131816}. Best is trial 186 with value: 0.24981483295736884.
running
[I 2024-10-23 16:12:03,373] Trial 193 finished with value: 0.24995011923869423 and parameters: {'model_name': 'KNNImputer', 'n_neighbors': 1359, 'weights': 'uniform'}. Best is trial 186 with value: 0.24981483295736884.
running
[I 2024-10-23 16:13:12,906] Trial 75 finished with value: 0.4901445846728083 and parameters: {'model_name': 'GAIN', 'batch_size': 40, 'hint_rate': 0.962352617668573, 'alpha': 0, 'iterations': 6825, 'learning_rate': 0.005588716306210134, 'p_miss': 0.09636963064639986}. Best is trial 186 with value: 0.24981483295736884.
running
[I 2024-10-23 16:24:22,149] Trial 192 finished with value: 0.2545486405190405 and parameters: {'model_name': 'VAE', 'batch_size': 31, 'iterations': 742, 'learning_rate': 0.0018057465339686397, 'p_miss': 0.11828807145176018}. Best is trial 186 with value: 0.24981483295736884.
running
[I 2024-10-23 16:24:26,923] Trial 196 finished with value: 0.24986500875619763 and parameters: {'model_name': 'KNNImputer', 'n_neighbors': 1637, 'weights': 'uniform'}. Best is trial 186 with value: 0.24981483295736884.
running
[I 2024-10-23 16:24:31,323] Trial 197 finished with value: 0.24987564669964585 and parameters: {'model_name': 'KNNImputer', 'n_neighbors': 1511, 'weights': 'uniform'}. Best is trial 186 with value: 0.24981483295736884.
running
[I 2024-10-23 16:24:36,186] Trial 198 finished with value: 0.24987511516104796 and parameters: {'model_name': 'KNNImputer', 'n_neighbors': 1859, 'weights': 'uniform'}. Best is trial 186 with value: 0.24981483295736884.
running
[I 2024-10-23 16:24:40,649] Trial 199 finished with value: 0.24984618292741848 and parameters: {'model_name': 'KNNImputer', 'n_neighbors': 1582, 'weights': 'uniform'}. Best is trial 186 with value: 0.24981483295736884.
[I 2024-10-23 16:47:28,110] Trial 125 finished with value: 0.2572212270357334 and parameters: {'model_name': 'VAE', 'batch_size': 383, 'iterations': 1644, 'learning_rate': 0.00010349936208743152, 'p_miss': 0.16123365883708773}. Best is trial 186 with value: 0.24981483295736884.
[I 2024-10-23 16:51:32,412] Trial 130 finished with value: 0.27861057122312405 and parameters: {'model_name': 'VAE', 'batch_size': 2, 'iterations': 1611, 'learning_rate': 0.00011125496021162868, 'p_miss': 0.1541763564595636}. Best is trial 186 with value: 0.24981483295736884.
[I 2024-10-23 16:52:22,990] Trial 195 finished with value: 0.2880449495406415 and parameters: {'model_name': 'VAE', 'batch_size': 2, 'iterations': 714, 'learning_rate': 0.0017970132826202387, 'p_miss': 0.13875923466127138}. Best is trial 186 with value: 0.24981483295736884.
[I 2024-10-23 16:54:02,243] Trial 194 finished with value: 0.2859851886853266 and parameters: {'model_name': 'VAE', 'batch_size': 2, 'iterations': 625, 'learning_rate': 0.04373008722441484, 'p_miss': 0.2289496267502145}. Best is trial 186 with value: 0.24981483295736884.
[I 2024-10-23 17:53:04,132] Trial 39 finished with value: 0.2542450104905288 and parameters: {'model_name': 'VAE', 'batch_size': 754, 'iterations': 5172, 'learning_rate': 0.09994716899493275, 'p_miss': 0.02542473944251511}. Best is trial 186 with value: 0.24981483295736884.
[I 2024-10-23 18:12:20,624] Trial 53 finished with value: 0.25426574960483117 and parameters: {'model_name': 'VAE', 'batch_size': 58, 'iterations': 7012, 'learning_rate': 0.024480452494698615, 'p_miss': 0.022097535266313473}. Best is trial 186 with value: 0.24981483295736884.
[I 2024-10-23 18:16:31,766] Trial 16 finished with value: 0.3485992470888447 and parameters: {'model_name': 'VAE', 'batch_size': 1, 'iterations': 8441, 'learning_rate': 0.0006859373775710299, 'p_miss': 0.05130038555005928}. Best is trial 186 with value: 0.24981483295736884.
[I 2024-10-23 18:17:09,984] Trial 54 finished with value: 0.25405930099619095 and parameters: {'model_name': 'VAE', 'batch_size': 832, 'iterations': 4781, 'learning_rate': 0.02102677124717635, 'p_miss': 0.016824242685344715}. Best is trial 186 with value: 0.24981483295736884.
[I 2024-10-23 18:36:05,137] Trial 37 finished with value: 0.2544014398061171 and parameters: {'model_name': 'VAE', 'batch_size': 374, 'iterations': 7027, 'learning_rate': 0.06881568819230272, 'p_miss': 0.011138529755025134}. Best is trial 186 with value: 0.24981483295736884.
[I 2024-10-23 19:01:50,517] Trial 70 finished with value: 0.25423056492652946 and parameters: {'model_name': 'VAE', 'batch_size': 46, 'iterations': 8648, 'learning_rate': 0.006862766687905371, 'p_miss': 0.2949887824547567}. Best is trial 186 with value: 0.24981483295736884.
[I 2024-10-23 19:05:35,891] Trial 40 finished with value: 0.25427722655940616 and parameters: {'model_name': 'VAE', 'batch_size': 590, 'iterations': 8546, 'learning_rate': 0.06153093529929457, 'p_miss': 0.014048388824038666}. Best is trial 186 with value: 0.24981483295736884.
[I 2024-10-23 19:10:10,435] Trial 33 finished with value: 0.2543310965449076 and parameters: {'model_name': 'VAE', 'batch_size': 787, 'iterations': 7882, 'learning_rate': 0.03994013675897581, 'p_miss': 0.04271079496663796}. Best is trial 186 with value: 0.24981483295736884.
[I 2024-10-23 19:13:40,864] Trial 43 finished with value: 0.2543541208621988 and parameters: {'model_name': 'VAE', 'batch_size': 682, 'iterations': 9001, 'learning_rate': 0.07657572676317517, 'p_miss': 0.028452559763762902}. Best is trial 186 with value: 0.24981483295736884.
[I 2024-10-23 19:18:07,122] Trial 38 finished with value: 0.2542207353724909 and parameters: {'model_name': 'VAE', 'batch_size': 765, 'iterations': 9895, 'learning_rate': 0.059335307843007716, 'p_miss': 0.011483769818319195}. Best is trial 186 with value: 0.24981483295736884.
[I 2024-10-23 19:21:46,928] Trial 34 finished with value: 0.2541736143647292 and parameters: {'model_name': 'VAE', 'batch_size': 844, 'iterations': 8907, 'learning_rate': 0.09455861110855933, 'p_miss': 0.012931726045686681}. Best is trial 186 with value: 0.24981483295736884.
fit
auto fit
auto transform
0    0
1    0
2    0
3    0
4    0
5    0
6    0
7    0
dtype: int64
0    0
1    0
2    0
3    0
4    0
5    0
6    0
7    0
dtype: int64
0.24981483295736884
{'model_name': 'KNNImputer', 'n_neighbors': 1567, 'weights': 'uniform'}
running experiment 2/3 - Does reconstruction give good automl predictions
Start est fit
Version 0.1.7a0 of tpot2 is outdated. Version 0.1.8a0 was released Tuesday September 17, 2024.
Version 0.1.7a0 of tpot2 is outdated. Version 0.1.8a0 was released Tuesday September 17, 2024.
Version 0.1.7a0 of tpot2 is outdated. Version 0.1.8a0 was released Tuesday September 17, 2024.
Version 0.1.7a0 of tpot2 is outdated. Version 0.1.8a0 was released Tuesday September 17, 2024.
Version 0.1.7a0 of tpot2 is outdated. Version 0.1.8a0 was released Tuesday September 17, 2024.
Version 0.1.7a0 of tpot2 is outdated. Version 0.1.8a0 was released Tuesday September 17, 2024.
Version 0.1.7a0 of tpot2 is outdated. Version 0.1.8a0 was released Tuesday September 17, 2024.
Version 0.1.7a0 of tpot2 is outdated. Version 0.1.8a0 was released Tuesday September 17, 2024.
Version 0.1.7a0 of tpot2 is outdated. Version 0.1.8a0 was released Tuesday September 17, 2024.
Version 0.1.7a0 of tpot2 is outdated. Version 0.1.8a0 was released Tuesday September 17, 2024.
Version 0.1.7a0 of tpot2 is outdated. Version 0.1.8a0 was released Tuesday September 17, 2024.
Version 0.1.7a0 of tpot2 is outdated. Version 0.1.8a0 was released Tuesday September 17, 2024.
Version 0.1.7a0 of tpot2 is outdated. Version 0.1.8a0 was released Tuesday September 17, 2024.
Version 0.1.7a0 of tpot2 is outdated. Version 0.1.8a0 was released Tuesday September 17, 2024.
Version 0.1.7a0 of tpot2 is outdated. Version 0.1.8a0 was released Tuesday September 17, 2024.
Version 0.1.7a0 of tpot2 is outdated. Version 0.1.8a0 was released Tuesday September 17, 2024.
  0%|          | 0/25 [00:00<?, ?it/s]Generation:   0%|          | 0/25 [00:00<?, ?it/s]Generation:  1
Best f1_score score: 0.9006962399925706
Generation:   4%|▍         | 1/25 [01:06<26:45, 66.91s/it]Generation:  2
Best f1_score score: 0.9016336548322433
Generation:   8%|▊         | 2/25 [07:20<1:34:52, 247.50s/it]Generation:  3
Best f1_score score: 0.9016336548322433
Generation:  12%|█▏        | 3/25 [10:41<1:22:54, 226.09s/it]Generation:  4
Best f1_score score: 0.9016336548322433
Generation:  16%|█▌        | 4/25 [11:01<50:42, 144.87s/it]  Generation:  5
Best f1_score score: 0.9016336548322433
Generation:  20%|██        | 5/25 [11:12<32:10, 96.53s/it] Generation:  6
Best f1_score score: 0.9016336548322433
Generation:  24%|██▍       | 6/25 [11:30<22:08, 69.93s/it]Generation:  7
Best f1_score score: 0.9018897116257906
Generation:  28%|██▊       | 7/25 [11:54<16:27, 54.87s/it]Generation:  8
Best f1_score score: 0.9018897116257906
Generation:  32%|███▏      | 8/25 [14:43<25:47, 91.02s/it]Generation:  9
Best f1_score score: 0.9018897116257906
Generation:  36%|███▌      | 9/25 [15:03<18:22, 68.88s/it]Generation:  10
Best f1_score score: 0.9018897116257906
Generation:  40%|████      | 10/25 [15:29<13:54, 55.62s/it]Generation:  11
Best f1_score score: 0.9018897116257906
Generation:  44%|████▍     | 11/25 [15:55<10:50, 46.47s/it]Generation:  12
Best f1_score score: 0.9018897116257906
Generation:  48%|████▊     | 12/25 [16:13<08:13, 37.93s/it]Generation:  13
Best f1_score score: 0.9018897116257906
Generation:  52%|█████▏    | 13/25 [16:29<06:15, 31.27s/it]Generation:  14
Best f1_score score: 0.9018897116257906
Generation:  56%|█████▌    | 14/25 [16:51<05:13, 28.50s/it]Generation:  15
Best f1_score score: 0.9018897116257906
Generation:  60%|██████    | 15/25 [19:56<12:36, 75.65s/it]WARNING THIS INDIVIDUAL CAUSED AND EXCEPTION 
 <tpot2.search_spaces.pipelines.sequential.SequentialPipelineIndividual object at 0x155467872da0> 
 l1_ratio must be specified when penalty is elasticnet. 
 Traceback (most recent call last):
  File "/common/ketrong/tpotexp/tpot2/tpot2/utils/eval_utils.py", line 53, in objective_nan_wrapper
    value = func_timeout.func_timeout(timeout, objective_function, args=[individual], kwargs=objective_kwargs)
  File "/common/ketrong/tpotexp/env/lib/python3.10/site-packages/func_timeout/dafunc.py", line 108, in func_timeout
    raise_exception(exception)
  File "/common/ketrong/tpotexp/env/lib/python3.10/site-packages/func_timeout/py3_raise.py", line 7, in raise_exception
    raise exception[0] from None
  File "/common/ketrong/tpotexp/tpot2/tpot2/tpot_estimator/estimator.py", line 623, in objective_function
    return objective_function_generator(
  File "/common/ketrong/tpotexp/tpot2/tpot2/tpot_estimator/estimator_utils.py", line 55, in objective_function_generator
    cv_obj_scores = cross_val_score_objective(sklearn.base.clone(pipeline),x,y,scorers=scorers, cv=cv , fold=step)
  File "/common/ketrong/tpotexp/tpot2/tpot2/tpot_estimator/cross_val_utils.py", line 28, in cross_val_score_objective
    this_fold_pipeline.fit(X_train,y_train)
  File "/common/ketrong/tpotexp/env/lib/python3.10/site-packages/sklearn/base.py", line 1473, in wrapper
    return fit_method(estimator, *args, **kwargs)
  File "/common/ketrong/tpotexp/env/lib/python3.10/site-packages/sklearn/pipeline.py", line 473, in fit
    self._final_estimator.fit(Xt, y, **last_step_params["fit"])
  File "/common/ketrong/tpotexp/env/lib/python3.10/site-packages/sklearn/base.py", line 1473, in wrapper
    return fit_method(estimator, *args, **kwargs)
  File "/common/ketrong/tpotexp/env/lib/python3.10/site-packages/sklearn/linear_model/_logistic.py", line 1204, in fit
    raise ValueError("l1_ratio must be specified when penalty is elasticnet.")
ValueError: l1_ratio must be specified when penalty is elasticnet.

Generation:  16
Best f1_score score: 0.9018897116257906
Generation:  64%|██████▍   | 16/25 [20:07<08:27, 56.34s/it]Generation:  17
Best f1_score score: 0.9018897116257906
Generation:  68%|██████▊   | 17/25 [20:29<06:07, 45.99s/it]Generation:  18
Best f1_score score: 0.9018897116257906
Generation:  72%|███████▏  | 18/25 [20:51<04:31, 38.83s/it]Generation:  19
Best f1_score score: 0.9018897116257906
Generation:  76%|███████▌  | 19/25 [21:12<03:19, 33.22s/it]Generation:  20
Best f1_score score: 0.901997369733191
Generation:  80%|████████  | 20/25 [21:46<02:47, 33.60s/it]Generation:  21
Best f1_score score: 0.901997369733191
Generation:  84%|████████▍ | 21/25 [22:17<02:11, 32.88s/it]Generation:  22
Best f1_score score: 0.901997369733191
Generation:  88%|████████▊ | 22/25 [22:39<01:28, 29.38s/it]Generation:  23
Best f1_score score: 0.901997369733191
Generation:  92%|█████████▏| 23/25 [23:07<00:58, 29.08s/it]Generation:  24
Best f1_score score: 0.901997369733191
Generation:  96%|█████████▌| 24/25 [23:25<00:25, 25.77s/it]Generation:  25
Best f1_score score: 0.901997369733191
Generation: 100%|██████████| 25/25 [23:53<00:00, 26.53s/it]Generation: 100%|██████████| 25/25 [23:57<00:00, 57.51s/it]
2024-10-23 19:45:53,387 - distributed.scheduler - ERROR - Removing worker 'tcp://127.0.0.1:45901' caused the cluster to lose scattered data, which can't be recovered: {'ndarray-422b2c53f5e51e71a00dd009dc06b86a', 'ndarray-befe3878e524e76439cbf0cb86d42de6'} (stimulus_id='handle-worker-cleanup-1729737953.3869607')
Fitted
Pipeline(steps=[('logisticregression',
                 LogisticRegression(C=0.9769066048188, class_weight='balanced',
                                    l1_ratio=0.852559585997, max_iter=1000,
                                    n_jobs=1, penalty='elasticnet',
                                    solver='saga'))])
score start
train score: {'auroc': 0.9639784998248951, 'accuracy': 0.9061498550282313, 'balanced_accuracy': 0.9029872802239796, 'logloss': 0.24491547780240086, 'f1': 0.9026177919382723}
original test score: {'auroc': 0.990228426003519, 'accuracy': 0.9487492373398414, 'balanced_accuracy': 0.9494622542031683, 'logloss': 0.17019739832201752, 'f1': 0.9470573034433749}
imputed test score: {'auroc': 0.9667148030069236, 'accuracy': 0.9048200122025626, 'balanced_accuracy': 0.9026305943034197, 'logloss': 0.23592367240294687, 'f1': 0.9014519878882812}
score end
check intended
EXP2 Finished
running experiment 3/3 - What is the best automl settings?
<tpot2.search_spaces.pipelines.sequential.SequentialPipeline object at 0x1554350145e0>
Start tpot fit
Version 0.1.7a0 of tpot2 is outdated. Version 0.1.8a0 was released Tuesday September 17, 2024.
Version 0.1.7a0 of tpot2 is outdated. Version 0.1.8a0 was released Tuesday September 17, 2024.
Version 0.1.7a0 of tpot2 is outdated. Version 0.1.8a0 was released Tuesday September 17, 2024.
Version 0.1.7a0 of tpot2 is outdated. Version 0.1.8a0 was released Tuesday September 17, 2024.
Version 0.1.7a0 of tpot2 is outdated. Version 0.1.8a0 was released Tuesday September 17, 2024.
Version 0.1.7a0 of tpot2 is outdated. Version 0.1.8a0 was released Tuesday September 17, 2024.
Version 0.1.7a0 of tpot2 is outdated. Version 0.1.8a0 was released Tuesday September 17, 2024.
Version 0.1.7a0 of tpot2 is outdated. Version 0.1.8a0 was released Tuesday September 17, 2024.
Version 0.1.7a0 of tpot2 is outdated. Version 0.1.8a0 was released Tuesday September 17, 2024.
Version 0.1.7a0 of tpot2 is outdated. Version 0.1.8a0 was released Tuesday September 17, 2024.
Version 0.1.7a0 of tpot2 is outdated. Version 0.1.8a0 was released Tuesday September 17, 2024.
Version 0.1.7a0 of tpot2 is outdated. Version 0.1.8a0 was released Tuesday September 17, 2024.
Version 0.1.7a0 of tpot2 is outdated. Version 0.1.8a0 was released Tuesday September 17, 2024.
Version 0.1.7a0 of tpot2 is outdated. Version 0.1.8a0 was released Tuesday September 17, 2024.
Version 0.1.7a0 of tpot2 is outdated. Version 0.1.8a0 was released Tuesday September 17, 2024.
Version 0.1.7a0 of tpot2 is outdated. Version 0.1.8a0 was released Tuesday September 17, 2024.
  0%|          | 0/25 [00:00<?, ?it/s]Generation:   0%|          | 0/25 [00:00<?, ?it/s]WARNING THIS INDIVIDUAL CAUSED AND EXCEPTION 
 <tpot2.search_spaces.pipelines.sequential.SequentialPipelineIndividual object at 0x155474cd4880> 
 Input X contains NaN.
SVC does not accept missing values encoded as NaN natively. For supervised learning, you might want to consider sklearn.ensemble.HistGradientBoostingClassifier and Regressor which accept missing values encoded as NaNs natively. Alternatively, it is possible to preprocess the data, for instance by using an imputer transformer in a pipeline or drop samples with missing values. See https://scikit-learn.org/stable/modules/impute.html You can find a list of all estimators that handle NaN values at the following page: https://scikit-learn.org/stable/modules/impute.html#estimators-that-handle-nan-values 
 Traceback (most recent call last):
  File "/common/ketrong/tpotexp/tpot2/tpot2/utils/eval_utils.py", line 53, in objective_nan_wrapper
    value = func_timeout.func_timeout(timeout, objective_function, args=[individual], kwargs=objective_kwargs)
  File "/common/ketrong/tpotexp/env/lib/python3.10/site-packages/func_timeout/dafunc.py", line 108, in func_timeout
    raise_exception(exception)
  File "/common/ketrong/tpotexp/env/lib/python3.10/site-packages/func_timeout/py3_raise.py", line 7, in raise_exception
    raise exception[0] from None
  File "/common/ketrong/tpotexp/tpot2/tpot2/tpot_estimator/estimator.py", line 623, in objective_function
    return objective_function_generator(
  File "/common/ketrong/tpotexp/tpot2/tpot2/tpot_estimator/estimator_utils.py", line 55, in objective_function_generator
    cv_obj_scores = cross_val_score_objective(sklearn.base.clone(pipeline),x,y,scorers=scorers, cv=cv , fold=step)
  File "/common/ketrong/tpotexp/tpot2/tpot2/tpot_estimator/cross_val_utils.py", line 28, in cross_val_score_objective
    this_fold_pipeline.fit(X_train,y_train)
  File "/common/ketrong/tpotexp/env/lib/python3.10/site-packages/sklearn/base.py", line 1473, in wrapper
    return fit_method(estimator, *args, **kwargs)
  File "/common/ketrong/tpotexp/env/lib/python3.10/site-packages/sklearn/pipeline.py", line 473, in fit
    self._final_estimator.fit(Xt, y, **last_step_params["fit"])
  File "/common/ketrong/tpotexp/env/lib/python3.10/site-packages/sklearn/base.py", line 1473, in wrapper
    return fit_method(estimator, *args, **kwargs)
  File "/common/ketrong/tpotexp/env/lib/python3.10/site-packages/sklearn/svm/_base.py", line 190, in fit
    X, y = self._validate_data(
  File "/common/ketrong/tpotexp/env/lib/python3.10/site-packages/sklearn/base.py", line 650, in _validate_data
    X, y = check_X_y(X, y, **check_params)
  File "/common/ketrong/tpotexp/env/lib/python3.10/site-packages/sklearn/utils/validation.py", line 1301, in check_X_y
    X = check_array(
  File "/common/ketrong/tpotexp/env/lib/python3.10/site-packages/sklearn/utils/validation.py", line 1064, in check_array
    _assert_all_finite(
  File "/common/ketrong/tpotexp/env/lib/python3.10/site-packages/sklearn/utils/validation.py", line 123, in _assert_all_finite
    _assert_all_finite_element_wise(
  File "/common/ketrong/tpotexp/env/lib/python3.10/site-packages/sklearn/utils/validation.py", line 172, in _assert_all_finite_element_wise
    raise ValueError(msg_err)
ValueError: Input X contains NaN.
SVC does not accept missing values encoded as NaN natively. For supervised learning, you might want to consider sklearn.ensemble.HistGradientBoostingClassifier and Regressor which accept missing values encoded as NaNs natively. Alternatively, it is possible to preprocess the data, for instance by using an imputer transformer in a pipeline or drop samples with missing values. See https://scikit-learn.org/stable/modules/impute.html You can find a list of all estimators that handle NaN values at the following page: https://scikit-learn.org/stable/modules/impute.html#estimators-that-handle-nan-values

WARNING THIS INDIVIDUAL CAUSED AND EXCEPTION 
 <tpot2.search_spaces.pipelines.sequential.SequentialPipelineIndividual object at 0x155474d78940> 
 Input X contains NaN.
AdaBoostClassifier does not accept missing values encoded as NaN natively. For supervised learning, you might want to consider sklearn.ensemble.HistGradientBoostingClassifier and Regressor which accept missing values encoded as NaNs natively. Alternatively, it is possible to preprocess the data, for instance by using an imputer transformer in a pipeline or drop samples with missing values. See https://scikit-learn.org/stable/modules/impute.html You can find a list of all estimators that handle NaN values at the following page: https://scikit-learn.org/stable/modules/impute.html#estimators-that-handle-nan-values 
 Traceback (most recent call last):
  File "/common/ketrong/tpotexp/tpot2/tpot2/utils/eval_utils.py", line 53, in objective_nan_wrapper
    value = func_timeout.func_timeout(timeout, objective_function, args=[individual], kwargs=objective_kwargs)
  File "/common/ketrong/tpotexp/env/lib/python3.10/site-packages/func_timeout/dafunc.py", line 108, in func_timeout
    raise_exception(exception)
  File "/common/ketrong/tpotexp/env/lib/python3.10/site-packages/func_timeout/py3_raise.py", line 7, in raise_exception
    raise exception[0] from None
  File "/common/ketrong/tpotexp/tpot2/tpot2/tpot_estimator/estimator.py", line 623, in objective_function
    return objective_function_generator(
  File "/common/ketrong/tpotexp/tpot2/tpot2/tpot_estimator/estimator_utils.py", line 55, in objective_function_generator
    cv_obj_scores = cross_val_score_objective(sklearn.base.clone(pipeline),x,y,scorers=scorers, cv=cv , fold=step)
  File "/common/ketrong/tpotexp/tpot2/tpot2/tpot_estimator/cross_val_utils.py", line 28, in cross_val_score_objective
    this_fold_pipeline.fit(X_train,y_train)
  File "/common/ketrong/tpotexp/env/lib/python3.10/site-packages/sklearn/base.py", line 1473, in wrapper
    return fit_method(estimator, *args, **kwargs)
  File "/common/ketrong/tpotexp/env/lib/python3.10/site-packages/sklearn/pipeline.py", line 473, in fit
    self._final_estimator.fit(Xt, y, **last_step_params["fit"])
  File "/common/ketrong/tpotexp/env/lib/python3.10/site-packages/sklearn/base.py", line 1473, in wrapper
    return fit_method(estimator, *args, **kwargs)
  File "/common/ketrong/tpotexp/env/lib/python3.10/site-packages/sklearn/ensemble/_weight_boosting.py", line 133, in fit
    X, y = self._validate_data(
  File "/common/ketrong/tpotexp/env/lib/python3.10/site-packages/sklearn/base.py", line 650, in _validate_data
    X, y = check_X_y(X, y, **check_params)
  File "/common/ketrong/tpotexp/env/lib/python3.10/site-packages/sklearn/utils/validation.py", line 1301, in check_X_y
    X = check_array(
  File "/common/ketrong/tpotexp/env/lib/python3.10/site-packages/sklearn/utils/validation.py", line 1064, in check_array
    _assert_all_finite(
  File "/common/ketrong/tpotexp/env/lib/python3.10/site-packages/sklearn/utils/validation.py", line 123, in _assert_all_finite
    _assert_all_finite_element_wise(
  File "/common/ketrong/tpotexp/env/lib/python3.10/site-packages/sklearn/utils/validation.py", line 172, in _assert_all_finite_element_wise
    raise ValueError(msg_err)
ValueError: Input X contains NaN.
AdaBoostClassifier does not accept missing values encoded as NaN natively. For supervised learning, you might want to consider sklearn.ensemble.HistGradientBoostingClassifier and Regressor which accept missing values encoded as NaNs natively. Alternatively, it is possible to preprocess the data, for instance by using an imputer transformer in a pipeline or drop samples with missing values. See https://scikit-learn.org/stable/modules/impute.html You can find a list of all estimators that handle NaN values at the following page: https://scikit-learn.org/stable/modules/impute.html#estimators-that-handle-nan-values

Generation:  1
Best f1_score score: 0.9015117231291783
Generation:   4%|▍         | 1/25 [00:16<06:43, 16.82s/it]Generation:  2
Best f1_score score: 0.9015117231291783
Generation:   8%|▊         | 2/25 [01:27<18:29, 48.24s/it]Generation:  3
Best f1_score score: 0.9015117231291783
Generation:  12%|█▏        | 3/25 [03:49<33:30, 91.38s/it]WARNING THIS INDIVIDUAL CAUSED AND EXCEPTION 
 <tpot2.search_spaces.pipelines.sequential.SequentialPipelineIndividual object at 0x1554573fa140> 
 Input X contains NaN.
LogisticRegression does not accept missing values encoded as NaN natively. For supervised learning, you might want to consider sklearn.ensemble.HistGradientBoostingClassifier and Regressor which accept missing values encoded as NaNs natively. Alternatively, it is possible to preprocess the data, for instance by using an imputer transformer in a pipeline or drop samples with missing values. See https://scikit-learn.org/stable/modules/impute.html You can find a list of all estimators that handle NaN values at the following page: https://scikit-learn.org/stable/modules/impute.html#estimators-that-handle-nan-values 
 Traceback (most recent call last):
  File "/common/ketrong/tpotexp/tpot2/tpot2/utils/eval_utils.py", line 53, in objective_nan_wrapper
    value = func_timeout.func_timeout(timeout, objective_function, args=[individual], kwargs=objective_kwargs)
  File "/common/ketrong/tpotexp/env/lib/python3.10/site-packages/func_timeout/dafunc.py", line 108, in func_timeout
    raise_exception(exception)
  File "/common/ketrong/tpotexp/env/lib/python3.10/site-packages/func_timeout/py3_raise.py", line 7, in raise_exception
    raise exception[0] from None
  File "/common/ketrong/tpotexp/tpot2/tpot2/tpot_estimator/estimator.py", line 623, in objective_function
    return objective_function_generator(
  File "/common/ketrong/tpotexp/tpot2/tpot2/tpot_estimator/estimator_utils.py", line 55, in objective_function_generator
    cv_obj_scores = cross_val_score_objective(sklearn.base.clone(pipeline),x,y,scorers=scorers, cv=cv , fold=step)
  File "/common/ketrong/tpotexp/tpot2/tpot2/tpot_estimator/cross_val_utils.py", line 28, in cross_val_score_objective
    this_fold_pipeline.fit(X_train,y_train)
  File "/common/ketrong/tpotexp/env/lib/python3.10/site-packages/sklearn/base.py", line 1473, in wrapper
    return fit_method(estimator, *args, **kwargs)
  File "/common/ketrong/tpotexp/env/lib/python3.10/site-packages/sklearn/pipeline.py", line 473, in fit
    self._final_estimator.fit(Xt, y, **last_step_params["fit"])
  File "/common/ketrong/tpotexp/env/lib/python3.10/site-packages/sklearn/base.py", line 1473, in wrapper
    return fit_method(estimator, *args, **kwargs)
  File "/common/ketrong/tpotexp/env/lib/python3.10/site-packages/sklearn/linear_model/_logistic.py", line 1223, in fit
    X, y = self._validate_data(
  File "/common/ketrong/tpotexp/env/lib/python3.10/site-packages/sklearn/base.py", line 650, in _validate_data
    X, y = check_X_y(X, y, **check_params)
  File "/common/ketrong/tpotexp/env/lib/python3.10/site-packages/sklearn/utils/validation.py", line 1301, in check_X_y
    X = check_array(
  File "/common/ketrong/tpotexp/env/lib/python3.10/site-packages/sklearn/utils/validation.py", line 1064, in check_array
    _assert_all_finite(
  File "/common/ketrong/tpotexp/env/lib/python3.10/site-packages/sklearn/utils/validation.py", line 123, in _assert_all_finite
    _assert_all_finite_element_wise(
  File "/common/ketrong/tpotexp/env/lib/python3.10/site-packages/sklearn/utils/validation.py", line 172, in _assert_all_finite_element_wise
    raise ValueError(msg_err)
ValueError: Input X contains NaN.
LogisticRegression does not accept missing values encoded as NaN natively. For supervised learning, you might want to consider sklearn.ensemble.HistGradientBoostingClassifier and Regressor which accept missing values encoded as NaNs natively. Alternatively, it is possible to preprocess the data, for instance by using an imputer transformer in a pipeline or drop samples with missing values. See https://scikit-learn.org/stable/modules/impute.html You can find a list of all estimators that handle NaN values at the following page: https://scikit-learn.org/stable/modules/impute.html#estimators-that-handle-nan-values

Generation:  4
Best f1_score score: 0.9016325354820387
Generation:  16%|█▌        | 4/25 [05:24<32:26, 92.71s/it]Generation:  5
Best f1_score score: 0.9016325354820387
Generation:  20%|██        | 5/25 [05:58<23:47, 71.36s/it]Generation:  6
Best f1_score score: 0.9016325354820387
Generation:  24%|██▍       | 6/25 [06:49<20:24, 64.44s/it]Generation:  7
Best f1_score score: 0.9025554058905298
Generation:  28%|██▊       | 7/25 [08:07<20:40, 68.89s/it]Generation:  8
Best f1_score score: 0.9025554058905298
Generation:  32%|███▏      | 8/25 [08:20<14:31, 51.29s/it]Generation:  9
Best f1_score score: 0.902917844364717
Generation:  36%|███▌      | 9/25 [08:51<11:59, 44.99s/it]Generation:  10
Best f1_score score: 0.902917844364717
Generation:  40%|████      | 10/25 [09:05<08:50, 35.39s/it]WARNING AN INDIVIDUAL TIMED OUT: 
 <tpot2.search_spaces.pipelines.sequential.SequentialPipelineIndividual object at 0x155474026410> 

Generation:  11
Best f1_score score: 0.902917844364717
Generation:  44%|████▍     | 11/25 [19:13<49:08, 210.60s/it]Generation:  12
Best f1_score score: 0.902917844364717
Generation:  48%|████▊     | 12/25 [19:50<34:10, 157.71s/it]WARNING AN INDIVIDUAL TIMED OUT: 
 <tpot2.search_spaces.pipelines.sequential.SequentialPipelineIndividual object at 0x1554740842b0> 

Generation:  13
Best f1_score score: 0.902917844364717
Generation:  52%|█████▏    | 13/25 [29:57<58:45, 293.76s/it]Generation:  14
Best f1_score score: 0.902917844364717
Generation:  56%|█████▌    | 14/25 [30:22<38:59, 212.65s/it]WARNING AN INDIVIDUAL TIMED OUT: 
 <tpot2.search_spaces.pipelines.sequential.SequentialPipelineIndividual object at 0x15545dabd3c0> 

Generation:  15
Best f1_score score: 0.902917844364717
Generation:  60%|██████    | 15/25 [40:29<55:16, 331.63s/it]WARNING AN INDIVIDUAL TIMED OUT: 
 <tpot2.search_spaces.pipelines.sequential.SequentialPipelineIndividual object at 0x15545ede4ca0> 

Generation:  16
Best f1_score score: 0.902917844364717
Generation:  64%|██████▍   | 16/25 [50:38<1:02:14, 414.99s/it]Generation:  17
Best f1_score score: 0.902917844364717
Generation:  68%|██████▊   | 17/25 [51:10<39:59, 299.99s/it]  WARNING AN INDIVIDUAL TIMED OUT: 
 <tpot2.search_spaces.pipelines.sequential.SequentialPipelineIndividual object at 0x155474d23eb0> 

WARNING AN INDIVIDUAL TIMED OUT: 
 <tpot2.search_spaces.pipelines.sequential.SequentialPipelineIndividual object at 0x15545d6b3730> 

Generation:  18
Best f1_score score: 0.902917844364717
Generation:  72%|███████▏  | 18/25 [1:01:18<45:46, 392.31s/it]Generation:  19
Best f1_score score: 0.902917844364717
Generation:  76%|███████▌  | 19/25 [1:06:39<37:05, 370.97s/it]WARNING AN INDIVIDUAL TIMED OUT: 
 <tpot2.search_spaces.pipelines.sequential.SequentialPipelineIndividual object at 0x155474d24fd0> 

Generation:  20
Best f1_score score: 0.902917844364717
Generation:  80%|████████  | 20/25 [1:16:49<36:53, 442.73s/it]WARNING AN INDIVIDUAL TIMED OUT: 
 <tpot2.search_spaces.pipelines.sequential.SequentialPipelineIndividual object at 0x15545bea2950> 

WARNING AN INDIVIDUAL TIMED OUT: 
 <tpot2.search_spaces.pipelines.sequential.SequentialPipelineIndividual object at 0x15545c023a60> 

Generation:  21
Best f1_score score: 0.902917844364717
Generation:  84%|████████▍ | 21/25 [1:26:55<32:47, 491.80s/it]WARNING AN INDIVIDUAL TIMED OUT: 
 <tpot2.search_spaces.pipelines.sequential.SequentialPipelineIndividual object at 0x15545bdbd330> 

WARNING AN INDIVIDUAL TIMED OUT: 
 <tpot2.search_spaces.pipelines.sequential.SequentialPipelineIndividual object at 0x15545bb83a30> 

WARNING AN INDIVIDUAL TIMED OUT: 
 <tpot2.search_spaces.pipelines.sequential.SequentialPipelineIndividual object at 0x155455b70d00> 

Generation:  22
Best f1_score score: 0.902917844364717
Generation:  88%|████████▊ | 22/25 [1:37:04<26:21, 527.11s/it]Generation:  23
Best f1_score score: 0.902917844364717
Generation:  92%|█████████▏| 23/25 [1:38:23<13:04, 392.36s/it]WARNING AN INDIVIDUAL TIMED OUT: 
 <tpot2.search_spaces.pipelines.sequential.SequentialPipelineIndividual object at 0x155474d3c910> 

Generation:  24
Best f1_score score: 0.902917844364717
Generation:  96%|█████████▌| 24/25 [1:48:30<07:36, 457.00s/it]WARNING AN INDIVIDUAL TIMED OUT: 
 <tpot2.search_spaces.pipelines.sequential.SequentialPipelineIndividual object at 0x1554533c7010> 

WARNING AN INDIVIDUAL TIMED OUT: 
 <tpot2.search_spaces.pipelines.sequential.SequentialPipelineIndividual object at 0x15545fde9b40> 

Generation:  25
Best f1_score score: 0.902917844364717
Generation: 100%|██████████| 25/25 [1:58:40<00:00, 502.94s/it]Generation: 100%|██████████| 25/25 [1:58:40<00:00, 284.84s/it]
2024-10-23 21:44:47,890 - distributed.worker - ERROR - Failed to communicate with scheduler during heartbeat.
Traceback (most recent call last):
  File "/common/ketrong/tpotexp/env/lib/python3.10/site-packages/distributed/comm/tcp.py", line 225, in read
    frames_nosplit_nbytes_bin = await stream.read_bytes(fmt_size)
tornado.iostream.StreamClosedError: Stream is closed

The above exception was the direct cause of the following exception:

Traceback (most recent call last):
  File "/common/ketrong/tpotexp/env/lib/python3.10/site-packages/distributed/worker.py", line 1250, in heartbeat
    response = await retry_operation(
  File "/common/ketrong/tpotexp/env/lib/python3.10/site-packages/distributed/utils_comm.py", line 459, in retry_operation
    return await retry(
  File "/common/ketrong/tpotexp/env/lib/python3.10/site-packages/distributed/utils_comm.py", line 438, in retry
    return await coro()
  File "/common/ketrong/tpotexp/env/lib/python3.10/site-packages/distributed/core.py", line 1256, in send_recv_from_rpc
    return await send_recv(comm=comm, op=key, **kwargs)
  File "/common/ketrong/tpotexp/env/lib/python3.10/site-packages/distributed/core.py", line 1015, in send_recv
    response = await comm.read(deserializers=deserializers)
  File "/common/ketrong/tpotexp/env/lib/python3.10/site-packages/distributed/comm/tcp.py", line 236, in read
    convert_stream_closed_error(self, e)
  File "/common/ketrong/tpotexp/env/lib/python3.10/site-packages/distributed/comm/tcp.py", line 142, in convert_stream_closed_error
    raise CommClosedError(f"in {obj}: {exc}") from exc
distributed.comm.core.CommClosedError: in <TCP (closed) ConnectionPool.heartbeat_worker local=tcp://127.0.0.1:60198 remote=tcp://127.0.0.1:43933>: Stream is closed
2024-10-23 21:44:47,889 - distributed.worker - ERROR - Failed to communicate with scheduler during heartbeat.
Traceback (most recent call last):
  File "/common/ketrong/tpotexp/env/lib/python3.10/site-packages/distributed/comm/tcp.py", line 225, in read
    frames_nosplit_nbytes_bin = await stream.read_bytes(fmt_size)
tornado.iostream.StreamClosedError: Stream is closed

The above exception was the direct cause of the following exception:

Traceback (most recent call last):
  File "/common/ketrong/tpotexp/env/lib/python3.10/site-packages/distributed/worker.py", line 1250, in heartbeat
    response = await retry_operation(
  File "/common/ketrong/tpotexp/env/lib/python3.10/site-packages/distributed/utils_comm.py", line 459, in retry_operation
    return await retry(
  File "/common/ketrong/tpotexp/env/lib/python3.10/site-packages/distributed/utils_comm.py", line 438, in retry
    return await coro()
  File "/common/ketrong/tpotexp/env/lib/python3.10/site-packages/distributed/core.py", line 1256, in send_recv_from_rpc
    return await send_recv(comm=comm, op=key, **kwargs)
  File "/common/ketrong/tpotexp/env/lib/python3.10/site-packages/distributed/core.py", line 1015, in send_recv
    response = await comm.read(deserializers=deserializers)
  File "/common/ketrong/tpotexp/env/lib/python3.10/site-packages/distributed/comm/tcp.py", line 236, in read
    convert_stream_closed_error(self, e)
  File "/common/ketrong/tpotexp/env/lib/python3.10/site-packages/distributed/comm/tcp.py", line 142, in convert_stream_closed_error
    raise CommClosedError(f"in {obj}: {exc}") from exc
distributed.comm.core.CommClosedError: in <TCP (closed) ConnectionPool.heartbeat_worker local=tcp://127.0.0.1:60200 remote=tcp://127.0.0.1:43933>: Stream is closed
2024-10-23 21:44:47,891 - distributed.worker - ERROR - Failed to communicate with scheduler during heartbeat.
Traceback (most recent call last):
  File "/common/ketrong/tpotexp/env/lib/python3.10/site-packages/distributed/comm/tcp.py", line 225, in read
    frames_nosplit_nbytes_bin = await stream.read_bytes(fmt_size)
tornado.iostream.StreamClosedError: Stream is closed

The above exception was the direct cause of the following exception:

Traceback (most recent call last):
  File "/common/ketrong/tpotexp/env/lib/python3.10/site-packages/distributed/worker.py", line 1250, in heartbeat
    response = await retry_operation(
  File "/common/ketrong/tpotexp/env/lib/python3.10/site-packages/distributed/utils_comm.py", line 459, in retry_operation
    return await retry(
  File "/common/ketrong/tpotexp/env/lib/python3.10/site-packages/distributed/utils_comm.py", line 438, in retry
    return await coro()
  File "/common/ketrong/tpotexp/env/lib/python3.10/site-packages/distributed/core.py", line 1256, in send_recv_from_rpc
    return await send_recv(comm=comm, op=key, **kwargs)
  File "/common/ketrong/tpotexp/env/lib/python3.10/site-packages/distributed/core.py", line 1015, in send_recv
    response = await comm.read(deserializers=deserializers)
  File "/common/ketrong/tpotexp/env/lib/python3.10/site-packages/distributed/comm/tcp.py", line 236, in read
    convert_stream_closed_error(self, e)
  File "/common/ketrong/tpotexp/env/lib/python3.10/site-packages/distributed/comm/tcp.py", line 142, in convert_stream_closed_error
    raise CommClosedError(f"in {obj}: {exc}") from exc
distributed.comm.core.CommClosedError: in <TCP (closed) ConnectionPool.heartbeat_worker local=tcp://127.0.0.1:60206 remote=tcp://127.0.0.1:43933>: Stream is closed
2024-10-23 21:44:47,891 - distributed.worker - ERROR - Failed to communicate with scheduler during heartbeat.
Traceback (most recent call last):
  File "/common/ketrong/tpotexp/env/lib/python3.10/site-packages/distributed/comm/tcp.py", line 225, in read
    frames_nosplit_nbytes_bin = await stream.read_bytes(fmt_size)
tornado.iostream.StreamClosedError: Stream is closed

The above exception was the direct cause of the following exception:

Traceback (most recent call last):
  File "/common/ketrong/tpotexp/env/lib/python3.10/site-packages/distributed/worker.py", line 1250, in heartbeat
    response = await retry_operation(
  File "/common/ketrong/tpotexp/env/lib/python3.10/site-packages/distributed/utils_comm.py", line 459, in retry_operation
    return await retry(
  File "/common/ketrong/tpotexp/env/lib/python3.10/site-packages/distributed/utils_comm.py", line 438, in retry
    return await coro()
  File "/common/ketrong/tpotexp/env/lib/python3.10/site-packages/distributed/core.py", line 1256, in send_recv_from_rpc
    return await send_recv(comm=comm, op=key, **kwargs)
  File "/common/ketrong/tpotexp/env/lib/python3.10/site-packages/distributed/core.py", line 1015, in send_recv
    response = await comm.read(deserializers=deserializers)
  File "/common/ketrong/tpotexp/env/lib/python3.10/site-packages/distributed/comm/tcp.py", line 236, in read
    convert_stream_closed_error(self, e)
  File "/common/ketrong/tpotexp/env/lib/python3.10/site-packages/distributed/comm/tcp.py", line 142, in convert_stream_closed_error
    raise CommClosedError(f"in {obj}: {exc}") from exc
distributed.comm.core.CommClosedError: in <TCP (closed) ConnectionPool.heartbeat_worker local=tcp://127.0.0.1:60202 remote=tcp://127.0.0.1:43933>: Stream is closed
2024-10-23 21:44:47,893 - distributed.worker - ERROR - Failed to communicate with scheduler during heartbeat.
Traceback (most recent call last):
  File "/common/ketrong/tpotexp/env/lib/python3.10/site-packages/distributed/comm/tcp.py", line 225, in read
    frames_nosplit_nbytes_bin = await stream.read_bytes(fmt_size)
tornado.iostream.StreamClosedError: Stream is closed

The above exception was the direct cause of the following exception:

Traceback (most recent call last):
  File "/common/ketrong/tpotexp/env/lib/python3.10/site-packages/distributed/worker.py", line 1250, in heartbeat
    response = await retry_operation(
  File "/common/ketrong/tpotexp/env/lib/python3.10/site-packages/distributed/utils_comm.py", line 459, in retry_operation
    return await retry(
  File "/common/ketrong/tpotexp/env/lib/python3.10/site-packages/distributed/utils_comm.py", line 438, in retry
    return await coro()
  File "/common/ketrong/tpotexp/env/lib/python3.10/site-packages/distributed/core.py", line 1256, in send_recv_from_rpc
    return await send_recv(comm=comm, op=key, **kwargs)
  File "/common/ketrong/tpotexp/env/lib/python3.10/site-packages/distributed/core.py", line 1015, in send_recv
    response = await comm.read(deserializers=deserializers)
  File "/common/ketrong/tpotexp/env/lib/python3.10/site-packages/distributed/comm/tcp.py", line 236, in read
    convert_stream_closed_error(self, e)
  File "/common/ketrong/tpotexp/env/lib/python3.10/site-packages/distributed/comm/tcp.py", line 142, in convert_stream_closed_error
    raise CommClosedError(f"in {obj}: {exc}") from exc
distributed.comm.core.CommClosedError: in <TCP (closed) ConnectionPool.heartbeat_worker local=tcp://127.0.0.1:60210 remote=tcp://127.0.0.1:43933>: Stream is closed
2024-10-23 21:44:47,904 - distributed.scheduler - ERROR - Removing worker 'tcp://127.0.0.1:44345' caused the cluster to lose scattered data, which can't be recovered: {'ndarray-422b2c53f5e51e71a00dd009dc06b86a', 'DataFrame-1c13c231bb2e3cbf4b0a858bb4f0f174'} (stimulus_id='handle-worker-cleanup-1729745087.9046025')
Fitted
Pipeline(steps=[('iterativeimputer',
                 IterativeImputer(estimator=Ridge(),
                                  imputation_order='descending',
                                  initial_strategy='most_frequent',
                                  n_nearest_features=72)),
                ('mlpclassifier',
                 MLPClassifier(alpha=0.096771812123, early_stopping=True,
                               hidden_layer_sizes=[207, 207],
                               learning_rate_init=0.0066243187605,
                               n_iter_no_change=32))])
transform worked
try transform
transform worked
score start
train score: {'auroc': 0.9672109753053694, 'accuracy': 0.9070654661986877, 'balanced_accuracy': 0.8935523660447378, 'logloss': 0.22927151680542063, 'f1': 0.9012674274521826}
test score: {'auroc': 0.9672389428146463, 'accuracy': 0.9048200122025626, 'balanced_accuracy': 0.8906982964683181, 'logloss': 0.228850645957717, 'f1': 0.8987598593556971}
original test score: {'auroc': 0.9915952094549256, 'accuracy': 0.9426479560707749, 'balanced_accuracy': 0.9338733467950165, 'logloss': 0.14157845906760988, 'f1': 0.93958575148226}
score end
725
lvl
0.1
type
MCAR
num_run
2
class_full
finished
all finished
full run takes
9.781781417065197
hours
DONE
