Run: 2
/cm/local/apps/slurm/var/spool/job919620/slurm_script: line 26: 
pip install -e tpot2
pip install -r tpot2/ImputerExperiments/requirements_.txt
: No such file or directory
RunStart
starting loops
../data/r/42712/42712.pkl
       season  ...  windspeed
0      spring  ...     0.0000
1      spring  ...     0.0000
2      spring  ...     0.0000
3      spring  ...     0.0000
4      spring  ...     0.0000
...       ...  ...        ...
17374  spring  ...    11.0014
17375  spring  ...    11.0014
17376  spring  ...    11.0014
17377  spring  ...     8.9981
17378  spring  ...     8.9981

[17379 rows x 12 columns]
season        category
year             uint8
month            uint8
hour             uint8
holiday           bool
weekday          uint8
workingday        bool
weather       category
temp           float64
feel_temp      float64
humidity       float64
windspeed      float64
dtype: object
       count
0         16
1         40
2         32
3         13
4          1
...      ...
17374    119
17375     89
17376     90
17377     61
17378     49

[17379 rows x 1 columns]
count    int64
dtype: object
Traceback (most recent call last):
  File "/common/ketrong/tpotexp/tpot2/ImputerExperiments/Locally_run_code/main.py", line 172, in <module>
    main()
  File "/common/ketrong/tpotexp/tpot2/ImputerExperiments/Locally_run_code/main.py", line 161, in main
    utils.loop_through_tasks(reg_experiments, regression_id_list, 
  File "/common/ketrong/tpotexp/tpot2/ImputerExperiments/Locally_run_code/utils.py", line 140, in loop_through_tasks
    X_train, y_train, X_test, y_test = load_task(base_save_folder=save_folder, task_id=taskid, r_or_c= r_or_c)
  File "/common/ketrong/tpotexp/tpot2/ImputerExperiments/Locally_run_code/utils.py", line 96, in load_task
    X = X.get_dummies()
  File "/common/ketrong/tpotexp/env/lib/python3.10/site-packages/pandas/core/generic.py", line 6299, in __getattr__
    return object.__getattribute__(self, name)
AttributeError: 'DataFrame' object has no attribute 'get_dummies'
srun: error: esplhpc-cp043: task 0: Exited with exit code 1
