Run: 2
/cm/local/apps/slurm/var/spool/job919644/slurm_script: line 26: 
pip install -e tpot2
pip install -r tpot2/ImputerExperiments/requirements_.txt
: No such file or directory
RunStart
starting loops
../data/r/42712/42712.pkl
       season  ...  windspeed
0      spring  ...     0.0000
1      spring  ...     0.0000
2      spring  ...     0.0000
3      spring  ...     0.0000
4      spring  ...     0.0000
...       ...  ...        ...
17374  spring  ...    11.0014
17375  spring  ...    11.0014
17376  spring  ...    11.0014
17377  spring  ...     8.9981
17378  spring  ...     8.9981

[17379 rows x 12 columns]
<class 'pandas.core.frame.DataFrame'>
       count
0         16
1         40
2         32
3         13
4          1
...      ...
17374    119
17375     89
17376     90
17377     61
17378     49

[17379 rows x 1 columns]
<class 'pandas.core.frame.DataFrame'>
       year  ...  weather_rain
0         0  ...           0.0
1         0  ...           0.0
2         0  ...           0.0
3         0  ...           0.0
4         0  ...           0.0
...     ...  ...           ...
17374     1  ...           0.0
17375     1  ...           0.0
17376     1  ...           0.0
17377     1  ...           0.0
17378     1  ...           0.0

[17379 rows x 18 columns]
<class 'pandas.core.frame.DataFrame'>
Traceback (most recent call last):
  File "/common/ketrong/tpotexp/tpot2/ImputerExperiments/Locally_run_code/main.py", line 172, in <module>
    main()
  File "/common/ketrong/tpotexp/tpot2/ImputerExperiments/Locally_run_code/main.py", line 161, in main
    utils.loop_through_tasks(reg_experiments, regression_id_list, 
  File "/common/ketrong/tpotexp/tpot2/ImputerExperiments/Locally_run_code/utils.py", line 142, in loop_through_tasks
    X_train, y_train, X_test, y_test = load_task(base_save_folder=save_folder, task_id=taskid, r_or_c= r_or_c)
  File "/common/ketrong/tpotexp/tpot2/ImputerExperiments/Locally_run_code/utils.py", line 111, in load_task
    preprocessing_pipeline.fit(X_train)
  File "/common/ketrong/tpotexp/env/lib/python3.10/site-packages/sklearn/base.py", line 1473, in wrapper
    return fit_method(estimator, *args, **kwargs)
  File "/common/ketrong/tpotexp/env/lib/python3.10/site-packages/sklearn/pipeline.py", line 469, in fit
    Xt = self._fit(X, y, routed_params)
  File "/common/ketrong/tpotexp/env/lib/python3.10/site-packages/sklearn/pipeline.py", line 406, in _fit
    X, fitted_transformer = fit_transform_one_cached(
  File "/common/ketrong/tpotexp/env/lib/python3.10/site-packages/joblib/memory.py", line 312, in __call__
    return self.func(*args, **kwargs)
  File "/common/ketrong/tpotexp/env/lib/python3.10/site-packages/sklearn/pipeline.py", line 1310, in _fit_transform_one
    res = transformer.fit_transform(X, y, **params.get("fit_transform", {}))
  File "/common/ketrong/tpotexp/env/lib/python3.10/site-packages/sklearn/utils/_set_output.py", line 313, in wrapped
    data_to_wrap = f(self, X, *args, **kwargs)
  File "/common/ketrong/tpotexp/env/lib/python3.10/site-packages/sklearn/base.py", line 1098, in fit_transform
    return self.fit(X, **fit_params).transform(X)
  File "/common/ketrong/tpotexp/tpot2/tpot2/builtin_modules/imputer.py", line 114, in fit
    self.imputer.fit(X[self.columns_], y)
  File "/common/ketrong/tpotexp/env/lib/python3.10/site-packages/sklearn/base.py", line 1473, in wrapper
    return fit_method(estimator, *args, **kwargs)
  File "/common/ketrong/tpotexp/env/lib/python3.10/site-packages/sklearn/impute/_base.py", line 421, in fit
    X = self._validate_input(X, in_fit=True)
  File "/common/ketrong/tpotexp/env/lib/python3.10/site-packages/sklearn/impute/_base.py", line 358, in _validate_input
    raise ValueError(
ValueError: SimpleImputer does not support data with dtype bool. Please provide either a numeric array (with a floating point or integer dtype) or categorical data represented either as an array with integer dtype or an array of string values with an object dtype.
srun: error: esplhpc-cp043: task 0: Exited with exit code 1
