Run: 63
/cm/local/apps/slurm/var/spool/job990694/slurm_script: line 26: 
pip install -e tpot2
pip install -r tpot2/ImputerExperiments/requirements_.txt
: No such file or directory
RunStart
Version 0.1.7a0 of tpot2 is outdated. Version 0.1.8a0 was released Tuesday September 17, 2024.
starting loops
../data/r/42712/42712.pkl
       season  year  month  hour  holiday  weekday  workingday weather   temp  \
0      spring     0      1     0    False        6       False   clear   9.84   
1      spring     0      1     1    False        6       False   clear   9.02   
2      spring     0      1     2    False        6       False   clear   9.02   
3      spring     0      1     3    False        6       False   clear   9.84   
4      spring     0      1     4    False        6       False   clear   9.84   
...       ...   ...    ...   ...      ...      ...         ...     ...    ...   
17374  spring     1     12    19    False        1        True   misty  10.66   
17375  spring     1     12    20    False        1        True   misty  10.66   
17376  spring     1     12    21    False        1        True   clear  10.66   
17377  spring     1     12    22    False        1        True   clear  10.66   
17378  spring     1     12    23    False        1        True   clear  10.66   

       feel_temp  humidity  windspeed  
0         14.395      0.81     0.0000  
1         13.635      0.80     0.0000  
2         13.635      0.80     0.0000  
3         14.395      0.75     0.0000  
4         14.395      0.75     0.0000  
...          ...       ...        ...  
17374     12.880      0.60    11.0014  
17375     12.880      0.60    11.0014  
17376     12.880      0.60    11.0014  
17377     13.635      0.56     8.9981  
17378     13.635      0.65     8.9981  

[17379 rows x 12 columns]
<class 'pandas.core.frame.DataFrame'>
       season  year  month  hour  holiday  weekday  workingday weather   temp  \
10836  summer     1      4    15    False        0       False   clear  20.50   
9923   spring     1      2    12    False        4        True   clear  20.50   
16963  winter     1     12    14    False        5        True   clear  16.40   
6851   winter     0     10     1    False        2        True   misty  18.86   
7301   winter     0     11    20    False        6       False   clear  13.12   
...       ...   ...    ...   ...      ...      ...         ...     ...    ...   
5862     fall     0      9    18    False        2        True   misty  22.14   
5277     fall     0      8    19    False        5        True   clear  30.34   
11032  summer     1      4    20    False        1        True   clear  20.50   
10599  summer     1      3    18    False        4        True   clear  27.06   
9500   spring     1      2    18    False        0       False   clear  12.30   

       feel_temp  humidity  windspeed  
10836     24.240      0.55    16.9979  
9923      24.240      0.42    16.9979  
16963     20.455      0.43    12.9980  
6851      22.725      0.88     0.0000  
7301      17.425      0.66     0.0000  
...          ...       ...        ...  
5862      25.760      0.88    26.0027  
5277      33.335      0.42    15.0013  
11032     24.240      0.36    30.0026  
10599     31.060      0.65    11.0014  
9500      14.395      0.52    16.9979  

[13903 rows x 12 columns]
<class 'pandas.core.frame.DataFrame'>
Traceback (most recent call last):
  File "/common/ketrong/tpotexp/env/lib/python3.10/site-packages/pandas/core/arrays/categorical.py", line 591, in astype
    new_cats = new_cats.astype(dtype=dtype, copy=copy)
ValueError: could not convert string to float: 'fall'

During handling of the above exception, another exception occurred:

Traceback (most recent call last):
  File "/common/ketrong/tpotexp/tpot2/ImputerExperiments/Locally_run_code/main.py", line 166, in <module>
    main()
  File "/common/ketrong/tpotexp/tpot2/ImputerExperiments/Locally_run_code/main.py", line 155, in main
    utils.loop_through_tasks(reg_experiments, regression_id_list, 
  File "/common/ketrong/tpotexp/tpot2/ImputerExperiments/Locally_run_code/utils.py", line 143, in loop_through_tasks
    X_train, y_train, X_test, y_test = load_task(base_save_folder=save_folder, task_id=taskid, r_or_c= r_or_c)
  File "/common/ketrong/tpotexp/tpot2/ImputerExperiments/Locally_run_code/utils.py", line 109, in load_task
    preprocessing_pipeline.fit(X_train)
  File "/common/ketrong/tpotexp/env/lib/python3.10/site-packages/sklearn/base.py", line 1473, in wrapper
    return fit_method(estimator, *args, **kwargs)
  File "/common/ketrong/tpotexp/env/lib/python3.10/site-packages/sklearn/pipeline.py", line 469, in fit
    Xt = self._fit(X, y, routed_params)
  File "/common/ketrong/tpotexp/env/lib/python3.10/site-packages/sklearn/pipeline.py", line 406, in _fit
    X, fitted_transformer = fit_transform_one_cached(
  File "/common/ketrong/tpotexp/env/lib/python3.10/site-packages/joblib/memory.py", line 312, in __call__
    return self.func(*args, **kwargs)
  File "/common/ketrong/tpotexp/env/lib/python3.10/site-packages/sklearn/pipeline.py", line 1310, in _fit_transform_one
    res = transformer.fit_transform(X, y, **params.get("fit_transform", {}))
  File "/common/ketrong/tpotexp/env/lib/python3.10/site-packages/sklearn/utils/_set_output.py", line 313, in wrapped
    data_to_wrap = f(self, X, *args, **kwargs)
  File "/common/ketrong/tpotexp/env/lib/python3.10/site-packages/sklearn/base.py", line 1098, in fit_transform
    return self.fit(X, **fit_params).transform(X)
  File "/common/ketrong/tpotexp/tpot2/tpot2/builtin_modules/imputer.py", line 114, in fit
    self.imputer.fit(X[self.columns_], y)
  File "/common/ketrong/tpotexp/env/lib/python3.10/site-packages/sklearn/base.py", line 1473, in wrapper
    return fit_method(estimator, *args, **kwargs)
  File "/common/ketrong/tpotexp/env/lib/python3.10/site-packages/sklearn/impute/_base.py", line 421, in fit
    X = self._validate_input(X, in_fit=True)
  File "/common/ketrong/tpotexp/env/lib/python3.10/site-packages/sklearn/impute/_base.py", line 350, in _validate_input
    raise ve
  File "/common/ketrong/tpotexp/env/lib/python3.10/site-packages/sklearn/impute/_base.py", line 332, in _validate_input
    X = self._validate_data(
  File "/common/ketrong/tpotexp/env/lib/python3.10/site-packages/sklearn/base.py", line 633, in _validate_data
    out = check_array(X, input_name="X", **check_params)
  File "/common/ketrong/tpotexp/env/lib/python3.10/site-packages/sklearn/utils/validation.py", line 929, in check_array
    array = array.astype(new_dtype)
  File "/common/ketrong/tpotexp/env/lib/python3.10/site-packages/pandas/core/generic.py", line 6643, in astype
    new_data = self._mgr.astype(dtype=dtype, copy=copy, errors=errors)
  File "/common/ketrong/tpotexp/env/lib/python3.10/site-packages/pandas/core/internals/managers.py", line 430, in astype
    return self.apply(
  File "/common/ketrong/tpotexp/env/lib/python3.10/site-packages/pandas/core/internals/managers.py", line 363, in apply
    applied = getattr(b, f)(**kwargs)
  File "/common/ketrong/tpotexp/env/lib/python3.10/site-packages/pandas/core/internals/blocks.py", line 758, in astype
    new_values = astype_array_safe(values, dtype, copy=copy, errors=errors)
  File "/common/ketrong/tpotexp/env/lib/python3.10/site-packages/pandas/core/dtypes/astype.py", line 237, in astype_array_safe
    new_values = astype_array(values, dtype, copy=copy)
  File "/common/ketrong/tpotexp/env/lib/python3.10/site-packages/pandas/core/dtypes/astype.py", line 179, in astype_array
    values = values.astype(dtype, copy=copy)
  File "/common/ketrong/tpotexp/env/lib/python3.10/site-packages/pandas/core/arrays/categorical.py", line 602, in astype
    raise ValueError(msg)
ValueError: Cannot cast object dtype to float64
srun: error: esplhpc-cp020: task 0: Exited with exit code 1
