Run: 5
/cm/local/apps/slurm/var/spool/job985072/slurm_script: line 26: 
pip install -e tpot2
pip install -r tpot2/ImputerExperiments/requirements_.txt
: No such file or directory
RunStart
Version 0.1.7a0 of tpot2 is outdated. Version 0.1.8a0 was released Tuesday September 17, 2024.
starting loops
../data/r/1213/1213.pkl
Traceback (most recent call last):
  File "/common/ketrong/tpotexp/env/lib/python3.10/site-packages/openml/datasets/dataset.py", line 542, in _cache_compressed_file_from_file
    data = pd.read_parquet(data_file)
  File "/common/ketrong/tpotexp/env/lib/python3.10/site-packages/pandas/io/parquet.py", line 667, in read_parquet
    return impl.read(
  File "/common/ketrong/tpotexp/env/lib/python3.10/site-packages/pandas/io/parquet.py", line 267, in read
    path_or_handle, handles, filesystem = _get_path_or_handle(
  File "/common/ketrong/tpotexp/env/lib/python3.10/site-packages/pandas/io/parquet.py", line 140, in _get_path_or_handle
    handles = get_handle(
  File "/common/ketrong/tpotexp/env/lib/python3.10/site-packages/pandas/io/common.py", line 882, in get_handle
    handle = open(handle, ioargs.mode)
FileNotFoundError: [Errno 2] No such file or directory: '/home/ketrong/.cache/openml/org/openml/www/datasets/1213/dataset_1213.pq'

The above exception was the direct cause of the following exception:

Traceback (most recent call last):
  File "/common/ketrong/tpotexp/tpot2/ImputerExperiments/Locally_run_code/main4.py", line 166, in <module>
    main()
  File "/common/ketrong/tpotexp/tpot2/ImputerExperiments/Locally_run_code/main4.py", line 155, in main
    utils.loop_through_tasks(reg_experiments, regression_id_list, 
  File "/common/ketrong/tpotexp/tpot2/ImputerExperiments/Locally_run_code/utils.py", line 143, in loop_through_tasks
    X_train, y_train, X_test, y_test = load_task(base_save_folder=save_folder, task_id=taskid, r_or_c= r_or_c)
  File "/common/ketrong/tpotexp/tpot2/ImputerExperiments/Locally_run_code/utils.py", line 86, in load_task
    X, y, _, _  = task.get_data(dataset_format="dataframe")
  File "/common/ketrong/tpotexp/env/lib/python3.10/site-packages/openml/datasets/dataset.py", line 793, in get_data
    data, categorical, attribute_names = self._load_data()
  File "/common/ketrong/tpotexp/env/lib/python3.10/site-packages/openml/datasets/dataset.py", line 586, in _load_data
    return self._cache_compressed_file_from_file(Path(file_to_load))
  File "/common/ketrong/tpotexp/env/lib/python3.10/site-packages/openml/datasets/dataset.py", line 544, in _cache_compressed_file_from_file
    raise Exception(f"File: {data_file}") from e
Exception: File: /home/ketrong/.cache/openml/org/openml/www/datasets/1213/dataset_1213.pq
srun: error: esplhpc-cp010: task 0: Exited with exit code 1
