Run: 11
/cm/local/apps/slurm/var/spool/job967558/slurm_script: line 26: 
pip install -e tpot2
pip install -r tpot2/ImputerExperiments/requirements_.txt
: No such file or directory
RunStart
Version 0.1.7a0 of tpot2 is outdated. Version 0.1.8a0 was released 4 days ago.
starting loops
../data/r/198/198.pkl
working on 
../data/r/198/reg_full_MNAR_0.3_1
3.057112455368042
running experiment 1/3 - Does large hyperparameter space improve reconstruction accuracy over simple
[I 2024-09-22 10:46:16,204] A new study created in memory with name: no-name-112e4418-d89e-4d3d-a605-e8b32a47775c
running
running
running
running
running
running
running
running
running
running
running
running
running
running
running
running
[I 2024-09-22 10:46:16,399] Trial 10 finished with value: 0.17766330588290627 and parameters: {'model_name': 'SimpleImputer', 'strategy': 'mean'}. Best is trial 10 with value: 0.17766330588290627.
running
[I 2024-09-22 10:46:16,528] Trial 12 finished with value: 0.45196577397720644 and parameters: {'model_name': 'SimpleImputer', 'strategy': 'constant'}. Best is trial 10 with value: 0.17766330588290627.
[I 2024-09-22 10:46:16,652] Trial 11 finished with value: 0.13727300775112306 and parameters: {'model_name': 'SimpleImputer', 'strategy': 'median'}. Best is trial 11 with value: 0.13727300775112306.
running
[I 2024-09-22 10:46:16,752] Trial 9 finished with value: 0.13727300775112306 and parameters: {'model_name': 'SimpleImputer', 'strategy': 'median'}. Best is trial 11 with value: 0.13727300775112306.
running
running
[I 2024-09-22 10:46:18,201] Trial 18 finished with value: 0.19782453257121127 and parameters: {'model_name': 'KNNImputer', 'n_neighbors': 72, 'weights': 'distance'}. Best is trial 11 with value: 0.13727300775112306.
running
[I 2024-09-22 10:46:18,385] Trial 20 finished with value: 0.13727300775112306 and parameters: {'model_name': 'SimpleImputer', 'strategy': 'median'}. Best is trial 11 with value: 0.13727300775112306.
running
[I 2024-09-22 10:46:18,622] Trial 17 finished with value: 0.1990805126496144 and parameters: {'model_name': 'KNNImputer', 'n_neighbors': 987, 'weights': 'distance'}. Best is trial 11 with value: 0.13727300775112306.
running
[I 2024-09-22 10:46:18,774] Trial 22 finished with value: 0.45196577397720644 and parameters: {'model_name': 'SimpleImputer', 'strategy': 'constant'}. Best is trial 11 with value: 0.13727300775112306.
running
[I 2024-09-22 10:46:20,160] Trial 23 finished with value: 0.1750169517901164 and parameters: {'model_name': 'KNNImputer', 'n_neighbors': 2487, 'weights': 'uniform'}. Best is trial 11 with value: 0.13727300775112306.
running
[I 2024-09-22 10:46:20,343] Trial 24 finished with value: 0.4077173468083856 and parameters: {'model_name': 'SimpleImputer', 'strategy': 'most_frequent'}. Best is trial 11 with value: 0.13727300775112306.
running
[I 2024-09-22 10:46:20,771] Trial 4 finished with value: 0.2828813049680967 and parameters: {'model_name': 'IterativeImputer', 'estimator': 'Bayesian', 'initial_strategy': 'median', 'n_nearest_features': 2, 'imputation_order': 'ascending', 'sample_posterior': True}. Best is trial 11 with value: 0.13727300775112306.
running
[I 2024-09-22 10:46:32,163] Trial 6 finished with value: 0.1314432772820408 and parameters: {'model_name': 'VAE', 'batch_size': 416, 'iterations': 1, 'learning_rate': 0.0016792092459496438, 'p_miss': 0.07136844833908652}. Best is trial 6 with value: 0.1314432772820408.
running
[I 2024-09-22 10:46:36,700] Trial 8 finished with value: 0.129624666366768 and parameters: {'model_name': 'VAE', 'batch_size': 387, 'iterations': 2, 'learning_rate': 0.0006817377617490633, 'p_miss': 0.042800851790837535}. Best is trial 8 with value: 0.129624666366768.
running
[I 2024-09-22 10:46:39,511] Trial 27 finished with value: 0.13556232986348596 and parameters: {'model_name': 'VAE', 'batch_size': 530, 'iterations': 1, 'learning_rate': 0.0015937565031153924, 'p_miss': 0.04638256962093634}. Best is trial 8 with value: 0.129624666366768.
running
[I 2024-09-22 10:46:42,911] Trial 16 finished with value: 0.4199278196433688 and parameters: {'model_name': 'GAIN', 'batch_size': 597, 'hint_rate': 0.8717566301455391, 'alpha': 94, 'iterations': 10, 'learning_rate': 0.009167893140774343, 'p_miss': 0.030586792569451633}. Best is trial 8 with value: 0.129624666366768.
running
[I 2024-09-22 10:46:46,277] Trial 29 finished with value: 0.13365506061742097 and parameters: {'model_name': 'VAE', 'batch_size': 417, 'iterations': 1, 'learning_rate': 0.0006813068841724126, 'p_miss': 0.0581547965203794}. Best is trial 8 with value: 0.129624666366768.
running
[I 2024-09-22 10:46:47,367] Trial 0 finished with value: 0.13405937497577822 and parameters: {'model_name': 'VAE', 'batch_size': 1, 'iterations': 7, 'learning_rate': 0.0043439468991621, 'p_miss': 0.25532169856296344}. Best is trial 8 with value: 0.129624666366768.
running
[I 2024-09-22 10:46:47,611] Trial 30 finished with value: 0.13713974302061058 and parameters: {'model_name': 'VAE', 'batch_size': 31, 'iterations': 1, 'learning_rate': 0.00013437931466687487, 'p_miss': 0.12381920081902983}. Best is trial 8 with value: 0.129624666366768.
running
[I 2024-09-22 10:46:48,189] Trial 28 finished with value: 0.13075409510757968 and parameters: {'model_name': 'VAE', 'batch_size': 566, 'iterations': 1, 'learning_rate': 0.0009915495383426055, 'p_miss': 0.04635639943140296}. Best is trial 8 with value: 0.129624666366768.
running
[I 2024-09-22 10:46:54,990] Trial 15 finished with value: 0.19312981822823488 and parameters: {'model_name': 'VAE', 'batch_size': 31, 'iterations': 8, 'learning_rate': 0.07804840249466244, 'p_miss': 0.2685620538051277}. Best is trial 8 with value: 0.129624666366768.
running
[I 2024-09-22 10:47:07,560] Trial 19 finished with value: 0.14051970291378935 and parameters: {'model_name': 'VAE', 'batch_size': 120, 'iterations': 14, 'learning_rate': 0.0004098890003770594, 'p_miss': 0.2058700504189267}. Best is trial 8 with value: 0.129624666366768.
running
[I 2024-09-22 10:47:24,868] Trial 5 finished with value: 0.41573812759992057 and parameters: {'model_name': 'GAIN', 'batch_size': 44, 'hint_rate': 0.12301955819288903, 'alpha': 25, 'iterations': 42, 'learning_rate': 0.00037277209866436753, 'p_miss': 0.09461732435992166}. Best is trial 8 with value: 0.129624666366768.
running
[I 2024-09-22 10:49:24,301] Trial 25 finished with value: 0.21562334838241332 and parameters: {'model_name': 'VAE', 'batch_size': 1, 'iterations': 58, 'learning_rate': 0.011298229076406183, 'p_miss': 0.26377688278591316}. Best is trial 8 with value: 0.129624666366768.
running
[I 2024-09-22 10:53:27,572] Trial 26 finished with value: 0.19316140790353753 and parameters: {'model_name': 'VAE', 'batch_size': 221, 'iterations': 136, 'learning_rate': 0.0031133244810761054, 'p_miss': 0.056364199014237254}. Best is trial 8 with value: 0.129624666366768.
running
[I 2024-09-22 10:53:42,461] Trial 39 finished with value: 0.1961170449720915 and parameters: {'model_name': 'IterativeImputer', 'estimator': 'KNN', 'initial_strategy': 'mean', 'n_nearest_features': 6, 'imputation_order': 'roman'}. Best is trial 8 with value: 0.129624666366768.
running
[I 2024-09-22 10:55:32,861] Trial 36 finished with value: 0.1896930325142417 and parameters: {'model_name': 'VAE', 'batch_size': 153, 'iterations': 132, 'learning_rate': 0.0012276235212499585, 'p_miss': 0.1010315587883069}. Best is trial 8 with value: 0.129624666366768.
running
[I 2024-09-22 11:00:04,853] Trial 1 finished with value: 0.19273708431242143 and parameters: {'model_name': 'VAE', 'batch_size': 73, 'iterations': 346, 'learning_rate': 0.0022728372775348434, 'p_miss': 0.11408389570815458}. Best is trial 8 with value: 0.129624666366768.
running
[I 2024-09-22 11:04:46,643] Trial 2 finished with value: 0.19001176753671017 and parameters: {'model_name': 'IterativeImputer', 'estimator': 'RFR', 'initial_strategy': 'median', 'n_nearest_features': 6, 'imputation_order': 'roman'}. Best is trial 8 with value: 0.129624666366768.
running
[I 2024-09-22 11:06:33,401] Trial 14 finished with value: 0.19021736388989444 and parameters: {'model_name': 'IterativeImputer', 'estimator': 'RFR', 'initial_strategy': 'constant', 'n_nearest_features': 5, 'imputation_order': 'ascending'}. Best is trial 8 with value: 0.129624666366768.
running
[I 2024-09-22 11:09:51,369] Trial 38 finished with value: 0.1899934925038745 and parameters: {'model_name': 'IterativeImputer', 'estimator': 'RFR', 'initial_strategy': 'constant', 'n_nearest_features': 6, 'imputation_order': 'roman'}. Best is trial 8 with value: 0.129624666366768.
running
[I 2024-09-22 11:42:49,570] Trial 34 finished with value: 0.41342644603484924 and parameters: {'model_name': 'GAIN', 'batch_size': 42, 'hint_rate': 0.10597747126413104, 'alpha': 2, 'iterations': 2123, 'learning_rate': 0.0002585253244905847, 'p_miss': 0.15848454261951314}. Best is trial 8 with value: 0.129624666366768.
running
[I 2024-09-22 11:43:00,340] Trial 46 finished with value: 0.12533752112241936 and parameters: {'model_name': 'VAE', 'batch_size': 921, 'iterations': 1, 'learning_rate': 0.0008159946222969157, 'p_miss': 0.010253422177466984}. Best is trial 46 with value: 0.12533752112241936.
running
[I 2024-09-22 11:43:20,986] Trial 47 finished with value: 0.13098019542702222 and parameters: {'model_name': 'VAE', 'batch_size': 986, 'iterations': 3, 'learning_rate': 0.0007991155732961921, 'p_miss': 0.012616407554568505}. Best is trial 46 with value: 0.12533752112241936.
running
[I 2024-09-22 11:43:41,073] Trial 48 finished with value: 0.14528355666072978 and parameters: {'model_name': 'VAE', 'batch_size': 918, 'iterations': 2, 'learning_rate': 0.0007939713071581141, 'p_miss': 0.016470347338650396}. Best is trial 46 with value: 0.12533752112241936.
running
[I 2024-09-22 11:43:54,081] Trial 49 finished with value: 0.13033111053206167 and parameters: {'model_name': 'VAE', 'batch_size': 7, 'iterations': 3, 'learning_rate': 0.0006921585155918226, 'p_miss': 0.01295855254748643}. Best is trial 46 with value: 0.12533752112241936.
running
[I 2024-09-22 11:44:06,849] Trial 50 finished with value: 0.14092927592802368 and parameters: {'model_name': 'VAE', 'batch_size': 6, 'iterations': 3, 'learning_rate': 0.00020580749299828284, 'p_miss': 0.020622321910727937}. Best is trial 46 with value: 0.12533752112241936.
running
[I 2024-09-22 11:44:21,270] Trial 51 finished with value: 0.13341195163644115 and parameters: {'model_name': 'VAE', 'batch_size': 8, 'iterations': 3, 'learning_rate': 0.0005149714148754143, 'p_miss': 0.07533338189493005}. Best is trial 46 with value: 0.12533752112241936.
running
[I 2024-09-22 11:44:29,192] Trial 52 finished with value: 0.13157339380663663 and parameters: {'model_name': 'VAE', 'batch_size': 10, 'iterations': 2, 'learning_rate': 0.0011213101673746366, 'p_miss': 0.052780981707783475}. Best is trial 46 with value: 0.12533752112241936.
running
[I 2024-09-22 11:45:01,898] Trial 35 finished with value: 0.41620982651606625 and parameters: {'model_name': 'GAIN', 'batch_size': 95, 'hint_rate': 0.046177499299411895, 'alpha': 3, 'iterations': 2166, 'learning_rate': 0.000292794348681739, 'p_miss': 0.1458922260015834}. Best is trial 46 with value: 0.12533752112241936.
running
[I 2024-09-22 11:45:34,224] Trial 53 finished with value: 0.1427239327916184 and parameters: {'model_name': 'VAE', 'batch_size': 3, 'iterations': 19, 'learning_rate': 0.005186222010844898, 'p_miss': 0.03662016317300093}. Best is trial 46 with value: 0.12533752112241936.
running
[I 2024-09-22 11:46:08,587] Trial 55 finished with value: 0.1325490301446896 and parameters: {'model_name': 'VAE', 'batch_size': 336, 'iterations': 5, 'learning_rate': 0.0001392769594010285, 'p_miss': 0.013037636281106555}. Best is trial 46 with value: 0.12533752112241936.
running
[I 2024-09-22 11:46:28,249] Trial 56 finished with value: 0.13636586474508938 and parameters: {'model_name': 'VAE', 'batch_size': 964, 'iterations': 2, 'learning_rate': 0.0007857272749465367, 'p_miss': 0.010754625285579961}. Best is trial 46 with value: 0.12533752112241936.
running
[I 2024-09-22 11:46:37,418] Trial 54 finished with value: 0.13421732822876176 and parameters: {'model_name': 'VAE', 'batch_size': 4, 'iterations': 26, 'learning_rate': 0.0007331381771664031, 'p_miss': 0.035168805449267926}. Best is trial 46 with value: 0.12533752112241936.
running
[I 2024-09-22 11:47:00,097] Trial 58 finished with value: 0.1289970861492398 and parameters: {'model_name': 'VAE', 'batch_size': 235, 'iterations': 4, 'learning_rate': 0.0010561638318251998, 'p_miss': 0.07959597908008317}. Best is trial 46 with value: 0.12533752112241936.
running
[I 2024-09-22 11:47:06,531] Trial 57 finished with value: 0.1303204320828721 and parameters: {'model_name': 'VAE', 'batch_size': 865, 'iterations': 4, 'learning_rate': 0.0005241788626978851, 'p_miss': 0.035804957368278836}. Best is trial 46 with value: 0.12533752112241936.
running
[I 2024-09-22 11:47:06,897] Trial 59 finished with value: 0.1346986871306857 and parameters: {'model_name': 'VAE', 'batch_size': 215, 'iterations': 1, 'learning_rate': 0.0020844703404536225, 'p_miss': 0.061411664527724646}. Best is trial 46 with value: 0.12533752112241936.
running
[I 2024-09-22 11:47:11,939] Trial 61 finished with value: 0.17766330588290627 and parameters: {'model_name': 'KNNImputer', 'n_neighbors': 7594, 'weights': 'uniform'}. Best is trial 46 with value: 0.12533752112241936.
running
[I 2024-09-22 11:47:40,646] Trial 62 finished with value: 0.1316873366111114 and parameters: {'model_name': 'VAE', 'batch_size': 261, 'iterations': 5, 'learning_rate': 0.00046579174429346227, 'p_miss': 0.08179441590061096}. Best is trial 46 with value: 0.12533752112241936.
running
[I 2024-09-22 11:47:42,943] Trial 60 finished with value: 0.1304407538038365 and parameters: {'model_name': 'VAE', 'batch_size': 285, 'iterations': 5, 'learning_rate': 0.0005132327167713054, 'p_miss': 0.08062029624478921}. Best is trial 46 with value: 0.12533752112241936.
running
[I 2024-09-22 11:47:51,727] Trial 63 finished with value: 0.17733949639763114 and parameters: {'model_name': 'IterativeImputer', 'estimator': 'Ridge', 'initial_strategy': 'most_frequent', 'n_nearest_features': 1, 'imputation_order': 'random'}. Best is trial 46 with value: 0.12533752112241936.
running
[I 2024-09-22 11:47:53,570] Trial 64 finished with value: 0.17719988856123126 and parameters: {'model_name': 'IterativeImputer', 'estimator': 'Ridge', 'initial_strategy': 'most_frequent', 'n_nearest_features': 1, 'imputation_order': 'descending'}. Best is trial 46 with value: 0.12533752112241936.
running
[I 2024-09-22 11:48:09,565] Trial 65 finished with value: 0.40658372815471555 and parameters: {'model_name': 'GAIN', 'batch_size': 12, 'hint_rate': 0.933542111167459, 'alpha': 79, 'iterations': 8, 'learning_rate': 0.0014046531776796105, 'p_miss': 0.204316705393781}. Best is trial 46 with value: 0.12533752112241936.
running
[I 2024-09-22 11:48:12,045] Trial 66 finished with value: 0.13604682534803372 and parameters: {'model_name': 'VAE', 'batch_size': 17, 'iterations': 5, 'learning_rate': 0.0005022153169991135, 'p_miss': 0.036280772068973496}. Best is trial 46 with value: 0.12533752112241936.
running
[I 2024-09-22 11:48:22,966] Trial 68 finished with value: 0.13103178099074916 and parameters: {'model_name': 'VAE', 'batch_size': 641, 'iterations': 2, 'learning_rate': 0.00020320008392485584, 'p_miss': 0.08446888807407392}. Best is trial 46 with value: 0.12533752112241936.
running
[I 2024-09-22 11:48:32,842] Trial 67 finished with value: 0.13281849776854004 and parameters: {'model_name': 'VAE', 'batch_size': 543, 'iterations': 4, 'learning_rate': 0.0005262653552626746, 'p_miss': 0.037886065786997616}. Best is trial 46 with value: 0.12533752112241936.
running
[I 2024-09-22 11:48:46,681] Trial 69 finished with value: 0.14076874864782524 and parameters: {'model_name': 'VAE', 'batch_size': 344, 'iterations': 4, 'learning_rate': 0.00032686162165774076, 'p_miss': 0.03020740473620631}. Best is trial 46 with value: 0.12533752112241936.
running
[I 2024-09-22 11:48:50,875] Trial 71 finished with value: 0.17766330588290627 and parameters: {'model_name': 'KNNImputer', 'n_neighbors': 6033, 'weights': 'uniform'}. Best is trial 46 with value: 0.12533752112241936.
running
[I 2024-09-22 11:49:42,833] Trial 72 finished with value: 0.15004434691243107 and parameters: {'model_name': 'VAE', 'batch_size': 181, 'iterations': 9, 'learning_rate': 0.0028069628570460566, 'p_miss': 0.10393696788867017}. Best is trial 46 with value: 0.12533752112241936.
running
[I 2024-09-22 11:49:53,273] Trial 73 finished with value: 0.13254680971230298 and parameters: {'model_name': 'VAE', 'batch_size': 78, 'iterations': 2, 'learning_rate': 0.00037342171825338827, 'p_miss': 0.06702731241938426}. Best is trial 46 with value: 0.12533752112241936.
running
[I 2024-09-22 11:49:54,568] Trial 74 finished with value: 0.4077173468083856 and parameters: {'model_name': 'SimpleImputer', 'strategy': 'most_frequent'}. Best is trial 46 with value: 0.12533752112241936.
running
[I 2024-09-22 11:50:35,380] Trial 75 finished with value: 0.12682320717269718 and parameters: {'model_name': 'VAE', 'batch_size': 2, 'iterations': 13, 'learning_rate': 0.0018881706048683557, 'p_miss': 0.13191099438212048}. Best is trial 46 with value: 0.12533752112241936.
running
[I 2024-09-22 11:51:28,981] Trial 76 finished with value: 0.1322100879252148 and parameters: {'model_name': 'VAE', 'batch_size': 2, 'iterations': 15, 'learning_rate': 0.0019944173322257513, 'p_miss': 0.12242322183913618}. Best is trial 46 with value: 0.12533752112241936.
running
[I 2024-09-22 11:51:57,203] Trial 77 finished with value: 0.13096610150079485 and parameters: {'model_name': 'VAE', 'batch_size': 1, 'iterations': 7, 'learning_rate': 0.004935350940918236, 'p_miss': 0.14707178158566392}. Best is trial 46 with value: 0.12533752112241936.
running
[I 2024-09-22 11:53:13,142] Trial 78 finished with value: 0.1322922686465821 and parameters: {'model_name': 'VAE', 'batch_size': 2, 'iterations': 24, 'learning_rate': 0.0012198786738143617, 'p_miss': 0.08743204186677461}. Best is trial 46 with value: 0.12533752112241936.
running
[I 2024-09-22 11:54:45,299] Trial 79 finished with value: 0.18979808028153575 and parameters: {'model_name': 'VAE', 'batch_size': 720, 'iterations': 11, 'learning_rate': 0.08088750266903329, 'p_miss': 0.16525701115607888}. Best is trial 46 with value: 0.12533752112241936.
running
[I 2024-09-22 11:57:39,376] Trial 80 finished with value: 0.13618799827533729 and parameters: {'model_name': 'VAE', 'batch_size': 389, 'iterations': 36, 'learning_rate': 0.0005997249068565469, 'p_miss': 0.02852007250853357}. Best is trial 46 with value: 0.12533752112241936.
running
[I 2024-09-22 11:57:48,887] Trial 81 finished with value: 0.4152615956383442 and parameters: {'model_name': 'GAIN', 'batch_size': 271, 'hint_rate': 0.49822881681608217, 'alpha': 58, 'iterations': 3, 'learning_rate': 0.0010575854630983992, 'p_miss': 0.1908641931001741}. Best is trial 46 with value: 0.12533752112241936.
running
[I 2024-09-22 11:58:27,085] Trial 82 finished with value: 0.19860352400008435 and parameters: {'model_name': 'VAE', 'batch_size': 133, 'iterations': 6, 'learning_rate': 0.04120072365068905, 'p_miss': 0.06776984647396565}. Best is trial 46 with value: 0.12533752112241936.
running
[I 2024-09-22 11:58:33,867] Trial 83 finished with value: 0.20040041941001197 and parameters: {'model_name': 'KNNImputer', 'n_neighbors': 4238, 'weights': 'distance'}. Best is trial 46 with value: 0.12533752112241936.
running
[I 2024-09-22 11:58:53,367] Trial 84 finished with value: 0.1368338845249306 and parameters: {'model_name': 'VAE', 'batch_size': 498, 'iterations': 1, 'learning_rate': 0.0015257646796824165, 'p_miss': 0.05263084834230525}. Best is trial 46 with value: 0.12533752112241936.
running
[I 2024-09-22 11:58:53,792] Trial 85 finished with value: 0.17766330588290627 and parameters: {'model_name': 'SimpleImputer', 'strategy': 'mean'}. Best is trial 46 with value: 0.12533752112241936.
running
[I 2024-09-22 12:08:19,288] Trial 42 finished with value: 0.19409586924980085 and parameters: {'model_name': 'VAE', 'batch_size': 6, 'iterations': 1600, 'learning_rate': 0.00019522101819172358, 'p_miss': 0.16924036984072915}. Best is trial 46 with value: 0.12533752112241936.
running
[I 2024-09-22 12:08:28,911] Trial 87 finished with value: 0.12759315911075514 and parameters: {'model_name': 'VAE', 'batch_size': 724, 'iterations': 1, 'learning_rate': 0.0009150667679589478, 'p_miss': 0.04832585002676723}. Best is trial 46 with value: 0.12533752112241936.
running
[I 2024-09-22 12:08:51,627] Trial 88 finished with value: 0.1316322684704252 and parameters: {'model_name': 'VAE', 'batch_size': 735, 'iterations': 2, 'learning_rate': 0.000925937900469402, 'p_miss': 0.046664413379758456}. Best is trial 46 with value: 0.12533752112241936.
running
[I 2024-09-22 12:08:57,909] Trial 89 finished with value: 0.13976181132174004 and parameters: {'model_name': 'VAE', 'batch_size': 404, 'iterations': 1, 'learning_rate': 0.000633972811103759, 'p_miss': 0.28366770135238384}. Best is trial 46 with value: 0.12533752112241936.
running
[I 2024-09-22 12:15:05,846] Trial 37 finished with value: 0.19266160182930955 and parameters: {'model_name': 'VAE', 'batch_size': 172, 'iterations': 1658, 'learning_rate': 0.0017191391750458055, 'p_miss': 0.02242658532067307}. Best is trial 46 with value: 0.12533752112241936.
running
[I 2024-09-22 12:15:27,863] Trial 91 finished with value: 0.13485050766513895 and parameters: {'model_name': 'VAE', 'batch_size': 717, 'iterations': 3, 'learning_rate': 0.00040060026233907243, 'p_miss': 0.10502395313495562}. Best is trial 46 with value: 0.12533752112241936.
running
[I 2024-09-22 12:16:43,663] Trial 92 finished with value: 0.13142887151860166 and parameters: {'model_name': 'VAE', 'batch_size': 494, 'iterations': 12, 'learning_rate': 0.000928888617789412, 'p_miss': 0.07341266851663986}. Best is trial 46 with value: 0.12533752112241936.
running
[I 2024-09-22 12:21:49,614] Trial 32 finished with value: 0.17843746090507634 and parameters: {'model_name': 'VAE', 'batch_size': 41, 'iterations': 1770, 'learning_rate': 0.00011469648436588734, 'p_miss': 0.13984085256668932}. Best is trial 46 with value: 0.12533752112241936.
running
[I 2024-09-22 12:25:58,258] Trial 93 finished with value: 0.19010471885090258 and parameters: {'model_name': 'VAE', 'batch_size': 770, 'iterations': 103, 'learning_rate': 0.0037958151420212343, 'p_miss': 0.23659036185141494}. Best is trial 46 with value: 0.12533752112241936.
running
[I 2024-09-22 12:28:28,124] Trial 31 finished with value: 0.18616830425708206 and parameters: {'model_name': 'VAE', 'batch_size': 10, 'iterations': 1898, 'learning_rate': 0.00015737950403040235, 'p_miss': 0.19120443446152885}. Best is trial 46 with value: 0.12533752112241936.
running
[I 2024-09-22 12:28:37,019] Trial 96 finished with value: 0.13560418451695405 and parameters: {'model_name': 'VAE', 'batch_size': 304, 'iterations': 1, 'learning_rate': 0.0009241959308329232, 'p_miss': 0.04606100766229215}. Best is trial 46 with value: 0.12533752112241936.
running
[I 2024-09-22 12:28:50,914] Trial 97 finished with value: 0.1315646052416466 and parameters: {'model_name': 'VAE', 'batch_size': 526, 'iterations': 2, 'learning_rate': 0.0006261061633882737, 'p_miss': 0.0271428074650099}. Best is trial 46 with value: 0.12533752112241936.
running
[I 2024-09-22 12:29:19,121] Trial 98 finished with value: 0.13016200654470877 and parameters: {'model_name': 'VAE', 'batch_size': 963, 'iterations': 4, 'learning_rate': 0.0012960364945341712, 'p_miss': 0.044060984057327536}. Best is trial 46 with value: 0.12533752112241936.
running
[I 2024-09-22 12:41:51,690] Trial 13 finished with value: 0.19106305257642558 and parameters: {'model_name': 'VAE', 'batch_size': 144, 'iterations': 1982, 'learning_rate': 0.00022273000700554627, 'p_miss': 0.039900296510479515}. Best is trial 46 with value: 0.12533752112241936.
running
[I 2024-09-22 12:42:26,412] Trial 100 finished with value: 0.1441893010869034 and parameters: {'model_name': 'VAE', 'batch_size': 983, 'iterations': 4, 'learning_rate': 0.00255306676763276, 'p_miss': 0.059037470050713255}. Best is trial 46 with value: 0.12533752112241936.
running
[I 2024-09-22 12:46:14,679] Trial 101 finished with value: inf and parameters: {'model_name': 'GAIN', 'batch_size': 22, 'hint_rate': 0.5299944838620886, 'alpha': 44, 'iterations': 688, 'learning_rate': 0.0011725291808918346, 'p_miss': 0.0228124294663005}. Best is trial 46 with value: 0.12533752112241936.
running
[I 2024-09-22 12:46:24,408] Trial 94 finished with value: 0.19120230733965599 and parameters: {'model_name': 'VAE', 'batch_size': 279, 'iterations': 305, 'learning_rate': 0.0025103930183973263, 'p_miss': 0.04369859082757445}. Best is trial 46 with value: 0.12533752112241936.
running
[I 2024-09-22 12:46:36,090] Trial 102 finished with value: 0.17602186657492513 and parameters: {'model_name': 'IterativeImputer', 'estimator': 'Bayesian', 'initial_strategy': 'mean', 'n_nearest_features': 3, 'imputation_order': 'arabic', 'sample_posterior': False}. Best is trial 46 with value: 0.12533752112241936.
running
[I 2024-09-22 12:46:41,077] Trial 103 finished with value: 0.19500101713994714 and parameters: {'model_name': 'IterativeImputer', 'estimator': 'KNN', 'initial_strategy': 'mean', 'n_nearest_features': 3, 'imputation_order': 'arabic'}. Best is trial 46 with value: 0.12533752112241936.
running
[I 2024-09-22 12:47:10,968] Trial 105 finished with value: 0.13103773717162154 and parameters: {'model_name': 'VAE', 'batch_size': 801, 'iterations': 3, 'learning_rate': 0.0018219642014368142, 'p_miss': 0.12804259050683664}. Best is trial 46 with value: 0.12533752112241936.
running
[I 2024-09-22 12:47:12,209] Trial 90 finished with value: 0.1883602329052047 and parameters: {'model_name': 'VAE', 'batch_size': 798, 'iterations': 604, 'learning_rate': 0.0003829822047976864, 'p_miss': 0.024766767387932865}. Best is trial 46 with value: 0.12533752112241936.
running
[I 2024-09-22 12:47:28,138] Trial 107 finished with value: 0.1350549210470727 and parameters: {'model_name': 'VAE', 'batch_size': 424, 'iterations': 4, 'learning_rate': 0.0008033554750243773, 'p_miss': 0.050446120663959405}. Best is trial 46 with value: 0.12533752112241936.
running
[I 2024-09-22 12:47:56,782] Trial 106 finished with value: 0.13071387964464215 and parameters: {'model_name': 'VAE', 'batch_size': 577, 'iterations': 7, 'learning_rate': 0.0013748046019928161, 'p_miss': 0.04939957518109368}. Best is trial 46 with value: 0.12533752112241936.
running
[I 2024-09-22 12:48:14,399] Trial 108 finished with value: 0.1357481936416309 and parameters: {'model_name': 'VAE', 'batch_size': 593, 'iterations': 7, 'learning_rate': 0.0014709970635209606, 'p_miss': 0.06211670352894723}. Best is trial 46 with value: 0.12533752112241936.
running
[I 2024-09-22 12:48:37,561] Trial 110 finished with value: 0.13296968820653407 and parameters: {'model_name': 'VAE', 'batch_size': 213, 'iterations': 6, 'learning_rate': 0.0006846449237128653, 'p_miss': 0.09459527573316343}. Best is trial 46 with value: 0.12533752112241936.
running
[I 2024-09-22 12:48:38,433] Trial 111 finished with value: 0.4077173468083856 and parameters: {'model_name': 'SimpleImputer', 'strategy': 'most_frequent'}. Best is trial 46 with value: 0.12533752112241936.
running
[I 2024-09-22 12:49:03,322] Trial 109 finished with value: 0.13282737789360102 and parameters: {'model_name': 'VAE', 'batch_size': 614, 'iterations': 6, 'learning_rate': 0.001391398582142085, 'p_miss': 0.010220641854566403}. Best is trial 46 with value: 0.12533752112241936.
running
[I 2024-09-22 12:49:09,317] Trial 113 finished with value: 0.20040934351780865 and parameters: {'model_name': 'KNNImputer', 'n_neighbors': 4268, 'weights': 'distance'}. Best is trial 46 with value: 0.12533752112241936.
running
[I 2024-09-22 12:49:51,532] Trial 114 finished with value: 0.13358134070184646 and parameters: {'model_name': 'VAE', 'batch_size': 487, 'iterations': 9, 'learning_rate': 0.0005315782694075451, 'p_miss': 0.038985941984005915}. Best is trial 46 with value: 0.12533752112241936.
running
[I 2024-09-22 12:50:39,529] Trial 115 finished with value: 0.14290473288476715 and parameters: {'model_name': 'VAE', 'batch_size': 3, 'iterations': 15, 'learning_rate': 0.0002625339439733881, 'p_miss': 0.01969219407528929}. Best is trial 46 with value: 0.12533752112241936.
running
[I 2024-09-22 13:00:29,979] Trial 41 finished with value: 0.1892080279490576 and parameters: {'model_name': 'VAE', 'batch_size': 946, 'iterations': 1637, 'learning_rate': 0.00018357428019700824, 'p_miss': 0.014802358594905425}. Best is trial 46 with value: 0.12533752112241936.
running
[I 2024-09-22 13:00:49,652] Trial 117 finished with value: 0.1349666706570951 and parameters: {'model_name': 'VAE', 'batch_size': 633, 'iterations': 2, 'learning_rate': 0.0010645516288118888, 'p_miss': 0.05551827596395893}. Best is trial 46 with value: 0.12533752112241936.
running
[I 2024-09-22 13:01:03,634] Trial 118 finished with value: 0.13617050559951344 and parameters: {'model_name': 'VAE', 'batch_size': 55, 'iterations': 3, 'learning_rate': 0.000903920165009645, 'p_miss': 0.03332324794221824}. Best is trial 46 with value: 0.12533752112241936.
running
[I 2024-09-22 13:52:34,422] Trial 44 finished with value: 0.18904353607235175 and parameters: {'model_name': 'VAE', 'batch_size': 939, 'iterations': 1889, 'learning_rate': 0.00017119834552809977, 'p_miss': 0.012172573197339387}. Best is trial 46 with value: 0.12533752112241936.
running
[I 2024-09-22 13:53:24,095] Trial 120 finished with value: 0.13016720828417633 and parameters: {'model_name': 'VAE', 'batch_size': 381, 'iterations': 5, 'learning_rate': 0.001767525801384979, 'p_miss': 0.07519935575842279}. Best is trial 46 with value: 0.12533752112241936.
running
[I 2024-09-22 13:54:02,361] Trial 121 finished with value: 0.1310426607365877 and parameters: {'model_name': 'VAE', 'batch_size': 360, 'iterations': 4, 'learning_rate': 0.0018466226153726168, 'p_miss': 0.07534423883371738}. Best is trial 46 with value: 0.12533752112241936.
running
[I 2024-09-22 13:54:49,934] Trial 122 finished with value: 0.1431360912725528 and parameters: {'model_name': 'VAE', 'batch_size': 406, 'iterations': 5, 'learning_rate': 0.0036133652622525755, 'p_miss': 0.09266510514241338}. Best is trial 46 with value: 0.12533752112241936.
running
[I 2024-09-22 13:55:34,451] Trial 123 finished with value: 0.14009631253848212 and parameters: {'model_name': 'VAE', 'batch_size': 105, 'iterations': 10, 'learning_rate': 0.0013634139451861543, 'p_miss': 0.11427682502736516}. Best is trial 46 with value: 0.12533752112241936.
running
[I 2024-09-22 13:55:49,924] Trial 124 finished with value: 0.14197450001012069 and parameters: {'model_name': 'VAE', 'batch_size': 2, 'iterations': 4, 'learning_rate': 0.0022649029638993645, 'p_miss': 0.07948941798314246}. Best is trial 46 with value: 0.12533752112241936.
running
[I 2024-09-22 13:56:07,823] Trial 125 finished with value: 0.418186917497631 and parameters: {'model_name': 'GAIN', 'batch_size': 243, 'hint_rate': 0.4584066573485802, 'alpha': 62, 'iterations': 7, 'learning_rate': 0.0007216471552684828, 'p_miss': 0.042330402265982434}. Best is trial 46 with value: 0.12533752112241936.
running
[I 2024-09-22 14:53:29,110] Trial 43 finished with value: 0.19835005218660734 and parameters: {'model_name': 'VAE', 'batch_size': 6, 'iterations': 4110, 'learning_rate': 0.0002389297402823158, 'p_miss': 0.011093646156118853}. Best is trial 46 with value: 0.12533752112241936.
running
[I 2024-09-22 14:53:56,135] Trial 127 finished with value: 0.12836779909426438 and parameters: {'model_name': 'VAE', 'batch_size': 625, 'iterations': 5, 'learning_rate': 0.00047968783426456896, 'p_miss': 0.06615398145010572}. Best is trial 46 with value: 0.12533752112241936.
running
[I 2024-09-22 14:54:28,931] Trial 128 finished with value: 0.1355470922198072 and parameters: {'model_name': 'VAE', 'batch_size': 817, 'iterations': 5, 'learning_rate': 0.0004793757019274523, 'p_miss': 0.06516120160137959}. Best is trial 46 with value: 0.12533752112241936.
running
[I 2024-09-22 14:54:44,064] Trial 129 finished with value: 0.13615974062051003 and parameters: {'model_name': 'VAE', 'batch_size': 459, 'iterations': 3, 'learning_rate': 0.0003192386238311212, 'p_miss': 0.05253215638303876}. Best is trial 46 with value: 0.12533752112241936.
running
[I 2024-09-22 14:55:20,394] Trial 33 finished with value: 0.18811153760933724 and parameters: {'model_name': 'VAE', 'batch_size': 44, 'iterations': 5107, 'learning_rate': 0.00042987459696802147, 'p_miss': 0.1188583408884132}. Best is trial 46 with value: 0.12533752112241936.
running
[I 2024-09-22 14:55:55,202] Trial 131 finished with value: 0.13318666732753986 and parameters: {'model_name': 'VAE', 'batch_size': 628, 'iterations': 5, 'learning_rate': 0.0005865007770801914, 'p_miss': 0.06892502626560218}. Best is trial 46 with value: 0.12533752112241936.
running
[I 2024-09-22 14:56:02,401] Trial 130 finished with value: 0.14023483871434944 and parameters: {'model_name': 'VAE', 'batch_size': 653, 'iterations': 13, 'learning_rate': 0.00044205008414714627, 'p_miss': 0.07307530054788891}. Best is trial 46 with value: 0.12533752112241936.
running
[I 2024-09-22 14:56:53,632] Trial 133 finished with value: 0.1408875615103452 and parameters: {'model_name': 'VAE', 'batch_size': 840, 'iterations': 8, 'learning_rate': 0.0016648185907691324, 'p_miss': 0.032312812386907336}. Best is trial 46 with value: 0.12533752112241936.
running
[I 2024-09-22 14:56:54,103] Trial 134 finished with value: 0.45196577397720644 and parameters: {'model_name': 'SimpleImputer', 'strategy': 'constant'}. Best is trial 46 with value: 0.12533752112241936.
running
[I 2024-09-22 14:56:58,046] Trial 132 finished with value: 0.13083255920796005 and parameters: {'model_name': 'VAE', 'batch_size': 325, 'iterations': 8, 'learning_rate': 0.0008055458727200911, 'p_miss': 0.02986194469080887}. Best is trial 46 with value: 0.12533752112241936.
running
[I 2024-09-22 14:57:29,539] Trial 136 finished with value: 0.13130483554156164 and parameters: {'model_name': 'VAE', 'batch_size': 527, 'iterations': 4, 'learning_rate': 0.0010428749468332742, 'p_miss': 0.0593991666789323}. Best is trial 46 with value: 0.12533752112241936.
running
[I 2024-09-22 14:57:42,634] Trial 137 finished with value: 0.134202139983648 and parameters: {'model_name': 'VAE', 'batch_size': 187, 'iterations': 2, 'learning_rate': 0.001267487547111613, 'p_miss': 0.04580785993017258}. Best is trial 46 with value: 0.12533752112241936.
running
[I 2024-09-22 14:57:49,526] Trial 138 finished with value: 0.12936650090346652 and parameters: {'model_name': 'VAE', 'batch_size': 569, 'iterations': 1, 'learning_rate': 0.0010208238741945955, 'p_miss': 0.08613961674703706}. Best is trial 46 with value: 0.12533752112241936.
running
[I 2024-09-22 14:58:08,877] Trial 139 finished with value: 0.1352682954935298 and parameters: {'model_name': 'VAE', 'batch_size': 441, 'iterations': 3, 'learning_rate': 0.0008661397600730808, 'p_miss': 0.08852530596835798}. Best is trial 46 with value: 0.12533752112241936.
running
[I 2024-09-22 14:58:48,128] Trial 135 finished with value: 0.13703160557561073 and parameters: {'model_name': 'VAE', 'batch_size': 324, 'iterations': 18, 'learning_rate': 0.0012376559106428266, 'p_miss': 0.058162405713814}. Best is trial 46 with value: 0.12533752112241936.
running
[I 2024-09-22 14:59:02,297] Trial 140 finished with value: 0.13175457448751254 and parameters: {'model_name': 'VAE', 'batch_size': 966, 'iterations': 6, 'learning_rate': 0.0006941984346188532, 'p_miss': 0.10074082267082042}. Best is trial 46 with value: 0.12533752112241936.
running
[I 2024-09-22 14:59:07,083] Trial 142 finished with value: 0.1750083184552889 and parameters: {'model_name': 'KNNImputer', 'n_neighbors': 2478, 'weights': 'uniform'}. Best is trial 46 with value: 0.12533752112241936.
running
[I 2024-09-22 14:59:28,595] Trial 143 finished with value: 0.14327526023757262 and parameters: {'model_name': 'VAE', 'batch_size': 700, 'iterations': 4, 'learning_rate': 0.0005438447429458199, 'p_miss': 0.07768907268729354}. Best is trial 46 with value: 0.12533752112241936.
running
[I 2024-09-22 14:59:50,681] Trial 144 finished with value: 0.12987664287587022 and parameters: {'model_name': 'VAE', 'batch_size': 4, 'iterations': 6, 'learning_rate': 0.001628067121992049, 'p_miss': 0.0178248956274483}. Best is trial 46 with value: 0.12533752112241936.
running
[I 2024-09-22 15:03:28,564] Trial 145 finished with value: 0.14921792806678585 and parameters: {'model_name': 'VAE', 'batch_size': 4, 'iterations': 61, 'learning_rate': 0.0016493705728994122, 'p_miss': 0.01811788096915959}. Best is trial 46 with value: 0.12533752112241936.
running
[I 2024-09-22 15:03:48,554] Trial 146 finished with value: 0.12940055970540837 and parameters: {'model_name': 'VAE', 'batch_size': 5, 'iterations': 6, 'learning_rate': 0.002170580322265487, 'p_miss': 0.02489900611463599}. Best is trial 46 with value: 0.12533752112241936.
running
[I 2024-09-22 15:04:11,883] Trial 147 finished with value: 0.13500733719288557 and parameters: {'model_name': 'VAE', 'batch_size': 6, 'iterations': 5, 'learning_rate': 0.002036094550359737, 'p_miss': 0.022942258930818533}. Best is trial 46 with value: 0.12533752112241936.
running
[I 2024-09-22 15:04:25,555] Trial 148 finished with value: 0.15218984355350562 and parameters: {'model_name': 'VAE', 'batch_size': 5, 'iterations': 3, 'learning_rate': 0.002417021370802499, 'p_miss': 0.01621758349064584}. Best is trial 46 with value: 0.12533752112241936.
running
[I 2024-09-22 15:04:51,928] Trial 149 finished with value: 0.13547998714473547 and parameters: {'model_name': 'VAE', 'batch_size': 10, 'iterations': 6, 'learning_rate': 0.001069040249083918, 'p_miss': 0.03748624587416406}. Best is trial 46 with value: 0.12533752112241936.
running
[I 2024-09-22 15:05:07,935] Trial 150 finished with value: 0.13480562687978925 and parameters: {'model_name': 'VAE', 'batch_size': 7, 'iterations': 4, 'learning_rate': 0.0028608381596557497, 'p_miss': 0.08422816942258421}. Best is trial 46 with value: 0.12533752112241936.
running
[I 2024-09-22 15:05:32,475] Trial 151 finished with value: 0.17434644982642855 and parameters: {'model_name': 'IterativeImputer', 'estimator': 'Bayesian', 'initial_strategy': 'most_frequent', 'n_nearest_features': 4, 'imputation_order': 'descending', 'sample_posterior': False}. Best is trial 46 with value: 0.12533752112241936.
running
[I 2024-09-22 15:06:21,802] Trial 152 finished with value: 0.13321926751114438 and parameters: {'model_name': 'VAE', 'batch_size': 4, 'iterations': 10, 'learning_rate': 0.0006045930145238297, 'p_miss': 0.025870708888873755}. Best is trial 46 with value: 0.12533752112241936.
running
[I 2024-09-22 15:06:30,242] Trial 153 finished with value: 0.13216496527698074 and parameters: {'model_name': 'VAE', 'batch_size': 15, 'iterations': 1, 'learning_rate': 0.015315131736642972, 'p_miss': 0.017247858323413603}. Best is trial 46 with value: 0.12533752112241936.
running
[I 2024-09-22 15:06:40,475] Trial 154 finished with value: 0.12894638050239554 and parameters: {'model_name': 'VAE', 'batch_size': 5, 'iterations': 2, 'learning_rate': 0.0015991723296336193, 'p_miss': 0.13630504199288035}. Best is trial 46 with value: 0.12533752112241936.
running
[I 2024-09-22 15:50:28,507] Trial 155 finished with value: inf and parameters: {'model_name': 'GAIN', 'batch_size': 3, 'hint_rate': 0.7182419274899818, 'alpha': 31, 'iterations': 7629, 'learning_rate': 0.0015368157831078537, 'p_miss': 0.13434638781869745}. Best is trial 46 with value: 0.12533752112241936.
running
[I 2024-09-22 15:50:37,753] Trial 156 finished with value: 0.12951655119663727 and parameters: {'model_name': 'VAE', 'batch_size': 5, 'iterations': 2, 'learning_rate': 0.002113728525351198, 'p_miss': 0.1416718248777034}. Best is trial 46 with value: 0.12533752112241936.
running
[I 2024-09-22 15:50:46,691] Trial 157 finished with value: 0.1342529273895187 and parameters: {'model_name': 'VAE', 'batch_size': 5, 'iterations': 2, 'learning_rate': 0.002181590479259461, 'p_miss': 0.1497918987403449}. Best is trial 46 with value: 0.12533752112241936.
running
[I 2024-09-22 15:50:55,471] Trial 158 finished with value: 0.13642742294641982 and parameters: {'model_name': 'VAE', 'batch_size': 5, 'iterations': 2, 'learning_rate': 0.0033332879785761735, 'p_miss': 0.14018973819247652}. Best is trial 46 with value: 0.12533752112241936.
running
[I 2024-09-22 15:51:01,960] Trial 159 finished with value: 0.13981664745299938 and parameters: {'model_name': 'VAE', 'batch_size': 4, 'iterations': 1, 'learning_rate': 0.001827507145696234, 'p_miss': 0.1317900406798671}. Best is trial 46 with value: 0.12533752112241936.
running
[I 2024-09-22 15:51:12,520] Trial 160 finished with value: 0.12956837200047763 and parameters: {'model_name': 'VAE', 'batch_size': 12, 'iterations': 3, 'learning_rate': 0.0009808834193135894, 'p_miss': 0.1570989964720526}. Best is trial 46 with value: 0.12533752112241936.
running
[I 2024-09-22 15:51:28,597] Trial 161 finished with value: 0.12907921243954995 and parameters: {'model_name': 'VAE', 'batch_size': 1, 'iterations': 3, 'learning_rate': 0.0011301202390110118, 'p_miss': 0.1592311281576982}. Best is trial 46 with value: 0.12533752112241936.
running
[I 2024-09-22 15:51:40,984] Trial 162 finished with value: 0.12802638002972194 and parameters: {'model_name': 'VAE', 'batch_size': 32, 'iterations': 3, 'learning_rate': 0.0011541660221510088, 'p_miss': 0.16290759351872824}. Best is trial 46 with value: 0.12533752112241936.
running
[I 2024-09-22 15:51:56,428] Trial 163 finished with value: 0.13181101735872075 and parameters: {'model_name': 'VAE', 'batch_size': 28, 'iterations': 3, 'learning_rate': 0.0012074016803197006, 'p_miss': 0.17675089539877434}. Best is trial 46 with value: 0.12533752112241936.
running
[I 2024-09-22 15:52:02,085] Trial 164 finished with value: 0.13113929814216796 and parameters: {'model_name': 'VAE', 'batch_size': 7, 'iterations': 1, 'learning_rate': 0.0010136308765167324, 'p_miss': 0.1559264569455096}. Best is trial 46 with value: 0.12533752112241936.
running
[I 2024-09-22 15:52:11,983] Trial 165 finished with value: 0.14245243450724177 and parameters: {'model_name': 'VAE', 'batch_size': 2, 'iterations': 2, 'learning_rate': 0.0014760584257580765, 'p_miss': 0.16457925284123684}. Best is trial 46 with value: 0.12533752112241936.
running
[I 2024-09-22 15:52:25,036] Trial 166 finished with value: 0.12857340065797707 and parameters: {'model_name': 'VAE', 'batch_size': 12, 'iterations': 3, 'learning_rate': 0.0018519819224013176, 'p_miss': 0.17880801846891908}. Best is trial 46 with value: 0.12533752112241936.
running
[I 2024-09-22 15:52:39,265] Trial 167 finished with value: 0.13002205805103006 and parameters: {'model_name': 'VAE', 'batch_size': 12, 'iterations': 3, 'learning_rate': 0.001995406074172979, 'p_miss': 0.1755064115045399}. Best is trial 46 with value: 0.12533752112241936.
running
[I 2024-09-22 15:52:51,969] Trial 168 finished with value: 0.13275186379770185 and parameters: {'model_name': 'VAE', 'batch_size': 14, 'iterations': 3, 'learning_rate': 0.0019292879410027315, 'p_miss': 0.1776003803823642}. Best is trial 46 with value: 0.12533752112241936.
running
[I 2024-09-22 15:53:00,665] Trial 169 finished with value: 0.13193202055553108 and parameters: {'model_name': 'VAE', 'batch_size': 20, 'iterations': 2, 'learning_rate': 0.0027468939827296535, 'p_miss': 0.16097351291063966}. Best is trial 46 with value: 0.12533752112241936.
running
[I 2024-09-22 15:55:22,735] Trial 170 finished with value: 0.1394900222536777 and parameters: {'model_name': 'VAE', 'batch_size': 9, 'iterations': 36, 'learning_rate': 0.0009203907124085838, 'p_miss': 0.18069590746447753}. Best is trial 46 with value: 0.12533752112241936.
running
[I 2024-09-22 15:55:23,390] Trial 171 finished with value: 0.17766330588290627 and parameters: {'model_name': 'SimpleImputer', 'strategy': 'mean'}. Best is trial 46 with value: 0.12533752112241936.
running
[I 2024-09-22 15:55:33,227] Trial 172 finished with value: 0.14645444448521405 and parameters: {'model_name': 'VAE', 'batch_size': 11, 'iterations': 2, 'learning_rate': 0.002221948700345717, 'p_miss': 0.18706985604970244}. Best is trial 46 with value: 0.12533752112241936.
running
[I 2024-09-22 15:55:46,678] Trial 173 finished with value: 0.13087076391499514 and parameters: {'model_name': 'VAE', 'batch_size': 8, 'iterations': 3, 'learning_rate': 0.0011328356594209163, 'p_miss': 0.15131850446099882}. Best is trial 46 with value: 0.12533752112241936.
running
[I 2024-09-22 15:56:05,374] Trial 174 finished with value: 0.13472289412330812 and parameters: {'model_name': 'VAE', 'batch_size': 1, 'iterations': 4, 'learning_rate': 0.0008031508562989106, 'p_miss': 0.16987546778145807}. Best is trial 46 with value: 0.12533752112241936.
running
[I 2024-09-22 15:56:11,267] Trial 175 finished with value: 0.2007605990670002 and parameters: {'model_name': 'KNNImputer', 'n_neighbors': 5956, 'weights': 'distance'}. Best is trial 46 with value: 0.12533752112241936.
running
[I 2024-09-22 15:56:38,568] Trial 176 finished with value: 0.13683214491824533 and parameters: {'model_name': 'VAE', 'batch_size': 15, 'iterations': 6, 'learning_rate': 0.0016086427955343732, 'p_miss': 0.1412914406575845}. Best is trial 46 with value: 0.12533752112241936.
running
[I 2024-09-22 15:56:51,170] Trial 177 finished with value: 0.12984067611764602 and parameters: {'model_name': 'VAE', 'batch_size': 38, 'iterations': 3, 'learning_rate': 0.0013079251695773109, 'p_miss': 0.15520133997563457}. Best is trial 46 with value: 0.12533752112241936.
running
[I 2024-09-22 15:57:01,167] Trial 178 finished with value: 0.14156793993816535 and parameters: {'model_name': 'VAE', 'batch_size': 28, 'iterations': 2, 'learning_rate': 0.0014253571885752133, 'p_miss': 0.15234890524448644}. Best is trial 46 with value: 0.12533752112241936.
running
[I 2024-09-22 15:57:12,554] Trial 179 finished with value: 0.1489791687296988 and parameters: {'model_name': 'VAE', 'batch_size': 47, 'iterations': 3, 'learning_rate': 0.0011164855034794328, 'p_miss': 0.1706638793309422}. Best is trial 46 with value: 0.12533752112241936.
running
[I 2024-09-22 15:57:32,802] Trial 180 finished with value: 0.13084150901492464 and parameters: {'model_name': 'VAE', 'batch_size': 39, 'iterations': 4, 'learning_rate': 0.0017111097729839272, 'p_miss': 0.15754725987651402}. Best is trial 46 with value: 0.12533752112241936.
running
[I 2024-09-22 15:57:42,854] Trial 181 finished with value: 0.1319311795977965 and parameters: {'model_name': 'VAE', 'batch_size': 19, 'iterations': 2, 'learning_rate': 0.0020553909379204226, 'p_miss': 0.20799501072779475}. Best is trial 46 with value: 0.12533752112241936.
running
[I 2024-09-22 15:57:55,522] Trial 182 finished with value: 0.13473003621904525 and parameters: {'model_name': 'VAE', 'batch_size': 34, 'iterations': 3, 'learning_rate': 0.0009893442198205284, 'p_miss': 0.1452405259311541}. Best is trial 46 with value: 0.12533752112241936.
running
[I 2024-09-22 15:58:18,367] Trial 183 finished with value: 0.1379618322458367 and parameters: {'model_name': 'VAE', 'batch_size': 8, 'iterations': 4, 'learning_rate': 0.0030125630835915354, 'p_miss': 0.16347393048696648}. Best is trial 46 with value: 0.12533752112241936.
running
[I 2024-09-22 15:58:43,912] Trial 95 finished with value: 0.42092636811577533 and parameters: {'model_name': 'GAIN', 'batch_size': 278, 'hint_rate': 0.5369583015497601, 'alpha': 44, 'iterations': 7047, 'learning_rate': 0.0025316811351699217, 'p_miss': 0.023584677795110504}. Best is trial 46 with value: 0.12533752112241936.
running
[I 2024-09-22 15:58:46,063] Trial 184 finished with value: 0.13648100174776598 and parameters: {'model_name': 'VAE', 'batch_size': 3, 'iterations': 7, 'learning_rate': 0.0013977497687073944, 'p_miss': 0.12253160704815096}. Best is trial 46 with value: 0.12533752112241936.
running
[I 2024-09-22 15:59:00,393] Trial 186 finished with value: 0.13395332042100494 and parameters: {'model_name': 'VAE', 'batch_size': 13, 'iterations': 3, 'learning_rate': 0.0012673549391059686, 'p_miss': 0.19670401145541214}. Best is trial 46 with value: 0.12533752112241936.
running
[I 2024-09-22 15:59:08,426] Trial 185 finished with value: 0.13825137368775922 and parameters: {'model_name': 'VAE', 'batch_size': 55, 'iterations': 5, 'learning_rate': 0.0012791191028378838, 'p_miss': 0.1837068424048572}. Best is trial 46 with value: 0.12533752112241936.
running
[I 2024-09-22 15:59:16,023] Trial 187 finished with value: 0.13626705295346014 and parameters: {'model_name': 'VAE', 'batch_size': 23, 'iterations': 4, 'learning_rate': 0.0008408513984171827, 'p_miss': 0.15730265080092337}. Best is trial 46 with value: 0.12533752112241936.
running
[I 2024-09-22 15:59:35,905] Trial 189 finished with value: 0.13491947473109037 and parameters: {'model_name': 'VAE', 'batch_size': 12, 'iterations': 5, 'learning_rate': 0.001615469982016406, 'p_miss': 0.1358523964789833}. Best is trial 46 with value: 0.12533752112241936.
running
[I 2024-09-22 15:59:47,179] Trial 190 finished with value: 0.17439634351028557 and parameters: {'model_name': 'IterativeImputer', 'estimator': 'Ridge', 'initial_strategy': 'median', 'n_nearest_features': 4, 'imputation_order': 'random'}. Best is trial 46 with value: 0.12533752112241936.
running
[I 2024-09-22 16:02:20,298] Trial 3 finished with value: 0.19384243495878933 and parameters: {'model_name': 'VAE', 'batch_size': 182, 'iterations': 5156, 'learning_rate': 0.05854463828782678, 'p_miss': 0.13660350888118294}. Best is trial 46 with value: 0.12533752112241936.
running
[I 2024-09-22 16:02:33,996] Trial 192 finished with value: 0.13432026170385641 and parameters: {'model_name': 'VAE', 'batch_size': 1, 'iterations': 3, 'learning_rate': 0.0010136528757029803, 'p_miss': 0.16993588039785812}. Best is trial 46 with value: 0.12533752112241936.
running
[I 2024-09-22 16:05:55,090] Trial 191 finished with value: 0.14854941745425265 and parameters: {'model_name': 'VAE', 'batch_size': 77, 'iterations': 89, 'learning_rate': 0.000728393950555763, 'p_miss': 0.17237672154324035}. Best is trial 46 with value: 0.12533752112241936.
running
[I 2024-09-22 16:06:20,789] Trial 194 finished with value: 0.13778463721127618 and parameters: {'model_name': 'VAE', 'batch_size': 17, 'iterations': 5, 'learning_rate': 0.0011767350811533264, 'p_miss': 0.14393974896092399}. Best is trial 46 with value: 0.12533752112241936.
running
[I 2024-09-22 16:06:39,908] Trial 195 finished with value: 0.13040674243950406 and parameters: {'model_name': 'VAE', 'batch_size': 5, 'iterations': 4, 'learning_rate': 0.0019129961846813652, 'p_miss': 0.1620392927186498}. Best is trial 46 with value: 0.12533752112241936.
running
[I 2024-09-22 16:07:30,232] Trial 196 finished with value: 0.13785349641486752 and parameters: {'model_name': 'VAE', 'batch_size': 843, 'iterations': 6, 'learning_rate': 0.0017890004016078327, 'p_miss': 0.12840003509475606}. Best is trial 46 with value: 0.12533752112241936.
running
[I 2024-09-22 16:08:12,603] Trial 197 finished with value: 0.1353911125695727 and parameters: {'model_name': 'VAE', 'batch_size': 723, 'iterations': 5, 'learning_rate': 0.002259279692967113, 'p_miss': 0.1507426918325532}. Best is trial 46 with value: 0.12533752112241936.
running
[I 2024-09-22 16:13:43,925] Trial 188 finished with value: 0.17498255292847148 and parameters: {'model_name': 'VAE', 'batch_size': 26, 'iterations': 238, 'learning_rate': 0.0007558374285181092, 'p_miss': 0.16993185150318849}. Best is trial 46 with value: 0.12533752112241936.
running
[I 2024-09-22 16:13:59,347] Trial 199 finished with value: 0.14084402876915955 and parameters: {'model_name': 'VAE', 'batch_size': 7, 'iterations': 3, 'learning_rate': 0.0015324116543283001, 'p_miss': 0.0656664653403875}. Best is trial 46 with value: 0.12533752112241936.
[I 2024-09-22 16:19:35,512] Trial 193 finished with value: 0.18449104718615963 and parameters: {'model_name': 'VAE', 'batch_size': 6, 'iterations': 255, 'learning_rate': 0.0011670290238223427, 'p_miss': 0.14815434088439686}. Best is trial 46 with value: 0.12533752112241936.
[I 2024-09-22 16:24:27,398] Trial 198 finished with value: 0.18559836845410665 and parameters: {'model_name': 'VAE', 'batch_size': 999, 'iterations': 195, 'learning_rate': 0.0015314740032573797, 'p_miss': 0.174097031256787}. Best is trial 46 with value: 0.12533752112241936.
[I 2024-09-22 16:26:15,964] Trial 45 finished with value: 0.18941633035420455 and parameters: {'model_name': 'VAE', 'batch_size': 987, 'iterations': 3609, 'learning_rate': 0.00021939817826526108, 'p_miss': 0.013889880134428413}. Best is trial 46 with value: 0.12533752112241936.
[I 2024-09-22 17:55:15,321] Trial 70 finished with value: 0.19090918575500332 and parameters: {'model_name': 'VAE', 'batch_size': 309, 'iterations': 6542, 'learning_rate': 0.0003694730867490365, 'p_miss': 0.1081929403312333}. Best is trial 46 with value: 0.12533752112241936.
[I 2024-09-22 18:01:23,528] Trial 40 finished with value: 0.1892375241105965 and parameters: {'model_name': 'VAE', 'batch_size': 826, 'iterations': 5844, 'learning_rate': 0.0011982665563489007, 'p_miss': 0.01287063924933221}. Best is trial 46 with value: 0.12533752112241936.
[I 2024-09-22 18:10:34,517] Trial 7 finished with value: 0.19906389455968837 and parameters: {'model_name': 'VAE', 'batch_size': 6, 'iterations': 7065, 'learning_rate': 0.00023632576167209932, 'p_miss': 0.187076857076397}. Best is trial 46 with value: 0.12533752112241936.
[I 2024-09-22 18:24:42,678] Trial 112 finished with value: 0.19075641596299628 and parameters: {'model_name': 'VAE', 'batch_size': 52, 'iterations': 7350, 'learning_rate': 0.0013481028040583575, 'p_miss': 0.010369299331639116}. Best is trial 46 with value: 0.12533752112241936.
[I 2024-09-22 18:27:01,423] Trial 99 finished with value: 0.189268799822472 and parameters: {'model_name': 'VAE', 'batch_size': 959, 'iterations': 5097, 'learning_rate': 0.001341409231800385, 'p_miss': 0.05956935435282126}. Best is trial 46 with value: 0.12533752112241936.
[I 2024-09-22 18:27:12,640] Trial 126 finished with value: 0.18968387164448727 and parameters: {'model_name': 'VAE', 'batch_size': 818, 'iterations': 4091, 'learning_rate': 0.001063659322164214, 'p_miss': 0.06554450455133855}. Best is trial 46 with value: 0.12533752112241936.
[I 2024-09-22 18:36:52,378] Trial 116 finished with value: 0.1893754497285848 and parameters: {'model_name': 'VAE', 'batch_size': 969, 'iterations': 5001, 'learning_rate': 0.0010071636736539275, 'p_miss': 0.03424160694478413}. Best is trial 46 with value: 0.12533752112241936.
[I 2024-09-22 18:40:42,380] Trial 21 finished with value: 0.19264264378307977 and parameters: {'model_name': 'VAE', 'batch_size': 220, 'iterations': 8081, 'learning_rate': 0.010415452494086557, 'p_miss': 0.10254223191466295}. Best is trial 46 with value: 0.12533752112241936.
[I 2024-09-22 18:41:43,461] Trial 119 finished with value: 0.18975328764071359 and parameters: {'model_name': 'VAE', 'batch_size': 371, 'iterations': 5192, 'learning_rate': 0.0017272877601926548, 'p_miss': 0.04267041173574871}. Best is trial 46 with value: 0.12533752112241936.
[I 2024-09-22 19:05:15,102] Trial 86 finished with value: 0.18942929144852347 and parameters: {'model_name': 'VAE', 'batch_size': 748, 'iterations': 8610, 'learning_rate': 0.0009785965911287245, 'p_miss': 0.04349068375358434}. Best is trial 46 with value: 0.12533752112241936.
[I 2024-09-22 19:07:55,380] Trial 104 finished with value: 0.18959126024945955 and parameters: {'model_name': 'VAE', 'batch_size': 434, 'iterations': 8610, 'learning_rate': 0.001813357637793994, 'p_miss': 0.09461064953656995}. Best is trial 46 with value: 0.12533752112241936.
[I 2024-09-22 19:12:10,632] Trial 141 finished with value: 0.1894564806711601 and parameters: {'model_name': 'VAE', 'batch_size': 931, 'iterations': 9241, 'learning_rate': 0.0006919293327768358, 'p_miss': 0.07719798084569222}. Best is trial 46 with value: 0.12533752112241936.
fit
auto fit
auto transform
0    0
1    0
2    0
3    0
4    0
5    0
dtype: int64
0    0
1    0
2    0
3    0
4    0
5    0
dtype: int64
0.12533752112241936
{'model_name': 'VAE', 'batch_size': 921, 'iterations': 1, 'learning_rate': 0.0008159946222969157, 'p_miss': 0.010253422177466984}
running experiment 2/3 - Does reconstruction give good automl predictions
Start est fit
Version 0.1.7a0 of tpot2 is outdated. Version 0.1.8a0 was released 5 days ago.
Version 0.1.7a0 of tpot2 is outdated. Version 0.1.8a0 was released 5 days ago.
Version 0.1.7a0 of tpot2 is outdated. Version 0.1.8a0 was released 5 days ago.
Version 0.1.7a0 of tpot2 is outdated. Version 0.1.8a0 was released 5 days ago.
Version 0.1.7a0 of tpot2 is outdated. Version 0.1.8a0 was released 5 days ago.
Version 0.1.7a0 of tpot2 is outdated. Version 0.1.8a0 was released 5 days ago.
Version 0.1.7a0 of tpot2 is outdated. Version 0.1.8a0 was released 5 days ago.
Version 0.1.7a0 of tpot2 is outdated. Version 0.1.8a0 was released 5 days ago.
Version 0.1.7a0 of tpot2 is outdated. Version 0.1.8a0 was released 5 days ago.
Version 0.1.7a0 of tpot2 is outdated. Version 0.1.8a0 was released 5 days ago.
Version 0.1.7a0 of tpot2 is outdated. Version 0.1.8a0 was released 5 days ago.
Version 0.1.7a0 of tpot2 is outdated. Version 0.1.8a0 was released 5 days ago.
Version 0.1.7a0 of tpot2 is outdated. Version 0.1.8a0 was released 5 days ago.
Version 0.1.7a0 of tpot2 is outdated. Version 0.1.8a0 was released 5 days ago.
Version 0.1.7a0 of tpot2 is outdated. Version 0.1.8a0 was released 5 days ago.
Version 0.1.7a0 of tpot2 is outdated. Version 0.1.8a0 was released 5 days ago.
  0%|          | 0/25 [00:00<?, ?it/s]Generation:   0%|          | 0/25 [00:00<?, ?it/s]WARNING THIS INDIVIDUAL CAUSED AND EXCEPTION 
 <tpot2.search_spaces.pipelines.sequential.SequentialPipelineIndividual object at 0x1554746a43a0> 
 The 'criterion' parameter of DecisionTreeRegressor must be a str among {'friedman_mse', 'poisson', 'absolute_error', 'squared_error'}. Got 'mae' instead. 
 Traceback (most recent call last):
  File "/common/ketrong/tpotexp/tpot2/tpot2/utils/eval_utils.py", line 53, in objective_nan_wrapper
    value = func_timeout.func_timeout(timeout, objective_function, args=[individual], kwargs=objective_kwargs)
  File "/common/ketrong/tpotexp/env/lib/python3.10/site-packages/func_timeout/dafunc.py", line 108, in func_timeout
    raise_exception(exception)
  File "/common/ketrong/tpotexp/env/lib/python3.10/site-packages/func_timeout/py3_raise.py", line 7, in raise_exception
    raise exception[0] from None
  File "/common/ketrong/tpotexp/tpot2/tpot2/tpot_estimator/estimator.py", line 623, in objective_function
    return objective_function_generator(
  File "/common/ketrong/tpotexp/tpot2/tpot2/tpot_estimator/estimator_utils.py", line 55, in objective_function_generator
    cv_obj_scores = cross_val_score_objective(sklearn.base.clone(pipeline),x,y,scorers=scorers, cv=cv , fold=step)
  File "/common/ketrong/tpotexp/tpot2/tpot2/tpot_estimator/cross_val_utils.py", line 28, in cross_val_score_objective
    this_fold_pipeline.fit(X_train,y_train)
  File "/common/ketrong/tpotexp/env/lib/python3.10/site-packages/sklearn/base.py", line 1473, in wrapper
    return fit_method(estimator, *args, **kwargs)
  File "/common/ketrong/tpotexp/env/lib/python3.10/site-packages/sklearn/pipeline.py", line 473, in fit
    self._final_estimator.fit(Xt, y, **last_step_params["fit"])
  File "/common/ketrong/tpotexp/env/lib/python3.10/site-packages/sklearn/base.py", line 1466, in wrapper
    estimator._validate_params()
  File "/common/ketrong/tpotexp/env/lib/python3.10/site-packages/sklearn/base.py", line 666, in _validate_params
    validate_parameter_constraints(
  File "/common/ketrong/tpotexp/env/lib/python3.10/site-packages/sklearn/utils/_param_validation.py", line 95, in validate_parameter_constraints
    raise InvalidParameterError(
sklearn.utils._param_validation.InvalidParameterError: The 'criterion' parameter of DecisionTreeRegressor must be a str among {'friedman_mse', 'poisson', 'absolute_error', 'squared_error'}. Got 'mae' instead.

Generation:  1
Best root_mean_squared_error score: -0.0023305595984521124
Generation:   4%|         | 1/25 [00:23<09:29, 23.71s/it]Generation:  2
Best root_mean_squared_error score: -0.0023305595984521124
Generation:   8%|         | 2/25 [00:36<06:31, 17.02s/it]WARNING THIS INDIVIDUAL CAUSED AND EXCEPTION 
 <tpot2.search_spaces.pipelines.sequential.SequentialPipelineIndividual object at 0x1554746a6a10> 
 The 'criterion' parameter of ExtraTreesRegressor must be a str among {'friedman_mse', 'poisson', 'absolute_error', 'squared_error'}. Got 'mae' instead. 
 Traceback (most recent call last):
  File "/common/ketrong/tpotexp/tpot2/tpot2/utils/eval_utils.py", line 53, in objective_nan_wrapper
    value = func_timeout.func_timeout(timeout, objective_function, args=[individual], kwargs=objective_kwargs)
  File "/common/ketrong/tpotexp/env/lib/python3.10/site-packages/func_timeout/dafunc.py", line 108, in func_timeout
    raise_exception(exception)
  File "/common/ketrong/tpotexp/env/lib/python3.10/site-packages/func_timeout/py3_raise.py", line 7, in raise_exception
    raise exception[0] from None
  File "/common/ketrong/tpotexp/tpot2/tpot2/tpot_estimator/estimator.py", line 623, in objective_function
    return objective_function_generator(
  File "/common/ketrong/tpotexp/tpot2/tpot2/tpot_estimator/estimator_utils.py", line 55, in objective_function_generator
    cv_obj_scores = cross_val_score_objective(sklearn.base.clone(pipeline),x,y,scorers=scorers, cv=cv , fold=step)
  File "/common/ketrong/tpotexp/tpot2/tpot2/tpot_estimator/cross_val_utils.py", line 28, in cross_val_score_objective
    this_fold_pipeline.fit(X_train,y_train)
  File "/common/ketrong/tpotexp/env/lib/python3.10/site-packages/sklearn/base.py", line 1473, in wrapper
    return fit_method(estimator, *args, **kwargs)
  File "/common/ketrong/tpotexp/env/lib/python3.10/site-packages/sklearn/pipeline.py", line 473, in fit
    self._final_estimator.fit(Xt, y, **last_step_params["fit"])
  File "/common/ketrong/tpotexp/env/lib/python3.10/site-packages/sklearn/base.py", line 1466, in wrapper
    estimator._validate_params()
  File "/common/ketrong/tpotexp/env/lib/python3.10/site-packages/sklearn/base.py", line 666, in _validate_params
    validate_parameter_constraints(
  File "/common/ketrong/tpotexp/env/lib/python3.10/site-packages/sklearn/utils/_param_validation.py", line 95, in validate_parameter_constraints
    raise InvalidParameterError(
sklearn.utils._param_validation.InvalidParameterError: The 'criterion' parameter of ExtraTreesRegressor must be a str among {'friedman_mse', 'poisson', 'absolute_error', 'squared_error'}. Got 'mae' instead.

WARNING THIS INDIVIDUAL CAUSED AND EXCEPTION 
 <tpot2.search_spaces.pipelines.sequential.SequentialPipelineIndividual object at 0x1554746f4280> 
 The 'criterion' parameter of ExtraTreesRegressor must be a str among {'friedman_mse', 'poisson', 'absolute_error', 'squared_error'}. Got 'mae' instead. 
 Traceback (most recent call last):
  File "/common/ketrong/tpotexp/tpot2/tpot2/utils/eval_utils.py", line 53, in objective_nan_wrapper
    value = func_timeout.func_timeout(timeout, objective_function, args=[individual], kwargs=objective_kwargs)
  File "/common/ketrong/tpotexp/env/lib/python3.10/site-packages/func_timeout/dafunc.py", line 108, in func_timeout
    raise_exception(exception)
  File "/common/ketrong/tpotexp/env/lib/python3.10/site-packages/func_timeout/py3_raise.py", line 7, in raise_exception
    raise exception[0] from None
  File "/common/ketrong/tpotexp/tpot2/tpot2/tpot_estimator/estimator.py", line 623, in objective_function
    return objective_function_generator(
  File "/common/ketrong/tpotexp/tpot2/tpot2/tpot_estimator/estimator_utils.py", line 55, in objective_function_generator
    cv_obj_scores = cross_val_score_objective(sklearn.base.clone(pipeline),x,y,scorers=scorers, cv=cv , fold=step)
  File "/common/ketrong/tpotexp/tpot2/tpot2/tpot_estimator/cross_val_utils.py", line 28, in cross_val_score_objective
    this_fold_pipeline.fit(X_train,y_train)
  File "/common/ketrong/tpotexp/env/lib/python3.10/site-packages/sklearn/base.py", line 1473, in wrapper
    return fit_method(estimator, *args, **kwargs)
  File "/common/ketrong/tpotexp/env/lib/python3.10/site-packages/sklearn/pipeline.py", line 473, in fit
    self._final_estimator.fit(Xt, y, **last_step_params["fit"])
  File "/common/ketrong/tpotexp/env/lib/python3.10/site-packages/sklearn/base.py", line 1466, in wrapper
    estimator._validate_params()
  File "/common/ketrong/tpotexp/env/lib/python3.10/site-packages/sklearn/base.py", line 666, in _validate_params
    validate_parameter_constraints(
  File "/common/ketrong/tpotexp/env/lib/python3.10/site-packages/sklearn/utils/_param_validation.py", line 95, in validate_parameter_constraints
    raise InvalidParameterError(
sklearn.utils._param_validation.InvalidParameterError: The 'criterion' parameter of ExtraTreesRegressor must be a str among {'friedman_mse', 'poisson', 'absolute_error', 'squared_error'}. Got 'mae' instead.

Generation:  3
Best root_mean_squared_error score: -0.002319072949368359
Generation:  12%|        | 3/25 [00:54<06:24, 17.46s/it]WARNING THIS INDIVIDUAL CAUSED AND EXCEPTION 
 <tpot2.search_spaces.pipelines.sequential.SequentialPipelineIndividual object at 0x155467c56f80> 
 The 'criterion' parameter of RandomForestRegressor must be a str among {'friedman_mse', 'poisson', 'absolute_error', 'squared_error'}. Got 'mse' instead. 
 Traceback (most recent call last):
  File "/common/ketrong/tpotexp/tpot2/tpot2/utils/eval_utils.py", line 53, in objective_nan_wrapper
    value = func_timeout.func_timeout(timeout, objective_function, args=[individual], kwargs=objective_kwargs)
  File "/common/ketrong/tpotexp/env/lib/python3.10/site-packages/func_timeout/dafunc.py", line 108, in func_timeout
    raise_exception(exception)
  File "/common/ketrong/tpotexp/env/lib/python3.10/site-packages/func_timeout/py3_raise.py", line 7, in raise_exception
    raise exception[0] from None
  File "/common/ketrong/tpotexp/tpot2/tpot2/tpot_estimator/estimator.py", line 623, in objective_function
    return objective_function_generator(
  File "/common/ketrong/tpotexp/tpot2/tpot2/tpot_estimator/estimator_utils.py", line 55, in objective_function_generator
    cv_obj_scores = cross_val_score_objective(sklearn.base.clone(pipeline),x,y,scorers=scorers, cv=cv , fold=step)
  File "/common/ketrong/tpotexp/tpot2/tpot2/tpot_estimator/cross_val_utils.py", line 28, in cross_val_score_objective
    this_fold_pipeline.fit(X_train,y_train)
  File "/common/ketrong/tpotexp/env/lib/python3.10/site-packages/sklearn/base.py", line 1473, in wrapper
    return fit_method(estimator, *args, **kwargs)
  File "/common/ketrong/tpotexp/env/lib/python3.10/site-packages/sklearn/pipeline.py", line 473, in fit
    self._final_estimator.fit(Xt, y, **last_step_params["fit"])
  File "/common/ketrong/tpotexp/env/lib/python3.10/site-packages/sklearn/base.py", line 1466, in wrapper
    estimator._validate_params()
  File "/common/ketrong/tpotexp/env/lib/python3.10/site-packages/sklearn/base.py", line 666, in _validate_params
    validate_parameter_constraints(
  File "/common/ketrong/tpotexp/env/lib/python3.10/site-packages/sklearn/utils/_param_validation.py", line 95, in validate_parameter_constraints
    raise InvalidParameterError(
sklearn.utils._param_validation.InvalidParameterError: The 'criterion' parameter of RandomForestRegressor must be a str among {'friedman_mse', 'poisson', 'absolute_error', 'squared_error'}. Got 'mse' instead.

Generation:  4
Best root_mean_squared_error score: -0.002319072949368359
Generation:  16%|        | 4/25 [01:58<12:39, 36.16s/it]Generation:  5
Best root_mean_squared_error score: -0.002319072949368359
Generation:  20%|        | 5/25 [02:29<11:19, 33.99s/it]Generation:  6
Best root_mean_squared_error score: -0.002319072949368359
Generation:  24%|       | 6/25 [02:41<08:30, 26.85s/it]WARNING THIS INDIVIDUAL CAUSED AND EXCEPTION 
 <tpot2.search_spaces.pipelines.sequential.SequentialPipelineIndividual object at 0x155467fc2bf0> 
 The 'criterion' parameter of DecisionTreeRegressor must be a str among {'friedman_mse', 'poisson', 'absolute_error', 'squared_error'}. Got 'mae' instead. 
 Traceback (most recent call last):
  File "/common/ketrong/tpotexp/tpot2/tpot2/utils/eval_utils.py", line 53, in objective_nan_wrapper
    value = func_timeout.func_timeout(timeout, objective_function, args=[individual], kwargs=objective_kwargs)
  File "/common/ketrong/tpotexp/env/lib/python3.10/site-packages/func_timeout/dafunc.py", line 108, in func_timeout
    raise_exception(exception)
  File "/common/ketrong/tpotexp/env/lib/python3.10/site-packages/func_timeout/py3_raise.py", line 7, in raise_exception
    raise exception[0] from None
  File "/common/ketrong/tpotexp/tpot2/tpot2/tpot_estimator/estimator.py", line 623, in objective_function
    return objective_function_generator(
  File "/common/ketrong/tpotexp/tpot2/tpot2/tpot_estimator/estimator_utils.py", line 55, in objective_function_generator
    cv_obj_scores = cross_val_score_objective(sklearn.base.clone(pipeline),x,y,scorers=scorers, cv=cv , fold=step)
  File "/common/ketrong/tpotexp/tpot2/tpot2/tpot_estimator/cross_val_utils.py", line 28, in cross_val_score_objective
    this_fold_pipeline.fit(X_train,y_train)
  File "/common/ketrong/tpotexp/env/lib/python3.10/site-packages/sklearn/base.py", line 1473, in wrapper
    return fit_method(estimator, *args, **kwargs)
  File "/common/ketrong/tpotexp/env/lib/python3.10/site-packages/sklearn/pipeline.py", line 473, in fit
    self._final_estimator.fit(Xt, y, **last_step_params["fit"])
  File "/common/ketrong/tpotexp/env/lib/python3.10/site-packages/sklearn/base.py", line 1466, in wrapper
    estimator._validate_params()
  File "/common/ketrong/tpotexp/env/lib/python3.10/site-packages/sklearn/base.py", line 666, in _validate_params
    validate_parameter_constraints(
  File "/common/ketrong/tpotexp/env/lib/python3.10/site-packages/sklearn/utils/_param_validation.py", line 95, in validate_parameter_constraints
    raise InvalidParameterError(
sklearn.utils._param_validation.InvalidParameterError: The 'criterion' parameter of DecisionTreeRegressor must be a str among {'friedman_mse', 'poisson', 'absolute_error', 'squared_error'}. Got 'mae' instead.

WARNING THIS INDIVIDUAL CAUSED AND EXCEPTION 
 <tpot2.search_spaces.pipelines.sequential.SequentialPipelineIndividual object at 0x15547470eec0> 
 The 'criterion' parameter of RandomForestRegressor must be a str among {'friedman_mse', 'poisson', 'absolute_error', 'squared_error'}. Got 'mse' instead. 
 Traceback (most recent call last):
  File "/common/ketrong/tpotexp/tpot2/tpot2/utils/eval_utils.py", line 53, in objective_nan_wrapper
    value = func_timeout.func_timeout(timeout, objective_function, args=[individual], kwargs=objective_kwargs)
  File "/common/ketrong/tpotexp/env/lib/python3.10/site-packages/func_timeout/dafunc.py", line 108, in func_timeout
    raise_exception(exception)
  File "/common/ketrong/tpotexp/env/lib/python3.10/site-packages/func_timeout/py3_raise.py", line 7, in raise_exception
    raise exception[0] from None
  File "/common/ketrong/tpotexp/tpot2/tpot2/tpot_estimator/estimator.py", line 623, in objective_function
    return objective_function_generator(
  File "/common/ketrong/tpotexp/tpot2/tpot2/tpot_estimator/estimator_utils.py", line 55, in objective_function_generator
    cv_obj_scores = cross_val_score_objective(sklearn.base.clone(pipeline),x,y,scorers=scorers, cv=cv , fold=step)
  File "/common/ketrong/tpotexp/tpot2/tpot2/tpot_estimator/cross_val_utils.py", line 28, in cross_val_score_objective
    this_fold_pipeline.fit(X_train,y_train)
  File "/common/ketrong/tpotexp/env/lib/python3.10/site-packages/sklearn/base.py", line 1473, in wrapper
    return fit_method(estimator, *args, **kwargs)
  File "/common/ketrong/tpotexp/env/lib/python3.10/site-packages/sklearn/pipeline.py", line 473, in fit
    self._final_estimator.fit(Xt, y, **last_step_params["fit"])
  File "/common/ketrong/tpotexp/env/lib/python3.10/site-packages/sklearn/base.py", line 1466, in wrapper
    estimator._validate_params()
  File "/common/ketrong/tpotexp/env/lib/python3.10/site-packages/sklearn/base.py", line 666, in _validate_params
    validate_parameter_constraints(
  File "/common/ketrong/tpotexp/env/lib/python3.10/site-packages/sklearn/utils/_param_validation.py", line 95, in validate_parameter_constraints
    raise InvalidParameterError(
sklearn.utils._param_validation.InvalidParameterError: The 'criterion' parameter of RandomForestRegressor must be a str among {'friedman_mse', 'poisson', 'absolute_error', 'squared_error'}. Got 'mse' instead.

WARNING THIS INDIVIDUAL CAUSED AND EXCEPTION 
 <tpot2.search_spaces.pipelines.sequential.SequentialPipelineIndividual object at 0x155474709300> 
 The 'criterion' parameter of ExtraTreesRegressor must be a str among {'friedman_mse', 'poisson', 'absolute_error', 'squared_error'}. Got 'mae' instead. 
 Traceback (most recent call last):
  File "/common/ketrong/tpotexp/tpot2/tpot2/utils/eval_utils.py", line 53, in objective_nan_wrapper
    value = func_timeout.func_timeout(timeout, objective_function, args=[individual], kwargs=objective_kwargs)
  File "/common/ketrong/tpotexp/env/lib/python3.10/site-packages/func_timeout/dafunc.py", line 108, in func_timeout
    raise_exception(exception)
  File "/common/ketrong/tpotexp/env/lib/python3.10/site-packages/func_timeout/py3_raise.py", line 7, in raise_exception
    raise exception[0] from None
  File "/common/ketrong/tpotexp/tpot2/tpot2/tpot_estimator/estimator.py", line 623, in objective_function
    return objective_function_generator(
  File "/common/ketrong/tpotexp/tpot2/tpot2/tpot_estimator/estimator_utils.py", line 55, in objective_function_generator
    cv_obj_scores = cross_val_score_objective(sklearn.base.clone(pipeline),x,y,scorers=scorers, cv=cv , fold=step)
  File "/common/ketrong/tpotexp/tpot2/tpot2/tpot_estimator/cross_val_utils.py", line 28, in cross_val_score_objective
    this_fold_pipeline.fit(X_train,y_train)
  File "/common/ketrong/tpotexp/env/lib/python3.10/site-packages/sklearn/base.py", line 1473, in wrapper
    return fit_method(estimator, *args, **kwargs)
  File "/common/ketrong/tpotexp/env/lib/python3.10/site-packages/sklearn/pipeline.py", line 473, in fit
    self._final_estimator.fit(Xt, y, **last_step_params["fit"])
  File "/common/ketrong/tpotexp/env/lib/python3.10/site-packages/sklearn/base.py", line 1466, in wrapper
    estimator._validate_params()
  File "/common/ketrong/tpotexp/env/lib/python3.10/site-packages/sklearn/base.py", line 666, in _validate_params
    validate_parameter_constraints(
  File "/common/ketrong/tpotexp/env/lib/python3.10/site-packages/sklearn/utils/_param_validation.py", line 95, in validate_parameter_constraints
    raise InvalidParameterError(
sklearn.utils._param_validation.InvalidParameterError: The 'criterion' parameter of ExtraTreesRegressor must be a str among {'friedman_mse', 'poisson', 'absolute_error', 'squared_error'}. Got 'mae' instead.

WARNING THIS INDIVIDUAL CAUSED AND EXCEPTION 
 <tpot2.search_spaces.pipelines.sequential.SequentialPipelineIndividual object at 0x155467b40940> 
 The 'criterion' parameter of RandomForestRegressor must be a str among {'friedman_mse', 'poisson', 'absolute_error', 'squared_error'}. Got 'mse' instead. 
 Traceback (most recent call last):
  File "/common/ketrong/tpotexp/tpot2/tpot2/utils/eval_utils.py", line 53, in objective_nan_wrapper
    value = func_timeout.func_timeout(timeout, objective_function, args=[individual], kwargs=objective_kwargs)
  File "/common/ketrong/tpotexp/env/lib/python3.10/site-packages/func_timeout/dafunc.py", line 108, in func_timeout
    raise_exception(exception)
  File "/common/ketrong/tpotexp/env/lib/python3.10/site-packages/func_timeout/py3_raise.py", line 7, in raise_exception
    raise exception[0] from None
  File "/common/ketrong/tpotexp/tpot2/tpot2/tpot_estimator/estimator.py", line 623, in objective_function
    return objective_function_generator(
  File "/common/ketrong/tpotexp/tpot2/tpot2/tpot_estimator/estimator_utils.py", line 55, in objective_function_generator
    cv_obj_scores = cross_val_score_objective(sklearn.base.clone(pipeline),x,y,scorers=scorers, cv=cv , fold=step)
  File "/common/ketrong/tpotexp/tpot2/tpot2/tpot_estimator/cross_val_utils.py", line 28, in cross_val_score_objective
    this_fold_pipeline.fit(X_train,y_train)
  File "/common/ketrong/tpotexp/env/lib/python3.10/site-packages/sklearn/base.py", line 1473, in wrapper
    return fit_method(estimator, *args, **kwargs)
  File "/common/ketrong/tpotexp/env/lib/python3.10/site-packages/sklearn/pipeline.py", line 473, in fit
    self._final_estimator.fit(Xt, y, **last_step_params["fit"])
  File "/common/ketrong/tpotexp/env/lib/python3.10/site-packages/sklearn/base.py", line 1466, in wrapper
    estimator._validate_params()
  File "/common/ketrong/tpotexp/env/lib/python3.10/site-packages/sklearn/base.py", line 666, in _validate_params
    validate_parameter_constraints(
  File "/common/ketrong/tpotexp/env/lib/python3.10/site-packages/sklearn/utils/_param_validation.py", line 95, in validate_parameter_constraints
    raise InvalidParameterError(
sklearn.utils._param_validation.InvalidParameterError: The 'criterion' parameter of RandomForestRegressor must be a str among {'friedman_mse', 'poisson', 'absolute_error', 'squared_error'}. Got 'mse' instead.

Generation:  7
Best root_mean_squared_error score: -0.002319072949368359
Generation:  28%|       | 7/25 [02:52<06:30, 21.67s/it]WARNING THIS INDIVIDUAL CAUSED AND EXCEPTION 
 <tpot2.search_spaces.pipelines.sequential.SequentialPipelineIndividual object at 0x155465b30c70> 
 The 'criterion' parameter of RandomForestRegressor must be a str among {'friedman_mse', 'poisson', 'absolute_error', 'squared_error'}. Got 'mse' instead. 
 Traceback (most recent call last):
  File "/common/ketrong/tpotexp/tpot2/tpot2/utils/eval_utils.py", line 53, in objective_nan_wrapper
    value = func_timeout.func_timeout(timeout, objective_function, args=[individual], kwargs=objective_kwargs)
  File "/common/ketrong/tpotexp/env/lib/python3.10/site-packages/func_timeout/dafunc.py", line 108, in func_timeout
    raise_exception(exception)
  File "/common/ketrong/tpotexp/env/lib/python3.10/site-packages/func_timeout/py3_raise.py", line 7, in raise_exception
    raise exception[0] from None
  File "/common/ketrong/tpotexp/tpot2/tpot2/tpot_estimator/estimator.py", line 623, in objective_function
    return objective_function_generator(
  File "/common/ketrong/tpotexp/tpot2/tpot2/tpot_estimator/estimator_utils.py", line 55, in objective_function_generator
    cv_obj_scores = cross_val_score_objective(sklearn.base.clone(pipeline),x,y,scorers=scorers, cv=cv , fold=step)
  File "/common/ketrong/tpotexp/tpot2/tpot2/tpot_estimator/cross_val_utils.py", line 28, in cross_val_score_objective
    this_fold_pipeline.fit(X_train,y_train)
  File "/common/ketrong/tpotexp/env/lib/python3.10/site-packages/sklearn/base.py", line 1473, in wrapper
    return fit_method(estimator, *args, **kwargs)
  File "/common/ketrong/tpotexp/env/lib/python3.10/site-packages/sklearn/pipeline.py", line 473, in fit
    self._final_estimator.fit(Xt, y, **last_step_params["fit"])
  File "/common/ketrong/tpotexp/env/lib/python3.10/site-packages/sklearn/base.py", line 1466, in wrapper
    estimator._validate_params()
  File "/common/ketrong/tpotexp/env/lib/python3.10/site-packages/sklearn/base.py", line 666, in _validate_params
    validate_parameter_constraints(
  File "/common/ketrong/tpotexp/env/lib/python3.10/site-packages/sklearn/utils/_param_validation.py", line 95, in validate_parameter_constraints
    raise InvalidParameterError(
sklearn.utils._param_validation.InvalidParameterError: The 'criterion' parameter of RandomForestRegressor must be a str among {'friedman_mse', 'poisson', 'absolute_error', 'squared_error'}. Got 'mse' instead.

Generation:  8
Best root_mean_squared_error score: -0.002319072949368359
Generation:  32%|      | 8/25 [07:07<27:06, 95.69s/it]WARNING AN INDIVIDUAL TIMED OUT: 
 <tpot2.search_spaces.pipelines.sequential.SequentialPipelineIndividual object at 0x15547472eec0> 

Generation:  9
Best root_mean_squared_error score: -0.002319072949368359
Generation:  36%|      | 9/25 [17:13<1:08:02, 255.17s/it]Generation:  10
Best root_mean_squared_error score: -0.002319072949368359
Generation:  40%|      | 10/25 [17:19<44:35, 178.34s/it] Generation:  11
Best root_mean_squared_error score: -0.002319072949368359
Generation:  44%|     | 11/25 [17:42<30:31, 130.80s/it]Generation:  12
Best root_mean_squared_error score: -0.002319072949368359
Generation:  48%|     | 12/25 [17:49<20:11, 93.18s/it] WARNING THIS INDIVIDUAL CAUSED AND EXCEPTION 
 <tpot2.search_spaces.pipelines.sequential.SequentialPipelineIndividual object at 0x155467c5bd60> 
 The 'criterion' parameter of ExtraTreesRegressor must be a str among {'friedman_mse', 'poisson', 'absolute_error', 'squared_error'}. Got 'mae' instead. 
 Traceback (most recent call last):
  File "/common/ketrong/tpotexp/tpot2/tpot2/utils/eval_utils.py", line 53, in objective_nan_wrapper
    value = func_timeout.func_timeout(timeout, objective_function, args=[individual], kwargs=objective_kwargs)
  File "/common/ketrong/tpotexp/env/lib/python3.10/site-packages/func_timeout/dafunc.py", line 108, in func_timeout
    raise_exception(exception)
  File "/common/ketrong/tpotexp/env/lib/python3.10/site-packages/func_timeout/py3_raise.py", line 7, in raise_exception
    raise exception[0] from None
  File "/common/ketrong/tpotexp/tpot2/tpot2/tpot_estimator/estimator.py", line 623, in objective_function
    return objective_function_generator(
  File "/common/ketrong/tpotexp/tpot2/tpot2/tpot_estimator/estimator_utils.py", line 55, in objective_function_generator
    cv_obj_scores = cross_val_score_objective(sklearn.base.clone(pipeline),x,y,scorers=scorers, cv=cv , fold=step)
  File "/common/ketrong/tpotexp/tpot2/tpot2/tpot_estimator/cross_val_utils.py", line 28, in cross_val_score_objective
    this_fold_pipeline.fit(X_train,y_train)
  File "/common/ketrong/tpotexp/env/lib/python3.10/site-packages/sklearn/base.py", line 1473, in wrapper
    return fit_method(estimator, *args, **kwargs)
  File "/common/ketrong/tpotexp/env/lib/python3.10/site-packages/sklearn/pipeline.py", line 473, in fit
    self._final_estimator.fit(Xt, y, **last_step_params["fit"])
  File "/common/ketrong/tpotexp/env/lib/python3.10/site-packages/sklearn/base.py", line 1466, in wrapper
    estimator._validate_params()
  File "/common/ketrong/tpotexp/env/lib/python3.10/site-packages/sklearn/base.py", line 666, in _validate_params
    validate_parameter_constraints(
  File "/common/ketrong/tpotexp/env/lib/python3.10/site-packages/sklearn/utils/_param_validation.py", line 95, in validate_parameter_constraints
    raise InvalidParameterError(
sklearn.utils._param_validation.InvalidParameterError: The 'criterion' parameter of ExtraTreesRegressor must be a str among {'friedman_mse', 'poisson', 'absolute_error', 'squared_error'}. Got 'mae' instead.

WARNING THIS INDIVIDUAL CAUSED AND EXCEPTION 
 <tpot2.search_spaces.pipelines.sequential.SequentialPipelineIndividual object at 0x1554746aecb0> 
 The 'criterion' parameter of RandomForestRegressor must be a str among {'friedman_mse', 'poisson', 'absolute_error', 'squared_error'}. Got 'mse' instead. 
 Traceback (most recent call last):
  File "/common/ketrong/tpotexp/tpot2/tpot2/utils/eval_utils.py", line 53, in objective_nan_wrapper
    value = func_timeout.func_timeout(timeout, objective_function, args=[individual], kwargs=objective_kwargs)
  File "/common/ketrong/tpotexp/env/lib/python3.10/site-packages/func_timeout/dafunc.py", line 108, in func_timeout
    raise_exception(exception)
  File "/common/ketrong/tpotexp/env/lib/python3.10/site-packages/func_timeout/py3_raise.py", line 7, in raise_exception
    raise exception[0] from None
  File "/common/ketrong/tpotexp/tpot2/tpot2/tpot_estimator/estimator.py", line 623, in objective_function
    return objective_function_generator(
  File "/common/ketrong/tpotexp/tpot2/tpot2/tpot_estimator/estimator_utils.py", line 55, in objective_function_generator
    cv_obj_scores = cross_val_score_objective(sklearn.base.clone(pipeline),x,y,scorers=scorers, cv=cv , fold=step)
  File "/common/ketrong/tpotexp/tpot2/tpot2/tpot_estimator/cross_val_utils.py", line 28, in cross_val_score_objective
    this_fold_pipeline.fit(X_train,y_train)
  File "/common/ketrong/tpotexp/env/lib/python3.10/site-packages/sklearn/base.py", line 1473, in wrapper
    return fit_method(estimator, *args, **kwargs)
  File "/common/ketrong/tpotexp/env/lib/python3.10/site-packages/sklearn/pipeline.py", line 473, in fit
    self._final_estimator.fit(Xt, y, **last_step_params["fit"])
  File "/common/ketrong/tpotexp/env/lib/python3.10/site-packages/sklearn/base.py", line 1466, in wrapper
    estimator._validate_params()
  File "/common/ketrong/tpotexp/env/lib/python3.10/site-packages/sklearn/base.py", line 666, in _validate_params
    validate_parameter_constraints(
  File "/common/ketrong/tpotexp/env/lib/python3.10/site-packages/sklearn/utils/_param_validation.py", line 95, in validate_parameter_constraints
    raise InvalidParameterError(
sklearn.utils._param_validation.InvalidParameterError: The 'criterion' parameter of RandomForestRegressor must be a str among {'friedman_mse', 'poisson', 'absolute_error', 'squared_error'}. Got 'mse' instead.

Generation:  13
Best root_mean_squared_error score: -0.002319072949368359
Generation:  52%|    | 13/25 [18:00<13:40, 68.41s/it]WARNING THIS INDIVIDUAL CAUSED AND EXCEPTION 
 <tpot2.search_spaces.pipelines.sequential.SequentialPipelineIndividual object at 0x1554746a7910> 
 The 'criterion' parameter of RandomForestRegressor must be a str among {'friedman_mse', 'poisson', 'absolute_error', 'squared_error'}. Got 'mae' instead. 
 Traceback (most recent call last):
  File "/common/ketrong/tpotexp/tpot2/tpot2/utils/eval_utils.py", line 53, in objective_nan_wrapper
    value = func_timeout.func_timeout(timeout, objective_function, args=[individual], kwargs=objective_kwargs)
  File "/common/ketrong/tpotexp/env/lib/python3.10/site-packages/func_timeout/dafunc.py", line 108, in func_timeout
    raise_exception(exception)
  File "/common/ketrong/tpotexp/env/lib/python3.10/site-packages/func_timeout/py3_raise.py", line 7, in raise_exception
    raise exception[0] from None
  File "/common/ketrong/tpotexp/tpot2/tpot2/tpot_estimator/estimator.py", line 623, in objective_function
    return objective_function_generator(
  File "/common/ketrong/tpotexp/tpot2/tpot2/tpot_estimator/estimator_utils.py", line 55, in objective_function_generator
    cv_obj_scores = cross_val_score_objective(sklearn.base.clone(pipeline),x,y,scorers=scorers, cv=cv , fold=step)
  File "/common/ketrong/tpotexp/tpot2/tpot2/tpot_estimator/cross_val_utils.py", line 28, in cross_val_score_objective
    this_fold_pipeline.fit(X_train,y_train)
  File "/common/ketrong/tpotexp/env/lib/python3.10/site-packages/sklearn/base.py", line 1473, in wrapper
    return fit_method(estimator, *args, **kwargs)
  File "/common/ketrong/tpotexp/env/lib/python3.10/site-packages/sklearn/pipeline.py", line 473, in fit
    self._final_estimator.fit(Xt, y, **last_step_params["fit"])
  File "/common/ketrong/tpotexp/env/lib/python3.10/site-packages/sklearn/base.py", line 1466, in wrapper
    estimator._validate_params()
  File "/common/ketrong/tpotexp/env/lib/python3.10/site-packages/sklearn/base.py", line 666, in _validate_params
    validate_parameter_constraints(
  File "/common/ketrong/tpotexp/env/lib/python3.10/site-packages/sklearn/utils/_param_validation.py", line 95, in validate_parameter_constraints
    raise InvalidParameterError(
sklearn.utils._param_validation.InvalidParameterError: The 'criterion' parameter of RandomForestRegressor must be a str among {'friedman_mse', 'poisson', 'absolute_error', 'squared_error'}. Got 'mae' instead.

WARNING THIS INDIVIDUAL CAUSED AND EXCEPTION 
 <tpot2.search_spaces.pipelines.sequential.SequentialPipelineIndividual object at 0x155465be7be0> 
 The 'criterion' parameter of ExtraTreesRegressor must be a str among {'friedman_mse', 'poisson', 'absolute_error', 'squared_error'}. Got 'mae' instead. 
 Traceback (most recent call last):
  File "/common/ketrong/tpotexp/tpot2/tpot2/utils/eval_utils.py", line 53, in objective_nan_wrapper
    value = func_timeout.func_timeout(timeout, objective_function, args=[individual], kwargs=objective_kwargs)
  File "/common/ketrong/tpotexp/env/lib/python3.10/site-packages/func_timeout/dafunc.py", line 108, in func_timeout
    raise_exception(exception)
  File "/common/ketrong/tpotexp/env/lib/python3.10/site-packages/func_timeout/py3_raise.py", line 7, in raise_exception
    raise exception[0] from None
  File "/common/ketrong/tpotexp/tpot2/tpot2/tpot_estimator/estimator.py", line 623, in objective_function
    return objective_function_generator(
  File "/common/ketrong/tpotexp/tpot2/tpot2/tpot_estimator/estimator_utils.py", line 55, in objective_function_generator
    cv_obj_scores = cross_val_score_objective(sklearn.base.clone(pipeline),x,y,scorers=scorers, cv=cv , fold=step)
  File "/common/ketrong/tpotexp/tpot2/tpot2/tpot_estimator/cross_val_utils.py", line 28, in cross_val_score_objective
    this_fold_pipeline.fit(X_train,y_train)
  File "/common/ketrong/tpotexp/env/lib/python3.10/site-packages/sklearn/base.py", line 1473, in wrapper
    return fit_method(estimator, *args, **kwargs)
  File "/common/ketrong/tpotexp/env/lib/python3.10/site-packages/sklearn/pipeline.py", line 473, in fit
    self._final_estimator.fit(Xt, y, **last_step_params["fit"])
  File "/common/ketrong/tpotexp/env/lib/python3.10/site-packages/sklearn/base.py", line 1466, in wrapper
    estimator._validate_params()
  File "/common/ketrong/tpotexp/env/lib/python3.10/site-packages/sklearn/base.py", line 666, in _validate_params
    validate_parameter_constraints(
  File "/common/ketrong/tpotexp/env/lib/python3.10/site-packages/sklearn/utils/_param_validation.py", line 95, in validate_parameter_constraints
    raise InvalidParameterError(
sklearn.utils._param_validation.InvalidParameterError: The 'criterion' parameter of ExtraTreesRegressor must be a str among {'friedman_mse', 'poisson', 'absolute_error', 'squared_error'}. Got 'mae' instead.

Generation:  14
Best root_mean_squared_error score: -0.002319072949368359
Generation:  56%|    | 14/25 [18:11<09:21, 51.04s/it]WARNING THIS INDIVIDUAL CAUSED AND EXCEPTION 
 <tpot2.search_spaces.pipelines.sequential.SequentialPipelineIndividual object at 0x155467fc5030> 
 The 'criterion' parameter of ExtraTreesRegressor must be a str among {'friedman_mse', 'poisson', 'absolute_error', 'squared_error'}. Got 'mae' instead. 
 Traceback (most recent call last):
  File "/common/ketrong/tpotexp/tpot2/tpot2/utils/eval_utils.py", line 53, in objective_nan_wrapper
    value = func_timeout.func_timeout(timeout, objective_function, args=[individual], kwargs=objective_kwargs)
  File "/common/ketrong/tpotexp/env/lib/python3.10/site-packages/func_timeout/dafunc.py", line 108, in func_timeout
    raise_exception(exception)
  File "/common/ketrong/tpotexp/env/lib/python3.10/site-packages/func_timeout/py3_raise.py", line 7, in raise_exception
    raise exception[0] from None
  File "/common/ketrong/tpotexp/tpot2/tpot2/tpot_estimator/estimator.py", line 623, in objective_function
    return objective_function_generator(
  File "/common/ketrong/tpotexp/tpot2/tpot2/tpot_estimator/estimator_utils.py", line 55, in objective_function_generator
    cv_obj_scores = cross_val_score_objective(sklearn.base.clone(pipeline),x,y,scorers=scorers, cv=cv , fold=step)
  File "/common/ketrong/tpotexp/tpot2/tpot2/tpot_estimator/cross_val_utils.py", line 28, in cross_val_score_objective
    this_fold_pipeline.fit(X_train,y_train)
  File "/common/ketrong/tpotexp/env/lib/python3.10/site-packages/sklearn/base.py", line 1473, in wrapper
    return fit_method(estimator, *args, **kwargs)
  File "/common/ketrong/tpotexp/env/lib/python3.10/site-packages/sklearn/pipeline.py", line 473, in fit
    self._final_estimator.fit(Xt, y, **last_step_params["fit"])
  File "/common/ketrong/tpotexp/env/lib/python3.10/site-packages/sklearn/base.py", line 1466, in wrapper
    estimator._validate_params()
  File "/common/ketrong/tpotexp/env/lib/python3.10/site-packages/sklearn/base.py", line 666, in _validate_params
    validate_parameter_constraints(
  File "/common/ketrong/tpotexp/env/lib/python3.10/site-packages/sklearn/utils/_param_validation.py", line 95, in validate_parameter_constraints
    raise InvalidParameterError(
sklearn.utils._param_validation.InvalidParameterError: The 'criterion' parameter of ExtraTreesRegressor must be a str among {'friedman_mse', 'poisson', 'absolute_error', 'squared_error'}. Got 'mae' instead.

Generation:  15
Best root_mean_squared_error score: -0.002319072949368359
Generation:  60%|    | 15/25 [19:28<09:46, 58.64s/it]WARNING THIS INDIVIDUAL CAUSED AND EXCEPTION 
 <tpot2.search_spaces.pipelines.sequential.SequentialPipelineIndividual object at 0x1554657483d0> 
 The 'criterion' parameter of RandomForestRegressor must be a str among {'friedman_mse', 'poisson', 'absolute_error', 'squared_error'}. Got 'mse' instead. 
 Traceback (most recent call last):
  File "/common/ketrong/tpotexp/tpot2/tpot2/utils/eval_utils.py", line 53, in objective_nan_wrapper
    value = func_timeout.func_timeout(timeout, objective_function, args=[individual], kwargs=objective_kwargs)
  File "/common/ketrong/tpotexp/env/lib/python3.10/site-packages/func_timeout/dafunc.py", line 108, in func_timeout
    raise_exception(exception)
  File "/common/ketrong/tpotexp/env/lib/python3.10/site-packages/func_timeout/py3_raise.py", line 7, in raise_exception
    raise exception[0] from None
  File "/common/ketrong/tpotexp/tpot2/tpot2/tpot_estimator/estimator.py", line 623, in objective_function
    return objective_function_generator(
  File "/common/ketrong/tpotexp/tpot2/tpot2/tpot_estimator/estimator_utils.py", line 55, in objective_function_generator
    cv_obj_scores = cross_val_score_objective(sklearn.base.clone(pipeline),x,y,scorers=scorers, cv=cv , fold=step)
  File "/common/ketrong/tpotexp/tpot2/tpot2/tpot_estimator/cross_val_utils.py", line 28, in cross_val_score_objective
    this_fold_pipeline.fit(X_train,y_train)
  File "/common/ketrong/tpotexp/env/lib/python3.10/site-packages/sklearn/base.py", line 1473, in wrapper
    return fit_method(estimator, *args, **kwargs)
  File "/common/ketrong/tpotexp/env/lib/python3.10/site-packages/sklearn/pipeline.py", line 473, in fit
    self._final_estimator.fit(Xt, y, **last_step_params["fit"])
  File "/common/ketrong/tpotexp/env/lib/python3.10/site-packages/sklearn/base.py", line 1466, in wrapper
    estimator._validate_params()
  File "/common/ketrong/tpotexp/env/lib/python3.10/site-packages/sklearn/base.py", line 666, in _validate_params
    validate_parameter_constraints(
  File "/common/ketrong/tpotexp/env/lib/python3.10/site-packages/sklearn/utils/_param_validation.py", line 95, in validate_parameter_constraints
    raise InvalidParameterError(
sklearn.utils._param_validation.InvalidParameterError: The 'criterion' parameter of RandomForestRegressor must be a str among {'friedman_mse', 'poisson', 'absolute_error', 'squared_error'}. Got 'mse' instead.

WARNING THIS INDIVIDUAL CAUSED AND EXCEPTION 
 <tpot2.search_spaces.pipelines.sequential.SequentialPipelineIndividual object at 0x1554746a56c0> 
 The 'criterion' parameter of DecisionTreeRegressor must be a str among {'friedman_mse', 'poisson', 'absolute_error', 'squared_error'}. Got 'mae' instead. 
 Traceback (most recent call last):
  File "/common/ketrong/tpotexp/tpot2/tpot2/utils/eval_utils.py", line 53, in objective_nan_wrapper
    value = func_timeout.func_timeout(timeout, objective_function, args=[individual], kwargs=objective_kwargs)
  File "/common/ketrong/tpotexp/env/lib/python3.10/site-packages/func_timeout/dafunc.py", line 108, in func_timeout
    raise_exception(exception)
  File "/common/ketrong/tpotexp/env/lib/python3.10/site-packages/func_timeout/py3_raise.py", line 7, in raise_exception
    raise exception[0] from None
  File "/common/ketrong/tpotexp/tpot2/tpot2/tpot_estimator/estimator.py", line 623, in objective_function
    return objective_function_generator(
  File "/common/ketrong/tpotexp/tpot2/tpot2/tpot_estimator/estimator_utils.py", line 55, in objective_function_generator
    cv_obj_scores = cross_val_score_objective(sklearn.base.clone(pipeline),x,y,scorers=scorers, cv=cv , fold=step)
  File "/common/ketrong/tpotexp/tpot2/tpot2/tpot_estimator/cross_val_utils.py", line 28, in cross_val_score_objective
    this_fold_pipeline.fit(X_train,y_train)
  File "/common/ketrong/tpotexp/env/lib/python3.10/site-packages/sklearn/base.py", line 1473, in wrapper
    return fit_method(estimator, *args, **kwargs)
  File "/common/ketrong/tpotexp/env/lib/python3.10/site-packages/sklearn/pipeline.py", line 473, in fit
    self._final_estimator.fit(Xt, y, **last_step_params["fit"])
  File "/common/ketrong/tpotexp/env/lib/python3.10/site-packages/sklearn/base.py", line 1466, in wrapper
    estimator._validate_params()
  File "/common/ketrong/tpotexp/env/lib/python3.10/site-packages/sklearn/base.py", line 666, in _validate_params
    validate_parameter_constraints(
  File "/common/ketrong/tpotexp/env/lib/python3.10/site-packages/sklearn/utils/_param_validation.py", line 95, in validate_parameter_constraints
    raise InvalidParameterError(
sklearn.utils._param_validation.InvalidParameterError: The 'criterion' parameter of DecisionTreeRegressor must be a str among {'friedman_mse', 'poisson', 'absolute_error', 'squared_error'}. Got 'mae' instead.

Generation:  16
Best root_mean_squared_error score: -0.002319072949368359
Generation:  64%|   | 16/25 [20:11<08:06, 54.08s/it]WARNING THIS INDIVIDUAL CAUSED AND EXCEPTION 
 <tpot2.search_spaces.pipelines.sequential.SequentialPipelineIndividual object at 0x155465642650> 
 The 'criterion' parameter of ExtraTreesRegressor must be a str among {'friedman_mse', 'poisson', 'absolute_error', 'squared_error'}. Got 'mae' instead. 
 Traceback (most recent call last):
  File "/common/ketrong/tpotexp/tpot2/tpot2/utils/eval_utils.py", line 53, in objective_nan_wrapper
    value = func_timeout.func_timeout(timeout, objective_function, args=[individual], kwargs=objective_kwargs)
  File "/common/ketrong/tpotexp/env/lib/python3.10/site-packages/func_timeout/dafunc.py", line 108, in func_timeout
    raise_exception(exception)
  File "/common/ketrong/tpotexp/env/lib/python3.10/site-packages/func_timeout/py3_raise.py", line 7, in raise_exception
    raise exception[0] from None
  File "/common/ketrong/tpotexp/tpot2/tpot2/tpot_estimator/estimator.py", line 623, in objective_function
    return objective_function_generator(
  File "/common/ketrong/tpotexp/tpot2/tpot2/tpot_estimator/estimator_utils.py", line 55, in objective_function_generator
    cv_obj_scores = cross_val_score_objective(sklearn.base.clone(pipeline),x,y,scorers=scorers, cv=cv , fold=step)
  File "/common/ketrong/tpotexp/tpot2/tpot2/tpot_estimator/cross_val_utils.py", line 28, in cross_val_score_objective
    this_fold_pipeline.fit(X_train,y_train)
  File "/common/ketrong/tpotexp/env/lib/python3.10/site-packages/sklearn/base.py", line 1473, in wrapper
    return fit_method(estimator, *args, **kwargs)
  File "/common/ketrong/tpotexp/env/lib/python3.10/site-packages/sklearn/pipeline.py", line 473, in fit
    self._final_estimator.fit(Xt, y, **last_step_params["fit"])
  File "/common/ketrong/tpotexp/env/lib/python3.10/site-packages/sklearn/base.py", line 1466, in wrapper
    estimator._validate_params()
  File "/common/ketrong/tpotexp/env/lib/python3.10/site-packages/sklearn/base.py", line 666, in _validate_params
    validate_parameter_constraints(
  File "/common/ketrong/tpotexp/env/lib/python3.10/site-packages/sklearn/utils/_param_validation.py", line 95, in validate_parameter_constraints
    raise InvalidParameterError(
sklearn.utils._param_validation.InvalidParameterError: The 'criterion' parameter of ExtraTreesRegressor must be a str among {'friedman_mse', 'poisson', 'absolute_error', 'squared_error'}. Got 'mae' instead.

WARNING THIS INDIVIDUAL CAUSED AND EXCEPTION 
 <tpot2.search_spaces.pipelines.sequential.SequentialPipelineIndividual object at 0x1554656e6fe0> 
 The 'criterion' parameter of RandomForestRegressor must be a str among {'friedman_mse', 'poisson', 'absolute_error', 'squared_error'}. Got 'mae' instead. 
 Traceback (most recent call last):
  File "/common/ketrong/tpotexp/tpot2/tpot2/utils/eval_utils.py", line 53, in objective_nan_wrapper
    value = func_timeout.func_timeout(timeout, objective_function, args=[individual], kwargs=objective_kwargs)
  File "/common/ketrong/tpotexp/env/lib/python3.10/site-packages/func_timeout/dafunc.py", line 108, in func_timeout
    raise_exception(exception)
  File "/common/ketrong/tpotexp/env/lib/python3.10/site-packages/func_timeout/py3_raise.py", line 7, in raise_exception
    raise exception[0] from None
  File "/common/ketrong/tpotexp/tpot2/tpot2/tpot_estimator/estimator.py", line 623, in objective_function
    return objective_function_generator(
  File "/common/ketrong/tpotexp/tpot2/tpot2/tpot_estimator/estimator_utils.py", line 55, in objective_function_generator
    cv_obj_scores = cross_val_score_objective(sklearn.base.clone(pipeline),x,y,scorers=scorers, cv=cv , fold=step)
  File "/common/ketrong/tpotexp/tpot2/tpot2/tpot_estimator/cross_val_utils.py", line 28, in cross_val_score_objective
    this_fold_pipeline.fit(X_train,y_train)
  File "/common/ketrong/tpotexp/env/lib/python3.10/site-packages/sklearn/base.py", line 1473, in wrapper
    return fit_method(estimator, *args, **kwargs)
  File "/common/ketrong/tpotexp/env/lib/python3.10/site-packages/sklearn/pipeline.py", line 473, in fit
    self._final_estimator.fit(Xt, y, **last_step_params["fit"])
  File "/common/ketrong/tpotexp/env/lib/python3.10/site-packages/sklearn/base.py", line 1466, in wrapper
    estimator._validate_params()
  File "/common/ketrong/tpotexp/env/lib/python3.10/site-packages/sklearn/base.py", line 666, in _validate_params
    validate_parameter_constraints(
  File "/common/ketrong/tpotexp/env/lib/python3.10/site-packages/sklearn/utils/_param_validation.py", line 95, in validate_parameter_constraints
    raise InvalidParameterError(
sklearn.utils._param_validation.InvalidParameterError: The 'criterion' parameter of RandomForestRegressor must be a str among {'friedman_mse', 'poisson', 'absolute_error', 'squared_error'}. Got 'mae' instead.

Generation:  17
Best root_mean_squared_error score: -0.002319072949368359
Generation:  68%|   | 17/25 [27:24<22:23, 167.97s/it]WARNING THIS INDIVIDUAL CAUSED AND EXCEPTION 
 <tpot2.search_spaces.pipelines.sequential.SequentialPipelineIndividual object at 0x1554657b9570> 
 The 'criterion' parameter of ExtraTreesRegressor must be a str among {'friedman_mse', 'poisson', 'absolute_error', 'squared_error'}. Got 'mae' instead. 
 Traceback (most recent call last):
  File "/common/ketrong/tpotexp/tpot2/tpot2/utils/eval_utils.py", line 53, in objective_nan_wrapper
    value = func_timeout.func_timeout(timeout, objective_function, args=[individual], kwargs=objective_kwargs)
  File "/common/ketrong/tpotexp/env/lib/python3.10/site-packages/func_timeout/dafunc.py", line 108, in func_timeout
    raise_exception(exception)
  File "/common/ketrong/tpotexp/env/lib/python3.10/site-packages/func_timeout/py3_raise.py", line 7, in raise_exception
    raise exception[0] from None
  File "/common/ketrong/tpotexp/tpot2/tpot2/tpot_estimator/estimator.py", line 623, in objective_function
    return objective_function_generator(
  File "/common/ketrong/tpotexp/tpot2/tpot2/tpot_estimator/estimator_utils.py", line 55, in objective_function_generator
    cv_obj_scores = cross_val_score_objective(sklearn.base.clone(pipeline),x,y,scorers=scorers, cv=cv , fold=step)
  File "/common/ketrong/tpotexp/tpot2/tpot2/tpot_estimator/cross_val_utils.py", line 28, in cross_val_score_objective
    this_fold_pipeline.fit(X_train,y_train)
  File "/common/ketrong/tpotexp/env/lib/python3.10/site-packages/sklearn/base.py", line 1473, in wrapper
    return fit_method(estimator, *args, **kwargs)
  File "/common/ketrong/tpotexp/env/lib/python3.10/site-packages/sklearn/pipeline.py", line 473, in fit
    self._final_estimator.fit(Xt, y, **last_step_params["fit"])
  File "/common/ketrong/tpotexp/env/lib/python3.10/site-packages/sklearn/base.py", line 1466, in wrapper
    estimator._validate_params()
  File "/common/ketrong/tpotexp/env/lib/python3.10/site-packages/sklearn/base.py", line 666, in _validate_params
    validate_parameter_constraints(
  File "/common/ketrong/tpotexp/env/lib/python3.10/site-packages/sklearn/utils/_param_validation.py", line 95, in validate_parameter_constraints
    raise InvalidParameterError(
sklearn.utils._param_validation.InvalidParameterError: The 'criterion' parameter of ExtraTreesRegressor must be a str among {'friedman_mse', 'poisson', 'absolute_error', 'squared_error'}. Got 'mae' instead.

Generation:  18
Best root_mean_squared_error score: -0.002319072949368359
Generation:  72%|  | 18/25 [27:49<14:36, 125.18s/it]WARNING THIS INDIVIDUAL CAUSED AND EXCEPTION 
 <tpot2.search_spaces.pipelines.sequential.SequentialPipelineIndividual object at 0x155465ba9ff0> 
 The 'criterion' parameter of ExtraTreesRegressor must be a str among {'friedman_mse', 'poisson', 'absolute_error', 'squared_error'}. Got 'mae' instead. 
 Traceback (most recent call last):
  File "/common/ketrong/tpotexp/tpot2/tpot2/utils/eval_utils.py", line 53, in objective_nan_wrapper
    value = func_timeout.func_timeout(timeout, objective_function, args=[individual], kwargs=objective_kwargs)
  File "/common/ketrong/tpotexp/env/lib/python3.10/site-packages/func_timeout/dafunc.py", line 108, in func_timeout
    raise_exception(exception)
  File "/common/ketrong/tpotexp/env/lib/python3.10/site-packages/func_timeout/py3_raise.py", line 7, in raise_exception
    raise exception[0] from None
  File "/common/ketrong/tpotexp/tpot2/tpot2/tpot_estimator/estimator.py", line 623, in objective_function
    return objective_function_generator(
  File "/common/ketrong/tpotexp/tpot2/tpot2/tpot_estimator/estimator_utils.py", line 55, in objective_function_generator
    cv_obj_scores = cross_val_score_objective(sklearn.base.clone(pipeline),x,y,scorers=scorers, cv=cv , fold=step)
  File "/common/ketrong/tpotexp/tpot2/tpot2/tpot_estimator/cross_val_utils.py", line 28, in cross_val_score_objective
    this_fold_pipeline.fit(X_train,y_train)
  File "/common/ketrong/tpotexp/env/lib/python3.10/site-packages/sklearn/base.py", line 1473, in wrapper
    return fit_method(estimator, *args, **kwargs)
  File "/common/ketrong/tpotexp/env/lib/python3.10/site-packages/sklearn/pipeline.py", line 473, in fit
    self._final_estimator.fit(Xt, y, **last_step_params["fit"])
  File "/common/ketrong/tpotexp/env/lib/python3.10/site-packages/sklearn/base.py", line 1466, in wrapper
    estimator._validate_params()
  File "/common/ketrong/tpotexp/env/lib/python3.10/site-packages/sklearn/base.py", line 666, in _validate_params
    validate_parameter_constraints(
  File "/common/ketrong/tpotexp/env/lib/python3.10/site-packages/sklearn/utils/_param_validation.py", line 95, in validate_parameter_constraints
    raise InvalidParameterError(
sklearn.utils._param_validation.InvalidParameterError: The 'criterion' parameter of ExtraTreesRegressor must be a str among {'friedman_mse', 'poisson', 'absolute_error', 'squared_error'}. Got 'mae' instead.

Generation:  19
Best root_mean_squared_error score: -0.002319072949368359
Generation:  76%|  | 19/25 [27:59<09:03, 90.57s/it] WARNING THIS INDIVIDUAL CAUSED AND EXCEPTION 
 <tpot2.search_spaces.pipelines.sequential.SequentialPipelineIndividual object at 0x15546786e590> 
 The 'criterion' parameter of RandomForestRegressor must be a str among {'friedman_mse', 'poisson', 'absolute_error', 'squared_error'}. Got 'mae' instead. 
 Traceback (most recent call last):
  File "/common/ketrong/tpotexp/tpot2/tpot2/utils/eval_utils.py", line 53, in objective_nan_wrapper
    value = func_timeout.func_timeout(timeout, objective_function, args=[individual], kwargs=objective_kwargs)
  File "/common/ketrong/tpotexp/env/lib/python3.10/site-packages/func_timeout/dafunc.py", line 108, in func_timeout
    raise_exception(exception)
  File "/common/ketrong/tpotexp/env/lib/python3.10/site-packages/func_timeout/py3_raise.py", line 7, in raise_exception
    raise exception[0] from None
  File "/common/ketrong/tpotexp/tpot2/tpot2/tpot_estimator/estimator.py", line 623, in objective_function
    return objective_function_generator(
  File "/common/ketrong/tpotexp/tpot2/tpot2/tpot_estimator/estimator_utils.py", line 55, in objective_function_generator
    cv_obj_scores = cross_val_score_objective(sklearn.base.clone(pipeline),x,y,scorers=scorers, cv=cv , fold=step)
  File "/common/ketrong/tpotexp/tpot2/tpot2/tpot_estimator/cross_val_utils.py", line 28, in cross_val_score_objective
    this_fold_pipeline.fit(X_train,y_train)
  File "/common/ketrong/tpotexp/env/lib/python3.10/site-packages/sklearn/base.py", line 1473, in wrapper
    return fit_method(estimator, *args, **kwargs)
  File "/common/ketrong/tpotexp/env/lib/python3.10/site-packages/sklearn/pipeline.py", line 473, in fit
    self._final_estimator.fit(Xt, y, **last_step_params["fit"])
  File "/common/ketrong/tpotexp/env/lib/python3.10/site-packages/sklearn/base.py", line 1466, in wrapper
    estimator._validate_params()
  File "/common/ketrong/tpotexp/env/lib/python3.10/site-packages/sklearn/base.py", line 666, in _validate_params
    validate_parameter_constraints(
  File "/common/ketrong/tpotexp/env/lib/python3.10/site-packages/sklearn/utils/_param_validation.py", line 95, in validate_parameter_constraints
    raise InvalidParameterError(
sklearn.utils._param_validation.InvalidParameterError: The 'criterion' parameter of RandomForestRegressor must be a str among {'friedman_mse', 'poisson', 'absolute_error', 'squared_error'}. Got 'mae' instead.

Generation:  20
Best root_mean_squared_error score: -0.002319072949368359
Generation:  80%|  | 20/25 [28:10<05:32, 66.45s/it]WARNING THIS INDIVIDUAL CAUSED AND EXCEPTION 
 <tpot2.search_spaces.pipelines.sequential.SequentialPipelineIndividual object at 0x155465645300> 
 The 'criterion' parameter of RandomForestRegressor must be a str among {'friedman_mse', 'poisson', 'absolute_error', 'squared_error'}. Got 'mse' instead. 
 Traceback (most recent call last):
  File "/common/ketrong/tpotexp/tpot2/tpot2/utils/eval_utils.py", line 53, in objective_nan_wrapper
    value = func_timeout.func_timeout(timeout, objective_function, args=[individual], kwargs=objective_kwargs)
  File "/common/ketrong/tpotexp/env/lib/python3.10/site-packages/func_timeout/dafunc.py", line 108, in func_timeout
    raise_exception(exception)
  File "/common/ketrong/tpotexp/env/lib/python3.10/site-packages/func_timeout/py3_raise.py", line 7, in raise_exception
    raise exception[0] from None
  File "/common/ketrong/tpotexp/tpot2/tpot2/tpot_estimator/estimator.py", line 623, in objective_function
    return objective_function_generator(
  File "/common/ketrong/tpotexp/tpot2/tpot2/tpot_estimator/estimator_utils.py", line 55, in objective_function_generator
    cv_obj_scores = cross_val_score_objective(sklearn.base.clone(pipeline),x,y,scorers=scorers, cv=cv , fold=step)
  File "/common/ketrong/tpotexp/tpot2/tpot2/tpot_estimator/cross_val_utils.py", line 28, in cross_val_score_objective
    this_fold_pipeline.fit(X_train,y_train)
  File "/common/ketrong/tpotexp/env/lib/python3.10/site-packages/sklearn/base.py", line 1473, in wrapper
    return fit_method(estimator, *args, **kwargs)
  File "/common/ketrong/tpotexp/env/lib/python3.10/site-packages/sklearn/pipeline.py", line 473, in fit
    self._final_estimator.fit(Xt, y, **last_step_params["fit"])
  File "/common/ketrong/tpotexp/env/lib/python3.10/site-packages/sklearn/base.py", line 1466, in wrapper
    estimator._validate_params()
  File "/common/ketrong/tpotexp/env/lib/python3.10/site-packages/sklearn/base.py", line 666, in _validate_params
    validate_parameter_constraints(
  File "/common/ketrong/tpotexp/env/lib/python3.10/site-packages/sklearn/utils/_param_validation.py", line 95, in validate_parameter_constraints
    raise InvalidParameterError(
sklearn.utils._param_validation.InvalidParameterError: The 'criterion' parameter of RandomForestRegressor must be a str among {'friedman_mse', 'poisson', 'absolute_error', 'squared_error'}. Got 'mse' instead.

WARNING THIS INDIVIDUAL CAUSED AND EXCEPTION 
 <tpot2.search_spaces.pipelines.sequential.SequentialPipelineIndividual object at 0x155465616b60> 
 The 'criterion' parameter of RandomForestRegressor must be a str among {'friedman_mse', 'poisson', 'absolute_error', 'squared_error'}. Got 'mse' instead. 
 Traceback (most recent call last):
  File "/common/ketrong/tpotexp/tpot2/tpot2/utils/eval_utils.py", line 53, in objective_nan_wrapper
    value = func_timeout.func_timeout(timeout, objective_function, args=[individual], kwargs=objective_kwargs)
  File "/common/ketrong/tpotexp/env/lib/python3.10/site-packages/func_timeout/dafunc.py", line 108, in func_timeout
    raise_exception(exception)
  File "/common/ketrong/tpotexp/env/lib/python3.10/site-packages/func_timeout/py3_raise.py", line 7, in raise_exception
    raise exception[0] from None
  File "/common/ketrong/tpotexp/tpot2/tpot2/tpot_estimator/estimator.py", line 623, in objective_function
    return objective_function_generator(
  File "/common/ketrong/tpotexp/tpot2/tpot2/tpot_estimator/estimator_utils.py", line 55, in objective_function_generator
    cv_obj_scores = cross_val_score_objective(sklearn.base.clone(pipeline),x,y,scorers=scorers, cv=cv , fold=step)
  File "/common/ketrong/tpotexp/tpot2/tpot2/tpot_estimator/cross_val_utils.py", line 28, in cross_val_score_objective
    this_fold_pipeline.fit(X_train,y_train)
  File "/common/ketrong/tpotexp/env/lib/python3.10/site-packages/sklearn/base.py", line 1473, in wrapper
    return fit_method(estimator, *args, **kwargs)
  File "/common/ketrong/tpotexp/env/lib/python3.10/site-packages/sklearn/pipeline.py", line 473, in fit
    self._final_estimator.fit(Xt, y, **last_step_params["fit"])
  File "/common/ketrong/tpotexp/env/lib/python3.10/site-packages/sklearn/base.py", line 1466, in wrapper
    estimator._validate_params()
  File "/common/ketrong/tpotexp/env/lib/python3.10/site-packages/sklearn/base.py", line 666, in _validate_params
    validate_parameter_constraints(
  File "/common/ketrong/tpotexp/env/lib/python3.10/site-packages/sklearn/utils/_param_validation.py", line 95, in validate_parameter_constraints
    raise InvalidParameterError(
sklearn.utils._param_validation.InvalidParameterError: The 'criterion' parameter of RandomForestRegressor must be a str among {'friedman_mse', 'poisson', 'absolute_error', 'squared_error'}. Got 'mse' instead.

Generation:  21
Best root_mean_squared_error score: -0.002319072949368359
Generation:  84%| | 21/25 [28:25<03:24, 51.21s/it]WARNING THIS INDIVIDUAL CAUSED AND EXCEPTION 
 <tpot2.search_spaces.pipelines.sequential.SequentialPipelineIndividual object at 0x1554746a5fc0> 
 The 'criterion' parameter of DecisionTreeRegressor must be a str among {'friedman_mse', 'poisson', 'absolute_error', 'squared_error'}. Got 'mae' instead. 
 Traceback (most recent call last):
  File "/common/ketrong/tpotexp/tpot2/tpot2/utils/eval_utils.py", line 53, in objective_nan_wrapper
    value = func_timeout.func_timeout(timeout, objective_function, args=[individual], kwargs=objective_kwargs)
  File "/common/ketrong/tpotexp/env/lib/python3.10/site-packages/func_timeout/dafunc.py", line 108, in func_timeout
    raise_exception(exception)
  File "/common/ketrong/tpotexp/env/lib/python3.10/site-packages/func_timeout/py3_raise.py", line 7, in raise_exception
    raise exception[0] from None
  File "/common/ketrong/tpotexp/tpot2/tpot2/tpot_estimator/estimator.py", line 623, in objective_function
    return objective_function_generator(
  File "/common/ketrong/tpotexp/tpot2/tpot2/tpot_estimator/estimator_utils.py", line 55, in objective_function_generator
    cv_obj_scores = cross_val_score_objective(sklearn.base.clone(pipeline),x,y,scorers=scorers, cv=cv , fold=step)
  File "/common/ketrong/tpotexp/tpot2/tpot2/tpot_estimator/cross_val_utils.py", line 28, in cross_val_score_objective
    this_fold_pipeline.fit(X_train,y_train)
  File "/common/ketrong/tpotexp/env/lib/python3.10/site-packages/sklearn/base.py", line 1473, in wrapper
    return fit_method(estimator, *args, **kwargs)
  File "/common/ketrong/tpotexp/env/lib/python3.10/site-packages/sklearn/pipeline.py", line 473, in fit
    self._final_estimator.fit(Xt, y, **last_step_params["fit"])
  File "/common/ketrong/tpotexp/env/lib/python3.10/site-packages/sklearn/base.py", line 1466, in wrapper
    estimator._validate_params()
  File "/common/ketrong/tpotexp/env/lib/python3.10/site-packages/sklearn/base.py", line 666, in _validate_params
    validate_parameter_constraints(
  File "/common/ketrong/tpotexp/env/lib/python3.10/site-packages/sklearn/utils/_param_validation.py", line 95, in validate_parameter_constraints
    raise InvalidParameterError(
sklearn.utils._param_validation.InvalidParameterError: The 'criterion' parameter of DecisionTreeRegressor must be a str among {'friedman_mse', 'poisson', 'absolute_error', 'squared_error'}. Got 'mae' instead.

Generation:  22
Best root_mean_squared_error score: -0.002319072949368359
Generation:  88%| | 22/25 [29:05<02:23, 47.73s/it]Generation:  23
Best root_mean_squared_error score: -0.002319072949368359
Generation:  92%|| 23/25 [29:25<01:18, 39.49s/it]Generation:  24
Best root_mean_squared_error score: -0.002319072949368359
Generation:  96%|| 24/25 [29:59<00:37, 37.89s/it]WARNING THIS INDIVIDUAL CAUSED AND EXCEPTION 
 <tpot2.search_spaces.pipelines.sequential.SequentialPipelineIndividual object at 0x155465ba9ff0> 
 The 'criterion' parameter of RandomForestRegressor must be a str among {'friedman_mse', 'poisson', 'absolute_error', 'squared_error'}. Got 'mse' instead. 
 Traceback (most recent call last):
  File "/common/ketrong/tpotexp/tpot2/tpot2/utils/eval_utils.py", line 53, in objective_nan_wrapper
    value = func_timeout.func_timeout(timeout, objective_function, args=[individual], kwargs=objective_kwargs)
  File "/common/ketrong/tpotexp/env/lib/python3.10/site-packages/func_timeout/dafunc.py", line 108, in func_timeout
    raise_exception(exception)
  File "/common/ketrong/tpotexp/env/lib/python3.10/site-packages/func_timeout/py3_raise.py", line 7, in raise_exception
    raise exception[0] from None
  File "/common/ketrong/tpotexp/tpot2/tpot2/tpot_estimator/estimator.py", line 623, in objective_function
    return objective_function_generator(
  File "/common/ketrong/tpotexp/tpot2/tpot2/tpot_estimator/estimator_utils.py", line 55, in objective_function_generator
    cv_obj_scores = cross_val_score_objective(sklearn.base.clone(pipeline),x,y,scorers=scorers, cv=cv , fold=step)
  File "/common/ketrong/tpotexp/tpot2/tpot2/tpot_estimator/cross_val_utils.py", line 28, in cross_val_score_objective
    this_fold_pipeline.fit(X_train,y_train)
  File "/common/ketrong/tpotexp/env/lib/python3.10/site-packages/sklearn/base.py", line 1473, in wrapper
    return fit_method(estimator, *args, **kwargs)
  File "/common/ketrong/tpotexp/env/lib/python3.10/site-packages/sklearn/pipeline.py", line 473, in fit
    self._final_estimator.fit(Xt, y, **last_step_params["fit"])
  File "/common/ketrong/tpotexp/env/lib/python3.10/site-packages/sklearn/base.py", line 1466, in wrapper
    estimator._validate_params()
  File "/common/ketrong/tpotexp/env/lib/python3.10/site-packages/sklearn/base.py", line 666, in _validate_params
    validate_parameter_constraints(
  File "/common/ketrong/tpotexp/env/lib/python3.10/site-packages/sklearn/utils/_param_validation.py", line 95, in validate_parameter_constraints
    raise InvalidParameterError(
sklearn.utils._param_validation.InvalidParameterError: The 'criterion' parameter of RandomForestRegressor must be a str among {'friedman_mse', 'poisson', 'absolute_error', 'squared_error'}. Got 'mse' instead.

Generation:  25
Best root_mean_squared_error score: -0.002319072949368359
Generation: 100%|| 25/25 [30:16<00:00, 31.51s/it]Generation: 100%|| 25/25 [30:18<00:00, 72.76s/it]
2024-09-22 19:42:45,197 - distributed.scheduler - ERROR - Removing worker 'tcp://127.0.0.1:46289' caused the cluster to lose scattered data, which can't be recovered: {'ndarray-10de7599357484580b49c126ff8b822d', 'DataFrame-714f7f5e492924a63bfed817b1cd3fa1'} (stimulus_id='handle-worker-cleanup-1727059365.1971114')
Fitted
Pipeline(steps=[('lgbmregressor',
                 LGBMRegressor(max_depth=7, n_estimators=57, n_jobs=1,
                               num_leaves=4, verbose=-1))])
score start
train score: {'explained_var': 0.07022125453208916, 'r2': 0.07022125453208916, 'rmse': 0.0022923048507336994}
original test score: {'explained_var': 0.01628876442761784, 'r2': 0.016076118562942, 'rmse': 0.002342758742450557}
imputed test score: {'explained_var': -0.04550423459464614, 'r2': -0.04557375918445716, 'rmse': 0.002415039030348465}
score end
check intended
EXP2 Finished
running experiment 3/3 - What is the best automl settings?
<tpot2.search_spaces.pipelines.sequential.SequentialPipeline object at 0x1554086abaf0>
Start tpot fit
Version 0.1.7a0 of tpot2 is outdated. Version 0.1.8a0 was released 5 days ago.
Version 0.1.7a0 of tpot2 is outdated. Version 0.1.8a0 was released 5 days ago.
Version 0.1.7a0 of tpot2 is outdated. Version 0.1.8a0 was released 5 days ago.
Version 0.1.7a0 of tpot2 is outdated. Version 0.1.8a0 was released 5 days ago.
Version 0.1.7a0 of tpot2 is outdated. Version 0.1.8a0 was released 5 days ago.
Version 0.1.7a0 of tpot2 is outdated. Version 0.1.8a0 was released 5 days ago.
Version 0.1.7a0 of tpot2 is outdated. Version 0.1.8a0 was released 5 days ago.
Version 0.1.7a0 of tpot2 is outdated. Version 0.1.8a0 was released 5 days ago.
Version 0.1.7a0 of tpot2 is outdated. Version 0.1.8a0 was released 5 days ago.
Version 0.1.7a0 of tpot2 is outdated. Version 0.1.8a0 was released 5 days ago.
Version 0.1.7a0 of tpot2 is outdated. Version 0.1.8a0 was released 5 days ago.
Version 0.1.7a0 of tpot2 is outdated. Version 0.1.8a0 was released 5 days ago.
Version 0.1.7a0 of tpot2 is outdated. Version 0.1.8a0 was released 5 days ago.
Version 0.1.7a0 of tpot2 is outdated. Version 0.1.8a0 was released 5 days ago.
Version 0.1.7a0 of tpot2 is outdated. Version 0.1.8a0 was released 5 days ago.
Version 0.1.7a0 of tpot2 is outdated. Version 0.1.8a0 was released 5 days ago.
  0%|          | 0/25 [00:00<?, ?it/s]Generation:   0%|          | 0/25 [00:00<?, ?it/s]WARNING THIS INDIVIDUAL CAUSED AND EXCEPTION 
 <tpot2.search_spaces.pipelines.sequential.SequentialPipelineIndividual object at 0x155474cd4880> 
 The 'criterion' parameter of RandomForestRegressor must be a str among {'friedman_mse', 'poisson', 'absolute_error', 'squared_error'}. Got 'mse' instead. 
 Traceback (most recent call last):
  File "/common/ketrong/tpotexp/tpot2/tpot2/utils/eval_utils.py", line 53, in objective_nan_wrapper
    value = func_timeout.func_timeout(timeout, objective_function, args=[individual], kwargs=objective_kwargs)
  File "/common/ketrong/tpotexp/env/lib/python3.10/site-packages/func_timeout/dafunc.py", line 108, in func_timeout
    raise_exception(exception)
  File "/common/ketrong/tpotexp/env/lib/python3.10/site-packages/func_timeout/py3_raise.py", line 7, in raise_exception
    raise exception[0] from None
  File "/common/ketrong/tpotexp/tpot2/tpot2/tpot_estimator/estimator.py", line 623, in objective_function
    return objective_function_generator(
  File "/common/ketrong/tpotexp/tpot2/tpot2/tpot_estimator/estimator_utils.py", line 55, in objective_function_generator
    cv_obj_scores = cross_val_score_objective(sklearn.base.clone(pipeline),x,y,scorers=scorers, cv=cv , fold=step)
  File "/common/ketrong/tpotexp/tpot2/tpot2/tpot_estimator/cross_val_utils.py", line 28, in cross_val_score_objective
    this_fold_pipeline.fit(X_train,y_train)
  File "/common/ketrong/tpotexp/env/lib/python3.10/site-packages/sklearn/base.py", line 1473, in wrapper
    return fit_method(estimator, *args, **kwargs)
  File "/common/ketrong/tpotexp/env/lib/python3.10/site-packages/sklearn/pipeline.py", line 473, in fit
    self._final_estimator.fit(Xt, y, **last_step_params["fit"])
  File "/common/ketrong/tpotexp/env/lib/python3.10/site-packages/sklearn/base.py", line 1466, in wrapper
    estimator._validate_params()
  File "/common/ketrong/tpotexp/env/lib/python3.10/site-packages/sklearn/base.py", line 666, in _validate_params
    validate_parameter_constraints(
  File "/common/ketrong/tpotexp/env/lib/python3.10/site-packages/sklearn/utils/_param_validation.py", line 95, in validate_parameter_constraints
    raise InvalidParameterError(
sklearn.utils._param_validation.InvalidParameterError: The 'criterion' parameter of RandomForestRegressor must be a str among {'friedman_mse', 'poisson', 'absolute_error', 'squared_error'}. Got 'mse' instead.

WARNING THIS INDIVIDUAL CAUSED AND EXCEPTION 
 <tpot2.search_spaces.pipelines.sequential.SequentialPipelineIndividual object at 0x155474cd4d00> 
 The 'criterion' parameter of RandomForestRegressor must be a str among {'friedman_mse', 'poisson', 'absolute_error', 'squared_error'}. Got 'mae' instead. 
 Traceback (most recent call last):
  File "/common/ketrong/tpotexp/tpot2/tpot2/utils/eval_utils.py", line 53, in objective_nan_wrapper
    value = func_timeout.func_timeout(timeout, objective_function, args=[individual], kwargs=objective_kwargs)
  File "/common/ketrong/tpotexp/env/lib/python3.10/site-packages/func_timeout/dafunc.py", line 108, in func_timeout
    raise_exception(exception)
  File "/common/ketrong/tpotexp/env/lib/python3.10/site-packages/func_timeout/py3_raise.py", line 7, in raise_exception
    raise exception[0] from None
  File "/common/ketrong/tpotexp/tpot2/tpot2/tpot_estimator/estimator.py", line 623, in objective_function
    return objective_function_generator(
  File "/common/ketrong/tpotexp/tpot2/tpot2/tpot_estimator/estimator_utils.py", line 55, in objective_function_generator
    cv_obj_scores = cross_val_score_objective(sklearn.base.clone(pipeline),x,y,scorers=scorers, cv=cv , fold=step)
  File "/common/ketrong/tpotexp/tpot2/tpot2/tpot_estimator/cross_val_utils.py", line 28, in cross_val_score_objective
    this_fold_pipeline.fit(X_train,y_train)
  File "/common/ketrong/tpotexp/env/lib/python3.10/site-packages/sklearn/base.py", line 1473, in wrapper
    return fit_method(estimator, *args, **kwargs)
  File "/common/ketrong/tpotexp/env/lib/python3.10/site-packages/sklearn/pipeline.py", line 473, in fit
    self._final_estimator.fit(Xt, y, **last_step_params["fit"])
  File "/common/ketrong/tpotexp/env/lib/python3.10/site-packages/sklearn/base.py", line 1466, in wrapper
    estimator._validate_params()
  File "/common/ketrong/tpotexp/env/lib/python3.10/site-packages/sklearn/base.py", line 666, in _validate_params
    validate_parameter_constraints(
  File "/common/ketrong/tpotexp/env/lib/python3.10/site-packages/sklearn/utils/_param_validation.py", line 95, in validate_parameter_constraints
    raise InvalidParameterError(
sklearn.utils._param_validation.InvalidParameterError: The 'criterion' parameter of RandomForestRegressor must be a str among {'friedman_mse', 'poisson', 'absolute_error', 'squared_error'}. Got 'mae' instead.

Generation:  1
Best root_mean_squared_error score: -0.0017194116262219436
Generation:   4%|         | 1/25 [06:02<2:25:04, 362.71s/it]Generation:  2
Best root_mean_squared_error score: -0.0016696437731973021
Generation:   8%|         | 2/25 [07:29<1:16:47, 200.33s/it]Generation:  3
Best root_mean_squared_error score: -0.0016667259491118652
Generation:  12%|        | 3/25 [08:00<45:11, 123.23s/it]  Generation:  4
Best root_mean_squared_error score: -0.001655812419717987
Generation:  16%|        | 4/25 [14:50<1:22:42, 236.31s/it]Generation:  5
Best root_mean_squared_error score: -0.001655812419717987
Generation:  20%|        | 5/25 [15:38<56:10, 168.53s/it]  WARNING THIS INDIVIDUAL CAUSED AND EXCEPTION 
 <tpot2.search_spaces.pipelines.sequential.SequentialPipelineIndividual object at 0x155474d31750> 
 The 'criterion' parameter of DecisionTreeRegressor must be a str among {'friedman_mse', 'poisson', 'absolute_error', 'squared_error'}. Got 'mae' instead. 
 Traceback (most recent call last):
  File "/common/ketrong/tpotexp/tpot2/tpot2/utils/eval_utils.py", line 53, in objective_nan_wrapper
    value = func_timeout.func_timeout(timeout, objective_function, args=[individual], kwargs=objective_kwargs)
  File "/common/ketrong/tpotexp/env/lib/python3.10/site-packages/func_timeout/dafunc.py", line 108, in func_timeout
    raise_exception(exception)
  File "/common/ketrong/tpotexp/env/lib/python3.10/site-packages/func_timeout/py3_raise.py", line 7, in raise_exception
    raise exception[0] from None
  File "/common/ketrong/tpotexp/tpot2/tpot2/tpot_estimator/estimator.py", line 623, in objective_function
    return objective_function_generator(
  File "/common/ketrong/tpotexp/tpot2/tpot2/tpot_estimator/estimator_utils.py", line 55, in objective_function_generator
    cv_obj_scores = cross_val_score_objective(sklearn.base.clone(pipeline),x,y,scorers=scorers, cv=cv , fold=step)
  File "/common/ketrong/tpotexp/tpot2/tpot2/tpot_estimator/cross_val_utils.py", line 28, in cross_val_score_objective
    this_fold_pipeline.fit(X_train,y_train)
  File "/common/ketrong/tpotexp/env/lib/python3.10/site-packages/sklearn/base.py", line 1473, in wrapper
    return fit_method(estimator, *args, **kwargs)
  File "/common/ketrong/tpotexp/env/lib/python3.10/site-packages/sklearn/pipeline.py", line 473, in fit
    self._final_estimator.fit(Xt, y, **last_step_params["fit"])
  File "/common/ketrong/tpotexp/env/lib/python3.10/site-packages/sklearn/base.py", line 1466, in wrapper
    estimator._validate_params()
  File "/common/ketrong/tpotexp/env/lib/python3.10/site-packages/sklearn/base.py", line 666, in _validate_params
    validate_parameter_constraints(
  File "/common/ketrong/tpotexp/env/lib/python3.10/site-packages/sklearn/utils/_param_validation.py", line 95, in validate_parameter_constraints
    raise InvalidParameterError(
sklearn.utils._param_validation.InvalidParameterError: The 'criterion' parameter of DecisionTreeRegressor must be a str among {'friedman_mse', 'poisson', 'absolute_error', 'squared_error'}. Got 'mae' instead.

WARNING THIS INDIVIDUAL CAUSED AND EXCEPTION 
 <tpot2.search_spaces.pipelines.sequential.SequentialPipelineIndividual object at 0x1554571e1ab0> 
 The 'criterion' parameter of ExtraTreesRegressor must be a str among {'friedman_mse', 'poisson', 'absolute_error', 'squared_error'}. Got 'mae' instead. 
 Traceback (most recent call last):
  File "/common/ketrong/tpotexp/tpot2/tpot2/utils/eval_utils.py", line 53, in objective_nan_wrapper
    value = func_timeout.func_timeout(timeout, objective_function, args=[individual], kwargs=objective_kwargs)
  File "/common/ketrong/tpotexp/env/lib/python3.10/site-packages/func_timeout/dafunc.py", line 108, in func_timeout
    raise_exception(exception)
  File "/common/ketrong/tpotexp/env/lib/python3.10/site-packages/func_timeout/py3_raise.py", line 7, in raise_exception
    raise exception[0] from None
  File "/common/ketrong/tpotexp/tpot2/tpot2/tpot_estimator/estimator.py", line 623, in objective_function
    return objective_function_generator(
  File "/common/ketrong/tpotexp/tpot2/tpot2/tpot_estimator/estimator_utils.py", line 55, in objective_function_generator
    cv_obj_scores = cross_val_score_objective(sklearn.base.clone(pipeline),x,y,scorers=scorers, cv=cv , fold=step)
  File "/common/ketrong/tpotexp/tpot2/tpot2/tpot_estimator/cross_val_utils.py", line 28, in cross_val_score_objective
    this_fold_pipeline.fit(X_train,y_train)
  File "/common/ketrong/tpotexp/env/lib/python3.10/site-packages/sklearn/base.py", line 1473, in wrapper
    return fit_method(estimator, *args, **kwargs)
  File "/common/ketrong/tpotexp/env/lib/python3.10/site-packages/sklearn/pipeline.py", line 473, in fit
    self._final_estimator.fit(Xt, y, **last_step_params["fit"])
  File "/common/ketrong/tpotexp/env/lib/python3.10/site-packages/sklearn/base.py", line 1466, in wrapper
    estimator._validate_params()
  File "/common/ketrong/tpotexp/env/lib/python3.10/site-packages/sklearn/base.py", line 666, in _validate_params
    validate_parameter_constraints(
  File "/common/ketrong/tpotexp/env/lib/python3.10/site-packages/sklearn/utils/_param_validation.py", line 95, in validate_parameter_constraints
    raise InvalidParameterError(
sklearn.utils._param_validation.InvalidParameterError: The 'criterion' parameter of ExtraTreesRegressor must be a str among {'friedman_mse', 'poisson', 'absolute_error', 'squared_error'}. Got 'mae' instead.

Generation:  6
Best root_mean_squared_error score: -0.001655812419717987
Generation:  24%|       | 6/25 [15:56<37:05, 117.13s/it]Generation:  7
Best root_mean_squared_error score: -0.0016554456449681908
Generation:  28%|       | 7/25 [16:50<28:57, 96.53s/it] WARNING THIS INDIVIDUAL CAUSED AND EXCEPTION 
 <tpot2.search_spaces.pipelines.sequential.SequentialPipelineIndividual object at 0x15545ff5f790> 
 The 'criterion' parameter of ExtraTreesRegressor must be a str among {'friedman_mse', 'poisson', 'absolute_error', 'squared_error'}. Got 'mae' instead. 
 Traceback (most recent call last):
  File "/common/ketrong/tpotexp/tpot2/tpot2/utils/eval_utils.py", line 53, in objective_nan_wrapper
    value = func_timeout.func_timeout(timeout, objective_function, args=[individual], kwargs=objective_kwargs)
  File "/common/ketrong/tpotexp/env/lib/python3.10/site-packages/func_timeout/dafunc.py", line 108, in func_timeout
    raise_exception(exception)
  File "/common/ketrong/tpotexp/env/lib/python3.10/site-packages/func_timeout/py3_raise.py", line 7, in raise_exception
    raise exception[0] from None
  File "/common/ketrong/tpotexp/tpot2/tpot2/tpot_estimator/estimator.py", line 623, in objective_function
    return objective_function_generator(
  File "/common/ketrong/tpotexp/tpot2/tpot2/tpot_estimator/estimator_utils.py", line 55, in objective_function_generator
    cv_obj_scores = cross_val_score_objective(sklearn.base.clone(pipeline),x,y,scorers=scorers, cv=cv , fold=step)
  File "/common/ketrong/tpotexp/tpot2/tpot2/tpot_estimator/cross_val_utils.py", line 28, in cross_val_score_objective
    this_fold_pipeline.fit(X_train,y_train)
  File "/common/ketrong/tpotexp/env/lib/python3.10/site-packages/sklearn/base.py", line 1473, in wrapper
    return fit_method(estimator, *args, **kwargs)
  File "/common/ketrong/tpotexp/env/lib/python3.10/site-packages/sklearn/pipeline.py", line 473, in fit
    self._final_estimator.fit(Xt, y, **last_step_params["fit"])
  File "/common/ketrong/tpotexp/env/lib/python3.10/site-packages/sklearn/base.py", line 1466, in wrapper
    estimator._validate_params()
  File "/common/ketrong/tpotexp/env/lib/python3.10/site-packages/sklearn/base.py", line 666, in _validate_params
    validate_parameter_constraints(
  File "/common/ketrong/tpotexp/env/lib/python3.10/site-packages/sklearn/utils/_param_validation.py", line 95, in validate_parameter_constraints
    raise InvalidParameterError(
sklearn.utils._param_validation.InvalidParameterError: The 'criterion' parameter of ExtraTreesRegressor must be a str among {'friedman_mse', 'poisson', 'absolute_error', 'squared_error'}. Got 'mae' instead.

WARNING THIS INDIVIDUAL CAUSED AND EXCEPTION 
 <tpot2.search_spaces.pipelines.sequential.SequentialPipelineIndividual object at 0x155474d48040> 
 The 'criterion' parameter of ExtraTreesRegressor must be a str among {'friedman_mse', 'poisson', 'absolute_error', 'squared_error'}. Got 'mae' instead. 
 Traceback (most recent call last):
  File "/common/ketrong/tpotexp/tpot2/tpot2/utils/eval_utils.py", line 53, in objective_nan_wrapper
    value = func_timeout.func_timeout(timeout, objective_function, args=[individual], kwargs=objective_kwargs)
  File "/common/ketrong/tpotexp/env/lib/python3.10/site-packages/func_timeout/dafunc.py", line 108, in func_timeout
    raise_exception(exception)
  File "/common/ketrong/tpotexp/env/lib/python3.10/site-packages/func_timeout/py3_raise.py", line 7, in raise_exception
    raise exception[0] from None
  File "/common/ketrong/tpotexp/tpot2/tpot2/tpot_estimator/estimator.py", line 623, in objective_function
    return objective_function_generator(
  File "/common/ketrong/tpotexp/tpot2/tpot2/tpot_estimator/estimator_utils.py", line 55, in objective_function_generator
    cv_obj_scores = cross_val_score_objective(sklearn.base.clone(pipeline),x,y,scorers=scorers, cv=cv , fold=step)
  File "/common/ketrong/tpotexp/tpot2/tpot2/tpot_estimator/cross_val_utils.py", line 28, in cross_val_score_objective
    this_fold_pipeline.fit(X_train,y_train)
  File "/common/ketrong/tpotexp/env/lib/python3.10/site-packages/sklearn/base.py", line 1473, in wrapper
    return fit_method(estimator, *args, **kwargs)
  File "/common/ketrong/tpotexp/env/lib/python3.10/site-packages/sklearn/pipeline.py", line 473, in fit
    self._final_estimator.fit(Xt, y, **last_step_params["fit"])
  File "/common/ketrong/tpotexp/env/lib/python3.10/site-packages/sklearn/base.py", line 1466, in wrapper
    estimator._validate_params()
  File "/common/ketrong/tpotexp/env/lib/python3.10/site-packages/sklearn/base.py", line 666, in _validate_params
    validate_parameter_constraints(
  File "/common/ketrong/tpotexp/env/lib/python3.10/site-packages/sklearn/utils/_param_validation.py", line 95, in validate_parameter_constraints
    raise InvalidParameterError(
sklearn.utils._param_validation.InvalidParameterError: The 'criterion' parameter of ExtraTreesRegressor must be a str among {'friedman_mse', 'poisson', 'absolute_error', 'squared_error'}. Got 'mae' instead.

Generation:  8
Best root_mean_squared_error score: -0.0016554456449681908
Generation:  32%|      | 8/25 [22:03<46:52, 165.45s/it]WARNING THIS INDIVIDUAL CAUSED AND EXCEPTION 
 <tpot2.search_spaces.pipelines.sequential.SequentialPipelineIndividual object at 0x155457288f40> 
 The 'criterion' parameter of ExtraTreesRegressor must be a str among {'friedman_mse', 'poisson', 'absolute_error', 'squared_error'}. Got 'mae' instead. 
 Traceback (most recent call last):
  File "/common/ketrong/tpotexp/tpot2/tpot2/utils/eval_utils.py", line 53, in objective_nan_wrapper
    value = func_timeout.func_timeout(timeout, objective_function, args=[individual], kwargs=objective_kwargs)
  File "/common/ketrong/tpotexp/env/lib/python3.10/site-packages/func_timeout/dafunc.py", line 108, in func_timeout
    raise_exception(exception)
  File "/common/ketrong/tpotexp/env/lib/python3.10/site-packages/func_timeout/py3_raise.py", line 7, in raise_exception
    raise exception[0] from None
  File "/common/ketrong/tpotexp/tpot2/tpot2/tpot_estimator/estimator.py", line 623, in objective_function
    return objective_function_generator(
  File "/common/ketrong/tpotexp/tpot2/tpot2/tpot_estimator/estimator_utils.py", line 55, in objective_function_generator
    cv_obj_scores = cross_val_score_objective(sklearn.base.clone(pipeline),x,y,scorers=scorers, cv=cv , fold=step)
  File "/common/ketrong/tpotexp/tpot2/tpot2/tpot_estimator/cross_val_utils.py", line 28, in cross_val_score_objective
    this_fold_pipeline.fit(X_train,y_train)
  File "/common/ketrong/tpotexp/env/lib/python3.10/site-packages/sklearn/base.py", line 1473, in wrapper
    return fit_method(estimator, *args, **kwargs)
  File "/common/ketrong/tpotexp/env/lib/python3.10/site-packages/sklearn/pipeline.py", line 473, in fit
    self._final_estimator.fit(Xt, y, **last_step_params["fit"])
  File "/common/ketrong/tpotexp/env/lib/python3.10/site-packages/sklearn/base.py", line 1466, in wrapper
    estimator._validate_params()
  File "/common/ketrong/tpotexp/env/lib/python3.10/site-packages/sklearn/base.py", line 666, in _validate_params
    validate_parameter_constraints(
  File "/common/ketrong/tpotexp/env/lib/python3.10/site-packages/sklearn/utils/_param_validation.py", line 95, in validate_parameter_constraints
    raise InvalidParameterError(
sklearn.utils._param_validation.InvalidParameterError: The 'criterion' parameter of ExtraTreesRegressor must be a str among {'friedman_mse', 'poisson', 'absolute_error', 'squared_error'}. Got 'mae' instead.

WARNING THIS INDIVIDUAL CAUSED AND EXCEPTION 
 <tpot2.search_spaces.pipelines.sequential.SequentialPipelineIndividual object at 0x155474cd50c0> 
 The 'criterion' parameter of ExtraTreesRegressor must be a str among {'friedman_mse', 'poisson', 'absolute_error', 'squared_error'}. Got 'mae' instead. 
 Traceback (most recent call last):
  File "/common/ketrong/tpotexp/tpot2/tpot2/utils/eval_utils.py", line 53, in objective_nan_wrapper
    value = func_timeout.func_timeout(timeout, objective_function, args=[individual], kwargs=objective_kwargs)
  File "/common/ketrong/tpotexp/env/lib/python3.10/site-packages/func_timeout/dafunc.py", line 108, in func_timeout
    raise_exception(exception)
  File "/common/ketrong/tpotexp/env/lib/python3.10/site-packages/func_timeout/py3_raise.py", line 7, in raise_exception
    raise exception[0] from None
  File "/common/ketrong/tpotexp/tpot2/tpot2/tpot_estimator/estimator.py", line 623, in objective_function
    return objective_function_generator(
  File "/common/ketrong/tpotexp/tpot2/tpot2/tpot_estimator/estimator_utils.py", line 55, in objective_function_generator
    cv_obj_scores = cross_val_score_objective(sklearn.base.clone(pipeline),x,y,scorers=scorers, cv=cv , fold=step)
  File "/common/ketrong/tpotexp/tpot2/tpot2/tpot_estimator/cross_val_utils.py", line 28, in cross_val_score_objective
    this_fold_pipeline.fit(X_train,y_train)
  File "/common/ketrong/tpotexp/env/lib/python3.10/site-packages/sklearn/base.py", line 1473, in wrapper
    return fit_method(estimator, *args, **kwargs)
  File "/common/ketrong/tpotexp/env/lib/python3.10/site-packages/sklearn/pipeline.py", line 473, in fit
    self._final_estimator.fit(Xt, y, **last_step_params["fit"])
  File "/common/ketrong/tpotexp/env/lib/python3.10/site-packages/sklearn/base.py", line 1466, in wrapper
    estimator._validate_params()
  File "/common/ketrong/tpotexp/env/lib/python3.10/site-packages/sklearn/base.py", line 666, in _validate_params
    validate_parameter_constraints(
  File "/common/ketrong/tpotexp/env/lib/python3.10/site-packages/sklearn/utils/_param_validation.py", line 95, in validate_parameter_constraints
    raise InvalidParameterError(
sklearn.utils._param_validation.InvalidParameterError: The 'criterion' parameter of ExtraTreesRegressor must be a str among {'friedman_mse', 'poisson', 'absolute_error', 'squared_error'}. Got 'mae' instead.

Generation:  9
Best root_mean_squared_error score: -0.0016554456449681908
Generation:  36%|      | 9/25 [23:01<35:12, 132.04s/it]Generation:  10
Best root_mean_squared_error score: -0.0016554456449681908
Generation:  40%|      | 10/25 [23:37<25:32, 102.17s/it]WARNING THIS INDIVIDUAL CAUSED AND EXCEPTION 
 <tpot2.search_spaces.pipelines.sequential.SequentialPipelineIndividual object at 0x15545f6ff910> 
 The 'criterion' parameter of ExtraTreesRegressor must be a str among {'friedman_mse', 'poisson', 'absolute_error', 'squared_error'}. Got 'mae' instead. 
 Traceback (most recent call last):
  File "/common/ketrong/tpotexp/tpot2/tpot2/utils/eval_utils.py", line 53, in objective_nan_wrapper
    value = func_timeout.func_timeout(timeout, objective_function, args=[individual], kwargs=objective_kwargs)
  File "/common/ketrong/tpotexp/env/lib/python3.10/site-packages/func_timeout/dafunc.py", line 108, in func_timeout
    raise_exception(exception)
  File "/common/ketrong/tpotexp/env/lib/python3.10/site-packages/func_timeout/py3_raise.py", line 7, in raise_exception
    raise exception[0] from None
  File "/common/ketrong/tpotexp/tpot2/tpot2/tpot_estimator/estimator.py", line 623, in objective_function
    return objective_function_generator(
  File "/common/ketrong/tpotexp/tpot2/tpot2/tpot_estimator/estimator_utils.py", line 55, in objective_function_generator
    cv_obj_scores = cross_val_score_objective(sklearn.base.clone(pipeline),x,y,scorers=scorers, cv=cv , fold=step)
  File "/common/ketrong/tpotexp/tpot2/tpot2/tpot_estimator/cross_val_utils.py", line 28, in cross_val_score_objective
    this_fold_pipeline.fit(X_train,y_train)
  File "/common/ketrong/tpotexp/env/lib/python3.10/site-packages/sklearn/base.py", line 1473, in wrapper
    return fit_method(estimator, *args, **kwargs)
  File "/common/ketrong/tpotexp/env/lib/python3.10/site-packages/sklearn/pipeline.py", line 473, in fit
    self._final_estimator.fit(Xt, y, **last_step_params["fit"])
  File "/common/ketrong/tpotexp/env/lib/python3.10/site-packages/sklearn/base.py", line 1466, in wrapper
    estimator._validate_params()
  File "/common/ketrong/tpotexp/env/lib/python3.10/site-packages/sklearn/base.py", line 666, in _validate_params
    validate_parameter_constraints(
  File "/common/ketrong/tpotexp/env/lib/python3.10/site-packages/sklearn/utils/_param_validation.py", line 95, in validate_parameter_constraints
    raise InvalidParameterError(
sklearn.utils._param_validation.InvalidParameterError: The 'criterion' parameter of ExtraTreesRegressor must be a str among {'friedman_mse', 'poisson', 'absolute_error', 'squared_error'}. Got 'mae' instead.

WARNING THIS INDIVIDUAL CAUSED AND EXCEPTION 
 <tpot2.search_spaces.pipelines.sequential.SequentialPipelineIndividual object at 0x15545711f2b0> 
 The 'criterion' parameter of ExtraTreesRegressor must be a str among {'friedman_mse', 'poisson', 'absolute_error', 'squared_error'}. Got 'mae' instead. 
 Traceback (most recent call last):
  File "/common/ketrong/tpotexp/tpot2/tpot2/utils/eval_utils.py", line 53, in objective_nan_wrapper
    value = func_timeout.func_timeout(timeout, objective_function, args=[individual], kwargs=objective_kwargs)
  File "/common/ketrong/tpotexp/env/lib/python3.10/site-packages/func_timeout/dafunc.py", line 108, in func_timeout
    raise_exception(exception)
  File "/common/ketrong/tpotexp/env/lib/python3.10/site-packages/func_timeout/py3_raise.py", line 7, in raise_exception
    raise exception[0] from None
  File "/common/ketrong/tpotexp/tpot2/tpot2/tpot_estimator/estimator.py", line 623, in objective_function
    return objective_function_generator(
  File "/common/ketrong/tpotexp/tpot2/tpot2/tpot_estimator/estimator_utils.py", line 55, in objective_function_generator
    cv_obj_scores = cross_val_score_objective(sklearn.base.clone(pipeline),x,y,scorers=scorers, cv=cv , fold=step)
  File "/common/ketrong/tpotexp/tpot2/tpot2/tpot_estimator/cross_val_utils.py", line 28, in cross_val_score_objective
    this_fold_pipeline.fit(X_train,y_train)
  File "/common/ketrong/tpotexp/env/lib/python3.10/site-packages/sklearn/base.py", line 1473, in wrapper
    return fit_method(estimator, *args, **kwargs)
  File "/common/ketrong/tpotexp/env/lib/python3.10/site-packages/sklearn/pipeline.py", line 473, in fit
    self._final_estimator.fit(Xt, y, **last_step_params["fit"])
  File "/common/ketrong/tpotexp/env/lib/python3.10/site-packages/sklearn/base.py", line 1466, in wrapper
    estimator._validate_params()
  File "/common/ketrong/tpotexp/env/lib/python3.10/site-packages/sklearn/base.py", line 666, in _validate_params
    validate_parameter_constraints(
  File "/common/ketrong/tpotexp/env/lib/python3.10/site-packages/sklearn/utils/_param_validation.py", line 95, in validate_parameter_constraints
    raise InvalidParameterError(
sklearn.utils._param_validation.InvalidParameterError: The 'criterion' parameter of ExtraTreesRegressor must be a str among {'friedman_mse', 'poisson', 'absolute_error', 'squared_error'}. Got 'mae' instead.

WARNING THIS INDIVIDUAL CAUSED AND EXCEPTION 
 <tpot2.search_spaces.pipelines.sequential.SequentialPipelineIndividual object at 0x155474d48f70> 
 The 'criterion' parameter of RandomForestRegressor must be a str among {'friedman_mse', 'poisson', 'absolute_error', 'squared_error'}. Got 'mse' instead. 
 Traceback (most recent call last):
  File "/common/ketrong/tpotexp/tpot2/tpot2/utils/eval_utils.py", line 53, in objective_nan_wrapper
    value = func_timeout.func_timeout(timeout, objective_function, args=[individual], kwargs=objective_kwargs)
  File "/common/ketrong/tpotexp/env/lib/python3.10/site-packages/func_timeout/dafunc.py", line 108, in func_timeout
    raise_exception(exception)
  File "/common/ketrong/tpotexp/env/lib/python3.10/site-packages/func_timeout/py3_raise.py", line 7, in raise_exception
    raise exception[0] from None
  File "/common/ketrong/tpotexp/tpot2/tpot2/tpot_estimator/estimator.py", line 623, in objective_function
    return objective_function_generator(
  File "/common/ketrong/tpotexp/tpot2/tpot2/tpot_estimator/estimator_utils.py", line 55, in objective_function_generator
    cv_obj_scores = cross_val_score_objective(sklearn.base.clone(pipeline),x,y,scorers=scorers, cv=cv , fold=step)
  File "/common/ketrong/tpotexp/tpot2/tpot2/tpot_estimator/cross_val_utils.py", line 28, in cross_val_score_objective
    this_fold_pipeline.fit(X_train,y_train)
  File "/common/ketrong/tpotexp/env/lib/python3.10/site-packages/sklearn/base.py", line 1473, in wrapper
    return fit_method(estimator, *args, **kwargs)
  File "/common/ketrong/tpotexp/env/lib/python3.10/site-packages/sklearn/pipeline.py", line 473, in fit
    self._final_estimator.fit(Xt, y, **last_step_params["fit"])
  File "/common/ketrong/tpotexp/env/lib/python3.10/site-packages/sklearn/base.py", line 1466, in wrapper
    estimator._validate_params()
  File "/common/ketrong/tpotexp/env/lib/python3.10/site-packages/sklearn/base.py", line 666, in _validate_params
    validate_parameter_constraints(
  File "/common/ketrong/tpotexp/env/lib/python3.10/site-packages/sklearn/utils/_param_validation.py", line 95, in validate_parameter_constraints
    raise InvalidParameterError(
sklearn.utils._param_validation.InvalidParameterError: The 'criterion' parameter of RandomForestRegressor must be a str among {'friedman_mse', 'poisson', 'absolute_error', 'squared_error'}. Got 'mse' instead.

Generation:  11
Best root_mean_squared_error score: -0.0016548930229266785
Generation:  44%|     | 11/25 [29:38<42:20, 181.46s/it]WARNING THIS INDIVIDUAL CAUSED AND EXCEPTION 
 <tpot2.search_spaces.pipelines.sequential.SequentialPipelineIndividual object at 0x15545fcdc9d0> 
 Input X contains NaN.
ExtraTreesRegressor does not accept missing values encoded as NaN natively. For supervised learning, you might want to consider sklearn.ensemble.HistGradientBoostingClassifier and Regressor which accept missing values encoded as NaNs natively. Alternatively, it is possible to preprocess the data, for instance by using an imputer transformer in a pipeline or drop samples with missing values. See https://scikit-learn.org/stable/modules/impute.html You can find a list of all estimators that handle NaN values at the following page: https://scikit-learn.org/stable/modules/impute.html#estimators-that-handle-nan-values 
 Traceback (most recent call last):
  File "/common/ketrong/tpotexp/tpot2/tpot2/utils/eval_utils.py", line 53, in objective_nan_wrapper
    value = func_timeout.func_timeout(timeout, objective_function, args=[individual], kwargs=objective_kwargs)
  File "/common/ketrong/tpotexp/env/lib/python3.10/site-packages/func_timeout/dafunc.py", line 108, in func_timeout
    raise_exception(exception)
  File "/common/ketrong/tpotexp/env/lib/python3.10/site-packages/func_timeout/py3_raise.py", line 7, in raise_exception
    raise exception[0] from None
  File "/common/ketrong/tpotexp/tpot2/tpot2/tpot_estimator/estimator.py", line 623, in objective_function
    return objective_function_generator(
  File "/common/ketrong/tpotexp/tpot2/tpot2/tpot_estimator/estimator_utils.py", line 55, in objective_function_generator
    cv_obj_scores = cross_val_score_objective(sklearn.base.clone(pipeline),x,y,scorers=scorers, cv=cv , fold=step)
  File "/common/ketrong/tpotexp/tpot2/tpot2/tpot_estimator/cross_val_utils.py", line 28, in cross_val_score_objective
    this_fold_pipeline.fit(X_train,y_train)
  File "/common/ketrong/tpotexp/env/lib/python3.10/site-packages/sklearn/base.py", line 1473, in wrapper
    return fit_method(estimator, *args, **kwargs)
  File "/common/ketrong/tpotexp/env/lib/python3.10/site-packages/sklearn/pipeline.py", line 473, in fit
    self._final_estimator.fit(Xt, y, **last_step_params["fit"])
  File "/common/ketrong/tpotexp/env/lib/python3.10/site-packages/sklearn/base.py", line 1473, in wrapper
    return fit_method(estimator, *args, **kwargs)
  File "/common/ketrong/tpotexp/env/lib/python3.10/site-packages/sklearn/ensemble/_forest.py", line 377, in fit
    estimator._compute_missing_values_in_feature_mask(
  File "/common/ketrong/tpotexp/env/lib/python3.10/site-packages/sklearn/tree/_classes.py", line 214, in _compute_missing_values_in_feature_mask
    assert_all_finite(X, **common_kwargs)
  File "/common/ketrong/tpotexp/env/lib/python3.10/site-packages/sklearn/utils/validation.py", line 213, in assert_all_finite
    _assert_all_finite(
  File "/common/ketrong/tpotexp/env/lib/python3.10/site-packages/sklearn/utils/validation.py", line 123, in _assert_all_finite
    _assert_all_finite_element_wise(
  File "/common/ketrong/tpotexp/env/lib/python3.10/site-packages/sklearn/utils/validation.py", line 172, in _assert_all_finite_element_wise
    raise ValueError(msg_err)
ValueError: Input X contains NaN.
ExtraTreesRegressor does not accept missing values encoded as NaN natively. For supervised learning, you might want to consider sklearn.ensemble.HistGradientBoostingClassifier and Regressor which accept missing values encoded as NaNs natively. Alternatively, it is possible to preprocess the data, for instance by using an imputer transformer in a pipeline or drop samples with missing values. See https://scikit-learn.org/stable/modules/impute.html You can find a list of all estimators that handle NaN values at the following page: https://scikit-learn.org/stable/modules/impute.html#estimators-that-handle-nan-values

WARNING THIS INDIVIDUAL CAUSED AND EXCEPTION 
 <tpot2.search_spaces.pipelines.sequential.SequentialPipelineIndividual object at 0x155455401600> 
 The 'criterion' parameter of RandomForestRegressor must be a str among {'friedman_mse', 'poisson', 'absolute_error', 'squared_error'}. Got 'mse' instead. 
 Traceback (most recent call last):
  File "/common/ketrong/tpotexp/tpot2/tpot2/utils/eval_utils.py", line 53, in objective_nan_wrapper
    value = func_timeout.func_timeout(timeout, objective_function, args=[individual], kwargs=objective_kwargs)
  File "/common/ketrong/tpotexp/env/lib/python3.10/site-packages/func_timeout/dafunc.py", line 108, in func_timeout
    raise_exception(exception)
  File "/common/ketrong/tpotexp/env/lib/python3.10/site-packages/func_timeout/py3_raise.py", line 7, in raise_exception
    raise exception[0] from None
  File "/common/ketrong/tpotexp/tpot2/tpot2/tpot_estimator/estimator.py", line 623, in objective_function
    return objective_function_generator(
  File "/common/ketrong/tpotexp/tpot2/tpot2/tpot_estimator/estimator_utils.py", line 55, in objective_function_generator
    cv_obj_scores = cross_val_score_objective(sklearn.base.clone(pipeline),x,y,scorers=scorers, cv=cv , fold=step)
  File "/common/ketrong/tpotexp/tpot2/tpot2/tpot_estimator/cross_val_utils.py", line 28, in cross_val_score_objective
    this_fold_pipeline.fit(X_train,y_train)
  File "/common/ketrong/tpotexp/env/lib/python3.10/site-packages/sklearn/base.py", line 1473, in wrapper
    return fit_method(estimator, *args, **kwargs)
  File "/common/ketrong/tpotexp/env/lib/python3.10/site-packages/sklearn/pipeline.py", line 473, in fit
    self._final_estimator.fit(Xt, y, **last_step_params["fit"])
  File "/common/ketrong/tpotexp/env/lib/python3.10/site-packages/sklearn/base.py", line 1466, in wrapper
    estimator._validate_params()
  File "/common/ketrong/tpotexp/env/lib/python3.10/site-packages/sklearn/base.py", line 666, in _validate_params
    validate_parameter_constraints(
  File "/common/ketrong/tpotexp/env/lib/python3.10/site-packages/sklearn/utils/_param_validation.py", line 95, in validate_parameter_constraints
    raise InvalidParameterError(
sklearn.utils._param_validation.InvalidParameterError: The 'criterion' parameter of RandomForestRegressor must be a str among {'friedman_mse', 'poisson', 'absolute_error', 'squared_error'}. Got 'mse' instead.

WARNING THIS INDIVIDUAL CAUSED AND EXCEPTION 
 <tpot2.search_spaces.pipelines.sequential.SequentialPipelineIndividual object at 0x155474d6f130> 
 The 'criterion' parameter of ExtraTreesRegressor must be a str among {'friedman_mse', 'poisson', 'absolute_error', 'squared_error'}. Got 'mae' instead. 
 Traceback (most recent call last):
  File "/common/ketrong/tpotexp/tpot2/tpot2/utils/eval_utils.py", line 53, in objective_nan_wrapper
    value = func_timeout.func_timeout(timeout, objective_function, args=[individual], kwargs=objective_kwargs)
  File "/common/ketrong/tpotexp/env/lib/python3.10/site-packages/func_timeout/dafunc.py", line 108, in func_timeout
    raise_exception(exception)
  File "/common/ketrong/tpotexp/env/lib/python3.10/site-packages/func_timeout/py3_raise.py", line 7, in raise_exception
    raise exception[0] from None
  File "/common/ketrong/tpotexp/tpot2/tpot2/tpot_estimator/estimator.py", line 623, in objective_function
    return objective_function_generator(
  File "/common/ketrong/tpotexp/tpot2/tpot2/tpot_estimator/estimator_utils.py", line 55, in objective_function_generator
    cv_obj_scores = cross_val_score_objective(sklearn.base.clone(pipeline),x,y,scorers=scorers, cv=cv , fold=step)
  File "/common/ketrong/tpotexp/tpot2/tpot2/tpot_estimator/cross_val_utils.py", line 28, in cross_val_score_objective
    this_fold_pipeline.fit(X_train,y_train)
  File "/common/ketrong/tpotexp/env/lib/python3.10/site-packages/sklearn/base.py", line 1473, in wrapper
    return fit_method(estimator, *args, **kwargs)
  File "/common/ketrong/tpotexp/env/lib/python3.10/site-packages/sklearn/pipeline.py", line 473, in fit
    self._final_estimator.fit(Xt, y, **last_step_params["fit"])
  File "/common/ketrong/tpotexp/env/lib/python3.10/site-packages/sklearn/base.py", line 1466, in wrapper
    estimator._validate_params()
  File "/common/ketrong/tpotexp/env/lib/python3.10/site-packages/sklearn/base.py", line 666, in _validate_params
    validate_parameter_constraints(
  File "/common/ketrong/tpotexp/env/lib/python3.10/site-packages/sklearn/utils/_param_validation.py", line 95, in validate_parameter_constraints
    raise InvalidParameterError(
sklearn.utils._param_validation.InvalidParameterError: The 'criterion' parameter of ExtraTreesRegressor must be a str among {'friedman_mse', 'poisson', 'absolute_error', 'squared_error'}. Got 'mae' instead.

WARNING THIS INDIVIDUAL CAUSED AND EXCEPTION 
 <tpot2.search_spaces.pipelines.sequential.SequentialPipelineIndividual object at 0x15545fc83490> 
 The 'criterion' parameter of ExtraTreesRegressor must be a str among {'friedman_mse', 'poisson', 'absolute_error', 'squared_error'}. Got 'mae' instead. 
 Traceback (most recent call last):
  File "/common/ketrong/tpotexp/tpot2/tpot2/utils/eval_utils.py", line 53, in objective_nan_wrapper
    value = func_timeout.func_timeout(timeout, objective_function, args=[individual], kwargs=objective_kwargs)
  File "/common/ketrong/tpotexp/env/lib/python3.10/site-packages/func_timeout/dafunc.py", line 108, in func_timeout
    raise_exception(exception)
  File "/common/ketrong/tpotexp/env/lib/python3.10/site-packages/func_timeout/py3_raise.py", line 7, in raise_exception
    raise exception[0] from None
  File "/common/ketrong/tpotexp/tpot2/tpot2/tpot_estimator/estimator.py", line 623, in objective_function
    return objective_function_generator(
  File "/common/ketrong/tpotexp/tpot2/tpot2/tpot_estimator/estimator_utils.py", line 55, in objective_function_generator
    cv_obj_scores = cross_val_score_objective(sklearn.base.clone(pipeline),x,y,scorers=scorers, cv=cv , fold=step)
  File "/common/ketrong/tpotexp/tpot2/tpot2/tpot_estimator/cross_val_utils.py", line 28, in cross_val_score_objective
    this_fold_pipeline.fit(X_train,y_train)
  File "/common/ketrong/tpotexp/env/lib/python3.10/site-packages/sklearn/base.py", line 1473, in wrapper
    return fit_method(estimator, *args, **kwargs)
  File "/common/ketrong/tpotexp/env/lib/python3.10/site-packages/sklearn/pipeline.py", line 473, in fit
    self._final_estimator.fit(Xt, y, **last_step_params["fit"])
  File "/common/ketrong/tpotexp/env/lib/python3.10/site-packages/sklearn/base.py", line 1466, in wrapper
    estimator._validate_params()
  File "/common/ketrong/tpotexp/env/lib/python3.10/site-packages/sklearn/base.py", line 666, in _validate_params
    validate_parameter_constraints(
  File "/common/ketrong/tpotexp/env/lib/python3.10/site-packages/sklearn/utils/_param_validation.py", line 95, in validate_parameter_constraints
    raise InvalidParameterError(
sklearn.utils._param_validation.InvalidParameterError: The 'criterion' parameter of ExtraTreesRegressor must be a str among {'friedman_mse', 'poisson', 'absolute_error', 'squared_error'}. Got 'mae' instead.

Generation:  12
Best root_mean_squared_error score: -0.0016548930229266785
Generation:  48%|     | 12/25 [30:42<31:33, 145.67s/it]WARNING THIS INDIVIDUAL CAUSED AND EXCEPTION 
 <tpot2.search_spaces.pipelines.sequential.SequentialPipelineIndividual object at 0x155454ec40a0> 
 Input X contains NaN.
ExtraTreesRegressor does not accept missing values encoded as NaN natively. For supervised learning, you might want to consider sklearn.ensemble.HistGradientBoostingClassifier and Regressor which accept missing values encoded as NaNs natively. Alternatively, it is possible to preprocess the data, for instance by using an imputer transformer in a pipeline or drop samples with missing values. See https://scikit-learn.org/stable/modules/impute.html You can find a list of all estimators that handle NaN values at the following page: https://scikit-learn.org/stable/modules/impute.html#estimators-that-handle-nan-values 
 Traceback (most recent call last):
  File "/common/ketrong/tpotexp/tpot2/tpot2/utils/eval_utils.py", line 53, in objective_nan_wrapper
    value = func_timeout.func_timeout(timeout, objective_function, args=[individual], kwargs=objective_kwargs)
  File "/common/ketrong/tpotexp/env/lib/python3.10/site-packages/func_timeout/dafunc.py", line 108, in func_timeout
    raise_exception(exception)
  File "/common/ketrong/tpotexp/env/lib/python3.10/site-packages/func_timeout/py3_raise.py", line 7, in raise_exception
    raise exception[0] from None
  File "/common/ketrong/tpotexp/tpot2/tpot2/tpot_estimator/estimator.py", line 623, in objective_function
    return objective_function_generator(
  File "/common/ketrong/tpotexp/tpot2/tpot2/tpot_estimator/estimator_utils.py", line 55, in objective_function_generator
    cv_obj_scores = cross_val_score_objective(sklearn.base.clone(pipeline),x,y,scorers=scorers, cv=cv , fold=step)
  File "/common/ketrong/tpotexp/tpot2/tpot2/tpot_estimator/cross_val_utils.py", line 28, in cross_val_score_objective
    this_fold_pipeline.fit(X_train,y_train)
  File "/common/ketrong/tpotexp/env/lib/python3.10/site-packages/sklearn/base.py", line 1473, in wrapper
    return fit_method(estimator, *args, **kwargs)
  File "/common/ketrong/tpotexp/env/lib/python3.10/site-packages/sklearn/pipeline.py", line 473, in fit
    self._final_estimator.fit(Xt, y, **last_step_params["fit"])
  File "/common/ketrong/tpotexp/env/lib/python3.10/site-packages/sklearn/base.py", line 1473, in wrapper
    return fit_method(estimator, *args, **kwargs)
  File "/common/ketrong/tpotexp/env/lib/python3.10/site-packages/sklearn/ensemble/_forest.py", line 377, in fit
    estimator._compute_missing_values_in_feature_mask(
  File "/common/ketrong/tpotexp/env/lib/python3.10/site-packages/sklearn/tree/_classes.py", line 214, in _compute_missing_values_in_feature_mask
    assert_all_finite(X, **common_kwargs)
  File "/common/ketrong/tpotexp/env/lib/python3.10/site-packages/sklearn/utils/validation.py", line 213, in assert_all_finite
    _assert_all_finite(
  File "/common/ketrong/tpotexp/env/lib/python3.10/site-packages/sklearn/utils/validation.py", line 123, in _assert_all_finite
    _assert_all_finite_element_wise(
  File "/common/ketrong/tpotexp/env/lib/python3.10/site-packages/sklearn/utils/validation.py", line 172, in _assert_all_finite_element_wise
    raise ValueError(msg_err)
ValueError: Input X contains NaN.
ExtraTreesRegressor does not accept missing values encoded as NaN natively. For supervised learning, you might want to consider sklearn.ensemble.HistGradientBoostingClassifier and Regressor which accept missing values encoded as NaNs natively. Alternatively, it is possible to preprocess the data, for instance by using an imputer transformer in a pipeline or drop samples with missing values. See https://scikit-learn.org/stable/modules/impute.html You can find a list of all estimators that handle NaN values at the following page: https://scikit-learn.org/stable/modules/impute.html#estimators-that-handle-nan-values

Generation:  13
Best root_mean_squared_error score: -0.0016548930229266785
Generation:  52%|    | 13/25 [31:48<24:19, 121.61s/it]Generation:  14
Best root_mean_squared_error score: -0.0016548930229266785
Generation:  56%|    | 14/25 [33:33<21:21, 116.48s/it]Generation:  15
Best root_mean_squared_error score: -0.0016548930229266785
Generation:  60%|    | 15/25 [35:07<18:17, 109.79s/it]Generation:  16
Best root_mean_squared_error score: -0.0016548930229266785
Generation:  64%|   | 16/25 [41:11<27:56, 186.29s/it]WARNING THIS INDIVIDUAL CAUSED AND EXCEPTION 
 <tpot2.search_spaces.pipelines.sequential.SequentialPipelineIndividual object at 0x15545458d360> 
 The 'criterion' parameter of RandomForestRegressor must be a str among {'friedman_mse', 'poisson', 'absolute_error', 'squared_error'}. Got 'mae' instead. 
 Traceback (most recent call last):
  File "/common/ketrong/tpotexp/tpot2/tpot2/utils/eval_utils.py", line 53, in objective_nan_wrapper
    value = func_timeout.func_timeout(timeout, objective_function, args=[individual], kwargs=objective_kwargs)
  File "/common/ketrong/tpotexp/env/lib/python3.10/site-packages/func_timeout/dafunc.py", line 108, in func_timeout
    raise_exception(exception)
  File "/common/ketrong/tpotexp/env/lib/python3.10/site-packages/func_timeout/py3_raise.py", line 7, in raise_exception
    raise exception[0] from None
  File "/common/ketrong/tpotexp/tpot2/tpot2/tpot_estimator/estimator.py", line 623, in objective_function
    return objective_function_generator(
  File "/common/ketrong/tpotexp/tpot2/tpot2/tpot_estimator/estimator_utils.py", line 55, in objective_function_generator
    cv_obj_scores = cross_val_score_objective(sklearn.base.clone(pipeline),x,y,scorers=scorers, cv=cv , fold=step)
  File "/common/ketrong/tpotexp/tpot2/tpot2/tpot_estimator/cross_val_utils.py", line 28, in cross_val_score_objective
    this_fold_pipeline.fit(X_train,y_train)
  File "/common/ketrong/tpotexp/env/lib/python3.10/site-packages/sklearn/base.py", line 1473, in wrapper
    return fit_method(estimator, *args, **kwargs)
  File "/common/ketrong/tpotexp/env/lib/python3.10/site-packages/sklearn/pipeline.py", line 473, in fit
    self._final_estimator.fit(Xt, y, **last_step_params["fit"])
  File "/common/ketrong/tpotexp/env/lib/python3.10/site-packages/sklearn/base.py", line 1466, in wrapper
    estimator._validate_params()
  File "/common/ketrong/tpotexp/env/lib/python3.10/site-packages/sklearn/base.py", line 666, in _validate_params
    validate_parameter_constraints(
  File "/common/ketrong/tpotexp/env/lib/python3.10/site-packages/sklearn/utils/_param_validation.py", line 95, in validate_parameter_constraints
    raise InvalidParameterError(
sklearn.utils._param_validation.InvalidParameterError: The 'criterion' parameter of RandomForestRegressor must be a str among {'friedman_mse', 'poisson', 'absolute_error', 'squared_error'}. Got 'mae' instead.

WARNING THIS INDIVIDUAL CAUSED AND EXCEPTION 
 <tpot2.search_spaces.pipelines.sequential.SequentialPipelineIndividual object at 0x155452eefe20> 
 The 'criterion' parameter of ExtraTreesRegressor must be a str among {'friedman_mse', 'poisson', 'absolute_error', 'squared_error'}. Got 'mae' instead. 
 Traceback (most recent call last):
  File "/common/ketrong/tpotexp/tpot2/tpot2/utils/eval_utils.py", line 53, in objective_nan_wrapper
    value = func_timeout.func_timeout(timeout, objective_function, args=[individual], kwargs=objective_kwargs)
  File "/common/ketrong/tpotexp/env/lib/python3.10/site-packages/func_timeout/dafunc.py", line 108, in func_timeout
    raise_exception(exception)
  File "/common/ketrong/tpotexp/env/lib/python3.10/site-packages/func_timeout/py3_raise.py", line 7, in raise_exception
    raise exception[0] from None
  File "/common/ketrong/tpotexp/tpot2/tpot2/tpot_estimator/estimator.py", line 623, in objective_function
    return objective_function_generator(
  File "/common/ketrong/tpotexp/tpot2/tpot2/tpot_estimator/estimator_utils.py", line 55, in objective_function_generator
    cv_obj_scores = cross_val_score_objective(sklearn.base.clone(pipeline),x,y,scorers=scorers, cv=cv , fold=step)
  File "/common/ketrong/tpotexp/tpot2/tpot2/tpot_estimator/cross_val_utils.py", line 28, in cross_val_score_objective
    this_fold_pipeline.fit(X_train,y_train)
  File "/common/ketrong/tpotexp/env/lib/python3.10/site-packages/sklearn/base.py", line 1473, in wrapper
    return fit_method(estimator, *args, **kwargs)
  File "/common/ketrong/tpotexp/env/lib/python3.10/site-packages/sklearn/pipeline.py", line 473, in fit
    self._final_estimator.fit(Xt, y, **last_step_params["fit"])
  File "/common/ketrong/tpotexp/env/lib/python3.10/site-packages/sklearn/base.py", line 1466, in wrapper
    estimator._validate_params()
  File "/common/ketrong/tpotexp/env/lib/python3.10/site-packages/sklearn/base.py", line 666, in _validate_params
    validate_parameter_constraints(
  File "/common/ketrong/tpotexp/env/lib/python3.10/site-packages/sklearn/utils/_param_validation.py", line 95, in validate_parameter_constraints
    raise InvalidParameterError(
sklearn.utils._param_validation.InvalidParameterError: The 'criterion' parameter of ExtraTreesRegressor must be a str among {'friedman_mse', 'poisson', 'absolute_error', 'squared_error'}. Got 'mae' instead.

WARNING THIS INDIVIDUAL CAUSED AND EXCEPTION 
 <tpot2.search_spaces.pipelines.sequential.SequentialPipelineIndividual object at 0x155435f62b00> 
 Input X contains NaN.
ExtraTreesRegressor does not accept missing values encoded as NaN natively. For supervised learning, you might want to consider sklearn.ensemble.HistGradientBoostingClassifier and Regressor which accept missing values encoded as NaNs natively. Alternatively, it is possible to preprocess the data, for instance by using an imputer transformer in a pipeline or drop samples with missing values. See https://scikit-learn.org/stable/modules/impute.html You can find a list of all estimators that handle NaN values at the following page: https://scikit-learn.org/stable/modules/impute.html#estimators-that-handle-nan-values 
 Traceback (most recent call last):
  File "/common/ketrong/tpotexp/tpot2/tpot2/utils/eval_utils.py", line 53, in objective_nan_wrapper
    value = func_timeout.func_timeout(timeout, objective_function, args=[individual], kwargs=objective_kwargs)
  File "/common/ketrong/tpotexp/env/lib/python3.10/site-packages/func_timeout/dafunc.py", line 108, in func_timeout
    raise_exception(exception)
  File "/common/ketrong/tpotexp/env/lib/python3.10/site-packages/func_timeout/py3_raise.py", line 7, in raise_exception
    raise exception[0] from None
  File "/common/ketrong/tpotexp/tpot2/tpot2/tpot_estimator/estimator.py", line 623, in objective_function
    return objective_function_generator(
  File "/common/ketrong/tpotexp/tpot2/tpot2/tpot_estimator/estimator_utils.py", line 55, in objective_function_generator
    cv_obj_scores = cross_val_score_objective(sklearn.base.clone(pipeline),x,y,scorers=scorers, cv=cv , fold=step)
  File "/common/ketrong/tpotexp/tpot2/tpot2/tpot_estimator/cross_val_utils.py", line 28, in cross_val_score_objective
    this_fold_pipeline.fit(X_train,y_train)
  File "/common/ketrong/tpotexp/env/lib/python3.10/site-packages/sklearn/base.py", line 1473, in wrapper
    return fit_method(estimator, *args, **kwargs)
  File "/common/ketrong/tpotexp/env/lib/python3.10/site-packages/sklearn/pipeline.py", line 473, in fit
    self._final_estimator.fit(Xt, y, **last_step_params["fit"])
  File "/common/ketrong/tpotexp/env/lib/python3.10/site-packages/sklearn/base.py", line 1473, in wrapper
    return fit_method(estimator, *args, **kwargs)
  File "/common/ketrong/tpotexp/env/lib/python3.10/site-packages/sklearn/ensemble/_forest.py", line 377, in fit
    estimator._compute_missing_values_in_feature_mask(
  File "/common/ketrong/tpotexp/env/lib/python3.10/site-packages/sklearn/tree/_classes.py", line 214, in _compute_missing_values_in_feature_mask
    assert_all_finite(X, **common_kwargs)
  File "/common/ketrong/tpotexp/env/lib/python3.10/site-packages/sklearn/utils/validation.py", line 213, in assert_all_finite
    _assert_all_finite(
  File "/common/ketrong/tpotexp/env/lib/python3.10/site-packages/sklearn/utils/validation.py", line 123, in _assert_all_finite
    _assert_all_finite_element_wise(
  File "/common/ketrong/tpotexp/env/lib/python3.10/site-packages/sklearn/utils/validation.py", line 172, in _assert_all_finite_element_wise
    raise ValueError(msg_err)
ValueError: Input X contains NaN.
ExtraTreesRegressor does not accept missing values encoded as NaN natively. For supervised learning, you might want to consider sklearn.ensemble.HistGradientBoostingClassifier and Regressor which accept missing values encoded as NaNs natively. Alternatively, it is possible to preprocess the data, for instance by using an imputer transformer in a pipeline or drop samples with missing values. See https://scikit-learn.org/stable/modules/impute.html You can find a list of all estimators that handle NaN values at the following page: https://scikit-learn.org/stable/modules/impute.html#estimators-that-handle-nan-values

Generation:  17
Best root_mean_squared_error score: -0.0016548930229266785
Generation:  68%|   | 17/25 [41:30<18:08, 136.02s/it]Generation:  18
Best root_mean_squared_error score: -0.0016548930229266785
Generation:  72%|  | 18/25 [41:41<11:28, 98.34s/it] Generation:  19
Best root_mean_squared_error score: -0.0016548930229266785
Generation:  76%|  | 19/25 [47:45<17:49, 178.18s/it]WARNING THIS INDIVIDUAL CAUSED AND EXCEPTION 
 <tpot2.search_spaces.pipelines.sequential.SequentialPipelineIndividual object at 0x15545f9bb670> 
 The 'criterion' parameter of ExtraTreesRegressor must be a str among {'friedman_mse', 'poisson', 'absolute_error', 'squared_error'}. Got 'mae' instead. 
 Traceback (most recent call last):
  File "/common/ketrong/tpotexp/tpot2/tpot2/utils/eval_utils.py", line 53, in objective_nan_wrapper
    value = func_timeout.func_timeout(timeout, objective_function, args=[individual], kwargs=objective_kwargs)
  File "/common/ketrong/tpotexp/env/lib/python3.10/site-packages/func_timeout/dafunc.py", line 108, in func_timeout
    raise_exception(exception)
  File "/common/ketrong/tpotexp/env/lib/python3.10/site-packages/func_timeout/py3_raise.py", line 7, in raise_exception
    raise exception[0] from None
  File "/common/ketrong/tpotexp/tpot2/tpot2/tpot_estimator/estimator.py", line 623, in objective_function
    return objective_function_generator(
  File "/common/ketrong/tpotexp/tpot2/tpot2/tpot_estimator/estimator_utils.py", line 55, in objective_function_generator
    cv_obj_scores = cross_val_score_objective(sklearn.base.clone(pipeline),x,y,scorers=scorers, cv=cv , fold=step)
  File "/common/ketrong/tpotexp/tpot2/tpot2/tpot_estimator/cross_val_utils.py", line 28, in cross_val_score_objective
    this_fold_pipeline.fit(X_train,y_train)
  File "/common/ketrong/tpotexp/env/lib/python3.10/site-packages/sklearn/base.py", line 1473, in wrapper
    return fit_method(estimator, *args, **kwargs)
  File "/common/ketrong/tpotexp/env/lib/python3.10/site-packages/sklearn/pipeline.py", line 473, in fit
    self._final_estimator.fit(Xt, y, **last_step_params["fit"])
  File "/common/ketrong/tpotexp/env/lib/python3.10/site-packages/sklearn/base.py", line 1466, in wrapper
    estimator._validate_params()
  File "/common/ketrong/tpotexp/env/lib/python3.10/site-packages/sklearn/base.py", line 666, in _validate_params
    validate_parameter_constraints(
  File "/common/ketrong/tpotexp/env/lib/python3.10/site-packages/sklearn/utils/_param_validation.py", line 95, in validate_parameter_constraints
    raise InvalidParameterError(
sklearn.utils._param_validation.InvalidParameterError: The 'criterion' parameter of ExtraTreesRegressor must be a str among {'friedman_mse', 'poisson', 'absolute_error', 'squared_error'}. Got 'mae' instead.

Generation:  20
Best root_mean_squared_error score: -0.0016534668523774092
Generation:  80%|  | 20/25 [47:51<10:32, 126.46s/it]WARNING THIS INDIVIDUAL CAUSED AND EXCEPTION 
 <tpot2.search_spaces.pipelines.sequential.SequentialPipelineIndividual object at 0x1554552f0910> 
 The 'criterion' parameter of RandomForestRegressor must be a str among {'friedman_mse', 'poisson', 'absolute_error', 'squared_error'}. Got 'mse' instead. 
 Traceback (most recent call last):
  File "/common/ketrong/tpotexp/tpot2/tpot2/utils/eval_utils.py", line 53, in objective_nan_wrapper
    value = func_timeout.func_timeout(timeout, objective_function, args=[individual], kwargs=objective_kwargs)
  File "/common/ketrong/tpotexp/env/lib/python3.10/site-packages/func_timeout/dafunc.py", line 108, in func_timeout
    raise_exception(exception)
  File "/common/ketrong/tpotexp/env/lib/python3.10/site-packages/func_timeout/py3_raise.py", line 7, in raise_exception
    raise exception[0] from None
  File "/common/ketrong/tpotexp/tpot2/tpot2/tpot_estimator/estimator.py", line 623, in objective_function
    return objective_function_generator(
  File "/common/ketrong/tpotexp/tpot2/tpot2/tpot_estimator/estimator_utils.py", line 55, in objective_function_generator
    cv_obj_scores = cross_val_score_objective(sklearn.base.clone(pipeline),x,y,scorers=scorers, cv=cv , fold=step)
  File "/common/ketrong/tpotexp/tpot2/tpot2/tpot_estimator/cross_val_utils.py", line 28, in cross_val_score_objective
    this_fold_pipeline.fit(X_train,y_train)
  File "/common/ketrong/tpotexp/env/lib/python3.10/site-packages/sklearn/base.py", line 1473, in wrapper
    return fit_method(estimator, *args, **kwargs)
  File "/common/ketrong/tpotexp/env/lib/python3.10/site-packages/sklearn/pipeline.py", line 473, in fit
    self._final_estimator.fit(Xt, y, **last_step_params["fit"])
  File "/common/ketrong/tpotexp/env/lib/python3.10/site-packages/sklearn/base.py", line 1466, in wrapper
    estimator._validate_params()
  File "/common/ketrong/tpotexp/env/lib/python3.10/site-packages/sklearn/base.py", line 666, in _validate_params
    validate_parameter_constraints(
  File "/common/ketrong/tpotexp/env/lib/python3.10/site-packages/sklearn/utils/_param_validation.py", line 95, in validate_parameter_constraints
    raise InvalidParameterError(
sklearn.utils._param_validation.InvalidParameterError: The 'criterion' parameter of RandomForestRegressor must be a str among {'friedman_mse', 'poisson', 'absolute_error', 'squared_error'}. Got 'mse' instead.

Generation:  21
Best root_mean_squared_error score: -0.0016534668523774092
Generation:  84%| | 21/25 [53:53<13:08, 197.15s/it]WARNING THIS INDIVIDUAL CAUSED AND EXCEPTION 
 <tpot2.search_spaces.pipelines.sequential.SequentialPipelineIndividual object at 0x155457174b80> 
 The 'criterion' parameter of RandomForestRegressor must be a str among {'friedman_mse', 'poisson', 'absolute_error', 'squared_error'}. Got 'mae' instead. 
 Traceback (most recent call last):
  File "/common/ketrong/tpotexp/tpot2/tpot2/utils/eval_utils.py", line 53, in objective_nan_wrapper
    value = func_timeout.func_timeout(timeout, objective_function, args=[individual], kwargs=objective_kwargs)
  File "/common/ketrong/tpotexp/env/lib/python3.10/site-packages/func_timeout/dafunc.py", line 108, in func_timeout
    raise_exception(exception)
  File "/common/ketrong/tpotexp/env/lib/python3.10/site-packages/func_timeout/py3_raise.py", line 7, in raise_exception
    raise exception[0] from None
  File "/common/ketrong/tpotexp/tpot2/tpot2/tpot_estimator/estimator.py", line 623, in objective_function
    return objective_function_generator(
  File "/common/ketrong/tpotexp/tpot2/tpot2/tpot_estimator/estimator_utils.py", line 55, in objective_function_generator
    cv_obj_scores = cross_val_score_objective(sklearn.base.clone(pipeline),x,y,scorers=scorers, cv=cv , fold=step)
  File "/common/ketrong/tpotexp/tpot2/tpot2/tpot_estimator/cross_val_utils.py", line 28, in cross_val_score_objective
    this_fold_pipeline.fit(X_train,y_train)
  File "/common/ketrong/tpotexp/env/lib/python3.10/site-packages/sklearn/base.py", line 1473, in wrapper
    return fit_method(estimator, *args, **kwargs)
  File "/common/ketrong/tpotexp/env/lib/python3.10/site-packages/sklearn/pipeline.py", line 473, in fit
    self._final_estimator.fit(Xt, y, **last_step_params["fit"])
  File "/common/ketrong/tpotexp/env/lib/python3.10/site-packages/sklearn/base.py", line 1466, in wrapper
    estimator._validate_params()
  File "/common/ketrong/tpotexp/env/lib/python3.10/site-packages/sklearn/base.py", line 666, in _validate_params
    validate_parameter_constraints(
  File "/common/ketrong/tpotexp/env/lib/python3.10/site-packages/sklearn/utils/_param_validation.py", line 95, in validate_parameter_constraints
    raise InvalidParameterError(
sklearn.utils._param_validation.InvalidParameterError: The 'criterion' parameter of RandomForestRegressor must be a str among {'friedman_mse', 'poisson', 'absolute_error', 'squared_error'}. Got 'mae' instead.

WARNING THIS INDIVIDUAL CAUSED AND EXCEPTION 
 <tpot2.search_spaces.pipelines.sequential.SequentialPipelineIndividual object at 0x155474d328c0> 
 The 'criterion' parameter of RandomForestRegressor must be a str among {'friedman_mse', 'poisson', 'absolute_error', 'squared_error'}. Got 'mse' instead. 
 Traceback (most recent call last):
  File "/common/ketrong/tpotexp/tpot2/tpot2/utils/eval_utils.py", line 53, in objective_nan_wrapper
    value = func_timeout.func_timeout(timeout, objective_function, args=[individual], kwargs=objective_kwargs)
  File "/common/ketrong/tpotexp/env/lib/python3.10/site-packages/func_timeout/dafunc.py", line 108, in func_timeout
    raise_exception(exception)
  File "/common/ketrong/tpotexp/env/lib/python3.10/site-packages/func_timeout/py3_raise.py", line 7, in raise_exception
    raise exception[0] from None
  File "/common/ketrong/tpotexp/tpot2/tpot2/tpot_estimator/estimator.py", line 623, in objective_function
    return objective_function_generator(
  File "/common/ketrong/tpotexp/tpot2/tpot2/tpot_estimator/estimator_utils.py", line 55, in objective_function_generator
    cv_obj_scores = cross_val_score_objective(sklearn.base.clone(pipeline),x,y,scorers=scorers, cv=cv , fold=step)
  File "/common/ketrong/tpotexp/tpot2/tpot2/tpot_estimator/cross_val_utils.py", line 28, in cross_val_score_objective
    this_fold_pipeline.fit(X_train,y_train)
  File "/common/ketrong/tpotexp/env/lib/python3.10/site-packages/sklearn/base.py", line 1473, in wrapper
    return fit_method(estimator, *args, **kwargs)
  File "/common/ketrong/tpotexp/env/lib/python3.10/site-packages/sklearn/pipeline.py", line 473, in fit
    self._final_estimator.fit(Xt, y, **last_step_params["fit"])
  File "/common/ketrong/tpotexp/env/lib/python3.10/site-packages/sklearn/base.py", line 1466, in wrapper
    estimator._validate_params()
  File "/common/ketrong/tpotexp/env/lib/python3.10/site-packages/sklearn/base.py", line 666, in _validate_params
    validate_parameter_constraints(
  File "/common/ketrong/tpotexp/env/lib/python3.10/site-packages/sklearn/utils/_param_validation.py", line 95, in validate_parameter_constraints
    raise InvalidParameterError(
sklearn.utils._param_validation.InvalidParameterError: The 'criterion' parameter of RandomForestRegressor must be a str among {'friedman_mse', 'poisson', 'absolute_error', 'squared_error'}. Got 'mse' instead.

Generation:  22
Best root_mean_squared_error score: -0.0016534668523774092
Generation:  88%| | 22/25 [54:10<07:09, 143.18s/it]WARNING THIS INDIVIDUAL CAUSED AND EXCEPTION 
 <tpot2.search_spaces.pipelines.sequential.SequentialPipelineIndividual object at 0x15545df25780> 
 The 'criterion' parameter of RandomForestRegressor must be a str among {'friedman_mse', 'poisson', 'absolute_error', 'squared_error'}. Got 'mse' instead. 
 Traceback (most recent call last):
  File "/common/ketrong/tpotexp/tpot2/tpot2/utils/eval_utils.py", line 53, in objective_nan_wrapper
    value = func_timeout.func_timeout(timeout, objective_function, args=[individual], kwargs=objective_kwargs)
  File "/common/ketrong/tpotexp/env/lib/python3.10/site-packages/func_timeout/dafunc.py", line 108, in func_timeout
    raise_exception(exception)
  File "/common/ketrong/tpotexp/env/lib/python3.10/site-packages/func_timeout/py3_raise.py", line 7, in raise_exception
    raise exception[0] from None
  File "/common/ketrong/tpotexp/tpot2/tpot2/tpot_estimator/estimator.py", line 623, in objective_function
    return objective_function_generator(
  File "/common/ketrong/tpotexp/tpot2/tpot2/tpot_estimator/estimator_utils.py", line 55, in objective_function_generator
    cv_obj_scores = cross_val_score_objective(sklearn.base.clone(pipeline),x,y,scorers=scorers, cv=cv , fold=step)
  File "/common/ketrong/tpotexp/tpot2/tpot2/tpot_estimator/cross_val_utils.py", line 28, in cross_val_score_objective
    this_fold_pipeline.fit(X_train,y_train)
  File "/common/ketrong/tpotexp/env/lib/python3.10/site-packages/sklearn/base.py", line 1473, in wrapper
    return fit_method(estimator, *args, **kwargs)
  File "/common/ketrong/tpotexp/env/lib/python3.10/site-packages/sklearn/pipeline.py", line 473, in fit
    self._final_estimator.fit(Xt, y, **last_step_params["fit"])
  File "/common/ketrong/tpotexp/env/lib/python3.10/site-packages/sklearn/base.py", line 1466, in wrapper
    estimator._validate_params()
  File "/common/ketrong/tpotexp/env/lib/python3.10/site-packages/sklearn/base.py", line 666, in _validate_params
    validate_parameter_constraints(
  File "/common/ketrong/tpotexp/env/lib/python3.10/site-packages/sklearn/utils/_param_validation.py", line 95, in validate_parameter_constraints
    raise InvalidParameterError(
sklearn.utils._param_validation.InvalidParameterError: The 'criterion' parameter of RandomForestRegressor must be a str among {'friedman_mse', 'poisson', 'absolute_error', 'squared_error'}. Got 'mse' instead.

Generation:  23
Best root_mean_squared_error score: -0.0016534668523774092
Generation:  92%|| 23/25 [54:37<03:36, 108.23s/it]WARNING THIS INDIVIDUAL CAUSED AND EXCEPTION 
 <tpot2.search_spaces.pipelines.sequential.SequentialPipelineIndividual object at 0x15545701bd30> 
 The 'criterion' parameter of RandomForestRegressor must be a str among {'friedman_mse', 'poisson', 'absolute_error', 'squared_error'}. Got 'mae' instead. 
 Traceback (most recent call last):
  File "/common/ketrong/tpotexp/tpot2/tpot2/utils/eval_utils.py", line 53, in objective_nan_wrapper
    value = func_timeout.func_timeout(timeout, objective_function, args=[individual], kwargs=objective_kwargs)
  File "/common/ketrong/tpotexp/env/lib/python3.10/site-packages/func_timeout/dafunc.py", line 108, in func_timeout
    raise_exception(exception)
  File "/common/ketrong/tpotexp/env/lib/python3.10/site-packages/func_timeout/py3_raise.py", line 7, in raise_exception
    raise exception[0] from None
  File "/common/ketrong/tpotexp/tpot2/tpot2/tpot_estimator/estimator.py", line 623, in objective_function
    return objective_function_generator(
  File "/common/ketrong/tpotexp/tpot2/tpot2/tpot_estimator/estimator_utils.py", line 55, in objective_function_generator
    cv_obj_scores = cross_val_score_objective(sklearn.base.clone(pipeline),x,y,scorers=scorers, cv=cv , fold=step)
  File "/common/ketrong/tpotexp/tpot2/tpot2/tpot_estimator/cross_val_utils.py", line 28, in cross_val_score_objective
    this_fold_pipeline.fit(X_train,y_train)
  File "/common/ketrong/tpotexp/env/lib/python3.10/site-packages/sklearn/base.py", line 1473, in wrapper
    return fit_method(estimator, *args, **kwargs)
  File "/common/ketrong/tpotexp/env/lib/python3.10/site-packages/sklearn/pipeline.py", line 473, in fit
    self._final_estimator.fit(Xt, y, **last_step_params["fit"])
  File "/common/ketrong/tpotexp/env/lib/python3.10/site-packages/sklearn/base.py", line 1466, in wrapper
    estimator._validate_params()
  File "/common/ketrong/tpotexp/env/lib/python3.10/site-packages/sklearn/base.py", line 666, in _validate_params
    validate_parameter_constraints(
  File "/common/ketrong/tpotexp/env/lib/python3.10/site-packages/sklearn/utils/_param_validation.py", line 95, in validate_parameter_constraints
    raise InvalidParameterError(
sklearn.utils._param_validation.InvalidParameterError: The 'criterion' parameter of RandomForestRegressor must be a str among {'friedman_mse', 'poisson', 'absolute_error', 'squared_error'}. Got 'mae' instead.

WARNING THIS INDIVIDUAL CAUSED AND EXCEPTION 
 <tpot2.search_spaces.pipelines.sequential.SequentialPipelineIndividual object at 0x155474d711b0> 
 The 'criterion' parameter of ExtraTreesRegressor must be a str among {'friedman_mse', 'poisson', 'absolute_error', 'squared_error'}. Got 'mae' instead. 
 Traceback (most recent call last):
  File "/common/ketrong/tpotexp/tpot2/tpot2/utils/eval_utils.py", line 53, in objective_nan_wrapper
    value = func_timeout.func_timeout(timeout, objective_function, args=[individual], kwargs=objective_kwargs)
  File "/common/ketrong/tpotexp/env/lib/python3.10/site-packages/func_timeout/dafunc.py", line 108, in func_timeout
    raise_exception(exception)
  File "/common/ketrong/tpotexp/env/lib/python3.10/site-packages/func_timeout/py3_raise.py", line 7, in raise_exception
    raise exception[0] from None
  File "/common/ketrong/tpotexp/tpot2/tpot2/tpot_estimator/estimator.py", line 623, in objective_function
    return objective_function_generator(
  File "/common/ketrong/tpotexp/tpot2/tpot2/tpot_estimator/estimator_utils.py", line 55, in objective_function_generator
    cv_obj_scores = cross_val_score_objective(sklearn.base.clone(pipeline),x,y,scorers=scorers, cv=cv , fold=step)
  File "/common/ketrong/tpotexp/tpot2/tpot2/tpot_estimator/cross_val_utils.py", line 28, in cross_val_score_objective
    this_fold_pipeline.fit(X_train,y_train)
  File "/common/ketrong/tpotexp/env/lib/python3.10/site-packages/sklearn/base.py", line 1473, in wrapper
    return fit_method(estimator, *args, **kwargs)
  File "/common/ketrong/tpotexp/env/lib/python3.10/site-packages/sklearn/pipeline.py", line 473, in fit
    self._final_estimator.fit(Xt, y, **last_step_params["fit"])
  File "/common/ketrong/tpotexp/env/lib/python3.10/site-packages/sklearn/base.py", line 1466, in wrapper
    estimator._validate_params()
  File "/common/ketrong/tpotexp/env/lib/python3.10/site-packages/sklearn/base.py", line 666, in _validate_params
    validate_parameter_constraints(
  File "/common/ketrong/tpotexp/env/lib/python3.10/site-packages/sklearn/utils/_param_validation.py", line 95, in validate_parameter_constraints
    raise InvalidParameterError(
sklearn.utils._param_validation.InvalidParameterError: The 'criterion' parameter of ExtraTreesRegressor must be a str among {'friedman_mse', 'poisson', 'absolute_error', 'squared_error'}. Got 'mae' instead.

WARNING THIS INDIVIDUAL CAUSED AND EXCEPTION 
 <tpot2.search_spaces.pipelines.sequential.SequentialPipelineIndividual object at 0x155454933d90> 
 Input X contains NaN.
ExtraTreesRegressor does not accept missing values encoded as NaN natively. For supervised learning, you might want to consider sklearn.ensemble.HistGradientBoostingClassifier and Regressor which accept missing values encoded as NaNs natively. Alternatively, it is possible to preprocess the data, for instance by using an imputer transformer in a pipeline or drop samples with missing values. See https://scikit-learn.org/stable/modules/impute.html You can find a list of all estimators that handle NaN values at the following page: https://scikit-learn.org/stable/modules/impute.html#estimators-that-handle-nan-values 
 Traceback (most recent call last):
  File "/common/ketrong/tpotexp/tpot2/tpot2/utils/eval_utils.py", line 53, in objective_nan_wrapper
    value = func_timeout.func_timeout(timeout, objective_function, args=[individual], kwargs=objective_kwargs)
  File "/common/ketrong/tpotexp/env/lib/python3.10/site-packages/func_timeout/dafunc.py", line 108, in func_timeout
    raise_exception(exception)
  File "/common/ketrong/tpotexp/env/lib/python3.10/site-packages/func_timeout/py3_raise.py", line 7, in raise_exception
    raise exception[0] from None
  File "/common/ketrong/tpotexp/tpot2/tpot2/tpot_estimator/estimator.py", line 623, in objective_function
    return objective_function_generator(
  File "/common/ketrong/tpotexp/tpot2/tpot2/tpot_estimator/estimator_utils.py", line 55, in objective_function_generator
    cv_obj_scores = cross_val_score_objective(sklearn.base.clone(pipeline),x,y,scorers=scorers, cv=cv , fold=step)
  File "/common/ketrong/tpotexp/tpot2/tpot2/tpot_estimator/cross_val_utils.py", line 28, in cross_val_score_objective
    this_fold_pipeline.fit(X_train,y_train)
  File "/common/ketrong/tpotexp/env/lib/python3.10/site-packages/sklearn/base.py", line 1473, in wrapper
    return fit_method(estimator, *args, **kwargs)
  File "/common/ketrong/tpotexp/env/lib/python3.10/site-packages/sklearn/pipeline.py", line 473, in fit
    self._final_estimator.fit(Xt, y, **last_step_params["fit"])
  File "/common/ketrong/tpotexp/env/lib/python3.10/site-packages/sklearn/base.py", line 1473, in wrapper
    return fit_method(estimator, *args, **kwargs)
  File "/common/ketrong/tpotexp/env/lib/python3.10/site-packages/sklearn/ensemble/_forest.py", line 377, in fit
    estimator._compute_missing_values_in_feature_mask(
  File "/common/ketrong/tpotexp/env/lib/python3.10/site-packages/sklearn/tree/_classes.py", line 214, in _compute_missing_values_in_feature_mask
    assert_all_finite(X, **common_kwargs)
  File "/common/ketrong/tpotexp/env/lib/python3.10/site-packages/sklearn/utils/validation.py", line 213, in assert_all_finite
    _assert_all_finite(
  File "/common/ketrong/tpotexp/env/lib/python3.10/site-packages/sklearn/utils/validation.py", line 123, in _assert_all_finite
    _assert_all_finite_element_wise(
  File "/common/ketrong/tpotexp/env/lib/python3.10/site-packages/sklearn/utils/validation.py", line 172, in _assert_all_finite_element_wise
    raise ValueError(msg_err)
ValueError: Input X contains NaN.
ExtraTreesRegressor does not accept missing values encoded as NaN natively. For supervised learning, you might want to consider sklearn.ensemble.HistGradientBoostingClassifier and Regressor which accept missing values encoded as NaNs natively. Alternatively, it is possible to preprocess the data, for instance by using an imputer transformer in a pipeline or drop samples with missing values. See https://scikit-learn.org/stable/modules/impute.html You can find a list of all estimators that handle NaN values at the following page: https://scikit-learn.org/stable/modules/impute.html#estimators-that-handle-nan-values

Generation:  24
Best root_mean_squared_error score: -0.0016534668523774092
Generation:  96%|| 24/25 [55:01<01:23, 83.20s/it] WARNING THIS INDIVIDUAL CAUSED AND EXCEPTION 
 <tpot2.search_spaces.pipelines.sequential.SequentialPipelineIndividual object at 0x1554745a2fe0> 
 The 'criterion' parameter of ExtraTreesRegressor must be a str among {'friedman_mse', 'poisson', 'absolute_error', 'squared_error'}. Got 'mae' instead. 
 Traceback (most recent call last):
  File "/common/ketrong/tpotexp/tpot2/tpot2/utils/eval_utils.py", line 53, in objective_nan_wrapper
    value = func_timeout.func_timeout(timeout, objective_function, args=[individual], kwargs=objective_kwargs)
  File "/common/ketrong/tpotexp/env/lib/python3.10/site-packages/func_timeout/dafunc.py", line 108, in func_timeout
    raise_exception(exception)
  File "/common/ketrong/tpotexp/env/lib/python3.10/site-packages/func_timeout/py3_raise.py", line 7, in raise_exception
    raise exception[0] from None
  File "/common/ketrong/tpotexp/tpot2/tpot2/tpot_estimator/estimator.py", line 623, in objective_function
    return objective_function_generator(
  File "/common/ketrong/tpotexp/tpot2/tpot2/tpot_estimator/estimator_utils.py", line 55, in objective_function_generator
    cv_obj_scores = cross_val_score_objective(sklearn.base.clone(pipeline),x,y,scorers=scorers, cv=cv , fold=step)
  File "/common/ketrong/tpotexp/tpot2/tpot2/tpot_estimator/cross_val_utils.py", line 28, in cross_val_score_objective
    this_fold_pipeline.fit(X_train,y_train)
  File "/common/ketrong/tpotexp/env/lib/python3.10/site-packages/sklearn/base.py", line 1473, in wrapper
    return fit_method(estimator, *args, **kwargs)
  File "/common/ketrong/tpotexp/env/lib/python3.10/site-packages/sklearn/pipeline.py", line 473, in fit
    self._final_estimator.fit(Xt, y, **last_step_params["fit"])
  File "/common/ketrong/tpotexp/env/lib/python3.10/site-packages/sklearn/base.py", line 1466, in wrapper
    estimator._validate_params()
  File "/common/ketrong/tpotexp/env/lib/python3.10/site-packages/sklearn/base.py", line 666, in _validate_params
    validate_parameter_constraints(
  File "/common/ketrong/tpotexp/env/lib/python3.10/site-packages/sklearn/utils/_param_validation.py", line 95, in validate_parameter_constraints
    raise InvalidParameterError(
sklearn.utils._param_validation.InvalidParameterError: The 'criterion' parameter of ExtraTreesRegressor must be a str among {'friedman_mse', 'poisson', 'absolute_error', 'squared_error'}. Got 'mae' instead.

WARNING THIS INDIVIDUAL CAUSED AND EXCEPTION 
 <tpot2.search_spaces.pipelines.sequential.SequentialPipelineIndividual object at 0x15545bd889d0> 
 The 'criterion' parameter of ExtraTreesRegressor must be a str among {'friedman_mse', 'poisson', 'absolute_error', 'squared_error'}. Got 'mae' instead. 
 Traceback (most recent call last):
  File "/common/ketrong/tpotexp/tpot2/tpot2/utils/eval_utils.py", line 53, in objective_nan_wrapper
    value = func_timeout.func_timeout(timeout, objective_function, args=[individual], kwargs=objective_kwargs)
  File "/common/ketrong/tpotexp/env/lib/python3.10/site-packages/func_timeout/dafunc.py", line 108, in func_timeout
    raise_exception(exception)
  File "/common/ketrong/tpotexp/env/lib/python3.10/site-packages/func_timeout/py3_raise.py", line 7, in raise_exception
    raise exception[0] from None
  File "/common/ketrong/tpotexp/tpot2/tpot2/tpot_estimator/estimator.py", line 623, in objective_function
    return objective_function_generator(
  File "/common/ketrong/tpotexp/tpot2/tpot2/tpot_estimator/estimator_utils.py", line 55, in objective_function_generator
    cv_obj_scores = cross_val_score_objective(sklearn.base.clone(pipeline),x,y,scorers=scorers, cv=cv , fold=step)
  File "/common/ketrong/tpotexp/tpot2/tpot2/tpot_estimator/cross_val_utils.py", line 28, in cross_val_score_objective
    this_fold_pipeline.fit(X_train,y_train)
  File "/common/ketrong/tpotexp/env/lib/python3.10/site-packages/sklearn/base.py", line 1473, in wrapper
    return fit_method(estimator, *args, **kwargs)
  File "/common/ketrong/tpotexp/env/lib/python3.10/site-packages/sklearn/pipeline.py", line 473, in fit
    self._final_estimator.fit(Xt, y, **last_step_params["fit"])
  File "/common/ketrong/tpotexp/env/lib/python3.10/site-packages/sklearn/base.py", line 1466, in wrapper
    estimator._validate_params()
  File "/common/ketrong/tpotexp/env/lib/python3.10/site-packages/sklearn/base.py", line 666, in _validate_params
    validate_parameter_constraints(
  File "/common/ketrong/tpotexp/env/lib/python3.10/site-packages/sklearn/utils/_param_validation.py", line 95, in validate_parameter_constraints
    raise InvalidParameterError(
sklearn.utils._param_validation.InvalidParameterError: The 'criterion' parameter of ExtraTreesRegressor must be a str among {'friedman_mse', 'poisson', 'absolute_error', 'squared_error'}. Got 'mae' instead.

Generation:  25
Best root_mean_squared_error score: -0.0016534668523774092
Generation: 100%|| 25/25 [55:15<00:00, 62.37s/it]Generation: 100%|| 25/25 [55:15<00:00, 132.63s/it]
2024-09-22 20:38:09,471 - distributed.scheduler - ERROR - Removing worker 'tcp://127.0.0.1:41415' caused the cluster to lose scattered data, which can't be recovered: {'DataFrame-49a83a20dcc71991095fa3ef76d1c5ca', 'DataFrame-714f7f5e492924a63bfed817b1cd3fa1'} (stimulus_id='handle-worker-cleanup-1727062689.4717615')
Fitted
Pipeline(steps=[('simpleimputer', SimpleImputer(strategy='constant')),
                ('lgbmregressor',
                 LGBMRegressor(max_depth=6, n_estimators=59, n_jobs=1,
                               num_leaves=142, verbose=-1))])
transform worked
try transform
transform worked
score start
train score: {'explained_var': 0.6023570834870637, 'r2': 0.6023570834870637, 'rmse': 0.001499095124132577}
test score: {'explained_var': 0.4951978288531217, 'r2': 0.4936168646256881, 'rmse': 0.0016806854219595826}
original test score: {'explained_var': 0.6243574354261948, 'r2': 0.6241716436644242, 'rmse': 0.0014479100702418119}
score end
198
lvl
0.3
type
MNAR
num_run
1
reg_full
finished
all finished
full run takes
9.868329700496462
hours
DONE
