Run: 30
/cm/local/apps/slurm/var/spool/job927325/slurm_script: line 26: 
pip install -e tpot2
pip install -r tpot2/ImputerExperiments/requirements_.txt
: No such file or directory
RunStart
srun: Job step aborted: Waiting up to 32 seconds for job step to finish.
slurmstepd: error: *** JOB 927325 ON esplhpc-cp037 CANCELLED AT 2024-08-20T18:06:55 ***
slurmstepd: error: *** STEP 927325.0 ON esplhpc-cp037 CANCELLED AT 2024-08-20T18:06:55 ***
