Run: 25
/cm/local/apps/slurm/var/spool/job927366/slurm_script: line 26: 
pip install -e tpot2
pip install -r tpot2/ImputerExperiments/requirements_.txt
: No such file or directory
RunStart
starting loops
../data/r/198/198.pkl
working on 
../data/r/198/reg_full_MCAR_0.01_2
4.537768363952637
running experiment 1/3 - Does large hyperparameter space improve reconstruction accuracy over simple
[I 2024-08-20 18:08:16,233] A new study created in memory with name: no-name-e99dc942-8313-4e79-82ed-02bb3ff63081
running
running
running
running
running
running
running
running
running
running
running
running
running
running
running
running
[I 2024-08-20 18:08:16,614] Trial 6 finished with value: 0.3769063010285689 and parameters: {'model_name': 'SimpleImputer', 'strategy': 'mean'}. Best is trial 6 with value: 0.3769063010285689.
running
[I 2024-08-20 18:08:16,866] Trial 3 finished with value: 0.41238249907805236 and parameters: {'model_name': 'SimpleImputer', 'strategy': 'constant'}. Best is trial 6 with value: 0.3769063010285689.
running
[I 2024-08-20 18:08:17,216] Trial 1 finished with value: 0.4387233215367522 and parameters: {'model_name': 'SimpleImputer', 'strategy': 'median'}. Best is trial 6 with value: 0.3769063010285689.
running
[I 2024-08-20 18:08:17,728] Trial 18 finished with value: 0.3769063010285689 and parameters: {'model_name': 'SimpleImputer', 'strategy': 'mean'}. Best is trial 6 with value: 0.3769063010285689.
running
[I 2024-08-20 18:08:21,577] Trial 15 finished with value: 0.3769063010285689 and parameters: {'model_name': 'KNNImputer', 'n_neighbors': 7502, 'weights': 'uniform'}. Best is trial 6 with value: 0.3769063010285689.
running
[I 2024-08-20 18:08:22,011] Trial 13 finished with value: 0.3769063010285689 and parameters: {'model_name': 'KNNImputer', 'n_neighbors': 8430, 'weights': 'uniform'}. Best is trial 6 with value: 0.3769063010285689.
running
[I 2024-08-20 18:08:22,327] Trial 9 finished with value: 0.3769063010285689 and parameters: {'model_name': 'KNNImputer', 'n_neighbors': 7502, 'weights': 'uniform'}. Best is trial 6 with value: 0.3769063010285689.
running
[I 2024-08-20 18:08:22,504] Trial 14 finished with value: 0.3763458157176672 and parameters: {'model_name': 'IterativeImputer', 'estimator': 'Ridge', 'initial_strategy': 'most_frequent', 'n_nearest_features': 5, 'imputation_order': 'arabic'}. Best is trial 14 with value: 0.3763458157176672.
running
[I 2024-08-20 18:08:22,723] Trial 4 finished with value: 0.3763457149014274 and parameters: {'model_name': 'IterativeImputer', 'estimator': 'Ridge', 'initial_strategy': 'median', 'n_nearest_features': 6, 'imputation_order': 'random'}. Best is trial 4 with value: 0.3763457149014274.
running
[I 2024-08-20 18:08:23,062] Trial 23 finished with value: 0.3769063010285689 and parameters: {'model_name': 'SimpleImputer', 'strategy': 'mean'}. Best is trial 4 with value: 0.3763457149014274.
running
[I 2024-08-20 18:08:23,790] Trial 0 finished with value: 0.37127998876904683 and parameters: {'model_name': 'KNNImputer', 'n_neighbors': 3116, 'weights': 'distance'}. Best is trial 0 with value: 0.37127998876904683.
running
[I 2024-08-20 18:08:27,443] Trial 20 finished with value: 0.37604163087190273 and parameters: {'model_name': 'KNNImputer', 'n_neighbors': 5581, 'weights': 'uniform'}. Best is trial 0 with value: 0.37127998876904683.
running
[I 2024-08-20 18:08:27,768] Trial 22 finished with value: 0.3657244516802117 and parameters: {'model_name': 'KNNImputer', 'n_neighbors': 1304, 'weights': 'uniform'}. Best is trial 22 with value: 0.3657244516802117.
running
[I 2024-08-20 18:08:28,429] Trial 24 finished with value: 0.3751842217627824 and parameters: {'model_name': 'KNNImputer', 'n_neighbors': 4995, 'weights': 'uniform'}. Best is trial 22 with value: 0.3657244516802117.
running
[I 2024-08-20 18:08:30,029] Trial 26 finished with value: 0.3763457149014274 and parameters: {'model_name': 'IterativeImputer', 'estimator': 'Ridge', 'initial_strategy': 'median', 'n_nearest_features': 6, 'imputation_order': 'random'}. Best is trial 22 with value: 0.3657244516802117.
running
[I 2024-08-20 18:08:36,277] Trial 2 finished with value: 0.37616144122225886 and parameters: {'model_name': 'IterativeImputer', 'estimator': 'Bayesian', 'initial_strategy': 'mean', 'n_nearest_features': 5, 'imputation_order': 'random', 'sample_posterior': False}. Best is trial 22 with value: 0.3657244516802117.
running
[I 2024-08-20 18:08:42,146] Trial 10 finished with value: 0.3893030554638656 and parameters: {'model_name': 'IterativeImputer', 'estimator': 'KNN', 'initial_strategy': 'median', 'n_nearest_features': 1, 'imputation_order': 'arabic'}. Best is trial 22 with value: 0.3657244516802117.
running
[I 2024-08-20 18:08:45,674] Trial 5 finished with value: 0.5071699282905149 and parameters: {'model_name': 'GAIN', 'batch_size': 298, 'hint_rate': 0.11069634053889942, 'alpha': 6, 'iterations': 11, 'learning_rate': 0.013886650259434474, 'p_miss': 0.04278796678123276}. Best is trial 22 with value: 0.3657244516802117.
running
[I 2024-08-20 18:08:46,458] Trial 21 finished with value: 0.378145547903701 and parameters: {'model_name': 'IterativeImputer', 'estimator': 'KNN', 'initial_strategy': 'mean', 'n_nearest_features': 1, 'imputation_order': 'roman'}. Best is trial 22 with value: 0.3657244516802117.
running
[I 2024-08-20 18:08:56,071] Trial 32 finished with value: 0.5149230309570363 and parameters: {'model_name': 'GAIN', 'batch_size': 87, 'hint_rate': 0.35238276465508095, 'alpha': 4, 'iterations': 3, 'learning_rate': 0.0012989070136658028, 'p_miss': 0.06747925820543577}. Best is trial 22 with value: 0.3657244516802117.
running
[I 2024-08-20 18:09:01,663] Trial 11 finished with value: inf and parameters: {'model_name': 'GAIN', 'batch_size': 14, 'hint_rate': 0.03427462221840432, 'alpha': 83, 'iterations': 32, 'learning_rate': 0.07429623950417549, 'p_miss': 0.06061442013971727}. Best is trial 22 with value: 0.3657244516802117.
running
[I 2024-08-20 18:09:01,963] Trial 35 finished with value: 0.3702680301576146 and parameters: {'model_name': 'KNNImputer', 'n_neighbors': 821, 'weights': 'distance'}. Best is trial 22 with value: 0.3657244516802117.
running
[I 2024-08-20 18:09:05,970] Trial 28 finished with value: inf and parameters: {'model_name': 'GAIN', 'batch_size': 2, 'hint_rate': 0.9587807256497001, 'alpha': 27, 'iterations': 234, 'learning_rate': 0.0001584408073185613, 'p_miss': 0.162197251282429}. Best is trial 22 with value: 0.3657244516802117.
running
[I 2024-08-20 18:09:07,521] Trial 37 finished with value: 0.3703584503165548 and parameters: {'model_name': 'KNNImputer', 'n_neighbors': 1021, 'weights': 'distance'}. Best is trial 22 with value: 0.3657244516802117.
running
[I 2024-08-20 18:09:07,701] Trial 36 finished with value: 0.370492966409096 and parameters: {'model_name': 'KNNImputer', 'n_neighbors': 1184, 'weights': 'distance'}. Best is trial 22 with value: 0.3657244516802117.
running
[I 2024-08-20 18:09:10,932] Trial 19 finished with value: 0.5219722830362626 and parameters: {'model_name': 'GAIN', 'batch_size': 31, 'hint_rate': 0.0268194253739579, 'alpha': 79, 'iterations': 25, 'learning_rate': 0.006426502308936412, 'p_miss': 0.14194049455237415}. Best is trial 22 with value: 0.3657244516802117.
running
[I 2024-08-20 18:09:12,381] Trial 38 finished with value: 0.37028629938045743 and parameters: {'model_name': 'KNNImputer', 'n_neighbors': 806, 'weights': 'distance'}. Best is trial 22 with value: 0.3657244516802117.
running
[I 2024-08-20 18:09:12,866] Trial 39 finished with value: 0.3738248064262685 and parameters: {'model_name': 'KNNImputer', 'n_neighbors': 80, 'weights': 'distance'}. Best is trial 22 with value: 0.3657244516802117.
running
[I 2024-08-20 18:09:13,252] Trial 40 finished with value: 0.37033711980917117 and parameters: {'model_name': 'KNNImputer', 'n_neighbors': 239, 'weights': 'distance'}. Best is trial 22 with value: 0.3657244516802117.
running
[I 2024-08-20 18:09:16,550] Trial 41 finished with value: 0.3714816076842623 and parameters: {'model_name': 'KNNImputer', 'n_neighbors': 123, 'weights': 'distance'}. Best is trial 22 with value: 0.3657244516802117.
running
[I 2024-08-20 18:09:18,732] Trial 42 finished with value: 0.370084008775953 and parameters: {'model_name': 'KNNImputer', 'n_neighbors': 589, 'weights': 'distance'}. Best is trial 22 with value: 0.3657244516802117.
running
[I 2024-08-20 18:09:19,821] Trial 43 finished with value: 0.3709537264202743 and parameters: {'model_name': 'KNNImputer', 'n_neighbors': 2140, 'weights': 'distance'}. Best is trial 22 with value: 0.3657244516802117.
running
[I 2024-08-20 18:09:20,758] Trial 44 finished with value: 0.3710374402884803 and parameters: {'model_name': 'KNNImputer', 'n_neighbors': 2376, 'weights': 'distance'}. Best is trial 22 with value: 0.3657244516802117.
running
[I 2024-08-20 18:09:23,719] Trial 45 finished with value: 0.37108022157512177 and parameters: {'model_name': 'KNNImputer', 'n_neighbors': 2526, 'weights': 'distance'}. Best is trial 22 with value: 0.3657244516802117.
running
[I 2024-08-20 18:09:25,445] Trial 46 finished with value: 0.3709547541979151 and parameters: {'model_name': 'KNNImputer', 'n_neighbors': 2145, 'weights': 'distance'}. Best is trial 22 with value: 0.3657244516802117.
running
[I 2024-08-20 18:09:26,313] Trial 47 finished with value: 0.37092702328979155 and parameters: {'model_name': 'KNNImputer', 'n_neighbors': 2084, 'weights': 'distance'}. Best is trial 22 with value: 0.3657244516802117.
running
[I 2024-08-20 18:09:27,111] Trial 48 finished with value: 0.37072551032372913 and parameters: {'model_name': 'KNNImputer', 'n_neighbors': 1520, 'weights': 'distance'}. Best is trial 22 with value: 0.3657244516802117.
running
[I 2024-08-20 18:09:29,941] Trial 49 finished with value: 0.3706490719751279 and parameters: {'model_name': 'KNNImputer', 'n_neighbors': 1372, 'weights': 'distance'}. Best is trial 22 with value: 0.3657244516802117.
running
[I 2024-08-20 18:09:31,724] Trial 50 finished with value: 0.3705874632491984 and parameters: {'model_name': 'KNNImputer', 'n_neighbors': 1294, 'weights': 'distance'}. Best is trial 22 with value: 0.3657244516802117.
running
[I 2024-08-20 18:09:32,270] Trial 51 finished with value: 0.36431083355303084 and parameters: {'model_name': 'KNNImputer', 'n_neighbors': 1112, 'weights': 'uniform'}. Best is trial 51 with value: 0.36431083355303084.
running
[I 2024-08-20 18:09:32,946] Trial 52 finished with value: 0.36315031281247945 and parameters: {'model_name': 'KNNImputer', 'n_neighbors': 911, 'weights': 'uniform'}. Best is trial 52 with value: 0.36315031281247945.
running
[I 2024-08-20 18:09:33,314] Trial 54 finished with value: 0.41238249907805236 and parameters: {'model_name': 'SimpleImputer', 'strategy': 'most_frequent'}. Best is trial 52 with value: 0.36315031281247945.
running
[I 2024-08-20 18:09:34,102] Trial 55 finished with value: 0.41238249907805236 and parameters: {'model_name': 'SimpleImputer', 'strategy': 'most_frequent'}. Best is trial 52 with value: 0.36315031281247945.
running
[I 2024-08-20 18:09:36,412] Trial 53 finished with value: 0.37218250997997904 and parameters: {'model_name': 'KNNImputer', 'n_neighbors': 3500, 'weights': 'uniform'}. Best is trial 52 with value: 0.36315031281247945.
running
[I 2024-08-20 18:09:39,313] Trial 58 finished with value: 0.36101195375870726 and parameters: {'model_name': 'KNNImputer', 'n_neighbors': 660, 'weights': 'uniform'}. Best is trial 58 with value: 0.36101195375870726.
[I 2024-08-20 18:09:39,532] Trial 57 finished with value: 0.3723985285167118 and parameters: {'model_name': 'KNNImputer', 'n_neighbors': 3562, 'weights': 'uniform'}. Best is trial 58 with value: 0.36101195375870726.
running
running
[I 2024-08-20 18:09:39,768] Trial 56 finished with value: 0.3713749085857511 and parameters: {'model_name': 'KNNImputer', 'n_neighbors': 3243, 'weights': 'uniform'}. Best is trial 58 with value: 0.36101195375870726.
running
[I 2024-08-20 18:09:42,283] Trial 59 finished with value: 0.36247857369071074 and parameters: {'model_name': 'KNNImputer', 'n_neighbors': 825, 'weights': 'uniform'}. Best is trial 58 with value: 0.36101195375870726.
running
[I 2024-08-20 18:09:44,514] Trial 60 finished with value: 0.3601430256788956 and parameters: {'model_name': 'KNNImputer', 'n_neighbors': 579, 'weights': 'uniform'}. Best is trial 60 with value: 0.3601430256788956.
running
[I 2024-08-20 18:09:44,741] Trial 62 finished with value: 0.35953447309323544 and parameters: {'model_name': 'KNNImputer', 'n_neighbors': 512, 'weights': 'uniform'}. Best is trial 62 with value: 0.35953447309323544.
running
[I 2024-08-20 18:09:45,359] Trial 61 finished with value: 0.35979252276935486 and parameters: {'model_name': 'KNNImputer', 'n_neighbors': 543, 'weights': 'uniform'}. Best is trial 62 with value: 0.35953447309323544.
running
[I 2024-08-20 18:09:48,447] Trial 29 finished with value: 0.5052141997116752 and parameters: {'model_name': 'GAIN', 'batch_size': 152, 'hint_rate': 0.7602424412616929, 'alpha': 21, 'iterations': 47, 'learning_rate': 0.0483696840895141, 'p_miss': 0.08846054527287303}. Best is trial 62 with value: 0.35953447309323544.
running
[I 2024-08-20 18:10:30,771] Trial 31 finished with value: 0.511123751906411 and parameters: {'model_name': 'GAIN', 'batch_size': 283, 'hint_rate': 0.3610638426562809, 'alpha': 6, 'iterations': 54, 'learning_rate': 0.01581150150849007, 'p_miss': 0.04738081026565606}. Best is trial 62 with value: 0.35953447309323544.
running
[I 2024-08-20 18:18:18,405] Trial 34 finished with value: inf and parameters: {'model_name': 'GAIN', 'batch_size': 1, 'hint_rate': 0.9878281593059106, 'alpha': 100, 'iterations': 3005, 'learning_rate': 0.00010630292435214321, 'p_miss': 0.29502895140997454}. Best is trial 62 with value: 0.35953447309323544.
running
[I 2024-08-20 18:19:52,792] Trial 33 finished with value: inf and parameters: {'model_name': 'GAIN', 'batch_size': 1, 'hint_rate': 0.8468033535373921, 'alpha': 91, 'iterations': 3581, 'learning_rate': 0.00013947015422567115, 'p_miss': 0.2878767558634594}. Best is trial 62 with value: 0.35953447309323544.
running
[I 2024-08-20 18:21:10,563] Trial 8 finished with value: inf and parameters: {'model_name': 'GAIN', 'batch_size': 4, 'hint_rate': 0.39694184600949345, 'alpha': 34, 'iterations': 4102, 'learning_rate': 0.004271220591762991, 'p_miss': 0.20465655375386074}. Best is trial 62 with value: 0.35953447309323544.
running
[I 2024-08-20 18:21:26,357] Trial 17 finished with value: 0.5284979955689787 and parameters: {'model_name': 'GAIN', 'batch_size': 464, 'hint_rate': 0.25473009089736903, 'alpha': 0, 'iterations': 361, 'learning_rate': 0.021259009124042928, 'p_miss': 0.0830850443698753}. Best is trial 62 with value: 0.35953447309323544.
running
[I 2024-08-20 18:54:17,388] Trial 69 finished with value: 0.3745693223961878 and parameters: {'model_name': 'IterativeImputer', 'estimator': 'RFR', 'initial_strategy': 'constant', 'n_nearest_features': 2, 'imputation_order': 'descending'}. Best is trial 62 with value: 0.35953447309323544.
running
[I 2024-08-20 18:54:21,799] Trial 73 finished with value: 0.35952862988581874 and parameters: {'model_name': 'KNNImputer', 'n_neighbors': 510, 'weights': 'uniform'}. Best is trial 73 with value: 0.35952862988581874.
running
[I 2024-08-20 18:54:26,463] Trial 74 finished with value: 0.3590569164236336 and parameters: {'model_name': 'KNNImputer', 'n_neighbors': 484, 'weights': 'uniform'}. Best is trial 74 with value: 0.3590569164236336.
running
[I 2024-08-20 18:59:39,216] Trial 16 finished with value: 0.3736902477351881 and parameters: {'model_name': 'IterativeImputer', 'estimator': 'RFR', 'initial_strategy': 'mean', 'n_nearest_features': 3, 'imputation_order': 'descending'}. Best is trial 74 with value: 0.3590569164236336.
running
[I 2024-08-20 18:59:43,984] Trial 76 finished with value: 0.3586072108825254 and parameters: {'model_name': 'KNNImputer', 'n_neighbors': 441, 'weights': 'uniform'}. Best is trial 76 with value: 0.3586072108825254.
running
[I 2024-08-20 18:59:48,094] Trial 77 finished with value: 0.3613991146203283 and parameters: {'model_name': 'KNNImputer', 'n_neighbors': 30, 'weights': 'uniform'}. Best is trial 76 with value: 0.3586072108825254.
running
[I 2024-08-20 18:59:51,908] Trial 78 finished with value: 0.3589951070570255 and parameters: {'model_name': 'KNNImputer', 'n_neighbors': 464, 'weights': 'uniform'}. Best is trial 76 with value: 0.3586072108825254.
running
[I 2024-08-20 18:59:55,574] Trial 79 finished with value: 0.35828547434664204 and parameters: {'model_name': 'KNNImputer', 'n_neighbors': 406, 'weights': 'uniform'}. Best is trial 79 with value: 0.35828547434664204.
running
[I 2024-08-20 19:00:00,504] Trial 80 finished with value: 0.36751063952827634 and parameters: {'model_name': 'KNNImputer', 'n_neighbors': 1742, 'weights': 'uniform'}. Best is trial 79 with value: 0.35828547434664204.
running
[I 2024-08-20 19:00:01,219] Trial 81 finished with value: 0.4387233215367522 and parameters: {'model_name': 'SimpleImputer', 'strategy': 'median'}. Best is trial 79 with value: 0.35828547434664204.
running
[I 2024-08-20 19:00:06,015] Trial 82 finished with value: 0.3586706827218124 and parameters: {'model_name': 'KNNImputer', 'n_neighbors': 433, 'weights': 'uniform'}. Best is trial 79 with value: 0.35828547434664204.
running
[I 2024-08-20 19:00:10,529] Trial 64 finished with value: 0.36015531297610703 and parameters: {'model_name': 'IterativeImputer', 'estimator': 'RFR', 'initial_strategy': 'constant', 'n_nearest_features': 3, 'imputation_order': 'ascending'}. Best is trial 79 with value: 0.35828547434664204.
running
[I 2024-08-20 19:00:15,935] Trial 84 finished with value: 0.35814008989530144 and parameters: {'model_name': 'KNNImputer', 'n_neighbors': 397, 'weights': 'uniform'}. Best is trial 84 with value: 0.35814008989530144.
running
[I 2024-08-20 19:00:21,868] Trial 85 finished with value: 0.37681043755896615 and parameters: {'model_name': 'KNNImputer', 'n_neighbors': 6770, 'weights': 'uniform'}. Best is trial 84 with value: 0.35814008989530144.
running
[I 2024-08-20 19:00:27,766] Trial 86 finished with value: 0.35733541645660083 and parameters: {'model_name': 'KNNImputer', 'n_neighbors': 298, 'weights': 'uniform'}. Best is trial 86 with value: 0.35733541645660083.
running
[I 2024-08-20 19:00:34,040] Trial 87 finished with value: 0.35702511337874066 and parameters: {'model_name': 'KNNImputer', 'n_neighbors': 233, 'weights': 'uniform'}. Best is trial 87 with value: 0.35702511337874066.
running
[I 2024-08-20 19:00:37,283] Trial 65 finished with value: 0.3750730936500751 and parameters: {'model_name': 'IterativeImputer', 'estimator': 'RFR', 'initial_strategy': 'constant', 'n_nearest_features': 3, 'imputation_order': 'descending'}. Best is trial 87 with value: 0.35702511337874066.
running
[I 2024-08-20 19:00:39,721] Trial 88 finished with value: 0.35879171642015895 and parameters: {'model_name': 'KNNImputer', 'n_neighbors': 49, 'weights': 'uniform'}. Best is trial 87 with value: 0.35702511337874066.
running
[I 2024-08-20 19:00:43,283] Trial 89 finished with value: 0.35789759834567236 and parameters: {'model_name': 'KNNImputer', 'n_neighbors': 70, 'weights': 'uniform'}. Best is trial 87 with value: 0.35702511337874066.
running
[I 2024-08-20 19:00:45,785] Trial 90 finished with value: 0.35496418895535325 and parameters: {'model_name': 'KNNImputer', 'n_neighbors': 165, 'weights': 'uniform'}. Best is trial 90 with value: 0.35496418895535325.
running
[I 2024-08-20 19:00:48,906] Trial 91 finished with value: 0.3593838644254571 and parameters: {'model_name': 'KNNImputer', 'n_neighbors': 42, 'weights': 'uniform'}. Best is trial 90 with value: 0.35496418895535325.
running
[I 2024-08-20 19:00:50,326] Trial 66 finished with value: 0.36212378449887317 and parameters: {'model_name': 'IterativeImputer', 'estimator': 'RFR', 'initial_strategy': 'constant', 'n_nearest_features': 3, 'imputation_order': 'ascending'}. Best is trial 90 with value: 0.35496418895535325.
running
[I 2024-08-20 19:00:50,660] Trial 92 finished with value: 0.4981877620102139 and parameters: {'model_name': 'KNNImputer', 'n_neighbors': 1, 'weights': 'uniform'}. Best is trial 90 with value: 0.35496418895535325.
running
[I 2024-08-20 19:00:55,060] Trial 93 finished with value: 0.364021219039286 and parameters: {'model_name': 'KNNImputer', 'n_neighbors': 1064, 'weights': 'uniform'}. Best is trial 90 with value: 0.35496418895535325.
running
[I 2024-08-20 19:00:56,642] Trial 94 finished with value: 0.3634987204116594 and parameters: {'model_name': 'KNNImputer', 'n_neighbors': 998, 'weights': 'uniform'}. Best is trial 90 with value: 0.35496418895535325.
running
[I 2024-08-20 19:00:57,105] Trial 95 finished with value: 0.3673859033121836 and parameters: {'model_name': 'KNNImputer', 'n_neighbors': 1675, 'weights': 'uniform'}. Best is trial 90 with value: 0.35496418895535325.
running
[I 2024-08-20 19:01:01,870] Trial 96 finished with value: 0.35735494186388517 and parameters: {'model_name': 'KNNImputer', 'n_neighbors': 294, 'weights': 'uniform'}. Best is trial 90 with value: 0.35496418895535325.
running
[I 2024-08-20 19:01:03,331] Trial 98 finished with value: 0.35738992614348836 and parameters: {'model_name': 'KNNImputer', 'n_neighbors': 296, 'weights': 'uniform'}. Best is trial 90 with value: 0.35496418895535325.
running
[I 2024-08-20 19:01:03,600] Trial 97 finished with value: 0.3573560465516973 and parameters: {'model_name': 'KNNImputer', 'n_neighbors': 295, 'weights': 'uniform'}. Best is trial 90 with value: 0.35496418895535325.
running
[I 2024-08-20 19:01:08,605] Trial 99 finished with value: 0.3577745096273989 and parameters: {'model_name': 'KNNImputer', 'n_neighbors': 337, 'weights': 'uniform'}. Best is trial 90 with value: 0.35496418895535325.
running
[I 2024-08-20 19:01:09,988] Trial 100 finished with value: 0.35742597325150716 and parameters: {'model_name': 'KNNImputer', 'n_neighbors': 331, 'weights': 'uniform'}. Best is trial 90 with value: 0.35496418895535325.
running
[I 2024-08-20 19:01:10,677] Trial 103 finished with value: 0.41238249907805236 and parameters: {'model_name': 'SimpleImputer', 'strategy': 'constant'}. Best is trial 90 with value: 0.35496418895535325.
running
[I 2024-08-20 19:01:12,238] Trial 101 finished with value: 0.3754515950961278 and parameters: {'model_name': 'KNNImputer', 'n_neighbors': 5234, 'weights': 'uniform'}. Best is trial 90 with value: 0.35496418895535325.
running
[I 2024-08-20 19:01:16,606] Trial 105 finished with value: 0.5293161586184805 and parameters: {'model_name': 'GAIN', 'batch_size': 10, 'hint_rate': 0.6037281162458341, 'alpha': 65, 'iterations': 1, 'learning_rate': 0.0009387782498736897, 'p_miss': 0.2346141253589264}. Best is trial 90 with value: 0.35496418895535325.
running
[I 2024-08-20 19:01:16,922] Trial 102 finished with value: 0.37540075495257935 and parameters: {'model_name': 'KNNImputer', 'n_neighbors': 5152, 'weights': 'uniform'}. Best is trial 90 with value: 0.35496418895535325.
running
[I 2024-08-20 19:01:18,565] Trial 104 finished with value: 0.3745807346687465 and parameters: {'model_name': 'KNNImputer', 'n_neighbors': 4422, 'weights': 'uniform'}. Best is trial 90 with value: 0.35496418895535325.
running
[I 2024-08-20 19:01:22,637] Trial 106 finished with value: 0.35496253559971136 and parameters: {'model_name': 'KNNImputer', 'n_neighbors': 170, 'weights': 'uniform'}. Best is trial 106 with value: 0.35496253559971136.
running
[I 2024-08-20 19:01:22,996] Trial 107 finished with value: 0.3568978719627988 and parameters: {'model_name': 'KNNImputer', 'n_neighbors': 279, 'weights': 'uniform'}. Best is trial 106 with value: 0.35496253559971136.
running
[I 2024-08-20 19:01:24,609] Trial 108 finished with value: 0.3571159418469058 and parameters: {'model_name': 'KNNImputer', 'n_neighbors': 260, 'weights': 'uniform'}. Best is trial 106 with value: 0.35496253559971136.
running
[I 2024-08-20 19:01:29,379] Trial 109 finished with value: 0.36253734800713333 and parameters: {'model_name': 'KNNImputer', 'n_neighbors': 831, 'weights': 'uniform'}. Best is trial 106 with value: 0.35496253559971136.
running
[I 2024-08-20 19:01:29,589] Trial 110 finished with value: 0.36232416401121076 and parameters: {'model_name': 'KNNImputer', 'n_neighbors': 787, 'weights': 'uniform'}. Best is trial 106 with value: 0.35496253559971136.
running
[I 2024-08-20 19:01:31,152] Trial 111 finished with value: 0.36237373596228245 and parameters: {'model_name': 'KNNImputer', 'n_neighbors': 796, 'weights': 'uniform'}. Best is trial 106 with value: 0.35496253559971136.
running
[I 2024-08-20 19:01:35,998] Trial 112 finished with value: 0.35714482773458334 and parameters: {'model_name': 'KNNImputer', 'n_neighbors': 246, 'weights': 'uniform'}. Best is trial 106 with value: 0.35496253559971136.
running
[I 2024-08-20 19:01:36,582] Trial 113 finished with value: 0.3569808791833267 and parameters: {'model_name': 'KNNImputer', 'n_neighbors': 227, 'weights': 'uniform'}. Best is trial 106 with value: 0.35496253559971136.
running
[I 2024-08-20 19:01:37,736] Trial 114 finished with value: 0.3570313436002114 and parameters: {'model_name': 'KNNImputer', 'n_neighbors': 254, 'weights': 'uniform'}. Best is trial 106 with value: 0.35496253559971136.
running
[I 2024-08-20 19:01:42,409] Trial 115 finished with value: 0.365558998006872 and parameters: {'model_name': 'KNNImputer', 'n_neighbors': 1273, 'weights': 'uniform'}. Best is trial 106 with value: 0.35496253559971136.
running
[I 2024-08-20 19:01:43,402] Trial 116 finished with value: 0.3557535859480899 and parameters: {'model_name': 'KNNImputer', 'n_neighbors': 204, 'weights': 'uniform'}. Best is trial 106 with value: 0.35496253559971136.
running
[I 2024-08-20 19:01:44,758] Trial 117 finished with value: 0.36564991496600446 and parameters: {'model_name': 'KNNImputer', 'n_neighbors': 1288, 'weights': 'uniform'}. Best is trial 106 with value: 0.35496253559971136.
running
[I 2024-08-20 19:01:45,508] Trial 67 finished with value: 0.36888032057588893 and parameters: {'model_name': 'IterativeImputer', 'estimator': 'RFR', 'initial_strategy': 'constant', 'n_nearest_features': 3, 'imputation_order': 'descending'}. Best is trial 106 with value: 0.35496253559971136.
running
[I 2024-08-20 19:01:49,294] Trial 118 finished with value: 0.3551991340292204 and parameters: {'model_name': 'KNNImputer', 'n_neighbors': 157, 'weights': 'uniform'}. Best is trial 106 with value: 0.35496253559971136.
running
[I 2024-08-20 19:01:50,241] Trial 119 finished with value: 0.3551991340292204 and parameters: {'model_name': 'KNNImputer', 'n_neighbors': 157, 'weights': 'uniform'}. Best is trial 106 with value: 0.35496253559971136.
running
[I 2024-08-20 19:01:52,463] Trial 120 finished with value: 0.3616103049139816 and parameters: {'model_name': 'KNNImputer', 'n_neighbors': 708, 'weights': 'uniform'}. Best is trial 106 with value: 0.35496253559971136.
running
[I 2024-08-20 19:01:52,796] Trial 121 finished with value: 0.361626695829158 and parameters: {'model_name': 'KNNImputer', 'n_neighbors': 702, 'weights': 'uniform'}. Best is trial 106 with value: 0.35496253559971136.
running
[I 2024-08-20 19:01:53,992] Trial 124 finished with value: 0.41238249907805236 and parameters: {'model_name': 'SimpleImputer', 'strategy': 'most_frequent'}. Best is trial 106 with value: 0.35496253559971136.
running
[I 2024-08-20 19:01:55,636] Trial 122 finished with value: 0.3618747296476451 and parameters: {'model_name': 'KNNImputer', 'n_neighbors': 721, 'weights': 'uniform'}. Best is trial 106 with value: 0.35496253559971136.
running
[I 2024-08-20 19:01:56,589] Trial 123 finished with value: 0.3769063010285689 and parameters: {'model_name': 'KNNImputer', 'n_neighbors': 8446, 'weights': 'uniform'}. Best is trial 106 with value: 0.35496253559971136.
running
[I 2024-08-20 19:01:59,372] Trial 126 finished with value: 0.3551803729605342 and parameters: {'model_name': 'KNNImputer', 'n_neighbors': 195, 'weights': 'uniform'}. Best is trial 106 with value: 0.35496253559971136.
running
[I 2024-08-20 19:02:01,129] Trial 127 finished with value: 0.35551235748752863 and parameters: {'model_name': 'KNNImputer', 'n_neighbors': 178, 'weights': 'uniform'}. Best is trial 106 with value: 0.35496253559971136.
running
[I 2024-08-20 19:02:02,049] Trial 128 finished with value: 0.3555374096889642 and parameters: {'model_name': 'KNNImputer', 'n_neighbors': 203, 'weights': 'uniform'}. Best is trial 106 with value: 0.35496253559971136.
running
[I 2024-08-20 19:02:02,869] Trial 83 finished with value: 0.5384260100264477 and parameters: {'model_name': 'IterativeImputer', 'estimator': 'Bayesian', 'initial_strategy': 'most_frequent', 'n_nearest_features': 4, 'imputation_order': 'ascending', 'sample_posterior': True}. Best is trial 106 with value: 0.35496253559971136.
running
[I 2024-08-20 19:02:06,358] Trial 131 finished with value: 0.3558620376874817 and parameters: {'model_name': 'KNNImputer', 'n_neighbors': 89, 'weights': 'uniform'}. Best is trial 106 with value: 0.35496253559971136.
running
[I 2024-08-20 19:02:15,366] Trial 63 finished with value: 0.3618681974372898 and parameters: {'model_name': 'IterativeImputer', 'estimator': 'RFR', 'initial_strategy': 'constant', 'n_nearest_features': 3, 'imputation_order': 'ascending'}. Best is trial 106 with value: 0.35496253559971136.
running
[I 2024-08-20 19:02:34,496] Trial 68 finished with value: 0.3640828746116563 and parameters: {'model_name': 'IterativeImputer', 'estimator': 'RFR', 'initial_strategy': 'constant', 'n_nearest_features': 3, 'imputation_order': 'ascending'}. Best is trial 106 with value: 0.35496253559971136.
running
[I 2024-08-20 19:03:56,778] Trial 129 finished with value: inf and parameters: {'model_name': 'GAIN', 'batch_size': 56, 'hint_rate': 0.6157600292432599, 'alpha': 49, 'iterations': 555, 'learning_rate': 0.000585571111141884, 'p_miss': 0.011406579051188359}. Best is trial 106 with value: 0.35496253559971136.
running
[I 2024-08-20 19:04:00,478] Trial 136 finished with value: 0.3610351767961123 and parameters: {'model_name': 'KNNImputer', 'n_neighbors': 32, 'weights': 'uniform'}. Best is trial 106 with value: 0.35496253559971136.
running
[I 2024-08-20 19:04:04,059] Trial 137 finished with value: 0.3820125372058908 and parameters: {'model_name': 'KNNImputer', 'n_neighbors': 5, 'weights': 'uniform'}. Best is trial 106 with value: 0.35496253559971136.
running
[I 2024-08-20 19:04:08,674] Trial 138 finished with value: 0.36004400972035444 and parameters: {'model_name': 'KNNImputer', 'n_neighbors': 562, 'weights': 'uniform'}. Best is trial 106 with value: 0.35496253559971136.
running
[I 2024-08-20 19:04:13,431] Trial 139 finished with value: 0.35535126664368766 and parameters: {'model_name': 'KNNImputer', 'n_neighbors': 177, 'weights': 'uniform'}. Best is trial 106 with value: 0.35496253559971136.
running
[I 2024-08-20 19:04:17,880] Trial 140 finished with value: 0.36360272429257817 and parameters: {'model_name': 'KNNImputer', 'n_neighbors': 1016, 'weights': 'uniform'}. Best is trial 106 with value: 0.35496253559971136.
running
[I 2024-08-20 19:04:22,330] Trial 141 finished with value: 0.3604654474111627 and parameters: {'model_name': 'KNNImputer', 'n_neighbors': 615, 'weights': 'uniform'}. Best is trial 106 with value: 0.35496253559971136.
running
[I 2024-08-20 19:04:26,409] Trial 142 finished with value: 0.35535126664368766 and parameters: {'model_name': 'KNNImputer', 'n_neighbors': 177, 'weights': 'uniform'}. Best is trial 106 with value: 0.35496253559971136.
running
[I 2024-08-20 19:04:32,177] Trial 143 finished with value: 0.37675454830442 and parameters: {'model_name': 'KNNImputer', 'n_neighbors': 6662, 'weights': 'uniform'}. Best is trial 106 with value: 0.35496253559971136.
running
[I 2024-08-20 19:04:36,270] Trial 144 finished with value: 0.3551076262955195 and parameters: {'model_name': 'KNNImputer', 'n_neighbors': 166, 'weights': 'uniform'}. Best is trial 106 with value: 0.35496253559971136.
running
[I 2024-08-20 19:04:40,662] Trial 145 finished with value: 0.3600284654434259 and parameters: {'model_name': 'KNNImputer', 'n_neighbors': 559, 'weights': 'uniform'}. Best is trial 106 with value: 0.35496253559971136.
running
[I 2024-08-20 19:04:45,032] Trial 146 finished with value: 0.3551991340292204 and parameters: {'model_name': 'KNNImputer', 'n_neighbors': 157, 'weights': 'uniform'}. Best is trial 106 with value: 0.35496253559971136.
running
[I 2024-08-20 19:04:49,026] Trial 147 finished with value: 0.3663310392485067 and parameters: {'model_name': 'KNNImputer', 'n_neighbors': 10, 'weights': 'uniform'}. Best is trial 106 with value: 0.35496253559971136.
running
[I 2024-08-20 19:04:53,242] Trial 148 finished with value: 0.35539699503163674 and parameters: {'model_name': 'KNNImputer', 'n_neighbors': 200, 'weights': 'uniform'}. Best is trial 106 with value: 0.35496253559971136.
running
[I 2024-08-20 19:04:57,193] Trial 149 finished with value: 0.3551991340292204 and parameters: {'model_name': 'KNNImputer', 'n_neighbors': 157, 'weights': 'uniform'}. Best is trial 106 with value: 0.35496253559971136.
running
[I 2024-08-20 19:05:01,557] Trial 150 finished with value: 0.3598036908590584 and parameters: {'model_name': 'KNNImputer', 'n_neighbors': 524, 'weights': 'uniform'}. Best is trial 106 with value: 0.35496253559971136.
running
[I 2024-08-20 19:05:05,736] Trial 151 finished with value: 0.35870246789409543 and parameters: {'model_name': 'KNNImputer', 'n_neighbors': 449, 'weights': 'uniform'}. Best is trial 106 with value: 0.35496253559971136.
running
[I 2024-08-20 19:05:10,462] Trial 152 finished with value: 0.36321171280945613 and parameters: {'model_name': 'KNNImputer', 'n_neighbors': 941, 'weights': 'uniform'}. Best is trial 106 with value: 0.35496253559971136.
running
[I 2024-08-20 19:05:14,729] Trial 153 finished with value: 0.35512626932484426 and parameters: {'model_name': 'KNNImputer', 'n_neighbors': 172, 'weights': 'uniform'}. Best is trial 106 with value: 0.35496253559971136.
running
[I 2024-08-20 19:05:29,538] Trial 154 finished with value: 0.5212882508768965 and parameters: {'model_name': 'GAIN', 'batch_size': 6, 'hint_rate': 0.5313925166737561, 'alpha': 58, 'iterations': 5, 'learning_rate': 0.0004036283869742576, 'p_miss': 0.134075979827324}. Best is trial 106 with value: 0.35496253559971136.
running
[I 2024-08-20 19:05:33,910] Trial 155 finished with value: 0.37111847314344554 and parameters: {'model_name': 'KNNImputer', 'n_neighbors': 138, 'weights': 'distance'}. Best is trial 106 with value: 0.35496253559971136.
running
[I 2024-08-20 19:05:37,773] Trial 156 finished with value: 0.3552901069650487 and parameters: {'model_name': 'KNNImputer', 'n_neighbors': 192, 'weights': 'uniform'}. Best is trial 106 with value: 0.35496253559971136.
running
[I 2024-08-20 19:05:42,219] Trial 157 finished with value: 0.35830871252972074 and parameters: {'model_name': 'KNNImputer', 'n_neighbors': 407, 'weights': 'uniform'}. Best is trial 106 with value: 0.35496253559971136.
running
[I 2024-08-20 19:05:46,363] Trial 158 finished with value: 0.35523187091315017 and parameters: {'model_name': 'KNNImputer', 'n_neighbors': 158, 'weights': 'uniform'}. Best is trial 106 with value: 0.35496253559971136.
running
[I 2024-08-20 19:05:50,480] Trial 159 finished with value: 0.3609170528208694 and parameters: {'model_name': 'KNNImputer', 'n_neighbors': 649, 'weights': 'uniform'}. Best is trial 106 with value: 0.35496253559971136.
running
[I 2024-08-20 19:05:54,874] Trial 160 finished with value: 0.3587185033198901 and parameters: {'model_name': 'KNNImputer', 'n_neighbors': 448, 'weights': 'uniform'}. Best is trial 106 with value: 0.35496253559971136.
running
[I 2024-08-20 19:05:55,577] Trial 161 finished with value: 0.4387233215367522 and parameters: {'model_name': 'SimpleImputer', 'strategy': 'median'}. Best is trial 106 with value: 0.35496253559971136.
running
[I 2024-08-20 19:05:59,536] Trial 162 finished with value: 0.3551631471908262 and parameters: {'model_name': 'KNNImputer', 'n_neighbors': 156, 'weights': 'uniform'}. Best is trial 106 with value: 0.35496253559971136.
running
[I 2024-08-20 19:06:03,800] Trial 163 finished with value: 0.3584289069550155 and parameters: {'model_name': 'KNNImputer', 'n_neighbors': 413, 'weights': 'uniform'}. Best is trial 106 with value: 0.35496253559971136.
running
[I 2024-08-20 19:06:07,955] Trial 164 finished with value: 0.3543248081407822 and parameters: {'model_name': 'KNNImputer', 'n_neighbors': 129, 'weights': 'uniform'}. Best is trial 164 with value: 0.3543248081407822.
running
[I 2024-08-20 19:06:11,605] Trial 165 finished with value: 0.392622423925046 and parameters: {'model_name': 'KNNImputer', 'n_neighbors': 4, 'weights': 'uniform'}. Best is trial 164 with value: 0.3543248081407822.
running
[I 2024-08-20 19:06:15,838] Trial 166 finished with value: 0.35546102457925727 and parameters: {'model_name': 'KNNImputer', 'n_neighbors': 186, 'weights': 'uniform'}. Best is trial 164 with value: 0.3543248081407822.
running
[I 2024-08-20 19:06:20,035] Trial 167 finished with value: 0.35824897960850366 and parameters: {'model_name': 'KNNImputer', 'n_neighbors': 405, 'weights': 'uniform'}. Best is trial 164 with value: 0.3543248081407822.
running
[I 2024-08-20 19:06:24,643] Trial 168 finished with value: 0.3604873691520277 and parameters: {'model_name': 'KNNImputer', 'n_neighbors': 605, 'weights': 'uniform'}. Best is trial 164 with value: 0.3543248081407822.
running
[I 2024-08-20 19:06:28,558] Trial 169 finished with value: 0.3553822020534106 and parameters: {'model_name': 'KNNImputer', 'n_neighbors': 183, 'weights': 'uniform'}. Best is trial 164 with value: 0.3543248081407822.
running
[I 2024-08-20 19:06:33,339] Trial 170 finished with value: 0.36247857369071074 and parameters: {'model_name': 'KNNImputer', 'n_neighbors': 825, 'weights': 'uniform'}. Best is trial 164 with value: 0.3543248081407822.
running
[I 2024-08-20 19:06:37,396] Trial 171 finished with value: 0.3820125372058908 and parameters: {'model_name': 'KNNImputer', 'n_neighbors': 5, 'weights': 'uniform'}. Best is trial 164 with value: 0.3543248081407822.
running
[I 2024-08-20 19:06:42,173] Trial 172 finished with value: 0.3577778145342614 and parameters: {'model_name': 'KNNImputer', 'n_neighbors': 340, 'weights': 'uniform'}. Best is trial 164 with value: 0.3543248081407822.
running
[I 2024-08-20 19:06:45,920] Trial 173 finished with value: 0.354784748940252 and parameters: {'model_name': 'KNNImputer', 'n_neighbors': 145, 'weights': 'uniform'}. Best is trial 164 with value: 0.3543248081407822.
running
[I 2024-08-20 19:06:51,233] Trial 174 finished with value: 0.37394501120361107 and parameters: {'model_name': 'KNNImputer', 'n_neighbors': 4129, 'weights': 'uniform'}. Best is trial 164 with value: 0.3543248081407822.
running
[I 2024-08-20 19:06:56,573] Trial 175 finished with value: 0.3700870784978765 and parameters: {'model_name': 'KNNImputer', 'n_neighbors': 573, 'weights': 'distance'}. Best is trial 164 with value: 0.3543248081407822.
running
[I 2024-08-20 19:07:02,123] Trial 176 finished with value: 0.36991955581603714 and parameters: {'model_name': 'KNNImputer', 'n_neighbors': 2713, 'weights': 'uniform'}. Best is trial 164 with value: 0.3543248081407822.
running
[I 2024-08-20 19:07:06,360] Trial 177 finished with value: 0.3552578326526152 and parameters: {'model_name': 'KNNImputer', 'n_neighbors': 162, 'weights': 'uniform'}. Best is trial 164 with value: 0.3543248081407822.
running
[I 2024-08-20 19:07:10,931] Trial 178 finished with value: 0.3551631471908262 and parameters: {'model_name': 'KNNImputer', 'n_neighbors': 156, 'weights': 'uniform'}. Best is trial 164 with value: 0.3543248081407822.
running
[I 2024-08-20 19:07:15,063] Trial 179 finished with value: 0.35781048019972883 and parameters: {'model_name': 'KNNImputer', 'n_neighbors': 354, 'weights': 'uniform'}. Best is trial 164 with value: 0.3543248081407822.
running
[I 2024-08-20 19:07:19,241] Trial 180 finished with value: 0.35476828781477704 and parameters: {'model_name': 'KNNImputer', 'n_neighbors': 144, 'weights': 'uniform'}. Best is trial 164 with value: 0.3543248081407822.
running
[I 2024-08-20 19:07:23,839] Trial 181 finished with value: 0.35808239913731266 and parameters: {'model_name': 'KNNImputer', 'n_neighbors': 386, 'weights': 'uniform'}. Best is trial 164 with value: 0.3543248081407822.
running
[I 2024-08-20 19:07:28,109] Trial 182 finished with value: 0.361626695829158 and parameters: {'model_name': 'KNNImputer', 'n_neighbors': 702, 'weights': 'uniform'}. Best is trial 164 with value: 0.3543248081407822.
running
[I 2024-08-20 19:07:32,367] Trial 183 finished with value: 0.35453707317809025 and parameters: {'model_name': 'KNNImputer', 'n_neighbors': 135, 'weights': 'uniform'}. Best is trial 164 with value: 0.3543248081407822.
running
[I 2024-08-20 19:07:36,764] Trial 184 finished with value: 0.3610351767961123 and parameters: {'model_name': 'KNNImputer', 'n_neighbors': 32, 'weights': 'uniform'}. Best is trial 164 with value: 0.3543248081407822.
running
[I 2024-08-20 19:07:37,405] Trial 185 finished with value: 0.41238249907805236 and parameters: {'model_name': 'SimpleImputer', 'strategy': 'constant'}. Best is trial 164 with value: 0.3543248081407822.
running
[I 2024-08-20 19:07:42,063] Trial 186 finished with value: 0.3577745096273989 and parameters: {'model_name': 'KNNImputer', 'n_neighbors': 337, 'weights': 'uniform'}. Best is trial 164 with value: 0.3543248081407822.
running
[I 2024-08-20 19:07:46,003] Trial 187 finished with value: 0.354784748940252 and parameters: {'model_name': 'KNNImputer', 'n_neighbors': 145, 'weights': 'uniform'}. Best is trial 164 with value: 0.3543248081407822.
running
[I 2024-08-20 19:07:50,246] Trial 188 finished with value: 0.3595383775202537 and parameters: {'model_name': 'KNNImputer', 'n_neighbors': 509, 'weights': 'uniform'}. Best is trial 164 with value: 0.3543248081407822.
running
[I 2024-08-20 19:07:53,346] Trial 189 finished with value: 0.4981877620102139 and parameters: {'model_name': 'KNNImputer', 'n_neighbors': 1, 'weights': 'uniform'}. Best is trial 164 with value: 0.3543248081407822.
running
[I 2024-08-20 19:07:57,726] Trial 190 finished with value: 0.3553822020534106 and parameters: {'model_name': 'KNNImputer', 'n_neighbors': 183, 'weights': 'uniform'}. Best is trial 164 with value: 0.3543248081407822.
running
[I 2024-08-20 19:08:04,045] Trial 191 finished with value: 0.5243442678155558 and parameters: {'model_name': 'GAIN', 'batch_size': 760, 'hint_rate': 0.2109892525382549, 'alpha': 42, 'iterations': 1, 'learning_rate': 0.00260070443285628, 'p_miss': 0.2285402974686828}. Best is trial 164 with value: 0.3543248081407822.
running
[I 2024-08-20 19:08:08,202] Trial 192 finished with value: 0.3578136134681321 and parameters: {'model_name': 'KNNImputer', 'n_neighbors': 364, 'weights': 'uniform'}. Best is trial 164 with value: 0.3543248081407822.
running
[I 2024-08-20 19:08:12,675] Trial 193 finished with value: 0.3602241887400647 and parameters: {'model_name': 'KNNImputer', 'n_neighbors': 589, 'weights': 'uniform'}. Best is trial 164 with value: 0.3543248081407822.
running
[I 2024-08-20 19:08:16,385] Trial 194 finished with value: 0.35477770925055674 and parameters: {'model_name': 'KNNImputer', 'n_neighbors': 142, 'weights': 'uniform'}. Best is trial 164 with value: 0.3543248081407822.
running
[I 2024-08-20 19:09:14,836] Trial 195 finished with value: 0.5351569266200051 and parameters: {'model_name': 'IterativeImputer', 'estimator': 'Bayesian', 'initial_strategy': 'most_frequent', 'n_nearest_features': 5, 'imputation_order': 'roman', 'sample_posterior': True}. Best is trial 164 with value: 0.3543248081407822.
running
[I 2024-08-20 19:09:19,177] Trial 196 finished with value: 0.3551631471908262 and parameters: {'model_name': 'KNNImputer', 'n_neighbors': 156, 'weights': 'uniform'}. Best is trial 164 with value: 0.3543248081407822.
running
[I 2024-08-20 19:09:23,654] Trial 197 finished with value: 0.35728290478676816 and parameters: {'model_name': 'KNNImputer', 'n_neighbors': 300, 'weights': 'uniform'}. Best is trial 164 with value: 0.3543248081407822.
running
[I 2024-08-20 19:09:26,926] Trial 198 finished with value: 0.36546712764469225 and parameters: {'model_name': 'KNNImputer', 'n_neighbors': 11, 'weights': 'uniform'}. Best is trial 164 with value: 0.3543248081407822.
running
[I 2024-08-20 19:09:31,089] Trial 199 finished with value: 0.35700674536475097 and parameters: {'model_name': 'KNNImputer', 'n_neighbors': 226, 'weights': 'uniform'}. Best is trial 164 with value: 0.3543248081407822.
[I 2024-08-20 19:12:41,617] Trial 70 finished with value: 0.37218666065628836 and parameters: {'model_name': 'IterativeImputer', 'estimator': 'RFR', 'initial_strategy': 'constant', 'n_nearest_features': 3, 'imputation_order': 'descending'}. Best is trial 164 with value: 0.3543248081407822.
[I 2024-08-20 19:13:35,837] Trial 133 finished with value: 0.5131139277010952 and parameters: {'model_name': 'GAIN', 'batch_size': 49, 'hint_rate': 0.5603888354569704, 'alpha': 53, 'iterations': 442, 'learning_rate': 0.0005491108482973967, 'p_miss': 0.13656042539889005}. Best is trial 164 with value: 0.3543248081407822.
[I 2024-08-20 19:14:06,567] Trial 71 finished with value: 0.37369389804011377 and parameters: {'model_name': 'IterativeImputer', 'estimator': 'RFR', 'initial_strategy': 'constant', 'n_nearest_features': 3, 'imputation_order': 'descending'}. Best is trial 164 with value: 0.3543248081407822.
[I 2024-08-20 19:14:15,756] Trial 7 finished with value: 0.5495619476753912 and parameters: {'model_name': 'GAIN', 'batch_size': 326, 'hint_rate': 0.11276532246635555, 'alpha': 60, 'iterations': 3160, 'learning_rate': 0.003155816021694732, 'p_miss': 0.2541458294646915}. Best is trial 164 with value: 0.3543248081407822.
[I 2024-08-20 19:14:17,625] Trial 72 finished with value: 0.37535294925022317 and parameters: {'model_name': 'IterativeImputer', 'estimator': 'RFR', 'initial_strategy': 'constant', 'n_nearest_features': 3, 'imputation_order': 'descending'}. Best is trial 164 with value: 0.3543248081407822.
[I 2024-08-20 19:14:32,321] Trial 12 finished with value: 0.3446692867215878 and parameters: {'model_name': 'IterativeImputer', 'estimator': 'RFR', 'initial_strategy': 'median', 'n_nearest_features': 4, 'imputation_order': 'roman'}. Best is trial 12 with value: 0.3446692867215878.
[I 2024-08-20 19:15:52,888] Trial 134 finished with value: 0.5177834128658625 and parameters: {'model_name': 'GAIN', 'batch_size': 829, 'hint_rate': 0.5907932956138207, 'alpha': 52, 'iterations': 435, 'learning_rate': 0.0005925360799828324, 'p_miss': 0.127153676056952}. Best is trial 12 with value: 0.3446692867215878.
[I 2024-08-20 19:16:28,825] Trial 132 finished with value: 0.5102576655829553 and parameters: {'model_name': 'GAIN', 'batch_size': 66, 'hint_rate': 0.5984307258413063, 'alpha': 52, 'iterations': 566, 'learning_rate': 0.0005822110357907784, 'p_miss': 0.1254238583061874}. Best is trial 12 with value: 0.3446692867215878.
[I 2024-08-20 19:17:23,043] Trial 125 finished with value: 0.5157624322725256 and parameters: {'model_name': 'GAIN', 'batch_size': 55, 'hint_rate': 0.601035198304229, 'alpha': 52, 'iterations': 674, 'learning_rate': 0.0008819135044403298, 'p_miss': 0.11505074080770988}. Best is trial 12 with value: 0.3446692867215878.
[I 2024-08-20 19:17:26,385] Trial 130 finished with value: 0.5364127435073065 and parameters: {'model_name': 'GAIN', 'batch_size': 908, 'hint_rate': 0.6031110255218243, 'alpha': 51, 'iterations': 543, 'learning_rate': 0.0005169535689901343, 'p_miss': 0.12891015465422223}. Best is trial 12 with value: 0.3446692867215878.
[I 2024-08-20 19:17:43,418] Trial 27 finished with value: 0.5328045560482864 and parameters: {'model_name': 'GAIN', 'batch_size': 431, 'hint_rate': 0.9359667722695424, 'alpha': 62, 'iterations': 3335, 'learning_rate': 0.0002510791187052817, 'p_miss': 0.10018541376903992}. Best is trial 12 with value: 0.3446692867215878.
[I 2024-08-20 19:17:48,180] Trial 135 finished with value: 0.5152251549199761 and parameters: {'model_name': 'GAIN', 'batch_size': 59, 'hint_rate': 0.6012818831572906, 'alpha': 50, 'iterations': 887, 'learning_rate': 0.0005552501304296909, 'p_miss': 0.13279630595330918}. Best is trial 12 with value: 0.3446692867215878.
[I 2024-08-20 19:19:13,706] Trial 30 finished with value: 0.5717108237521307 and parameters: {'model_name': 'GAIN', 'batch_size': 220, 'hint_rate': 0.31805275825420365, 'alpha': 27, 'iterations': 5865, 'learning_rate': 0.0022527516171198247, 'p_miss': 0.2312094192585136}. Best is trial 12 with value: 0.3446692867215878.
[I 2024-08-20 19:23:05,796] Trial 25 finished with value: 0.34906368318136133 and parameters: {'model_name': 'IterativeImputer', 'estimator': 'RFR', 'initial_strategy': 'median', 'n_nearest_features': 6, 'imputation_order': 'random'}. Best is trial 12 with value: 0.3446692867215878.
[I 2024-08-20 19:38:19,432] Trial 75 finished with value: 0.35980570750704316 and parameters: {'model_name': 'IterativeImputer', 'estimator': 'RFR', 'initial_strategy': 'constant', 'n_nearest_features': 3, 'imputation_order': 'ascending'}. Best is trial 12 with value: 0.3446692867215878.
fit
auto fit
auto transform
0    0
1    0
2    0
3    0
4    0
5    0
dtype: int64
0    0
1    0
2    0
3    0
4    0
5    0
dtype: int64
0.3446692867215878
{'model_name': 'IterativeImputer', 'estimator': 'RFR', 'initial_strategy': 'median', 'n_nearest_features': 4, 'imputation_order': 'roman'}
running experiment 2/3 - Does reconstruction give good automl predictions
Start est fit
  0%|          | 0/25 [00:00<?, ?it/s]Generation:   0%|          | 0/25 [00:00<?, ?it/s]WARNING THIS INDIVIDUAL CAUSED AND EXCEPTION 
 <tpot2.search_spaces.pipelines.sequential.SequentialPipelineIndividual object at 0x155475eea8c0> 
 The 'criterion' parameter of RandomForestRegressor must be a str among {'friedman_mse', 'poisson', 'absolute_error', 'squared_error'}. Got 'mse' instead. 
 Traceback (most recent call last):
  File "/common/ketrong/tpotexp/tpot2/tpot2/utils/eval_utils.py", line 53, in objective_nan_wrapper
    value = func_timeout.func_timeout(timeout, objective_function, args=[individual], kwargs=objective_kwargs)
  File "/common/ketrong/tpotexp/env/lib/python3.10/site-packages/func_timeout/dafunc.py", line 108, in func_timeout
    raise_exception(exception)
  File "/common/ketrong/tpotexp/env/lib/python3.10/site-packages/func_timeout/py3_raise.py", line 7, in raise_exception
    raise exception[0] from None
  File "/common/ketrong/tpotexp/tpot2/tpot2/tpot_estimator/estimator.py", line 623, in objective_function
    return objective_function_generator(
  File "/common/ketrong/tpotexp/tpot2/tpot2/tpot_estimator/estimator_utils.py", line 55, in objective_function_generator
    cv_obj_scores = cross_val_score_objective(sklearn.base.clone(pipeline),x,y,scorers=scorers, cv=cv , fold=step)
  File "/common/ketrong/tpotexp/tpot2/tpot2/tpot_estimator/cross_val_utils.py", line 28, in cross_val_score_objective
    this_fold_pipeline.fit(X_train,y_train)
  File "/common/ketrong/tpotexp/env/lib/python3.10/site-packages/sklearn/base.py", line 1473, in wrapper
    return fit_method(estimator, *args, **kwargs)
  File "/common/ketrong/tpotexp/env/lib/python3.10/site-packages/sklearn/pipeline.py", line 473, in fit
    self._final_estimator.fit(Xt, y, **last_step_params["fit"])
  File "/common/ketrong/tpotexp/env/lib/python3.10/site-packages/sklearn/base.py", line 1466, in wrapper
    estimator._validate_params()
  File "/common/ketrong/tpotexp/env/lib/python3.10/site-packages/sklearn/base.py", line 666, in _validate_params
    validate_parameter_constraints(
  File "/common/ketrong/tpotexp/env/lib/python3.10/site-packages/sklearn/utils/_param_validation.py", line 95, in validate_parameter_constraints
    raise InvalidParameterError(
sklearn.utils._param_validation.InvalidParameterError: The 'criterion' parameter of RandomForestRegressor must be a str among {'friedman_mse', 'poisson', 'absolute_error', 'squared_error'}. Got 'mse' instead.

WARNING THIS INDIVIDUAL CAUSED AND EXCEPTION 
 <tpot2.search_spaces.pipelines.sequential.SequentialPipelineIndividual object at 0x155475eea950> 
 The 'criterion' parameter of RandomForestRegressor must be a str among {'friedman_mse', 'poisson', 'absolute_error', 'squared_error'}. Got 'mse' instead. 
 Traceback (most recent call last):
  File "/common/ketrong/tpotexp/tpot2/tpot2/utils/eval_utils.py", line 53, in objective_nan_wrapper
    value = func_timeout.func_timeout(timeout, objective_function, args=[individual], kwargs=objective_kwargs)
  File "/common/ketrong/tpotexp/env/lib/python3.10/site-packages/func_timeout/dafunc.py", line 108, in func_timeout
    raise_exception(exception)
  File "/common/ketrong/tpotexp/env/lib/python3.10/site-packages/func_timeout/py3_raise.py", line 7, in raise_exception
    raise exception[0] from None
  File "/common/ketrong/tpotexp/tpot2/tpot2/tpot_estimator/estimator.py", line 623, in objective_function
    return objective_function_generator(
  File "/common/ketrong/tpotexp/tpot2/tpot2/tpot_estimator/estimator_utils.py", line 55, in objective_function_generator
    cv_obj_scores = cross_val_score_objective(sklearn.base.clone(pipeline),x,y,scorers=scorers, cv=cv , fold=step)
  File "/common/ketrong/tpotexp/tpot2/tpot2/tpot_estimator/cross_val_utils.py", line 28, in cross_val_score_objective
    this_fold_pipeline.fit(X_train,y_train)
  File "/common/ketrong/tpotexp/env/lib/python3.10/site-packages/sklearn/base.py", line 1473, in wrapper
    return fit_method(estimator, *args, **kwargs)
  File "/common/ketrong/tpotexp/env/lib/python3.10/site-packages/sklearn/pipeline.py", line 473, in fit
    self._final_estimator.fit(Xt, y, **last_step_params["fit"])
  File "/common/ketrong/tpotexp/env/lib/python3.10/site-packages/sklearn/base.py", line 1466, in wrapper
    estimator._validate_params()
  File "/common/ketrong/tpotexp/env/lib/python3.10/site-packages/sklearn/base.py", line 666, in _validate_params
    validate_parameter_constraints(
  File "/common/ketrong/tpotexp/env/lib/python3.10/site-packages/sklearn/utils/_param_validation.py", line 95, in validate_parameter_constraints
    raise InvalidParameterError(
sklearn.utils._param_validation.InvalidParameterError: The 'criterion' parameter of RandomForestRegressor must be a str among {'friedman_mse', 'poisson', 'absolute_error', 'squared_error'}. Got 'mse' instead.

WARNING THIS INDIVIDUAL CAUSED AND EXCEPTION 
 <tpot2.search_spaces.pipelines.sequential.SequentialPipelineIndividual object at 0x155475eea500> 
 The 'criterion' parameter of RandomForestRegressor must be a str among {'friedman_mse', 'poisson', 'absolute_error', 'squared_error'}. Got 'mae' instead. 
 Traceback (most recent call last):
  File "/common/ketrong/tpotexp/tpot2/tpot2/utils/eval_utils.py", line 53, in objective_nan_wrapper
    value = func_timeout.func_timeout(timeout, objective_function, args=[individual], kwargs=objective_kwargs)
  File "/common/ketrong/tpotexp/env/lib/python3.10/site-packages/func_timeout/dafunc.py", line 108, in func_timeout
    raise_exception(exception)
  File "/common/ketrong/tpotexp/env/lib/python3.10/site-packages/func_timeout/py3_raise.py", line 7, in raise_exception
    raise exception[0] from None
  File "/common/ketrong/tpotexp/tpot2/tpot2/tpot_estimator/estimator.py", line 623, in objective_function
    return objective_function_generator(
  File "/common/ketrong/tpotexp/tpot2/tpot2/tpot_estimator/estimator_utils.py", line 55, in objective_function_generator
    cv_obj_scores = cross_val_score_objective(sklearn.base.clone(pipeline),x,y,scorers=scorers, cv=cv , fold=step)
  File "/common/ketrong/tpotexp/tpot2/tpot2/tpot_estimator/cross_val_utils.py", line 28, in cross_val_score_objective
    this_fold_pipeline.fit(X_train,y_train)
  File "/common/ketrong/tpotexp/env/lib/python3.10/site-packages/sklearn/base.py", line 1473, in wrapper
    return fit_method(estimator, *args, **kwargs)
  File "/common/ketrong/tpotexp/env/lib/python3.10/site-packages/sklearn/pipeline.py", line 473, in fit
    self._final_estimator.fit(Xt, y, **last_step_params["fit"])
  File "/common/ketrong/tpotexp/env/lib/python3.10/site-packages/sklearn/base.py", line 1466, in wrapper
    estimator._validate_params()
  File "/common/ketrong/tpotexp/env/lib/python3.10/site-packages/sklearn/base.py", line 666, in _validate_params
    validate_parameter_constraints(
  File "/common/ketrong/tpotexp/env/lib/python3.10/site-packages/sklearn/utils/_param_validation.py", line 95, in validate_parameter_constraints
    raise InvalidParameterError(
sklearn.utils._param_validation.InvalidParameterError: The 'criterion' parameter of RandomForestRegressor must be a str among {'friedman_mse', 'poisson', 'absolute_error', 'squared_error'}. Got 'mae' instead.

Generation:  1
Best root_mean_squared_error score: -0.0014807185860080674
Generation:   4%|         | 1/25 [00:22<08:49, 22.05s/it]Generation:  2
Best root_mean_squared_error score: -0.0014807185860080674
Generation:   8%|         | 2/25 [01:02<12:32, 32.74s/it]WARNING THIS INDIVIDUAL CAUSED AND EXCEPTION 
 <tpot2.search_spaces.pipelines.sequential.SequentialPipelineIndividual object at 0x15547574f400> 
 The 'criterion' parameter of ExtraTreesRegressor must be a str among {'friedman_mse', 'poisson', 'absolute_error', 'squared_error'}. Got 'mae' instead. 
 Traceback (most recent call last):
  File "/common/ketrong/tpotexp/tpot2/tpot2/utils/eval_utils.py", line 53, in objective_nan_wrapper
    value = func_timeout.func_timeout(timeout, objective_function, args=[individual], kwargs=objective_kwargs)
  File "/common/ketrong/tpotexp/env/lib/python3.10/site-packages/func_timeout/dafunc.py", line 108, in func_timeout
    raise_exception(exception)
  File "/common/ketrong/tpotexp/env/lib/python3.10/site-packages/func_timeout/py3_raise.py", line 7, in raise_exception
    raise exception[0] from None
  File "/common/ketrong/tpotexp/tpot2/tpot2/tpot_estimator/estimator.py", line 623, in objective_function
    return objective_function_generator(
  File "/common/ketrong/tpotexp/tpot2/tpot2/tpot_estimator/estimator_utils.py", line 55, in objective_function_generator
    cv_obj_scores = cross_val_score_objective(sklearn.base.clone(pipeline),x,y,scorers=scorers, cv=cv , fold=step)
  File "/common/ketrong/tpotexp/tpot2/tpot2/tpot_estimator/cross_val_utils.py", line 28, in cross_val_score_objective
    this_fold_pipeline.fit(X_train,y_train)
  File "/common/ketrong/tpotexp/env/lib/python3.10/site-packages/sklearn/base.py", line 1473, in wrapper
    return fit_method(estimator, *args, **kwargs)
  File "/common/ketrong/tpotexp/env/lib/python3.10/site-packages/sklearn/pipeline.py", line 473, in fit
    self._final_estimator.fit(Xt, y, **last_step_params["fit"])
  File "/common/ketrong/tpotexp/env/lib/python3.10/site-packages/sklearn/base.py", line 1466, in wrapper
    estimator._validate_params()
  File "/common/ketrong/tpotexp/env/lib/python3.10/site-packages/sklearn/base.py", line 666, in _validate_params
    validate_parameter_constraints(
  File "/common/ketrong/tpotexp/env/lib/python3.10/site-packages/sklearn/utils/_param_validation.py", line 95, in validate_parameter_constraints
    raise InvalidParameterError(
sklearn.utils._param_validation.InvalidParameterError: The 'criterion' parameter of ExtraTreesRegressor must be a str among {'friedman_mse', 'poisson', 'absolute_error', 'squared_error'}. Got 'mae' instead.

Generation:  3
Best root_mean_squared_error score: -0.0014807185860080674
Generation:  12%|        | 3/25 [01:20<09:38, 26.31s/it]WARNING THIS INDIVIDUAL CAUSED AND EXCEPTION 
 <tpot2.search_spaces.pipelines.sequential.SequentialPipelineIndividual object at 0x155475761f60> 
 The 'criterion' parameter of ExtraTreesRegressor must be a str among {'friedman_mse', 'poisson', 'absolute_error', 'squared_error'}. Got 'mae' instead. 
 Traceback (most recent call last):
  File "/common/ketrong/tpotexp/tpot2/tpot2/utils/eval_utils.py", line 53, in objective_nan_wrapper
    value = func_timeout.func_timeout(timeout, objective_function, args=[individual], kwargs=objective_kwargs)
  File "/common/ketrong/tpotexp/env/lib/python3.10/site-packages/func_timeout/dafunc.py", line 108, in func_timeout
    raise_exception(exception)
  File "/common/ketrong/tpotexp/env/lib/python3.10/site-packages/func_timeout/py3_raise.py", line 7, in raise_exception
    raise exception[0] from None
  File "/common/ketrong/tpotexp/tpot2/tpot2/tpot_estimator/estimator.py", line 623, in objective_function
    return objective_function_generator(
  File "/common/ketrong/tpotexp/tpot2/tpot2/tpot_estimator/estimator_utils.py", line 55, in objective_function_generator
    cv_obj_scores = cross_val_score_objective(sklearn.base.clone(pipeline),x,y,scorers=scorers, cv=cv , fold=step)
  File "/common/ketrong/tpotexp/tpot2/tpot2/tpot_estimator/cross_val_utils.py", line 28, in cross_val_score_objective
    this_fold_pipeline.fit(X_train,y_train)
  File "/common/ketrong/tpotexp/env/lib/python3.10/site-packages/sklearn/base.py", line 1473, in wrapper
    return fit_method(estimator, *args, **kwargs)
  File "/common/ketrong/tpotexp/env/lib/python3.10/site-packages/sklearn/pipeline.py", line 473, in fit
    self._final_estimator.fit(Xt, y, **last_step_params["fit"])
  File "/common/ketrong/tpotexp/env/lib/python3.10/site-packages/sklearn/base.py", line 1466, in wrapper
    estimator._validate_params()
  File "/common/ketrong/tpotexp/env/lib/python3.10/site-packages/sklearn/base.py", line 666, in _validate_params
    validate_parameter_constraints(
  File "/common/ketrong/tpotexp/env/lib/python3.10/site-packages/sklearn/utils/_param_validation.py", line 95, in validate_parameter_constraints
    raise InvalidParameterError(
sklearn.utils._param_validation.InvalidParameterError: The 'criterion' parameter of ExtraTreesRegressor must be a str among {'friedman_mse', 'poisson', 'absolute_error', 'squared_error'}. Got 'mae' instead.

Generation:  4
Best root_mean_squared_error score: -0.0014807185860080674
Generation:  16%|        | 4/25 [01:40<08:16, 23.62s/it]WARNING THIS INDIVIDUAL CAUSED AND EXCEPTION 
 <tpot2.search_spaces.pipelines.sequential.SequentialPipelineIndividual object at 0x155475eeb8e0> 
 The 'criterion' parameter of ExtraTreesRegressor must be a str among {'friedman_mse', 'poisson', 'absolute_error', 'squared_error'}. Got 'mae' instead. 
 Traceback (most recent call last):
  File "/common/ketrong/tpotexp/tpot2/tpot2/utils/eval_utils.py", line 53, in objective_nan_wrapper
    value = func_timeout.func_timeout(timeout, objective_function, args=[individual], kwargs=objective_kwargs)
  File "/common/ketrong/tpotexp/env/lib/python3.10/site-packages/func_timeout/dafunc.py", line 108, in func_timeout
    raise_exception(exception)
  File "/common/ketrong/tpotexp/env/lib/python3.10/site-packages/func_timeout/py3_raise.py", line 7, in raise_exception
    raise exception[0] from None
  File "/common/ketrong/tpotexp/tpot2/tpot2/tpot_estimator/estimator.py", line 623, in objective_function
    return objective_function_generator(
  File "/common/ketrong/tpotexp/tpot2/tpot2/tpot_estimator/estimator_utils.py", line 55, in objective_function_generator
    cv_obj_scores = cross_val_score_objective(sklearn.base.clone(pipeline),x,y,scorers=scorers, cv=cv , fold=step)
  File "/common/ketrong/tpotexp/tpot2/tpot2/tpot_estimator/cross_val_utils.py", line 28, in cross_val_score_objective
    this_fold_pipeline.fit(X_train,y_train)
  File "/common/ketrong/tpotexp/env/lib/python3.10/site-packages/sklearn/base.py", line 1473, in wrapper
    return fit_method(estimator, *args, **kwargs)
  File "/common/ketrong/tpotexp/env/lib/python3.10/site-packages/sklearn/pipeline.py", line 473, in fit
    self._final_estimator.fit(Xt, y, **last_step_params["fit"])
  File "/common/ketrong/tpotexp/env/lib/python3.10/site-packages/sklearn/base.py", line 1466, in wrapper
    estimator._validate_params()
  File "/common/ketrong/tpotexp/env/lib/python3.10/site-packages/sklearn/base.py", line 666, in _validate_params
    validate_parameter_constraints(
  File "/common/ketrong/tpotexp/env/lib/python3.10/site-packages/sklearn/utils/_param_validation.py", line 95, in validate_parameter_constraints
    raise InvalidParameterError(
sklearn.utils._param_validation.InvalidParameterError: The 'criterion' parameter of ExtraTreesRegressor must be a str among {'friedman_mse', 'poisson', 'absolute_error', 'squared_error'}. Got 'mae' instead.

Generation:  5
Best root_mean_squared_error score: -0.0014807185860080674
Generation:  20%|        | 5/25 [01:47<05:54, 17.73s/it]WARNING THIS INDIVIDUAL CAUSED AND EXCEPTION 
 <tpot2.search_spaces.pipelines.sequential.SequentialPipelineIndividual object at 0x155475eeaaa0> 
 The 'criterion' parameter of ExtraTreesRegressor must be a str among {'friedman_mse', 'poisson', 'absolute_error', 'squared_error'}. Got 'mae' instead. 
 Traceback (most recent call last):
  File "/common/ketrong/tpotexp/tpot2/tpot2/utils/eval_utils.py", line 53, in objective_nan_wrapper
    value = func_timeout.func_timeout(timeout, objective_function, args=[individual], kwargs=objective_kwargs)
  File "/common/ketrong/tpotexp/env/lib/python3.10/site-packages/func_timeout/dafunc.py", line 108, in func_timeout
    raise_exception(exception)
  File "/common/ketrong/tpotexp/env/lib/python3.10/site-packages/func_timeout/py3_raise.py", line 7, in raise_exception
    raise exception[0] from None
  File "/common/ketrong/tpotexp/tpot2/tpot2/tpot_estimator/estimator.py", line 623, in objective_function
    return objective_function_generator(
  File "/common/ketrong/tpotexp/tpot2/tpot2/tpot_estimator/estimator_utils.py", line 55, in objective_function_generator
    cv_obj_scores = cross_val_score_objective(sklearn.base.clone(pipeline),x,y,scorers=scorers, cv=cv , fold=step)
  File "/common/ketrong/tpotexp/tpot2/tpot2/tpot_estimator/cross_val_utils.py", line 28, in cross_val_score_objective
    this_fold_pipeline.fit(X_train,y_train)
  File "/common/ketrong/tpotexp/env/lib/python3.10/site-packages/sklearn/base.py", line 1473, in wrapper
    return fit_method(estimator, *args, **kwargs)
  File "/common/ketrong/tpotexp/env/lib/python3.10/site-packages/sklearn/pipeline.py", line 473, in fit
    self._final_estimator.fit(Xt, y, **last_step_params["fit"])
  File "/common/ketrong/tpotexp/env/lib/python3.10/site-packages/sklearn/base.py", line 1466, in wrapper
    estimator._validate_params()
  File "/common/ketrong/tpotexp/env/lib/python3.10/site-packages/sklearn/base.py", line 666, in _validate_params
    validate_parameter_constraints(
  File "/common/ketrong/tpotexp/env/lib/python3.10/site-packages/sklearn/utils/_param_validation.py", line 95, in validate_parameter_constraints
    raise InvalidParameterError(
sklearn.utils._param_validation.InvalidParameterError: The 'criterion' parameter of ExtraTreesRegressor must be a str among {'friedman_mse', 'poisson', 'absolute_error', 'squared_error'}. Got 'mae' instead.

Generation:  6
Best root_mean_squared_error score: -0.0014762997632818515
Generation:  24%|       | 6/25 [01:59<04:57, 15.68s/it]WARNING THIS INDIVIDUAL CAUSED AND EXCEPTION 
 <tpot2.search_spaces.pipelines.sequential.SequentialPipelineIndividual object at 0x15547574f520> 
 The 'criterion' parameter of RandomForestRegressor must be a str among {'friedman_mse', 'poisson', 'absolute_error', 'squared_error'}. Got 'mse' instead. 
 Traceback (most recent call last):
  File "/common/ketrong/tpotexp/tpot2/tpot2/utils/eval_utils.py", line 53, in objective_nan_wrapper
    value = func_timeout.func_timeout(timeout, objective_function, args=[individual], kwargs=objective_kwargs)
  File "/common/ketrong/tpotexp/env/lib/python3.10/site-packages/func_timeout/dafunc.py", line 108, in func_timeout
    raise_exception(exception)
  File "/common/ketrong/tpotexp/env/lib/python3.10/site-packages/func_timeout/py3_raise.py", line 7, in raise_exception
    raise exception[0] from None
  File "/common/ketrong/tpotexp/tpot2/tpot2/tpot_estimator/estimator.py", line 623, in objective_function
    return objective_function_generator(
  File "/common/ketrong/tpotexp/tpot2/tpot2/tpot_estimator/estimator_utils.py", line 55, in objective_function_generator
    cv_obj_scores = cross_val_score_objective(sklearn.base.clone(pipeline),x,y,scorers=scorers, cv=cv , fold=step)
  File "/common/ketrong/tpotexp/tpot2/tpot2/tpot_estimator/cross_val_utils.py", line 28, in cross_val_score_objective
    this_fold_pipeline.fit(X_train,y_train)
  File "/common/ketrong/tpotexp/env/lib/python3.10/site-packages/sklearn/base.py", line 1473, in wrapper
    return fit_method(estimator, *args, **kwargs)
  File "/common/ketrong/tpotexp/env/lib/python3.10/site-packages/sklearn/pipeline.py", line 473, in fit
    self._final_estimator.fit(Xt, y, **last_step_params["fit"])
  File "/common/ketrong/tpotexp/env/lib/python3.10/site-packages/sklearn/base.py", line 1466, in wrapper
    estimator._validate_params()
  File "/common/ketrong/tpotexp/env/lib/python3.10/site-packages/sklearn/base.py", line 666, in _validate_params
    validate_parameter_constraints(
  File "/common/ketrong/tpotexp/env/lib/python3.10/site-packages/sklearn/utils/_param_validation.py", line 95, in validate_parameter_constraints
    raise InvalidParameterError(
sklearn.utils._param_validation.InvalidParameterError: The 'criterion' parameter of RandomForestRegressor must be a str among {'friedman_mse', 'poisson', 'absolute_error', 'squared_error'}. Got 'mse' instead.

WARNING THIS INDIVIDUAL CAUSED AND EXCEPTION 
 <tpot2.search_spaces.pipelines.sequential.SequentialPipelineIndividual object at 0x155474f532b0> 
 The 'criterion' parameter of ExtraTreesRegressor must be a str among {'friedman_mse', 'poisson', 'absolute_error', 'squared_error'}. Got 'mae' instead. 
 Traceback (most recent call last):
  File "/common/ketrong/tpotexp/tpot2/tpot2/utils/eval_utils.py", line 53, in objective_nan_wrapper
    value = func_timeout.func_timeout(timeout, objective_function, args=[individual], kwargs=objective_kwargs)
  File "/common/ketrong/tpotexp/env/lib/python3.10/site-packages/func_timeout/dafunc.py", line 108, in func_timeout
    raise_exception(exception)
  File "/common/ketrong/tpotexp/env/lib/python3.10/site-packages/func_timeout/py3_raise.py", line 7, in raise_exception
    raise exception[0] from None
  File "/common/ketrong/tpotexp/tpot2/tpot2/tpot_estimator/estimator.py", line 623, in objective_function
    return objective_function_generator(
  File "/common/ketrong/tpotexp/tpot2/tpot2/tpot_estimator/estimator_utils.py", line 55, in objective_function_generator
    cv_obj_scores = cross_val_score_objective(sklearn.base.clone(pipeline),x,y,scorers=scorers, cv=cv , fold=step)
  File "/common/ketrong/tpotexp/tpot2/tpot2/tpot_estimator/cross_val_utils.py", line 28, in cross_val_score_objective
    this_fold_pipeline.fit(X_train,y_train)
  File "/common/ketrong/tpotexp/env/lib/python3.10/site-packages/sklearn/base.py", line 1473, in wrapper
    return fit_method(estimator, *args, **kwargs)
  File "/common/ketrong/tpotexp/env/lib/python3.10/site-packages/sklearn/pipeline.py", line 473, in fit
    self._final_estimator.fit(Xt, y, **last_step_params["fit"])
  File "/common/ketrong/tpotexp/env/lib/python3.10/site-packages/sklearn/base.py", line 1466, in wrapper
    estimator._validate_params()
  File "/common/ketrong/tpotexp/env/lib/python3.10/site-packages/sklearn/base.py", line 666, in _validate_params
    validate_parameter_constraints(
  File "/common/ketrong/tpotexp/env/lib/python3.10/site-packages/sklearn/utils/_param_validation.py", line 95, in validate_parameter_constraints
    raise InvalidParameterError(
sklearn.utils._param_validation.InvalidParameterError: The 'criterion' parameter of ExtraTreesRegressor must be a str among {'friedman_mse', 'poisson', 'absolute_error', 'squared_error'}. Got 'mae' instead.

Generation:  7
Best root_mean_squared_error score: -0.0014762997632818515
Generation:  28%|       | 7/25 [02:24<05:35, 18.62s/it]WARNING THIS INDIVIDUAL CAUSED AND EXCEPTION 
 <tpot2.search_spaces.pipelines.sequential.SequentialPipelineIndividual object at 0x1554751ab0a0> 
 The 'criterion' parameter of ExtraTreesRegressor must be a str among {'friedman_mse', 'poisson', 'absolute_error', 'squared_error'}. Got 'mae' instead. 
 Traceback (most recent call last):
  File "/common/ketrong/tpotexp/tpot2/tpot2/utils/eval_utils.py", line 53, in objective_nan_wrapper
    value = func_timeout.func_timeout(timeout, objective_function, args=[individual], kwargs=objective_kwargs)
  File "/common/ketrong/tpotexp/env/lib/python3.10/site-packages/func_timeout/dafunc.py", line 108, in func_timeout
    raise_exception(exception)
  File "/common/ketrong/tpotexp/env/lib/python3.10/site-packages/func_timeout/py3_raise.py", line 7, in raise_exception
    raise exception[0] from None
  File "/common/ketrong/tpotexp/tpot2/tpot2/tpot_estimator/estimator.py", line 623, in objective_function
    return objective_function_generator(
  File "/common/ketrong/tpotexp/tpot2/tpot2/tpot_estimator/estimator_utils.py", line 55, in objective_function_generator
    cv_obj_scores = cross_val_score_objective(sklearn.base.clone(pipeline),x,y,scorers=scorers, cv=cv , fold=step)
  File "/common/ketrong/tpotexp/tpot2/tpot2/tpot_estimator/cross_val_utils.py", line 28, in cross_val_score_objective
    this_fold_pipeline.fit(X_train,y_train)
  File "/common/ketrong/tpotexp/env/lib/python3.10/site-packages/sklearn/base.py", line 1473, in wrapper
    return fit_method(estimator, *args, **kwargs)
  File "/common/ketrong/tpotexp/env/lib/python3.10/site-packages/sklearn/pipeline.py", line 473, in fit
    self._final_estimator.fit(Xt, y, **last_step_params["fit"])
  File "/common/ketrong/tpotexp/env/lib/python3.10/site-packages/sklearn/base.py", line 1466, in wrapper
    estimator._validate_params()
  File "/common/ketrong/tpotexp/env/lib/python3.10/site-packages/sklearn/base.py", line 666, in _validate_params
    validate_parameter_constraints(
  File "/common/ketrong/tpotexp/env/lib/python3.10/site-packages/sklearn/utils/_param_validation.py", line 95, in validate_parameter_constraints
    raise InvalidParameterError(
sklearn.utils._param_validation.InvalidParameterError: The 'criterion' parameter of ExtraTreesRegressor must be a str among {'friedman_mse', 'poisson', 'absolute_error', 'squared_error'}. Got 'mae' instead.

WARNING THIS INDIVIDUAL CAUSED AND EXCEPTION 
 <tpot2.search_spaces.pipelines.sequential.SequentialPipelineIndividual object at 0x155474d1c5e0> 
 The 'criterion' parameter of ExtraTreesRegressor must be a str among {'friedman_mse', 'poisson', 'absolute_error', 'squared_error'}. Got 'mae' instead. 
 Traceback (most recent call last):
  File "/common/ketrong/tpotexp/tpot2/tpot2/utils/eval_utils.py", line 53, in objective_nan_wrapper
    value = func_timeout.func_timeout(timeout, objective_function, args=[individual], kwargs=objective_kwargs)
  File "/common/ketrong/tpotexp/env/lib/python3.10/site-packages/func_timeout/dafunc.py", line 108, in func_timeout
    raise_exception(exception)
  File "/common/ketrong/tpotexp/env/lib/python3.10/site-packages/func_timeout/py3_raise.py", line 7, in raise_exception
    raise exception[0] from None
  File "/common/ketrong/tpotexp/tpot2/tpot2/tpot_estimator/estimator.py", line 623, in objective_function
    return objective_function_generator(
  File "/common/ketrong/tpotexp/tpot2/tpot2/tpot_estimator/estimator_utils.py", line 55, in objective_function_generator
    cv_obj_scores = cross_val_score_objective(sklearn.base.clone(pipeline),x,y,scorers=scorers, cv=cv , fold=step)
  File "/common/ketrong/tpotexp/tpot2/tpot2/tpot_estimator/cross_val_utils.py", line 28, in cross_val_score_objective
    this_fold_pipeline.fit(X_train,y_train)
  File "/common/ketrong/tpotexp/env/lib/python3.10/site-packages/sklearn/base.py", line 1473, in wrapper
    return fit_method(estimator, *args, **kwargs)
  File "/common/ketrong/tpotexp/env/lib/python3.10/site-packages/sklearn/pipeline.py", line 473, in fit
    self._final_estimator.fit(Xt, y, **last_step_params["fit"])
  File "/common/ketrong/tpotexp/env/lib/python3.10/site-packages/sklearn/base.py", line 1466, in wrapper
    estimator._validate_params()
  File "/common/ketrong/tpotexp/env/lib/python3.10/site-packages/sklearn/base.py", line 666, in _validate_params
    validate_parameter_constraints(
  File "/common/ketrong/tpotexp/env/lib/python3.10/site-packages/sklearn/utils/_param_validation.py", line 95, in validate_parameter_constraints
    raise InvalidParameterError(
sklearn.utils._param_validation.InvalidParameterError: The 'criterion' parameter of ExtraTreesRegressor must be a str among {'friedman_mse', 'poisson', 'absolute_error', 'squared_error'}. Got 'mae' instead.

Generation:  8
Best root_mean_squared_error score: -0.0014762997632818515
Generation:  32%|      | 8/25 [02:32<04:19, 15.26s/it]Generation:  9
Best root_mean_squared_error score: -0.0014762997632818515
Generation:  36%|      | 9/25 [03:15<06:24, 24.02s/it]WARNING THIS INDIVIDUAL CAUSED AND EXCEPTION 
 <tpot2.search_spaces.pipelines.sequential.SequentialPipelineIndividual object at 0x155475175240> 
 The 'criterion' parameter of DecisionTreeRegressor must be a str among {'friedman_mse', 'poisson', 'absolute_error', 'squared_error'}. Got 'mae' instead. 
 Traceback (most recent call last):
  File "/common/ketrong/tpotexp/tpot2/tpot2/utils/eval_utils.py", line 53, in objective_nan_wrapper
    value = func_timeout.func_timeout(timeout, objective_function, args=[individual], kwargs=objective_kwargs)
  File "/common/ketrong/tpotexp/env/lib/python3.10/site-packages/func_timeout/dafunc.py", line 108, in func_timeout
    raise_exception(exception)
  File "/common/ketrong/tpotexp/env/lib/python3.10/site-packages/func_timeout/py3_raise.py", line 7, in raise_exception
    raise exception[0] from None
  File "/common/ketrong/tpotexp/tpot2/tpot2/tpot_estimator/estimator.py", line 623, in objective_function
    return objective_function_generator(
  File "/common/ketrong/tpotexp/tpot2/tpot2/tpot_estimator/estimator_utils.py", line 55, in objective_function_generator
    cv_obj_scores = cross_val_score_objective(sklearn.base.clone(pipeline),x,y,scorers=scorers, cv=cv , fold=step)
  File "/common/ketrong/tpotexp/tpot2/tpot2/tpot_estimator/cross_val_utils.py", line 28, in cross_val_score_objective
    this_fold_pipeline.fit(X_train,y_train)
  File "/common/ketrong/tpotexp/env/lib/python3.10/site-packages/sklearn/base.py", line 1473, in wrapper
    return fit_method(estimator, *args, **kwargs)
  File "/common/ketrong/tpotexp/env/lib/python3.10/site-packages/sklearn/pipeline.py", line 473, in fit
    self._final_estimator.fit(Xt, y, **last_step_params["fit"])
  File "/common/ketrong/tpotexp/env/lib/python3.10/site-packages/sklearn/base.py", line 1466, in wrapper
    estimator._validate_params()
  File "/common/ketrong/tpotexp/env/lib/python3.10/site-packages/sklearn/base.py", line 666, in _validate_params
    validate_parameter_constraints(
  File "/common/ketrong/tpotexp/env/lib/python3.10/site-packages/sklearn/utils/_param_validation.py", line 95, in validate_parameter_constraints
    raise InvalidParameterError(
sklearn.utils._param_validation.InvalidParameterError: The 'criterion' parameter of DecisionTreeRegressor must be a str among {'friedman_mse', 'poisson', 'absolute_error', 'squared_error'}. Got 'mae' instead.

WARNING THIS INDIVIDUAL CAUSED AND EXCEPTION 
 <tpot2.search_spaces.pipelines.sequential.SequentialPipelineIndividual object at 0x155475781a20> 
 The 'criterion' parameter of RandomForestRegressor must be a str among {'friedman_mse', 'poisson', 'absolute_error', 'squared_error'}. Got 'mse' instead. 
 Traceback (most recent call last):
  File "/common/ketrong/tpotexp/tpot2/tpot2/utils/eval_utils.py", line 53, in objective_nan_wrapper
    value = func_timeout.func_timeout(timeout, objective_function, args=[individual], kwargs=objective_kwargs)
  File "/common/ketrong/tpotexp/env/lib/python3.10/site-packages/func_timeout/dafunc.py", line 108, in func_timeout
    raise_exception(exception)
  File "/common/ketrong/tpotexp/env/lib/python3.10/site-packages/func_timeout/py3_raise.py", line 7, in raise_exception
    raise exception[0] from None
  File "/common/ketrong/tpotexp/tpot2/tpot2/tpot_estimator/estimator.py", line 623, in objective_function
    return objective_function_generator(
  File "/common/ketrong/tpotexp/tpot2/tpot2/tpot_estimator/estimator_utils.py", line 55, in objective_function_generator
    cv_obj_scores = cross_val_score_objective(sklearn.base.clone(pipeline),x,y,scorers=scorers, cv=cv , fold=step)
  File "/common/ketrong/tpotexp/tpot2/tpot2/tpot_estimator/cross_val_utils.py", line 28, in cross_val_score_objective
    this_fold_pipeline.fit(X_train,y_train)
  File "/common/ketrong/tpotexp/env/lib/python3.10/site-packages/sklearn/base.py", line 1473, in wrapper
    return fit_method(estimator, *args, **kwargs)
  File "/common/ketrong/tpotexp/env/lib/python3.10/site-packages/sklearn/pipeline.py", line 473, in fit
    self._final_estimator.fit(Xt, y, **last_step_params["fit"])
  File "/common/ketrong/tpotexp/env/lib/python3.10/site-packages/sklearn/base.py", line 1466, in wrapper
    estimator._validate_params()
  File "/common/ketrong/tpotexp/env/lib/python3.10/site-packages/sklearn/base.py", line 666, in _validate_params
    validate_parameter_constraints(
  File "/common/ketrong/tpotexp/env/lib/python3.10/site-packages/sklearn/utils/_param_validation.py", line 95, in validate_parameter_constraints
    raise InvalidParameterError(
sklearn.utils._param_validation.InvalidParameterError: The 'criterion' parameter of RandomForestRegressor must be a str among {'friedman_mse', 'poisson', 'absolute_error', 'squared_error'}. Got 'mse' instead.

WARNING THIS INDIVIDUAL CAUSED AND EXCEPTION 
 <tpot2.search_spaces.pipelines.sequential.SequentialPipelineIndividual object at 0x155474ebc250> 
 The 'criterion' parameter of DecisionTreeRegressor must be a str among {'friedman_mse', 'poisson', 'absolute_error', 'squared_error'}. Got 'mae' instead. 
 Traceback (most recent call last):
  File "/common/ketrong/tpotexp/tpot2/tpot2/utils/eval_utils.py", line 53, in objective_nan_wrapper
    value = func_timeout.func_timeout(timeout, objective_function, args=[individual], kwargs=objective_kwargs)
  File "/common/ketrong/tpotexp/env/lib/python3.10/site-packages/func_timeout/dafunc.py", line 108, in func_timeout
    raise_exception(exception)
  File "/common/ketrong/tpotexp/env/lib/python3.10/site-packages/func_timeout/py3_raise.py", line 7, in raise_exception
    raise exception[0] from None
  File "/common/ketrong/tpotexp/tpot2/tpot2/tpot_estimator/estimator.py", line 623, in objective_function
    return objective_function_generator(
  File "/common/ketrong/tpotexp/tpot2/tpot2/tpot_estimator/estimator_utils.py", line 55, in objective_function_generator
    cv_obj_scores = cross_val_score_objective(sklearn.base.clone(pipeline),x,y,scorers=scorers, cv=cv , fold=step)
  File "/common/ketrong/tpotexp/tpot2/tpot2/tpot_estimator/cross_val_utils.py", line 28, in cross_val_score_objective
    this_fold_pipeline.fit(X_train,y_train)
  File "/common/ketrong/tpotexp/env/lib/python3.10/site-packages/sklearn/base.py", line 1473, in wrapper
    return fit_method(estimator, *args, **kwargs)
  File "/common/ketrong/tpotexp/env/lib/python3.10/site-packages/sklearn/pipeline.py", line 473, in fit
    self._final_estimator.fit(Xt, y, **last_step_params["fit"])
  File "/common/ketrong/tpotexp/env/lib/python3.10/site-packages/sklearn/base.py", line 1466, in wrapper
    estimator._validate_params()
  File "/common/ketrong/tpotexp/env/lib/python3.10/site-packages/sklearn/base.py", line 666, in _validate_params
    validate_parameter_constraints(
  File "/common/ketrong/tpotexp/env/lib/python3.10/site-packages/sklearn/utils/_param_validation.py", line 95, in validate_parameter_constraints
    raise InvalidParameterError(
sklearn.utils._param_validation.InvalidParameterError: The 'criterion' parameter of DecisionTreeRegressor must be a str among {'friedman_mse', 'poisson', 'absolute_error', 'squared_error'}. Got 'mae' instead.

WARNING THIS INDIVIDUAL CAUSED AND EXCEPTION 
 <tpot2.search_spaces.pipelines.sequential.SequentialPipelineIndividual object at 0x155474d92d70> 
 The 'criterion' parameter of ExtraTreesRegressor must be a str among {'friedman_mse', 'poisson', 'absolute_error', 'squared_error'}. Got 'mae' instead. 
 Traceback (most recent call last):
  File "/common/ketrong/tpotexp/tpot2/tpot2/utils/eval_utils.py", line 53, in objective_nan_wrapper
    value = func_timeout.func_timeout(timeout, objective_function, args=[individual], kwargs=objective_kwargs)
  File "/common/ketrong/tpotexp/env/lib/python3.10/site-packages/func_timeout/dafunc.py", line 108, in func_timeout
    raise_exception(exception)
  File "/common/ketrong/tpotexp/env/lib/python3.10/site-packages/func_timeout/py3_raise.py", line 7, in raise_exception
    raise exception[0] from None
  File "/common/ketrong/tpotexp/tpot2/tpot2/tpot_estimator/estimator.py", line 623, in objective_function
    return objective_function_generator(
  File "/common/ketrong/tpotexp/tpot2/tpot2/tpot_estimator/estimator_utils.py", line 55, in objective_function_generator
    cv_obj_scores = cross_val_score_objective(sklearn.base.clone(pipeline),x,y,scorers=scorers, cv=cv , fold=step)
  File "/common/ketrong/tpotexp/tpot2/tpot2/tpot_estimator/cross_val_utils.py", line 28, in cross_val_score_objective
    this_fold_pipeline.fit(X_train,y_train)
  File "/common/ketrong/tpotexp/env/lib/python3.10/site-packages/sklearn/base.py", line 1473, in wrapper
    return fit_method(estimator, *args, **kwargs)
  File "/common/ketrong/tpotexp/env/lib/python3.10/site-packages/sklearn/pipeline.py", line 473, in fit
    self._final_estimator.fit(Xt, y, **last_step_params["fit"])
  File "/common/ketrong/tpotexp/env/lib/python3.10/site-packages/sklearn/base.py", line 1466, in wrapper
    estimator._validate_params()
  File "/common/ketrong/tpotexp/env/lib/python3.10/site-packages/sklearn/base.py", line 666, in _validate_params
    validate_parameter_constraints(
  File "/common/ketrong/tpotexp/env/lib/python3.10/site-packages/sklearn/utils/_param_validation.py", line 95, in validate_parameter_constraints
    raise InvalidParameterError(
sklearn.utils._param_validation.InvalidParameterError: The 'criterion' parameter of ExtraTreesRegressor must be a str among {'friedman_mse', 'poisson', 'absolute_error', 'squared_error'}. Got 'mae' instead.

Generation:  10
Best root_mean_squared_error score: -0.0014762997632818515
Generation:  40%|      | 10/25 [10:35<38:08, 152.55s/it]WARNING THIS INDIVIDUAL CAUSED AND EXCEPTION 
 <tpot2.search_spaces.pipelines.sequential.SequentialPipelineIndividual object at 0x155475771120> 
 The 'criterion' parameter of ExtraTreesRegressor must be a str among {'friedman_mse', 'poisson', 'absolute_error', 'squared_error'}. Got 'mae' instead. 
 Traceback (most recent call last):
  File "/common/ketrong/tpotexp/tpot2/tpot2/utils/eval_utils.py", line 53, in objective_nan_wrapper
    value = func_timeout.func_timeout(timeout, objective_function, args=[individual], kwargs=objective_kwargs)
  File "/common/ketrong/tpotexp/env/lib/python3.10/site-packages/func_timeout/dafunc.py", line 108, in func_timeout
    raise_exception(exception)
  File "/common/ketrong/tpotexp/env/lib/python3.10/site-packages/func_timeout/py3_raise.py", line 7, in raise_exception
    raise exception[0] from None
  File "/common/ketrong/tpotexp/tpot2/tpot2/tpot_estimator/estimator.py", line 623, in objective_function
    return objective_function_generator(
  File "/common/ketrong/tpotexp/tpot2/tpot2/tpot_estimator/estimator_utils.py", line 55, in objective_function_generator
    cv_obj_scores = cross_val_score_objective(sklearn.base.clone(pipeline),x,y,scorers=scorers, cv=cv , fold=step)
  File "/common/ketrong/tpotexp/tpot2/tpot2/tpot_estimator/cross_val_utils.py", line 28, in cross_val_score_objective
    this_fold_pipeline.fit(X_train,y_train)
  File "/common/ketrong/tpotexp/env/lib/python3.10/site-packages/sklearn/base.py", line 1473, in wrapper
    return fit_method(estimator, *args, **kwargs)
  File "/common/ketrong/tpotexp/env/lib/python3.10/site-packages/sklearn/pipeline.py", line 473, in fit
    self._final_estimator.fit(Xt, y, **last_step_params["fit"])
  File "/common/ketrong/tpotexp/env/lib/python3.10/site-packages/sklearn/base.py", line 1466, in wrapper
    estimator._validate_params()
  File "/common/ketrong/tpotexp/env/lib/python3.10/site-packages/sklearn/base.py", line 666, in _validate_params
    validate_parameter_constraints(
  File "/common/ketrong/tpotexp/env/lib/python3.10/site-packages/sklearn/utils/_param_validation.py", line 95, in validate_parameter_constraints
    raise InvalidParameterError(
sklearn.utils._param_validation.InvalidParameterError: The 'criterion' parameter of ExtraTreesRegressor must be a str among {'friedman_mse', 'poisson', 'absolute_error', 'squared_error'}. Got 'mae' instead.

WARNING THIS INDIVIDUAL CAUSED AND EXCEPTION 
 <tpot2.search_spaces.pipelines.sequential.SequentialPipelineIndividual object at 0x155474fd40a0> 
 The 'criterion' parameter of RandomForestRegressor must be a str among {'friedman_mse', 'poisson', 'absolute_error', 'squared_error'}. Got 'mse' instead. 
 Traceback (most recent call last):
  File "/common/ketrong/tpotexp/tpot2/tpot2/utils/eval_utils.py", line 53, in objective_nan_wrapper
    value = func_timeout.func_timeout(timeout, objective_function, args=[individual], kwargs=objective_kwargs)
  File "/common/ketrong/tpotexp/env/lib/python3.10/site-packages/func_timeout/dafunc.py", line 108, in func_timeout
    raise_exception(exception)
  File "/common/ketrong/tpotexp/env/lib/python3.10/site-packages/func_timeout/py3_raise.py", line 7, in raise_exception
    raise exception[0] from None
  File "/common/ketrong/tpotexp/tpot2/tpot2/tpot_estimator/estimator.py", line 623, in objective_function
    return objective_function_generator(
  File "/common/ketrong/tpotexp/tpot2/tpot2/tpot_estimator/estimator_utils.py", line 55, in objective_function_generator
    cv_obj_scores = cross_val_score_objective(sklearn.base.clone(pipeline),x,y,scorers=scorers, cv=cv , fold=step)
  File "/common/ketrong/tpotexp/tpot2/tpot2/tpot_estimator/cross_val_utils.py", line 28, in cross_val_score_objective
    this_fold_pipeline.fit(X_train,y_train)
  File "/common/ketrong/tpotexp/env/lib/python3.10/site-packages/sklearn/base.py", line 1473, in wrapper
    return fit_method(estimator, *args, **kwargs)
  File "/common/ketrong/tpotexp/env/lib/python3.10/site-packages/sklearn/pipeline.py", line 473, in fit
    self._final_estimator.fit(Xt, y, **last_step_params["fit"])
  File "/common/ketrong/tpotexp/env/lib/python3.10/site-packages/sklearn/base.py", line 1466, in wrapper
    estimator._validate_params()
  File "/common/ketrong/tpotexp/env/lib/python3.10/site-packages/sklearn/base.py", line 666, in _validate_params
    validate_parameter_constraints(
  File "/common/ketrong/tpotexp/env/lib/python3.10/site-packages/sklearn/utils/_param_validation.py", line 95, in validate_parameter_constraints
    raise InvalidParameterError(
sklearn.utils._param_validation.InvalidParameterError: The 'criterion' parameter of RandomForestRegressor must be a str among {'friedman_mse', 'poisson', 'absolute_error', 'squared_error'}. Got 'mse' instead.

WARNING THIS INDIVIDUAL CAUSED AND EXCEPTION 
 <tpot2.search_spaces.pipelines.sequential.SequentialPipelineIndividual object at 0x155474e8a710> 
 The 'criterion' parameter of ExtraTreesRegressor must be a str among {'friedman_mse', 'poisson', 'absolute_error', 'squared_error'}. Got 'mae' instead. 
 Traceback (most recent call last):
  File "/common/ketrong/tpotexp/tpot2/tpot2/utils/eval_utils.py", line 53, in objective_nan_wrapper
    value = func_timeout.func_timeout(timeout, objective_function, args=[individual], kwargs=objective_kwargs)
  File "/common/ketrong/tpotexp/env/lib/python3.10/site-packages/func_timeout/dafunc.py", line 108, in func_timeout
    raise_exception(exception)
  File "/common/ketrong/tpotexp/env/lib/python3.10/site-packages/func_timeout/py3_raise.py", line 7, in raise_exception
    raise exception[0] from None
  File "/common/ketrong/tpotexp/tpot2/tpot2/tpot_estimator/estimator.py", line 623, in objective_function
    return objective_function_generator(
  File "/common/ketrong/tpotexp/tpot2/tpot2/tpot_estimator/estimator_utils.py", line 55, in objective_function_generator
    cv_obj_scores = cross_val_score_objective(sklearn.base.clone(pipeline),x,y,scorers=scorers, cv=cv , fold=step)
  File "/common/ketrong/tpotexp/tpot2/tpot2/tpot_estimator/cross_val_utils.py", line 28, in cross_val_score_objective
    this_fold_pipeline.fit(X_train,y_train)
  File "/common/ketrong/tpotexp/env/lib/python3.10/site-packages/sklearn/base.py", line 1473, in wrapper
    return fit_method(estimator, *args, **kwargs)
  File "/common/ketrong/tpotexp/env/lib/python3.10/site-packages/sklearn/pipeline.py", line 473, in fit
    self._final_estimator.fit(Xt, y, **last_step_params["fit"])
  File "/common/ketrong/tpotexp/env/lib/python3.10/site-packages/sklearn/base.py", line 1466, in wrapper
    estimator._validate_params()
  File "/common/ketrong/tpotexp/env/lib/python3.10/site-packages/sklearn/base.py", line 666, in _validate_params
    validate_parameter_constraints(
  File "/common/ketrong/tpotexp/env/lib/python3.10/site-packages/sklearn/utils/_param_validation.py", line 95, in validate_parameter_constraints
    raise InvalidParameterError(
sklearn.utils._param_validation.InvalidParameterError: The 'criterion' parameter of ExtraTreesRegressor must be a str among {'friedman_mse', 'poisson', 'absolute_error', 'squared_error'}. Got 'mae' instead.

Generation:  11
Best root_mean_squared_error score: -0.0014762997632818515
Generation:  44%|     | 11/25 [10:42<25:09, 107.80s/it]WARNING THIS INDIVIDUAL CAUSED AND EXCEPTION 
 <tpot2.search_spaces.pipelines.sequential.SequentialPipelineIndividual object at 0x155475eeb100> 
 The 'criterion' parameter of RandomForestRegressor must be a str among {'friedman_mse', 'poisson', 'absolute_error', 'squared_error'}. Got 'mse' instead. 
 Traceback (most recent call last):
  File "/common/ketrong/tpotexp/tpot2/tpot2/utils/eval_utils.py", line 53, in objective_nan_wrapper
    value = func_timeout.func_timeout(timeout, objective_function, args=[individual], kwargs=objective_kwargs)
  File "/common/ketrong/tpotexp/env/lib/python3.10/site-packages/func_timeout/dafunc.py", line 108, in func_timeout
    raise_exception(exception)
  File "/common/ketrong/tpotexp/env/lib/python3.10/site-packages/func_timeout/py3_raise.py", line 7, in raise_exception
    raise exception[0] from None
  File "/common/ketrong/tpotexp/tpot2/tpot2/tpot_estimator/estimator.py", line 623, in objective_function
    return objective_function_generator(
  File "/common/ketrong/tpotexp/tpot2/tpot2/tpot_estimator/estimator_utils.py", line 55, in objective_function_generator
    cv_obj_scores = cross_val_score_objective(sklearn.base.clone(pipeline),x,y,scorers=scorers, cv=cv , fold=step)
  File "/common/ketrong/tpotexp/tpot2/tpot2/tpot_estimator/cross_val_utils.py", line 28, in cross_val_score_objective
    this_fold_pipeline.fit(X_train,y_train)
  File "/common/ketrong/tpotexp/env/lib/python3.10/site-packages/sklearn/base.py", line 1473, in wrapper
    return fit_method(estimator, *args, **kwargs)
  File "/common/ketrong/tpotexp/env/lib/python3.10/site-packages/sklearn/pipeline.py", line 473, in fit
    self._final_estimator.fit(Xt, y, **last_step_params["fit"])
  File "/common/ketrong/tpotexp/env/lib/python3.10/site-packages/sklearn/base.py", line 1466, in wrapper
    estimator._validate_params()
  File "/common/ketrong/tpotexp/env/lib/python3.10/site-packages/sklearn/base.py", line 666, in _validate_params
    validate_parameter_constraints(
  File "/common/ketrong/tpotexp/env/lib/python3.10/site-packages/sklearn/utils/_param_validation.py", line 95, in validate_parameter_constraints
    raise InvalidParameterError(
sklearn.utils._param_validation.InvalidParameterError: The 'criterion' parameter of RandomForestRegressor must be a str among {'friedman_mse', 'poisson', 'absolute_error', 'squared_error'}. Got 'mse' instead.

Generation:  12
Best root_mean_squared_error score: -0.0014762997632818515
Generation:  48%|     | 12/25 [10:50<16:49, 77.69s/it] Generation:  13
Best root_mean_squared_error score: -0.0014762997632818515
Generation:  52%|    | 13/25 [10:59<11:19, 56.61s/it]Generation:  14
Best root_mean_squared_error score: -0.0014762997632818515
Generation:  56%|    | 14/25 [11:37<09:23, 51.23s/it]WARNING THIS INDIVIDUAL CAUSED AND EXCEPTION 
 <tpot2.search_spaces.pipelines.sequential.SequentialPipelineIndividual object at 0x155474d95540> 
 The 'criterion' parameter of ExtraTreesRegressor must be a str among {'friedman_mse', 'poisson', 'absolute_error', 'squared_error'}. Got 'mae' instead. 
 Traceback (most recent call last):
  File "/common/ketrong/tpotexp/tpot2/tpot2/utils/eval_utils.py", line 53, in objective_nan_wrapper
    value = func_timeout.func_timeout(timeout, objective_function, args=[individual], kwargs=objective_kwargs)
  File "/common/ketrong/tpotexp/env/lib/python3.10/site-packages/func_timeout/dafunc.py", line 108, in func_timeout
    raise_exception(exception)
  File "/common/ketrong/tpotexp/env/lib/python3.10/site-packages/func_timeout/py3_raise.py", line 7, in raise_exception
    raise exception[0] from None
  File "/common/ketrong/tpotexp/tpot2/tpot2/tpot_estimator/estimator.py", line 623, in objective_function
    return objective_function_generator(
  File "/common/ketrong/tpotexp/tpot2/tpot2/tpot_estimator/estimator_utils.py", line 55, in objective_function_generator
    cv_obj_scores = cross_val_score_objective(sklearn.base.clone(pipeline),x,y,scorers=scorers, cv=cv , fold=step)
  File "/common/ketrong/tpotexp/tpot2/tpot2/tpot_estimator/cross_val_utils.py", line 28, in cross_val_score_objective
    this_fold_pipeline.fit(X_train,y_train)
  File "/common/ketrong/tpotexp/env/lib/python3.10/site-packages/sklearn/base.py", line 1473, in wrapper
    return fit_method(estimator, *args, **kwargs)
  File "/common/ketrong/tpotexp/env/lib/python3.10/site-packages/sklearn/pipeline.py", line 473, in fit
    self._final_estimator.fit(Xt, y, **last_step_params["fit"])
  File "/common/ketrong/tpotexp/env/lib/python3.10/site-packages/sklearn/base.py", line 1466, in wrapper
    estimator._validate_params()
  File "/common/ketrong/tpotexp/env/lib/python3.10/site-packages/sklearn/base.py", line 666, in _validate_params
    validate_parameter_constraints(
  File "/common/ketrong/tpotexp/env/lib/python3.10/site-packages/sklearn/utils/_param_validation.py", line 95, in validate_parameter_constraints
    raise InvalidParameterError(
sklearn.utils._param_validation.InvalidParameterError: The 'criterion' parameter of ExtraTreesRegressor must be a str among {'friedman_mse', 'poisson', 'absolute_error', 'squared_error'}. Got 'mae' instead.

Generation:  15
Best root_mean_squared_error score: -0.0014762997632818515
Generation:  60%|    | 15/25 [16:05<19:25, 116.56s/it]Generation:  16
Best root_mean_squared_error score: -0.0014762997632818515
Generation:  64%|   | 16/25 [16:45<14:01, 93.45s/it] WARNING THIS INDIVIDUAL CAUSED AND EXCEPTION 
 <tpot2.search_spaces.pipelines.sequential.SequentialPipelineIndividual object at 0x155474aa73d0> 
 The 'criterion' parameter of RandomForestRegressor must be a str among {'friedman_mse', 'poisson', 'absolute_error', 'squared_error'}. Got 'mae' instead. 
 Traceback (most recent call last):
  File "/common/ketrong/tpotexp/tpot2/tpot2/utils/eval_utils.py", line 53, in objective_nan_wrapper
    value = func_timeout.func_timeout(timeout, objective_function, args=[individual], kwargs=objective_kwargs)
  File "/common/ketrong/tpotexp/env/lib/python3.10/site-packages/func_timeout/dafunc.py", line 108, in func_timeout
    raise_exception(exception)
  File "/common/ketrong/tpotexp/env/lib/python3.10/site-packages/func_timeout/py3_raise.py", line 7, in raise_exception
    raise exception[0] from None
  File "/common/ketrong/tpotexp/tpot2/tpot2/tpot_estimator/estimator.py", line 623, in objective_function
    return objective_function_generator(
  File "/common/ketrong/tpotexp/tpot2/tpot2/tpot_estimator/estimator_utils.py", line 55, in objective_function_generator
    cv_obj_scores = cross_val_score_objective(sklearn.base.clone(pipeline),x,y,scorers=scorers, cv=cv , fold=step)
  File "/common/ketrong/tpotexp/tpot2/tpot2/tpot_estimator/cross_val_utils.py", line 28, in cross_val_score_objective
    this_fold_pipeline.fit(X_train,y_train)
  File "/common/ketrong/tpotexp/env/lib/python3.10/site-packages/sklearn/base.py", line 1473, in wrapper
    return fit_method(estimator, *args, **kwargs)
  File "/common/ketrong/tpotexp/env/lib/python3.10/site-packages/sklearn/pipeline.py", line 473, in fit
    self._final_estimator.fit(Xt, y, **last_step_params["fit"])
  File "/common/ketrong/tpotexp/env/lib/python3.10/site-packages/sklearn/base.py", line 1466, in wrapper
    estimator._validate_params()
  File "/common/ketrong/tpotexp/env/lib/python3.10/site-packages/sklearn/base.py", line 666, in _validate_params
    validate_parameter_constraints(
  File "/common/ketrong/tpotexp/env/lib/python3.10/site-packages/sklearn/utils/_param_validation.py", line 95, in validate_parameter_constraints
    raise InvalidParameterError(
sklearn.utils._param_validation.InvalidParameterError: The 'criterion' parameter of RandomForestRegressor must be a str among {'friedman_mse', 'poisson', 'absolute_error', 'squared_error'}. Got 'mae' instead.

Generation:  17
Best root_mean_squared_error score: -0.0014762997632818515
Generation:  68%|   | 17/25 [17:35<10:42, 80.26s/it]Generation:  18
Best root_mean_squared_error score: -0.0014762997632818515
Generation:  72%|  | 18/25 [17:53<07:12, 61.74s/it]Generation:  19
Best root_mean_squared_error score: -0.0014762997632818515
Generation:  76%|  | 19/25 [18:28<05:20, 53.50s/it]WARNING THIS INDIVIDUAL CAUSED AND EXCEPTION 
 <tpot2.search_spaces.pipelines.sequential.SequentialPipelineIndividual object at 0x1554754ab8e0> 
 The 'criterion' parameter of RandomForestRegressor must be a str among {'friedman_mse', 'poisson', 'absolute_error', 'squared_error'}. Got 'mae' instead. 
 Traceback (most recent call last):
  File "/common/ketrong/tpotexp/tpot2/tpot2/utils/eval_utils.py", line 53, in objective_nan_wrapper
    value = func_timeout.func_timeout(timeout, objective_function, args=[individual], kwargs=objective_kwargs)
  File "/common/ketrong/tpotexp/env/lib/python3.10/site-packages/func_timeout/dafunc.py", line 108, in func_timeout
    raise_exception(exception)
  File "/common/ketrong/tpotexp/env/lib/python3.10/site-packages/func_timeout/py3_raise.py", line 7, in raise_exception
    raise exception[0] from None
  File "/common/ketrong/tpotexp/tpot2/tpot2/tpot_estimator/estimator.py", line 623, in objective_function
    return objective_function_generator(
  File "/common/ketrong/tpotexp/tpot2/tpot2/tpot_estimator/estimator_utils.py", line 55, in objective_function_generator
    cv_obj_scores = cross_val_score_objective(sklearn.base.clone(pipeline),x,y,scorers=scorers, cv=cv , fold=step)
  File "/common/ketrong/tpotexp/tpot2/tpot2/tpot_estimator/cross_val_utils.py", line 28, in cross_val_score_objective
    this_fold_pipeline.fit(X_train,y_train)
  File "/common/ketrong/tpotexp/env/lib/python3.10/site-packages/sklearn/base.py", line 1473, in wrapper
    return fit_method(estimator, *args, **kwargs)
  File "/common/ketrong/tpotexp/env/lib/python3.10/site-packages/sklearn/pipeline.py", line 473, in fit
    self._final_estimator.fit(Xt, y, **last_step_params["fit"])
  File "/common/ketrong/tpotexp/env/lib/python3.10/site-packages/sklearn/base.py", line 1466, in wrapper
    estimator._validate_params()
  File "/common/ketrong/tpotexp/env/lib/python3.10/site-packages/sklearn/base.py", line 666, in _validate_params
    validate_parameter_constraints(
  File "/common/ketrong/tpotexp/env/lib/python3.10/site-packages/sklearn/utils/_param_validation.py", line 95, in validate_parameter_constraints
    raise InvalidParameterError(
sklearn.utils._param_validation.InvalidParameterError: The 'criterion' parameter of RandomForestRegressor must be a str among {'friedman_mse', 'poisson', 'absolute_error', 'squared_error'}. Got 'mae' instead.

WARNING THIS INDIVIDUAL CAUSED AND EXCEPTION 
 <tpot2.search_spaces.pipelines.sequential.SequentialPipelineIndividual object at 0x1554757a1000> 
 The 'criterion' parameter of ExtraTreesRegressor must be a str among {'friedman_mse', 'poisson', 'absolute_error', 'squared_error'}. Got 'mae' instead. 
 Traceback (most recent call last):
  File "/common/ketrong/tpotexp/tpot2/tpot2/utils/eval_utils.py", line 53, in objective_nan_wrapper
    value = func_timeout.func_timeout(timeout, objective_function, args=[individual], kwargs=objective_kwargs)
  File "/common/ketrong/tpotexp/env/lib/python3.10/site-packages/func_timeout/dafunc.py", line 108, in func_timeout
    raise_exception(exception)
  File "/common/ketrong/tpotexp/env/lib/python3.10/site-packages/func_timeout/py3_raise.py", line 7, in raise_exception
    raise exception[0] from None
  File "/common/ketrong/tpotexp/tpot2/tpot2/tpot_estimator/estimator.py", line 623, in objective_function
    return objective_function_generator(
  File "/common/ketrong/tpotexp/tpot2/tpot2/tpot_estimator/estimator_utils.py", line 55, in objective_function_generator
    cv_obj_scores = cross_val_score_objective(sklearn.base.clone(pipeline),x,y,scorers=scorers, cv=cv , fold=step)
  File "/common/ketrong/tpotexp/tpot2/tpot2/tpot_estimator/cross_val_utils.py", line 28, in cross_val_score_objective
    this_fold_pipeline.fit(X_train,y_train)
  File "/common/ketrong/tpotexp/env/lib/python3.10/site-packages/sklearn/base.py", line 1473, in wrapper
    return fit_method(estimator, *args, **kwargs)
  File "/common/ketrong/tpotexp/env/lib/python3.10/site-packages/sklearn/pipeline.py", line 473, in fit
    self._final_estimator.fit(Xt, y, **last_step_params["fit"])
  File "/common/ketrong/tpotexp/env/lib/python3.10/site-packages/sklearn/base.py", line 1466, in wrapper
    estimator._validate_params()
  File "/common/ketrong/tpotexp/env/lib/python3.10/site-packages/sklearn/base.py", line 666, in _validate_params
    validate_parameter_constraints(
  File "/common/ketrong/tpotexp/env/lib/python3.10/site-packages/sklearn/utils/_param_validation.py", line 95, in validate_parameter_constraints
    raise InvalidParameterError(
sklearn.utils._param_validation.InvalidParameterError: The 'criterion' parameter of ExtraTreesRegressor must be a str among {'friedman_mse', 'poisson', 'absolute_error', 'squared_error'}. Got 'mae' instead.

Generation:  20
Best root_mean_squared_error score: -0.0014762997632818515
Generation:  80%|  | 20/25 [20:41<06:27, 77.50s/it]WARNING THIS INDIVIDUAL CAUSED AND EXCEPTION 
 <tpot2.search_spaces.pipelines.sequential.SequentialPipelineIndividual object at 0x1554746a39a0> 
 The 'criterion' parameter of ExtraTreesRegressor must be a str among {'friedman_mse', 'poisson', 'absolute_error', 'squared_error'}. Got 'mae' instead. 
 Traceback (most recent call last):
  File "/common/ketrong/tpotexp/tpot2/tpot2/utils/eval_utils.py", line 53, in objective_nan_wrapper
    value = func_timeout.func_timeout(timeout, objective_function, args=[individual], kwargs=objective_kwargs)
  File "/common/ketrong/tpotexp/env/lib/python3.10/site-packages/func_timeout/dafunc.py", line 108, in func_timeout
    raise_exception(exception)
  File "/common/ketrong/tpotexp/env/lib/python3.10/site-packages/func_timeout/py3_raise.py", line 7, in raise_exception
    raise exception[0] from None
  File "/common/ketrong/tpotexp/tpot2/tpot2/tpot_estimator/estimator.py", line 623, in objective_function
    return objective_function_generator(
  File "/common/ketrong/tpotexp/tpot2/tpot2/tpot_estimator/estimator_utils.py", line 55, in objective_function_generator
    cv_obj_scores = cross_val_score_objective(sklearn.base.clone(pipeline),x,y,scorers=scorers, cv=cv , fold=step)
  File "/common/ketrong/tpotexp/tpot2/tpot2/tpot_estimator/cross_val_utils.py", line 28, in cross_val_score_objective
    this_fold_pipeline.fit(X_train,y_train)
  File "/common/ketrong/tpotexp/env/lib/python3.10/site-packages/sklearn/base.py", line 1473, in wrapper
    return fit_method(estimator, *args, **kwargs)
  File "/common/ketrong/tpotexp/env/lib/python3.10/site-packages/sklearn/pipeline.py", line 473, in fit
    self._final_estimator.fit(Xt, y, **last_step_params["fit"])
  File "/common/ketrong/tpotexp/env/lib/python3.10/site-packages/sklearn/base.py", line 1466, in wrapper
    estimator._validate_params()
  File "/common/ketrong/tpotexp/env/lib/python3.10/site-packages/sklearn/base.py", line 666, in _validate_params
    validate_parameter_constraints(
  File "/common/ketrong/tpotexp/env/lib/python3.10/site-packages/sklearn/utils/_param_validation.py", line 95, in validate_parameter_constraints
    raise InvalidParameterError(
sklearn.utils._param_validation.InvalidParameterError: The 'criterion' parameter of ExtraTreesRegressor must be a str among {'friedman_mse', 'poisson', 'absolute_error', 'squared_error'}. Got 'mae' instead.

Generation:  21
Best root_mean_squared_error score: -0.0014762997632818515
Generation:  84%| | 21/25 [21:26<04:30, 67.72s/it]Generation:  22
Best root_mean_squared_error score: -0.0014762997632818515
Generation:  88%| | 22/25 [21:42<02:36, 52.21s/it]WARNING THIS INDIVIDUAL CAUSED AND EXCEPTION 
 <tpot2.search_spaces.pipelines.sequential.SequentialPipelineIndividual object at 0x15547480e3e0> 
 The 'criterion' parameter of RandomForestRegressor must be a str among {'friedman_mse', 'poisson', 'absolute_error', 'squared_error'}. Got 'mse' instead. 
 Traceback (most recent call last):
  File "/common/ketrong/tpotexp/tpot2/tpot2/utils/eval_utils.py", line 53, in objective_nan_wrapper
    value = func_timeout.func_timeout(timeout, objective_function, args=[individual], kwargs=objective_kwargs)
  File "/common/ketrong/tpotexp/env/lib/python3.10/site-packages/func_timeout/dafunc.py", line 108, in func_timeout
    raise_exception(exception)
  File "/common/ketrong/tpotexp/env/lib/python3.10/site-packages/func_timeout/py3_raise.py", line 7, in raise_exception
    raise exception[0] from None
  File "/common/ketrong/tpotexp/tpot2/tpot2/tpot_estimator/estimator.py", line 623, in objective_function
    return objective_function_generator(
  File "/common/ketrong/tpotexp/tpot2/tpot2/tpot_estimator/estimator_utils.py", line 55, in objective_function_generator
    cv_obj_scores = cross_val_score_objective(sklearn.base.clone(pipeline),x,y,scorers=scorers, cv=cv , fold=step)
  File "/common/ketrong/tpotexp/tpot2/tpot2/tpot_estimator/cross_val_utils.py", line 28, in cross_val_score_objective
    this_fold_pipeline.fit(X_train,y_train)
  File "/common/ketrong/tpotexp/env/lib/python3.10/site-packages/sklearn/base.py", line 1473, in wrapper
    return fit_method(estimator, *args, **kwargs)
  File "/common/ketrong/tpotexp/env/lib/python3.10/site-packages/sklearn/pipeline.py", line 473, in fit
    self._final_estimator.fit(Xt, y, **last_step_params["fit"])
  File "/common/ketrong/tpotexp/env/lib/python3.10/site-packages/sklearn/base.py", line 1466, in wrapper
    estimator._validate_params()
  File "/common/ketrong/tpotexp/env/lib/python3.10/site-packages/sklearn/base.py", line 666, in _validate_params
    validate_parameter_constraints(
  File "/common/ketrong/tpotexp/env/lib/python3.10/site-packages/sklearn/utils/_param_validation.py", line 95, in validate_parameter_constraints
    raise InvalidParameterError(
sklearn.utils._param_validation.InvalidParameterError: The 'criterion' parameter of RandomForestRegressor must be a str among {'friedman_mse', 'poisson', 'absolute_error', 'squared_error'}. Got 'mse' instead.

Generation:  23
Best root_mean_squared_error score: -0.0014762997632818515
Generation:  92%|| 23/25 [22:37<01:46, 53.03s/it]WARNING THIS INDIVIDUAL CAUSED AND EXCEPTION 
 <tpot2.search_spaces.pipelines.sequential.SequentialPipelineIndividual object at 0x1554746f55a0> 
 The 'criterion' parameter of DecisionTreeRegressor must be a str among {'friedman_mse', 'poisson', 'absolute_error', 'squared_error'}. Got 'mae' instead. 
 Traceback (most recent call last):
  File "/common/ketrong/tpotexp/tpot2/tpot2/utils/eval_utils.py", line 53, in objective_nan_wrapper
    value = func_timeout.func_timeout(timeout, objective_function, args=[individual], kwargs=objective_kwargs)
  File "/common/ketrong/tpotexp/env/lib/python3.10/site-packages/func_timeout/dafunc.py", line 108, in func_timeout
    raise_exception(exception)
  File "/common/ketrong/tpotexp/env/lib/python3.10/site-packages/func_timeout/py3_raise.py", line 7, in raise_exception
    raise exception[0] from None
  File "/common/ketrong/tpotexp/tpot2/tpot2/tpot_estimator/estimator.py", line 623, in objective_function
    return objective_function_generator(
  File "/common/ketrong/tpotexp/tpot2/tpot2/tpot_estimator/estimator_utils.py", line 55, in objective_function_generator
    cv_obj_scores = cross_val_score_objective(sklearn.base.clone(pipeline),x,y,scorers=scorers, cv=cv , fold=step)
  File "/common/ketrong/tpotexp/tpot2/tpot2/tpot_estimator/cross_val_utils.py", line 28, in cross_val_score_objective
    this_fold_pipeline.fit(X_train,y_train)
  File "/common/ketrong/tpotexp/env/lib/python3.10/site-packages/sklearn/base.py", line 1473, in wrapper
    return fit_method(estimator, *args, **kwargs)
  File "/common/ketrong/tpotexp/env/lib/python3.10/site-packages/sklearn/pipeline.py", line 473, in fit
    self._final_estimator.fit(Xt, y, **last_step_params["fit"])
  File "/common/ketrong/tpotexp/env/lib/python3.10/site-packages/sklearn/base.py", line 1466, in wrapper
    estimator._validate_params()
  File "/common/ketrong/tpotexp/env/lib/python3.10/site-packages/sklearn/base.py", line 666, in _validate_params
    validate_parameter_constraints(
  File "/common/ketrong/tpotexp/env/lib/python3.10/site-packages/sklearn/utils/_param_validation.py", line 95, in validate_parameter_constraints
    raise InvalidParameterError(
sklearn.utils._param_validation.InvalidParameterError: The 'criterion' parameter of DecisionTreeRegressor must be a str among {'friedman_mse', 'poisson', 'absolute_error', 'squared_error'}. Got 'mae' instead.

WARNING THIS INDIVIDUAL CAUSED AND EXCEPTION 
 <tpot2.search_spaces.pipelines.sequential.SequentialPipelineIndividual object at 0x1554751ac280> 
 The 'criterion' parameter of RandomForestRegressor must be a str among {'friedman_mse', 'poisson', 'absolute_error', 'squared_error'}. Got 'mae' instead. 
 Traceback (most recent call last):
  File "/common/ketrong/tpotexp/tpot2/tpot2/utils/eval_utils.py", line 53, in objective_nan_wrapper
    value = func_timeout.func_timeout(timeout, objective_function, args=[individual], kwargs=objective_kwargs)
  File "/common/ketrong/tpotexp/env/lib/python3.10/site-packages/func_timeout/dafunc.py", line 108, in func_timeout
    raise_exception(exception)
  File "/common/ketrong/tpotexp/env/lib/python3.10/site-packages/func_timeout/py3_raise.py", line 7, in raise_exception
    raise exception[0] from None
  File "/common/ketrong/tpotexp/tpot2/tpot2/tpot_estimator/estimator.py", line 623, in objective_function
    return objective_function_generator(
  File "/common/ketrong/tpotexp/tpot2/tpot2/tpot_estimator/estimator_utils.py", line 55, in objective_function_generator
    cv_obj_scores = cross_val_score_objective(sklearn.base.clone(pipeline),x,y,scorers=scorers, cv=cv , fold=step)
  File "/common/ketrong/tpotexp/tpot2/tpot2/tpot_estimator/cross_val_utils.py", line 28, in cross_val_score_objective
    this_fold_pipeline.fit(X_train,y_train)
  File "/common/ketrong/tpotexp/env/lib/python3.10/site-packages/sklearn/base.py", line 1473, in wrapper
    return fit_method(estimator, *args, **kwargs)
  File "/common/ketrong/tpotexp/env/lib/python3.10/site-packages/sklearn/pipeline.py", line 473, in fit
    self._final_estimator.fit(Xt, y, **last_step_params["fit"])
  File "/common/ketrong/tpotexp/env/lib/python3.10/site-packages/sklearn/base.py", line 1466, in wrapper
    estimator._validate_params()
  File "/common/ketrong/tpotexp/env/lib/python3.10/site-packages/sklearn/base.py", line 666, in _validate_params
    validate_parameter_constraints(
  File "/common/ketrong/tpotexp/env/lib/python3.10/site-packages/sklearn/utils/_param_validation.py", line 95, in validate_parameter_constraints
    raise InvalidParameterError(
sklearn.utils._param_validation.InvalidParameterError: The 'criterion' parameter of RandomForestRegressor must be a str among {'friedman_mse', 'poisson', 'absolute_error', 'squared_error'}. Got 'mae' instead.

WARNING THIS INDIVIDUAL CAUSED AND EXCEPTION 
 <tpot2.search_spaces.pipelines.sequential.SequentialPipelineIndividual object at 0x155474eac0a0> 
 The 'criterion' parameter of RandomForestRegressor must be a str among {'friedman_mse', 'poisson', 'absolute_error', 'squared_error'}. Got 'mae' instead. 
 Traceback (most recent call last):
  File "/common/ketrong/tpotexp/tpot2/tpot2/utils/eval_utils.py", line 53, in objective_nan_wrapper
    value = func_timeout.func_timeout(timeout, objective_function, args=[individual], kwargs=objective_kwargs)
  File "/common/ketrong/tpotexp/env/lib/python3.10/site-packages/func_timeout/dafunc.py", line 108, in func_timeout
    raise_exception(exception)
  File "/common/ketrong/tpotexp/env/lib/python3.10/site-packages/func_timeout/py3_raise.py", line 7, in raise_exception
    raise exception[0] from None
  File "/common/ketrong/tpotexp/tpot2/tpot2/tpot_estimator/estimator.py", line 623, in objective_function
    return objective_function_generator(
  File "/common/ketrong/tpotexp/tpot2/tpot2/tpot_estimator/estimator_utils.py", line 55, in objective_function_generator
    cv_obj_scores = cross_val_score_objective(sklearn.base.clone(pipeline),x,y,scorers=scorers, cv=cv , fold=step)
  File "/common/ketrong/tpotexp/tpot2/tpot2/tpot_estimator/cross_val_utils.py", line 28, in cross_val_score_objective
    this_fold_pipeline.fit(X_train,y_train)
  File "/common/ketrong/tpotexp/env/lib/python3.10/site-packages/sklearn/base.py", line 1473, in wrapper
    return fit_method(estimator, *args, **kwargs)
  File "/common/ketrong/tpotexp/env/lib/python3.10/site-packages/sklearn/pipeline.py", line 473, in fit
    self._final_estimator.fit(Xt, y, **last_step_params["fit"])
  File "/common/ketrong/tpotexp/env/lib/python3.10/site-packages/sklearn/base.py", line 1466, in wrapper
    estimator._validate_params()
  File "/common/ketrong/tpotexp/env/lib/python3.10/site-packages/sklearn/base.py", line 666, in _validate_params
    validate_parameter_constraints(
  File "/common/ketrong/tpotexp/env/lib/python3.10/site-packages/sklearn/utils/_param_validation.py", line 95, in validate_parameter_constraints
    raise InvalidParameterError(
sklearn.utils._param_validation.InvalidParameterError: The 'criterion' parameter of RandomForestRegressor must be a str among {'friedman_mse', 'poisson', 'absolute_error', 'squared_error'}. Got 'mae' instead.

Generation:  24
Best root_mean_squared_error score: -0.0014762997632818515
Generation:  96%|| 24/25 [23:03<00:45, 45.08s/it]Generation:  25
Best root_mean_squared_error score: -0.0014762997632818515
Generation: 100%|| 25/25 [23:57<00:00, 47.70s/it]Generation: 100%|| 25/25 [24:00<00:00, 57.61s/it]
2024-08-20 20:08:01,758 - distributed.scheduler - ERROR - Removing worker 'tcp://127.0.0.1:37073' caused the cluster to lose scattered data, which can't be recovered: {'ndarray-62c2f7dc3fb5a9150724dcba87ebeb20', 'DataFrame-884b7a7a41127a2cd781f80cce70a830'} (stimulus_id='handle-worker-cleanup-1724209681.7585337')
Fitted
Pipeline(steps=[('lgbmregressor',
                 LGBMRegressor(max_depth=5, n_estimators=80, n_jobs=1,
                               num_leaves=98, verbose=-1))])
score start
train score: {'explained_var': 0.673922470191421, 'r2': 0.673922470191421, 'rmse': 0.0013552879137493986}
original test score: {'explained_var': 0.6164330362693902, 'r2': 0.6160089168542153, 'rmse': 0.0014744326009746849}
imputed test score: {'explained_var': 0.6157171282779142, 'r2': 0.615333147199846, 'rmse': 0.0014757294264321407}
score end
check intended
EXP2 Finished
running experiment 3/3 - What is the best automl settings?
<tpot2.search_spaces.pipelines.sequential.SequentialPipeline object at 0x1554364098d0>
Start tpot fit
  0%|          | 0/25 [00:00<?, ?it/s]Generation:   0%|          | 0/25 [00:00<?, ?it/s]WARNING THIS INDIVIDUAL CAUSED AND EXCEPTION 
 <tpot2.search_spaces.pipelines.sequential.SequentialPipelineIndividual object at 0x1554764ce0b0> 
 The 'criterion' parameter of RandomForestRegressor must be a str among {'friedman_mse', 'poisson', 'absolute_error', 'squared_error'}. Got 'mae' instead. 
 Traceback (most recent call last):
  File "/common/ketrong/tpotexp/tpot2/tpot2/utils/eval_utils.py", line 53, in objective_nan_wrapper
    value = func_timeout.func_timeout(timeout, objective_function, args=[individual], kwargs=objective_kwargs)
  File "/common/ketrong/tpotexp/env/lib/python3.10/site-packages/func_timeout/dafunc.py", line 108, in func_timeout
    raise_exception(exception)
  File "/common/ketrong/tpotexp/env/lib/python3.10/site-packages/func_timeout/py3_raise.py", line 7, in raise_exception
    raise exception[0] from None
  File "/common/ketrong/tpotexp/tpot2/tpot2/tpot_estimator/estimator.py", line 623, in objective_function
    return objective_function_generator(
  File "/common/ketrong/tpotexp/tpot2/tpot2/tpot_estimator/estimator_utils.py", line 55, in objective_function_generator
    cv_obj_scores = cross_val_score_objective(sklearn.base.clone(pipeline),x,y,scorers=scorers, cv=cv , fold=step)
  File "/common/ketrong/tpotexp/tpot2/tpot2/tpot_estimator/cross_val_utils.py", line 28, in cross_val_score_objective
    this_fold_pipeline.fit(X_train,y_train)
  File "/common/ketrong/tpotexp/env/lib/python3.10/site-packages/sklearn/base.py", line 1473, in wrapper
    return fit_method(estimator, *args, **kwargs)
  File "/common/ketrong/tpotexp/env/lib/python3.10/site-packages/sklearn/pipeline.py", line 473, in fit
    self._final_estimator.fit(Xt, y, **last_step_params["fit"])
  File "/common/ketrong/tpotexp/env/lib/python3.10/site-packages/sklearn/base.py", line 1466, in wrapper
    estimator._validate_params()
  File "/common/ketrong/tpotexp/env/lib/python3.10/site-packages/sklearn/base.py", line 666, in _validate_params
    validate_parameter_constraints(
  File "/common/ketrong/tpotexp/env/lib/python3.10/site-packages/sklearn/utils/_param_validation.py", line 95, in validate_parameter_constraints
    raise InvalidParameterError(
sklearn.utils._param_validation.InvalidParameterError: The 'criterion' parameter of RandomForestRegressor must be a str among {'friedman_mse', 'poisson', 'absolute_error', 'squared_error'}. Got 'mae' instead.

WARNING THIS INDIVIDUAL CAUSED AND EXCEPTION 
 <tpot2.search_spaces.pipelines.sequential.SequentialPipelineIndividual object at 0x1554764ce800> 
 The 'criterion' parameter of RandomForestRegressor must be a str among {'friedman_mse', 'poisson', 'absolute_error', 'squared_error'}. Got 'mse' instead. 
 Traceback (most recent call last):
  File "/common/ketrong/tpotexp/tpot2/tpot2/utils/eval_utils.py", line 53, in objective_nan_wrapper
    value = func_timeout.func_timeout(timeout, objective_function, args=[individual], kwargs=objective_kwargs)
  File "/common/ketrong/tpotexp/env/lib/python3.10/site-packages/func_timeout/dafunc.py", line 108, in func_timeout
    raise_exception(exception)
  File "/common/ketrong/tpotexp/env/lib/python3.10/site-packages/func_timeout/py3_raise.py", line 7, in raise_exception
    raise exception[0] from None
  File "/common/ketrong/tpotexp/tpot2/tpot2/tpot_estimator/estimator.py", line 623, in objective_function
    return objective_function_generator(
  File "/common/ketrong/tpotexp/tpot2/tpot2/tpot_estimator/estimator_utils.py", line 55, in objective_function_generator
    cv_obj_scores = cross_val_score_objective(sklearn.base.clone(pipeline),x,y,scorers=scorers, cv=cv , fold=step)
  File "/common/ketrong/tpotexp/tpot2/tpot2/tpot_estimator/cross_val_utils.py", line 28, in cross_val_score_objective
    this_fold_pipeline.fit(X_train,y_train)
  File "/common/ketrong/tpotexp/env/lib/python3.10/site-packages/sklearn/base.py", line 1473, in wrapper
    return fit_method(estimator, *args, **kwargs)
  File "/common/ketrong/tpotexp/env/lib/python3.10/site-packages/sklearn/pipeline.py", line 473, in fit
    self._final_estimator.fit(Xt, y, **last_step_params["fit"])
  File "/common/ketrong/tpotexp/env/lib/python3.10/site-packages/sklearn/base.py", line 1466, in wrapper
    estimator._validate_params()
  File "/common/ketrong/tpotexp/env/lib/python3.10/site-packages/sklearn/base.py", line 666, in _validate_params
    validate_parameter_constraints(
  File "/common/ketrong/tpotexp/env/lib/python3.10/site-packages/sklearn/utils/_param_validation.py", line 95, in validate_parameter_constraints
    raise InvalidParameterError(
sklearn.utils._param_validation.InvalidParameterError: The 'criterion' parameter of RandomForestRegressor must be a str among {'friedman_mse', 'poisson', 'absolute_error', 'squared_error'}. Got 'mse' instead.

WARNING AN INDIVIDUAL TIMED OUT: 
 <tpot2.search_spaces.pipelines.sequential.SequentialPipelineIndividual object at 0x1554764cc310> 

Generation:  1
Best root_mean_squared_error score: -0.0015621753156609818
Generation:   4%|         | 1/25 [10:01<4:00:39, 601.66s/it]WARNING THIS INDIVIDUAL CAUSED AND EXCEPTION 
 <tpot2.search_spaces.pipelines.sequential.SequentialPipelineIndividual object at 0x1554764ce020> 
 The 'criterion' parameter of RandomForestRegressor must be a str among {'friedman_mse', 'poisson', 'absolute_error', 'squared_error'}. Got 'mse' instead. 
 Traceback (most recent call last):
  File "/common/ketrong/tpotexp/tpot2/tpot2/utils/eval_utils.py", line 53, in objective_nan_wrapper
    value = func_timeout.func_timeout(timeout, objective_function, args=[individual], kwargs=objective_kwargs)
  File "/common/ketrong/tpotexp/env/lib/python3.10/site-packages/func_timeout/dafunc.py", line 108, in func_timeout
    raise_exception(exception)
  File "/common/ketrong/tpotexp/env/lib/python3.10/site-packages/func_timeout/py3_raise.py", line 7, in raise_exception
    raise exception[0] from None
  File "/common/ketrong/tpotexp/tpot2/tpot2/tpot_estimator/estimator.py", line 623, in objective_function
    return objective_function_generator(
  File "/common/ketrong/tpotexp/tpot2/tpot2/tpot_estimator/estimator_utils.py", line 55, in objective_function_generator
    cv_obj_scores = cross_val_score_objective(sklearn.base.clone(pipeline),x,y,scorers=scorers, cv=cv , fold=step)
  File "/common/ketrong/tpotexp/tpot2/tpot2/tpot_estimator/cross_val_utils.py", line 28, in cross_val_score_objective
    this_fold_pipeline.fit(X_train,y_train)
  File "/common/ketrong/tpotexp/env/lib/python3.10/site-packages/sklearn/base.py", line 1473, in wrapper
    return fit_method(estimator, *args, **kwargs)
  File "/common/ketrong/tpotexp/env/lib/python3.10/site-packages/sklearn/pipeline.py", line 473, in fit
    self._final_estimator.fit(Xt, y, **last_step_params["fit"])
  File "/common/ketrong/tpotexp/env/lib/python3.10/site-packages/sklearn/base.py", line 1466, in wrapper
    estimator._validate_params()
  File "/common/ketrong/tpotexp/env/lib/python3.10/site-packages/sklearn/base.py", line 666, in _validate_params
    validate_parameter_constraints(
  File "/common/ketrong/tpotexp/env/lib/python3.10/site-packages/sklearn/utils/_param_validation.py", line 95, in validate_parameter_constraints
    raise InvalidParameterError(
sklearn.utils._param_validation.InvalidParameterError: The 'criterion' parameter of RandomForestRegressor must be a str among {'friedman_mse', 'poisson', 'absolute_error', 'squared_error'}. Got 'mse' instead.

WARNING THIS INDIVIDUAL CAUSED AND EXCEPTION 
 <tpot2.search_spaces.pipelines.sequential.SequentialPipelineIndividual object at 0x155475b6e860> 
 The 'criterion' parameter of ExtraTreesRegressor must be a str among {'friedman_mse', 'poisson', 'absolute_error', 'squared_error'}. Got 'mae' instead. 
 Traceback (most recent call last):
  File "/common/ketrong/tpotexp/tpot2/tpot2/utils/eval_utils.py", line 53, in objective_nan_wrapper
    value = func_timeout.func_timeout(timeout, objective_function, args=[individual], kwargs=objective_kwargs)
  File "/common/ketrong/tpotexp/env/lib/python3.10/site-packages/func_timeout/dafunc.py", line 108, in func_timeout
    raise_exception(exception)
  File "/common/ketrong/tpotexp/env/lib/python3.10/site-packages/func_timeout/py3_raise.py", line 7, in raise_exception
    raise exception[0] from None
  File "/common/ketrong/tpotexp/tpot2/tpot2/tpot_estimator/estimator.py", line 623, in objective_function
    return objective_function_generator(
  File "/common/ketrong/tpotexp/tpot2/tpot2/tpot_estimator/estimator_utils.py", line 55, in objective_function_generator
    cv_obj_scores = cross_val_score_objective(sklearn.base.clone(pipeline),x,y,scorers=scorers, cv=cv , fold=step)
  File "/common/ketrong/tpotexp/tpot2/tpot2/tpot_estimator/cross_val_utils.py", line 28, in cross_val_score_objective
    this_fold_pipeline.fit(X_train,y_train)
  File "/common/ketrong/tpotexp/env/lib/python3.10/site-packages/sklearn/base.py", line 1473, in wrapper
    return fit_method(estimator, *args, **kwargs)
  File "/common/ketrong/tpotexp/env/lib/python3.10/site-packages/sklearn/pipeline.py", line 473, in fit
    self._final_estimator.fit(Xt, y, **last_step_params["fit"])
  File "/common/ketrong/tpotexp/env/lib/python3.10/site-packages/sklearn/base.py", line 1466, in wrapper
    estimator._validate_params()
  File "/common/ketrong/tpotexp/env/lib/python3.10/site-packages/sklearn/base.py", line 666, in _validate_params
    validate_parameter_constraints(
  File "/common/ketrong/tpotexp/env/lib/python3.10/site-packages/sklearn/utils/_param_validation.py", line 95, in validate_parameter_constraints
    raise InvalidParameterError(
sklearn.utils._param_validation.InvalidParameterError: The 'criterion' parameter of ExtraTreesRegressor must be a str among {'friedman_mse', 'poisson', 'absolute_error', 'squared_error'}. Got 'mae' instead.

Generation:  2
Best root_mean_squared_error score: -0.0015000080537181134
Generation:   8%|         | 2/25 [11:00<1:48:08, 282.09s/it]WARNING AN INDIVIDUAL TIMED OUT: 
 <tpot2.search_spaces.pipelines.sequential.SequentialPipelineIndividual object at 0x155475bb0a30> 

Generation:  3
Best root_mean_squared_error score: -0.0014810031104827124
Generation:  12%|        | 3/25 [21:02<2:37:05, 428.45s/it]WARNING THIS INDIVIDUAL CAUSED AND EXCEPTION 
 <tpot2.search_spaces.pipelines.sequential.SequentialPipelineIndividual object at 0x155475aa7ca0> 
 The 'criterion' parameter of RandomForestRegressor must be a str among {'friedman_mse', 'poisson', 'absolute_error', 'squared_error'}. Got 'mse' instead. 
 Traceback (most recent call last):
  File "/common/ketrong/tpotexp/tpot2/tpot2/utils/eval_utils.py", line 53, in objective_nan_wrapper
    value = func_timeout.func_timeout(timeout, objective_function, args=[individual], kwargs=objective_kwargs)
  File "/common/ketrong/tpotexp/env/lib/python3.10/site-packages/func_timeout/dafunc.py", line 108, in func_timeout
    raise_exception(exception)
  File "/common/ketrong/tpotexp/env/lib/python3.10/site-packages/func_timeout/py3_raise.py", line 7, in raise_exception
    raise exception[0] from None
  File "/common/ketrong/tpotexp/tpot2/tpot2/tpot_estimator/estimator.py", line 623, in objective_function
    return objective_function_generator(
  File "/common/ketrong/tpotexp/tpot2/tpot2/tpot_estimator/estimator_utils.py", line 55, in objective_function_generator
    cv_obj_scores = cross_val_score_objective(sklearn.base.clone(pipeline),x,y,scorers=scorers, cv=cv , fold=step)
  File "/common/ketrong/tpotexp/tpot2/tpot2/tpot_estimator/cross_val_utils.py", line 28, in cross_val_score_objective
    this_fold_pipeline.fit(X_train,y_train)
  File "/common/ketrong/tpotexp/env/lib/python3.10/site-packages/sklearn/base.py", line 1473, in wrapper
    return fit_method(estimator, *args, **kwargs)
  File "/common/ketrong/tpotexp/env/lib/python3.10/site-packages/sklearn/pipeline.py", line 473, in fit
    self._final_estimator.fit(Xt, y, **last_step_params["fit"])
  File "/common/ketrong/tpotexp/env/lib/python3.10/site-packages/sklearn/base.py", line 1466, in wrapper
    estimator._validate_params()
  File "/common/ketrong/tpotexp/env/lib/python3.10/site-packages/sklearn/base.py", line 666, in _validate_params
    validate_parameter_constraints(
  File "/common/ketrong/tpotexp/env/lib/python3.10/site-packages/sklearn/utils/_param_validation.py", line 95, in validate_parameter_constraints
    raise InvalidParameterError(
sklearn.utils._param_validation.InvalidParameterError: The 'criterion' parameter of RandomForestRegressor must be a str among {'friedman_mse', 'poisson', 'absolute_error', 'squared_error'}. Got 'mse' instead.

Generation:  4
Best root_mean_squared_error score: -0.0014810031104827124
Generation:  16%|        | 4/25 [25:27<2:07:22, 363.91s/it]WARNING AN INDIVIDUAL TIMED OUT: 
 <tpot2.search_spaces.pipelines.sequential.SequentialPipelineIndividual object at 0x1554753764d0> 

WARNING AN INDIVIDUAL TIMED OUT: 
 <tpot2.search_spaces.pipelines.sequential.SequentialPipelineIndividual object at 0x155475b8e7a0> 

WARNING AN INDIVIDUAL TIMED OUT: 
 <tpot2.search_spaces.pipelines.sequential.SequentialPipelineIndividual object at 0x1554756ef220> 

Generation:  5
Best root_mean_squared_error score: -0.0014810031104827124
Generation:  20%|        | 5/25 [35:31<2:30:06, 450.33s/it]Generation:  6
Best root_mean_squared_error score: -0.0014805181236396347
Generation:  24%|       | 6/25 [37:57<1:49:54, 347.10s/it]WARNING THIS INDIVIDUAL CAUSED AND EXCEPTION 
 <tpot2.search_spaces.pipelines.sequential.SequentialPipelineIndividual object at 0x1554764cece0> 
 The 'criterion' parameter of RandomForestRegressor must be a str among {'friedman_mse', 'poisson', 'absolute_error', 'squared_error'}. Got 'mae' instead. 
 Traceback (most recent call last):
  File "/common/ketrong/tpotexp/tpot2/tpot2/utils/eval_utils.py", line 53, in objective_nan_wrapper
    value = func_timeout.func_timeout(timeout, objective_function, args=[individual], kwargs=objective_kwargs)
  File "/common/ketrong/tpotexp/env/lib/python3.10/site-packages/func_timeout/dafunc.py", line 108, in func_timeout
    raise_exception(exception)
  File "/common/ketrong/tpotexp/env/lib/python3.10/site-packages/func_timeout/py3_raise.py", line 7, in raise_exception
    raise exception[0] from None
  File "/common/ketrong/tpotexp/tpot2/tpot2/tpot_estimator/estimator.py", line 623, in objective_function
    return objective_function_generator(
  File "/common/ketrong/tpotexp/tpot2/tpot2/tpot_estimator/estimator_utils.py", line 55, in objective_function_generator
    cv_obj_scores = cross_val_score_objective(sklearn.base.clone(pipeline),x,y,scorers=scorers, cv=cv , fold=step)
  File "/common/ketrong/tpotexp/tpot2/tpot2/tpot_estimator/cross_val_utils.py", line 28, in cross_val_score_objective
    this_fold_pipeline.fit(X_train,y_train)
  File "/common/ketrong/tpotexp/env/lib/python3.10/site-packages/sklearn/base.py", line 1473, in wrapper
    return fit_method(estimator, *args, **kwargs)
  File "/common/ketrong/tpotexp/env/lib/python3.10/site-packages/sklearn/pipeline.py", line 473, in fit
    self._final_estimator.fit(Xt, y, **last_step_params["fit"])
  File "/common/ketrong/tpotexp/env/lib/python3.10/site-packages/sklearn/base.py", line 1466, in wrapper
    estimator._validate_params()
  File "/common/ketrong/tpotexp/env/lib/python3.10/site-packages/sklearn/base.py", line 666, in _validate_params
    validate_parameter_constraints(
  File "/common/ketrong/tpotexp/env/lib/python3.10/site-packages/sklearn/utils/_param_validation.py", line 95, in validate_parameter_constraints
    raise InvalidParameterError(
sklearn.utils._param_validation.InvalidParameterError: The 'criterion' parameter of RandomForestRegressor must be a str among {'friedman_mse', 'poisson', 'absolute_error', 'squared_error'}. Got 'mae' instead.

Generation:  7
Best root_mean_squared_error score: -0.0014805181236396347
Generation:  28%|       | 7/25 [38:45<1:14:44, 249.15s/it]WARNING AN INDIVIDUAL TIMED OUT: 
 <tpot2.search_spaces.pipelines.sequential.SequentialPipelineIndividual object at 0x15547516e020> 

Generation:  8
Best root_mean_squared_error score: -0.0014795486004553658
Generation:  32%|      | 8/25 [48:47<1:42:28, 361.65s/it]WARNING AN INDIVIDUAL TIMED OUT: 
 <tpot2.search_spaces.pipelines.sequential.SequentialPipelineIndividual object at 0x1554754a7f10> 

Generation:  9
Best root_mean_squared_error score: -0.0014793790130373558
Generation:  36%|      | 9/25 [58:52<1:56:40, 437.56s/it]WARNING THIS INDIVIDUAL CAUSED AND EXCEPTION 
 <tpot2.search_spaces.pipelines.sequential.SequentialPipelineIndividual object at 0x15547521c730> 
 The 'criterion' parameter of ExtraTreesRegressor must be a str among {'friedman_mse', 'poisson', 'absolute_error', 'squared_error'}. Got 'mae' instead. 
 Traceback (most recent call last):
  File "/common/ketrong/tpotexp/tpot2/tpot2/utils/eval_utils.py", line 53, in objective_nan_wrapper
    value = func_timeout.func_timeout(timeout, objective_function, args=[individual], kwargs=objective_kwargs)
  File "/common/ketrong/tpotexp/env/lib/python3.10/site-packages/func_timeout/dafunc.py", line 108, in func_timeout
    raise_exception(exception)
  File "/common/ketrong/tpotexp/env/lib/python3.10/site-packages/func_timeout/py3_raise.py", line 7, in raise_exception
    raise exception[0] from None
  File "/common/ketrong/tpotexp/tpot2/tpot2/tpot_estimator/estimator.py", line 623, in objective_function
    return objective_function_generator(
  File "/common/ketrong/tpotexp/tpot2/tpot2/tpot_estimator/estimator_utils.py", line 55, in objective_function_generator
    cv_obj_scores = cross_val_score_objective(sklearn.base.clone(pipeline),x,y,scorers=scorers, cv=cv , fold=step)
  File "/common/ketrong/tpotexp/tpot2/tpot2/tpot_estimator/cross_val_utils.py", line 28, in cross_val_score_objective
    this_fold_pipeline.fit(X_train,y_train)
  File "/common/ketrong/tpotexp/env/lib/python3.10/site-packages/sklearn/base.py", line 1473, in wrapper
    return fit_method(estimator, *args, **kwargs)
  File "/common/ketrong/tpotexp/env/lib/python3.10/site-packages/sklearn/pipeline.py", line 473, in fit
    self._final_estimator.fit(Xt, y, **last_step_params["fit"])
  File "/common/ketrong/tpotexp/env/lib/python3.10/site-packages/sklearn/base.py", line 1466, in wrapper
    estimator._validate_params()
  File "/common/ketrong/tpotexp/env/lib/python3.10/site-packages/sklearn/base.py", line 666, in _validate_params
    validate_parameter_constraints(
  File "/common/ketrong/tpotexp/env/lib/python3.10/site-packages/sklearn/utils/_param_validation.py", line 95, in validate_parameter_constraints
    raise InvalidParameterError(
sklearn.utils._param_validation.InvalidParameterError: The 'criterion' parameter of ExtraTreesRegressor must be a str among {'friedman_mse', 'poisson', 'absolute_error', 'squared_error'}. Got 'mae' instead.

Generation:  10
Best root_mean_squared_error score: -0.0014793790130373558
Generation:  40%|      | 10/25 [1:03:15<1:35:54, 383.62s/it]WARNING THIS INDIVIDUAL CAUSED AND EXCEPTION 
 <tpot2.search_spaces.pipelines.sequential.SequentialPipelineIndividual object at 0x15547566b6d0> 
 The 'criterion' parameter of RandomForestRegressor must be a str among {'friedman_mse', 'poisson', 'absolute_error', 'squared_error'}. Got 'mse' instead. 
 Traceback (most recent call last):
  File "/common/ketrong/tpotexp/tpot2/tpot2/utils/eval_utils.py", line 53, in objective_nan_wrapper
    value = func_timeout.func_timeout(timeout, objective_function, args=[individual], kwargs=objective_kwargs)
  File "/common/ketrong/tpotexp/env/lib/python3.10/site-packages/func_timeout/dafunc.py", line 108, in func_timeout
    raise_exception(exception)
  File "/common/ketrong/tpotexp/env/lib/python3.10/site-packages/func_timeout/py3_raise.py", line 7, in raise_exception
    raise exception[0] from None
  File "/common/ketrong/tpotexp/tpot2/tpot2/tpot_estimator/estimator.py", line 623, in objective_function
    return objective_function_generator(
  File "/common/ketrong/tpotexp/tpot2/tpot2/tpot_estimator/estimator_utils.py", line 55, in objective_function_generator
    cv_obj_scores = cross_val_score_objective(sklearn.base.clone(pipeline),x,y,scorers=scorers, cv=cv , fold=step)
  File "/common/ketrong/tpotexp/tpot2/tpot2/tpot_estimator/cross_val_utils.py", line 28, in cross_val_score_objective
    this_fold_pipeline.fit(X_train,y_train)
  File "/common/ketrong/tpotexp/env/lib/python3.10/site-packages/sklearn/base.py", line 1473, in wrapper
    return fit_method(estimator, *args, **kwargs)
  File "/common/ketrong/tpotexp/env/lib/python3.10/site-packages/sklearn/pipeline.py", line 473, in fit
    self._final_estimator.fit(Xt, y, **last_step_params["fit"])
  File "/common/ketrong/tpotexp/env/lib/python3.10/site-packages/sklearn/base.py", line 1466, in wrapper
    estimator._validate_params()
  File "/common/ketrong/tpotexp/env/lib/python3.10/site-packages/sklearn/base.py", line 666, in _validate_params
    validate_parameter_constraints(
  File "/common/ketrong/tpotexp/env/lib/python3.10/site-packages/sklearn/utils/_param_validation.py", line 95, in validate_parameter_constraints
    raise InvalidParameterError(
sklearn.utils._param_validation.InvalidParameterError: The 'criterion' parameter of RandomForestRegressor must be a str among {'friedman_mse', 'poisson', 'absolute_error', 'squared_error'}. Got 'mse' instead.

Generation:  11
Best root_mean_squared_error score: -0.0014788975309805844
Generation:  44%|     | 11/25 [1:03:21<1:02:32, 268.07s/it]Generation:  12
Best root_mean_squared_error score: -0.0014788975309805844
Generation:  48%|     | 12/25 [1:03:54<42:36, 196.67s/it]  WARNING AN INDIVIDUAL TIMED OUT: 
 <tpot2.search_spaces.pipelines.sequential.SequentialPipelineIndividual object at 0x155456413af0> 

WARNING AN INDIVIDUAL TIMED OUT: 
 <tpot2.search_spaces.pipelines.sequential.SequentialPipelineIndividual object at 0x155474fcc850> 

Generation:  13
Best root_mean_squared_error score: -0.0014788975309805844
Generation:  52%|    | 13/25 [1:13:58<1:03:59, 319.97s/it]WARNING THIS INDIVIDUAL CAUSED AND EXCEPTION 
 <tpot2.search_spaces.pipelines.sequential.SequentialPipelineIndividual object at 0x15545f09cdf0> 
 The 'criterion' parameter of ExtraTreesRegressor must be a str among {'friedman_mse', 'poisson', 'absolute_error', 'squared_error'}. Got 'mae' instead. 
 Traceback (most recent call last):
  File "/common/ketrong/tpotexp/tpot2/tpot2/utils/eval_utils.py", line 53, in objective_nan_wrapper
    value = func_timeout.func_timeout(timeout, objective_function, args=[individual], kwargs=objective_kwargs)
  File "/common/ketrong/tpotexp/env/lib/python3.10/site-packages/func_timeout/dafunc.py", line 108, in func_timeout
    raise_exception(exception)
  File "/common/ketrong/tpotexp/env/lib/python3.10/site-packages/func_timeout/py3_raise.py", line 7, in raise_exception
    raise exception[0] from None
  File "/common/ketrong/tpotexp/tpot2/tpot2/tpot_estimator/estimator.py", line 623, in objective_function
    return objective_function_generator(
  File "/common/ketrong/tpotexp/tpot2/tpot2/tpot_estimator/estimator_utils.py", line 55, in objective_function_generator
    cv_obj_scores = cross_val_score_objective(sklearn.base.clone(pipeline),x,y,scorers=scorers, cv=cv , fold=step)
  File "/common/ketrong/tpotexp/tpot2/tpot2/tpot_estimator/cross_val_utils.py", line 28, in cross_val_score_objective
    this_fold_pipeline.fit(X_train,y_train)
  File "/common/ketrong/tpotexp/env/lib/python3.10/site-packages/sklearn/base.py", line 1473, in wrapper
    return fit_method(estimator, *args, **kwargs)
  File "/common/ketrong/tpotexp/env/lib/python3.10/site-packages/sklearn/pipeline.py", line 473, in fit
    self._final_estimator.fit(Xt, y, **last_step_params["fit"])
  File "/common/ketrong/tpotexp/env/lib/python3.10/site-packages/sklearn/base.py", line 1466, in wrapper
    estimator._validate_params()
  File "/common/ketrong/tpotexp/env/lib/python3.10/site-packages/sklearn/base.py", line 666, in _validate_params
    validate_parameter_constraints(
  File "/common/ketrong/tpotexp/env/lib/python3.10/site-packages/sklearn/utils/_param_validation.py", line 95, in validate_parameter_constraints
    raise InvalidParameterError(
sklearn.utils._param_validation.InvalidParameterError: The 'criterion' parameter of ExtraTreesRegressor must be a str among {'friedman_mse', 'poisson', 'absolute_error', 'squared_error'}. Got 'mae' instead.

WARNING THIS INDIVIDUAL CAUSED AND EXCEPTION 
 <tpot2.search_spaces.pipelines.sequential.SequentialPipelineIndividual object at 0x1554754b7a30> 
 The 'criterion' parameter of ExtraTreesRegressor must be a str among {'friedman_mse', 'poisson', 'absolute_error', 'squared_error'}. Got 'mae' instead. 
 Traceback (most recent call last):
  File "/common/ketrong/tpotexp/tpot2/tpot2/utils/eval_utils.py", line 53, in objective_nan_wrapper
    value = func_timeout.func_timeout(timeout, objective_function, args=[individual], kwargs=objective_kwargs)
  File "/common/ketrong/tpotexp/env/lib/python3.10/site-packages/func_timeout/dafunc.py", line 108, in func_timeout
    raise_exception(exception)
  File "/common/ketrong/tpotexp/env/lib/python3.10/site-packages/func_timeout/py3_raise.py", line 7, in raise_exception
    raise exception[0] from None
  File "/common/ketrong/tpotexp/tpot2/tpot2/tpot_estimator/estimator.py", line 623, in objective_function
    return objective_function_generator(
  File "/common/ketrong/tpotexp/tpot2/tpot2/tpot_estimator/estimator_utils.py", line 55, in objective_function_generator
    cv_obj_scores = cross_val_score_objective(sklearn.base.clone(pipeline),x,y,scorers=scorers, cv=cv , fold=step)
  File "/common/ketrong/tpotexp/tpot2/tpot2/tpot_estimator/cross_val_utils.py", line 28, in cross_val_score_objective
    this_fold_pipeline.fit(X_train,y_train)
  File "/common/ketrong/tpotexp/env/lib/python3.10/site-packages/sklearn/base.py", line 1473, in wrapper
    return fit_method(estimator, *args, **kwargs)
  File "/common/ketrong/tpotexp/env/lib/python3.10/site-packages/sklearn/pipeline.py", line 473, in fit
    self._final_estimator.fit(Xt, y, **last_step_params["fit"])
  File "/common/ketrong/tpotexp/env/lib/python3.10/site-packages/sklearn/base.py", line 1466, in wrapper
    estimator._validate_params()
  File "/common/ketrong/tpotexp/env/lib/python3.10/site-packages/sklearn/base.py", line 666, in _validate_params
    validate_parameter_constraints(
  File "/common/ketrong/tpotexp/env/lib/python3.10/site-packages/sklearn/utils/_param_validation.py", line 95, in validate_parameter_constraints
    raise InvalidParameterError(
sklearn.utils._param_validation.InvalidParameterError: The 'criterion' parameter of ExtraTreesRegressor must be a str among {'friedman_mse', 'poisson', 'absolute_error', 'squared_error'}. Got 'mae' instead.

WARNING AN INDIVIDUAL TIMED OUT: 
 <tpot2.search_spaces.pipelines.sequential.SequentialPipelineIndividual object at 0x15545455b6d0> 

Generation:  14
Best root_mean_squared_error score: -0.0014788975309805844
Generation:  56%|    | 14/25 [1:24:02<1:14:24, 405.91s/it]WARNING THIS INDIVIDUAL CAUSED AND EXCEPTION 
 <tpot2.search_spaces.pipelines.sequential.SequentialPipelineIndividual object at 0x1554764ce770> 
 The 'criterion' parameter of ExtraTreesRegressor must be a str among {'friedman_mse', 'poisson', 'absolute_error', 'squared_error'}. Got 'mae' instead. 
 Traceback (most recent call last):
  File "/common/ketrong/tpotexp/tpot2/tpot2/utils/eval_utils.py", line 53, in objective_nan_wrapper
    value = func_timeout.func_timeout(timeout, objective_function, args=[individual], kwargs=objective_kwargs)
  File "/common/ketrong/tpotexp/env/lib/python3.10/site-packages/func_timeout/dafunc.py", line 108, in func_timeout
    raise_exception(exception)
  File "/common/ketrong/tpotexp/env/lib/python3.10/site-packages/func_timeout/py3_raise.py", line 7, in raise_exception
    raise exception[0] from None
  File "/common/ketrong/tpotexp/tpot2/tpot2/tpot_estimator/estimator.py", line 623, in objective_function
    return objective_function_generator(
  File "/common/ketrong/tpotexp/tpot2/tpot2/tpot_estimator/estimator_utils.py", line 55, in objective_function_generator
    cv_obj_scores = cross_val_score_objective(sklearn.base.clone(pipeline),x,y,scorers=scorers, cv=cv , fold=step)
  File "/common/ketrong/tpotexp/tpot2/tpot2/tpot_estimator/cross_val_utils.py", line 28, in cross_val_score_objective
    this_fold_pipeline.fit(X_train,y_train)
  File "/common/ketrong/tpotexp/env/lib/python3.10/site-packages/sklearn/base.py", line 1473, in wrapper
    return fit_method(estimator, *args, **kwargs)
  File "/common/ketrong/tpotexp/env/lib/python3.10/site-packages/sklearn/pipeline.py", line 473, in fit
    self._final_estimator.fit(Xt, y, **last_step_params["fit"])
  File "/common/ketrong/tpotexp/env/lib/python3.10/site-packages/sklearn/base.py", line 1466, in wrapper
    estimator._validate_params()
  File "/common/ketrong/tpotexp/env/lib/python3.10/site-packages/sklearn/base.py", line 666, in _validate_params
    validate_parameter_constraints(
  File "/common/ketrong/tpotexp/env/lib/python3.10/site-packages/sklearn/utils/_param_validation.py", line 95, in validate_parameter_constraints
    raise InvalidParameterError(
sklearn.utils._param_validation.InvalidParameterError: The 'criterion' parameter of ExtraTreesRegressor must be a str among {'friedman_mse', 'poisson', 'absolute_error', 'squared_error'}. Got 'mae' instead.

WARNING THIS INDIVIDUAL CAUSED AND EXCEPTION 
 <tpot2.search_spaces.pipelines.sequential.SequentialPipelineIndividual object at 0x155475b5ba60> 
 The 'criterion' parameter of DecisionTreeRegressor must be a str among {'friedman_mse', 'poisson', 'absolute_error', 'squared_error'}. Got 'mae' instead. 
 Traceback (most recent call last):
  File "/common/ketrong/tpotexp/tpot2/tpot2/utils/eval_utils.py", line 53, in objective_nan_wrapper
    value = func_timeout.func_timeout(timeout, objective_function, args=[individual], kwargs=objective_kwargs)
  File "/common/ketrong/tpotexp/env/lib/python3.10/site-packages/func_timeout/dafunc.py", line 108, in func_timeout
    raise_exception(exception)
  File "/common/ketrong/tpotexp/env/lib/python3.10/site-packages/func_timeout/py3_raise.py", line 7, in raise_exception
    raise exception[0] from None
  File "/common/ketrong/tpotexp/tpot2/tpot2/tpot_estimator/estimator.py", line 623, in objective_function
    return objective_function_generator(
  File "/common/ketrong/tpotexp/tpot2/tpot2/tpot_estimator/estimator_utils.py", line 55, in objective_function_generator
    cv_obj_scores = cross_val_score_objective(sklearn.base.clone(pipeline),x,y,scorers=scorers, cv=cv , fold=step)
  File "/common/ketrong/tpotexp/tpot2/tpot2/tpot_estimator/cross_val_utils.py", line 28, in cross_val_score_objective
    this_fold_pipeline.fit(X_train,y_train)
  File "/common/ketrong/tpotexp/env/lib/python3.10/site-packages/sklearn/base.py", line 1473, in wrapper
    return fit_method(estimator, *args, **kwargs)
  File "/common/ketrong/tpotexp/env/lib/python3.10/site-packages/sklearn/pipeline.py", line 473, in fit
    self._final_estimator.fit(Xt, y, **last_step_params["fit"])
  File "/common/ketrong/tpotexp/env/lib/python3.10/site-packages/sklearn/base.py", line 1466, in wrapper
    estimator._validate_params()
  File "/common/ketrong/tpotexp/env/lib/python3.10/site-packages/sklearn/base.py", line 666, in _validate_params
    validate_parameter_constraints(
  File "/common/ketrong/tpotexp/env/lib/python3.10/site-packages/sklearn/utils/_param_validation.py", line 95, in validate_parameter_constraints
    raise InvalidParameterError(
sklearn.utils._param_validation.InvalidParameterError: The 'criterion' parameter of DecisionTreeRegressor must be a str among {'friedman_mse', 'poisson', 'absolute_error', 'squared_error'}. Got 'mae' instead.

WARNING AN INDIVIDUAL TIMED OUT: 
 <tpot2.search_spaces.pipelines.sequential.SequentialPipelineIndividual object at 0x15545f0b9870> 

Generation:  15
Best root_mean_squared_error score: -0.0014788975309805844
Generation:  60%|    | 15/25 [1:34:05<1:17:31, 465.18s/it]Generation:  16
Best root_mean_squared_error score: -0.0014784863828301276
Generation:  64%|   | 16/25 [1:34:37<50:13, 334.87s/it]  WARNING AN INDIVIDUAL TIMED OUT: 
 <tpot2.search_spaces.pipelines.sequential.SequentialPipelineIndividual object at 0x1554756a18d0> 

WARNING AN INDIVIDUAL TIMED OUT: 
 <tpot2.search_spaces.pipelines.sequential.SequentialPipelineIndividual object at 0x155454c6ed70> 

Generation:  17
Best root_mean_squared_error score: -0.0014773282752860474
Generation:  68%|   | 17/25 [1:44:42<55:28, 416.01s/it]WARNING THIS INDIVIDUAL CAUSED AND EXCEPTION 
 <tpot2.search_spaces.pipelines.sequential.SequentialPipelineIndividual object at 0x155474eff0a0> 
 The 'criterion' parameter of RandomForestRegressor must be a str among {'friedman_mse', 'poisson', 'absolute_error', 'squared_error'}. Got 'mae' instead. 
 Traceback (most recent call last):
  File "/common/ketrong/tpotexp/tpot2/tpot2/utils/eval_utils.py", line 53, in objective_nan_wrapper
    value = func_timeout.func_timeout(timeout, objective_function, args=[individual], kwargs=objective_kwargs)
  File "/common/ketrong/tpotexp/env/lib/python3.10/site-packages/func_timeout/dafunc.py", line 108, in func_timeout
    raise_exception(exception)
  File "/common/ketrong/tpotexp/env/lib/python3.10/site-packages/func_timeout/py3_raise.py", line 7, in raise_exception
    raise exception[0] from None
  File "/common/ketrong/tpotexp/tpot2/tpot2/tpot_estimator/estimator.py", line 623, in objective_function
    return objective_function_generator(
  File "/common/ketrong/tpotexp/tpot2/tpot2/tpot_estimator/estimator_utils.py", line 55, in objective_function_generator
    cv_obj_scores = cross_val_score_objective(sklearn.base.clone(pipeline),x,y,scorers=scorers, cv=cv , fold=step)
  File "/common/ketrong/tpotexp/tpot2/tpot2/tpot_estimator/cross_val_utils.py", line 28, in cross_val_score_objective
    this_fold_pipeline.fit(X_train,y_train)
  File "/common/ketrong/tpotexp/env/lib/python3.10/site-packages/sklearn/base.py", line 1473, in wrapper
    return fit_method(estimator, *args, **kwargs)
  File "/common/ketrong/tpotexp/env/lib/python3.10/site-packages/sklearn/pipeline.py", line 473, in fit
    self._final_estimator.fit(Xt, y, **last_step_params["fit"])
  File "/common/ketrong/tpotexp/env/lib/python3.10/site-packages/sklearn/base.py", line 1466, in wrapper
    estimator._validate_params()
  File "/common/ketrong/tpotexp/env/lib/python3.10/site-packages/sklearn/base.py", line 666, in _validate_params
    validate_parameter_constraints(
  File "/common/ketrong/tpotexp/env/lib/python3.10/site-packages/sklearn/utils/_param_validation.py", line 95, in validate_parameter_constraints
    raise InvalidParameterError(
sklearn.utils._param_validation.InvalidParameterError: The 'criterion' parameter of RandomForestRegressor must be a str among {'friedman_mse', 'poisson', 'absolute_error', 'squared_error'}. Got 'mae' instead.

WARNING AN INDIVIDUAL TIMED OUT: 
 <tpot2.search_spaces.pipelines.sequential.SequentialPipelineIndividual object at 0x15535f803490> 

Generation:  18
Best root_mean_squared_error score: -0.0014773282752860474
Generation:  72%|  | 18/25 [1:54:44<55:04, 472.07s/it]Generation:  19
Best root_mean_squared_error score: -0.0014773282752860474
Generation:  76%|  | 19/25 [1:55:26<34:16, 342.72s/it]Generation:  20
Best root_mean_squared_error score: -0.0014773282752860474
Generation:  80%|  | 20/25 [1:55:51<20:37, 247.46s/it]Generation:  21
Best root_mean_squared_error score: -0.0014773282752860474
Generation:  84%| | 21/25 [1:56:15<12:00, 180.18s/it]Generation:  22
Best root_mean_squared_error score: -0.0014773282752860474
Generation:  88%| | 22/25 [1:56:42<06:43, 134.39s/it]WARNING AN INDIVIDUAL TIMED OUT: 
 <tpot2.search_spaces.pipelines.sequential.SequentialPipelineIndividual object at 0x1554539e6230> 

Generation:  23
Best root_mean_squared_error score: -0.001477088844418322
Generation:  92%|| 23/25 [2:06:45<09:09, 274.94s/it]WARNING THIS INDIVIDUAL CAUSED AND EXCEPTION 
 <tpot2.search_spaces.pipelines.sequential.SequentialPipelineIndividual object at 0x155475411b70> 
 The 'criterion' parameter of DecisionTreeRegressor must be a str among {'friedman_mse', 'poisson', 'absolute_error', 'squared_error'}. Got 'mae' instead. 
 Traceback (most recent call last):
  File "/common/ketrong/tpotexp/tpot2/tpot2/utils/eval_utils.py", line 53, in objective_nan_wrapper
    value = func_timeout.func_timeout(timeout, objective_function, args=[individual], kwargs=objective_kwargs)
  File "/common/ketrong/tpotexp/env/lib/python3.10/site-packages/func_timeout/dafunc.py", line 108, in func_timeout
    raise_exception(exception)
  File "/common/ketrong/tpotexp/env/lib/python3.10/site-packages/func_timeout/py3_raise.py", line 7, in raise_exception
    raise exception[0] from None
  File "/common/ketrong/tpotexp/tpot2/tpot2/tpot_estimator/estimator.py", line 623, in objective_function
    return objective_function_generator(
  File "/common/ketrong/tpotexp/tpot2/tpot2/tpot_estimator/estimator_utils.py", line 55, in objective_function_generator
    cv_obj_scores = cross_val_score_objective(sklearn.base.clone(pipeline),x,y,scorers=scorers, cv=cv , fold=step)
  File "/common/ketrong/tpotexp/tpot2/tpot2/tpot_estimator/cross_val_utils.py", line 28, in cross_val_score_objective
    this_fold_pipeline.fit(X_train,y_train)
  File "/common/ketrong/tpotexp/env/lib/python3.10/site-packages/sklearn/base.py", line 1473, in wrapper
    return fit_method(estimator, *args, **kwargs)
  File "/common/ketrong/tpotexp/env/lib/python3.10/site-packages/sklearn/pipeline.py", line 473, in fit
    self._final_estimator.fit(Xt, y, **last_step_params["fit"])
  File "/common/ketrong/tpotexp/env/lib/python3.10/site-packages/sklearn/base.py", line 1466, in wrapper
    estimator._validate_params()
  File "/common/ketrong/tpotexp/env/lib/python3.10/site-packages/sklearn/base.py", line 666, in _validate_params
    validate_parameter_constraints(
  File "/common/ketrong/tpotexp/env/lib/python3.10/site-packages/sklearn/utils/_param_validation.py", line 95, in validate_parameter_constraints
    raise InvalidParameterError(
sklearn.utils._param_validation.InvalidParameterError: The 'criterion' parameter of DecisionTreeRegressor must be a str among {'friedman_mse', 'poisson', 'absolute_error', 'squared_error'}. Got 'mae' instead.

WARNING AN INDIVIDUAL TIMED OUT: 
 <tpot2.search_spaces.pipelines.sequential.SequentialPipelineIndividual object at 0x155475b9a9b0> 

Generation:  24
Best root_mean_squared_error score: -0.0014769732436338344
Generation:  96%|| 24/25 [2:16:48<06:13, 373.35s/it]WARNING AN INDIVIDUAL TIMED OUT: 
 <tpot2.search_spaces.pipelines.sequential.SequentialPipelineIndividual object at 0x1554756be350> 

Generation:  25
Best root_mean_squared_error score: -0.0014766822952599382
Generation: 100%|| 25/25 [2:26:52<00:00, 442.64s/it]Generation: 100%|| 25/25 [2:26:52<00:00, 352.51s/it]
2024-08-20 22:35:02,967 - distributed.scheduler - ERROR - Removing worker 'tcp://127.0.0.1:37039' caused the cluster to lose scattered data, which can't be recovered: {'DataFrame-038cf5f95ebc63223bfe9320db95f777', 'DataFrame-884b7a7a41127a2cd781f80cce70a830'} (stimulus_id='handle-worker-cleanup-1724218502.9678636')
Fitted
Pipeline(steps=[('knnimputer', KNNImputer(n_neighbors=79, weights='distance')),
                ('lgbmregressor',
                 LGBMRegressor(max_depth=5, n_estimators=65, n_jobs=1,
                               num_leaves=253, verbose=-1))])
transform worked
try transform
transform worked
score start
train score: {'explained_var': 0.6671933214472745, 'r2': 0.6671933214472744, 'rmse': 0.0013692008044318214}
test score: {'explained_var': 0.6108510112250012, 'r2': 0.6104482039198307, 'rmse': 0.0014850701222606931}
original test score: {'explained_var': 0.613092096362138, 'r2': 0.6127225036162688, 'rmse': 0.0014807286731038387}
score end
198
lvl
0.01
type
MCAR
num_run
2
reg_full
finished
all finished
full run takes
4.449133361909125
hours
DONE
