Run: 9
/cm/local/apps/slurm/var/spool/job1010329/slurm_script: line 27: 
pip install -e tpot2
pip install -r tpot2/ImputerExperiments/requirements_.txt
: No such file or directory
RunStart
srun: Job step aborted: Waiting up to 32 seconds for job step to finish.
slurmstepd: error: *** JOB 1010329 ON esplhpc-cp060 CANCELLED AT 2024-10-21T15:33:40 ***
slurmstepd: error: *** STEP 1010329.0 ON esplhpc-cp060 CANCELLED AT 2024-10-21T15:33:40 ***
