Run: 34
/cm/local/apps/slurm/var/spool/job1048071/slurm_script: line 27: 
pip install -e tpot2
pip install -r tpot2/ImputerExperiments/requirements_.txt
: No such file or directory
RunStart
Version 0.1.7a0 of tpot2 is outdated. Version 0.1.8a0 was released Tuesday September 17, 2024.
starting loops
../data/c/4552/4552.pkl
            V1   V2   V3   V4   V5   V6   V7   V8   V9  V10  V11  V12  V13  \
0     000106b_    1  YES   NO   NO   NO   NO  YES   NO   NO   NO  YES   NO   
1     000106b_    2  YES   NO   NO   NO  YES   NO   NO  YES   NO   NO   NO   
2     000106b_    3  YES   NO   NO   NO  YES   NO   NO  YES   NO   NO   NO   
3     000106b_    4  YES   NO   NO   NO   NO  YES   NO   NO   NO  YES   NO   
4     000106b_    5  YES   NO   NO   NO   NO  YES   NO   NO   NO  YES   NO   
...        ...  ...  ...  ...  ...  ...  ...  ...  ...  ...  ...  ...  ...   
5660  015505b_  105   NO   NO  YES   NO   NO   NO   NO  YES   NO   NO  YES   
5661  015505b_  106   NO   NO  YES   NO   NO   NO   NO  YES   NO  YES   NO   
5662  015505b_  107  YES   NO   NO   NO  YES   NO   NO  YES   NO   NO   NO   
5663  015505b_  108  YES   NO   NO   NO  YES   NO   NO  YES   NO   NO  YES   
5664  015505b_  109   NO   NO   NO   NO   NO  YES   NO   NO   NO  YES   NO   

      V14 V15  V16  
0      NO   F    3  
1      NO   E    5  
2      NO   E    2  
3      NO   F    3  
4      NO   F    2  
...   ...  ..  ...  
5660   NO   G    4  
5661   NO   G    3  
5662   NO   C    5  
5663   NO   C    3  
5664   NO   F    4  

[5665 rows x 16 columns]
<class 'pandas.core.frame.DataFrame'>
Traceback (most recent call last):
  File "/common/ketrong/tpotexp/tpot2/ImputerExperiments/Locally_run_code/main5.py", line 170, in <module>
    main()
  File "/common/ketrong/tpotexp/tpot2/ImputerExperiments/Locally_run_code/main5.py", line 156, in main
    utils.loop_through_tasks(class_experiments, classification_id_list, 
  File "/common/ketrong/tpotexp/tpot2/ImputerExperiments/Locally_run_code/utils.py", line 157, in loop_through_tasks
    X_train, y_train, X_test, y_test = load_task(base_save_folder=save_folder, task_id=taskid, r_or_c= r_or_c)
  File "/common/ketrong/tpotexp/tpot2/ImputerExperiments/Locally_run_code/utils.py", line 100, in load_task
    X_train, X_test, y_train, y_test = train_test_split(X, y, test_size=0.2, stratify=y)
  File "/common/ketrong/tpotexp/env/lib/python3.10/site-packages/sklearn/utils/_param_validation.py", line 213, in wrapper
    return func(*args, **kwargs)
  File "/common/ketrong/tpotexp/env/lib/python3.10/site-packages/sklearn/model_selection/_split.py", line 2801, in train_test_split
    train, test = next(cv.split(X=arrays[0], y=stratify))
  File "/common/ketrong/tpotexp/env/lib/python3.10/site-packages/sklearn/model_selection/_split.py", line 1843, in split
    for train, test in self._iter_indices(X, y, groups):
  File "/common/ketrong/tpotexp/env/lib/python3.10/site-packages/sklearn/model_selection/_split.py", line 2247, in _iter_indices
    raise ValueError(
ValueError: The least populated class in y has only 1 member, which is too few. The minimum number of groups for any class cannot be less than 2.
srun: error: esplhpc-cp005: task 0: Exited with exit code 1
