Run: 1
/cm/local/apps/slurm/var/spool/job994198/slurm_script: line 27: 
pip install -e tpot2
pip install -r tpot2/ImputerExperiments/requirements_.txt
: No such file or directory
RunStart
Version 0.1.7a0 of tpot2 is outdated. Version 0.1.8a0 was released Tuesday September 17, 2024.
189 5 passed: reg_full_MAR_0.01_1/
189 29 passed: reg_full_MAR_0.01_2/
189 53 passed: reg_full_MAR_0.01_3/
189 6 passed: reg_full_MAR_0.1_1/
189 30 passed: reg_full_MAR_0.1_2/
189 54 passed: reg_full_MAR_0.1_3/
189 7 passed: reg_full_MAR_0.3_1/
189 31 passed: reg_full_MAR_0.3_2/
189 55 passed: reg_full_MAR_0.3_3/
189 8 passed: reg_full_MAR_0.5_1/
189 32 passed: reg_full_MAR_0.5_2/
189 56 passed: reg_full_MAR_0.5_3/
189 1 passed: reg_full_MCAR_0.01_1/
189 25 passed: reg_full_MCAR_0.01_2/
189 49 passed: reg_full_MCAR_0.01_3/
189 2 passed: reg_full_MCAR_0.1_1/
189 26 passed: reg_full_MCAR_0.1_2/
189 50 passed: reg_full_MCAR_0.1_3/
189 3 passed: reg_full_MCAR_0.3_1/
189 27 passed: reg_full_MCAR_0.3_2/
189 51 passed: reg_full_MCAR_0.3_3/
189 4 passed: reg_full_MCAR_0.5_1/
189 28 passed: reg_full_MCAR_0.5_2/
189 52 passed: reg_full_MCAR_0.5_3/
189 9 passed: reg_full_MNAR_0.01_1/
189 33 passed: reg_full_MNAR_0.01_2/
189 57 passed: reg_full_MNAR_0.01_3/
189 10 passed: reg_full_MNAR_0.1_1/
189 34 passed: reg_full_MNAR_0.1_2/
189 58 passed: reg_full_MNAR_0.1_3/
189 11 passed: reg_full_MNAR_0.3_1/
189 35 passed: reg_full_MNAR_0.3_2/
189 59 passed: reg_full_MNAR_0.3_3/
189 12 passed: reg_full_MNAR_0.5_1/
189 36 passed: reg_full_MNAR_0.5_2/
189 60 passed: reg_full_MNAR_0.5_3/
189 17 passed: reg_simple_MAR_0.01_1/
189 41 passed: reg_simple_MAR_0.01_2/
189 65 passed: reg_simple_MAR_0.01_3/
189 18 passed: reg_simple_MAR_0.1_1/
slurmstepd: error: *** JOB 994198 ON esplhpc-cp021 CANCELLED AT 2024-10-08T17:47:23 ***
srun: Job step aborted: Waiting up to 32 seconds for job step to finish.
slurmstepd: error: *** STEP 994198.0 ON esplhpc-cp021 CANCELLED AT 2024-10-08T17:47:23 ***
