Run: 31
/cm/local/apps/slurm/var/spool/job967805/slurm_script: line 26: 
pip install -e tpot2
pip install -r tpot2/ImputerExperiments/requirements_.txt
: No such file or directory
RunStart
Version 0.1.7a0 of tpot2 is outdated. Version 0.1.8a0 was released 4 days ago.
starting loops
../data/r/198/198.pkl
working on 
../data/r/198/reg_full_MAR_0.3_2
3.5411181449890137
running experiment 1/3 - Does large hyperparameter space improve reconstruction accuracy over simple
[I 2024-09-22 14:04:32,529] A new study created in memory with name: no-name-9df65ae0-9bbf-4c17-978e-90df9668bd7a
running
running
running
running
running
running
running
running
running
running
running
running
running
running
running
running
[I 2024-09-22 14:04:32,875] Trial 5 finished with value: 0.2856283458963701 and parameters: {'model_name': 'SimpleImputer', 'strategy': 'most_frequent'}. Best is trial 5 with value: 0.2856283458963701.
running
[I 2024-09-22 14:04:33,057] Trial 7 finished with value: 0.2856283458963701 and parameters: {'model_name': 'SimpleImputer', 'strategy': 'most_frequent'}. Best is trial 5 with value: 0.2856283458963701.
running
[I 2024-09-22 14:04:34,479] Trial 0 finished with value: 0.1392429594977786 and parameters: {'model_name': 'IterativeImputer', 'estimator': 'Ridge', 'initial_strategy': 'most_frequent', 'n_nearest_features': 5, 'imputation_order': 'roman'}. Best is trial 0 with value: 0.1392429594977786.
running
[I 2024-09-22 14:04:34,791] Trial 6 finished with value: 0.1449802224755073 and parameters: {'model_name': 'KNNImputer', 'n_neighbors': 1299, 'weights': 'distance'}. Best is trial 0 with value: 0.1392429594977786.
running
[I 2024-09-22 14:04:34,947] Trial 3 finished with value: 0.15214619287701733 and parameters: {'model_name': 'KNNImputer', 'n_neighbors': 6992, 'weights': 'distance'}. Best is trial 0 with value: 0.1392429594977786.
running
[I 2024-09-22 14:04:39,504] Trial 12 finished with value: 0.1511719747646915 and parameters: {'model_name': 'IterativeImputer', 'estimator': 'KNN', 'initial_strategy': 'most_frequent', 'n_nearest_features': 2, 'imputation_order': 'arabic'}. Best is trial 0 with value: 0.1392429594977786.
running
[I 2024-09-22 14:04:40,829] Trial 1 finished with value: 0.1392829921736791 and parameters: {'model_name': 'VAE', 'batch_size': 23, 'iterations': 1, 'learning_rate': 0.0016502440837464114, 'p_miss': 0.2558776922233319}. Best is trial 0 with value: 0.1392429594977786.
running
[I 2024-09-22 14:04:41,392] Trial 14 finished with value: 0.13226951960368788 and parameters: {'model_name': 'VAE', 'batch_size': 24, 'iterations': 1, 'learning_rate': 0.001012378320163889, 'p_miss': 0.0248648284916692}. Best is trial 14 with value: 0.13226951960368788.
running
[I 2024-09-22 14:04:42,139] Trial 13 finished with value: 0.14180385761504985 and parameters: {'model_name': 'IterativeImputer', 'estimator': 'Bayesian', 'initial_strategy': 'mean', 'n_nearest_features': 3, 'imputation_order': 'roman', 'sample_posterior': False}. Best is trial 14 with value: 0.13226951960368788.
running
[I 2024-09-22 14:04:44,914] Trial 24 finished with value: 0.15055461705295778 and parameters: {'model_name': 'KNNImputer', 'n_neighbors': 4450, 'weights': 'uniform'}. Best is trial 14 with value: 0.13226951960368788.
running
[I 2024-09-22 14:04:47,963] Trial 18 finished with value: 0.14553373011673748 and parameters: {'model_name': 'IterativeImputer', 'estimator': 'KNN', 'initial_strategy': 'median', 'n_nearest_features': 5, 'imputation_order': 'random'}. Best is trial 14 with value: 0.13226951960368788.
running
[I 2024-09-22 14:04:49,904] Trial 22 finished with value: 0.1429837882887276 and parameters: {'model_name': 'IterativeImputer', 'estimator': 'Ridge', 'initial_strategy': 'mean', 'n_nearest_features': 2, 'imputation_order': 'ascending'}. Best is trial 14 with value: 0.13226951960368788.
running
[I 2024-09-22 14:05:08,558] Trial 17 finished with value: 0.15117049109058261 and parameters: {'model_name': 'VAE', 'batch_size': 14, 'iterations': 17, 'learning_rate': 0.00994646513992896, 'p_miss': 0.12782867108245458}. Best is trial 14 with value: 0.13226951960368788.
running
[I 2024-09-22 14:05:31,292] Trial 25 finished with value: 0.4934268359573733 and parameters: {'model_name': 'GAIN', 'batch_size': 480, 'hint_rate': 0.8943776451414541, 'alpha': 92, 'iterations': 31, 'learning_rate': 0.00011329401804698824, 'p_miss': 0.017595128113638878}. Best is trial 14 with value: 0.13226951960368788.
running
[I 2024-09-22 14:06:19,052] Trial 16 finished with value: 0.13180115425668656 and parameters: {'model_name': 'VAE', 'batch_size': 79, 'iterations': 39, 'learning_rate': 0.00130257863219991, 'p_miss': 0.29459548614903586}. Best is trial 16 with value: 0.13180115425668656.
running
[I 2024-09-22 14:06:28,938] Trial 10 finished with value: 0.1366827815982774 and parameters: {'model_name': 'VAE', 'batch_size': 357, 'iterations': 26, 'learning_rate': 0.0017343921199663485, 'p_miss': 0.2371444294142618}. Best is trial 16 with value: 0.13180115425668656.
running
[I 2024-09-22 14:07:27,705] Trial 9 finished with value: 0.16782023714138916 and parameters: {'model_name': 'VAE', 'batch_size': 32, 'iterations': 63, 'learning_rate': 0.021550668889942323, 'p_miss': 0.13553453770945664}. Best is trial 16 with value: 0.13180115425668656.
running
[I 2024-09-22 14:09:46,210] Trial 21 finished with value: 0.13500133242622267 and parameters: {'model_name': 'VAE', 'batch_size': 4, 'iterations': 104, 'learning_rate': 0.00023809951224817291, 'p_miss': 0.11922694696972011}. Best is trial 16 with value: 0.13180115425668656.
running
[I 2024-09-22 14:13:19,204] Trial 26 finished with value: 0.4939971559979857 and parameters: {'model_name': 'GAIN', 'batch_size': 719, 'hint_rate': 0.5244701868561261, 'alpha': 53, 'iterations': 310, 'learning_rate': 0.0001802265003256782, 'p_miss': 0.010444603478924314}. Best is trial 16 with value: 0.13180115425668656.
running
[I 2024-09-22 14:14:06,394] Trial 23 finished with value: 0.4874875529943944 and parameters: {'model_name': 'GAIN', 'batch_size': 209, 'hint_rate': 0.05381661620705393, 'alpha': 28, 'iterations': 397, 'learning_rate': 0.0007265305623015807, 'p_miss': 0.2020530837803146}. Best is trial 16 with value: 0.13180115425668656.
running
[I 2024-09-22 14:14:11,108] Trial 35 finished with value: 0.13462046135621886 and parameters: {'model_name': 'VAE', 'batch_size': 89, 'iterations': 1, 'learning_rate': 0.0061119932575964, 'p_miss': 0.29541926792558704}. Best is trial 16 with value: 0.13180115425668656.
running
[I 2024-09-22 14:14:17,086] Trial 36 finished with value: 0.14356048102147856 and parameters: {'model_name': 'VAE', 'batch_size': 65, 'iterations': 1, 'learning_rate': 0.00545206425979389, 'p_miss': 0.29130857103761176}. Best is trial 16 with value: 0.13180115425668656.
running
[I 2024-09-22 14:16:20,386] Trial 4 finished with value: 0.14825994456399522 and parameters: {'model_name': 'IterativeImputer', 'estimator': 'RFR', 'initial_strategy': 'most_frequent', 'n_nearest_features': 2, 'imputation_order': 'random'}. Best is trial 16 with value: 0.13180115425668656.
running
[I 2024-09-22 14:16:34,529] Trial 38 finished with value: 0.14569634407694992 and parameters: {'model_name': 'VAE', 'batch_size': 91, 'iterations': 4, 'learning_rate': 0.0007202194052274931, 'p_miss': 0.29522166246173}. Best is trial 16 with value: 0.13180115425668656.
running
[I 2024-09-22 14:18:03,720] Trial 15 finished with value: 0.15159821864377837 and parameters: {'model_name': 'IterativeImputer', 'estimator': 'RFR', 'initial_strategy': 'most_frequent', 'n_nearest_features': 3, 'imputation_order': 'descending'}. Best is trial 16 with value: 0.13180115425668656.
running
[I 2024-09-22 14:18:20,640] Trial 20 finished with value: 0.1509304570385721 and parameters: {'model_name': 'IterativeImputer', 'estimator': 'RFR', 'initial_strategy': 'mean', 'n_nearest_features': 3, 'imputation_order': 'descending'}. Best is trial 16 with value: 0.13180115425668656.
running
[I 2024-09-22 14:18:38,949] Trial 41 finished with value: 0.18611458688134322 and parameters: {'model_name': 'VAE', 'batch_size': 8, 'iterations': 5, 'learning_rate': 0.06622983229704572, 'p_miss': 0.07596920529832411}. Best is trial 16 with value: 0.13180115425668656.
running
[I 2024-09-22 14:19:27,407] Trial 2 finished with value: 0.14910327082195166 and parameters: {'model_name': 'IterativeImputer', 'estimator': 'RFR', 'initial_strategy': 'constant', 'n_nearest_features': 4, 'imputation_order': 'random'}. Best is trial 16 with value: 0.13180115425668656.
running
[I 2024-09-22 14:26:36,966] Trial 27 finished with value: 0.13542394892932802 and parameters: {'model_name': 'VAE', 'batch_size': 579, 'iterations': 312, 'learning_rate': 0.0001240062273363375, 'p_miss': 0.022279950392089562}. Best is trial 16 with value: 0.13180115425668656.
running
[I 2024-09-22 14:32:24,369] Trial 11 finished with value: inf and parameters: {'model_name': 'GAIN', 'batch_size': 6, 'hint_rate': 0.45436786647252536, 'alpha': 95, 'iterations': 6077, 'learning_rate': 0.024752568794956676, 'p_miss': 0.13249338797160679}. Best is trial 16 with value: 0.13180115425668656.
running
[I 2024-09-22 14:32:34,971] Trial 45 finished with value: 0.1433746931220042 and parameters: {'model_name': 'VAE', 'batch_size': 1, 'iterations': 3, 'learning_rate': 0.002476860730626164, 'p_miss': 0.21923775094224313}. Best is trial 16 with value: 0.13180115425668656.
running
[I 2024-09-22 14:32:39,741] Trial 46 finished with value: 0.1465877779821411 and parameters: {'model_name': 'VAE', 'batch_size': 2, 'iterations': 1, 'learning_rate': 0.000535802514967255, 'p_miss': 0.07438522541070346}. Best is trial 16 with value: 0.13180115425668656.
running
[I 2024-09-22 15:01:14,367] Trial 8 finished with value: 0.47716490225852065 and parameters: {'model_name': 'GAIN', 'batch_size': 185, 'hint_rate': 0.9787986190923245, 'alpha': 69, 'iterations': 2498, 'learning_rate': 0.06368868068684536, 'p_miss': 0.2775181429812948}. Best is trial 16 with value: 0.13180115425668656.
running
[I 2024-09-22 15:07:40,170] Trial 48 finished with value: 0.13668300695517677 and parameters: {'model_name': 'VAE', 'batch_size': 60, 'iterations': 112, 'learning_rate': 0.00030642177388661725, 'p_miss': 0.19550927520737435}. Best is trial 16 with value: 0.13180115425668656.
running
[I 2024-09-22 15:08:10,345] Trial 49 finished with value: 0.13686700201846294 and parameters: {'model_name': 'VAE', 'batch_size': 4, 'iterations': 9, 'learning_rate': 0.004885000731339857, 'p_miss': 0.07500181606429168}. Best is trial 16 with value: 0.13180115425668656.
running
[I 2024-09-22 15:13:33,931] Trial 50 finished with value: 0.14530019609624018 and parameters: {'model_name': 'VAE', 'batch_size': 41, 'iterations': 102, 'learning_rate': 0.0011781908538297501, 'p_miss': 0.17000466607470743}. Best is trial 16 with value: 0.13180115425668656.
running
[I 2024-09-22 15:13:34,189] Trial 51 finished with value: 0.5093404905938617 and parameters: {'model_name': 'SimpleImputer', 'strategy': 'constant'}. Best is trial 16 with value: 0.13180115425668656.
running
[I 2024-09-22 15:13:42,065] Trial 52 finished with value: 0.13679709895770703 and parameters: {'model_name': 'VAE', 'batch_size': 122, 'iterations': 2, 'learning_rate': 0.0003025391878593764, 'p_miss': 0.2596297366703125}. Best is trial 16 with value: 0.13180115425668656.
running
[I 2024-09-22 15:13:43,300] Trial 53 finished with value: 0.13739956481809917 and parameters: {'model_name': 'KNNImputer', 'n_neighbors': 172, 'weights': 'uniform'}. Best is trial 16 with value: 0.13180115425668656.
running
[I 2024-09-22 15:14:25,823] Trial 54 finished with value: 0.13675196554944855 and parameters: {'model_name': 'VAE', 'batch_size': 14, 'iterations': 12, 'learning_rate': 0.004784292917154175, 'p_miss': 0.10341428766393569}. Best is trial 16 with value: 0.13180115425668656.
running
[I 2024-09-22 15:14:26,269] Trial 55 finished with value: 0.14119729835147452 and parameters: {'model_name': 'SimpleImputer', 'strategy': 'median'}. Best is trial 16 with value: 0.13180115425668656.
running
[I 2024-09-22 15:25:33,957] Trial 47 finished with value: 0.1610989344611855 and parameters: {'model_name': 'VAE', 'batch_size': 75, 'iterations': 1133, 'learning_rate': 0.0003549637527747146, 'p_miss': 0.08518109016740255}. Best is trial 16 with value: 0.13180115425668656.
running
[I 2024-09-22 15:44:15,168] Trial 56 finished with value: 0.1352922591511355 and parameters: {'model_name': 'VAE', 'batch_size': 945, 'iterations': 381, 'learning_rate': 0.00012105547138614812, 'p_miss': 0.03968639424834708}. Best is trial 16 with value: 0.13180115425668656.
running
[I 2024-09-22 15:51:37,260] Trial 33 finished with value: 0.4941113141577301 and parameters: {'model_name': 'GAIN', 'batch_size': 83, 'hint_rate': 0.04328741544507231, 'alpha': 7, 'iterations': 4322, 'learning_rate': 0.0005730894584298612, 'p_miss': 0.03218122562580189}. Best is trial 16 with value: 0.13180115425668656.
running
[I 2024-09-22 15:53:21,158] Trial 43 finished with value: 0.16091486965570884 and parameters: {'model_name': 'VAE', 'batch_size': 102, 'iterations': 2048, 'learning_rate': 0.003450092527642361, 'p_miss': 0.19259541121678514}. Best is trial 16 with value: 0.13180115425668656.
running
[I 2024-09-22 16:00:53,536] Trial 19 finished with value: 0.4862413685385202 and parameters: {'model_name': 'GAIN', 'batch_size': 28, 'hint_rate': 0.16856897487048664, 'alpha': 45, 'iterations': 5096, 'learning_rate': 0.0008308073167049269, 'p_miss': 0.23192901233702745}. Best is trial 16 with value: 0.13180115425668656.
running
[I 2024-09-22 16:03:40,282] Trial 57 finished with value: 0.14099179977311088 and parameters: {'model_name': 'VAE', 'batch_size': 997, 'iterations': 339, 'learning_rate': 0.00010067198884682083, 'p_miss': 0.040821985926618995}. Best is trial 16 with value: 0.13180115425668656.
running
[I 2024-09-22 16:32:38,920] Trial 58 finished with value: 0.1635004486398011 and parameters: {'model_name': 'VAE', 'batch_size': 15, 'iterations': 826, 'learning_rate': 0.00021698580368902781, 'p_miss': 0.03370824271457169}. Best is trial 16 with value: 0.13180115425668656.
running
[I 2024-09-22 16:40:15,432] Trial 60 finished with value: 0.1452251647409621 and parameters: {'model_name': 'VAE', 'batch_size': 958, 'iterations': 525, 'learning_rate': 0.0001858018410115393, 'p_miss': 0.046921378779519754}. Best is trial 16 with value: 0.13180115425668656.
running
[I 2024-09-22 16:40:17,082] Trial 64 finished with value: 0.15441089549326822 and parameters: {'model_name': 'KNNImputer', 'n_neighbors': 7510, 'weights': 'uniform'}. Best is trial 16 with value: 0.13180115425668656.
running
[I 2024-09-22 16:40:17,390] Trial 65 finished with value: 0.15441089549326822 and parameters: {'model_name': 'SimpleImputer', 'strategy': 'mean'}. Best is trial 16 with value: 0.13180115425668656.
running
[I 2024-09-22 16:41:09,932] Trial 32 finished with value: 0.16706593384871887 and parameters: {'model_name': 'VAE', 'batch_size': 2, 'iterations': 3050, 'learning_rate': 0.0004048427960148424, 'p_miss': 0.016811935632553558}. Best is trial 16 with value: 0.13180115425668656.
running
[I 2024-09-22 16:43:59,463] Trial 63 finished with value: 0.15626423544525725 and parameters: {'model_name': 'VAE', 'batch_size': 213, 'iterations': 147, 'learning_rate': 0.0014977473305205025, 'p_miss': 0.2638958746820816}. Best is trial 16 with value: 0.13180115425668656.
running
[I 2024-09-22 16:44:23,328] Trial 61 finished with value: 0.1525084107767079 and parameters: {'model_name': 'VAE', 'batch_size': 293, 'iterations': 612, 'learning_rate': 0.00021009789314742325, 'p_miss': 0.05032339397561864}. Best is trial 16 with value: 0.13180115425668656.
running
[I 2024-09-22 16:49:57,005] Trial 66 finished with value: 0.14116393626977408 and parameters: {'model_name': 'VAE', 'batch_size': 327, 'iterations': 170, 'learning_rate': 0.0001454149014663763, 'p_miss': 0.05133325338525213}. Best is trial 16 with value: 0.13180115425668656.
running
[I 2024-09-22 16:50:29,070] Trial 67 finished with value: 0.13838538270692471 and parameters: {'model_name': 'VAE', 'batch_size': 355, 'iterations': 145, 'learning_rate': 0.00013726206057646312, 'p_miss': 0.048423084965126206}. Best is trial 16 with value: 0.13180115425668656.
running
[I 2024-09-22 16:50:51,619] Trial 59 finished with value: 0.1555244842108222 and parameters: {'model_name': 'VAE', 'batch_size': 957, 'iterations': 746, 'learning_rate': 0.00022172557878336285, 'p_miss': 0.048617732231210464}. Best is trial 16 with value: 0.13180115425668656.
running
[I 2024-09-22 16:53:07,794] Trial 72 finished with value: 0.16809632658056994 and parameters: {'model_name': 'VAE', 'batch_size': 41, 'iterations': 43, 'learning_rate': 0.011982893815504287, 'p_miss': 0.15611778712489752}. Best is trial 16 with value: 0.13180115425668656.
running
[I 2024-09-22 16:53:43,795] Trial 70 finished with value: 0.16137214973464692 and parameters: {'model_name': 'VAE', 'batch_size': 542, 'iterations': 55, 'learning_rate': 0.013181111514138607, 'p_miss': 0.10819264246765928}. Best is trial 16 with value: 0.13180115425668656.
running
[I 2024-09-22 16:53:46,039] Trial 74 finished with value: 0.14877158211622724 and parameters: {'model_name': 'KNNImputer', 'n_neighbors': 3464, 'weights': 'distance'}. Best is trial 16 with value: 0.13180115425668656.
running
[I 2024-09-22 16:53:53,165] Trial 71 finished with value: 0.16286207915674136 and parameters: {'model_name': 'VAE', 'batch_size': 573, 'iterations': 47, 'learning_rate': 0.011465865037463618, 'p_miss': 0.27790999431834834}. Best is trial 16 with value: 0.13180115425668656.
running
[I 2024-09-22 16:53:54,779] Trial 75 finished with value: 0.13970427083638462 and parameters: {'model_name': 'VAE', 'batch_size': 20, 'iterations': 2, 'learning_rate': 0.0020926881827524045, 'p_miss': 0.2751110104244241}. Best is trial 16 with value: 0.13180115425668656.
running
[I 2024-09-22 16:55:15,291] Trial 76 finished with value: 0.13962903004330895 and parameters: {'model_name': 'VAE', 'batch_size': 154, 'iterations': 24, 'learning_rate': 0.002139917270584711, 'p_miss': 0.24258267418816915}. Best is trial 16 with value: 0.13180115425668656.
running
[I 2024-09-22 16:55:20,263] Trial 68 finished with value: 0.13572235438328423 and parameters: {'model_name': 'VAE', 'batch_size': 386, 'iterations': 197, 'learning_rate': 0.00015560978057725552, 'p_miss': 0.052798418887131465}. Best is trial 16 with value: 0.13180115425668656.
running
[I 2024-09-22 16:57:45,517] Trial 73 finished with value: 0.1546261612214276 and parameters: {'model_name': 'VAE', 'batch_size': 548, 'iterations': 60, 'learning_rate': 0.0022422726134665263, 'p_miss': 0.10801657729404993}. Best is trial 16 with value: 0.13180115425668656.
running
[I 2024-09-22 16:58:02,217] Trial 80 finished with value: 0.20863801678558466 and parameters: {'model_name': 'IterativeImputer', 'estimator': 'Bayesian', 'initial_strategy': 'constant', 'n_nearest_features': 6, 'imputation_order': 'ascending', 'sample_posterior': True}. Best is trial 16 with value: 0.13180115425668656.
running
[I 2024-09-22 16:58:17,778] Trial 69 finished with value: 0.1398016083366762 and parameters: {'model_name': 'VAE', 'batch_size': 528, 'iterations': 193, 'learning_rate': 0.00014291719866076362, 'p_miss': 0.05617859549093734}. Best is trial 16 with value: 0.13180115425668656.
running
[I 2024-09-22 17:05:24,133] Trial 62 finished with value: 0.15662757332172642 and parameters: {'model_name': 'VAE', 'batch_size': 196, 'iterations': 809, 'learning_rate': 0.00022806002749794544, 'p_miss': 0.04767864753276298}. Best is trial 16 with value: 0.13180115425668656.
running
[I 2024-09-22 17:05:24,672] Trial 83 finished with value: 0.14119729835147452 and parameters: {'model_name': 'SimpleImputer', 'strategy': 'median'}. Best is trial 16 with value: 0.13180115425668656.
running
[I 2024-09-22 17:05:48,403] Trial 78 finished with value: 0.16778157663608273 and parameters: {'model_name': 'VAE', 'batch_size': 7, 'iterations': 216, 'learning_rate': 0.0010489601596161261, 'p_miss': 0.024697443785073908}. Best is trial 16 with value: 0.13180115425668656.
running
[I 2024-09-22 17:06:17,603] Trial 77 finished with value: 0.1620663312279566 and parameters: {'model_name': 'VAE', 'batch_size': 174, 'iterations': 241, 'learning_rate': 0.001836470526594043, 'p_miss': 0.24023781092868648}. Best is trial 16 with value: 0.13180115425668656.
running
[I 2024-09-22 17:09:39,566] Trial 79 finished with value: 0.13314162934657503 and parameters: {'model_name': 'VAE', 'batch_size': 244, 'iterations': 238, 'learning_rate': 0.00013235076468639476, 'p_miss': 0.025647953487933105}. Best is trial 16 with value: 0.13180115425668656.
running
[I 2024-09-22 17:10:38,040] Trial 81 finished with value: 0.15740203458977672 and parameters: {'model_name': 'VAE', 'batch_size': 240, 'iterations': 227, 'learning_rate': 0.0010211729636341316, 'p_miss': 0.025937969546204392}. Best is trial 16 with value: 0.13180115425668656.
running
[I 2024-09-22 17:11:21,307] Trial 86 finished with value: 0.16097836321541345 and parameters: {'model_name': 'VAE', 'batch_size': 328, 'iterations': 90, 'learning_rate': 0.0031772226028272386, 'p_miss': 0.01358016589962786}. Best is trial 16 with value: 0.13180115425668656.
running
[I 2024-09-22 17:12:43,103] Trial 31 finished with value: 0.1626251696220797 and parameters: {'model_name': 'VAE', 'batch_size': 45, 'iterations': 3549, 'learning_rate': 0.0004288454339829806, 'p_miss': 0.02067702085688461}. Best is trial 16 with value: 0.13180115425668656.
running
[I 2024-09-22 17:14:13,769] Trial 82 finished with value: 0.16133071725362078 and parameters: {'model_name': 'VAE', 'batch_size': 240, 'iterations': 229, 'learning_rate': 0.0012078702282884498, 'p_miss': 0.024993944824838125}. Best is trial 16 with value: 0.13180115425668656.
running
[I 2024-09-22 17:14:56,356] Trial 87 finished with value: 0.1330904725511999 and parameters: {'model_name': 'VAE', 'batch_size': 290, 'iterations': 91, 'learning_rate': 0.00010615947772279051, 'p_miss': 0.01232359749659593}. Best is trial 16 with value: 0.13180115425668656.
running
[I 2024-09-22 17:16:52,825] Trial 88 finished with value: 0.14545280252175377 and parameters: {'model_name': 'VAE', 'batch_size': 722, 'iterations': 87, 'learning_rate': 0.00010537114997839631, 'p_miss': 0.010222681942904426}. Best is trial 16 with value: 0.13180115425668656.
running
[I 2024-09-22 17:16:59,655] Trial 93 finished with value: 0.14714793021620168 and parameters: {'model_name': 'IterativeImputer', 'estimator': 'Ridge', 'initial_strategy': 'median', 'n_nearest_features': 1, 'imputation_order': 'arabic'}. Best is trial 16 with value: 0.13180115425668656.
running
[I 2024-09-22 17:17:01,315] Trial 94 finished with value: 0.1512579025727431 and parameters: {'model_name': 'KNNImputer', 'n_neighbors': 4736, 'weights': 'uniform'}. Best is trial 16 with value: 0.13180115425668656.
running
[I 2024-09-22 17:19:13,521] Trial 84 finished with value: 0.16421964334460717 and parameters: {'model_name': 'VAE', 'batch_size': 47, 'iterations': 288, 'learning_rate': 0.001082878287433939, 'p_miss': 0.02715040300846167}. Best is trial 16 with value: 0.13180115425668656.
running
[I 2024-09-22 17:19:17,979] Trial 96 finished with value: 0.49419430843829054 and parameters: {'model_name': 'GAIN', 'batch_size': 424, 'hint_rate': 0.7257535838557253, 'alpha': 0, 'iterations': 1, 'learning_rate': 0.0001355807361534487, 'p_miss': 0.03722518779959644}. Best is trial 16 with value: 0.13180115425668656.
running
[I 2024-09-22 17:21:59,714] Trial 89 finished with value: 0.4933052764108255 and parameters: {'model_name': 'GAIN', 'batch_size': 431, 'hint_rate': 0.6519415150781446, 'alpha': 6, 'iterations': 427, 'learning_rate': 0.0001433810830359834, 'p_miss': 0.029219098874237064}. Best is trial 16 with value: 0.13180115425668656.
running
[I 2024-09-22 17:22:19,783] Trial 90 finished with value: 0.4915887257676971 and parameters: {'model_name': 'GAIN', 'batch_size': 119, 'hint_rate': 0.7089086183733754, 'alpha': 1, 'iterations': 424, 'learning_rate': 0.00010627794543023222, 'p_miss': 0.03499979833192085}. Best is trial 16 with value: 0.13180115425668656.
running
[I 2024-09-22 17:24:04,002] Trial 85 finished with value: 0.15892421331275403 and parameters: {'model_name': 'VAE', 'batch_size': 260, 'iterations': 279, 'learning_rate': 0.0004753645599524011, 'p_miss': 0.2999291586176265}. Best is trial 16 with value: 0.13180115425668656.
running
[I 2024-09-22 17:24:35,967] Trial 91 finished with value: 0.49345340246631375 and parameters: {'model_name': 'GAIN', 'batch_size': 132, 'hint_rate': 0.6710388859937105, 'alpha': 1, 'iterations': 446, 'learning_rate': 0.00010231394658045978, 'p_miss': 0.03310173858260563}. Best is trial 16 with value: 0.13180115425668656.
running
[I 2024-09-22 17:25:26,389] Trial 92 finished with value: 0.4898784404306583 and parameters: {'model_name': 'GAIN', 'batch_size': 126, 'hint_rate': 0.6928074751262611, 'alpha': 10, 'iterations': 467, 'learning_rate': 0.00010886577679641385, 'p_miss': 0.06595311978809817}. Best is trial 16 with value: 0.13180115425668656.
running
[I 2024-09-22 17:28:37,127] Trial 99 finished with value: 0.16822232192764863 and parameters: {'model_name': 'VAE', 'batch_size': 27, 'iterations': 126, 'learning_rate': 0.007487843982002178, 'p_miss': 0.06296390224358518}. Best is trial 16 with value: 0.13180115425668656.
running
[I 2024-09-22 17:47:43,758] Trial 98 finished with value: 0.14735406627748618 and parameters: {'model_name': 'VAE', 'batch_size': 125, 'iterations': 404, 'learning_rate': 0.00025815621329766317, 'p_miss': 0.06747541705470932}. Best is trial 16 with value: 0.13180115425668656.
running
[I 2024-09-22 17:48:03,432] Trial 34 finished with value: 0.15877079802127253 and parameters: {'model_name': 'VAE', 'batch_size': 82, 'iterations': 4814, 'learning_rate': 0.0008238084787188131, 'p_miss': 0.29671073797161346}. Best is trial 16 with value: 0.13180115425668656.
running
[I 2024-09-22 17:55:11,994] Trial 95 finished with value: 0.49483915872057266 and parameters: {'model_name': 'GAIN', 'batch_size': 139, 'hint_rate': 0.6664983718955673, 'alpha': 0, 'iterations': 1523, 'learning_rate': 0.007585858907103204, 'p_miss': 0.06298771797481513}. Best is trial 16 with value: 0.13180115425668656.
running
[I 2024-09-22 17:56:16,752] Trial 106 finished with value: 0.1687345566764316 and parameters: {'model_name': 'VAE', 'batch_size': 4, 'iterations': 19, 'learning_rate': 0.0402185639194786, 'p_miss': 0.2821416687605936}. Best is trial 16 with value: 0.13180115425668656.
running
[I 2024-09-22 17:57:13,685] Trial 28 finished with value: 0.49506023038395064 and parameters: {'model_name': 'GAIN', 'batch_size': 475, 'hint_rate': 0.7910677232768445, 'alpha': 28, 'iterations': 8717, 'learning_rate': 0.0002135284220287805, 'p_miss': 0.018853588313439616}. Best is trial 16 with value: 0.13180115425668656.
running
[I 2024-09-22 17:59:18,354] Trial 107 finished with value: 0.14455152651299766 and parameters: {'model_name': 'VAE', 'batch_size': 656, 'iterations': 31, 'learning_rate': 0.00017558527244966436, 'p_miss': 0.09079144888192273}. Best is trial 16 with value: 0.13180115425668656.
running
[I 2024-09-22 18:00:02,667] Trial 108 finished with value: 0.14156712053741316 and parameters: {'model_name': 'VAE', 'batch_size': 797, 'iterations': 36, 'learning_rate': 0.0006445963206012102, 'p_miss': 0.21131653570179212}. Best is trial 16 with value: 0.13180115425668656.
running
[I 2024-09-22 18:01:20,812] Trial 30 finished with value: 0.1634345407075459 and parameters: {'model_name': 'VAE', 'batch_size': 99, 'iterations': 4266, 'learning_rate': 0.0008455120234731638, 'p_miss': 0.29370754942309457}. Best is trial 16 with value: 0.13180115425668656.
running
[I 2024-09-22 18:03:47,085] Trial 109 finished with value: 0.1355436993966761 and parameters: {'model_name': 'VAE', 'batch_size': 10, 'iterations': 77, 'learning_rate': 0.00016491010674382333, 'p_miss': 0.17829153349276944}. Best is trial 16 with value: 0.13180115425668656.
running
[I 2024-09-22 18:03:56,000] Trial 112 finished with value: 0.13428155565516714 and parameters: {'model_name': 'VAE', 'batch_size': 6, 'iterations': 2, 'learning_rate': 0.00016811926577113152, 'p_miss': 0.1430778179927801}. Best is trial 16 with value: 0.13180115425668656.
running
[I 2024-09-22 18:04:04,441] Trial 113 finished with value: 0.13944643123238537 and parameters: {'model_name': 'VAE', 'batch_size': 4, 'iterations': 2, 'learning_rate': 0.0002927099232687935, 'p_miss': 0.12648041242049973}. Best is trial 16 with value: 0.13180115425668656.
running
[I 2024-09-22 18:04:46,225] Trial 110 finished with value: 0.13822503727587115 and parameters: {'model_name': 'VAE', 'batch_size': 387, 'iterations': 74, 'learning_rate': 0.00017866260568670292, 'p_miss': 0.12637839802621664}. Best is trial 16 with value: 0.13180115425668656.
running
[I 2024-09-22 18:04:52,012] Trial 115 finished with value: 0.1364850750942317 and parameters: {'model_name': 'VAE', 'batch_size': 10, 'iterations': 1, 'learning_rate': 0.00012685607598002024, 'p_miss': 0.17300710370406674}. Best is trial 16 with value: 0.13180115425668656.
running
[I 2024-09-22 18:05:55,224] Trial 111 finished with value: 0.13600842179430134 and parameters: {'model_name': 'VAE', 'batch_size': 10, 'iterations': 78, 'learning_rate': 0.000169435252191914, 'p_miss': 0.17320893110892127}. Best is trial 16 with value: 0.13180115425668656.
running
[I 2024-09-22 18:10:23,465] Trial 114 finished with value: 0.13696918093202942 and parameters: {'model_name': 'VAE', 'batch_size': 9, 'iterations': 91, 'learning_rate': 0.0001735440889790961, 'p_miss': 0.14738412430162856}. Best is trial 16 with value: 0.13180115425668656.
running
[I 2024-09-22 18:10:32,612] Trial 117 finished with value: 0.13505544514270995 and parameters: {'model_name': 'VAE', 'batch_size': 5, 'iterations': 108, 'learning_rate': 0.0003802695823222443, 'p_miss': 0.1367141597237673}. Best is trial 16 with value: 0.13180115425668656.
running
[I 2024-09-22 18:10:48,193] Trial 118 finished with value: 0.14174971528261188 and parameters: {'model_name': 'VAE', 'batch_size': 3, 'iterations': 7, 'learning_rate': 0.00012753569597397934, 'p_miss': 0.018745510192204273}. Best is trial 16 with value: 0.13180115425668656.
running
[I 2024-09-22 18:10:48,544] Trial 120 finished with value: 0.5093404905938617 and parameters: {'model_name': 'SimpleImputer', 'strategy': 'constant'}. Best is trial 16 with value: 0.13180115425668656.
running
[I 2024-09-22 18:13:20,867] Trial 116 finished with value: 0.15259128363620938 and parameters: {'model_name': 'VAE', 'batch_size': 3, 'iterations': 158, 'learning_rate': 0.00016892109762739786, 'p_miss': 0.13431390513826422}. Best is trial 16 with value: 0.13180115425668656.
running
[I 2024-09-22 18:16:36,380] Trial 119 finished with value: 0.13802572364917146 and parameters: {'model_name': 'VAE', 'batch_size': 6, 'iterations': 129, 'learning_rate': 0.0002468619845478199, 'p_miss': 0.14468605782019298}. Best is trial 16 with value: 0.13180115425668656.
running
[I 2024-09-22 18:16:47,263] Trial 123 finished with value: 0.13829326516310908 and parameters: {'model_name': 'VAE', 'batch_size': 5, 'iterations': 3, 'learning_rate': 0.0003906791750368626, 'p_miss': 0.1591269703033818}. Best is trial 16 with value: 0.13180115425668656.
running
[I 2024-09-22 18:17:04,177] Trial 121 finished with value: 0.13566305143480348 and parameters: {'model_name': 'VAE', 'batch_size': 6, 'iterations': 140, 'learning_rate': 0.0003537864525343725, 'p_miss': 0.13885129678522679}. Best is trial 16 with value: 0.13180115425668656.
running
[I 2024-09-22 18:17:06,651] Trial 124 finished with value: 0.20655331040685385 and parameters: {'model_name': 'IterativeImputer', 'estimator': 'Bayesian', 'initial_strategy': 'constant', 'n_nearest_features': 6, 'imputation_order': 'arabic', 'sample_posterior': True}. Best is trial 16 with value: 0.13180115425668656.
running
[I 2024-09-22 18:17:09,866] Trial 125 finished with value: 0.13923984030610687 and parameters: {'model_name': 'IterativeImputer', 'estimator': 'Bayesian', 'initial_strategy': 'median', 'n_nearest_features': 6, 'imputation_order': 'arabic', 'sample_posterior': False}. Best is trial 16 with value: 0.13180115425668656.
running
[I 2024-09-22 18:19:07,762] Trial 122 finished with value: 0.13499030986968366 and parameters: {'model_name': 'VAE', 'batch_size': 7, 'iterations': 120, 'learning_rate': 0.0003585744685141137, 'p_miss': 0.26907267554369496}. Best is trial 16 with value: 0.13180115425668656.
running
[I 2024-09-22 18:22:14,859] Trial 126 finished with value: 0.14452922224873288 and parameters: {'model_name': 'VAE', 'batch_size': 18, 'iterations': 108, 'learning_rate': 0.0003071029988112623, 'p_miss': 0.1197427992339656}. Best is trial 16 with value: 0.13180115425668656.
running
[I 2024-09-22 18:22:37,217] Trial 128 finished with value: 0.14586656211047075 and parameters: {'model_name': 'VAE', 'batch_size': 14, 'iterations': 64, 'learning_rate': 0.00028176709528592963, 'p_miss': 0.29177881457282917}. Best is trial 16 with value: 0.13180115425668656.
running
[I 2024-09-22 18:23:05,396] Trial 127 finished with value: 0.13225142803439532 and parameters: {'model_name': 'VAE', 'batch_size': 12, 'iterations': 109, 'learning_rate': 0.0003098790601005626, 'p_miss': 0.11981544717723895}. Best is trial 16 with value: 0.13180115425668656.
running
[I 2024-09-22 18:26:20,947] Trial 129 finished with value: 0.14422652553461474 and parameters: {'model_name': 'VAE', 'batch_size': 13, 'iterations': 70, 'learning_rate': 0.00020458763645331187, 'p_miss': 0.28776155788771157}. Best is trial 16 with value: 0.13180115425668656.
running
[I 2024-09-22 18:30:36,829] Trial 97 finished with value: 0.16212937797704313 and parameters: {'model_name': 'VAE', 'batch_size': 138, 'iterations': 1283, 'learning_rate': 0.007368582287171177, 'p_miss': 0.06406213310859671}. Best is trial 16 with value: 0.13180115425668656.
running
[I 2024-09-22 18:30:39,385] Trial 133 finished with value: 0.14731685521911939 and parameters: {'model_name': 'KNNImputer', 'n_neighbors': 2447, 'weights': 'distance'}. Best is trial 16 with value: 0.13180115425668656.
running
[I 2024-09-22 18:39:37,656] Trial 131 finished with value: 0.14989923143410278 and parameters: {'model_name': 'VAE', 'batch_size': 5, 'iterations': 293, 'learning_rate': 0.00043886427248450075, 'p_miss': 0.2885660225020601}. Best is trial 16 with value: 0.13180115425668656.
running
[I 2024-09-22 18:41:20,930] Trial 132 finished with value: 0.17975868943525836 and parameters: {'model_name': 'VAE', 'batch_size': 3, 'iterations': 292, 'learning_rate': 0.0037207698724873346, 'p_miss': 0.2684241398120446}. Best is trial 16 with value: 0.13180115425668656.
running
[I 2024-09-22 18:41:56,893] Trial 130 finished with value: 0.14548697436393412 and parameters: {'model_name': 'VAE', 'batch_size': 5, 'iterations': 328, 'learning_rate': 0.00021933494282108234, 'p_miss': 0.18274946272977935}. Best is trial 16 with value: 0.13180115425668656.
running
[I 2024-09-22 18:42:06,823] Trial 135 finished with value: 0.15610988909113171 and parameters: {'model_name': 'VAE', 'batch_size': 3, 'iterations': 48, 'learning_rate': 0.004079870268312587, 'p_miss': 0.26897748057865906}. Best is trial 16 with value: 0.13180115425668656.
running
[I 2024-09-22 18:44:14,852] Trial 136 finished with value: 0.1359308715365394 and parameters: {'model_name': 'VAE', 'batch_size': 11, 'iterations': 51, 'learning_rate': 0.0005080067506137914, 'p_miss': 0.24889967196630075}. Best is trial 16 with value: 0.13180115425668656.
running
[I 2024-09-22 18:45:15,155] Trial 137 finished with value: 0.1379024991717998 and parameters: {'model_name': 'VAE', 'batch_size': 8, 'iterations': 53, 'learning_rate': 0.0005211292273360451, 'p_miss': 0.11478218380145155}. Best is trial 16 with value: 0.13180115425668656.
running
[I 2024-09-22 18:49:36,886] Trial 134 finished with value: 0.15668332922561978 and parameters: {'model_name': 'VAE', 'batch_size': 5, 'iterations': 340, 'learning_rate': 0.0005059820552174198, 'p_miss': 0.2657363533436797}. Best is trial 16 with value: 0.13180115425668656.
running
[I 2024-09-22 18:51:20,823] Trial 138 finished with value: 0.1347799375980857 and parameters: {'model_name': 'VAE', 'batch_size': 9, 'iterations': 172, 'learning_rate': 0.00012112078735021587, 'p_miss': 0.1175835326925719}. Best is trial 16 with value: 0.13180115425668656.
running
[I 2024-09-22 18:54:53,630] Trial 139 finished with value: 0.14051221149765464 and parameters: {'model_name': 'VAE', 'batch_size': 8, 'iterations': 172, 'learning_rate': 0.0003482140288395562, 'p_miss': 0.22788290945145265}. Best is trial 16 with value: 0.13180115425668656.
running
[I 2024-09-22 18:55:01,676] Trial 140 finished with value: 0.14558297040558593 and parameters: {'model_name': 'VAE', 'batch_size': 7, 'iterations': 181, 'learning_rate': 0.00011971837752166868, 'p_miss': 0.2276441184322362}. Best is trial 16 with value: 0.13180115425668656.
running
[I 2024-09-22 18:56:58,610] Trial 141 finished with value: 0.13622552891019227 and parameters: {'model_name': 'VAE', 'batch_size': 7, 'iterations': 114, 'learning_rate': 0.0001225378925565174, 'p_miss': 0.16209724732140218}. Best is trial 16 with value: 0.13180115425668656.
running
[I 2024-09-22 18:57:15,325] Trial 142 finished with value: 0.13724709233377214 and parameters: {'model_name': 'VAE', 'batch_size': 7, 'iterations': 101, 'learning_rate': 0.00012051705877103348, 'p_miss': 0.04080056020512904}. Best is trial 16 with value: 0.13180115425668656.
running
[I 2024-09-22 19:03:19,056] Trial 145 finished with value: 0.14277373292342918 and parameters: {'model_name': 'VAE', 'batch_size': 32, 'iterations': 106, 'learning_rate': 0.0007797194025036033, 'p_miss': 0.0950890216693428}. Best is trial 16 with value: 0.13180115425668656.
running
[I 2024-09-22 19:03:19,505] Trial 147 finished with value: 0.15441089549326822 and parameters: {'model_name': 'SimpleImputer', 'strategy': 'mean'}. Best is trial 16 with value: 0.13180115425668656.
running
[I 2024-09-22 19:04:49,314] Trial 103 finished with value: 0.16137864179166211 and parameters: {'model_name': 'VAE', 'batch_size': 767, 'iterations': 1274, 'learning_rate': 0.0002780242144405703, 'p_miss': 0.09530906753182602}. Best is trial 16 with value: 0.13180115425668656.
running
[I 2024-09-22 19:05:57,938] Trial 143 finished with value: 0.14696250722454982 and parameters: {'model_name': 'VAE', 'batch_size': 59, 'iterations': 189, 'learning_rate': 0.00012122386562567227, 'p_miss': 0.0899572482972412}. Best is trial 16 with value: 0.13180115425668656.
running
[I 2024-09-22 19:11:44,107] Trial 105 finished with value: 0.1576903310288893 and parameters: {'model_name': 'VAE', 'batch_size': 712, 'iterations': 1175, 'learning_rate': 0.00016793652128142686, 'p_miss': 0.18053719914753713}. Best is trial 16 with value: 0.13180115425668656.
running
[I 2024-09-22 19:11:52,065] Trial 151 finished with value: 0.14976500864239167 and parameters: {'model_name': 'VAE', 'batch_size': 18, 'iterations': 2, 'learning_rate': 0.00014622663064480857, 'p_miss': 0.12065133682791539}. Best is trial 16 with value: 0.13180115425668656.
running
[I 2024-09-22 19:13:09,334] Trial 42 finished with value: 0.18202971564520715 and parameters: {'model_name': 'VAE', 'batch_size': 1, 'iterations': 5879, 'learning_rate': 0.002965618070815764, 'p_miss': 0.20218994041558885}. Best is trial 16 with value: 0.13180115425668656.
running
[I 2024-09-22 19:13:19,527] Trial 149 finished with value: 0.13817145265454697 and parameters: {'model_name': 'VAE', 'batch_size': 12, 'iterations': 154, 'learning_rate': 0.0001505791489043272, 'p_miss': 0.11670119949681232}. Best is trial 16 with value: 0.13180115425668656.
running
[I 2024-09-22 19:14:25,716] Trial 40 finished with value: 0.17797389151457296 and parameters: {'model_name': 'VAE', 'batch_size': 7, 'iterations': 6138, 'learning_rate': 0.08998212693802958, 'p_miss': 0.08627747020992727}. Best is trial 16 with value: 0.13180115425668656.
running
[I 2024-09-22 19:16:50,290] Trial 148 finished with value: 0.17263358000778076 and parameters: {'model_name': 'VAE', 'batch_size': 16, 'iterations': 237, 'learning_rate': 0.002723624363873499, 'p_miss': 0.019976502734530846}. Best is trial 16 with value: 0.13180115425668656.
running
[I 2024-09-22 19:22:15,570] Trial 104 finished with value: 0.1571478709406434 and parameters: {'model_name': 'VAE', 'batch_size': 666, 'iterations': 1240, 'learning_rate': 0.00018238745723747797, 'p_miss': 0.09184957035407787}. Best is trial 16 with value: 0.13180115425668656.
running
[I 2024-09-22 19:23:18,385] Trial 156 finished with value: 0.139689272819512 and parameters: {'model_name': 'VAE', 'batch_size': 6, 'iterations': 135, 'learning_rate': 0.00020368107239710406, 'p_miss': 0.1418969085023765}. Best is trial 16 with value: 0.13180115425668656.
running
[I 2024-09-22 19:23:36,138] Trial 144 finished with value: 0.16167646628080937 and parameters: {'model_name': 'VAE', 'batch_size': 70, 'iterations': 555, 'learning_rate': 0.0027612138573726206, 'p_miss': 0.09447830079955861}. Best is trial 16 with value: 0.13180115425668656.
running
[I 2024-09-22 19:25:50,864] Trial 146 finished with value: 0.1433857393383506 and parameters: {'model_name': 'VAE', 'batch_size': 11, 'iterations': 558, 'learning_rate': 0.00014542525290772707, 'p_miss': 0.14212436022562366}. Best is trial 16 with value: 0.13180115425668656.
running
[I 2024-09-22 19:26:48,966] Trial 154 finished with value: 0.1673252121825742 and parameters: {'model_name': 'VAE', 'batch_size': 16, 'iterations': 229, 'learning_rate': 0.0014620551801690432, 'p_miss': 0.016305746640721756}. Best is trial 16 with value: 0.13180115425668656.
running
[I 2024-09-22 19:26:51,674] Trial 161 finished with value: 0.15214619287701733 and parameters: {'model_name': 'KNNImputer', 'n_neighbors': 5862, 'weights': 'distance'}. Best is trial 16 with value: 0.13180115425668656.
running
[I 2024-09-22 19:28:07,452] Trial 159 finished with value: 0.1408745720565832 and parameters: {'model_name': 'VAE', 'batch_size': 6, 'iterations': 83, 'learning_rate': 0.00036185450914372116, 'p_miss': 0.13932715232456905}. Best is trial 16 with value: 0.13180115425668656.
running
[I 2024-09-22 19:29:33,842] Trial 160 finished with value: 0.1364618869461205 and parameters: {'model_name': 'VAE', 'batch_size': 6, 'iterations': 79, 'learning_rate': 0.0006212390355484994, 'p_miss': 0.1313556988638839}. Best is trial 16 with value: 0.13180115425668656.
running
[I 2024-09-22 19:29:57,934] Trial 157 finished with value: 0.13398018008681722 and parameters: {'model_name': 'VAE', 'batch_size': 9, 'iterations': 136, 'learning_rate': 0.0001980517715642062, 'p_miss': 0.13934239882557556}. Best is trial 16 with value: 0.13180115425668656.
running
[I 2024-09-22 19:31:01,778] Trial 162 finished with value: 0.13752411150169863 and parameters: {'model_name': 'VAE', 'batch_size': 6, 'iterations': 87, 'learning_rate': 0.0003311061084204354, 'p_miss': 0.13701426553962778}. Best is trial 16 with value: 0.13180115425668656.
running
[I 2024-09-22 19:31:10,197] Trial 158 finished with value: 0.13652409512396585 and parameters: {'model_name': 'VAE', 'batch_size': 22, 'iterations': 143, 'learning_rate': 0.0003390305200332117, 'p_miss': 0.13115296490245193}. Best is trial 16 with value: 0.13180115425668656.
running
[I 2024-09-22 19:34:28,327] Trial 163 finished with value: 0.17772963182077986 and parameters: {'model_name': 'VAE', 'batch_size': 4, 'iterations': 139, 'learning_rate': 0.016090817493743408, 'p_miss': 0.12873098713058292}. Best is trial 16 with value: 0.13180115425668656.
running
[I 2024-09-22 19:34:59,568] Trial 167 finished with value: 0.14018384354540858 and parameters: {'model_name': 'VAE', 'batch_size': 9, 'iterations': 66, 'learning_rate': 0.0002526549550689446, 'p_miss': 0.1514183699788053}. Best is trial 16 with value: 0.13180115425668656.
running
[I 2024-09-22 19:35:43,776] Trial 164 finished with value: 0.1411317758710259 and parameters: {'model_name': 'VAE', 'batch_size': 2, 'iterations': 123, 'learning_rate': 0.00023299395198248665, 'p_miss': 0.1502214800256326}. Best is trial 16 with value: 0.13180115425668656.
running
[I 2024-09-22 19:37:11,347] Trial 166 finished with value: 0.1351147499201268 and parameters: {'model_name': 'VAE', 'batch_size': 4, 'iterations': 131, 'learning_rate': 0.0002451925644132052, 'p_miss': 0.14798998283958245}. Best is trial 16 with value: 0.13180115425668656.
running
[I 2024-09-22 19:39:25,457] Trial 171 finished with value: 0.14358476258312233 and parameters: {'model_name': 'VAE', 'batch_size': 183, 'iterations': 37, 'learning_rate': 0.0002024426079601268, 'p_miss': 0.10791973228632774}. Best is trial 16 with value: 0.13180115425668656.
running
[I 2024-09-22 19:39:30,516] Trial 172 finished with value: 0.13743382528578518 and parameters: {'model_name': 'VAE', 'batch_size': 285, 'iterations': 1, 'learning_rate': 0.00015534420752899016, 'p_miss': 0.29743071231726875}. Best is trial 16 with value: 0.13180115425668656.
running
[I 2024-09-22 19:40:37,851] Trial 150 finished with value: 0.14343651036310706 and parameters: {'model_name': 'VAE', 'batch_size': 16, 'iterations': 650, 'learning_rate': 0.00015757196609121062, 'p_miss': 0.016590925249185522}. Best is trial 16 with value: 0.13180115425668656.
running
[I 2024-09-22 19:40:38,467] Trial 174 finished with value: 0.2856283458963701 and parameters: {'model_name': 'SimpleImputer', 'strategy': 'most_frequent'}. Best is trial 16 with value: 0.13180115425668656.
running
[I 2024-09-22 19:41:10,598] Trial 168 finished with value: 0.13584896896094284 and parameters: {'model_name': 'VAE', 'batch_size': 8, 'iterations': 116, 'learning_rate': 0.0002522694710683169, 'p_miss': 0.02406718510024593}. Best is trial 16 with value: 0.13180115425668656.
running
[I 2024-09-22 19:41:13,380] Trial 169 finished with value: 0.13884570397303317 and parameters: {'model_name': 'VAE', 'batch_size': 87, 'iterations': 122, 'learning_rate': 0.0002088839592597846, 'p_miss': 0.1041118941773225}. Best is trial 16 with value: 0.13180115425668656.
running
[I 2024-09-22 19:43:06,685] Trial 153 finished with value: 0.14637677945142052 and parameters: {'model_name': 'VAE', 'batch_size': 2, 'iterations': 592, 'learning_rate': 0.00020151355555266456, 'p_miss': 0.14895709474843147}. Best is trial 16 with value: 0.13180115425668656.
running
[I 2024-09-22 19:45:06,473] Trial 173 finished with value: 0.13298505278132083 and parameters: {'model_name': 'VAE', 'batch_size': 99, 'iterations': 97, 'learning_rate': 0.00019885866597146374, 'p_miss': 0.024227789238316255}. Best is trial 16 with value: 0.13180115425668656.
running
[I 2024-09-22 19:45:34,312] Trial 155 finished with value: 0.14775289104894304 and parameters: {'model_name': 'VAE', 'batch_size': 23, 'iterations': 601, 'learning_rate': 0.00019764316223747972, 'p_miss': 0.020406373069396994}. Best is trial 16 with value: 0.13180115425668656.
running
[I 2024-09-22 19:46:08,751] Trial 170 finished with value: 0.13187088436087419 and parameters: {'model_name': 'VAE', 'batch_size': 170, 'iterations': 186, 'learning_rate': 0.0001937321688185539, 'p_miss': 0.10335561286268527}. Best is trial 16 with value: 0.13180115425668656.
running
[I 2024-09-22 19:46:17,331] Trial 181 finished with value: 0.1590551658413182 and parameters: {'model_name': 'IterativeImputer', 'estimator': 'KNN', 'initial_strategy': 'constant', 'n_nearest_features': 1, 'imputation_order': 'roman'}. Best is trial 16 with value: 0.13180115425668656.
running
[I 2024-09-22 19:46:37,786] Trial 152 finished with value: 0.1527810468043436 and parameters: {'model_name': 'VAE', 'batch_size': 103, 'iterations': 636, 'learning_rate': 0.00020190934582804595, 'p_miss': 0.15073493751490222}. Best is trial 16 with value: 0.13180115425668656.
running
[I 2024-09-22 19:50:02,060] Trial 175 finished with value: 0.1341788653643454 and parameters: {'model_name': 'VAE', 'batch_size': 95, 'iterations': 179, 'learning_rate': 0.00010351646941572362, 'p_miss': 0.1550682648237574}. Best is trial 16 with value: 0.13180115425668656.
running
[I 2024-09-22 19:50:58,611] Trial 179 finished with value: 0.1358178029539667 and parameters: {'model_name': 'VAE', 'batch_size': 110, 'iterations': 101, 'learning_rate': 0.00010339864653506541, 'p_miss': 0.011566739955000589}. Best is trial 16 with value: 0.13180115425668656.
running
[I 2024-09-22 19:51:18,438] Trial 176 finished with value: 0.14511802220837552 and parameters: {'model_name': 'VAE', 'batch_size': 9, 'iterations': 186, 'learning_rate': 0.00010049761924381219, 'p_miss': 0.15520748064498158}. Best is trial 16 with value: 0.13180115425668656.
running
[I 2024-09-22 19:53:13,122] Trial 102 finished with value: 0.1614307448297764 and parameters: {'model_name': 'VAE', 'batch_size': 683, 'iterations': 2096, 'learning_rate': 0.0076241684549292945, 'p_miss': 0.12480637369420089}. Best is trial 16 with value: 0.13180115425668656.
running
[I 2024-09-22 19:53:44,966] Trial 178 finished with value: 0.14303369592072337 and parameters: {'model_name': 'VAE', 'batch_size': 5, 'iterations': 171, 'learning_rate': 0.00040644453356118937, 'p_miss': 0.12475403175933648}. Best is trial 16 with value: 0.13180115425668656.
running
[I 2024-09-22 19:54:09,461] Trial 177 finished with value: 0.14043352525042802 and parameters: {'model_name': 'VAE', 'batch_size': 106, 'iterations': 195, 'learning_rate': 0.000410495845193748, 'p_miss': 0.12365861222466513}. Best is trial 16 with value: 0.13180115425668656.
running
[I 2024-09-22 19:57:15,807] Trial 182 finished with value: 0.13482740369181273 and parameters: {'model_name': 'VAE', 'batch_size': 99, 'iterations': 197, 'learning_rate': 0.00011026493345563106, 'p_miss': 0.12233742183638653}. Best is trial 16 with value: 0.13180115425668656.
running
[I 2024-09-22 19:59:32,597] Trial 183 finished with value: 0.14568931005274782 and parameters: {'model_name': 'VAE', 'batch_size': 161, 'iterations': 183, 'learning_rate': 0.0004108438821713889, 'p_miss': 0.010923220403918354}. Best is trial 16 with value: 0.13180115425668656.
running
[I 2024-09-22 19:59:53,600] Trial 180 finished with value: 0.13385867008007454 and parameters: {'model_name': 'VAE', 'batch_size': 845, 'iterations': 193, 'learning_rate': 0.00010972705211444728, 'p_miss': 0.012608661655183852}. Best is trial 16 with value: 0.13180115425668656.
running
[I 2024-09-22 20:01:29,927] Trial 184 finished with value: 0.13473848642910688 and parameters: {'model_name': 'VAE', 'batch_size': 102, 'iterations': 182, 'learning_rate': 0.00011501425684289463, 'p_miss': 0.12366490691024183}. Best is trial 16 with value: 0.13180115425668656.
running
[I 2024-09-22 20:01:42,861] Trial 185 finished with value: 0.13552400329587871 and parameters: {'model_name': 'VAE', 'batch_size': 203, 'iterations': 194, 'learning_rate': 0.00013401223247765822, 'p_miss': 0.12478623737711869}. Best is trial 16 with value: 0.13180115425668656.
running
[I 2024-09-22 20:01:44,640] Trial 194 finished with value: 0.14721870915352092 and parameters: {'model_name': 'KNNImputer', 'n_neighbors': 2775, 'weights': 'uniform'}. Best is trial 16 with value: 0.13180115425668656.
running
[I 2024-09-22 20:03:33,241] Trial 37 finished with value: 0.15890133919963684 and parameters: {'model_name': 'VAE', 'batch_size': 91, 'iterations': 6243, 'learning_rate': 0.09261530889348137, 'p_miss': 0.28753351485647616}. Best is trial 16 with value: 0.13180115425668656.
running
[I 2024-09-22 20:07:17,768] Trial 186 finished with value: 0.13805836568750363 and parameters: {'model_name': 'VAE', 'batch_size': 226, 'iterations': 252, 'learning_rate': 0.00013879748603987555, 'p_miss': 0.030314179479372524}. Best is trial 16 with value: 0.13180115425668656.
running
[I 2024-09-22 20:07:18,512] Trial 165 finished with value: 0.15522373668599504 and parameters: {'model_name': 'VAE', 'batch_size': 9, 'iterations': 691, 'learning_rate': 0.00023071002025648783, 'p_miss': 0.1027221793125666}. Best is trial 16 with value: 0.13180115425668656.
running
[I 2024-09-22 20:07:45,071] Trial 187 finished with value: 0.14135485279928464 and parameters: {'model_name': 'VAE', 'batch_size': 165, 'iterations': 240, 'learning_rate': 0.0001359210595321225, 'p_miss': 0.029082662979773154}. Best is trial 16 with value: 0.13180115425668656.
running
[I 2024-09-22 20:09:50,170] Trial 188 finished with value: 0.14054554838136143 and parameters: {'model_name': 'VAE', 'batch_size': 211, 'iterations': 257, 'learning_rate': 0.00012200914568146725, 'p_miss': 0.03387430818840903}. Best is trial 16 with value: 0.13180115425668656.
[I 2024-09-22 20:09:56,652] Trial 191 finished with value: 0.13531198532147723 and parameters: {'model_name': 'VAE', 'batch_size': 76, 'iterations': 241, 'learning_rate': 0.00013397789585760188, 'p_miss': 0.11715326012489276}. Best is trial 16 with value: 0.13180115425668656.
[I 2024-09-22 20:10:13,611] Trial 189 finished with value: 0.13377350542515107 and parameters: {'model_name': 'VAE', 'batch_size': 156, 'iterations': 280, 'learning_rate': 0.00013248247658438717, 'p_miss': 0.03272833191935885}. Best is trial 16 with value: 0.13180115425668656.
[I 2024-09-22 20:12:30,223] Trial 190 finished with value: 0.13480283749601507 and parameters: {'model_name': 'VAE', 'batch_size': 79, 'iterations': 244, 'learning_rate': 0.00013613124086545676, 'p_miss': 0.11271486100812587}. Best is trial 16 with value: 0.13180115425668656.
[I 2024-09-22 20:13:04,401] Trial 195 finished with value: 0.1389227758839291 and parameters: {'model_name': 'VAE', 'batch_size': 84, 'iterations': 255, 'learning_rate': 0.00011245692297956898, 'p_miss': 0.11174166405768704}. Best is trial 16 with value: 0.13180115425668656.
[I 2024-09-22 20:13:28,400] Trial 197 finished with value: 0.13625642232990764 and parameters: {'model_name': 'VAE', 'batch_size': 63, 'iterations': 146, 'learning_rate': 0.00011436578636236999, 'p_miss': 0.1142355039806062}. Best is trial 16 with value: 0.13180115425668656.
[I 2024-09-22 20:13:47,883] Trial 192 finished with value: 0.1605996162620527 and parameters: {'model_name': 'VAE', 'batch_size': 217, 'iterations': 260, 'learning_rate': 0.00583912731588177, 'p_miss': 0.1119618703140065}. Best is trial 16 with value: 0.13180115425668656.
[I 2024-09-22 20:13:55,263] Trial 44 finished with value: 0.20330960863438183 and parameters: {'model_name': 'VAE', 'batch_size': 1, 'iterations': 7074, 'learning_rate': 0.003298941551720393, 'p_miss': 0.18900370092950217}. Best is trial 16 with value: 0.13180115425668656.
[I 2024-09-22 20:14:06,693] Trial 196 finished with value: 0.13116269719041124 and parameters: {'model_name': 'VAE', 'batch_size': 74, 'iterations': 249, 'learning_rate': 0.0001096422360084762, 'p_miss': 0.11432234670636193}. Best is trial 196 with value: 0.13116269719041124.
[I 2024-09-22 20:14:15,545] Trial 29 finished with value: 0.18696088046226592 and parameters: {'model_name': 'VAE', 'batch_size': 1, 'iterations': 7470, 'learning_rate': 0.0009097062355972937, 'p_miss': 0.013442714610845204}. Best is trial 196 with value: 0.13116269719041124.
[I 2024-09-22 20:14:23,086] Trial 199 finished with value: 0.1344423449807945 and parameters: {'model_name': 'VAE', 'batch_size': 56, 'iterations': 154, 'learning_rate': 0.00011501889883470778, 'p_miss': 0.11613402377462227}. Best is trial 196 with value: 0.13116269719041124.
[I 2024-09-22 20:14:24,331] Trial 198 finished with value: 0.16083891261909972 and parameters: {'model_name': 'VAE', 'batch_size': 81, 'iterations': 149, 'learning_rate': 0.005817469291468844, 'p_miss': 0.11723706378525223}. Best is trial 196 with value: 0.13116269719041124.
[I 2024-09-22 20:14:49,953] Trial 193 finished with value: 0.14935652981394115 and parameters: {'model_name': 'VAE', 'batch_size': 77, 'iterations': 265, 'learning_rate': 0.00013384893573873413, 'p_miss': 0.11494284937768227}. Best is trial 196 with value: 0.13116269719041124.
[I 2024-09-22 20:22:40,238] Trial 39 finished with value: 0.16765127770577654 and parameters: {'model_name': 'VAE', 'batch_size': 5, 'iterations': 6513, 'learning_rate': 0.0028768137315357636, 'p_miss': 0.0749574543476372}. Best is trial 196 with value: 0.13116269719041124.
[I 2024-09-22 20:42:22,974] Trial 101 finished with value: 0.16137914014905158 and parameters: {'model_name': 'VAE', 'batch_size': 691, 'iterations': 8528, 'learning_rate': 0.007270621208978147, 'p_miss': 0.06628057304177473}. Best is trial 196 with value: 0.13116269719041124.
[I 2024-09-22 20:45:44,500] Trial 100 finished with value: 0.1614653773451793 and parameters: {'model_name': 'VAE', 'batch_size': 693, 'iterations': 9923, 'learning_rate': 0.007740897699466201, 'p_miss': 0.06304925297465508}. Best is trial 196 with value: 0.13116269719041124.
fit
auto fit
auto transform
0    0
1    0
2    0
3    0
4    0
5    0
dtype: int64
0    0
1    0
2    0
3    0
4    0
5    0
dtype: int64
0.13116269719041124
{'model_name': 'VAE', 'batch_size': 74, 'iterations': 249, 'learning_rate': 0.0001096422360084762, 'p_miss': 0.11432234670636193}
running experiment 2/3 - Does reconstruction give good automl predictions
Start est fit
Version 0.1.7a0 of tpot2 is outdated. Version 0.1.8a0 was released 5 days ago.
Version 0.1.7a0 of tpot2 is outdated. Version 0.1.8a0 was released 5 days ago.
Version 0.1.7a0 of tpot2 is outdated. Version 0.1.8a0 was released 5 days ago.
Version 0.1.7a0 of tpot2 is outdated. Version 0.1.8a0 was released 5 days ago.
Version 0.1.7a0 of tpot2 is outdated. Version 0.1.8a0 was released 5 days ago.
Version 0.1.7a0 of tpot2 is outdated. Version 0.1.8a0 was released 5 days ago.
Version 0.1.7a0 of tpot2 is outdated. Version 0.1.8a0 was released 5 days ago.
Version 0.1.7a0 of tpot2 is outdated. Version 0.1.8a0 was released 5 days ago.
Version 0.1.7a0 of tpot2 is outdated. Version 0.1.8a0 was released 5 days ago.
Version 0.1.7a0 of tpot2 is outdated. Version 0.1.8a0 was released 5 days ago.
Version 0.1.7a0 of tpot2 is outdated. Version 0.1.8a0 was released 5 days ago.
Version 0.1.7a0 of tpot2 is outdated. Version 0.1.8a0 was released 5 days ago.
Version 0.1.7a0 of tpot2 is outdated. Version 0.1.8a0 was released 5 days ago.
Version 0.1.7a0 of tpot2 is outdated. Version 0.1.8a0 was released 5 days ago.
Version 0.1.7a0 of tpot2 is outdated. Version 0.1.8a0 was released 5 days ago.
Version 0.1.7a0 of tpot2 is outdated. Version 0.1.8a0 was released 5 days ago.
  0%|          | 0/25 [00:00<?, ?it/s]Generation:   0%|          | 0/25 [00:00<?, ?it/s]WARNING THIS INDIVIDUAL CAUSED AND EXCEPTION 
 <tpot2.search_spaces.pipelines.sequential.SequentialPipelineIndividual object at 0x1554746a13f0> 
 The 'criterion' parameter of RandomForestRegressor must be a str among {'friedman_mse', 'poisson', 'absolute_error', 'squared_error'}. Got 'mse' instead. 
 Traceback (most recent call last):
  File "/common/ketrong/tpotexp/tpot2/tpot2/utils/eval_utils.py", line 53, in objective_nan_wrapper
    value = func_timeout.func_timeout(timeout, objective_function, args=[individual], kwargs=objective_kwargs)
  File "/common/ketrong/tpotexp/env/lib/python3.10/site-packages/func_timeout/dafunc.py", line 108, in func_timeout
    raise_exception(exception)
  File "/common/ketrong/tpotexp/env/lib/python3.10/site-packages/func_timeout/py3_raise.py", line 7, in raise_exception
    raise exception[0] from None
  File "/common/ketrong/tpotexp/tpot2/tpot2/tpot_estimator/estimator.py", line 623, in objective_function
    return objective_function_generator(
  File "/common/ketrong/tpotexp/tpot2/tpot2/tpot_estimator/estimator_utils.py", line 55, in objective_function_generator
    cv_obj_scores = cross_val_score_objective(sklearn.base.clone(pipeline),x,y,scorers=scorers, cv=cv , fold=step)
  File "/common/ketrong/tpotexp/tpot2/tpot2/tpot_estimator/cross_val_utils.py", line 28, in cross_val_score_objective
    this_fold_pipeline.fit(X_train,y_train)
  File "/common/ketrong/tpotexp/env/lib/python3.10/site-packages/sklearn/base.py", line 1473, in wrapper
    return fit_method(estimator, *args, **kwargs)
  File "/common/ketrong/tpotexp/env/lib/python3.10/site-packages/sklearn/pipeline.py", line 473, in fit
    self._final_estimator.fit(Xt, y, **last_step_params["fit"])
  File "/common/ketrong/tpotexp/env/lib/python3.10/site-packages/sklearn/base.py", line 1466, in wrapper
    estimator._validate_params()
  File "/common/ketrong/tpotexp/env/lib/python3.10/site-packages/sklearn/base.py", line 666, in _validate_params
    validate_parameter_constraints(
  File "/common/ketrong/tpotexp/env/lib/python3.10/site-packages/sklearn/utils/_param_validation.py", line 95, in validate_parameter_constraints
    raise InvalidParameterError(
sklearn.utils._param_validation.InvalidParameterError: The 'criterion' parameter of RandomForestRegressor must be a str among {'friedman_mse', 'poisson', 'absolute_error', 'squared_error'}. Got 'mse' instead.

WARNING THIS INDIVIDUAL CAUSED AND EXCEPTION 
 <tpot2.search_spaces.pipelines.sequential.SequentialPipelineIndividual object at 0x1554746f79a0> 
 The 'criterion' parameter of RandomForestRegressor must be a str among {'friedman_mse', 'poisson', 'absolute_error', 'squared_error'}. Got 'mae' instead. 
 Traceback (most recent call last):
  File "/common/ketrong/tpotexp/tpot2/tpot2/utils/eval_utils.py", line 53, in objective_nan_wrapper
    value = func_timeout.func_timeout(timeout, objective_function, args=[individual], kwargs=objective_kwargs)
  File "/common/ketrong/tpotexp/env/lib/python3.10/site-packages/func_timeout/dafunc.py", line 108, in func_timeout
    raise_exception(exception)
  File "/common/ketrong/tpotexp/env/lib/python3.10/site-packages/func_timeout/py3_raise.py", line 7, in raise_exception
    raise exception[0] from None
  File "/common/ketrong/tpotexp/tpot2/tpot2/tpot_estimator/estimator.py", line 623, in objective_function
    return objective_function_generator(
  File "/common/ketrong/tpotexp/tpot2/tpot2/tpot_estimator/estimator_utils.py", line 55, in objective_function_generator
    cv_obj_scores = cross_val_score_objective(sklearn.base.clone(pipeline),x,y,scorers=scorers, cv=cv , fold=step)
  File "/common/ketrong/tpotexp/tpot2/tpot2/tpot_estimator/cross_val_utils.py", line 28, in cross_val_score_objective
    this_fold_pipeline.fit(X_train,y_train)
  File "/common/ketrong/tpotexp/env/lib/python3.10/site-packages/sklearn/base.py", line 1473, in wrapper
    return fit_method(estimator, *args, **kwargs)
  File "/common/ketrong/tpotexp/env/lib/python3.10/site-packages/sklearn/pipeline.py", line 473, in fit
    self._final_estimator.fit(Xt, y, **last_step_params["fit"])
  File "/common/ketrong/tpotexp/env/lib/python3.10/site-packages/sklearn/base.py", line 1466, in wrapper
    estimator._validate_params()
  File "/common/ketrong/tpotexp/env/lib/python3.10/site-packages/sklearn/base.py", line 666, in _validate_params
    validate_parameter_constraints(
  File "/common/ketrong/tpotexp/env/lib/python3.10/site-packages/sklearn/utils/_param_validation.py", line 95, in validate_parameter_constraints
    raise InvalidParameterError(
sklearn.utils._param_validation.InvalidParameterError: The 'criterion' parameter of RandomForestRegressor must be a str among {'friedman_mse', 'poisson', 'absolute_error', 'squared_error'}. Got 'mae' instead.

WARNING THIS INDIVIDUAL CAUSED AND EXCEPTION 
 <tpot2.search_spaces.pipelines.sequential.SequentialPipelineIndividual object at 0x15547472c160> 
 The 'criterion' parameter of DecisionTreeRegressor must be a str among {'friedman_mse', 'poisson', 'absolute_error', 'squared_error'}. Got 'mae' instead. 
 Traceback (most recent call last):
  File "/common/ketrong/tpotexp/tpot2/tpot2/utils/eval_utils.py", line 53, in objective_nan_wrapper
    value = func_timeout.func_timeout(timeout, objective_function, args=[individual], kwargs=objective_kwargs)
  File "/common/ketrong/tpotexp/env/lib/python3.10/site-packages/func_timeout/dafunc.py", line 108, in func_timeout
    raise_exception(exception)
  File "/common/ketrong/tpotexp/env/lib/python3.10/site-packages/func_timeout/py3_raise.py", line 7, in raise_exception
    raise exception[0] from None
  File "/common/ketrong/tpotexp/tpot2/tpot2/tpot_estimator/estimator.py", line 623, in objective_function
    return objective_function_generator(
  File "/common/ketrong/tpotexp/tpot2/tpot2/tpot_estimator/estimator_utils.py", line 55, in objective_function_generator
    cv_obj_scores = cross_val_score_objective(sklearn.base.clone(pipeline),x,y,scorers=scorers, cv=cv , fold=step)
  File "/common/ketrong/tpotexp/tpot2/tpot2/tpot_estimator/cross_val_utils.py", line 28, in cross_val_score_objective
    this_fold_pipeline.fit(X_train,y_train)
  File "/common/ketrong/tpotexp/env/lib/python3.10/site-packages/sklearn/base.py", line 1473, in wrapper
    return fit_method(estimator, *args, **kwargs)
  File "/common/ketrong/tpotexp/env/lib/python3.10/site-packages/sklearn/pipeline.py", line 473, in fit
    self._final_estimator.fit(Xt, y, **last_step_params["fit"])
  File "/common/ketrong/tpotexp/env/lib/python3.10/site-packages/sklearn/base.py", line 1466, in wrapper
    estimator._validate_params()
  File "/common/ketrong/tpotexp/env/lib/python3.10/site-packages/sklearn/base.py", line 666, in _validate_params
    validate_parameter_constraints(
  File "/common/ketrong/tpotexp/env/lib/python3.10/site-packages/sklearn/utils/_param_validation.py", line 95, in validate_parameter_constraints
    raise InvalidParameterError(
sklearn.utils._param_validation.InvalidParameterError: The 'criterion' parameter of DecisionTreeRegressor must be a str among {'friedman_mse', 'poisson', 'absolute_error', 'squared_error'}. Got 'mae' instead.

WARNING THIS INDIVIDUAL CAUSED AND EXCEPTION 
 <tpot2.search_spaces.pipelines.sequential.SequentialPipelineIndividual object at 0x1554746ebe80> 
 The 'criterion' parameter of RandomForestRegressor must be a str among {'friedman_mse', 'poisson', 'absolute_error', 'squared_error'}. Got 'mae' instead. 
 Traceback (most recent call last):
  File "/common/ketrong/tpotexp/tpot2/tpot2/utils/eval_utils.py", line 53, in objective_nan_wrapper
    value = func_timeout.func_timeout(timeout, objective_function, args=[individual], kwargs=objective_kwargs)
  File "/common/ketrong/tpotexp/env/lib/python3.10/site-packages/func_timeout/dafunc.py", line 108, in func_timeout
    raise_exception(exception)
  File "/common/ketrong/tpotexp/env/lib/python3.10/site-packages/func_timeout/py3_raise.py", line 7, in raise_exception
    raise exception[0] from None
  File "/common/ketrong/tpotexp/tpot2/tpot2/tpot_estimator/estimator.py", line 623, in objective_function
    return objective_function_generator(
  File "/common/ketrong/tpotexp/tpot2/tpot2/tpot_estimator/estimator_utils.py", line 55, in objective_function_generator
    cv_obj_scores = cross_val_score_objective(sklearn.base.clone(pipeline),x,y,scorers=scorers, cv=cv , fold=step)
  File "/common/ketrong/tpotexp/tpot2/tpot2/tpot_estimator/cross_val_utils.py", line 28, in cross_val_score_objective
    this_fold_pipeline.fit(X_train,y_train)
  File "/common/ketrong/tpotexp/env/lib/python3.10/site-packages/sklearn/base.py", line 1473, in wrapper
    return fit_method(estimator, *args, **kwargs)
  File "/common/ketrong/tpotexp/env/lib/python3.10/site-packages/sklearn/pipeline.py", line 473, in fit
    self._final_estimator.fit(Xt, y, **last_step_params["fit"])
  File "/common/ketrong/tpotexp/env/lib/python3.10/site-packages/sklearn/base.py", line 1466, in wrapper
    estimator._validate_params()
  File "/common/ketrong/tpotexp/env/lib/python3.10/site-packages/sklearn/base.py", line 666, in _validate_params
    validate_parameter_constraints(
  File "/common/ketrong/tpotexp/env/lib/python3.10/site-packages/sklearn/utils/_param_validation.py", line 95, in validate_parameter_constraints
    raise InvalidParameterError(
sklearn.utils._param_validation.InvalidParameterError: The 'criterion' parameter of RandomForestRegressor must be a str among {'friedman_mse', 'poisson', 'absolute_error', 'squared_error'}. Got 'mae' instead.

Generation:  1
Best root_mean_squared_error score: -0.002346616788976872
Generation:   4%|         | 1/25 [00:31<12:27, 31.16s/it]WARNING THIS INDIVIDUAL CAUSED AND EXCEPTION 
 <tpot2.search_spaces.pipelines.sequential.SequentialPipelineIndividual object at 0x155474728910> 
 The 'criterion' parameter of DecisionTreeRegressor must be a str among {'friedman_mse', 'poisson', 'absolute_error', 'squared_error'}. Got 'mae' instead. 
 Traceback (most recent call last):
  File "/common/ketrong/tpotexp/tpot2/tpot2/utils/eval_utils.py", line 53, in objective_nan_wrapper
    value = func_timeout.func_timeout(timeout, objective_function, args=[individual], kwargs=objective_kwargs)
  File "/common/ketrong/tpotexp/env/lib/python3.10/site-packages/func_timeout/dafunc.py", line 108, in func_timeout
    raise_exception(exception)
  File "/common/ketrong/tpotexp/env/lib/python3.10/site-packages/func_timeout/py3_raise.py", line 7, in raise_exception
    raise exception[0] from None
  File "/common/ketrong/tpotexp/tpot2/tpot2/tpot_estimator/estimator.py", line 623, in objective_function
    return objective_function_generator(
  File "/common/ketrong/tpotexp/tpot2/tpot2/tpot_estimator/estimator_utils.py", line 55, in objective_function_generator
    cv_obj_scores = cross_val_score_objective(sklearn.base.clone(pipeline),x,y,scorers=scorers, cv=cv , fold=step)
  File "/common/ketrong/tpotexp/tpot2/tpot2/tpot_estimator/cross_val_utils.py", line 28, in cross_val_score_objective
    this_fold_pipeline.fit(X_train,y_train)
  File "/common/ketrong/tpotexp/env/lib/python3.10/site-packages/sklearn/base.py", line 1473, in wrapper
    return fit_method(estimator, *args, **kwargs)
  File "/common/ketrong/tpotexp/env/lib/python3.10/site-packages/sklearn/pipeline.py", line 473, in fit
    self._final_estimator.fit(Xt, y, **last_step_params["fit"])
  File "/common/ketrong/tpotexp/env/lib/python3.10/site-packages/sklearn/base.py", line 1466, in wrapper
    estimator._validate_params()
  File "/common/ketrong/tpotexp/env/lib/python3.10/site-packages/sklearn/base.py", line 666, in _validate_params
    validate_parameter_constraints(
  File "/common/ketrong/tpotexp/env/lib/python3.10/site-packages/sklearn/utils/_param_validation.py", line 95, in validate_parameter_constraints
    raise InvalidParameterError(
sklearn.utils._param_validation.InvalidParameterError: The 'criterion' parameter of DecisionTreeRegressor must be a str among {'friedman_mse', 'poisson', 'absolute_error', 'squared_error'}. Got 'mae' instead.

WARNING THIS INDIVIDUAL CAUSED AND EXCEPTION 
 <tpot2.search_spaces.pipelines.sequential.SequentialPipelineIndividual object at 0x155474703b80> 
 The 'criterion' parameter of RandomForestRegressor must be a str among {'friedman_mse', 'poisson', 'absolute_error', 'squared_error'}. Got 'mae' instead. 
 Traceback (most recent call last):
  File "/common/ketrong/tpotexp/tpot2/tpot2/utils/eval_utils.py", line 53, in objective_nan_wrapper
    value = func_timeout.func_timeout(timeout, objective_function, args=[individual], kwargs=objective_kwargs)
  File "/common/ketrong/tpotexp/env/lib/python3.10/site-packages/func_timeout/dafunc.py", line 108, in func_timeout
    raise_exception(exception)
  File "/common/ketrong/tpotexp/env/lib/python3.10/site-packages/func_timeout/py3_raise.py", line 7, in raise_exception
    raise exception[0] from None
  File "/common/ketrong/tpotexp/tpot2/tpot2/tpot_estimator/estimator.py", line 623, in objective_function
    return objective_function_generator(
  File "/common/ketrong/tpotexp/tpot2/tpot2/tpot_estimator/estimator_utils.py", line 55, in objective_function_generator
    cv_obj_scores = cross_val_score_objective(sklearn.base.clone(pipeline),x,y,scorers=scorers, cv=cv , fold=step)
  File "/common/ketrong/tpotexp/tpot2/tpot2/tpot_estimator/cross_val_utils.py", line 28, in cross_val_score_objective
    this_fold_pipeline.fit(X_train,y_train)
  File "/common/ketrong/tpotexp/env/lib/python3.10/site-packages/sklearn/base.py", line 1473, in wrapper
    return fit_method(estimator, *args, **kwargs)
  File "/common/ketrong/tpotexp/env/lib/python3.10/site-packages/sklearn/pipeline.py", line 473, in fit
    self._final_estimator.fit(Xt, y, **last_step_params["fit"])
  File "/common/ketrong/tpotexp/env/lib/python3.10/site-packages/sklearn/base.py", line 1466, in wrapper
    estimator._validate_params()
  File "/common/ketrong/tpotexp/env/lib/python3.10/site-packages/sklearn/base.py", line 666, in _validate_params
    validate_parameter_constraints(
  File "/common/ketrong/tpotexp/env/lib/python3.10/site-packages/sklearn/utils/_param_validation.py", line 95, in validate_parameter_constraints
    raise InvalidParameterError(
sklearn.utils._param_validation.InvalidParameterError: The 'criterion' parameter of RandomForestRegressor must be a str among {'friedman_mse', 'poisson', 'absolute_error', 'squared_error'}. Got 'mae' instead.

Generation:  2
Best root_mean_squared_error score: -0.002346616788976872
Generation:   8%|         | 2/25 [00:39<06:45, 17.64s/it]WARNING THIS INDIVIDUAL CAUSED AND EXCEPTION 
 <tpot2.search_spaces.pipelines.sequential.SequentialPipelineIndividual object at 0x155467f9de40> 
 The 'criterion' parameter of RandomForestRegressor must be a str among {'friedman_mse', 'poisson', 'absolute_error', 'squared_error'}. Got 'mse' instead. 
 Traceback (most recent call last):
  File "/common/ketrong/tpotexp/tpot2/tpot2/utils/eval_utils.py", line 53, in objective_nan_wrapper
    value = func_timeout.func_timeout(timeout, objective_function, args=[individual], kwargs=objective_kwargs)
  File "/common/ketrong/tpotexp/env/lib/python3.10/site-packages/func_timeout/dafunc.py", line 108, in func_timeout
    raise_exception(exception)
  File "/common/ketrong/tpotexp/env/lib/python3.10/site-packages/func_timeout/py3_raise.py", line 7, in raise_exception
    raise exception[0] from None
  File "/common/ketrong/tpotexp/tpot2/tpot2/tpot_estimator/estimator.py", line 623, in objective_function
    return objective_function_generator(
  File "/common/ketrong/tpotexp/tpot2/tpot2/tpot_estimator/estimator_utils.py", line 55, in objective_function_generator
    cv_obj_scores = cross_val_score_objective(sklearn.base.clone(pipeline),x,y,scorers=scorers, cv=cv , fold=step)
  File "/common/ketrong/tpotexp/tpot2/tpot2/tpot_estimator/cross_val_utils.py", line 28, in cross_val_score_objective
    this_fold_pipeline.fit(X_train,y_train)
  File "/common/ketrong/tpotexp/env/lib/python3.10/site-packages/sklearn/base.py", line 1473, in wrapper
    return fit_method(estimator, *args, **kwargs)
  File "/common/ketrong/tpotexp/env/lib/python3.10/site-packages/sklearn/pipeline.py", line 473, in fit
    self._final_estimator.fit(Xt, y, **last_step_params["fit"])
  File "/common/ketrong/tpotexp/env/lib/python3.10/site-packages/sklearn/base.py", line 1466, in wrapper
    estimator._validate_params()
  File "/common/ketrong/tpotexp/env/lib/python3.10/site-packages/sklearn/base.py", line 666, in _validate_params
    validate_parameter_constraints(
  File "/common/ketrong/tpotexp/env/lib/python3.10/site-packages/sklearn/utils/_param_validation.py", line 95, in validate_parameter_constraints
    raise InvalidParameterError(
sklearn.utils._param_validation.InvalidParameterError: The 'criterion' parameter of RandomForestRegressor must be a str among {'friedman_mse', 'poisson', 'absolute_error', 'squared_error'}. Got 'mse' instead.

WARNING THIS INDIVIDUAL CAUSED AND EXCEPTION 
 <tpot2.search_spaces.pipelines.sequential.SequentialPipelineIndividual object at 0x155467ff4cd0> 
 The 'criterion' parameter of ExtraTreesRegressor must be a str among {'friedman_mse', 'poisson', 'absolute_error', 'squared_error'}. Got 'mae' instead. 
 Traceback (most recent call last):
  File "/common/ketrong/tpotexp/tpot2/tpot2/utils/eval_utils.py", line 53, in objective_nan_wrapper
    value = func_timeout.func_timeout(timeout, objective_function, args=[individual], kwargs=objective_kwargs)
  File "/common/ketrong/tpotexp/env/lib/python3.10/site-packages/func_timeout/dafunc.py", line 108, in func_timeout
    raise_exception(exception)
  File "/common/ketrong/tpotexp/env/lib/python3.10/site-packages/func_timeout/py3_raise.py", line 7, in raise_exception
    raise exception[0] from None
  File "/common/ketrong/tpotexp/tpot2/tpot2/tpot_estimator/estimator.py", line 623, in objective_function
    return objective_function_generator(
  File "/common/ketrong/tpotexp/tpot2/tpot2/tpot_estimator/estimator_utils.py", line 55, in objective_function_generator
    cv_obj_scores = cross_val_score_objective(sklearn.base.clone(pipeline),x,y,scorers=scorers, cv=cv , fold=step)
  File "/common/ketrong/tpotexp/tpot2/tpot2/tpot_estimator/cross_val_utils.py", line 28, in cross_val_score_objective
    this_fold_pipeline.fit(X_train,y_train)
  File "/common/ketrong/tpotexp/env/lib/python3.10/site-packages/sklearn/base.py", line 1473, in wrapper
    return fit_method(estimator, *args, **kwargs)
  File "/common/ketrong/tpotexp/env/lib/python3.10/site-packages/sklearn/pipeline.py", line 473, in fit
    self._final_estimator.fit(Xt, y, **last_step_params["fit"])
  File "/common/ketrong/tpotexp/env/lib/python3.10/site-packages/sklearn/base.py", line 1466, in wrapper
    estimator._validate_params()
  File "/common/ketrong/tpotexp/env/lib/python3.10/site-packages/sklearn/base.py", line 666, in _validate_params
    validate_parameter_constraints(
  File "/common/ketrong/tpotexp/env/lib/python3.10/site-packages/sklearn/utils/_param_validation.py", line 95, in validate_parameter_constraints
    raise InvalidParameterError(
sklearn.utils._param_validation.InvalidParameterError: The 'criterion' parameter of ExtraTreesRegressor must be a str among {'friedman_mse', 'poisson', 'absolute_error', 'squared_error'}. Got 'mae' instead.

WARNING THIS INDIVIDUAL CAUSED AND EXCEPTION 
 <tpot2.search_spaces.pipelines.sequential.SequentialPipelineIndividual object at 0x15547474a7a0> 
 The 'criterion' parameter of RandomForestRegressor must be a str among {'friedman_mse', 'poisson', 'absolute_error', 'squared_error'}. Got 'mse' instead. 
 Traceback (most recent call last):
  File "/common/ketrong/tpotexp/tpot2/tpot2/utils/eval_utils.py", line 53, in objective_nan_wrapper
    value = func_timeout.func_timeout(timeout, objective_function, args=[individual], kwargs=objective_kwargs)
  File "/common/ketrong/tpotexp/env/lib/python3.10/site-packages/func_timeout/dafunc.py", line 108, in func_timeout
    raise_exception(exception)
  File "/common/ketrong/tpotexp/env/lib/python3.10/site-packages/func_timeout/py3_raise.py", line 7, in raise_exception
    raise exception[0] from None
  File "/common/ketrong/tpotexp/tpot2/tpot2/tpot_estimator/estimator.py", line 623, in objective_function
    return objective_function_generator(
  File "/common/ketrong/tpotexp/tpot2/tpot2/tpot_estimator/estimator_utils.py", line 55, in objective_function_generator
    cv_obj_scores = cross_val_score_objective(sklearn.base.clone(pipeline),x,y,scorers=scorers, cv=cv , fold=step)
  File "/common/ketrong/tpotexp/tpot2/tpot2/tpot_estimator/cross_val_utils.py", line 28, in cross_val_score_objective
    this_fold_pipeline.fit(X_train,y_train)
  File "/common/ketrong/tpotexp/env/lib/python3.10/site-packages/sklearn/base.py", line 1473, in wrapper
    return fit_method(estimator, *args, **kwargs)
  File "/common/ketrong/tpotexp/env/lib/python3.10/site-packages/sklearn/pipeline.py", line 473, in fit
    self._final_estimator.fit(Xt, y, **last_step_params["fit"])
  File "/common/ketrong/tpotexp/env/lib/python3.10/site-packages/sklearn/base.py", line 1466, in wrapper
    estimator._validate_params()
  File "/common/ketrong/tpotexp/env/lib/python3.10/site-packages/sklearn/base.py", line 666, in _validate_params
    validate_parameter_constraints(
  File "/common/ketrong/tpotexp/env/lib/python3.10/site-packages/sklearn/utils/_param_validation.py", line 95, in validate_parameter_constraints
    raise InvalidParameterError(
sklearn.utils._param_validation.InvalidParameterError: The 'criterion' parameter of RandomForestRegressor must be a str among {'friedman_mse', 'poisson', 'absolute_error', 'squared_error'}. Got 'mse' instead.

Generation:  3
Best root_mean_squared_error score: -0.002346616788976872
Generation:  12%|        | 3/25 [00:46<04:43, 12.89s/it]WARNING THIS INDIVIDUAL CAUSED AND EXCEPTION 
 <tpot2.search_spaces.pipelines.sequential.SequentialPipelineIndividual object at 0x1554747198a0> 
 The 'criterion' parameter of ExtraTreesRegressor must be a str among {'friedman_mse', 'poisson', 'absolute_error', 'squared_error'}. Got 'mae' instead. 
 Traceback (most recent call last):
  File "/common/ketrong/tpotexp/tpot2/tpot2/utils/eval_utils.py", line 53, in objective_nan_wrapper
    value = func_timeout.func_timeout(timeout, objective_function, args=[individual], kwargs=objective_kwargs)
  File "/common/ketrong/tpotexp/env/lib/python3.10/site-packages/func_timeout/dafunc.py", line 108, in func_timeout
    raise_exception(exception)
  File "/common/ketrong/tpotexp/env/lib/python3.10/site-packages/func_timeout/py3_raise.py", line 7, in raise_exception
    raise exception[0] from None
  File "/common/ketrong/tpotexp/tpot2/tpot2/tpot_estimator/estimator.py", line 623, in objective_function
    return objective_function_generator(
  File "/common/ketrong/tpotexp/tpot2/tpot2/tpot_estimator/estimator_utils.py", line 55, in objective_function_generator
    cv_obj_scores = cross_val_score_objective(sklearn.base.clone(pipeline),x,y,scorers=scorers, cv=cv , fold=step)
  File "/common/ketrong/tpotexp/tpot2/tpot2/tpot_estimator/cross_val_utils.py", line 28, in cross_val_score_objective
    this_fold_pipeline.fit(X_train,y_train)
  File "/common/ketrong/tpotexp/env/lib/python3.10/site-packages/sklearn/base.py", line 1473, in wrapper
    return fit_method(estimator, *args, **kwargs)
  File "/common/ketrong/tpotexp/env/lib/python3.10/site-packages/sklearn/pipeline.py", line 473, in fit
    self._final_estimator.fit(Xt, y, **last_step_params["fit"])
  File "/common/ketrong/tpotexp/env/lib/python3.10/site-packages/sklearn/base.py", line 1466, in wrapper
    estimator._validate_params()
  File "/common/ketrong/tpotexp/env/lib/python3.10/site-packages/sklearn/base.py", line 666, in _validate_params
    validate_parameter_constraints(
  File "/common/ketrong/tpotexp/env/lib/python3.10/site-packages/sklearn/utils/_param_validation.py", line 95, in validate_parameter_constraints
    raise InvalidParameterError(
sklearn.utils._param_validation.InvalidParameterError: The 'criterion' parameter of ExtraTreesRegressor must be a str among {'friedman_mse', 'poisson', 'absolute_error', 'squared_error'}. Got 'mae' instead.

Generation:  4
Best root_mean_squared_error score: -0.0023369031492171143
Generation:  16%|        | 4/25 [01:06<05:26, 15.56s/it]WARNING THIS INDIVIDUAL CAUSED AND EXCEPTION 
 <tpot2.search_spaces.pipelines.sequential.SequentialPipelineIndividual object at 0x1554746e9000> 
 The 'criterion' parameter of RandomForestRegressor must be a str among {'friedman_mse', 'poisson', 'absolute_error', 'squared_error'}. Got 'mse' instead. 
 Traceback (most recent call last):
  File "/common/ketrong/tpotexp/tpot2/tpot2/utils/eval_utils.py", line 53, in objective_nan_wrapper
    value = func_timeout.func_timeout(timeout, objective_function, args=[individual], kwargs=objective_kwargs)
  File "/common/ketrong/tpotexp/env/lib/python3.10/site-packages/func_timeout/dafunc.py", line 108, in func_timeout
    raise_exception(exception)
  File "/common/ketrong/tpotexp/env/lib/python3.10/site-packages/func_timeout/py3_raise.py", line 7, in raise_exception
    raise exception[0] from None
  File "/common/ketrong/tpotexp/tpot2/tpot2/tpot_estimator/estimator.py", line 623, in objective_function
    return objective_function_generator(
  File "/common/ketrong/tpotexp/tpot2/tpot2/tpot_estimator/estimator_utils.py", line 55, in objective_function_generator
    cv_obj_scores = cross_val_score_objective(sklearn.base.clone(pipeline),x,y,scorers=scorers, cv=cv , fold=step)
  File "/common/ketrong/tpotexp/tpot2/tpot2/tpot_estimator/cross_val_utils.py", line 28, in cross_val_score_objective
    this_fold_pipeline.fit(X_train,y_train)
  File "/common/ketrong/tpotexp/env/lib/python3.10/site-packages/sklearn/base.py", line 1473, in wrapper
    return fit_method(estimator, *args, **kwargs)
  File "/common/ketrong/tpotexp/env/lib/python3.10/site-packages/sklearn/pipeline.py", line 473, in fit
    self._final_estimator.fit(Xt, y, **last_step_params["fit"])
  File "/common/ketrong/tpotexp/env/lib/python3.10/site-packages/sklearn/base.py", line 1466, in wrapper
    estimator._validate_params()
  File "/common/ketrong/tpotexp/env/lib/python3.10/site-packages/sklearn/base.py", line 666, in _validate_params
    validate_parameter_constraints(
  File "/common/ketrong/tpotexp/env/lib/python3.10/site-packages/sklearn/utils/_param_validation.py", line 95, in validate_parameter_constraints
    raise InvalidParameterError(
sklearn.utils._param_validation.InvalidParameterError: The 'criterion' parameter of RandomForestRegressor must be a str among {'friedman_mse', 'poisson', 'absolute_error', 'squared_error'}. Got 'mse' instead.

Generation:  5
Best root_mean_squared_error score: -0.0023351188836434828
Generation:  20%|        | 5/25 [01:25<05:34, 16.72s/it]Generation:  6
Best root_mean_squared_error score: -0.0023351188836434828
Generation:  24%|       | 6/25 [01:57<06:59, 22.09s/it]WARNING THIS INDIVIDUAL CAUSED AND EXCEPTION 
 <tpot2.search_spaces.pipelines.sequential.SequentialPipelineIndividual object at 0x155465ba4220> 
 The 'criterion' parameter of ExtraTreesRegressor must be a str among {'friedman_mse', 'poisson', 'absolute_error', 'squared_error'}. Got 'mae' instead. 
 Traceback (most recent call last):
  File "/common/ketrong/tpotexp/tpot2/tpot2/utils/eval_utils.py", line 53, in objective_nan_wrapper
    value = func_timeout.func_timeout(timeout, objective_function, args=[individual], kwargs=objective_kwargs)
  File "/common/ketrong/tpotexp/env/lib/python3.10/site-packages/func_timeout/dafunc.py", line 108, in func_timeout
    raise_exception(exception)
  File "/common/ketrong/tpotexp/env/lib/python3.10/site-packages/func_timeout/py3_raise.py", line 7, in raise_exception
    raise exception[0] from None
  File "/common/ketrong/tpotexp/tpot2/tpot2/tpot_estimator/estimator.py", line 623, in objective_function
    return objective_function_generator(
  File "/common/ketrong/tpotexp/tpot2/tpot2/tpot_estimator/estimator_utils.py", line 55, in objective_function_generator
    cv_obj_scores = cross_val_score_objective(sklearn.base.clone(pipeline),x,y,scorers=scorers, cv=cv , fold=step)
  File "/common/ketrong/tpotexp/tpot2/tpot2/tpot_estimator/cross_val_utils.py", line 28, in cross_val_score_objective
    this_fold_pipeline.fit(X_train,y_train)
  File "/common/ketrong/tpotexp/env/lib/python3.10/site-packages/sklearn/base.py", line 1473, in wrapper
    return fit_method(estimator, *args, **kwargs)
  File "/common/ketrong/tpotexp/env/lib/python3.10/site-packages/sklearn/pipeline.py", line 473, in fit
    self._final_estimator.fit(Xt, y, **last_step_params["fit"])
  File "/common/ketrong/tpotexp/env/lib/python3.10/site-packages/sklearn/base.py", line 1466, in wrapper
    estimator._validate_params()
  File "/common/ketrong/tpotexp/env/lib/python3.10/site-packages/sklearn/base.py", line 666, in _validate_params
    validate_parameter_constraints(
  File "/common/ketrong/tpotexp/env/lib/python3.10/site-packages/sklearn/utils/_param_validation.py", line 95, in validate_parameter_constraints
    raise InvalidParameterError(
sklearn.utils._param_validation.InvalidParameterError: The 'criterion' parameter of ExtraTreesRegressor must be a str among {'friedman_mse', 'poisson', 'absolute_error', 'squared_error'}. Got 'mae' instead.

WARNING THIS INDIVIDUAL CAUSED AND EXCEPTION 
 <tpot2.search_spaces.pipelines.sequential.SequentialPipelineIndividual object at 0x1554746a3550> 
 The 'criterion' parameter of RandomForestRegressor must be a str among {'friedman_mse', 'poisson', 'absolute_error', 'squared_error'}. Got 'mse' instead. 
 Traceback (most recent call last):
  File "/common/ketrong/tpotexp/tpot2/tpot2/utils/eval_utils.py", line 53, in objective_nan_wrapper
    value = func_timeout.func_timeout(timeout, objective_function, args=[individual], kwargs=objective_kwargs)
  File "/common/ketrong/tpotexp/env/lib/python3.10/site-packages/func_timeout/dafunc.py", line 108, in func_timeout
    raise_exception(exception)
  File "/common/ketrong/tpotexp/env/lib/python3.10/site-packages/func_timeout/py3_raise.py", line 7, in raise_exception
    raise exception[0] from None
  File "/common/ketrong/tpotexp/tpot2/tpot2/tpot_estimator/estimator.py", line 623, in objective_function
    return objective_function_generator(
  File "/common/ketrong/tpotexp/tpot2/tpot2/tpot_estimator/estimator_utils.py", line 55, in objective_function_generator
    cv_obj_scores = cross_val_score_objective(sklearn.base.clone(pipeline),x,y,scorers=scorers, cv=cv , fold=step)
  File "/common/ketrong/tpotexp/tpot2/tpot2/tpot_estimator/cross_val_utils.py", line 28, in cross_val_score_objective
    this_fold_pipeline.fit(X_train,y_train)
  File "/common/ketrong/tpotexp/env/lib/python3.10/site-packages/sklearn/base.py", line 1473, in wrapper
    return fit_method(estimator, *args, **kwargs)
  File "/common/ketrong/tpotexp/env/lib/python3.10/site-packages/sklearn/pipeline.py", line 473, in fit
    self._final_estimator.fit(Xt, y, **last_step_params["fit"])
  File "/common/ketrong/tpotexp/env/lib/python3.10/site-packages/sklearn/base.py", line 1466, in wrapper
    estimator._validate_params()
  File "/common/ketrong/tpotexp/env/lib/python3.10/site-packages/sklearn/base.py", line 666, in _validate_params
    validate_parameter_constraints(
  File "/common/ketrong/tpotexp/env/lib/python3.10/site-packages/sklearn/utils/_param_validation.py", line 95, in validate_parameter_constraints
    raise InvalidParameterError(
sklearn.utils._param_validation.InvalidParameterError: The 'criterion' parameter of RandomForestRegressor must be a str among {'friedman_mse', 'poisson', 'absolute_error', 'squared_error'}. Got 'mse' instead.

Generation:  7
Best root_mean_squared_error score: -0.0023351188836434828
Generation:  28%|       | 7/25 [02:23<06:58, 23.26s/it]WARNING THIS INDIVIDUAL CAUSED AND EXCEPTION 
 <tpot2.search_spaces.pipelines.sequential.SequentialPipelineIndividual object at 0x155465ba4bb0> 
 The 'criterion' parameter of ExtraTreesRegressor must be a str among {'friedman_mse', 'poisson', 'absolute_error', 'squared_error'}. Got 'mae' instead. 
 Traceback (most recent call last):
  File "/common/ketrong/tpotexp/tpot2/tpot2/utils/eval_utils.py", line 53, in objective_nan_wrapper
    value = func_timeout.func_timeout(timeout, objective_function, args=[individual], kwargs=objective_kwargs)
  File "/common/ketrong/tpotexp/env/lib/python3.10/site-packages/func_timeout/dafunc.py", line 108, in func_timeout
    raise_exception(exception)
  File "/common/ketrong/tpotexp/env/lib/python3.10/site-packages/func_timeout/py3_raise.py", line 7, in raise_exception
    raise exception[0] from None
  File "/common/ketrong/tpotexp/tpot2/tpot2/tpot_estimator/estimator.py", line 623, in objective_function
    return objective_function_generator(
  File "/common/ketrong/tpotexp/tpot2/tpot2/tpot_estimator/estimator_utils.py", line 55, in objective_function_generator
    cv_obj_scores = cross_val_score_objective(sklearn.base.clone(pipeline),x,y,scorers=scorers, cv=cv , fold=step)
  File "/common/ketrong/tpotexp/tpot2/tpot2/tpot_estimator/cross_val_utils.py", line 28, in cross_val_score_objective
    this_fold_pipeline.fit(X_train,y_train)
  File "/common/ketrong/tpotexp/env/lib/python3.10/site-packages/sklearn/base.py", line 1473, in wrapper
    return fit_method(estimator, *args, **kwargs)
  File "/common/ketrong/tpotexp/env/lib/python3.10/site-packages/sklearn/pipeline.py", line 473, in fit
    self._final_estimator.fit(Xt, y, **last_step_params["fit"])
  File "/common/ketrong/tpotexp/env/lib/python3.10/site-packages/sklearn/base.py", line 1466, in wrapper
    estimator._validate_params()
  File "/common/ketrong/tpotexp/env/lib/python3.10/site-packages/sklearn/base.py", line 666, in _validate_params
    validate_parameter_constraints(
  File "/common/ketrong/tpotexp/env/lib/python3.10/site-packages/sklearn/utils/_param_validation.py", line 95, in validate_parameter_constraints
    raise InvalidParameterError(
sklearn.utils._param_validation.InvalidParameterError: The 'criterion' parameter of ExtraTreesRegressor must be a str among {'friedman_mse', 'poisson', 'absolute_error', 'squared_error'}. Got 'mae' instead.

WARNING THIS INDIVIDUAL CAUSED AND EXCEPTION 
 <tpot2.search_spaces.pipelines.sequential.SequentialPipelineIndividual object at 0x155467f110c0> 
 The 'criterion' parameter of ExtraTreesRegressor must be a str among {'friedman_mse', 'poisson', 'absolute_error', 'squared_error'}. Got 'mae' instead. 
 Traceback (most recent call last):
  File "/common/ketrong/tpotexp/tpot2/tpot2/utils/eval_utils.py", line 53, in objective_nan_wrapper
    value = func_timeout.func_timeout(timeout, objective_function, args=[individual], kwargs=objective_kwargs)
  File "/common/ketrong/tpotexp/env/lib/python3.10/site-packages/func_timeout/dafunc.py", line 108, in func_timeout
    raise_exception(exception)
  File "/common/ketrong/tpotexp/env/lib/python3.10/site-packages/func_timeout/py3_raise.py", line 7, in raise_exception
    raise exception[0] from None
  File "/common/ketrong/tpotexp/tpot2/tpot2/tpot_estimator/estimator.py", line 623, in objective_function
    return objective_function_generator(
  File "/common/ketrong/tpotexp/tpot2/tpot2/tpot_estimator/estimator_utils.py", line 55, in objective_function_generator
    cv_obj_scores = cross_val_score_objective(sklearn.base.clone(pipeline),x,y,scorers=scorers, cv=cv , fold=step)
  File "/common/ketrong/tpotexp/tpot2/tpot2/tpot_estimator/cross_val_utils.py", line 28, in cross_val_score_objective
    this_fold_pipeline.fit(X_train,y_train)
  File "/common/ketrong/tpotexp/env/lib/python3.10/site-packages/sklearn/base.py", line 1473, in wrapper
    return fit_method(estimator, *args, **kwargs)
  File "/common/ketrong/tpotexp/env/lib/python3.10/site-packages/sklearn/pipeline.py", line 473, in fit
    self._final_estimator.fit(Xt, y, **last_step_params["fit"])
  File "/common/ketrong/tpotexp/env/lib/python3.10/site-packages/sklearn/base.py", line 1466, in wrapper
    estimator._validate_params()
  File "/common/ketrong/tpotexp/env/lib/python3.10/site-packages/sklearn/base.py", line 666, in _validate_params
    validate_parameter_constraints(
  File "/common/ketrong/tpotexp/env/lib/python3.10/site-packages/sklearn/utils/_param_validation.py", line 95, in validate_parameter_constraints
    raise InvalidParameterError(
sklearn.utils._param_validation.InvalidParameterError: The 'criterion' parameter of ExtraTreesRegressor must be a str among {'friedman_mse', 'poisson', 'absolute_error', 'squared_error'}. Got 'mae' instead.

WARNING THIS INDIVIDUAL CAUSED AND EXCEPTION 
 <tpot2.search_spaces.pipelines.sequential.SequentialPipelineIndividual object at 0x155467fd6c80> 
 The 'criterion' parameter of ExtraTreesRegressor must be a str among {'friedman_mse', 'poisson', 'absolute_error', 'squared_error'}. Got 'mae' instead. 
 Traceback (most recent call last):
  File "/common/ketrong/tpotexp/tpot2/tpot2/utils/eval_utils.py", line 53, in objective_nan_wrapper
    value = func_timeout.func_timeout(timeout, objective_function, args=[individual], kwargs=objective_kwargs)
  File "/common/ketrong/tpotexp/env/lib/python3.10/site-packages/func_timeout/dafunc.py", line 108, in func_timeout
    raise_exception(exception)
  File "/common/ketrong/tpotexp/env/lib/python3.10/site-packages/func_timeout/py3_raise.py", line 7, in raise_exception
    raise exception[0] from None
  File "/common/ketrong/tpotexp/tpot2/tpot2/tpot_estimator/estimator.py", line 623, in objective_function
    return objective_function_generator(
  File "/common/ketrong/tpotexp/tpot2/tpot2/tpot_estimator/estimator_utils.py", line 55, in objective_function_generator
    cv_obj_scores = cross_val_score_objective(sklearn.base.clone(pipeline),x,y,scorers=scorers, cv=cv , fold=step)
  File "/common/ketrong/tpotexp/tpot2/tpot2/tpot_estimator/cross_val_utils.py", line 28, in cross_val_score_objective
    this_fold_pipeline.fit(X_train,y_train)
  File "/common/ketrong/tpotexp/env/lib/python3.10/site-packages/sklearn/base.py", line 1473, in wrapper
    return fit_method(estimator, *args, **kwargs)
  File "/common/ketrong/tpotexp/env/lib/python3.10/site-packages/sklearn/pipeline.py", line 473, in fit
    self._final_estimator.fit(Xt, y, **last_step_params["fit"])
  File "/common/ketrong/tpotexp/env/lib/python3.10/site-packages/sklearn/base.py", line 1466, in wrapper
    estimator._validate_params()
  File "/common/ketrong/tpotexp/env/lib/python3.10/site-packages/sklearn/base.py", line 666, in _validate_params
    validate_parameter_constraints(
  File "/common/ketrong/tpotexp/env/lib/python3.10/site-packages/sklearn/utils/_param_validation.py", line 95, in validate_parameter_constraints
    raise InvalidParameterError(
sklearn.utils._param_validation.InvalidParameterError: The 'criterion' parameter of ExtraTreesRegressor must be a str among {'friedman_mse', 'poisson', 'absolute_error', 'squared_error'}. Got 'mae' instead.

WARNING THIS INDIVIDUAL CAUSED AND EXCEPTION 
 <tpot2.search_spaces.pipelines.sequential.SequentialPipelineIndividual object at 0x15547473b970> 
 The 'criterion' parameter of ExtraTreesRegressor must be a str among {'friedman_mse', 'poisson', 'absolute_error', 'squared_error'}. Got 'mae' instead. 
 Traceback (most recent call last):
  File "/common/ketrong/tpotexp/tpot2/tpot2/utils/eval_utils.py", line 53, in objective_nan_wrapper
    value = func_timeout.func_timeout(timeout, objective_function, args=[individual], kwargs=objective_kwargs)
  File "/common/ketrong/tpotexp/env/lib/python3.10/site-packages/func_timeout/dafunc.py", line 108, in func_timeout
    raise_exception(exception)
  File "/common/ketrong/tpotexp/env/lib/python3.10/site-packages/func_timeout/py3_raise.py", line 7, in raise_exception
    raise exception[0] from None
  File "/common/ketrong/tpotexp/tpot2/tpot2/tpot_estimator/estimator.py", line 623, in objective_function
    return objective_function_generator(
  File "/common/ketrong/tpotexp/tpot2/tpot2/tpot_estimator/estimator_utils.py", line 55, in objective_function_generator
    cv_obj_scores = cross_val_score_objective(sklearn.base.clone(pipeline),x,y,scorers=scorers, cv=cv , fold=step)
  File "/common/ketrong/tpotexp/tpot2/tpot2/tpot_estimator/cross_val_utils.py", line 28, in cross_val_score_objective
    this_fold_pipeline.fit(X_train,y_train)
  File "/common/ketrong/tpotexp/env/lib/python3.10/site-packages/sklearn/base.py", line 1473, in wrapper
    return fit_method(estimator, *args, **kwargs)
  File "/common/ketrong/tpotexp/env/lib/python3.10/site-packages/sklearn/pipeline.py", line 473, in fit
    self._final_estimator.fit(Xt, y, **last_step_params["fit"])
  File "/common/ketrong/tpotexp/env/lib/python3.10/site-packages/sklearn/base.py", line 1466, in wrapper
    estimator._validate_params()
  File "/common/ketrong/tpotexp/env/lib/python3.10/site-packages/sklearn/base.py", line 666, in _validate_params
    validate_parameter_constraints(
  File "/common/ketrong/tpotexp/env/lib/python3.10/site-packages/sklearn/utils/_param_validation.py", line 95, in validate_parameter_constraints
    raise InvalidParameterError(
sklearn.utils._param_validation.InvalidParameterError: The 'criterion' parameter of ExtraTreesRegressor must be a str among {'friedman_mse', 'poisson', 'absolute_error', 'squared_error'}. Got 'mae' instead.

WARNING THIS INDIVIDUAL CAUSED AND EXCEPTION 
 <tpot2.search_spaces.pipelines.sequential.SequentialPipelineIndividual object at 0x155465bb0e50> 
 The 'criterion' parameter of RandomForestRegressor must be a str among {'friedman_mse', 'poisson', 'absolute_error', 'squared_error'}. Got 'mse' instead. 
 Traceback (most recent call last):
  File "/common/ketrong/tpotexp/tpot2/tpot2/utils/eval_utils.py", line 53, in objective_nan_wrapper
    value = func_timeout.func_timeout(timeout, objective_function, args=[individual], kwargs=objective_kwargs)
  File "/common/ketrong/tpotexp/env/lib/python3.10/site-packages/func_timeout/dafunc.py", line 108, in func_timeout
    raise_exception(exception)
  File "/common/ketrong/tpotexp/env/lib/python3.10/site-packages/func_timeout/py3_raise.py", line 7, in raise_exception
    raise exception[0] from None
  File "/common/ketrong/tpotexp/tpot2/tpot2/tpot_estimator/estimator.py", line 623, in objective_function
    return objective_function_generator(
  File "/common/ketrong/tpotexp/tpot2/tpot2/tpot_estimator/estimator_utils.py", line 55, in objective_function_generator
    cv_obj_scores = cross_val_score_objective(sklearn.base.clone(pipeline),x,y,scorers=scorers, cv=cv , fold=step)
  File "/common/ketrong/tpotexp/tpot2/tpot2/tpot_estimator/cross_val_utils.py", line 28, in cross_val_score_objective
    this_fold_pipeline.fit(X_train,y_train)
  File "/common/ketrong/tpotexp/env/lib/python3.10/site-packages/sklearn/base.py", line 1473, in wrapper
    return fit_method(estimator, *args, **kwargs)
  File "/common/ketrong/tpotexp/env/lib/python3.10/site-packages/sklearn/pipeline.py", line 473, in fit
    self._final_estimator.fit(Xt, y, **last_step_params["fit"])
  File "/common/ketrong/tpotexp/env/lib/python3.10/site-packages/sklearn/base.py", line 1466, in wrapper
    estimator._validate_params()
  File "/common/ketrong/tpotexp/env/lib/python3.10/site-packages/sklearn/base.py", line 666, in _validate_params
    validate_parameter_constraints(
  File "/common/ketrong/tpotexp/env/lib/python3.10/site-packages/sklearn/utils/_param_validation.py", line 95, in validate_parameter_constraints
    raise InvalidParameterError(
sklearn.utils._param_validation.InvalidParameterError: The 'criterion' parameter of RandomForestRegressor must be a str among {'friedman_mse', 'poisson', 'absolute_error', 'squared_error'}. Got 'mse' instead.

Generation:  8
Best root_mean_squared_error score: -0.0023351188836434828
Generation:  32%|      | 8/25 [06:07<24:42, 87.19s/it]WARNING THIS INDIVIDUAL CAUSED AND EXCEPTION 
 <tpot2.search_spaces.pipelines.sequential.SequentialPipelineIndividual object at 0x155474734040> 
 The 'criterion' parameter of RandomForestRegressor must be a str among {'friedman_mse', 'poisson', 'absolute_error', 'squared_error'}. Got 'mae' instead. 
 Traceback (most recent call last):
  File "/common/ketrong/tpotexp/tpot2/tpot2/utils/eval_utils.py", line 53, in objective_nan_wrapper
    value = func_timeout.func_timeout(timeout, objective_function, args=[individual], kwargs=objective_kwargs)
  File "/common/ketrong/tpotexp/env/lib/python3.10/site-packages/func_timeout/dafunc.py", line 108, in func_timeout
    raise_exception(exception)
  File "/common/ketrong/tpotexp/env/lib/python3.10/site-packages/func_timeout/py3_raise.py", line 7, in raise_exception
    raise exception[0] from None
  File "/common/ketrong/tpotexp/tpot2/tpot2/tpot_estimator/estimator.py", line 623, in objective_function
    return objective_function_generator(
  File "/common/ketrong/tpotexp/tpot2/tpot2/tpot_estimator/estimator_utils.py", line 55, in objective_function_generator
    cv_obj_scores = cross_val_score_objective(sklearn.base.clone(pipeline),x,y,scorers=scorers, cv=cv , fold=step)
  File "/common/ketrong/tpotexp/tpot2/tpot2/tpot_estimator/cross_val_utils.py", line 28, in cross_val_score_objective
    this_fold_pipeline.fit(X_train,y_train)
  File "/common/ketrong/tpotexp/env/lib/python3.10/site-packages/sklearn/base.py", line 1473, in wrapper
    return fit_method(estimator, *args, **kwargs)
  File "/common/ketrong/tpotexp/env/lib/python3.10/site-packages/sklearn/pipeline.py", line 473, in fit
    self._final_estimator.fit(Xt, y, **last_step_params["fit"])
  File "/common/ketrong/tpotexp/env/lib/python3.10/site-packages/sklearn/base.py", line 1466, in wrapper
    estimator._validate_params()
  File "/common/ketrong/tpotexp/env/lib/python3.10/site-packages/sklearn/base.py", line 666, in _validate_params
    validate_parameter_constraints(
  File "/common/ketrong/tpotexp/env/lib/python3.10/site-packages/sklearn/utils/_param_validation.py", line 95, in validate_parameter_constraints
    raise InvalidParameterError(
sklearn.utils._param_validation.InvalidParameterError: The 'criterion' parameter of RandomForestRegressor must be a str among {'friedman_mse', 'poisson', 'absolute_error', 'squared_error'}. Got 'mae' instead.

WARNING THIS INDIVIDUAL CAUSED AND EXCEPTION 
 <tpot2.search_spaces.pipelines.sequential.SequentialPipelineIndividual object at 0x155467faf850> 
 The 'criterion' parameter of ExtraTreesRegressor must be a str among {'friedman_mse', 'poisson', 'absolute_error', 'squared_error'}. Got 'mae' instead. 
 Traceback (most recent call last):
  File "/common/ketrong/tpotexp/tpot2/tpot2/utils/eval_utils.py", line 53, in objective_nan_wrapper
    value = func_timeout.func_timeout(timeout, objective_function, args=[individual], kwargs=objective_kwargs)
  File "/common/ketrong/tpotexp/env/lib/python3.10/site-packages/func_timeout/dafunc.py", line 108, in func_timeout
    raise_exception(exception)
  File "/common/ketrong/tpotexp/env/lib/python3.10/site-packages/func_timeout/py3_raise.py", line 7, in raise_exception
    raise exception[0] from None
  File "/common/ketrong/tpotexp/tpot2/tpot2/tpot_estimator/estimator.py", line 623, in objective_function
    return objective_function_generator(
  File "/common/ketrong/tpotexp/tpot2/tpot2/tpot_estimator/estimator_utils.py", line 55, in objective_function_generator
    cv_obj_scores = cross_val_score_objective(sklearn.base.clone(pipeline),x,y,scorers=scorers, cv=cv , fold=step)
  File "/common/ketrong/tpotexp/tpot2/tpot2/tpot_estimator/cross_val_utils.py", line 28, in cross_val_score_objective
    this_fold_pipeline.fit(X_train,y_train)
  File "/common/ketrong/tpotexp/env/lib/python3.10/site-packages/sklearn/base.py", line 1473, in wrapper
    return fit_method(estimator, *args, **kwargs)
  File "/common/ketrong/tpotexp/env/lib/python3.10/site-packages/sklearn/pipeline.py", line 473, in fit
    self._final_estimator.fit(Xt, y, **last_step_params["fit"])
  File "/common/ketrong/tpotexp/env/lib/python3.10/site-packages/sklearn/base.py", line 1466, in wrapper
    estimator._validate_params()
  File "/common/ketrong/tpotexp/env/lib/python3.10/site-packages/sklearn/base.py", line 666, in _validate_params
    validate_parameter_constraints(
  File "/common/ketrong/tpotexp/env/lib/python3.10/site-packages/sklearn/utils/_param_validation.py", line 95, in validate_parameter_constraints
    raise InvalidParameterError(
sklearn.utils._param_validation.InvalidParameterError: The 'criterion' parameter of ExtraTreesRegressor must be a str among {'friedman_mse', 'poisson', 'absolute_error', 'squared_error'}. Got 'mae' instead.

Generation:  9
Best root_mean_squared_error score: -0.0023351188836434828
Generation:  36%|      | 9/25 [08:31<27:59, 104.96s/it]WARNING THIS INDIVIDUAL CAUSED AND EXCEPTION 
 <tpot2.search_spaces.pipelines.sequential.SequentialPipelineIndividual object at 0x15547473d720> 
 The 'criterion' parameter of ExtraTreesRegressor must be a str among {'friedman_mse', 'poisson', 'absolute_error', 'squared_error'}. Got 'mae' instead. 
 Traceback (most recent call last):
  File "/common/ketrong/tpotexp/tpot2/tpot2/utils/eval_utils.py", line 53, in objective_nan_wrapper
    value = func_timeout.func_timeout(timeout, objective_function, args=[individual], kwargs=objective_kwargs)
  File "/common/ketrong/tpotexp/env/lib/python3.10/site-packages/func_timeout/dafunc.py", line 108, in func_timeout
    raise_exception(exception)
  File "/common/ketrong/tpotexp/env/lib/python3.10/site-packages/func_timeout/py3_raise.py", line 7, in raise_exception
    raise exception[0] from None
  File "/common/ketrong/tpotexp/tpot2/tpot2/tpot_estimator/estimator.py", line 623, in objective_function
    return objective_function_generator(
  File "/common/ketrong/tpotexp/tpot2/tpot2/tpot_estimator/estimator_utils.py", line 55, in objective_function_generator
    cv_obj_scores = cross_val_score_objective(sklearn.base.clone(pipeline),x,y,scorers=scorers, cv=cv , fold=step)
  File "/common/ketrong/tpotexp/tpot2/tpot2/tpot_estimator/cross_val_utils.py", line 28, in cross_val_score_objective
    this_fold_pipeline.fit(X_train,y_train)
  File "/common/ketrong/tpotexp/env/lib/python3.10/site-packages/sklearn/base.py", line 1473, in wrapper
    return fit_method(estimator, *args, **kwargs)
  File "/common/ketrong/tpotexp/env/lib/python3.10/site-packages/sklearn/pipeline.py", line 473, in fit
    self._final_estimator.fit(Xt, y, **last_step_params["fit"])
  File "/common/ketrong/tpotexp/env/lib/python3.10/site-packages/sklearn/base.py", line 1466, in wrapper
    estimator._validate_params()
  File "/common/ketrong/tpotexp/env/lib/python3.10/site-packages/sklearn/base.py", line 666, in _validate_params
    validate_parameter_constraints(
  File "/common/ketrong/tpotexp/env/lib/python3.10/site-packages/sklearn/utils/_param_validation.py", line 95, in validate_parameter_constraints
    raise InvalidParameterError(
sklearn.utils._param_validation.InvalidParameterError: The 'criterion' parameter of ExtraTreesRegressor must be a str among {'friedman_mse', 'poisson', 'absolute_error', 'squared_error'}. Got 'mae' instead.

WARNING THIS INDIVIDUAL CAUSED AND EXCEPTION 
 <tpot2.search_spaces.pipelines.sequential.SequentialPipelineIndividual object at 0x155467c74400> 
 The 'criterion' parameter of ExtraTreesRegressor must be a str among {'friedman_mse', 'poisson', 'absolute_error', 'squared_error'}. Got 'mae' instead. 
 Traceback (most recent call last):
  File "/common/ketrong/tpotexp/tpot2/tpot2/utils/eval_utils.py", line 53, in objective_nan_wrapper
    value = func_timeout.func_timeout(timeout, objective_function, args=[individual], kwargs=objective_kwargs)
  File "/common/ketrong/tpotexp/env/lib/python3.10/site-packages/func_timeout/dafunc.py", line 108, in func_timeout
    raise_exception(exception)
  File "/common/ketrong/tpotexp/env/lib/python3.10/site-packages/func_timeout/py3_raise.py", line 7, in raise_exception
    raise exception[0] from None
  File "/common/ketrong/tpotexp/tpot2/tpot2/tpot_estimator/estimator.py", line 623, in objective_function
    return objective_function_generator(
  File "/common/ketrong/tpotexp/tpot2/tpot2/tpot_estimator/estimator_utils.py", line 55, in objective_function_generator
    cv_obj_scores = cross_val_score_objective(sklearn.base.clone(pipeline),x,y,scorers=scorers, cv=cv , fold=step)
  File "/common/ketrong/tpotexp/tpot2/tpot2/tpot_estimator/cross_val_utils.py", line 28, in cross_val_score_objective
    this_fold_pipeline.fit(X_train,y_train)
  File "/common/ketrong/tpotexp/env/lib/python3.10/site-packages/sklearn/base.py", line 1473, in wrapper
    return fit_method(estimator, *args, **kwargs)
  File "/common/ketrong/tpotexp/env/lib/python3.10/site-packages/sklearn/pipeline.py", line 473, in fit
    self._final_estimator.fit(Xt, y, **last_step_params["fit"])
  File "/common/ketrong/tpotexp/env/lib/python3.10/site-packages/sklearn/base.py", line 1466, in wrapper
    estimator._validate_params()
  File "/common/ketrong/tpotexp/env/lib/python3.10/site-packages/sklearn/base.py", line 666, in _validate_params
    validate_parameter_constraints(
  File "/common/ketrong/tpotexp/env/lib/python3.10/site-packages/sklearn/utils/_param_validation.py", line 95, in validate_parameter_constraints
    raise InvalidParameterError(
sklearn.utils._param_validation.InvalidParameterError: The 'criterion' parameter of ExtraTreesRegressor must be a str among {'friedman_mse', 'poisson', 'absolute_error', 'squared_error'}. Got 'mae' instead.

Generation:  10
Best root_mean_squared_error score: -0.0023351188836434828
Generation:  40%|      | 10/25 [08:39<18:46, 75.07s/it]Generation:  11
Best root_mean_squared_error score: -0.0023351188836434828
Generation:  44%|     | 11/25 [08:52<13:03, 55.95s/it]WARNING THIS INDIVIDUAL CAUSED AND EXCEPTION 
 <tpot2.search_spaces.pipelines.sequential.SequentialPipelineIndividual object at 0x155465b49390> 
 The 'criterion' parameter of RandomForestRegressor must be a str among {'friedman_mse', 'poisson', 'absolute_error', 'squared_error'}. Got 'mse' instead. 
 Traceback (most recent call last):
  File "/common/ketrong/tpotexp/tpot2/tpot2/utils/eval_utils.py", line 53, in objective_nan_wrapper
    value = func_timeout.func_timeout(timeout, objective_function, args=[individual], kwargs=objective_kwargs)
  File "/common/ketrong/tpotexp/env/lib/python3.10/site-packages/func_timeout/dafunc.py", line 108, in func_timeout
    raise_exception(exception)
  File "/common/ketrong/tpotexp/env/lib/python3.10/site-packages/func_timeout/py3_raise.py", line 7, in raise_exception
    raise exception[0] from None
  File "/common/ketrong/tpotexp/tpot2/tpot2/tpot_estimator/estimator.py", line 623, in objective_function
    return objective_function_generator(
  File "/common/ketrong/tpotexp/tpot2/tpot2/tpot_estimator/estimator_utils.py", line 55, in objective_function_generator
    cv_obj_scores = cross_val_score_objective(sklearn.base.clone(pipeline),x,y,scorers=scorers, cv=cv , fold=step)
  File "/common/ketrong/tpotexp/tpot2/tpot2/tpot_estimator/cross_val_utils.py", line 28, in cross_val_score_objective
    this_fold_pipeline.fit(X_train,y_train)
  File "/common/ketrong/tpotexp/env/lib/python3.10/site-packages/sklearn/base.py", line 1473, in wrapper
    return fit_method(estimator, *args, **kwargs)
  File "/common/ketrong/tpotexp/env/lib/python3.10/site-packages/sklearn/pipeline.py", line 473, in fit
    self._final_estimator.fit(Xt, y, **last_step_params["fit"])
  File "/common/ketrong/tpotexp/env/lib/python3.10/site-packages/sklearn/base.py", line 1466, in wrapper
    estimator._validate_params()
  File "/common/ketrong/tpotexp/env/lib/python3.10/site-packages/sklearn/base.py", line 666, in _validate_params
    validate_parameter_constraints(
  File "/common/ketrong/tpotexp/env/lib/python3.10/site-packages/sklearn/utils/_param_validation.py", line 95, in validate_parameter_constraints
    raise InvalidParameterError(
sklearn.utils._param_validation.InvalidParameterError: The 'criterion' parameter of RandomForestRegressor must be a str among {'friedman_mse', 'poisson', 'absolute_error', 'squared_error'}. Got 'mse' instead.

WARNING THIS INDIVIDUAL CAUSED AND EXCEPTION 
 <tpot2.search_spaces.pipelines.sequential.SequentialPipelineIndividual object at 0x155465c23c40> 
 The 'criterion' parameter of RandomForestRegressor must be a str among {'friedman_mse', 'poisson', 'absolute_error', 'squared_error'}. Got 'mae' instead. 
 Traceback (most recent call last):
  File "/common/ketrong/tpotexp/tpot2/tpot2/utils/eval_utils.py", line 53, in objective_nan_wrapper
    value = func_timeout.func_timeout(timeout, objective_function, args=[individual], kwargs=objective_kwargs)
  File "/common/ketrong/tpotexp/env/lib/python3.10/site-packages/func_timeout/dafunc.py", line 108, in func_timeout
    raise_exception(exception)
  File "/common/ketrong/tpotexp/env/lib/python3.10/site-packages/func_timeout/py3_raise.py", line 7, in raise_exception
    raise exception[0] from None
  File "/common/ketrong/tpotexp/tpot2/tpot2/tpot_estimator/estimator.py", line 623, in objective_function
    return objective_function_generator(
  File "/common/ketrong/tpotexp/tpot2/tpot2/tpot_estimator/estimator_utils.py", line 55, in objective_function_generator
    cv_obj_scores = cross_val_score_objective(sklearn.base.clone(pipeline),x,y,scorers=scorers, cv=cv , fold=step)
  File "/common/ketrong/tpotexp/tpot2/tpot2/tpot_estimator/cross_val_utils.py", line 28, in cross_val_score_objective
    this_fold_pipeline.fit(X_train,y_train)
  File "/common/ketrong/tpotexp/env/lib/python3.10/site-packages/sklearn/base.py", line 1473, in wrapper
    return fit_method(estimator, *args, **kwargs)
  File "/common/ketrong/tpotexp/env/lib/python3.10/site-packages/sklearn/pipeline.py", line 473, in fit
    self._final_estimator.fit(Xt, y, **last_step_params["fit"])
  File "/common/ketrong/tpotexp/env/lib/python3.10/site-packages/sklearn/base.py", line 1466, in wrapper
    estimator._validate_params()
  File "/common/ketrong/tpotexp/env/lib/python3.10/site-packages/sklearn/base.py", line 666, in _validate_params
    validate_parameter_constraints(
  File "/common/ketrong/tpotexp/env/lib/python3.10/site-packages/sklearn/utils/_param_validation.py", line 95, in validate_parameter_constraints
    raise InvalidParameterError(
sklearn.utils._param_validation.InvalidParameterError: The 'criterion' parameter of RandomForestRegressor must be a str among {'friedman_mse', 'poisson', 'absolute_error', 'squared_error'}. Got 'mae' instead.

WARNING THIS INDIVIDUAL CAUSED AND EXCEPTION 
 <tpot2.search_spaces.pipelines.sequential.SequentialPipelineIndividual object at 0x155467f0c5b0> 
 The 'criterion' parameter of DecisionTreeRegressor must be a str among {'friedman_mse', 'poisson', 'absolute_error', 'squared_error'}. Got 'mae' instead. 
 Traceback (most recent call last):
  File "/common/ketrong/tpotexp/tpot2/tpot2/utils/eval_utils.py", line 53, in objective_nan_wrapper
    value = func_timeout.func_timeout(timeout, objective_function, args=[individual], kwargs=objective_kwargs)
  File "/common/ketrong/tpotexp/env/lib/python3.10/site-packages/func_timeout/dafunc.py", line 108, in func_timeout
    raise_exception(exception)
  File "/common/ketrong/tpotexp/env/lib/python3.10/site-packages/func_timeout/py3_raise.py", line 7, in raise_exception
    raise exception[0] from None
  File "/common/ketrong/tpotexp/tpot2/tpot2/tpot_estimator/estimator.py", line 623, in objective_function
    return objective_function_generator(
  File "/common/ketrong/tpotexp/tpot2/tpot2/tpot_estimator/estimator_utils.py", line 55, in objective_function_generator
    cv_obj_scores = cross_val_score_objective(sklearn.base.clone(pipeline),x,y,scorers=scorers, cv=cv , fold=step)
  File "/common/ketrong/tpotexp/tpot2/tpot2/tpot_estimator/cross_val_utils.py", line 28, in cross_val_score_objective
    this_fold_pipeline.fit(X_train,y_train)
  File "/common/ketrong/tpotexp/env/lib/python3.10/site-packages/sklearn/base.py", line 1473, in wrapper
    return fit_method(estimator, *args, **kwargs)
  File "/common/ketrong/tpotexp/env/lib/python3.10/site-packages/sklearn/pipeline.py", line 473, in fit
    self._final_estimator.fit(Xt, y, **last_step_params["fit"])
  File "/common/ketrong/tpotexp/env/lib/python3.10/site-packages/sklearn/base.py", line 1466, in wrapper
    estimator._validate_params()
  File "/common/ketrong/tpotexp/env/lib/python3.10/site-packages/sklearn/base.py", line 666, in _validate_params
    validate_parameter_constraints(
  File "/common/ketrong/tpotexp/env/lib/python3.10/site-packages/sklearn/utils/_param_validation.py", line 95, in validate_parameter_constraints
    raise InvalidParameterError(
sklearn.utils._param_validation.InvalidParameterError: The 'criterion' parameter of DecisionTreeRegressor must be a str among {'friedman_mse', 'poisson', 'absolute_error', 'squared_error'}. Got 'mae' instead.

Generation:  12
Best root_mean_squared_error score: -0.0023351188836434828
Generation:  48%|     | 12/25 [09:17<10:08, 46.82s/it]Generation:  13
Best root_mean_squared_error score: -0.0023351188836434828
Generation:  52%|    | 13/25 [09:44<08:07, 40.62s/it]Generation:  14
Best root_mean_squared_error score: -0.0023343543674650934
Generation:  56%|    | 14/25 [09:59<06:03, 33.07s/it]Generation:  15
Best root_mean_squared_error score: -0.0023343543674650934
Generation:  60%|    | 15/25 [10:14<04:33, 27.36s/it]Generation:  16
Best root_mean_squared_error score: -0.0023343543674650934
Generation:  64%|   | 16/25 [10:36<03:51, 25.75s/it]Generation:  17
Best root_mean_squared_error score: -0.0023343543674650934
Generation:  68%|   | 17/25 [10:45<02:46, 20.77s/it]WARNING THIS INDIVIDUAL CAUSED AND EXCEPTION 
 <tpot2.search_spaces.pipelines.sequential.SequentialPipelineIndividual object at 0x155465c0d390> 
 The 'criterion' parameter of ExtraTreesRegressor must be a str among {'friedman_mse', 'poisson', 'absolute_error', 'squared_error'}. Got 'mae' instead. 
 Traceback (most recent call last):
  File "/common/ketrong/tpotexp/tpot2/tpot2/utils/eval_utils.py", line 53, in objective_nan_wrapper
    value = func_timeout.func_timeout(timeout, objective_function, args=[individual], kwargs=objective_kwargs)
  File "/common/ketrong/tpotexp/env/lib/python3.10/site-packages/func_timeout/dafunc.py", line 108, in func_timeout
    raise_exception(exception)
  File "/common/ketrong/tpotexp/env/lib/python3.10/site-packages/func_timeout/py3_raise.py", line 7, in raise_exception
    raise exception[0] from None
  File "/common/ketrong/tpotexp/tpot2/tpot2/tpot_estimator/estimator.py", line 623, in objective_function
    return objective_function_generator(
  File "/common/ketrong/tpotexp/tpot2/tpot2/tpot_estimator/estimator_utils.py", line 55, in objective_function_generator
    cv_obj_scores = cross_val_score_objective(sklearn.base.clone(pipeline),x,y,scorers=scorers, cv=cv , fold=step)
  File "/common/ketrong/tpotexp/tpot2/tpot2/tpot_estimator/cross_val_utils.py", line 28, in cross_val_score_objective
    this_fold_pipeline.fit(X_train,y_train)
  File "/common/ketrong/tpotexp/env/lib/python3.10/site-packages/sklearn/base.py", line 1473, in wrapper
    return fit_method(estimator, *args, **kwargs)
  File "/common/ketrong/tpotexp/env/lib/python3.10/site-packages/sklearn/pipeline.py", line 473, in fit
    self._final_estimator.fit(Xt, y, **last_step_params["fit"])
  File "/common/ketrong/tpotexp/env/lib/python3.10/site-packages/sklearn/base.py", line 1466, in wrapper
    estimator._validate_params()
  File "/common/ketrong/tpotexp/env/lib/python3.10/site-packages/sklearn/base.py", line 666, in _validate_params
    validate_parameter_constraints(
  File "/common/ketrong/tpotexp/env/lib/python3.10/site-packages/sklearn/utils/_param_validation.py", line 95, in validate_parameter_constraints
    raise InvalidParameterError(
sklearn.utils._param_validation.InvalidParameterError: The 'criterion' parameter of ExtraTreesRegressor must be a str among {'friedman_mse', 'poisson', 'absolute_error', 'squared_error'}. Got 'mae' instead.

WARNING AN INDIVIDUAL TIMED OUT: 
 <tpot2.search_spaces.pipelines.sequential.SequentialPipelineIndividual object at 0x1554657a78b0> 

Generation:  18
Best root_mean_squared_error score: -0.0023343543674650934
Generation:  72%|  | 18/25 [20:53<23:01, 197.37s/it]Generation:  19
Best root_mean_squared_error score: -0.0023343543674650934
Generation:  76%|  | 19/25 [22:52<17:22, 173.82s/it]WARNING THIS INDIVIDUAL CAUSED AND EXCEPTION 
 <tpot2.search_spaces.pipelines.sequential.SequentialPipelineIndividual object at 0x15546553ce80> 
 The 'criterion' parameter of DecisionTreeRegressor must be a str among {'friedman_mse', 'poisson', 'absolute_error', 'squared_error'}. Got 'mae' instead. 
 Traceback (most recent call last):
  File "/common/ketrong/tpotexp/tpot2/tpot2/utils/eval_utils.py", line 53, in objective_nan_wrapper
    value = func_timeout.func_timeout(timeout, objective_function, args=[individual], kwargs=objective_kwargs)
  File "/common/ketrong/tpotexp/env/lib/python3.10/site-packages/func_timeout/dafunc.py", line 108, in func_timeout
    raise_exception(exception)
  File "/common/ketrong/tpotexp/env/lib/python3.10/site-packages/func_timeout/py3_raise.py", line 7, in raise_exception
    raise exception[0] from None
  File "/common/ketrong/tpotexp/tpot2/tpot2/tpot_estimator/estimator.py", line 623, in objective_function
    return objective_function_generator(
  File "/common/ketrong/tpotexp/tpot2/tpot2/tpot_estimator/estimator_utils.py", line 55, in objective_function_generator
    cv_obj_scores = cross_val_score_objective(sklearn.base.clone(pipeline),x,y,scorers=scorers, cv=cv , fold=step)
  File "/common/ketrong/tpotexp/tpot2/tpot2/tpot_estimator/cross_val_utils.py", line 28, in cross_val_score_objective
    this_fold_pipeline.fit(X_train,y_train)
  File "/common/ketrong/tpotexp/env/lib/python3.10/site-packages/sklearn/base.py", line 1473, in wrapper
    return fit_method(estimator, *args, **kwargs)
  File "/common/ketrong/tpotexp/env/lib/python3.10/site-packages/sklearn/pipeline.py", line 473, in fit
    self._final_estimator.fit(Xt, y, **last_step_params["fit"])
  File "/common/ketrong/tpotexp/env/lib/python3.10/site-packages/sklearn/base.py", line 1466, in wrapper
    estimator._validate_params()
  File "/common/ketrong/tpotexp/env/lib/python3.10/site-packages/sklearn/base.py", line 666, in _validate_params
    validate_parameter_constraints(
  File "/common/ketrong/tpotexp/env/lib/python3.10/site-packages/sklearn/utils/_param_validation.py", line 95, in validate_parameter_constraints
    raise InvalidParameterError(
sklearn.utils._param_validation.InvalidParameterError: The 'criterion' parameter of DecisionTreeRegressor must be a str among {'friedman_mse', 'poisson', 'absolute_error', 'squared_error'}. Got 'mae' instead.

Generation:  20
Best root_mean_squared_error score: -0.002333440762747093
Generation:  80%|  | 20/25 [23:06<10:28, 125.66s/it]Generation:  21
Best root_mean_squared_error score: -0.002333275674389102
Generation:  84%| | 21/25 [24:06<07:04, 106.12s/it]Generation:  22
Best root_mean_squared_error score: -0.002333275674389102
Generation:  88%| | 22/25 [24:29<04:03, 81.02s/it] WARNING THIS INDIVIDUAL CAUSED AND EXCEPTION 
 <tpot2.search_spaces.pipelines.sequential.SequentialPipelineIndividual object at 0x15546568ec50> 
 The 'criterion' parameter of RandomForestRegressor must be a str among {'friedman_mse', 'poisson', 'absolute_error', 'squared_error'}. Got 'mae' instead. 
 Traceback (most recent call last):
  File "/common/ketrong/tpotexp/tpot2/tpot2/utils/eval_utils.py", line 53, in objective_nan_wrapper
    value = func_timeout.func_timeout(timeout, objective_function, args=[individual], kwargs=objective_kwargs)
  File "/common/ketrong/tpotexp/env/lib/python3.10/site-packages/func_timeout/dafunc.py", line 108, in func_timeout
    raise_exception(exception)
  File "/common/ketrong/tpotexp/env/lib/python3.10/site-packages/func_timeout/py3_raise.py", line 7, in raise_exception
    raise exception[0] from None
  File "/common/ketrong/tpotexp/tpot2/tpot2/tpot_estimator/estimator.py", line 623, in objective_function
    return objective_function_generator(
  File "/common/ketrong/tpotexp/tpot2/tpot2/tpot_estimator/estimator_utils.py", line 55, in objective_function_generator
    cv_obj_scores = cross_val_score_objective(sklearn.base.clone(pipeline),x,y,scorers=scorers, cv=cv , fold=step)
  File "/common/ketrong/tpotexp/tpot2/tpot2/tpot_estimator/cross_val_utils.py", line 28, in cross_val_score_objective
    this_fold_pipeline.fit(X_train,y_train)
  File "/common/ketrong/tpotexp/env/lib/python3.10/site-packages/sklearn/base.py", line 1473, in wrapper
    return fit_method(estimator, *args, **kwargs)
  File "/common/ketrong/tpotexp/env/lib/python3.10/site-packages/sklearn/pipeline.py", line 473, in fit
    self._final_estimator.fit(Xt, y, **last_step_params["fit"])
  File "/common/ketrong/tpotexp/env/lib/python3.10/site-packages/sklearn/base.py", line 1466, in wrapper
    estimator._validate_params()
  File "/common/ketrong/tpotexp/env/lib/python3.10/site-packages/sklearn/base.py", line 666, in _validate_params
    validate_parameter_constraints(
  File "/common/ketrong/tpotexp/env/lib/python3.10/site-packages/sklearn/utils/_param_validation.py", line 95, in validate_parameter_constraints
    raise InvalidParameterError(
sklearn.utils._param_validation.InvalidParameterError: The 'criterion' parameter of RandomForestRegressor must be a str among {'friedman_mse', 'poisson', 'absolute_error', 'squared_error'}. Got 'mae' instead.

Generation:  23
Best root_mean_squared_error score: -0.002333275674389102
Generation:  92%|| 23/25 [24:41<02:01, 60.53s/it]WARNING THIS INDIVIDUAL CAUSED AND EXCEPTION 
 <tpot2.search_spaces.pipelines.sequential.SequentialPipelineIndividual object at 0x1554659ea200> 
 The 'criterion' parameter of DecisionTreeRegressor must be a str among {'friedman_mse', 'poisson', 'absolute_error', 'squared_error'}. Got 'mae' instead. 
 Traceback (most recent call last):
  File "/common/ketrong/tpotexp/tpot2/tpot2/utils/eval_utils.py", line 53, in objective_nan_wrapper
    value = func_timeout.func_timeout(timeout, objective_function, args=[individual], kwargs=objective_kwargs)
  File "/common/ketrong/tpotexp/env/lib/python3.10/site-packages/func_timeout/dafunc.py", line 108, in func_timeout
    raise_exception(exception)
  File "/common/ketrong/tpotexp/env/lib/python3.10/site-packages/func_timeout/py3_raise.py", line 7, in raise_exception
    raise exception[0] from None
  File "/common/ketrong/tpotexp/tpot2/tpot2/tpot_estimator/estimator.py", line 623, in objective_function
    return objective_function_generator(
  File "/common/ketrong/tpotexp/tpot2/tpot2/tpot_estimator/estimator_utils.py", line 55, in objective_function_generator
    cv_obj_scores = cross_val_score_objective(sklearn.base.clone(pipeline),x,y,scorers=scorers, cv=cv , fold=step)
  File "/common/ketrong/tpotexp/tpot2/tpot2/tpot_estimator/cross_val_utils.py", line 28, in cross_val_score_objective
    this_fold_pipeline.fit(X_train,y_train)
  File "/common/ketrong/tpotexp/env/lib/python3.10/site-packages/sklearn/base.py", line 1473, in wrapper
    return fit_method(estimator, *args, **kwargs)
  File "/common/ketrong/tpotexp/env/lib/python3.10/site-packages/sklearn/pipeline.py", line 473, in fit
    self._final_estimator.fit(Xt, y, **last_step_params["fit"])
  File "/common/ketrong/tpotexp/env/lib/python3.10/site-packages/sklearn/base.py", line 1466, in wrapper
    estimator._validate_params()
  File "/common/ketrong/tpotexp/env/lib/python3.10/site-packages/sklearn/base.py", line 666, in _validate_params
    validate_parameter_constraints(
  File "/common/ketrong/tpotexp/env/lib/python3.10/site-packages/sklearn/utils/_param_validation.py", line 95, in validate_parameter_constraints
    raise InvalidParameterError(
sklearn.utils._param_validation.InvalidParameterError: The 'criterion' parameter of DecisionTreeRegressor must be a str among {'friedman_mse', 'poisson', 'absolute_error', 'squared_error'}. Got 'mae' instead.

Generation:  24
Best root_mean_squared_error score: -0.002332995052444069
Generation:  96%|| 24/25 [29:25<02:07, 127.32s/it]WARNING THIS INDIVIDUAL CAUSED AND EXCEPTION 
 <tpot2.search_spaces.pipelines.sequential.SequentialPipelineIndividual object at 0x1554657a6a70> 
 The 'criterion' parameter of ExtraTreesRegressor must be a str among {'friedman_mse', 'poisson', 'absolute_error', 'squared_error'}. Got 'mae' instead. 
 Traceback (most recent call last):
  File "/common/ketrong/tpotexp/tpot2/tpot2/utils/eval_utils.py", line 53, in objective_nan_wrapper
    value = func_timeout.func_timeout(timeout, objective_function, args=[individual], kwargs=objective_kwargs)
  File "/common/ketrong/tpotexp/env/lib/python3.10/site-packages/func_timeout/dafunc.py", line 108, in func_timeout
    raise_exception(exception)
  File "/common/ketrong/tpotexp/env/lib/python3.10/site-packages/func_timeout/py3_raise.py", line 7, in raise_exception
    raise exception[0] from None
  File "/common/ketrong/tpotexp/tpot2/tpot2/tpot_estimator/estimator.py", line 623, in objective_function
    return objective_function_generator(
  File "/common/ketrong/tpotexp/tpot2/tpot2/tpot_estimator/estimator_utils.py", line 55, in objective_function_generator
    cv_obj_scores = cross_val_score_objective(sklearn.base.clone(pipeline),x,y,scorers=scorers, cv=cv , fold=step)
  File "/common/ketrong/tpotexp/tpot2/tpot2/tpot_estimator/cross_val_utils.py", line 28, in cross_val_score_objective
    this_fold_pipeline.fit(X_train,y_train)
  File "/common/ketrong/tpotexp/env/lib/python3.10/site-packages/sklearn/base.py", line 1473, in wrapper
    return fit_method(estimator, *args, **kwargs)
  File "/common/ketrong/tpotexp/env/lib/python3.10/site-packages/sklearn/pipeline.py", line 473, in fit
    self._final_estimator.fit(Xt, y, **last_step_params["fit"])
  File "/common/ketrong/tpotexp/env/lib/python3.10/site-packages/sklearn/base.py", line 1466, in wrapper
    estimator._validate_params()
  File "/common/ketrong/tpotexp/env/lib/python3.10/site-packages/sklearn/base.py", line 666, in _validate_params
    validate_parameter_constraints(
  File "/common/ketrong/tpotexp/env/lib/python3.10/site-packages/sklearn/utils/_param_validation.py", line 95, in validate_parameter_constraints
    raise InvalidParameterError(
sklearn.utils._param_validation.InvalidParameterError: The 'criterion' parameter of ExtraTreesRegressor must be a str among {'friedman_mse', 'poisson', 'absolute_error', 'squared_error'}. Got 'mae' instead.

Generation:  25
Best root_mean_squared_error score: -0.002332995052444069
Generation: 100%|| 25/25 [30:48<00:00, 114.03s/it]Generation: 100%|| 25/25 [30:51<00:00, 74.06s/it] 
2024-09-22 21:16:47,081 - distributed.scheduler - ERROR - Removing worker 'tcp://127.0.0.1:39989' caused the cluster to lose scattered data, which can't be recovered: {'ndarray-5dd0795e890d71f293372488f97164f4', 'DataFrame-714f7f5e492924a63bfed817b1cd3fa1'} (stimulus_id='handle-worker-cleanup-1727065007.0817628')
Fitted
Pipeline(steps=[('lgbmregressor',
                 LGBMRegressor(max_depth=2, n_estimators=40, n_jobs=1,
                               num_leaves=116, verbose=-1))])
score start
train score: {'explained_var': 0.052599042786783845, 'r2': 0.052599042786783845, 'rmse': 0.0023139260531845813}
original test score: {'explained_var': 0.06329214814764539, 'r2': 0.06302035942020912, 'rmse': 0.002286187750712145}
imputed test score: {'explained_var': 0.009781417971326922, 'r2': 0.004087705210464088, 'rmse': 0.002356987955761574}
score end
check intended
EXP2 Finished
running experiment 3/3 - What is the best automl settings?
<tpot2.search_spaces.pipelines.sequential.SequentialPipeline object at 0x15540842b430>
Start tpot fit
Version 0.1.7a0 of tpot2 is outdated. Version 0.1.8a0 was released 5 days ago.
Version 0.1.7a0 of tpot2 is outdated. Version 0.1.8a0 was released 5 days ago.
Version 0.1.7a0 of tpot2 is outdated. Version 0.1.8a0 was released 5 days ago.
Version 0.1.7a0 of tpot2 is outdated. Version 0.1.8a0 was released 5 days ago.
Version 0.1.7a0 of tpot2 is outdated. Version 0.1.8a0 was released 5 days ago.
Version 0.1.7a0 of tpot2 is outdated. Version 0.1.8a0 was released 5 days ago.
Version 0.1.7a0 of tpot2 is outdated. Version 0.1.8a0 was released 5 days ago.
Version 0.1.7a0 of tpot2 is outdated. Version 0.1.8a0 was released 5 days ago.
Version 0.1.7a0 of tpot2 is outdated. Version 0.1.8a0 was released 5 days ago.
Version 0.1.7a0 of tpot2 is outdated. Version 0.1.8a0 was released 5 days ago.
Version 0.1.7a0 of tpot2 is outdated. Version 0.1.8a0 was released 5 days ago.
Version 0.1.7a0 of tpot2 is outdated. Version 0.1.8a0 was released 5 days ago.
Version 0.1.7a0 of tpot2 is outdated. Version 0.1.8a0 was released 5 days ago.
Version 0.1.7a0 of tpot2 is outdated. Version 0.1.8a0 was released 5 days ago.
Version 0.1.7a0 of tpot2 is outdated. Version 0.1.8a0 was released 5 days ago.
Version 0.1.7a0 of tpot2 is outdated. Version 0.1.8a0 was released 5 days ago.
  0%|          | 0/25 [00:00<?, ?it/s]Generation:   0%|          | 0/25 [00:00<?, ?it/s]Generation:  1
Best root_mean_squared_error score: -0.001562849575581934
Generation:   4%|         | 1/25 [01:01<24:41, 61.74s/it]WARNING THIS INDIVIDUAL CAUSED AND EXCEPTION 
 <tpot2.search_spaces.pipelines.sequential.SequentialPipelineIndividual object at 0x155474cd1120> 
 The 'criterion' parameter of RandomForestRegressor must be a str among {'friedman_mse', 'poisson', 'absolute_error', 'squared_error'}. Got 'mse' instead. 
 Traceback (most recent call last):
  File "/common/ketrong/tpotexp/tpot2/tpot2/utils/eval_utils.py", line 53, in objective_nan_wrapper
    value = func_timeout.func_timeout(timeout, objective_function, args=[individual], kwargs=objective_kwargs)
  File "/common/ketrong/tpotexp/env/lib/python3.10/site-packages/func_timeout/dafunc.py", line 108, in func_timeout
    raise_exception(exception)
  File "/common/ketrong/tpotexp/env/lib/python3.10/site-packages/func_timeout/py3_raise.py", line 7, in raise_exception
    raise exception[0] from None
  File "/common/ketrong/tpotexp/tpot2/tpot2/tpot_estimator/estimator.py", line 623, in objective_function
    return objective_function_generator(
  File "/common/ketrong/tpotexp/tpot2/tpot2/tpot_estimator/estimator_utils.py", line 55, in objective_function_generator
    cv_obj_scores = cross_val_score_objective(sklearn.base.clone(pipeline),x,y,scorers=scorers, cv=cv , fold=step)
  File "/common/ketrong/tpotexp/tpot2/tpot2/tpot_estimator/cross_val_utils.py", line 28, in cross_val_score_objective
    this_fold_pipeline.fit(X_train,y_train)
  File "/common/ketrong/tpotexp/env/lib/python3.10/site-packages/sklearn/base.py", line 1473, in wrapper
    return fit_method(estimator, *args, **kwargs)
  File "/common/ketrong/tpotexp/env/lib/python3.10/site-packages/sklearn/pipeline.py", line 473, in fit
    self._final_estimator.fit(Xt, y, **last_step_params["fit"])
  File "/common/ketrong/tpotexp/env/lib/python3.10/site-packages/sklearn/base.py", line 1466, in wrapper
    estimator._validate_params()
  File "/common/ketrong/tpotexp/env/lib/python3.10/site-packages/sklearn/base.py", line 666, in _validate_params
    validate_parameter_constraints(
  File "/common/ketrong/tpotexp/env/lib/python3.10/site-packages/sklearn/utils/_param_validation.py", line 95, in validate_parameter_constraints
    raise InvalidParameterError(
sklearn.utils._param_validation.InvalidParameterError: The 'criterion' parameter of RandomForestRegressor must be a str among {'friedman_mse', 'poisson', 'absolute_error', 'squared_error'}. Got 'mse' instead.

WARNING THIS INDIVIDUAL CAUSED AND EXCEPTION 
 <tpot2.search_spaces.pipelines.sequential.SequentialPipelineIndividual object at 0x155474d6c5b0> 
 Input X contains NaN.
MLPRegressor does not accept missing values encoded as NaN natively. For supervised learning, you might want to consider sklearn.ensemble.HistGradientBoostingClassifier and Regressor which accept missing values encoded as NaNs natively. Alternatively, it is possible to preprocess the data, for instance by using an imputer transformer in a pipeline or drop samples with missing values. See https://scikit-learn.org/stable/modules/impute.html You can find a list of all estimators that handle NaN values at the following page: https://scikit-learn.org/stable/modules/impute.html#estimators-that-handle-nan-values 
 Traceback (most recent call last):
  File "/common/ketrong/tpotexp/tpot2/tpot2/utils/eval_utils.py", line 53, in objective_nan_wrapper
    value = func_timeout.func_timeout(timeout, objective_function, args=[individual], kwargs=objective_kwargs)
  File "/common/ketrong/tpotexp/env/lib/python3.10/site-packages/func_timeout/dafunc.py", line 108, in func_timeout
    raise_exception(exception)
  File "/common/ketrong/tpotexp/env/lib/python3.10/site-packages/func_timeout/py3_raise.py", line 7, in raise_exception
    raise exception[0] from None
  File "/common/ketrong/tpotexp/tpot2/tpot2/tpot_estimator/estimator.py", line 623, in objective_function
    return objective_function_generator(
  File "/common/ketrong/tpotexp/tpot2/tpot2/tpot_estimator/estimator_utils.py", line 55, in objective_function_generator
    cv_obj_scores = cross_val_score_objective(sklearn.base.clone(pipeline),x,y,scorers=scorers, cv=cv , fold=step)
  File "/common/ketrong/tpotexp/tpot2/tpot2/tpot_estimator/cross_val_utils.py", line 28, in cross_val_score_objective
    this_fold_pipeline.fit(X_train,y_train)
  File "/common/ketrong/tpotexp/env/lib/python3.10/site-packages/sklearn/base.py", line 1473, in wrapper
    return fit_method(estimator, *args, **kwargs)
  File "/common/ketrong/tpotexp/env/lib/python3.10/site-packages/sklearn/pipeline.py", line 473, in fit
    self._final_estimator.fit(Xt, y, **last_step_params["fit"])
  File "/common/ketrong/tpotexp/env/lib/python3.10/site-packages/sklearn/base.py", line 1473, in wrapper
    return fit_method(estimator, *args, **kwargs)
  File "/common/ketrong/tpotexp/env/lib/python3.10/site-packages/sklearn/neural_network/_multilayer_perceptron.py", line 751, in fit
    return self._fit(X, y, incremental=False)
  File "/common/ketrong/tpotexp/env/lib/python3.10/site-packages/sklearn/neural_network/_multilayer_perceptron.py", line 441, in _fit
    X, y = self._validate_input(X, y, incremental, reset=first_pass)
  File "/common/ketrong/tpotexp/env/lib/python3.10/site-packages/sklearn/neural_network/_multilayer_perceptron.py", line 1621, in _validate_input
    X, y = self._validate_data(
  File "/common/ketrong/tpotexp/env/lib/python3.10/site-packages/sklearn/base.py", line 650, in _validate_data
    X, y = check_X_y(X, y, **check_params)
  File "/common/ketrong/tpotexp/env/lib/python3.10/site-packages/sklearn/utils/validation.py", line 1301, in check_X_y
    X = check_array(
  File "/common/ketrong/tpotexp/env/lib/python3.10/site-packages/sklearn/utils/validation.py", line 1064, in check_array
    _assert_all_finite(
  File "/common/ketrong/tpotexp/env/lib/python3.10/site-packages/sklearn/utils/validation.py", line 123, in _assert_all_finite
    _assert_all_finite_element_wise(
  File "/common/ketrong/tpotexp/env/lib/python3.10/site-packages/sklearn/utils/validation.py", line 172, in _assert_all_finite_element_wise
    raise ValueError(msg_err)
ValueError: Input X contains NaN.
MLPRegressor does not accept missing values encoded as NaN natively. For supervised learning, you might want to consider sklearn.ensemble.HistGradientBoostingClassifier and Regressor which accept missing values encoded as NaNs natively. Alternatively, it is possible to preprocess the data, for instance by using an imputer transformer in a pipeline or drop samples with missing values. See https://scikit-learn.org/stable/modules/impute.html You can find a list of all estimators that handle NaN values at the following page: https://scikit-learn.org/stable/modules/impute.html#estimators-that-handle-nan-values

Generation:  2
Best root_mean_squared_error score: -0.001562849575581934
Generation:   8%|         | 2/25 [04:28<56:27, 147.27s/it]WARNING THIS INDIVIDUAL CAUSED AND EXCEPTION 
 <tpot2.search_spaces.pipelines.sequential.SequentialPipelineIndividual object at 0x155474cd3c40> 
 Input X contains NaN.
MLPRegressor does not accept missing values encoded as NaN natively. For supervised learning, you might want to consider sklearn.ensemble.HistGradientBoostingClassifier and Regressor which accept missing values encoded as NaNs natively. Alternatively, it is possible to preprocess the data, for instance by using an imputer transformer in a pipeline or drop samples with missing values. See https://scikit-learn.org/stable/modules/impute.html You can find a list of all estimators that handle NaN values at the following page: https://scikit-learn.org/stable/modules/impute.html#estimators-that-handle-nan-values 
 Traceback (most recent call last):
  File "/common/ketrong/tpotexp/tpot2/tpot2/utils/eval_utils.py", line 53, in objective_nan_wrapper
    value = func_timeout.func_timeout(timeout, objective_function, args=[individual], kwargs=objective_kwargs)
  File "/common/ketrong/tpotexp/env/lib/python3.10/site-packages/func_timeout/dafunc.py", line 108, in func_timeout
    raise_exception(exception)
  File "/common/ketrong/tpotexp/env/lib/python3.10/site-packages/func_timeout/py3_raise.py", line 7, in raise_exception
    raise exception[0] from None
  File "/common/ketrong/tpotexp/tpot2/tpot2/tpot_estimator/estimator.py", line 623, in objective_function
    return objective_function_generator(
  File "/common/ketrong/tpotexp/tpot2/tpot2/tpot_estimator/estimator_utils.py", line 55, in objective_function_generator
    cv_obj_scores = cross_val_score_objective(sklearn.base.clone(pipeline),x,y,scorers=scorers, cv=cv , fold=step)
  File "/common/ketrong/tpotexp/tpot2/tpot2/tpot_estimator/cross_val_utils.py", line 28, in cross_val_score_objective
    this_fold_pipeline.fit(X_train,y_train)
  File "/common/ketrong/tpotexp/env/lib/python3.10/site-packages/sklearn/base.py", line 1473, in wrapper
    return fit_method(estimator, *args, **kwargs)
  File "/common/ketrong/tpotexp/env/lib/python3.10/site-packages/sklearn/pipeline.py", line 473, in fit
    self._final_estimator.fit(Xt, y, **last_step_params["fit"])
  File "/common/ketrong/tpotexp/env/lib/python3.10/site-packages/sklearn/base.py", line 1473, in wrapper
    return fit_method(estimator, *args, **kwargs)
  File "/common/ketrong/tpotexp/env/lib/python3.10/site-packages/sklearn/neural_network/_multilayer_perceptron.py", line 751, in fit
    return self._fit(X, y, incremental=False)
  File "/common/ketrong/tpotexp/env/lib/python3.10/site-packages/sklearn/neural_network/_multilayer_perceptron.py", line 441, in _fit
    X, y = self._validate_input(X, y, incremental, reset=first_pass)
  File "/common/ketrong/tpotexp/env/lib/python3.10/site-packages/sklearn/neural_network/_multilayer_perceptron.py", line 1621, in _validate_input
    X, y = self._validate_data(
  File "/common/ketrong/tpotexp/env/lib/python3.10/site-packages/sklearn/base.py", line 650, in _validate_data
    X, y = check_X_y(X, y, **check_params)
  File "/common/ketrong/tpotexp/env/lib/python3.10/site-packages/sklearn/utils/validation.py", line 1301, in check_X_y
    X = check_array(
  File "/common/ketrong/tpotexp/env/lib/python3.10/site-packages/sklearn/utils/validation.py", line 1064, in check_array
    _assert_all_finite(
  File "/common/ketrong/tpotexp/env/lib/python3.10/site-packages/sklearn/utils/validation.py", line 123, in _assert_all_finite
    _assert_all_finite_element_wise(
  File "/common/ketrong/tpotexp/env/lib/python3.10/site-packages/sklearn/utils/validation.py", line 172, in _assert_all_finite_element_wise
    raise ValueError(msg_err)
ValueError: Input X contains NaN.
MLPRegressor does not accept missing values encoded as NaN natively. For supervised learning, you might want to consider sklearn.ensemble.HistGradientBoostingClassifier and Regressor which accept missing values encoded as NaNs natively. Alternatively, it is possible to preprocess the data, for instance by using an imputer transformer in a pipeline or drop samples with missing values. See https://scikit-learn.org/stable/modules/impute.html You can find a list of all estimators that handle NaN values at the following page: https://scikit-learn.org/stable/modules/impute.html#estimators-that-handle-nan-values

Generation:  3
Best root_mean_squared_error score: -0.001562849575581934
Generation:  12%|        | 3/25 [11:44<1:42:14, 278.84s/it]Generation:  4
Best root_mean_squared_error score: -0.0015573961519616934
Generation:  16%|        | 4/25 [14:33<1:22:23, 235.43s/it]WARNING THIS INDIVIDUAL CAUSED AND EXCEPTION 
 <tpot2.search_spaces.pipelines.sequential.SequentialPipelineIndividual object at 0x155474583d60> 
 The 'criterion' parameter of RandomForestRegressor must be a str among {'friedman_mse', 'poisson', 'absolute_error', 'squared_error'}. Got 'mae' instead. 
 Traceback (most recent call last):
  File "/common/ketrong/tpotexp/tpot2/tpot2/utils/eval_utils.py", line 53, in objective_nan_wrapper
    value = func_timeout.func_timeout(timeout, objective_function, args=[individual], kwargs=objective_kwargs)
  File "/common/ketrong/tpotexp/env/lib/python3.10/site-packages/func_timeout/dafunc.py", line 108, in func_timeout
    raise_exception(exception)
  File "/common/ketrong/tpotexp/env/lib/python3.10/site-packages/func_timeout/py3_raise.py", line 7, in raise_exception
    raise exception[0] from None
  File "/common/ketrong/tpotexp/tpot2/tpot2/tpot_estimator/estimator.py", line 623, in objective_function
    return objective_function_generator(
  File "/common/ketrong/tpotexp/tpot2/tpot2/tpot_estimator/estimator_utils.py", line 55, in objective_function_generator
    cv_obj_scores = cross_val_score_objective(sklearn.base.clone(pipeline),x,y,scorers=scorers, cv=cv , fold=step)
  File "/common/ketrong/tpotexp/tpot2/tpot2/tpot_estimator/cross_val_utils.py", line 28, in cross_val_score_objective
    this_fold_pipeline.fit(X_train,y_train)
  File "/common/ketrong/tpotexp/env/lib/python3.10/site-packages/sklearn/base.py", line 1473, in wrapper
    return fit_method(estimator, *args, **kwargs)
  File "/common/ketrong/tpotexp/env/lib/python3.10/site-packages/sklearn/pipeline.py", line 473, in fit
    self._final_estimator.fit(Xt, y, **last_step_params["fit"])
  File "/common/ketrong/tpotexp/env/lib/python3.10/site-packages/sklearn/base.py", line 1466, in wrapper
    estimator._validate_params()
  File "/common/ketrong/tpotexp/env/lib/python3.10/site-packages/sklearn/base.py", line 666, in _validate_params
    validate_parameter_constraints(
  File "/common/ketrong/tpotexp/env/lib/python3.10/site-packages/sklearn/utils/_param_validation.py", line 95, in validate_parameter_constraints
    raise InvalidParameterError(
sklearn.utils._param_validation.InvalidParameterError: The 'criterion' parameter of RandomForestRegressor must be a str among {'friedman_mse', 'poisson', 'absolute_error', 'squared_error'}. Got 'mae' instead.

Generation:  5
Best root_mean_squared_error score: -0.0015508846070437636
Generation:  20%|        | 5/25 [22:59<1:51:03, 333.17s/it]WARNING THIS INDIVIDUAL CAUSED AND EXCEPTION 
 <tpot2.search_spaces.pipelines.sequential.SequentialPipelineIndividual object at 0x155474cd3250> 
 The 'criterion' parameter of ExtraTreesRegressor must be a str among {'friedman_mse', 'poisson', 'absolute_error', 'squared_error'}. Got 'mae' instead. 
 Traceback (most recent call last):
  File "/common/ketrong/tpotexp/tpot2/tpot2/utils/eval_utils.py", line 53, in objective_nan_wrapper
    value = func_timeout.func_timeout(timeout, objective_function, args=[individual], kwargs=objective_kwargs)
  File "/common/ketrong/tpotexp/env/lib/python3.10/site-packages/func_timeout/dafunc.py", line 108, in func_timeout
    raise_exception(exception)
  File "/common/ketrong/tpotexp/env/lib/python3.10/site-packages/func_timeout/py3_raise.py", line 7, in raise_exception
    raise exception[0] from None
  File "/common/ketrong/tpotexp/tpot2/tpot2/tpot_estimator/estimator.py", line 623, in objective_function
    return objective_function_generator(
  File "/common/ketrong/tpotexp/tpot2/tpot2/tpot_estimator/estimator_utils.py", line 55, in objective_function_generator
    cv_obj_scores = cross_val_score_objective(sklearn.base.clone(pipeline),x,y,scorers=scorers, cv=cv , fold=step)
  File "/common/ketrong/tpotexp/tpot2/tpot2/tpot_estimator/cross_val_utils.py", line 28, in cross_val_score_objective
    this_fold_pipeline.fit(X_train,y_train)
  File "/common/ketrong/tpotexp/env/lib/python3.10/site-packages/sklearn/base.py", line 1473, in wrapper
    return fit_method(estimator, *args, **kwargs)
  File "/common/ketrong/tpotexp/env/lib/python3.10/site-packages/sklearn/pipeline.py", line 473, in fit
    self._final_estimator.fit(Xt, y, **last_step_params["fit"])
  File "/common/ketrong/tpotexp/env/lib/python3.10/site-packages/sklearn/base.py", line 1466, in wrapper
    estimator._validate_params()
  File "/common/ketrong/tpotexp/env/lib/python3.10/site-packages/sklearn/base.py", line 666, in _validate_params
    validate_parameter_constraints(
  File "/common/ketrong/tpotexp/env/lib/python3.10/site-packages/sklearn/utils/_param_validation.py", line 95, in validate_parameter_constraints
    raise InvalidParameterError(
sklearn.utils._param_validation.InvalidParameterError: The 'criterion' parameter of ExtraTreesRegressor must be a str among {'friedman_mse', 'poisson', 'absolute_error', 'squared_error'}. Got 'mae' instead.

Generation:  6
Best root_mean_squared_error score: -0.0015508846070437636
Generation:  24%|       | 6/25 [23:11<1:10:55, 223.99s/it]WARNING THIS INDIVIDUAL CAUSED AND EXCEPTION 
 <tpot2.search_spaces.pipelines.sequential.SequentialPipelineIndividual object at 0x155474d13be0> 
 The 'criterion' parameter of ExtraTreesRegressor must be a str among {'friedman_mse', 'poisson', 'absolute_error', 'squared_error'}. Got 'mae' instead. 
 Traceback (most recent call last):
  File "/common/ketrong/tpotexp/tpot2/tpot2/utils/eval_utils.py", line 53, in objective_nan_wrapper
    value = func_timeout.func_timeout(timeout, objective_function, args=[individual], kwargs=objective_kwargs)
  File "/common/ketrong/tpotexp/env/lib/python3.10/site-packages/func_timeout/dafunc.py", line 108, in func_timeout
    raise_exception(exception)
  File "/common/ketrong/tpotexp/env/lib/python3.10/site-packages/func_timeout/py3_raise.py", line 7, in raise_exception
    raise exception[0] from None
  File "/common/ketrong/tpotexp/tpot2/tpot2/tpot_estimator/estimator.py", line 623, in objective_function
    return objective_function_generator(
  File "/common/ketrong/tpotexp/tpot2/tpot2/tpot_estimator/estimator_utils.py", line 55, in objective_function_generator
    cv_obj_scores = cross_val_score_objective(sklearn.base.clone(pipeline),x,y,scorers=scorers, cv=cv , fold=step)
  File "/common/ketrong/tpotexp/tpot2/tpot2/tpot_estimator/cross_val_utils.py", line 28, in cross_val_score_objective
    this_fold_pipeline.fit(X_train,y_train)
  File "/common/ketrong/tpotexp/env/lib/python3.10/site-packages/sklearn/base.py", line 1473, in wrapper
    return fit_method(estimator, *args, **kwargs)
  File "/common/ketrong/tpotexp/env/lib/python3.10/site-packages/sklearn/pipeline.py", line 473, in fit
    self._final_estimator.fit(Xt, y, **last_step_params["fit"])
  File "/common/ketrong/tpotexp/env/lib/python3.10/site-packages/sklearn/base.py", line 1466, in wrapper
    estimator._validate_params()
  File "/common/ketrong/tpotexp/env/lib/python3.10/site-packages/sklearn/base.py", line 666, in _validate_params
    validate_parameter_constraints(
  File "/common/ketrong/tpotexp/env/lib/python3.10/site-packages/sklearn/utils/_param_validation.py", line 95, in validate_parameter_constraints
    raise InvalidParameterError(
sklearn.utils._param_validation.InvalidParameterError: The 'criterion' parameter of ExtraTreesRegressor must be a str among {'friedman_mse', 'poisson', 'absolute_error', 'squared_error'}. Got 'mae' instead.

WARNING THIS INDIVIDUAL CAUSED AND EXCEPTION 
 <tpot2.search_spaces.pipelines.sequential.SequentialPipelineIndividual object at 0x1554572d7f70> 
 The 'criterion' parameter of ExtraTreesRegressor must be a str among {'friedman_mse', 'poisson', 'absolute_error', 'squared_error'}. Got 'mae' instead. 
 Traceback (most recent call last):
  File "/common/ketrong/tpotexp/tpot2/tpot2/utils/eval_utils.py", line 53, in objective_nan_wrapper
    value = func_timeout.func_timeout(timeout, objective_function, args=[individual], kwargs=objective_kwargs)
  File "/common/ketrong/tpotexp/env/lib/python3.10/site-packages/func_timeout/dafunc.py", line 108, in func_timeout
    raise_exception(exception)
  File "/common/ketrong/tpotexp/env/lib/python3.10/site-packages/func_timeout/py3_raise.py", line 7, in raise_exception
    raise exception[0] from None
  File "/common/ketrong/tpotexp/tpot2/tpot2/tpot_estimator/estimator.py", line 623, in objective_function
    return objective_function_generator(
  File "/common/ketrong/tpotexp/tpot2/tpot2/tpot_estimator/estimator_utils.py", line 55, in objective_function_generator
    cv_obj_scores = cross_val_score_objective(sklearn.base.clone(pipeline),x,y,scorers=scorers, cv=cv , fold=step)
  File "/common/ketrong/tpotexp/tpot2/tpot2/tpot_estimator/cross_val_utils.py", line 28, in cross_val_score_objective
    this_fold_pipeline.fit(X_train,y_train)
  File "/common/ketrong/tpotexp/env/lib/python3.10/site-packages/sklearn/base.py", line 1473, in wrapper
    return fit_method(estimator, *args, **kwargs)
  File "/common/ketrong/tpotexp/env/lib/python3.10/site-packages/sklearn/pipeline.py", line 473, in fit
    self._final_estimator.fit(Xt, y, **last_step_params["fit"])
  File "/common/ketrong/tpotexp/env/lib/python3.10/site-packages/sklearn/base.py", line 1466, in wrapper
    estimator._validate_params()
  File "/common/ketrong/tpotexp/env/lib/python3.10/site-packages/sklearn/base.py", line 666, in _validate_params
    validate_parameter_constraints(
  File "/common/ketrong/tpotexp/env/lib/python3.10/site-packages/sklearn/utils/_param_validation.py", line 95, in validate_parameter_constraints
    raise InvalidParameterError(
sklearn.utils._param_validation.InvalidParameterError: The 'criterion' parameter of ExtraTreesRegressor must be a str among {'friedman_mse', 'poisson', 'absolute_error', 'squared_error'}. Got 'mae' instead.

Generation:  7
Best root_mean_squared_error score: -0.0015508846070437636
Generation:  28%|       | 7/25 [29:32<1:22:36, 275.37s/it]WARNING THIS INDIVIDUAL CAUSED AND EXCEPTION 
 <tpot2.search_spaces.pipelines.sequential.SequentialPipelineIndividual object at 0x1554553b7e20> 
 The 'criterion' parameter of ExtraTreesRegressor must be a str among {'friedman_mse', 'poisson', 'absolute_error', 'squared_error'}. Got 'mae' instead. 
 Traceback (most recent call last):
  File "/common/ketrong/tpotexp/tpot2/tpot2/utils/eval_utils.py", line 53, in objective_nan_wrapper
    value = func_timeout.func_timeout(timeout, objective_function, args=[individual], kwargs=objective_kwargs)
  File "/common/ketrong/tpotexp/env/lib/python3.10/site-packages/func_timeout/dafunc.py", line 108, in func_timeout
    raise_exception(exception)
  File "/common/ketrong/tpotexp/env/lib/python3.10/site-packages/func_timeout/py3_raise.py", line 7, in raise_exception
    raise exception[0] from None
  File "/common/ketrong/tpotexp/tpot2/tpot2/tpot_estimator/estimator.py", line 623, in objective_function
    return objective_function_generator(
  File "/common/ketrong/tpotexp/tpot2/tpot2/tpot_estimator/estimator_utils.py", line 55, in objective_function_generator
    cv_obj_scores = cross_val_score_objective(sklearn.base.clone(pipeline),x,y,scorers=scorers, cv=cv , fold=step)
  File "/common/ketrong/tpotexp/tpot2/tpot2/tpot_estimator/cross_val_utils.py", line 28, in cross_val_score_objective
    this_fold_pipeline.fit(X_train,y_train)
  File "/common/ketrong/tpotexp/env/lib/python3.10/site-packages/sklearn/base.py", line 1473, in wrapper
    return fit_method(estimator, *args, **kwargs)
  File "/common/ketrong/tpotexp/env/lib/python3.10/site-packages/sklearn/pipeline.py", line 473, in fit
    self._final_estimator.fit(Xt, y, **last_step_params["fit"])
  File "/common/ketrong/tpotexp/env/lib/python3.10/site-packages/sklearn/base.py", line 1466, in wrapper
    estimator._validate_params()
  File "/common/ketrong/tpotexp/env/lib/python3.10/site-packages/sklearn/base.py", line 666, in _validate_params
    validate_parameter_constraints(
  File "/common/ketrong/tpotexp/env/lib/python3.10/site-packages/sklearn/utils/_param_validation.py", line 95, in validate_parameter_constraints
    raise InvalidParameterError(
sklearn.utils._param_validation.InvalidParameterError: The 'criterion' parameter of ExtraTreesRegressor must be a str among {'friedman_mse', 'poisson', 'absolute_error', 'squared_error'}. Got 'mae' instead.

WARNING THIS INDIVIDUAL CAUSED AND EXCEPTION 
 <tpot2.search_spaces.pipelines.sequential.SequentialPipelineIndividual object at 0x155474586410> 
 The 'criterion' parameter of DecisionTreeRegressor must be a str among {'friedman_mse', 'poisson', 'absolute_error', 'squared_error'}. Got 'mae' instead. 
 Traceback (most recent call last):
  File "/common/ketrong/tpotexp/tpot2/tpot2/utils/eval_utils.py", line 53, in objective_nan_wrapper
    value = func_timeout.func_timeout(timeout, objective_function, args=[individual], kwargs=objective_kwargs)
  File "/common/ketrong/tpotexp/env/lib/python3.10/site-packages/func_timeout/dafunc.py", line 108, in func_timeout
    raise_exception(exception)
  File "/common/ketrong/tpotexp/env/lib/python3.10/site-packages/func_timeout/py3_raise.py", line 7, in raise_exception
    raise exception[0] from None
  File "/common/ketrong/tpotexp/tpot2/tpot2/tpot_estimator/estimator.py", line 623, in objective_function
    return objective_function_generator(
  File "/common/ketrong/tpotexp/tpot2/tpot2/tpot_estimator/estimator_utils.py", line 55, in objective_function_generator
    cv_obj_scores = cross_val_score_objective(sklearn.base.clone(pipeline),x,y,scorers=scorers, cv=cv , fold=step)
  File "/common/ketrong/tpotexp/tpot2/tpot2/tpot_estimator/cross_val_utils.py", line 28, in cross_val_score_objective
    this_fold_pipeline.fit(X_train,y_train)
  File "/common/ketrong/tpotexp/env/lib/python3.10/site-packages/sklearn/base.py", line 1473, in wrapper
    return fit_method(estimator, *args, **kwargs)
  File "/common/ketrong/tpotexp/env/lib/python3.10/site-packages/sklearn/pipeline.py", line 473, in fit
    self._final_estimator.fit(Xt, y, **last_step_params["fit"])
  File "/common/ketrong/tpotexp/env/lib/python3.10/site-packages/sklearn/base.py", line 1466, in wrapper
    estimator._validate_params()
  File "/common/ketrong/tpotexp/env/lib/python3.10/site-packages/sklearn/base.py", line 666, in _validate_params
    validate_parameter_constraints(
  File "/common/ketrong/tpotexp/env/lib/python3.10/site-packages/sklearn/utils/_param_validation.py", line 95, in validate_parameter_constraints
    raise InvalidParameterError(
sklearn.utils._param_validation.InvalidParameterError: The 'criterion' parameter of DecisionTreeRegressor must be a str among {'friedman_mse', 'poisson', 'absolute_error', 'squared_error'}. Got 'mae' instead.

WARNING THIS INDIVIDUAL CAUSED AND EXCEPTION 
 <tpot2.search_spaces.pipelines.sequential.SequentialPipelineIndividual object at 0x1554538a76d0> 
 The 'criterion' parameter of ExtraTreesRegressor must be a str among {'friedman_mse', 'poisson', 'absolute_error', 'squared_error'}. Got 'mae' instead. 
 Traceback (most recent call last):
  File "/common/ketrong/tpotexp/tpot2/tpot2/utils/eval_utils.py", line 53, in objective_nan_wrapper
    value = func_timeout.func_timeout(timeout, objective_function, args=[individual], kwargs=objective_kwargs)
  File "/common/ketrong/tpotexp/env/lib/python3.10/site-packages/func_timeout/dafunc.py", line 108, in func_timeout
    raise_exception(exception)
  File "/common/ketrong/tpotexp/env/lib/python3.10/site-packages/func_timeout/py3_raise.py", line 7, in raise_exception
    raise exception[0] from None
  File "/common/ketrong/tpotexp/tpot2/tpot2/tpot_estimator/estimator.py", line 623, in objective_function
    return objective_function_generator(
  File "/common/ketrong/tpotexp/tpot2/tpot2/tpot_estimator/estimator_utils.py", line 55, in objective_function_generator
    cv_obj_scores = cross_val_score_objective(sklearn.base.clone(pipeline),x,y,scorers=scorers, cv=cv , fold=step)
  File "/common/ketrong/tpotexp/tpot2/tpot2/tpot_estimator/cross_val_utils.py", line 28, in cross_val_score_objective
    this_fold_pipeline.fit(X_train,y_train)
  File "/common/ketrong/tpotexp/env/lib/python3.10/site-packages/sklearn/base.py", line 1473, in wrapper
    return fit_method(estimator, *args, **kwargs)
  File "/common/ketrong/tpotexp/env/lib/python3.10/site-packages/sklearn/pipeline.py", line 473, in fit
    self._final_estimator.fit(Xt, y, **last_step_params["fit"])
  File "/common/ketrong/tpotexp/env/lib/python3.10/site-packages/sklearn/base.py", line 1466, in wrapper
    estimator._validate_params()
  File "/common/ketrong/tpotexp/env/lib/python3.10/site-packages/sklearn/base.py", line 666, in _validate_params
    validate_parameter_constraints(
  File "/common/ketrong/tpotexp/env/lib/python3.10/site-packages/sklearn/utils/_param_validation.py", line 95, in validate_parameter_constraints
    raise InvalidParameterError(
sklearn.utils._param_validation.InvalidParameterError: The 'criterion' parameter of ExtraTreesRegressor must be a str among {'friedman_mse', 'poisson', 'absolute_error', 'squared_error'}. Got 'mae' instead.

Generation:  8
Best root_mean_squared_error score: -0.0015508846070437636
Generation:  32%|      | 8/25 [29:47<54:29, 192.34s/it]  WARNING THIS INDIVIDUAL CAUSED AND EXCEPTION 
 <tpot2.search_spaces.pipelines.sequential.SequentialPipelineIndividual object at 0x1554553fbd30> 
 The 'criterion' parameter of ExtraTreesRegressor must be a str among {'friedman_mse', 'poisson', 'absolute_error', 'squared_error'}. Got 'mae' instead. 
 Traceback (most recent call last):
  File "/common/ketrong/tpotexp/tpot2/tpot2/utils/eval_utils.py", line 53, in objective_nan_wrapper
    value = func_timeout.func_timeout(timeout, objective_function, args=[individual], kwargs=objective_kwargs)
  File "/common/ketrong/tpotexp/env/lib/python3.10/site-packages/func_timeout/dafunc.py", line 108, in func_timeout
    raise_exception(exception)
  File "/common/ketrong/tpotexp/env/lib/python3.10/site-packages/func_timeout/py3_raise.py", line 7, in raise_exception
    raise exception[0] from None
  File "/common/ketrong/tpotexp/tpot2/tpot2/tpot_estimator/estimator.py", line 623, in objective_function
    return objective_function_generator(
  File "/common/ketrong/tpotexp/tpot2/tpot2/tpot_estimator/estimator_utils.py", line 55, in objective_function_generator
    cv_obj_scores = cross_val_score_objective(sklearn.base.clone(pipeline),x,y,scorers=scorers, cv=cv , fold=step)
  File "/common/ketrong/tpotexp/tpot2/tpot2/tpot_estimator/cross_val_utils.py", line 28, in cross_val_score_objective
    this_fold_pipeline.fit(X_train,y_train)
  File "/common/ketrong/tpotexp/env/lib/python3.10/site-packages/sklearn/base.py", line 1473, in wrapper
    return fit_method(estimator, *args, **kwargs)
  File "/common/ketrong/tpotexp/env/lib/python3.10/site-packages/sklearn/pipeline.py", line 473, in fit
    self._final_estimator.fit(Xt, y, **last_step_params["fit"])
  File "/common/ketrong/tpotexp/env/lib/python3.10/site-packages/sklearn/base.py", line 1466, in wrapper
    estimator._validate_params()
  File "/common/ketrong/tpotexp/env/lib/python3.10/site-packages/sklearn/base.py", line 666, in _validate_params
    validate_parameter_constraints(
  File "/common/ketrong/tpotexp/env/lib/python3.10/site-packages/sklearn/utils/_param_validation.py", line 95, in validate_parameter_constraints
    raise InvalidParameterError(
sklearn.utils._param_validation.InvalidParameterError: The 'criterion' parameter of ExtraTreesRegressor must be a str among {'friedman_mse', 'poisson', 'absolute_error', 'squared_error'}. Got 'mae' instead.

WARNING THIS INDIVIDUAL CAUSED AND EXCEPTION 
 <tpot2.search_spaces.pipelines.sequential.SequentialPipelineIndividual object at 0x155457250e80> 
 The 'criterion' parameter of ExtraTreesRegressor must be a str among {'friedman_mse', 'poisson', 'absolute_error', 'squared_error'}. Got 'mae' instead. 
 Traceback (most recent call last):
  File "/common/ketrong/tpotexp/tpot2/tpot2/utils/eval_utils.py", line 53, in objective_nan_wrapper
    value = func_timeout.func_timeout(timeout, objective_function, args=[individual], kwargs=objective_kwargs)
  File "/common/ketrong/tpotexp/env/lib/python3.10/site-packages/func_timeout/dafunc.py", line 108, in func_timeout
    raise_exception(exception)
  File "/common/ketrong/tpotexp/env/lib/python3.10/site-packages/func_timeout/py3_raise.py", line 7, in raise_exception
    raise exception[0] from None
  File "/common/ketrong/tpotexp/tpot2/tpot2/tpot_estimator/estimator.py", line 623, in objective_function
    return objective_function_generator(
  File "/common/ketrong/tpotexp/tpot2/tpot2/tpot_estimator/estimator_utils.py", line 55, in objective_function_generator
    cv_obj_scores = cross_val_score_objective(sklearn.base.clone(pipeline),x,y,scorers=scorers, cv=cv , fold=step)
  File "/common/ketrong/tpotexp/tpot2/tpot2/tpot_estimator/cross_val_utils.py", line 28, in cross_val_score_objective
    this_fold_pipeline.fit(X_train,y_train)
  File "/common/ketrong/tpotexp/env/lib/python3.10/site-packages/sklearn/base.py", line 1473, in wrapper
    return fit_method(estimator, *args, **kwargs)
  File "/common/ketrong/tpotexp/env/lib/python3.10/site-packages/sklearn/pipeline.py", line 473, in fit
    self._final_estimator.fit(Xt, y, **last_step_params["fit"])
  File "/common/ketrong/tpotexp/env/lib/python3.10/site-packages/sklearn/base.py", line 1466, in wrapper
    estimator._validate_params()
  File "/common/ketrong/tpotexp/env/lib/python3.10/site-packages/sklearn/base.py", line 666, in _validate_params
    validate_parameter_constraints(
  File "/common/ketrong/tpotexp/env/lib/python3.10/site-packages/sklearn/utils/_param_validation.py", line 95, in validate_parameter_constraints
    raise InvalidParameterError(
sklearn.utils._param_validation.InvalidParameterError: The 'criterion' parameter of ExtraTreesRegressor must be a str among {'friedman_mse', 'poisson', 'absolute_error', 'squared_error'}. Got 'mae' instead.

WARNING THIS INDIVIDUAL CAUSED AND EXCEPTION 
 <tpot2.search_spaces.pipelines.sequential.SequentialPipelineIndividual object at 0x155407f578b0> 
 The 'criterion' parameter of ExtraTreesRegressor must be a str among {'friedman_mse', 'poisson', 'absolute_error', 'squared_error'}. Got 'mae' instead. 
 Traceback (most recent call last):
  File "/common/ketrong/tpotexp/tpot2/tpot2/utils/eval_utils.py", line 53, in objective_nan_wrapper
    value = func_timeout.func_timeout(timeout, objective_function, args=[individual], kwargs=objective_kwargs)
  File "/common/ketrong/tpotexp/env/lib/python3.10/site-packages/func_timeout/dafunc.py", line 108, in func_timeout
    raise_exception(exception)
  File "/common/ketrong/tpotexp/env/lib/python3.10/site-packages/func_timeout/py3_raise.py", line 7, in raise_exception
    raise exception[0] from None
  File "/common/ketrong/tpotexp/tpot2/tpot2/tpot_estimator/estimator.py", line 623, in objective_function
    return objective_function_generator(
  File "/common/ketrong/tpotexp/tpot2/tpot2/tpot_estimator/estimator_utils.py", line 55, in objective_function_generator
    cv_obj_scores = cross_val_score_objective(sklearn.base.clone(pipeline),x,y,scorers=scorers, cv=cv , fold=step)
  File "/common/ketrong/tpotexp/tpot2/tpot2/tpot_estimator/cross_val_utils.py", line 28, in cross_val_score_objective
    this_fold_pipeline.fit(X_train,y_train)
  File "/common/ketrong/tpotexp/env/lib/python3.10/site-packages/sklearn/base.py", line 1473, in wrapper
    return fit_method(estimator, *args, **kwargs)
  File "/common/ketrong/tpotexp/env/lib/python3.10/site-packages/sklearn/pipeline.py", line 473, in fit
    self._final_estimator.fit(Xt, y, **last_step_params["fit"])
  File "/common/ketrong/tpotexp/env/lib/python3.10/site-packages/sklearn/base.py", line 1466, in wrapper
    estimator._validate_params()
  File "/common/ketrong/tpotexp/env/lib/python3.10/site-packages/sklearn/base.py", line 666, in _validate_params
    validate_parameter_constraints(
  File "/common/ketrong/tpotexp/env/lib/python3.10/site-packages/sklearn/utils/_param_validation.py", line 95, in validate_parameter_constraints
    raise InvalidParameterError(
sklearn.utils._param_validation.InvalidParameterError: The 'criterion' parameter of ExtraTreesRegressor must be a str among {'friedman_mse', 'poisson', 'absolute_error', 'squared_error'}. Got 'mae' instead.

Generation:  9
Best root_mean_squared_error score: -0.0015508846070437636
Generation:  36%|      | 9/25 [30:02<36:31, 136.95s/it]WARNING THIS INDIVIDUAL CAUSED AND EXCEPTION 
 <tpot2.search_spaces.pipelines.sequential.SequentialPipelineIndividual object at 0x155474585c90> 
 The 'criterion' parameter of RandomForestRegressor must be a str among {'friedman_mse', 'poisson', 'absolute_error', 'squared_error'}. Got 'mae' instead. 
 Traceback (most recent call last):
  File "/common/ketrong/tpotexp/tpot2/tpot2/utils/eval_utils.py", line 53, in objective_nan_wrapper
    value = func_timeout.func_timeout(timeout, objective_function, args=[individual], kwargs=objective_kwargs)
  File "/common/ketrong/tpotexp/env/lib/python3.10/site-packages/func_timeout/dafunc.py", line 108, in func_timeout
    raise_exception(exception)
  File "/common/ketrong/tpotexp/env/lib/python3.10/site-packages/func_timeout/py3_raise.py", line 7, in raise_exception
    raise exception[0] from None
  File "/common/ketrong/tpotexp/tpot2/tpot2/tpot_estimator/estimator.py", line 623, in objective_function
    return objective_function_generator(
  File "/common/ketrong/tpotexp/tpot2/tpot2/tpot_estimator/estimator_utils.py", line 55, in objective_function_generator
    cv_obj_scores = cross_val_score_objective(sklearn.base.clone(pipeline),x,y,scorers=scorers, cv=cv , fold=step)
  File "/common/ketrong/tpotexp/tpot2/tpot2/tpot_estimator/cross_val_utils.py", line 28, in cross_val_score_objective
    this_fold_pipeline.fit(X_train,y_train)
  File "/common/ketrong/tpotexp/env/lib/python3.10/site-packages/sklearn/base.py", line 1473, in wrapper
    return fit_method(estimator, *args, **kwargs)
  File "/common/ketrong/tpotexp/env/lib/python3.10/site-packages/sklearn/pipeline.py", line 473, in fit
    self._final_estimator.fit(Xt, y, **last_step_params["fit"])
  File "/common/ketrong/tpotexp/env/lib/python3.10/site-packages/sklearn/base.py", line 1466, in wrapper
    estimator._validate_params()
  File "/common/ketrong/tpotexp/env/lib/python3.10/site-packages/sklearn/base.py", line 666, in _validate_params
    validate_parameter_constraints(
  File "/common/ketrong/tpotexp/env/lib/python3.10/site-packages/sklearn/utils/_param_validation.py", line 95, in validate_parameter_constraints
    raise InvalidParameterError(
sklearn.utils._param_validation.InvalidParameterError: The 'criterion' parameter of RandomForestRegressor must be a str among {'friedman_mse', 'poisson', 'absolute_error', 'squared_error'}. Got 'mae' instead.

Generation:  10
Best root_mean_squared_error score: -0.0015508846070437636
Generation:  40%|      | 10/25 [31:52<32:07, 128.47s/it]WARNING THIS INDIVIDUAL CAUSED AND EXCEPTION 
 <tpot2.search_spaces.pipelines.sequential.SequentialPipelineIndividual object at 0x155474d49a80> 
 Input X contains NaN.
ExtraTreesRegressor does not accept missing values encoded as NaN natively. For supervised learning, you might want to consider sklearn.ensemble.HistGradientBoostingClassifier and Regressor which accept missing values encoded as NaNs natively. Alternatively, it is possible to preprocess the data, for instance by using an imputer transformer in a pipeline or drop samples with missing values. See https://scikit-learn.org/stable/modules/impute.html You can find a list of all estimators that handle NaN values at the following page: https://scikit-learn.org/stable/modules/impute.html#estimators-that-handle-nan-values 
 Traceback (most recent call last):
  File "/common/ketrong/tpotexp/tpot2/tpot2/utils/eval_utils.py", line 53, in objective_nan_wrapper
    value = func_timeout.func_timeout(timeout, objective_function, args=[individual], kwargs=objective_kwargs)
  File "/common/ketrong/tpotexp/env/lib/python3.10/site-packages/func_timeout/dafunc.py", line 108, in func_timeout
    raise_exception(exception)
  File "/common/ketrong/tpotexp/env/lib/python3.10/site-packages/func_timeout/py3_raise.py", line 7, in raise_exception
    raise exception[0] from None
  File "/common/ketrong/tpotexp/tpot2/tpot2/tpot_estimator/estimator.py", line 623, in objective_function
    return objective_function_generator(
  File "/common/ketrong/tpotexp/tpot2/tpot2/tpot_estimator/estimator_utils.py", line 55, in objective_function_generator
    cv_obj_scores = cross_val_score_objective(sklearn.base.clone(pipeline),x,y,scorers=scorers, cv=cv , fold=step)
  File "/common/ketrong/tpotexp/tpot2/tpot2/tpot_estimator/cross_val_utils.py", line 28, in cross_val_score_objective
    this_fold_pipeline.fit(X_train,y_train)
  File "/common/ketrong/tpotexp/env/lib/python3.10/site-packages/sklearn/base.py", line 1473, in wrapper
    return fit_method(estimator, *args, **kwargs)
  File "/common/ketrong/tpotexp/env/lib/python3.10/site-packages/sklearn/pipeline.py", line 473, in fit
    self._final_estimator.fit(Xt, y, **last_step_params["fit"])
  File "/common/ketrong/tpotexp/env/lib/python3.10/site-packages/sklearn/base.py", line 1473, in wrapper
    return fit_method(estimator, *args, **kwargs)
  File "/common/ketrong/tpotexp/env/lib/python3.10/site-packages/sklearn/ensemble/_forest.py", line 377, in fit
    estimator._compute_missing_values_in_feature_mask(
  File "/common/ketrong/tpotexp/env/lib/python3.10/site-packages/sklearn/tree/_classes.py", line 214, in _compute_missing_values_in_feature_mask
    assert_all_finite(X, **common_kwargs)
  File "/common/ketrong/tpotexp/env/lib/python3.10/site-packages/sklearn/utils/validation.py", line 213, in assert_all_finite
    _assert_all_finite(
  File "/common/ketrong/tpotexp/env/lib/python3.10/site-packages/sklearn/utils/validation.py", line 123, in _assert_all_finite
    _assert_all_finite_element_wise(
  File "/common/ketrong/tpotexp/env/lib/python3.10/site-packages/sklearn/utils/validation.py", line 172, in _assert_all_finite_element_wise
    raise ValueError(msg_err)
ValueError: Input X contains NaN.
ExtraTreesRegressor does not accept missing values encoded as NaN natively. For supervised learning, you might want to consider sklearn.ensemble.HistGradientBoostingClassifier and Regressor which accept missing values encoded as NaNs natively. Alternatively, it is possible to preprocess the data, for instance by using an imputer transformer in a pipeline or drop samples with missing values. See https://scikit-learn.org/stable/modules/impute.html You can find a list of all estimators that handle NaN values at the following page: https://scikit-learn.org/stable/modules/impute.html#estimators-that-handle-nan-values

Generation:  11
Best root_mean_squared_error score: -0.0015508846070437636
Generation:  44%|     | 11/25 [32:06<21:48, 93.50s/it] Generation:  12
Best root_mean_squared_error score: -0.0015508846070437636
Generation:  48%|     | 12/25 [33:45<20:39, 95.38s/it]WARNING THIS INDIVIDUAL CAUSED AND EXCEPTION 
 <tpot2.search_spaces.pipelines.sequential.SequentialPipelineIndividual object at 0x155474d6dc90> 
 The 'criterion' parameter of ExtraTreesRegressor must be a str among {'friedman_mse', 'poisson', 'absolute_error', 'squared_error'}. Got 'mae' instead. 
 Traceback (most recent call last):
  File "/common/ketrong/tpotexp/tpot2/tpot2/utils/eval_utils.py", line 53, in objective_nan_wrapper
    value = func_timeout.func_timeout(timeout, objective_function, args=[individual], kwargs=objective_kwargs)
  File "/common/ketrong/tpotexp/env/lib/python3.10/site-packages/func_timeout/dafunc.py", line 108, in func_timeout
    raise_exception(exception)
  File "/common/ketrong/tpotexp/env/lib/python3.10/site-packages/func_timeout/py3_raise.py", line 7, in raise_exception
    raise exception[0] from None
  File "/common/ketrong/tpotexp/tpot2/tpot2/tpot_estimator/estimator.py", line 623, in objective_function
    return objective_function_generator(
  File "/common/ketrong/tpotexp/tpot2/tpot2/tpot_estimator/estimator_utils.py", line 55, in objective_function_generator
    cv_obj_scores = cross_val_score_objective(sklearn.base.clone(pipeline),x,y,scorers=scorers, cv=cv , fold=step)
  File "/common/ketrong/tpotexp/tpot2/tpot2/tpot_estimator/cross_val_utils.py", line 28, in cross_val_score_objective
    this_fold_pipeline.fit(X_train,y_train)
  File "/common/ketrong/tpotexp/env/lib/python3.10/site-packages/sklearn/base.py", line 1473, in wrapper
    return fit_method(estimator, *args, **kwargs)
  File "/common/ketrong/tpotexp/env/lib/python3.10/site-packages/sklearn/pipeline.py", line 473, in fit
    self._final_estimator.fit(Xt, y, **last_step_params["fit"])
  File "/common/ketrong/tpotexp/env/lib/python3.10/site-packages/sklearn/base.py", line 1466, in wrapper
    estimator._validate_params()
  File "/common/ketrong/tpotexp/env/lib/python3.10/site-packages/sklearn/base.py", line 666, in _validate_params
    validate_parameter_constraints(
  File "/common/ketrong/tpotexp/env/lib/python3.10/site-packages/sklearn/utils/_param_validation.py", line 95, in validate_parameter_constraints
    raise InvalidParameterError(
sklearn.utils._param_validation.InvalidParameterError: The 'criterion' parameter of ExtraTreesRegressor must be a str among {'friedman_mse', 'poisson', 'absolute_error', 'squared_error'}. Got 'mae' instead.

WARNING THIS INDIVIDUAL CAUSED AND EXCEPTION 
 <tpot2.search_spaces.pipelines.sequential.SequentialPipelineIndividual object at 0x15545f995e10> 
 The 'criterion' parameter of ExtraTreesRegressor must be a str among {'friedman_mse', 'poisson', 'absolute_error', 'squared_error'}. Got 'mae' instead. 
 Traceback (most recent call last):
  File "/common/ketrong/tpotexp/tpot2/tpot2/utils/eval_utils.py", line 53, in objective_nan_wrapper
    value = func_timeout.func_timeout(timeout, objective_function, args=[individual], kwargs=objective_kwargs)
  File "/common/ketrong/tpotexp/env/lib/python3.10/site-packages/func_timeout/dafunc.py", line 108, in func_timeout
    raise_exception(exception)
  File "/common/ketrong/tpotexp/env/lib/python3.10/site-packages/func_timeout/py3_raise.py", line 7, in raise_exception
    raise exception[0] from None
  File "/common/ketrong/tpotexp/tpot2/tpot2/tpot_estimator/estimator.py", line 623, in objective_function
    return objective_function_generator(
  File "/common/ketrong/tpotexp/tpot2/tpot2/tpot_estimator/estimator_utils.py", line 55, in objective_function_generator
    cv_obj_scores = cross_val_score_objective(sklearn.base.clone(pipeline),x,y,scorers=scorers, cv=cv , fold=step)
  File "/common/ketrong/tpotexp/tpot2/tpot2/tpot_estimator/cross_val_utils.py", line 28, in cross_val_score_objective
    this_fold_pipeline.fit(X_train,y_train)
  File "/common/ketrong/tpotexp/env/lib/python3.10/site-packages/sklearn/base.py", line 1473, in wrapper
    return fit_method(estimator, *args, **kwargs)
  File "/common/ketrong/tpotexp/env/lib/python3.10/site-packages/sklearn/pipeline.py", line 473, in fit
    self._final_estimator.fit(Xt, y, **last_step_params["fit"])
  File "/common/ketrong/tpotexp/env/lib/python3.10/site-packages/sklearn/base.py", line 1466, in wrapper
    estimator._validate_params()
  File "/common/ketrong/tpotexp/env/lib/python3.10/site-packages/sklearn/base.py", line 666, in _validate_params
    validate_parameter_constraints(
  File "/common/ketrong/tpotexp/env/lib/python3.10/site-packages/sklearn/utils/_param_validation.py", line 95, in validate_parameter_constraints
    raise InvalidParameterError(
sklearn.utils._param_validation.InvalidParameterError: The 'criterion' parameter of ExtraTreesRegressor must be a str among {'friedman_mse', 'poisson', 'absolute_error', 'squared_error'}. Got 'mae' instead.

Generation:  13
Best root_mean_squared_error score: -0.001549642617052332
Generation:  52%|    | 13/25 [40:06<36:20, 181.69s/it]WARNING THIS INDIVIDUAL CAUSED AND EXCEPTION 
 <tpot2.search_spaces.pipelines.sequential.SequentialPipelineIndividual object at 0x155454dc3e20> 
 The 'criterion' parameter of RandomForestRegressor must be a str among {'friedman_mse', 'poisson', 'absolute_error', 'squared_error'}. Got 'mse' instead. 
 Traceback (most recent call last):
  File "/common/ketrong/tpotexp/tpot2/tpot2/utils/eval_utils.py", line 53, in objective_nan_wrapper
    value = func_timeout.func_timeout(timeout, objective_function, args=[individual], kwargs=objective_kwargs)
  File "/common/ketrong/tpotexp/env/lib/python3.10/site-packages/func_timeout/dafunc.py", line 108, in func_timeout
    raise_exception(exception)
  File "/common/ketrong/tpotexp/env/lib/python3.10/site-packages/func_timeout/py3_raise.py", line 7, in raise_exception
    raise exception[0] from None
  File "/common/ketrong/tpotexp/tpot2/tpot2/tpot_estimator/estimator.py", line 623, in objective_function
    return objective_function_generator(
  File "/common/ketrong/tpotexp/tpot2/tpot2/tpot_estimator/estimator_utils.py", line 55, in objective_function_generator
    cv_obj_scores = cross_val_score_objective(sklearn.base.clone(pipeline),x,y,scorers=scorers, cv=cv , fold=step)
  File "/common/ketrong/tpotexp/tpot2/tpot2/tpot_estimator/cross_val_utils.py", line 28, in cross_val_score_objective
    this_fold_pipeline.fit(X_train,y_train)
  File "/common/ketrong/tpotexp/env/lib/python3.10/site-packages/sklearn/base.py", line 1473, in wrapper
    return fit_method(estimator, *args, **kwargs)
  File "/common/ketrong/tpotexp/env/lib/python3.10/site-packages/sklearn/pipeline.py", line 473, in fit
    self._final_estimator.fit(Xt, y, **last_step_params["fit"])
  File "/common/ketrong/tpotexp/env/lib/python3.10/site-packages/sklearn/base.py", line 1466, in wrapper
    estimator._validate_params()
  File "/common/ketrong/tpotexp/env/lib/python3.10/site-packages/sklearn/base.py", line 666, in _validate_params
    validate_parameter_constraints(
  File "/common/ketrong/tpotexp/env/lib/python3.10/site-packages/sklearn/utils/_param_validation.py", line 95, in validate_parameter_constraints
    raise InvalidParameterError(
sklearn.utils._param_validation.InvalidParameterError: The 'criterion' parameter of RandomForestRegressor must be a str among {'friedman_mse', 'poisson', 'absolute_error', 'squared_error'}. Got 'mse' instead.

WARNING THIS INDIVIDUAL CAUSED AND EXCEPTION 
 <tpot2.search_spaces.pipelines.sequential.SequentialPipelineIndividual object at 0x15545dbb57e0> 
 The 'criterion' parameter of ExtraTreesRegressor must be a str among {'friedman_mse', 'poisson', 'absolute_error', 'squared_error'}. Got 'mae' instead. 
 Traceback (most recent call last):
  File "/common/ketrong/tpotexp/tpot2/tpot2/utils/eval_utils.py", line 53, in objective_nan_wrapper
    value = func_timeout.func_timeout(timeout, objective_function, args=[individual], kwargs=objective_kwargs)
  File "/common/ketrong/tpotexp/env/lib/python3.10/site-packages/func_timeout/dafunc.py", line 108, in func_timeout
    raise_exception(exception)
  File "/common/ketrong/tpotexp/env/lib/python3.10/site-packages/func_timeout/py3_raise.py", line 7, in raise_exception
    raise exception[0] from None
  File "/common/ketrong/tpotexp/tpot2/tpot2/tpot_estimator/estimator.py", line 623, in objective_function
    return objective_function_generator(
  File "/common/ketrong/tpotexp/tpot2/tpot2/tpot_estimator/estimator_utils.py", line 55, in objective_function_generator
    cv_obj_scores = cross_val_score_objective(sklearn.base.clone(pipeline),x,y,scorers=scorers, cv=cv , fold=step)
  File "/common/ketrong/tpotexp/tpot2/tpot2/tpot_estimator/cross_val_utils.py", line 28, in cross_val_score_objective
    this_fold_pipeline.fit(X_train,y_train)
  File "/common/ketrong/tpotexp/env/lib/python3.10/site-packages/sklearn/base.py", line 1473, in wrapper
    return fit_method(estimator, *args, **kwargs)
  File "/common/ketrong/tpotexp/env/lib/python3.10/site-packages/sklearn/pipeline.py", line 473, in fit
    self._final_estimator.fit(Xt, y, **last_step_params["fit"])
  File "/common/ketrong/tpotexp/env/lib/python3.10/site-packages/sklearn/base.py", line 1466, in wrapper
    estimator._validate_params()
  File "/common/ketrong/tpotexp/env/lib/python3.10/site-packages/sklearn/base.py", line 666, in _validate_params
    validate_parameter_constraints(
  File "/common/ketrong/tpotexp/env/lib/python3.10/site-packages/sklearn/utils/_param_validation.py", line 95, in validate_parameter_constraints
    raise InvalidParameterError(
sklearn.utils._param_validation.InvalidParameterError: The 'criterion' parameter of ExtraTreesRegressor must be a str among {'friedman_mse', 'poisson', 'absolute_error', 'squared_error'}. Got 'mae' instead.

Generation:  14
Best root_mean_squared_error score: -0.001549642617052332
Generation:  56%|    | 14/25 [40:21<24:04, 131.30s/it]WARNING THIS INDIVIDUAL CAUSED AND EXCEPTION 
 <tpot2.search_spaces.pipelines.sequential.SequentialPipelineIndividual object at 0x155457112410> 
 The 'criterion' parameter of ExtraTreesRegressor must be a str among {'friedman_mse', 'poisson', 'absolute_error', 'squared_error'}. Got 'mae' instead. 
 Traceback (most recent call last):
  File "/common/ketrong/tpotexp/tpot2/tpot2/utils/eval_utils.py", line 53, in objective_nan_wrapper
    value = func_timeout.func_timeout(timeout, objective_function, args=[individual], kwargs=objective_kwargs)
  File "/common/ketrong/tpotexp/env/lib/python3.10/site-packages/func_timeout/dafunc.py", line 108, in func_timeout
    raise_exception(exception)
  File "/common/ketrong/tpotexp/env/lib/python3.10/site-packages/func_timeout/py3_raise.py", line 7, in raise_exception
    raise exception[0] from None
  File "/common/ketrong/tpotexp/tpot2/tpot2/tpot_estimator/estimator.py", line 623, in objective_function
    return objective_function_generator(
  File "/common/ketrong/tpotexp/tpot2/tpot2/tpot_estimator/estimator_utils.py", line 55, in objective_function_generator
    cv_obj_scores = cross_val_score_objective(sklearn.base.clone(pipeline),x,y,scorers=scorers, cv=cv , fold=step)
  File "/common/ketrong/tpotexp/tpot2/tpot2/tpot_estimator/cross_val_utils.py", line 28, in cross_val_score_objective
    this_fold_pipeline.fit(X_train,y_train)
  File "/common/ketrong/tpotexp/env/lib/python3.10/site-packages/sklearn/base.py", line 1473, in wrapper
    return fit_method(estimator, *args, **kwargs)
  File "/common/ketrong/tpotexp/env/lib/python3.10/site-packages/sklearn/pipeline.py", line 473, in fit
    self._final_estimator.fit(Xt, y, **last_step_params["fit"])
  File "/common/ketrong/tpotexp/env/lib/python3.10/site-packages/sklearn/base.py", line 1466, in wrapper
    estimator._validate_params()
  File "/common/ketrong/tpotexp/env/lib/python3.10/site-packages/sklearn/base.py", line 666, in _validate_params
    validate_parameter_constraints(
  File "/common/ketrong/tpotexp/env/lib/python3.10/site-packages/sklearn/utils/_param_validation.py", line 95, in validate_parameter_constraints
    raise InvalidParameterError(
sklearn.utils._param_validation.InvalidParameterError: The 'criterion' parameter of ExtraTreesRegressor must be a str among {'friedman_mse', 'poisson', 'absolute_error', 'squared_error'}. Got 'mae' instead.

WARNING THIS INDIVIDUAL CAUSED AND EXCEPTION 
 <tpot2.search_spaces.pipelines.sequential.SequentialPipelineIndividual object at 0x15544743ee30> 
 The 'criterion' parameter of ExtraTreesRegressor must be a str among {'friedman_mse', 'poisson', 'absolute_error', 'squared_error'}. Got 'mae' instead. 
 Traceback (most recent call last):
  File "/common/ketrong/tpotexp/tpot2/tpot2/utils/eval_utils.py", line 53, in objective_nan_wrapper
    value = func_timeout.func_timeout(timeout, objective_function, args=[individual], kwargs=objective_kwargs)
  File "/common/ketrong/tpotexp/env/lib/python3.10/site-packages/func_timeout/dafunc.py", line 108, in func_timeout
    raise_exception(exception)
  File "/common/ketrong/tpotexp/env/lib/python3.10/site-packages/func_timeout/py3_raise.py", line 7, in raise_exception
    raise exception[0] from None
  File "/common/ketrong/tpotexp/tpot2/tpot2/tpot_estimator/estimator.py", line 623, in objective_function
    return objective_function_generator(
  File "/common/ketrong/tpotexp/tpot2/tpot2/tpot_estimator/estimator_utils.py", line 55, in objective_function_generator
    cv_obj_scores = cross_val_score_objective(sklearn.base.clone(pipeline),x,y,scorers=scorers, cv=cv , fold=step)
  File "/common/ketrong/tpotexp/tpot2/tpot2/tpot_estimator/cross_val_utils.py", line 28, in cross_val_score_objective
    this_fold_pipeline.fit(X_train,y_train)
  File "/common/ketrong/tpotexp/env/lib/python3.10/site-packages/sklearn/base.py", line 1473, in wrapper
    return fit_method(estimator, *args, **kwargs)
  File "/common/ketrong/tpotexp/env/lib/python3.10/site-packages/sklearn/pipeline.py", line 473, in fit
    self._final_estimator.fit(Xt, y, **last_step_params["fit"])
  File "/common/ketrong/tpotexp/env/lib/python3.10/site-packages/sklearn/base.py", line 1466, in wrapper
    estimator._validate_params()
  File "/common/ketrong/tpotexp/env/lib/python3.10/site-packages/sklearn/base.py", line 666, in _validate_params
    validate_parameter_constraints(
  File "/common/ketrong/tpotexp/env/lib/python3.10/site-packages/sklearn/utils/_param_validation.py", line 95, in validate_parameter_constraints
    raise InvalidParameterError(
sklearn.utils._param_validation.InvalidParameterError: The 'criterion' parameter of ExtraTreesRegressor must be a str among {'friedman_mse', 'poisson', 'absolute_error', 'squared_error'}. Got 'mae' instead.

Generation:  15
Best root_mean_squared_error score: -0.001549642617052332
Generation:  60%|    | 15/25 [40:34<15:58, 95.90s/it] Generation:  16
Best root_mean_squared_error score: -0.001549642617052332
Generation:  64%|   | 16/25 [41:59<13:53, 92.61s/it]Generation:  17
Best root_mean_squared_error score: -0.0015487132951070499
Generation:  68%|   | 17/25 [48:22<23:57, 179.73s/it]Generation:  18
Best root_mean_squared_error score: -0.0015487132951070499
Generation:  72%|  | 18/25 [50:55<20:02, 171.75s/it]WARNING THIS INDIVIDUAL CAUSED AND EXCEPTION 
 <tpot2.search_spaces.pipelines.sequential.SequentialPipelineIndividual object at 0x1554742b8df0> 
 The 'criterion' parameter of RandomForestRegressor must be a str among {'friedman_mse', 'poisson', 'absolute_error', 'squared_error'}. Got 'mse' instead. 
 Traceback (most recent call last):
  File "/common/ketrong/tpotexp/tpot2/tpot2/utils/eval_utils.py", line 53, in objective_nan_wrapper
    value = func_timeout.func_timeout(timeout, objective_function, args=[individual], kwargs=objective_kwargs)
  File "/common/ketrong/tpotexp/env/lib/python3.10/site-packages/func_timeout/dafunc.py", line 108, in func_timeout
    raise_exception(exception)
  File "/common/ketrong/tpotexp/env/lib/python3.10/site-packages/func_timeout/py3_raise.py", line 7, in raise_exception
    raise exception[0] from None
  File "/common/ketrong/tpotexp/tpot2/tpot2/tpot_estimator/estimator.py", line 623, in objective_function
    return objective_function_generator(
  File "/common/ketrong/tpotexp/tpot2/tpot2/tpot_estimator/estimator_utils.py", line 55, in objective_function_generator
    cv_obj_scores = cross_val_score_objective(sklearn.base.clone(pipeline),x,y,scorers=scorers, cv=cv , fold=step)
  File "/common/ketrong/tpotexp/tpot2/tpot2/tpot_estimator/cross_val_utils.py", line 28, in cross_val_score_objective
    this_fold_pipeline.fit(X_train,y_train)
  File "/common/ketrong/tpotexp/env/lib/python3.10/site-packages/sklearn/base.py", line 1473, in wrapper
    return fit_method(estimator, *args, **kwargs)
  File "/common/ketrong/tpotexp/env/lib/python3.10/site-packages/sklearn/pipeline.py", line 473, in fit
    self._final_estimator.fit(Xt, y, **last_step_params["fit"])
  File "/common/ketrong/tpotexp/env/lib/python3.10/site-packages/sklearn/base.py", line 1466, in wrapper
    estimator._validate_params()
  File "/common/ketrong/tpotexp/env/lib/python3.10/site-packages/sklearn/base.py", line 666, in _validate_params
    validate_parameter_constraints(
  File "/common/ketrong/tpotexp/env/lib/python3.10/site-packages/sklearn/utils/_param_validation.py", line 95, in validate_parameter_constraints
    raise InvalidParameterError(
sklearn.utils._param_validation.InvalidParameterError: The 'criterion' parameter of RandomForestRegressor must be a str among {'friedman_mse', 'poisson', 'absolute_error', 'squared_error'}. Got 'mse' instead.

WARNING THIS INDIVIDUAL CAUSED AND EXCEPTION 
 <tpot2.search_spaces.pipelines.sequential.SequentialPipelineIndividual object at 0x155457533ac0> 
 The 'criterion' parameter of ExtraTreesRegressor must be a str among {'friedman_mse', 'poisson', 'absolute_error', 'squared_error'}. Got 'mae' instead. 
 Traceback (most recent call last):
  File "/common/ketrong/tpotexp/tpot2/tpot2/utils/eval_utils.py", line 53, in objective_nan_wrapper
    value = func_timeout.func_timeout(timeout, objective_function, args=[individual], kwargs=objective_kwargs)
  File "/common/ketrong/tpotexp/env/lib/python3.10/site-packages/func_timeout/dafunc.py", line 108, in func_timeout
    raise_exception(exception)
  File "/common/ketrong/tpotexp/env/lib/python3.10/site-packages/func_timeout/py3_raise.py", line 7, in raise_exception
    raise exception[0] from None
  File "/common/ketrong/tpotexp/tpot2/tpot2/tpot_estimator/estimator.py", line 623, in objective_function
    return objective_function_generator(
  File "/common/ketrong/tpotexp/tpot2/tpot2/tpot_estimator/estimator_utils.py", line 55, in objective_function_generator
    cv_obj_scores = cross_val_score_objective(sklearn.base.clone(pipeline),x,y,scorers=scorers, cv=cv , fold=step)
  File "/common/ketrong/tpotexp/tpot2/tpot2/tpot_estimator/cross_val_utils.py", line 28, in cross_val_score_objective
    this_fold_pipeline.fit(X_train,y_train)
  File "/common/ketrong/tpotexp/env/lib/python3.10/site-packages/sklearn/base.py", line 1473, in wrapper
    return fit_method(estimator, *args, **kwargs)
  File "/common/ketrong/tpotexp/env/lib/python3.10/site-packages/sklearn/pipeline.py", line 473, in fit
    self._final_estimator.fit(Xt, y, **last_step_params["fit"])
  File "/common/ketrong/tpotexp/env/lib/python3.10/site-packages/sklearn/base.py", line 1466, in wrapper
    estimator._validate_params()
  File "/common/ketrong/tpotexp/env/lib/python3.10/site-packages/sklearn/base.py", line 666, in _validate_params
    validate_parameter_constraints(
  File "/common/ketrong/tpotexp/env/lib/python3.10/site-packages/sklearn/utils/_param_validation.py", line 95, in validate_parameter_constraints
    raise InvalidParameterError(
sklearn.utils._param_validation.InvalidParameterError: The 'criterion' parameter of ExtraTreesRegressor must be a str among {'friedman_mse', 'poisson', 'absolute_error', 'squared_error'}. Got 'mae' instead.

Generation:  19
Best root_mean_squared_error score: -0.0015487132951070499
Generation:  76%|  | 19/25 [52:07<14:11, 141.91s/it]Generation:  20
Best root_mean_squared_error score: -0.0015487132951070499
Generation:  80%|  | 20/25 [52:28<08:47, 105.42s/it]Generation:  21
Best root_mean_squared_error score: -0.0015485192195480951
Generation:  84%| | 21/25 [53:49<06:32, 98.18s/it] Generation:  22
Best root_mean_squared_error score: -0.0015484433200275924
Generation:  88%| | 22/25 [54:03<03:38, 72.84s/it]Generation:  23
Best root_mean_squared_error score: -0.0015484433200275924
Generation:  92%|| 23/25 [54:28<01:57, 58.61s/it]Generation:  24
Best root_mean_squared_error score: -0.0015478047240704237
Generation:  96%|| 24/25 [56:30<01:17, 77.44s/it]WARNING THIS INDIVIDUAL CAUSED AND EXCEPTION 
 <tpot2.search_spaces.pipelines.sequential.SequentialPipelineIndividual object at 0x15545518b040> 
 The 'criterion' parameter of RandomForestRegressor must be a str among {'friedman_mse', 'poisson', 'absolute_error', 'squared_error'}. Got 'mae' instead. 
 Traceback (most recent call last):
  File "/common/ketrong/tpotexp/tpot2/tpot2/utils/eval_utils.py", line 53, in objective_nan_wrapper
    value = func_timeout.func_timeout(timeout, objective_function, args=[individual], kwargs=objective_kwargs)
  File "/common/ketrong/tpotexp/env/lib/python3.10/site-packages/func_timeout/dafunc.py", line 108, in func_timeout
    raise_exception(exception)
  File "/common/ketrong/tpotexp/env/lib/python3.10/site-packages/func_timeout/py3_raise.py", line 7, in raise_exception
    raise exception[0] from None
  File "/common/ketrong/tpotexp/tpot2/tpot2/tpot_estimator/estimator.py", line 623, in objective_function
    return objective_function_generator(
  File "/common/ketrong/tpotexp/tpot2/tpot2/tpot_estimator/estimator_utils.py", line 55, in objective_function_generator
    cv_obj_scores = cross_val_score_objective(sklearn.base.clone(pipeline),x,y,scorers=scorers, cv=cv , fold=step)
  File "/common/ketrong/tpotexp/tpot2/tpot2/tpot_estimator/cross_val_utils.py", line 28, in cross_val_score_objective
    this_fold_pipeline.fit(X_train,y_train)
  File "/common/ketrong/tpotexp/env/lib/python3.10/site-packages/sklearn/base.py", line 1473, in wrapper
    return fit_method(estimator, *args, **kwargs)
  File "/common/ketrong/tpotexp/env/lib/python3.10/site-packages/sklearn/pipeline.py", line 473, in fit
    self._final_estimator.fit(Xt, y, **last_step_params["fit"])
  File "/common/ketrong/tpotexp/env/lib/python3.10/site-packages/sklearn/base.py", line 1466, in wrapper
    estimator._validate_params()
  File "/common/ketrong/tpotexp/env/lib/python3.10/site-packages/sklearn/base.py", line 666, in _validate_params
    validate_parameter_constraints(
  File "/common/ketrong/tpotexp/env/lib/python3.10/site-packages/sklearn/utils/_param_validation.py", line 95, in validate_parameter_constraints
    raise InvalidParameterError(
sklearn.utils._param_validation.InvalidParameterError: The 'criterion' parameter of RandomForestRegressor must be a str among {'friedman_mse', 'poisson', 'absolute_error', 'squared_error'}. Got 'mae' instead.

Generation:  25
Best root_mean_squared_error score: -0.0015469411028548818
Generation: 100%|| 25/25 [57:07<00:00, 65.59s/it]Generation: 100%|| 25/25 [57:07<00:00, 137.12s/it]
2024-09-22 22:14:04,216 - distributed.scheduler - ERROR - Removing worker 'tcp://127.0.0.1:40901' caused the cluster to lose scattered data, which can't be recovered: {'DataFrame-714f7f5e492924a63bfed817b1cd3fa1', 'DataFrame-0244b2ec7fb6d944c672f83b223e0d98'} (stimulus_id='handle-worker-cleanup-1727068444.2160335')
Fitted
Pipeline(steps=[('knnimputer', KNNImputer(n_neighbors=19)),
                ('lgbmregressor',
                 LGBMRegressor(boosting_type='goss', max_depth=2,
                               n_estimators=96, n_jobs=1, num_leaves=120,
                               verbose=-1))])
transform worked
try transform
transform worked
score start
train score: {'explained_var': 0.5903084770411358, 'r2': 0.5903071578317561, 'rmse': 0.001521639433536695}
test score: {'explained_var': 0.5729208016794715, 'r2': 0.5729206888626175, 'rmse': 0.0015434802727073767}
original test score: {'explained_var': 0.6432897560085232, 'r2': 0.6432146274917848, 'rmse': 0.0014107509024848255}
score end
198
lvl
0.3
type
MAR
num_run
2
reg_full
finished
all finished
full run takes
8.164658348295424
hours
DONE
