Run: 19
/cm/local/apps/slurm/var/spool/job995778/slurm_script: line 26: 
pip install -e tpot2
pip install -r tpot2/ImputerExperiments/requirements_.txt
: No such file or directory
RunStart
srun: Job step aborted: Waiting up to 32 seconds for job step to finish.
slurmstepd: error: *** JOB 995778 ON esplhpc-cp001 CANCELLED AT 2024-10-10T11:23:12 ***
slurmstepd: error: *** STEP 995778.0 ON esplhpc-cp001 CANCELLED AT 2024-10-10T11:23:12 ***
