Run: 8
/cm/local/apps/slurm/var/spool/job985075/slurm_script: line 26: 
pip install -e tpot2
pip install -r tpot2/ImputerExperiments/requirements_.txt
: No such file or directory
RunStart
Version 0.1.7a0 of tpot2 is outdated. Version 0.1.8a0 was released Tuesday September 17, 2024.
starting loops
../data/r/1213/1213.pkl
Traceback (most recent call last):
  File "/common/ketrong/tpotexp/env/lib/python3.10/site-packages/openml/datasets/dataset.py", line 542, in _cache_compressed_file_from_file
    data = pd.read_parquet(data_file)
  File "/common/ketrong/tpotexp/env/lib/python3.10/site-packages/pandas/io/parquet.py", line 667, in read_parquet
    return impl.read(
  File "/common/ketrong/tpotexp/env/lib/python3.10/site-packages/pandas/io/parquet.py", line 274, in read
    pa_table = self.api.parquet.read_table(
  File "/common/ketrong/tpotexp/env/lib/python3.10/site-packages/pyarrow/parquet/core.py", line 1793, in read_table
    dataset = ParquetDataset(
  File "/common/ketrong/tpotexp/env/lib/python3.10/site-packages/pyarrow/parquet/core.py", line 1360, in __init__
    [fragment], schema=schema or fragment.physical_schema,
  File "pyarrow/_dataset.pyx", line 1431, in pyarrow._dataset.Fragment.physical_schema.__get__
  File "pyarrow/error.pxi", line 155, in pyarrow.lib.pyarrow_internal_check_status
  File "pyarrow/error.pxi", line 92, in pyarrow.lib.check_status
pyarrow.lib.ArrowInvalid: Could not open Parquet input source '<Buffer>': Parquet file size is 0 bytes

The above exception was the direct cause of the following exception:

Traceback (most recent call last):
  File "/common/ketrong/tpotexp/tpot2/ImputerExperiments/Locally_run_code/main4.py", line 166, in <module>
    main()
  File "/common/ketrong/tpotexp/tpot2/ImputerExperiments/Locally_run_code/main4.py", line 155, in main
    utils.loop_through_tasks(reg_experiments, regression_id_list, 
  File "/common/ketrong/tpotexp/tpot2/ImputerExperiments/Locally_run_code/utils.py", line 143, in loop_through_tasks
    X_train, y_train, X_test, y_test = load_task(base_save_folder=save_folder, task_id=taskid, r_or_c= r_or_c)
  File "/common/ketrong/tpotexp/tpot2/ImputerExperiments/Locally_run_code/utils.py", line 86, in load_task
    X, y, _, _  = task.get_data(dataset_format="dataframe")
  File "/common/ketrong/tpotexp/env/lib/python3.10/site-packages/openml/datasets/dataset.py", line 793, in get_data
    data, categorical, attribute_names = self._load_data()
  File "/common/ketrong/tpotexp/env/lib/python3.10/site-packages/openml/datasets/dataset.py", line 586, in _load_data
    return self._cache_compressed_file_from_file(Path(file_to_load))
  File "/common/ketrong/tpotexp/env/lib/python3.10/site-packages/openml/datasets/dataset.py", line 544, in _cache_compressed_file_from_file
    raise Exception(f"File: {data_file}") from e
Exception: File: /home/ketrong/.cache/openml/org/openml/www/datasets/1213/dataset_1213.pq
srun: error: esplhpc-cp004: task 0: Exited with exit code 1
