Run: 30
/cm/local/apps/slurm/var/spool/job967804/slurm_script: line 26: 
pip install -e tpot2
pip install -r tpot2/ImputerExperiments/requirements_.txt
: No such file or directory
RunStart
Version 0.1.7a0 of tpot2 is outdated. Version 0.1.8a0 was released 4 days ago.
starting loops
../data/r/198/198.pkl
working on 
../data/r/198/reg_full_MAR_0.1_2
4.262805700302124
running experiment 1/3 - Does large hyperparameter space improve reconstruction accuracy over simple
[I 2024-09-22 14:00:47,067] A new study created in memory with name: no-name-d8062267-6960-46b5-8dff-caeb0f0fee8f
running
running
running
running
running
running
running
running
running
running
running
running
running
running
running
running
[I 2024-09-22 14:00:47,320] Trial 10 finished with value: 0.14619826484167509 and parameters: {'model_name': 'SimpleImputer', 'strategy': 'mean'}. Best is trial 10 with value: 0.14619826484167509.
running
[I 2024-09-22 14:00:47,509] Trial 13 finished with value: 0.14619826484167509 and parameters: {'model_name': 'SimpleImputer', 'strategy': 'mean'}. Best is trial 10 with value: 0.14619826484167509.
running
[I 2024-09-22 14:00:48,833] Trial 3 finished with value: 0.14494284008159058 and parameters: {'model_name': 'KNNImputer', 'n_neighbors': 5079, 'weights': 'uniform'}. Best is trial 3 with value: 0.14494284008159058.
running
[I 2024-09-22 14:00:49,124] Trial 2 finished with value: 0.1442405950573189 and parameters: {'model_name': 'KNNImputer', 'n_neighbors': 3941, 'weights': 'uniform'}. Best is trial 2 with value: 0.1442405950573189.
running
[I 2024-09-22 14:00:49,298] Trial 4 finished with value: 0.14513318070137768 and parameters: {'model_name': 'KNNImputer', 'n_neighbors': 5219, 'weights': 'uniform'}. Best is trial 2 with value: 0.1442405950573189.
running
[I 2024-09-22 14:00:49,471] Trial 8 finished with value: 0.14426101955357523 and parameters: {'model_name': 'KNNImputer', 'n_neighbors': 3963, 'weights': 'uniform'}. Best is trial 2 with value: 0.1442405950573189.
running
[I 2024-09-22 14:00:49,741] Trial 12 finished with value: 0.1427251969154058 and parameters: {'model_name': 'KNNImputer', 'n_neighbors': 3723, 'weights': 'distance'}. Best is trial 12 with value: 0.1427251969154058.
running
[I 2024-09-22 14:00:52,011] Trial 19 finished with value: 0.14139003678318696 and parameters: {'model_name': 'IterativeImputer', 'estimator': 'Ridge', 'initial_strategy': 'mean', 'n_nearest_features': 4, 'imputation_order': 'random'}. Best is trial 19 with value: 0.14139003678318696.
running
[I 2024-09-22 14:00:52,598] Trial 15 finished with value: 0.4321919334121963 and parameters: {'model_name': 'GAIN', 'batch_size': 71, 'hint_rate': 0.01440161721244141, 'alpha': 53, 'iterations': 1, 'learning_rate': 0.0006430163355588134, 'p_miss': 0.23996325606298394}. Best is trial 19 with value: 0.14139003678318696.
running
[I 2024-09-22 14:00:53,035] Trial 21 finished with value: 0.4384657974363737 and parameters: {'model_name': 'GAIN', 'batch_size': 346, 'hint_rate': 0.4492106255989509, 'alpha': 51, 'iterations': 1, 'learning_rate': 0.004544296146941984, 'p_miss': 0.185540565612022}. Best is trial 19 with value: 0.14139003678318696.
running
[I 2024-09-22 14:00:53,491] Trial 23 finished with value: 0.14619826484167506 and parameters: {'model_name': 'KNNImputer', 'n_neighbors': 7280, 'weights': 'uniform'}. Best is trial 19 with value: 0.14139003678318696.
running
[I 2024-09-22 14:00:53,907] Trial 0 finished with value: 0.4347106261257201 and parameters: {'model_name': 'GAIN', 'batch_size': 56, 'hint_rate': 0.32349808457698465, 'alpha': 97, 'iterations': 2, 'learning_rate': 0.0020830945576409505, 'p_miss': 0.20813955720468455}. Best is trial 19 with value: 0.14139003678318696.
running
[I 2024-09-22 14:00:55,354] Trial 16 finished with value: 0.15483617982183245 and parameters: {'model_name': 'IterativeImputer', 'estimator': 'KNN', 'initial_strategy': 'constant', 'n_nearest_features': 3, 'imputation_order': 'random'}. Best is trial 19 with value: 0.14139003678318696.
running
[I 2024-09-22 14:00:57,866] Trial 7 finished with value: 0.17955030388795395 and parameters: {'model_name': 'VAE', 'batch_size': 3, 'iterations': 6, 'learning_rate': 0.05271362797763782, 'p_miss': 0.10968999267696877}. Best is trial 19 with value: 0.14139003678318696.
running
[I 2024-09-22 14:01:00,183] Trial 24 finished with value: 0.15130646664065436 and parameters: {'model_name': 'VAE', 'batch_size': 258, 'iterations': 1, 'learning_rate': 0.010746167649295684, 'p_miss': 0.041830345854053944}. Best is trial 19 with value: 0.14139003678318696.
running
[I 2024-09-22 14:01:02,383] Trial 5 finished with value: 0.16517135401106986 and parameters: {'model_name': 'VAE', 'batch_size': 3, 'iterations': 12, 'learning_rate': 0.0009533306510808782, 'p_miss': 0.2332807593301065}. Best is trial 19 with value: 0.14139003678318696.
running
[I 2024-09-22 14:01:02,885] Trial 29 finished with value: 0.14062023073202864 and parameters: {'model_name': 'IterativeImputer', 'estimator': 'Ridge', 'initial_strategy': 'mean', 'n_nearest_features': 6, 'imputation_order': 'random'}. Best is trial 29 with value: 0.14062023073202864.
running
[I 2024-09-22 14:01:05,002] Trial 26 finished with value: 0.14139003678318696 and parameters: {'model_name': 'IterativeImputer', 'estimator': 'Ridge', 'initial_strategy': 'mean', 'n_nearest_features': 4, 'imputation_order': 'random'}. Best is trial 29 with value: 0.14062023073202864.
running
[I 2024-09-22 14:01:05,910] Trial 27 finished with value: 0.14139003678318696 and parameters: {'model_name': 'IterativeImputer', 'estimator': 'Ridge', 'initial_strategy': 'mean', 'n_nearest_features': 4, 'imputation_order': 'random'}. Best is trial 29 with value: 0.14062023073202864.
running
[I 2024-09-22 14:01:06,116] Trial 25 finished with value: 0.14139003678318696 and parameters: {'model_name': 'IterativeImputer', 'estimator': 'Ridge', 'initial_strategy': 'mean', 'n_nearest_features': 4, 'imputation_order': 'random'}. Best is trial 29 with value: 0.14062023073202864.
running
[I 2024-09-22 14:01:06,551] Trial 17 finished with value: 0.15540458571278665 and parameters: {'model_name': 'VAE', 'batch_size': 367, 'iterations': 3, 'learning_rate': 0.008690645318739764, 'p_miss': 0.06815392505833505}. Best is trial 29 with value: 0.14062023073202864.
running
[I 2024-09-22 14:01:06,872] Trial 31 finished with value: 0.14062022834226715 and parameters: {'model_name': 'IterativeImputer', 'estimator': 'Ridge', 'initial_strategy': 'mean', 'n_nearest_features': 6, 'imputation_order': 'ascending'}. Best is trial 31 with value: 0.14062022834226715.
running
[I 2024-09-22 14:01:07,265] Trial 30 finished with value: 0.14062023073202864 and parameters: {'model_name': 'IterativeImputer', 'estimator': 'Ridge', 'initial_strategy': 'mean', 'n_nearest_features': 6, 'imputation_order': 'random'}. Best is trial 31 with value: 0.14062022834226715.
running
[I 2024-09-22 14:01:08,625] Trial 32 finished with value: 0.14062023073202864 and parameters: {'model_name': 'IterativeImputer', 'estimator': 'Ridge', 'initial_strategy': 'mean', 'n_nearest_features': 6, 'imputation_order': 'random'}. Best is trial 31 with value: 0.14062022834226715.
running
[I 2024-09-22 14:01:09,393] Trial 34 finished with value: 0.140620263744059 and parameters: {'model_name': 'IterativeImputer', 'estimator': 'Ridge', 'initial_strategy': 'mean', 'n_nearest_features': 6, 'imputation_order': 'arabic'}. Best is trial 31 with value: 0.14062022834226715.
running
[I 2024-09-22 14:01:09,925] Trial 36 finished with value: 0.1406202014517097 and parameters: {'model_name': 'IterativeImputer', 'estimator': 'Ridge', 'initial_strategy': 'mean', 'n_nearest_features': 6, 'imputation_order': 'roman'}. Best is trial 36 with value: 0.1406202014517097.
running
[I 2024-09-22 14:01:10,559] Trial 33 finished with value: 0.14062023073202864 and parameters: {'model_name': 'IterativeImputer', 'estimator': 'Ridge', 'initial_strategy': 'mean', 'n_nearest_features': 6, 'imputation_order': 'random'}. Best is trial 36 with value: 0.1406202014517097.
running
[I 2024-09-22 14:01:16,390] Trial 37 finished with value: 0.14059982842517618 and parameters: {'model_name': 'IterativeImputer', 'estimator': 'Bayesian', 'initial_strategy': 'median', 'n_nearest_features': 6, 'imputation_order': 'ascending', 'sample_posterior': False}. Best is trial 37 with value: 0.14059982842517618.
running
[I 2024-09-22 14:01:18,057] Trial 6 finished with value: 0.4264122135296683 and parameters: {'model_name': 'GAIN', 'batch_size': 3, 'hint_rate': 0.09776067721871251, 'alpha': 19, 'iterations': 55, 'learning_rate': 0.001342569243174634, 'p_miss': 0.2850755896997536}. Best is trial 37 with value: 0.14059982842517618.
running
[I 2024-09-22 14:01:18,716] Trial 44 finished with value: 0.16122223238457925 and parameters: {'model_name': 'SimpleImputer', 'strategy': 'most_frequent'}. Best is trial 37 with value: 0.14059982842517618.
running
[I 2024-09-22 14:01:19,289] Trial 20 finished with value: 0.44705664030914766 and parameters: {'model_name': 'GAIN', 'batch_size': 772, 'hint_rate': 0.34567324697966745, 'alpha': 86, 'iterations': 39, 'learning_rate': 0.07529820188737882, 'p_miss': 0.2787883812475995}. Best is trial 37 with value: 0.14059982842517618.
running
[I 2024-09-22 14:01:21,568] Trial 1 finished with value: inf and parameters: {'model_name': 'GAIN', 'batch_size': 14, 'hint_rate': 0.5352770803472088, 'alpha': 7, 'iterations': 314, 'learning_rate': 0.01901425528219924, 'p_miss': 0.026706847474750328}. Best is trial 37 with value: 0.14059982842517618.
running
[I 2024-09-22 14:01:23,033] Trial 43 finished with value: 0.14453211350014464 and parameters: {'model_name': 'IterativeImputer', 'estimator': 'Bayesian', 'initial_strategy': 'median', 'n_nearest_features': 1, 'imputation_order': 'ascending', 'sample_posterior': False}. Best is trial 37 with value: 0.14059982842517618.
running
[I 2024-09-22 14:01:25,290] Trial 45 finished with value: 0.14453211350014464 and parameters: {'model_name': 'IterativeImputer', 'estimator': 'Bayesian', 'initial_strategy': 'median', 'n_nearest_features': 1, 'imputation_order': 'ascending', 'sample_posterior': False}. Best is trial 37 with value: 0.14059982842517618.
running
[I 2024-09-22 14:01:28,189] Trial 46 finished with value: 0.14059982842517618 and parameters: {'model_name': 'IterativeImputer', 'estimator': 'Bayesian', 'initial_strategy': 'median', 'n_nearest_features': 5, 'imputation_order': 'ascending', 'sample_posterior': False}. Best is trial 37 with value: 0.14059982842517618.
running
[I 2024-09-22 14:01:29,596] Trial 47 finished with value: 0.14059982842517618 and parameters: {'model_name': 'IterativeImputer', 'estimator': 'Bayesian', 'initial_strategy': 'median', 'n_nearest_features': 5, 'imputation_order': 'ascending', 'sample_posterior': False}. Best is trial 37 with value: 0.14059982842517618.
running
[I 2024-09-22 14:01:34,626] Trial 35 finished with value: 0.21395917510123344 and parameters: {'model_name': 'IterativeImputer', 'estimator': 'Bayesian', 'initial_strategy': 'most_frequent', 'n_nearest_features': 6, 'imputation_order': 'roman', 'sample_posterior': True}. Best is trial 37 with value: 0.14059982842517618.
running
[I 2024-09-22 14:01:37,985] Trial 41 finished with value: 0.2139640947126107 and parameters: {'model_name': 'IterativeImputer', 'estimator': 'Bayesian', 'initial_strategy': 'most_frequent', 'n_nearest_features': 6, 'imputation_order': 'ascending', 'sample_posterior': True}. Best is trial 37 with value: 0.14059982842517618.
running
[I 2024-09-22 14:01:40,225] Trial 51 finished with value: 0.14059978077164662 and parameters: {'model_name': 'IterativeImputer', 'estimator': 'Bayesian', 'initial_strategy': 'median', 'n_nearest_features': 5, 'imputation_order': 'roman', 'sample_posterior': False}. Best is trial 51 with value: 0.14059978077164662.
running
[I 2024-09-22 14:01:43,670] Trial 9 finished with value: 0.4594021281741991 and parameters: {'model_name': 'GAIN', 'batch_size': 483, 'hint_rate': 0.6907489530193534, 'alpha': 55, 'iterations': 74, 'learning_rate': 0.09089126649845586, 'p_miss': 0.11922774448568413}. Best is trial 51 with value: 0.14059978077164662.
running
[I 2024-09-22 14:01:53,633] Trial 54 finished with value: 0.14059982842517618 and parameters: {'model_name': 'IterativeImputer', 'estimator': 'Bayesian', 'initial_strategy': 'median', 'n_nearest_features': 5, 'imputation_order': 'ascending', 'sample_posterior': False}. Best is trial 51 with value: 0.14059978077164662.
running
[I 2024-09-22 14:01:59,746] Trial 48 finished with value: 0.21643394997014842 and parameters: {'model_name': 'IterativeImputer', 'estimator': 'Bayesian', 'initial_strategy': 'median', 'n_nearest_features': 5, 'imputation_order': 'roman', 'sample_posterior': True}. Best is trial 51 with value: 0.14059978077164662.
running
[I 2024-09-22 14:02:10,073] Trial 56 finished with value: 0.1405998184879361 and parameters: {'model_name': 'IterativeImputer', 'estimator': 'Bayesian', 'initial_strategy': 'median', 'n_nearest_features': 5, 'imputation_order': 'descending', 'sample_posterior': False}. Best is trial 51 with value: 0.14059978077164662.
running
[I 2024-09-22 14:04:08,113] Trial 11 finished with value: 0.15435407750502858 and parameters: {'model_name': 'VAE', 'batch_size': 350, 'iterations': 56, 'learning_rate': 0.0006704211860514881, 'p_miss': 0.08648055822974014}. Best is trial 51 with value: 0.14059978077164662.
running
[I 2024-09-22 14:09:01,795] Trial 42 finished with value: 0.14558976451083955 and parameters: {'model_name': 'IterativeImputer', 'estimator': 'RFR', 'initial_strategy': 'most_frequent', 'n_nearest_features': 1, 'imputation_order': 'roman'}. Best is trial 51 with value: 0.14059978077164662.
running
[I 2024-09-22 14:09:02,405] Trial 60 finished with value: 0.14773052105679557 and parameters: {'model_name': 'SimpleImputer', 'strategy': 'median'}. Best is trial 51 with value: 0.14059978077164662.
running
[I 2024-09-22 14:09:19,572] Trial 61 finished with value: 0.1405998184879361 and parameters: {'model_name': 'IterativeImputer', 'estimator': 'Bayesian', 'initial_strategy': 'median', 'n_nearest_features': 5, 'imputation_order': 'descending', 'sample_posterior': False}. Best is trial 51 with value: 0.14059978077164662.
running
[I 2024-09-22 14:09:22,074] Trial 62 finished with value: 0.1335557902811525 and parameters: {'model_name': 'KNNImputer', 'n_neighbors': 192, 'weights': 'distance'}. Best is trial 62 with value: 0.1335557902811525.
running
[I 2024-09-22 14:09:24,440] Trial 63 finished with value: 0.13367998788772692 and parameters: {'model_name': 'KNNImputer', 'n_neighbors': 27, 'weights': 'distance'}. Best is trial 62 with value: 0.1335557902811525.
running
[I 2024-09-22 14:09:26,554] Trial 64 finished with value: 0.1334681000781387 and parameters: {'model_name': 'KNNImputer', 'n_neighbors': 156, 'weights': 'distance'}. Best is trial 64 with value: 0.1334681000781387.
running
[I 2024-09-22 14:09:28,865] Trial 65 finished with value: 0.1329370319165958 and parameters: {'model_name': 'KNNImputer', 'n_neighbors': 86, 'weights': 'distance'}. Best is trial 65 with value: 0.1329370319165958.
running
[I 2024-09-22 14:09:31,070] Trial 66 finished with value: 0.13362033403831639 and parameters: {'model_name': 'KNNImputer', 'n_neighbors': 29, 'weights': 'distance'}. Best is trial 65 with value: 0.1329370319165958.
running
[I 2024-09-22 14:09:32,976] Trial 67 finished with value: 0.18947102675564276 and parameters: {'model_name': 'KNNImputer', 'n_neighbors': 1, 'weights': 'distance'}. Best is trial 65 with value: 0.1329370319165958.
running
[I 2024-09-22 14:09:35,351] Trial 68 finished with value: 0.1336189696557892 and parameters: {'model_name': 'KNNImputer', 'n_neighbors': 30, 'weights': 'distance'}. Best is trial 65 with value: 0.1329370319165958.
running
[I 2024-09-22 14:09:37,422] Trial 69 finished with value: 0.1357860040555897 and parameters: {'model_name': 'KNNImputer', 'n_neighbors': 14, 'weights': 'distance'}. Best is trial 65 with value: 0.1329370319165958.
running
[I 2024-09-22 14:09:40,218] Trial 70 finished with value: 0.13756183089519852 and parameters: {'model_name': 'KNNImputer', 'n_neighbors': 775, 'weights': 'distance'}. Best is trial 65 with value: 0.1329370319165958.
running
[I 2024-09-22 14:09:43,103] Trial 71 finished with value: 0.13882493229285398 and parameters: {'model_name': 'KNNImputer', 'n_neighbors': 1164, 'weights': 'distance'}. Best is trial 65 with value: 0.1329370319165958.
running
[I 2024-09-22 14:09:45,736] Trial 72 finished with value: 0.13850706500582075 and parameters: {'model_name': 'KNNImputer', 'n_neighbors': 1073, 'weights': 'distance'}. Best is trial 65 with value: 0.1329370319165958.
running
[I 2024-09-22 14:09:47,557] Trial 73 finished with value: 0.1431613573092258 and parameters: {'model_name': 'KNNImputer', 'n_neighbors': 6, 'weights': 'distance'}. Best is trial 65 with value: 0.1329370319165958.
running
[I 2024-09-22 14:09:50,150] Trial 74 finished with value: 0.1383675364909809 and parameters: {'model_name': 'KNNImputer', 'n_neighbors': 1008, 'weights': 'distance'}. Best is trial 65 with value: 0.1329370319165958.
running
[I 2024-09-22 14:09:52,967] Trial 75 finished with value: 0.1362816755786155 and parameters: {'model_name': 'KNNImputer', 'n_neighbors': 529, 'weights': 'distance'}. Best is trial 65 with value: 0.1329370319165958.
running
[I 2024-09-22 14:09:55,021] Trial 76 finished with value: 0.1331131060381881 and parameters: {'model_name': 'KNNImputer', 'n_neighbors': 42, 'weights': 'distance'}. Best is trial 65 with value: 0.1329370319165958.
running
[I 2024-09-22 14:09:57,114] Trial 77 finished with value: 0.13314023639463898 and parameters: {'model_name': 'KNNImputer', 'n_neighbors': 52, 'weights': 'distance'}. Best is trial 65 with value: 0.1329370319165958.
running
[I 2024-09-22 14:09:59,968] Trial 78 finished with value: 0.13947146687882278 and parameters: {'model_name': 'KNNImputer', 'n_neighbors': 1399, 'weights': 'distance'}. Best is trial 65 with value: 0.1329370319165958.
running
[I 2024-09-22 14:10:02,716] Trial 79 finished with value: 0.14079651423236644 and parameters: {'model_name': 'KNNImputer', 'n_neighbors': 2027, 'weights': 'distance'}. Best is trial 65 with value: 0.1329370319165958.
running
[I 2024-09-22 14:10:05,211] Trial 80 finished with value: 0.13586918588655644 and parameters: {'model_name': 'KNNImputer', 'n_neighbors': 456, 'weights': 'distance'}. Best is trial 65 with value: 0.1329370319165958.
running
[I 2024-09-22 14:10:07,760] Trial 81 finished with value: 0.1362472024348363 and parameters: {'model_name': 'KNNImputer', 'n_neighbors': 518, 'weights': 'distance'}. Best is trial 65 with value: 0.1329370319165958.
running
[I 2024-09-22 14:10:10,833] Trial 82 finished with value: 0.14053733342234453 and parameters: {'model_name': 'KNNImputer', 'n_neighbors': 1883, 'weights': 'distance'}. Best is trial 65 with value: 0.1329370319165958.
running
[I 2024-09-22 14:10:13,468] Trial 83 finished with value: 0.13611126798380355 and parameters: {'model_name': 'KNNImputer', 'n_neighbors': 498, 'weights': 'distance'}. Best is trial 65 with value: 0.1329370319165958.
running
[I 2024-09-22 14:10:15,611] Trial 84 finished with value: 0.13614606994140555 and parameters: {'model_name': 'KNNImputer', 'n_neighbors': 13, 'weights': 'distance'}. Best is trial 65 with value: 0.1329370319165958.
running
[I 2024-09-22 14:16:45,297] Trial 40 finished with value: 0.13768597850715553 and parameters: {'model_name': 'IterativeImputer', 'estimator': 'RFR', 'initial_strategy': 'median', 'n_nearest_features': 6, 'imputation_order': 'ascending'}. Best is trial 65 with value: 0.1329370319165958.
running
[I 2024-09-22 14:16:46,705] Trial 38 finished with value: 0.13850774871117222 and parameters: {'model_name': 'IterativeImputer', 'estimator': 'RFR', 'initial_strategy': 'most_frequent', 'n_nearest_features': 6, 'imputation_order': 'ascending'}. Best is trial 65 with value: 0.1329370319165958.
running
[I 2024-09-22 14:16:47,469] Trial 86 finished with value: 0.15170615502278587 and parameters: {'model_name': 'KNNImputer', 'n_neighbors': 3, 'weights': 'distance'}. Best is trial 65 with value: 0.1329370319165958.
running
[I 2024-09-22 14:16:48,816] Trial 49 finished with value: 0.13848776176313682 and parameters: {'model_name': 'IterativeImputer', 'estimator': 'RFR', 'initial_strategy': 'most_frequent', 'n_nearest_features': 5, 'imputation_order': 'roman'}. Best is trial 65 with value: 0.1329370319165958.
running
[I 2024-09-22 14:16:49,482] Trial 87 finished with value: 0.1413712576986866 and parameters: {'model_name': 'KNNImputer', 'n_neighbors': 7, 'weights': 'distance'}. Best is trial 65 with value: 0.1329370319165958.
running
[I 2024-09-22 14:16:50,649] Trial 88 finished with value: 0.13649181441221073 and parameters: {'model_name': 'KNNImputer', 'n_neighbors': 569, 'weights': 'distance'}. Best is trial 65 with value: 0.1329370319165958.
running
[I 2024-09-22 14:16:51,725] Trial 89 finished with value: 0.13617741292936233 and parameters: {'model_name': 'KNNImputer', 'n_neighbors': 507, 'weights': 'distance'}. Best is trial 65 with value: 0.1329370319165958.
running
[I 2024-09-22 14:17:07,911] Trial 57 finished with value: 0.13780024671554286 and parameters: {'model_name': 'IterativeImputer', 'estimator': 'RFR', 'initial_strategy': 'median', 'n_nearest_features': 5, 'imputation_order': 'descending'}. Best is trial 65 with value: 0.1329370319165958.
running
[I 2024-09-22 14:17:11,377] Trial 55 finished with value: 0.1386089351652657 and parameters: {'model_name': 'IterativeImputer', 'estimator': 'RFR', 'initial_strategy': 'median', 'n_nearest_features': 5, 'imputation_order': 'descending'}. Best is trial 65 with value: 0.1329370319165958.
running
[I 2024-09-22 14:17:13,735] Trial 50 finished with value: 0.13848862065278372 and parameters: {'model_name': 'IterativeImputer', 'estimator': 'RFR', 'initial_strategy': 'median', 'n_nearest_features': 5, 'imputation_order': 'roman'}. Best is trial 65 with value: 0.1329370319165958.
running
[I 2024-09-22 14:17:32,287] Trial 58 finished with value: 0.13765230894162703 and parameters: {'model_name': 'IterativeImputer', 'estimator': 'RFR', 'initial_strategy': 'median', 'n_nearest_features': 5, 'imputation_order': 'descending'}. Best is trial 65 with value: 0.1329370319165958.
running
[I 2024-09-22 14:17:36,404] Trial 39 finished with value: 0.13837127994208637 and parameters: {'model_name': 'IterativeImputer', 'estimator': 'RFR', 'initial_strategy': 'most_frequent', 'n_nearest_features': 6, 'imputation_order': 'ascending'}. Best is trial 65 with value: 0.1329370319165958.
running
[I 2024-09-22 14:17:54,604] Trial 53 finished with value: 0.13915338375351669 and parameters: {'model_name': 'IterativeImputer', 'estimator': 'RFR', 'initial_strategy': 'median', 'n_nearest_features': 5, 'imputation_order': 'descending'}. Best is trial 65 with value: 0.1329370319165958.
running
[I 2024-09-22 14:17:59,242] Trial 52 finished with value: 0.13842783802674244 and parameters: {'model_name': 'IterativeImputer', 'estimator': 'RFR', 'initial_strategy': 'median', 'n_nearest_features': 5, 'imputation_order': 'descending'}. Best is trial 65 with value: 0.1329370319165958.
running
[I 2024-09-22 14:19:55,630] Trial 59 finished with value: 0.13744597097006714 and parameters: {'model_name': 'IterativeImputer', 'estimator': 'RFR', 'initial_strategy': 'median', 'n_nearest_features': 5, 'imputation_order': 'descending'}. Best is trial 65 with value: 0.1329370319165958.
running
[I 2024-09-22 14:21:59,079] Trial 18 finished with value: inf and parameters: {'model_name': 'GAIN', 'batch_size': 1, 'hint_rate': 0.6329341008851331, 'alpha': 23, 'iterations': 4883, 'learning_rate': 0.017828653246814288, 'p_miss': 0.29768167436305465}. Best is trial 65 with value: 0.1329370319165958.
running
[I 2024-09-22 14:23:04,567] Trial 22 finished with value: 0.16945068407200028 and parameters: {'model_name': 'VAE', 'batch_size': 5, 'iterations': 513, 'learning_rate': 0.0006896219467062248, 'p_miss': 0.2302539285458565}. Best is trial 65 with value: 0.1329370319165958.
running
[I 2024-09-22 14:23:05,963] Trial 102 finished with value: 0.1331877214281566 and parameters: {'model_name': 'KNNImputer', 'n_neighbors': 119, 'weights': 'distance'}. Best is trial 65 with value: 0.1329370319165958.
running
[I 2024-09-22 14:23:07,055] Trial 103 finished with value: 0.13606026023082934 and parameters: {'model_name': 'KNNImputer', 'n_neighbors': 487, 'weights': 'distance'}. Best is trial 65 with value: 0.1329370319165958.
running
[I 2024-09-22 14:49:06,779] Trial 95 finished with value: inf and parameters: {'model_name': 'GAIN', 'batch_size': 1, 'hint_rate': 0.9833018664218405, 'alpha': 27, 'iterations': 6374, 'learning_rate': 0.0001250387773377365, 'p_miss': 0.13686194677168084}. Best is trial 65 with value: 0.1329370319165958.
running
[I 2024-09-22 15:37:03,579] Trial 105 finished with value: 0.15590787507601317 and parameters: {'model_name': 'VAE', 'batch_size': 84, 'iterations': 971, 'learning_rate': 0.00012584687653073858, 'p_miss': 0.1650312295431966}. Best is trial 65 with value: 0.1329370319165958.
running
[I 2024-09-22 15:37:04,806] Trial 106 finished with value: 0.14029912647109813 and parameters: {'model_name': 'KNNImputer', 'n_neighbors': 8, 'weights': 'distance'}. Best is trial 65 with value: 0.1329370319165958.
running
[I 2024-09-22 15:37:05,855] Trial 107 finished with value: 0.13441012934531515 and parameters: {'model_name': 'KNNImputer', 'n_neighbors': 20, 'weights': 'distance'}. Best is trial 65 with value: 0.1329370319165958.
running
[I 2024-09-22 15:37:07,125] Trial 108 finished with value: 0.1356068815992729 and parameters: {'model_name': 'KNNImputer', 'n_neighbors': 419, 'weights': 'distance'}. Best is trial 65 with value: 0.1329370319165958.
running
[I 2024-09-22 15:37:09,010] Trial 109 finished with value: 0.13550448944361712 and parameters: {'model_name': 'KNNImputer', 'n_neighbors': 401, 'weights': 'distance'}. Best is trial 65 with value: 0.1329370319165958.
running
[I 2024-09-22 15:37:10,467] Trial 110 finished with value: 0.13789915315384535 and parameters: {'model_name': 'KNNImputer', 'n_neighbors': 869, 'weights': 'distance'}. Best is trial 65 with value: 0.1329370319165958.
running
[I 2024-09-22 15:37:12,195] Trial 111 finished with value: 0.13476523392133072 and parameters: {'model_name': 'KNNImputer', 'n_neighbors': 317, 'weights': 'distance'}. Best is trial 65 with value: 0.1329370319165958.
running
[I 2024-09-22 15:37:13,586] Trial 112 finished with value: 0.13455286402643168 and parameters: {'model_name': 'KNNImputer', 'n_neighbors': 289, 'weights': 'distance'}. Best is trial 65 with value: 0.1329370319165958.
running
[I 2024-09-22 15:37:13,963] Trial 113 finished with value: 0.5323254434018504 and parameters: {'model_name': 'SimpleImputer', 'strategy': 'constant'}. Best is trial 65 with value: 0.1329370319165958.
running
[I 2024-09-22 15:37:15,056] Trial 114 finished with value: 0.13858341372698807 and parameters: {'model_name': 'KNNImputer', 'n_neighbors': 839, 'weights': 'uniform'}. Best is trial 65 with value: 0.1329370319165958.
running
[I 2024-09-22 15:37:16,320] Trial 115 finished with value: 0.13429416804519773 and parameters: {'model_name': 'KNNImputer', 'n_neighbors': 256, 'weights': 'distance'}. Best is trial 65 with value: 0.1329370319165958.
running
[I 2024-09-22 15:37:17,921] Trial 116 finished with value: 0.13418444739236776 and parameters: {'model_name': 'KNNImputer', 'n_neighbors': 241, 'weights': 'distance'}. Best is trial 65 with value: 0.1329370319165958.
running
[I 2024-09-22 15:37:18,961] Trial 117 finished with value: 0.1349984106853763 and parameters: {'model_name': 'KNNImputer', 'n_neighbors': 348, 'weights': 'distance'}. Best is trial 65 with value: 0.1329370319165958.
running
[I 2024-09-22 15:37:20,205] Trial 118 finished with value: 0.13427923915205167 and parameters: {'model_name': 'KNNImputer', 'n_neighbors': 249, 'weights': 'distance'}. Best is trial 65 with value: 0.1329370319165958.
running
[I 2024-09-22 15:37:21,653] Trial 119 finished with value: 0.14323393410667057 and parameters: {'model_name': 'KNNImputer', 'n_neighbors': 2984, 'weights': 'uniform'}. Best is trial 65 with value: 0.1329370319165958.
running
[I 2024-09-22 16:44:24,902] Trial 98 finished with value: 0.2005937758755755 and parameters: {'model_name': 'VAE', 'batch_size': 1, 'iterations': 3208, 'learning_rate': 0.0001067352948925705, 'p_miss': 0.15863313206696744}. Best is trial 65 with value: 0.1329370319165958.
running
[I 2024-09-22 16:44:26,325] Trial 121 finished with value: 0.1377222665555645 and parameters: {'model_name': 'KNNImputer', 'n_neighbors': 822, 'weights': 'distance'}. Best is trial 65 with value: 0.1329370319165958.
running
[I 2024-09-22 16:49:30,910] Trial 122 finished with value: 0.4429934987201821 and parameters: {'model_name': 'GAIN', 'batch_size': 23, 'hint_rate': 0.9384417185008205, 'alpha': 75, 'iterations': 198, 'learning_rate': 0.0003916025809213916, 'p_miss': 0.05613637783542148}. Best is trial 65 with value: 0.1329370319165958.
running
[I 2024-09-22 16:49:33,195] Trial 123 finished with value: 0.14438820119167453 and parameters: {'model_name': 'KNNImputer', 'n_neighbors': 6315, 'weights': 'distance'}. Best is trial 65 with value: 0.1329370319165958.
running
[I 2024-09-22 16:49:34,544] Trial 124 finished with value: 0.1342497494625139 and parameters: {'model_name': 'KNNImputer', 'n_neighbors': 247, 'weights': 'distance'}. Best is trial 65 with value: 0.1329370319165958.
running
[I 2024-09-22 16:49:36,396] Trial 125 finished with value: 0.1376711654996992 and parameters: {'model_name': 'KNNImputer', 'n_neighbors': 804, 'weights': 'distance'}. Best is trial 65 with value: 0.1329370319165958.
running
[I 2024-09-22 16:49:38,031] Trial 126 finished with value: 0.13387781489801748 and parameters: {'model_name': 'KNNImputer', 'n_neighbors': 216, 'weights': 'distance'}. Best is trial 65 with value: 0.1329370319165958.
running
[I 2024-09-22 16:49:39,199] Trial 127 finished with value: 0.13366845874512592 and parameters: {'model_name': 'KNNImputer', 'n_neighbors': 197, 'weights': 'distance'}. Best is trial 65 with value: 0.1329370319165958.
running
[I 2024-09-22 16:49:41,217] Trial 128 finished with value: 0.13924688301891944 and parameters: {'model_name': 'KNNImputer', 'n_neighbors': 1311, 'weights': 'distance'}. Best is trial 65 with value: 0.1329370319165958.
running
[I 2024-09-22 16:49:42,274] Trial 129 finished with value: 0.13454617854429968 and parameters: {'model_name': 'KNNImputer', 'n_neighbors': 19, 'weights': 'distance'}. Best is trial 65 with value: 0.1329370319165958.
running
[I 2024-09-22 16:49:43,939] Trial 130 finished with value: 0.13704476560658138 and parameters: {'model_name': 'KNNImputer', 'n_neighbors': 672, 'weights': 'distance'}. Best is trial 65 with value: 0.1329370319165958.
running
[I 2024-09-22 16:49:44,658] Trial 131 finished with value: 0.16122223238457925 and parameters: {'model_name': 'SimpleImputer', 'strategy': 'most_frequent'}. Best is trial 65 with value: 0.1329370319165958.
running
[I 2024-09-22 16:49:45,963] Trial 132 finished with value: 0.1343712361034562 and parameters: {'model_name': 'KNNImputer', 'n_neighbors': 266, 'weights': 'distance'}. Best is trial 65 with value: 0.1329370319165958.
running
[I 2024-09-22 16:49:47,175] Trial 133 finished with value: 0.13713378392128245 and parameters: {'model_name': 'KNNImputer', 'n_neighbors': 684, 'weights': 'distance'}. Best is trial 65 with value: 0.1329370319165958.
running
[I 2024-09-22 16:49:48,281] Trial 134 finished with value: 0.13432761638116278 and parameters: {'model_name': 'KNNImputer', 'n_neighbors': 258, 'weights': 'distance'}. Best is trial 65 with value: 0.1329370319165958.
running
[I 2024-09-22 16:49:49,806] Trial 135 finished with value: 0.14479446272833366 and parameters: {'model_name': 'KNNImputer', 'n_neighbors': 4723, 'weights': 'uniform'}. Best is trial 65 with value: 0.1329370319165958.
running
[I 2024-09-22 16:49:51,256] Trial 136 finished with value: 0.13406847214572698 and parameters: {'model_name': 'KNNImputer', 'n_neighbors': 233, 'weights': 'distance'}. Best is trial 65 with value: 0.1329370319165958.
running
[I 2024-09-22 16:49:52,604] Trial 137 finished with value: 0.13366845874512592 and parameters: {'model_name': 'KNNImputer', 'n_neighbors': 197, 'weights': 'distance'}. Best is trial 65 with value: 0.1329370319165958.
running
[I 2024-09-22 16:49:53,554] Trial 138 finished with value: 0.13493063447640288 and parameters: {'model_name': 'KNNImputer', 'n_neighbors': 18, 'weights': 'distance'}. Best is trial 65 with value: 0.1329370319165958.
running
[I 2024-09-22 16:49:55,189] Trial 139 finished with value: 0.13647226706743537 and parameters: {'model_name': 'KNNImputer', 'n_neighbors': 566, 'weights': 'distance'}. Best is trial 65 with value: 0.1329370319165958.
running
[I 2024-09-22 16:49:56,825] Trial 140 finished with value: 0.13842002204569803 and parameters: {'model_name': 'KNNImputer', 'n_neighbors': 1029, 'weights': 'distance'}. Best is trial 65 with value: 0.1329370319165958.
running
[I 2024-09-22 17:48:46,935] Trial 141 finished with value: 0.16235570413837924 and parameters: {'model_name': 'VAE', 'batch_size': 11, 'iterations': 1206, 'learning_rate': 0.0002477161243392912, 'p_miss': 0.017803624667526247}. Best is trial 65 with value: 0.1329370319165958.
running
[I 2024-09-22 17:48:48,721] Trial 142 finished with value: 0.13385882490405618 and parameters: {'model_name': 'KNNImputer', 'n_neighbors': 218, 'weights': 'distance'}. Best is trial 65 with value: 0.1329370319165958.
running
[I 2024-09-22 17:49:23,921] Trial 143 finished with value: 0.44121857587517965 and parameters: {'model_name': 'GAIN', 'batch_size': 138, 'hint_rate': 0.7714803397470946, 'alpha': 70, 'iterations': 19, 'learning_rate': 0.0038966955368234905, 'p_miss': 0.0925340558484916}. Best is trial 65 with value: 0.1329370319165958.
running
[I 2024-09-22 17:49:25,370] Trial 144 finished with value: 0.13682186951182654 and parameters: {'model_name': 'KNNImputer', 'n_neighbors': 630, 'weights': 'distance'}. Best is trial 65 with value: 0.1329370319165958.
running
[I 2024-09-22 17:49:26,028] Trial 120 finished with value: 0.15621491601531673 and parameters: {'model_name': 'VAE', 'batch_size': 16, 'iterations': 2618, 'learning_rate': 0.0002838533858422197, 'p_miss': 0.01706954213144557}. Best is trial 65 with value: 0.1329370319165958.
running
[I 2024-09-22 17:49:27,033] Trial 145 finished with value: 0.1337159588486225 and parameters: {'model_name': 'KNNImputer', 'n_neighbors': 201, 'weights': 'distance'}. Best is trial 65 with value: 0.1329370319165958.
running
[I 2024-09-22 17:49:27,774] Trial 146 finished with value: 0.13376128196407283 and parameters: {'model_name': 'KNNImputer', 'n_neighbors': 208, 'weights': 'distance'}. Best is trial 65 with value: 0.1329370319165958.
running
[I 2024-09-22 17:49:28,874] Trial 147 finished with value: 0.13345444091520145 and parameters: {'model_name': 'KNNImputer', 'n_neighbors': 160, 'weights': 'distance'}. Best is trial 65 with value: 0.1329370319165958.
running
[I 2024-09-22 17:49:29,292] Trial 148 finished with value: 0.1357860040555897 and parameters: {'model_name': 'KNNImputer', 'n_neighbors': 14, 'weights': 'distance'}. Best is trial 65 with value: 0.1329370319165958.
running
[I 2024-09-22 17:49:30,507] Trial 149 finished with value: 0.1354959051158416 and parameters: {'model_name': 'KNNImputer', 'n_neighbors': 16, 'weights': 'distance'}. Best is trial 65 with value: 0.1329370319165958.
running
[I 2024-09-22 17:49:31,305] Trial 150 finished with value: 0.13596949900845243 and parameters: {'model_name': 'KNNImputer', 'n_neighbors': 473, 'weights': 'distance'}. Best is trial 65 with value: 0.1329370319165958.
running
[I 2024-09-22 17:49:32,075] Trial 151 finished with value: 0.1360455049746237 and parameters: {'model_name': 'KNNImputer', 'n_neighbors': 485, 'weights': 'distance'}. Best is trial 65 with value: 0.1329370319165958.
running
[I 2024-09-22 17:49:32,919] Trial 152 finished with value: 0.13611126798380355 and parameters: {'model_name': 'KNNImputer', 'n_neighbors': 498, 'weights': 'distance'}. Best is trial 65 with value: 0.1329370319165958.
running
[I 2024-09-22 17:49:34,392] Trial 153 finished with value: 0.14191722568030246 and parameters: {'model_name': 'KNNImputer', 'n_neighbors': 2894, 'weights': 'distance'}. Best is trial 65 with value: 0.1329370319165958.
running
[I 2024-09-22 17:49:34,520] Trial 154 finished with value: 0.13360685127789027 and parameters: {'model_name': 'KNNImputer', 'n_neighbors': 194, 'weights': 'distance'}. Best is trial 65 with value: 0.1329370319165958.
running
[I 2024-09-22 17:49:35,615] Trial 156 finished with value: 0.13344228867392854 and parameters: {'model_name': 'KNNImputer', 'n_neighbors': 161, 'weights': 'distance'}. Best is trial 65 with value: 0.1329370319165958.
running
[I 2024-09-22 17:49:35,852] Trial 155 finished with value: 0.13353207922186042 and parameters: {'model_name': 'KNNImputer', 'n_neighbors': 187, 'weights': 'distance'}. Best is trial 65 with value: 0.1329370319165958.
running
[I 2024-09-22 17:49:37,006] Trial 157 finished with value: 0.13346763015253985 and parameters: {'model_name': 'KNNImputer', 'n_neighbors': 175, 'weights': 'distance'}. Best is trial 65 with value: 0.1329370319165958.
running
[I 2024-09-22 17:49:37,303] Trial 158 finished with value: 0.1350878438878565 and parameters: {'model_name': 'KNNImputer', 'n_neighbors': 357, 'weights': 'distance'}. Best is trial 65 with value: 0.1329370319165958.
running
[I 2024-09-22 17:49:37,555] Trial 159 finished with value: 0.5323254434018504 and parameters: {'model_name': 'SimpleImputer', 'strategy': 'constant'}. Best is trial 65 with value: 0.1329370319165958.
running
[I 2024-09-22 17:49:37,838] Trial 160 finished with value: 0.5323254434018504 and parameters: {'model_name': 'SimpleImputer', 'strategy': 'constant'}. Best is trial 65 with value: 0.1329370319165958.
running
[I 2024-09-22 17:49:39,087] Trial 162 finished with value: 0.1373175748862914 and parameters: {'model_name': 'KNNImputer', 'n_neighbors': 728, 'weights': 'distance'}. Best is trial 65 with value: 0.1329370319165958.
running
[I 2024-09-22 17:49:39,226] Trial 161 finished with value: 0.1369951250595447 and parameters: {'model_name': 'KNNImputer', 'n_neighbors': 658, 'weights': 'distance'}. Best is trial 65 with value: 0.1329370319165958.
running
[I 2024-09-22 17:49:40,752] Trial 163 finished with value: 0.1334903223036144 and parameters: {'model_name': 'KNNImputer', 'n_neighbors': 170, 'weights': 'distance'}. Best is trial 65 with value: 0.1329370319165958.
running
[I 2024-09-22 17:49:41,054] Trial 164 finished with value: 0.13345671156456457 and parameters: {'model_name': 'KNNImputer', 'n_neighbors': 155, 'weights': 'distance'}. Best is trial 65 with value: 0.1329370319165958.
running
[I 2024-09-22 17:49:42,171] Trial 165 finished with value: 0.13577958780399893 and parameters: {'model_name': 'KNNImputer', 'n_neighbors': 407, 'weights': 'uniform'}. Best is trial 65 with value: 0.1329370319165958.
running
[I 2024-09-22 17:49:42,628] Trial 166 finished with value: 0.13552137642795703 and parameters: {'model_name': 'KNNImputer', 'n_neighbors': 403, 'weights': 'distance'}. Best is trial 65 with value: 0.1329370319165958.
running
[I 2024-09-22 17:49:43,980] Trial 167 finished with value: 0.13340321783354187 and parameters: {'model_name': 'KNNImputer', 'n_neighbors': 133, 'weights': 'distance'}. Best is trial 65 with value: 0.1329370319165958.
running
[I 2024-09-22 17:49:44,484] Trial 168 finished with value: 0.13304271108367152 and parameters: {'model_name': 'KNNImputer', 'n_neighbors': 98, 'weights': 'distance'}. Best is trial 65 with value: 0.1329370319165958.
running
[I 2024-09-22 17:49:45,343] Trial 169 finished with value: 0.14659005165610778 and parameters: {'model_name': 'KNNImputer', 'n_neighbors': 4, 'weights': 'distance'}. Best is trial 65 with value: 0.1329370319165958.
running
[I 2024-09-22 17:49:46,213] Trial 170 finished with value: 0.13340923036902688 and parameters: {'model_name': 'KNNImputer', 'n_neighbors': 136, 'weights': 'distance'}. Best is trial 65 with value: 0.1329370319165958.
running
[I 2024-09-22 17:49:46,914] Trial 171 finished with value: 0.1334903223036144 and parameters: {'model_name': 'KNNImputer', 'n_neighbors': 170, 'weights': 'distance'}. Best is trial 65 with value: 0.1329370319165958.
running
[I 2024-09-22 17:49:47,634] Trial 172 finished with value: 0.1332013161496317 and parameters: {'model_name': 'KNNImputer', 'n_neighbors': 122, 'weights': 'distance'}. Best is trial 65 with value: 0.1329370319165958.
running
[I 2024-09-22 17:49:48,171] Trial 173 finished with value: 0.1334703553088309 and parameters: {'model_name': 'KNNImputer', 'n_neighbors': 151, 'weights': 'distance'}. Best is trial 65 with value: 0.1329370319165958.
running
[I 2024-09-22 17:49:49,292] Trial 174 finished with value: 0.13538525180479272 and parameters: {'model_name': 'KNNImputer', 'n_neighbors': 392, 'weights': 'distance'}. Best is trial 65 with value: 0.1329370319165958.
running
[I 2024-09-22 17:49:49,951] Trial 175 finished with value: 0.13557354961011084 and parameters: {'model_name': 'KNNImputer', 'n_neighbors': 412, 'weights': 'distance'}. Best is trial 65 with value: 0.1329370319165958.
running
[I 2024-09-22 17:49:50,692] Trial 176 finished with value: 0.133180263623291 and parameters: {'model_name': 'KNNImputer', 'n_neighbors': 118, 'weights': 'distance'}. Best is trial 65 with value: 0.1329370319165958.
running
[I 2024-09-22 17:49:51,428] Trial 177 finished with value: 0.13299812332656968 and parameters: {'model_name': 'KNNImputer', 'n_neighbors': 87, 'weights': 'distance'}. Best is trial 65 with value: 0.1329370319165958.
running
[I 2024-09-22 17:50:18,545] Trial 99 finished with value: 0.2098790842495112 and parameters: {'model_name': 'VAE', 'batch_size': 1, 'iterations': 4223, 'learning_rate': 0.00010205910176327616, 'p_miss': 0.14790277817981762}. Best is trial 65 with value: 0.1329370319165958.
running
[I 2024-09-22 17:54:31,203] Trial 179 finished with value: 0.45184084559824933 and parameters: {'model_name': 'GAIN', 'batch_size': 34, 'hint_rate': 0.1963264433677679, 'alpha': 1, 'iterations': 194, 'learning_rate': 0.040814358900689504, 'p_miss': 0.2603406439381977}. Best is trial 65 with value: 0.1329370319165958.
running
[I 2024-09-22 17:54:32,343] Trial 181 finished with value: 0.13323606778996558 and parameters: {'model_name': 'KNNImputer', 'n_neighbors': 125, 'weights': 'distance'}. Best is trial 65 with value: 0.1329370319165958.
running
[I 2024-09-22 17:54:33,736] Trial 182 finished with value: 0.1331958377396344 and parameters: {'model_name': 'KNNImputer', 'n_neighbors': 121, 'weights': 'distance'}. Best is trial 65 with value: 0.1329370319165958.
running
[I 2024-09-22 17:54:35,467] Trial 183 finished with value: 0.13667082717340845 and parameters: {'model_name': 'KNNImputer', 'n_neighbors': 597, 'weights': 'distance'}. Best is trial 65 with value: 0.1329370319165958.
running
[I 2024-09-22 17:54:36,801] Trial 184 finished with value: 0.1350228966635461 and parameters: {'model_name': 'KNNImputer', 'n_neighbors': 351, 'weights': 'distance'}. Best is trial 65 with value: 0.1329370319165958.
running
[I 2024-09-22 17:54:39,017] Trial 185 finished with value: 0.14438820119167453 and parameters: {'model_name': 'KNNImputer', 'n_neighbors': 7137, 'weights': 'distance'}. Best is trial 65 with value: 0.1329370319165958.
running
[I 2024-09-22 17:54:40,425] Trial 186 finished with value: 0.13293097289116818 and parameters: {'model_name': 'KNNImputer', 'n_neighbors': 89, 'weights': 'distance'}. Best is trial 186 with value: 0.13293097289116818.
running
[I 2024-09-22 17:54:41,498] Trial 187 finished with value: 0.13318429058537 and parameters: {'model_name': 'KNNImputer', 'n_neighbors': 123, 'weights': 'distance'}. Best is trial 186 with value: 0.13293097289116818.
running
[I 2024-09-22 17:54:42,997] Trial 188 finished with value: 0.1330550141989458 and parameters: {'model_name': 'KNNImputer', 'n_neighbors': 102, 'weights': 'distance'}. Best is trial 186 with value: 0.13293097289116818.
running
[I 2024-09-22 17:54:44,523] Trial 189 finished with value: 0.13299429397986723 and parameters: {'model_name': 'KNNImputer', 'n_neighbors': 100, 'weights': 'distance'}. Best is trial 186 with value: 0.13293097289116818.
running
[I 2024-09-22 17:54:45,555] Trial 190 finished with value: 0.1381007905935762 and parameters: {'model_name': 'KNNImputer', 'n_neighbors': 10, 'weights': 'distance'}. Best is trial 186 with value: 0.13293097289116818.
running
[I 2024-09-22 17:54:46,953] Trial 191 finished with value: 0.13545267773947905 and parameters: {'model_name': 'KNNImputer', 'n_neighbors': 398, 'weights': 'distance'}. Best is trial 186 with value: 0.13293097289116818.
running
[I 2024-09-22 17:54:48,240] Trial 192 finished with value: 0.1332013161496317 and parameters: {'model_name': 'KNNImputer', 'n_neighbors': 122, 'weights': 'distance'}. Best is trial 186 with value: 0.13293097289116818.
running
[I 2024-09-22 17:54:49,650] Trial 193 finished with value: 0.13481935182509172 and parameters: {'model_name': 'KNNImputer', 'n_neighbors': 325, 'weights': 'distance'}. Best is trial 186 with value: 0.13293097289116818.
running
[I 2024-09-22 17:54:50,555] Trial 194 finished with value: 0.13265082821334845 and parameters: {'model_name': 'KNNImputer', 'n_neighbors': 86, 'weights': 'uniform'}. Best is trial 194 with value: 0.13265082821334845.
running
[I 2024-09-22 17:54:51,738] Trial 195 finished with value: 0.14452798669663242 and parameters: {'model_name': 'KNNImputer', 'n_neighbors': 4, 'weights': 'uniform'}. Best is trial 194 with value: 0.13265082821334845.
running
[I 2024-09-22 17:54:53,001] Trial 196 finished with value: 0.1332013161496317 and parameters: {'model_name': 'KNNImputer', 'n_neighbors': 122, 'weights': 'distance'}. Best is trial 194 with value: 0.13265082821334845.
running
[I 2024-09-22 17:54:54,340] Trial 197 finished with value: 0.13490397745173616 and parameters: {'model_name': 'KNNImputer', 'n_neighbors': 326, 'weights': 'uniform'}. Best is trial 194 with value: 0.13265082821334845.
running
[I 2024-09-22 17:54:55,460] Trial 198 finished with value: 0.1328093417526189 and parameters: {'model_name': 'KNNImputer', 'n_neighbors': 105, 'weights': 'uniform'}. Best is trial 194 with value: 0.13265082821334845.
running
[I 2024-09-22 17:54:56,946] Trial 199 finished with value: 0.13664831321563925 and parameters: {'model_name': 'KNNImputer', 'n_neighbors': 521, 'weights': 'uniform'}. Best is trial 194 with value: 0.13265082821334845.
[I 2024-09-22 18:01:06,329] Trial 14 finished with value: 0.4533171228756423 and parameters: {'model_name': 'GAIN', 'batch_size': 59, 'hint_rate': 0.5933757088097655, 'alpha': 28, 'iterations': 9869, 'learning_rate': 0.0049505760786943895, 'p_miss': 0.2904525373521487}. Best is trial 194 with value: 0.13265082821334845.
[I 2024-09-22 18:49:02,332] Trial 94 finished with value: 0.2229792177923784 and parameters: {'model_name': 'VAE', 'batch_size': 1, 'iterations': 4984, 'learning_rate': 0.00020613417092901377, 'p_miss': 0.15200606648586334}. Best is trial 194 with value: 0.13265082821334845.
[I 2024-09-22 18:52:26,850] Trial 92 finished with value: 0.23085419197947304 and parameters: {'model_name': 'VAE', 'batch_size': 1, 'iterations': 5007, 'learning_rate': 0.00022707402359176658, 'p_miss': 0.15316695563099147}. Best is trial 194 with value: 0.13265082821334845.
[I 2024-09-22 18:57:43,577] Trial 93 finished with value: 0.21706518654561316 and parameters: {'model_name': 'VAE', 'batch_size': 1, 'iterations': 5347, 'learning_rate': 0.00014104898341877153, 'p_miss': 0.15165819785516269}. Best is trial 194 with value: 0.13265082821334845.
[I 2024-09-22 19:09:37,269] Trial 90 finished with value: 0.2202666321722119 and parameters: {'model_name': 'VAE', 'batch_size': 1, 'iterations': 6617, 'learning_rate': 0.00011571513047964812, 'p_miss': 0.16059789630593177}. Best is trial 194 with value: 0.13265082821334845.
[I 2024-09-22 19:17:19,621] Trial 28 finished with value: 0.20849567250154283 and parameters: {'model_name': 'VAE', 'batch_size': 1, 'iterations': 6313, 'learning_rate': 0.05456525005573786, 'p_miss': 0.030639676591688758}. Best is trial 194 with value: 0.13265082821334845.
[I 2024-09-22 19:26:02,576] Trial 104 finished with value: 0.2276515195566228 and parameters: {'model_name': 'VAE', 'batch_size': 1, 'iterations': 7268, 'learning_rate': 0.00014350922653707702, 'p_miss': 0.1569110485791304}. Best is trial 194 with value: 0.13265082821334845.
[I 2024-09-22 19:26:03,634] Trial 97 finished with value: 0.2180097688516688 and parameters: {'model_name': 'VAE', 'batch_size': 1, 'iterations': 6581, 'learning_rate': 0.0002950044605717783, 'p_miss': 0.1549619913916425}. Best is trial 194 with value: 0.13265082821334845.
[I 2024-09-22 19:45:32,369] Trial 85 finished with value: 0.22052276037627888 and parameters: {'model_name': 'VAE', 'batch_size': 1, 'iterations': 8259, 'learning_rate': 0.0002169925414118755, 'p_miss': 0.15341992865209858}. Best is trial 194 with value: 0.13265082821334845.
[I 2024-09-22 19:49:28,668] Trial 96 finished with value: 0.18203726480103904 and parameters: {'model_name': 'VAE', 'batch_size': 1, 'iterations': 7609, 'learning_rate': 0.00021675445080280185, 'p_miss': 0.15406057634581827}. Best is trial 194 with value: 0.13265082821334845.
[I 2024-09-22 19:50:16,127] Trial 180 finished with value: 0.46307415468273383 and parameters: {'model_name': 'GAIN', 'batch_size': 30, 'hint_rate': 0.20866031717754624, 'alpha': 0, 'iterations': 9092, 'learning_rate': 0.03636726704299799, 'p_miss': 0.2587301588621512}. Best is trial 194 with value: 0.13265082821334845.
[I 2024-09-22 19:51:03,241] Trial 178 finished with value: 0.45520886259346466 and parameters: {'model_name': 'GAIN', 'batch_size': 7, 'hint_rate': 0.19716459178947116, 'alpha': 0, 'iterations': 9858, 'learning_rate': 0.0446168453985156, 'p_miss': 0.25934363714386466}. Best is trial 194 with value: 0.13265082821334845.
[I 2024-09-22 19:52:17,742] Trial 91 finished with value: 0.22722801632524928 and parameters: {'model_name': 'VAE', 'batch_size': 1, 'iterations': 9250, 'learning_rate': 0.0001750519666931661, 'p_miss': 0.15779008151679716}. Best is trial 194 with value: 0.13265082821334845.
[I 2024-09-22 19:52:50,776] Trial 100 finished with value: 0.21435408147837118 and parameters: {'model_name': 'VAE', 'batch_size': 1, 'iterations': 8648, 'learning_rate': 0.00014718540649168155, 'p_miss': 0.15176535145983558}. Best is trial 194 with value: 0.13265082821334845.
[I 2024-09-22 19:53:25,076] Trial 101 finished with value: 0.1533692183958803 and parameters: {'model_name': 'VAE', 'batch_size': 17, 'iterations': 8668, 'learning_rate': 0.0002131974953907471, 'p_miss': 0.15576971171159368}. Best is trial 194 with value: 0.13265082821334845.
fit
auto fit
auto transform
0    0
1    0
2    0
3    0
4    0
5    0
dtype: int64
0    0
1    0
2    0
3    0
4    0
5    0
dtype: int64
0.13265082821334845
{'model_name': 'KNNImputer', 'n_neighbors': 86, 'weights': 'uniform'}
running experiment 2/3 - Does reconstruction give good automl predictions
Start est fit
Version 0.1.7a0 of tpot2 is outdated. Version 0.1.8a0 was released 5 days ago.
Version 0.1.7a0 of tpot2 is outdated. Version 0.1.8a0 was released 5 days ago.
Version 0.1.7a0 of tpot2 is outdated. Version 0.1.8a0 was released 5 days ago.
Version 0.1.7a0 of tpot2 is outdated. Version 0.1.8a0 was released 5 days ago.
Version 0.1.7a0 of tpot2 is outdated. Version 0.1.8a0 was released 5 days ago.
Version 0.1.7a0 of tpot2 is outdated. Version 0.1.8a0 was released 5 days ago.
Version 0.1.7a0 of tpot2 is outdated. Version 0.1.8a0 was released 5 days ago.
Version 0.1.7a0 of tpot2 is outdated. Version 0.1.8a0 was released 5 days ago.
Version 0.1.7a0 of tpot2 is outdated. Version 0.1.8a0 was released 5 days ago.
Version 0.1.7a0 of tpot2 is outdated. Version 0.1.8a0 was released 5 days ago.
Version 0.1.7a0 of tpot2 is outdated. Version 0.1.8a0 was released 5 days ago.
Version 0.1.7a0 of tpot2 is outdated. Version 0.1.8a0 was released 5 days ago.
Version 0.1.7a0 of tpot2 is outdated. Version 0.1.8a0 was released 5 days ago.
Version 0.1.7a0 of tpot2 is outdated. Version 0.1.8a0 was released 5 days ago.
Version 0.1.7a0 of tpot2 is outdated. Version 0.1.8a0 was released 5 days ago.
Version 0.1.7a0 of tpot2 is outdated. Version 0.1.8a0 was released 5 days ago.
  0%|          | 0/25 [00:00<?, ?it/s]Generation:   0%|          | 0/25 [00:00<?, ?it/s]WARNING THIS INDIVIDUAL CAUSED AND EXCEPTION 
 <tpot2.search_spaces.pipelines.sequential.SequentialPipelineIndividual object at 0x155474738040> 
 The 'criterion' parameter of RandomForestRegressor must be a str among {'friedman_mse', 'poisson', 'absolute_error', 'squared_error'}. Got 'mse' instead. 
 Traceback (most recent call last):
  File "/common/ketrong/tpotexp/tpot2/tpot2/utils/eval_utils.py", line 53, in objective_nan_wrapper
    value = func_timeout.func_timeout(timeout, objective_function, args=[individual], kwargs=objective_kwargs)
  File "/common/ketrong/tpotexp/env/lib/python3.10/site-packages/func_timeout/dafunc.py", line 108, in func_timeout
    raise_exception(exception)
  File "/common/ketrong/tpotexp/env/lib/python3.10/site-packages/func_timeout/py3_raise.py", line 7, in raise_exception
    raise exception[0] from None
  File "/common/ketrong/tpotexp/tpot2/tpot2/tpot_estimator/estimator.py", line 623, in objective_function
    return objective_function_generator(
  File "/common/ketrong/tpotexp/tpot2/tpot2/tpot_estimator/estimator_utils.py", line 55, in objective_function_generator
    cv_obj_scores = cross_val_score_objective(sklearn.base.clone(pipeline),x,y,scorers=scorers, cv=cv , fold=step)
  File "/common/ketrong/tpotexp/tpot2/tpot2/tpot_estimator/cross_val_utils.py", line 28, in cross_val_score_objective
    this_fold_pipeline.fit(X_train,y_train)
  File "/common/ketrong/tpotexp/env/lib/python3.10/site-packages/sklearn/base.py", line 1473, in wrapper
    return fit_method(estimator, *args, **kwargs)
  File "/common/ketrong/tpotexp/env/lib/python3.10/site-packages/sklearn/pipeline.py", line 473, in fit
    self._final_estimator.fit(Xt, y, **last_step_params["fit"])
  File "/common/ketrong/tpotexp/env/lib/python3.10/site-packages/sklearn/base.py", line 1466, in wrapper
    estimator._validate_params()
  File "/common/ketrong/tpotexp/env/lib/python3.10/site-packages/sklearn/base.py", line 666, in _validate_params
    validate_parameter_constraints(
  File "/common/ketrong/tpotexp/env/lib/python3.10/site-packages/sklearn/utils/_param_validation.py", line 95, in validate_parameter_constraints
    raise InvalidParameterError(
sklearn.utils._param_validation.InvalidParameterError: The 'criterion' parameter of RandomForestRegressor must be a str among {'friedman_mse', 'poisson', 'absolute_error', 'squared_error'}. Got 'mse' instead.

WARNING THIS INDIVIDUAL CAUSED AND EXCEPTION 
 <tpot2.search_spaces.pipelines.sequential.SequentialPipelineIndividual object at 0x155474725420> 
 The 'criterion' parameter of DecisionTreeRegressor must be a str among {'friedman_mse', 'poisson', 'absolute_error', 'squared_error'}. Got 'mae' instead. 
 Traceback (most recent call last):
  File "/common/ketrong/tpotexp/tpot2/tpot2/utils/eval_utils.py", line 53, in objective_nan_wrapper
    value = func_timeout.func_timeout(timeout, objective_function, args=[individual], kwargs=objective_kwargs)
  File "/common/ketrong/tpotexp/env/lib/python3.10/site-packages/func_timeout/dafunc.py", line 108, in func_timeout
    raise_exception(exception)
  File "/common/ketrong/tpotexp/env/lib/python3.10/site-packages/func_timeout/py3_raise.py", line 7, in raise_exception
    raise exception[0] from None
  File "/common/ketrong/tpotexp/tpot2/tpot2/tpot_estimator/estimator.py", line 623, in objective_function
    return objective_function_generator(
  File "/common/ketrong/tpotexp/tpot2/tpot2/tpot_estimator/estimator_utils.py", line 55, in objective_function_generator
    cv_obj_scores = cross_val_score_objective(sklearn.base.clone(pipeline),x,y,scorers=scorers, cv=cv , fold=step)
  File "/common/ketrong/tpotexp/tpot2/tpot2/tpot_estimator/cross_val_utils.py", line 28, in cross_val_score_objective
    this_fold_pipeline.fit(X_train,y_train)
  File "/common/ketrong/tpotexp/env/lib/python3.10/site-packages/sklearn/base.py", line 1473, in wrapper
    return fit_method(estimator, *args, **kwargs)
  File "/common/ketrong/tpotexp/env/lib/python3.10/site-packages/sklearn/pipeline.py", line 473, in fit
    self._final_estimator.fit(Xt, y, **last_step_params["fit"])
  File "/common/ketrong/tpotexp/env/lib/python3.10/site-packages/sklearn/base.py", line 1466, in wrapper
    estimator._validate_params()
  File "/common/ketrong/tpotexp/env/lib/python3.10/site-packages/sklearn/base.py", line 666, in _validate_params
    validate_parameter_constraints(
  File "/common/ketrong/tpotexp/env/lib/python3.10/site-packages/sklearn/utils/_param_validation.py", line 95, in validate_parameter_constraints
    raise InvalidParameterError(
sklearn.utils._param_validation.InvalidParameterError: The 'criterion' parameter of DecisionTreeRegressor must be a str among {'friedman_mse', 'poisson', 'absolute_error', 'squared_error'}. Got 'mae' instead.

WARNING THIS INDIVIDUAL CAUSED AND EXCEPTION 
 <tpot2.search_spaces.pipelines.sequential.SequentialPipelineIndividual object at 0x1554746a4c40> 
 The 'criterion' parameter of RandomForestRegressor must be a str among {'friedman_mse', 'poisson', 'absolute_error', 'squared_error'}. Got 'mse' instead. 
 Traceback (most recent call last):
  File "/common/ketrong/tpotexp/tpot2/tpot2/utils/eval_utils.py", line 53, in objective_nan_wrapper
    value = func_timeout.func_timeout(timeout, objective_function, args=[individual], kwargs=objective_kwargs)
  File "/common/ketrong/tpotexp/env/lib/python3.10/site-packages/func_timeout/dafunc.py", line 108, in func_timeout
    raise_exception(exception)
  File "/common/ketrong/tpotexp/env/lib/python3.10/site-packages/func_timeout/py3_raise.py", line 7, in raise_exception
    raise exception[0] from None
  File "/common/ketrong/tpotexp/tpot2/tpot2/tpot_estimator/estimator.py", line 623, in objective_function
    return objective_function_generator(
  File "/common/ketrong/tpotexp/tpot2/tpot2/tpot_estimator/estimator_utils.py", line 55, in objective_function_generator
    cv_obj_scores = cross_val_score_objective(sklearn.base.clone(pipeline),x,y,scorers=scorers, cv=cv , fold=step)
  File "/common/ketrong/tpotexp/tpot2/tpot2/tpot_estimator/cross_val_utils.py", line 28, in cross_val_score_objective
    this_fold_pipeline.fit(X_train,y_train)
  File "/common/ketrong/tpotexp/env/lib/python3.10/site-packages/sklearn/base.py", line 1473, in wrapper
    return fit_method(estimator, *args, **kwargs)
  File "/common/ketrong/tpotexp/env/lib/python3.10/site-packages/sklearn/pipeline.py", line 473, in fit
    self._final_estimator.fit(Xt, y, **last_step_params["fit"])
  File "/common/ketrong/tpotexp/env/lib/python3.10/site-packages/sklearn/base.py", line 1466, in wrapper
    estimator._validate_params()
  File "/common/ketrong/tpotexp/env/lib/python3.10/site-packages/sklearn/base.py", line 666, in _validate_params
    validate_parameter_constraints(
  File "/common/ketrong/tpotexp/env/lib/python3.10/site-packages/sklearn/utils/_param_validation.py", line 95, in validate_parameter_constraints
    raise InvalidParameterError(
sklearn.utils._param_validation.InvalidParameterError: The 'criterion' parameter of RandomForestRegressor must be a str among {'friedman_mse', 'poisson', 'absolute_error', 'squared_error'}. Got 'mse' instead.

Generation:  1
Best root_mean_squared_error score: -0.0014750774034532443
Generation:   4%|         | 1/25 [00:10<04:12, 10.52s/it]WARNING THIS INDIVIDUAL CAUSED AND EXCEPTION 
 <tpot2.search_spaces.pipelines.sequential.SequentialPipelineIndividual object at 0x1554747060b0> 
 The 'criterion' parameter of RandomForestRegressor must be a str among {'friedman_mse', 'poisson', 'absolute_error', 'squared_error'}. Got 'mae' instead. 
 Traceback (most recent call last):
  File "/common/ketrong/tpotexp/tpot2/tpot2/utils/eval_utils.py", line 53, in objective_nan_wrapper
    value = func_timeout.func_timeout(timeout, objective_function, args=[individual], kwargs=objective_kwargs)
  File "/common/ketrong/tpotexp/env/lib/python3.10/site-packages/func_timeout/dafunc.py", line 108, in func_timeout
    raise_exception(exception)
  File "/common/ketrong/tpotexp/env/lib/python3.10/site-packages/func_timeout/py3_raise.py", line 7, in raise_exception
    raise exception[0] from None
  File "/common/ketrong/tpotexp/tpot2/tpot2/tpot_estimator/estimator.py", line 623, in objective_function
    return objective_function_generator(
  File "/common/ketrong/tpotexp/tpot2/tpot2/tpot_estimator/estimator_utils.py", line 55, in objective_function_generator
    cv_obj_scores = cross_val_score_objective(sklearn.base.clone(pipeline),x,y,scorers=scorers, cv=cv , fold=step)
  File "/common/ketrong/tpotexp/tpot2/tpot2/tpot_estimator/cross_val_utils.py", line 28, in cross_val_score_objective
    this_fold_pipeline.fit(X_train,y_train)
  File "/common/ketrong/tpotexp/env/lib/python3.10/site-packages/sklearn/base.py", line 1473, in wrapper
    return fit_method(estimator, *args, **kwargs)
  File "/common/ketrong/tpotexp/env/lib/python3.10/site-packages/sklearn/pipeline.py", line 473, in fit
    self._final_estimator.fit(Xt, y, **last_step_params["fit"])
  File "/common/ketrong/tpotexp/env/lib/python3.10/site-packages/sklearn/base.py", line 1466, in wrapper
    estimator._validate_params()
  File "/common/ketrong/tpotexp/env/lib/python3.10/site-packages/sklearn/base.py", line 666, in _validate_params
    validate_parameter_constraints(
  File "/common/ketrong/tpotexp/env/lib/python3.10/site-packages/sklearn/utils/_param_validation.py", line 95, in validate_parameter_constraints
    raise InvalidParameterError(
sklearn.utils._param_validation.InvalidParameterError: The 'criterion' parameter of RandomForestRegressor must be a str among {'friedman_mse', 'poisson', 'absolute_error', 'squared_error'}. Got 'mae' instead.

WARNING THIS INDIVIDUAL CAUSED AND EXCEPTION 
 <tpot2.search_spaces.pipelines.sequential.SequentialPipelineIndividual object at 0x1554746ee0e0> 
 The 'criterion' parameter of ExtraTreesRegressor must be a str among {'friedman_mse', 'poisson', 'absolute_error', 'squared_error'}. Got 'mae' instead. 
 Traceback (most recent call last):
  File "/common/ketrong/tpotexp/tpot2/tpot2/utils/eval_utils.py", line 53, in objective_nan_wrapper
    value = func_timeout.func_timeout(timeout, objective_function, args=[individual], kwargs=objective_kwargs)
  File "/common/ketrong/tpotexp/env/lib/python3.10/site-packages/func_timeout/dafunc.py", line 108, in func_timeout
    raise_exception(exception)
  File "/common/ketrong/tpotexp/env/lib/python3.10/site-packages/func_timeout/py3_raise.py", line 7, in raise_exception
    raise exception[0] from None
  File "/common/ketrong/tpotexp/tpot2/tpot2/tpot_estimator/estimator.py", line 623, in objective_function
    return objective_function_generator(
  File "/common/ketrong/tpotexp/tpot2/tpot2/tpot_estimator/estimator_utils.py", line 55, in objective_function_generator
    cv_obj_scores = cross_val_score_objective(sklearn.base.clone(pipeline),x,y,scorers=scorers, cv=cv , fold=step)
  File "/common/ketrong/tpotexp/tpot2/tpot2/tpot_estimator/cross_val_utils.py", line 28, in cross_val_score_objective
    this_fold_pipeline.fit(X_train,y_train)
  File "/common/ketrong/tpotexp/env/lib/python3.10/site-packages/sklearn/base.py", line 1473, in wrapper
    return fit_method(estimator, *args, **kwargs)
  File "/common/ketrong/tpotexp/env/lib/python3.10/site-packages/sklearn/pipeline.py", line 473, in fit
    self._final_estimator.fit(Xt, y, **last_step_params["fit"])
  File "/common/ketrong/tpotexp/env/lib/python3.10/site-packages/sklearn/base.py", line 1466, in wrapper
    estimator._validate_params()
  File "/common/ketrong/tpotexp/env/lib/python3.10/site-packages/sklearn/base.py", line 666, in _validate_params
    validate_parameter_constraints(
  File "/common/ketrong/tpotexp/env/lib/python3.10/site-packages/sklearn/utils/_param_validation.py", line 95, in validate_parameter_constraints
    raise InvalidParameterError(
sklearn.utils._param_validation.InvalidParameterError: The 'criterion' parameter of ExtraTreesRegressor must be a str among {'friedman_mse', 'poisson', 'absolute_error', 'squared_error'}. Got 'mae' instead.

WARNING THIS INDIVIDUAL CAUSED AND EXCEPTION 
 <tpot2.search_spaces.pipelines.sequential.SequentialPipelineIndividual object at 0x1554746ee170> 
 The 'criterion' parameter of ExtraTreesRegressor must be a str among {'friedman_mse', 'poisson', 'absolute_error', 'squared_error'}. Got 'mae' instead. 
 Traceback (most recent call last):
  File "/common/ketrong/tpotexp/tpot2/tpot2/utils/eval_utils.py", line 53, in objective_nan_wrapper
    value = func_timeout.func_timeout(timeout, objective_function, args=[individual], kwargs=objective_kwargs)
  File "/common/ketrong/tpotexp/env/lib/python3.10/site-packages/func_timeout/dafunc.py", line 108, in func_timeout
    raise_exception(exception)
  File "/common/ketrong/tpotexp/env/lib/python3.10/site-packages/func_timeout/py3_raise.py", line 7, in raise_exception
    raise exception[0] from None
  File "/common/ketrong/tpotexp/tpot2/tpot2/tpot_estimator/estimator.py", line 623, in objective_function
    return objective_function_generator(
  File "/common/ketrong/tpotexp/tpot2/tpot2/tpot_estimator/estimator_utils.py", line 55, in objective_function_generator
    cv_obj_scores = cross_val_score_objective(sklearn.base.clone(pipeline),x,y,scorers=scorers, cv=cv , fold=step)
  File "/common/ketrong/tpotexp/tpot2/tpot2/tpot_estimator/cross_val_utils.py", line 28, in cross_val_score_objective
    this_fold_pipeline.fit(X_train,y_train)
  File "/common/ketrong/tpotexp/env/lib/python3.10/site-packages/sklearn/base.py", line 1473, in wrapper
    return fit_method(estimator, *args, **kwargs)
  File "/common/ketrong/tpotexp/env/lib/python3.10/site-packages/sklearn/pipeline.py", line 473, in fit
    self._final_estimator.fit(Xt, y, **last_step_params["fit"])
  File "/common/ketrong/tpotexp/env/lib/python3.10/site-packages/sklearn/base.py", line 1466, in wrapper
    estimator._validate_params()
  File "/common/ketrong/tpotexp/env/lib/python3.10/site-packages/sklearn/base.py", line 666, in _validate_params
    validate_parameter_constraints(
  File "/common/ketrong/tpotexp/env/lib/python3.10/site-packages/sklearn/utils/_param_validation.py", line 95, in validate_parameter_constraints
    raise InvalidParameterError(
sklearn.utils._param_validation.InvalidParameterError: The 'criterion' parameter of ExtraTreesRegressor must be a str among {'friedman_mse', 'poisson', 'absolute_error', 'squared_error'}. Got 'mae' instead.

Generation:  2
Best root_mean_squared_error score: -0.0014495097386955408
Generation:   8%|         | 2/25 [00:21<04:09, 10.83s/it]WARNING THIS INDIVIDUAL CAUSED AND EXCEPTION 
 <tpot2.search_spaces.pipelines.sequential.SequentialPipelineIndividual object at 0x1554746a4a00> 
 The 'criterion' parameter of RandomForestRegressor must be a str among {'friedman_mse', 'poisson', 'absolute_error', 'squared_error'}. Got 'mae' instead. 
 Traceback (most recent call last):
  File "/common/ketrong/tpotexp/tpot2/tpot2/utils/eval_utils.py", line 53, in objective_nan_wrapper
    value = func_timeout.func_timeout(timeout, objective_function, args=[individual], kwargs=objective_kwargs)
  File "/common/ketrong/tpotexp/env/lib/python3.10/site-packages/func_timeout/dafunc.py", line 108, in func_timeout
    raise_exception(exception)
  File "/common/ketrong/tpotexp/env/lib/python3.10/site-packages/func_timeout/py3_raise.py", line 7, in raise_exception
    raise exception[0] from None
  File "/common/ketrong/tpotexp/tpot2/tpot2/tpot_estimator/estimator.py", line 623, in objective_function
    return objective_function_generator(
  File "/common/ketrong/tpotexp/tpot2/tpot2/tpot_estimator/estimator_utils.py", line 55, in objective_function_generator
    cv_obj_scores = cross_val_score_objective(sklearn.base.clone(pipeline),x,y,scorers=scorers, cv=cv , fold=step)
  File "/common/ketrong/tpotexp/tpot2/tpot2/tpot_estimator/cross_val_utils.py", line 28, in cross_val_score_objective
    this_fold_pipeline.fit(X_train,y_train)
  File "/common/ketrong/tpotexp/env/lib/python3.10/site-packages/sklearn/base.py", line 1473, in wrapper
    return fit_method(estimator, *args, **kwargs)
  File "/common/ketrong/tpotexp/env/lib/python3.10/site-packages/sklearn/pipeline.py", line 473, in fit
    self._final_estimator.fit(Xt, y, **last_step_params["fit"])
  File "/common/ketrong/tpotexp/env/lib/python3.10/site-packages/sklearn/base.py", line 1466, in wrapper
    estimator._validate_params()
  File "/common/ketrong/tpotexp/env/lib/python3.10/site-packages/sklearn/base.py", line 666, in _validate_params
    validate_parameter_constraints(
  File "/common/ketrong/tpotexp/env/lib/python3.10/site-packages/sklearn/utils/_param_validation.py", line 95, in validate_parameter_constraints
    raise InvalidParameterError(
sklearn.utils._param_validation.InvalidParameterError: The 'criterion' parameter of RandomForestRegressor must be a str among {'friedman_mse', 'poisson', 'absolute_error', 'squared_error'}. Got 'mae' instead.

Generation:  3
Best root_mean_squared_error score: -0.0014495097386955408
Generation:  12%|        | 3/25 [02:09<20:18, 55.40s/it]WARNING THIS INDIVIDUAL CAUSED AND EXCEPTION 
 <tpot2.search_spaces.pipelines.sequential.SequentialPipelineIndividual object at 0x155474731d80> 
 The 'criterion' parameter of RandomForestRegressor must be a str among {'friedman_mse', 'poisson', 'absolute_error', 'squared_error'}. Got 'mae' instead. 
 Traceback (most recent call last):
  File "/common/ketrong/tpotexp/tpot2/tpot2/utils/eval_utils.py", line 53, in objective_nan_wrapper
    value = func_timeout.func_timeout(timeout, objective_function, args=[individual], kwargs=objective_kwargs)
  File "/common/ketrong/tpotexp/env/lib/python3.10/site-packages/func_timeout/dafunc.py", line 108, in func_timeout
    raise_exception(exception)
  File "/common/ketrong/tpotexp/env/lib/python3.10/site-packages/func_timeout/py3_raise.py", line 7, in raise_exception
    raise exception[0] from None
  File "/common/ketrong/tpotexp/tpot2/tpot2/tpot_estimator/estimator.py", line 623, in objective_function
    return objective_function_generator(
  File "/common/ketrong/tpotexp/tpot2/tpot2/tpot_estimator/estimator_utils.py", line 55, in objective_function_generator
    cv_obj_scores = cross_val_score_objective(sklearn.base.clone(pipeline),x,y,scorers=scorers, cv=cv , fold=step)
  File "/common/ketrong/tpotexp/tpot2/tpot2/tpot_estimator/cross_val_utils.py", line 28, in cross_val_score_objective
    this_fold_pipeline.fit(X_train,y_train)
  File "/common/ketrong/tpotexp/env/lib/python3.10/site-packages/sklearn/base.py", line 1473, in wrapper
    return fit_method(estimator, *args, **kwargs)
  File "/common/ketrong/tpotexp/env/lib/python3.10/site-packages/sklearn/pipeline.py", line 473, in fit
    self._final_estimator.fit(Xt, y, **last_step_params["fit"])
  File "/common/ketrong/tpotexp/env/lib/python3.10/site-packages/sklearn/base.py", line 1466, in wrapper
    estimator._validate_params()
  File "/common/ketrong/tpotexp/env/lib/python3.10/site-packages/sklearn/base.py", line 666, in _validate_params
    validate_parameter_constraints(
  File "/common/ketrong/tpotexp/env/lib/python3.10/site-packages/sklearn/utils/_param_validation.py", line 95, in validate_parameter_constraints
    raise InvalidParameterError(
sklearn.utils._param_validation.InvalidParameterError: The 'criterion' parameter of RandomForestRegressor must be a str among {'friedman_mse', 'poisson', 'absolute_error', 'squared_error'}. Got 'mae' instead.

WARNING THIS INDIVIDUAL CAUSED AND EXCEPTION 
 <tpot2.search_spaces.pipelines.sequential.SequentialPipelineIndividual object at 0x1554746a5a50> 
 The 'criterion' parameter of ExtraTreesRegressor must be a str among {'friedman_mse', 'poisson', 'absolute_error', 'squared_error'}. Got 'mae' instead. 
 Traceback (most recent call last):
  File "/common/ketrong/tpotexp/tpot2/tpot2/utils/eval_utils.py", line 53, in objective_nan_wrapper
    value = func_timeout.func_timeout(timeout, objective_function, args=[individual], kwargs=objective_kwargs)
  File "/common/ketrong/tpotexp/env/lib/python3.10/site-packages/func_timeout/dafunc.py", line 108, in func_timeout
    raise_exception(exception)
  File "/common/ketrong/tpotexp/env/lib/python3.10/site-packages/func_timeout/py3_raise.py", line 7, in raise_exception
    raise exception[0] from None
  File "/common/ketrong/tpotexp/tpot2/tpot2/tpot_estimator/estimator.py", line 623, in objective_function
    return objective_function_generator(
  File "/common/ketrong/tpotexp/tpot2/tpot2/tpot_estimator/estimator_utils.py", line 55, in objective_function_generator
    cv_obj_scores = cross_val_score_objective(sklearn.base.clone(pipeline),x,y,scorers=scorers, cv=cv , fold=step)
  File "/common/ketrong/tpotexp/tpot2/tpot2/tpot_estimator/cross_val_utils.py", line 28, in cross_val_score_objective
    this_fold_pipeline.fit(X_train,y_train)
  File "/common/ketrong/tpotexp/env/lib/python3.10/site-packages/sklearn/base.py", line 1473, in wrapper
    return fit_method(estimator, *args, **kwargs)
  File "/common/ketrong/tpotexp/env/lib/python3.10/site-packages/sklearn/pipeline.py", line 473, in fit
    self._final_estimator.fit(Xt, y, **last_step_params["fit"])
  File "/common/ketrong/tpotexp/env/lib/python3.10/site-packages/sklearn/base.py", line 1466, in wrapper
    estimator._validate_params()
  File "/common/ketrong/tpotexp/env/lib/python3.10/site-packages/sklearn/base.py", line 666, in _validate_params
    validate_parameter_constraints(
  File "/common/ketrong/tpotexp/env/lib/python3.10/site-packages/sklearn/utils/_param_validation.py", line 95, in validate_parameter_constraints
    raise InvalidParameterError(
sklearn.utils._param_validation.InvalidParameterError: The 'criterion' parameter of ExtraTreesRegressor must be a str among {'friedman_mse', 'poisson', 'absolute_error', 'squared_error'}. Got 'mae' instead.

Generation:  4
Best root_mean_squared_error score: -0.0014495097386955408
Generation:  16%|        | 4/25 [02:30<14:35, 41.68s/it]WARNING THIS INDIVIDUAL CAUSED AND EXCEPTION 
 <tpot2.search_spaces.pipelines.sequential.SequentialPipelineIndividual object at 0x155467fa9450> 
 The 'criterion' parameter of RandomForestRegressor must be a str among {'friedman_mse', 'poisson', 'absolute_error', 'squared_error'}. Got 'mse' instead. 
 Traceback (most recent call last):
  File "/common/ketrong/tpotexp/tpot2/tpot2/utils/eval_utils.py", line 53, in objective_nan_wrapper
    value = func_timeout.func_timeout(timeout, objective_function, args=[individual], kwargs=objective_kwargs)
  File "/common/ketrong/tpotexp/env/lib/python3.10/site-packages/func_timeout/dafunc.py", line 108, in func_timeout
    raise_exception(exception)
  File "/common/ketrong/tpotexp/env/lib/python3.10/site-packages/func_timeout/py3_raise.py", line 7, in raise_exception
    raise exception[0] from None
  File "/common/ketrong/tpotexp/tpot2/tpot2/tpot_estimator/estimator.py", line 623, in objective_function
    return objective_function_generator(
  File "/common/ketrong/tpotexp/tpot2/tpot2/tpot_estimator/estimator_utils.py", line 55, in objective_function_generator
    cv_obj_scores = cross_val_score_objective(sklearn.base.clone(pipeline),x,y,scorers=scorers, cv=cv , fold=step)
  File "/common/ketrong/tpotexp/tpot2/tpot2/tpot_estimator/cross_val_utils.py", line 28, in cross_val_score_objective
    this_fold_pipeline.fit(X_train,y_train)
  File "/common/ketrong/tpotexp/env/lib/python3.10/site-packages/sklearn/base.py", line 1473, in wrapper
    return fit_method(estimator, *args, **kwargs)
  File "/common/ketrong/tpotexp/env/lib/python3.10/site-packages/sklearn/pipeline.py", line 473, in fit
    self._final_estimator.fit(Xt, y, **last_step_params["fit"])
  File "/common/ketrong/tpotexp/env/lib/python3.10/site-packages/sklearn/base.py", line 1466, in wrapper
    estimator._validate_params()
  File "/common/ketrong/tpotexp/env/lib/python3.10/site-packages/sklearn/base.py", line 666, in _validate_params
    validate_parameter_constraints(
  File "/common/ketrong/tpotexp/env/lib/python3.10/site-packages/sklearn/utils/_param_validation.py", line 95, in validate_parameter_constraints
    raise InvalidParameterError(
sklearn.utils._param_validation.InvalidParameterError: The 'criterion' parameter of RandomForestRegressor must be a str among {'friedman_mse', 'poisson', 'absolute_error', 'squared_error'}. Got 'mse' instead.

Generation:  5
Best root_mean_squared_error score: -0.0014495097386955408
Generation:  20%|        | 5/25 [02:37<09:41, 29.05s/it]WARNING THIS INDIVIDUAL CAUSED AND EXCEPTION 
 <tpot2.search_spaces.pipelines.sequential.SequentialPipelineIndividual object at 0x155465b432e0> 
 The 'criterion' parameter of RandomForestRegressor must be a str among {'friedman_mse', 'poisson', 'absolute_error', 'squared_error'}. Got 'mae' instead. 
 Traceback (most recent call last):
  File "/common/ketrong/tpotexp/tpot2/tpot2/utils/eval_utils.py", line 53, in objective_nan_wrapper
    value = func_timeout.func_timeout(timeout, objective_function, args=[individual], kwargs=objective_kwargs)
  File "/common/ketrong/tpotexp/env/lib/python3.10/site-packages/func_timeout/dafunc.py", line 108, in func_timeout
    raise_exception(exception)
  File "/common/ketrong/tpotexp/env/lib/python3.10/site-packages/func_timeout/py3_raise.py", line 7, in raise_exception
    raise exception[0] from None
  File "/common/ketrong/tpotexp/tpot2/tpot2/tpot_estimator/estimator.py", line 623, in objective_function
    return objective_function_generator(
  File "/common/ketrong/tpotexp/tpot2/tpot2/tpot_estimator/estimator_utils.py", line 55, in objective_function_generator
    cv_obj_scores = cross_val_score_objective(sklearn.base.clone(pipeline),x,y,scorers=scorers, cv=cv , fold=step)
  File "/common/ketrong/tpotexp/tpot2/tpot2/tpot_estimator/cross_val_utils.py", line 28, in cross_val_score_objective
    this_fold_pipeline.fit(X_train,y_train)
  File "/common/ketrong/tpotexp/env/lib/python3.10/site-packages/sklearn/base.py", line 1473, in wrapper
    return fit_method(estimator, *args, **kwargs)
  File "/common/ketrong/tpotexp/env/lib/python3.10/site-packages/sklearn/pipeline.py", line 473, in fit
    self._final_estimator.fit(Xt, y, **last_step_params["fit"])
  File "/common/ketrong/tpotexp/env/lib/python3.10/site-packages/sklearn/base.py", line 1466, in wrapper
    estimator._validate_params()
  File "/common/ketrong/tpotexp/env/lib/python3.10/site-packages/sklearn/base.py", line 666, in _validate_params
    validate_parameter_constraints(
  File "/common/ketrong/tpotexp/env/lib/python3.10/site-packages/sklearn/utils/_param_validation.py", line 95, in validate_parameter_constraints
    raise InvalidParameterError(
sklearn.utils._param_validation.InvalidParameterError: The 'criterion' parameter of RandomForestRegressor must be a str among {'friedman_mse', 'poisson', 'absolute_error', 'squared_error'}. Got 'mae' instead.

WARNING THIS INDIVIDUAL CAUSED AND EXCEPTION 
 <tpot2.search_spaces.pipelines.sequential.SequentialPipelineIndividual object at 0x155467f03e50> 
 The 'criterion' parameter of RandomForestRegressor must be a str among {'friedman_mse', 'poisson', 'absolute_error', 'squared_error'}. Got 'mae' instead. 
 Traceback (most recent call last):
  File "/common/ketrong/tpotexp/tpot2/tpot2/utils/eval_utils.py", line 53, in objective_nan_wrapper
    value = func_timeout.func_timeout(timeout, objective_function, args=[individual], kwargs=objective_kwargs)
  File "/common/ketrong/tpotexp/env/lib/python3.10/site-packages/func_timeout/dafunc.py", line 108, in func_timeout
    raise_exception(exception)
  File "/common/ketrong/tpotexp/env/lib/python3.10/site-packages/func_timeout/py3_raise.py", line 7, in raise_exception
    raise exception[0] from None
  File "/common/ketrong/tpotexp/tpot2/tpot2/tpot_estimator/estimator.py", line 623, in objective_function
    return objective_function_generator(
  File "/common/ketrong/tpotexp/tpot2/tpot2/tpot_estimator/estimator_utils.py", line 55, in objective_function_generator
    cv_obj_scores = cross_val_score_objective(sklearn.base.clone(pipeline),x,y,scorers=scorers, cv=cv , fold=step)
  File "/common/ketrong/tpotexp/tpot2/tpot2/tpot_estimator/cross_val_utils.py", line 28, in cross_val_score_objective
    this_fold_pipeline.fit(X_train,y_train)
  File "/common/ketrong/tpotexp/env/lib/python3.10/site-packages/sklearn/base.py", line 1473, in wrapper
    return fit_method(estimator, *args, **kwargs)
  File "/common/ketrong/tpotexp/env/lib/python3.10/site-packages/sklearn/pipeline.py", line 473, in fit
    self._final_estimator.fit(Xt, y, **last_step_params["fit"])
  File "/common/ketrong/tpotexp/env/lib/python3.10/site-packages/sklearn/base.py", line 1466, in wrapper
    estimator._validate_params()
  File "/common/ketrong/tpotexp/env/lib/python3.10/site-packages/sklearn/base.py", line 666, in _validate_params
    validate_parameter_constraints(
  File "/common/ketrong/tpotexp/env/lib/python3.10/site-packages/sklearn/utils/_param_validation.py", line 95, in validate_parameter_constraints
    raise InvalidParameterError(
sklearn.utils._param_validation.InvalidParameterError: The 'criterion' parameter of RandomForestRegressor must be a str among {'friedman_mse', 'poisson', 'absolute_error', 'squared_error'}. Got 'mae' instead.

WARNING THIS INDIVIDUAL CAUSED AND EXCEPTION 
 <tpot2.search_spaces.pipelines.sequential.SequentialPipelineIndividual object at 0x1554747486d0> 
 The 'criterion' parameter of RandomForestRegressor must be a str among {'friedman_mse', 'poisson', 'absolute_error', 'squared_error'}. Got 'mae' instead. 
 Traceback (most recent call last):
  File "/common/ketrong/tpotexp/tpot2/tpot2/utils/eval_utils.py", line 53, in objective_nan_wrapper
    value = func_timeout.func_timeout(timeout, objective_function, args=[individual], kwargs=objective_kwargs)
  File "/common/ketrong/tpotexp/env/lib/python3.10/site-packages/func_timeout/dafunc.py", line 108, in func_timeout
    raise_exception(exception)
  File "/common/ketrong/tpotexp/env/lib/python3.10/site-packages/func_timeout/py3_raise.py", line 7, in raise_exception
    raise exception[0] from None
  File "/common/ketrong/tpotexp/tpot2/tpot2/tpot_estimator/estimator.py", line 623, in objective_function
    return objective_function_generator(
  File "/common/ketrong/tpotexp/tpot2/tpot2/tpot_estimator/estimator_utils.py", line 55, in objective_function_generator
    cv_obj_scores = cross_val_score_objective(sklearn.base.clone(pipeline),x,y,scorers=scorers, cv=cv , fold=step)
  File "/common/ketrong/tpotexp/tpot2/tpot2/tpot_estimator/cross_val_utils.py", line 28, in cross_val_score_objective
    this_fold_pipeline.fit(X_train,y_train)
  File "/common/ketrong/tpotexp/env/lib/python3.10/site-packages/sklearn/base.py", line 1473, in wrapper
    return fit_method(estimator, *args, **kwargs)
  File "/common/ketrong/tpotexp/env/lib/python3.10/site-packages/sklearn/pipeline.py", line 473, in fit
    self._final_estimator.fit(Xt, y, **last_step_params["fit"])
  File "/common/ketrong/tpotexp/env/lib/python3.10/site-packages/sklearn/base.py", line 1466, in wrapper
    estimator._validate_params()
  File "/common/ketrong/tpotexp/env/lib/python3.10/site-packages/sklearn/base.py", line 666, in _validate_params
    validate_parameter_constraints(
  File "/common/ketrong/tpotexp/env/lib/python3.10/site-packages/sklearn/utils/_param_validation.py", line 95, in validate_parameter_constraints
    raise InvalidParameterError(
sklearn.utils._param_validation.InvalidParameterError: The 'criterion' parameter of RandomForestRegressor must be a str among {'friedman_mse', 'poisson', 'absolute_error', 'squared_error'}. Got 'mae' instead.

Generation:  6
Best root_mean_squared_error score: -0.0014495097386955408
Generation:  24%|       | 6/25 [02:48<07:19, 23.14s/it]WARNING THIS INDIVIDUAL CAUSED AND EXCEPTION 
 <tpot2.search_spaces.pipelines.sequential.SequentialPipelineIndividual object at 0x155467bbcbe0> 
 The 'criterion' parameter of RandomForestRegressor must be a str among {'friedman_mse', 'poisson', 'absolute_error', 'squared_error'}. Got 'mse' instead. 
 Traceback (most recent call last):
  File "/common/ketrong/tpotexp/tpot2/tpot2/utils/eval_utils.py", line 53, in objective_nan_wrapper
    value = func_timeout.func_timeout(timeout, objective_function, args=[individual], kwargs=objective_kwargs)
  File "/common/ketrong/tpotexp/env/lib/python3.10/site-packages/func_timeout/dafunc.py", line 108, in func_timeout
    raise_exception(exception)
  File "/common/ketrong/tpotexp/env/lib/python3.10/site-packages/func_timeout/py3_raise.py", line 7, in raise_exception
    raise exception[0] from None
  File "/common/ketrong/tpotexp/tpot2/tpot2/tpot_estimator/estimator.py", line 623, in objective_function
    return objective_function_generator(
  File "/common/ketrong/tpotexp/tpot2/tpot2/tpot_estimator/estimator_utils.py", line 55, in objective_function_generator
    cv_obj_scores = cross_val_score_objective(sklearn.base.clone(pipeline),x,y,scorers=scorers, cv=cv , fold=step)
  File "/common/ketrong/tpotexp/tpot2/tpot2/tpot_estimator/cross_val_utils.py", line 28, in cross_val_score_objective
    this_fold_pipeline.fit(X_train,y_train)
  File "/common/ketrong/tpotexp/env/lib/python3.10/site-packages/sklearn/base.py", line 1473, in wrapper
    return fit_method(estimator, *args, **kwargs)
  File "/common/ketrong/tpotexp/env/lib/python3.10/site-packages/sklearn/pipeline.py", line 473, in fit
    self._final_estimator.fit(Xt, y, **last_step_params["fit"])
  File "/common/ketrong/tpotexp/env/lib/python3.10/site-packages/sklearn/base.py", line 1466, in wrapper
    estimator._validate_params()
  File "/common/ketrong/tpotexp/env/lib/python3.10/site-packages/sklearn/base.py", line 666, in _validate_params
    validate_parameter_constraints(
  File "/common/ketrong/tpotexp/env/lib/python3.10/site-packages/sklearn/utils/_param_validation.py", line 95, in validate_parameter_constraints
    raise InvalidParameterError(
sklearn.utils._param_validation.InvalidParameterError: The 'criterion' parameter of RandomForestRegressor must be a str among {'friedman_mse', 'poisson', 'absolute_error', 'squared_error'}. Got 'mse' instead.

WARNING THIS INDIVIDUAL CAUSED AND EXCEPTION 
 <tpot2.search_spaces.pipelines.sequential.SequentialPipelineIndividual object at 0x15547470ac20> 
 The 'criterion' parameter of RandomForestRegressor must be a str among {'friedman_mse', 'poisson', 'absolute_error', 'squared_error'}. Got 'mse' instead. 
 Traceback (most recent call last):
  File "/common/ketrong/tpotexp/tpot2/tpot2/utils/eval_utils.py", line 53, in objective_nan_wrapper
    value = func_timeout.func_timeout(timeout, objective_function, args=[individual], kwargs=objective_kwargs)
  File "/common/ketrong/tpotexp/env/lib/python3.10/site-packages/func_timeout/dafunc.py", line 108, in func_timeout
    raise_exception(exception)
  File "/common/ketrong/tpotexp/env/lib/python3.10/site-packages/func_timeout/py3_raise.py", line 7, in raise_exception
    raise exception[0] from None
  File "/common/ketrong/tpotexp/tpot2/tpot2/tpot_estimator/estimator.py", line 623, in objective_function
    return objective_function_generator(
  File "/common/ketrong/tpotexp/tpot2/tpot2/tpot_estimator/estimator_utils.py", line 55, in objective_function_generator
    cv_obj_scores = cross_val_score_objective(sklearn.base.clone(pipeline),x,y,scorers=scorers, cv=cv , fold=step)
  File "/common/ketrong/tpotexp/tpot2/tpot2/tpot_estimator/cross_val_utils.py", line 28, in cross_val_score_objective
    this_fold_pipeline.fit(X_train,y_train)
  File "/common/ketrong/tpotexp/env/lib/python3.10/site-packages/sklearn/base.py", line 1473, in wrapper
    return fit_method(estimator, *args, **kwargs)
  File "/common/ketrong/tpotexp/env/lib/python3.10/site-packages/sklearn/pipeline.py", line 473, in fit
    self._final_estimator.fit(Xt, y, **last_step_params["fit"])
  File "/common/ketrong/tpotexp/env/lib/python3.10/site-packages/sklearn/base.py", line 1466, in wrapper
    estimator._validate_params()
  File "/common/ketrong/tpotexp/env/lib/python3.10/site-packages/sklearn/base.py", line 666, in _validate_params
    validate_parameter_constraints(
  File "/common/ketrong/tpotexp/env/lib/python3.10/site-packages/sklearn/utils/_param_validation.py", line 95, in validate_parameter_constraints
    raise InvalidParameterError(
sklearn.utils._param_validation.InvalidParameterError: The 'criterion' parameter of RandomForestRegressor must be a str among {'friedman_mse', 'poisson', 'absolute_error', 'squared_error'}. Got 'mse' instead.

WARNING THIS INDIVIDUAL CAUSED AND EXCEPTION 
 <tpot2.search_spaces.pipelines.sequential.SequentialPipelineIndividual object at 0x155467c45c90> 
 The 'criterion' parameter of RandomForestRegressor must be a str among {'friedman_mse', 'poisson', 'absolute_error', 'squared_error'}. Got 'mse' instead. 
 Traceback (most recent call last):
  File "/common/ketrong/tpotexp/tpot2/tpot2/utils/eval_utils.py", line 53, in objective_nan_wrapper
    value = func_timeout.func_timeout(timeout, objective_function, args=[individual], kwargs=objective_kwargs)
  File "/common/ketrong/tpotexp/env/lib/python3.10/site-packages/func_timeout/dafunc.py", line 108, in func_timeout
    raise_exception(exception)
  File "/common/ketrong/tpotexp/env/lib/python3.10/site-packages/func_timeout/py3_raise.py", line 7, in raise_exception
    raise exception[0] from None
  File "/common/ketrong/tpotexp/tpot2/tpot2/tpot_estimator/estimator.py", line 623, in objective_function
    return objective_function_generator(
  File "/common/ketrong/tpotexp/tpot2/tpot2/tpot_estimator/estimator_utils.py", line 55, in objective_function_generator
    cv_obj_scores = cross_val_score_objective(sklearn.base.clone(pipeline),x,y,scorers=scorers, cv=cv , fold=step)
  File "/common/ketrong/tpotexp/tpot2/tpot2/tpot_estimator/cross_val_utils.py", line 28, in cross_val_score_objective
    this_fold_pipeline.fit(X_train,y_train)
  File "/common/ketrong/tpotexp/env/lib/python3.10/site-packages/sklearn/base.py", line 1473, in wrapper
    return fit_method(estimator, *args, **kwargs)
  File "/common/ketrong/tpotexp/env/lib/python3.10/site-packages/sklearn/pipeline.py", line 473, in fit
    self._final_estimator.fit(Xt, y, **last_step_params["fit"])
  File "/common/ketrong/tpotexp/env/lib/python3.10/site-packages/sklearn/base.py", line 1466, in wrapper
    estimator._validate_params()
  File "/common/ketrong/tpotexp/env/lib/python3.10/site-packages/sklearn/base.py", line 666, in _validate_params
    validate_parameter_constraints(
  File "/common/ketrong/tpotexp/env/lib/python3.10/site-packages/sklearn/utils/_param_validation.py", line 95, in validate_parameter_constraints
    raise InvalidParameterError(
sklearn.utils._param_validation.InvalidParameterError: The 'criterion' parameter of RandomForestRegressor must be a str among {'friedman_mse', 'poisson', 'absolute_error', 'squared_error'}. Got 'mse' instead.

WARNING THIS INDIVIDUAL CAUSED AND EXCEPTION 
 <tpot2.search_spaces.pipelines.sequential.SequentialPipelineIndividual object at 0x155467fd4400> 
 The 'criterion' parameter of RandomForestRegressor must be a str among {'friedman_mse', 'poisson', 'absolute_error', 'squared_error'}. Got 'mae' instead. 
 Traceback (most recent call last):
  File "/common/ketrong/tpotexp/tpot2/tpot2/utils/eval_utils.py", line 53, in objective_nan_wrapper
    value = func_timeout.func_timeout(timeout, objective_function, args=[individual], kwargs=objective_kwargs)
  File "/common/ketrong/tpotexp/env/lib/python3.10/site-packages/func_timeout/dafunc.py", line 108, in func_timeout
    raise_exception(exception)
  File "/common/ketrong/tpotexp/env/lib/python3.10/site-packages/func_timeout/py3_raise.py", line 7, in raise_exception
    raise exception[0] from None
  File "/common/ketrong/tpotexp/tpot2/tpot2/tpot_estimator/estimator.py", line 623, in objective_function
    return objective_function_generator(
  File "/common/ketrong/tpotexp/tpot2/tpot2/tpot_estimator/estimator_utils.py", line 55, in objective_function_generator
    cv_obj_scores = cross_val_score_objective(sklearn.base.clone(pipeline),x,y,scorers=scorers, cv=cv , fold=step)
  File "/common/ketrong/tpotexp/tpot2/tpot2/tpot_estimator/cross_val_utils.py", line 28, in cross_val_score_objective
    this_fold_pipeline.fit(X_train,y_train)
  File "/common/ketrong/tpotexp/env/lib/python3.10/site-packages/sklearn/base.py", line 1473, in wrapper
    return fit_method(estimator, *args, **kwargs)
  File "/common/ketrong/tpotexp/env/lib/python3.10/site-packages/sklearn/pipeline.py", line 473, in fit
    self._final_estimator.fit(Xt, y, **last_step_params["fit"])
  File "/common/ketrong/tpotexp/env/lib/python3.10/site-packages/sklearn/base.py", line 1466, in wrapper
    estimator._validate_params()
  File "/common/ketrong/tpotexp/env/lib/python3.10/site-packages/sklearn/base.py", line 666, in _validate_params
    validate_parameter_constraints(
  File "/common/ketrong/tpotexp/env/lib/python3.10/site-packages/sklearn/utils/_param_validation.py", line 95, in validate_parameter_constraints
    raise InvalidParameterError(
sklearn.utils._param_validation.InvalidParameterError: The 'criterion' parameter of RandomForestRegressor must be a str among {'friedman_mse', 'poisson', 'absolute_error', 'squared_error'}. Got 'mae' instead.

Generation:  7
Best root_mean_squared_error score: -0.0014495097386955408
Generation:  28%|       | 7/25 [02:57<05:29, 18.31s/it]WARNING THIS INDIVIDUAL CAUSED AND EXCEPTION 
 <tpot2.search_spaces.pipelines.sequential.SequentialPipelineIndividual object at 0x155467fa8c70> 
 The 'criterion' parameter of ExtraTreesRegressor must be a str among {'friedman_mse', 'poisson', 'absolute_error', 'squared_error'}. Got 'mae' instead. 
 Traceback (most recent call last):
  File "/common/ketrong/tpotexp/tpot2/tpot2/utils/eval_utils.py", line 53, in objective_nan_wrapper
    value = func_timeout.func_timeout(timeout, objective_function, args=[individual], kwargs=objective_kwargs)
  File "/common/ketrong/tpotexp/env/lib/python3.10/site-packages/func_timeout/dafunc.py", line 108, in func_timeout
    raise_exception(exception)
  File "/common/ketrong/tpotexp/env/lib/python3.10/site-packages/func_timeout/py3_raise.py", line 7, in raise_exception
    raise exception[0] from None
  File "/common/ketrong/tpotexp/tpot2/tpot2/tpot_estimator/estimator.py", line 623, in objective_function
    return objective_function_generator(
  File "/common/ketrong/tpotexp/tpot2/tpot2/tpot_estimator/estimator_utils.py", line 55, in objective_function_generator
    cv_obj_scores = cross_val_score_objective(sklearn.base.clone(pipeline),x,y,scorers=scorers, cv=cv , fold=step)
  File "/common/ketrong/tpotexp/tpot2/tpot2/tpot_estimator/cross_val_utils.py", line 28, in cross_val_score_objective
    this_fold_pipeline.fit(X_train,y_train)
  File "/common/ketrong/tpotexp/env/lib/python3.10/site-packages/sklearn/base.py", line 1473, in wrapper
    return fit_method(estimator, *args, **kwargs)
  File "/common/ketrong/tpotexp/env/lib/python3.10/site-packages/sklearn/pipeline.py", line 473, in fit
    self._final_estimator.fit(Xt, y, **last_step_params["fit"])
  File "/common/ketrong/tpotexp/env/lib/python3.10/site-packages/sklearn/base.py", line 1466, in wrapper
    estimator._validate_params()
  File "/common/ketrong/tpotexp/env/lib/python3.10/site-packages/sklearn/base.py", line 666, in _validate_params
    validate_parameter_constraints(
  File "/common/ketrong/tpotexp/env/lib/python3.10/site-packages/sklearn/utils/_param_validation.py", line 95, in validate_parameter_constraints
    raise InvalidParameterError(
sklearn.utils._param_validation.InvalidParameterError: The 'criterion' parameter of ExtraTreesRegressor must be a str among {'friedman_mse', 'poisson', 'absolute_error', 'squared_error'}. Got 'mae' instead.

WARNING THIS INDIVIDUAL CAUSED AND EXCEPTION 
 <tpot2.search_spaces.pipelines.sequential.SequentialPipelineIndividual object at 0x155465c0d4b0> 
 The 'criterion' parameter of RandomForestRegressor must be a str among {'friedman_mse', 'poisson', 'absolute_error', 'squared_error'}. Got 'mae' instead. 
 Traceback (most recent call last):
  File "/common/ketrong/tpotexp/tpot2/tpot2/utils/eval_utils.py", line 53, in objective_nan_wrapper
    value = func_timeout.func_timeout(timeout, objective_function, args=[individual], kwargs=objective_kwargs)
  File "/common/ketrong/tpotexp/env/lib/python3.10/site-packages/func_timeout/dafunc.py", line 108, in func_timeout
    raise_exception(exception)
  File "/common/ketrong/tpotexp/env/lib/python3.10/site-packages/func_timeout/py3_raise.py", line 7, in raise_exception
    raise exception[0] from None
  File "/common/ketrong/tpotexp/tpot2/tpot2/tpot_estimator/estimator.py", line 623, in objective_function
    return objective_function_generator(
  File "/common/ketrong/tpotexp/tpot2/tpot2/tpot_estimator/estimator_utils.py", line 55, in objective_function_generator
    cv_obj_scores = cross_val_score_objective(sklearn.base.clone(pipeline),x,y,scorers=scorers, cv=cv , fold=step)
  File "/common/ketrong/tpotexp/tpot2/tpot2/tpot_estimator/cross_val_utils.py", line 28, in cross_val_score_objective
    this_fold_pipeline.fit(X_train,y_train)
  File "/common/ketrong/tpotexp/env/lib/python3.10/site-packages/sklearn/base.py", line 1473, in wrapper
    return fit_method(estimator, *args, **kwargs)
  File "/common/ketrong/tpotexp/env/lib/python3.10/site-packages/sklearn/pipeline.py", line 473, in fit
    self._final_estimator.fit(Xt, y, **last_step_params["fit"])
  File "/common/ketrong/tpotexp/env/lib/python3.10/site-packages/sklearn/base.py", line 1466, in wrapper
    estimator._validate_params()
  File "/common/ketrong/tpotexp/env/lib/python3.10/site-packages/sklearn/base.py", line 666, in _validate_params
    validate_parameter_constraints(
  File "/common/ketrong/tpotexp/env/lib/python3.10/site-packages/sklearn/utils/_param_validation.py", line 95, in validate_parameter_constraints
    raise InvalidParameterError(
sklearn.utils._param_validation.InvalidParameterError: The 'criterion' parameter of RandomForestRegressor must be a str among {'friedman_mse', 'poisson', 'absolute_error', 'squared_error'}. Got 'mae' instead.

WARNING THIS INDIVIDUAL CAUSED AND EXCEPTION 
 <tpot2.search_spaces.pipelines.sequential.SequentialPipelineIndividual object at 0x155467ab4a60> 
 The 'criterion' parameter of DecisionTreeRegressor must be a str among {'friedman_mse', 'poisson', 'absolute_error', 'squared_error'}. Got 'mae' instead. 
 Traceback (most recent call last):
  File "/common/ketrong/tpotexp/tpot2/tpot2/utils/eval_utils.py", line 53, in objective_nan_wrapper
    value = func_timeout.func_timeout(timeout, objective_function, args=[individual], kwargs=objective_kwargs)
  File "/common/ketrong/tpotexp/env/lib/python3.10/site-packages/func_timeout/dafunc.py", line 108, in func_timeout
    raise_exception(exception)
  File "/common/ketrong/tpotexp/env/lib/python3.10/site-packages/func_timeout/py3_raise.py", line 7, in raise_exception
    raise exception[0] from None
  File "/common/ketrong/tpotexp/tpot2/tpot2/tpot_estimator/estimator.py", line 623, in objective_function
    return objective_function_generator(
  File "/common/ketrong/tpotexp/tpot2/tpot2/tpot_estimator/estimator_utils.py", line 55, in objective_function_generator
    cv_obj_scores = cross_val_score_objective(sklearn.base.clone(pipeline),x,y,scorers=scorers, cv=cv , fold=step)
  File "/common/ketrong/tpotexp/tpot2/tpot2/tpot_estimator/cross_val_utils.py", line 28, in cross_val_score_objective
    this_fold_pipeline.fit(X_train,y_train)
  File "/common/ketrong/tpotexp/env/lib/python3.10/site-packages/sklearn/base.py", line 1473, in wrapper
    return fit_method(estimator, *args, **kwargs)
  File "/common/ketrong/tpotexp/env/lib/python3.10/site-packages/sklearn/pipeline.py", line 473, in fit
    self._final_estimator.fit(Xt, y, **last_step_params["fit"])
  File "/common/ketrong/tpotexp/env/lib/python3.10/site-packages/sklearn/base.py", line 1466, in wrapper
    estimator._validate_params()
  File "/common/ketrong/tpotexp/env/lib/python3.10/site-packages/sklearn/base.py", line 666, in _validate_params
    validate_parameter_constraints(
  File "/common/ketrong/tpotexp/env/lib/python3.10/site-packages/sklearn/utils/_param_validation.py", line 95, in validate_parameter_constraints
    raise InvalidParameterError(
sklearn.utils._param_validation.InvalidParameterError: The 'criterion' parameter of DecisionTreeRegressor must be a str among {'friedman_mse', 'poisson', 'absolute_error', 'squared_error'}. Got 'mae' instead.

WARNING THIS INDIVIDUAL CAUSED AND EXCEPTION 
 <tpot2.search_spaces.pipelines.sequential.SequentialPipelineIndividual object at 0x1554658b1a20> 
 The 'criterion' parameter of RandomForestRegressor must be a str among {'friedman_mse', 'poisson', 'absolute_error', 'squared_error'}. Got 'mse' instead. 
 Traceback (most recent call last):
  File "/common/ketrong/tpotexp/tpot2/tpot2/utils/eval_utils.py", line 53, in objective_nan_wrapper
    value = func_timeout.func_timeout(timeout, objective_function, args=[individual], kwargs=objective_kwargs)
  File "/common/ketrong/tpotexp/env/lib/python3.10/site-packages/func_timeout/dafunc.py", line 108, in func_timeout
    raise_exception(exception)
  File "/common/ketrong/tpotexp/env/lib/python3.10/site-packages/func_timeout/py3_raise.py", line 7, in raise_exception
    raise exception[0] from None
  File "/common/ketrong/tpotexp/tpot2/tpot2/tpot_estimator/estimator.py", line 623, in objective_function
    return objective_function_generator(
  File "/common/ketrong/tpotexp/tpot2/tpot2/tpot_estimator/estimator_utils.py", line 55, in objective_function_generator
    cv_obj_scores = cross_val_score_objective(sklearn.base.clone(pipeline),x,y,scorers=scorers, cv=cv , fold=step)
  File "/common/ketrong/tpotexp/tpot2/tpot2/tpot_estimator/cross_val_utils.py", line 28, in cross_val_score_objective
    this_fold_pipeline.fit(X_train,y_train)
  File "/common/ketrong/tpotexp/env/lib/python3.10/site-packages/sklearn/base.py", line 1473, in wrapper
    return fit_method(estimator, *args, **kwargs)
  File "/common/ketrong/tpotexp/env/lib/python3.10/site-packages/sklearn/pipeline.py", line 473, in fit
    self._final_estimator.fit(Xt, y, **last_step_params["fit"])
  File "/common/ketrong/tpotexp/env/lib/python3.10/site-packages/sklearn/base.py", line 1466, in wrapper
    estimator._validate_params()
  File "/common/ketrong/tpotexp/env/lib/python3.10/site-packages/sklearn/base.py", line 666, in _validate_params
    validate_parameter_constraints(
  File "/common/ketrong/tpotexp/env/lib/python3.10/site-packages/sklearn/utils/_param_validation.py", line 95, in validate_parameter_constraints
    raise InvalidParameterError(
sklearn.utils._param_validation.InvalidParameterError: The 'criterion' parameter of RandomForestRegressor must be a str among {'friedman_mse', 'poisson', 'absolute_error', 'squared_error'}. Got 'mse' instead.

Generation:  8
Best root_mean_squared_error score: -0.0014495097386955408
Generation:  32%|      | 8/25 [03:11<04:49, 17.04s/it]WARNING THIS INDIVIDUAL CAUSED AND EXCEPTION 
 <tpot2.search_spaces.pipelines.sequential.SequentialPipelineIndividual object at 0x155465ca39d0> 
 The 'criterion' parameter of RandomForestRegressor must be a str among {'friedman_mse', 'poisson', 'absolute_error', 'squared_error'}. Got 'mae' instead. 
 Traceback (most recent call last):
  File "/common/ketrong/tpotexp/tpot2/tpot2/utils/eval_utils.py", line 53, in objective_nan_wrapper
    value = func_timeout.func_timeout(timeout, objective_function, args=[individual], kwargs=objective_kwargs)
  File "/common/ketrong/tpotexp/env/lib/python3.10/site-packages/func_timeout/dafunc.py", line 108, in func_timeout
    raise_exception(exception)
  File "/common/ketrong/tpotexp/env/lib/python3.10/site-packages/func_timeout/py3_raise.py", line 7, in raise_exception
    raise exception[0] from None
  File "/common/ketrong/tpotexp/tpot2/tpot2/tpot_estimator/estimator.py", line 623, in objective_function
    return objective_function_generator(
  File "/common/ketrong/tpotexp/tpot2/tpot2/tpot_estimator/estimator_utils.py", line 55, in objective_function_generator
    cv_obj_scores = cross_val_score_objective(sklearn.base.clone(pipeline),x,y,scorers=scorers, cv=cv , fold=step)
  File "/common/ketrong/tpotexp/tpot2/tpot2/tpot_estimator/cross_val_utils.py", line 28, in cross_val_score_objective
    this_fold_pipeline.fit(X_train,y_train)
  File "/common/ketrong/tpotexp/env/lib/python3.10/site-packages/sklearn/base.py", line 1473, in wrapper
    return fit_method(estimator, *args, **kwargs)
  File "/common/ketrong/tpotexp/env/lib/python3.10/site-packages/sklearn/pipeline.py", line 473, in fit
    self._final_estimator.fit(Xt, y, **last_step_params["fit"])
  File "/common/ketrong/tpotexp/env/lib/python3.10/site-packages/sklearn/base.py", line 1466, in wrapper
    estimator._validate_params()
  File "/common/ketrong/tpotexp/env/lib/python3.10/site-packages/sklearn/base.py", line 666, in _validate_params
    validate_parameter_constraints(
  File "/common/ketrong/tpotexp/env/lib/python3.10/site-packages/sklearn/utils/_param_validation.py", line 95, in validate_parameter_constraints
    raise InvalidParameterError(
sklearn.utils._param_validation.InvalidParameterError: The 'criterion' parameter of RandomForestRegressor must be a str among {'friedman_mse', 'poisson', 'absolute_error', 'squared_error'}. Got 'mae' instead.

WARNING THIS INDIVIDUAL CAUSED AND EXCEPTION 
 <tpot2.search_spaces.pipelines.sequential.SequentialPipelineIndividual object at 0x155467ab78e0> 
 The 'criterion' parameter of RandomForestRegressor must be a str among {'friedman_mse', 'poisson', 'absolute_error', 'squared_error'}. Got 'mae' instead. 
 Traceback (most recent call last):
  File "/common/ketrong/tpotexp/tpot2/tpot2/utils/eval_utils.py", line 53, in objective_nan_wrapper
    value = func_timeout.func_timeout(timeout, objective_function, args=[individual], kwargs=objective_kwargs)
  File "/common/ketrong/tpotexp/env/lib/python3.10/site-packages/func_timeout/dafunc.py", line 108, in func_timeout
    raise_exception(exception)
  File "/common/ketrong/tpotexp/env/lib/python3.10/site-packages/func_timeout/py3_raise.py", line 7, in raise_exception
    raise exception[0] from None
  File "/common/ketrong/tpotexp/tpot2/tpot2/tpot_estimator/estimator.py", line 623, in objective_function
    return objective_function_generator(
  File "/common/ketrong/tpotexp/tpot2/tpot2/tpot_estimator/estimator_utils.py", line 55, in objective_function_generator
    cv_obj_scores = cross_val_score_objective(sklearn.base.clone(pipeline),x,y,scorers=scorers, cv=cv , fold=step)
  File "/common/ketrong/tpotexp/tpot2/tpot2/tpot_estimator/cross_val_utils.py", line 28, in cross_val_score_objective
    this_fold_pipeline.fit(X_train,y_train)
  File "/common/ketrong/tpotexp/env/lib/python3.10/site-packages/sklearn/base.py", line 1473, in wrapper
    return fit_method(estimator, *args, **kwargs)
  File "/common/ketrong/tpotexp/env/lib/python3.10/site-packages/sklearn/pipeline.py", line 473, in fit
    self._final_estimator.fit(Xt, y, **last_step_params["fit"])
  File "/common/ketrong/tpotexp/env/lib/python3.10/site-packages/sklearn/base.py", line 1466, in wrapper
    estimator._validate_params()
  File "/common/ketrong/tpotexp/env/lib/python3.10/site-packages/sklearn/base.py", line 666, in _validate_params
    validate_parameter_constraints(
  File "/common/ketrong/tpotexp/env/lib/python3.10/site-packages/sklearn/utils/_param_validation.py", line 95, in validate_parameter_constraints
    raise InvalidParameterError(
sklearn.utils._param_validation.InvalidParameterError: The 'criterion' parameter of RandomForestRegressor must be a str among {'friedman_mse', 'poisson', 'absolute_error', 'squared_error'}. Got 'mae' instead.

WARNING THIS INDIVIDUAL CAUSED AND EXCEPTION 
 <tpot2.search_spaces.pipelines.sequential.SequentialPipelineIndividual object at 0x1554747313c0> 
 The 'criterion' parameter of RandomForestRegressor must be a str among {'friedman_mse', 'poisson', 'absolute_error', 'squared_error'}. Got 'mae' instead. 
 Traceback (most recent call last):
  File "/common/ketrong/tpotexp/tpot2/tpot2/utils/eval_utils.py", line 53, in objective_nan_wrapper
    value = func_timeout.func_timeout(timeout, objective_function, args=[individual], kwargs=objective_kwargs)
  File "/common/ketrong/tpotexp/env/lib/python3.10/site-packages/func_timeout/dafunc.py", line 108, in func_timeout
    raise_exception(exception)
  File "/common/ketrong/tpotexp/env/lib/python3.10/site-packages/func_timeout/py3_raise.py", line 7, in raise_exception
    raise exception[0] from None
  File "/common/ketrong/tpotexp/tpot2/tpot2/tpot_estimator/estimator.py", line 623, in objective_function
    return objective_function_generator(
  File "/common/ketrong/tpotexp/tpot2/tpot2/tpot_estimator/estimator_utils.py", line 55, in objective_function_generator
    cv_obj_scores = cross_val_score_objective(sklearn.base.clone(pipeline),x,y,scorers=scorers, cv=cv , fold=step)
  File "/common/ketrong/tpotexp/tpot2/tpot2/tpot_estimator/cross_val_utils.py", line 28, in cross_val_score_objective
    this_fold_pipeline.fit(X_train,y_train)
  File "/common/ketrong/tpotexp/env/lib/python3.10/site-packages/sklearn/base.py", line 1473, in wrapper
    return fit_method(estimator, *args, **kwargs)
  File "/common/ketrong/tpotexp/env/lib/python3.10/site-packages/sklearn/pipeline.py", line 473, in fit
    self._final_estimator.fit(Xt, y, **last_step_params["fit"])
  File "/common/ketrong/tpotexp/env/lib/python3.10/site-packages/sklearn/base.py", line 1466, in wrapper
    estimator._validate_params()
  File "/common/ketrong/tpotexp/env/lib/python3.10/site-packages/sklearn/base.py", line 666, in _validate_params
    validate_parameter_constraints(
  File "/common/ketrong/tpotexp/env/lib/python3.10/site-packages/sklearn/utils/_param_validation.py", line 95, in validate_parameter_constraints
    raise InvalidParameterError(
sklearn.utils._param_validation.InvalidParameterError: The 'criterion' parameter of RandomForestRegressor must be a str among {'friedman_mse', 'poisson', 'absolute_error', 'squared_error'}. Got 'mae' instead.

Generation:  9
Best root_mean_squared_error score: -0.0014492214895458207
Generation:  36%|      | 9/25 [03:17<03:36, 13.56s/it]WARNING THIS INDIVIDUAL CAUSED AND EXCEPTION 
 <tpot2.search_spaces.pipelines.sequential.SequentialPipelineIndividual object at 0x155467c82bf0> 
 The 'criterion' parameter of RandomForestRegressor must be a str among {'friedman_mse', 'poisson', 'absolute_error', 'squared_error'}. Got 'mse' instead. 
 Traceback (most recent call last):
  File "/common/ketrong/tpotexp/tpot2/tpot2/utils/eval_utils.py", line 53, in objective_nan_wrapper
    value = func_timeout.func_timeout(timeout, objective_function, args=[individual], kwargs=objective_kwargs)
  File "/common/ketrong/tpotexp/env/lib/python3.10/site-packages/func_timeout/dafunc.py", line 108, in func_timeout
    raise_exception(exception)
  File "/common/ketrong/tpotexp/env/lib/python3.10/site-packages/func_timeout/py3_raise.py", line 7, in raise_exception
    raise exception[0] from None
  File "/common/ketrong/tpotexp/tpot2/tpot2/tpot_estimator/estimator.py", line 623, in objective_function
    return objective_function_generator(
  File "/common/ketrong/tpotexp/tpot2/tpot2/tpot_estimator/estimator_utils.py", line 55, in objective_function_generator
    cv_obj_scores = cross_val_score_objective(sklearn.base.clone(pipeline),x,y,scorers=scorers, cv=cv , fold=step)
  File "/common/ketrong/tpotexp/tpot2/tpot2/tpot_estimator/cross_val_utils.py", line 28, in cross_val_score_objective
    this_fold_pipeline.fit(X_train,y_train)
  File "/common/ketrong/tpotexp/env/lib/python3.10/site-packages/sklearn/base.py", line 1473, in wrapper
    return fit_method(estimator, *args, **kwargs)
  File "/common/ketrong/tpotexp/env/lib/python3.10/site-packages/sklearn/pipeline.py", line 473, in fit
    self._final_estimator.fit(Xt, y, **last_step_params["fit"])
  File "/common/ketrong/tpotexp/env/lib/python3.10/site-packages/sklearn/base.py", line 1466, in wrapper
    estimator._validate_params()
  File "/common/ketrong/tpotexp/env/lib/python3.10/site-packages/sklearn/base.py", line 666, in _validate_params
    validate_parameter_constraints(
  File "/common/ketrong/tpotexp/env/lib/python3.10/site-packages/sklearn/utils/_param_validation.py", line 95, in validate_parameter_constraints
    raise InvalidParameterError(
sklearn.utils._param_validation.InvalidParameterError: The 'criterion' parameter of RandomForestRegressor must be a str among {'friedman_mse', 'poisson', 'absolute_error', 'squared_error'}. Got 'mse' instead.

Generation:  10
Best root_mean_squared_error score: -0.0014486474641251866
Generation:  40%|      | 10/25 [03:48<04:42, 18.84s/it]WARNING THIS INDIVIDUAL CAUSED AND EXCEPTION 
 <tpot2.search_spaces.pipelines.sequential.SequentialPipelineIndividual object at 0x15546581eef0> 
 The 'criterion' parameter of DecisionTreeRegressor must be a str among {'friedman_mse', 'poisson', 'absolute_error', 'squared_error'}. Got 'mae' instead. 
 Traceback (most recent call last):
  File "/common/ketrong/tpotexp/tpot2/tpot2/utils/eval_utils.py", line 53, in objective_nan_wrapper
    value = func_timeout.func_timeout(timeout, objective_function, args=[individual], kwargs=objective_kwargs)
  File "/common/ketrong/tpotexp/env/lib/python3.10/site-packages/func_timeout/dafunc.py", line 108, in func_timeout
    raise_exception(exception)
  File "/common/ketrong/tpotexp/env/lib/python3.10/site-packages/func_timeout/py3_raise.py", line 7, in raise_exception
    raise exception[0] from None
  File "/common/ketrong/tpotexp/tpot2/tpot2/tpot_estimator/estimator.py", line 623, in objective_function
    return objective_function_generator(
  File "/common/ketrong/tpotexp/tpot2/tpot2/tpot_estimator/estimator_utils.py", line 55, in objective_function_generator
    cv_obj_scores = cross_val_score_objective(sklearn.base.clone(pipeline),x,y,scorers=scorers, cv=cv , fold=step)
  File "/common/ketrong/tpotexp/tpot2/tpot2/tpot_estimator/cross_val_utils.py", line 28, in cross_val_score_objective
    this_fold_pipeline.fit(X_train,y_train)
  File "/common/ketrong/tpotexp/env/lib/python3.10/site-packages/sklearn/base.py", line 1473, in wrapper
    return fit_method(estimator, *args, **kwargs)
  File "/common/ketrong/tpotexp/env/lib/python3.10/site-packages/sklearn/pipeline.py", line 473, in fit
    self._final_estimator.fit(Xt, y, **last_step_params["fit"])
  File "/common/ketrong/tpotexp/env/lib/python3.10/site-packages/sklearn/base.py", line 1466, in wrapper
    estimator._validate_params()
  File "/common/ketrong/tpotexp/env/lib/python3.10/site-packages/sklearn/base.py", line 666, in _validate_params
    validate_parameter_constraints(
  File "/common/ketrong/tpotexp/env/lib/python3.10/site-packages/sklearn/utils/_param_validation.py", line 95, in validate_parameter_constraints
    raise InvalidParameterError(
sklearn.utils._param_validation.InvalidParameterError: The 'criterion' parameter of DecisionTreeRegressor must be a str among {'friedman_mse', 'poisson', 'absolute_error', 'squared_error'}. Got 'mae' instead.

WARNING THIS INDIVIDUAL CAUSED AND EXCEPTION 
 <tpot2.search_spaces.pipelines.sequential.SequentialPipelineIndividual object at 0x155467f996c0> 
 The 'criterion' parameter of RandomForestRegressor must be a str among {'friedman_mse', 'poisson', 'absolute_error', 'squared_error'}. Got 'mae' instead. 
 Traceback (most recent call last):
  File "/common/ketrong/tpotexp/tpot2/tpot2/utils/eval_utils.py", line 53, in objective_nan_wrapper
    value = func_timeout.func_timeout(timeout, objective_function, args=[individual], kwargs=objective_kwargs)
  File "/common/ketrong/tpotexp/env/lib/python3.10/site-packages/func_timeout/dafunc.py", line 108, in func_timeout
    raise_exception(exception)
  File "/common/ketrong/tpotexp/env/lib/python3.10/site-packages/func_timeout/py3_raise.py", line 7, in raise_exception
    raise exception[0] from None
  File "/common/ketrong/tpotexp/tpot2/tpot2/tpot_estimator/estimator.py", line 623, in objective_function
    return objective_function_generator(
  File "/common/ketrong/tpotexp/tpot2/tpot2/tpot_estimator/estimator_utils.py", line 55, in objective_function_generator
    cv_obj_scores = cross_val_score_objective(sklearn.base.clone(pipeline),x,y,scorers=scorers, cv=cv , fold=step)
  File "/common/ketrong/tpotexp/tpot2/tpot2/tpot_estimator/cross_val_utils.py", line 28, in cross_val_score_objective
    this_fold_pipeline.fit(X_train,y_train)
  File "/common/ketrong/tpotexp/env/lib/python3.10/site-packages/sklearn/base.py", line 1473, in wrapper
    return fit_method(estimator, *args, **kwargs)
  File "/common/ketrong/tpotexp/env/lib/python3.10/site-packages/sklearn/pipeline.py", line 473, in fit
    self._final_estimator.fit(Xt, y, **last_step_params["fit"])
  File "/common/ketrong/tpotexp/env/lib/python3.10/site-packages/sklearn/base.py", line 1466, in wrapper
    estimator._validate_params()
  File "/common/ketrong/tpotexp/env/lib/python3.10/site-packages/sklearn/base.py", line 666, in _validate_params
    validate_parameter_constraints(
  File "/common/ketrong/tpotexp/env/lib/python3.10/site-packages/sklearn/utils/_param_validation.py", line 95, in validate_parameter_constraints
    raise InvalidParameterError(
sklearn.utils._param_validation.InvalidParameterError: The 'criterion' parameter of RandomForestRegressor must be a str among {'friedman_mse', 'poisson', 'absolute_error', 'squared_error'}. Got 'mae' instead.

WARNING THIS INDIVIDUAL CAUSED AND EXCEPTION 
 <tpot2.search_spaces.pipelines.sequential.SequentialPipelineIndividual object at 0x155467b4ff10> 
 The 'criterion' parameter of RandomForestRegressor must be a str among {'friedman_mse', 'poisson', 'absolute_error', 'squared_error'}. Got 'mse' instead. 
 Traceback (most recent call last):
  File "/common/ketrong/tpotexp/tpot2/tpot2/utils/eval_utils.py", line 53, in objective_nan_wrapper
    value = func_timeout.func_timeout(timeout, objective_function, args=[individual], kwargs=objective_kwargs)
  File "/common/ketrong/tpotexp/env/lib/python3.10/site-packages/func_timeout/dafunc.py", line 108, in func_timeout
    raise_exception(exception)
  File "/common/ketrong/tpotexp/env/lib/python3.10/site-packages/func_timeout/py3_raise.py", line 7, in raise_exception
    raise exception[0] from None
  File "/common/ketrong/tpotexp/tpot2/tpot2/tpot_estimator/estimator.py", line 623, in objective_function
    return objective_function_generator(
  File "/common/ketrong/tpotexp/tpot2/tpot2/tpot_estimator/estimator_utils.py", line 55, in objective_function_generator
    cv_obj_scores = cross_val_score_objective(sklearn.base.clone(pipeline),x,y,scorers=scorers, cv=cv , fold=step)
  File "/common/ketrong/tpotexp/tpot2/tpot2/tpot_estimator/cross_val_utils.py", line 28, in cross_val_score_objective
    this_fold_pipeline.fit(X_train,y_train)
  File "/common/ketrong/tpotexp/env/lib/python3.10/site-packages/sklearn/base.py", line 1473, in wrapper
    return fit_method(estimator, *args, **kwargs)
  File "/common/ketrong/tpotexp/env/lib/python3.10/site-packages/sklearn/pipeline.py", line 473, in fit
    self._final_estimator.fit(Xt, y, **last_step_params["fit"])
  File "/common/ketrong/tpotexp/env/lib/python3.10/site-packages/sklearn/base.py", line 1466, in wrapper
    estimator._validate_params()
  File "/common/ketrong/tpotexp/env/lib/python3.10/site-packages/sklearn/base.py", line 666, in _validate_params
    validate_parameter_constraints(
  File "/common/ketrong/tpotexp/env/lib/python3.10/site-packages/sklearn/utils/_param_validation.py", line 95, in validate_parameter_constraints
    raise InvalidParameterError(
sklearn.utils._param_validation.InvalidParameterError: The 'criterion' parameter of RandomForestRegressor must be a str among {'friedman_mse', 'poisson', 'absolute_error', 'squared_error'}. Got 'mse' instead.

Generation:  11
Best root_mean_squared_error score: -0.0014482898445051045
Generation:  44%|     | 11/25 [03:59<03:51, 16.54s/it]WARNING THIS INDIVIDUAL CAUSED AND EXCEPTION 
 <tpot2.search_spaces.pipelines.sequential.SequentialPipelineIndividual object at 0x15547472f700> 
 The 'criterion' parameter of RandomForestRegressor must be a str among {'friedman_mse', 'poisson', 'absolute_error', 'squared_error'}. Got 'mae' instead. 
 Traceback (most recent call last):
  File "/common/ketrong/tpotexp/tpot2/tpot2/utils/eval_utils.py", line 53, in objective_nan_wrapper
    value = func_timeout.func_timeout(timeout, objective_function, args=[individual], kwargs=objective_kwargs)
  File "/common/ketrong/tpotexp/env/lib/python3.10/site-packages/func_timeout/dafunc.py", line 108, in func_timeout
    raise_exception(exception)
  File "/common/ketrong/tpotexp/env/lib/python3.10/site-packages/func_timeout/py3_raise.py", line 7, in raise_exception
    raise exception[0] from None
  File "/common/ketrong/tpotexp/tpot2/tpot2/tpot_estimator/estimator.py", line 623, in objective_function
    return objective_function_generator(
  File "/common/ketrong/tpotexp/tpot2/tpot2/tpot_estimator/estimator_utils.py", line 55, in objective_function_generator
    cv_obj_scores = cross_val_score_objective(sklearn.base.clone(pipeline),x,y,scorers=scorers, cv=cv , fold=step)
  File "/common/ketrong/tpotexp/tpot2/tpot2/tpot_estimator/cross_val_utils.py", line 28, in cross_val_score_objective
    this_fold_pipeline.fit(X_train,y_train)
  File "/common/ketrong/tpotexp/env/lib/python3.10/site-packages/sklearn/base.py", line 1473, in wrapper
    return fit_method(estimator, *args, **kwargs)
  File "/common/ketrong/tpotexp/env/lib/python3.10/site-packages/sklearn/pipeline.py", line 473, in fit
    self._final_estimator.fit(Xt, y, **last_step_params["fit"])
  File "/common/ketrong/tpotexp/env/lib/python3.10/site-packages/sklearn/base.py", line 1466, in wrapper
    estimator._validate_params()
  File "/common/ketrong/tpotexp/env/lib/python3.10/site-packages/sklearn/base.py", line 666, in _validate_params
    validate_parameter_constraints(
  File "/common/ketrong/tpotexp/env/lib/python3.10/site-packages/sklearn/utils/_param_validation.py", line 95, in validate_parameter_constraints
    raise InvalidParameterError(
sklearn.utils._param_validation.InvalidParameterError: The 'criterion' parameter of RandomForestRegressor must be a str among {'friedman_mse', 'poisson', 'absolute_error', 'squared_error'}. Got 'mae' instead.

WARNING THIS INDIVIDUAL CAUSED AND EXCEPTION 
 <tpot2.search_spaces.pipelines.sequential.SequentialPipelineIndividual object at 0x155467f012d0> 
 The 'criterion' parameter of RandomForestRegressor must be a str among {'friedman_mse', 'poisson', 'absolute_error', 'squared_error'}. Got 'mae' instead. 
 Traceback (most recent call last):
  File "/common/ketrong/tpotexp/tpot2/tpot2/utils/eval_utils.py", line 53, in objective_nan_wrapper
    value = func_timeout.func_timeout(timeout, objective_function, args=[individual], kwargs=objective_kwargs)
  File "/common/ketrong/tpotexp/env/lib/python3.10/site-packages/func_timeout/dafunc.py", line 108, in func_timeout
    raise_exception(exception)
  File "/common/ketrong/tpotexp/env/lib/python3.10/site-packages/func_timeout/py3_raise.py", line 7, in raise_exception
    raise exception[0] from None
  File "/common/ketrong/tpotexp/tpot2/tpot2/tpot_estimator/estimator.py", line 623, in objective_function
    return objective_function_generator(
  File "/common/ketrong/tpotexp/tpot2/tpot2/tpot_estimator/estimator_utils.py", line 55, in objective_function_generator
    cv_obj_scores = cross_val_score_objective(sklearn.base.clone(pipeline),x,y,scorers=scorers, cv=cv , fold=step)
  File "/common/ketrong/tpotexp/tpot2/tpot2/tpot_estimator/cross_val_utils.py", line 28, in cross_val_score_objective
    this_fold_pipeline.fit(X_train,y_train)
  File "/common/ketrong/tpotexp/env/lib/python3.10/site-packages/sklearn/base.py", line 1473, in wrapper
    return fit_method(estimator, *args, **kwargs)
  File "/common/ketrong/tpotexp/env/lib/python3.10/site-packages/sklearn/pipeline.py", line 473, in fit
    self._final_estimator.fit(Xt, y, **last_step_params["fit"])
  File "/common/ketrong/tpotexp/env/lib/python3.10/site-packages/sklearn/base.py", line 1466, in wrapper
    estimator._validate_params()
  File "/common/ketrong/tpotexp/env/lib/python3.10/site-packages/sklearn/base.py", line 666, in _validate_params
    validate_parameter_constraints(
  File "/common/ketrong/tpotexp/env/lib/python3.10/site-packages/sklearn/utils/_param_validation.py", line 95, in validate_parameter_constraints
    raise InvalidParameterError(
sklearn.utils._param_validation.InvalidParameterError: The 'criterion' parameter of RandomForestRegressor must be a str among {'friedman_mse', 'poisson', 'absolute_error', 'squared_error'}. Got 'mae' instead.

Generation:  12
Best root_mean_squared_error score: -0.0014482898445051045
Generation:  48%|     | 12/25 [05:25<08:10, 37.71s/it]WARNING THIS INDIVIDUAL CAUSED AND EXCEPTION 
 <tpot2.search_spaces.pipelines.sequential.SequentialPipelineIndividual object at 0x155467f011b0> 
 The 'criterion' parameter of DecisionTreeRegressor must be a str among {'friedman_mse', 'poisson', 'absolute_error', 'squared_error'}. Got 'mae' instead. 
 Traceback (most recent call last):
  File "/common/ketrong/tpotexp/tpot2/tpot2/utils/eval_utils.py", line 53, in objective_nan_wrapper
    value = func_timeout.func_timeout(timeout, objective_function, args=[individual], kwargs=objective_kwargs)
  File "/common/ketrong/tpotexp/env/lib/python3.10/site-packages/func_timeout/dafunc.py", line 108, in func_timeout
    raise_exception(exception)
  File "/common/ketrong/tpotexp/env/lib/python3.10/site-packages/func_timeout/py3_raise.py", line 7, in raise_exception
    raise exception[0] from None
  File "/common/ketrong/tpotexp/tpot2/tpot2/tpot_estimator/estimator.py", line 623, in objective_function
    return objective_function_generator(
  File "/common/ketrong/tpotexp/tpot2/tpot2/tpot_estimator/estimator_utils.py", line 55, in objective_function_generator
    cv_obj_scores = cross_val_score_objective(sklearn.base.clone(pipeline),x,y,scorers=scorers, cv=cv , fold=step)
  File "/common/ketrong/tpotexp/tpot2/tpot2/tpot_estimator/cross_val_utils.py", line 28, in cross_val_score_objective
    this_fold_pipeline.fit(X_train,y_train)
  File "/common/ketrong/tpotexp/env/lib/python3.10/site-packages/sklearn/base.py", line 1473, in wrapper
    return fit_method(estimator, *args, **kwargs)
  File "/common/ketrong/tpotexp/env/lib/python3.10/site-packages/sklearn/pipeline.py", line 473, in fit
    self._final_estimator.fit(Xt, y, **last_step_params["fit"])
  File "/common/ketrong/tpotexp/env/lib/python3.10/site-packages/sklearn/base.py", line 1466, in wrapper
    estimator._validate_params()
  File "/common/ketrong/tpotexp/env/lib/python3.10/site-packages/sklearn/base.py", line 666, in _validate_params
    validate_parameter_constraints(
  File "/common/ketrong/tpotexp/env/lib/python3.10/site-packages/sklearn/utils/_param_validation.py", line 95, in validate_parameter_constraints
    raise InvalidParameterError(
sklearn.utils._param_validation.InvalidParameterError: The 'criterion' parameter of DecisionTreeRegressor must be a str among {'friedman_mse', 'poisson', 'absolute_error', 'squared_error'}. Got 'mae' instead.

Generation:  13
Best root_mean_squared_error score: -0.0014482898445051045
Generation:  52%|    | 13/25 [05:35<05:50, 29.24s/it]WARNING THIS INDIVIDUAL CAUSED AND EXCEPTION 
 <tpot2.search_spaces.pipelines.sequential.SequentialPipelineIndividual object at 0x1554746f0790> 
 The 'criterion' parameter of RandomForestRegressor must be a str among {'friedman_mse', 'poisson', 'absolute_error', 'squared_error'}. Got 'mae' instead. 
 Traceback (most recent call last):
  File "/common/ketrong/tpotexp/tpot2/tpot2/utils/eval_utils.py", line 53, in objective_nan_wrapper
    value = func_timeout.func_timeout(timeout, objective_function, args=[individual], kwargs=objective_kwargs)
  File "/common/ketrong/tpotexp/env/lib/python3.10/site-packages/func_timeout/dafunc.py", line 108, in func_timeout
    raise_exception(exception)
  File "/common/ketrong/tpotexp/env/lib/python3.10/site-packages/func_timeout/py3_raise.py", line 7, in raise_exception
    raise exception[0] from None
  File "/common/ketrong/tpotexp/tpot2/tpot2/tpot_estimator/estimator.py", line 623, in objective_function
    return objective_function_generator(
  File "/common/ketrong/tpotexp/tpot2/tpot2/tpot_estimator/estimator_utils.py", line 55, in objective_function_generator
    cv_obj_scores = cross_val_score_objective(sklearn.base.clone(pipeline),x,y,scorers=scorers, cv=cv , fold=step)
  File "/common/ketrong/tpotexp/tpot2/tpot2/tpot_estimator/cross_val_utils.py", line 28, in cross_val_score_objective
    this_fold_pipeline.fit(X_train,y_train)
  File "/common/ketrong/tpotexp/env/lib/python3.10/site-packages/sklearn/base.py", line 1473, in wrapper
    return fit_method(estimator, *args, **kwargs)
  File "/common/ketrong/tpotexp/env/lib/python3.10/site-packages/sklearn/pipeline.py", line 473, in fit
    self._final_estimator.fit(Xt, y, **last_step_params["fit"])
  File "/common/ketrong/tpotexp/env/lib/python3.10/site-packages/sklearn/base.py", line 1466, in wrapper
    estimator._validate_params()
  File "/common/ketrong/tpotexp/env/lib/python3.10/site-packages/sklearn/base.py", line 666, in _validate_params
    validate_parameter_constraints(
  File "/common/ketrong/tpotexp/env/lib/python3.10/site-packages/sklearn/utils/_param_validation.py", line 95, in validate_parameter_constraints
    raise InvalidParameterError(
sklearn.utils._param_validation.InvalidParameterError: The 'criterion' parameter of RandomForestRegressor must be a str among {'friedman_mse', 'poisson', 'absolute_error', 'squared_error'}. Got 'mae' instead.

Generation:  14
Best root_mean_squared_error score: -0.0014482898445051045
Generation:  56%|    | 14/25 [05:43<04:11, 22.84s/it]Generation:  15
Best root_mean_squared_error score: -0.0014482898445051045
Generation:  60%|    | 15/25 [05:56<03:17, 19.80s/it]Generation:  16
Best root_mean_squared_error score: -0.0014482898445051045
Generation:  64%|   | 16/25 [06:11<02:45, 18.34s/it]Generation:  17
Best root_mean_squared_error score: -0.0014482898445051045
Generation:  68%|   | 17/25 [07:43<05:23, 40.47s/it]WARNING THIS INDIVIDUAL CAUSED AND EXCEPTION 
 <tpot2.search_spaces.pipelines.sequential.SequentialPipelineIndividual object at 0x155465ca2e30> 
 The 'criterion' parameter of RandomForestRegressor must be a str among {'friedman_mse', 'poisson', 'absolute_error', 'squared_error'}. Got 'mae' instead. 
 Traceback (most recent call last):
  File "/common/ketrong/tpotexp/tpot2/tpot2/utils/eval_utils.py", line 53, in objective_nan_wrapper
    value = func_timeout.func_timeout(timeout, objective_function, args=[individual], kwargs=objective_kwargs)
  File "/common/ketrong/tpotexp/env/lib/python3.10/site-packages/func_timeout/dafunc.py", line 108, in func_timeout
    raise_exception(exception)
  File "/common/ketrong/tpotexp/env/lib/python3.10/site-packages/func_timeout/py3_raise.py", line 7, in raise_exception
    raise exception[0] from None
  File "/common/ketrong/tpotexp/tpot2/tpot2/tpot_estimator/estimator.py", line 623, in objective_function
    return objective_function_generator(
  File "/common/ketrong/tpotexp/tpot2/tpot2/tpot_estimator/estimator_utils.py", line 55, in objective_function_generator
    cv_obj_scores = cross_val_score_objective(sklearn.base.clone(pipeline),x,y,scorers=scorers, cv=cv , fold=step)
  File "/common/ketrong/tpotexp/tpot2/tpot2/tpot_estimator/cross_val_utils.py", line 28, in cross_val_score_objective
    this_fold_pipeline.fit(X_train,y_train)
  File "/common/ketrong/tpotexp/env/lib/python3.10/site-packages/sklearn/base.py", line 1473, in wrapper
    return fit_method(estimator, *args, **kwargs)
  File "/common/ketrong/tpotexp/env/lib/python3.10/site-packages/sklearn/pipeline.py", line 473, in fit
    self._final_estimator.fit(Xt, y, **last_step_params["fit"])
  File "/common/ketrong/tpotexp/env/lib/python3.10/site-packages/sklearn/base.py", line 1466, in wrapper
    estimator._validate_params()
  File "/common/ketrong/tpotexp/env/lib/python3.10/site-packages/sklearn/base.py", line 666, in _validate_params
    validate_parameter_constraints(
  File "/common/ketrong/tpotexp/env/lib/python3.10/site-packages/sklearn/utils/_param_validation.py", line 95, in validate_parameter_constraints
    raise InvalidParameterError(
sklearn.utils._param_validation.InvalidParameterError: The 'criterion' parameter of RandomForestRegressor must be a str among {'friedman_mse', 'poisson', 'absolute_error', 'squared_error'}. Got 'mae' instead.

Generation:  18
Best root_mean_squared_error score: -0.0014482898445051045
Generation:  72%|  | 18/25 [07:52<03:37, 31.06s/it]WARNING THIS INDIVIDUAL CAUSED AND EXCEPTION 
 <tpot2.search_spaces.pipelines.sequential.SequentialPipelineIndividual object at 0x1554747094b0> 
 The 'criterion' parameter of ExtraTreesRegressor must be a str among {'friedman_mse', 'poisson', 'absolute_error', 'squared_error'}. Got 'mae' instead. 
 Traceback (most recent call last):
  File "/common/ketrong/tpotexp/tpot2/tpot2/utils/eval_utils.py", line 53, in objective_nan_wrapper
    value = func_timeout.func_timeout(timeout, objective_function, args=[individual], kwargs=objective_kwargs)
  File "/common/ketrong/tpotexp/env/lib/python3.10/site-packages/func_timeout/dafunc.py", line 108, in func_timeout
    raise_exception(exception)
  File "/common/ketrong/tpotexp/env/lib/python3.10/site-packages/func_timeout/py3_raise.py", line 7, in raise_exception
    raise exception[0] from None
  File "/common/ketrong/tpotexp/tpot2/tpot2/tpot_estimator/estimator.py", line 623, in objective_function
    return objective_function_generator(
  File "/common/ketrong/tpotexp/tpot2/tpot2/tpot_estimator/estimator_utils.py", line 55, in objective_function_generator
    cv_obj_scores = cross_val_score_objective(sklearn.base.clone(pipeline),x,y,scorers=scorers, cv=cv , fold=step)
  File "/common/ketrong/tpotexp/tpot2/tpot2/tpot_estimator/cross_val_utils.py", line 28, in cross_val_score_objective
    this_fold_pipeline.fit(X_train,y_train)
  File "/common/ketrong/tpotexp/env/lib/python3.10/site-packages/sklearn/base.py", line 1473, in wrapper
    return fit_method(estimator, *args, **kwargs)
  File "/common/ketrong/tpotexp/env/lib/python3.10/site-packages/sklearn/pipeline.py", line 473, in fit
    self._final_estimator.fit(Xt, y, **last_step_params["fit"])
  File "/common/ketrong/tpotexp/env/lib/python3.10/site-packages/sklearn/base.py", line 1466, in wrapper
    estimator._validate_params()
  File "/common/ketrong/tpotexp/env/lib/python3.10/site-packages/sklearn/base.py", line 666, in _validate_params
    validate_parameter_constraints(
  File "/common/ketrong/tpotexp/env/lib/python3.10/site-packages/sklearn/utils/_param_validation.py", line 95, in validate_parameter_constraints
    raise InvalidParameterError(
sklearn.utils._param_validation.InvalidParameterError: The 'criterion' parameter of ExtraTreesRegressor must be a str among {'friedman_mse', 'poisson', 'absolute_error', 'squared_error'}. Got 'mae' instead.

Generation:  19
Best root_mean_squared_error score: -0.0014482898445051045
Generation:  76%|  | 19/25 [08:01<02:27, 24.64s/it]WARNING THIS INDIVIDUAL CAUSED AND EXCEPTION 
 <tpot2.search_spaces.pipelines.sequential.SequentialPipelineIndividual object at 0x155467f8a950> 
 The 'criterion' parameter of DecisionTreeRegressor must be a str among {'friedman_mse', 'poisson', 'absolute_error', 'squared_error'}. Got 'mae' instead. 
 Traceback (most recent call last):
  File "/common/ketrong/tpotexp/tpot2/tpot2/utils/eval_utils.py", line 53, in objective_nan_wrapper
    value = func_timeout.func_timeout(timeout, objective_function, args=[individual], kwargs=objective_kwargs)
  File "/common/ketrong/tpotexp/env/lib/python3.10/site-packages/func_timeout/dafunc.py", line 108, in func_timeout
    raise_exception(exception)
  File "/common/ketrong/tpotexp/env/lib/python3.10/site-packages/func_timeout/py3_raise.py", line 7, in raise_exception
    raise exception[0] from None
  File "/common/ketrong/tpotexp/tpot2/tpot2/tpot_estimator/estimator.py", line 623, in objective_function
    return objective_function_generator(
  File "/common/ketrong/tpotexp/tpot2/tpot2/tpot_estimator/estimator_utils.py", line 55, in objective_function_generator
    cv_obj_scores = cross_val_score_objective(sklearn.base.clone(pipeline),x,y,scorers=scorers, cv=cv , fold=step)
  File "/common/ketrong/tpotexp/tpot2/tpot2/tpot_estimator/cross_val_utils.py", line 28, in cross_val_score_objective
    this_fold_pipeline.fit(X_train,y_train)
  File "/common/ketrong/tpotexp/env/lib/python3.10/site-packages/sklearn/base.py", line 1473, in wrapper
    return fit_method(estimator, *args, **kwargs)
  File "/common/ketrong/tpotexp/env/lib/python3.10/site-packages/sklearn/pipeline.py", line 473, in fit
    self._final_estimator.fit(Xt, y, **last_step_params["fit"])
  File "/common/ketrong/tpotexp/env/lib/python3.10/site-packages/sklearn/base.py", line 1466, in wrapper
    estimator._validate_params()
  File "/common/ketrong/tpotexp/env/lib/python3.10/site-packages/sklearn/base.py", line 666, in _validate_params
    validate_parameter_constraints(
  File "/common/ketrong/tpotexp/env/lib/python3.10/site-packages/sklearn/utils/_param_validation.py", line 95, in validate_parameter_constraints
    raise InvalidParameterError(
sklearn.utils._param_validation.InvalidParameterError: The 'criterion' parameter of DecisionTreeRegressor must be a str among {'friedman_mse', 'poisson', 'absolute_error', 'squared_error'}. Got 'mae' instead.

Generation:  20
Best root_mean_squared_error score: -0.001447987815076582
Generation:  80%|  | 20/25 [08:10<01:39, 19.90s/it]Generation:  21
Best root_mean_squared_error score: -0.001447987815076582
Generation:  84%| | 21/25 [08:45<01:37, 24.26s/it]WARNING THIS INDIVIDUAL CAUSED AND EXCEPTION 
 <tpot2.search_spaces.pipelines.sequential.SequentialPipelineIndividual object at 0x1554747174c0> 
 The 'criterion' parameter of ExtraTreesRegressor must be a str among {'friedman_mse', 'poisson', 'absolute_error', 'squared_error'}. Got 'mae' instead. 
 Traceback (most recent call last):
  File "/common/ketrong/tpotexp/tpot2/tpot2/utils/eval_utils.py", line 53, in objective_nan_wrapper
    value = func_timeout.func_timeout(timeout, objective_function, args=[individual], kwargs=objective_kwargs)
  File "/common/ketrong/tpotexp/env/lib/python3.10/site-packages/func_timeout/dafunc.py", line 108, in func_timeout
    raise_exception(exception)
  File "/common/ketrong/tpotexp/env/lib/python3.10/site-packages/func_timeout/py3_raise.py", line 7, in raise_exception
    raise exception[0] from None
  File "/common/ketrong/tpotexp/tpot2/tpot2/tpot_estimator/estimator.py", line 623, in objective_function
    return objective_function_generator(
  File "/common/ketrong/tpotexp/tpot2/tpot2/tpot_estimator/estimator_utils.py", line 55, in objective_function_generator
    cv_obj_scores = cross_val_score_objective(sklearn.base.clone(pipeline),x,y,scorers=scorers, cv=cv , fold=step)
  File "/common/ketrong/tpotexp/tpot2/tpot2/tpot_estimator/cross_val_utils.py", line 28, in cross_val_score_objective
    this_fold_pipeline.fit(X_train,y_train)
  File "/common/ketrong/tpotexp/env/lib/python3.10/site-packages/sklearn/base.py", line 1473, in wrapper
    return fit_method(estimator, *args, **kwargs)
  File "/common/ketrong/tpotexp/env/lib/python3.10/site-packages/sklearn/pipeline.py", line 473, in fit
    self._final_estimator.fit(Xt, y, **last_step_params["fit"])
  File "/common/ketrong/tpotexp/env/lib/python3.10/site-packages/sklearn/base.py", line 1466, in wrapper
    estimator._validate_params()
  File "/common/ketrong/tpotexp/env/lib/python3.10/site-packages/sklearn/base.py", line 666, in _validate_params
    validate_parameter_constraints(
  File "/common/ketrong/tpotexp/env/lib/python3.10/site-packages/sklearn/utils/_param_validation.py", line 95, in validate_parameter_constraints
    raise InvalidParameterError(
sklearn.utils._param_validation.InvalidParameterError: The 'criterion' parameter of ExtraTreesRegressor must be a str among {'friedman_mse', 'poisson', 'absolute_error', 'squared_error'}. Got 'mae' instead.

Generation:  22
Best root_mean_squared_error score: -0.001447987815076582
Generation:  88%| | 22/25 [11:22<03:12, 64.27s/it]Generation:  23
Best root_mean_squared_error score: -0.001447987815076582
Generation:  92%|| 23/25 [11:38<01:39, 49.72s/it]Generation:  24
Best root_mean_squared_error score: -0.001447987815076582
Generation:  96%|| 24/25 [11:54<00:39, 39.67s/it]WARNING THIS INDIVIDUAL CAUSED AND EXCEPTION 
 <tpot2.search_spaces.pipelines.sequential.SequentialPipelineIndividual object at 0x1554746a62f0> 
 The 'criterion' parameter of RandomForestRegressor must be a str among {'friedman_mse', 'poisson', 'absolute_error', 'squared_error'}. Got 'mae' instead. 
 Traceback (most recent call last):
  File "/common/ketrong/tpotexp/tpot2/tpot2/utils/eval_utils.py", line 53, in objective_nan_wrapper
    value = func_timeout.func_timeout(timeout, objective_function, args=[individual], kwargs=objective_kwargs)
  File "/common/ketrong/tpotexp/env/lib/python3.10/site-packages/func_timeout/dafunc.py", line 108, in func_timeout
    raise_exception(exception)
  File "/common/ketrong/tpotexp/env/lib/python3.10/site-packages/func_timeout/py3_raise.py", line 7, in raise_exception
    raise exception[0] from None
  File "/common/ketrong/tpotexp/tpot2/tpot2/tpot_estimator/estimator.py", line 623, in objective_function
    return objective_function_generator(
  File "/common/ketrong/tpotexp/tpot2/tpot2/tpot_estimator/estimator_utils.py", line 55, in objective_function_generator
    cv_obj_scores = cross_val_score_objective(sklearn.base.clone(pipeline),x,y,scorers=scorers, cv=cv , fold=step)
  File "/common/ketrong/tpotexp/tpot2/tpot2/tpot_estimator/cross_val_utils.py", line 28, in cross_val_score_objective
    this_fold_pipeline.fit(X_train,y_train)
  File "/common/ketrong/tpotexp/env/lib/python3.10/site-packages/sklearn/base.py", line 1473, in wrapper
    return fit_method(estimator, *args, **kwargs)
  File "/common/ketrong/tpotexp/env/lib/python3.10/site-packages/sklearn/pipeline.py", line 473, in fit
    self._final_estimator.fit(Xt, y, **last_step_params["fit"])
  File "/common/ketrong/tpotexp/env/lib/python3.10/site-packages/sklearn/base.py", line 1466, in wrapper
    estimator._validate_params()
  File "/common/ketrong/tpotexp/env/lib/python3.10/site-packages/sklearn/base.py", line 666, in _validate_params
    validate_parameter_constraints(
  File "/common/ketrong/tpotexp/env/lib/python3.10/site-packages/sklearn/utils/_param_validation.py", line 95, in validate_parameter_constraints
    raise InvalidParameterError(
sklearn.utils._param_validation.InvalidParameterError: The 'criterion' parameter of RandomForestRegressor must be a str among {'friedman_mse', 'poisson', 'absolute_error', 'squared_error'}. Got 'mae' instead.

Generation:  25
Best root_mean_squared_error score: -0.001447987815076582
Generation: 100%|| 25/25 [12:10<00:00, 32.46s/it]Generation: 100%|| 25/25 [12:12<00:00, 29.32s/it]
2024-09-22 20:05:46,579 - distributed.scheduler - ERROR - Removing worker 'tcp://127.0.0.1:40427' caused the cluster to lose scattered data, which can't be recovered: {'DataFrame-714f7f5e492924a63bfed817b1cd3fa1', 'ndarray-a3ec14e947a170a9b1a3414fadf91a67'} (stimulus_id='handle-worker-cleanup-1727060746.5798726')
Fitted
Pipeline(steps=[('lgbmregressor',
                 LGBMRegressor(boosting_type='goss', max_depth=4,
                               n_estimators=58, n_jobs=1, num_leaves=155,
                               verbose=-1))])
score start
train score: {'explained_var': 0.6601230728113853, 'r2': 0.6601230463258361, 'rmse': 0.0013859367948123131}
original test score: {'explained_var': 0.6474167147791773, 'r2': 0.6464442324918782, 'rmse': 0.001404351360899979}
imputed test score: {'explained_var': 0.6382070078764153, 'r2': 0.6366794514327492, 'rmse': 0.0014236125140970422}
score end
check intended
EXP2 Finished
running experiment 3/3 - What is the best automl settings?
<tpot2.search_spaces.pipelines.sequential.SequentialPipeline object at 0x155434f4d7e0>
Start tpot fit
Version 0.1.7a0 of tpot2 is outdated. Version 0.1.8a0 was released 5 days ago.
Version 0.1.7a0 of tpot2 is outdated. Version 0.1.8a0 was released 5 days ago.
Version 0.1.7a0 of tpot2 is outdated. Version 0.1.8a0 was released 5 days ago.
Version 0.1.7a0 of tpot2 is outdated. Version 0.1.8a0 was released 5 days ago.
Version 0.1.7a0 of tpot2 is outdated. Version 0.1.8a0 was released 5 days ago.
Version 0.1.7a0 of tpot2 is outdated. Version 0.1.8a0 was released 5 days ago.
Version 0.1.7a0 of tpot2 is outdated. Version 0.1.8a0 was released 5 days ago.
Version 0.1.7a0 of tpot2 is outdated. Version 0.1.8a0 was released 5 days ago.
Version 0.1.7a0 of tpot2 is outdated. Version 0.1.8a0 was released 5 days ago.
Version 0.1.7a0 of tpot2 is outdated. Version 0.1.8a0 was released 5 days ago.
Version 0.1.7a0 of tpot2 is outdated. Version 0.1.8a0 was released 5 days ago.
Version 0.1.7a0 of tpot2 is outdated. Version 0.1.8a0 was released 5 days ago.
Version 0.1.7a0 of tpot2 is outdated. Version 0.1.8a0 was released 5 days ago.
Version 0.1.7a0 of tpot2 is outdated. Version 0.1.8a0 was released 5 days ago.
Version 0.1.7a0 of tpot2 is outdated. Version 0.1.8a0 was released 5 days ago.
Version 0.1.7a0 of tpot2 is outdated. Version 0.1.8a0 was released 5 days ago.
  0%|          | 0/25 [00:00<?, ?it/s]Generation:   0%|          | 0/25 [00:00<?, ?it/s]WARNING THIS INDIVIDUAL CAUSED AND EXCEPTION 
 <tpot2.search_spaces.pipelines.sequential.SequentialPipelineIndividual object at 0x155474cd4d30> 
 The 'criterion' parameter of DecisionTreeRegressor must be a str among {'friedman_mse', 'poisson', 'absolute_error', 'squared_error'}. Got 'mae' instead. 
 Traceback (most recent call last):
  File "/common/ketrong/tpotexp/tpot2/tpot2/utils/eval_utils.py", line 53, in objective_nan_wrapper
    value = func_timeout.func_timeout(timeout, objective_function, args=[individual], kwargs=objective_kwargs)
  File "/common/ketrong/tpotexp/env/lib/python3.10/site-packages/func_timeout/dafunc.py", line 108, in func_timeout
    raise_exception(exception)
  File "/common/ketrong/tpotexp/env/lib/python3.10/site-packages/func_timeout/py3_raise.py", line 7, in raise_exception
    raise exception[0] from None
  File "/common/ketrong/tpotexp/tpot2/tpot2/tpot_estimator/estimator.py", line 623, in objective_function
    return objective_function_generator(
  File "/common/ketrong/tpotexp/tpot2/tpot2/tpot_estimator/estimator_utils.py", line 55, in objective_function_generator
    cv_obj_scores = cross_val_score_objective(sklearn.base.clone(pipeline),x,y,scorers=scorers, cv=cv , fold=step)
  File "/common/ketrong/tpotexp/tpot2/tpot2/tpot_estimator/cross_val_utils.py", line 28, in cross_val_score_objective
    this_fold_pipeline.fit(X_train,y_train)
  File "/common/ketrong/tpotexp/env/lib/python3.10/site-packages/sklearn/base.py", line 1473, in wrapper
    return fit_method(estimator, *args, **kwargs)
  File "/common/ketrong/tpotexp/env/lib/python3.10/site-packages/sklearn/pipeline.py", line 473, in fit
    self._final_estimator.fit(Xt, y, **last_step_params["fit"])
  File "/common/ketrong/tpotexp/env/lib/python3.10/site-packages/sklearn/base.py", line 1466, in wrapper
    estimator._validate_params()
  File "/common/ketrong/tpotexp/env/lib/python3.10/site-packages/sklearn/base.py", line 666, in _validate_params
    validate_parameter_constraints(
  File "/common/ketrong/tpotexp/env/lib/python3.10/site-packages/sklearn/utils/_param_validation.py", line 95, in validate_parameter_constraints
    raise InvalidParameterError(
sklearn.utils._param_validation.InvalidParameterError: The 'criterion' parameter of DecisionTreeRegressor must be a str among {'friedman_mse', 'poisson', 'absolute_error', 'squared_error'}. Got 'mae' instead.

WARNING THIS INDIVIDUAL CAUSED AND EXCEPTION 
 <tpot2.search_spaces.pipelines.sequential.SequentialPipelineIndividual object at 0x155474cd47f0> 
 The 'criterion' parameter of RandomForestRegressor must be a str among {'friedman_mse', 'poisson', 'absolute_error', 'squared_error'}. Got 'mae' instead. 
 Traceback (most recent call last):
  File "/common/ketrong/tpotexp/tpot2/tpot2/utils/eval_utils.py", line 53, in objective_nan_wrapper
    value = func_timeout.func_timeout(timeout, objective_function, args=[individual], kwargs=objective_kwargs)
  File "/common/ketrong/tpotexp/env/lib/python3.10/site-packages/func_timeout/dafunc.py", line 108, in func_timeout
    raise_exception(exception)
  File "/common/ketrong/tpotexp/env/lib/python3.10/site-packages/func_timeout/py3_raise.py", line 7, in raise_exception
    raise exception[0] from None
  File "/common/ketrong/tpotexp/tpot2/tpot2/tpot_estimator/estimator.py", line 623, in objective_function
    return objective_function_generator(
  File "/common/ketrong/tpotexp/tpot2/tpot2/tpot_estimator/estimator_utils.py", line 55, in objective_function_generator
    cv_obj_scores = cross_val_score_objective(sklearn.base.clone(pipeline),x,y,scorers=scorers, cv=cv , fold=step)
  File "/common/ketrong/tpotexp/tpot2/tpot2/tpot_estimator/cross_val_utils.py", line 28, in cross_val_score_objective
    this_fold_pipeline.fit(X_train,y_train)
  File "/common/ketrong/tpotexp/env/lib/python3.10/site-packages/sklearn/base.py", line 1473, in wrapper
    return fit_method(estimator, *args, **kwargs)
  File "/common/ketrong/tpotexp/env/lib/python3.10/site-packages/sklearn/pipeline.py", line 473, in fit
    self._final_estimator.fit(Xt, y, **last_step_params["fit"])
  File "/common/ketrong/tpotexp/env/lib/python3.10/site-packages/sklearn/base.py", line 1466, in wrapper
    estimator._validate_params()
  File "/common/ketrong/tpotexp/env/lib/python3.10/site-packages/sklearn/base.py", line 666, in _validate_params
    validate_parameter_constraints(
  File "/common/ketrong/tpotexp/env/lib/python3.10/site-packages/sklearn/utils/_param_validation.py", line 95, in validate_parameter_constraints
    raise InvalidParameterError(
sklearn.utils._param_validation.InvalidParameterError: The 'criterion' parameter of RandomForestRegressor must be a str among {'friedman_mse', 'poisson', 'absolute_error', 'squared_error'}. Got 'mae' instead.

Generation:  1
Best root_mean_squared_error score: -0.0014915512010616593
Generation:   4%|         | 1/25 [00:48<19:30, 48.77s/it]malloc(): invalid next size (unsorted)
2024-09-22 20:08:05,424 - distributed.scheduler - ERROR - Removing worker 'tcp://127.0.0.1:44495' caused the cluster to lose scattered data, which can't be recovered: {'DataFrame-714f7f5e492924a63bfed817b1cd3fa1', 'DataFrame-a2cbcc456fafd1c2bbbebf2e678d63ee'} (stimulus_id='handle-worker-cleanup-1727060885.4240282')
Cancelled future (likely memory related)
Generation:  2
Best root_mean_squared_error score: -0.0014915512010616593
Generation:   8%|         | 2/25 [02:11<26:16, 68.56s/it]2024-09-22 20:08:05,473 - distributed.nanny - WARNING - Restarting worker
Cancelled future (likely memory related)
Cancelled future (likely memory related)
Cancelled future (likely memory related)
Cancelled future (likely memory related)
Cancelled future (likely memory related)
Cancelled future (likely memory related)
Cancelled future (likely memory related)
Cancelled future (likely memory related)
Cancelled future (likely memory related)
Cancelled future (likely memory related)
Cancelled future (likely memory related)
Cancelled future (likely memory related)
Cancelled future (likely memory related)
Cancelled future (likely memory related)
Cancelled future (likely memory related)
Cancelled future (likely memory related)
Generation:  3
Best root_mean_squared_error score: -0.0014915512010616593
Generation:  12%|        | 3/25 [02:14<14:12, 38.74s/it]Cancelled future (likely memory related)
Cancelled future (likely memory related)
Cancelled future (likely memory related)
Cancelled future (likely memory related)
Cancelled future (likely memory related)
Cancelled future (likely memory related)
Cancelled future (likely memory related)
Cancelled future (likely memory related)
Cancelled future (likely memory related)
Cancelled future (likely memory related)
Cancelled future (likely memory related)
Cancelled future (likely memory related)
Cancelled future (likely memory related)
Cancelled future (likely memory related)
Cancelled future (likely memory related)
Cancelled future (likely memory related)
Generation:  4
Best root_mean_squared_error score: -0.0014915512010616593
Generation:  16%|        | 4/25 [02:16<08:30, 24.33s/it]Version 0.1.7a0 of tpot2 is outdated. Version 0.1.8a0 was released 5 days ago.
Cancelled future (likely memory related)
Cancelled future (likely memory related)
Cancelled future (likely memory related)
Cancelled future (likely memory related)
Cancelled future (likely memory related)
Cancelled future (likely memory related)
Cancelled future (likely memory related)
Cancelled future (likely memory related)
Cancelled future (likely memory related)
Cancelled future (likely memory related)
Cancelled future (likely memory related)
Cancelled future (likely memory related)
Cancelled future (likely memory related)
Cancelled future (likely memory related)
Cancelled future (likely memory related)
Cancelled future (likely memory related)
Generation:  5
Best root_mean_squared_error score: -0.0014915512010616593
Generation:  20%|        | 5/25 [02:19<05:31, 16.56s/it]Cancelled future (likely memory related)
Cancelled future (likely memory related)
Cancelled future (likely memory related)
Cancelled future (likely memory related)
Cancelled future (likely memory related)
Cancelled future (likely memory related)
Cancelled future (likely memory related)
Cancelled future (likely memory related)
Cancelled future (likely memory related)
Cancelled future (likely memory related)
Cancelled future (likely memory related)
Cancelled future (likely memory related)
Cancelled future (likely memory related)
Cancelled future (likely memory related)
Cancelled future (likely memory related)
Cancelled future (likely memory related)
Generation:  6
Best root_mean_squared_error score: -0.0014915512010616593
Generation:  24%|       | 6/25 [02:21<03:42, 11.71s/it]Cancelled future (likely memory related)
Cancelled future (likely memory related)
Cancelled future (likely memory related)
Cancelled future (likely memory related)
Cancelled future (likely memory related)
Cancelled future (likely memory related)
Cancelled future (likely memory related)
Cancelled future (likely memory related)
Cancelled future (likely memory related)
Cancelled future (likely memory related)
Cancelled future (likely memory related)
Cancelled future (likely memory related)
Cancelled future (likely memory related)
Cancelled future (likely memory related)
Cancelled future (likely memory related)
Cancelled future (likely memory related)
Generation:  7
Best root_mean_squared_error score: -0.0014915512010616593
Generation:  28%|       | 7/25 [02:24<02:38,  8.82s/it]Cancelled future (likely memory related)
Cancelled future (likely memory related)
Cancelled future (likely memory related)
Cancelled future (likely memory related)
Cancelled future (likely memory related)
Cancelled future (likely memory related)
Cancelled future (likely memory related)
Cancelled future (likely memory related)
Cancelled future (likely memory related)
Cancelled future (likely memory related)
Cancelled future (likely memory related)
Cancelled future (likely memory related)
Cancelled future (likely memory related)
Cancelled future (likely memory related)
Cancelled future (likely memory related)
Cancelled future (likely memory related)
Generation:  8
Best root_mean_squared_error score: -0.0014915512010616593
Generation:  32%|      | 8/25 [02:27<01:55,  6.79s/it]Cancelled future (likely memory related)
Cancelled future (likely memory related)
Cancelled future (likely memory related)
Cancelled future (likely memory related)
Cancelled future (likely memory related)
Cancelled future (likely memory related)
Cancelled future (likely memory related)
Cancelled future (likely memory related)
Cancelled future (likely memory related)
Cancelled future (likely memory related)
Cancelled future (likely memory related)
Cancelled future (likely memory related)
Cancelled future (likely memory related)
Cancelled future (likely memory related)
Cancelled future (likely memory related)
Cancelled future (likely memory related)
Generation:  9
Best root_mean_squared_error score: -0.0014915512010616593
Generation:  36%|      | 9/25 [02:30<01:30,  5.63s/it]Cancelled future (likely memory related)
Cancelled future (likely memory related)
Cancelled future (likely memory related)
Cancelled future (likely memory related)
Cancelled future (likely memory related)
Cancelled future (likely memory related)
Cancelled future (likely memory related)
Cancelled future (likely memory related)
Cancelled future (likely memory related)
Cancelled future (likely memory related)
Cancelled future (likely memory related)
Cancelled future (likely memory related)
Cancelled future (likely memory related)
Cancelled future (likely memory related)
Cancelled future (likely memory related)
Cancelled future (likely memory related)
Generation:  10
Best root_mean_squared_error score: -0.0014915512010616593
Generation:  40%|      | 10/25 [02:32<01:09,  4.62s/it]Cancelled future (likely memory related)
Cancelled future (likely memory related)
Cancelled future (likely memory related)
Cancelled future (likely memory related)
Cancelled future (likely memory related)
Cancelled future (likely memory related)
Cancelled future (likely memory related)
Cancelled future (likely memory related)
Cancelled future (likely memory related)
Cancelled future (likely memory related)
Cancelled future (likely memory related)
Cancelled future (likely memory related)
Cancelled future (likely memory related)
Cancelled future (likely memory related)
Cancelled future (likely memory related)
Cancelled future (likely memory related)
Generation:  11
Best root_mean_squared_error score: -0.0014915512010616593
Generation:  44%|     | 11/25 [02:35<00:58,  4.21s/it]Cancelled future (likely memory related)
Cancelled future (likely memory related)
Cancelled future (likely memory related)
Cancelled future (likely memory related)
Cancelled future (likely memory related)
Cancelled future (likely memory related)
Cancelled future (likely memory related)
Cancelled future (likely memory related)
Cancelled future (likely memory related)
Cancelled future (likely memory related)
Cancelled future (likely memory related)
Cancelled future (likely memory related)
Cancelled future (likely memory related)
Cancelled future (likely memory related)
Cancelled future (likely memory related)
Cancelled future (likely memory related)
Generation:  12
Best root_mean_squared_error score: -0.0014915512010616593
Generation:  48%|     | 12/25 [02:38<00:46,  3.61s/it]Cancelled future (likely memory related)
Cancelled future (likely memory related)
Cancelled future (likely memory related)
Cancelled future (likely memory related)
Cancelled future (likely memory related)
Cancelled future (likely memory related)
Cancelled future (likely memory related)
Cancelled future (likely memory related)
Cancelled future (likely memory related)
Cancelled future (likely memory related)
Cancelled future (likely memory related)
Cancelled future (likely memory related)
Cancelled future (likely memory related)
Cancelled future (likely memory related)
Cancelled future (likely memory related)
Cancelled future (likely memory related)
Generation:  13
Best root_mean_squared_error score: -0.0014915512010616593
Generation:  52%|    | 13/25 [02:41<00:41,  3.42s/it]Cancelled future (likely memory related)
Cancelled future (likely memory related)
Cancelled future (likely memory related)
Cancelled future (likely memory related)
Cancelled future (likely memory related)
Cancelled future (likely memory related)
Cancelled future (likely memory related)
Cancelled future (likely memory related)
Cancelled future (likely memory related)
Cancelled future (likely memory related)
Cancelled future (likely memory related)
Cancelled future (likely memory related)
Cancelled future (likely memory related)
Cancelled future (likely memory related)
Cancelled future (likely memory related)
Cancelled future (likely memory related)
Generation:  14
Best root_mean_squared_error score: -0.0014915512010616593
Generation:  56%|    | 14/25 [02:43<00:34,  3.10s/it]Cancelled future (likely memory related)
Cancelled future (likely memory related)
Cancelled future (likely memory related)
Cancelled future (likely memory related)
Cancelled future (likely memory related)
Cancelled future (likely memory related)
Cancelled future (likely memory related)
Cancelled future (likely memory related)
Cancelled future (likely memory related)
Cancelled future (likely memory related)
Cancelled future (likely memory related)
Cancelled future (likely memory related)
Cancelled future (likely memory related)
Cancelled future (likely memory related)
Cancelled future (likely memory related)
Cancelled future (likely memory related)
Generation:  15
Best root_mean_squared_error score: -0.0014915512010616593
Generation:  60%|    | 15/25 [02:46<00:30,  3.05s/it]Cancelled future (likely memory related)
Cancelled future (likely memory related)
Cancelled future (likely memory related)
Cancelled future (likely memory related)
Cancelled future (likely memory related)
Cancelled future (likely memory related)
Cancelled future (likely memory related)
Cancelled future (likely memory related)
Cancelled future (likely memory related)
Cancelled future (likely memory related)
Cancelled future (likely memory related)
Cancelled future (likely memory related)
Cancelled future (likely memory related)
Cancelled future (likely memory related)
Cancelled future (likely memory related)
Cancelled future (likely memory related)
Generation:  16
Best root_mean_squared_error score: -0.0014915512010616593
Generation:  64%|   | 16/25 [02:48<00:25,  2.87s/it]Cancelled future (likely memory related)
Cancelled future (likely memory related)
Cancelled future (likely memory related)
Cancelled future (likely memory related)
Cancelled future (likely memory related)
Cancelled future (likely memory related)
Cancelled future (likely memory related)
Cancelled future (likely memory related)
Cancelled future (likely memory related)
Cancelled future (likely memory related)
Cancelled future (likely memory related)
Cancelled future (likely memory related)
Cancelled future (likely memory related)
Cancelled future (likely memory related)
Cancelled future (likely memory related)
Cancelled future (likely memory related)
Generation:  17
Best root_mean_squared_error score: -0.0014915512010616593
Generation:  68%|   | 17/25 [02:51<00:23,  2.91s/it]Cancelled future (likely memory related)
Cancelled future (likely memory related)
Cancelled future (likely memory related)
Cancelled future (likely memory related)
Cancelled future (likely memory related)
Cancelled future (likely memory related)
Cancelled future (likely memory related)
Cancelled future (likely memory related)
Cancelled future (likely memory related)
Cancelled future (likely memory related)
Cancelled future (likely memory related)
Cancelled future (likely memory related)
Cancelled future (likely memory related)
Cancelled future (likely memory related)
Cancelled future (likely memory related)
Cancelled future (likely memory related)
Generation:  18
Best root_mean_squared_error score: -0.0014915512010616593
Generation:  72%|  | 18/25 [02:53<00:18,  2.71s/it]Cancelled future (likely memory related)
Cancelled future (likely memory related)
Cancelled future (likely memory related)
Cancelled future (likely memory related)
Cancelled future (likely memory related)
Cancelled future (likely memory related)
Cancelled future (likely memory related)
Cancelled future (likely memory related)
Cancelled future (likely memory related)
Cancelled future (likely memory related)
Cancelled future (likely memory related)
Cancelled future (likely memory related)
Cancelled future (likely memory related)
Cancelled future (likely memory related)
Cancelled future (likely memory related)
Cancelled future (likely memory related)
Generation:  19
Best root_mean_squared_error score: -0.0014915512010616593
Generation:  76%|  | 19/25 [02:57<00:17,  2.87s/it]Cancelled future (likely memory related)
Cancelled future (likely memory related)
Cancelled future (likely memory related)
Cancelled future (likely memory related)
Cancelled future (likely memory related)
Cancelled future (likely memory related)
Cancelled future (likely memory related)
Cancelled future (likely memory related)
Cancelled future (likely memory related)
Cancelled future (likely memory related)
Cancelled future (likely memory related)
Cancelled future (likely memory related)
Cancelled future (likely memory related)
Cancelled future (likely memory related)
Cancelled future (likely memory related)
Cancelled future (likely memory related)
Generation:  20
Best root_mean_squared_error score: -0.0014915512010616593
Generation:  80%|  | 20/25 [02:59<00:13,  2.71s/it]Cancelled future (likely memory related)
Cancelled future (likely memory related)
Cancelled future (likely memory related)
Cancelled future (likely memory related)
Cancelled future (likely memory related)
Cancelled future (likely memory related)
Cancelled future (likely memory related)
Cancelled future (likely memory related)
Cancelled future (likely memory related)
Cancelled future (likely memory related)
Cancelled future (likely memory related)
Cancelled future (likely memory related)
Cancelled future (likely memory related)
Cancelled future (likely memory related)
Cancelled future (likely memory related)
Cancelled future (likely memory related)
Generation:  21
Best root_mean_squared_error score: -0.0014915512010616593
Generation:  84%| | 21/25 [03:01<00:10,  2.61s/it]Cancelled future (likely memory related)
Cancelled future (likely memory related)
Cancelled future (likely memory related)
Cancelled future (likely memory related)
Cancelled future (likely memory related)
Cancelled future (likely memory related)
Cancelled future (likely memory related)
Cancelled future (likely memory related)
Cancelled future (likely memory related)
Cancelled future (likely memory related)
Cancelled future (likely memory related)
Cancelled future (likely memory related)
Cancelled future (likely memory related)
Cancelled future (likely memory related)
Cancelled future (likely memory related)
Cancelled future (likely memory related)
Generation:  22
Best root_mean_squared_error score: -0.0014915512010616593
Generation:  88%| | 22/25 [03:05<00:08,  2.77s/it]Cancelled future (likely memory related)
Cancelled future (likely memory related)
Cancelled future (likely memory related)
Cancelled future (likely memory related)
Cancelled future (likely memory related)
Cancelled future (likely memory related)
Cancelled future (likely memory related)
Cancelled future (likely memory related)
Cancelled future (likely memory related)
Cancelled future (likely memory related)
Cancelled future (likely memory related)
Cancelled future (likely memory related)
Cancelled future (likely memory related)
Cancelled future (likely memory related)
Cancelled future (likely memory related)
Cancelled future (likely memory related)
Generation:  23
Best root_mean_squared_error score: -0.0014915512010616593
Generation:  92%|| 23/25 [03:07<00:05,  2.70s/it]Cancelled future (likely memory related)
Cancelled future (likely memory related)
Cancelled future (likely memory related)
Cancelled future (likely memory related)
Cancelled future (likely memory related)
Cancelled future (likely memory related)
Cancelled future (likely memory related)
Cancelled future (likely memory related)
Cancelled future (likely memory related)
Cancelled future (likely memory related)
Cancelled future (likely memory related)
Cancelled future (likely memory related)
Cancelled future (likely memory related)
Cancelled future (likely memory related)
Cancelled future (likely memory related)
Cancelled future (likely memory related)
Generation:  24
Best root_mean_squared_error score: -0.0014915512010616593
Generation:  96%|| 24/25 [03:10<00:02,  2.88s/it]Cancelled future (likely memory related)
Cancelled future (likely memory related)
Cancelled future (likely memory related)
Cancelled future (likely memory related)
Cancelled future (likely memory related)
Cancelled future (likely memory related)
Cancelled future (likely memory related)
Cancelled future (likely memory related)
Cancelled future (likely memory related)
Cancelled future (likely memory related)
Cancelled future (likely memory related)
Cancelled future (likely memory related)
Cancelled future (likely memory related)
Cancelled future (likely memory related)
Cancelled future (likely memory related)
Cancelled future (likely memory related)
Generation:  25
Best root_mean_squared_error score: -0.0014915512010616593
Generation: 100%|| 25/25 [03:13<00:00,  2.70s/it]Generation: 100%|| 25/25 [03:13<00:00,  7.73s/it]
Fitted
Pipeline(steps=[('simpleimputer', SimpleImputer()),
                ('kneighborsregressor',
                 KNeighborsRegressor(n_neighbors=24, p=3))])
transform worked
try transform
transform worked
score start
train score: {'explained_var': 0.6396749253246286, 'r2': 0.639674919197478, 'rmse': 0.0014270191878261217}
test score: {'explained_var': 0.5984136216372291, 'r2': 0.5976311362753657, 'rmse': 0.0014981627671515152}
original test score: {'explained_var': 0.6048601658299966, 'r2': 0.6044259267491887, 'rmse': 0.0014854591935878477}
score end
198
lvl
0.1
type
MAR
num_run
2
reg_full
finished
all finished
full run takes
6.1456479258007475
hours
DONE
