Run: 1
/cm/local/apps/slurm/var/spool/job922705/slurm_script: line 27: 
pip install -e tpot2
pip install -r tpot2/ImputerExperiments/requirements_.txt
: No such file or directory
RunStart
30class_full_MAR_0.01_1/ passed
30class_full_MAR_0.01_2/ passed
30class_full_MAR_0.01_3/ failed
[Errno 2] No such file or directory: '/common/ketrong/tpotexp/tpot2/ImputerExperiments/data/c/30/class_full_MAR_0.01_3/all_scores.pkl'
Traceback (most recent call last):
  File "/common/ketrong/tpotexp/tpot2/ImputerExperiments/Locally_run_code/viewclass.py", line 68, in <module>
    with open(normalpath + 'all_scores.pkl', 'rb') as file:
FileNotFoundError: [Errno 2] No such file or directory: '/common/ketrong/tpotexp/tpot2/ImputerExperiments/data/c/30/class_full_MAR_0.01_3/all_scores.pkl'

30class_full_MAR_0.1_1/ passed
30class_full_MAR_0.1_2/ passed
30class_full_MAR_0.1_3/ failed
[Errno 2] No such file or directory: '/common/ketrong/tpotexp/tpot2/ImputerExperiments/data/c/30/class_full_MAR_0.1_3/all_scores.pkl'
Traceback (most recent call last):
  File "/common/ketrong/tpotexp/tpot2/ImputerExperiments/Locally_run_code/viewclass.py", line 68, in <module>
    with open(normalpath + 'all_scores.pkl', 'rb') as file:
FileNotFoundError: [Errno 2] No such file or directory: '/common/ketrong/tpotexp/tpot2/ImputerExperiments/data/c/30/class_full_MAR_0.1_3/all_scores.pkl'

30class_full_MAR_0.3_1/ passed
30class_full_MAR_0.3_2/ passed
30class_full_MAR_0.3_3/ failed
[Errno 2] No such file or directory: '/common/ketrong/tpotexp/tpot2/ImputerExperiments/data/c/30/class_full_MAR_0.3_3/tpot_space_scores.pkl'
Traceback (most recent call last):
  File "/common/ketrong/tpotexp/tpot2/ImputerExperiments/Locally_run_code/viewclass.py", line 73, in <module>
    with open(imputepath + 'tpot_space_scores.pkl', 'rb') as file:
FileNotFoundError: [Errno 2] No such file or directory: '/common/ketrong/tpotexp/tpot2/ImputerExperiments/data/c/30/class_full_MAR_0.3_3/tpot_space_scores.pkl'

30class_full_MAR_0.5_1/ passed
30class_full_MAR_0.5_2/ passed
30class_full_MAR_0.5_3/ passed
30class_full_MCAR_0.01_1/ passed
30class_full_MCAR_0.01_2/ passed
30class_full_MCAR_0.01_3/ failed
[Errno 2] No such file or directory: '/common/ketrong/tpotexp/tpot2/ImputerExperiments/data/c/30/class_full_MCAR_0.01_3/all_scores.pkl'
Traceback (most recent call last):
  File "/common/ketrong/tpotexp/tpot2/ImputerExperiments/Locally_run_code/viewclass.py", line 68, in <module>
    with open(normalpath + 'all_scores.pkl', 'rb') as file:
FileNotFoundError: [Errno 2] No such file or directory: '/common/ketrong/tpotexp/tpot2/ImputerExperiments/data/c/30/class_full_MCAR_0.01_3/all_scores.pkl'

30class_full_MCAR_0.1_1/ passed
30class_full_MCAR_0.1_2/ passed
30class_full_MCAR_0.1_3/ passed
30class_full_MCAR_0.3_1/ passed
30class_full_MCAR_0.3_2/ passed
30class_full_MCAR_0.3_3/ passed
30class_full_MCAR_0.5_1/ passed
30class_full_MCAR_0.5_2/ passed
30class_full_MCAR_0.5_3/ failed
[Errno 2] No such file or directory: '/common/ketrong/tpotexp/tpot2/ImputerExperiments/data/c/30/class_full_MCAR_0.5_3/all_scores.pkl'
Traceback (most recent call last):
  File "/common/ketrong/tpotexp/tpot2/ImputerExperiments/Locally_run_code/viewclass.py", line 68, in <module>
    with open(normalpath + 'all_scores.pkl', 'rb') as file:
FileNotFoundError: [Errno 2] No such file or directory: '/common/ketrong/tpotexp/tpot2/ImputerExperiments/data/c/30/class_full_MCAR_0.5_3/all_scores.pkl'

30class_full_MNAR_0.01_1/ passed
30class_full_MNAR_0.01_2/ passed
30class_full_MNAR_0.01_3/ failed
[Errno 2] No such file or directory: '/common/ketrong/tpotexp/tpot2/ImputerExperiments/data/c/30/class_full_MNAR_0.01_3/tpot_space_scores.pkl'
Traceback (most recent call last):
  File "/common/ketrong/tpotexp/tpot2/ImputerExperiments/Locally_run_code/viewclass.py", line 73, in <module>
    with open(imputepath + 'tpot_space_scores.pkl', 'rb') as file:
FileNotFoundError: [Errno 2] No such file or directory: '/common/ketrong/tpotexp/tpot2/ImputerExperiments/data/c/30/class_full_MNAR_0.01_3/tpot_space_scores.pkl'

30class_full_MNAR_0.1_1/ passed
30class_full_MNAR_0.1_2/ passed
30class_full_MNAR_0.1_3/ failed
[Errno 2] No such file or directory: '/common/ketrong/tpotexp/tpot2/ImputerExperiments/data/c/30/class_full_MNAR_0.1_3/all_scores.pkl'
Traceback (most recent call last):
  File "/common/ketrong/tpotexp/tpot2/ImputerExperiments/Locally_run_code/viewclass.py", line 68, in <module>
    with open(normalpath + 'all_scores.pkl', 'rb') as file:
FileNotFoundError: [Errno 2] No such file or directory: '/common/ketrong/tpotexp/tpot2/ImputerExperiments/data/c/30/class_full_MNAR_0.1_3/all_scores.pkl'

30class_full_MNAR_0.3_1/ passed
30class_full_MNAR_0.3_2/ passed
30class_full_MNAR_0.3_3/ passed
30class_full_MNAR_0.5_1/ passed
30class_full_MNAR_0.5_2/ passed
30class_full_MNAR_0.5_3/ failed
[Errno 2] No such file or directory: '/common/ketrong/tpotexp/tpot2/ImputerExperiments/data/c/30/class_full_MNAR_0.5_3/tpot_space_scores.pkl'
Traceback (most recent call last):
  File "/common/ketrong/tpotexp/tpot2/ImputerExperiments/Locally_run_code/viewclass.py", line 73, in <module>
    with open(imputepath + 'tpot_space_scores.pkl', 'rb') as file:
FileNotFoundError: [Errno 2] No such file or directory: '/common/ketrong/tpotexp/tpot2/ImputerExperiments/data/c/30/class_full_MNAR_0.5_3/tpot_space_scores.pkl'

30class_simple_MAR_0.01_1/ passed
30class_simple_MAR_0.01_2/ passed
30class_simple_MAR_0.01_3/ passed
30class_simple_MAR_0.1_1/ passed
30class_simple_MAR_0.1_2/ passed
30class_simple_MAR_0.1_3/ passed
30class_simple_MAR_0.3_1/ passed
30class_simple_MAR_0.3_2/ passed
30class_simple_MAR_0.3_3/ passed
30class_simple_MAR_0.5_1/ passed
30class_simple_MAR_0.5_2/ passed
30class_simple_MAR_0.5_3/ passed
30class_simple_MCAR_0.01_1/ passed
30class_simple_MCAR_0.01_2/ passed
30class_simple_MCAR_0.01_3/ passed
30class_simple_MCAR_0.1_1/ passed
30class_simple_MCAR_0.1_2/ passed
30class_simple_MCAR_0.1_3/ passed
30class_simple_MCAR_0.3_1/ passed
30class_simple_MCAR_0.3_2/ passed
30class_simple_MCAR_0.3_3/ passed
30class_simple_MCAR_0.5_1/ passed
30class_simple_MCAR_0.5_2/ passed
30class_simple_MCAR_0.5_3/ passed
30class_simple_MNAR_0.01_1/ passed
30class_simple_MNAR_0.01_2/ passed
30class_simple_MNAR_0.01_3/ passed
30class_simple_MNAR_0.1_1/ passed
30class_simple_MNAR_0.1_2/ passed
30class_simple_MNAR_0.1_3/ passed
30class_simple_MNAR_0.3_1/ passed
30class_simple_MNAR_0.3_2/ passed
30class_simple_MNAR_0.3_3/ passed
30class_simple_MNAR_0.5_1/ passed
30class_simple_MNAR_0.5_2/ passed
30class_simple_MNAR_0.5_3/ passed
30complete
all csvs complete
