Run: 6
/cm/local/apps/slurm/var/spool/job957860/slurm_script: line 26: 
pip install -e tpot2
pip install -r tpot2/ImputerExperiments/requirements_.txt
: No such file or directory
RunStart
Version 0.1.7a0 of tpot2 is outdated. Version 0.1.8a0 was released 2 days ago.
starting loops
../data/r/189/189.pkl
working on 
../data/r/189/reg_full_MAR_0.1_1
3.192429780960083
running experiment 1/3 - Does large hyperparameter space improve reconstruction accuracy over simple
[I 2024-09-19 17:50:25,809] A new study created in memory with name: no-name-6fd054ea-d524-4e6d-a839-6a5eee8f72af
running
running
running
running
running
running
running
running
running
running
running
running
running
running
running
running
[I 2024-09-19 17:50:26,058] Trial 2 finished with value: 0.281821975983108 and parameters: {'model_name': 'SimpleImputer', 'strategy': 'median'}. Best is trial 2 with value: 0.281821975983108.
running
[I 2024-09-19 17:50:26,279] Trial 11 finished with value: 0.5531427918716112 and parameters: {'model_name': 'SimpleImputer', 'strategy': 'most_frequent'}. Best is trial 2 with value: 0.281821975983108.
running
[I 2024-09-19 17:50:26,457] Trial 16 finished with value: 0.28140336507364666 and parameters: {'model_name': 'SimpleImputer', 'strategy': 'mean'}. Best is trial 16 with value: 0.28140336507364666.
running
[I 2024-09-19 17:50:27,852] Trial 6 finished with value: 0.28068637317272077 and parameters: {'model_name': 'KNNImputer', 'n_neighbors': 606, 'weights': 'distance'}. Best is trial 6 with value: 0.28068637317272077.
running
[I 2024-09-19 17:50:28,078] Trial 8 finished with value: 0.2811721470415399 and parameters: {'model_name': 'KNNImputer', 'n_neighbors': 5518, 'weights': 'distance'}. Best is trial 6 with value: 0.28068637317272077.
running
[I 2024-09-19 17:50:28,430] Trial 5 finished with value: 0.28109840783475104 and parameters: {'model_name': 'KNNImputer', 'n_neighbors': 4614, 'weights': 'distance'}. Best is trial 6 with value: 0.28068637317272077.
[I 2024-09-19 17:50:28,644] Trial 18 finished with value: 0.2807892672985573 and parameters: {'model_name': 'KNNImputer', 'n_neighbors': 1607, 'weights': 'distance'}. Best is trial 6 with value: 0.28068637317272077.
running
running
[I 2024-09-19 17:50:29,159] Trial 22 finished with value: 0.5531427918716112 and parameters: {'model_name': 'SimpleImputer', 'strategy': 'most_frequent'}. Best is trial 6 with value: 0.28068637317272077.
running
[I 2024-09-19 17:50:30,227] Trial 20 finished with value: 0.28134060764370716 and parameters: {'model_name': 'KNNImputer', 'n_neighbors': 4786, 'weights': 'uniform'}. Best is trial 6 with value: 0.28068637317272077.
[I 2024-09-19 17:50:30,345] Trial 21 finished with value: 0.281252322011449 and parameters: {'model_name': 'KNNImputer', 'n_neighbors': 4448, 'weights': 'uniform'}. Best is trial 6 with value: 0.28068637317272077.
running
running
[I 2024-09-19 17:50:31,009] Trial 7 finished with value: 0.28251999319866256 and parameters: {'model_name': 'IterativeImputer', 'estimator': 'Ridge', 'initial_strategy': 'median', 'n_nearest_features': 6, 'imputation_order': 'random'}. Best is trial 6 with value: 0.28068637317272077.
running
[I 2024-09-19 17:50:31,917] Trial 25 finished with value: 0.28277433728427537 and parameters: {'model_name': 'IterativeImputer', 'estimator': 'Ridge', 'initial_strategy': 'median', 'n_nearest_features': 7, 'imputation_order': 'arabic'}. Best is trial 6 with value: 0.28068637317272077.
running
[I 2024-09-19 17:50:32,381] Trial 13 finished with value: 0.30454010519126506 and parameters: {'model_name': 'IterativeImputer', 'estimator': 'KNN', 'initial_strategy': 'constant', 'n_nearest_features': 1, 'imputation_order': 'random'}. Best is trial 6 with value: 0.28068637317272077.
running
[I 2024-09-19 17:50:32,613] Trial 14 finished with value: 0.28247671601423624 and parameters: {'model_name': 'IterativeImputer', 'estimator': 'Bayesian', 'initial_strategy': 'constant', 'n_nearest_features': 8, 'imputation_order': 'random', 'sample_posterior': False}. Best is trial 6 with value: 0.28068637317272077.
running
[I 2024-09-19 17:50:33,278] Trial 1 finished with value: 0.400255523488671 and parameters: {'model_name': 'IterativeImputer', 'estimator': 'Bayesian', 'initial_strategy': 'median', 'n_nearest_features': 4, 'imputation_order': 'random', 'sample_posterior': True}. Best is trial 6 with value: 0.28068637317272077.
running
[I 2024-09-19 17:50:48,492] Trial 4 finished with value: 0.29172546245923076 and parameters: {'model_name': 'VAE', 'batch_size': 3, 'iterations': 1, 'learning_rate': 0.002270920017240822, 'p_miss': 0.286459903985269}. Best is trial 6 with value: 0.28068637317272077.
running
[I 2024-09-19 17:50:48,645] Trial 15 finished with value: 0.47974307786537007 and parameters: {'model_name': 'GAIN', 'batch_size': 24, 'hint_rate': 0.6431290743601183, 'alpha': 88, 'iterations': 1, 'learning_rate': 0.06804734159711477, 'p_miss': 0.1297385176497262}. Best is trial 6 with value: 0.28068637317272077.
running
[I 2024-09-19 17:50:49,091] Trial 30 finished with value: 0.47970013780411114 and parameters: {'model_name': 'GAIN', 'batch_size': 93, 'hint_rate': 0.817253886523813, 'alpha': 44, 'iterations': 2, 'learning_rate': 0.028180773233747573, 'p_miss': 0.1637998206702525}. Best is trial 6 with value: 0.28068637317272077.
running
[I 2024-09-19 17:50:49,423] Trial 28 finished with value: 0.49171071430508084 and parameters: {'model_name': 'GAIN', 'batch_size': 72, 'hint_rate': 0.7322465495523204, 'alpha': 49, 'iterations': 3, 'learning_rate': 0.00609877725202864, 'p_miss': 0.09564031822347588}. Best is trial 6 with value: 0.28068637317272077.
running
[I 2024-09-19 17:50:50,036] Trial 32 finished with value: 0.2806643896664126 and parameters: {'model_name': 'KNNImputer', 'n_neighbors': 666, 'weights': 'distance'}. Best is trial 32 with value: 0.2806643896664126.
running
[I 2024-09-19 17:50:50,587] Trial 33 finished with value: 0.28061971654418394 and parameters: {'model_name': 'KNNImputer', 'n_neighbors': 864, 'weights': 'distance'}. Best is trial 33 with value: 0.28061971654418394.
running
[I 2024-09-19 17:50:50,908] Trial 34 finished with value: 0.2806601007929469 and parameters: {'model_name': 'KNNImputer', 'n_neighbors': 643, 'weights': 'distance'}. Best is trial 33 with value: 0.28061971654418394.
running
[I 2024-09-19 17:50:51,095] Trial 12 finished with value: 0.45816439423318583 and parameters: {'model_name': 'GAIN', 'batch_size': 16, 'hint_rate': 0.5442515328929939, 'alpha': 38, 'iterations': 7, 'learning_rate': 0.017160002075048857, 'p_miss': 0.26450345726497804}. Best is trial 33 with value: 0.28061971654418394.
running
[I 2024-09-19 17:50:52,076] Trial 36 finished with value: 0.2838279214157326 and parameters: {'model_name': 'KNNImputer', 'n_neighbors': 47, 'weights': 'distance'}. Best is trial 33 with value: 0.28061971654418394.
running
[I 2024-09-19 17:50:52,212] Trial 37 finished with value: 0.28718536195605726 and parameters: {'model_name': 'KNNImputer', 'n_neighbors': 22, 'weights': 'distance'}. Best is trial 33 with value: 0.28061971654418394.
running
[I 2024-09-19 17:50:52,502] Trial 38 finished with value: 0.28077169355792586 and parameters: {'model_name': 'KNNImputer', 'n_neighbors': 236, 'weights': 'distance'}. Best is trial 33 with value: 0.28061971654418394.
running
[I 2024-09-19 17:50:53,334] Trial 0 finished with value: 0.5080215080392742 and parameters: {'model_name': 'GAIN', 'batch_size': 25, 'hint_rate': 0.24276372299027618, 'alpha': 4, 'iterations': 14, 'learning_rate': 0.05688595415746316, 'p_miss': 0.2602897456034027}. Best is trial 33 with value: 0.28061971654418394.
running
[I 2024-09-19 17:50:53,701] Trial 27 finished with value: inf and parameters: {'model_name': 'GAIN', 'batch_size': 1, 'hint_rate': 0.5845328318817453, 'alpha': 40, 'iterations': 89, 'learning_rate': 0.0004907881092871535, 'p_miss': 0.14046834722794171}. Best is trial 33 with value: 0.28061971654418394.
running
[I 2024-09-19 17:50:56,431] Trial 9 finished with value: 0.48366804280951897 and parameters: {'model_name': 'GAIN', 'batch_size': 121, 'hint_rate': 0.8188612901149291, 'alpha': 49, 'iterations': 28, 'learning_rate': 0.00039264720863090995, 'p_miss': 0.13404821645376283}. Best is trial 33 with value: 0.28061971654418394.
running
[I 2024-09-19 17:51:01,055] Trial 10 finished with value: 0.3273987621993725 and parameters: {'model_name': 'VAE', 'batch_size': 1, 'iterations': 28, 'learning_rate': 0.011295166431369312, 'p_miss': 0.2475114787923551}. Best is trial 33 with value: 0.28061971654418394.
running
[I 2024-09-19 17:51:02,015] Trial 45 finished with value: 0.28084074016932437 and parameters: {'model_name': 'KNNImputer', 'n_neighbors': 2108, 'weights': 'distance'}. Best is trial 33 with value: 0.28061971654418394.
running
[I 2024-09-19 17:51:02,633] Trial 3 finished with value: inf and parameters: {'model_name': 'GAIN', 'batch_size': 1, 'hint_rate': 0.1487940214196087, 'alpha': 10, 'iterations': 306, 'learning_rate': 0.00020076774708079176, 'p_miss': 0.29485955321037094}. Best is trial 33 with value: 0.28061971654418394.
running
[I 2024-09-19 17:51:03,207] Trial 46 finished with value: 0.28065734762376887 and parameters: {'model_name': 'KNNImputer', 'n_neighbors': 1221, 'weights': 'distance'}. Best is trial 33 with value: 0.28061971654418394.
running
[I 2024-09-19 17:51:04,339] Trial 47 finished with value: 0.2806488785367161 and parameters: {'model_name': 'KNNImputer', 'n_neighbors': 1333, 'weights': 'distance'}. Best is trial 33 with value: 0.28061971654418394.
running
[I 2024-09-19 17:51:04,884] Trial 48 finished with value: 0.2807137011585529 and parameters: {'model_name': 'KNNImputer', 'n_neighbors': 1491, 'weights': 'distance'}. Best is trial 33 with value: 0.28061971654418394.
running
[I 2024-09-19 17:51:05,533] Trial 49 finished with value: 0.2808080672326848 and parameters: {'model_name': 'KNNImputer', 'n_neighbors': 1733, 'weights': 'distance'}. Best is trial 33 with value: 0.28061971654418394.
running
[I 2024-09-19 17:51:34,331] Trial 17 finished with value: 0.2813293896537934 and parameters: {'model_name': 'VAE', 'batch_size': 57, 'iterations': 60, 'learning_rate': 0.0006529762475969628, 'p_miss': 0.28471718035522403}. Best is trial 33 with value: 0.28061971654418394.
running
[I 2024-09-19 17:51:35,326] Trial 52 finished with value: 0.28088878600559186 and parameters: {'model_name': 'KNNImputer', 'n_neighbors': 2927, 'weights': 'distance'}. Best is trial 33 with value: 0.28061971654418394.
running
[I 2024-09-19 17:51:36,200] Trial 53 finished with value: 0.2806552280368083 and parameters: {'model_name': 'KNNImputer', 'n_neighbors': 909, 'weights': 'uniform'}. Best is trial 33 with value: 0.28061971654418394.
running
[I 2024-09-19 17:51:37,148] Trial 54 finished with value: 0.280907377675354 and parameters: {'model_name': 'KNNImputer', 'n_neighbors': 2561, 'weights': 'uniform'}. Best is trial 33 with value: 0.28061971654418394.
running
[I 2024-09-19 17:58:37,979] Trial 23 finished with value: 0.4914870984460496 and parameters: {'model_name': 'GAIN', 'batch_size': 12, 'hint_rate': 0.683631909617111, 'alpha': 25, 'iterations': 2698, 'learning_rate': 0.001066052054392295, 'p_miss': 0.2521352622546974}. Best is trial 33 with value: 0.28061971654418394.
running
[I 2024-09-19 17:58:38,814] Trial 56 finished with value: 0.2807590840366503 and parameters: {'model_name': 'KNNImputer', 'n_neighbors': 1036, 'weights': 'uniform'}. Best is trial 33 with value: 0.28061971654418394.
running
[I 2024-09-19 17:58:39,703] Trial 57 finished with value: 0.2807178349392564 and parameters: {'model_name': 'KNNImputer', 'n_neighbors': 1273, 'weights': 'uniform'}. Best is trial 33 with value: 0.28061971654418394.
running
[I 2024-09-19 17:58:40,200] Trial 26 finished with value: 0.28405441176454554 and parameters: {'model_name': 'VAE', 'batch_size': 608, 'iterations': 149, 'learning_rate': 0.04591304796622959, 'p_miss': 0.19323852310677578}. Best is trial 33 with value: 0.28061971654418394.
running
[I 2024-09-19 17:58:40,889] Trial 58 finished with value: 0.2806263562190841 and parameters: {'model_name': 'KNNImputer', 'n_neighbors': 897, 'weights': 'distance'}. Best is trial 33 with value: 0.28061971654418394.
running
[I 2024-09-19 17:58:41,393] Trial 59 finished with value: 0.28074131176625566 and parameters: {'model_name': 'KNNImputer', 'n_neighbors': 958, 'weights': 'distance'}. Best is trial 33 with value: 0.28061971654418394.
running
[I 2024-09-19 17:58:42,101] Trial 60 finished with value: 0.2807907802508095 and parameters: {'model_name': 'KNNImputer', 'n_neighbors': 1012, 'weights': 'uniform'}. Best is trial 33 with value: 0.28061971654418394.
running
[I 2024-09-19 17:58:42,826] Trial 61 finished with value: 0.28089239565105223 and parameters: {'model_name': 'KNNImputer', 'n_neighbors': 2213, 'weights': 'uniform'}. Best is trial 33 with value: 0.28061971654418394.
running
[I 2024-09-19 17:58:43,061] Trial 63 finished with value: 0.5531499764358025 and parameters: {'model_name': 'SimpleImputer', 'strategy': 'constant'}. Best is trial 33 with value: 0.28061971654418394.
running
[I 2024-09-19 17:58:43,549] Trial 62 finished with value: 0.2808278093528896 and parameters: {'model_name': 'KNNImputer', 'n_neighbors': 2169, 'weights': 'distance'}. Best is trial 33 with value: 0.28061971654418394.
running
[I 2024-09-19 18:02:34,235] Trial 29 finished with value: 0.29601477930592257 and parameters: {'model_name': 'VAE', 'batch_size': 3, 'iterations': 1773, 'learning_rate': 0.0009184775961089365, 'p_miss': 0.08855236257213535}. Best is trial 33 with value: 0.28061971654418394.
running
[I 2024-09-19 18:02:35,078] Trial 66 finished with value: 0.2806556542003907 and parameters: {'model_name': 'KNNImputer', 'n_neighbors': 593, 'weights': 'distance'}. Best is trial 33 with value: 0.28061971654418394.
running
[I 2024-09-19 18:02:36,021] Trial 67 finished with value: 0.280713359433759 and parameters: {'model_name': 'KNNImputer', 'n_neighbors': 618, 'weights': 'distance'}. Best is trial 33 with value: 0.28061971654418394.
running
[I 2024-09-19 18:02:37,003] Trial 68 finished with value: 0.28068061379947024 and parameters: {'model_name': 'KNNImputer', 'n_neighbors': 1345, 'weights': 'distance'}. Best is trial 33 with value: 0.28061971654418394.
running
[I 2024-09-19 18:02:37,980] Trial 69 finished with value: 0.2806877013357063 and parameters: {'model_name': 'KNNImputer', 'n_neighbors': 577, 'weights': 'distance'}. Best is trial 33 with value: 0.28061971654418394.
running
[I 2024-09-19 18:10:45,962] Trial 70 finished with value: 0.3491657619495295 and parameters: {'model_name': 'IterativeImputer', 'estimator': 'RFR', 'initial_strategy': 'most_frequent', 'n_nearest_features': 1, 'imputation_order': 'ascending'}. Best is trial 33 with value: 0.28061971654418394.
running
[I 2024-09-19 18:10:47,095] Trial 71 finished with value: 0.28102403547987864 and parameters: {'model_name': 'KNNImputer', 'n_neighbors': 3792, 'weights': 'distance'}. Best is trial 33 with value: 0.28061971654418394.
running
[I 2024-09-19 18:10:47,234] Trial 72 finished with value: 0.28140336507364666 and parameters: {'model_name': 'SimpleImputer', 'strategy': 'mean'}. Best is trial 33 with value: 0.28061971654418394.
running
[I 2024-09-19 18:10:48,346] Trial 73 finished with value: 0.2811721470415399 and parameters: {'model_name': 'KNNImputer', 'n_neighbors': 6503, 'weights': 'distance'}. Best is trial 33 with value: 0.28061971654418394.
running
[I 2024-09-19 18:10:49,369] Trial 74 finished with value: 0.28081034250557213 and parameters: {'model_name': 'KNNImputer', 'n_neighbors': 1722, 'weights': 'distance'}. Best is trial 33 with value: 0.28061971654418394.
running
[I 2024-09-19 18:13:14,326] Trial 19 finished with value: 0.28963669675856074 and parameters: {'model_name': 'VAE', 'batch_size': 5, 'iterations': 3406, 'learning_rate': 0.004310206171680738, 'p_miss': 0.046889346454785014}. Best is trial 33 with value: 0.28061971654418394.
running
[I 2024-09-19 18:13:15,191] Trial 76 finished with value: 0.2806716726874047 and parameters: {'model_name': 'KNNImputer', 'n_neighbors': 848, 'weights': 'distance'}. Best is trial 33 with value: 0.28061971654418394.
running
[I 2024-09-19 18:13:16,255] Trial 77 finished with value: 0.2806423368161662 and parameters: {'model_name': 'KNNImputer', 'n_neighbors': 386, 'weights': 'distance'}. Best is trial 33 with value: 0.28061971654418394.
running
[I 2024-09-19 18:13:17,115] Trial 78 finished with value: 0.28080331656596674 and parameters: {'model_name': 'KNNImputer', 'n_neighbors': 285, 'weights': 'distance'}. Best is trial 33 with value: 0.28061971654418394.
running
[I 2024-09-19 18:13:19,770] Trial 79 finished with value: 0.3074207918645701 and parameters: {'model_name': 'IterativeImputer', 'estimator': 'KNN', 'initial_strategy': 'mean', 'n_nearest_features': 4, 'imputation_order': 'roman'}. Best is trial 33 with value: 0.28061971654418394.
running
[I 2024-09-19 18:13:20,847] Trial 80 finished with value: 0.2806429531010641 and parameters: {'model_name': 'KNNImputer', 'n_neighbors': 1256, 'weights': 'distance'}. Best is trial 33 with value: 0.28061971654418394.
running
[I 2024-09-19 18:13:34,896] Trial 31 finished with value: 0.5037116221412167 and parameters: {'model_name': 'GAIN', 'batch_size': 542, 'hint_rate': 0.869278477369819, 'alpha': 32, 'iterations': 7407, 'learning_rate': 0.07905828016398427, 'p_miss': 0.01528252376832101}. Best is trial 33 with value: 0.28061971654418394.
running
[I 2024-09-19 18:22:01,361] Trial 24 finished with value: 0.28680060350378606 and parameters: {'model_name': 'VAE', 'batch_size': 9, 'iterations': 5168, 'learning_rate': 0.09073055773291777, 'p_miss': 0.18775387092323903}. Best is trial 33 with value: 0.28061971654418394.
running
[I 2024-09-19 18:22:02,449] Trial 83 finished with value: 0.28066116110229944 and parameters: {'model_name': 'KNNImputer', 'n_neighbors': 447, 'weights': 'distance'}. Best is trial 33 with value: 0.28061971654418394.
running
[I 2024-09-19 18:22:03,440] Trial 84 finished with value: 0.2806456729672366 and parameters: {'model_name': 'KNNImputer', 'n_neighbors': 1112, 'weights': 'distance'}. Best is trial 33 with value: 0.28061971654418394.
running
[I 2024-09-19 18:22:03,581] Trial 85 finished with value: 0.5531499764358025 and parameters: {'model_name': 'SimpleImputer', 'strategy': 'constant'}. Best is trial 33 with value: 0.28061971654418394.
running
[I 2024-09-19 18:22:04,667] Trial 86 finished with value: 0.28063937450061893 and parameters: {'model_name': 'KNNImputer', 'n_neighbors': 918, 'weights': 'distance'}. Best is trial 33 with value: 0.28061971654418394.
running
[I 2024-09-19 18:22:05,472] Trial 87 finished with value: 0.28071982565959325 and parameters: {'model_name': 'KNNImputer', 'n_neighbors': 1022, 'weights': 'distance'}. Best is trial 33 with value: 0.28061971654418394.
running
[I 2024-09-19 18:22:06,541] Trial 88 finished with value: 0.280780017305142 and parameters: {'model_name': 'KNNImputer', 'n_neighbors': 1619, 'weights': 'distance'}. Best is trial 33 with value: 0.28061971654418394.
running
[I 2024-09-19 18:22:07,498] Trial 89 finished with value: 0.2806012903301353 and parameters: {'model_name': 'KNNImputer', 'n_neighbors': 870, 'weights': 'uniform'}. Best is trial 89 with value: 0.2806012903301353.
running
[I 2024-09-19 18:26:14,195] Trial 82 finished with value: 0.28345209975744573 and parameters: {'model_name': 'VAE', 'batch_size': 176, 'iterations': 652, 'learning_rate': 0.002225520465147726, 'p_miss': 0.20476430490861425}. Best is trial 89 with value: 0.2806012903301353.
running
[I 2024-09-19 18:26:15,212] Trial 91 finished with value: 0.28065589328831086 and parameters: {'model_name': 'KNNImputer', 'n_neighbors': 1331, 'weights': 'distance'}. Best is trial 89 with value: 0.2806012903301353.
running
[I 2024-09-19 18:26:16,159] Trial 92 finished with value: 0.280719411906411 and parameters: {'model_name': 'KNNImputer', 'n_neighbors': 366, 'weights': 'distance'}. Best is trial 89 with value: 0.2806012903301353.
running
[I 2024-09-19 18:26:17,220] Trial 93 finished with value: 0.2807282415698193 and parameters: {'model_name': 'KNNImputer', 'n_neighbors': 791, 'weights': 'distance'}. Best is trial 89 with value: 0.2806012903301353.
running
[I 2024-09-19 18:36:15,927] Trial 90 finished with value: 0.283681071844332 and parameters: {'model_name': 'VAE', 'batch_size': 232, 'iterations': 625, 'learning_rate': 0.00017574899053952766, 'p_miss': 0.21474479006441174}. Best is trial 89 with value: 0.2806012903301353.
running
[I 2024-09-19 18:42:32,247] Trial 94 finished with value: 0.2959162605998051 and parameters: {'model_name': 'IterativeImputer', 'estimator': 'RFR', 'initial_strategy': 'mean', 'n_nearest_features': 3, 'imputation_order': 'descending'}. Best is trial 89 with value: 0.2806012903301353.
running
[I 2024-09-19 18:42:33,417] Trial 96 finished with value: 0.2807013396969454 and parameters: {'model_name': 'KNNImputer', 'n_neighbors': 925, 'weights': 'uniform'}. Best is trial 89 with value: 0.2806012903301353.
running
[I 2024-09-19 18:42:34,613] Trial 97 finished with value: 0.28070933926675534 and parameters: {'model_name': 'KNNImputer', 'n_neighbors': 1250, 'weights': 'uniform'}. Best is trial 89 with value: 0.2806012903301353.
running
[I 2024-09-19 18:42:35,664] Trial 98 finished with value: 0.28085945229362463 and parameters: {'model_name': 'KNNImputer', 'n_neighbors': 1911, 'weights': 'uniform'}. Best is trial 89 with value: 0.2806012903301353.
running
[I 2024-09-19 18:42:36,770] Trial 99 finished with value: 0.28162692015478563 and parameters: {'model_name': 'KNNImputer', 'n_neighbors': 102, 'weights': 'uniform'}. Best is trial 89 with value: 0.2806012903301353.
running
[I 2024-09-19 18:42:37,922] Trial 100 finished with value: 0.28068605360993365 and parameters: {'model_name': 'KNNImputer', 'n_neighbors': 734, 'weights': 'distance'}. Best is trial 89 with value: 0.2806012903301353.
running
[I 2024-09-19 18:42:39,011] Trial 101 finished with value: 0.2806610022160543 and parameters: {'model_name': 'KNNImputer', 'n_neighbors': 1168, 'weights': 'distance'}. Best is trial 89 with value: 0.2806012903301353.
running
[I 2024-09-19 18:42:40,256] Trial 102 finished with value: 0.280803944934509 and parameters: {'model_name': 'KNNImputer', 'n_neighbors': 1510, 'weights': 'uniform'}. Best is trial 89 with value: 0.2806012903301353.
running
[I 2024-09-19 18:42:41,459] Trial 103 finished with value: 0.49469977250280095 and parameters: {'model_name': 'GAIN', 'batch_size': 41, 'hint_rate': 0.3623393963432988, 'alpha': 80, 'iterations': 5, 'learning_rate': 0.010063510868566888, 'p_miss': 0.07139806325231648}. Best is trial 89 with value: 0.2806012903301353.
running
[I 2024-09-19 18:42:42,613] Trial 104 finished with value: 0.2806934422673958 and parameters: {'model_name': 'KNNImputer', 'n_neighbors': 426, 'weights': 'distance'}. Best is trial 89 with value: 0.2806012903301353.
running
[I 2024-09-19 18:42:43,771] Trial 105 finished with value: 0.2807769361600433 and parameters: {'model_name': 'KNNImputer', 'n_neighbors': 803, 'weights': 'distance'}. Best is trial 89 with value: 0.2806012903301353.
running
[I 2024-09-19 18:42:44,876] Trial 106 finished with value: 0.28063960099893204 and parameters: {'model_name': 'KNNImputer', 'n_neighbors': 549, 'weights': 'distance'}. Best is trial 89 with value: 0.2806012903301353.
running
[I 2024-09-19 18:42:45,963] Trial 107 finished with value: 0.35287995758532015 and parameters: {'model_name': 'KNNImputer', 'n_neighbors': 2, 'weights': 'distance'}. Best is trial 89 with value: 0.2806012903301353.
running
[I 2024-09-19 18:42:47,029] Trial 108 finished with value: 0.28070684748580493 and parameters: {'model_name': 'KNNImputer', 'n_neighbors': 371, 'weights': 'distance'}. Best is trial 89 with value: 0.2806012903301353.
running
[I 2024-09-19 18:42:48,107] Trial 109 finished with value: 0.28067201091131133 and parameters: {'model_name': 'KNNImputer', 'n_neighbors': 1119, 'weights': 'distance'}. Best is trial 89 with value: 0.2806012903301353.
running
[I 2024-09-19 18:42:49,220] Trial 110 finished with value: 0.2807731789453945 and parameters: {'model_name': 'KNNImputer', 'n_neighbors': 703, 'weights': 'uniform'}. Best is trial 89 with value: 0.2806012903301353.
running
[I 2024-09-19 18:42:50,427] Trial 111 finished with value: 0.2807372459302817 and parameters: {'model_name': 'KNNImputer', 'n_neighbors': 1416, 'weights': 'distance'}. Best is trial 89 with value: 0.2806012903301353.
running
[I 2024-09-19 18:42:50,608] Trial 112 finished with value: 0.281821975983108 and parameters: {'model_name': 'SimpleImputer', 'strategy': 'median'}. Best is trial 89 with value: 0.2806012903301353.
running
[I 2024-09-19 18:42:51,805] Trial 113 finished with value: 0.2807360409320302 and parameters: {'model_name': 'KNNImputer', 'n_neighbors': 1010, 'weights': 'distance'}. Best is trial 89 with value: 0.2806012903301353.
running
[I 2024-09-19 18:42:52,781] Trial 114 finished with value: 0.28069650314853145 and parameters: {'model_name': 'KNNImputer', 'n_neighbors': 546, 'weights': 'uniform'}. Best is trial 89 with value: 0.2806012903301353.
running
[I 2024-09-19 18:42:54,012] Trial 115 finished with value: 0.2808277919339729 and parameters: {'model_name': 'KNNImputer', 'n_neighbors': 1968, 'weights': 'distance'}. Best is trial 89 with value: 0.2806012903301353.
running
[I 2024-09-19 18:42:55,224] Trial 116 finished with value: 0.28065076687399004 and parameters: {'model_name': 'KNNImputer', 'n_neighbors': 599, 'weights': 'distance'}. Best is trial 89 with value: 0.2806012903301353.
running
[I 2024-09-19 18:42:56,294] Trial 117 finished with value: 0.28076642458373036 and parameters: {'model_name': 'KNNImputer', 'n_neighbors': 282, 'weights': 'distance'}. Best is trial 89 with value: 0.2806012903301353.
running
[I 2024-09-19 18:42:57,377] Trial 118 finished with value: 0.28066501039411984 and parameters: {'model_name': 'KNNImputer', 'n_neighbors': 851, 'weights': 'distance'}. Best is trial 89 with value: 0.2806012903301353.
running
[I 2024-09-19 18:42:58,498] Trial 119 finished with value: 0.28068713086789765 and parameters: {'model_name': 'KNNImputer', 'n_neighbors': 1145, 'weights': 'distance'}. Best is trial 89 with value: 0.2806012903301353.
running
[I 2024-09-19 18:42:59,526] Trial 120 finished with value: 0.2810552454462651 and parameters: {'model_name': 'KNNImputer', 'n_neighbors': 3879, 'weights': 'distance'}. Best is trial 89 with value: 0.2806012903301353.
running
[I 2024-09-19 18:43:33,148] Trial 121 finished with value: 0.2820323282300208 and parameters: {'model_name': 'IterativeImputer', 'estimator': 'Bayesian', 'initial_strategy': 'most_frequent', 'n_nearest_features': 6, 'imputation_order': 'descending', 'sample_posterior': False}. Best is trial 89 with value: 0.2806012903301353.
running
[I 2024-09-19 18:46:16,418] Trial 122 finished with value: 0.5009473355972413 and parameters: {'model_name': 'GAIN', 'batch_size': 857, 'hint_rate': 0.020770832076082324, 'alpha': 69, 'iterations': 1075, 'learning_rate': 0.00014081080992814235, 'p_miss': 0.024478379639724435}. Best is trial 89 with value: 0.2806012903301353.
running
[I 2024-09-19 18:46:17,500] Trial 123 finished with value: 0.280647258893054 and parameters: {'model_name': 'KNNImputer', 'n_neighbors': 537, 'weights': 'distance'}. Best is trial 89 with value: 0.2806012903301353.
running
[I 2024-09-19 18:53:19,685] Trial 95 finished with value: 0.2898677261223055 and parameters: {'model_name': 'IterativeImputer', 'estimator': 'RFR', 'initial_strategy': 'most_frequent', 'n_nearest_features': 3, 'imputation_order': 'descending'}. Best is trial 89 with value: 0.2806012903301353.
running
[I 2024-09-19 18:54:28,096] Trial 124 finished with value: 0.2839649958735945 and parameters: {'model_name': 'VAE', 'batch_size': 325, 'iterations': 214, 'learning_rate': 0.00010262450992258128, 'p_miss': 0.22658205494020472}. Best is trial 89 with value: 0.2806012903301353.
running
[I 2024-09-19 18:54:29,119] Trial 126 finished with value: 0.2806556542003907 and parameters: {'model_name': 'KNNImputer', 'n_neighbors': 593, 'weights': 'distance'}. Best is trial 89 with value: 0.2806012903301353.
running
[I 2024-09-19 18:54:30,143] Trial 127 finished with value: 0.2807183727257895 and parameters: {'model_name': 'KNNImputer', 'n_neighbors': 829, 'weights': 'distance'}. Best is trial 89 with value: 0.2806012903301353.
running
[I 2024-09-19 18:54:30,793] Trial 40 finished with value: 0.31904119076611837 and parameters: {'model_name': 'VAE', 'batch_size': 1, 'iterations': 9631, 'learning_rate': 0.0001761813254427952, 'p_miss': 0.027430638461544893}. Best is trial 89 with value: 0.2806012903301353.
running
[I 2024-09-19 18:54:31,365] Trial 128 finished with value: 0.2808004575036095 and parameters: {'model_name': 'KNNImputer', 'n_neighbors': 211, 'weights': 'distance'}. Best is trial 89 with value: 0.2806012903301353.
running
[I 2024-09-19 18:54:32,044] Trial 129 finished with value: 0.2806277245686573 and parameters: {'model_name': 'KNNImputer', 'n_neighbors': 183, 'weights': 'distance'}. Best is trial 89 with value: 0.2806012903301353.
running
[I 2024-09-19 18:54:32,584] Trial 130 finished with value: 0.2806967549722869 and parameters: {'model_name': 'KNNImputer', 'n_neighbors': 496, 'weights': 'distance'}. Best is trial 89 with value: 0.2806012903301353.
running
[I 2024-09-19 18:54:33,465] Trial 131 finished with value: 0.2807502821462562 and parameters: {'model_name': 'KNNImputer', 'n_neighbors': 484, 'weights': 'distance'}. Best is trial 89 with value: 0.2806012903301353.
running
[I 2024-09-19 18:54:33,813] Trial 132 finished with value: 0.2807261836827842 and parameters: {'model_name': 'KNNImputer', 'n_neighbors': 196, 'weights': 'distance'}. Best is trial 89 with value: 0.2806012903301353.
running
[I 2024-09-19 18:54:35,038] Trial 133 finished with value: 0.28060709294459607 and parameters: {'model_name': 'KNNImputer', 'n_neighbors': 182, 'weights': 'distance'}. Best is trial 89 with value: 0.2806012903301353.
running
[I 2024-09-19 18:54:35,230] Trial 134 finished with value: 0.28071005784557357 and parameters: {'model_name': 'KNNImputer', 'n_neighbors': 703, 'weights': 'distance'}. Best is trial 89 with value: 0.2806012903301353.
running
[I 2024-09-19 18:54:36,349] Trial 136 finished with value: 0.2873806112126975 and parameters: {'model_name': 'KNNImputer', 'n_neighbors': 18, 'weights': 'distance'}. Best is trial 89 with value: 0.2806012903301353.
running
[I 2024-09-19 18:54:36,814] Trial 135 finished with value: 0.2811721470415399 and parameters: {'model_name': 'KNNImputer', 'n_neighbors': 5153, 'weights': 'distance'}. Best is trial 89 with value: 0.2806012903301353.
running
[I 2024-09-19 18:54:37,731] Trial 137 finished with value: 0.28074686608355337 and parameters: {'model_name': 'KNNImputer', 'n_neighbors': 273, 'weights': 'distance'}. Best is trial 89 with value: 0.2806012903301353.
running
[I 2024-09-19 18:54:38,383] Trial 138 finished with value: 0.28072924789408155 and parameters: {'model_name': 'KNNImputer', 'n_neighbors': 261, 'weights': 'distance'}. Best is trial 89 with value: 0.2806012903301353.
running
[I 2024-09-19 18:54:39,134] Trial 139 finished with value: 0.2807571071113447 and parameters: {'model_name': 'KNNImputer', 'n_neighbors': 992, 'weights': 'distance'}. Best is trial 89 with value: 0.2806012903301353.
running
[I 2024-09-19 18:54:39,367] Trial 141 finished with value: 0.5531427918716112 and parameters: {'model_name': 'SimpleImputer', 'strategy': 'most_frequent'}. Best is trial 89 with value: 0.2806012903301353.
running
[I 2024-09-19 18:54:39,804] Trial 140 finished with value: 0.28065379484424996 and parameters: {'model_name': 'KNNImputer', 'n_neighbors': 1081, 'weights': 'distance'}. Best is trial 89 with value: 0.2806012903301353.
running
[I 2024-09-19 18:54:40,935] Trial 142 finished with value: 0.2807111227373367 and parameters: {'model_name': 'KNNImputer', 'n_neighbors': 629, 'weights': 'distance'}. Best is trial 89 with value: 0.2806012903301353.
running
[I 2024-09-19 18:54:41,471] Trial 143 finished with value: 0.28065771106318305 and parameters: {'model_name': 'KNNImputer', 'n_neighbors': 644, 'weights': 'distance'}. Best is trial 89 with value: 0.2806012903301353.
running
[I 2024-09-19 18:54:42,613] Trial 144 finished with value: 0.2806800306339275 and parameters: {'model_name': 'KNNImputer', 'n_neighbors': 1344, 'weights': 'distance'}. Best is trial 89 with value: 0.2806012903301353.
running
[I 2024-09-19 18:54:43,188] Trial 145 finished with value: 0.2806608947320023 and parameters: {'model_name': 'KNNImputer', 'n_neighbors': 1272, 'weights': 'distance'}. Best is trial 89 with value: 0.2806012903301353.
running
[I 2024-09-19 18:54:44,321] Trial 146 finished with value: 0.2806820337778653 and parameters: {'model_name': 'KNNImputer', 'n_neighbors': 1137, 'weights': 'distance'}. Best is trial 89 with value: 0.2806012903301353.
running
[I 2024-09-19 18:54:44,588] Trial 147 finished with value: 0.28073438649873783 and parameters: {'model_name': 'KNNImputer', 'n_neighbors': 961, 'weights': 'distance'}. Best is trial 89 with value: 0.2806012903301353.
running
[I 2024-09-19 18:54:45,668] Trial 148 finished with value: 0.28063937450061893 and parameters: {'model_name': 'KNNImputer', 'n_neighbors': 918, 'weights': 'distance'}. Best is trial 89 with value: 0.2806012903301353.
running
[I 2024-09-19 18:54:46,026] Trial 149 finished with value: 0.28079009475104144 and parameters: {'model_name': 'KNNImputer', 'n_neighbors': 1614, 'weights': 'distance'}. Best is trial 89 with value: 0.2806012903301353.
running
[I 2024-09-19 18:54:47,255] Trial 150 finished with value: 0.2807892672985573 and parameters: {'model_name': 'KNNImputer', 'n_neighbors': 1607, 'weights': 'distance'}. Best is trial 89 with value: 0.2806012903301353.
running
[I 2024-09-19 18:54:47,397] Trial 151 finished with value: 0.28073836810648956 and parameters: {'model_name': 'KNNImputer', 'n_neighbors': 414, 'weights': 'distance'}. Best is trial 89 with value: 0.2806012903301353.
running
[I 2024-09-19 18:54:48,208] Trial 153 finished with value: 0.28069987486198633 and parameters: {'model_name': 'KNNImputer', 'n_neighbors': 833, 'weights': 'distance'}. Best is trial 89 with value: 0.2806012903301353.
running
[I 2024-09-19 18:54:48,503] Trial 152 finished with value: inf and parameters: {'model_name': 'GAIN', 'batch_size': 2, 'hint_rate': 0.4210074063459465, 'alpha': 68, 'iterations': 17, 'learning_rate': 0.025392222521539953, 'p_miss': 0.10946260933555607}. Best is trial 89 with value: 0.2806012903301353.
running
[I 2024-09-19 18:54:49,569] Trial 155 finished with value: 0.2808579409443964 and parameters: {'model_name': 'KNNImputer', 'n_neighbors': 2733, 'weights': 'distance'}. Best is trial 89 with value: 0.2806012903301353.
running
[I 2024-09-19 18:54:50,634] Trial 156 finished with value: 0.28063906067001376 and parameters: {'model_name': 'KNNImputer', 'n_neighbors': 1076, 'weights': 'distance'}. Best is trial 89 with value: 0.2806012903301353.
running
[I 2024-09-19 18:54:51,645] Trial 157 finished with value: 0.2809909197284869 and parameters: {'model_name': 'KNNImputer', 'n_neighbors': 153, 'weights': 'distance'}. Best is trial 89 with value: 0.2806012903301353.
running
[I 2024-09-19 18:54:52,668] Trial 158 finished with value: 0.2806923309981416 and parameters: {'model_name': 'KNNImputer', 'n_neighbors': 735, 'weights': 'distance'}. Best is trial 89 with value: 0.2806012903301353.
running
[I 2024-09-19 18:54:53,513] Trial 154 finished with value: 0.4735976048014169 and parameters: {'model_name': 'GAIN', 'batch_size': 3, 'hint_rate': 0.9555357131187383, 'alpha': 68, 'iterations': 12, 'learning_rate': 0.027262297438939518, 'p_miss': 0.1715557147461577}. Best is trial 89 with value: 0.2806012903301353.
running
[I 2024-09-19 18:54:54,009] Trial 159 finished with value: 0.2806860178694256 and parameters: {'model_name': 'KNNImputer', 'n_neighbors': 499, 'weights': 'distance'}. Best is trial 89 with value: 0.2806012903301353.
running
[I 2024-09-19 18:54:54,931] Trial 160 finished with value: 0.2807529765675696 and parameters: {'model_name': 'KNNImputer', 'n_neighbors': 488, 'weights': 'distance'}. Best is trial 89 with value: 0.2806012903301353.
running
[I 2024-09-19 18:54:55,474] Trial 161 finished with value: 0.2807044241047082 and parameters: {'model_name': 'KNNImputer', 'n_neighbors': 948, 'weights': 'distance'}. Best is trial 89 with value: 0.2806012903301353.
running
[I 2024-09-19 18:54:56,479] Trial 163 finished with value: 0.28079605780903794 and parameters: {'model_name': 'KNNImputer', 'n_neighbors': 1454, 'weights': 'uniform'}. Best is trial 89 with value: 0.2806012903301353.
running
[I 2024-09-19 18:55:16,303] Trial 162 finished with value: 0.28578736108510316 and parameters: {'model_name': 'VAE', 'batch_size': 6, 'iterations': 63, 'learning_rate': 0.0018839482985014186, 'p_miss': 0.04516231932226511}. Best is trial 89 with value: 0.2806012903301353.
running
[I 2024-09-19 18:55:17,345] Trial 165 finished with value: 0.28062584122361534 and parameters: {'model_name': 'KNNImputer', 'n_neighbors': 1204, 'weights': 'distance'}. Best is trial 89 with value: 0.2806012903301353.
running
[I 2024-09-19 18:55:18,354] Trial 166 finished with value: 0.28062682976162023 and parameters: {'model_name': 'KNNImputer', 'n_neighbors': 1229, 'weights': 'distance'}. Best is trial 89 with value: 0.2806012903301353.
running
[I 2024-09-19 18:55:19,415] Trial 167 finished with value: 0.28063001715933455 and parameters: {'model_name': 'KNNImputer', 'n_neighbors': 1072, 'weights': 'distance'}. Best is trial 89 with value: 0.2806012903301353.
running
[I 2024-09-19 18:55:20,486] Trial 168 finished with value: 0.280649886292663 and parameters: {'model_name': 'KNNImputer', 'n_neighbors': 1245, 'weights': 'distance'}. Best is trial 89 with value: 0.2806012903301353.
running
[I 2024-09-19 18:55:21,605] Trial 169 finished with value: 0.28067846410812064 and parameters: {'model_name': 'KNNImputer', 'n_neighbors': 1135, 'weights': 'distance'}. Best is trial 89 with value: 0.2806012903301353.
running
[I 2024-09-19 18:55:22,699] Trial 170 finished with value: 0.2806270183459912 and parameters: {'model_name': 'KNNImputer', 'n_neighbors': 887, 'weights': 'distance'}. Best is trial 89 with value: 0.2806012903301353.
running
[I 2024-09-19 18:55:23,842] Trial 171 finished with value: 0.280613639156125 and parameters: {'model_name': 'KNNImputer', 'n_neighbors': 895, 'weights': 'distance'}. Best is trial 89 with value: 0.2806012903301353.
running
[I 2024-09-19 18:55:24,702] Trial 172 finished with value: 0.28062553469364665 and parameters: {'model_name': 'KNNImputer', 'n_neighbors': 892, 'weights': 'distance'}. Best is trial 89 with value: 0.2806012903301353.
running
[I 2024-09-19 18:55:27,667] Trial 173 finished with value: 0.2827743399489549 and parameters: {'model_name': 'IterativeImputer', 'estimator': 'Ridge', 'initial_strategy': 'mean', 'n_nearest_features': 8, 'imputation_order': 'ascending'}. Best is trial 89 with value: 0.2806012903301353.
running
[I 2024-09-19 18:55:27,854] Trial 174 finished with value: 0.28140336507364666 and parameters: {'model_name': 'SimpleImputer', 'strategy': 'mean'}. Best is trial 89 with value: 0.2806012903301353.
running
[I 2024-09-19 18:55:28,687] Trial 175 finished with value: 0.2806270183459912 and parameters: {'model_name': 'KNNImputer', 'n_neighbors': 887, 'weights': 'distance'}. Best is trial 89 with value: 0.2806012903301353.
running
[I 2024-09-19 18:55:29,753] Trial 176 finished with value: 0.2805723621684681 and parameters: {'model_name': 'KNNImputer', 'n_neighbors': 870, 'weights': 'distance'}. Best is trial 176 with value: 0.2805723621684681.
running
[I 2024-09-19 18:55:30,801] Trial 177 finished with value: 0.2806827952408999 and parameters: {'model_name': 'KNNImputer', 'n_neighbors': 929, 'weights': 'distance'}. Best is trial 176 with value: 0.2805723621684681.
running
[I 2024-09-19 18:55:31,971] Trial 178 finished with value: 0.2807387871978976 and parameters: {'model_name': 'KNNImputer', 'n_neighbors': 796, 'weights': 'distance'}. Best is trial 176 with value: 0.2805723621684681.
running
[I 2024-09-19 18:55:33,024] Trial 179 finished with value: 0.2805940067140996 and parameters: {'model_name': 'KNNImputer', 'n_neighbors': 882, 'weights': 'distance'}. Best is trial 176 with value: 0.2805723621684681.
running
[I 2024-09-19 18:55:34,028] Trial 180 finished with value: 0.2807061006440667 and parameters: {'model_name': 'KNNImputer', 'n_neighbors': 1046, 'weights': 'distance'}. Best is trial 176 with value: 0.2805723621684681.
running
[I 2024-09-19 18:55:35,200] Trial 181 finished with value: 0.2805940067140996 and parameters: {'model_name': 'KNNImputer', 'n_neighbors': 882, 'weights': 'distance'}. Best is trial 176 with value: 0.2805723621684681.
running
[I 2024-09-19 18:55:36,218] Trial 182 finished with value: 0.2807621752962783 and parameters: {'model_name': 'KNNImputer', 'n_neighbors': 726, 'weights': 'uniform'}. Best is trial 176 with value: 0.2805723621684681.
running
[I 2024-09-19 18:55:37,299] Trial 183 finished with value: 0.28073039447965453 and parameters: {'model_name': 'KNNImputer', 'n_neighbors': 1446, 'weights': 'distance'}. Best is trial 176 with value: 0.2805723621684681.
running
[I 2024-09-19 18:55:38,359] Trial 184 finished with value: 0.2806536523245645 and parameters: {'model_name': 'KNNImputer', 'n_neighbors': 1216, 'weights': 'distance'}. Best is trial 176 with value: 0.2805723621684681.
running
[I 2024-09-19 18:55:39,468] Trial 185 finished with value: 0.2805971185796285 and parameters: {'model_name': 'KNNImputer', 'n_neighbors': 867, 'weights': 'distance'}. Best is trial 176 with value: 0.2805723621684681.
running
[I 2024-09-19 18:55:40,524] Trial 186 finished with value: 0.2806165585450779 and parameters: {'model_name': 'KNNImputer', 'n_neighbors': 886, 'weights': 'distance'}. Best is trial 176 with value: 0.2805723621684681.
running
[I 2024-09-19 18:55:41,596] Trial 187 finished with value: 0.2807183727257895 and parameters: {'model_name': 'KNNImputer', 'n_neighbors': 829, 'weights': 'distance'}. Best is trial 176 with value: 0.2805723621684681.
running
[I 2024-09-19 18:55:42,756] Trial 188 finished with value: 0.28093315484205483 and parameters: {'model_name': 'KNNImputer', 'n_neighbors': 3240, 'weights': 'distance'}. Best is trial 176 with value: 0.2805723621684681.
running
[I 2024-09-19 18:55:43,916] Trial 189 finished with value: 0.28070130463991666 and parameters: {'model_name': 'KNNImputer', 'n_neighbors': 1026, 'weights': 'distance'}. Best is trial 176 with value: 0.2805723621684681.
running
[I 2024-09-19 18:55:44,610] Trial 75 finished with value: 0.2833704493990368 and parameters: {'model_name': 'VAE', 'batch_size': 846, 'iterations': 676, 'learning_rate': 0.00010033554999553458, 'p_miss': 0.03977166182896322}. Best is trial 176 with value: 0.2805723621684681.
running
[I 2024-09-19 18:55:45,037] Trial 190 finished with value: 0.28070066001573873 and parameters: {'model_name': 'KNNImputer', 'n_neighbors': 710, 'weights': 'distance'}. Best is trial 176 with value: 0.2805723621684681.
running
[I 2024-09-19 18:55:45,987] Trial 191 finished with value: 0.2806770649985095 and parameters: {'model_name': 'KNNImputer', 'n_neighbors': 732, 'weights': 'distance'}. Best is trial 176 with value: 0.2805723621684681.
running
[I 2024-09-19 18:55:46,902] Trial 192 finished with value: 0.2811721470415399 and parameters: {'model_name': 'KNNImputer', 'n_neighbors': 6363, 'weights': 'distance'}. Best is trial 176 with value: 0.2805723621684681.
running
[I 2024-09-19 18:55:47,459] Trial 193 finished with value: 0.2805723621684681 and parameters: {'model_name': 'KNNImputer', 'n_neighbors': 870, 'weights': 'distance'}. Best is trial 176 with value: 0.2805723621684681.
running
[I 2024-09-19 18:55:48,317] Trial 194 finished with value: 0.28069340142200366 and parameters: {'model_name': 'KNNImputer', 'n_neighbors': 1128, 'weights': 'distance'}. Best is trial 176 with value: 0.2805723621684681.
running
[I 2024-09-19 18:55:48,679] Trial 195 finished with value: 0.2807318163388207 and parameters: {'model_name': 'KNNImputer', 'n_neighbors': 957, 'weights': 'distance'}. Best is trial 176 with value: 0.2805723621684681.
running
[I 2024-09-19 18:55:49,710] Trial 196 finished with value: 0.2806166496376514 and parameters: {'model_name': 'KNNImputer', 'n_neighbors': 902, 'weights': 'distance'}. Best is trial 176 with value: 0.2805723621684681.
running
[I 2024-09-19 18:55:50,094] Trial 197 finished with value: 0.2806716726874047 and parameters: {'model_name': 'KNNImputer', 'n_neighbors': 848, 'weights': 'distance'}. Best is trial 176 with value: 0.2805723621684681.
running
[I 2024-09-19 18:55:51,081] Trial 198 finished with value: 0.2806129200566878 and parameters: {'model_name': 'KNNImputer', 'n_neighbors': 861, 'weights': 'distance'}. Best is trial 176 with value: 0.2805723621684681.
[I 2024-09-19 18:55:51,344] Trial 199 finished with value: 0.280613639156125 and parameters: {'model_name': 'KNNImputer', 'n_neighbors': 895, 'weights': 'distance'}. Best is trial 176 with value: 0.2805723621684681.
[I 2024-09-19 18:57:25,386] Trial 164 finished with value: 0.2874598975873744 and parameters: {'model_name': 'VAE', 'batch_size': 7, 'iterations': 432, 'learning_rate': 0.0015920649601685617, 'p_miss': 0.07493522484535495}. Best is trial 176 with value: 0.2805723621684681.
[I 2024-09-19 19:06:30,960] Trial 81 finished with value: 0.2837898224571229 and parameters: {'model_name': 'VAE', 'batch_size': 886, 'iterations': 677, 'learning_rate': 0.00017557555865944805, 'p_miss': 0.0239419410780084}. Best is trial 176 with value: 0.2805723621684681.
[I 2024-09-19 19:24:25,991] Trial 65 finished with value: 0.28355320769059544 and parameters: {'model_name': 'VAE', 'batch_size': 261, 'iterations': 4206, 'learning_rate': 0.00011751805458785868, 'p_miss': 0.03181572152253638}. Best is trial 176 with value: 0.2805723621684681.
[I 2024-09-19 20:49:22,956] Trial 55 finished with value: 0.28370822665894907 and parameters: {'model_name': 'VAE', 'batch_size': 499, 'iterations': 6147, 'learning_rate': 0.0016141953910476922, 'p_miss': 0.03773101365642373}. Best is trial 176 with value: 0.2805723621684681.
[I 2024-09-19 21:03:52,178] Trial 125 finished with value: 0.2836941067070635 and parameters: {'model_name': 'VAE', 'batch_size': 232, 'iterations': 9157, 'learning_rate': 0.00032935176024705495, 'p_miss': 0.23020321912303837}. Best is trial 176 with value: 0.2805723621684681.
[I 2024-09-19 21:28:41,039] Trial 35 finished with value: 0.28343451940782344 and parameters: {'model_name': 'VAE', 'batch_size': 639, 'iterations': 6095, 'learning_rate': 0.000125807752701517, 'p_miss': 0.26830279569732074}. Best is trial 176 with value: 0.2805723621684681.
[I 2024-09-19 21:31:49,753] Trial 44 finished with value: 0.28380566999285384 and parameters: {'model_name': 'VAE', 'batch_size': 435, 'iterations': 9019, 'learning_rate': 0.00011888376029780687, 'p_miss': 0.028621259931752407}. Best is trial 176 with value: 0.2805723621684681.
[I 2024-09-19 21:37:47,148] Trial 42 finished with value: 0.2838776314360226 and parameters: {'model_name': 'VAE', 'batch_size': 729, 'iterations': 5870, 'learning_rate': 0.00016071380558474484, 'p_miss': 0.020861031917945166}. Best is trial 176 with value: 0.2805723621684681.
[I 2024-09-19 21:39:55,349] Trial 50 finished with value: 0.28392901087509037 and parameters: {'model_name': 'VAE', 'batch_size': 403, 'iterations': 9948, 'learning_rate': 0.0017778917130317614, 'p_miss': 0.03055714299948982}. Best is trial 176 with value: 0.2805723621684681.
[I 2024-09-19 21:54:18,254] Trial 64 finished with value: 0.2839528138775248 and parameters: {'model_name': 'VAE', 'batch_size': 744, 'iterations': 6642, 'learning_rate': 0.00012156194379689111, 'p_miss': 0.015160585220429346}. Best is trial 176 with value: 0.2805723621684681.
[I 2024-09-19 22:02:06,412] Trial 39 finished with value: 0.28396099319593654 and parameters: {'model_name': 'VAE', 'batch_size': 964, 'iterations': 6325, 'learning_rate': 0.00020917354141059523, 'p_miss': 0.014452328549374116}. Best is trial 176 with value: 0.2805723621684681.
[I 2024-09-19 22:04:29,662] Trial 51 finished with value: 0.2842566902289646 and parameters: {'model_name': 'VAE', 'batch_size': 927, 'iterations': 6335, 'learning_rate': 0.0016190659734283922, 'p_miss': 0.02119335680936621}. Best is trial 176 with value: 0.2805723621684681.
[I 2024-09-19 22:11:33,600] Trial 41 finished with value: 0.2839376501096868 and parameters: {'model_name': 'VAE', 'batch_size': 734, 'iterations': 9979, 'learning_rate': 0.00011173906138102327, 'p_miss': 0.011047390235940424}. Best is trial 176 with value: 0.2805723621684681.
[I 2024-09-19 22:12:00,940] Trial 43 finished with value: 0.28423423049504504 and parameters: {'model_name': 'VAE', 'batch_size': 946, 'iterations': 8081, 'learning_rate': 0.00017525429366825772, 'p_miss': 0.01334194818423351}. Best is trial 176 with value: 0.2805723621684681.
fit
auto fit
auto transform
0    0
1    0
2    0
3    0
4    0
5    0
6    0
7    0
dtype: int64
0    0
1    0
2    0
3    0
4    0
5    0
6    0
7    0
dtype: int64
0.2805723621684681
{'model_name': 'KNNImputer', 'n_neighbors': 870, 'weights': 'distance'}
running experiment 2/3 - Does reconstruction give good automl predictions
Start est fit
Version 0.1.7a0 of tpot2 is outdated. Version 0.1.8a0 was released 2 days ago.
Version 0.1.7a0 of tpot2 is outdated. Version 0.1.8a0 was released 2 days ago.
Version 0.1.7a0 of tpot2 is outdated. Version 0.1.8a0 was released 2 days ago.
Version 0.1.7a0 of tpot2 is outdated. Version 0.1.8a0 was released 2 days ago.
Version 0.1.7a0 of tpot2 is outdated. Version 0.1.8a0 was released 2 days ago.
Version 0.1.7a0 of tpot2 is outdated. Version 0.1.8a0 was released 2 days ago.
Version 0.1.7a0 of tpot2 is outdated. Version 0.1.8a0 was released 2 days ago.
Version 0.1.7a0 of tpot2 is outdated. Version 0.1.8a0 was released 2 days ago.
Version 0.1.7a0 of tpot2 is outdated. Version 0.1.8a0 was released 2 days ago.
Version 0.1.7a0 of tpot2 is outdated. Version 0.1.8a0 was released 2 days ago.
Version 0.1.7a0 of tpot2 is outdated. Version 0.1.8a0 was released 2 days ago.
Version 0.1.7a0 of tpot2 is outdated. Version 0.1.8a0 was released 2 days ago.
Version 0.1.7a0 of tpot2 is outdated. Version 0.1.8a0 was released 2 days ago.
Version 0.1.7a0 of tpot2 is outdated. Version 0.1.8a0 was released 2 days ago.
Version 0.1.7a0 of tpot2 is outdated. Version 0.1.8a0 was released 2 days ago.
Version 0.1.7a0 of tpot2 is outdated. Version 0.1.8a0 was released 2 days ago.
  0%|          | 0/25 [00:00<?, ?it/s]Generation:   0%|          | 0/25 [00:00<?, ?it/s]WARNING THIS INDIVIDUAL CAUSED AND EXCEPTION 
 <tpot2.search_spaces.pipelines.sequential.SequentialPipelineIndividual object at 0x155474128f40> 
 The 'criterion' parameter of DecisionTreeRegressor must be a str among {'friedman_mse', 'poisson', 'absolute_error', 'squared_error'}. Got 'mae' instead. 
 Traceback (most recent call last):
  File "/common/ketrong/tpotexp/tpot2/tpot2/utils/eval_utils.py", line 53, in objective_nan_wrapper
    value = func_timeout.func_timeout(timeout, objective_function, args=[individual], kwargs=objective_kwargs)
  File "/common/ketrong/tpotexp/env/lib/python3.10/site-packages/func_timeout/dafunc.py", line 108, in func_timeout
    raise_exception(exception)
  File "/common/ketrong/tpotexp/env/lib/python3.10/site-packages/func_timeout/py3_raise.py", line 7, in raise_exception
    raise exception[0] from None
  File "/common/ketrong/tpotexp/tpot2/tpot2/tpot_estimator/estimator.py", line 623, in objective_function
    return objective_function_generator(
  File "/common/ketrong/tpotexp/tpot2/tpot2/tpot_estimator/estimator_utils.py", line 55, in objective_function_generator
    cv_obj_scores = cross_val_score_objective(sklearn.base.clone(pipeline),x,y,scorers=scorers, cv=cv , fold=step)
  File "/common/ketrong/tpotexp/tpot2/tpot2/tpot_estimator/cross_val_utils.py", line 28, in cross_val_score_objective
    this_fold_pipeline.fit(X_train,y_train)
  File "/common/ketrong/tpotexp/env/lib/python3.10/site-packages/sklearn/base.py", line 1473, in wrapper
    return fit_method(estimator, *args, **kwargs)
  File "/common/ketrong/tpotexp/env/lib/python3.10/site-packages/sklearn/pipeline.py", line 473, in fit
    self._final_estimator.fit(Xt, y, **last_step_params["fit"])
  File "/common/ketrong/tpotexp/env/lib/python3.10/site-packages/sklearn/base.py", line 1466, in wrapper
    estimator._validate_params()
  File "/common/ketrong/tpotexp/env/lib/python3.10/site-packages/sklearn/base.py", line 666, in _validate_params
    validate_parameter_constraints(
  File "/common/ketrong/tpotexp/env/lib/python3.10/site-packages/sklearn/utils/_param_validation.py", line 95, in validate_parameter_constraints
    raise InvalidParameterError(
sklearn.utils._param_validation.InvalidParameterError: The 'criterion' parameter of DecisionTreeRegressor must be a str among {'friedman_mse', 'poisson', 'absolute_error', 'squared_error'}. Got 'mae' instead.

WARNING THIS INDIVIDUAL CAUSED AND EXCEPTION 
 <tpot2.search_spaces.pipelines.sequential.SequentialPipelineIndividual object at 0x1554741202b0> 
 The 'criterion' parameter of DecisionTreeRegressor must be a str among {'friedman_mse', 'poisson', 'absolute_error', 'squared_error'}. Got 'mae' instead. 
 Traceback (most recent call last):
  File "/common/ketrong/tpotexp/tpot2/tpot2/utils/eval_utils.py", line 53, in objective_nan_wrapper
    value = func_timeout.func_timeout(timeout, objective_function, args=[individual], kwargs=objective_kwargs)
  File "/common/ketrong/tpotexp/env/lib/python3.10/site-packages/func_timeout/dafunc.py", line 108, in func_timeout
    raise_exception(exception)
  File "/common/ketrong/tpotexp/env/lib/python3.10/site-packages/func_timeout/py3_raise.py", line 7, in raise_exception
    raise exception[0] from None
  File "/common/ketrong/tpotexp/tpot2/tpot2/tpot_estimator/estimator.py", line 623, in objective_function
    return objective_function_generator(
  File "/common/ketrong/tpotexp/tpot2/tpot2/tpot_estimator/estimator_utils.py", line 55, in objective_function_generator
    cv_obj_scores = cross_val_score_objective(sklearn.base.clone(pipeline),x,y,scorers=scorers, cv=cv , fold=step)
  File "/common/ketrong/tpotexp/tpot2/tpot2/tpot_estimator/cross_val_utils.py", line 28, in cross_val_score_objective
    this_fold_pipeline.fit(X_train,y_train)
  File "/common/ketrong/tpotexp/env/lib/python3.10/site-packages/sklearn/base.py", line 1473, in wrapper
    return fit_method(estimator, *args, **kwargs)
  File "/common/ketrong/tpotexp/env/lib/python3.10/site-packages/sklearn/pipeline.py", line 473, in fit
    self._final_estimator.fit(Xt, y, **last_step_params["fit"])
  File "/common/ketrong/tpotexp/env/lib/python3.10/site-packages/sklearn/base.py", line 1466, in wrapper
    estimator._validate_params()
  File "/common/ketrong/tpotexp/env/lib/python3.10/site-packages/sklearn/base.py", line 666, in _validate_params
    validate_parameter_constraints(
  File "/common/ketrong/tpotexp/env/lib/python3.10/site-packages/sklearn/utils/_param_validation.py", line 95, in validate_parameter_constraints
    raise InvalidParameterError(
sklearn.utils._param_validation.InvalidParameterError: The 'criterion' parameter of DecisionTreeRegressor must be a str among {'friedman_mse', 'poisson', 'absolute_error', 'squared_error'}. Got 'mae' instead.

WARNING THIS INDIVIDUAL CAUSED AND EXCEPTION 
 <tpot2.search_spaces.pipelines.sequential.SequentialPipelineIndividual object at 0x155474120ca0> 
 The 'criterion' parameter of RandomForestRegressor must be a str among {'friedman_mse', 'poisson', 'absolute_error', 'squared_error'}. Got 'mse' instead. 
 Traceback (most recent call last):
  File "/common/ketrong/tpotexp/tpot2/tpot2/utils/eval_utils.py", line 53, in objective_nan_wrapper
    value = func_timeout.func_timeout(timeout, objective_function, args=[individual], kwargs=objective_kwargs)
  File "/common/ketrong/tpotexp/env/lib/python3.10/site-packages/func_timeout/dafunc.py", line 108, in func_timeout
    raise_exception(exception)
  File "/common/ketrong/tpotexp/env/lib/python3.10/site-packages/func_timeout/py3_raise.py", line 7, in raise_exception
    raise exception[0] from None
  File "/common/ketrong/tpotexp/tpot2/tpot2/tpot_estimator/estimator.py", line 623, in objective_function
    return objective_function_generator(
  File "/common/ketrong/tpotexp/tpot2/tpot2/tpot_estimator/estimator_utils.py", line 55, in objective_function_generator
    cv_obj_scores = cross_val_score_objective(sklearn.base.clone(pipeline),x,y,scorers=scorers, cv=cv , fold=step)
  File "/common/ketrong/tpotexp/tpot2/tpot2/tpot_estimator/cross_val_utils.py", line 28, in cross_val_score_objective
    this_fold_pipeline.fit(X_train,y_train)
  File "/common/ketrong/tpotexp/env/lib/python3.10/site-packages/sklearn/base.py", line 1473, in wrapper
    return fit_method(estimator, *args, **kwargs)
  File "/common/ketrong/tpotexp/env/lib/python3.10/site-packages/sklearn/pipeline.py", line 473, in fit
    self._final_estimator.fit(Xt, y, **last_step_params["fit"])
  File "/common/ketrong/tpotexp/env/lib/python3.10/site-packages/sklearn/base.py", line 1466, in wrapper
    estimator._validate_params()
  File "/common/ketrong/tpotexp/env/lib/python3.10/site-packages/sklearn/base.py", line 666, in _validate_params
    validate_parameter_constraints(
  File "/common/ketrong/tpotexp/env/lib/python3.10/site-packages/sklearn/utils/_param_validation.py", line 95, in validate_parameter_constraints
    raise InvalidParameterError(
sklearn.utils._param_validation.InvalidParameterError: The 'criterion' parameter of RandomForestRegressor must be a str among {'friedman_mse', 'poisson', 'absolute_error', 'squared_error'}. Got 'mse' instead.

Generation:  1
Best root_mean_squared_error score: -0.15605218844350605
Generation:   4%|         | 1/25 [00:22<09:00, 22.53s/it]Generation:  2
Best root_mean_squared_error score: -0.1328733941408524
Generation:   8%|         | 2/25 [00:55<10:56, 28.56s/it]WARNING THIS INDIVIDUAL CAUSED AND EXCEPTION 
 <tpot2.search_spaces.pipelines.sequential.SequentialPipelineIndividual object at 0x155474174520> 
 The 'criterion' parameter of ExtraTreesRegressor must be a str among {'friedman_mse', 'poisson', 'absolute_error', 'squared_error'}. Got 'mae' instead. 
 Traceback (most recent call last):
  File "/common/ketrong/tpotexp/tpot2/tpot2/utils/eval_utils.py", line 53, in objective_nan_wrapper
    value = func_timeout.func_timeout(timeout, objective_function, args=[individual], kwargs=objective_kwargs)
  File "/common/ketrong/tpotexp/env/lib/python3.10/site-packages/func_timeout/dafunc.py", line 108, in func_timeout
    raise_exception(exception)
  File "/common/ketrong/tpotexp/env/lib/python3.10/site-packages/func_timeout/py3_raise.py", line 7, in raise_exception
    raise exception[0] from None
  File "/common/ketrong/tpotexp/tpot2/tpot2/tpot_estimator/estimator.py", line 623, in objective_function
    return objective_function_generator(
  File "/common/ketrong/tpotexp/tpot2/tpot2/tpot_estimator/estimator_utils.py", line 55, in objective_function_generator
    cv_obj_scores = cross_val_score_objective(sklearn.base.clone(pipeline),x,y,scorers=scorers, cv=cv , fold=step)
  File "/common/ketrong/tpotexp/tpot2/tpot2/tpot_estimator/cross_val_utils.py", line 28, in cross_val_score_objective
    this_fold_pipeline.fit(X_train,y_train)
  File "/common/ketrong/tpotexp/env/lib/python3.10/site-packages/sklearn/base.py", line 1473, in wrapper
    return fit_method(estimator, *args, **kwargs)
  File "/common/ketrong/tpotexp/env/lib/python3.10/site-packages/sklearn/pipeline.py", line 473, in fit
    self._final_estimator.fit(Xt, y, **last_step_params["fit"])
  File "/common/ketrong/tpotexp/env/lib/python3.10/site-packages/sklearn/base.py", line 1466, in wrapper
    estimator._validate_params()
  File "/common/ketrong/tpotexp/env/lib/python3.10/site-packages/sklearn/base.py", line 666, in _validate_params
    validate_parameter_constraints(
  File "/common/ketrong/tpotexp/env/lib/python3.10/site-packages/sklearn/utils/_param_validation.py", line 95, in validate_parameter_constraints
    raise InvalidParameterError(
sklearn.utils._param_validation.InvalidParameterError: The 'criterion' parameter of ExtraTreesRegressor must be a str among {'friedman_mse', 'poisson', 'absolute_error', 'squared_error'}. Got 'mae' instead.

Generation:  3
Best root_mean_squared_error score: -0.13085529217833836
Generation:  12%|        | 3/25 [01:57<16:01, 43.69s/it]Generation:  4
Best root_mean_squared_error score: -0.13085529217833836
Generation:  16%|        | 4/25 [03:01<18:08, 51.86s/it]WARNING AN INDIVIDUAL TIMED OUT: 
 <tpot2.search_spaces.pipelines.sequential.SequentialPipelineIndividual object at 0x1554741296f0> 

Generation:  5
Best root_mean_squared_error score: -0.13085529217833836
Generation:  20%|        | 5/25 [13:21<1:25:34, 256.70s/it]Generation:  6
Best root_mean_squared_error score: -0.13085529217833836
Generation:  24%|       | 6/25 [18:15<1:25:18, 269.42s/it]WARNING THIS INDIVIDUAL CAUSED AND EXCEPTION 
 <tpot2.search_spaces.pipelines.sequential.SequentialPipelineIndividual object at 0x15546f990190> 
 The 'criterion' parameter of ExtraTreesRegressor must be a str among {'friedman_mse', 'poisson', 'absolute_error', 'squared_error'}. Got 'mae' instead. 
 Traceback (most recent call last):
  File "/common/ketrong/tpotexp/tpot2/tpot2/utils/eval_utils.py", line 53, in objective_nan_wrapper
    value = func_timeout.func_timeout(timeout, objective_function, args=[individual], kwargs=objective_kwargs)
  File "/common/ketrong/tpotexp/env/lib/python3.10/site-packages/func_timeout/dafunc.py", line 108, in func_timeout
    raise_exception(exception)
  File "/common/ketrong/tpotexp/env/lib/python3.10/site-packages/func_timeout/py3_raise.py", line 7, in raise_exception
    raise exception[0] from None
  File "/common/ketrong/tpotexp/tpot2/tpot2/tpot_estimator/estimator.py", line 623, in objective_function
    return objective_function_generator(
  File "/common/ketrong/tpotexp/tpot2/tpot2/tpot_estimator/estimator_utils.py", line 55, in objective_function_generator
    cv_obj_scores = cross_val_score_objective(sklearn.base.clone(pipeline),x,y,scorers=scorers, cv=cv , fold=step)
  File "/common/ketrong/tpotexp/tpot2/tpot2/tpot_estimator/cross_val_utils.py", line 28, in cross_val_score_objective
    this_fold_pipeline.fit(X_train,y_train)
  File "/common/ketrong/tpotexp/env/lib/python3.10/site-packages/sklearn/base.py", line 1473, in wrapper
    return fit_method(estimator, *args, **kwargs)
  File "/common/ketrong/tpotexp/env/lib/python3.10/site-packages/sklearn/pipeline.py", line 473, in fit
    self._final_estimator.fit(Xt, y, **last_step_params["fit"])
  File "/common/ketrong/tpotexp/env/lib/python3.10/site-packages/sklearn/base.py", line 1466, in wrapper
    estimator._validate_params()
  File "/common/ketrong/tpotexp/env/lib/python3.10/site-packages/sklearn/base.py", line 666, in _validate_params
    validate_parameter_constraints(
  File "/common/ketrong/tpotexp/env/lib/python3.10/site-packages/sklearn/utils/_param_validation.py", line 95, in validate_parameter_constraints
    raise InvalidParameterError(
sklearn.utils._param_validation.InvalidParameterError: The 'criterion' parameter of ExtraTreesRegressor must be a str among {'friedman_mse', 'poisson', 'absolute_error', 'squared_error'}. Got 'mae' instead.

WARNING THIS INDIVIDUAL CAUSED AND EXCEPTION 
 <tpot2.search_spaces.pipelines.sequential.SequentialPipelineIndividual object at 0x1554741214b0> 
 The 'criterion' parameter of RandomForestRegressor must be a str among {'friedman_mse', 'poisson', 'absolute_error', 'squared_error'}. Got 'mse' instead. 
 Traceback (most recent call last):
  File "/common/ketrong/tpotexp/tpot2/tpot2/utils/eval_utils.py", line 53, in objective_nan_wrapper
    value = func_timeout.func_timeout(timeout, objective_function, args=[individual], kwargs=objective_kwargs)
  File "/common/ketrong/tpotexp/env/lib/python3.10/site-packages/func_timeout/dafunc.py", line 108, in func_timeout
    raise_exception(exception)
  File "/common/ketrong/tpotexp/env/lib/python3.10/site-packages/func_timeout/py3_raise.py", line 7, in raise_exception
    raise exception[0] from None
  File "/common/ketrong/tpotexp/tpot2/tpot2/tpot_estimator/estimator.py", line 623, in objective_function
    return objective_function_generator(
  File "/common/ketrong/tpotexp/tpot2/tpot2/tpot_estimator/estimator_utils.py", line 55, in objective_function_generator
    cv_obj_scores = cross_val_score_objective(sklearn.base.clone(pipeline),x,y,scorers=scorers, cv=cv , fold=step)
  File "/common/ketrong/tpotexp/tpot2/tpot2/tpot_estimator/cross_val_utils.py", line 28, in cross_val_score_objective
    this_fold_pipeline.fit(X_train,y_train)
  File "/common/ketrong/tpotexp/env/lib/python3.10/site-packages/sklearn/base.py", line 1473, in wrapper
    return fit_method(estimator, *args, **kwargs)
  File "/common/ketrong/tpotexp/env/lib/python3.10/site-packages/sklearn/pipeline.py", line 473, in fit
    self._final_estimator.fit(Xt, y, **last_step_params["fit"])
  File "/common/ketrong/tpotexp/env/lib/python3.10/site-packages/sklearn/base.py", line 1466, in wrapper
    estimator._validate_params()
  File "/common/ketrong/tpotexp/env/lib/python3.10/site-packages/sklearn/base.py", line 666, in _validate_params
    validate_parameter_constraints(
  File "/common/ketrong/tpotexp/env/lib/python3.10/site-packages/sklearn/utils/_param_validation.py", line 95, in validate_parameter_constraints
    raise InvalidParameterError(
sklearn.utils._param_validation.InvalidParameterError: The 'criterion' parameter of RandomForestRegressor must be a str among {'friedman_mse', 'poisson', 'absolute_error', 'squared_error'}. Got 'mse' instead.

Generation:  7
Best root_mean_squared_error score: -0.1301774505501172
Generation:  28%|       | 7/25 [20:23<1:06:59, 223.29s/it]WARNING THIS INDIVIDUAL CAUSED AND EXCEPTION 
 <tpot2.search_spaces.pipelines.sequential.SequentialPipelineIndividual object at 0x1554741c8d30> 
 The 'criterion' parameter of ExtraTreesRegressor must be a str among {'friedman_mse', 'poisson', 'absolute_error', 'squared_error'}. Got 'mae' instead. 
 Traceback (most recent call last):
  File "/common/ketrong/tpotexp/tpot2/tpot2/utils/eval_utils.py", line 53, in objective_nan_wrapper
    value = func_timeout.func_timeout(timeout, objective_function, args=[individual], kwargs=objective_kwargs)
  File "/common/ketrong/tpotexp/env/lib/python3.10/site-packages/func_timeout/dafunc.py", line 108, in func_timeout
    raise_exception(exception)
  File "/common/ketrong/tpotexp/env/lib/python3.10/site-packages/func_timeout/py3_raise.py", line 7, in raise_exception
    raise exception[0] from None
  File "/common/ketrong/tpotexp/tpot2/tpot2/tpot_estimator/estimator.py", line 623, in objective_function
    return objective_function_generator(
  File "/common/ketrong/tpotexp/tpot2/tpot2/tpot_estimator/estimator_utils.py", line 55, in objective_function_generator
    cv_obj_scores = cross_val_score_objective(sklearn.base.clone(pipeline),x,y,scorers=scorers, cv=cv , fold=step)
  File "/common/ketrong/tpotexp/tpot2/tpot2/tpot_estimator/cross_val_utils.py", line 28, in cross_val_score_objective
    this_fold_pipeline.fit(X_train,y_train)
  File "/common/ketrong/tpotexp/env/lib/python3.10/site-packages/sklearn/base.py", line 1473, in wrapper
    return fit_method(estimator, *args, **kwargs)
  File "/common/ketrong/tpotexp/env/lib/python3.10/site-packages/sklearn/pipeline.py", line 473, in fit
    self._final_estimator.fit(Xt, y, **last_step_params["fit"])
  File "/common/ketrong/tpotexp/env/lib/python3.10/site-packages/sklearn/base.py", line 1466, in wrapper
    estimator._validate_params()
  File "/common/ketrong/tpotexp/env/lib/python3.10/site-packages/sklearn/base.py", line 666, in _validate_params
    validate_parameter_constraints(
  File "/common/ketrong/tpotexp/env/lib/python3.10/site-packages/sklearn/utils/_param_validation.py", line 95, in validate_parameter_constraints
    raise InvalidParameterError(
sklearn.utils._param_validation.InvalidParameterError: The 'criterion' parameter of ExtraTreesRegressor must be a str among {'friedman_mse', 'poisson', 'absolute_error', 'squared_error'}. Got 'mae' instead.

WARNING THIS INDIVIDUAL CAUSED AND EXCEPTION 
 <tpot2.search_spaces.pipelines.sequential.SequentialPipelineIndividual object at 0x155474127bb0> 
 The 'criterion' parameter of RandomForestRegressor must be a str among {'friedman_mse', 'poisson', 'absolute_error', 'squared_error'}. Got 'mse' instead. 
 Traceback (most recent call last):
  File "/common/ketrong/tpotexp/tpot2/tpot2/utils/eval_utils.py", line 53, in objective_nan_wrapper
    value = func_timeout.func_timeout(timeout, objective_function, args=[individual], kwargs=objective_kwargs)
  File "/common/ketrong/tpotexp/env/lib/python3.10/site-packages/func_timeout/dafunc.py", line 108, in func_timeout
    raise_exception(exception)
  File "/common/ketrong/tpotexp/env/lib/python3.10/site-packages/func_timeout/py3_raise.py", line 7, in raise_exception
    raise exception[0] from None
  File "/common/ketrong/tpotexp/tpot2/tpot2/tpot_estimator/estimator.py", line 623, in objective_function
    return objective_function_generator(
  File "/common/ketrong/tpotexp/tpot2/tpot2/tpot_estimator/estimator_utils.py", line 55, in objective_function_generator
    cv_obj_scores = cross_val_score_objective(sklearn.base.clone(pipeline),x,y,scorers=scorers, cv=cv , fold=step)
  File "/common/ketrong/tpotexp/tpot2/tpot2/tpot_estimator/cross_val_utils.py", line 28, in cross_val_score_objective
    this_fold_pipeline.fit(X_train,y_train)
  File "/common/ketrong/tpotexp/env/lib/python3.10/site-packages/sklearn/base.py", line 1473, in wrapper
    return fit_method(estimator, *args, **kwargs)
  File "/common/ketrong/tpotexp/env/lib/python3.10/site-packages/sklearn/pipeline.py", line 473, in fit
    self._final_estimator.fit(Xt, y, **last_step_params["fit"])
  File "/common/ketrong/tpotexp/env/lib/python3.10/site-packages/sklearn/base.py", line 1466, in wrapper
    estimator._validate_params()
  File "/common/ketrong/tpotexp/env/lib/python3.10/site-packages/sklearn/base.py", line 666, in _validate_params
    validate_parameter_constraints(
  File "/common/ketrong/tpotexp/env/lib/python3.10/site-packages/sklearn/utils/_param_validation.py", line 95, in validate_parameter_constraints
    raise InvalidParameterError(
sklearn.utils._param_validation.InvalidParameterError: The 'criterion' parameter of RandomForestRegressor must be a str among {'friedman_mse', 'poisson', 'absolute_error', 'squared_error'}. Got 'mse' instead.

WARNING THIS INDIVIDUAL CAUSED AND EXCEPTION 
 <tpot2.search_spaces.pipelines.sequential.SequentialPipelineIndividual object at 0x1554741cbbe0> 
 The 'criterion' parameter of RandomForestRegressor must be a str among {'friedman_mse', 'poisson', 'absolute_error', 'squared_error'}. Got 'mse' instead. 
 Traceback (most recent call last):
  File "/common/ketrong/tpotexp/tpot2/tpot2/utils/eval_utils.py", line 53, in objective_nan_wrapper
    value = func_timeout.func_timeout(timeout, objective_function, args=[individual], kwargs=objective_kwargs)
  File "/common/ketrong/tpotexp/env/lib/python3.10/site-packages/func_timeout/dafunc.py", line 108, in func_timeout
    raise_exception(exception)
  File "/common/ketrong/tpotexp/env/lib/python3.10/site-packages/func_timeout/py3_raise.py", line 7, in raise_exception
    raise exception[0] from None
  File "/common/ketrong/tpotexp/tpot2/tpot2/tpot_estimator/estimator.py", line 623, in objective_function
    return objective_function_generator(
  File "/common/ketrong/tpotexp/tpot2/tpot2/tpot_estimator/estimator_utils.py", line 55, in objective_function_generator
    cv_obj_scores = cross_val_score_objective(sklearn.base.clone(pipeline),x,y,scorers=scorers, cv=cv , fold=step)
  File "/common/ketrong/tpotexp/tpot2/tpot2/tpot_estimator/cross_val_utils.py", line 28, in cross_val_score_objective
    this_fold_pipeline.fit(X_train,y_train)
  File "/common/ketrong/tpotexp/env/lib/python3.10/site-packages/sklearn/base.py", line 1473, in wrapper
    return fit_method(estimator, *args, **kwargs)
  File "/common/ketrong/tpotexp/env/lib/python3.10/site-packages/sklearn/pipeline.py", line 473, in fit
    self._final_estimator.fit(Xt, y, **last_step_params["fit"])
  File "/common/ketrong/tpotexp/env/lib/python3.10/site-packages/sklearn/base.py", line 1466, in wrapper
    estimator._validate_params()
  File "/common/ketrong/tpotexp/env/lib/python3.10/site-packages/sklearn/base.py", line 666, in _validate_params
    validate_parameter_constraints(
  File "/common/ketrong/tpotexp/env/lib/python3.10/site-packages/sklearn/utils/_param_validation.py", line 95, in validate_parameter_constraints
    raise InvalidParameterError(
sklearn.utils._param_validation.InvalidParameterError: The 'criterion' parameter of RandomForestRegressor must be a str among {'friedman_mse', 'poisson', 'absolute_error', 'squared_error'}. Got 'mse' instead.

Generation:  8
Best root_mean_squared_error score: -0.12959270680723056
Generation:  32%|      | 8/25 [28:19<1:26:02, 303.68s/it]WARNING THIS INDIVIDUAL CAUSED AND EXCEPTION 
 <tpot2.search_spaces.pipelines.sequential.SequentialPipelineIndividual object at 0x15546d46cdf0> 
 The 'criterion' parameter of RandomForestRegressor must be a str among {'friedman_mse', 'poisson', 'absolute_error', 'squared_error'}. Got 'mae' instead. 
 Traceback (most recent call last):
  File "/common/ketrong/tpotexp/tpot2/tpot2/utils/eval_utils.py", line 53, in objective_nan_wrapper
    value = func_timeout.func_timeout(timeout, objective_function, args=[individual], kwargs=objective_kwargs)
  File "/common/ketrong/tpotexp/env/lib/python3.10/site-packages/func_timeout/dafunc.py", line 108, in func_timeout
    raise_exception(exception)
  File "/common/ketrong/tpotexp/env/lib/python3.10/site-packages/func_timeout/py3_raise.py", line 7, in raise_exception
    raise exception[0] from None
  File "/common/ketrong/tpotexp/tpot2/tpot2/tpot_estimator/estimator.py", line 623, in objective_function
    return objective_function_generator(
  File "/common/ketrong/tpotexp/tpot2/tpot2/tpot_estimator/estimator_utils.py", line 55, in objective_function_generator
    cv_obj_scores = cross_val_score_objective(sklearn.base.clone(pipeline),x,y,scorers=scorers, cv=cv , fold=step)
  File "/common/ketrong/tpotexp/tpot2/tpot2/tpot_estimator/cross_val_utils.py", line 28, in cross_val_score_objective
    this_fold_pipeline.fit(X_train,y_train)
  File "/common/ketrong/tpotexp/env/lib/python3.10/site-packages/sklearn/base.py", line 1473, in wrapper
    return fit_method(estimator, *args, **kwargs)
  File "/common/ketrong/tpotexp/env/lib/python3.10/site-packages/sklearn/pipeline.py", line 473, in fit
    self._final_estimator.fit(Xt, y, **last_step_params["fit"])
  File "/common/ketrong/tpotexp/env/lib/python3.10/site-packages/sklearn/base.py", line 1466, in wrapper
    estimator._validate_params()
  File "/common/ketrong/tpotexp/env/lib/python3.10/site-packages/sklearn/base.py", line 666, in _validate_params
    validate_parameter_constraints(
  File "/common/ketrong/tpotexp/env/lib/python3.10/site-packages/sklearn/utils/_param_validation.py", line 95, in validate_parameter_constraints
    raise InvalidParameterError(
sklearn.utils._param_validation.InvalidParameterError: The 'criterion' parameter of RandomForestRegressor must be a str among {'friedman_mse', 'poisson', 'absolute_error', 'squared_error'}. Got 'mae' instead.

WARNING THIS INDIVIDUAL CAUSED AND EXCEPTION 
 <tpot2.search_spaces.pipelines.sequential.SequentialPipelineIndividual object at 0x155474188580> 
 The 'criterion' parameter of RandomForestRegressor must be a str among {'friedman_mse', 'poisson', 'absolute_error', 'squared_error'}. Got 'mae' instead. 
 Traceback (most recent call last):
  File "/common/ketrong/tpotexp/tpot2/tpot2/utils/eval_utils.py", line 53, in objective_nan_wrapper
    value = func_timeout.func_timeout(timeout, objective_function, args=[individual], kwargs=objective_kwargs)
  File "/common/ketrong/tpotexp/env/lib/python3.10/site-packages/func_timeout/dafunc.py", line 108, in func_timeout
    raise_exception(exception)
  File "/common/ketrong/tpotexp/env/lib/python3.10/site-packages/func_timeout/py3_raise.py", line 7, in raise_exception
    raise exception[0] from None
  File "/common/ketrong/tpotexp/tpot2/tpot2/tpot_estimator/estimator.py", line 623, in objective_function
    return objective_function_generator(
  File "/common/ketrong/tpotexp/tpot2/tpot2/tpot_estimator/estimator_utils.py", line 55, in objective_function_generator
    cv_obj_scores = cross_val_score_objective(sklearn.base.clone(pipeline),x,y,scorers=scorers, cv=cv , fold=step)
  File "/common/ketrong/tpotexp/tpot2/tpot2/tpot_estimator/cross_val_utils.py", line 28, in cross_val_score_objective
    this_fold_pipeline.fit(X_train,y_train)
  File "/common/ketrong/tpotexp/env/lib/python3.10/site-packages/sklearn/base.py", line 1473, in wrapper
    return fit_method(estimator, *args, **kwargs)
  File "/common/ketrong/tpotexp/env/lib/python3.10/site-packages/sklearn/pipeline.py", line 473, in fit
    self._final_estimator.fit(Xt, y, **last_step_params["fit"])
  File "/common/ketrong/tpotexp/env/lib/python3.10/site-packages/sklearn/base.py", line 1466, in wrapper
    estimator._validate_params()
  File "/common/ketrong/tpotexp/env/lib/python3.10/site-packages/sklearn/base.py", line 666, in _validate_params
    validate_parameter_constraints(
  File "/common/ketrong/tpotexp/env/lib/python3.10/site-packages/sklearn/utils/_param_validation.py", line 95, in validate_parameter_constraints
    raise InvalidParameterError(
sklearn.utils._param_validation.InvalidParameterError: The 'criterion' parameter of RandomForestRegressor must be a str among {'friedman_mse', 'poisson', 'absolute_error', 'squared_error'}. Got 'mae' instead.

Generation:  9
Best root_mean_squared_error score: -0.12959270680723056
Generation:  36%|      | 9/25 [36:53<1:38:31, 369.48s/it]Generation:  10
Best root_mean_squared_error score: -0.12959270680723056
Generation:  40%|      | 10/25 [44:01<1:36:50, 387.38s/it]Generation:  11
Best root_mean_squared_error score: -0.12877589626302083
Generation:  44%|     | 11/25 [48:06<1:20:15, 343.98s/it]WARNING AN INDIVIDUAL TIMED OUT: 
 <tpot2.search_spaces.pipelines.sequential.SequentialPipelineIndividual object at 0x15546d6fb8e0> 

Generation:  12
Best root_mean_squared_error score: -0.12877589626302083
Generation:  48%|     | 12/25 [58:35<1:33:17, 430.59s/it]Generation:  13
Best root_mean_squared_error score: -0.12877589626302083
Generation:  52%|    | 13/25 [1:07:12<1:31:23, 456.93s/it]WARNING THIS INDIVIDUAL CAUSED AND EXCEPTION 
 <tpot2.search_spaces.pipelines.sequential.SequentialPipelineIndividual object at 0x15546f83ae60> 
 The 'criterion' parameter of ExtraTreesRegressor must be a str among {'friedman_mse', 'poisson', 'absolute_error', 'squared_error'}. Got 'mae' instead. 
 Traceback (most recent call last):
  File "/common/ketrong/tpotexp/tpot2/tpot2/utils/eval_utils.py", line 53, in objective_nan_wrapper
    value = func_timeout.func_timeout(timeout, objective_function, args=[individual], kwargs=objective_kwargs)
  File "/common/ketrong/tpotexp/env/lib/python3.10/site-packages/func_timeout/dafunc.py", line 108, in func_timeout
    raise_exception(exception)
  File "/common/ketrong/tpotexp/env/lib/python3.10/site-packages/func_timeout/py3_raise.py", line 7, in raise_exception
    raise exception[0] from None
  File "/common/ketrong/tpotexp/tpot2/tpot2/tpot_estimator/estimator.py", line 623, in objective_function
    return objective_function_generator(
  File "/common/ketrong/tpotexp/tpot2/tpot2/tpot_estimator/estimator_utils.py", line 55, in objective_function_generator
    cv_obj_scores = cross_val_score_objective(sklearn.base.clone(pipeline),x,y,scorers=scorers, cv=cv , fold=step)
  File "/common/ketrong/tpotexp/tpot2/tpot2/tpot_estimator/cross_val_utils.py", line 28, in cross_val_score_objective
    this_fold_pipeline.fit(X_train,y_train)
  File "/common/ketrong/tpotexp/env/lib/python3.10/site-packages/sklearn/base.py", line 1473, in wrapper
    return fit_method(estimator, *args, **kwargs)
  File "/common/ketrong/tpotexp/env/lib/python3.10/site-packages/sklearn/pipeline.py", line 473, in fit
    self._final_estimator.fit(Xt, y, **last_step_params["fit"])
  File "/common/ketrong/tpotexp/env/lib/python3.10/site-packages/sklearn/base.py", line 1466, in wrapper
    estimator._validate_params()
  File "/common/ketrong/tpotexp/env/lib/python3.10/site-packages/sklearn/base.py", line 666, in _validate_params
    validate_parameter_constraints(
  File "/common/ketrong/tpotexp/env/lib/python3.10/site-packages/sklearn/utils/_param_validation.py", line 95, in validate_parameter_constraints
    raise InvalidParameterError(
sklearn.utils._param_validation.InvalidParameterError: The 'criterion' parameter of ExtraTreesRegressor must be a str among {'friedman_mse', 'poisson', 'absolute_error', 'squared_error'}. Got 'mae' instead.

Generation:  14
Best root_mean_squared_error score: -0.12877589626302083
Generation:  56%|    | 14/25 [1:12:32<1:16:10, 415.52s/it]WARNING THIS INDIVIDUAL CAUSED AND EXCEPTION 
 <tpot2.search_spaces.pipelines.sequential.SequentialPipelineIndividual object at 0x15546d02e440> 
 The 'criterion' parameter of ExtraTreesRegressor must be a str among {'friedman_mse', 'poisson', 'absolute_error', 'squared_error'}. Got 'mae' instead. 
 Traceback (most recent call last):
  File "/common/ketrong/tpotexp/tpot2/tpot2/utils/eval_utils.py", line 53, in objective_nan_wrapper
    value = func_timeout.func_timeout(timeout, objective_function, args=[individual], kwargs=objective_kwargs)
  File "/common/ketrong/tpotexp/env/lib/python3.10/site-packages/func_timeout/dafunc.py", line 108, in func_timeout
    raise_exception(exception)
  File "/common/ketrong/tpotexp/env/lib/python3.10/site-packages/func_timeout/py3_raise.py", line 7, in raise_exception
    raise exception[0] from None
  File "/common/ketrong/tpotexp/tpot2/tpot2/tpot_estimator/estimator.py", line 623, in objective_function
    return objective_function_generator(
  File "/common/ketrong/tpotexp/tpot2/tpot2/tpot_estimator/estimator_utils.py", line 55, in objective_function_generator
    cv_obj_scores = cross_val_score_objective(sklearn.base.clone(pipeline),x,y,scorers=scorers, cv=cv , fold=step)
  File "/common/ketrong/tpotexp/tpot2/tpot2/tpot_estimator/cross_val_utils.py", line 28, in cross_val_score_objective
    this_fold_pipeline.fit(X_train,y_train)
  File "/common/ketrong/tpotexp/env/lib/python3.10/site-packages/sklearn/base.py", line 1473, in wrapper
    return fit_method(estimator, *args, **kwargs)
  File "/common/ketrong/tpotexp/env/lib/python3.10/site-packages/sklearn/pipeline.py", line 473, in fit
    self._final_estimator.fit(Xt, y, **last_step_params["fit"])
  File "/common/ketrong/tpotexp/env/lib/python3.10/site-packages/sklearn/base.py", line 1466, in wrapper
    estimator._validate_params()
  File "/common/ketrong/tpotexp/env/lib/python3.10/site-packages/sklearn/base.py", line 666, in _validate_params
    validate_parameter_constraints(
  File "/common/ketrong/tpotexp/env/lib/python3.10/site-packages/sklearn/utils/_param_validation.py", line 95, in validate_parameter_constraints
    raise InvalidParameterError(
sklearn.utils._param_validation.InvalidParameterError: The 'criterion' parameter of ExtraTreesRegressor must be a str among {'friedman_mse', 'poisson', 'absolute_error', 'squared_error'}. Got 'mae' instead.

WARNING THIS INDIVIDUAL CAUSED AND EXCEPTION 
 <tpot2.search_spaces.pipelines.sequential.SequentialPipelineIndividual object at 0x15546f9ef580> 
 The 'criterion' parameter of RandomForestRegressor must be a str among {'friedman_mse', 'poisson', 'absolute_error', 'squared_error'}. Got 'mse' instead. 
 Traceback (most recent call last):
  File "/common/ketrong/tpotexp/tpot2/tpot2/utils/eval_utils.py", line 53, in objective_nan_wrapper
    value = func_timeout.func_timeout(timeout, objective_function, args=[individual], kwargs=objective_kwargs)
  File "/common/ketrong/tpotexp/env/lib/python3.10/site-packages/func_timeout/dafunc.py", line 108, in func_timeout
    raise_exception(exception)
  File "/common/ketrong/tpotexp/env/lib/python3.10/site-packages/func_timeout/py3_raise.py", line 7, in raise_exception
    raise exception[0] from None
  File "/common/ketrong/tpotexp/tpot2/tpot2/tpot_estimator/estimator.py", line 623, in objective_function
    return objective_function_generator(
  File "/common/ketrong/tpotexp/tpot2/tpot2/tpot_estimator/estimator_utils.py", line 55, in objective_function_generator
    cv_obj_scores = cross_val_score_objective(sklearn.base.clone(pipeline),x,y,scorers=scorers, cv=cv , fold=step)
  File "/common/ketrong/tpotexp/tpot2/tpot2/tpot_estimator/cross_val_utils.py", line 28, in cross_val_score_objective
    this_fold_pipeline.fit(X_train,y_train)
  File "/common/ketrong/tpotexp/env/lib/python3.10/site-packages/sklearn/base.py", line 1473, in wrapper
    return fit_method(estimator, *args, **kwargs)
  File "/common/ketrong/tpotexp/env/lib/python3.10/site-packages/sklearn/pipeline.py", line 473, in fit
    self._final_estimator.fit(Xt, y, **last_step_params["fit"])
  File "/common/ketrong/tpotexp/env/lib/python3.10/site-packages/sklearn/base.py", line 1466, in wrapper
    estimator._validate_params()
  File "/common/ketrong/tpotexp/env/lib/python3.10/site-packages/sklearn/base.py", line 666, in _validate_params
    validate_parameter_constraints(
  File "/common/ketrong/tpotexp/env/lib/python3.10/site-packages/sklearn/utils/_param_validation.py", line 95, in validate_parameter_constraints
    raise InvalidParameterError(
sklearn.utils._param_validation.InvalidParameterError: The 'criterion' parameter of RandomForestRegressor must be a str among {'friedman_mse', 'poisson', 'absolute_error', 'squared_error'}. Got 'mse' instead.

WARNING THIS INDIVIDUAL CAUSED AND EXCEPTION 
 <tpot2.search_spaces.pipelines.sequential.SequentialPipelineIndividual object at 0x15546f8281c0> 
 The 'criterion' parameter of DecisionTreeRegressor must be a str among {'friedman_mse', 'poisson', 'absolute_error', 'squared_error'}. Got 'mae' instead. 
 Traceback (most recent call last):
  File "/common/ketrong/tpotexp/tpot2/tpot2/utils/eval_utils.py", line 53, in objective_nan_wrapper
    value = func_timeout.func_timeout(timeout, objective_function, args=[individual], kwargs=objective_kwargs)
  File "/common/ketrong/tpotexp/env/lib/python3.10/site-packages/func_timeout/dafunc.py", line 108, in func_timeout
    raise_exception(exception)
  File "/common/ketrong/tpotexp/env/lib/python3.10/site-packages/func_timeout/py3_raise.py", line 7, in raise_exception
    raise exception[0] from None
  File "/common/ketrong/tpotexp/tpot2/tpot2/tpot_estimator/estimator.py", line 623, in objective_function
    return objective_function_generator(
  File "/common/ketrong/tpotexp/tpot2/tpot2/tpot_estimator/estimator_utils.py", line 55, in objective_function_generator
    cv_obj_scores = cross_val_score_objective(sklearn.base.clone(pipeline),x,y,scorers=scorers, cv=cv , fold=step)
  File "/common/ketrong/tpotexp/tpot2/tpot2/tpot_estimator/cross_val_utils.py", line 28, in cross_val_score_objective
    this_fold_pipeline.fit(X_train,y_train)
  File "/common/ketrong/tpotexp/env/lib/python3.10/site-packages/sklearn/base.py", line 1473, in wrapper
    return fit_method(estimator, *args, **kwargs)
  File "/common/ketrong/tpotexp/env/lib/python3.10/site-packages/sklearn/pipeline.py", line 473, in fit
    self._final_estimator.fit(Xt, y, **last_step_params["fit"])
  File "/common/ketrong/tpotexp/env/lib/python3.10/site-packages/sklearn/base.py", line 1466, in wrapper
    estimator._validate_params()
  File "/common/ketrong/tpotexp/env/lib/python3.10/site-packages/sklearn/base.py", line 666, in _validate_params
    validate_parameter_constraints(
  File "/common/ketrong/tpotexp/env/lib/python3.10/site-packages/sklearn/utils/_param_validation.py", line 95, in validate_parameter_constraints
    raise InvalidParameterError(
sklearn.utils._param_validation.InvalidParameterError: The 'criterion' parameter of DecisionTreeRegressor must be a str among {'friedman_mse', 'poisson', 'absolute_error', 'squared_error'}. Got 'mae' instead.

Generation:  15
Best root_mean_squared_error score: -0.12877589626302083
Generation:  60%|    | 15/25 [1:20:13<1:11:30, 429.01s/it]WARNING THIS INDIVIDUAL CAUSED AND EXCEPTION 
 <tpot2.search_spaces.pipelines.sequential.SequentialPipelineIndividual object at 0x15546f9d89d0> 
 The 'criterion' parameter of DecisionTreeRegressor must be a str among {'friedman_mse', 'poisson', 'absolute_error', 'squared_error'}. Got 'mae' instead. 
 Traceback (most recent call last):
  File "/common/ketrong/tpotexp/tpot2/tpot2/utils/eval_utils.py", line 53, in objective_nan_wrapper
    value = func_timeout.func_timeout(timeout, objective_function, args=[individual], kwargs=objective_kwargs)
  File "/common/ketrong/tpotexp/env/lib/python3.10/site-packages/func_timeout/dafunc.py", line 108, in func_timeout
    raise_exception(exception)
  File "/common/ketrong/tpotexp/env/lib/python3.10/site-packages/func_timeout/py3_raise.py", line 7, in raise_exception
    raise exception[0] from None
  File "/common/ketrong/tpotexp/tpot2/tpot2/tpot_estimator/estimator.py", line 623, in objective_function
    return objective_function_generator(
  File "/common/ketrong/tpotexp/tpot2/tpot2/tpot_estimator/estimator_utils.py", line 55, in objective_function_generator
    cv_obj_scores = cross_val_score_objective(sklearn.base.clone(pipeline),x,y,scorers=scorers, cv=cv , fold=step)
  File "/common/ketrong/tpotexp/tpot2/tpot2/tpot_estimator/cross_val_utils.py", line 28, in cross_val_score_objective
    this_fold_pipeline.fit(X_train,y_train)
  File "/common/ketrong/tpotexp/env/lib/python3.10/site-packages/sklearn/base.py", line 1473, in wrapper
    return fit_method(estimator, *args, **kwargs)
  File "/common/ketrong/tpotexp/env/lib/python3.10/site-packages/sklearn/pipeline.py", line 473, in fit
    self._final_estimator.fit(Xt, y, **last_step_params["fit"])
  File "/common/ketrong/tpotexp/env/lib/python3.10/site-packages/sklearn/base.py", line 1466, in wrapper
    estimator._validate_params()
  File "/common/ketrong/tpotexp/env/lib/python3.10/site-packages/sklearn/base.py", line 666, in _validate_params
    validate_parameter_constraints(
  File "/common/ketrong/tpotexp/env/lib/python3.10/site-packages/sklearn/utils/_param_validation.py", line 95, in validate_parameter_constraints
    raise InvalidParameterError(
sklearn.utils._param_validation.InvalidParameterError: The 'criterion' parameter of DecisionTreeRegressor must be a str among {'friedman_mse', 'poisson', 'absolute_error', 'squared_error'}. Got 'mae' instead.

WARNING THIS INDIVIDUAL CAUSED AND EXCEPTION 
 <tpot2.search_spaces.pipelines.sequential.SequentialPipelineIndividual object at 0x1554741a84c0> 
 The 'criterion' parameter of DecisionTreeRegressor must be a str among {'friedman_mse', 'poisson', 'absolute_error', 'squared_error'}. Got 'mae' instead. 
 Traceback (most recent call last):
  File "/common/ketrong/tpotexp/tpot2/tpot2/utils/eval_utils.py", line 53, in objective_nan_wrapper
    value = func_timeout.func_timeout(timeout, objective_function, args=[individual], kwargs=objective_kwargs)
  File "/common/ketrong/tpotexp/env/lib/python3.10/site-packages/func_timeout/dafunc.py", line 108, in func_timeout
    raise_exception(exception)
  File "/common/ketrong/tpotexp/env/lib/python3.10/site-packages/func_timeout/py3_raise.py", line 7, in raise_exception
    raise exception[0] from None
  File "/common/ketrong/tpotexp/tpot2/tpot2/tpot_estimator/estimator.py", line 623, in objective_function
    return objective_function_generator(
  File "/common/ketrong/tpotexp/tpot2/tpot2/tpot_estimator/estimator_utils.py", line 55, in objective_function_generator
    cv_obj_scores = cross_val_score_objective(sklearn.base.clone(pipeline),x,y,scorers=scorers, cv=cv , fold=step)
  File "/common/ketrong/tpotexp/tpot2/tpot2/tpot_estimator/cross_val_utils.py", line 28, in cross_val_score_objective
    this_fold_pipeline.fit(X_train,y_train)
  File "/common/ketrong/tpotexp/env/lib/python3.10/site-packages/sklearn/base.py", line 1473, in wrapper
    return fit_method(estimator, *args, **kwargs)
  File "/common/ketrong/tpotexp/env/lib/python3.10/site-packages/sklearn/pipeline.py", line 473, in fit
    self._final_estimator.fit(Xt, y, **last_step_params["fit"])
  File "/common/ketrong/tpotexp/env/lib/python3.10/site-packages/sklearn/base.py", line 1466, in wrapper
    estimator._validate_params()
  File "/common/ketrong/tpotexp/env/lib/python3.10/site-packages/sklearn/base.py", line 666, in _validate_params
    validate_parameter_constraints(
  File "/common/ketrong/tpotexp/env/lib/python3.10/site-packages/sklearn/utils/_param_validation.py", line 95, in validate_parameter_constraints
    raise InvalidParameterError(
sklearn.utils._param_validation.InvalidParameterError: The 'criterion' parameter of DecisionTreeRegressor must be a str among {'friedman_mse', 'poisson', 'absolute_error', 'squared_error'}. Got 'mae' instead.

Generation:  16
Best root_mean_squared_error score: -0.12877589626302083
Generation:  64%|   | 16/25 [1:23:55<55:00, 366.68s/it]  Generation:  17
Best root_mean_squared_error score: -0.12877589626302083
Generation:  68%|   | 17/25 [1:26:20<40:02, 300.28s/it]Generation:  18
Best root_mean_squared_error score: -0.12877589626302083
Generation:  72%|  | 18/25 [1:33:43<40:02, 343.20s/it]Generation:  19
Best root_mean_squared_error score: -0.12871636536044617
Generation:  76%|  | 19/25 [1:38:16<32:12, 322.04s/it]WARNING THIS INDIVIDUAL CAUSED AND EXCEPTION 
 <tpot2.search_spaces.pipelines.sequential.SequentialPipelineIndividual object at 0x155474129480> 
 The 'criterion' parameter of RandomForestRegressor must be a str among {'friedman_mse', 'poisson', 'absolute_error', 'squared_error'}. Got 'mse' instead. 
 Traceback (most recent call last):
  File "/common/ketrong/tpotexp/tpot2/tpot2/utils/eval_utils.py", line 53, in objective_nan_wrapper
    value = func_timeout.func_timeout(timeout, objective_function, args=[individual], kwargs=objective_kwargs)
  File "/common/ketrong/tpotexp/env/lib/python3.10/site-packages/func_timeout/dafunc.py", line 108, in func_timeout
    raise_exception(exception)
  File "/common/ketrong/tpotexp/env/lib/python3.10/site-packages/func_timeout/py3_raise.py", line 7, in raise_exception
    raise exception[0] from None
  File "/common/ketrong/tpotexp/tpot2/tpot2/tpot_estimator/estimator.py", line 623, in objective_function
    return objective_function_generator(
  File "/common/ketrong/tpotexp/tpot2/tpot2/tpot_estimator/estimator_utils.py", line 55, in objective_function_generator
    cv_obj_scores = cross_val_score_objective(sklearn.base.clone(pipeline),x,y,scorers=scorers, cv=cv , fold=step)
  File "/common/ketrong/tpotexp/tpot2/tpot2/tpot_estimator/cross_val_utils.py", line 28, in cross_val_score_objective
    this_fold_pipeline.fit(X_train,y_train)
  File "/common/ketrong/tpotexp/env/lib/python3.10/site-packages/sklearn/base.py", line 1473, in wrapper
    return fit_method(estimator, *args, **kwargs)
  File "/common/ketrong/tpotexp/env/lib/python3.10/site-packages/sklearn/pipeline.py", line 473, in fit
    self._final_estimator.fit(Xt, y, **last_step_params["fit"])
  File "/common/ketrong/tpotexp/env/lib/python3.10/site-packages/sklearn/base.py", line 1466, in wrapper
    estimator._validate_params()
  File "/common/ketrong/tpotexp/env/lib/python3.10/site-packages/sklearn/base.py", line 666, in _validate_params
    validate_parameter_constraints(
  File "/common/ketrong/tpotexp/env/lib/python3.10/site-packages/sklearn/utils/_param_validation.py", line 95, in validate_parameter_constraints
    raise InvalidParameterError(
sklearn.utils._param_validation.InvalidParameterError: The 'criterion' parameter of RandomForestRegressor must be a str among {'friedman_mse', 'poisson', 'absolute_error', 'squared_error'}. Got 'mse' instead.

WARNING THIS INDIVIDUAL CAUSED AND EXCEPTION 
 <tpot2.search_spaces.pipelines.sequential.SequentialPipelineIndividual object at 0x15546d03cac0> 
 The 'criterion' parameter of DecisionTreeRegressor must be a str among {'friedman_mse', 'poisson', 'absolute_error', 'squared_error'}. Got 'mae' instead. 
 Traceback (most recent call last):
  File "/common/ketrong/tpotexp/tpot2/tpot2/utils/eval_utils.py", line 53, in objective_nan_wrapper
    value = func_timeout.func_timeout(timeout, objective_function, args=[individual], kwargs=objective_kwargs)
  File "/common/ketrong/tpotexp/env/lib/python3.10/site-packages/func_timeout/dafunc.py", line 108, in func_timeout
    raise_exception(exception)
  File "/common/ketrong/tpotexp/env/lib/python3.10/site-packages/func_timeout/py3_raise.py", line 7, in raise_exception
    raise exception[0] from None
  File "/common/ketrong/tpotexp/tpot2/tpot2/tpot_estimator/estimator.py", line 623, in objective_function
    return objective_function_generator(
  File "/common/ketrong/tpotexp/tpot2/tpot2/tpot_estimator/estimator_utils.py", line 55, in objective_function_generator
    cv_obj_scores = cross_val_score_objective(sklearn.base.clone(pipeline),x,y,scorers=scorers, cv=cv , fold=step)
  File "/common/ketrong/tpotexp/tpot2/tpot2/tpot_estimator/cross_val_utils.py", line 28, in cross_val_score_objective
    this_fold_pipeline.fit(X_train,y_train)
  File "/common/ketrong/tpotexp/env/lib/python3.10/site-packages/sklearn/base.py", line 1473, in wrapper
    return fit_method(estimator, *args, **kwargs)
  File "/common/ketrong/tpotexp/env/lib/python3.10/site-packages/sklearn/pipeline.py", line 473, in fit
    self._final_estimator.fit(Xt, y, **last_step_params["fit"])
  File "/common/ketrong/tpotexp/env/lib/python3.10/site-packages/sklearn/base.py", line 1466, in wrapper
    estimator._validate_params()
  File "/common/ketrong/tpotexp/env/lib/python3.10/site-packages/sklearn/base.py", line 666, in _validate_params
    validate_parameter_constraints(
  File "/common/ketrong/tpotexp/env/lib/python3.10/site-packages/sklearn/utils/_param_validation.py", line 95, in validate_parameter_constraints
    raise InvalidParameterError(
sklearn.utils._param_validation.InvalidParameterError: The 'criterion' parameter of DecisionTreeRegressor must be a str among {'friedman_mse', 'poisson', 'absolute_error', 'squared_error'}. Got 'mae' instead.

Generation:  20
Best root_mean_squared_error score: -0.12871636536044617
Generation:  80%|  | 20/25 [1:41:52<24:10, 290.16s/it]Generation:  21
Best root_mean_squared_error score: -0.12871636536044617
Generation:  84%| | 21/25 [1:44:27<16:37, 249.48s/it]Generation:  22
Best root_mean_squared_error score: -0.12871636536044617
Generation:  88%| | 22/25 [1:48:12<12:07, 242.35s/it]WARNING THIS INDIVIDUAL CAUSED AND EXCEPTION 
 <tpot2.search_spaces.pipelines.sequential.SequentialPipelineIndividual object at 0x15546d498340> 
 The 'criterion' parameter of DecisionTreeRegressor must be a str among {'friedman_mse', 'poisson', 'absolute_error', 'squared_error'}. Got 'mae' instead. 
 Traceback (most recent call last):
  File "/common/ketrong/tpotexp/tpot2/tpot2/utils/eval_utils.py", line 53, in objective_nan_wrapper
    value = func_timeout.func_timeout(timeout, objective_function, args=[individual], kwargs=objective_kwargs)
  File "/common/ketrong/tpotexp/env/lib/python3.10/site-packages/func_timeout/dafunc.py", line 108, in func_timeout
    raise_exception(exception)
  File "/common/ketrong/tpotexp/env/lib/python3.10/site-packages/func_timeout/py3_raise.py", line 7, in raise_exception
    raise exception[0] from None
  File "/common/ketrong/tpotexp/tpot2/tpot2/tpot_estimator/estimator.py", line 623, in objective_function
    return objective_function_generator(
  File "/common/ketrong/tpotexp/tpot2/tpot2/tpot_estimator/estimator_utils.py", line 55, in objective_function_generator
    cv_obj_scores = cross_val_score_objective(sklearn.base.clone(pipeline),x,y,scorers=scorers, cv=cv , fold=step)
  File "/common/ketrong/tpotexp/tpot2/tpot2/tpot_estimator/cross_val_utils.py", line 28, in cross_val_score_objective
    this_fold_pipeline.fit(X_train,y_train)
  File "/common/ketrong/tpotexp/env/lib/python3.10/site-packages/sklearn/base.py", line 1473, in wrapper
    return fit_method(estimator, *args, **kwargs)
  File "/common/ketrong/tpotexp/env/lib/python3.10/site-packages/sklearn/pipeline.py", line 473, in fit
    self._final_estimator.fit(Xt, y, **last_step_params["fit"])
  File "/common/ketrong/tpotexp/env/lib/python3.10/site-packages/sklearn/base.py", line 1466, in wrapper
    estimator._validate_params()
  File "/common/ketrong/tpotexp/env/lib/python3.10/site-packages/sklearn/base.py", line 666, in _validate_params
    validate_parameter_constraints(
  File "/common/ketrong/tpotexp/env/lib/python3.10/site-packages/sklearn/utils/_param_validation.py", line 95, in validate_parameter_constraints
    raise InvalidParameterError(
sklearn.utils._param_validation.InvalidParameterError: The 'criterion' parameter of DecisionTreeRegressor must be a str among {'friedman_mse', 'poisson', 'absolute_error', 'squared_error'}. Got 'mae' instead.

Generation:  23
Best root_mean_squared_error score: -0.12871636536044617
Generation:  92%|| 23/25 [1:54:53<09:39, 289.80s/it]WARNING THIS INDIVIDUAL CAUSED AND EXCEPTION 
 <tpot2.search_spaces.pipelines.sequential.SequentialPipelineIndividual object at 0x155474123670> 
 The 'criterion' parameter of ExtraTreesRegressor must be a str among {'friedman_mse', 'poisson', 'absolute_error', 'squared_error'}. Got 'mae' instead. 
 Traceback (most recent call last):
  File "/common/ketrong/tpotexp/tpot2/tpot2/utils/eval_utils.py", line 53, in objective_nan_wrapper
    value = func_timeout.func_timeout(timeout, objective_function, args=[individual], kwargs=objective_kwargs)
  File "/common/ketrong/tpotexp/env/lib/python3.10/site-packages/func_timeout/dafunc.py", line 108, in func_timeout
    raise_exception(exception)
  File "/common/ketrong/tpotexp/env/lib/python3.10/site-packages/func_timeout/py3_raise.py", line 7, in raise_exception
    raise exception[0] from None
  File "/common/ketrong/tpotexp/tpot2/tpot2/tpot_estimator/estimator.py", line 623, in objective_function
    return objective_function_generator(
  File "/common/ketrong/tpotexp/tpot2/tpot2/tpot_estimator/estimator_utils.py", line 55, in objective_function_generator
    cv_obj_scores = cross_val_score_objective(sklearn.base.clone(pipeline),x,y,scorers=scorers, cv=cv , fold=step)
  File "/common/ketrong/tpotexp/tpot2/tpot2/tpot_estimator/cross_val_utils.py", line 28, in cross_val_score_objective
    this_fold_pipeline.fit(X_train,y_train)
  File "/common/ketrong/tpotexp/env/lib/python3.10/site-packages/sklearn/base.py", line 1473, in wrapper
    return fit_method(estimator, *args, **kwargs)
  File "/common/ketrong/tpotexp/env/lib/python3.10/site-packages/sklearn/pipeline.py", line 473, in fit
    self._final_estimator.fit(Xt, y, **last_step_params["fit"])
  File "/common/ketrong/tpotexp/env/lib/python3.10/site-packages/sklearn/base.py", line 1466, in wrapper
    estimator._validate_params()
  File "/common/ketrong/tpotexp/env/lib/python3.10/site-packages/sklearn/base.py", line 666, in _validate_params
    validate_parameter_constraints(
  File "/common/ketrong/tpotexp/env/lib/python3.10/site-packages/sklearn/utils/_param_validation.py", line 95, in validate_parameter_constraints
    raise InvalidParameterError(
sklearn.utils._param_validation.InvalidParameterError: The 'criterion' parameter of ExtraTreesRegressor must be a str among {'friedman_mse', 'poisson', 'absolute_error', 'squared_error'}. Got 'mae' instead.

WARNING THIS INDIVIDUAL CAUSED AND EXCEPTION 
 <tpot2.search_spaces.pipelines.sequential.SequentialPipelineIndividual object at 0x15546d1c2d40> 
 The 'criterion' parameter of DecisionTreeRegressor must be a str among {'friedman_mse', 'poisson', 'absolute_error', 'squared_error'}. Got 'mae' instead. 
 Traceback (most recent call last):
  File "/common/ketrong/tpotexp/tpot2/tpot2/utils/eval_utils.py", line 53, in objective_nan_wrapper
    value = func_timeout.func_timeout(timeout, objective_function, args=[individual], kwargs=objective_kwargs)
  File "/common/ketrong/tpotexp/env/lib/python3.10/site-packages/func_timeout/dafunc.py", line 108, in func_timeout
    raise_exception(exception)
  File "/common/ketrong/tpotexp/env/lib/python3.10/site-packages/func_timeout/py3_raise.py", line 7, in raise_exception
    raise exception[0] from None
  File "/common/ketrong/tpotexp/tpot2/tpot2/tpot_estimator/estimator.py", line 623, in objective_function
    return objective_function_generator(
  File "/common/ketrong/tpotexp/tpot2/tpot2/tpot_estimator/estimator_utils.py", line 55, in objective_function_generator
    cv_obj_scores = cross_val_score_objective(sklearn.base.clone(pipeline),x,y,scorers=scorers, cv=cv , fold=step)
  File "/common/ketrong/tpotexp/tpot2/tpot2/tpot_estimator/cross_val_utils.py", line 28, in cross_val_score_objective
    this_fold_pipeline.fit(X_train,y_train)
  File "/common/ketrong/tpotexp/env/lib/python3.10/site-packages/sklearn/base.py", line 1473, in wrapper
    return fit_method(estimator, *args, **kwargs)
  File "/common/ketrong/tpotexp/env/lib/python3.10/site-packages/sklearn/pipeline.py", line 473, in fit
    self._final_estimator.fit(Xt, y, **last_step_params["fit"])
  File "/common/ketrong/tpotexp/env/lib/python3.10/site-packages/sklearn/base.py", line 1466, in wrapper
    estimator._validate_params()
  File "/common/ketrong/tpotexp/env/lib/python3.10/site-packages/sklearn/base.py", line 666, in _validate_params
    validate_parameter_constraints(
  File "/common/ketrong/tpotexp/env/lib/python3.10/site-packages/sklearn/utils/_param_validation.py", line 95, in validate_parameter_constraints
    raise InvalidParameterError(
sklearn.utils._param_validation.InvalidParameterError: The 'criterion' parameter of DecisionTreeRegressor must be a str among {'friedman_mse', 'poisson', 'absolute_error', 'squared_error'}. Got 'mae' instead.

WARNING THIS INDIVIDUAL CAUSED AND EXCEPTION 
 <tpot2.search_spaces.pipelines.sequential.SequentialPipelineIndividual object at 0x15546cc7f9a0> 
 The 'criterion' parameter of ExtraTreesRegressor must be a str among {'friedman_mse', 'poisson', 'absolute_error', 'squared_error'}. Got 'mae' instead. 
 Traceback (most recent call last):
  File "/common/ketrong/tpotexp/tpot2/tpot2/utils/eval_utils.py", line 53, in objective_nan_wrapper
    value = func_timeout.func_timeout(timeout, objective_function, args=[individual], kwargs=objective_kwargs)
  File "/common/ketrong/tpotexp/env/lib/python3.10/site-packages/func_timeout/dafunc.py", line 108, in func_timeout
    raise_exception(exception)
  File "/common/ketrong/tpotexp/env/lib/python3.10/site-packages/func_timeout/py3_raise.py", line 7, in raise_exception
    raise exception[0] from None
  File "/common/ketrong/tpotexp/tpot2/tpot2/tpot_estimator/estimator.py", line 623, in objective_function
    return objective_function_generator(
  File "/common/ketrong/tpotexp/tpot2/tpot2/tpot_estimator/estimator_utils.py", line 55, in objective_function_generator
    cv_obj_scores = cross_val_score_objective(sklearn.base.clone(pipeline),x,y,scorers=scorers, cv=cv , fold=step)
  File "/common/ketrong/tpotexp/tpot2/tpot2/tpot_estimator/cross_val_utils.py", line 28, in cross_val_score_objective
    this_fold_pipeline.fit(X_train,y_train)
  File "/common/ketrong/tpotexp/env/lib/python3.10/site-packages/sklearn/base.py", line 1473, in wrapper
    return fit_method(estimator, *args, **kwargs)
  File "/common/ketrong/tpotexp/env/lib/python3.10/site-packages/sklearn/pipeline.py", line 473, in fit
    self._final_estimator.fit(Xt, y, **last_step_params["fit"])
  File "/common/ketrong/tpotexp/env/lib/python3.10/site-packages/sklearn/base.py", line 1466, in wrapper
    estimator._validate_params()
  File "/common/ketrong/tpotexp/env/lib/python3.10/site-packages/sklearn/base.py", line 666, in _validate_params
    validate_parameter_constraints(
  File "/common/ketrong/tpotexp/env/lib/python3.10/site-packages/sklearn/utils/_param_validation.py", line 95, in validate_parameter_constraints
    raise InvalidParameterError(
sklearn.utils._param_validation.InvalidParameterError: The 'criterion' parameter of ExtraTreesRegressor must be a str among {'friedman_mse', 'poisson', 'absolute_error', 'squared_error'}. Got 'mae' instead.

Generation:  24
Best root_mean_squared_error score: -0.12871636536044617
Generation:  96%|| 24/25 [2:03:39<06:00, 360.74s/it]WARNING THIS INDIVIDUAL CAUSED AND EXCEPTION 
 <tpot2.search_spaces.pipelines.sequential.SequentialPipelineIndividual object at 0x15546f9a3b50> 
 The 'criterion' parameter of DecisionTreeRegressor must be a str among {'friedman_mse', 'poisson', 'absolute_error', 'squared_error'}. Got 'mae' instead. 
 Traceback (most recent call last):
  File "/common/ketrong/tpotexp/tpot2/tpot2/utils/eval_utils.py", line 53, in objective_nan_wrapper
    value = func_timeout.func_timeout(timeout, objective_function, args=[individual], kwargs=objective_kwargs)
  File "/common/ketrong/tpotexp/env/lib/python3.10/site-packages/func_timeout/dafunc.py", line 108, in func_timeout
    raise_exception(exception)
  File "/common/ketrong/tpotexp/env/lib/python3.10/site-packages/func_timeout/py3_raise.py", line 7, in raise_exception
    raise exception[0] from None
  File "/common/ketrong/tpotexp/tpot2/tpot2/tpot_estimator/estimator.py", line 623, in objective_function
    return objective_function_generator(
  File "/common/ketrong/tpotexp/tpot2/tpot2/tpot_estimator/estimator_utils.py", line 55, in objective_function_generator
    cv_obj_scores = cross_val_score_objective(sklearn.base.clone(pipeline),x,y,scorers=scorers, cv=cv , fold=step)
  File "/common/ketrong/tpotexp/tpot2/tpot2/tpot_estimator/cross_val_utils.py", line 28, in cross_val_score_objective
    this_fold_pipeline.fit(X_train,y_train)
  File "/common/ketrong/tpotexp/env/lib/python3.10/site-packages/sklearn/base.py", line 1473, in wrapper
    return fit_method(estimator, *args, **kwargs)
  File "/common/ketrong/tpotexp/env/lib/python3.10/site-packages/sklearn/pipeline.py", line 473, in fit
    self._final_estimator.fit(Xt, y, **last_step_params["fit"])
  File "/common/ketrong/tpotexp/env/lib/python3.10/site-packages/sklearn/base.py", line 1466, in wrapper
    estimator._validate_params()
  File "/common/ketrong/tpotexp/env/lib/python3.10/site-packages/sklearn/base.py", line 666, in _validate_params
    validate_parameter_constraints(
  File "/common/ketrong/tpotexp/env/lib/python3.10/site-packages/sklearn/utils/_param_validation.py", line 95, in validate_parameter_constraints
    raise InvalidParameterError(
sklearn.utils._param_validation.InvalidParameterError: The 'criterion' parameter of DecisionTreeRegressor must be a str among {'friedman_mse', 'poisson', 'absolute_error', 'squared_error'}. Got 'mae' instead.

WARNING THIS INDIVIDUAL CAUSED AND EXCEPTION 
 <tpot2.search_spaces.pipelines.sequential.SequentialPipelineIndividual object at 0x15546d0c94b0> 
 The 'criterion' parameter of RandomForestRegressor must be a str among {'friedman_mse', 'poisson', 'absolute_error', 'squared_error'}. Got 'mse' instead. 
 Traceback (most recent call last):
  File "/common/ketrong/tpotexp/tpot2/tpot2/utils/eval_utils.py", line 53, in objective_nan_wrapper
    value = func_timeout.func_timeout(timeout, objective_function, args=[individual], kwargs=objective_kwargs)
  File "/common/ketrong/tpotexp/env/lib/python3.10/site-packages/func_timeout/dafunc.py", line 108, in func_timeout
    raise_exception(exception)
  File "/common/ketrong/tpotexp/env/lib/python3.10/site-packages/func_timeout/py3_raise.py", line 7, in raise_exception
    raise exception[0] from None
  File "/common/ketrong/tpotexp/tpot2/tpot2/tpot_estimator/estimator.py", line 623, in objective_function
    return objective_function_generator(
  File "/common/ketrong/tpotexp/tpot2/tpot2/tpot_estimator/estimator_utils.py", line 55, in objective_function_generator
    cv_obj_scores = cross_val_score_objective(sklearn.base.clone(pipeline),x,y,scorers=scorers, cv=cv , fold=step)
  File "/common/ketrong/tpotexp/tpot2/tpot2/tpot_estimator/cross_val_utils.py", line 28, in cross_val_score_objective
    this_fold_pipeline.fit(X_train,y_train)
  File "/common/ketrong/tpotexp/env/lib/python3.10/site-packages/sklearn/base.py", line 1473, in wrapper
    return fit_method(estimator, *args, **kwargs)
  File "/common/ketrong/tpotexp/env/lib/python3.10/site-packages/sklearn/pipeline.py", line 473, in fit
    self._final_estimator.fit(Xt, y, **last_step_params["fit"])
  File "/common/ketrong/tpotexp/env/lib/python3.10/site-packages/sklearn/base.py", line 1466, in wrapper
    estimator._validate_params()
  File "/common/ketrong/tpotexp/env/lib/python3.10/site-packages/sklearn/base.py", line 666, in _validate_params
    validate_parameter_constraints(
  File "/common/ketrong/tpotexp/env/lib/python3.10/site-packages/sklearn/utils/_param_validation.py", line 95, in validate_parameter_constraints
    raise InvalidParameterError(
sklearn.utils._param_validation.InvalidParameterError: The 'criterion' parameter of RandomForestRegressor must be a str among {'friedman_mse', 'poisson', 'absolute_error', 'squared_error'}. Got 'mse' instead.

Generation:  25
Best root_mean_squared_error score: -0.12776612956643302
Generation: 100%|| 25/25 [2:14:00<00:00, 438.78s/it]Generation: 100%|| 25/25 [2:14:26<00:00, 322.67s/it]
2024-09-20 00:27:12,751 - distributed.scheduler - ERROR - Removing worker 'tcp://127.0.0.1:45583' caused the cluster to lose scattered data, which can't be recovered: {'DataFrame-199f3c31ceebfff04409bf1345a44d8c', 'ndarray-503b3110632f35dc6b93e08f802e22a4'} (stimulus_id='handle-worker-cleanup-1726817232.7514057')
Fitted
Pipeline(steps=[('mlpregressor',
                 MLPRegressor(alpha=0.0204960755221,
                              hidden_layer_sizes=[345, 345, 345],
                              learning_rate='invscaling',
                              learning_rate_init=0.0002115202695,
                              n_iter_no_change=32))])
score start
train score: {'explained_var': 0.8419995110440739, 'r2': 0.8361206550331948, 'rmse': 0.10714997429945113}
original test score: {'explained_var': 0.9016330348179329, 'r2': 0.8940608190719109, 'rmse': 0.0843471635404122}
imputed test score: {'explained_var': 0.801415763850126, 'r2': 0.794220841934782, 'rmse': 0.11755547756071771}
score end
check intended
EXP2 Finished
running experiment 3/3 - What is the best automl settings?
<tpot2.search_spaces.pipelines.sequential.SequentialPipeline object at 0x155434bb5870>
Start tpot fit
Version 0.1.7a0 of tpot2 is outdated. Version 0.1.8a0 was released 2 days ago.
Version 0.1.7a0 of tpot2 is outdated. Version 0.1.8a0 was released 2 days ago.
Version 0.1.7a0 of tpot2 is outdated. Version 0.1.8a0 was released 2 days ago.
Version 0.1.7a0 of tpot2 is outdated. Version 0.1.8a0 was released 2 days ago.
Version 0.1.7a0 of tpot2 is outdated. Version 0.1.8a0 was released 2 days ago.
Version 0.1.7a0 of tpot2 is outdated. Version 0.1.8a0 was released 2 days ago.
Version 0.1.7a0 of tpot2 is outdated. Version 0.1.8a0 was released 2 days ago.
Version 0.1.7a0 of tpot2 is outdated. Version 0.1.8a0 was released 2 days ago.
Version 0.1.7a0 of tpot2 is outdated. Version 0.1.8a0 was released 2 days ago.
Version 0.1.7a0 of tpot2 is outdated. Version 0.1.8a0 was released 2 days ago.
Version 0.1.7a0 of tpot2 is outdated. Version 0.1.8a0 was released 2 days ago.
Version 0.1.7a0 of tpot2 is outdated. Version 0.1.8a0 was released 2 days ago.
Version 0.1.7a0 of tpot2 is outdated. Version 0.1.8a0 was released 2 days ago.
Version 0.1.7a0 of tpot2 is outdated. Version 0.1.8a0 was released 2 days ago.
Version 0.1.7a0 of tpot2 is outdated. Version 0.1.8a0 was released 2 days ago.
Version 0.1.7a0 of tpot2 is outdated. Version 0.1.8a0 was released 2 days ago.
  0%|          | 0/25 [00:00<?, ?it/s]Generation:   0%|          | 0/25 [00:00<?, ?it/s]WARNING THIS INDIVIDUAL CAUSED AND EXCEPTION 
 <tpot2.search_spaces.pipelines.sequential.SequentialPipelineIndividual object at 0x155474128130> 
 The 'criterion' parameter of ExtraTreesRegressor must be a str among {'friedman_mse', 'poisson', 'absolute_error', 'squared_error'}. Got 'mae' instead. 
 Traceback (most recent call last):
  File "/common/ketrong/tpotexp/tpot2/tpot2/utils/eval_utils.py", line 53, in objective_nan_wrapper
    value = func_timeout.func_timeout(timeout, objective_function, args=[individual], kwargs=objective_kwargs)
  File "/common/ketrong/tpotexp/env/lib/python3.10/site-packages/func_timeout/dafunc.py", line 108, in func_timeout
    raise_exception(exception)
  File "/common/ketrong/tpotexp/env/lib/python3.10/site-packages/func_timeout/py3_raise.py", line 7, in raise_exception
    raise exception[0] from None
  File "/common/ketrong/tpotexp/tpot2/tpot2/tpot_estimator/estimator.py", line 623, in objective_function
    return objective_function_generator(
  File "/common/ketrong/tpotexp/tpot2/tpot2/tpot_estimator/estimator_utils.py", line 55, in objective_function_generator
    cv_obj_scores = cross_val_score_objective(sklearn.base.clone(pipeline),x,y,scorers=scorers, cv=cv , fold=step)
  File "/common/ketrong/tpotexp/tpot2/tpot2/tpot_estimator/cross_val_utils.py", line 28, in cross_val_score_objective
    this_fold_pipeline.fit(X_train,y_train)
  File "/common/ketrong/tpotexp/env/lib/python3.10/site-packages/sklearn/base.py", line 1473, in wrapper
    return fit_method(estimator, *args, **kwargs)
  File "/common/ketrong/tpotexp/env/lib/python3.10/site-packages/sklearn/pipeline.py", line 473, in fit
    self._final_estimator.fit(Xt, y, **last_step_params["fit"])
  File "/common/ketrong/tpotexp/env/lib/python3.10/site-packages/sklearn/base.py", line 1466, in wrapper
    estimator._validate_params()
  File "/common/ketrong/tpotexp/env/lib/python3.10/site-packages/sklearn/base.py", line 666, in _validate_params
    validate_parameter_constraints(
  File "/common/ketrong/tpotexp/env/lib/python3.10/site-packages/sklearn/utils/_param_validation.py", line 95, in validate_parameter_constraints
    raise InvalidParameterError(
sklearn.utils._param_validation.InvalidParameterError: The 'criterion' parameter of ExtraTreesRegressor must be a str among {'friedman_mse', 'poisson', 'absolute_error', 'squared_error'}. Got 'mae' instead.

WARNING AN INDIVIDUAL TIMED OUT: 
 <tpot2.search_spaces.pipelines.sequential.SequentialPipelineIndividual object at 0x15547418d0f0> 

Generation:  1
Best root_mean_squared_error score: -0.1356723289965928
Generation:   4%|         | 1/25 [10:02<4:00:53, 602.23s/it]WARNING AN INDIVIDUAL TIMED OUT: 
 <tpot2.search_spaces.pipelines.sequential.SequentialPipelineIndividual object at 0x1554741cf4f0> 

Generation:  2
Best root_mean_squared_error score: -0.13180015422319646
Generation:   8%|         | 2/25 [20:05<3:50:59, 602.58s/it]Generation:  3
Best root_mean_squared_error score: -0.13110168507184414
Generation:  12%|        | 3/25 [24:18<2:42:31, 443.26s/it]Generation:  4
Best root_mean_squared_error score: -0.129898190937899
Generation:  16%|        | 4/25 [28:44<2:10:37, 373.24s/it]WARNING THIS INDIVIDUAL CAUSED AND EXCEPTION 
 <tpot2.search_spaces.pipelines.sequential.SequentialPipelineIndividual object at 0x15546fbfa2c0> 
 Input X contains NaN.
MLPRegressor does not accept missing values encoded as NaN natively. For supervised learning, you might want to consider sklearn.ensemble.HistGradientBoostingClassifier and Regressor which accept missing values encoded as NaNs natively. Alternatively, it is possible to preprocess the data, for instance by using an imputer transformer in a pipeline or drop samples with missing values. See https://scikit-learn.org/stable/modules/impute.html You can find a list of all estimators that handle NaN values at the following page: https://scikit-learn.org/stable/modules/impute.html#estimators-that-handle-nan-values 
 Traceback (most recent call last):
  File "/common/ketrong/tpotexp/tpot2/tpot2/utils/eval_utils.py", line 53, in objective_nan_wrapper
    value = func_timeout.func_timeout(timeout, objective_function, args=[individual], kwargs=objective_kwargs)
  File "/common/ketrong/tpotexp/env/lib/python3.10/site-packages/func_timeout/dafunc.py", line 108, in func_timeout
    raise_exception(exception)
  File "/common/ketrong/tpotexp/env/lib/python3.10/site-packages/func_timeout/py3_raise.py", line 7, in raise_exception
    raise exception[0] from None
  File "/common/ketrong/tpotexp/tpot2/tpot2/tpot_estimator/estimator.py", line 623, in objective_function
    return objective_function_generator(
  File "/common/ketrong/tpotexp/tpot2/tpot2/tpot_estimator/estimator_utils.py", line 55, in objective_function_generator
    cv_obj_scores = cross_val_score_objective(sklearn.base.clone(pipeline),x,y,scorers=scorers, cv=cv , fold=step)
  File "/common/ketrong/tpotexp/tpot2/tpot2/tpot_estimator/cross_val_utils.py", line 28, in cross_val_score_objective
    this_fold_pipeline.fit(X_train,y_train)
  File "/common/ketrong/tpotexp/env/lib/python3.10/site-packages/sklearn/base.py", line 1473, in wrapper
    return fit_method(estimator, *args, **kwargs)
  File "/common/ketrong/tpotexp/env/lib/python3.10/site-packages/sklearn/pipeline.py", line 473, in fit
    self._final_estimator.fit(Xt, y, **last_step_params["fit"])
  File "/common/ketrong/tpotexp/env/lib/python3.10/site-packages/sklearn/base.py", line 1473, in wrapper
    return fit_method(estimator, *args, **kwargs)
  File "/common/ketrong/tpotexp/env/lib/python3.10/site-packages/sklearn/neural_network/_multilayer_perceptron.py", line 751, in fit
    return self._fit(X, y, incremental=False)
  File "/common/ketrong/tpotexp/env/lib/python3.10/site-packages/sklearn/neural_network/_multilayer_perceptron.py", line 441, in _fit
    X, y = self._validate_input(X, y, incremental, reset=first_pass)
  File "/common/ketrong/tpotexp/env/lib/python3.10/site-packages/sklearn/neural_network/_multilayer_perceptron.py", line 1621, in _validate_input
    X, y = self._validate_data(
  File "/common/ketrong/tpotexp/env/lib/python3.10/site-packages/sklearn/base.py", line 650, in _validate_data
    X, y = check_X_y(X, y, **check_params)
  File "/common/ketrong/tpotexp/env/lib/python3.10/site-packages/sklearn/utils/validation.py", line 1301, in check_X_y
    X = check_array(
  File "/common/ketrong/tpotexp/env/lib/python3.10/site-packages/sklearn/utils/validation.py", line 1064, in check_array
    _assert_all_finite(
  File "/common/ketrong/tpotexp/env/lib/python3.10/site-packages/sklearn/utils/validation.py", line 123, in _assert_all_finite
    _assert_all_finite_element_wise(
  File "/common/ketrong/tpotexp/env/lib/python3.10/site-packages/sklearn/utils/validation.py", line 172, in _assert_all_finite_element_wise
    raise ValueError(msg_err)
ValueError: Input X contains NaN.
MLPRegressor does not accept missing values encoded as NaN natively. For supervised learning, you might want to consider sklearn.ensemble.HistGradientBoostingClassifier and Regressor which accept missing values encoded as NaNs natively. Alternatively, it is possible to preprocess the data, for instance by using an imputer transformer in a pipeline or drop samples with missing values. See https://scikit-learn.org/stable/modules/impute.html You can find a list of all estimators that handle NaN values at the following page: https://scikit-learn.org/stable/modules/impute.html#estimators-that-handle-nan-values

WARNING THIS INDIVIDUAL CAUSED AND EXCEPTION 
 <tpot2.search_spaces.pipelines.sequential.SequentialPipelineIndividual object at 0x15546f5511e0> 
 Input X contains NaN.
MLPRegressor does not accept missing values encoded as NaN natively. For supervised learning, you might want to consider sklearn.ensemble.HistGradientBoostingClassifier and Regressor which accept missing values encoded as NaNs natively. Alternatively, it is possible to preprocess the data, for instance by using an imputer transformer in a pipeline or drop samples with missing values. See https://scikit-learn.org/stable/modules/impute.html You can find a list of all estimators that handle NaN values at the following page: https://scikit-learn.org/stable/modules/impute.html#estimators-that-handle-nan-values 
 Traceback (most recent call last):
  File "/common/ketrong/tpotexp/tpot2/tpot2/utils/eval_utils.py", line 53, in objective_nan_wrapper
    value = func_timeout.func_timeout(timeout, objective_function, args=[individual], kwargs=objective_kwargs)
  File "/common/ketrong/tpotexp/env/lib/python3.10/site-packages/func_timeout/dafunc.py", line 108, in func_timeout
    raise_exception(exception)
  File "/common/ketrong/tpotexp/env/lib/python3.10/site-packages/func_timeout/py3_raise.py", line 7, in raise_exception
    raise exception[0] from None
  File "/common/ketrong/tpotexp/tpot2/tpot2/tpot_estimator/estimator.py", line 623, in objective_function
    return objective_function_generator(
  File "/common/ketrong/tpotexp/tpot2/tpot2/tpot_estimator/estimator_utils.py", line 55, in objective_function_generator
    cv_obj_scores = cross_val_score_objective(sklearn.base.clone(pipeline),x,y,scorers=scorers, cv=cv , fold=step)
  File "/common/ketrong/tpotexp/tpot2/tpot2/tpot_estimator/cross_val_utils.py", line 28, in cross_val_score_objective
    this_fold_pipeline.fit(X_train,y_train)
  File "/common/ketrong/tpotexp/env/lib/python3.10/site-packages/sklearn/base.py", line 1473, in wrapper
    return fit_method(estimator, *args, **kwargs)
  File "/common/ketrong/tpotexp/env/lib/python3.10/site-packages/sklearn/pipeline.py", line 473, in fit
    self._final_estimator.fit(Xt, y, **last_step_params["fit"])
  File "/common/ketrong/tpotexp/env/lib/python3.10/site-packages/sklearn/base.py", line 1473, in wrapper
    return fit_method(estimator, *args, **kwargs)
  File "/common/ketrong/tpotexp/env/lib/python3.10/site-packages/sklearn/neural_network/_multilayer_perceptron.py", line 751, in fit
    return self._fit(X, y, incremental=False)
  File "/common/ketrong/tpotexp/env/lib/python3.10/site-packages/sklearn/neural_network/_multilayer_perceptron.py", line 441, in _fit
    X, y = self._validate_input(X, y, incremental, reset=first_pass)
  File "/common/ketrong/tpotexp/env/lib/python3.10/site-packages/sklearn/neural_network/_multilayer_perceptron.py", line 1621, in _validate_input
    X, y = self._validate_data(
  File "/common/ketrong/tpotexp/env/lib/python3.10/site-packages/sklearn/base.py", line 650, in _validate_data
    X, y = check_X_y(X, y, **check_params)
  File "/common/ketrong/tpotexp/env/lib/python3.10/site-packages/sklearn/utils/validation.py", line 1301, in check_X_y
    X = check_array(
  File "/common/ketrong/tpotexp/env/lib/python3.10/site-packages/sklearn/utils/validation.py", line 1064, in check_array
    _assert_all_finite(
  File "/common/ketrong/tpotexp/env/lib/python3.10/site-packages/sklearn/utils/validation.py", line 123, in _assert_all_finite
    _assert_all_finite_element_wise(
  File "/common/ketrong/tpotexp/env/lib/python3.10/site-packages/sklearn/utils/validation.py", line 172, in _assert_all_finite_element_wise
    raise ValueError(msg_err)
ValueError: Input X contains NaN.
MLPRegressor does not accept missing values encoded as NaN natively. For supervised learning, you might want to consider sklearn.ensemble.HistGradientBoostingClassifier and Regressor which accept missing values encoded as NaNs natively. Alternatively, it is possible to preprocess the data, for instance by using an imputer transformer in a pipeline or drop samples with missing values. See https://scikit-learn.org/stable/modules/impute.html You can find a list of all estimators that handle NaN values at the following page: https://scikit-learn.org/stable/modules/impute.html#estimators-that-handle-nan-values

Generation:  5
Best root_mean_squared_error score: -0.129898190937899
Generation:  20%|        | 5/25 [34:19<1:59:50, 359.54s/it]Generation:  6
Best root_mean_squared_error score: -0.12971576530371182
Generation:  24%|       | 6/25 [43:30<2:14:22, 424.35s/it]Generation:  7
Best root_mean_squared_error score: -0.12887385109873392
Generation:  28%|       | 7/25 [52:19<2:17:35, 458.63s/it]Generation:  8
Best root_mean_squared_error score: -0.12887385109873392
Generation:  32%|      | 8/25 [53:56<1:37:22, 343.65s/it]WARNING AN INDIVIDUAL TIMED OUT: 
 <tpot2.search_spaces.pipelines.sequential.SequentialPipelineIndividual object at 0x15546f81e2c0> 

Generation:  9
Best root_mean_squared_error score: -0.12887385109873392
Generation:  36%|      | 9/25 [1:03:59<1:53:14, 424.68s/it]Generation:  10
Best root_mean_squared_error score: -0.1284299861690148
Generation:  40%|      | 10/25 [1:06:00<1:22:45, 331.05s/it]WARNING THIS INDIVIDUAL CAUSED AND EXCEPTION 
 <tpot2.search_spaces.pipelines.sequential.SequentialPipelineIndividual object at 0x1554741a4850> 
 Input X contains NaN.
MLPRegressor does not accept missing values encoded as NaN natively. For supervised learning, you might want to consider sklearn.ensemble.HistGradientBoostingClassifier and Regressor which accept missing values encoded as NaNs natively. Alternatively, it is possible to preprocess the data, for instance by using an imputer transformer in a pipeline or drop samples with missing values. See https://scikit-learn.org/stable/modules/impute.html You can find a list of all estimators that handle NaN values at the following page: https://scikit-learn.org/stable/modules/impute.html#estimators-that-handle-nan-values 
 Traceback (most recent call last):
  File "/common/ketrong/tpotexp/tpot2/tpot2/utils/eval_utils.py", line 53, in objective_nan_wrapper
    value = func_timeout.func_timeout(timeout, objective_function, args=[individual], kwargs=objective_kwargs)
  File "/common/ketrong/tpotexp/env/lib/python3.10/site-packages/func_timeout/dafunc.py", line 108, in func_timeout
    raise_exception(exception)
  File "/common/ketrong/tpotexp/env/lib/python3.10/site-packages/func_timeout/py3_raise.py", line 7, in raise_exception
    raise exception[0] from None
  File "/common/ketrong/tpotexp/tpot2/tpot2/tpot_estimator/estimator.py", line 623, in objective_function
    return objective_function_generator(
  File "/common/ketrong/tpotexp/tpot2/tpot2/tpot_estimator/estimator_utils.py", line 55, in objective_function_generator
    cv_obj_scores = cross_val_score_objective(sklearn.base.clone(pipeline),x,y,scorers=scorers, cv=cv , fold=step)
  File "/common/ketrong/tpotexp/tpot2/tpot2/tpot_estimator/cross_val_utils.py", line 28, in cross_val_score_objective
    this_fold_pipeline.fit(X_train,y_train)
  File "/common/ketrong/tpotexp/env/lib/python3.10/site-packages/sklearn/base.py", line 1473, in wrapper
    return fit_method(estimator, *args, **kwargs)
  File "/common/ketrong/tpotexp/env/lib/python3.10/site-packages/sklearn/pipeline.py", line 473, in fit
    self._final_estimator.fit(Xt, y, **last_step_params["fit"])
  File "/common/ketrong/tpotexp/env/lib/python3.10/site-packages/sklearn/base.py", line 1473, in wrapper
    return fit_method(estimator, *args, **kwargs)
  File "/common/ketrong/tpotexp/env/lib/python3.10/site-packages/sklearn/neural_network/_multilayer_perceptron.py", line 751, in fit
    return self._fit(X, y, incremental=False)
  File "/common/ketrong/tpotexp/env/lib/python3.10/site-packages/sklearn/neural_network/_multilayer_perceptron.py", line 441, in _fit
    X, y = self._validate_input(X, y, incremental, reset=first_pass)
  File "/common/ketrong/tpotexp/env/lib/python3.10/site-packages/sklearn/neural_network/_multilayer_perceptron.py", line 1621, in _validate_input
    X, y = self._validate_data(
  File "/common/ketrong/tpotexp/env/lib/python3.10/site-packages/sklearn/base.py", line 650, in _validate_data
    X, y = check_X_y(X, y, **check_params)
  File "/common/ketrong/tpotexp/env/lib/python3.10/site-packages/sklearn/utils/validation.py", line 1301, in check_X_y
    X = check_array(
  File "/common/ketrong/tpotexp/env/lib/python3.10/site-packages/sklearn/utils/validation.py", line 1064, in check_array
    _assert_all_finite(
  File "/common/ketrong/tpotexp/env/lib/python3.10/site-packages/sklearn/utils/validation.py", line 123, in _assert_all_finite
    _assert_all_finite_element_wise(
  File "/common/ketrong/tpotexp/env/lib/python3.10/site-packages/sklearn/utils/validation.py", line 172, in _assert_all_finite_element_wise
    raise ValueError(msg_err)
ValueError: Input X contains NaN.
MLPRegressor does not accept missing values encoded as NaN natively. For supervised learning, you might want to consider sklearn.ensemble.HistGradientBoostingClassifier and Regressor which accept missing values encoded as NaNs natively. Alternatively, it is possible to preprocess the data, for instance by using an imputer transformer in a pipeline or drop samples with missing values. See https://scikit-learn.org/stable/modules/impute.html You can find a list of all estimators that handle NaN values at the following page: https://scikit-learn.org/stable/modules/impute.html#estimators-that-handle-nan-values

Generation:  11
Best root_mean_squared_error score: -0.12817545011174647
Generation:  44%|     | 11/25 [1:08:01<1:02:12, 266.62s/it]WARNING THIS INDIVIDUAL CAUSED AND EXCEPTION 
 <tpot2.search_spaces.pipelines.sequential.SequentialPipelineIndividual object at 0x15545ac38eb0> 
 The 'criterion' parameter of DecisionTreeRegressor must be a str among {'friedman_mse', 'poisson', 'absolute_error', 'squared_error'}. Got 'mae' instead. 
 Traceback (most recent call last):
  File "/common/ketrong/tpotexp/tpot2/tpot2/utils/eval_utils.py", line 53, in objective_nan_wrapper
    value = func_timeout.func_timeout(timeout, objective_function, args=[individual], kwargs=objective_kwargs)
  File "/common/ketrong/tpotexp/env/lib/python3.10/site-packages/func_timeout/dafunc.py", line 108, in func_timeout
    raise_exception(exception)
  File "/common/ketrong/tpotexp/env/lib/python3.10/site-packages/func_timeout/py3_raise.py", line 7, in raise_exception
    raise exception[0] from None
  File "/common/ketrong/tpotexp/tpot2/tpot2/tpot_estimator/estimator.py", line 623, in objective_function
    return objective_function_generator(
  File "/common/ketrong/tpotexp/tpot2/tpot2/tpot_estimator/estimator_utils.py", line 55, in objective_function_generator
    cv_obj_scores = cross_val_score_objective(sklearn.base.clone(pipeline),x,y,scorers=scorers, cv=cv , fold=step)
  File "/common/ketrong/tpotexp/tpot2/tpot2/tpot_estimator/cross_val_utils.py", line 28, in cross_val_score_objective
    this_fold_pipeline.fit(X_train,y_train)
  File "/common/ketrong/tpotexp/env/lib/python3.10/site-packages/sklearn/base.py", line 1473, in wrapper
    return fit_method(estimator, *args, **kwargs)
  File "/common/ketrong/tpotexp/env/lib/python3.10/site-packages/sklearn/pipeline.py", line 473, in fit
    self._final_estimator.fit(Xt, y, **last_step_params["fit"])
  File "/common/ketrong/tpotexp/env/lib/python3.10/site-packages/sklearn/base.py", line 1466, in wrapper
    estimator._validate_params()
  File "/common/ketrong/tpotexp/env/lib/python3.10/site-packages/sklearn/base.py", line 666, in _validate_params
    validate_parameter_constraints(
  File "/common/ketrong/tpotexp/env/lib/python3.10/site-packages/sklearn/utils/_param_validation.py", line 95, in validate_parameter_constraints
    raise InvalidParameterError(
sklearn.utils._param_validation.InvalidParameterError: The 'criterion' parameter of DecisionTreeRegressor must be a str among {'friedman_mse', 'poisson', 'absolute_error', 'squared_error'}. Got 'mae' instead.

WARNING AN INDIVIDUAL TIMED OUT: 
 <tpot2.search_spaces.pipelines.sequential.SequentialPipelineIndividual object at 0x155459033670> 

Generation:  12
Best root_mean_squared_error score: -0.12817545011174647
Generation:  48%|     | 12/25 [1:18:05<1:19:58, 369.13s/it]WARNING AN INDIVIDUAL TIMED OUT: 
 <tpot2.search_spaces.pipelines.sequential.SequentialPipelineIndividual object at 0x15545b2422f0> 

Generation:  13
Best root_mean_squared_error score: -0.12817545011174647
Generation:  52%|    | 13/25 [1:28:09<1:28:04, 440.40s/it]WARNING THIS INDIVIDUAL CAUSED AND EXCEPTION 
 <tpot2.search_spaces.pipelines.sequential.SequentialPipelineIndividual object at 0x155474127d30> 
 The 'criterion' parameter of RandomForestRegressor must be a str among {'friedman_mse', 'poisson', 'absolute_error', 'squared_error'}. Got 'mse' instead. 
 Traceback (most recent call last):
  File "/common/ketrong/tpotexp/tpot2/tpot2/utils/eval_utils.py", line 53, in objective_nan_wrapper
    value = func_timeout.func_timeout(timeout, objective_function, args=[individual], kwargs=objective_kwargs)
  File "/common/ketrong/tpotexp/env/lib/python3.10/site-packages/func_timeout/dafunc.py", line 108, in func_timeout
    raise_exception(exception)
  File "/common/ketrong/tpotexp/env/lib/python3.10/site-packages/func_timeout/py3_raise.py", line 7, in raise_exception
    raise exception[0] from None
  File "/common/ketrong/tpotexp/tpot2/tpot2/tpot_estimator/estimator.py", line 623, in objective_function
    return objective_function_generator(
  File "/common/ketrong/tpotexp/tpot2/tpot2/tpot_estimator/estimator_utils.py", line 55, in objective_function_generator
    cv_obj_scores = cross_val_score_objective(sklearn.base.clone(pipeline),x,y,scorers=scorers, cv=cv , fold=step)
  File "/common/ketrong/tpotexp/tpot2/tpot2/tpot_estimator/cross_val_utils.py", line 28, in cross_val_score_objective
    this_fold_pipeline.fit(X_train,y_train)
  File "/common/ketrong/tpotexp/env/lib/python3.10/site-packages/sklearn/base.py", line 1473, in wrapper
    return fit_method(estimator, *args, **kwargs)
  File "/common/ketrong/tpotexp/env/lib/python3.10/site-packages/sklearn/pipeline.py", line 473, in fit
    self._final_estimator.fit(Xt, y, **last_step_params["fit"])
  File "/common/ketrong/tpotexp/env/lib/python3.10/site-packages/sklearn/base.py", line 1466, in wrapper
    estimator._validate_params()
  File "/common/ketrong/tpotexp/env/lib/python3.10/site-packages/sklearn/base.py", line 666, in _validate_params
    validate_parameter_constraints(
  File "/common/ketrong/tpotexp/env/lib/python3.10/site-packages/sklearn/utils/_param_validation.py", line 95, in validate_parameter_constraints
    raise InvalidParameterError(
sklearn.utils._param_validation.InvalidParameterError: The 'criterion' parameter of RandomForestRegressor must be a str among {'friedman_mse', 'poisson', 'absolute_error', 'squared_error'}. Got 'mse' instead.

WARNING AN INDIVIDUAL TIMED OUT: 
 <tpot2.search_spaces.pipelines.sequential.SequentialPipelineIndividual object at 0x15546d1fbc40> 

WARNING AN INDIVIDUAL TIMED OUT: 
 <tpot2.search_spaces.pipelines.sequential.SequentialPipelineIndividual object at 0x15546cb9f190> 

Generation:  14
Best root_mean_squared_error score: -0.12817545011174647
Generation:  56%|    | 14/25 [1:38:13<1:29:47, 489.78s/it]Generation:  15
Best root_mean_squared_error score: -0.12817545011174647
Generation:  60%|    | 15/25 [1:40:34<1:04:07, 384.72s/it]WARNING THIS INDIVIDUAL CAUSED AND EXCEPTION 
 <tpot2.search_spaces.pipelines.sequential.SequentialPipelineIndividual object at 0x15546d1e9b70> 
 The 'criterion' parameter of ExtraTreesRegressor must be a str among {'friedman_mse', 'poisson', 'absolute_error', 'squared_error'}. Got 'mae' instead. 
 Traceback (most recent call last):
  File "/common/ketrong/tpotexp/tpot2/tpot2/utils/eval_utils.py", line 53, in objective_nan_wrapper
    value = func_timeout.func_timeout(timeout, objective_function, args=[individual], kwargs=objective_kwargs)
  File "/common/ketrong/tpotexp/env/lib/python3.10/site-packages/func_timeout/dafunc.py", line 108, in func_timeout
    raise_exception(exception)
  File "/common/ketrong/tpotexp/env/lib/python3.10/site-packages/func_timeout/py3_raise.py", line 7, in raise_exception
    raise exception[0] from None
  File "/common/ketrong/tpotexp/tpot2/tpot2/tpot_estimator/estimator.py", line 623, in objective_function
    return objective_function_generator(
  File "/common/ketrong/tpotexp/tpot2/tpot2/tpot_estimator/estimator_utils.py", line 55, in objective_function_generator
    cv_obj_scores = cross_val_score_objective(sklearn.base.clone(pipeline),x,y,scorers=scorers, cv=cv , fold=step)
  File "/common/ketrong/tpotexp/tpot2/tpot2/tpot_estimator/cross_val_utils.py", line 28, in cross_val_score_objective
    this_fold_pipeline.fit(X_train,y_train)
  File "/common/ketrong/tpotexp/env/lib/python3.10/site-packages/sklearn/base.py", line 1473, in wrapper
    return fit_method(estimator, *args, **kwargs)
  File "/common/ketrong/tpotexp/env/lib/python3.10/site-packages/sklearn/pipeline.py", line 473, in fit
    self._final_estimator.fit(Xt, y, **last_step_params["fit"])
  File "/common/ketrong/tpotexp/env/lib/python3.10/site-packages/sklearn/base.py", line 1466, in wrapper
    estimator._validate_params()
  File "/common/ketrong/tpotexp/env/lib/python3.10/site-packages/sklearn/base.py", line 666, in _validate_params
    validate_parameter_constraints(
  File "/common/ketrong/tpotexp/env/lib/python3.10/site-packages/sklearn/utils/_param_validation.py", line 95, in validate_parameter_constraints
    raise InvalidParameterError(
sklearn.utils._param_validation.InvalidParameterError: The 'criterion' parameter of ExtraTreesRegressor must be a str among {'friedman_mse', 'poisson', 'absolute_error', 'squared_error'}. Got 'mae' instead.

WARNING THIS INDIVIDUAL CAUSED AND EXCEPTION 
 <tpot2.search_spaces.pipelines.sequential.SequentialPipelineIndividual object at 0x15546cf2bc10> 
 The 'criterion' parameter of RandomForestRegressor must be a str among {'friedman_mse', 'poisson', 'absolute_error', 'squared_error'}. Got 'mae' instead. 
 Traceback (most recent call last):
  File "/common/ketrong/tpotexp/tpot2/tpot2/utils/eval_utils.py", line 53, in objective_nan_wrapper
    value = func_timeout.func_timeout(timeout, objective_function, args=[individual], kwargs=objective_kwargs)
  File "/common/ketrong/tpotexp/env/lib/python3.10/site-packages/func_timeout/dafunc.py", line 108, in func_timeout
    raise_exception(exception)
  File "/common/ketrong/tpotexp/env/lib/python3.10/site-packages/func_timeout/py3_raise.py", line 7, in raise_exception
    raise exception[0] from None
  File "/common/ketrong/tpotexp/tpot2/tpot2/tpot_estimator/estimator.py", line 623, in objective_function
    return objective_function_generator(
  File "/common/ketrong/tpotexp/tpot2/tpot2/tpot_estimator/estimator_utils.py", line 55, in objective_function_generator
    cv_obj_scores = cross_val_score_objective(sklearn.base.clone(pipeline),x,y,scorers=scorers, cv=cv , fold=step)
  File "/common/ketrong/tpotexp/tpot2/tpot2/tpot_estimator/cross_val_utils.py", line 28, in cross_val_score_objective
    this_fold_pipeline.fit(X_train,y_train)
  File "/common/ketrong/tpotexp/env/lib/python3.10/site-packages/sklearn/base.py", line 1473, in wrapper
    return fit_method(estimator, *args, **kwargs)
  File "/common/ketrong/tpotexp/env/lib/python3.10/site-packages/sklearn/pipeline.py", line 473, in fit
    self._final_estimator.fit(Xt, y, **last_step_params["fit"])
  File "/common/ketrong/tpotexp/env/lib/python3.10/site-packages/sklearn/base.py", line 1466, in wrapper
    estimator._validate_params()
  File "/common/ketrong/tpotexp/env/lib/python3.10/site-packages/sklearn/base.py", line 666, in _validate_params
    validate_parameter_constraints(
  File "/common/ketrong/tpotexp/env/lib/python3.10/site-packages/sklearn/utils/_param_validation.py", line 95, in validate_parameter_constraints
    raise InvalidParameterError(
sklearn.utils._param_validation.InvalidParameterError: The 'criterion' parameter of RandomForestRegressor must be a str among {'friedman_mse', 'poisson', 'absolute_error', 'squared_error'}. Got 'mae' instead.

WARNING AN INDIVIDUAL TIMED OUT: 
 <tpot2.search_spaces.pipelines.sequential.SequentialPipelineIndividual object at 0x15546d7748b0> 

Generation:  16
Best root_mean_squared_error score: -0.12817545011174647
Generation:  64%|   | 16/25 [1:50:39<1:07:39, 451.07s/it]WARNING THIS INDIVIDUAL CAUSED AND EXCEPTION 
 <tpot2.search_spaces.pipelines.sequential.SequentialPipelineIndividual object at 0x155458fad1e0> 
 The 'criterion' parameter of DecisionTreeRegressor must be a str among {'friedman_mse', 'poisson', 'absolute_error', 'squared_error'}. Got 'mae' instead. 
 Traceback (most recent call last):
  File "/common/ketrong/tpotexp/tpot2/tpot2/utils/eval_utils.py", line 53, in objective_nan_wrapper
    value = func_timeout.func_timeout(timeout, objective_function, args=[individual], kwargs=objective_kwargs)
  File "/common/ketrong/tpotexp/env/lib/python3.10/site-packages/func_timeout/dafunc.py", line 108, in func_timeout
    raise_exception(exception)
  File "/common/ketrong/tpotexp/env/lib/python3.10/site-packages/func_timeout/py3_raise.py", line 7, in raise_exception
    raise exception[0] from None
  File "/common/ketrong/tpotexp/tpot2/tpot2/tpot_estimator/estimator.py", line 623, in objective_function
    return objective_function_generator(
  File "/common/ketrong/tpotexp/tpot2/tpot2/tpot_estimator/estimator_utils.py", line 55, in objective_function_generator
    cv_obj_scores = cross_val_score_objective(sklearn.base.clone(pipeline),x,y,scorers=scorers, cv=cv , fold=step)
  File "/common/ketrong/tpotexp/tpot2/tpot2/tpot_estimator/cross_val_utils.py", line 28, in cross_val_score_objective
    this_fold_pipeline.fit(X_train,y_train)
  File "/common/ketrong/tpotexp/env/lib/python3.10/site-packages/sklearn/base.py", line 1473, in wrapper
    return fit_method(estimator, *args, **kwargs)
  File "/common/ketrong/tpotexp/env/lib/python3.10/site-packages/sklearn/pipeline.py", line 473, in fit
    self._final_estimator.fit(Xt, y, **last_step_params["fit"])
  File "/common/ketrong/tpotexp/env/lib/python3.10/site-packages/sklearn/base.py", line 1466, in wrapper
    estimator._validate_params()
  File "/common/ketrong/tpotexp/env/lib/python3.10/site-packages/sklearn/base.py", line 666, in _validate_params
    validate_parameter_constraints(
  File "/common/ketrong/tpotexp/env/lib/python3.10/site-packages/sklearn/utils/_param_validation.py", line 95, in validate_parameter_constraints
    raise InvalidParameterError(
sklearn.utils._param_validation.InvalidParameterError: The 'criterion' parameter of DecisionTreeRegressor must be a str among {'friedman_mse', 'poisson', 'absolute_error', 'squared_error'}. Got 'mae' instead.

Generation:  17
Best root_mean_squared_error score: -0.12817545011174647
Generation:  68%|   | 17/25 [1:55:29<53:40, 402.61s/it]  WARNING THIS INDIVIDUAL CAUSED AND EXCEPTION 
 <tpot2.search_spaces.pipelines.sequential.SequentialPipelineIndividual object at 0x15546c66d0c0> 
 The 'criterion' parameter of ExtraTreesRegressor must be a str among {'friedman_mse', 'poisson', 'absolute_error', 'squared_error'}. Got 'mae' instead. 
 Traceback (most recent call last):
  File "/common/ketrong/tpotexp/tpot2/tpot2/utils/eval_utils.py", line 53, in objective_nan_wrapper
    value = func_timeout.func_timeout(timeout, objective_function, args=[individual], kwargs=objective_kwargs)
  File "/common/ketrong/tpotexp/env/lib/python3.10/site-packages/func_timeout/dafunc.py", line 108, in func_timeout
    raise_exception(exception)
  File "/common/ketrong/tpotexp/env/lib/python3.10/site-packages/func_timeout/py3_raise.py", line 7, in raise_exception
    raise exception[0] from None
  File "/common/ketrong/tpotexp/tpot2/tpot2/tpot_estimator/estimator.py", line 623, in objective_function
    return objective_function_generator(
  File "/common/ketrong/tpotexp/tpot2/tpot2/tpot_estimator/estimator_utils.py", line 55, in objective_function_generator
    cv_obj_scores = cross_val_score_objective(sklearn.base.clone(pipeline),x,y,scorers=scorers, cv=cv , fold=step)
  File "/common/ketrong/tpotexp/tpot2/tpot2/tpot_estimator/cross_val_utils.py", line 28, in cross_val_score_objective
    this_fold_pipeline.fit(X_train,y_train)
  File "/common/ketrong/tpotexp/env/lib/python3.10/site-packages/sklearn/base.py", line 1473, in wrapper
    return fit_method(estimator, *args, **kwargs)
  File "/common/ketrong/tpotexp/env/lib/python3.10/site-packages/sklearn/pipeline.py", line 473, in fit
    self._final_estimator.fit(Xt, y, **last_step_params["fit"])
  File "/common/ketrong/tpotexp/env/lib/python3.10/site-packages/sklearn/base.py", line 1466, in wrapper
    estimator._validate_params()
  File "/common/ketrong/tpotexp/env/lib/python3.10/site-packages/sklearn/base.py", line 666, in _validate_params
    validate_parameter_constraints(
  File "/common/ketrong/tpotexp/env/lib/python3.10/site-packages/sklearn/utils/_param_validation.py", line 95, in validate_parameter_constraints
    raise InvalidParameterError(
sklearn.utils._param_validation.InvalidParameterError: The 'criterion' parameter of ExtraTreesRegressor must be a str among {'friedman_mse', 'poisson', 'absolute_error', 'squared_error'}. Got 'mae' instead.

WARNING AN INDIVIDUAL TIMED OUT: 
 <tpot2.search_spaces.pipelines.sequential.SequentialPipelineIndividual object at 0x15546da4c040> 

Generation:  18
Best root_mean_squared_error score: -0.12817545011174647
Generation:  72%|  | 18/25 [2:05:34<54:04, 463.49s/it]WARNING AN INDIVIDUAL TIMED OUT: 
 <tpot2.search_spaces.pipelines.sequential.SequentialPipelineIndividual object at 0x1554588628c0> 

Generation:  19
Best root_mean_squared_error score: -0.1275914503139098
Generation:  76%|  | 19/25 [2:15:38<50:32, 505.48s/it]WARNING THIS INDIVIDUAL CAUSED AND EXCEPTION 
 <tpot2.search_spaces.pipelines.sequential.SequentialPipelineIndividual object at 0x1553bf2c8670> 
 Input X contains NaN.
MLPRegressor does not accept missing values encoded as NaN natively. For supervised learning, you might want to consider sklearn.ensemble.HistGradientBoostingClassifier and Regressor which accept missing values encoded as NaNs natively. Alternatively, it is possible to preprocess the data, for instance by using an imputer transformer in a pipeline or drop samples with missing values. See https://scikit-learn.org/stable/modules/impute.html You can find a list of all estimators that handle NaN values at the following page: https://scikit-learn.org/stable/modules/impute.html#estimators-that-handle-nan-values 
 Traceback (most recent call last):
  File "/common/ketrong/tpotexp/tpot2/tpot2/utils/eval_utils.py", line 53, in objective_nan_wrapper
    value = func_timeout.func_timeout(timeout, objective_function, args=[individual], kwargs=objective_kwargs)
  File "/common/ketrong/tpotexp/env/lib/python3.10/site-packages/func_timeout/dafunc.py", line 108, in func_timeout
    raise_exception(exception)
  File "/common/ketrong/tpotexp/env/lib/python3.10/site-packages/func_timeout/py3_raise.py", line 7, in raise_exception
    raise exception[0] from None
  File "/common/ketrong/tpotexp/tpot2/tpot2/tpot_estimator/estimator.py", line 623, in objective_function
    return objective_function_generator(
  File "/common/ketrong/tpotexp/tpot2/tpot2/tpot_estimator/estimator_utils.py", line 55, in objective_function_generator
    cv_obj_scores = cross_val_score_objective(sklearn.base.clone(pipeline),x,y,scorers=scorers, cv=cv , fold=step)
  File "/common/ketrong/tpotexp/tpot2/tpot2/tpot_estimator/cross_val_utils.py", line 28, in cross_val_score_objective
    this_fold_pipeline.fit(X_train,y_train)
  File "/common/ketrong/tpotexp/env/lib/python3.10/site-packages/sklearn/base.py", line 1473, in wrapper
    return fit_method(estimator, *args, **kwargs)
  File "/common/ketrong/tpotexp/env/lib/python3.10/site-packages/sklearn/pipeline.py", line 473, in fit
    self._final_estimator.fit(Xt, y, **last_step_params["fit"])
  File "/common/ketrong/tpotexp/env/lib/python3.10/site-packages/sklearn/base.py", line 1473, in wrapper
    return fit_method(estimator, *args, **kwargs)
  File "/common/ketrong/tpotexp/env/lib/python3.10/site-packages/sklearn/neural_network/_multilayer_perceptron.py", line 751, in fit
    return self._fit(X, y, incremental=False)
  File "/common/ketrong/tpotexp/env/lib/python3.10/site-packages/sklearn/neural_network/_multilayer_perceptron.py", line 441, in _fit
    X, y = self._validate_input(X, y, incremental, reset=first_pass)
  File "/common/ketrong/tpotexp/env/lib/python3.10/site-packages/sklearn/neural_network/_multilayer_perceptron.py", line 1621, in _validate_input
    X, y = self._validate_data(
  File "/common/ketrong/tpotexp/env/lib/python3.10/site-packages/sklearn/base.py", line 650, in _validate_data
    X, y = check_X_y(X, y, **check_params)
  File "/common/ketrong/tpotexp/env/lib/python3.10/site-packages/sklearn/utils/validation.py", line 1301, in check_X_y
    X = check_array(
  File "/common/ketrong/tpotexp/env/lib/python3.10/site-packages/sklearn/utils/validation.py", line 1064, in check_array
    _assert_all_finite(
  File "/common/ketrong/tpotexp/env/lib/python3.10/site-packages/sklearn/utils/validation.py", line 123, in _assert_all_finite
    _assert_all_finite_element_wise(
  File "/common/ketrong/tpotexp/env/lib/python3.10/site-packages/sklearn/utils/validation.py", line 172, in _assert_all_finite_element_wise
    raise ValueError(msg_err)
ValueError: Input X contains NaN.
MLPRegressor does not accept missing values encoded as NaN natively. For supervised learning, you might want to consider sklearn.ensemble.HistGradientBoostingClassifier and Regressor which accept missing values encoded as NaNs natively. Alternatively, it is possible to preprocess the data, for instance by using an imputer transformer in a pipeline or drop samples with missing values. See https://scikit-learn.org/stable/modules/impute.html You can find a list of all estimators that handle NaN values at the following page: https://scikit-learn.org/stable/modules/impute.html#estimators-that-handle-nan-values

WARNING AN INDIVIDUAL TIMED OUT: 
 <tpot2.search_spaces.pipelines.sequential.SequentialPipelineIndividual object at 0x15546cf88220> 

Generation:  20
Best root_mean_squared_error score: -0.1275914503139098
Generation:  80%|  | 20/25 [2:25:42<44:35, 535.08s/it]WARNING THIS INDIVIDUAL CAUSED AND EXCEPTION 
 <tpot2.search_spaces.pipelines.sequential.SequentialPipelineIndividual object at 0x15546c29d030> 
 The 'criterion' parameter of ExtraTreesRegressor must be a str among {'friedman_mse', 'poisson', 'absolute_error', 'squared_error'}. Got 'mae' instead. 
 Traceback (most recent call last):
  File "/common/ketrong/tpotexp/tpot2/tpot2/utils/eval_utils.py", line 53, in objective_nan_wrapper
    value = func_timeout.func_timeout(timeout, objective_function, args=[individual], kwargs=objective_kwargs)
  File "/common/ketrong/tpotexp/env/lib/python3.10/site-packages/func_timeout/dafunc.py", line 108, in func_timeout
    raise_exception(exception)
  File "/common/ketrong/tpotexp/env/lib/python3.10/site-packages/func_timeout/py3_raise.py", line 7, in raise_exception
    raise exception[0] from None
  File "/common/ketrong/tpotexp/tpot2/tpot2/tpot_estimator/estimator.py", line 623, in objective_function
    return objective_function_generator(
  File "/common/ketrong/tpotexp/tpot2/tpot2/tpot_estimator/estimator_utils.py", line 55, in objective_function_generator
    cv_obj_scores = cross_val_score_objective(sklearn.base.clone(pipeline),x,y,scorers=scorers, cv=cv , fold=step)
  File "/common/ketrong/tpotexp/tpot2/tpot2/tpot_estimator/cross_val_utils.py", line 28, in cross_val_score_objective
    this_fold_pipeline.fit(X_train,y_train)
  File "/common/ketrong/tpotexp/env/lib/python3.10/site-packages/sklearn/base.py", line 1473, in wrapper
    return fit_method(estimator, *args, **kwargs)
  File "/common/ketrong/tpotexp/env/lib/python3.10/site-packages/sklearn/pipeline.py", line 473, in fit
    self._final_estimator.fit(Xt, y, **last_step_params["fit"])
  File "/common/ketrong/tpotexp/env/lib/python3.10/site-packages/sklearn/base.py", line 1466, in wrapper
    estimator._validate_params()
  File "/common/ketrong/tpotexp/env/lib/python3.10/site-packages/sklearn/base.py", line 666, in _validate_params
    validate_parameter_constraints(
  File "/common/ketrong/tpotexp/env/lib/python3.10/site-packages/sklearn/utils/_param_validation.py", line 95, in validate_parameter_constraints
    raise InvalidParameterError(
sklearn.utils._param_validation.InvalidParameterError: The 'criterion' parameter of ExtraTreesRegressor must be a str among {'friedman_mse', 'poisson', 'absolute_error', 'squared_error'}. Got 'mae' instead.

Generation:  21
Best root_mean_squared_error score: -0.1275914503139098
Generation:  84%| | 21/25 [2:31:04<31:25, 471.35s/it]WARNING THIS INDIVIDUAL CAUSED AND EXCEPTION 
 <tpot2.search_spaces.pipelines.sequential.SequentialPipelineIndividual object at 0x1553bf28d690> 
 The 'criterion' parameter of DecisionTreeRegressor must be a str among {'friedman_mse', 'poisson', 'absolute_error', 'squared_error'}. Got 'mae' instead. 
 Traceback (most recent call last):
  File "/common/ketrong/tpotexp/tpot2/tpot2/utils/eval_utils.py", line 53, in objective_nan_wrapper
    value = func_timeout.func_timeout(timeout, objective_function, args=[individual], kwargs=objective_kwargs)
  File "/common/ketrong/tpotexp/env/lib/python3.10/site-packages/func_timeout/dafunc.py", line 108, in func_timeout
    raise_exception(exception)
  File "/common/ketrong/tpotexp/env/lib/python3.10/site-packages/func_timeout/py3_raise.py", line 7, in raise_exception
    raise exception[0] from None
  File "/common/ketrong/tpotexp/tpot2/tpot2/tpot_estimator/estimator.py", line 623, in objective_function
    return objective_function_generator(
  File "/common/ketrong/tpotexp/tpot2/tpot2/tpot_estimator/estimator_utils.py", line 55, in objective_function_generator
    cv_obj_scores = cross_val_score_objective(sklearn.base.clone(pipeline),x,y,scorers=scorers, cv=cv , fold=step)
  File "/common/ketrong/tpotexp/tpot2/tpot2/tpot_estimator/cross_val_utils.py", line 28, in cross_val_score_objective
    this_fold_pipeline.fit(X_train,y_train)
  File "/common/ketrong/tpotexp/env/lib/python3.10/site-packages/sklearn/base.py", line 1473, in wrapper
    return fit_method(estimator, *args, **kwargs)
  File "/common/ketrong/tpotexp/env/lib/python3.10/site-packages/sklearn/pipeline.py", line 473, in fit
    self._final_estimator.fit(Xt, y, **last_step_params["fit"])
  File "/common/ketrong/tpotexp/env/lib/python3.10/site-packages/sklearn/base.py", line 1466, in wrapper
    estimator._validate_params()
  File "/common/ketrong/tpotexp/env/lib/python3.10/site-packages/sklearn/base.py", line 666, in _validate_params
    validate_parameter_constraints(
  File "/common/ketrong/tpotexp/env/lib/python3.10/site-packages/sklearn/utils/_param_validation.py", line 95, in validate_parameter_constraints
    raise InvalidParameterError(
sklearn.utils._param_validation.InvalidParameterError: The 'criterion' parameter of DecisionTreeRegressor must be a str among {'friedman_mse', 'poisson', 'absolute_error', 'squared_error'}. Got 'mae' instead.

WARNING AN INDIVIDUAL TIMED OUT: 
 <tpot2.search_spaces.pipelines.sequential.SequentialPipelineIndividual object at 0x15546ce4d6c0> 

Generation:  22
Best root_mean_squared_error score: -0.1275914503139098
Generation:  88%| | 22/25 [2:41:09<25:34, 511.46s/it]WARNING THIS INDIVIDUAL CAUSED AND EXCEPTION 
 <tpot2.search_spaces.pipelines.sequential.SequentialPipelineIndividual object at 0x1554588ca1a0> 
 The 'criterion' parameter of DecisionTreeRegressor must be a str among {'friedman_mse', 'poisson', 'absolute_error', 'squared_error'}. Got 'mae' instead. 
 Traceback (most recent call last):
  File "/common/ketrong/tpotexp/tpot2/tpot2/utils/eval_utils.py", line 53, in objective_nan_wrapper
    value = func_timeout.func_timeout(timeout, objective_function, args=[individual], kwargs=objective_kwargs)
  File "/common/ketrong/tpotexp/env/lib/python3.10/site-packages/func_timeout/dafunc.py", line 108, in func_timeout
    raise_exception(exception)
  File "/common/ketrong/tpotexp/env/lib/python3.10/site-packages/func_timeout/py3_raise.py", line 7, in raise_exception
    raise exception[0] from None
  File "/common/ketrong/tpotexp/tpot2/tpot2/tpot_estimator/estimator.py", line 623, in objective_function
    return objective_function_generator(
  File "/common/ketrong/tpotexp/tpot2/tpot2/tpot_estimator/estimator_utils.py", line 55, in objective_function_generator
    cv_obj_scores = cross_val_score_objective(sklearn.base.clone(pipeline),x,y,scorers=scorers, cv=cv , fold=step)
  File "/common/ketrong/tpotexp/tpot2/tpot2/tpot_estimator/cross_val_utils.py", line 28, in cross_val_score_objective
    this_fold_pipeline.fit(X_train,y_train)
  File "/common/ketrong/tpotexp/env/lib/python3.10/site-packages/sklearn/base.py", line 1473, in wrapper
    return fit_method(estimator, *args, **kwargs)
  File "/common/ketrong/tpotexp/env/lib/python3.10/site-packages/sklearn/pipeline.py", line 473, in fit
    self._final_estimator.fit(Xt, y, **last_step_params["fit"])
  File "/common/ketrong/tpotexp/env/lib/python3.10/site-packages/sklearn/base.py", line 1466, in wrapper
    estimator._validate_params()
  File "/common/ketrong/tpotexp/env/lib/python3.10/site-packages/sklearn/base.py", line 666, in _validate_params
    validate_parameter_constraints(
  File "/common/ketrong/tpotexp/env/lib/python3.10/site-packages/sklearn/utils/_param_validation.py", line 95, in validate_parameter_constraints
    raise InvalidParameterError(
sklearn.utils._param_validation.InvalidParameterError: The 'criterion' parameter of DecisionTreeRegressor must be a str among {'friedman_mse', 'poisson', 'absolute_error', 'squared_error'}. Got 'mae' instead.

WARNING THIS INDIVIDUAL CAUSED AND EXCEPTION 
 <tpot2.search_spaces.pipelines.sequential.SequentialPipelineIndividual object at 0x15546d6cb7c0> 
 The 'criterion' parameter of RandomForestRegressor must be a str among {'friedman_mse', 'poisson', 'absolute_error', 'squared_error'}. Got 'mse' instead. 
 Traceback (most recent call last):
  File "/common/ketrong/tpotexp/tpot2/tpot2/utils/eval_utils.py", line 53, in objective_nan_wrapper
    value = func_timeout.func_timeout(timeout, objective_function, args=[individual], kwargs=objective_kwargs)
  File "/common/ketrong/tpotexp/env/lib/python3.10/site-packages/func_timeout/dafunc.py", line 108, in func_timeout
    raise_exception(exception)
  File "/common/ketrong/tpotexp/env/lib/python3.10/site-packages/func_timeout/py3_raise.py", line 7, in raise_exception
    raise exception[0] from None
  File "/common/ketrong/tpotexp/tpot2/tpot2/tpot_estimator/estimator.py", line 623, in objective_function
    return objective_function_generator(
  File "/common/ketrong/tpotexp/tpot2/tpot2/tpot_estimator/estimator_utils.py", line 55, in objective_function_generator
    cv_obj_scores = cross_val_score_objective(sklearn.base.clone(pipeline),x,y,scorers=scorers, cv=cv , fold=step)
  File "/common/ketrong/tpotexp/tpot2/tpot2/tpot_estimator/cross_val_utils.py", line 28, in cross_val_score_objective
    this_fold_pipeline.fit(X_train,y_train)
  File "/common/ketrong/tpotexp/env/lib/python3.10/site-packages/sklearn/base.py", line 1473, in wrapper
    return fit_method(estimator, *args, **kwargs)
  File "/common/ketrong/tpotexp/env/lib/python3.10/site-packages/sklearn/pipeline.py", line 473, in fit
    self._final_estimator.fit(Xt, y, **last_step_params["fit"])
  File "/common/ketrong/tpotexp/env/lib/python3.10/site-packages/sklearn/base.py", line 1466, in wrapper
    estimator._validate_params()
  File "/common/ketrong/tpotexp/env/lib/python3.10/site-packages/sklearn/base.py", line 666, in _validate_params
    validate_parameter_constraints(
  File "/common/ketrong/tpotexp/env/lib/python3.10/site-packages/sklearn/utils/_param_validation.py", line 95, in validate_parameter_constraints
    raise InvalidParameterError(
sklearn.utils._param_validation.InvalidParameterError: The 'criterion' parameter of RandomForestRegressor must be a str among {'friedman_mse', 'poisson', 'absolute_error', 'squared_error'}. Got 'mse' instead.

Generation:  23
Best root_mean_squared_error score: -0.1275914503139098
Generation:  92%|| 23/25 [2:45:45<14:41, 440.73s/it]WARNING AN INDIVIDUAL TIMED OUT: 
 <tpot2.search_spaces.pipelines.sequential.SequentialPipelineIndividual object at 0x155458d0dc30> 

WARNING AN INDIVIDUAL TIMED OUT: 
 <tpot2.search_spaces.pipelines.sequential.SequentialPipelineIndividual object at 0x15546d4f0e80> 

Generation:  24
Best root_mean_squared_error score: -0.1275914503139098
Generation:  96%|| 24/25 [2:55:49<08:09, 489.67s/it]WARNING THIS INDIVIDUAL CAUSED AND EXCEPTION 
 <tpot2.search_spaces.pipelines.sequential.SequentialPipelineIndividual object at 0x1553ad4e2f80> 
 Input X contains NaN.
MLPRegressor does not accept missing values encoded as NaN natively. For supervised learning, you might want to consider sklearn.ensemble.HistGradientBoostingClassifier and Regressor which accept missing values encoded as NaNs natively. Alternatively, it is possible to preprocess the data, for instance by using an imputer transformer in a pipeline or drop samples with missing values. See https://scikit-learn.org/stable/modules/impute.html You can find a list of all estimators that handle NaN values at the following page: https://scikit-learn.org/stable/modules/impute.html#estimators-that-handle-nan-values 
 Traceback (most recent call last):
  File "/common/ketrong/tpotexp/tpot2/tpot2/utils/eval_utils.py", line 53, in objective_nan_wrapper
    value = func_timeout.func_timeout(timeout, objective_function, args=[individual], kwargs=objective_kwargs)
  File "/common/ketrong/tpotexp/env/lib/python3.10/site-packages/func_timeout/dafunc.py", line 108, in func_timeout
    raise_exception(exception)
  File "/common/ketrong/tpotexp/env/lib/python3.10/site-packages/func_timeout/py3_raise.py", line 7, in raise_exception
    raise exception[0] from None
  File "/common/ketrong/tpotexp/tpot2/tpot2/tpot_estimator/estimator.py", line 623, in objective_function
    return objective_function_generator(
  File "/common/ketrong/tpotexp/tpot2/tpot2/tpot_estimator/estimator_utils.py", line 55, in objective_function_generator
    cv_obj_scores = cross_val_score_objective(sklearn.base.clone(pipeline),x,y,scorers=scorers, cv=cv , fold=step)
  File "/common/ketrong/tpotexp/tpot2/tpot2/tpot_estimator/cross_val_utils.py", line 28, in cross_val_score_objective
    this_fold_pipeline.fit(X_train,y_train)
  File "/common/ketrong/tpotexp/env/lib/python3.10/site-packages/sklearn/base.py", line 1473, in wrapper
    return fit_method(estimator, *args, **kwargs)
  File "/common/ketrong/tpotexp/env/lib/python3.10/site-packages/sklearn/pipeline.py", line 473, in fit
    self._final_estimator.fit(Xt, y, **last_step_params["fit"])
  File "/common/ketrong/tpotexp/env/lib/python3.10/site-packages/sklearn/base.py", line 1473, in wrapper
    return fit_method(estimator, *args, **kwargs)
  File "/common/ketrong/tpotexp/env/lib/python3.10/site-packages/sklearn/neural_network/_multilayer_perceptron.py", line 751, in fit
    return self._fit(X, y, incremental=False)
  File "/common/ketrong/tpotexp/env/lib/python3.10/site-packages/sklearn/neural_network/_multilayer_perceptron.py", line 441, in _fit
    X, y = self._validate_input(X, y, incremental, reset=first_pass)
  File "/common/ketrong/tpotexp/env/lib/python3.10/site-packages/sklearn/neural_network/_multilayer_perceptron.py", line 1621, in _validate_input
    X, y = self._validate_data(
  File "/common/ketrong/tpotexp/env/lib/python3.10/site-packages/sklearn/base.py", line 650, in _validate_data
    X, y = check_X_y(X, y, **check_params)
  File "/common/ketrong/tpotexp/env/lib/python3.10/site-packages/sklearn/utils/validation.py", line 1301, in check_X_y
    X = check_array(
  File "/common/ketrong/tpotexp/env/lib/python3.10/site-packages/sklearn/utils/validation.py", line 1064, in check_array
    _assert_all_finite(
  File "/common/ketrong/tpotexp/env/lib/python3.10/site-packages/sklearn/utils/validation.py", line 123, in _assert_all_finite
    _assert_all_finite_element_wise(
  File "/common/ketrong/tpotexp/env/lib/python3.10/site-packages/sklearn/utils/validation.py", line 172, in _assert_all_finite_element_wise
    raise ValueError(msg_err)
ValueError: Input X contains NaN.
MLPRegressor does not accept missing values encoded as NaN natively. For supervised learning, you might want to consider sklearn.ensemble.HistGradientBoostingClassifier and Regressor which accept missing values encoded as NaNs natively. Alternatively, it is possible to preprocess the data, for instance by using an imputer transformer in a pipeline or drop samples with missing values. See https://scikit-learn.org/stable/modules/impute.html You can find a list of all estimators that handle NaN values at the following page: https://scikit-learn.org/stable/modules/impute.html#estimators-that-handle-nan-values

WARNING AN INDIVIDUAL TIMED OUT: 
 <tpot2.search_spaces.pipelines.sequential.SequentialPipelineIndividual object at 0x15546d229e40> 

WARNING AN INDIVIDUAL TIMED OUT: 
 <tpot2.search_spaces.pipelines.sequential.SequentialPipelineIndividual object at 0x15546d1fa860> 

WARNING AN INDIVIDUAL TIMED OUT: 
 <tpot2.search_spaces.pipelines.sequential.SequentialPipelineIndividual object at 0x155458b8bcd0> 

WARNING AN INDIVIDUAL TIMED OUT: 
 <tpot2.search_spaces.pipelines.sequential.SequentialPipelineIndividual object at 0x15546d25b040> 

Generation:  25
Best root_mean_squared_error score: -0.1275914503139098
Generation: 100%|| 25/25 [3:05:53<00:00, 524.04s/it]Generation: 100%|| 25/25 [3:05:53<00:00, 446.15s/it]
2024-09-20 03:33:54,492 - distributed.scheduler - ERROR - Removing worker 'tcp://127.0.0.1:37147' caused the cluster to lose scattered data, which can't be recovered: {'DataFrame-46420a29a0fd14398063f966567b6d8c', 'DataFrame-199f3c31ceebfff04409bf1345a44d8c'} (stimulus_id='handle-worker-cleanup-1726828434.492262')
Fitted
Pipeline(steps=[('iterativeimputer',
                 IterativeImputer(estimator=BayesianRidge(),
                                  imputation_order='roman',
                                  initial_strategy='constant',
                                  n_nearest_features=95)),
                ('mlpregressor',
                 MLPRegressor(alpha=0.0025375739504, early_stopping=True,
                              hidden_layer_sizes=[473, 473, 473],
                              learning_rate='invscaling',
                              learning_rate_init=0.0002814625561,
                              n_iter_no_change=32))])
transform worked
try transform
transform worked
score start
train score: {'explained_var': 0.8528347431898309, 'r2': 0.8528293218624015, 'rmse': 0.1015408061528874}
test score: {'explained_var': 0.7997192574069165, 'r2': 0.7996463200731506, 'rmse': 0.11599541924484637}
original test score: {'explained_var': 0.8990378278375576, 'r2': 0.8989115745969966, 'rmse': 0.08239348887478018}
score end
189
lvl
0.1
type
MAR
num_run
1
reg_full
finished
all finished
full run takes
9.729110702938504
hours
DONE
