Run: 8
/cm/local/apps/slurm/var/spool/job931355/slurm_script: line 26: 
pip install -e tpot2
pip install -r tpot2/ImputerExperiments/requirements_.txt
: No such file or directory
RunStart
starting loops
../data/r/215/215.pkl
working on 
../data/r/215/reg_full_MAR_0.5_1
1.062723159790039
running experiment 1/3 - Does large hyperparameter space improve reconstruction accuracy over simple
[I 2024-08-26 17:30:39,831] A new study created in memory with name: no-name-d0c6dc07-b3a2-4e26-87be-0794193e9802
running
running
running
running
running
running
running
running
running
running
running
running
running
running
running
running
[I 2024-08-26 17:30:40,953] Trial 14 finished with value: 0.2915543739710471 and parameters: {'model_name': 'SimpleImputer', 'strategy': 'constant'}. Best is trial 14 with value: 0.2915543739710471.
running
[I 2024-08-26 17:30:41,789] Trial 1 finished with value: 0.32263159069601816 and parameters: {'model_name': 'SimpleImputer', 'strategy': 'median'}. Best is trial 14 with value: 0.2915543739710471.
running
[I 2024-08-26 17:31:15,780] Trial 4 finished with value: 0.3316158589504733 and parameters: {'model_name': 'GAIN', 'batch_size': 6, 'hint_rate': 0.7866987635293283, 'alpha': 70, 'iterations': 1, 'learning_rate': 0.0005879488569663244, 'p_miss': 0.2265563242597751}. Best is trial 14 with value: 0.2915543739710471.
running
[I 2024-08-26 17:31:16,337] Trial 12 finished with value: inf and parameters: {'model_name': 'GAIN', 'batch_size': 1, 'hint_rate': 0.6577369026693034, 'alpha': 89, 'iterations': 31, 'learning_rate': 0.002293594819571721, 'p_miss': 0.2801816552526223}. Best is trial 14 with value: 0.2915543739710471.
running
[I 2024-08-26 17:31:16,886] Trial 16 finished with value: 0.3227402476162346 and parameters: {'model_name': 'GAIN', 'batch_size': 14, 'hint_rate': 0.6447314332094839, 'alpha': 9, 'iterations': 1, 'learning_rate': 0.00015825976363673786, 'p_miss': 0.26403904255827576}. Best is trial 14 with value: 0.2915543739710471.
running
[I 2024-08-26 17:31:18,402] Trial 19 finished with value: 0.29155987839794656 and parameters: {'model_name': 'SimpleImputer', 'strategy': 'mean'}. Best is trial 14 with value: 0.2915543739710471.
running
[I 2024-08-26 17:31:23,078] Trial 7 finished with value: 0.3245441026343491 and parameters: {'model_name': 'KNNImputer', 'n_neighbors': 2939, 'weights': 'distance'}. Best is trial 14 with value: 0.2915543739710471.
running
[I 2024-08-26 17:31:25,904] Trial 17 finished with value: 0.29097583265574 and parameters: {'model_name': 'KNNImputer', 'n_neighbors': 7282, 'weights': 'uniform'}. Best is trial 17 with value: 0.29097583265574.
running
[I 2024-08-26 17:31:26,386] Trial 3 finished with value: 0.29127780784711216 and parameters: {'model_name': 'KNNImputer', 'n_neighbors': 10725, 'weights': 'uniform'}. Best is trial 17 with value: 0.29097583265574.
running
[I 2024-08-26 17:31:28,678] Trial 24 finished with value: 0.32263159069601816 and parameters: {'model_name': 'SimpleImputer', 'strategy': 'median'}. Best is trial 17 with value: 0.29097583265574.
running
[I 2024-08-26 17:31:46,265] Trial 6 finished with value: 0.32504815636372325 and parameters: {'model_name': 'KNNImputer', 'n_neighbors': 25312, 'weights': 'distance'}. Best is trial 17 with value: 0.29097583265574.
running
[I 2024-08-26 17:31:50,034] Trial 11 finished with value: 0.29157918562140306 and parameters: {'model_name': 'IterativeImputer', 'estimator': 'Ridge', 'initial_strategy': 'mean', 'n_nearest_features': 5, 'imputation_order': 'ascending'}. Best is trial 17 with value: 0.29097583265574.
running
[I 2024-08-26 17:32:00,508] Trial 5 finished with value: 0.29319712382222496 and parameters: {'model_name': 'GAIN', 'batch_size': 373, 'hint_rate': 0.34836242886233115, 'alpha': 62, 'iterations': 15, 'learning_rate': 0.009722858500000514, 'p_miss': 0.02512079125475042}. Best is trial 17 with value: 0.29097583265574.
running
[I 2024-08-26 17:32:02,405] Trial 18 finished with value: 0.3247493305200439 and parameters: {'model_name': 'KNNImputer', 'n_neighbors': 5025, 'weights': 'distance'}. Best is trial 17 with value: 0.29097583265574.
running
[I 2024-08-26 17:32:25,291] Trial 21 finished with value: 0.3250327744099105 and parameters: {'model_name': 'KNNImputer', 'n_neighbors': 29999, 'weights': 'distance'}. Best is trial 17 with value: 0.29097583265574.
running
[I 2024-08-26 17:32:27,111] Trial 26 finished with value: 0.2911030140770955 and parameters: {'model_name': 'KNNImputer', 'n_neighbors': 8624, 'weights': 'uniform'}. Best is trial 17 with value: 0.29097583265574.
running
[I 2024-08-26 17:32:32,244] Trial 27 finished with value: 0.2910019178948757 and parameters: {'model_name': 'KNNImputer', 'n_neighbors': 7481, 'weights': 'uniform'}. Best is trial 17 with value: 0.29097583265574.
running
[I 2024-08-26 17:32:44,243] Trial 28 finished with value: 0.29102893716237155 and parameters: {'model_name': 'KNNImputer', 'n_neighbors': 7806, 'weights': 'uniform'}. Best is trial 17 with value: 0.29097583265574.
running
[I 2024-08-26 17:32:47,211] Trial 8 finished with value: 0.2915659829764957 and parameters: {'model_name': 'IterativeImputer', 'estimator': 'Bayesian', 'initial_strategy': 'constant', 'n_nearest_features': 8, 'imputation_order': 'descending', 'sample_posterior': False}. Best is trial 17 with value: 0.29097583265574.
running
[I 2024-08-26 17:32:48,027] Trial 29 finished with value: 0.2913763578751426 and parameters: {'model_name': 'KNNImputer', 'n_neighbors': 11942, 'weights': 'uniform'}. Best is trial 17 with value: 0.29097583265574.
running
[I 2024-08-26 17:33:10,978] Trial 22 finished with value: inf and parameters: {'model_name': 'GAIN', 'batch_size': 1, 'hint_rate': 0.05251335402159563, 'alpha': 47, 'iterations': 493, 'learning_rate': 0.0017083480564302996, 'p_miss': 0.024647742404372338}. Best is trial 17 with value: 0.29097583265574.
running
[I 2024-08-26 17:33:14,584] Trial 30 finished with value: 0.2915216953283534 and parameters: {'model_name': 'KNNImputer', 'n_neighbors': 14232, 'weights': 'uniform'}. Best is trial 17 with value: 0.29097583265574.
running
[I 2024-08-26 17:33:39,325] Trial 34 finished with value: 0.2916547059149696 and parameters: {'model_name': 'KNNImputer', 'n_neighbors': 16906, 'weights': 'uniform'}. Best is trial 17 with value: 0.29097583265574.
running
[I 2024-08-26 17:33:53,879] Trial 37 finished with value: 0.2857986093009952 and parameters: {'model_name': 'KNNImputer', 'n_neighbors': 520, 'weights': 'uniform'}. Best is trial 37 with value: 0.2857986093009952.
running
[I 2024-08-26 17:34:02,820] Trial 36 finished with value: 0.2916698836194402 and parameters: {'model_name': 'KNNImputer', 'n_neighbors': 17271, 'weights': 'uniform'}. Best is trial 37 with value: 0.2857986093009952.
running
[I 2024-08-26 17:34:06,938] Trial 31 finished with value: 0.2915657138993597 and parameters: {'model_name': 'IterativeImputer', 'estimator': 'Bayesian', 'initial_strategy': 'constant', 'n_nearest_features': 10, 'imputation_order': 'random', 'sample_posterior': False}. Best is trial 37 with value: 0.2857986093009952.
running
[I 2024-08-26 17:34:10,780] Trial 32 finished with value: 0.2915657138018809 and parameters: {'model_name': 'IterativeImputer', 'estimator': 'Bayesian', 'initial_strategy': 'constant', 'n_nearest_features': 10, 'imputation_order': 'descending', 'sample_posterior': False}. Best is trial 37 with value: 0.2857986093009952.
running
[I 2024-08-26 17:34:17,124] Trial 38 finished with value: 0.28549405584191156 and parameters: {'model_name': 'KNNImputer', 'n_neighbors': 386, 'weights': 'uniform'}. Best is trial 38 with value: 0.28549405584191156.
running
[I 2024-08-26 17:34:36,228] Trial 9 finished with value: 0.29156034766258215 and parameters: {'model_name': 'IterativeImputer', 'estimator': 'Bayesian', 'initial_strategy': 'median', 'n_nearest_features': 1, 'imputation_order': 'ascending', 'sample_posterior': False}. Best is trial 38 with value: 0.28549405584191156.
running
[I 2024-08-26 17:34:37,763] Trial 41 finished with value: 0.29431803856492456 and parameters: {'model_name': 'KNNImputer', 'n_neighbors': 12, 'weights': 'uniform'}. Best is trial 38 with value: 0.28549405584191156.
running
[I 2024-08-26 17:34:46,249] Trial 42 finished with value: 0.2888181922861262 and parameters: {'model_name': 'KNNImputer', 'n_neighbors': 2228, 'weights': 'uniform'}. Best is trial 38 with value: 0.28549405584191156.
running
[I 2024-08-26 17:34:46,648] Trial 43 finished with value: 0.30943655541092574 and parameters: {'model_name': 'KNNImputer', 'n_neighbors': 5, 'weights': 'uniform'}. Best is trial 38 with value: 0.28549405584191156.
running
[I 2024-08-26 17:34:56,499] Trial 20 finished with value: 0.3132075307911838 and parameters: {'model_name': 'IterativeImputer', 'estimator': 'KNN', 'initial_strategy': 'most_frequent', 'n_nearest_features': 5, 'imputation_order': 'roman'}. Best is trial 38 with value: 0.28549405584191156.
running
[I 2024-08-26 17:35:04,185] Trial 45 finished with value: 0.28534159545694804 and parameters: {'model_name': 'KNNImputer', 'n_neighbors': 268, 'weights': 'uniform'}. Best is trial 45 with value: 0.28534159545694804.
running
[I 2024-08-26 17:35:05,263] Trial 25 finished with value: 0.3134785107174168 and parameters: {'model_name': 'IterativeImputer', 'estimator': 'KNN', 'initial_strategy': 'mean', 'n_nearest_features': 4, 'imputation_order': 'roman'}. Best is trial 45 with value: 0.28534159545694804.
running
[I 2024-08-26 17:35:05,876] Trial 44 finished with value: 0.28540874235825975 and parameters: {'model_name': 'KNNImputer', 'n_neighbors': 345, 'weights': 'uniform'}. Best is trial 45 with value: 0.28534159545694804.
running
[I 2024-08-26 17:35:15,955] Trial 46 finished with value: 0.2857697649002596 and parameters: {'model_name': 'KNNImputer', 'n_neighbors': 498, 'weights': 'uniform'}. Best is trial 45 with value: 0.28534159545694804.
running
[I 2024-08-26 17:35:18,730] Trial 47 finished with value: 0.2898446590676088 and parameters: {'model_name': 'KNNImputer', 'n_neighbors': 3330, 'weights': 'uniform'}. Best is trial 45 with value: 0.28534159545694804.
running
[I 2024-08-26 17:35:25,861] Trial 23 finished with value: 0.3154907954555897 and parameters: {'model_name': 'IterativeImputer', 'estimator': 'KNN', 'initial_strategy': 'most_frequent', 'n_nearest_features': 1, 'imputation_order': 'ascending'}. Best is trial 45 with value: 0.28534159545694804.
running
[I 2024-08-26 17:35:27,944] Trial 48 finished with value: 0.2899928798804968 and parameters: {'model_name': 'KNNImputer', 'n_neighbors': 3572, 'weights': 'uniform'}. Best is trial 45 with value: 0.28534159545694804.
running
[I 2024-08-26 17:35:31,397] Trial 55 finished with value: 0.3353234511321954 and parameters: {'model_name': 'SimpleImputer', 'strategy': 'most_frequent'}. Best is trial 45 with value: 0.28534159545694804.
running
[I 2024-08-26 17:35:33,997] Trial 49 finished with value: 0.28948631053676743 and parameters: {'model_name': 'KNNImputer', 'n_neighbors': 2921, 'weights': 'uniform'}. Best is trial 45 with value: 0.28534159545694804.
running
[I 2024-08-26 17:35:36,366] Trial 50 finished with value: 0.28935933220957316 and parameters: {'model_name': 'KNNImputer', 'n_neighbors': 2763, 'weights': 'uniform'}. Best is trial 45 with value: 0.28534159545694804.
[I 2024-08-26 17:35:36,367] Trial 51 finished with value: 0.2888414368745566 and parameters: {'model_name': 'KNNImputer', 'n_neighbors': 2248, 'weights': 'uniform'}. Best is trial 45 with value: 0.28534159545694804.
running
running
[I 2024-08-26 17:35:49,366] Trial 52 finished with value: 0.2901676617405126 and parameters: {'model_name': 'KNNImputer', 'n_neighbors': 3878, 'weights': 'uniform'}. Best is trial 45 with value: 0.28534159545694804.
running
[I 2024-08-26 17:35:51,574] Trial 53 finished with value: 0.29057728848669984 and parameters: {'model_name': 'KNNImputer', 'n_neighbors': 5045, 'weights': 'uniform'}. Best is trial 45 with value: 0.28534159545694804.
running
[I 2024-08-26 17:35:58,062] Trial 54 finished with value: 0.29056723759391656 and parameters: {'model_name': 'KNNImputer', 'n_neighbors': 5007, 'weights': 'uniform'}. Best is trial 45 with value: 0.28534159545694804.
running
[I 2024-08-26 17:36:00,478] Trial 56 finished with value: 0.28653483658615025 and parameters: {'model_name': 'KNNImputer', 'n_neighbors': 870, 'weights': 'uniform'}. Best is trial 45 with value: 0.28534159545694804.
running
[I 2024-08-26 17:36:01,922] Trial 57 finished with value: 0.28562522325699163 and parameters: {'model_name': 'KNNImputer', 'n_neighbors': 450, 'weights': 'uniform'}. Best is trial 45 with value: 0.28534159545694804.
running
[I 2024-08-26 17:36:02,829] Trial 59 finished with value: 0.28986382724032445 and parameters: {'model_name': 'KNNImputer', 'n_neighbors': 20, 'weights': 'uniform'}. Best is trial 45 with value: 0.28534159545694804.
running
[I 2024-08-26 17:36:07,882] Trial 58 finished with value: 0.29155987839794656 and parameters: {'model_name': 'KNNImputer', 'n_neighbors': 35958, 'weights': 'uniform'}. Best is trial 45 with value: 0.28534159545694804.
running
[I 2024-08-26 17:36:17,652] Trial 35 finished with value: 0.3126904005657117 and parameters: {'model_name': 'IterativeImputer', 'estimator': 'KNN', 'initial_strategy': 'median', 'n_nearest_features': 1, 'imputation_order': 'arabic'}. Best is trial 45 with value: 0.28534159545694804.
running
[I 2024-08-26 17:36:38,162] Trial 33 finished with value: 0.30976337434978013 and parameters: {'model_name': 'IterativeImputer', 'estimator': 'KNN', 'initial_strategy': 'most_frequent', 'n_nearest_features': 9, 'imputation_order': 'arabic'}. Best is trial 45 with value: 0.28534159545694804.
running
[I 2024-08-26 17:36:46,998] Trial 40 finished with value: 0.31401618306959633 and parameters: {'model_name': 'IterativeImputer', 'estimator': 'KNN', 'initial_strategy': 'median', 'n_nearest_features': 1, 'imputation_order': 'roman'}. Best is trial 45 with value: 0.28534159545694804.
running
[I 2024-08-26 17:51:28,308] Trial 15 finished with value: 0.3466052809817225 and parameters: {'model_name': 'GAIN', 'batch_size': 6, 'hint_rate': 0.6612263162818299, 'alpha': 67, 'iterations': 498, 'learning_rate': 0.00966762932527446, 'p_miss': 0.26710285831669245}. Best is trial 45 with value: 0.28534159545694804.
running
[I 2024-08-26 18:04:52,798] Trial 10 finished with value: inf and parameters: {'model_name': 'GAIN', 'batch_size': 4, 'hint_rate': 0.022565131808558368, 'alpha': 14, 'iterations': 8601, 'learning_rate': 0.0038061564728324, 'p_miss': 0.13599257293215378}. Best is trial 45 with value: 0.28534159545694804.
running
[I 2024-08-26 18:21:50,665] Trial 39 finished with value: 0.29162912818761905 and parameters: {'model_name': 'IterativeImputer', 'estimator': 'RFR', 'initial_strategy': 'most_frequent', 'n_nearest_features': 2, 'imputation_order': 'roman'}. Best is trial 45 with value: 0.28534159545694804.
running
[I 2024-08-26 18:46:29,208] Trial 2 finished with value: 0.2932356147916763 and parameters: {'model_name': 'IterativeImputer', 'estimator': 'RFR', 'initial_strategy': 'most_frequent', 'n_nearest_features': 4, 'imputation_order': 'descending'}. Best is trial 45 with value: 0.28534159545694804.
running
[I 2024-08-26 19:16:09,003] Trial 13 finished with value: 0.3000202477221412 and parameters: {'model_name': 'IterativeImputer', 'estimator': 'RFR', 'initial_strategy': 'median', 'n_nearest_features': 6, 'imputation_order': 'random'}. Best is trial 45 with value: 0.28534159545694804.
running
[I 2024-08-26 20:10:47,415] Trial 0 finished with value: 0.3111115584498615 and parameters: {'model_name': 'IterativeImputer', 'estimator': 'RFR', 'initial_strategy': 'constant', 'n_nearest_features': 9, 'imputation_order': 'arabic'}. Best is trial 45 with value: 0.28534159545694804.
running
[I 2024-08-26 20:16:15,598] Trial 74 finished with value: 0.30880590836303334 and parameters: {'model_name': 'GAIN', 'batch_size': 188, 'hint_rate': 0.9235303337692076, 'alpha': 35, 'iterations': 1278, 'learning_rate': 0.07188684828914707, 'p_miss': 0.12725908017005794}. Best is trial 45 with value: 0.28534159545694804.
running
[I 2024-08-26 20:16:32,929] Trial 76 finished with value: 0.28562474575792 and parameters: {'model_name': 'KNNImputer', 'n_neighbors': 451, 'weights': 'uniform'}. Best is trial 45 with value: 0.28534159545694804.
running
[I 2024-08-26 20:16:49,668] Trial 77 finished with value: 0.285150809269333 and parameters: {'model_name': 'KNNImputer', 'n_neighbors': 106, 'weights': 'uniform'}. Best is trial 77 with value: 0.285150809269333.
running
[I 2024-08-26 20:17:12,682] Trial 78 finished with value: 0.29174099581150587 and parameters: {'model_name': 'KNNImputer', 'n_neighbors': 21197, 'weights': 'uniform'}. Best is trial 77 with value: 0.285150809269333.
running
[I 2024-08-26 20:17:15,269] Trial 79 finished with value: 0.3353234511321954 and parameters: {'model_name': 'SimpleImputer', 'strategy': 'most_frequent'}. Best is trial 77 with value: 0.285150809269333.
running
[I 2024-08-26 20:17:32,091] Trial 80 finished with value: 0.3236308313857176 and parameters: {'model_name': 'KNNImputer', 'n_neighbors': 98, 'weights': 'distance'}. Best is trial 77 with value: 0.285150809269333.
running
[I 2024-08-26 20:17:51,541] Trial 81 finished with value: 0.2907188248799606 and parameters: {'model_name': 'KNNImputer', 'n_neighbors': 5732, 'weights': 'uniform'}. Best is trial 77 with value: 0.285150809269333.
running
[I 2024-08-26 20:18:10,013] Trial 82 finished with value: 0.28831635694219904 and parameters: {'model_name': 'KNNImputer', 'n_neighbors': 1870, 'weights': 'uniform'}. Best is trial 77 with value: 0.285150809269333.
running
[I 2024-08-26 20:18:32,343] Trial 83 finished with value: 0.324795222897453 and parameters: {'model_name': 'KNNImputer', 'n_neighbors': 5739, 'weights': 'distance'}. Best is trial 77 with value: 0.285150809269333.
running
[I 2024-08-26 20:19:09,425] Trial 84 finished with value: 0.2939933058398524 and parameters: {'model_name': 'GAIN', 'batch_size': 84, 'hint_rate': 0.28071064613947555, 'alpha': 96, 'iterations': 10, 'learning_rate': 0.08177319418802965, 'p_miss': 0.08165533582679277}. Best is trial 77 with value: 0.285150809269333.
running
[I 2024-08-26 20:19:27,708] Trial 85 finished with value: 0.28845444811338894 and parameters: {'model_name': 'KNNImputer', 'n_neighbors': 1969, 'weights': 'uniform'}. Best is trial 77 with value: 0.285150809269333.
running
[I 2024-08-26 20:19:45,945] Trial 86 finished with value: 0.2876607704787497 and parameters: {'model_name': 'KNNImputer', 'n_neighbors': 1453, 'weights': 'uniform'}. Best is trial 77 with value: 0.285150809269333.
running
[I 2024-08-26 20:20:02,027] Trial 87 finished with value: 0.2852931948212599 and parameters: {'model_name': 'KNNImputer', 'n_neighbors': 70, 'weights': 'uniform'}. Best is trial 77 with value: 0.285150809269333.
running
[I 2024-08-26 20:20:20,914] Trial 88 finished with value: 0.290237881315874 and parameters: {'model_name': 'KNNImputer', 'n_neighbors': 4049, 'weights': 'uniform'}. Best is trial 77 with value: 0.285150809269333.
running
[I 2024-08-26 20:20:39,305] Trial 89 finished with value: 0.2882826986556003 and parameters: {'model_name': 'KNNImputer', 'n_neighbors': 1843, 'weights': 'uniform'}. Best is trial 77 with value: 0.285150809269333.
running
[I 2024-08-26 20:21:03,689] Trial 90 finished with value: 0.32490918656169143 and parameters: {'model_name': 'KNNImputer', 'n_neighbors': 9566, 'weights': 'distance'}. Best is trial 77 with value: 0.285150809269333.
running
[I 2024-08-26 20:21:04,654] Trial 91 finished with value: 0.2915543739710471 and parameters: {'model_name': 'SimpleImputer', 'strategy': 'constant'}. Best is trial 77 with value: 0.285150809269333.
running
[I 2024-08-26 20:21:24,455] Trial 92 finished with value: 0.29086615713637953 and parameters: {'model_name': 'KNNImputer', 'n_neighbors': 6553, 'weights': 'uniform'}. Best is trial 77 with value: 0.285150809269333.
running
[I 2024-08-26 20:21:42,464] Trial 93 finished with value: 0.2877426417879473 and parameters: {'model_name': 'KNNImputer', 'n_neighbors': 1497, 'weights': 'uniform'}. Best is trial 77 with value: 0.285150809269333.
running
[I 2024-08-26 20:21:49,793] Trial 64 finished with value: 0.3012853039198887 and parameters: {'model_name': 'GAIN', 'batch_size': 603, 'hint_rate': 0.3210562298294663, 'alpha': 14, 'iterations': 3301, 'learning_rate': 0.08839992554773617, 'p_miss': 0.14282046515608937}. Best is trial 77 with value: 0.285150809269333.
running
[I 2024-08-26 20:22:06,626] Trial 94 finished with value: 0.29176861074114024 and parameters: {'model_name': 'KNNImputer', 'n_neighbors': 26398, 'weights': 'uniform'}. Best is trial 77 with value: 0.285150809269333.
running
[I 2024-08-26 20:22:09,540] Trial 95 finished with value: 0.29021698922154404 and parameters: {'model_name': 'KNNImputer', 'n_neighbors': 3978, 'weights': 'uniform'}. Best is trial 77 with value: 0.285150809269333.
running
[I 2024-08-26 20:22:25,164] Trial 96 finished with value: 0.28560332407388245 and parameters: {'model_name': 'KNNImputer', 'n_neighbors': 445, 'weights': 'uniform'}. Best is trial 77 with value: 0.285150809269333.
running
[I 2024-08-26 20:22:26,837] Trial 97 finished with value: 0.2849508650828681 and parameters: {'model_name': 'KNNImputer', 'n_neighbors': 147, 'weights': 'uniform'}. Best is trial 97 with value: 0.2849508650828681.
running
[I 2024-08-26 20:22:44,003] Trial 99 finished with value: 0.296889191425669 and parameters: {'model_name': 'KNNImputer', 'n_neighbors': 10, 'weights': 'uniform'}. Best is trial 97 with value: 0.2849508650828681.
running
[I 2024-08-26 20:22:45,072] Trial 98 finished with value: 0.28736155131472807 and parameters: {'model_name': 'KNNImputer', 'n_neighbors': 1284, 'weights': 'uniform'}. Best is trial 97 with value: 0.2849508650828681.
running
[I 2024-08-26 20:23:04,189] Trial 100 finished with value: 0.28806054404924 and parameters: {'model_name': 'KNNImputer', 'n_neighbors': 1677, 'weights': 'uniform'}. Best is trial 97 with value: 0.2849508650828681.
running
[I 2024-08-26 20:23:05,951] Trial 101 finished with value: 0.2895338937207132 and parameters: {'model_name': 'KNNImputer', 'n_neighbors': 2981, 'weights': 'uniform'}. Best is trial 97 with value: 0.2849508650828681.
running
[I 2024-08-26 20:23:25,314] Trial 102 finished with value: 0.2895621478964845 and parameters: {'model_name': 'KNNImputer', 'n_neighbors': 3010, 'weights': 'uniform'}. Best is trial 97 with value: 0.2849508650828681.
running
[I 2024-08-26 20:23:27,748] Trial 103 finished with value: 0.29040654368610597 and parameters: {'model_name': 'KNNImputer', 'n_neighbors': 4453, 'weights': 'uniform'}. Best is trial 97 with value: 0.2849508650828681.
running
[I 2024-08-26 20:23:48,117] Trial 105 finished with value: 0.32387614729655817 and parameters: {'model_name': 'KNNImputer', 'n_neighbors': 762, 'weights': 'distance'}. Best is trial 97 with value: 0.2849508650828681.
running
[I 2024-08-26 20:23:53,568] Trial 104 finished with value: 0.32497527838286167 and parameters: {'model_name': 'KNNImputer', 'n_neighbors': 13461, 'weights': 'distance'}. Best is trial 97 with value: 0.2849508650828681.
running
[I 2024-08-26 20:24:08,047] Trial 106 finished with value: 0.28700155706910474 and parameters: {'model_name': 'KNNImputer', 'n_neighbors': 1085, 'weights': 'uniform'}. Best is trial 97 with value: 0.2849508650828681.
running
[I 2024-08-26 20:24:10,861] Trial 107 finished with value: 0.31385500551558465 and parameters: {'model_name': 'KNNImputer', 'n_neighbors': 4, 'weights': 'uniform'}. Best is trial 97 with value: 0.2849508650828681.
running
[I 2024-08-26 20:24:27,467] Trial 108 finished with value: 0.2891514030311975 and parameters: {'model_name': 'KNNImputer', 'n_neighbors': 2552, 'weights': 'uniform'}. Best is trial 97 with value: 0.2849508650828681.
running
[I 2024-08-26 20:24:31,757] Trial 109 finished with value: 0.28949646536245977 and parameters: {'model_name': 'KNNImputer', 'n_neighbors': 2929, 'weights': 'uniform'}. Best is trial 97 with value: 0.2849508650828681.
running
[I 2024-08-26 20:24:32,488] Trial 111 finished with value: 0.29155987839794656 and parameters: {'model_name': 'SimpleImputer', 'strategy': 'mean'}. Best is trial 97 with value: 0.2849508650828681.
running
[I 2024-08-26 20:24:47,292] Trial 110 finished with value: 0.2872866091610396 and parameters: {'model_name': 'KNNImputer', 'n_neighbors': 1244, 'weights': 'uniform'}. Best is trial 97 with value: 0.2849508650828681.
running
[I 2024-08-26 20:24:52,783] Trial 112 finished with value: 0.2872379646119362 and parameters: {'model_name': 'KNNImputer', 'n_neighbors': 1226, 'weights': 'uniform'}. Best is trial 97 with value: 0.2849508650828681.
running
[I 2024-08-26 20:25:06,533] Trial 113 finished with value: 0.28680902843078904 and parameters: {'model_name': 'KNNImputer', 'n_neighbors': 996, 'weights': 'uniform'}. Best is trial 97 with value: 0.2849508650828681.
running
[I 2024-08-26 20:25:13,553] Trial 114 finished with value: 0.2901948659473993 and parameters: {'model_name': 'KNNImputer', 'n_neighbors': 3944, 'weights': 'uniform'}. Best is trial 97 with value: 0.2849508650828681.
running
[I 2024-08-26 20:25:27,155] Trial 115 finished with value: 0.2901052623223888 and parameters: {'model_name': 'KNNImputer', 'n_neighbors': 3774, 'weights': 'uniform'}. Best is trial 97 with value: 0.2849508650828681.
running
[I 2024-08-26 20:25:30,302] Trial 116 finished with value: 0.2888795536309429 and parameters: {'model_name': 'KNNImputer', 'n_neighbors': 24, 'weights': 'uniform'}. Best is trial 97 with value: 0.2849508650828681.
running
[I 2024-08-26 20:25:44,169] Trial 117 finished with value: 0.28620890947435484 and parameters: {'model_name': 'KNNImputer', 'n_neighbors': 53, 'weights': 'uniform'}. Best is trial 97 with value: 0.2849508650828681.
running
[I 2024-08-26 20:25:50,505] Trial 118 finished with value: 0.28849940697757065 and parameters: {'model_name': 'KNNImputer', 'n_neighbors': 2001, 'weights': 'uniform'}. Best is trial 97 with value: 0.2849508650828681.
running
[I 2024-08-26 20:29:46,455] Trial 120 finished with value: 0.3187131829176042 and parameters: {'model_name': 'GAIN', 'batch_size': 64, 'hint_rate': 0.97346523111833, 'alpha': 29, 'iterations': 87, 'learning_rate': 0.00018175207449393075, 'p_miss': 0.2076221586345177}. Best is trial 97 with value: 0.2849508650828681.
running
[I 2024-08-26 20:29:57,619] Trial 61 finished with value: 0.31668491648338415 and parameters: {'model_name': 'GAIN', 'batch_size': 742, 'hint_rate': 0.9864250695482941, 'alpha': 3, 'iterations': 3434, 'learning_rate': 0.08453634906659732, 'p_miss': 0.13248624336150622}. Best is trial 97 with value: 0.2849508650828681.
running
[I 2024-08-26 20:30:05,697] Trial 121 finished with value: 0.2890572602919708 and parameters: {'model_name': 'KNNImputer', 'n_neighbors': 2462, 'weights': 'uniform'}. Best is trial 97 with value: 0.2849508650828681.
running
[I 2024-08-26 20:30:17,466] Trial 122 finished with value: 0.28932933058309857 and parameters: {'model_name': 'KNNImputer', 'n_neighbors': 2733, 'weights': 'uniform'}. Best is trial 97 with value: 0.2849508650828681.
running
[I 2024-08-26 20:30:25,226] Trial 123 finished with value: 0.2869065075615579 and parameters: {'model_name': 'KNNImputer', 'n_neighbors': 1037, 'weights': 'uniform'}. Best is trial 97 with value: 0.2849508650828681.
running
[I 2024-08-26 20:30:36,504] Trial 124 finished with value: 0.2867553970448701 and parameters: {'model_name': 'KNNImputer', 'n_neighbors': 977, 'weights': 'uniform'}. Best is trial 97 with value: 0.2849508650828681.
running
[I 2024-08-26 20:30:48,802] Trial 125 finished with value: 0.2917501230183056 and parameters: {'model_name': 'KNNImputer', 'n_neighbors': 21829, 'weights': 'uniform'}. Best is trial 97 with value: 0.2849508650828681.
running
[I 2024-08-26 20:30:54,549] Trial 126 finished with value: 0.28531081034863925 and parameters: {'model_name': 'KNNImputer', 'n_neighbors': 286, 'weights': 'uniform'}. Best is trial 97 with value: 0.2849508650828681.
running
[I 2024-08-26 20:30:58,554] Trial 119 finished with value: 0.32250877744702083 and parameters: {'model_name': 'GAIN', 'batch_size': 41, 'hint_rate': 0.9873888872220016, 'alpha': 32, 'iterations': 138, 'learning_rate': 0.00012303014947153968, 'p_miss': 0.20336541147810028}. Best is trial 97 with value: 0.2849508650828681.
running
[I 2024-08-26 20:31:07,365] Trial 127 finished with value: 0.28511320704110704 and parameters: {'model_name': 'KNNImputer', 'n_neighbors': 223, 'weights': 'uniform'}. Best is trial 97 with value: 0.2849508650828681.
running
[I 2024-08-26 20:31:12,590] Trial 128 finished with value: 0.29823102810092983 and parameters: {'model_name': 'KNNImputer', 'n_neighbors': 9, 'weights': 'uniform'}. Best is trial 97 with value: 0.2849508650828681.
running
[I 2024-08-26 20:31:19,671] Trial 129 finished with value: 0.2886554331787087 and parameters: {'model_name': 'KNNImputer', 'n_neighbors': 2109, 'weights': 'uniform'}. Best is trial 97 with value: 0.2849508650828681.
running
[I 2024-08-26 20:31:27,413] Trial 130 finished with value: 0.28870103904543976 and parameters: {'model_name': 'KNNImputer', 'n_neighbors': 2141, 'weights': 'uniform'}. Best is trial 97 with value: 0.2849508650828681.
running
[I 2024-08-26 20:31:28,157] Trial 133 finished with value: 0.29155987839794656 and parameters: {'model_name': 'SimpleImputer', 'strategy': 'mean'}. Best is trial 97 with value: 0.2849508650828681.
running
[I 2024-08-26 20:31:35,563] Trial 131 finished with value: 0.2886250360138082 and parameters: {'model_name': 'KNNImputer', 'n_neighbors': 2092, 'weights': 'uniform'}. Best is trial 97 with value: 0.2849508650828681.
running
[I 2024-08-26 20:31:44,212] Trial 132 finished with value: 0.2905044624562002 and parameters: {'model_name': 'KNNImputer', 'n_neighbors': 4816, 'weights': 'uniform'}. Best is trial 97 with value: 0.2849508650828681.
running
[I 2024-08-26 20:32:03,909] Trial 135 finished with value: 0.29068672970673215 and parameters: {'model_name': 'KNNImputer', 'n_neighbors': 5519, 'weights': 'uniform'}. Best is trial 97 with value: 0.2849508650828681.
running
[I 2024-08-26 20:32:09,353] Trial 136 finished with value: 0.2863313973878458 and parameters: {'model_name': 'KNNImputer', 'n_neighbors': 765, 'weights': 'uniform'}. Best is trial 97 with value: 0.2849508650828681.
running
[I 2024-08-26 20:32:20,595] Trial 134 finished with value: 0.29160304658314257 and parameters: {'model_name': 'IterativeImputer', 'estimator': 'Ridge', 'initial_strategy': 'mean', 'n_nearest_features': 7, 'imputation_order': 'random'}. Best is trial 97 with value: 0.2849508650828681.
running
[I 2024-08-26 20:32:27,293] Trial 137 finished with value: 0.2861140555697031 and parameters: {'model_name': 'KNNImputer', 'n_neighbors': 657, 'weights': 'uniform'}. Best is trial 97 with value: 0.2849508650828681.
running
[I 2024-08-26 20:32:42,715] Trial 139 finished with value: 0.28623393506617173 and parameters: {'model_name': 'KNNImputer', 'n_neighbors': 713, 'weights': 'uniform'}. Best is trial 97 with value: 0.2849508650828681.
running
[I 2024-08-26 20:32:53,745] Trial 140 finished with value: 0.28988858741663853 and parameters: {'model_name': 'KNNImputer', 'n_neighbors': 3394, 'weights': 'uniform'}. Best is trial 97 with value: 0.2849508650828681.
running
[I 2024-08-26 20:33:04,098] Trial 138 finished with value: 0.29160304658314257 and parameters: {'model_name': 'IterativeImputer', 'estimator': 'Ridge', 'initial_strategy': 'mean', 'n_nearest_features': 7, 'imputation_order': 'random'}. Best is trial 97 with value: 0.2849508650828681.
running
[I 2024-08-26 20:33:08,886] Trial 141 finished with value: 0.28959676749267527 and parameters: {'model_name': 'KNNImputer', 'n_neighbors': 3046, 'weights': 'uniform'}. Best is trial 97 with value: 0.2849508650828681.
running
[I 2024-08-26 20:33:17,182] Trial 142 finished with value: 0.2879889379305268 and parameters: {'model_name': 'KNNImputer', 'n_neighbors': 1633, 'weights': 'uniform'}. Best is trial 97 with value: 0.2849508650828681.
running
[I 2024-08-26 20:33:26,292] Trial 143 finished with value: 0.2882225449698136 and parameters: {'model_name': 'KNNImputer', 'n_neighbors': 1789, 'weights': 'uniform'}. Best is trial 97 with value: 0.2849508650828681.
running
[I 2024-08-26 20:33:32,493] Trial 144 finished with value: 0.29155987839794656 and parameters: {'model_name': 'KNNImputer', 'n_neighbors': 34868, 'weights': 'uniform'}. Best is trial 97 with value: 0.2849508650828681.
running
[I 2024-08-26 20:33:39,129] Trial 145 finished with value: 0.28606479942838464 and parameters: {'model_name': 'KNNImputer', 'n_neighbors': 639, 'weights': 'uniform'}. Best is trial 97 with value: 0.2849508650828681.
running
[I 2024-08-26 20:33:47,526] Trial 146 finished with value: 0.28619257314640534 and parameters: {'model_name': 'KNNImputer', 'n_neighbors': 675, 'weights': 'uniform'}. Best is trial 97 with value: 0.2849508650828681.
running
[I 2024-08-26 20:33:53,371] Trial 147 finished with value: 0.2861920560384545 and parameters: {'model_name': 'KNNImputer', 'n_neighbors': 674, 'weights': 'uniform'}. Best is trial 97 with value: 0.2849508650828681.
running
[I 2024-08-26 20:33:59,653] Trial 148 finished with value: 0.2861610143305916 and parameters: {'model_name': 'KNNImputer', 'n_neighbors': 666, 'weights': 'uniform'}. Best is trial 97 with value: 0.2849508650828681.
running
[I 2024-08-26 20:34:08,143] Trial 149 finished with value: 0.3237898002629142 and parameters: {'model_name': 'KNNImputer', 'n_neighbors': 523, 'weights': 'distance'}. Best is trial 97 with value: 0.2849508650828681.
running
[I 2024-08-26 20:34:16,941] Trial 150 finished with value: 0.32418771865868157 and parameters: {'model_name': 'KNNImputer', 'n_neighbors': 1479, 'weights': 'distance'}. Best is trial 97 with value: 0.2849508650828681.
running
[I 2024-08-26 20:34:21,079] Trial 151 finished with value: 0.28791475303927827 and parameters: {'model_name': 'KNNImputer', 'n_neighbors': 1596, 'weights': 'uniform'}. Best is trial 97 with value: 0.2849508650828681.
running
[I 2024-08-26 20:34:29,795] Trial 152 finished with value: 0.2880292031411151 and parameters: {'model_name': 'KNNImputer', 'n_neighbors': 1660, 'weights': 'uniform'}. Best is trial 97 with value: 0.2849508650828681.
running
[I 2024-08-26 20:34:35,748] Trial 153 finished with value: 0.28741001264474053 and parameters: {'model_name': 'KNNImputer', 'n_neighbors': 35, 'weights': 'uniform'}. Best is trial 97 with value: 0.2849508650828681.
running
[I 2024-08-26 20:34:43,137] Trial 154 finished with value: 0.28939102204622624 and parameters: {'model_name': 'KNNImputer', 'n_neighbors': 2816, 'weights': 'uniform'}. Best is trial 97 with value: 0.2849508650828681.
running
[I 2024-08-26 20:34:51,192] Trial 155 finished with value: 0.28907422253622866 and parameters: {'model_name': 'KNNImputer', 'n_neighbors': 2481, 'weights': 'uniform'}. Best is trial 97 with value: 0.2849508650828681.
running
[I 2024-08-26 20:34:57,001] Trial 156 finished with value: 0.28891309469836146 and parameters: {'model_name': 'KNNImputer', 'n_neighbors': 2327, 'weights': 'uniform'}. Best is trial 97 with value: 0.2849508650828681.
running
[I 2024-08-26 20:35:01,710] Trial 157 finished with value: 0.29052771256702303 and parameters: {'model_name': 'KNNImputer', 'n_neighbors': 18, 'weights': 'uniform'}. Best is trial 97 with value: 0.2849508650828681.
running
[I 2024-08-26 20:35:11,499] Trial 158 finished with value: 0.28620449547206706 and parameters: {'model_name': 'KNNImputer', 'n_neighbors': 682, 'weights': 'uniform'}. Best is trial 97 with value: 0.2849508650828681.
running
[I 2024-08-26 20:35:17,775] Trial 159 finished with value: 0.2865660642347144 and parameters: {'model_name': 'KNNImputer', 'n_neighbors': 884, 'weights': 'uniform'}. Best is trial 97 with value: 0.2849508650828681.
running
[I 2024-08-26 20:35:19,967] Trial 162 finished with value: 0.3353234511321954 and parameters: {'model_name': 'SimpleImputer', 'strategy': 'most_frequent'}. Best is trial 97 with value: 0.2849508650828681.
running
[I 2024-08-26 20:35:21,498] Trial 160 finished with value: 0.2868384295154024 and parameters: {'model_name': 'KNNImputer', 'n_neighbors': 1006, 'weights': 'uniform'}. Best is trial 97 with value: 0.2849508650828681.
running
[I 2024-08-26 20:35:31,779] Trial 161 finished with value: 0.2873709901732705 and parameters: {'model_name': 'KNNImputer', 'n_neighbors': 1296, 'weights': 'uniform'}. Best is trial 97 with value: 0.2849508650828681.
running
[I 2024-08-26 20:35:42,702] Trial 164 finished with value: 0.2899605589984856 and parameters: {'model_name': 'KNNImputer', 'n_neighbors': 3523, 'weights': 'uniform'}. Best is trial 97 with value: 0.2849508650828681.
running
[I 2024-08-26 20:35:43,562] Trial 163 finished with value: 0.2913087680821114 and parameters: {'model_name': 'KNNImputer', 'n_neighbors': 11171, 'weights': 'uniform'}. Best is trial 97 with value: 0.2849508650828681.
running
[I 2024-08-26 20:35:53,837] Trial 165 finished with value: 0.2899872194862297 and parameters: {'model_name': 'KNNImputer', 'n_neighbors': 3564, 'weights': 'uniform'}. Best is trial 97 with value: 0.2849508650828681.
running
[I 2024-08-26 20:36:03,306] Trial 166 finished with value: 0.28586870781891177 and parameters: {'model_name': 'KNNImputer', 'n_neighbors': 555, 'weights': 'uniform'}. Best is trial 97 with value: 0.2849508650828681.
running
[I 2024-08-26 20:36:03,558] Trial 167 finished with value: 0.28591906101546166 and parameters: {'model_name': 'KNNImputer', 'n_neighbors': 568, 'weights': 'uniform'}. Best is trial 97 with value: 0.2849508650828681.
running
[I 2024-08-26 20:36:13,246] Trial 168 finished with value: 0.2858480489631917 and parameters: {'model_name': 'KNNImputer', 'n_neighbors': 536, 'weights': 'uniform'}. Best is trial 97 with value: 0.2849508650828681.
running
[I 2024-08-26 20:36:21,438] Trial 169 finished with value: 0.28620890947435484 and parameters: {'model_name': 'KNNImputer', 'n_neighbors': 53, 'weights': 'uniform'}. Best is trial 97 with value: 0.2849508650828681.
running
[I 2024-08-26 20:36:24,726] Trial 170 finished with value: 0.28783771519078216 and parameters: {'model_name': 'KNNImputer', 'n_neighbors': 1566, 'weights': 'uniform'}. Best is trial 97 with value: 0.2849508650828681.
running
[I 2024-08-26 20:36:34,261] Trial 171 finished with value: 0.2880965835605716 and parameters: {'model_name': 'KNNImputer', 'n_neighbors': 1701, 'weights': 'uniform'}. Best is trial 97 with value: 0.2849508650828681.
running
[I 2024-08-26 20:36:42,808] Trial 172 finished with value: 0.28841167051119077 and parameters: {'model_name': 'KNNImputer', 'n_neighbors': 1930, 'weights': 'uniform'}. Best is trial 97 with value: 0.2849508650828681.
running
[I 2024-08-26 20:36:45,925] Trial 173 finished with value: 0.28874384569258943 and parameters: {'model_name': 'KNNImputer', 'n_neighbors': 2170, 'weights': 'uniform'}. Best is trial 97 with value: 0.2849508650828681.
running
[I 2024-08-26 20:36:55,144] Trial 174 finished with value: 0.28899109842173687 and parameters: {'model_name': 'KNNImputer', 'n_neighbors': 2395, 'weights': 'uniform'}. Best is trial 97 with value: 0.2849508650828681.
running
[I 2024-08-26 20:37:03,786] Trial 175 finished with value: 0.2891849135740142 and parameters: {'model_name': 'KNNImputer', 'n_neighbors': 2579, 'weights': 'uniform'}. Best is trial 97 with value: 0.2849508650828681.
running
[I 2024-08-26 20:37:05,268] Trial 176 finished with value: 0.28535243737981913 and parameters: {'model_name': 'KNNImputer', 'n_neighbors': 306, 'weights': 'uniform'}. Best is trial 97 with value: 0.2849508650828681.
running
[I 2024-08-26 20:37:14,196] Trial 177 finished with value: 0.2855957598048586 and parameters: {'model_name': 'KNNImputer', 'n_neighbors': 433, 'weights': 'uniform'}. Best is trial 97 with value: 0.2849508650828681.
running
[I 2024-08-26 20:37:21,868] Trial 178 finished with value: 0.28586870781891177 and parameters: {'model_name': 'KNNImputer', 'n_neighbors': 555, 'weights': 'uniform'}. Best is trial 97 with value: 0.2849508650828681.
running
[I 2024-08-26 20:37:23,332] Trial 179 finished with value: 0.2985351374191908 and parameters: {'model_name': 'GAIN', 'batch_size': 18, 'hint_rate': 0.522857501427466, 'alpha': 84, 'iterations': 5, 'learning_rate': 0.02050657699900753, 'p_miss': 0.08950784188486417}. Best is trial 97 with value: 0.2849508650828681.
running
[I 2024-08-26 20:37:26,723] Trial 181 finished with value: inf and parameters: {'model_name': 'GAIN', 'batch_size': 2, 'hint_rate': 0.4659433011402296, 'alpha': 82, 'iterations': 3, 'learning_rate': 0.025548070117825936, 'p_miss': 0.08773271791729356}. Best is trial 97 with value: 0.2849508650828681.
running
[I 2024-08-26 20:37:32,173] Trial 180 finished with value: 0.2888795536309429 and parameters: {'model_name': 'KNNImputer', 'n_neighbors': 24, 'weights': 'uniform'}. Best is trial 97 with value: 0.2849508650828681.
running
[I 2024-08-26 20:37:41,414] Trial 182 finished with value: 0.29823102810092983 and parameters: {'model_name': 'KNNImputer', 'n_neighbors': 9, 'weights': 'uniform'}. Best is trial 97 with value: 0.2849508650828681.
running
[I 2024-08-26 20:37:47,159] Trial 183 finished with value: 0.28716641922872943 and parameters: {'model_name': 'KNNImputer', 'n_neighbors': 1180, 'weights': 'uniform'}. Best is trial 97 with value: 0.2849508650828681.
running
[I 2024-08-26 20:37:54,947] Trial 184 finished with value: 0.28719312828594135 and parameters: {'model_name': 'KNNImputer', 'n_neighbors': 1199, 'weights': 'uniform'}. Best is trial 97 with value: 0.2849508650828681.
running
[I 2024-08-26 20:38:11,843] Trial 186 finished with value: 0.2871967984106778 and parameters: {'model_name': 'KNNImputer', 'n_neighbors': 1194, 'weights': 'uniform'}. Best is trial 97 with value: 0.2849508650828681.
running
[I 2024-08-26 20:38:18,909] Trial 187 finished with value: 0.2870746997340143 and parameters: {'model_name': 'KNNImputer', 'n_neighbors': 1131, 'weights': 'uniform'}. Best is trial 97 with value: 0.2849508650828681.
running
[I 2024-08-26 20:38:26,254] Trial 185 finished with value: 0.29159723684491273 and parameters: {'model_name': 'IterativeImputer', 'estimator': 'Ridge', 'initial_strategy': 'median', 'n_nearest_features': 3, 'imputation_order': 'arabic'}. Best is trial 97 with value: 0.2849508650828681.
running
[I 2024-08-26 20:38:33,931] Trial 188 finished with value: 0.28593480289582696 and parameters: {'model_name': 'KNNImputer', 'n_neighbors': 575, 'weights': 'uniform'}. Best is trial 97 with value: 0.2849508650828681.
running
[I 2024-08-26 20:38:39,691] Trial 189 finished with value: 0.28595414599340396 and parameters: {'model_name': 'KNNImputer', 'n_neighbors': 580, 'weights': 'uniform'}. Best is trial 97 with value: 0.2849508650828681.
running
[I 2024-08-26 20:38:46,401] Trial 190 finished with value: 0.2860624493641245 and parameters: {'model_name': 'KNNImputer', 'n_neighbors': 641, 'weights': 'uniform'}. Best is trial 97 with value: 0.2849508650828681.
running
[I 2024-08-26 20:38:47,434] Trial 193 finished with value: 0.2915543739710471 and parameters: {'model_name': 'SimpleImputer', 'strategy': 'constant'}. Best is trial 97 with value: 0.2849508650828681.
running
[I 2024-08-26 20:38:53,455] Trial 191 finished with value: 0.2856495016301768 and parameters: {'model_name': 'KNNImputer', 'n_neighbors': 460, 'weights': 'uniform'}. Best is trial 97 with value: 0.2849508650828681.
running
[I 2024-08-26 20:38:57,944] Trial 192 finished with value: 0.30943655541092574 and parameters: {'model_name': 'KNNImputer', 'n_neighbors': 5, 'weights': 'uniform'}. Best is trial 97 with value: 0.2849508650828681.
running
[I 2024-08-26 20:39:09,827] Trial 194 finished with value: 0.32424516764566386 and parameters: {'model_name': 'KNNImputer', 'n_neighbors': 1635, 'weights': 'distance'}. Best is trial 97 with value: 0.2849508650828681.
running
[I 2024-08-26 20:39:18,217] Trial 196 finished with value: 0.28803691119848424 and parameters: {'model_name': 'KNNImputer', 'n_neighbors': 1666, 'weights': 'uniform'}. Best is trial 97 with value: 0.2849508650828681.
running
[I 2024-08-26 20:39:24,952] Trial 195 finished with value: 0.32503617367895093 and parameters: {'model_name': 'KNNImputer', 'n_neighbors': 19853, 'weights': 'distance'}. Best is trial 97 with value: 0.2849508650828681.
running
[I 2024-08-26 20:39:30,387] Trial 197 finished with value: 0.2875610419253136 and parameters: {'model_name': 'KNNImputer', 'n_neighbors': 1384, 'weights': 'uniform'}. Best is trial 97 with value: 0.2849508650828681.
[I 2024-08-26 20:39:37,214] Trial 198 finished with value: 0.2860749579637342 and parameters: {'model_name': 'KNNImputer', 'n_neighbors': 644, 'weights': 'uniform'}. Best is trial 97 with value: 0.2849508650828681.
[I 2024-08-26 20:39:42,745] Trial 199 finished with value: 0.2861936766745702 and parameters: {'model_name': 'KNNImputer', 'n_neighbors': 679, 'weights': 'uniform'}. Best is trial 97 with value: 0.2849508650828681.
[I 2024-08-26 20:47:01,330] Trial 68 finished with value: 0.31322562626838935 and parameters: {'model_name': 'GAIN', 'batch_size': 506, 'hint_rate': 0.9888987153721165, 'alpha': 2, 'iterations': 4110, 'learning_rate': 0.09404890235990064, 'p_miss': 0.14131741630902314}. Best is trial 97 with value: 0.2849508650828681.
[I 2024-08-26 20:48:47,637] Trial 70 finished with value: 0.3077167707009509 and parameters: {'model_name': 'GAIN', 'batch_size': 688, 'hint_rate': 0.9251253418228349, 'alpha': 6, 'iterations': 3696, 'learning_rate': 0.0657795537699793, 'p_miss': 0.12836192446488226}. Best is trial 97 with value: 0.2849508650828681.
[I 2024-08-26 21:47:08,140] Trial 71 finished with value: 0.30062877334836774 and parameters: {'model_name': 'GAIN', 'batch_size': 188, 'hint_rate': 0.9878638178877643, 'alpha': 34, 'iterations': 6095, 'learning_rate': 0.09489972834544655, 'p_miss': 0.1207132213070939}. Best is trial 97 with value: 0.2849508650828681.
[I 2024-08-26 21:47:25,369] Trial 65 finished with value: 0.31245340335739585 and parameters: {'model_name': 'GAIN', 'batch_size': 459, 'hint_rate': 0.952135402458524, 'alpha': 0, 'iterations': 5946, 'learning_rate': 0.09922049914414838, 'p_miss': 0.1290006322044599}. Best is trial 97 with value: 0.2849508650828681.
[I 2024-08-26 22:01:05,650] Trial 62 finished with value: 0.30796179790570893 and parameters: {'model_name': 'GAIN', 'batch_size': 995, 'hint_rate': 0.9468449322313689, 'alpha': 6, 'iterations': 5828, 'learning_rate': 0.05615265828934139, 'p_miss': 0.14063639789362609}. Best is trial 97 with value: 0.2849508650828681.
[I 2024-08-26 22:06:57,049] Trial 67 finished with value: 0.29752681170986606 and parameters: {'model_name': 'GAIN', 'batch_size': 644, 'hint_rate': 0.933845562465176, 'alpha': 6, 'iterations': 6563, 'learning_rate': 0.09104878614503892, 'p_miss': 0.1347889710303407}. Best is trial 97 with value: 0.2849508650828681.
[I 2024-08-26 22:16:34,080] Trial 72 finished with value: 0.30111255962938743 and parameters: {'model_name': 'GAIN', 'batch_size': 163, 'hint_rate': 0.9519621516931391, 'alpha': 35, 'iterations': 7519, 'learning_rate': 0.09997970264125608, 'p_miss': 0.1263058059878223}. Best is trial 97 with value: 0.2849508650828681.
[I 2024-08-26 22:31:04,022] Trial 69 finished with value: 0.3094530147277833 and parameters: {'model_name': 'GAIN', 'batch_size': 830, 'hint_rate': 0.940140130428182, 'alpha': 1, 'iterations': 8247, 'learning_rate': 0.056777945547871196, 'p_miss': 0.13140844102122806}. Best is trial 97 with value: 0.2849508650828681.
[I 2024-08-26 22:39:22,484] Trial 63 finished with value: 0.3033748967521473 and parameters: {'model_name': 'GAIN', 'batch_size': 553, 'hint_rate': 0.9639406572544847, 'alpha': 11, 'iterations': 9534, 'learning_rate': 0.06684698553407835, 'p_miss': 0.12404750687003246}. Best is trial 97 with value: 0.2849508650828681.
[I 2024-08-26 22:39:58,114] Trial 66 finished with value: 0.2992555951738961 and parameters: {'model_name': 'GAIN', 'batch_size': 881, 'hint_rate': 0.3085456573886193, 'alpha': 1, 'iterations': 9212, 'learning_rate': 0.04131355920173746, 'p_miss': 0.13534791163885906}. Best is trial 97 with value: 0.2849508650828681.
[I 2024-08-26 22:40:23,316] Trial 73 finished with value: 0.30155172927216406 and parameters: {'model_name': 'GAIN', 'batch_size': 204, 'hint_rate': 0.9843659359856556, 'alpha': 39, 'iterations': 9184, 'learning_rate': 0.0891056601808507, 'p_miss': 0.11521564924071132}. Best is trial 97 with value: 0.2849508650828681.
[I 2024-08-26 22:40:52,079] Trial 60 finished with value: 0.33152221824910005 and parameters: {'model_name': 'GAIN', 'batch_size': 978, 'hint_rate': 0.9683087996017037, 'alpha': 0, 'iterations': 9620, 'learning_rate': 0.08906175349583068, 'p_miss': 0.13095577332038139}. Best is trial 97 with value: 0.2849508650828681.
[I 2024-08-26 22:40:54,670] Trial 75 finished with value: 0.3105286069343693 and parameters: {'model_name': 'GAIN', 'batch_size': 192, 'hint_rate': 0.3531915051454301, 'alpha': 36, 'iterations': 8161, 'learning_rate': 0.07824889493221152, 'p_miss': 0.12948124736089145}. Best is trial 97 with value: 0.2849508650828681.
fit
auto fit
auto transform
0    0
1    0
2    0
3    0
4    0
5    0
6    0
7    0
8    0
9    0
dtype: int64
0    0
1    0
2    0
3    0
4    0
5    0
6    0
7    0
8    0
9    0
dtype: int64
0.2849508650828681
{'model_name': 'KNNImputer', 'n_neighbors': 147, 'weights': 'uniform'}
running experiment 2/3 - Does reconstruction give good automl predictions
Start est fit
  0%|          | 0/25 [00:00<?, ?it/s]Generation:   0%|          | 0/25 [00:00<?, ?it/s]WARNING THIS INDIVIDUAL CAUSED AND EXCEPTION 
 <tpot2.search_spaces.pipelines.sequential.SequentialPipelineIndividual object at 0x155475b429e0> 
 The 'criterion' parameter of RandomForestRegressor must be a str among {'friedman_mse', 'poisson', 'absolute_error', 'squared_error'}. Got 'mae' instead. 
 Traceback (most recent call last):
  File "/common/ketrong/tpotexp/tpot2/tpot2/utils/eval_utils.py", line 53, in objective_nan_wrapper
    value = func_timeout.func_timeout(timeout, objective_function, args=[individual], kwargs=objective_kwargs)
  File "/common/ketrong/tpotexp/env/lib/python3.10/site-packages/func_timeout/dafunc.py", line 108, in func_timeout
    raise_exception(exception)
  File "/common/ketrong/tpotexp/env/lib/python3.10/site-packages/func_timeout/py3_raise.py", line 7, in raise_exception
    raise exception[0] from None
  File "/common/ketrong/tpotexp/tpot2/tpot2/tpot_estimator/estimator.py", line 623, in objective_function
    return objective_function_generator(
  File "/common/ketrong/tpotexp/tpot2/tpot2/tpot_estimator/estimator_utils.py", line 55, in objective_function_generator
    cv_obj_scores = cross_val_score_objective(sklearn.base.clone(pipeline),x,y,scorers=scorers, cv=cv , fold=step)
  File "/common/ketrong/tpotexp/tpot2/tpot2/tpot_estimator/cross_val_utils.py", line 28, in cross_val_score_objective
    this_fold_pipeline.fit(X_train,y_train)
  File "/common/ketrong/tpotexp/env/lib/python3.10/site-packages/sklearn/base.py", line 1473, in wrapper
    return fit_method(estimator, *args, **kwargs)
  File "/common/ketrong/tpotexp/env/lib/python3.10/site-packages/sklearn/pipeline.py", line 473, in fit
    self._final_estimator.fit(Xt, y, **last_step_params["fit"])
  File "/common/ketrong/tpotexp/env/lib/python3.10/site-packages/sklearn/base.py", line 1466, in wrapper
    estimator._validate_params()
  File "/common/ketrong/tpotexp/env/lib/python3.10/site-packages/sklearn/base.py", line 666, in _validate_params
    validate_parameter_constraints(
  File "/common/ketrong/tpotexp/env/lib/python3.10/site-packages/sklearn/utils/_param_validation.py", line 95, in validate_parameter_constraints
    raise InvalidParameterError(
sklearn.utils._param_validation.InvalidParameterError: The 'criterion' parameter of RandomForestRegressor must be a str among {'friedman_mse', 'poisson', 'absolute_error', 'squared_error'}. Got 'mae' instead.

Generation:  1
Best root_mean_squared_error score: -1.9547320924747915
Generation:   4%|         | 1/25 [01:06<26:33, 66.39s/it]WARNING AN INDIVIDUAL TIMED OUT: 
 <tpot2.search_spaces.pipelines.sequential.SequentialPipelineIndividual object at 0x1554754c3fd0> 

Generation:  2
Best root_mean_squared_error score: -1.9547320924747915
Generation:   8%|         | 2/25 [11:08<2:26:19, 381.70s/it]WARNING THIS INDIVIDUAL CAUSED AND EXCEPTION 
 <tpot2.search_spaces.pipelines.sequential.SequentialPipelineIndividual object at 0x155475bd6dd0> 
 The 'criterion' parameter of ExtraTreesRegressor must be a str among {'friedman_mse', 'poisson', 'absolute_error', 'squared_error'}. Got 'mae' instead. 
 Traceback (most recent call last):
  File "/common/ketrong/tpotexp/tpot2/tpot2/utils/eval_utils.py", line 53, in objective_nan_wrapper
    value = func_timeout.func_timeout(timeout, objective_function, args=[individual], kwargs=objective_kwargs)
  File "/common/ketrong/tpotexp/env/lib/python3.10/site-packages/func_timeout/dafunc.py", line 108, in func_timeout
    raise_exception(exception)
  File "/common/ketrong/tpotexp/env/lib/python3.10/site-packages/func_timeout/py3_raise.py", line 7, in raise_exception
    raise exception[0] from None
  File "/common/ketrong/tpotexp/tpot2/tpot2/tpot_estimator/estimator.py", line 623, in objective_function
    return objective_function_generator(
  File "/common/ketrong/tpotexp/tpot2/tpot2/tpot_estimator/estimator_utils.py", line 55, in objective_function_generator
    cv_obj_scores = cross_val_score_objective(sklearn.base.clone(pipeline),x,y,scorers=scorers, cv=cv , fold=step)
  File "/common/ketrong/tpotexp/tpot2/tpot2/tpot_estimator/cross_val_utils.py", line 28, in cross_val_score_objective
    this_fold_pipeline.fit(X_train,y_train)
  File "/common/ketrong/tpotexp/env/lib/python3.10/site-packages/sklearn/base.py", line 1473, in wrapper
    return fit_method(estimator, *args, **kwargs)
  File "/common/ketrong/tpotexp/env/lib/python3.10/site-packages/sklearn/pipeline.py", line 473, in fit
    self._final_estimator.fit(Xt, y, **last_step_params["fit"])
  File "/common/ketrong/tpotexp/env/lib/python3.10/site-packages/sklearn/base.py", line 1466, in wrapper
    estimator._validate_params()
  File "/common/ketrong/tpotexp/env/lib/python3.10/site-packages/sklearn/base.py", line 666, in _validate_params
    validate_parameter_constraints(
  File "/common/ketrong/tpotexp/env/lib/python3.10/site-packages/sklearn/utils/_param_validation.py", line 95, in validate_parameter_constraints
    raise InvalidParameterError(
sklearn.utils._param_validation.InvalidParameterError: The 'criterion' parameter of ExtraTreesRegressor must be a str among {'friedman_mse', 'poisson', 'absolute_error', 'squared_error'}. Got 'mae' instead.

WARNING THIS INDIVIDUAL CAUSED AND EXCEPTION 
 <tpot2.search_spaces.pipelines.sequential.SequentialPipelineIndividual object at 0x155475b42290> 
 The 'criterion' parameter of DecisionTreeRegressor must be a str among {'friedman_mse', 'poisson', 'absolute_error', 'squared_error'}. Got 'mae' instead. 
 Traceback (most recent call last):
  File "/common/ketrong/tpotexp/tpot2/tpot2/utils/eval_utils.py", line 53, in objective_nan_wrapper
    value = func_timeout.func_timeout(timeout, objective_function, args=[individual], kwargs=objective_kwargs)
  File "/common/ketrong/tpotexp/env/lib/python3.10/site-packages/func_timeout/dafunc.py", line 108, in func_timeout
    raise_exception(exception)
  File "/common/ketrong/tpotexp/env/lib/python3.10/site-packages/func_timeout/py3_raise.py", line 7, in raise_exception
    raise exception[0] from None
  File "/common/ketrong/tpotexp/tpot2/tpot2/tpot_estimator/estimator.py", line 623, in objective_function
    return objective_function_generator(
  File "/common/ketrong/tpotexp/tpot2/tpot2/tpot_estimator/estimator_utils.py", line 55, in objective_function_generator
    cv_obj_scores = cross_val_score_objective(sklearn.base.clone(pipeline),x,y,scorers=scorers, cv=cv , fold=step)
  File "/common/ketrong/tpotexp/tpot2/tpot2/tpot_estimator/cross_val_utils.py", line 28, in cross_val_score_objective
    this_fold_pipeline.fit(X_train,y_train)
  File "/common/ketrong/tpotexp/env/lib/python3.10/site-packages/sklearn/base.py", line 1473, in wrapper
    return fit_method(estimator, *args, **kwargs)
  File "/common/ketrong/tpotexp/env/lib/python3.10/site-packages/sklearn/pipeline.py", line 473, in fit
    self._final_estimator.fit(Xt, y, **last_step_params["fit"])
  File "/common/ketrong/tpotexp/env/lib/python3.10/site-packages/sklearn/base.py", line 1466, in wrapper
    estimator._validate_params()
  File "/common/ketrong/tpotexp/env/lib/python3.10/site-packages/sklearn/base.py", line 666, in _validate_params
    validate_parameter_constraints(
  File "/common/ketrong/tpotexp/env/lib/python3.10/site-packages/sklearn/utils/_param_validation.py", line 95, in validate_parameter_constraints
    raise InvalidParameterError(
sklearn.utils._param_validation.InvalidParameterError: The 'criterion' parameter of DecisionTreeRegressor must be a str among {'friedman_mse', 'poisson', 'absolute_error', 'squared_error'}. Got 'mae' instead.

WARNING THIS INDIVIDUAL CAUSED AND EXCEPTION 
 <tpot2.search_spaces.pipelines.sequential.SequentialPipelineIndividual object at 0x155475bdd540> 
 The 'criterion' parameter of RandomForestRegressor must be a str among {'friedman_mse', 'poisson', 'absolute_error', 'squared_error'}. Got 'mse' instead. 
 Traceback (most recent call last):
  File "/common/ketrong/tpotexp/tpot2/tpot2/utils/eval_utils.py", line 53, in objective_nan_wrapper
    value = func_timeout.func_timeout(timeout, objective_function, args=[individual], kwargs=objective_kwargs)
  File "/common/ketrong/tpotexp/env/lib/python3.10/site-packages/func_timeout/dafunc.py", line 108, in func_timeout
    raise_exception(exception)
  File "/common/ketrong/tpotexp/env/lib/python3.10/site-packages/func_timeout/py3_raise.py", line 7, in raise_exception
    raise exception[0] from None
  File "/common/ketrong/tpotexp/tpot2/tpot2/tpot_estimator/estimator.py", line 623, in objective_function
    return objective_function_generator(
  File "/common/ketrong/tpotexp/tpot2/tpot2/tpot_estimator/estimator_utils.py", line 55, in objective_function_generator
    cv_obj_scores = cross_val_score_objective(sklearn.base.clone(pipeline),x,y,scorers=scorers, cv=cv , fold=step)
  File "/common/ketrong/tpotexp/tpot2/tpot2/tpot_estimator/cross_val_utils.py", line 28, in cross_val_score_objective
    this_fold_pipeline.fit(X_train,y_train)
  File "/common/ketrong/tpotexp/env/lib/python3.10/site-packages/sklearn/base.py", line 1473, in wrapper
    return fit_method(estimator, *args, **kwargs)
  File "/common/ketrong/tpotexp/env/lib/python3.10/site-packages/sklearn/pipeline.py", line 473, in fit
    self._final_estimator.fit(Xt, y, **last_step_params["fit"])
  File "/common/ketrong/tpotexp/env/lib/python3.10/site-packages/sklearn/base.py", line 1466, in wrapper
    estimator._validate_params()
  File "/common/ketrong/tpotexp/env/lib/python3.10/site-packages/sklearn/base.py", line 666, in _validate_params
    validate_parameter_constraints(
  File "/common/ketrong/tpotexp/env/lib/python3.10/site-packages/sklearn/utils/_param_validation.py", line 95, in validate_parameter_constraints
    raise InvalidParameterError(
sklearn.utils._param_validation.InvalidParameterError: The 'criterion' parameter of RandomForestRegressor must be a str among {'friedman_mse', 'poisson', 'absolute_error', 'squared_error'}. Got 'mse' instead.

WARNING AN INDIVIDUAL TIMED OUT: 
 <tpot2.search_spaces.pipelines.sequential.SequentialPipelineIndividual object at 0x155475bd8160> 

Generation:  3
Best root_mean_squared_error score: -1.9445114470075393
Generation:  12%|        | 3/25 [21:11<2:56:59, 482.68s/it]WARNING AN INDIVIDUAL TIMED OUT: 
 <tpot2.search_spaces.pipelines.sequential.SequentialPipelineIndividual object at 0x155475bd9030> 

WARNING AN INDIVIDUAL TIMED OUT: 
 <tpot2.search_spaces.pipelines.sequential.SequentialPipelineIndividual object at 0x155475be0940> 

WARNING AN INDIVIDUAL TIMED OUT: 
 <tpot2.search_spaces.pipelines.sequential.SequentialPipelineIndividual object at 0x155475bcc6d0> 

Generation:  4
Best root_mean_squared_error score: -1.9445114470075393
Generation:  16%|        | 4/25 [31:15<3:05:38, 530.39s/it]WARNING AN INDIVIDUAL TIMED OUT: 
 <tpot2.search_spaces.pipelines.sequential.SequentialPipelineIndividual object at 0x155475ba2830> 

Generation:  5
Best root_mean_squared_error score: -1.943614640901171
Generation:  20%|        | 5/25 [41:18<3:05:36, 556.83s/it]WARNING THIS INDIVIDUAL CAUSED AND EXCEPTION 
 <tpot2.search_spaces.pipelines.sequential.SequentialPipelineIndividual object at 0x155475141c00> 
 The 'criterion' parameter of RandomForestRegressor must be a str among {'friedman_mse', 'poisson', 'absolute_error', 'squared_error'}. Got 'mse' instead. 
 Traceback (most recent call last):
  File "/common/ketrong/tpotexp/tpot2/tpot2/utils/eval_utils.py", line 53, in objective_nan_wrapper
    value = func_timeout.func_timeout(timeout, objective_function, args=[individual], kwargs=objective_kwargs)
  File "/common/ketrong/tpotexp/env/lib/python3.10/site-packages/func_timeout/dafunc.py", line 108, in func_timeout
    raise_exception(exception)
  File "/common/ketrong/tpotexp/env/lib/python3.10/site-packages/func_timeout/py3_raise.py", line 7, in raise_exception
    raise exception[0] from None
  File "/common/ketrong/tpotexp/tpot2/tpot2/tpot_estimator/estimator.py", line 623, in objective_function
    return objective_function_generator(
  File "/common/ketrong/tpotexp/tpot2/tpot2/tpot_estimator/estimator_utils.py", line 55, in objective_function_generator
    cv_obj_scores = cross_val_score_objective(sklearn.base.clone(pipeline),x,y,scorers=scorers, cv=cv , fold=step)
  File "/common/ketrong/tpotexp/tpot2/tpot2/tpot_estimator/cross_val_utils.py", line 28, in cross_val_score_objective
    this_fold_pipeline.fit(X_train,y_train)
  File "/common/ketrong/tpotexp/env/lib/python3.10/site-packages/sklearn/base.py", line 1473, in wrapper
    return fit_method(estimator, *args, **kwargs)
  File "/common/ketrong/tpotexp/env/lib/python3.10/site-packages/sklearn/pipeline.py", line 473, in fit
    self._final_estimator.fit(Xt, y, **last_step_params["fit"])
  File "/common/ketrong/tpotexp/env/lib/python3.10/site-packages/sklearn/base.py", line 1466, in wrapper
    estimator._validate_params()
  File "/common/ketrong/tpotexp/env/lib/python3.10/site-packages/sklearn/base.py", line 666, in _validate_params
    validate_parameter_constraints(
  File "/common/ketrong/tpotexp/env/lib/python3.10/site-packages/sklearn/utils/_param_validation.py", line 95, in validate_parameter_constraints
    raise InvalidParameterError(
sklearn.utils._param_validation.InvalidParameterError: The 'criterion' parameter of RandomForestRegressor must be a str among {'friedman_mse', 'poisson', 'absolute_error', 'squared_error'}. Got 'mse' instead.

WARNING AN INDIVIDUAL TIMED OUT: 
 <tpot2.search_spaces.pipelines.sequential.SequentialPipelineIndividual object at 0x1554754c2320> 

Generation:  6
Best root_mean_squared_error score: -1.943614640901171
Generation:  24%|       | 6/25 [51:22<3:01:22, 572.77s/it]WARNING THIS INDIVIDUAL CAUSED AND EXCEPTION 
 <tpot2.search_spaces.pipelines.sequential.SequentialPipelineIndividual object at 0x155474e5c9a0> 
 The 'criterion' parameter of ExtraTreesRegressor must be a str among {'friedman_mse', 'poisson', 'absolute_error', 'squared_error'}. Got 'mae' instead. 
 Traceback (most recent call last):
  File "/common/ketrong/tpotexp/tpot2/tpot2/utils/eval_utils.py", line 53, in objective_nan_wrapper
    value = func_timeout.func_timeout(timeout, objective_function, args=[individual], kwargs=objective_kwargs)
  File "/common/ketrong/tpotexp/env/lib/python3.10/site-packages/func_timeout/dafunc.py", line 108, in func_timeout
    raise_exception(exception)
  File "/common/ketrong/tpotexp/env/lib/python3.10/site-packages/func_timeout/py3_raise.py", line 7, in raise_exception
    raise exception[0] from None
  File "/common/ketrong/tpotexp/tpot2/tpot2/tpot_estimator/estimator.py", line 623, in objective_function
    return objective_function_generator(
  File "/common/ketrong/tpotexp/tpot2/tpot2/tpot_estimator/estimator_utils.py", line 55, in objective_function_generator
    cv_obj_scores = cross_val_score_objective(sklearn.base.clone(pipeline),x,y,scorers=scorers, cv=cv , fold=step)
  File "/common/ketrong/tpotexp/tpot2/tpot2/tpot_estimator/cross_val_utils.py", line 28, in cross_val_score_objective
    this_fold_pipeline.fit(X_train,y_train)
  File "/common/ketrong/tpotexp/env/lib/python3.10/site-packages/sklearn/base.py", line 1473, in wrapper
    return fit_method(estimator, *args, **kwargs)
  File "/common/ketrong/tpotexp/env/lib/python3.10/site-packages/sklearn/pipeline.py", line 473, in fit
    self._final_estimator.fit(Xt, y, **last_step_params["fit"])
  File "/common/ketrong/tpotexp/env/lib/python3.10/site-packages/sklearn/base.py", line 1466, in wrapper
    estimator._validate_params()
  File "/common/ketrong/tpotexp/env/lib/python3.10/site-packages/sklearn/base.py", line 666, in _validate_params
    validate_parameter_constraints(
  File "/common/ketrong/tpotexp/env/lib/python3.10/site-packages/sklearn/utils/_param_validation.py", line 95, in validate_parameter_constraints
    raise InvalidParameterError(
sklearn.utils._param_validation.InvalidParameterError: The 'criterion' parameter of ExtraTreesRegressor must be a str among {'friedman_mse', 'poisson', 'absolute_error', 'squared_error'}. Got 'mae' instead.

WARNING AN INDIVIDUAL TIMED OUT: 
 <tpot2.search_spaces.pipelines.sequential.SequentialPipelineIndividual object at 0x155475bb6bc0> 

Generation:  7
Best root_mean_squared_error score: -1.943614640901171
Generation:  28%|       | 7/25 [1:01:26<2:54:54, 583.05s/it]Generation:  8
Best root_mean_squared_error score: -1.943614640901171
Generation:  32%|      | 8/25 [1:10:30<2:41:39, 570.53s/it]WARNING AN INDIVIDUAL TIMED OUT: 
 <tpot2.search_spaces.pipelines.sequential.SequentialPipelineIndividual object at 0x1554754bc910> 

Generation:  9
Best root_mean_squared_error score: -1.943614640901171
Generation:  36%|      | 9/25 [1:20:35<2:35:01, 581.32s/it]WARNING THIS INDIVIDUAL CAUSED AND EXCEPTION 
 <tpot2.search_spaces.pipelines.sequential.SequentialPipelineIndividual object at 0x1554748e1720> 
 The 'criterion' parameter of ExtraTreesRegressor must be a str among {'friedman_mse', 'poisson', 'absolute_error', 'squared_error'}. Got 'mae' instead. 
 Traceback (most recent call last):
  File "/common/ketrong/tpotexp/tpot2/tpot2/utils/eval_utils.py", line 53, in objective_nan_wrapper
    value = func_timeout.func_timeout(timeout, objective_function, args=[individual], kwargs=objective_kwargs)
  File "/common/ketrong/tpotexp/env/lib/python3.10/site-packages/func_timeout/dafunc.py", line 108, in func_timeout
    raise_exception(exception)
  File "/common/ketrong/tpotexp/env/lib/python3.10/site-packages/func_timeout/py3_raise.py", line 7, in raise_exception
    raise exception[0] from None
  File "/common/ketrong/tpotexp/tpot2/tpot2/tpot_estimator/estimator.py", line 623, in objective_function
    return objective_function_generator(
  File "/common/ketrong/tpotexp/tpot2/tpot2/tpot_estimator/estimator_utils.py", line 55, in objective_function_generator
    cv_obj_scores = cross_val_score_objective(sklearn.base.clone(pipeline),x,y,scorers=scorers, cv=cv , fold=step)
  File "/common/ketrong/tpotexp/tpot2/tpot2/tpot_estimator/cross_val_utils.py", line 28, in cross_val_score_objective
    this_fold_pipeline.fit(X_train,y_train)
  File "/common/ketrong/tpotexp/env/lib/python3.10/site-packages/sklearn/base.py", line 1473, in wrapper
    return fit_method(estimator, *args, **kwargs)
  File "/common/ketrong/tpotexp/env/lib/python3.10/site-packages/sklearn/pipeline.py", line 473, in fit
    self._final_estimator.fit(Xt, y, **last_step_params["fit"])
  File "/common/ketrong/tpotexp/env/lib/python3.10/site-packages/sklearn/base.py", line 1466, in wrapper
    estimator._validate_params()
  File "/common/ketrong/tpotexp/env/lib/python3.10/site-packages/sklearn/base.py", line 666, in _validate_params
    validate_parameter_constraints(
  File "/common/ketrong/tpotexp/env/lib/python3.10/site-packages/sklearn/utils/_param_validation.py", line 95, in validate_parameter_constraints
    raise InvalidParameterError(
sklearn.utils._param_validation.InvalidParameterError: The 'criterion' parameter of ExtraTreesRegressor must be a str among {'friedman_mse', 'poisson', 'absolute_error', 'squared_error'}. Got 'mae' instead.

WARNING THIS INDIVIDUAL CAUSED AND EXCEPTION 
 <tpot2.search_spaces.pipelines.sequential.SequentialPipelineIndividual object at 0x155475bbda80> 
 The 'criterion' parameter of ExtraTreesRegressor must be a str among {'friedman_mse', 'poisson', 'absolute_error', 'squared_error'}. Got 'mae' instead. 
 Traceback (most recent call last):
  File "/common/ketrong/tpotexp/tpot2/tpot2/utils/eval_utils.py", line 53, in objective_nan_wrapper
    value = func_timeout.func_timeout(timeout, objective_function, args=[individual], kwargs=objective_kwargs)
  File "/common/ketrong/tpotexp/env/lib/python3.10/site-packages/func_timeout/dafunc.py", line 108, in func_timeout
    raise_exception(exception)
  File "/common/ketrong/tpotexp/env/lib/python3.10/site-packages/func_timeout/py3_raise.py", line 7, in raise_exception
    raise exception[0] from None
  File "/common/ketrong/tpotexp/tpot2/tpot2/tpot_estimator/estimator.py", line 623, in objective_function
    return objective_function_generator(
  File "/common/ketrong/tpotexp/tpot2/tpot2/tpot_estimator/estimator_utils.py", line 55, in objective_function_generator
    cv_obj_scores = cross_val_score_objective(sklearn.base.clone(pipeline),x,y,scorers=scorers, cv=cv , fold=step)
  File "/common/ketrong/tpotexp/tpot2/tpot2/tpot_estimator/cross_val_utils.py", line 28, in cross_val_score_objective
    this_fold_pipeline.fit(X_train,y_train)
  File "/common/ketrong/tpotexp/env/lib/python3.10/site-packages/sklearn/base.py", line 1473, in wrapper
    return fit_method(estimator, *args, **kwargs)
  File "/common/ketrong/tpotexp/env/lib/python3.10/site-packages/sklearn/pipeline.py", line 473, in fit
    self._final_estimator.fit(Xt, y, **last_step_params["fit"])
  File "/common/ketrong/tpotexp/env/lib/python3.10/site-packages/sklearn/base.py", line 1466, in wrapper
    estimator._validate_params()
  File "/common/ketrong/tpotexp/env/lib/python3.10/site-packages/sklearn/base.py", line 666, in _validate_params
    validate_parameter_constraints(
  File "/common/ketrong/tpotexp/env/lib/python3.10/site-packages/sklearn/utils/_param_validation.py", line 95, in validate_parameter_constraints
    raise InvalidParameterError(
sklearn.utils._param_validation.InvalidParameterError: The 'criterion' parameter of ExtraTreesRegressor must be a str among {'friedman_mse', 'poisson', 'absolute_error', 'squared_error'}. Got 'mae' instead.

Generation:  10
Best root_mean_squared_error score: -1.943614640901171
Generation:  40%|      | 10/25 [1:29:30<2:21:44, 566.96s/it]WARNING THIS INDIVIDUAL CAUSED AND EXCEPTION 
 <tpot2.search_spaces.pipelines.sequential.SequentialPipelineIndividual object at 0x1554751d6740> 
 The 'criterion' parameter of DecisionTreeRegressor must be a str among {'friedman_mse', 'poisson', 'absolute_error', 'squared_error'}. Got 'mae' instead. 
 Traceback (most recent call last):
  File "/common/ketrong/tpotexp/tpot2/tpot2/utils/eval_utils.py", line 53, in objective_nan_wrapper
    value = func_timeout.func_timeout(timeout, objective_function, args=[individual], kwargs=objective_kwargs)
  File "/common/ketrong/tpotexp/env/lib/python3.10/site-packages/func_timeout/dafunc.py", line 108, in func_timeout
    raise_exception(exception)
  File "/common/ketrong/tpotexp/env/lib/python3.10/site-packages/func_timeout/py3_raise.py", line 7, in raise_exception
    raise exception[0] from None
  File "/common/ketrong/tpotexp/tpot2/tpot2/tpot_estimator/estimator.py", line 623, in objective_function
    return objective_function_generator(
  File "/common/ketrong/tpotexp/tpot2/tpot2/tpot_estimator/estimator_utils.py", line 55, in objective_function_generator
    cv_obj_scores = cross_val_score_objective(sklearn.base.clone(pipeline),x,y,scorers=scorers, cv=cv , fold=step)
  File "/common/ketrong/tpotexp/tpot2/tpot2/tpot_estimator/cross_val_utils.py", line 28, in cross_val_score_objective
    this_fold_pipeline.fit(X_train,y_train)
  File "/common/ketrong/tpotexp/env/lib/python3.10/site-packages/sklearn/base.py", line 1473, in wrapper
    return fit_method(estimator, *args, **kwargs)
  File "/common/ketrong/tpotexp/env/lib/python3.10/site-packages/sklearn/pipeline.py", line 473, in fit
    self._final_estimator.fit(Xt, y, **last_step_params["fit"])
  File "/common/ketrong/tpotexp/env/lib/python3.10/site-packages/sklearn/base.py", line 1466, in wrapper
    estimator._validate_params()
  File "/common/ketrong/tpotexp/env/lib/python3.10/site-packages/sklearn/base.py", line 666, in _validate_params
    validate_parameter_constraints(
  File "/common/ketrong/tpotexp/env/lib/python3.10/site-packages/sklearn/utils/_param_validation.py", line 95, in validate_parameter_constraints
    raise InvalidParameterError(
sklearn.utils._param_validation.InvalidParameterError: The 'criterion' parameter of DecisionTreeRegressor must be a str among {'friedman_mse', 'poisson', 'absolute_error', 'squared_error'}. Got 'mae' instead.

WARNING THIS INDIVIDUAL CAUSED AND EXCEPTION 
 <tpot2.search_spaces.pipelines.sequential.SequentialPipelineIndividual object at 0x1554748b9360> 
 The 'criterion' parameter of RandomForestRegressor must be a str among {'friedman_mse', 'poisson', 'absolute_error', 'squared_error'}. Got 'mae' instead. 
 Traceback (most recent call last):
  File "/common/ketrong/tpotexp/tpot2/tpot2/utils/eval_utils.py", line 53, in objective_nan_wrapper
    value = func_timeout.func_timeout(timeout, objective_function, args=[individual], kwargs=objective_kwargs)
  File "/common/ketrong/tpotexp/env/lib/python3.10/site-packages/func_timeout/dafunc.py", line 108, in func_timeout
    raise_exception(exception)
  File "/common/ketrong/tpotexp/env/lib/python3.10/site-packages/func_timeout/py3_raise.py", line 7, in raise_exception
    raise exception[0] from None
  File "/common/ketrong/tpotexp/tpot2/tpot2/tpot_estimator/estimator.py", line 623, in objective_function
    return objective_function_generator(
  File "/common/ketrong/tpotexp/tpot2/tpot2/tpot_estimator/estimator_utils.py", line 55, in objective_function_generator
    cv_obj_scores = cross_val_score_objective(sklearn.base.clone(pipeline),x,y,scorers=scorers, cv=cv , fold=step)
  File "/common/ketrong/tpotexp/tpot2/tpot2/tpot_estimator/cross_val_utils.py", line 28, in cross_val_score_objective
    this_fold_pipeline.fit(X_train,y_train)
  File "/common/ketrong/tpotexp/env/lib/python3.10/site-packages/sklearn/base.py", line 1473, in wrapper
    return fit_method(estimator, *args, **kwargs)
  File "/common/ketrong/tpotexp/env/lib/python3.10/site-packages/sklearn/pipeline.py", line 473, in fit
    self._final_estimator.fit(Xt, y, **last_step_params["fit"])
  File "/common/ketrong/tpotexp/env/lib/python3.10/site-packages/sklearn/base.py", line 1466, in wrapper
    estimator._validate_params()
  File "/common/ketrong/tpotexp/env/lib/python3.10/site-packages/sklearn/base.py", line 666, in _validate_params
    validate_parameter_constraints(
  File "/common/ketrong/tpotexp/env/lib/python3.10/site-packages/sklearn/utils/_param_validation.py", line 95, in validate_parameter_constraints
    raise InvalidParameterError(
sklearn.utils._param_validation.InvalidParameterError: The 'criterion' parameter of RandomForestRegressor must be a str among {'friedman_mse', 'poisson', 'absolute_error', 'squared_error'}. Got 'mae' instead.

WARNING AN INDIVIDUAL TIMED OUT: 
 <tpot2.search_spaces.pipelines.sequential.SequentialPipelineIndividual object at 0x1554749e90c0> 

WARNING AN INDIVIDUAL TIMED OUT: 
 <tpot2.search_spaces.pipelines.sequential.SequentialPipelineIndividual object at 0x1554749e5ab0> 

WARNING AN INDIVIDUAL TIMED OUT: 
 <tpot2.search_spaces.pipelines.sequential.SequentialPipelineIndividual object at 0x155475300490> 

Generation:  11
Best root_mean_squared_error score: -1.943614640901171
Generation:  44%|     | 11/25 [1:39:36<2:15:03, 578.80s/it]WARNING THIS INDIVIDUAL CAUSED AND EXCEPTION 
 <tpot2.search_spaces.pipelines.sequential.SequentialPipelineIndividual object at 0x155475bffaf0> 
 The 'criterion' parameter of ExtraTreesRegressor must be a str among {'friedman_mse', 'poisson', 'absolute_error', 'squared_error'}. Got 'mae' instead. 
 Traceback (most recent call last):
  File "/common/ketrong/tpotexp/tpot2/tpot2/utils/eval_utils.py", line 53, in objective_nan_wrapper
    value = func_timeout.func_timeout(timeout, objective_function, args=[individual], kwargs=objective_kwargs)
  File "/common/ketrong/tpotexp/env/lib/python3.10/site-packages/func_timeout/dafunc.py", line 108, in func_timeout
    raise_exception(exception)
  File "/common/ketrong/tpotexp/env/lib/python3.10/site-packages/func_timeout/py3_raise.py", line 7, in raise_exception
    raise exception[0] from None
  File "/common/ketrong/tpotexp/tpot2/tpot2/tpot_estimator/estimator.py", line 623, in objective_function
    return objective_function_generator(
  File "/common/ketrong/tpotexp/tpot2/tpot2/tpot_estimator/estimator_utils.py", line 55, in objective_function_generator
    cv_obj_scores = cross_val_score_objective(sklearn.base.clone(pipeline),x,y,scorers=scorers, cv=cv , fold=step)
  File "/common/ketrong/tpotexp/tpot2/tpot2/tpot_estimator/cross_val_utils.py", line 28, in cross_val_score_objective
    this_fold_pipeline.fit(X_train,y_train)
  File "/common/ketrong/tpotexp/env/lib/python3.10/site-packages/sklearn/base.py", line 1473, in wrapper
    return fit_method(estimator, *args, **kwargs)
  File "/common/ketrong/tpotexp/env/lib/python3.10/site-packages/sklearn/pipeline.py", line 473, in fit
    self._final_estimator.fit(Xt, y, **last_step_params["fit"])
  File "/common/ketrong/tpotexp/env/lib/python3.10/site-packages/sklearn/base.py", line 1466, in wrapper
    estimator._validate_params()
  File "/common/ketrong/tpotexp/env/lib/python3.10/site-packages/sklearn/base.py", line 666, in _validate_params
    validate_parameter_constraints(
  File "/common/ketrong/tpotexp/env/lib/python3.10/site-packages/sklearn/utils/_param_validation.py", line 95, in validate_parameter_constraints
    raise InvalidParameterError(
sklearn.utils._param_validation.InvalidParameterError: The 'criterion' parameter of ExtraTreesRegressor must be a str among {'friedman_mse', 'poisson', 'absolute_error', 'squared_error'}. Got 'mae' instead.

WARNING AN INDIVIDUAL TIMED OUT: 
 <tpot2.search_spaces.pipelines.sequential.SequentialPipelineIndividual object at 0x155475ba36a0> 

WARNING AN INDIVIDUAL TIMED OUT: 
 <tpot2.search_spaces.pipelines.sequential.SequentialPipelineIndividual object at 0x155475216ad0> 

Generation:  12
Best root_mean_squared_error score: -1.943614640901171
Generation:  48%|     | 12/25 [1:49:42<2:07:12, 587.09s/it]WARNING AN INDIVIDUAL TIMED OUT: 
 <tpot2.search_spaces.pipelines.sequential.SequentialPipelineIndividual object at 0x15545d94ec50> 

WARNING AN INDIVIDUAL TIMED OUT: 
 <tpot2.search_spaces.pipelines.sequential.SequentialPipelineIndividual object at 0x1554746f7340> 

WARNING AN INDIVIDUAL TIMED OUT: 
 <tpot2.search_spaces.pipelines.sequential.SequentialPipelineIndividual object at 0x155487889ae0> 

WARNING AN INDIVIDUAL TIMED OUT: 
 <tpot2.search_spaces.pipelines.sequential.SequentialPipelineIndividual object at 0x155475be7970> 

Generation:  13
Best root_mean_squared_error score: -1.943614640901171
Generation:  52%|    | 13/25 [1:59:48<1:58:34, 592.89s/it]WARNING THIS INDIVIDUAL CAUSED AND EXCEPTION 
 <tpot2.search_spaces.pipelines.sequential.SequentialPipelineIndividual object at 0x155475b469b0> 
 The 'criterion' parameter of RandomForestRegressor must be a str among {'friedman_mse', 'poisson', 'absolute_error', 'squared_error'}. Got 'mse' instead. 
 Traceback (most recent call last):
  File "/common/ketrong/tpotexp/tpot2/tpot2/utils/eval_utils.py", line 53, in objective_nan_wrapper
    value = func_timeout.func_timeout(timeout, objective_function, args=[individual], kwargs=objective_kwargs)
  File "/common/ketrong/tpotexp/env/lib/python3.10/site-packages/func_timeout/dafunc.py", line 108, in func_timeout
    raise_exception(exception)
  File "/common/ketrong/tpotexp/env/lib/python3.10/site-packages/func_timeout/py3_raise.py", line 7, in raise_exception
    raise exception[0] from None
  File "/common/ketrong/tpotexp/tpot2/tpot2/tpot_estimator/estimator.py", line 623, in objective_function
    return objective_function_generator(
  File "/common/ketrong/tpotexp/tpot2/tpot2/tpot_estimator/estimator_utils.py", line 55, in objective_function_generator
    cv_obj_scores = cross_val_score_objective(sklearn.base.clone(pipeline),x,y,scorers=scorers, cv=cv , fold=step)
  File "/common/ketrong/tpotexp/tpot2/tpot2/tpot_estimator/cross_val_utils.py", line 28, in cross_val_score_objective
    this_fold_pipeline.fit(X_train,y_train)
  File "/common/ketrong/tpotexp/env/lib/python3.10/site-packages/sklearn/base.py", line 1473, in wrapper
    return fit_method(estimator, *args, **kwargs)
  File "/common/ketrong/tpotexp/env/lib/python3.10/site-packages/sklearn/pipeline.py", line 473, in fit
    self._final_estimator.fit(Xt, y, **last_step_params["fit"])
  File "/common/ketrong/tpotexp/env/lib/python3.10/site-packages/sklearn/base.py", line 1466, in wrapper
    estimator._validate_params()
  File "/common/ketrong/tpotexp/env/lib/python3.10/site-packages/sklearn/base.py", line 666, in _validate_params
    validate_parameter_constraints(
  File "/common/ketrong/tpotexp/env/lib/python3.10/site-packages/sklearn/utils/_param_validation.py", line 95, in validate_parameter_constraints
    raise InvalidParameterError(
sklearn.utils._param_validation.InvalidParameterError: The 'criterion' parameter of RandomForestRegressor must be a str among {'friedman_mse', 'poisson', 'absolute_error', 'squared_error'}. Got 'mse' instead.

WARNING THIS INDIVIDUAL CAUSED AND EXCEPTION 
 <tpot2.search_spaces.pipelines.sequential.SequentialPipelineIndividual object at 0x155475b47940> 
 The 'criterion' parameter of ExtraTreesRegressor must be a str among {'friedman_mse', 'poisson', 'absolute_error', 'squared_error'}. Got 'mae' instead. 
 Traceback (most recent call last):
  File "/common/ketrong/tpotexp/tpot2/tpot2/utils/eval_utils.py", line 53, in objective_nan_wrapper
    value = func_timeout.func_timeout(timeout, objective_function, args=[individual], kwargs=objective_kwargs)
  File "/common/ketrong/tpotexp/env/lib/python3.10/site-packages/func_timeout/dafunc.py", line 108, in func_timeout
    raise_exception(exception)
  File "/common/ketrong/tpotexp/env/lib/python3.10/site-packages/func_timeout/py3_raise.py", line 7, in raise_exception
    raise exception[0] from None
  File "/common/ketrong/tpotexp/tpot2/tpot2/tpot_estimator/estimator.py", line 623, in objective_function
    return objective_function_generator(
  File "/common/ketrong/tpotexp/tpot2/tpot2/tpot_estimator/estimator_utils.py", line 55, in objective_function_generator
    cv_obj_scores = cross_val_score_objective(sklearn.base.clone(pipeline),x,y,scorers=scorers, cv=cv , fold=step)
  File "/common/ketrong/tpotexp/tpot2/tpot2/tpot_estimator/cross_val_utils.py", line 28, in cross_val_score_objective
    this_fold_pipeline.fit(X_train,y_train)
  File "/common/ketrong/tpotexp/env/lib/python3.10/site-packages/sklearn/base.py", line 1473, in wrapper
    return fit_method(estimator, *args, **kwargs)
  File "/common/ketrong/tpotexp/env/lib/python3.10/site-packages/sklearn/pipeline.py", line 473, in fit
    self._final_estimator.fit(Xt, y, **last_step_params["fit"])
  File "/common/ketrong/tpotexp/env/lib/python3.10/site-packages/sklearn/base.py", line 1466, in wrapper
    estimator._validate_params()
  File "/common/ketrong/tpotexp/env/lib/python3.10/site-packages/sklearn/base.py", line 666, in _validate_params
    validate_parameter_constraints(
  File "/common/ketrong/tpotexp/env/lib/python3.10/site-packages/sklearn/utils/_param_validation.py", line 95, in validate_parameter_constraints
    raise InvalidParameterError(
sklearn.utils._param_validation.InvalidParameterError: The 'criterion' parameter of ExtraTreesRegressor must be a str among {'friedman_mse', 'poisson', 'absolute_error', 'squared_error'}. Got 'mae' instead.

WARNING THIS INDIVIDUAL CAUSED AND EXCEPTION 
 <tpot2.search_spaces.pipelines.sequential.SequentialPipelineIndividual object at 0x1554747cbf10> 
 The 'criterion' parameter of RandomForestRegressor must be a str among {'friedman_mse', 'poisson', 'absolute_error', 'squared_error'}. Got 'mae' instead. 
 Traceback (most recent call last):
  File "/common/ketrong/tpotexp/tpot2/tpot2/utils/eval_utils.py", line 53, in objective_nan_wrapper
    value = func_timeout.func_timeout(timeout, objective_function, args=[individual], kwargs=objective_kwargs)
  File "/common/ketrong/tpotexp/env/lib/python3.10/site-packages/func_timeout/dafunc.py", line 108, in func_timeout
    raise_exception(exception)
  File "/common/ketrong/tpotexp/env/lib/python3.10/site-packages/func_timeout/py3_raise.py", line 7, in raise_exception
    raise exception[0] from None
  File "/common/ketrong/tpotexp/tpot2/tpot2/tpot_estimator/estimator.py", line 623, in objective_function
    return objective_function_generator(
  File "/common/ketrong/tpotexp/tpot2/tpot2/tpot_estimator/estimator_utils.py", line 55, in objective_function_generator
    cv_obj_scores = cross_val_score_objective(sklearn.base.clone(pipeline),x,y,scorers=scorers, cv=cv , fold=step)
  File "/common/ketrong/tpotexp/tpot2/tpot2/tpot_estimator/cross_val_utils.py", line 28, in cross_val_score_objective
    this_fold_pipeline.fit(X_train,y_train)
  File "/common/ketrong/tpotexp/env/lib/python3.10/site-packages/sklearn/base.py", line 1473, in wrapper
    return fit_method(estimator, *args, **kwargs)
  File "/common/ketrong/tpotexp/env/lib/python3.10/site-packages/sklearn/pipeline.py", line 473, in fit
    self._final_estimator.fit(Xt, y, **last_step_params["fit"])
  File "/common/ketrong/tpotexp/env/lib/python3.10/site-packages/sklearn/base.py", line 1466, in wrapper
    estimator._validate_params()
  File "/common/ketrong/tpotexp/env/lib/python3.10/site-packages/sklearn/base.py", line 666, in _validate_params
    validate_parameter_constraints(
  File "/common/ketrong/tpotexp/env/lib/python3.10/site-packages/sklearn/utils/_param_validation.py", line 95, in validate_parameter_constraints
    raise InvalidParameterError(
sklearn.utils._param_validation.InvalidParameterError: The 'criterion' parameter of RandomForestRegressor must be a str among {'friedman_mse', 'poisson', 'absolute_error', 'squared_error'}. Got 'mae' instead.

WARNING AN INDIVIDUAL TIMED OUT: 
 <tpot2.search_spaces.pipelines.sequential.SequentialPipelineIndividual object at 0x15545bfeea10> 

Generation:  14
Best root_mean_squared_error score: -1.943614640901171
Generation:  56%|    | 14/25 [2:09:54<1:49:24, 596.77s/it]WARNING THIS INDIVIDUAL CAUSED AND EXCEPTION 
 <tpot2.search_spaces.pipelines.sequential.SequentialPipelineIndividual object at 0x15545df7fa90> 
 The 'criterion' parameter of DecisionTreeRegressor must be a str among {'friedman_mse', 'poisson', 'absolute_error', 'squared_error'}. Got 'mae' instead. 
 Traceback (most recent call last):
  File "/common/ketrong/tpotexp/tpot2/tpot2/utils/eval_utils.py", line 53, in objective_nan_wrapper
    value = func_timeout.func_timeout(timeout, objective_function, args=[individual], kwargs=objective_kwargs)
  File "/common/ketrong/tpotexp/env/lib/python3.10/site-packages/func_timeout/dafunc.py", line 108, in func_timeout
    raise_exception(exception)
  File "/common/ketrong/tpotexp/env/lib/python3.10/site-packages/func_timeout/py3_raise.py", line 7, in raise_exception
    raise exception[0] from None
  File "/common/ketrong/tpotexp/tpot2/tpot2/tpot_estimator/estimator.py", line 623, in objective_function
    return objective_function_generator(
  File "/common/ketrong/tpotexp/tpot2/tpot2/tpot_estimator/estimator_utils.py", line 55, in objective_function_generator
    cv_obj_scores = cross_val_score_objective(sklearn.base.clone(pipeline),x,y,scorers=scorers, cv=cv , fold=step)
  File "/common/ketrong/tpotexp/tpot2/tpot2/tpot_estimator/cross_val_utils.py", line 28, in cross_val_score_objective
    this_fold_pipeline.fit(X_train,y_train)
  File "/common/ketrong/tpotexp/env/lib/python3.10/site-packages/sklearn/base.py", line 1473, in wrapper
    return fit_method(estimator, *args, **kwargs)
  File "/common/ketrong/tpotexp/env/lib/python3.10/site-packages/sklearn/pipeline.py", line 473, in fit
    self._final_estimator.fit(Xt, y, **last_step_params["fit"])
  File "/common/ketrong/tpotexp/env/lib/python3.10/site-packages/sklearn/base.py", line 1466, in wrapper
    estimator._validate_params()
  File "/common/ketrong/tpotexp/env/lib/python3.10/site-packages/sklearn/base.py", line 666, in _validate_params
    validate_parameter_constraints(
  File "/common/ketrong/tpotexp/env/lib/python3.10/site-packages/sklearn/utils/_param_validation.py", line 95, in validate_parameter_constraints
    raise InvalidParameterError(
sklearn.utils._param_validation.InvalidParameterError: The 'criterion' parameter of DecisionTreeRegressor must be a str among {'friedman_mse', 'poisson', 'absolute_error', 'squared_error'}. Got 'mae' instead.

Generation:  15
Best root_mean_squared_error score: -1.943614640901171
Generation:  60%|    | 15/25 [2:19:25<1:38:10, 589.01s/it]WARNING THIS INDIVIDUAL CAUSED AND EXCEPTION 
 <tpot2.search_spaces.pipelines.sequential.SequentialPipelineIndividual object at 0x15545ad9d750> 
 The 'criterion' parameter of ExtraTreesRegressor must be a str among {'friedman_mse', 'poisson', 'absolute_error', 'squared_error'}. Got 'mae' instead. 
 Traceback (most recent call last):
  File "/common/ketrong/tpotexp/tpot2/tpot2/utils/eval_utils.py", line 53, in objective_nan_wrapper
    value = func_timeout.func_timeout(timeout, objective_function, args=[individual], kwargs=objective_kwargs)
  File "/common/ketrong/tpotexp/env/lib/python3.10/site-packages/func_timeout/dafunc.py", line 108, in func_timeout
    raise_exception(exception)
  File "/common/ketrong/tpotexp/env/lib/python3.10/site-packages/func_timeout/py3_raise.py", line 7, in raise_exception
    raise exception[0] from None
  File "/common/ketrong/tpotexp/tpot2/tpot2/tpot_estimator/estimator.py", line 623, in objective_function
    return objective_function_generator(
  File "/common/ketrong/tpotexp/tpot2/tpot2/tpot_estimator/estimator_utils.py", line 55, in objective_function_generator
    cv_obj_scores = cross_val_score_objective(sklearn.base.clone(pipeline),x,y,scorers=scorers, cv=cv , fold=step)
  File "/common/ketrong/tpotexp/tpot2/tpot2/tpot_estimator/cross_val_utils.py", line 28, in cross_val_score_objective
    this_fold_pipeline.fit(X_train,y_train)
  File "/common/ketrong/tpotexp/env/lib/python3.10/site-packages/sklearn/base.py", line 1473, in wrapper
    return fit_method(estimator, *args, **kwargs)
  File "/common/ketrong/tpotexp/env/lib/python3.10/site-packages/sklearn/pipeline.py", line 473, in fit
    self._final_estimator.fit(Xt, y, **last_step_params["fit"])
  File "/common/ketrong/tpotexp/env/lib/python3.10/site-packages/sklearn/base.py", line 1466, in wrapper
    estimator._validate_params()
  File "/common/ketrong/tpotexp/env/lib/python3.10/site-packages/sklearn/base.py", line 666, in _validate_params
    validate_parameter_constraints(
  File "/common/ketrong/tpotexp/env/lib/python3.10/site-packages/sklearn/utils/_param_validation.py", line 95, in validate_parameter_constraints
    raise InvalidParameterError(
sklearn.utils._param_validation.InvalidParameterError: The 'criterion' parameter of ExtraTreesRegressor must be a str among {'friedman_mse', 'poisson', 'absolute_error', 'squared_error'}. Got 'mae' instead.

WARNING AN INDIVIDUAL TIMED OUT: 
 <tpot2.search_spaces.pipelines.sequential.SequentialPipelineIndividual object at 0x155475b42890> 

WARNING AN INDIVIDUAL TIMED OUT: 
 <tpot2.search_spaces.pipelines.sequential.SequentialPipelineIndividual object at 0x15547470f580> 

Generation:  16
Best root_mean_squared_error score: -1.943614640901171
Generation:  64%|   | 16/25 [2:29:32<1:29:10, 594.45s/it]Generation:  17
Best root_mean_squared_error score: -1.943614640901171
Generation:  68%|   | 17/25 [2:39:05<1:18:24, 588.02s/it]WARNING AN INDIVIDUAL TIMED OUT: 
 <tpot2.search_spaces.pipelines.sequential.SequentialPipelineIndividual object at 0x155475b42860> 

WARNING AN INDIVIDUAL TIMED OUT: 
 <tpot2.search_spaces.pipelines.sequential.SequentialPipelineIndividual object at 0x15545dab7850> 

Generation:  18
Best root_mean_squared_error score: -1.9427908849243163
Generation:  72%|  | 18/25 [2:49:12<1:09:16, 593.77s/it]WARNING THIS INDIVIDUAL CAUSED AND EXCEPTION 
 <tpot2.search_spaces.pipelines.sequential.SequentialPipelineIndividual object at 0x155474713fd0> 
 The 'criterion' parameter of RandomForestRegressor must be a str among {'friedman_mse', 'poisson', 'absolute_error', 'squared_error'}. Got 'mse' instead. 
 Traceback (most recent call last):
  File "/common/ketrong/tpotexp/tpot2/tpot2/utils/eval_utils.py", line 53, in objective_nan_wrapper
    value = func_timeout.func_timeout(timeout, objective_function, args=[individual], kwargs=objective_kwargs)
  File "/common/ketrong/tpotexp/env/lib/python3.10/site-packages/func_timeout/dafunc.py", line 108, in func_timeout
    raise_exception(exception)
  File "/common/ketrong/tpotexp/env/lib/python3.10/site-packages/func_timeout/py3_raise.py", line 7, in raise_exception
    raise exception[0] from None
  File "/common/ketrong/tpotexp/tpot2/tpot2/tpot_estimator/estimator.py", line 623, in objective_function
    return objective_function_generator(
  File "/common/ketrong/tpotexp/tpot2/tpot2/tpot_estimator/estimator_utils.py", line 55, in objective_function_generator
    cv_obj_scores = cross_val_score_objective(sklearn.base.clone(pipeline),x,y,scorers=scorers, cv=cv , fold=step)
  File "/common/ketrong/tpotexp/tpot2/tpot2/tpot_estimator/cross_val_utils.py", line 28, in cross_val_score_objective
    this_fold_pipeline.fit(X_train,y_train)
  File "/common/ketrong/tpotexp/env/lib/python3.10/site-packages/sklearn/base.py", line 1473, in wrapper
    return fit_method(estimator, *args, **kwargs)
  File "/common/ketrong/tpotexp/env/lib/python3.10/site-packages/sklearn/pipeline.py", line 473, in fit
    self._final_estimator.fit(Xt, y, **last_step_params["fit"])
  File "/common/ketrong/tpotexp/env/lib/python3.10/site-packages/sklearn/base.py", line 1466, in wrapper
    estimator._validate_params()
  File "/common/ketrong/tpotexp/env/lib/python3.10/site-packages/sklearn/base.py", line 666, in _validate_params
    validate_parameter_constraints(
  File "/common/ketrong/tpotexp/env/lib/python3.10/site-packages/sklearn/utils/_param_validation.py", line 95, in validate_parameter_constraints
    raise InvalidParameterError(
sklearn.utils._param_validation.InvalidParameterError: The 'criterion' parameter of RandomForestRegressor must be a str among {'friedman_mse', 'poisson', 'absolute_error', 'squared_error'}. Got 'mse' instead.

WARNING AN INDIVIDUAL TIMED OUT: 
 <tpot2.search_spaces.pipelines.sequential.SequentialPipelineIndividual object at 0x155475b42560> 

WARNING AN INDIVIDUAL TIMED OUT: 
 <tpot2.search_spaces.pipelines.sequential.SequentialPipelineIndividual object at 0x15547549cf40> 

Generation:  19
Best root_mean_squared_error score: -1.9427908849243163
Generation:  76%|  | 19/25 [2:59:20<59:47, 597.95s/it]  WARNING AN INDIVIDUAL TIMED OUT: 
 <tpot2.search_spaces.pipelines.sequential.SequentialPipelineIndividual object at 0x155475bffca0> 

WARNING AN INDIVIDUAL TIMED OUT: 
 <tpot2.search_spaces.pipelines.sequential.SequentialPipelineIndividual object at 0x155475429420> 

WARNING AN INDIVIDUAL TIMED OUT: 
 <tpot2.search_spaces.pipelines.sequential.SequentialPipelineIndividual object at 0x15545d9a0880> 

Generation:  20
Best root_mean_squared_error score: -1.9427908849243163
Generation:  80%|  | 20/25 [3:09:28<50:05, 601.03s/it]WARNING AN INDIVIDUAL TIMED OUT: 
 <tpot2.search_spaces.pipelines.sequential.SequentialPipelineIndividual object at 0x15545da134c0> 

WARNING AN INDIVIDUAL TIMED OUT: 
 <tpot2.search_spaces.pipelines.sequential.SequentialPipelineIndividual object at 0x155475c00340> 

Generation:  21
Best root_mean_squared_error score: -1.9427908849243163
Generation:  84%| | 21/25 [3:19:36<40:12, 603.06s/it]WARNING THIS INDIVIDUAL CAUSED AND EXCEPTION 
 <tpot2.search_spaces.pipelines.sequential.SequentialPipelineIndividual object at 0x1554747a5240> 
 The 'criterion' parameter of ExtraTreesRegressor must be a str among {'friedman_mse', 'poisson', 'absolute_error', 'squared_error'}. Got 'mae' instead. 
 Traceback (most recent call last):
  File "/common/ketrong/tpotexp/tpot2/tpot2/utils/eval_utils.py", line 53, in objective_nan_wrapper
    value = func_timeout.func_timeout(timeout, objective_function, args=[individual], kwargs=objective_kwargs)
  File "/common/ketrong/tpotexp/env/lib/python3.10/site-packages/func_timeout/dafunc.py", line 108, in func_timeout
    raise_exception(exception)
  File "/common/ketrong/tpotexp/env/lib/python3.10/site-packages/func_timeout/py3_raise.py", line 7, in raise_exception
    raise exception[0] from None
  File "/common/ketrong/tpotexp/tpot2/tpot2/tpot_estimator/estimator.py", line 623, in objective_function
    return objective_function_generator(
  File "/common/ketrong/tpotexp/tpot2/tpot2/tpot_estimator/estimator_utils.py", line 55, in objective_function_generator
    cv_obj_scores = cross_val_score_objective(sklearn.base.clone(pipeline),x,y,scorers=scorers, cv=cv , fold=step)
  File "/common/ketrong/tpotexp/tpot2/tpot2/tpot_estimator/cross_val_utils.py", line 28, in cross_val_score_objective
    this_fold_pipeline.fit(X_train,y_train)
  File "/common/ketrong/tpotexp/env/lib/python3.10/site-packages/sklearn/base.py", line 1473, in wrapper
    return fit_method(estimator, *args, **kwargs)
  File "/common/ketrong/tpotexp/env/lib/python3.10/site-packages/sklearn/pipeline.py", line 473, in fit
    self._final_estimator.fit(Xt, y, **last_step_params["fit"])
  File "/common/ketrong/tpotexp/env/lib/python3.10/site-packages/sklearn/base.py", line 1466, in wrapper
    estimator._validate_params()
  File "/common/ketrong/tpotexp/env/lib/python3.10/site-packages/sklearn/base.py", line 666, in _validate_params
    validate_parameter_constraints(
  File "/common/ketrong/tpotexp/env/lib/python3.10/site-packages/sklearn/utils/_param_validation.py", line 95, in validate_parameter_constraints
    raise InvalidParameterError(
sklearn.utils._param_validation.InvalidParameterError: The 'criterion' parameter of ExtraTreesRegressor must be a str among {'friedman_mse', 'poisson', 'absolute_error', 'squared_error'}. Got 'mae' instead.

WARNING THIS INDIVIDUAL CAUSED AND EXCEPTION 
 <tpot2.search_spaces.pipelines.sequential.SequentialPipelineIndividual object at 0x15545be32da0> 
 The 'criterion' parameter of ExtraTreesRegressor must be a str among {'friedman_mse', 'poisson', 'absolute_error', 'squared_error'}. Got 'mae' instead. 
 Traceback (most recent call last):
  File "/common/ketrong/tpotexp/tpot2/tpot2/utils/eval_utils.py", line 53, in objective_nan_wrapper
    value = func_timeout.func_timeout(timeout, objective_function, args=[individual], kwargs=objective_kwargs)
  File "/common/ketrong/tpotexp/env/lib/python3.10/site-packages/func_timeout/dafunc.py", line 108, in func_timeout
    raise_exception(exception)
  File "/common/ketrong/tpotexp/env/lib/python3.10/site-packages/func_timeout/py3_raise.py", line 7, in raise_exception
    raise exception[0] from None
  File "/common/ketrong/tpotexp/tpot2/tpot2/tpot_estimator/estimator.py", line 623, in objective_function
    return objective_function_generator(
  File "/common/ketrong/tpotexp/tpot2/tpot2/tpot_estimator/estimator_utils.py", line 55, in objective_function_generator
    cv_obj_scores = cross_val_score_objective(sklearn.base.clone(pipeline),x,y,scorers=scorers, cv=cv , fold=step)
  File "/common/ketrong/tpotexp/tpot2/tpot2/tpot_estimator/cross_val_utils.py", line 28, in cross_val_score_objective
    this_fold_pipeline.fit(X_train,y_train)
  File "/common/ketrong/tpotexp/env/lib/python3.10/site-packages/sklearn/base.py", line 1473, in wrapper
    return fit_method(estimator, *args, **kwargs)
  File "/common/ketrong/tpotexp/env/lib/python3.10/site-packages/sklearn/pipeline.py", line 473, in fit
    self._final_estimator.fit(Xt, y, **last_step_params["fit"])
  File "/common/ketrong/tpotexp/env/lib/python3.10/site-packages/sklearn/base.py", line 1466, in wrapper
    estimator._validate_params()
  File "/common/ketrong/tpotexp/env/lib/python3.10/site-packages/sklearn/base.py", line 666, in _validate_params
    validate_parameter_constraints(
  File "/common/ketrong/tpotexp/env/lib/python3.10/site-packages/sklearn/utils/_param_validation.py", line 95, in validate_parameter_constraints
    raise InvalidParameterError(
sklearn.utils._param_validation.InvalidParameterError: The 'criterion' parameter of ExtraTreesRegressor must be a str among {'friedman_mse', 'poisson', 'absolute_error', 'squared_error'}. Got 'mae' instead.

WARNING AN INDIVIDUAL TIMED OUT: 
 <tpot2.search_spaces.pipelines.sequential.SequentialPipelineIndividual object at 0x15545d4dfee0> 

WARNING AN INDIVIDUAL TIMED OUT: 
 <tpot2.search_spaces.pipelines.sequential.SequentialPipelineIndividual object at 0x1554748e1780> 

WARNING AN INDIVIDUAL TIMED OUT: 
 <tpot2.search_spaces.pipelines.sequential.SequentialPipelineIndividual object at 0x155475bbf580> 

Generation:  22
Best root_mean_squared_error score: -1.9427908849243163
Generation:  88%| | 22/25 [3:29:44<30:14, 604.71s/it]WARNING THIS INDIVIDUAL CAUSED AND EXCEPTION 
 <tpot2.search_spaces.pipelines.sequential.SequentialPipelineIndividual object at 0x15545d87dde0> 
 The 'criterion' parameter of RandomForestRegressor must be a str among {'friedman_mse', 'poisson', 'absolute_error', 'squared_error'}. Got 'mae' instead. 
 Traceback (most recent call last):
  File "/common/ketrong/tpotexp/tpot2/tpot2/utils/eval_utils.py", line 53, in objective_nan_wrapper
    value = func_timeout.func_timeout(timeout, objective_function, args=[individual], kwargs=objective_kwargs)
  File "/common/ketrong/tpotexp/env/lib/python3.10/site-packages/func_timeout/dafunc.py", line 108, in func_timeout
    raise_exception(exception)
  File "/common/ketrong/tpotexp/env/lib/python3.10/site-packages/func_timeout/py3_raise.py", line 7, in raise_exception
    raise exception[0] from None
  File "/common/ketrong/tpotexp/tpot2/tpot2/tpot_estimator/estimator.py", line 623, in objective_function
    return objective_function_generator(
  File "/common/ketrong/tpotexp/tpot2/tpot2/tpot_estimator/estimator_utils.py", line 55, in objective_function_generator
    cv_obj_scores = cross_val_score_objective(sklearn.base.clone(pipeline),x,y,scorers=scorers, cv=cv , fold=step)
  File "/common/ketrong/tpotexp/tpot2/tpot2/tpot_estimator/cross_val_utils.py", line 28, in cross_val_score_objective
    this_fold_pipeline.fit(X_train,y_train)
  File "/common/ketrong/tpotexp/env/lib/python3.10/site-packages/sklearn/base.py", line 1473, in wrapper
    return fit_method(estimator, *args, **kwargs)
  File "/common/ketrong/tpotexp/env/lib/python3.10/site-packages/sklearn/pipeline.py", line 473, in fit
    self._final_estimator.fit(Xt, y, **last_step_params["fit"])
  File "/common/ketrong/tpotexp/env/lib/python3.10/site-packages/sklearn/base.py", line 1466, in wrapper
    estimator._validate_params()
  File "/common/ketrong/tpotexp/env/lib/python3.10/site-packages/sklearn/base.py", line 666, in _validate_params
    validate_parameter_constraints(
  File "/common/ketrong/tpotexp/env/lib/python3.10/site-packages/sklearn/utils/_param_validation.py", line 95, in validate_parameter_constraints
    raise InvalidParameterError(
sklearn.utils._param_validation.InvalidParameterError: The 'criterion' parameter of RandomForestRegressor must be a str among {'friedman_mse', 'poisson', 'absolute_error', 'squared_error'}. Got 'mae' instead.

WARNING THIS INDIVIDUAL CAUSED AND EXCEPTION 
 <tpot2.search_spaces.pipelines.sequential.SequentialPipelineIndividual object at 0x155475b42f80> 
 The 'criterion' parameter of RandomForestRegressor must be a str among {'friedman_mse', 'poisson', 'absolute_error', 'squared_error'}. Got 'mae' instead. 
 Traceback (most recent call last):
  File "/common/ketrong/tpotexp/tpot2/tpot2/utils/eval_utils.py", line 53, in objective_nan_wrapper
    value = func_timeout.func_timeout(timeout, objective_function, args=[individual], kwargs=objective_kwargs)
  File "/common/ketrong/tpotexp/env/lib/python3.10/site-packages/func_timeout/dafunc.py", line 108, in func_timeout
    raise_exception(exception)
  File "/common/ketrong/tpotexp/env/lib/python3.10/site-packages/func_timeout/py3_raise.py", line 7, in raise_exception
    raise exception[0] from None
  File "/common/ketrong/tpotexp/tpot2/tpot2/tpot_estimator/estimator.py", line 623, in objective_function
    return objective_function_generator(
  File "/common/ketrong/tpotexp/tpot2/tpot2/tpot_estimator/estimator_utils.py", line 55, in objective_function_generator
    cv_obj_scores = cross_val_score_objective(sklearn.base.clone(pipeline),x,y,scorers=scorers, cv=cv , fold=step)
  File "/common/ketrong/tpotexp/tpot2/tpot2/tpot_estimator/cross_val_utils.py", line 28, in cross_val_score_objective
    this_fold_pipeline.fit(X_train,y_train)
  File "/common/ketrong/tpotexp/env/lib/python3.10/site-packages/sklearn/base.py", line 1473, in wrapper
    return fit_method(estimator, *args, **kwargs)
  File "/common/ketrong/tpotexp/env/lib/python3.10/site-packages/sklearn/pipeline.py", line 473, in fit
    self._final_estimator.fit(Xt, y, **last_step_params["fit"])
  File "/common/ketrong/tpotexp/env/lib/python3.10/site-packages/sklearn/base.py", line 1466, in wrapper
    estimator._validate_params()
  File "/common/ketrong/tpotexp/env/lib/python3.10/site-packages/sklearn/base.py", line 666, in _validate_params
    validate_parameter_constraints(
  File "/common/ketrong/tpotexp/env/lib/python3.10/site-packages/sklearn/utils/_param_validation.py", line 95, in validate_parameter_constraints
    raise InvalidParameterError(
sklearn.utils._param_validation.InvalidParameterError: The 'criterion' parameter of RandomForestRegressor must be a str among {'friedman_mse', 'poisson', 'absolute_error', 'squared_error'}. Got 'mae' instead.

WARNING AN INDIVIDUAL TIMED OUT: 
 <tpot2.search_spaces.pipelines.sequential.SequentialPipelineIndividual object at 0x1554754c0880> 

WARNING AN INDIVIDUAL TIMED OUT: 
 <tpot2.search_spaces.pipelines.sequential.SequentialPipelineIndividual object at 0x15545d9b34f0> 

Generation:  23
Best root_mean_squared_error score: -1.9427908849243163
Generation:  92%|| 23/25 [3:39:53<20:11, 605.94s/it]WARNING THIS INDIVIDUAL CAUSED AND EXCEPTION 
 <tpot2.search_spaces.pipelines.sequential.SequentialPipelineIndividual object at 0x15545dcaf820> 
 The 'criterion' parameter of DecisionTreeRegressor must be a str among {'friedman_mse', 'poisson', 'absolute_error', 'squared_error'}. Got 'mae' instead. 
 Traceback (most recent call last):
  File "/common/ketrong/tpotexp/tpot2/tpot2/utils/eval_utils.py", line 53, in objective_nan_wrapper
    value = func_timeout.func_timeout(timeout, objective_function, args=[individual], kwargs=objective_kwargs)
  File "/common/ketrong/tpotexp/env/lib/python3.10/site-packages/func_timeout/dafunc.py", line 108, in func_timeout
    raise_exception(exception)
  File "/common/ketrong/tpotexp/env/lib/python3.10/site-packages/func_timeout/py3_raise.py", line 7, in raise_exception
    raise exception[0] from None
  File "/common/ketrong/tpotexp/tpot2/tpot2/tpot_estimator/estimator.py", line 623, in objective_function
    return objective_function_generator(
  File "/common/ketrong/tpotexp/tpot2/tpot2/tpot_estimator/estimator_utils.py", line 55, in objective_function_generator
    cv_obj_scores = cross_val_score_objective(sklearn.base.clone(pipeline),x,y,scorers=scorers, cv=cv , fold=step)
  File "/common/ketrong/tpotexp/tpot2/tpot2/tpot_estimator/cross_val_utils.py", line 28, in cross_val_score_objective
    this_fold_pipeline.fit(X_train,y_train)
  File "/common/ketrong/tpotexp/env/lib/python3.10/site-packages/sklearn/base.py", line 1473, in wrapper
    return fit_method(estimator, *args, **kwargs)
  File "/common/ketrong/tpotexp/env/lib/python3.10/site-packages/sklearn/pipeline.py", line 473, in fit
    self._final_estimator.fit(Xt, y, **last_step_params["fit"])
  File "/common/ketrong/tpotexp/env/lib/python3.10/site-packages/sklearn/base.py", line 1466, in wrapper
    estimator._validate_params()
  File "/common/ketrong/tpotexp/env/lib/python3.10/site-packages/sklearn/base.py", line 666, in _validate_params
    validate_parameter_constraints(
  File "/common/ketrong/tpotexp/env/lib/python3.10/site-packages/sklearn/utils/_param_validation.py", line 95, in validate_parameter_constraints
    raise InvalidParameterError(
sklearn.utils._param_validation.InvalidParameterError: The 'criterion' parameter of DecisionTreeRegressor must be a str among {'friedman_mse', 'poisson', 'absolute_error', 'squared_error'}. Got 'mae' instead.

WARNING THIS INDIVIDUAL CAUSED AND EXCEPTION 
 <tpot2.search_spaces.pipelines.sequential.SequentialPipelineIndividual object at 0x15545bffdb10> 
 The 'criterion' parameter of RandomForestRegressor must be a str among {'friedman_mse', 'poisson', 'absolute_error', 'squared_error'}. Got 'mse' instead. 
 Traceback (most recent call last):
  File "/common/ketrong/tpotexp/tpot2/tpot2/utils/eval_utils.py", line 53, in objective_nan_wrapper
    value = func_timeout.func_timeout(timeout, objective_function, args=[individual], kwargs=objective_kwargs)
  File "/common/ketrong/tpotexp/env/lib/python3.10/site-packages/func_timeout/dafunc.py", line 108, in func_timeout
    raise_exception(exception)
  File "/common/ketrong/tpotexp/env/lib/python3.10/site-packages/func_timeout/py3_raise.py", line 7, in raise_exception
    raise exception[0] from None
  File "/common/ketrong/tpotexp/tpot2/tpot2/tpot_estimator/estimator.py", line 623, in objective_function
    return objective_function_generator(
  File "/common/ketrong/tpotexp/tpot2/tpot2/tpot_estimator/estimator_utils.py", line 55, in objective_function_generator
    cv_obj_scores = cross_val_score_objective(sklearn.base.clone(pipeline),x,y,scorers=scorers, cv=cv , fold=step)
  File "/common/ketrong/tpotexp/tpot2/tpot2/tpot_estimator/cross_val_utils.py", line 28, in cross_val_score_objective
    this_fold_pipeline.fit(X_train,y_train)
  File "/common/ketrong/tpotexp/env/lib/python3.10/site-packages/sklearn/base.py", line 1473, in wrapper
    return fit_method(estimator, *args, **kwargs)
  File "/common/ketrong/tpotexp/env/lib/python3.10/site-packages/sklearn/pipeline.py", line 473, in fit
    self._final_estimator.fit(Xt, y, **last_step_params["fit"])
  File "/common/ketrong/tpotexp/env/lib/python3.10/site-packages/sklearn/base.py", line 1466, in wrapper
    estimator._validate_params()
  File "/common/ketrong/tpotexp/env/lib/python3.10/site-packages/sklearn/base.py", line 666, in _validate_params
    validate_parameter_constraints(
  File "/common/ketrong/tpotexp/env/lib/python3.10/site-packages/sklearn/utils/_param_validation.py", line 95, in validate_parameter_constraints
    raise InvalidParameterError(
sklearn.utils._param_validation.InvalidParameterError: The 'criterion' parameter of RandomForestRegressor must be a str among {'friedman_mse', 'poisson', 'absolute_error', 'squared_error'}. Got 'mse' instead.

WARNING AN INDIVIDUAL TIMED OUT: 
 <tpot2.search_spaces.pipelines.sequential.SequentialPipelineIndividual object at 0x155475bca440> 

WARNING AN INDIVIDUAL TIMED OUT: 
 <tpot2.search_spaces.pipelines.sequential.SequentialPipelineIndividual object at 0x15545de77130> 

Generation:  24
Best root_mean_squared_error score: -1.9427908849243163
Generation:  96%|| 24/25 [3:50:02<10:06, 606.87s/it]WARNING AN INDIVIDUAL TIMED OUT: 
 <tpot2.search_spaces.pipelines.sequential.SequentialPipelineIndividual object at 0x1554755000d0> 

WARNING AN INDIVIDUAL TIMED OUT: 
 <tpot2.search_spaces.pipelines.sequential.SequentialPipelineIndividual object at 0x1554754f2f80> 

Generation:  25
Best root_mean_squared_error score: -1.9427908849243163
Generation: 100%|| 25/25 [4:00:11<00:00, 607.46s/it]Generation: 100%|| 25/25 [4:00:13<00:00, 576.55s/it]
2024-08-27 02:42:30,971 - distributed.scheduler - ERROR - Removing worker 'tcp://127.0.0.1:38375' caused the cluster to lose scattered data, which can't be recovered: {'DataFrame-4f525155b0aa986c71f0c103cfaa5d45', 'ndarray-4ef1d081401475c988c108f7f96ff954'} (stimulus_id='handle-worker-cleanup-1724751750.9710157')
Fitted
Pipeline(steps=[('xgbregressor',
                 XGBRegressor(base_score=None, booster=None, callbacks=None,
                              colsample_bylevel=None, colsample_bynode=None,
                              colsample_bytree=None, device=None,
                              early_stopping_rounds=None,
                              enable_categorical=False, eval_metric=None,
                              feature_types=None, gamma=0.0409999340313,
                              grow_policy=None, importance_type=None,
                              interaction_constraints=None,
                              learning_rate=0.0792101403862, max_bin=None,
                              max_cat_threshold=None, max_cat_to_onehot=None,
                              max_delta_step=None, max_depth=5, max_leaves=None,
                              min_child_weight=20, missing=nan,
                              monotone_constraints=None, multi_strategy=None,
                              n_estimators=100, n_jobs=1, nthread=1,
                              num_parallel_tree=None, ...))])
score start
train score: {'explained_var': 0.8132014569951724, 'r2': 0.8132014274597168, 'rmse': 1.8997091953608365}
original test score: {'explained_var': 0.945065655944239, 'r2': 0.9450192451477051, 'rmse': 1.023888992572333}
imputed test score: {'explained_var': 0.8577742517978382, 'r2': 0.857683539390564, 'rmse': 1.6473091992152689}
score end
check intended
EXP2 Finished
running experiment 3/3 - What is the best automl settings?
<tpot2.search_spaces.pipelines.sequential.SequentialPipeline object at 0x15543038f010>
Start tpot fit
  0%|          | 0/25 [00:00<?, ?it/s]Generation:   0%|          | 0/25 [00:00<?, ?it/s]WARNING THIS INDIVIDUAL CAUSED AND EXCEPTION 
 <tpot2.search_spaces.pipelines.sequential.SequentialPipelineIndividual object at 0x155475b427d0> 
 The 'criterion' parameter of RandomForestRegressor must be a str among {'friedman_mse', 'poisson', 'absolute_error', 'squared_error'}. Got 'mse' instead. 
 Traceback (most recent call last):
  File "/common/ketrong/tpotexp/tpot2/tpot2/utils/eval_utils.py", line 53, in objective_nan_wrapper
    value = func_timeout.func_timeout(timeout, objective_function, args=[individual], kwargs=objective_kwargs)
  File "/common/ketrong/tpotexp/env/lib/python3.10/site-packages/func_timeout/dafunc.py", line 108, in func_timeout
    raise_exception(exception)
  File "/common/ketrong/tpotexp/env/lib/python3.10/site-packages/func_timeout/py3_raise.py", line 7, in raise_exception
    raise exception[0] from None
  File "/common/ketrong/tpotexp/tpot2/tpot2/tpot_estimator/estimator.py", line 623, in objective_function
    return objective_function_generator(
  File "/common/ketrong/tpotexp/tpot2/tpot2/tpot_estimator/estimator_utils.py", line 55, in objective_function_generator
    cv_obj_scores = cross_val_score_objective(sklearn.base.clone(pipeline),x,y,scorers=scorers, cv=cv , fold=step)
  File "/common/ketrong/tpotexp/tpot2/tpot2/tpot_estimator/cross_val_utils.py", line 28, in cross_val_score_objective
    this_fold_pipeline.fit(X_train,y_train)
  File "/common/ketrong/tpotexp/env/lib/python3.10/site-packages/sklearn/base.py", line 1473, in wrapper
    return fit_method(estimator, *args, **kwargs)
  File "/common/ketrong/tpotexp/env/lib/python3.10/site-packages/sklearn/pipeline.py", line 473, in fit
    self._final_estimator.fit(Xt, y, **last_step_params["fit"])
  File "/common/ketrong/tpotexp/env/lib/python3.10/site-packages/sklearn/base.py", line 1466, in wrapper
    estimator._validate_params()
  File "/common/ketrong/tpotexp/env/lib/python3.10/site-packages/sklearn/base.py", line 666, in _validate_params
    validate_parameter_constraints(
  File "/common/ketrong/tpotexp/env/lib/python3.10/site-packages/sklearn/utils/_param_validation.py", line 95, in validate_parameter_constraints
    raise InvalidParameterError(
sklearn.utils._param_validation.InvalidParameterError: The 'criterion' parameter of RandomForestRegressor must be a str among {'friedman_mse', 'poisson', 'absolute_error', 'squared_error'}. Got 'mse' instead.

WARNING THIS INDIVIDUAL CAUSED AND EXCEPTION 
 <tpot2.search_spaces.pipelines.sequential.SequentialPipelineIndividual object at 0x155475b42dd0> 
 The 'criterion' parameter of RandomForestRegressor must be a str among {'friedman_mse', 'poisson', 'absolute_error', 'squared_error'}. Got 'mae' instead. 
 Traceback (most recent call last):
  File "/common/ketrong/tpotexp/tpot2/tpot2/utils/eval_utils.py", line 53, in objective_nan_wrapper
    value = func_timeout.func_timeout(timeout, objective_function, args=[individual], kwargs=objective_kwargs)
  File "/common/ketrong/tpotexp/env/lib/python3.10/site-packages/func_timeout/dafunc.py", line 108, in func_timeout
    raise_exception(exception)
  File "/common/ketrong/tpotexp/env/lib/python3.10/site-packages/func_timeout/py3_raise.py", line 7, in raise_exception
    raise exception[0] from None
  File "/common/ketrong/tpotexp/tpot2/tpot2/tpot_estimator/estimator.py", line 623, in objective_function
    return objective_function_generator(
  File "/common/ketrong/tpotexp/tpot2/tpot2/tpot_estimator/estimator_utils.py", line 55, in objective_function_generator
    cv_obj_scores = cross_val_score_objective(sklearn.base.clone(pipeline),x,y,scorers=scorers, cv=cv , fold=step)
  File "/common/ketrong/tpotexp/tpot2/tpot2/tpot_estimator/cross_val_utils.py", line 28, in cross_val_score_objective
    this_fold_pipeline.fit(X_train,y_train)
  File "/common/ketrong/tpotexp/env/lib/python3.10/site-packages/sklearn/base.py", line 1473, in wrapper
    return fit_method(estimator, *args, **kwargs)
  File "/common/ketrong/tpotexp/env/lib/python3.10/site-packages/sklearn/pipeline.py", line 473, in fit
    self._final_estimator.fit(Xt, y, **last_step_params["fit"])
  File "/common/ketrong/tpotexp/env/lib/python3.10/site-packages/sklearn/base.py", line 1466, in wrapper
    estimator._validate_params()
  File "/common/ketrong/tpotexp/env/lib/python3.10/site-packages/sklearn/base.py", line 666, in _validate_params
    validate_parameter_constraints(
  File "/common/ketrong/tpotexp/env/lib/python3.10/site-packages/sklearn/utils/_param_validation.py", line 95, in validate_parameter_constraints
    raise InvalidParameterError(
sklearn.utils._param_validation.InvalidParameterError: The 'criterion' parameter of RandomForestRegressor must be a str among {'friedman_mse', 'poisson', 'absolute_error', 'squared_error'}. Got 'mae' instead.

WARNING AN INDIVIDUAL TIMED OUT: 
 <tpot2.search_spaces.pipelines.sequential.SequentialPipelineIndividual object at 0x155475b405e0> 

WARNING AN INDIVIDUAL TIMED OUT: 
 <tpot2.search_spaces.pipelines.sequential.SequentialPipelineIndividual object at 0x155475b41ba0> 

WARNING AN INDIVIDUAL TIMED OUT: 
 <tpot2.search_spaces.pipelines.sequential.SequentialPipelineIndividual object at 0x155475b42620> 

WARNING AN INDIVIDUAL TIMED OUT: 
 <tpot2.search_spaces.pipelines.sequential.SequentialPipelineIndividual object at 0x155475bfc520> 

WARNING AN INDIVIDUAL TIMED OUT: 
 <tpot2.search_spaces.pipelines.sequential.SequentialPipelineIndividual object at 0x155475baff10> 

Generation:  1
Best root_mean_squared_error score: -1.9408888170077703
Generation:   4%|         | 1/25 [10:02<4:00:49, 602.07s/it]WARNING THIS INDIVIDUAL CAUSED AND EXCEPTION 
 <tpot2.search_spaces.pipelines.sequential.SequentialPipelineIndividual object at 0x155475be7310> 
 The 'criterion' parameter of RandomForestRegressor must be a str among {'friedman_mse', 'poisson', 'absolute_error', 'squared_error'}. Got 'mae' instead. 
 Traceback (most recent call last):
  File "/common/ketrong/tpotexp/tpot2/tpot2/utils/eval_utils.py", line 53, in objective_nan_wrapper
    value = func_timeout.func_timeout(timeout, objective_function, args=[individual], kwargs=objective_kwargs)
  File "/common/ketrong/tpotexp/env/lib/python3.10/site-packages/func_timeout/dafunc.py", line 108, in func_timeout
    raise_exception(exception)
  File "/common/ketrong/tpotexp/env/lib/python3.10/site-packages/func_timeout/py3_raise.py", line 7, in raise_exception
    raise exception[0] from None
  File "/common/ketrong/tpotexp/tpot2/tpot2/tpot_estimator/estimator.py", line 623, in objective_function
    return objective_function_generator(
  File "/common/ketrong/tpotexp/tpot2/tpot2/tpot_estimator/estimator_utils.py", line 55, in objective_function_generator
    cv_obj_scores = cross_val_score_objective(sklearn.base.clone(pipeline),x,y,scorers=scorers, cv=cv , fold=step)
  File "/common/ketrong/tpotexp/tpot2/tpot2/tpot_estimator/cross_val_utils.py", line 28, in cross_val_score_objective
    this_fold_pipeline.fit(X_train,y_train)
  File "/common/ketrong/tpotexp/env/lib/python3.10/site-packages/sklearn/base.py", line 1473, in wrapper
    return fit_method(estimator, *args, **kwargs)
  File "/common/ketrong/tpotexp/env/lib/python3.10/site-packages/sklearn/pipeline.py", line 473, in fit
    self._final_estimator.fit(Xt, y, **last_step_params["fit"])
  File "/common/ketrong/tpotexp/env/lib/python3.10/site-packages/sklearn/base.py", line 1466, in wrapper
    estimator._validate_params()
  File "/common/ketrong/tpotexp/env/lib/python3.10/site-packages/sklearn/base.py", line 666, in _validate_params
    validate_parameter_constraints(
  File "/common/ketrong/tpotexp/env/lib/python3.10/site-packages/sklearn/utils/_param_validation.py", line 95, in validate_parameter_constraints
    raise InvalidParameterError(
sklearn.utils._param_validation.InvalidParameterError: The 'criterion' parameter of RandomForestRegressor must be a str among {'friedman_mse', 'poisson', 'absolute_error', 'squared_error'}. Got 'mae' instead.

Generation:  2
Best root_mean_squared_error score: -1.9408888170077703
Generation:   8%|         | 2/25 [10:49<1:45:47, 275.98s/it]WARNING THIS INDIVIDUAL CAUSED AND EXCEPTION 
 <tpot2.search_spaces.pipelines.sequential.SequentialPipelineIndividual object at 0x155475be6620> 
 The 'criterion' parameter of RandomForestRegressor must be a str among {'friedman_mse', 'poisson', 'absolute_error', 'squared_error'}. Got 'mse' instead. 
 Traceback (most recent call last):
  File "/common/ketrong/tpotexp/tpot2/tpot2/utils/eval_utils.py", line 53, in objective_nan_wrapper
    value = func_timeout.func_timeout(timeout, objective_function, args=[individual], kwargs=objective_kwargs)
  File "/common/ketrong/tpotexp/env/lib/python3.10/site-packages/func_timeout/dafunc.py", line 108, in func_timeout
    raise_exception(exception)
  File "/common/ketrong/tpotexp/env/lib/python3.10/site-packages/func_timeout/py3_raise.py", line 7, in raise_exception
    raise exception[0] from None
  File "/common/ketrong/tpotexp/tpot2/tpot2/tpot_estimator/estimator.py", line 623, in objective_function
    return objective_function_generator(
  File "/common/ketrong/tpotexp/tpot2/tpot2/tpot_estimator/estimator_utils.py", line 55, in objective_function_generator
    cv_obj_scores = cross_val_score_objective(sklearn.base.clone(pipeline),x,y,scorers=scorers, cv=cv , fold=step)
  File "/common/ketrong/tpotexp/tpot2/tpot2/tpot_estimator/cross_val_utils.py", line 28, in cross_val_score_objective
    this_fold_pipeline.fit(X_train,y_train)
  File "/common/ketrong/tpotexp/env/lib/python3.10/site-packages/sklearn/base.py", line 1473, in wrapper
    return fit_method(estimator, *args, **kwargs)
  File "/common/ketrong/tpotexp/env/lib/python3.10/site-packages/sklearn/pipeline.py", line 473, in fit
    self._final_estimator.fit(Xt, y, **last_step_params["fit"])
  File "/common/ketrong/tpotexp/env/lib/python3.10/site-packages/sklearn/base.py", line 1466, in wrapper
    estimator._validate_params()
  File "/common/ketrong/tpotexp/env/lib/python3.10/site-packages/sklearn/base.py", line 666, in _validate_params
    validate_parameter_constraints(
  File "/common/ketrong/tpotexp/env/lib/python3.10/site-packages/sklearn/utils/_param_validation.py", line 95, in validate_parameter_constraints
    raise InvalidParameterError(
sklearn.utils._param_validation.InvalidParameterError: The 'criterion' parameter of RandomForestRegressor must be a str among {'friedman_mse', 'poisson', 'absolute_error', 'squared_error'}. Got 'mse' instead.

WARNING THIS INDIVIDUAL CAUSED AND EXCEPTION 
 <tpot2.search_spaces.pipelines.sequential.SequentialPipelineIndividual object at 0x155475b43760> 
 The 'criterion' parameter of RandomForestRegressor must be a str among {'friedman_mse', 'poisson', 'absolute_error', 'squared_error'}. Got 'mae' instead. 
 Traceback (most recent call last):
  File "/common/ketrong/tpotexp/tpot2/tpot2/utils/eval_utils.py", line 53, in objective_nan_wrapper
    value = func_timeout.func_timeout(timeout, objective_function, args=[individual], kwargs=objective_kwargs)
  File "/common/ketrong/tpotexp/env/lib/python3.10/site-packages/func_timeout/dafunc.py", line 108, in func_timeout
    raise_exception(exception)
  File "/common/ketrong/tpotexp/env/lib/python3.10/site-packages/func_timeout/py3_raise.py", line 7, in raise_exception
    raise exception[0] from None
  File "/common/ketrong/tpotexp/tpot2/tpot2/tpot_estimator/estimator.py", line 623, in objective_function
    return objective_function_generator(
  File "/common/ketrong/tpotexp/tpot2/tpot2/tpot_estimator/estimator_utils.py", line 55, in objective_function_generator
    cv_obj_scores = cross_val_score_objective(sklearn.base.clone(pipeline),x,y,scorers=scorers, cv=cv , fold=step)
  File "/common/ketrong/tpotexp/tpot2/tpot2/tpot_estimator/cross_val_utils.py", line 28, in cross_val_score_objective
    this_fold_pipeline.fit(X_train,y_train)
  File "/common/ketrong/tpotexp/env/lib/python3.10/site-packages/sklearn/base.py", line 1473, in wrapper
    return fit_method(estimator, *args, **kwargs)
  File "/common/ketrong/tpotexp/env/lib/python3.10/site-packages/sklearn/pipeline.py", line 473, in fit
    self._final_estimator.fit(Xt, y, **last_step_params["fit"])
  File "/common/ketrong/tpotexp/env/lib/python3.10/site-packages/sklearn/base.py", line 1466, in wrapper
    estimator._validate_params()
  File "/common/ketrong/tpotexp/env/lib/python3.10/site-packages/sklearn/base.py", line 666, in _validate_params
    validate_parameter_constraints(
  File "/common/ketrong/tpotexp/env/lib/python3.10/site-packages/sklearn/utils/_param_validation.py", line 95, in validate_parameter_constraints
    raise InvalidParameterError(
sklearn.utils._param_validation.InvalidParameterError: The 'criterion' parameter of RandomForestRegressor must be a str among {'friedman_mse', 'poisson', 'absolute_error', 'squared_error'}. Got 'mae' instead.

WARNING AN INDIVIDUAL TIMED OUT: 
 <tpot2.search_spaces.pipelines.sequential.SequentialPipelineIndividual object at 0x155475b43520> 

WARNING AN INDIVIDUAL TIMED OUT: 
 <tpot2.search_spaces.pipelines.sequential.SequentialPipelineIndividual object at 0x155475be73d0> 

WARNING AN INDIVIDUAL TIMED OUT: 
 <tpot2.search_spaces.pipelines.sequential.SequentialPipelineIndividual object at 0x155474d0fb20> 

Generation:  3
Best root_mean_squared_error score: -1.9408888170077703
Generation:  12%|        | 3/25 [20:52<2:35:52, 425.10s/it]WARNING AN INDIVIDUAL TIMED OUT: 
 <tpot2.search_spaces.pipelines.sequential.SequentialPipelineIndividual object at 0x155475b409d0> 

WARNING AN INDIVIDUAL TIMED OUT: 
 <tpot2.search_spaces.pipelines.sequential.SequentialPipelineIndividual object at 0x155457212f20> 

Generation:  4
Best root_mean_squared_error score: -1.9408888170077703
Generation:  16%|        | 4/25 [30:55<2:53:21, 495.31s/it]WARNING THIS INDIVIDUAL CAUSED AND EXCEPTION 
 <tpot2.search_spaces.pipelines.sequential.SequentialPipelineIndividual object at 0x155475426650> 
 The 'criterion' parameter of RandomForestRegressor must be a str among {'friedman_mse', 'poisson', 'absolute_error', 'squared_error'}. Got 'mae' instead. 
 Traceback (most recent call last):
  File "/common/ketrong/tpotexp/tpot2/tpot2/utils/eval_utils.py", line 53, in objective_nan_wrapper
    value = func_timeout.func_timeout(timeout, objective_function, args=[individual], kwargs=objective_kwargs)
  File "/common/ketrong/tpotexp/env/lib/python3.10/site-packages/func_timeout/dafunc.py", line 108, in func_timeout
    raise_exception(exception)
  File "/common/ketrong/tpotexp/env/lib/python3.10/site-packages/func_timeout/py3_raise.py", line 7, in raise_exception
    raise exception[0] from None
  File "/common/ketrong/tpotexp/tpot2/tpot2/tpot_estimator/estimator.py", line 623, in objective_function
    return objective_function_generator(
  File "/common/ketrong/tpotexp/tpot2/tpot2/tpot_estimator/estimator_utils.py", line 55, in objective_function_generator
    cv_obj_scores = cross_val_score_objective(sklearn.base.clone(pipeline),x,y,scorers=scorers, cv=cv , fold=step)
  File "/common/ketrong/tpotexp/tpot2/tpot2/tpot_estimator/cross_val_utils.py", line 28, in cross_val_score_objective
    this_fold_pipeline.fit(X_train,y_train)
  File "/common/ketrong/tpotexp/env/lib/python3.10/site-packages/sklearn/base.py", line 1473, in wrapper
    return fit_method(estimator, *args, **kwargs)
  File "/common/ketrong/tpotexp/env/lib/python3.10/site-packages/sklearn/pipeline.py", line 473, in fit
    self._final_estimator.fit(Xt, y, **last_step_params["fit"])
  File "/common/ketrong/tpotexp/env/lib/python3.10/site-packages/sklearn/base.py", line 1466, in wrapper
    estimator._validate_params()
  File "/common/ketrong/tpotexp/env/lib/python3.10/site-packages/sklearn/base.py", line 666, in _validate_params
    validate_parameter_constraints(
  File "/common/ketrong/tpotexp/env/lib/python3.10/site-packages/sklearn/utils/_param_validation.py", line 95, in validate_parameter_constraints
    raise InvalidParameterError(
sklearn.utils._param_validation.InvalidParameterError: The 'criterion' parameter of RandomForestRegressor must be a str among {'friedman_mse', 'poisson', 'absolute_error', 'squared_error'}. Got 'mae' instead.

WARNING THIS INDIVIDUAL CAUSED AND EXCEPTION 
 <tpot2.search_spaces.pipelines.sequential.SequentialPipelineIndividual object at 0x15547542a1d0> 
 The 'criterion' parameter of ExtraTreesRegressor must be a str among {'friedman_mse', 'poisson', 'absolute_error', 'squared_error'}. Got 'mae' instead. 
 Traceback (most recent call last):
  File "/common/ketrong/tpotexp/tpot2/tpot2/utils/eval_utils.py", line 53, in objective_nan_wrapper
    value = func_timeout.func_timeout(timeout, objective_function, args=[individual], kwargs=objective_kwargs)
  File "/common/ketrong/tpotexp/env/lib/python3.10/site-packages/func_timeout/dafunc.py", line 108, in func_timeout
    raise_exception(exception)
  File "/common/ketrong/tpotexp/env/lib/python3.10/site-packages/func_timeout/py3_raise.py", line 7, in raise_exception
    raise exception[0] from None
  File "/common/ketrong/tpotexp/tpot2/tpot2/tpot_estimator/estimator.py", line 623, in objective_function
    return objective_function_generator(
  File "/common/ketrong/tpotexp/tpot2/tpot2/tpot_estimator/estimator_utils.py", line 55, in objective_function_generator
    cv_obj_scores = cross_val_score_objective(sklearn.base.clone(pipeline),x,y,scorers=scorers, cv=cv , fold=step)
  File "/common/ketrong/tpotexp/tpot2/tpot2/tpot_estimator/cross_val_utils.py", line 28, in cross_val_score_objective
    this_fold_pipeline.fit(X_train,y_train)
  File "/common/ketrong/tpotexp/env/lib/python3.10/site-packages/sklearn/base.py", line 1473, in wrapper
    return fit_method(estimator, *args, **kwargs)
  File "/common/ketrong/tpotexp/env/lib/python3.10/site-packages/sklearn/pipeline.py", line 473, in fit
    self._final_estimator.fit(Xt, y, **last_step_params["fit"])
  File "/common/ketrong/tpotexp/env/lib/python3.10/site-packages/sklearn/base.py", line 1466, in wrapper
    estimator._validate_params()
  File "/common/ketrong/tpotexp/env/lib/python3.10/site-packages/sklearn/base.py", line 666, in _validate_params
    validate_parameter_constraints(
  File "/common/ketrong/tpotexp/env/lib/python3.10/site-packages/sklearn/utils/_param_validation.py", line 95, in validate_parameter_constraints
    raise InvalidParameterError(
sklearn.utils._param_validation.InvalidParameterError: The 'criterion' parameter of ExtraTreesRegressor must be a str among {'friedman_mse', 'poisson', 'absolute_error', 'squared_error'}. Got 'mae' instead.

WARNING AN INDIVIDUAL TIMED OUT: 
 <tpot2.search_spaces.pipelines.sequential.SequentialPipelineIndividual object at 0x155475500880> 

Generation:  5
Best root_mean_squared_error score: -1.9408888170077703
Generation:  20%|        | 5/25 [40:57<2:57:55, 533.76s/it]WARNING THIS INDIVIDUAL CAUSED AND EXCEPTION 
 <tpot2.search_spaces.pipelines.sequential.SequentialPipelineIndividual object at 0x1554754c4b20> 
 The 'criterion' parameter of DecisionTreeRegressor must be a str among {'friedman_mse', 'poisson', 'absolute_error', 'squared_error'}. Got 'mae' instead. 
 Traceback (most recent call last):
  File "/common/ketrong/tpotexp/tpot2/tpot2/utils/eval_utils.py", line 53, in objective_nan_wrapper
    value = func_timeout.func_timeout(timeout, objective_function, args=[individual], kwargs=objective_kwargs)
  File "/common/ketrong/tpotexp/env/lib/python3.10/site-packages/func_timeout/dafunc.py", line 108, in func_timeout
    raise_exception(exception)
  File "/common/ketrong/tpotexp/env/lib/python3.10/site-packages/func_timeout/py3_raise.py", line 7, in raise_exception
    raise exception[0] from None
  File "/common/ketrong/tpotexp/tpot2/tpot2/tpot_estimator/estimator.py", line 623, in objective_function
    return objective_function_generator(
  File "/common/ketrong/tpotexp/tpot2/tpot2/tpot_estimator/estimator_utils.py", line 55, in objective_function_generator
    cv_obj_scores = cross_val_score_objective(sklearn.base.clone(pipeline),x,y,scorers=scorers, cv=cv , fold=step)
  File "/common/ketrong/tpotexp/tpot2/tpot2/tpot_estimator/cross_val_utils.py", line 28, in cross_val_score_objective
    this_fold_pipeline.fit(X_train,y_train)
  File "/common/ketrong/tpotexp/env/lib/python3.10/site-packages/sklearn/base.py", line 1473, in wrapper
    return fit_method(estimator, *args, **kwargs)
  File "/common/ketrong/tpotexp/env/lib/python3.10/site-packages/sklearn/pipeline.py", line 473, in fit
    self._final_estimator.fit(Xt, y, **last_step_params["fit"])
  File "/common/ketrong/tpotexp/env/lib/python3.10/site-packages/sklearn/base.py", line 1466, in wrapper
    estimator._validate_params()
  File "/common/ketrong/tpotexp/env/lib/python3.10/site-packages/sklearn/base.py", line 666, in _validate_params
    validate_parameter_constraints(
  File "/common/ketrong/tpotexp/env/lib/python3.10/site-packages/sklearn/utils/_param_validation.py", line 95, in validate_parameter_constraints
    raise InvalidParameterError(
sklearn.utils._param_validation.InvalidParameterError: The 'criterion' parameter of DecisionTreeRegressor must be a str among {'friedman_mse', 'poisson', 'absolute_error', 'squared_error'}. Got 'mae' instead.

WARNING THIS INDIVIDUAL CAUSED AND EXCEPTION 
 <tpot2.search_spaces.pipelines.sequential.SequentialPipelineIndividual object at 0x155475c06c20> 
 The 'criterion' parameter of DecisionTreeRegressor must be a str among {'friedman_mse', 'poisson', 'absolute_error', 'squared_error'}. Got 'mae' instead. 
 Traceback (most recent call last):
  File "/common/ketrong/tpotexp/tpot2/tpot2/utils/eval_utils.py", line 53, in objective_nan_wrapper
    value = func_timeout.func_timeout(timeout, objective_function, args=[individual], kwargs=objective_kwargs)
  File "/common/ketrong/tpotexp/env/lib/python3.10/site-packages/func_timeout/dafunc.py", line 108, in func_timeout
    raise_exception(exception)
  File "/common/ketrong/tpotexp/env/lib/python3.10/site-packages/func_timeout/py3_raise.py", line 7, in raise_exception
    raise exception[0] from None
  File "/common/ketrong/tpotexp/tpot2/tpot2/tpot_estimator/estimator.py", line 623, in objective_function
    return objective_function_generator(
  File "/common/ketrong/tpotexp/tpot2/tpot2/tpot_estimator/estimator_utils.py", line 55, in objective_function_generator
    cv_obj_scores = cross_val_score_objective(sklearn.base.clone(pipeline),x,y,scorers=scorers, cv=cv , fold=step)
  File "/common/ketrong/tpotexp/tpot2/tpot2/tpot_estimator/cross_val_utils.py", line 28, in cross_val_score_objective
    this_fold_pipeline.fit(X_train,y_train)
  File "/common/ketrong/tpotexp/env/lib/python3.10/site-packages/sklearn/base.py", line 1473, in wrapper
    return fit_method(estimator, *args, **kwargs)
  File "/common/ketrong/tpotexp/env/lib/python3.10/site-packages/sklearn/pipeline.py", line 473, in fit
    self._final_estimator.fit(Xt, y, **last_step_params["fit"])
  File "/common/ketrong/tpotexp/env/lib/python3.10/site-packages/sklearn/base.py", line 1466, in wrapper
    estimator._validate_params()
  File "/common/ketrong/tpotexp/env/lib/python3.10/site-packages/sklearn/base.py", line 666, in _validate_params
    validate_parameter_constraints(
  File "/common/ketrong/tpotexp/env/lib/python3.10/site-packages/sklearn/utils/_param_validation.py", line 95, in validate_parameter_constraints
    raise InvalidParameterError(
sklearn.utils._param_validation.InvalidParameterError: The 'criterion' parameter of DecisionTreeRegressor must be a str among {'friedman_mse', 'poisson', 'absolute_error', 'squared_error'}. Got 'mae' instead.

WARNING AN INDIVIDUAL TIMED OUT: 
 <tpot2.search_spaces.pipelines.sequential.SequentialPipelineIndividual object at 0x15547521cb80> 

WARNING AN INDIVIDUAL TIMED OUT: 
 <tpot2.search_spaces.pipelines.sequential.SequentialPipelineIndividual object at 0x1554752bd2d0> 

WARNING AN INDIVIDUAL TIMED OUT: 
 <tpot2.search_spaces.pipelines.sequential.SequentialPipelineIndividual object at 0x155394cb6620> 

Generation:  6
Best root_mean_squared_error score: -1.938070470357884
Generation:  24%|       | 6/25 [51:01<2:56:33, 557.57s/it]Generation:  7
Best root_mean_squared_error score: -1.938070470357884
Generation:  28%|       | 7/25 [51:50<1:57:23, 391.32s/it]WARNING THIS INDIVIDUAL CAUSED AND EXCEPTION 
 <tpot2.search_spaces.pipelines.sequential.SequentialPipelineIndividual object at 0x1554749ba470> 
 The 'criterion' parameter of DecisionTreeRegressor must be a str among {'friedman_mse', 'poisson', 'absolute_error', 'squared_error'}. Got 'mae' instead. 
 Traceback (most recent call last):
  File "/common/ketrong/tpotexp/tpot2/tpot2/utils/eval_utils.py", line 53, in objective_nan_wrapper
    value = func_timeout.func_timeout(timeout, objective_function, args=[individual], kwargs=objective_kwargs)
  File "/common/ketrong/tpotexp/env/lib/python3.10/site-packages/func_timeout/dafunc.py", line 108, in func_timeout
    raise_exception(exception)
  File "/common/ketrong/tpotexp/env/lib/python3.10/site-packages/func_timeout/py3_raise.py", line 7, in raise_exception
    raise exception[0] from None
  File "/common/ketrong/tpotexp/tpot2/tpot2/tpot_estimator/estimator.py", line 623, in objective_function
    return objective_function_generator(
  File "/common/ketrong/tpotexp/tpot2/tpot2/tpot_estimator/estimator_utils.py", line 55, in objective_function_generator
    cv_obj_scores = cross_val_score_objective(sklearn.base.clone(pipeline),x,y,scorers=scorers, cv=cv , fold=step)
  File "/common/ketrong/tpotexp/tpot2/tpot2/tpot_estimator/cross_val_utils.py", line 28, in cross_val_score_objective
    this_fold_pipeline.fit(X_train,y_train)
  File "/common/ketrong/tpotexp/env/lib/python3.10/site-packages/sklearn/base.py", line 1473, in wrapper
    return fit_method(estimator, *args, **kwargs)
  File "/common/ketrong/tpotexp/env/lib/python3.10/site-packages/sklearn/pipeline.py", line 473, in fit
    self._final_estimator.fit(Xt, y, **last_step_params["fit"])
  File "/common/ketrong/tpotexp/env/lib/python3.10/site-packages/sklearn/base.py", line 1466, in wrapper
    estimator._validate_params()
  File "/common/ketrong/tpotexp/env/lib/python3.10/site-packages/sklearn/base.py", line 666, in _validate_params
    validate_parameter_constraints(
  File "/common/ketrong/tpotexp/env/lib/python3.10/site-packages/sklearn/utils/_param_validation.py", line 95, in validate_parameter_constraints
    raise InvalidParameterError(
sklearn.utils._param_validation.InvalidParameterError: The 'criterion' parameter of DecisionTreeRegressor must be a str among {'friedman_mse', 'poisson', 'absolute_error', 'squared_error'}. Got 'mae' instead.

Generation:  8
Best root_mean_squared_error score: -1.938070470357884
Generation:  32%|      | 8/25 [56:39<1:41:42, 358.99s/it]Generation:  9
Best root_mean_squared_error score: -1.938070470357884
Generation:  36%|      | 9/25 [56:56<1:07:13, 252.11s/it]Generation:  10
Best root_mean_squared_error score: -1.938070470357884
Generation:  40%|      | 10/25 [1:01:46<1:05:55, 263.70s/it]WARNING THIS INDIVIDUAL CAUSED AND EXCEPTION 
 <tpot2.search_spaces.pipelines.sequential.SequentialPipelineIndividual object at 0x15547543dcf0> 
 The 'criterion' parameter of ExtraTreesRegressor must be a str among {'friedman_mse', 'poisson', 'absolute_error', 'squared_error'}. Got 'mae' instead. 
 Traceback (most recent call last):
  File "/common/ketrong/tpotexp/tpot2/tpot2/utils/eval_utils.py", line 53, in objective_nan_wrapper
    value = func_timeout.func_timeout(timeout, objective_function, args=[individual], kwargs=objective_kwargs)
  File "/common/ketrong/tpotexp/env/lib/python3.10/site-packages/func_timeout/dafunc.py", line 108, in func_timeout
    raise_exception(exception)
  File "/common/ketrong/tpotexp/env/lib/python3.10/site-packages/func_timeout/py3_raise.py", line 7, in raise_exception
    raise exception[0] from None
  File "/common/ketrong/tpotexp/tpot2/tpot2/tpot_estimator/estimator.py", line 623, in objective_function
    return objective_function_generator(
  File "/common/ketrong/tpotexp/tpot2/tpot2/tpot_estimator/estimator_utils.py", line 55, in objective_function_generator
    cv_obj_scores = cross_val_score_objective(sklearn.base.clone(pipeline),x,y,scorers=scorers, cv=cv , fold=step)
  File "/common/ketrong/tpotexp/tpot2/tpot2/tpot_estimator/cross_val_utils.py", line 28, in cross_val_score_objective
    this_fold_pipeline.fit(X_train,y_train)
  File "/common/ketrong/tpotexp/env/lib/python3.10/site-packages/sklearn/base.py", line 1473, in wrapper
    return fit_method(estimator, *args, **kwargs)
  File "/common/ketrong/tpotexp/env/lib/python3.10/site-packages/sklearn/pipeline.py", line 473, in fit
    self._final_estimator.fit(Xt, y, **last_step_params["fit"])
  File "/common/ketrong/tpotexp/env/lib/python3.10/site-packages/sklearn/base.py", line 1466, in wrapper
    estimator._validate_params()
  File "/common/ketrong/tpotexp/env/lib/python3.10/site-packages/sklearn/base.py", line 666, in _validate_params
    validate_parameter_constraints(
  File "/common/ketrong/tpotexp/env/lib/python3.10/site-packages/sklearn/utils/_param_validation.py", line 95, in validate_parameter_constraints
    raise InvalidParameterError(
sklearn.utils._param_validation.InvalidParameterError: The 'criterion' parameter of ExtraTreesRegressor must be a str among {'friedman_mse', 'poisson', 'absolute_error', 'squared_error'}. Got 'mae' instead.

WARNING THIS INDIVIDUAL CAUSED AND EXCEPTION 
 <tpot2.search_spaces.pipelines.sequential.SequentialPipelineIndividual object at 0x1554753a4ee0> 
 The 'criterion' parameter of RandomForestRegressor must be a str among {'friedman_mse', 'poisson', 'absolute_error', 'squared_error'}. Got 'mae' instead. 
 Traceback (most recent call last):
  File "/common/ketrong/tpotexp/tpot2/tpot2/utils/eval_utils.py", line 53, in objective_nan_wrapper
    value = func_timeout.func_timeout(timeout, objective_function, args=[individual], kwargs=objective_kwargs)
  File "/common/ketrong/tpotexp/env/lib/python3.10/site-packages/func_timeout/dafunc.py", line 108, in func_timeout
    raise_exception(exception)
  File "/common/ketrong/tpotexp/env/lib/python3.10/site-packages/func_timeout/py3_raise.py", line 7, in raise_exception
    raise exception[0] from None
  File "/common/ketrong/tpotexp/tpot2/tpot2/tpot_estimator/estimator.py", line 623, in objective_function
    return objective_function_generator(
  File "/common/ketrong/tpotexp/tpot2/tpot2/tpot_estimator/estimator_utils.py", line 55, in objective_function_generator
    cv_obj_scores = cross_val_score_objective(sklearn.base.clone(pipeline),x,y,scorers=scorers, cv=cv , fold=step)
  File "/common/ketrong/tpotexp/tpot2/tpot2/tpot_estimator/cross_val_utils.py", line 28, in cross_val_score_objective
    this_fold_pipeline.fit(X_train,y_train)
  File "/common/ketrong/tpotexp/env/lib/python3.10/site-packages/sklearn/base.py", line 1473, in wrapper
    return fit_method(estimator, *args, **kwargs)
  File "/common/ketrong/tpotexp/env/lib/python3.10/site-packages/sklearn/pipeline.py", line 473, in fit
    self._final_estimator.fit(Xt, y, **last_step_params["fit"])
  File "/common/ketrong/tpotexp/env/lib/python3.10/site-packages/sklearn/base.py", line 1466, in wrapper
    estimator._validate_params()
  File "/common/ketrong/tpotexp/env/lib/python3.10/site-packages/sklearn/base.py", line 666, in _validate_params
    validate_parameter_constraints(
  File "/common/ketrong/tpotexp/env/lib/python3.10/site-packages/sklearn/utils/_param_validation.py", line 95, in validate_parameter_constraints
    raise InvalidParameterError(
sklearn.utils._param_validation.InvalidParameterError: The 'criterion' parameter of RandomForestRegressor must be a str among {'friedman_mse', 'poisson', 'absolute_error', 'squared_error'}. Got 'mae' instead.

WARNING AN INDIVIDUAL TIMED OUT: 
 <tpot2.search_spaces.pipelines.sequential.SequentialPipelineIndividual object at 0x1554544e2380> 

WARNING AN INDIVIDUAL TIMED OUT: 
 <tpot2.search_spaces.pipelines.sequential.SequentialPipelineIndividual object at 0x1554754099f0> 

WARNING AN INDIVIDUAL TIMED OUT: 
 <tpot2.search_spaces.pipelines.sequential.SequentialPipelineIndividual object at 0x1554754783d0> 

Generation:  11
Best root_mean_squared_error score: -1.938070470357884
Generation:  44%|     | 11/25 [1:11:50<1:25:47, 367.70s/it]Generation:  12
Best root_mean_squared_error score: -1.938070470357884
Generation:  48%|     | 12/25 [1:16:39<1:14:29, 343.84s/it]WARNING THIS INDIVIDUAL CAUSED AND EXCEPTION 
 <tpot2.search_spaces.pipelines.sequential.SequentialPipelineIndividual object at 0x1554753c94e0> 
 The 'criterion' parameter of DecisionTreeRegressor must be a str among {'friedman_mse', 'poisson', 'absolute_error', 'squared_error'}. Got 'mae' instead. 
 Traceback (most recent call last):
  File "/common/ketrong/tpotexp/tpot2/tpot2/utils/eval_utils.py", line 53, in objective_nan_wrapper
    value = func_timeout.func_timeout(timeout, objective_function, args=[individual], kwargs=objective_kwargs)
  File "/common/ketrong/tpotexp/env/lib/python3.10/site-packages/func_timeout/dafunc.py", line 108, in func_timeout
    raise_exception(exception)
  File "/common/ketrong/tpotexp/env/lib/python3.10/site-packages/func_timeout/py3_raise.py", line 7, in raise_exception
    raise exception[0] from None
  File "/common/ketrong/tpotexp/tpot2/tpot2/tpot_estimator/estimator.py", line 623, in objective_function
    return objective_function_generator(
  File "/common/ketrong/tpotexp/tpot2/tpot2/tpot_estimator/estimator_utils.py", line 55, in objective_function_generator
    cv_obj_scores = cross_val_score_objective(sklearn.base.clone(pipeline),x,y,scorers=scorers, cv=cv , fold=step)
  File "/common/ketrong/tpotexp/tpot2/tpot2/tpot_estimator/cross_val_utils.py", line 28, in cross_val_score_objective
    this_fold_pipeline.fit(X_train,y_train)
  File "/common/ketrong/tpotexp/env/lib/python3.10/site-packages/sklearn/base.py", line 1473, in wrapper
    return fit_method(estimator, *args, **kwargs)
  File "/common/ketrong/tpotexp/env/lib/python3.10/site-packages/sklearn/pipeline.py", line 473, in fit
    self._final_estimator.fit(Xt, y, **last_step_params["fit"])
  File "/common/ketrong/tpotexp/env/lib/python3.10/site-packages/sklearn/base.py", line 1466, in wrapper
    estimator._validate_params()
  File "/common/ketrong/tpotexp/env/lib/python3.10/site-packages/sklearn/base.py", line 666, in _validate_params
    validate_parameter_constraints(
  File "/common/ketrong/tpotexp/env/lib/python3.10/site-packages/sklearn/utils/_param_validation.py", line 95, in validate_parameter_constraints
    raise InvalidParameterError(
sklearn.utils._param_validation.InvalidParameterError: The 'criterion' parameter of DecisionTreeRegressor must be a str among {'friedman_mse', 'poisson', 'absolute_error', 'squared_error'}. Got 'mae' instead.

WARNING AN INDIVIDUAL TIMED OUT: 
 <tpot2.search_spaces.pipelines.sequential.SequentialPipelineIndividual object at 0x155475b47670> 

Generation:  13
Best root_mean_squared_error score: -1.9376898347412541
Generation:  52%|    | 13/25 [1:26:41<1:24:26, 422.21s/it]WARNING AN INDIVIDUAL TIMED OUT: 
 <tpot2.search_spaces.pipelines.sequential.SequentialPipelineIndividual object at 0x155474be1360> 

Generation:  14
Best root_mean_squared_error score: -1.9376898347412541
Generation:  56%|    | 14/25 [1:36:44<1:27:25, 476.82s/it]WARNING AN INDIVIDUAL TIMED OUT: 
 <tpot2.search_spaces.pipelines.sequential.SequentialPipelineIndividual object at 0x15545fa78e80> 

Generation:  15
Best root_mean_squared_error score: -1.9376898347412541
Generation:  60%|    | 15/25 [1:46:46<1:25:45, 514.51s/it]WARNING THIS INDIVIDUAL CAUSED AND EXCEPTION 
 <tpot2.search_spaces.pipelines.sequential.SequentialPipelineIndividual object at 0x15547533f700> 
 The 'criterion' parameter of RandomForestRegressor must be a str among {'friedman_mse', 'poisson', 'absolute_error', 'squared_error'}. Got 'mse' instead. 
 Traceback (most recent call last):
  File "/common/ketrong/tpotexp/tpot2/tpot2/utils/eval_utils.py", line 53, in objective_nan_wrapper
    value = func_timeout.func_timeout(timeout, objective_function, args=[individual], kwargs=objective_kwargs)
  File "/common/ketrong/tpotexp/env/lib/python3.10/site-packages/func_timeout/dafunc.py", line 108, in func_timeout
    raise_exception(exception)
  File "/common/ketrong/tpotexp/env/lib/python3.10/site-packages/func_timeout/py3_raise.py", line 7, in raise_exception
    raise exception[0] from None
  File "/common/ketrong/tpotexp/tpot2/tpot2/tpot_estimator/estimator.py", line 623, in objective_function
    return objective_function_generator(
  File "/common/ketrong/tpotexp/tpot2/tpot2/tpot_estimator/estimator_utils.py", line 55, in objective_function_generator
    cv_obj_scores = cross_val_score_objective(sklearn.base.clone(pipeline),x,y,scorers=scorers, cv=cv , fold=step)
  File "/common/ketrong/tpotexp/tpot2/tpot2/tpot_estimator/cross_val_utils.py", line 28, in cross_val_score_objective
    this_fold_pipeline.fit(X_train,y_train)
  File "/common/ketrong/tpotexp/env/lib/python3.10/site-packages/sklearn/base.py", line 1473, in wrapper
    return fit_method(estimator, *args, **kwargs)
  File "/common/ketrong/tpotexp/env/lib/python3.10/site-packages/sklearn/pipeline.py", line 473, in fit
    self._final_estimator.fit(Xt, y, **last_step_params["fit"])
  File "/common/ketrong/tpotexp/env/lib/python3.10/site-packages/sklearn/base.py", line 1466, in wrapper
    estimator._validate_params()
  File "/common/ketrong/tpotexp/env/lib/python3.10/site-packages/sklearn/base.py", line 666, in _validate_params
    validate_parameter_constraints(
  File "/common/ketrong/tpotexp/env/lib/python3.10/site-packages/sklearn/utils/_param_validation.py", line 95, in validate_parameter_constraints
    raise InvalidParameterError(
sklearn.utils._param_validation.InvalidParameterError: The 'criterion' parameter of RandomForestRegressor must be a str among {'friedman_mse', 'poisson', 'absolute_error', 'squared_error'}. Got 'mse' instead.

WARNING AN INDIVIDUAL TIMED OUT: 
 <tpot2.search_spaces.pipelines.sequential.SequentialPipelineIndividual object at 0x155447697610> 

Generation:  16
Best root_mean_squared_error score: -1.9376898347412541
Generation:  64%|   | 16/25 [1:56:48<1:21:08, 540.91s/it]WARNING THIS INDIVIDUAL CAUSED AND EXCEPTION 
 <tpot2.search_spaces.pipelines.sequential.SequentialPipelineIndividual object at 0x155474e37eb0> 
 The 'criterion' parameter of DecisionTreeRegressor must be a str among {'friedman_mse', 'poisson', 'absolute_error', 'squared_error'}. Got 'mae' instead. 
 Traceback (most recent call last):
  File "/common/ketrong/tpotexp/tpot2/tpot2/utils/eval_utils.py", line 53, in objective_nan_wrapper
    value = func_timeout.func_timeout(timeout, objective_function, args=[individual], kwargs=objective_kwargs)
  File "/common/ketrong/tpotexp/env/lib/python3.10/site-packages/func_timeout/dafunc.py", line 108, in func_timeout
    raise_exception(exception)
  File "/common/ketrong/tpotexp/env/lib/python3.10/site-packages/func_timeout/py3_raise.py", line 7, in raise_exception
    raise exception[0] from None
  File "/common/ketrong/tpotexp/tpot2/tpot2/tpot_estimator/estimator.py", line 623, in objective_function
    return objective_function_generator(
  File "/common/ketrong/tpotexp/tpot2/tpot2/tpot_estimator/estimator_utils.py", line 55, in objective_function_generator
    cv_obj_scores = cross_val_score_objective(sklearn.base.clone(pipeline),x,y,scorers=scorers, cv=cv , fold=step)
  File "/common/ketrong/tpotexp/tpot2/tpot2/tpot_estimator/cross_val_utils.py", line 28, in cross_val_score_objective
    this_fold_pipeline.fit(X_train,y_train)
  File "/common/ketrong/tpotexp/env/lib/python3.10/site-packages/sklearn/base.py", line 1473, in wrapper
    return fit_method(estimator, *args, **kwargs)
  File "/common/ketrong/tpotexp/env/lib/python3.10/site-packages/sklearn/pipeline.py", line 473, in fit
    self._final_estimator.fit(Xt, y, **last_step_params["fit"])
  File "/common/ketrong/tpotexp/env/lib/python3.10/site-packages/sklearn/base.py", line 1466, in wrapper
    estimator._validate_params()
  File "/common/ketrong/tpotexp/env/lib/python3.10/site-packages/sklearn/base.py", line 666, in _validate_params
    validate_parameter_constraints(
  File "/common/ketrong/tpotexp/env/lib/python3.10/site-packages/sklearn/utils/_param_validation.py", line 95, in validate_parameter_constraints
    raise InvalidParameterError(
sklearn.utils._param_validation.InvalidParameterError: The 'criterion' parameter of DecisionTreeRegressor must be a str among {'friedman_mse', 'poisson', 'absolute_error', 'squared_error'}. Got 'mae' instead.

WARNING THIS INDIVIDUAL CAUSED AND EXCEPTION 
 <tpot2.search_spaces.pipelines.sequential.SequentialPipelineIndividual object at 0x155474d88fa0> 
 The 'criterion' parameter of DecisionTreeRegressor must be a str among {'friedman_mse', 'poisson', 'absolute_error', 'squared_error'}. Got 'mae' instead. 
 Traceback (most recent call last):
  File "/common/ketrong/tpotexp/tpot2/tpot2/utils/eval_utils.py", line 53, in objective_nan_wrapper
    value = func_timeout.func_timeout(timeout, objective_function, args=[individual], kwargs=objective_kwargs)
  File "/common/ketrong/tpotexp/env/lib/python3.10/site-packages/func_timeout/dafunc.py", line 108, in func_timeout
    raise_exception(exception)
  File "/common/ketrong/tpotexp/env/lib/python3.10/site-packages/func_timeout/py3_raise.py", line 7, in raise_exception
    raise exception[0] from None
  File "/common/ketrong/tpotexp/tpot2/tpot2/tpot_estimator/estimator.py", line 623, in objective_function
    return objective_function_generator(
  File "/common/ketrong/tpotexp/tpot2/tpot2/tpot_estimator/estimator_utils.py", line 55, in objective_function_generator
    cv_obj_scores = cross_val_score_objective(sklearn.base.clone(pipeline),x,y,scorers=scorers, cv=cv , fold=step)
  File "/common/ketrong/tpotexp/tpot2/tpot2/tpot_estimator/cross_val_utils.py", line 28, in cross_val_score_objective
    this_fold_pipeline.fit(X_train,y_train)
  File "/common/ketrong/tpotexp/env/lib/python3.10/site-packages/sklearn/base.py", line 1473, in wrapper
    return fit_method(estimator, *args, **kwargs)
  File "/common/ketrong/tpotexp/env/lib/python3.10/site-packages/sklearn/pipeline.py", line 473, in fit
    self._final_estimator.fit(Xt, y, **last_step_params["fit"])
  File "/common/ketrong/tpotexp/env/lib/python3.10/site-packages/sklearn/base.py", line 1466, in wrapper
    estimator._validate_params()
  File "/common/ketrong/tpotexp/env/lib/python3.10/site-packages/sklearn/base.py", line 666, in _validate_params
    validate_parameter_constraints(
  File "/common/ketrong/tpotexp/env/lib/python3.10/site-packages/sklearn/utils/_param_validation.py", line 95, in validate_parameter_constraints
    raise InvalidParameterError(
sklearn.utils._param_validation.InvalidParameterError: The 'criterion' parameter of DecisionTreeRegressor must be a str among {'friedman_mse', 'poisson', 'absolute_error', 'squared_error'}. Got 'mae' instead.

WARNING THIS INDIVIDUAL CAUSED AND EXCEPTION 
 <tpot2.search_spaces.pipelines.sequential.SequentialPipelineIndividual object at 0x155450b2fc70> 
 The 'criterion' parameter of RandomForestRegressor must be a str among {'friedman_mse', 'poisson', 'absolute_error', 'squared_error'}. Got 'mse' instead. 
 Traceback (most recent call last):
  File "/common/ketrong/tpotexp/tpot2/tpot2/utils/eval_utils.py", line 53, in objective_nan_wrapper
    value = func_timeout.func_timeout(timeout, objective_function, args=[individual], kwargs=objective_kwargs)
  File "/common/ketrong/tpotexp/env/lib/python3.10/site-packages/func_timeout/dafunc.py", line 108, in func_timeout
    raise_exception(exception)
  File "/common/ketrong/tpotexp/env/lib/python3.10/site-packages/func_timeout/py3_raise.py", line 7, in raise_exception
    raise exception[0] from None
  File "/common/ketrong/tpotexp/tpot2/tpot2/tpot_estimator/estimator.py", line 623, in objective_function
    return objective_function_generator(
  File "/common/ketrong/tpotexp/tpot2/tpot2/tpot_estimator/estimator_utils.py", line 55, in objective_function_generator
    cv_obj_scores = cross_val_score_objective(sklearn.base.clone(pipeline),x,y,scorers=scorers, cv=cv , fold=step)
  File "/common/ketrong/tpotexp/tpot2/tpot2/tpot_estimator/cross_val_utils.py", line 28, in cross_val_score_objective
    this_fold_pipeline.fit(X_train,y_train)
  File "/common/ketrong/tpotexp/env/lib/python3.10/site-packages/sklearn/base.py", line 1473, in wrapper
    return fit_method(estimator, *args, **kwargs)
  File "/common/ketrong/tpotexp/env/lib/python3.10/site-packages/sklearn/pipeline.py", line 473, in fit
    self._final_estimator.fit(Xt, y, **last_step_params["fit"])
  File "/common/ketrong/tpotexp/env/lib/python3.10/site-packages/sklearn/base.py", line 1466, in wrapper
    estimator._validate_params()
  File "/common/ketrong/tpotexp/env/lib/python3.10/site-packages/sklearn/base.py", line 666, in _validate_params
    validate_parameter_constraints(
  File "/common/ketrong/tpotexp/env/lib/python3.10/site-packages/sklearn/utils/_param_validation.py", line 95, in validate_parameter_constraints
    raise InvalidParameterError(
sklearn.utils._param_validation.InvalidParameterError: The 'criterion' parameter of RandomForestRegressor must be a str among {'friedman_mse', 'poisson', 'absolute_error', 'squared_error'}. Got 'mse' instead.

WARNING AN INDIVIDUAL TIMED OUT: 
 <tpot2.search_spaces.pipelines.sequential.SequentialPipelineIndividual object at 0x15545613e260> 

WARNING AN INDIVIDUAL TIMED OUT: 
 <tpot2.search_spaces.pipelines.sequential.SequentialPipelineIndividual object at 0x15545c2577f0> 

Generation:  17
Best root_mean_squared_error score: -1.937637887978363
Generation:  68%|   | 17/25 [2:06:52<1:14:38, 559.76s/it]WARNING AN INDIVIDUAL TIMED OUT: 
 <tpot2.search_spaces.pipelines.sequential.SequentialPipelineIndividual object at 0x15545eb96860> 

Generation:  18
Best root_mean_squared_error score: -1.937637887978363
Generation:  72%|  | 18/25 [2:16:55<1:06:49, 572.72s/it]WARNING THIS INDIVIDUAL CAUSED AND EXCEPTION 
 <tpot2.search_spaces.pipelines.sequential.SequentialPipelineIndividual object at 0x1554745e2560> 
 The 'criterion' parameter of DecisionTreeRegressor must be a str among {'friedman_mse', 'poisson', 'absolute_error', 'squared_error'}. Got 'mae' instead. 
 Traceback (most recent call last):
  File "/common/ketrong/tpotexp/tpot2/tpot2/utils/eval_utils.py", line 53, in objective_nan_wrapper
    value = func_timeout.func_timeout(timeout, objective_function, args=[individual], kwargs=objective_kwargs)
  File "/common/ketrong/tpotexp/env/lib/python3.10/site-packages/func_timeout/dafunc.py", line 108, in func_timeout
    raise_exception(exception)
  File "/common/ketrong/tpotexp/env/lib/python3.10/site-packages/func_timeout/py3_raise.py", line 7, in raise_exception
    raise exception[0] from None
  File "/common/ketrong/tpotexp/tpot2/tpot2/tpot_estimator/estimator.py", line 623, in objective_function
    return objective_function_generator(
  File "/common/ketrong/tpotexp/tpot2/tpot2/tpot_estimator/estimator_utils.py", line 55, in objective_function_generator
    cv_obj_scores = cross_val_score_objective(sklearn.base.clone(pipeline),x,y,scorers=scorers, cv=cv , fold=step)
  File "/common/ketrong/tpotexp/tpot2/tpot2/tpot_estimator/cross_val_utils.py", line 28, in cross_val_score_objective
    this_fold_pipeline.fit(X_train,y_train)
  File "/common/ketrong/tpotexp/env/lib/python3.10/site-packages/sklearn/base.py", line 1473, in wrapper
    return fit_method(estimator, *args, **kwargs)
  File "/common/ketrong/tpotexp/env/lib/python3.10/site-packages/sklearn/pipeline.py", line 473, in fit
    self._final_estimator.fit(Xt, y, **last_step_params["fit"])
  File "/common/ketrong/tpotexp/env/lib/python3.10/site-packages/sklearn/base.py", line 1466, in wrapper
    estimator._validate_params()
  File "/common/ketrong/tpotexp/env/lib/python3.10/site-packages/sklearn/base.py", line 666, in _validate_params
    validate_parameter_constraints(
  File "/common/ketrong/tpotexp/env/lib/python3.10/site-packages/sklearn/utils/_param_validation.py", line 95, in validate_parameter_constraints
    raise InvalidParameterError(
sklearn.utils._param_validation.InvalidParameterError: The 'criterion' parameter of DecisionTreeRegressor must be a str among {'friedman_mse', 'poisson', 'absolute_error', 'squared_error'}. Got 'mae' instead.

WARNING THIS INDIVIDUAL CAUSED AND EXCEPTION 
 <tpot2.search_spaces.pipelines.sequential.SequentialPipelineIndividual object at 0x155475b43d30> 
 The 'criterion' parameter of RandomForestRegressor must be a str among {'friedman_mse', 'poisson', 'absolute_error', 'squared_error'}. Got 'mae' instead. 
 Traceback (most recent call last):
  File "/common/ketrong/tpotexp/tpot2/tpot2/utils/eval_utils.py", line 53, in objective_nan_wrapper
    value = func_timeout.func_timeout(timeout, objective_function, args=[individual], kwargs=objective_kwargs)
  File "/common/ketrong/tpotexp/env/lib/python3.10/site-packages/func_timeout/dafunc.py", line 108, in func_timeout
    raise_exception(exception)
  File "/common/ketrong/tpotexp/env/lib/python3.10/site-packages/func_timeout/py3_raise.py", line 7, in raise_exception
    raise exception[0] from None
  File "/common/ketrong/tpotexp/tpot2/tpot2/tpot_estimator/estimator.py", line 623, in objective_function
    return objective_function_generator(
  File "/common/ketrong/tpotexp/tpot2/tpot2/tpot_estimator/estimator_utils.py", line 55, in objective_function_generator
    cv_obj_scores = cross_val_score_objective(sklearn.base.clone(pipeline),x,y,scorers=scorers, cv=cv , fold=step)
  File "/common/ketrong/tpotexp/tpot2/tpot2/tpot_estimator/cross_val_utils.py", line 28, in cross_val_score_objective
    this_fold_pipeline.fit(X_train,y_train)
  File "/common/ketrong/tpotexp/env/lib/python3.10/site-packages/sklearn/base.py", line 1473, in wrapper
    return fit_method(estimator, *args, **kwargs)
  File "/common/ketrong/tpotexp/env/lib/python3.10/site-packages/sklearn/pipeline.py", line 473, in fit
    self._final_estimator.fit(Xt, y, **last_step_params["fit"])
  File "/common/ketrong/tpotexp/env/lib/python3.10/site-packages/sklearn/base.py", line 1466, in wrapper
    estimator._validate_params()
  File "/common/ketrong/tpotexp/env/lib/python3.10/site-packages/sklearn/base.py", line 666, in _validate_params
    validate_parameter_constraints(
  File "/common/ketrong/tpotexp/env/lib/python3.10/site-packages/sklearn/utils/_param_validation.py", line 95, in validate_parameter_constraints
    raise InvalidParameterError(
sklearn.utils._param_validation.InvalidParameterError: The 'criterion' parameter of RandomForestRegressor must be a str among {'friedman_mse', 'poisson', 'absolute_error', 'squared_error'}. Got 'mae' instead.

WARNING AN INDIVIDUAL TIMED OUT: 
 <tpot2.search_spaces.pipelines.sequential.SequentialPipelineIndividual object at 0x155474dee050> 

Generation:  19
Best root_mean_squared_error score: -1.937637887978363
Generation:  76%|  | 19/25 [2:26:57<58:09, 581.61s/it]  WARNING AN INDIVIDUAL TIMED OUT: 
 <tpot2.search_spaces.pipelines.sequential.SequentialPipelineIndividual object at 0x1554526aacb0> 

Generation:  20
Best root_mean_squared_error score: -1.937637887978363
Generation:  80%|  | 20/25 [2:37:00<49:00, 588.10s/it]WARNING THIS INDIVIDUAL CAUSED AND EXCEPTION 
 <tpot2.search_spaces.pipelines.sequential.SequentialPipelineIndividual object at 0x155475bba620> 
 The 'criterion' parameter of RandomForestRegressor must be a str among {'friedman_mse', 'poisson', 'absolute_error', 'squared_error'}. Got 'mae' instead. 
 Traceback (most recent call last):
  File "/common/ketrong/tpotexp/tpot2/tpot2/utils/eval_utils.py", line 53, in objective_nan_wrapper
    value = func_timeout.func_timeout(timeout, objective_function, args=[individual], kwargs=objective_kwargs)
  File "/common/ketrong/tpotexp/env/lib/python3.10/site-packages/func_timeout/dafunc.py", line 108, in func_timeout
    raise_exception(exception)
  File "/common/ketrong/tpotexp/env/lib/python3.10/site-packages/func_timeout/py3_raise.py", line 7, in raise_exception
    raise exception[0] from None
  File "/common/ketrong/tpotexp/tpot2/tpot2/tpot_estimator/estimator.py", line 623, in objective_function
    return objective_function_generator(
  File "/common/ketrong/tpotexp/tpot2/tpot2/tpot_estimator/estimator_utils.py", line 55, in objective_function_generator
    cv_obj_scores = cross_val_score_objective(sklearn.base.clone(pipeline),x,y,scorers=scorers, cv=cv , fold=step)
  File "/common/ketrong/tpotexp/tpot2/tpot2/tpot_estimator/cross_val_utils.py", line 28, in cross_val_score_objective
    this_fold_pipeline.fit(X_train,y_train)
  File "/common/ketrong/tpotexp/env/lib/python3.10/site-packages/sklearn/base.py", line 1473, in wrapper
    return fit_method(estimator, *args, **kwargs)
  File "/common/ketrong/tpotexp/env/lib/python3.10/site-packages/sklearn/pipeline.py", line 473, in fit
    self._final_estimator.fit(Xt, y, **last_step_params["fit"])
  File "/common/ketrong/tpotexp/env/lib/python3.10/site-packages/sklearn/base.py", line 1466, in wrapper
    estimator._validate_params()
  File "/common/ketrong/tpotexp/env/lib/python3.10/site-packages/sklearn/base.py", line 666, in _validate_params
    validate_parameter_constraints(
  File "/common/ketrong/tpotexp/env/lib/python3.10/site-packages/sklearn/utils/_param_validation.py", line 95, in validate_parameter_constraints
    raise InvalidParameterError(
sklearn.utils._param_validation.InvalidParameterError: The 'criterion' parameter of RandomForestRegressor must be a str among {'friedman_mse', 'poisson', 'absolute_error', 'squared_error'}. Got 'mae' instead.

WARNING THIS INDIVIDUAL CAUSED AND EXCEPTION 
 <tpot2.search_spaces.pipelines.sequential.SequentialPipelineIndividual object at 0x15547523d390> 
 The 'criterion' parameter of RandomForestRegressor must be a str among {'friedman_mse', 'poisson', 'absolute_error', 'squared_error'}. Got 'mae' instead. 
 Traceback (most recent call last):
  File "/common/ketrong/tpotexp/tpot2/tpot2/utils/eval_utils.py", line 53, in objective_nan_wrapper
    value = func_timeout.func_timeout(timeout, objective_function, args=[individual], kwargs=objective_kwargs)
  File "/common/ketrong/tpotexp/env/lib/python3.10/site-packages/func_timeout/dafunc.py", line 108, in func_timeout
    raise_exception(exception)
  File "/common/ketrong/tpotexp/env/lib/python3.10/site-packages/func_timeout/py3_raise.py", line 7, in raise_exception
    raise exception[0] from None
  File "/common/ketrong/tpotexp/tpot2/tpot2/tpot_estimator/estimator.py", line 623, in objective_function
    return objective_function_generator(
  File "/common/ketrong/tpotexp/tpot2/tpot2/tpot_estimator/estimator_utils.py", line 55, in objective_function_generator
    cv_obj_scores = cross_val_score_objective(sklearn.base.clone(pipeline),x,y,scorers=scorers, cv=cv , fold=step)
  File "/common/ketrong/tpotexp/tpot2/tpot2/tpot_estimator/cross_val_utils.py", line 28, in cross_val_score_objective
    this_fold_pipeline.fit(X_train,y_train)
  File "/common/ketrong/tpotexp/env/lib/python3.10/site-packages/sklearn/base.py", line 1473, in wrapper
    return fit_method(estimator, *args, **kwargs)
  File "/common/ketrong/tpotexp/env/lib/python3.10/site-packages/sklearn/pipeline.py", line 473, in fit
    self._final_estimator.fit(Xt, y, **last_step_params["fit"])
  File "/common/ketrong/tpotexp/env/lib/python3.10/site-packages/sklearn/base.py", line 1466, in wrapper
    estimator._validate_params()
  File "/common/ketrong/tpotexp/env/lib/python3.10/site-packages/sklearn/base.py", line 666, in _validate_params
    validate_parameter_constraints(
  File "/common/ketrong/tpotexp/env/lib/python3.10/site-packages/sklearn/utils/_param_validation.py", line 95, in validate_parameter_constraints
    raise InvalidParameterError(
sklearn.utils._param_validation.InvalidParameterError: The 'criterion' parameter of RandomForestRegressor must be a str among {'friedman_mse', 'poisson', 'absolute_error', 'squared_error'}. Got 'mae' instead.

WARNING AN INDIVIDUAL TIMED OUT: 
 <tpot2.search_spaces.pipelines.sequential.SequentialPipelineIndividual object at 0x155475156950> 

Generation:  21
Best root_mean_squared_error score: -1.937637887978363
Generation:  84%| | 21/25 [2:47:04<39:30, 592.60s/it]WARNING THIS INDIVIDUAL CAUSED AND EXCEPTION 
 <tpot2.search_spaces.pipelines.sequential.SequentialPipelineIndividual object at 0x15545ceb1c00> 
 The 'criterion' parameter of RandomForestRegressor must be a str among {'friedman_mse', 'poisson', 'absolute_error', 'squared_error'}. Got 'mse' instead. 
 Traceback (most recent call last):
  File "/common/ketrong/tpotexp/tpot2/tpot2/utils/eval_utils.py", line 53, in objective_nan_wrapper
    value = func_timeout.func_timeout(timeout, objective_function, args=[individual], kwargs=objective_kwargs)
  File "/common/ketrong/tpotexp/env/lib/python3.10/site-packages/func_timeout/dafunc.py", line 108, in func_timeout
    raise_exception(exception)
  File "/common/ketrong/tpotexp/env/lib/python3.10/site-packages/func_timeout/py3_raise.py", line 7, in raise_exception
    raise exception[0] from None
  File "/common/ketrong/tpotexp/tpot2/tpot2/tpot_estimator/estimator.py", line 623, in objective_function
    return objective_function_generator(
  File "/common/ketrong/tpotexp/tpot2/tpot2/tpot_estimator/estimator_utils.py", line 55, in objective_function_generator
    cv_obj_scores = cross_val_score_objective(sklearn.base.clone(pipeline),x,y,scorers=scorers, cv=cv , fold=step)
  File "/common/ketrong/tpotexp/tpot2/tpot2/tpot_estimator/cross_val_utils.py", line 28, in cross_val_score_objective
    this_fold_pipeline.fit(X_train,y_train)
  File "/common/ketrong/tpotexp/env/lib/python3.10/site-packages/sklearn/base.py", line 1473, in wrapper
    return fit_method(estimator, *args, **kwargs)
  File "/common/ketrong/tpotexp/env/lib/python3.10/site-packages/sklearn/pipeline.py", line 473, in fit
    self._final_estimator.fit(Xt, y, **last_step_params["fit"])
  File "/common/ketrong/tpotexp/env/lib/python3.10/site-packages/sklearn/base.py", line 1466, in wrapper
    estimator._validate_params()
  File "/common/ketrong/tpotexp/env/lib/python3.10/site-packages/sklearn/base.py", line 666, in _validate_params
    validate_parameter_constraints(
  File "/common/ketrong/tpotexp/env/lib/python3.10/site-packages/sklearn/utils/_param_validation.py", line 95, in validate_parameter_constraints
    raise InvalidParameterError(
sklearn.utils._param_validation.InvalidParameterError: The 'criterion' parameter of RandomForestRegressor must be a str among {'friedman_mse', 'poisson', 'absolute_error', 'squared_error'}. Got 'mse' instead.

WARNING THIS INDIVIDUAL CAUSED AND EXCEPTION 
 <tpot2.search_spaces.pipelines.sequential.SequentialPipelineIndividual object at 0x15545d500340> 
 The 'criterion' parameter of RandomForestRegressor must be a str among {'friedman_mse', 'poisson', 'absolute_error', 'squared_error'}. Got 'mae' instead. 
 Traceback (most recent call last):
  File "/common/ketrong/tpotexp/tpot2/tpot2/utils/eval_utils.py", line 53, in objective_nan_wrapper
    value = func_timeout.func_timeout(timeout, objective_function, args=[individual], kwargs=objective_kwargs)
  File "/common/ketrong/tpotexp/env/lib/python3.10/site-packages/func_timeout/dafunc.py", line 108, in func_timeout
    raise_exception(exception)
  File "/common/ketrong/tpotexp/env/lib/python3.10/site-packages/func_timeout/py3_raise.py", line 7, in raise_exception
    raise exception[0] from None
  File "/common/ketrong/tpotexp/tpot2/tpot2/tpot_estimator/estimator.py", line 623, in objective_function
    return objective_function_generator(
  File "/common/ketrong/tpotexp/tpot2/tpot2/tpot_estimator/estimator_utils.py", line 55, in objective_function_generator
    cv_obj_scores = cross_val_score_objective(sklearn.base.clone(pipeline),x,y,scorers=scorers, cv=cv , fold=step)
  File "/common/ketrong/tpotexp/tpot2/tpot2/tpot_estimator/cross_val_utils.py", line 28, in cross_val_score_objective
    this_fold_pipeline.fit(X_train,y_train)
  File "/common/ketrong/tpotexp/env/lib/python3.10/site-packages/sklearn/base.py", line 1473, in wrapper
    return fit_method(estimator, *args, **kwargs)
  File "/common/ketrong/tpotexp/env/lib/python3.10/site-packages/sklearn/pipeline.py", line 473, in fit
    self._final_estimator.fit(Xt, y, **last_step_params["fit"])
  File "/common/ketrong/tpotexp/env/lib/python3.10/site-packages/sklearn/base.py", line 1466, in wrapper
    estimator._validate_params()
  File "/common/ketrong/tpotexp/env/lib/python3.10/site-packages/sklearn/base.py", line 666, in _validate_params
    validate_parameter_constraints(
  File "/common/ketrong/tpotexp/env/lib/python3.10/site-packages/sklearn/utils/_param_validation.py", line 95, in validate_parameter_constraints
    raise InvalidParameterError(
sklearn.utils._param_validation.InvalidParameterError: The 'criterion' parameter of RandomForestRegressor must be a str among {'friedman_mse', 'poisson', 'absolute_error', 'squared_error'}. Got 'mae' instead.

WARNING AN INDIVIDUAL TIMED OUT: 
 <tpot2.search_spaces.pipelines.sequential.SequentialPipelineIndividual object at 0x155455df8eb0> 

Generation:  22
Best root_mean_squared_error score: -1.937637887978363
Generation:  88%| | 22/25 [2:57:06<29:46, 595.61s/it]WARNING AN INDIVIDUAL TIMED OUT: 
 <tpot2.search_spaces.pipelines.sequential.SequentialPipelineIndividual object at 0x155474532590> 

WARNING AN INDIVIDUAL TIMED OUT: 
 <tpot2.search_spaces.pipelines.sequential.SequentialPipelineIndividual object at 0x15547540a920> 

Generation:  23
Best root_mean_squared_error score: -1.937637887978363
Generation:  92%|| 23/25 [3:07:11<19:56, 598.40s/it]WARNING THIS INDIVIDUAL CAUSED AND EXCEPTION 
 <tpot2.search_spaces.pipelines.sequential.SequentialPipelineIndividual object at 0x155474b85b40> 
 The 'criterion' parameter of RandomForestRegressor must be a str among {'friedman_mse', 'poisson', 'absolute_error', 'squared_error'}. Got 'mae' instead. 
 Traceback (most recent call last):
  File "/common/ketrong/tpotexp/tpot2/tpot2/utils/eval_utils.py", line 53, in objective_nan_wrapper
    value = func_timeout.func_timeout(timeout, objective_function, args=[individual], kwargs=objective_kwargs)
  File "/common/ketrong/tpotexp/env/lib/python3.10/site-packages/func_timeout/dafunc.py", line 108, in func_timeout
    raise_exception(exception)
  File "/common/ketrong/tpotexp/env/lib/python3.10/site-packages/func_timeout/py3_raise.py", line 7, in raise_exception
    raise exception[0] from None
  File "/common/ketrong/tpotexp/tpot2/tpot2/tpot_estimator/estimator.py", line 623, in objective_function
    return objective_function_generator(
  File "/common/ketrong/tpotexp/tpot2/tpot2/tpot_estimator/estimator_utils.py", line 55, in objective_function_generator
    cv_obj_scores = cross_val_score_objective(sklearn.base.clone(pipeline),x,y,scorers=scorers, cv=cv , fold=step)
  File "/common/ketrong/tpotexp/tpot2/tpot2/tpot_estimator/cross_val_utils.py", line 28, in cross_val_score_objective
    this_fold_pipeline.fit(X_train,y_train)
  File "/common/ketrong/tpotexp/env/lib/python3.10/site-packages/sklearn/base.py", line 1473, in wrapper
    return fit_method(estimator, *args, **kwargs)
  File "/common/ketrong/tpotexp/env/lib/python3.10/site-packages/sklearn/pipeline.py", line 473, in fit
    self._final_estimator.fit(Xt, y, **last_step_params["fit"])
  File "/common/ketrong/tpotexp/env/lib/python3.10/site-packages/sklearn/base.py", line 1466, in wrapper
    estimator._validate_params()
  File "/common/ketrong/tpotexp/env/lib/python3.10/site-packages/sklearn/base.py", line 666, in _validate_params
    validate_parameter_constraints(
  File "/common/ketrong/tpotexp/env/lib/python3.10/site-packages/sklearn/utils/_param_validation.py", line 95, in validate_parameter_constraints
    raise InvalidParameterError(
sklearn.utils._param_validation.InvalidParameterError: The 'criterion' parameter of RandomForestRegressor must be a str among {'friedman_mse', 'poisson', 'absolute_error', 'squared_error'}. Got 'mae' instead.

Generation:  24
Best root_mean_squared_error score: -1.937637887978363
Generation:  96%|| 24/25 [3:11:58<08:24, 505.00s/it]Generation:  25
Best root_mean_squared_error score: -1.937637887978363
Generation: 100%|| 25/25 [3:12:56<00:00, 370.71s/it]Generation: 100%|| 25/25 [3:12:56<00:00, 463.05s/it]
2024-08-27 05:55:37,241 - distributed.scheduler - ERROR - Removing worker 'tcp://127.0.0.1:39029' caused the cluster to lose scattered data, which can't be recovered: {'DataFrame-4f525155b0aa986c71f0c103cfaa5d45', 'DataFrame-0c93ccad7b5cc9f6a8466758b55fd0b8'} (stimulus_id='handle-worker-cleanup-1724763337.2415')
Fitted
Pipeline(steps=[('simpleimputer', SimpleImputer()),
                ('lgbmregressor',
                 LGBMRegressor(max_depth=5, n_estimators=51, n_jobs=1,
                               num_leaves=24, verbose=-1))])
transform worked
try transform
transform worked
score start
train score: {'explained_var': 0.8077908234427028, 'r2': 0.8077908234427028, 'rmse': 1.9270253485484152}
test score: {'explained_var': 0.8590675941796122, 'r2': 0.859028859624618, 'rmse': 1.6395044892569597}
original test score: {'explained_var': 0.9449810538985939, 'r2': 0.944976263243142, 'rmse': 1.024289083241557}
score end
215
lvl
0.5
type
MAR
num_run
1
reg_full
finished
all finished
full run takes
12.419788935052024
hours
DONE
