Run: 10
/cm/local/apps/slurm/var/spool/job969120/slurm_script: line 26: 
pip install -e tpot2
pip install -r tpot2/ImputerExperiments/requirements_.txt
: No such file or directory
RunStart
Version 0.1.7a0 of tpot2 is outdated. Version 0.1.8a0 was released 6 days ago.
starting loops
../data/r/216/216.pkl
working on 
../data/r/216/reg_full_MNAR_0.1_1
3.0117311477661133
running experiment 1/3 - Does large hyperparameter space improve reconstruction accuracy over simple
[I 2024-09-23 18:29:24,373] A new study created in memory with name: no-name-5c9c1f47-ff5d-431a-8b5f-08ede6564864
running
running
running
running
running
running
running
running
running
running
running
running
running
running
running
running
[I 2024-09-23 18:29:25,112] Trial 1 finished with value: 0.12465455240116 and parameters: {'model_name': 'SimpleImputer', 'strategy': 'mean'}. Best is trial 1 with value: 0.12465455240116.
running
[I 2024-09-23 18:29:25,674] Trial 14 finished with value: 0.34324681517410205 and parameters: {'model_name': 'SimpleImputer', 'strategy': 'most_frequent'}. Best is trial 1 with value: 0.12465455240116.
running
[I 2024-09-23 18:29:25,914] Trial 8 finished with value: 0.34324681517410205 and parameters: {'model_name': 'SimpleImputer', 'strategy': 'most_frequent'}. Best is trial 1 with value: 0.12465455240116.
running
[I 2024-09-23 18:29:26,047] Trial 16 finished with value: 0.118006671314885 and parameters: {'model_name': 'SimpleImputer', 'strategy': 'median'}. Best is trial 16 with value: 0.118006671314885.
running
[I 2024-09-23 18:29:27,002] Trial 17 finished with value: 0.118006671314885 and parameters: {'model_name': 'SimpleImputer', 'strategy': 'median'}. Best is trial 16 with value: 0.118006671314885.
running
[I 2024-09-23 18:29:27,307] Trial 19 finished with value: 0.118006671314885 and parameters: {'model_name': 'SimpleImputer', 'strategy': 'median'}. Best is trial 16 with value: 0.118006671314885.
running
[I 2024-09-23 18:29:27,762] Trial 21 finished with value: 0.12465455240116 and parameters: {'model_name': 'SimpleImputer', 'strategy': 'mean'}. Best is trial 16 with value: 0.118006671314885.
running
[I 2024-09-23 18:29:45,573] Trial 7 finished with value: 0.11904000023358592 and parameters: {'model_name': 'KNNImputer', 'n_neighbors': 4428, 'weights': 'uniform'}. Best is trial 16 with value: 0.118006671314885.
running
[I 2024-09-23 18:29:50,265] Trial 10 finished with value: 0.11652940598485809 and parameters: {'model_name': 'KNNImputer', 'n_neighbors': 3495, 'weights': 'distance'}. Best is trial 10 with value: 0.11652940598485809.
running
[I 2024-09-23 18:29:51,198] Trial 4 finished with value: 0.22377438278476944 and parameters: {'model_name': 'VAE', 'batch_size': 79, 'iterations': 1, 'learning_rate': 0.009909829176695244, 'p_miss': 0.2021525144875076}. Best is trial 10 with value: 0.11652940598485809.
running
[I 2024-09-23 18:29:56,722] Trial 11 finished with value: 0.12087288527663993 and parameters: {'model_name': 'KNNImputer', 'n_neighbors': 8381, 'weights': 'distance'}. Best is trial 10 with value: 0.11652940598485809.
running
[I 2024-09-23 18:30:11,013] Trial 6 finished with value: 0.15936313185366224 and parameters: {'model_name': 'VAE', 'batch_size': 645, 'iterations': 2, 'learning_rate': 0.021327633776361158, 'p_miss': 0.11946244560120287}. Best is trial 10 with value: 0.11652940598485809.
running
[I 2024-09-23 18:30:11,922] Trial 24 finished with value: 0.12465455240116 and parameters: {'model_name': 'KNNImputer', 'n_neighbors': 12261, 'weights': 'uniform'}. Best is trial 10 with value: 0.11652940598485809.
running
[I 2024-09-23 18:30:12,288] Trial 18 finished with value: 0.12401984888147725 and parameters: {'model_name': 'IterativeImputer', 'estimator': 'Ridge', 'initial_strategy': 'median', 'n_nearest_features': 1, 'imputation_order': 'ascending'}. Best is trial 10 with value: 0.11652940598485809.
running
[I 2024-09-23 18:30:14,943] Trial 12 finished with value: 0.12013763191573734 and parameters: {'model_name': 'IterativeImputer', 'estimator': 'Ridge', 'initial_strategy': 'mean', 'n_nearest_features': 3, 'imputation_order': 'arabic'}. Best is trial 10 with value: 0.11652940598485809.
running
[I 2024-09-23 18:30:16,568] Trial 22 finished with value: 0.14098814318551148 and parameters: {'model_name': 'VAE', 'batch_size': 7, 'iterations': 25, 'learning_rate': 0.04838652211748604, 'p_miss': 0.12039336280326433}. Best is trial 10 with value: 0.11652940598485809.
running
[I 2024-09-23 18:30:24,485] Trial 0 finished with value: 0.1177745797294816 and parameters: {'model_name': 'IterativeImputer', 'estimator': 'Ridge', 'initial_strategy': 'mean', 'n_nearest_features': 12, 'imputation_order': 'arabic'}. Best is trial 10 with value: 0.11652940598485809.
running
[I 2024-09-23 18:30:42,115] Trial 3 finished with value: 0.12635780176285913 and parameters: {'model_name': 'IterativeImputer', 'estimator': 'KNN', 'initial_strategy': 'median', 'n_nearest_features': 3, 'imputation_order': 'ascending'}. Best is trial 10 with value: 0.11652940598485809.
running
[I 2024-09-23 18:30:48,597] Trial 26 finished with value: 0.12013148322654373 and parameters: {'model_name': 'IterativeImputer', 'estimator': 'Ridge', 'initial_strategy': 'median', 'n_nearest_features': 5, 'imputation_order': 'arabic'}. Best is trial 10 with value: 0.11652940598485809.
running
[I 2024-09-23 18:31:45,050] Trial 23 finished with value: 0.12143434181561082 and parameters: {'model_name': 'IterativeImputer', 'estimator': 'KNN', 'initial_strategy': 'median', 'n_nearest_features': 7, 'imputation_order': 'descending'}. Best is trial 10 with value: 0.11652940598485809.
running
[I 2024-09-23 18:32:36,853] Trial 9 finished with value: 0.22120983425309987 and parameters: {'model_name': 'IterativeImputer', 'estimator': 'Bayesian', 'initial_strategy': 'mean', 'n_nearest_features': 18, 'imputation_order': 'roman', 'sample_posterior': True}. Best is trial 10 with value: 0.11652940598485809.
running
[I 2024-09-23 18:32:43,050] Trial 2 finished with value: 0.12274298674283193 and parameters: {'model_name': 'IterativeImputer', 'estimator': 'KNN', 'initial_strategy': 'median', 'n_nearest_features': 12, 'imputation_order': 'arabic'}. Best is trial 10 with value: 0.11652940598485809.
running
[I 2024-09-23 18:41:47,490] Trial 31 finished with value: inf and parameters: {'model_name': 'GAIN', 'batch_size': 1, 'hint_rate': 0.5377650693217813, 'alpha': 79, 'iterations': 3798, 'learning_rate': 0.00011253196344564, 'p_miss': 0.2982014594439676}. Best is trial 10 with value: 0.11652940598485809.
running
[I 2024-09-23 18:43:47,203] Trial 35 finished with value: inf and parameters: {'model_name': 'GAIN', 'batch_size': 1, 'hint_rate': 0.04202058438464984, 'alpha': 48, 'iterations': 3407, 'learning_rate': 0.00010332389181382368, 'p_miss': 0.29858500608698346}. Best is trial 10 with value: 0.11652940598485809.
running
[I 2024-09-23 18:43:57,061] Trial 39 finished with value: 0.1027578465364783 and parameters: {'model_name': 'KNNImputer', 'n_neighbors': 66, 'weights': 'distance'}. Best is trial 39 with value: 0.1027578465364783.
running
[I 2024-09-23 18:44:09,679] Trial 40 finished with value: 0.10817629569806937 and parameters: {'model_name': 'KNNImputer', 'n_neighbors': 537, 'weights': 'distance'}. Best is trial 39 with value: 0.1027578465364783.
running
[I 2024-09-23 18:44:20,604] Trial 41 finished with value: 0.10291989937253712 and parameters: {'model_name': 'KNNImputer', 'n_neighbors': 84, 'weights': 'distance'}. Best is trial 39 with value: 0.1027578465364783.
running
[I 2024-09-23 18:44:32,855] Trial 42 finished with value: 0.10729541112277637 and parameters: {'model_name': 'KNNImputer', 'n_neighbors': 418, 'weights': 'distance'}. Best is trial 39 with value: 0.1027578465364783.
running
[I 2024-09-23 18:44:42,118] Trial 43 finished with value: 0.12650172460404752 and parameters: {'model_name': 'KNNImputer', 'n_neighbors': 5, 'weights': 'distance'}. Best is trial 39 with value: 0.1027578465364783.
running
[I 2024-09-23 18:44:52,208] Trial 44 finished with value: 0.10302273567546749 and parameters: {'model_name': 'KNNImputer', 'n_neighbors': 90, 'weights': 'distance'}. Best is trial 39 with value: 0.1027578465364783.
running
[I 2024-09-23 18:45:09,721] Trial 45 finished with value: 0.11561483818991089 and parameters: {'model_name': 'KNNImputer', 'n_neighbors': 2825, 'weights': 'distance'}. Best is trial 39 with value: 0.1027578465364783.
running
[I 2024-09-23 18:45:19,661] Trial 46 finished with value: 0.10299252065272826 and parameters: {'model_name': 'KNNImputer', 'n_neighbors': 48, 'weights': 'distance'}. Best is trial 39 with value: 0.1027578465364783.
running
[I 2024-09-23 18:45:22,268] Trial 5 finished with value: 0.5375883171400389 and parameters: {'model_name': 'GAIN', 'batch_size': 5, 'hint_rate': 0.480412785372543, 'alpha': 32, 'iterations': 980, 'learning_rate': 0.0029675348952726173, 'p_miss': 0.13241199627722644}. Best is trial 39 with value: 0.1027578465364783.
running
[I 2024-09-23 18:45:29,299] Trial 47 finished with value: 0.12650172460404752 and parameters: {'model_name': 'KNNImputer', 'n_neighbors': 5, 'weights': 'distance'}. Best is trial 39 with value: 0.1027578465364783.
running
[I 2024-09-23 18:45:34,398] Trial 48 finished with value: 0.10561151354241731 and parameters: {'model_name': 'KNNImputer', 'n_neighbors': 256, 'weights': 'distance'}. Best is trial 39 with value: 0.1027578465364783.
running
[I 2024-09-23 18:45:45,281] Trial 49 finished with value: 0.11384716498215375 and parameters: {'model_name': 'KNNImputer', 'n_neighbors': 1851, 'weights': 'distance'}. Best is trial 39 with value: 0.1027578465364783.
running
[I 2024-09-23 18:45:51,073] Trial 50 finished with value: 0.11468555239578823 and parameters: {'model_name': 'KNNImputer', 'n_neighbors': 2258, 'weights': 'distance'}. Best is trial 39 with value: 0.1027578465364783.
running
[I 2024-09-23 18:46:02,076] Trial 51 finished with value: 0.11458801090223854 and parameters: {'model_name': 'KNNImputer', 'n_neighbors': 2202, 'weights': 'distance'}. Best is trial 39 with value: 0.1027578465364783.
running
[I 2024-09-23 18:46:09,375] Trial 52 finished with value: 0.11820952984221086 and parameters: {'model_name': 'KNNImputer', 'n_neighbors': 5025, 'weights': 'distance'}. Best is trial 39 with value: 0.1027578465364783.
running
[I 2024-09-23 18:46:22,162] Trial 53 finished with value: 0.11978437932531176 and parameters: {'model_name': 'KNNImputer', 'n_neighbors': 6900, 'weights': 'distance'}. Best is trial 39 with value: 0.1027578465364783.
running
[I 2024-09-23 18:52:51,216] Trial 29 finished with value: inf and parameters: {'model_name': 'GAIN', 'batch_size': 1, 'hint_rate': 0.7654241038872927, 'alpha': 4, 'iterations': 6905, 'learning_rate': 0.00013380750099758974, 'p_miss': 0.022964148215391916}. Best is trial 39 with value: 0.1027578465364783.
running
[I 2024-09-23 18:53:06,832] Trial 56 finished with value: 0.11222668946265466 and parameters: {'model_name': 'KNNImputer', 'n_neighbors': 1278, 'weights': 'distance'}. Best is trial 39 with value: 0.1027578465364783.
running
[I 2024-09-23 18:55:02,996] Trial 54 finished with value: 0.14972629708435115 and parameters: {'model_name': 'VAE', 'batch_size': 903, 'iterations': 105, 'learning_rate': 0.0008245842088914931, 'p_miss': 0.01905619949495918}. Best is trial 39 with value: 0.1027578465364783.
running
[I 2024-09-23 18:55:12,916] Trial 58 finished with value: 0.10764208644918587 and parameters: {'model_name': 'KNNImputer', 'n_neighbors': 16, 'weights': 'distance'}. Best is trial 39 with value: 0.1027578465364783.
running
[I 2024-09-23 18:55:23,890] Trial 37 finished with value: inf and parameters: {'model_name': 'GAIN', 'batch_size': 1, 'hint_rate': 0.5630316966014893, 'alpha': 56, 'iterations': 5771, 'learning_rate': 0.0001508929413664455, 'p_miss': 0.28934029555505125}. Best is trial 39 with value: 0.1027578465364783.
running
[I 2024-09-23 18:55:26,763] Trial 59 finished with value: 0.11431081675830161 and parameters: {'model_name': 'KNNImputer', 'n_neighbors': 1479, 'weights': 'uniform'}. Best is trial 39 with value: 0.1027578465364783.
running
[I 2024-09-23 18:55:37,778] Trial 60 finished with value: 0.11372234108591758 and parameters: {'model_name': 'KNNImputer', 'n_neighbors': 1293, 'weights': 'uniform'}. Best is trial 39 with value: 0.1027578465364783.
running
[I 2024-09-23 18:55:42,208] Trial 61 finished with value: 0.11179788111264713 and parameters: {'model_name': 'KNNImputer', 'n_neighbors': 1171, 'weights': 'distance'}. Best is trial 39 with value: 0.1027578465364783.
running
[I 2024-09-23 18:55:53,521] Trial 62 finished with value: 0.11196498169441274 and parameters: {'model_name': 'KNNImputer', 'n_neighbors': 1214, 'weights': 'distance'}. Best is trial 39 with value: 0.1027578465364783.
running
[I 2024-09-23 18:55:56,427] Trial 63 finished with value: 0.11074347237592415 and parameters: {'model_name': 'KNNImputer', 'n_neighbors': 933, 'weights': 'distance'}. Best is trial 39 with value: 0.1027578465364783.
running
[I 2024-09-23 18:56:30,635] Trial 34 finished with value: inf and parameters: {'model_name': 'GAIN', 'batch_size': 1, 'hint_rate': 0.4118569755107753, 'alpha': 26, 'iterations': 7524, 'learning_rate': 0.00013086882716409026, 'p_miss': 0.2965078638608707}. Best is trial 39 with value: 0.1027578465364783.
running
[I 2024-09-23 18:56:39,099] Trial 64 finished with value: 0.23688370600814937 and parameters: {'model_name': 'VAE', 'batch_size': 92, 'iterations': 11, 'learning_rate': 0.0009729983695991024, 'p_miss': 0.2210399738346566}. Best is trial 39 with value: 0.1027578465364783.
running
[I 2024-09-23 18:56:40,963] Trial 66 finished with value: 0.10291897910857153 and parameters: {'model_name': 'KNNImputer', 'n_neighbors': 51, 'weights': 'distance'}. Best is trial 39 with value: 0.1027578465364783.
running
[I 2024-09-23 18:56:48,213] Trial 65 finished with value: 0.23187276410531243 and parameters: {'model_name': 'VAE', 'batch_size': 100, 'iterations': 15, 'learning_rate': 0.0010300373602860659, 'p_miss': 0.2004029075107709}. Best is trial 39 with value: 0.1027578465364783.
running
[I 2024-09-23 18:56:49,971] Trial 67 finished with value: 0.10278471041449362 and parameters: {'model_name': 'KNNImputer', 'n_neighbors': 63, 'weights': 'distance'}. Best is trial 39 with value: 0.1027578465364783.
running
[I 2024-09-23 18:56:51,672] Trial 68 finished with value: 0.10366447716572838 and parameters: {'model_name': 'KNNImputer', 'n_neighbors': 129, 'weights': 'distance'}. Best is trial 39 with value: 0.1027578465364783.
running
[I 2024-09-23 18:56:58,900] Trial 69 finished with value: 0.1043209680498699 and parameters: {'model_name': 'KNNImputer', 'n_neighbors': 28, 'weights': 'distance'}. Best is trial 39 with value: 0.1027578465364783.
running
[I 2024-09-23 18:57:02,103] Trial 70 finished with value: 0.10320158452329095 and parameters: {'model_name': 'KNNImputer', 'n_neighbors': 101, 'weights': 'distance'}. Best is trial 39 with value: 0.1027578465364783.
running
[I 2024-09-23 18:57:09,668] Trial 71 finished with value: 0.11589619923495602 and parameters: {'model_name': 'KNNImputer', 'n_neighbors': 3010, 'weights': 'distance'}. Best is trial 39 with value: 0.1027578465364783.
running
[I 2024-09-23 18:57:17,263] Trial 72 finished with value: 0.11599596931061537 and parameters: {'model_name': 'KNNImputer', 'n_neighbors': 3077, 'weights': 'distance'}. Best is trial 39 with value: 0.1027578465364783.
running
[I 2024-09-23 18:57:20,691] Trial 73 finished with value: 0.11542795450397274 and parameters: {'model_name': 'KNNImputer', 'n_neighbors': 2705, 'weights': 'distance'}. Best is trial 39 with value: 0.1027578465364783.
running
[I 2024-09-23 18:57:24,119] Trial 74 finished with value: 0.11560006531257831 and parameters: {'model_name': 'KNNImputer', 'n_neighbors': 2019, 'weights': 'uniform'}. Best is trial 39 with value: 0.1027578465364783.
running
[I 2024-09-23 18:57:36,043] Trial 76 finished with value: 0.11069476134951939 and parameters: {'model_name': 'KNNImputer', 'n_neighbors': 923, 'weights': 'distance'}. Best is trial 39 with value: 0.1027578465364783.
running
[I 2024-09-23 18:57:38,836] Trial 77 finished with value: 0.11085258859650401 and parameters: {'model_name': 'KNNImputer', 'n_neighbors': 955, 'weights': 'distance'}. Best is trial 39 with value: 0.1027578465364783.
running
[I 2024-09-23 18:58:27,305] Trial 33 finished with value: inf and parameters: {'model_name': 'GAIN', 'batch_size': 1, 'hint_rate': 0.08181322531467194, 'alpha': 55, 'iterations': 8067, 'learning_rate': 0.0001048288270214488, 'p_miss': 0.2899248906083558}. Best is trial 39 with value: 0.1027578465364783.
running
[I 2024-09-23 18:58:44,902] Trial 55 finished with value: 0.14074588600583995 and parameters: {'model_name': 'VAE', 'batch_size': 910, 'iterations': 106, 'learning_rate': 0.0009311752197812806, 'p_miss': 0.013487249383229843}. Best is trial 39 with value: 0.1027578465364783.
running
[I 2024-09-23 19:00:21,768] Trial 27 finished with value: inf and parameters: {'model_name': 'GAIN', 'batch_size': 1, 'hint_rate': 0.27725542077976284, 'alpha': 57, 'iterations': 9061, 'learning_rate': 0.0001900641230845593, 'p_miss': 0.29228226331383267}. Best is trial 39 with value: 0.1027578465364783.
running
[I 2024-09-23 19:01:05,790] Trial 57 finished with value: 0.13743940961888196 and parameters: {'model_name': 'VAE', 'batch_size': 889, 'iterations': 106, 'learning_rate': 0.0014267513928142952, 'p_miss': 0.010069253064174555}. Best is trial 39 with value: 0.1027578465364783.
running
[I 2024-09-23 19:01:42,458] Trial 32 finished with value: inf and parameters: {'model_name': 'GAIN', 'batch_size': 1, 'hint_rate': 0.21133314324469138, 'alpha': 44, 'iterations': 8870, 'learning_rate': 0.00011942477525473553, 'p_miss': 0.29786827977440156}. Best is trial 39 with value: 0.1027578465364783.
running
[I 2024-09-23 19:01:43,092] Trial 84 finished with value: 0.5535126078694843 and parameters: {'model_name': 'SimpleImputer', 'strategy': 'constant'}. Best is trial 39 with value: 0.1027578465364783.
running
[I 2024-09-23 19:03:02,023] Trial 30 finished with value: inf and parameters: {'model_name': 'GAIN', 'batch_size': 1, 'hint_rate': 0.577418681614719, 'alpha': 77, 'iterations': 9522, 'learning_rate': 0.00010386302600858512, 'p_miss': 0.03118528357414299}. Best is trial 39 with value: 0.1027578465364783.
running
[I 2024-09-23 19:03:38,015] Trial 25 finished with value: inf and parameters: {'model_name': 'GAIN', 'batch_size': 1, 'hint_rate': 0.40659425765593055, 'alpha': 42, 'iterations': 9819, 'learning_rate': 0.00011625332972529237, 'p_miss': 0.04750239550780404}. Best is trial 39 with value: 0.1027578465364783.
running
[I 2024-09-23 19:07:03,487] Trial 36 finished with value: inf and parameters: {'model_name': 'GAIN', 'batch_size': 1, 'hint_rate': 0.6532222761915949, 'alpha': 71, 'iterations': 9965, 'learning_rate': 0.00011211270375811488, 'p_miss': 0.2869617212388035}. Best is trial 39 with value: 0.1027578465364783.
running
[I 2024-09-23 19:07:52,264] Trial 15 finished with value: 0.1631350316975336 and parameters: {'model_name': 'VAE', 'batch_size': 2, 'iterations': 1305, 'learning_rate': 0.0065565662180758644, 'p_miss': 0.19440604373099477}. Best is trial 39 with value: 0.1027578465364783.
running
[I 2024-09-23 19:08:46,933] Trial 20 finished with value: inf and parameters: {'model_name': 'GAIN', 'batch_size': 4, 'hint_rate': 0.29789835343139315, 'alpha': 43, 'iterations': 3348, 'learning_rate': 0.0003969731356270339, 'p_miss': 0.12099438618800716}. Best is trial 39 with value: 0.1027578465364783.
running
[I 2024-09-23 19:10:16,700] Trial 13 finished with value: 0.4970525929680205 and parameters: {'model_name': 'GAIN', 'batch_size': 2, 'hint_rate': 0.8640692353580426, 'alpha': 41, 'iterations': 4129, 'learning_rate': 0.011729412652958631, 'p_miss': 0.23985189300507478}. Best is trial 39 with value: 0.1027578465364783.
running
[I 2024-09-23 19:10:22,772] Trial 91 finished with value: 0.10811962473826435 and parameters: {'model_name': 'KNNImputer', 'n_neighbors': 530, 'weights': 'distance'}. Best is trial 39 with value: 0.1027578465364783.
running
[I 2024-09-23 19:19:11,468] Trial 38 finished with value: 0.5537620509032048 and parameters: {'model_name': 'GAIN', 'batch_size': 746, 'hint_rate': 0.022002883440695953, 'alpha': 3, 'iterations': 2581, 'learning_rate': 0.0005531666922684276, 'p_miss': 0.012042296877988412}. Best is trial 39 with value: 0.1027578465364783.
running
[I 2024-09-23 19:51:00,559] Trial 28 finished with value: 0.10705460116397128 and parameters: {'model_name': 'IterativeImputer', 'estimator': 'RFR', 'initial_strategy': 'mean', 'n_nearest_features': 12, 'imputation_order': 'random'}. Best is trial 39 with value: 0.1027578465364783.
running
[I 2024-09-23 19:51:08,425] Trial 94 finished with value: 0.12229121960739672 and parameters: {'model_name': 'KNNImputer', 'n_neighbors': 10183, 'weights': 'distance'}. Best is trial 39 with value: 0.1027578465364783.
running
[I 2024-09-23 20:28:29,248] Trial 75 finished with value: 0.104698335053515 and parameters: {'model_name': 'IterativeImputer', 'estimator': 'RFR', 'initial_strategy': 'constant', 'n_nearest_features': 18, 'imputation_order': 'random'}. Best is trial 39 with value: 0.1027578465364783.
running
[I 2024-09-23 20:28:35,284] Trial 96 finished with value: 0.1039073518138223 and parameters: {'model_name': 'KNNImputer', 'n_neighbors': 142, 'weights': 'distance'}. Best is trial 39 with value: 0.1027578465364783.
running
[I 2024-09-23 20:28:41,562] Trial 97 finished with value: 0.10917785685980234 and parameters: {'model_name': 'KNNImputer', 'n_neighbors': 679, 'weights': 'distance'}. Best is trial 39 with value: 0.1027578465364783.
running
[I 2024-09-23 20:28:42,814] Trial 79 finished with value: 0.10452742436887948 and parameters: {'model_name': 'IterativeImputer', 'estimator': 'RFR', 'initial_strategy': 'constant', 'n_nearest_features': 18, 'imputation_order': 'random'}. Best is trial 39 with value: 0.1027578465364783.
running
[I 2024-09-23 20:28:49,342] Trial 98 finished with value: 0.10652580793338187 and parameters: {'model_name': 'KNNImputer', 'n_neighbors': 19, 'weights': 'distance'}. Best is trial 39 with value: 0.1027578465364783.
running
[I 2024-09-23 20:28:50,219] Trial 99 finished with value: 0.10296650956380105 and parameters: {'model_name': 'KNNImputer', 'n_neighbors': 49, 'weights': 'distance'}. Best is trial 39 with value: 0.1027578465364783.
running
[I 2024-09-23 20:28:57,530] Trial 100 finished with value: 0.1094903140493682 and parameters: {'model_name': 'KNNImputer', 'n_neighbors': 724, 'weights': 'distance'}. Best is trial 39 with value: 0.1027578465364783.
running
[I 2024-09-23 20:28:58,927] Trial 101 finished with value: 0.10951380139850016 and parameters: {'model_name': 'KNNImputer', 'n_neighbors': 728, 'weights': 'distance'}. Best is trial 39 with value: 0.1027578465364783.
running
[I 2024-09-23 20:28:59,209] Trial 103 finished with value: 0.5535126078694843 and parameters: {'model_name': 'SimpleImputer', 'strategy': 'constant'}. Best is trial 39 with value: 0.1027578465364783.
running
[I 2024-09-23 20:29:00,797] Trial 78 finished with value: 0.10528644554692963 and parameters: {'model_name': 'IterativeImputer', 'estimator': 'RFR', 'initial_strategy': 'most_frequent', 'n_nearest_features': 17, 'imputation_order': 'random'}. Best is trial 39 with value: 0.1027578465364783.
running
[I 2024-09-23 20:29:09,545] Trial 102 finished with value: 0.11761575624192214 and parameters: {'model_name': 'KNNImputer', 'n_neighbors': 4448, 'weights': 'distance'}. Best is trial 39 with value: 0.1027578465364783.
running
[I 2024-09-23 20:29:09,746] Trial 104 finished with value: 0.1129931431685044 and parameters: {'model_name': 'KNNImputer', 'n_neighbors': 1518, 'weights': 'distance'}. Best is trial 39 with value: 0.1027578465364783.
running
[I 2024-09-23 20:29:10,943] Trial 105 finished with value: 0.11337659170984918 and parameters: {'model_name': 'KNNImputer', 'n_neighbors': 1656, 'weights': 'distance'}. Best is trial 39 with value: 0.1027578465364783.
running
[I 2024-09-23 20:29:17,413] Trial 106 finished with value: 0.1431015518737197 and parameters: {'model_name': 'KNNImputer', 'n_neighbors': 3, 'weights': 'distance'}. Best is trial 39 with value: 0.1027578465364783.
running
[I 2024-09-23 20:29:18,334] Trial 107 finished with value: 0.10291897910857153 and parameters: {'model_name': 'KNNImputer', 'n_neighbors': 51, 'weights': 'distance'}. Best is trial 39 with value: 0.1027578465364783.
running
[I 2024-09-23 20:29:19,426] Trial 108 finished with value: 0.10754760134618184 and parameters: {'model_name': 'KNNImputer', 'n_neighbors': 449, 'weights': 'distance'}. Best is trial 39 with value: 0.1027578465364783.
running
[I 2024-09-23 20:29:26,319] Trial 109 finished with value: 0.10777859375508245 and parameters: {'model_name': 'KNNImputer', 'n_neighbors': 481, 'weights': 'distance'}. Best is trial 39 with value: 0.1027578465364783.
running
[I 2024-09-23 20:29:27,855] Trial 110 finished with value: 0.10855850781726042 and parameters: {'model_name': 'KNNImputer', 'n_neighbors': 588, 'weights': 'distance'}. Best is trial 39 with value: 0.1027578465364783.
running
[I 2024-09-23 20:29:29,067] Trial 111 finished with value: 0.10838503703052253 and parameters: {'model_name': 'KNNImputer', 'n_neighbors': 566, 'weights': 'distance'}. Best is trial 39 with value: 0.1027578465364783.
running
[I 2024-09-23 20:29:35,547] Trial 112 finished with value: 0.10904884226552536 and parameters: {'model_name': 'KNNImputer', 'n_neighbors': 661, 'weights': 'distance'}. Best is trial 39 with value: 0.1027578465364783.
running
[I 2024-09-23 20:29:37,113] Trial 113 finished with value: 0.10860281068520503 and parameters: {'model_name': 'KNNImputer', 'n_neighbors': 593, 'weights': 'distance'}. Best is trial 39 with value: 0.1027578465364783.
running
[I 2024-09-23 20:29:38,075] Trial 114 finished with value: 0.10582302923173428 and parameters: {'model_name': 'KNNImputer', 'n_neighbors': 21, 'weights': 'distance'}. Best is trial 39 with value: 0.1027578465364783.
running
[I 2024-09-23 20:29:44,758] Trial 115 finished with value: 0.10356719473980273 and parameters: {'model_name': 'KNNImputer', 'n_neighbors': 86, 'weights': 'uniform'}. Best is trial 39 with value: 0.1027578465364783.
running
[I 2024-09-23 20:29:46,065] Trial 116 finished with value: 0.10278598027218229 and parameters: {'model_name': 'KNNImputer', 'n_neighbors': 73, 'weights': 'distance'}. Best is trial 39 with value: 0.1027578465364783.
running
[I 2024-09-23 20:29:47,372] Trial 117 finished with value: 0.10385364931605626 and parameters: {'model_name': 'KNNImputer', 'n_neighbors': 32, 'weights': 'distance'}. Best is trial 39 with value: 0.1027578465364783.
running
[I 2024-09-23 20:29:50,658] Trial 80 finished with value: 0.10461509534464068 and parameters: {'model_name': 'IterativeImputer', 'estimator': 'RFR', 'initial_strategy': 'constant', 'n_nearest_features': 18, 'imputation_order': 'random'}. Best is trial 39 with value: 0.1027578465364783.
running
[I 2024-09-23 20:29:53,621] Trial 118 finished with value: 0.10565837086486149 and parameters: {'model_name': 'KNNImputer', 'n_neighbors': 22, 'weights': 'uniform'}. Best is trial 39 with value: 0.1027578465364783.
running
[I 2024-09-23 20:29:56,626] Trial 119 finished with value: 0.11310192730366628 and parameters: {'model_name': 'KNNImputer', 'n_neighbors': 1139, 'weights': 'uniform'}. Best is trial 39 with value: 0.1027578465364783.
running
[I 2024-09-23 20:30:00,798] Trial 120 finished with value: 0.12062338308519685 and parameters: {'model_name': 'KNNImputer', 'n_neighbors': 6018, 'weights': 'uniform'}. Best is trial 39 with value: 0.1027578465364783.
running
[I 2024-09-23 20:30:01,080] Trial 124 finished with value: 0.12465455240116 and parameters: {'model_name': 'SimpleImputer', 'strategy': 'mean'}. Best is trial 39 with value: 0.1027578465364783.
running
[I 2024-09-23 20:30:02,032] Trial 121 finished with value: 0.11304958949497963 and parameters: {'model_name': 'KNNImputer', 'n_neighbors': 1126, 'weights': 'uniform'}. Best is trial 39 with value: 0.1027578465364783.
running
[I 2024-09-23 20:30:05,124] Trial 122 finished with value: 0.11314154814159931 and parameters: {'model_name': 'KNNImputer', 'n_neighbors': 1147, 'weights': 'uniform'}. Best is trial 39 with value: 0.1027578465364783.
running
[I 2024-09-23 20:30:05,350] Trial 81 finished with value: 0.10495056156758815 and parameters: {'model_name': 'IterativeImputer', 'estimator': 'RFR', 'initial_strategy': 'constant', 'n_nearest_features': 18, 'imputation_order': 'random'}. Best is trial 39 with value: 0.1027578465364783.
running
[I 2024-09-23 20:30:09,673] Trial 123 finished with value: 0.12465455240116 and parameters: {'model_name': 'KNNImputer', 'n_neighbors': 12137, 'weights': 'uniform'}. Best is trial 39 with value: 0.1027578465364783.
running
[I 2024-09-23 20:30:13,466] Trial 125 finished with value: 0.1132496357203808 and parameters: {'model_name': 'KNNImputer', 'n_neighbors': 1174, 'weights': 'uniform'}. Best is trial 39 with value: 0.1027578465364783.
running
[I 2024-09-23 20:30:13,697] Trial 126 finished with value: 0.10766125671679487 and parameters: {'model_name': 'KNNImputer', 'n_neighbors': 466, 'weights': 'distance'}. Best is trial 39 with value: 0.1027578465364783.
running
[I 2024-09-23 20:30:17,682] Trial 127 finished with value: 0.10713481505901253 and parameters: {'model_name': 'KNNImputer', 'n_neighbors': 400, 'weights': 'distance'}. Best is trial 39 with value: 0.1027578465364783.
running
[I 2024-09-23 20:30:18,256] Trial 128 finished with value: 0.10729541112277637 and parameters: {'model_name': 'KNNImputer', 'n_neighbors': 418, 'weights': 'distance'}. Best is trial 39 with value: 0.1027578465364783.
running
[I 2024-09-23 20:30:22,101] Trial 129 finished with value: 0.10670959223839413 and parameters: {'model_name': 'KNNImputer', 'n_neighbors': 354, 'weights': 'distance'}. Best is trial 39 with value: 0.1027578465364783.
running
[I 2024-09-23 20:30:25,841] Trial 130 finished with value: 0.10742067508798861 and parameters: {'model_name': 'KNNImputer', 'n_neighbors': 431, 'weights': 'distance'}. Best is trial 39 with value: 0.1027578465364783.
running
[I 2024-09-23 20:30:26,050] Trial 131 finished with value: 0.10713481505901253 and parameters: {'model_name': 'KNNImputer', 'n_neighbors': 400, 'weights': 'distance'}. Best is trial 39 with value: 0.1027578465364783.
running
[I 2024-09-23 20:30:29,905] Trial 132 finished with value: 0.10652039681616417 and parameters: {'model_name': 'KNNImputer', 'n_neighbors': 336, 'weights': 'distance'}. Best is trial 39 with value: 0.1027578465364783.
running
[I 2024-09-23 20:30:31,984] Trial 133 finished with value: 0.11318948958010208 and parameters: {'model_name': 'KNNImputer', 'n_neighbors': 1588, 'weights': 'distance'}. Best is trial 39 with value: 0.1027578465364783.
running
[I 2024-09-23 20:30:35,997] Trial 134 finished with value: 0.11353904240372856 and parameters: {'model_name': 'KNNImputer', 'n_neighbors': 1721, 'weights': 'distance'}. Best is trial 39 with value: 0.1027578465364783.
running
[I 2024-09-23 20:30:37,385] Trial 136 finished with value: 0.10315313600784211 and parameters: {'model_name': 'KNNImputer', 'n_neighbors': 98, 'weights': 'distance'}. Best is trial 39 with value: 0.1027578465364783.
running
[I 2024-09-23 20:30:41,163] Trial 135 finished with value: 0.11387508131298196 and parameters: {'model_name': 'KNNImputer', 'n_neighbors': 1862, 'weights': 'distance'}. Best is trial 39 with value: 0.1027578465364783.
[I 2024-09-23 20:30:41,163] Trial 138 finished with value: 0.20271378717051336 and parameters: {'model_name': 'KNNImputer', 'n_neighbors': 1, 'weights': 'distance'}. Best is trial 39 with value: 0.1027578465364783.
running
running
[I 2024-09-23 20:30:43,773] Trial 137 finished with value: 0.1104330158198853 and parameters: {'model_name': 'KNNImputer', 'n_neighbors': 878, 'weights': 'distance'}. Best is trial 39 with value: 0.1027578465364783.
running
[I 2024-09-23 20:30:47,050] Trial 139 finished with value: 0.10764208644918587 and parameters: {'model_name': 'KNNImputer', 'n_neighbors': 16, 'weights': 'distance'}. Best is trial 39 with value: 0.1027578465364783.
running
[I 2024-09-23 20:30:51,145] Trial 140 finished with value: 0.11029205392655776 and parameters: {'model_name': 'KNNImputer', 'n_neighbors': 853, 'weights': 'distance'}. Best is trial 39 with value: 0.1027578465364783.
running
[I 2024-09-23 20:30:54,709] Trial 142 finished with value: 0.11072659911718527 and parameters: {'model_name': 'KNNImputer', 'n_neighbors': 928, 'weights': 'distance'}. Best is trial 39 with value: 0.1027578465364783.
running
[I 2024-09-23 20:30:55,341] Trial 141 finished with value: 0.11001990455000617 and parameters: {'model_name': 'KNNImputer', 'n_neighbors': 806, 'weights': 'distance'}. Best is trial 39 with value: 0.1027578465364783.
running
[I 2024-09-23 20:31:05,789] Trial 146 finished with value: 0.105543304553347 and parameters: {'model_name': 'KNNImputer', 'n_neighbors': 252, 'weights': 'distance'}. Best is trial 39 with value: 0.1027578465364783.
running
[I 2024-09-23 20:31:06,918] Trial 144 finished with value: 0.12120100285064547 and parameters: {'model_name': 'KNNImputer', 'n_neighbors': 8801, 'weights': 'distance'}. Best is trial 39 with value: 0.1027578465364783.
running
[I 2024-09-23 20:32:50,371] Trial 82 finished with value: 0.10477112560975502 and parameters: {'model_name': 'IterativeImputer', 'estimator': 'RFR', 'initial_strategy': 'constant', 'n_nearest_features': 18, 'imputation_order': 'random'}. Best is trial 39 with value: 0.1027578465364783.
running
[I 2024-09-23 20:33:19,877] Trial 83 finished with value: 0.10524434107868474 and parameters: {'model_name': 'IterativeImputer', 'estimator': 'RFR', 'initial_strategy': 'constant', 'n_nearest_features': 17, 'imputation_order': 'random'}. Best is trial 39 with value: 0.1027578465364783.
running
[I 2024-09-23 20:34:20,181] Trial 85 finished with value: 0.10560151426164266 and parameters: {'model_name': 'IterativeImputer', 'estimator': 'RFR', 'initial_strategy': 'constant', 'n_nearest_features': 18, 'imputation_order': 'random'}. Best is trial 39 with value: 0.1027578465364783.
running
[I 2024-09-23 20:35:49,266] Trial 86 finished with value: 0.1051269143196025 and parameters: {'model_name': 'IterativeImputer', 'estimator': 'RFR', 'initial_strategy': 'constant', 'n_nearest_features': 18, 'imputation_order': 'random'}. Best is trial 39 with value: 0.1027578465364783.
running
[I 2024-09-23 20:36:09,251] Trial 153 finished with value: 0.14507781794624042 and parameters: {'model_name': 'VAE', 'batch_size': 36, 'iterations': 4, 'learning_rate': 0.09188697258457923, 'p_miss': 0.07968816844433552}. Best is trial 39 with value: 0.1027578465364783.
running
[I 2024-09-23 20:36:22,066] Trial 154 finished with value: 0.10581954262140511 and parameters: {'model_name': 'KNNImputer', 'n_neighbors': 277, 'weights': 'distance'}. Best is trial 39 with value: 0.1027578465364783.
running
[I 2024-09-23 20:36:22,642] Trial 155 finished with value: 0.5535126078694843 and parameters: {'model_name': 'SimpleImputer', 'strategy': 'constant'}. Best is trial 39 with value: 0.1027578465364783.
running
[I 2024-09-23 20:36:28,085] Trial 87 finished with value: 0.10519988514469125 and parameters: {'model_name': 'IterativeImputer', 'estimator': 'RFR', 'initial_strategy': 'constant', 'n_nearest_features': 18, 'imputation_order': 'random'}. Best is trial 39 with value: 0.1027578465364783.
running
[I 2024-09-23 20:36:34,582] Trial 156 finished with value: 0.10503868481666712 and parameters: {'model_name': 'KNNImputer', 'n_neighbors': 213, 'weights': 'distance'}. Best is trial 39 with value: 0.1027578465364783.
running
[I 2024-09-23 20:36:37,076] Trial 157 finished with value: 0.16048169136538082 and parameters: {'model_name': 'KNNImputer', 'n_neighbors': 2, 'weights': 'distance'}. Best is trial 39 with value: 0.1027578465364783.
running
[I 2024-09-23 20:36:45,130] Trial 158 finished with value: 0.11081796106236297 and parameters: {'model_name': 'KNNImputer', 'n_neighbors': 12, 'weights': 'distance'}. Best is trial 39 with value: 0.1027578465364783.
running
[I 2024-09-23 20:36:52,397] Trial 159 finished with value: 0.10978025818523066 and parameters: {'model_name': 'KNNImputer', 'n_neighbors': 769, 'weights': 'distance'}. Best is trial 39 with value: 0.1027578465364783.
running
[I 2024-09-23 20:36:58,908] Trial 160 finished with value: 0.1096553399250777 and parameters: {'model_name': 'KNNImputer', 'n_neighbors': 749, 'weights': 'distance'}. Best is trial 39 with value: 0.1027578465364783.
running
[I 2024-09-23 20:37:05,474] Trial 161 finished with value: 0.10658461323988155 and parameters: {'model_name': 'KNNImputer', 'n_neighbors': 342, 'weights': 'distance'}. Best is trial 39 with value: 0.1027578465364783.
running
[I 2024-09-23 20:37:11,425] Trial 162 finished with value: 0.10615436842055956 and parameters: {'model_name': 'KNNImputer', 'n_neighbors': 303, 'weights': 'distance'}. Best is trial 39 with value: 0.1027578465364783.
running
[I 2024-09-23 20:37:22,711] Trial 163 finished with value: 0.11247328477449033 and parameters: {'model_name': 'KNNImputer', 'n_neighbors': 1349, 'weights': 'distance'}. Best is trial 39 with value: 0.1027578465364783.
running
[I 2024-09-23 20:37:27,328] Trial 164 finished with value: 0.1122775598674612 and parameters: {'model_name': 'KNNImputer', 'n_neighbors': 1293, 'weights': 'distance'}. Best is trial 39 with value: 0.1027578465364783.
running
[I 2024-09-23 20:37:39,224] Trial 166 finished with value: 0.10414651764693934 and parameters: {'model_name': 'KNNImputer', 'n_neighbors': 155, 'weights': 'distance'}. Best is trial 39 with value: 0.1027578465364783.
running
[I 2024-09-23 20:37:41,927] Trial 165 finished with value: 0.11690685386430573 and parameters: {'model_name': 'KNNImputer', 'n_neighbors': 3817, 'weights': 'distance'}. Best is trial 39 with value: 0.1027578465364783.
running
[I 2024-09-23 20:37:51,233] Trial 167 finished with value: 0.10562638819161937 and parameters: {'model_name': 'KNNImputer', 'n_neighbors': 259, 'weights': 'distance'}. Best is trial 39 with value: 0.1027578465364783.
running
[I 2024-09-23 20:37:55,760] Trial 168 finished with value: 0.10896632737785569 and parameters: {'model_name': 'KNNImputer', 'n_neighbors': 649, 'weights': 'distance'}. Best is trial 39 with value: 0.1027578465364783.
running
[I 2024-09-23 20:38:06,131] Trial 169 finished with value: 0.10910116348030723 and parameters: {'model_name': 'KNNImputer', 'n_neighbors': 670, 'weights': 'distance'}. Best is trial 39 with value: 0.1027578465364783.
running
[I 2024-09-23 20:38:07,935] Trial 170 finished with value: 0.10511022777837291 and parameters: {'model_name': 'KNNImputer', 'n_neighbors': 217, 'weights': 'distance'}. Best is trial 39 with value: 0.1027578465364783.
running
[I 2024-09-23 20:38:18,450] Trial 171 finished with value: 0.10514078263667777 and parameters: {'model_name': 'KNNImputer', 'n_neighbors': 219, 'weights': 'distance'}. Best is trial 39 with value: 0.1027578465364783.
running
[I 2024-09-23 20:38:24,158] Trial 172 finished with value: 0.11118336229883093 and parameters: {'model_name': 'KNNImputer', 'n_neighbors': 1029, 'weights': 'distance'}. Best is trial 39 with value: 0.1027578465364783.
running
[I 2024-09-23 20:38:34,635] Trial 173 finished with value: 0.11127407128832303 and parameters: {'model_name': 'KNNImputer', 'n_neighbors': 1048, 'weights': 'distance'}. Best is trial 39 with value: 0.1027578465364783.
running
[I 2024-09-23 20:40:19,231] Trial 88 finished with value: 0.10523413660970964 and parameters: {'model_name': 'IterativeImputer', 'estimator': 'RFR', 'initial_strategy': 'most_frequent', 'n_nearest_features': 18, 'imputation_order': 'random'}. Best is trial 39 with value: 0.1027578465364783.
running
[I 2024-09-23 20:40:28,514] Trial 176 finished with value: 0.1431015518737197 and parameters: {'model_name': 'KNNImputer', 'n_neighbors': 3, 'weights': 'distance'}. Best is trial 39 with value: 0.1027578465364783.
running
[I 2024-09-23 20:40:42,134] Trial 177 finished with value: 0.10796657661649926 and parameters: {'model_name': 'KNNImputer', 'n_neighbors': 509, 'weights': 'distance'}. Best is trial 39 with value: 0.1027578465364783.
running
[I 2024-09-23 20:41:17,487] Trial 147 finished with value: 0.14266110741729182 and parameters: {'model_name': 'VAE', 'batch_size': 13, 'iterations': 303, 'learning_rate': 0.09945730313676449, 'p_miss': 0.07694861620409969}. Best is trial 39 with value: 0.1027578465364783.
running
[I 2024-09-23 20:41:24,652] Trial 89 finished with value: 0.10509983223552136 and parameters: {'model_name': 'IterativeImputer', 'estimator': 'RFR', 'initial_strategy': 'constant', 'n_nearest_features': 18, 'imputation_order': 'random'}. Best is trial 39 with value: 0.1027578465364783.
running
[I 2024-09-23 20:41:25,417] Trial 179 finished with value: 0.529446379773664 and parameters: {'model_name': 'GAIN', 'batch_size': 283, 'hint_rate': 0.9790350013253661, 'alpha': 19, 'iterations': 1, 'learning_rate': 0.003365177522922652, 'p_miss': 0.16110595972110198}. Best is trial 39 with value: 0.1027578465364783.
running
[I 2024-09-23 20:41:37,173] Trial 180 finished with value: 0.10943054068072082 and parameters: {'model_name': 'KNNImputer', 'n_neighbors': 548, 'weights': 'uniform'}. Best is trial 39 with value: 0.1027578465364783.
running
[I 2024-09-23 20:41:38,165] Trial 181 finished with value: 0.10965031778427095 and parameters: {'model_name': 'KNNImputer', 'n_neighbors': 575, 'weights': 'uniform'}. Best is trial 39 with value: 0.1027578465364783.
running
[I 2024-09-23 20:41:46,199] Trial 149 finished with value: 0.14000992577212765 and parameters: {'model_name': 'VAE', 'batch_size': 30, 'iterations': 284, 'learning_rate': 0.08096305148765336, 'p_miss': 0.06432989558314539}. Best is trial 39 with value: 0.1027578465364783.
running
[I 2024-09-23 20:41:47,362] Trial 143 finished with value: 0.14122609654572021 and parameters: {'model_name': 'VAE', 'batch_size': 27, 'iterations': 305, 'learning_rate': 0.05409544266424254, 'p_miss': 0.07254209838727331}. Best is trial 39 with value: 0.1027578465364783.
running
[I 2024-09-23 20:41:50,586] Trial 182 finished with value: 0.10525418352133183 and parameters: {'model_name': 'KNNImputer', 'n_neighbors': 228, 'weights': 'distance'}. Best is trial 39 with value: 0.1027578465364783.
running
[I 2024-09-23 20:41:50,884] Trial 183 finished with value: 0.10498025832037113 and parameters: {'model_name': 'KNNImputer', 'n_neighbors': 208, 'weights': 'distance'}. Best is trial 39 with value: 0.1027578465364783.
running
[I 2024-09-23 20:42:02,222] Trial 184 finished with value: 0.10520277049397739 and parameters: {'model_name': 'KNNImputer', 'n_neighbors': 224, 'weights': 'distance'}. Best is trial 39 with value: 0.1027578465364783.
running
[I 2024-09-23 20:42:03,703] Trial 185 finished with value: 0.10561151354241731 and parameters: {'model_name': 'KNNImputer', 'n_neighbors': 256, 'weights': 'distance'}. Best is trial 39 with value: 0.1027578465364783.
running
[I 2024-09-23 20:42:06,013] Trial 187 finished with value: 0.13340655731982026 and parameters: {'model_name': 'KNNImputer', 'n_neighbors': 4, 'weights': 'distance'}. Best is trial 39 with value: 0.1027578465364783.
running
[I 2024-09-23 20:42:12,902] Trial 90 finished with value: 0.10510434461186713 and parameters: {'model_name': 'IterativeImputer', 'estimator': 'RFR', 'initial_strategy': 'constant', 'n_nearest_features': 18, 'imputation_order': 'random'}. Best is trial 39 with value: 0.1027578465364783.
running
[I 2024-09-23 20:42:14,954] Trial 191 finished with value: 0.34324681517410205 and parameters: {'model_name': 'SimpleImputer', 'strategy': 'most_frequent'}. Best is trial 39 with value: 0.1027578465364783.
running
[I 2024-09-23 20:43:00,663] Trial 150 finished with value: 0.14310334955683887 and parameters: {'model_name': 'VAE', 'batch_size': 23, 'iterations': 336, 'learning_rate': 0.09470193203878645, 'p_miss': 0.08007934963259696}. Best is trial 39 with value: 0.1027578465364783.
running
[I 2024-09-23 20:44:12,990] Trial 151 finished with value: 0.1418379157804222 and parameters: {'model_name': 'VAE', 'batch_size': 21, 'iterations': 343, 'learning_rate': 0.06247968837540037, 'p_miss': 0.08385495769864147}. Best is trial 39 with value: 0.1027578465364783.
running
[I 2024-09-23 20:44:31,065] Trial 145 finished with value: 0.14062995121565458 and parameters: {'model_name': 'VAE', 'batch_size': 28, 'iterations': 473, 'learning_rate': 0.09657882164391945, 'p_miss': 0.07112378839826307}. Best is trial 39 with value: 0.1027578465364783.
running
[I 2024-09-23 20:44:42,105] Trial 186 finished with value: 0.1175561211306114 and parameters: {'model_name': 'IterativeImputer', 'estimator': 'Bayesian', 'initial_strategy': 'most_frequent', 'n_nearest_features': 14, 'imputation_order': 'descending', 'sample_posterior': False}. Best is trial 39 with value: 0.1027578465364783.
running
[I 2024-09-23 20:44:51,533] Trial 92 finished with value: 0.10512828060058588 and parameters: {'model_name': 'IterativeImputer', 'estimator': 'RFR', 'initial_strategy': 'constant', 'n_nearest_features': 18, 'imputation_order': 'random'}. Best is trial 39 with value: 0.1027578465364783.
running
[I 2024-09-23 20:44:55,334] Trial 189 finished with value: 0.1175561211306114 and parameters: {'model_name': 'IterativeImputer', 'estimator': 'Bayesian', 'initial_strategy': 'most_frequent', 'n_nearest_features': 14, 'imputation_order': 'descending', 'sample_posterior': False}. Best is trial 39 with value: 0.1027578465364783.
running
[I 2024-09-23 20:44:58,928] Trial 190 finished with value: 0.1175561211306114 and parameters: {'model_name': 'IterativeImputer', 'estimator': 'Bayesian', 'initial_strategy': 'most_frequent', 'n_nearest_features': 14, 'imputation_order': 'descending', 'sample_posterior': False}. Best is trial 39 with value: 0.1027578465364783.
running
[I 2024-09-23 20:45:04,848] Trial 188 finished with value: 0.11743132899191906 and parameters: {'model_name': 'IterativeImputer', 'estimator': 'Bayesian', 'initial_strategy': 'most_frequent', 'n_nearest_features': 15, 'imputation_order': 'descending', 'sample_posterior': False}. Best is trial 39 with value: 0.1027578465364783.
[I 2024-09-23 20:45:08,988] Trial 192 finished with value: 0.11752316560549443 and parameters: {'model_name': 'IterativeImputer', 'estimator': 'Bayesian', 'initial_strategy': 'most_frequent', 'n_nearest_features': 14, 'imputation_order': 'roman', 'sample_posterior': False}. Best is trial 39 with value: 0.1027578465364783.
[I 2024-09-23 20:45:15,461] Trial 148 finished with value: 0.1402189062748374 and parameters: {'model_name': 'VAE', 'batch_size': 22, 'iterations': 431, 'learning_rate': 0.09668688588526071, 'p_miss': 0.08002283857658177}. Best is trial 39 with value: 0.1027578465364783.
[I 2024-09-23 20:45:25,531] Trial 152 finished with value: 0.14118710284346567 and parameters: {'model_name': 'VAE', 'batch_size': 19, 'iterations': 400, 'learning_rate': 0.09680968290536876, 'p_miss': 0.07460829935586397}. Best is trial 39 with value: 0.1027578465364783.
[I 2024-09-23 20:45:58,167] Trial 193 finished with value: 0.11752316560549443 and parameters: {'model_name': 'IterativeImputer', 'estimator': 'Bayesian', 'initial_strategy': 'most_frequent', 'n_nearest_features': 14, 'imputation_order': 'roman', 'sample_posterior': False}. Best is trial 39 with value: 0.1027578465364783.
[I 2024-09-23 20:46:04,393] Trial 175 finished with value: 0.5454906735450271 and parameters: {'model_name': 'GAIN', 'batch_size': 310, 'hint_rate': 0.9781914393994688, 'alpha': 15, 'iterations': 390, 'learning_rate': 0.0024556323390102592, 'p_miss': 0.16539279683013464}. Best is trial 39 with value: 0.1027578465364783.
[I 2024-09-23 20:46:53,436] Trial 194 finished with value: 0.11752316560549443 and parameters: {'model_name': 'IterativeImputer', 'estimator': 'Bayesian', 'initial_strategy': 'most_frequent', 'n_nearest_features': 14, 'imputation_order': 'roman', 'sample_posterior': False}. Best is trial 39 with value: 0.1027578465364783.
[I 2024-09-23 20:46:59,111] Trial 174 finished with value: 0.13528636878810357 and parameters: {'model_name': 'VAE', 'batch_size': 247, 'iterations': 205, 'learning_rate': 0.0044629297975537505, 'p_miss': 0.0827981177020881}. Best is trial 39 with value: 0.1027578465364783.
[I 2024-09-23 20:47:02,227] Trial 195 finished with value: 0.11743132899191906 and parameters: {'model_name': 'IterativeImputer', 'estimator': 'Bayesian', 'initial_strategy': 'most_frequent', 'n_nearest_features': 15, 'imputation_order': 'descending', 'sample_posterior': False}. Best is trial 39 with value: 0.1027578465364783.
[I 2024-09-23 20:47:17,929] Trial 196 finished with value: 0.22016554327170573 and parameters: {'model_name': 'IterativeImputer', 'estimator': 'Bayesian', 'initial_strategy': 'constant', 'n_nearest_features': 15, 'imputation_order': 'roman', 'sample_posterior': True}. Best is trial 39 with value: 0.1027578465364783.
[I 2024-09-23 20:47:21,515] Trial 197 finished with value: 0.21951642745332656 and parameters: {'model_name': 'IterativeImputer', 'estimator': 'Bayesian', 'initial_strategy': 'most_frequent', 'n_nearest_features': 15, 'imputation_order': 'roman', 'sample_posterior': True}. Best is trial 39 with value: 0.1027578465364783.
[I 2024-09-23 20:47:24,107] Trial 199 finished with value: 0.12209526473017966 and parameters: {'model_name': 'IterativeImputer', 'estimator': 'KNN', 'initial_strategy': 'constant', 'n_nearest_features': 10, 'imputation_order': 'roman'}. Best is trial 39 with value: 0.1027578465364783.
[I 2024-09-23 20:47:24,326] Trial 178 finished with value: 0.5405814699144851 and parameters: {'model_name': 'GAIN', 'batch_size': 329, 'hint_rate': 0.9745308927502816, 'alpha': 91, 'iterations': 733, 'learning_rate': 0.003151853934001201, 'p_miss': 0.16630765857237134}. Best is trial 39 with value: 0.1027578465364783.
[I 2024-09-23 20:47:53,947] Trial 198 finished with value: 0.12316773505483025 and parameters: {'model_name': 'IterativeImputer', 'estimator': 'KNN', 'initial_strategy': 'constant', 'n_nearest_features': 15, 'imputation_order': 'roman'}. Best is trial 39 with value: 0.1027578465364783.
[I 2024-09-23 20:54:46,588] Trial 93 finished with value: 0.10518727371582422 and parameters: {'model_name': 'IterativeImputer', 'estimator': 'RFR', 'initial_strategy': 'constant', 'n_nearest_features': 17, 'imputation_order': 'random'}. Best is trial 39 with value: 0.1027578465364783.
[I 2024-09-23 21:24:32,903] Trial 95 finished with value: 0.1049265970061037 and parameters: {'model_name': 'IterativeImputer', 'estimator': 'RFR', 'initial_strategy': 'constant', 'n_nearest_features': 17, 'imputation_order': 'descending'}. Best is trial 39 with value: 0.1027578465364783.
fit
auto fit
auto transform
0     0
1     0
2     0
3     0
4     0
5     0
6     0
7     0
8     0
9     0
10    0
11    0
12    0
13    0
14    0
15    0
16    0
17    0
dtype: int64
0     0
1     0
2     0
3     0
4     0
5     0
6     0
7     0
8     0
9     0
10    0
11    0
12    0
13    0
14    0
15    0
16    0
17    0
dtype: int64
0.1027578465364783
{'model_name': 'KNNImputer', 'n_neighbors': 66, 'weights': 'distance'}
running experiment 2/3 - Does reconstruction give good automl predictions
Start est fit
Version 0.1.7a0 of tpot2 is outdated. Version 0.1.8a0 was released 6 days ago.
Version 0.1.7a0 of tpot2 is outdated. Version 0.1.8a0 was released 6 days ago.
Version 0.1.7a0 of tpot2 is outdated. Version 0.1.8a0 was released 6 days ago.
Version 0.1.7a0 of tpot2 is outdated. Version 0.1.8a0 was released 6 days ago.
Version 0.1.7a0 of tpot2 is outdated. Version 0.1.8a0 was released 6 days ago.
Version 0.1.7a0 of tpot2 is outdated. Version 0.1.8a0 was released 6 days ago.
Version 0.1.7a0 of tpot2 is outdated. Version 0.1.8a0 was released 6 days ago.
Version 0.1.7a0 of tpot2 is outdated. Version 0.1.8a0 was released 6 days ago.
Version 0.1.7a0 of tpot2 is outdated. Version 0.1.8a0 was released 6 days ago.
Version 0.1.7a0 of tpot2 is outdated. Version 0.1.8a0 was released 6 days ago.
Version 0.1.7a0 of tpot2 is outdated. Version 0.1.8a0 was released 6 days ago.
Version 0.1.7a0 of tpot2 is outdated. Version 0.1.8a0 was released 6 days ago.
Version 0.1.7a0 of tpot2 is outdated. Version 0.1.8a0 was released 6 days ago.
Version 0.1.7a0 of tpot2 is outdated. Version 0.1.8a0 was released 6 days ago.
Version 0.1.7a0 of tpot2 is outdated. Version 0.1.8a0 was released 6 days ago.
Version 0.1.7a0 of tpot2 is outdated. Version 0.1.8a0 was released 6 days ago.
  0%|          | 0/25 [00:00<?, ?it/s]Generation:   0%|          | 0/25 [00:00<?, ?it/s]Generation:  1
Best root_mean_squared_error score: -0.0033817525567277572
Generation:   4%|         | 1/25 [01:34<37:39, 94.16s/it]WARNING THIS INDIVIDUAL CAUSED AND EXCEPTION 
 <tpot2.search_spaces.pipelines.sequential.SequentialPipelineIndividual object at 0x1554746a4d00> 
 The 'criterion' parameter of ExtraTreesRegressor must be a str among {'friedman_mse', 'poisson', 'absolute_error', 'squared_error'}. Got 'mae' instead. 
 Traceback (most recent call last):
  File "/common/ketrong/tpotexp/tpot2/tpot2/utils/eval_utils.py", line 53, in objective_nan_wrapper
    value = func_timeout.func_timeout(timeout, objective_function, args=[individual], kwargs=objective_kwargs)
  File "/common/ketrong/tpotexp/env/lib/python3.10/site-packages/func_timeout/dafunc.py", line 108, in func_timeout
    raise_exception(exception)
  File "/common/ketrong/tpotexp/env/lib/python3.10/site-packages/func_timeout/py3_raise.py", line 7, in raise_exception
    raise exception[0] from None
  File "/common/ketrong/tpotexp/tpot2/tpot2/tpot_estimator/estimator.py", line 623, in objective_function
    return objective_function_generator(
  File "/common/ketrong/tpotexp/tpot2/tpot2/tpot_estimator/estimator_utils.py", line 55, in objective_function_generator
    cv_obj_scores = cross_val_score_objective(sklearn.base.clone(pipeline),x,y,scorers=scorers, cv=cv , fold=step)
  File "/common/ketrong/tpotexp/tpot2/tpot2/tpot_estimator/cross_val_utils.py", line 28, in cross_val_score_objective
    this_fold_pipeline.fit(X_train,y_train)
  File "/common/ketrong/tpotexp/env/lib/python3.10/site-packages/sklearn/base.py", line 1473, in wrapper
    return fit_method(estimator, *args, **kwargs)
  File "/common/ketrong/tpotexp/env/lib/python3.10/site-packages/sklearn/pipeline.py", line 473, in fit
    self._final_estimator.fit(Xt, y, **last_step_params["fit"])
  File "/common/ketrong/tpotexp/env/lib/python3.10/site-packages/sklearn/base.py", line 1466, in wrapper
    estimator._validate_params()
  File "/common/ketrong/tpotexp/env/lib/python3.10/site-packages/sklearn/base.py", line 666, in _validate_params
    validate_parameter_constraints(
  File "/common/ketrong/tpotexp/env/lib/python3.10/site-packages/sklearn/utils/_param_validation.py", line 95, in validate_parameter_constraints
    raise InvalidParameterError(
sklearn.utils._param_validation.InvalidParameterError: The 'criterion' parameter of ExtraTreesRegressor must be a str among {'friedman_mse', 'poisson', 'absolute_error', 'squared_error'}. Got 'mae' instead.

WARNING THIS INDIVIDUAL CAUSED AND EXCEPTION 
 <tpot2.search_spaces.pipelines.sequential.SequentialPipelineIndividual object at 0x1554746a5510> 
 The 'criterion' parameter of RandomForestRegressor must be a str among {'friedman_mse', 'poisson', 'absolute_error', 'squared_error'}. Got 'mse' instead. 
 Traceback (most recent call last):
  File "/common/ketrong/tpotexp/tpot2/tpot2/utils/eval_utils.py", line 53, in objective_nan_wrapper
    value = func_timeout.func_timeout(timeout, objective_function, args=[individual], kwargs=objective_kwargs)
  File "/common/ketrong/tpotexp/env/lib/python3.10/site-packages/func_timeout/dafunc.py", line 108, in func_timeout
    raise_exception(exception)
  File "/common/ketrong/tpotexp/env/lib/python3.10/site-packages/func_timeout/py3_raise.py", line 7, in raise_exception
    raise exception[0] from None
  File "/common/ketrong/tpotexp/tpot2/tpot2/tpot_estimator/estimator.py", line 623, in objective_function
    return objective_function_generator(
  File "/common/ketrong/tpotexp/tpot2/tpot2/tpot_estimator/estimator_utils.py", line 55, in objective_function_generator
    cv_obj_scores = cross_val_score_objective(sklearn.base.clone(pipeline),x,y,scorers=scorers, cv=cv , fold=step)
  File "/common/ketrong/tpotexp/tpot2/tpot2/tpot_estimator/cross_val_utils.py", line 28, in cross_val_score_objective
    this_fold_pipeline.fit(X_train,y_train)
  File "/common/ketrong/tpotexp/env/lib/python3.10/site-packages/sklearn/base.py", line 1473, in wrapper
    return fit_method(estimator, *args, **kwargs)
  File "/common/ketrong/tpotexp/env/lib/python3.10/site-packages/sklearn/pipeline.py", line 473, in fit
    self._final_estimator.fit(Xt, y, **last_step_params["fit"])
  File "/common/ketrong/tpotexp/env/lib/python3.10/site-packages/sklearn/base.py", line 1466, in wrapper
    estimator._validate_params()
  File "/common/ketrong/tpotexp/env/lib/python3.10/site-packages/sklearn/base.py", line 666, in _validate_params
    validate_parameter_constraints(
  File "/common/ketrong/tpotexp/env/lib/python3.10/site-packages/sklearn/utils/_param_validation.py", line 95, in validate_parameter_constraints
    raise InvalidParameterError(
sklearn.utils._param_validation.InvalidParameterError: The 'criterion' parameter of RandomForestRegressor must be a str among {'friedman_mse', 'poisson', 'absolute_error', 'squared_error'}. Got 'mse' instead.

WARNING THIS INDIVIDUAL CAUSED AND EXCEPTION 
 <tpot2.search_spaces.pipelines.sequential.SequentialPipelineIndividual object at 0x155467dc15a0> 
 The 'criterion' parameter of ExtraTreesRegressor must be a str among {'friedman_mse', 'poisson', 'absolute_error', 'squared_error'}. Got 'mae' instead. 
 Traceback (most recent call last):
  File "/common/ketrong/tpotexp/tpot2/tpot2/utils/eval_utils.py", line 53, in objective_nan_wrapper
    value = func_timeout.func_timeout(timeout, objective_function, args=[individual], kwargs=objective_kwargs)
  File "/common/ketrong/tpotexp/env/lib/python3.10/site-packages/func_timeout/dafunc.py", line 108, in func_timeout
    raise_exception(exception)
  File "/common/ketrong/tpotexp/env/lib/python3.10/site-packages/func_timeout/py3_raise.py", line 7, in raise_exception
    raise exception[0] from None
  File "/common/ketrong/tpotexp/tpot2/tpot2/tpot_estimator/estimator.py", line 623, in objective_function
    return objective_function_generator(
  File "/common/ketrong/tpotexp/tpot2/tpot2/tpot_estimator/estimator_utils.py", line 55, in objective_function_generator
    cv_obj_scores = cross_val_score_objective(sklearn.base.clone(pipeline),x,y,scorers=scorers, cv=cv , fold=step)
  File "/common/ketrong/tpotexp/tpot2/tpot2/tpot_estimator/cross_val_utils.py", line 28, in cross_val_score_objective
    this_fold_pipeline.fit(X_train,y_train)
  File "/common/ketrong/tpotexp/env/lib/python3.10/site-packages/sklearn/base.py", line 1473, in wrapper
    return fit_method(estimator, *args, **kwargs)
  File "/common/ketrong/tpotexp/env/lib/python3.10/site-packages/sklearn/pipeline.py", line 473, in fit
    self._final_estimator.fit(Xt, y, **last_step_params["fit"])
  File "/common/ketrong/tpotexp/env/lib/python3.10/site-packages/sklearn/base.py", line 1466, in wrapper
    estimator._validate_params()
  File "/common/ketrong/tpotexp/env/lib/python3.10/site-packages/sklearn/base.py", line 666, in _validate_params
    validate_parameter_constraints(
  File "/common/ketrong/tpotexp/env/lib/python3.10/site-packages/sklearn/utils/_param_validation.py", line 95, in validate_parameter_constraints
    raise InvalidParameterError(
sklearn.utils._param_validation.InvalidParameterError: The 'criterion' parameter of ExtraTreesRegressor must be a str among {'friedman_mse', 'poisson', 'absolute_error', 'squared_error'}. Got 'mae' instead.

Generation:  2
Best root_mean_squared_error score: -0.0033817525567277572
Generation:   8%|         | 2/25 [07:26<1:34:23, 246.25s/it]WARNING AN INDIVIDUAL TIMED OUT: 
 <tpot2.search_spaces.pipelines.sequential.SequentialPipelineIndividual object at 0x15547472f010> 

Generation:  3
Best root_mean_squared_error score: -0.0032497959552311405
Generation:  12%|        | 3/25 [17:34<2:30:50, 411.41s/it]Generation:  4
Best root_mean_squared_error score: -0.0032497959552311405
Generation:  16%|        | 4/25 [18:37<1:35:44, 273.56s/it]Generation:  5
Best root_mean_squared_error score: -0.0032497959552311405
Generation:  20%|        | 5/25 [19:23<1:03:49, 191.49s/it]WARNING THIS INDIVIDUAL CAUSED AND EXCEPTION 
 <tpot2.search_spaces.pipelines.sequential.SequentialPipelineIndividual object at 0x15547470b550> 
 The 'criterion' parameter of DecisionTreeRegressor must be a str among {'friedman_mse', 'poisson', 'absolute_error', 'squared_error'}. Got 'mae' instead. 
 Traceback (most recent call last):
  File "/common/ketrong/tpotexp/tpot2/tpot2/utils/eval_utils.py", line 53, in objective_nan_wrapper
    value = func_timeout.func_timeout(timeout, objective_function, args=[individual], kwargs=objective_kwargs)
  File "/common/ketrong/tpotexp/env/lib/python3.10/site-packages/func_timeout/dafunc.py", line 108, in func_timeout
    raise_exception(exception)
  File "/common/ketrong/tpotexp/env/lib/python3.10/site-packages/func_timeout/py3_raise.py", line 7, in raise_exception
    raise exception[0] from None
  File "/common/ketrong/tpotexp/tpot2/tpot2/tpot_estimator/estimator.py", line 623, in objective_function
    return objective_function_generator(
  File "/common/ketrong/tpotexp/tpot2/tpot2/tpot_estimator/estimator_utils.py", line 55, in objective_function_generator
    cv_obj_scores = cross_val_score_objective(sklearn.base.clone(pipeline),x,y,scorers=scorers, cv=cv , fold=step)
  File "/common/ketrong/tpotexp/tpot2/tpot2/tpot_estimator/cross_val_utils.py", line 28, in cross_val_score_objective
    this_fold_pipeline.fit(X_train,y_train)
  File "/common/ketrong/tpotexp/env/lib/python3.10/site-packages/sklearn/base.py", line 1473, in wrapper
    return fit_method(estimator, *args, **kwargs)
  File "/common/ketrong/tpotexp/env/lib/python3.10/site-packages/sklearn/pipeline.py", line 473, in fit
    self._final_estimator.fit(Xt, y, **last_step_params["fit"])
  File "/common/ketrong/tpotexp/env/lib/python3.10/site-packages/sklearn/base.py", line 1466, in wrapper
    estimator._validate_params()
  File "/common/ketrong/tpotexp/env/lib/python3.10/site-packages/sklearn/base.py", line 666, in _validate_params
    validate_parameter_constraints(
  File "/common/ketrong/tpotexp/env/lib/python3.10/site-packages/sklearn/utils/_param_validation.py", line 95, in validate_parameter_constraints
    raise InvalidParameterError(
sklearn.utils._param_validation.InvalidParameterError: The 'criterion' parameter of DecisionTreeRegressor must be a str among {'friedman_mse', 'poisson', 'absolute_error', 'squared_error'}. Got 'mae' instead.

Generation:  6
Best root_mean_squared_error score: -0.00310889706920238
Generation:  24%|       | 6/25 [23:25<1:06:10, 208.96s/it]Generation:  7
Best root_mean_squared_error score: -0.00310889706920238
Generation:  28%|       | 7/25 [24:15<47:03, 156.87s/it]  Generation:  8
Best root_mean_squared_error score: -0.0031004045804935753
Generation:  32%|      | 8/25 [28:35<53:46, 189.81s/it]WARNING THIS INDIVIDUAL CAUSED AND EXCEPTION 
 <tpot2.search_spaces.pipelines.sequential.SequentialPipelineIndividual object at 0x155467ae1900> 
 The 'criterion' parameter of RandomForestRegressor must be a str among {'friedman_mse', 'poisson', 'absolute_error', 'squared_error'}. Got 'mae' instead. 
 Traceback (most recent call last):
  File "/common/ketrong/tpotexp/tpot2/tpot2/utils/eval_utils.py", line 53, in objective_nan_wrapper
    value = func_timeout.func_timeout(timeout, objective_function, args=[individual], kwargs=objective_kwargs)
  File "/common/ketrong/tpotexp/env/lib/python3.10/site-packages/func_timeout/dafunc.py", line 108, in func_timeout
    raise_exception(exception)
  File "/common/ketrong/tpotexp/env/lib/python3.10/site-packages/func_timeout/py3_raise.py", line 7, in raise_exception
    raise exception[0] from None
  File "/common/ketrong/tpotexp/tpot2/tpot2/tpot_estimator/estimator.py", line 623, in objective_function
    return objective_function_generator(
  File "/common/ketrong/tpotexp/tpot2/tpot2/tpot_estimator/estimator_utils.py", line 55, in objective_function_generator
    cv_obj_scores = cross_val_score_objective(sklearn.base.clone(pipeline),x,y,scorers=scorers, cv=cv , fold=step)
  File "/common/ketrong/tpotexp/tpot2/tpot2/tpot_estimator/cross_val_utils.py", line 28, in cross_val_score_objective
    this_fold_pipeline.fit(X_train,y_train)
  File "/common/ketrong/tpotexp/env/lib/python3.10/site-packages/sklearn/base.py", line 1473, in wrapper
    return fit_method(estimator, *args, **kwargs)
  File "/common/ketrong/tpotexp/env/lib/python3.10/site-packages/sklearn/pipeline.py", line 473, in fit
    self._final_estimator.fit(Xt, y, **last_step_params["fit"])
  File "/common/ketrong/tpotexp/env/lib/python3.10/site-packages/sklearn/base.py", line 1466, in wrapper
    estimator._validate_params()
  File "/common/ketrong/tpotexp/env/lib/python3.10/site-packages/sklearn/base.py", line 666, in _validate_params
    validate_parameter_constraints(
  File "/common/ketrong/tpotexp/env/lib/python3.10/site-packages/sklearn/utils/_param_validation.py", line 95, in validate_parameter_constraints
    raise InvalidParameterError(
sklearn.utils._param_validation.InvalidParameterError: The 'criterion' parameter of RandomForestRegressor must be a str among {'friedman_mse', 'poisson', 'absolute_error', 'squared_error'}. Got 'mae' instead.

WARNING THIS INDIVIDUAL CAUSED AND EXCEPTION 
 <tpot2.search_spaces.pipelines.sequential.SequentialPipelineIndividual object at 0x155464a8b280> 
 The 'criterion' parameter of ExtraTreesRegressor must be a str among {'friedman_mse', 'poisson', 'absolute_error', 'squared_error'}. Got 'mae' instead. 
 Traceback (most recent call last):
  File "/common/ketrong/tpotexp/tpot2/tpot2/utils/eval_utils.py", line 53, in objective_nan_wrapper
    value = func_timeout.func_timeout(timeout, objective_function, args=[individual], kwargs=objective_kwargs)
  File "/common/ketrong/tpotexp/env/lib/python3.10/site-packages/func_timeout/dafunc.py", line 108, in func_timeout
    raise_exception(exception)
  File "/common/ketrong/tpotexp/env/lib/python3.10/site-packages/func_timeout/py3_raise.py", line 7, in raise_exception
    raise exception[0] from None
  File "/common/ketrong/tpotexp/tpot2/tpot2/tpot_estimator/estimator.py", line 623, in objective_function
    return objective_function_generator(
  File "/common/ketrong/tpotexp/tpot2/tpot2/tpot_estimator/estimator_utils.py", line 55, in objective_function_generator
    cv_obj_scores = cross_val_score_objective(sklearn.base.clone(pipeline),x,y,scorers=scorers, cv=cv , fold=step)
  File "/common/ketrong/tpotexp/tpot2/tpot2/tpot_estimator/cross_val_utils.py", line 28, in cross_val_score_objective
    this_fold_pipeline.fit(X_train,y_train)
  File "/common/ketrong/tpotexp/env/lib/python3.10/site-packages/sklearn/base.py", line 1473, in wrapper
    return fit_method(estimator, *args, **kwargs)
  File "/common/ketrong/tpotexp/env/lib/python3.10/site-packages/sklearn/pipeline.py", line 473, in fit
    self._final_estimator.fit(Xt, y, **last_step_params["fit"])
  File "/common/ketrong/tpotexp/env/lib/python3.10/site-packages/sklearn/base.py", line 1466, in wrapper
    estimator._validate_params()
  File "/common/ketrong/tpotexp/env/lib/python3.10/site-packages/sklearn/base.py", line 666, in _validate_params
    validate_parameter_constraints(
  File "/common/ketrong/tpotexp/env/lib/python3.10/site-packages/sklearn/utils/_param_validation.py", line 95, in validate_parameter_constraints
    raise InvalidParameterError(
sklearn.utils._param_validation.InvalidParameterError: The 'criterion' parameter of ExtraTreesRegressor must be a str among {'friedman_mse', 'poisson', 'absolute_error', 'squared_error'}. Got 'mae' instead.

WARNING AN INDIVIDUAL TIMED OUT: 
 <tpot2.search_spaces.pipelines.sequential.SequentialPipelineIndividual object at 0x15547470b400> 

Generation:  9
Best root_mean_squared_error score: -0.0030153202726854447
Generation:  36%|      | 9/25 [38:56<1:26:30, 324.41s/it]WARNING THIS INDIVIDUAL CAUSED AND EXCEPTION 
 <tpot2.search_spaces.pipelines.sequential.SequentialPipelineIndividual object at 0x1554747082e0> 
 The 'criterion' parameter of DecisionTreeRegressor must be a str among {'friedman_mse', 'poisson', 'absolute_error', 'squared_error'}. Got 'mae' instead. 
 Traceback (most recent call last):
  File "/common/ketrong/tpotexp/tpot2/tpot2/utils/eval_utils.py", line 53, in objective_nan_wrapper
    value = func_timeout.func_timeout(timeout, objective_function, args=[individual], kwargs=objective_kwargs)
  File "/common/ketrong/tpotexp/env/lib/python3.10/site-packages/func_timeout/dafunc.py", line 108, in func_timeout
    raise_exception(exception)
  File "/common/ketrong/tpotexp/env/lib/python3.10/site-packages/func_timeout/py3_raise.py", line 7, in raise_exception
    raise exception[0] from None
  File "/common/ketrong/tpotexp/tpot2/tpot2/tpot_estimator/estimator.py", line 623, in objective_function
    return objective_function_generator(
  File "/common/ketrong/tpotexp/tpot2/tpot2/tpot_estimator/estimator_utils.py", line 55, in objective_function_generator
    cv_obj_scores = cross_val_score_objective(sklearn.base.clone(pipeline),x,y,scorers=scorers, cv=cv , fold=step)
  File "/common/ketrong/tpotexp/tpot2/tpot2/tpot_estimator/cross_val_utils.py", line 28, in cross_val_score_objective
    this_fold_pipeline.fit(X_train,y_train)
  File "/common/ketrong/tpotexp/env/lib/python3.10/site-packages/sklearn/base.py", line 1473, in wrapper
    return fit_method(estimator, *args, **kwargs)
  File "/common/ketrong/tpotexp/env/lib/python3.10/site-packages/sklearn/pipeline.py", line 473, in fit
    self._final_estimator.fit(Xt, y, **last_step_params["fit"])
  File "/common/ketrong/tpotexp/env/lib/python3.10/site-packages/sklearn/base.py", line 1466, in wrapper
    estimator._validate_params()
  File "/common/ketrong/tpotexp/env/lib/python3.10/site-packages/sklearn/base.py", line 666, in _validate_params
    validate_parameter_constraints(
  File "/common/ketrong/tpotexp/env/lib/python3.10/site-packages/sklearn/utils/_param_validation.py", line 95, in validate_parameter_constraints
    raise InvalidParameterError(
sklearn.utils._param_validation.InvalidParameterError: The 'criterion' parameter of DecisionTreeRegressor must be a str among {'friedman_mse', 'poisson', 'absolute_error', 'squared_error'}. Got 'mae' instead.

Generation:  10
Best root_mean_squared_error score: -0.002893990217846102
Generation:  40%|      | 10/25 [45:14<1:25:17, 341.15s/it]Generation:  11
Best root_mean_squared_error score: -0.002893990217846102
Generation:  44%|     | 11/25 [50:27<1:17:32, 332.31s/it]Generation:  12
Best root_mean_squared_error score: -0.002893990217846102
Generation:  48%|     | 12/25 [54:00<1:04:10, 296.21s/it]WARNING THIS INDIVIDUAL CAUSED AND EXCEPTION 
 <tpot2.search_spaces.pipelines.sequential.SequentialPipelineIndividual object at 0x1554746a7280> 
 The 'criterion' parameter of RandomForestRegressor must be a str among {'friedman_mse', 'poisson', 'absolute_error', 'squared_error'}. Got 'mse' instead. 
 Traceback (most recent call last):
  File "/common/ketrong/tpotexp/tpot2/tpot2/utils/eval_utils.py", line 53, in objective_nan_wrapper
    value = func_timeout.func_timeout(timeout, objective_function, args=[individual], kwargs=objective_kwargs)
  File "/common/ketrong/tpotexp/env/lib/python3.10/site-packages/func_timeout/dafunc.py", line 108, in func_timeout
    raise_exception(exception)
  File "/common/ketrong/tpotexp/env/lib/python3.10/site-packages/func_timeout/py3_raise.py", line 7, in raise_exception
    raise exception[0] from None
  File "/common/ketrong/tpotexp/tpot2/tpot2/tpot_estimator/estimator.py", line 623, in objective_function
    return objective_function_generator(
  File "/common/ketrong/tpotexp/tpot2/tpot2/tpot_estimator/estimator_utils.py", line 55, in objective_function_generator
    cv_obj_scores = cross_val_score_objective(sklearn.base.clone(pipeline),x,y,scorers=scorers, cv=cv , fold=step)
  File "/common/ketrong/tpotexp/tpot2/tpot2/tpot_estimator/cross_val_utils.py", line 28, in cross_val_score_objective
    this_fold_pipeline.fit(X_train,y_train)
  File "/common/ketrong/tpotexp/env/lib/python3.10/site-packages/sklearn/base.py", line 1473, in wrapper
    return fit_method(estimator, *args, **kwargs)
  File "/common/ketrong/tpotexp/env/lib/python3.10/site-packages/sklearn/pipeline.py", line 473, in fit
    self._final_estimator.fit(Xt, y, **last_step_params["fit"])
  File "/common/ketrong/tpotexp/env/lib/python3.10/site-packages/sklearn/base.py", line 1466, in wrapper
    estimator._validate_params()
  File "/common/ketrong/tpotexp/env/lib/python3.10/site-packages/sklearn/base.py", line 666, in _validate_params
    validate_parameter_constraints(
  File "/common/ketrong/tpotexp/env/lib/python3.10/site-packages/sklearn/utils/_param_validation.py", line 95, in validate_parameter_constraints
    raise InvalidParameterError(
sklearn.utils._param_validation.InvalidParameterError: The 'criterion' parameter of RandomForestRegressor must be a str among {'friedman_mse', 'poisson', 'absolute_error', 'squared_error'}. Got 'mse' instead.

Generation:  13
Best root_mean_squared_error score: -0.002893990217846102
Generation:  52%|    | 13/25 [58:30<57:39, 288.28s/it]  Generation:  14
Best root_mean_squared_error score: -0.002893990217846102
Generation:  56%|    | 14/25 [1:01:34<47:04, 256.80s/it]WARNING THIS INDIVIDUAL CAUSED AND EXCEPTION 
 <tpot2.search_spaces.pipelines.sequential.SequentialPipelineIndividual object at 0x1554746a79d0> 
 The 'criterion' parameter of RandomForestRegressor must be a str among {'friedman_mse', 'poisson', 'absolute_error', 'squared_error'}. Got 'mse' instead. 
 Traceback (most recent call last):
  File "/common/ketrong/tpotexp/tpot2/tpot2/utils/eval_utils.py", line 53, in objective_nan_wrapper
    value = func_timeout.func_timeout(timeout, objective_function, args=[individual], kwargs=objective_kwargs)
  File "/common/ketrong/tpotexp/env/lib/python3.10/site-packages/func_timeout/dafunc.py", line 108, in func_timeout
    raise_exception(exception)
  File "/common/ketrong/tpotexp/env/lib/python3.10/site-packages/func_timeout/py3_raise.py", line 7, in raise_exception
    raise exception[0] from None
  File "/common/ketrong/tpotexp/tpot2/tpot2/tpot_estimator/estimator.py", line 623, in objective_function
    return objective_function_generator(
  File "/common/ketrong/tpotexp/tpot2/tpot2/tpot_estimator/estimator_utils.py", line 55, in objective_function_generator
    cv_obj_scores = cross_val_score_objective(sklearn.base.clone(pipeline),x,y,scorers=scorers, cv=cv , fold=step)
  File "/common/ketrong/tpotexp/tpot2/tpot2/tpot_estimator/cross_val_utils.py", line 28, in cross_val_score_objective
    this_fold_pipeline.fit(X_train,y_train)
  File "/common/ketrong/tpotexp/env/lib/python3.10/site-packages/sklearn/base.py", line 1473, in wrapper
    return fit_method(estimator, *args, **kwargs)
  File "/common/ketrong/tpotexp/env/lib/python3.10/site-packages/sklearn/pipeline.py", line 473, in fit
    self._final_estimator.fit(Xt, y, **last_step_params["fit"])
  File "/common/ketrong/tpotexp/env/lib/python3.10/site-packages/sklearn/base.py", line 1466, in wrapper
    estimator._validate_params()
  File "/common/ketrong/tpotexp/env/lib/python3.10/site-packages/sklearn/base.py", line 666, in _validate_params
    validate_parameter_constraints(
  File "/common/ketrong/tpotexp/env/lib/python3.10/site-packages/sklearn/utils/_param_validation.py", line 95, in validate_parameter_constraints
    raise InvalidParameterError(
sklearn.utils._param_validation.InvalidParameterError: The 'criterion' parameter of RandomForestRegressor must be a str among {'friedman_mse', 'poisson', 'absolute_error', 'squared_error'}. Got 'mse' instead.

WARNING THIS INDIVIDUAL CAUSED AND EXCEPTION 
 <tpot2.search_spaces.pipelines.sequential.SequentialPipelineIndividual object at 0x15546551d750> 
 The 'criterion' parameter of RandomForestRegressor must be a str among {'friedman_mse', 'poisson', 'absolute_error', 'squared_error'}. Got 'mae' instead. 
 Traceback (most recent call last):
  File "/common/ketrong/tpotexp/tpot2/tpot2/utils/eval_utils.py", line 53, in objective_nan_wrapper
    value = func_timeout.func_timeout(timeout, objective_function, args=[individual], kwargs=objective_kwargs)
  File "/common/ketrong/tpotexp/env/lib/python3.10/site-packages/func_timeout/dafunc.py", line 108, in func_timeout
    raise_exception(exception)
  File "/common/ketrong/tpotexp/env/lib/python3.10/site-packages/func_timeout/py3_raise.py", line 7, in raise_exception
    raise exception[0] from None
  File "/common/ketrong/tpotexp/tpot2/tpot2/tpot_estimator/estimator.py", line 623, in objective_function
    return objective_function_generator(
  File "/common/ketrong/tpotexp/tpot2/tpot2/tpot_estimator/estimator_utils.py", line 55, in objective_function_generator
    cv_obj_scores = cross_val_score_objective(sklearn.base.clone(pipeline),x,y,scorers=scorers, cv=cv , fold=step)
  File "/common/ketrong/tpotexp/tpot2/tpot2/tpot_estimator/cross_val_utils.py", line 28, in cross_val_score_objective
    this_fold_pipeline.fit(X_train,y_train)
  File "/common/ketrong/tpotexp/env/lib/python3.10/site-packages/sklearn/base.py", line 1473, in wrapper
    return fit_method(estimator, *args, **kwargs)
  File "/common/ketrong/tpotexp/env/lib/python3.10/site-packages/sklearn/pipeline.py", line 473, in fit
    self._final_estimator.fit(Xt, y, **last_step_params["fit"])
  File "/common/ketrong/tpotexp/env/lib/python3.10/site-packages/sklearn/base.py", line 1466, in wrapper
    estimator._validate_params()
  File "/common/ketrong/tpotexp/env/lib/python3.10/site-packages/sklearn/base.py", line 666, in _validate_params
    validate_parameter_constraints(
  File "/common/ketrong/tpotexp/env/lib/python3.10/site-packages/sklearn/utils/_param_validation.py", line 95, in validate_parameter_constraints
    raise InvalidParameterError(
sklearn.utils._param_validation.InvalidParameterError: The 'criterion' parameter of RandomForestRegressor must be a str among {'friedman_mse', 'poisson', 'absolute_error', 'squared_error'}. Got 'mae' instead.

Generation:  15
Best root_mean_squared_error score: -0.002893990217846102
Generation:  60%|    | 15/25 [1:03:20<35:13, 211.33s/it]Generation:  16
Best root_mean_squared_error score: -0.002893990217846102
Generation:  64%|   | 16/25 [1:09:12<38:02, 253.60s/it]WARNING THIS INDIVIDUAL CAUSED AND EXCEPTION 
 <tpot2.search_spaces.pipelines.sequential.SequentialPipelineIndividual object at 0x1554677b7910> 
 The 'criterion' parameter of RandomForestRegressor must be a str among {'friedman_mse', 'poisson', 'absolute_error', 'squared_error'}. Got 'mse' instead. 
 Traceback (most recent call last):
  File "/common/ketrong/tpotexp/tpot2/tpot2/utils/eval_utils.py", line 53, in objective_nan_wrapper
    value = func_timeout.func_timeout(timeout, objective_function, args=[individual], kwargs=objective_kwargs)
  File "/common/ketrong/tpotexp/env/lib/python3.10/site-packages/func_timeout/dafunc.py", line 108, in func_timeout
    raise_exception(exception)
  File "/common/ketrong/tpotexp/env/lib/python3.10/site-packages/func_timeout/py3_raise.py", line 7, in raise_exception
    raise exception[0] from None
  File "/common/ketrong/tpotexp/tpot2/tpot2/tpot_estimator/estimator.py", line 623, in objective_function
    return objective_function_generator(
  File "/common/ketrong/tpotexp/tpot2/tpot2/tpot_estimator/estimator_utils.py", line 55, in objective_function_generator
    cv_obj_scores = cross_val_score_objective(sklearn.base.clone(pipeline),x,y,scorers=scorers, cv=cv , fold=step)
  File "/common/ketrong/tpotexp/tpot2/tpot2/tpot_estimator/cross_val_utils.py", line 28, in cross_val_score_objective
    this_fold_pipeline.fit(X_train,y_train)
  File "/common/ketrong/tpotexp/env/lib/python3.10/site-packages/sklearn/base.py", line 1473, in wrapper
    return fit_method(estimator, *args, **kwargs)
  File "/common/ketrong/tpotexp/env/lib/python3.10/site-packages/sklearn/pipeline.py", line 473, in fit
    self._final_estimator.fit(Xt, y, **last_step_params["fit"])
  File "/common/ketrong/tpotexp/env/lib/python3.10/site-packages/sklearn/base.py", line 1466, in wrapper
    estimator._validate_params()
  File "/common/ketrong/tpotexp/env/lib/python3.10/site-packages/sklearn/base.py", line 666, in _validate_params
    validate_parameter_constraints(
  File "/common/ketrong/tpotexp/env/lib/python3.10/site-packages/sklearn/utils/_param_validation.py", line 95, in validate_parameter_constraints
    raise InvalidParameterError(
sklearn.utils._param_validation.InvalidParameterError: The 'criterion' parameter of RandomForestRegressor must be a str among {'friedman_mse', 'poisson', 'absolute_error', 'squared_error'}. Got 'mse' instead.

Generation:  17
Best root_mean_squared_error score: -0.002864871385755375
Generation:  68%|   | 17/25 [1:17:56<44:39, 334.92s/it]Generation:  18
Best root_mean_squared_error score: -0.002864871385755375
Generation:  72%|  | 18/25 [1:27:40<47:49, 409.86s/it]Generation:  19
Best root_mean_squared_error score: -0.002864871385755375
Generation:  76%|  | 19/25 [1:33:06<38:27, 384.63s/it]WARNING THIS INDIVIDUAL CAUSED AND EXCEPTION 
 <tpot2.search_spaces.pipelines.sequential.SequentialPipelineIndividual object at 0x155467733070> 
 The 'criterion' parameter of RandomForestRegressor must be a str among {'friedman_mse', 'poisson', 'absolute_error', 'squared_error'}. Got 'mae' instead. 
 Traceback (most recent call last):
  File "/common/ketrong/tpotexp/tpot2/tpot2/utils/eval_utils.py", line 53, in objective_nan_wrapper
    value = func_timeout.func_timeout(timeout, objective_function, args=[individual], kwargs=objective_kwargs)
  File "/common/ketrong/tpotexp/env/lib/python3.10/site-packages/func_timeout/dafunc.py", line 108, in func_timeout
    raise_exception(exception)
  File "/common/ketrong/tpotexp/env/lib/python3.10/site-packages/func_timeout/py3_raise.py", line 7, in raise_exception
    raise exception[0] from None
  File "/common/ketrong/tpotexp/tpot2/tpot2/tpot_estimator/estimator.py", line 623, in objective_function
    return objective_function_generator(
  File "/common/ketrong/tpotexp/tpot2/tpot2/tpot_estimator/estimator_utils.py", line 55, in objective_function_generator
    cv_obj_scores = cross_val_score_objective(sklearn.base.clone(pipeline),x,y,scorers=scorers, cv=cv , fold=step)
  File "/common/ketrong/tpotexp/tpot2/tpot2/tpot_estimator/cross_val_utils.py", line 28, in cross_val_score_objective
    this_fold_pipeline.fit(X_train,y_train)
  File "/common/ketrong/tpotexp/env/lib/python3.10/site-packages/sklearn/base.py", line 1473, in wrapper
    return fit_method(estimator, *args, **kwargs)
  File "/common/ketrong/tpotexp/env/lib/python3.10/site-packages/sklearn/pipeline.py", line 473, in fit
    self._final_estimator.fit(Xt, y, **last_step_params["fit"])
  File "/common/ketrong/tpotexp/env/lib/python3.10/site-packages/sklearn/base.py", line 1466, in wrapper
    estimator._validate_params()
  File "/common/ketrong/tpotexp/env/lib/python3.10/site-packages/sklearn/base.py", line 666, in _validate_params
    validate_parameter_constraints(
  File "/common/ketrong/tpotexp/env/lib/python3.10/site-packages/sklearn/utils/_param_validation.py", line 95, in validate_parameter_constraints
    raise InvalidParameterError(
sklearn.utils._param_validation.InvalidParameterError: The 'criterion' parameter of RandomForestRegressor must be a str among {'friedman_mse', 'poisson', 'absolute_error', 'squared_error'}. Got 'mae' instead.

Generation:  20
Best root_mean_squared_error score: -0.002864871385755375
Generation:  80%|  | 20/25 [1:43:33<38:06, 457.21s/it]Generation:  21
Best root_mean_squared_error score: -0.002864871385755375
Generation:  84%| | 21/25 [1:44:10<22:04, 331.19s/it]WARNING THIS INDIVIDUAL CAUSED AND EXCEPTION 
 <tpot2.search_spaces.pipelines.sequential.SequentialPipelineIndividual object at 0x1554746a51e0> 
 The 'criterion' parameter of RandomForestRegressor must be a str among {'friedman_mse', 'poisson', 'absolute_error', 'squared_error'}. Got 'mae' instead. 
 Traceback (most recent call last):
  File "/common/ketrong/tpotexp/tpot2/tpot2/utils/eval_utils.py", line 53, in objective_nan_wrapper
    value = func_timeout.func_timeout(timeout, objective_function, args=[individual], kwargs=objective_kwargs)
  File "/common/ketrong/tpotexp/env/lib/python3.10/site-packages/func_timeout/dafunc.py", line 108, in func_timeout
    raise_exception(exception)
  File "/common/ketrong/tpotexp/env/lib/python3.10/site-packages/func_timeout/py3_raise.py", line 7, in raise_exception
    raise exception[0] from None
  File "/common/ketrong/tpotexp/tpot2/tpot2/tpot_estimator/estimator.py", line 623, in objective_function
    return objective_function_generator(
  File "/common/ketrong/tpotexp/tpot2/tpot2/tpot_estimator/estimator_utils.py", line 55, in objective_function_generator
    cv_obj_scores = cross_val_score_objective(sklearn.base.clone(pipeline),x,y,scorers=scorers, cv=cv , fold=step)
  File "/common/ketrong/tpotexp/tpot2/tpot2/tpot_estimator/cross_val_utils.py", line 28, in cross_val_score_objective
    this_fold_pipeline.fit(X_train,y_train)
  File "/common/ketrong/tpotexp/env/lib/python3.10/site-packages/sklearn/base.py", line 1473, in wrapper
    return fit_method(estimator, *args, **kwargs)
  File "/common/ketrong/tpotexp/env/lib/python3.10/site-packages/sklearn/pipeline.py", line 473, in fit
    self._final_estimator.fit(Xt, y, **last_step_params["fit"])
  File "/common/ketrong/tpotexp/env/lib/python3.10/site-packages/sklearn/base.py", line 1466, in wrapper
    estimator._validate_params()
  File "/common/ketrong/tpotexp/env/lib/python3.10/site-packages/sklearn/base.py", line 666, in _validate_params
    validate_parameter_constraints(
  File "/common/ketrong/tpotexp/env/lib/python3.10/site-packages/sklearn/utils/_param_validation.py", line 95, in validate_parameter_constraints
    raise InvalidParameterError(
sklearn.utils._param_validation.InvalidParameterError: The 'criterion' parameter of RandomForestRegressor must be a str among {'friedman_mse', 'poisson', 'absolute_error', 'squared_error'}. Got 'mae' instead.

WARNING THIS INDIVIDUAL CAUSED AND EXCEPTION 
 <tpot2.search_spaces.pipelines.sequential.SequentialPipelineIndividual object at 0x155467b73910> 
 The 'criterion' parameter of RandomForestRegressor must be a str among {'friedman_mse', 'poisson', 'absolute_error', 'squared_error'}. Got 'mse' instead. 
 Traceback (most recent call last):
  File "/common/ketrong/tpotexp/tpot2/tpot2/utils/eval_utils.py", line 53, in objective_nan_wrapper
    value = func_timeout.func_timeout(timeout, objective_function, args=[individual], kwargs=objective_kwargs)
  File "/common/ketrong/tpotexp/env/lib/python3.10/site-packages/func_timeout/dafunc.py", line 108, in func_timeout
    raise_exception(exception)
  File "/common/ketrong/tpotexp/env/lib/python3.10/site-packages/func_timeout/py3_raise.py", line 7, in raise_exception
    raise exception[0] from None
  File "/common/ketrong/tpotexp/tpot2/tpot2/tpot_estimator/estimator.py", line 623, in objective_function
    return objective_function_generator(
  File "/common/ketrong/tpotexp/tpot2/tpot2/tpot_estimator/estimator_utils.py", line 55, in objective_function_generator
    cv_obj_scores = cross_val_score_objective(sklearn.base.clone(pipeline),x,y,scorers=scorers, cv=cv , fold=step)
  File "/common/ketrong/tpotexp/tpot2/tpot2/tpot_estimator/cross_val_utils.py", line 28, in cross_val_score_objective
    this_fold_pipeline.fit(X_train,y_train)
  File "/common/ketrong/tpotexp/env/lib/python3.10/site-packages/sklearn/base.py", line 1473, in wrapper
    return fit_method(estimator, *args, **kwargs)
  File "/common/ketrong/tpotexp/env/lib/python3.10/site-packages/sklearn/pipeline.py", line 473, in fit
    self._final_estimator.fit(Xt, y, **last_step_params["fit"])
  File "/common/ketrong/tpotexp/env/lib/python3.10/site-packages/sklearn/base.py", line 1466, in wrapper
    estimator._validate_params()
  File "/common/ketrong/tpotexp/env/lib/python3.10/site-packages/sklearn/base.py", line 666, in _validate_params
    validate_parameter_constraints(
  File "/common/ketrong/tpotexp/env/lib/python3.10/site-packages/sklearn/utils/_param_validation.py", line 95, in validate_parameter_constraints
    raise InvalidParameterError(
sklearn.utils._param_validation.InvalidParameterError: The 'criterion' parameter of RandomForestRegressor must be a str among {'friedman_mse', 'poisson', 'absolute_error', 'squared_error'}. Got 'mse' instead.

Generation:  22
Best root_mean_squared_error score: -0.002864871385755375
Generation:  88%| | 22/25 [1:46:59<14:07, 282.51s/it]WARNING THIS INDIVIDUAL CAUSED AND EXCEPTION 
 <tpot2.search_spaces.pipelines.sequential.SequentialPipelineIndividual object at 0x155467812a40> 
 The 'criterion' parameter of RandomForestRegressor must be a str among {'friedman_mse', 'poisson', 'absolute_error', 'squared_error'}. Got 'mae' instead. 
 Traceback (most recent call last):
  File "/common/ketrong/tpotexp/tpot2/tpot2/utils/eval_utils.py", line 53, in objective_nan_wrapper
    value = func_timeout.func_timeout(timeout, objective_function, args=[individual], kwargs=objective_kwargs)
  File "/common/ketrong/tpotexp/env/lib/python3.10/site-packages/func_timeout/dafunc.py", line 108, in func_timeout
    raise_exception(exception)
  File "/common/ketrong/tpotexp/env/lib/python3.10/site-packages/func_timeout/py3_raise.py", line 7, in raise_exception
    raise exception[0] from None
  File "/common/ketrong/tpotexp/tpot2/tpot2/tpot_estimator/estimator.py", line 623, in objective_function
    return objective_function_generator(
  File "/common/ketrong/tpotexp/tpot2/tpot2/tpot_estimator/estimator_utils.py", line 55, in objective_function_generator
    cv_obj_scores = cross_val_score_objective(sklearn.base.clone(pipeline),x,y,scorers=scorers, cv=cv , fold=step)
  File "/common/ketrong/tpotexp/tpot2/tpot2/tpot_estimator/cross_val_utils.py", line 28, in cross_val_score_objective
    this_fold_pipeline.fit(X_train,y_train)
  File "/common/ketrong/tpotexp/env/lib/python3.10/site-packages/sklearn/base.py", line 1473, in wrapper
    return fit_method(estimator, *args, **kwargs)
  File "/common/ketrong/tpotexp/env/lib/python3.10/site-packages/sklearn/pipeline.py", line 473, in fit
    self._final_estimator.fit(Xt, y, **last_step_params["fit"])
  File "/common/ketrong/tpotexp/env/lib/python3.10/site-packages/sklearn/base.py", line 1466, in wrapper
    estimator._validate_params()
  File "/common/ketrong/tpotexp/env/lib/python3.10/site-packages/sklearn/base.py", line 666, in _validate_params
    validate_parameter_constraints(
  File "/common/ketrong/tpotexp/env/lib/python3.10/site-packages/sklearn/utils/_param_validation.py", line 95, in validate_parameter_constraints
    raise InvalidParameterError(
sklearn.utils._param_validation.InvalidParameterError: The 'criterion' parameter of RandomForestRegressor must be a str among {'friedman_mse', 'poisson', 'absolute_error', 'squared_error'}. Got 'mae' instead.

Generation:  23
Best root_mean_squared_error score: -0.002864871385755375
Generation:  92%|| 23/25 [1:48:17<07:22, 221.11s/it]WARNING THIS INDIVIDUAL CAUSED AND EXCEPTION 
 <tpot2.search_spaces.pipelines.sequential.SequentialPipelineIndividual object at 0x15547473b940> 
 The 'criterion' parameter of RandomForestRegressor must be a str among {'friedman_mse', 'poisson', 'absolute_error', 'squared_error'}. Got 'mse' instead. 
 Traceback (most recent call last):
  File "/common/ketrong/tpotexp/tpot2/tpot2/utils/eval_utils.py", line 53, in objective_nan_wrapper
    value = func_timeout.func_timeout(timeout, objective_function, args=[individual], kwargs=objective_kwargs)
  File "/common/ketrong/tpotexp/env/lib/python3.10/site-packages/func_timeout/dafunc.py", line 108, in func_timeout
    raise_exception(exception)
  File "/common/ketrong/tpotexp/env/lib/python3.10/site-packages/func_timeout/py3_raise.py", line 7, in raise_exception
    raise exception[0] from None
  File "/common/ketrong/tpotexp/tpot2/tpot2/tpot_estimator/estimator.py", line 623, in objective_function
    return objective_function_generator(
  File "/common/ketrong/tpotexp/tpot2/tpot2/tpot_estimator/estimator_utils.py", line 55, in objective_function_generator
    cv_obj_scores = cross_val_score_objective(sklearn.base.clone(pipeline),x,y,scorers=scorers, cv=cv , fold=step)
  File "/common/ketrong/tpotexp/tpot2/tpot2/tpot_estimator/cross_val_utils.py", line 28, in cross_val_score_objective
    this_fold_pipeline.fit(X_train,y_train)
  File "/common/ketrong/tpotexp/env/lib/python3.10/site-packages/sklearn/base.py", line 1473, in wrapper
    return fit_method(estimator, *args, **kwargs)
  File "/common/ketrong/tpotexp/env/lib/python3.10/site-packages/sklearn/pipeline.py", line 473, in fit
    self._final_estimator.fit(Xt, y, **last_step_params["fit"])
  File "/common/ketrong/tpotexp/env/lib/python3.10/site-packages/sklearn/base.py", line 1466, in wrapper
    estimator._validate_params()
  File "/common/ketrong/tpotexp/env/lib/python3.10/site-packages/sklearn/base.py", line 666, in _validate_params
    validate_parameter_constraints(
  File "/common/ketrong/tpotexp/env/lib/python3.10/site-packages/sklearn/utils/_param_validation.py", line 95, in validate_parameter_constraints
    raise InvalidParameterError(
sklearn.utils._param_validation.InvalidParameterError: The 'criterion' parameter of RandomForestRegressor must be a str among {'friedman_mse', 'poisson', 'absolute_error', 'squared_error'}. Got 'mse' instead.

Generation:  24
Best root_mean_squared_error score: -0.002864871385755375
Generation:  96%|| 24/25 [1:56:09<04:56, 296.29s/it]WARNING THIS INDIVIDUAL CAUSED AND EXCEPTION 
 <tpot2.search_spaces.pipelines.sequential.SequentialPipelineIndividual object at 0x1554650dd990> 
 The 'criterion' parameter of DecisionTreeRegressor must be a str among {'friedman_mse', 'poisson', 'absolute_error', 'squared_error'}. Got 'mae' instead. 
 Traceback (most recent call last):
  File "/common/ketrong/tpotexp/tpot2/tpot2/utils/eval_utils.py", line 53, in objective_nan_wrapper
    value = func_timeout.func_timeout(timeout, objective_function, args=[individual], kwargs=objective_kwargs)
  File "/common/ketrong/tpotexp/env/lib/python3.10/site-packages/func_timeout/dafunc.py", line 108, in func_timeout
    raise_exception(exception)
  File "/common/ketrong/tpotexp/env/lib/python3.10/site-packages/func_timeout/py3_raise.py", line 7, in raise_exception
    raise exception[0] from None
  File "/common/ketrong/tpotexp/tpot2/tpot2/tpot_estimator/estimator.py", line 623, in objective_function
    return objective_function_generator(
  File "/common/ketrong/tpotexp/tpot2/tpot2/tpot_estimator/estimator_utils.py", line 55, in objective_function_generator
    cv_obj_scores = cross_val_score_objective(sklearn.base.clone(pipeline),x,y,scorers=scorers, cv=cv , fold=step)
  File "/common/ketrong/tpotexp/tpot2/tpot2/tpot_estimator/cross_val_utils.py", line 28, in cross_val_score_objective
    this_fold_pipeline.fit(X_train,y_train)
  File "/common/ketrong/tpotexp/env/lib/python3.10/site-packages/sklearn/base.py", line 1473, in wrapper
    return fit_method(estimator, *args, **kwargs)
  File "/common/ketrong/tpotexp/env/lib/python3.10/site-packages/sklearn/pipeline.py", line 473, in fit
    self._final_estimator.fit(Xt, y, **last_step_params["fit"])
  File "/common/ketrong/tpotexp/env/lib/python3.10/site-packages/sklearn/base.py", line 1466, in wrapper
    estimator._validate_params()
  File "/common/ketrong/tpotexp/env/lib/python3.10/site-packages/sklearn/base.py", line 666, in _validate_params
    validate_parameter_constraints(
  File "/common/ketrong/tpotexp/env/lib/python3.10/site-packages/sklearn/utils/_param_validation.py", line 95, in validate_parameter_constraints
    raise InvalidParameterError(
sklearn.utils._param_validation.InvalidParameterError: The 'criterion' parameter of DecisionTreeRegressor must be a str among {'friedman_mse', 'poisson', 'absolute_error', 'squared_error'}. Got 'mae' instead.

WARNING THIS INDIVIDUAL CAUSED AND EXCEPTION 
 <tpot2.search_spaces.pipelines.sequential.SequentialPipelineIndividual object at 0x1554746ef2b0> 
 The 'criterion' parameter of ExtraTreesRegressor must be a str among {'friedman_mse', 'poisson', 'absolute_error', 'squared_error'}. Got 'mae' instead. 
 Traceback (most recent call last):
  File "/common/ketrong/tpotexp/tpot2/tpot2/utils/eval_utils.py", line 53, in objective_nan_wrapper
    value = func_timeout.func_timeout(timeout, objective_function, args=[individual], kwargs=objective_kwargs)
  File "/common/ketrong/tpotexp/env/lib/python3.10/site-packages/func_timeout/dafunc.py", line 108, in func_timeout
    raise_exception(exception)
  File "/common/ketrong/tpotexp/env/lib/python3.10/site-packages/func_timeout/py3_raise.py", line 7, in raise_exception
    raise exception[0] from None
  File "/common/ketrong/tpotexp/tpot2/tpot2/tpot_estimator/estimator.py", line 623, in objective_function
    return objective_function_generator(
  File "/common/ketrong/tpotexp/tpot2/tpot2/tpot_estimator/estimator_utils.py", line 55, in objective_function_generator
    cv_obj_scores = cross_val_score_objective(sklearn.base.clone(pipeline),x,y,scorers=scorers, cv=cv , fold=step)
  File "/common/ketrong/tpotexp/tpot2/tpot2/tpot_estimator/cross_val_utils.py", line 28, in cross_val_score_objective
    this_fold_pipeline.fit(X_train,y_train)
  File "/common/ketrong/tpotexp/env/lib/python3.10/site-packages/sklearn/base.py", line 1473, in wrapper
    return fit_method(estimator, *args, **kwargs)
  File "/common/ketrong/tpotexp/env/lib/python3.10/site-packages/sklearn/pipeline.py", line 473, in fit
    self._final_estimator.fit(Xt, y, **last_step_params["fit"])
  File "/common/ketrong/tpotexp/env/lib/python3.10/site-packages/sklearn/base.py", line 1466, in wrapper
    estimator._validate_params()
  File "/common/ketrong/tpotexp/env/lib/python3.10/site-packages/sklearn/base.py", line 666, in _validate_params
    validate_parameter_constraints(
  File "/common/ketrong/tpotexp/env/lib/python3.10/site-packages/sklearn/utils/_param_validation.py", line 95, in validate_parameter_constraints
    raise InvalidParameterError(
sklearn.utils._param_validation.InvalidParameterError: The 'criterion' parameter of ExtraTreesRegressor must be a str among {'friedman_mse', 'poisson', 'absolute_error', 'squared_error'}. Got 'mae' instead.

Generation:  25
Best root_mean_squared_error score: -0.002864871385755375
Generation: 100%|| 25/25 [1:57:02<00:00, 223.46s/it]Generation: 100%|| 25/25 [1:57:06<00:00, 281.05s/it]
2024-09-23 23:22:25,452 - distributed.scheduler - ERROR - Removing worker 'tcp://127.0.0.1:33067' caused the cluster to lose scattered data, which can't be recovered: {'ndarray-e7754ea72745393133e91af49188bba2', 'DataFrame-605158b0b25ff24139715cceb08753fe'} (stimulus_id='handle-worker-cleanup-1727158945.4522135')
Fitted
Pipeline(steps=[('mlpregressor',
                 MLPRegressor(alpha=0.0001475260458, early_stopping=True,
                              hidden_layer_sizes=[495, 495],
                              learning_rate='adaptive',
                              learning_rate_init=0.0025905045853,
                              n_iter_no_change=32))])
score start
train score: {'explained_var': 0.8180862013385969, 'r2': 0.8180861754387816, 'rmse': 0.0028449976748595304}
original test score: {'explained_var': 0.876970870138946, 'r2': 0.8769415690683833, 'rmse': 0.0024200181067536254}
imputed test score: {'explained_var': 0.791530103663117, 'r2': 0.7915267710815023, 'rmse': 0.0031498369642996393}
score end
check intended
EXP2 Finished
running experiment 3/3 - What is the best automl settings?
<tpot2.search_spaces.pipelines.sequential.SequentialPipeline object at 0x155400ae0eb0>
Start tpot fit
Version 0.1.7a0 of tpot2 is outdated. Version 0.1.8a0 was released 6 days ago.
Version 0.1.7a0 of tpot2 is outdated. Version 0.1.8a0 was released 6 days ago.
Version 0.1.7a0 of tpot2 is outdated. Version 0.1.8a0 was released 6 days ago.
Version 0.1.7a0 of tpot2 is outdated. Version 0.1.8a0 was released 6 days ago.
Version 0.1.7a0 of tpot2 is outdated. Version 0.1.8a0 was released 6 days ago.
Version 0.1.7a0 of tpot2 is outdated. Version 0.1.8a0 was released 6 days ago.
Version 0.1.7a0 of tpot2 is outdated. Version 0.1.8a0 was released 6 days ago.
Version 0.1.7a0 of tpot2 is outdated. Version 0.1.8a0 was released 6 days ago.
Version 0.1.7a0 of tpot2 is outdated. Version 0.1.8a0 was released 6 days ago.
Version 0.1.7a0 of tpot2 is outdated. Version 0.1.8a0 was released 6 days ago.
Version 0.1.7a0 of tpot2 is outdated. Version 0.1.8a0 was released 6 days ago.
Version 0.1.7a0 of tpot2 is outdated. Version 0.1.8a0 was released 6 days ago.
Version 0.1.7a0 of tpot2 is outdated. Version 0.1.8a0 was released 6 days ago.
Version 0.1.7a0 of tpot2 is outdated. Version 0.1.8a0 was released 6 days ago.
Version 0.1.7a0 of tpot2 is outdated. Version 0.1.8a0 was released 6 days ago.
Version 0.1.7a0 of tpot2 is outdated. Version 0.1.8a0 was released 6 days ago.
  0%|          | 0/25 [00:00<?, ?it/s]Generation:   0%|          | 0/25 [00:00<?, ?it/s]WARNING THIS INDIVIDUAL CAUSED AND EXCEPTION 
 <tpot2.search_spaces.pipelines.sequential.SequentialPipelineIndividual object at 0x1554746a4d60> 
 The 'criterion' parameter of RandomForestRegressor must be a str among {'friedman_mse', 'poisson', 'absolute_error', 'squared_error'}. Got 'mae' instead. 
 Traceback (most recent call last):
  File "/common/ketrong/tpotexp/tpot2/tpot2/utils/eval_utils.py", line 53, in objective_nan_wrapper
    value = func_timeout.func_timeout(timeout, objective_function, args=[individual], kwargs=objective_kwargs)
  File "/common/ketrong/tpotexp/env/lib/python3.10/site-packages/func_timeout/dafunc.py", line 108, in func_timeout
    raise_exception(exception)
  File "/common/ketrong/tpotexp/env/lib/python3.10/site-packages/func_timeout/py3_raise.py", line 7, in raise_exception
    raise exception[0] from None
  File "/common/ketrong/tpotexp/tpot2/tpot2/tpot_estimator/estimator.py", line 623, in objective_function
    return objective_function_generator(
  File "/common/ketrong/tpotexp/tpot2/tpot2/tpot_estimator/estimator_utils.py", line 55, in objective_function_generator
    cv_obj_scores = cross_val_score_objective(sklearn.base.clone(pipeline),x,y,scorers=scorers, cv=cv , fold=step)
  File "/common/ketrong/tpotexp/tpot2/tpot2/tpot_estimator/cross_val_utils.py", line 28, in cross_val_score_objective
    this_fold_pipeline.fit(X_train,y_train)
  File "/common/ketrong/tpotexp/env/lib/python3.10/site-packages/sklearn/base.py", line 1473, in wrapper
    return fit_method(estimator, *args, **kwargs)
  File "/common/ketrong/tpotexp/env/lib/python3.10/site-packages/sklearn/pipeline.py", line 473, in fit
    self._final_estimator.fit(Xt, y, **last_step_params["fit"])
  File "/common/ketrong/tpotexp/env/lib/python3.10/site-packages/sklearn/base.py", line 1466, in wrapper
    estimator._validate_params()
  File "/common/ketrong/tpotexp/env/lib/python3.10/site-packages/sklearn/base.py", line 666, in _validate_params
    validate_parameter_constraints(
  File "/common/ketrong/tpotexp/env/lib/python3.10/site-packages/sklearn/utils/_param_validation.py", line 95, in validate_parameter_constraints
    raise InvalidParameterError(
sklearn.utils._param_validation.InvalidParameterError: The 'criterion' parameter of RandomForestRegressor must be a str among {'friedman_mse', 'poisson', 'absolute_error', 'squared_error'}. Got 'mae' instead.

WARNING THIS INDIVIDUAL CAUSED AND EXCEPTION 
 <tpot2.search_spaces.pipelines.sequential.SequentialPipelineIndividual object at 0x1554746f0b80> 
 The 'criterion' parameter of ExtraTreesRegressor must be a str among {'friedman_mse', 'poisson', 'absolute_error', 'squared_error'}. Got 'mae' instead. 
 Traceback (most recent call last):
  File "/common/ketrong/tpotexp/tpot2/tpot2/utils/eval_utils.py", line 53, in objective_nan_wrapper
    value = func_timeout.func_timeout(timeout, objective_function, args=[individual], kwargs=objective_kwargs)
  File "/common/ketrong/tpotexp/env/lib/python3.10/site-packages/func_timeout/dafunc.py", line 108, in func_timeout
    raise_exception(exception)
  File "/common/ketrong/tpotexp/env/lib/python3.10/site-packages/func_timeout/py3_raise.py", line 7, in raise_exception
    raise exception[0] from None
  File "/common/ketrong/tpotexp/tpot2/tpot2/tpot_estimator/estimator.py", line 623, in objective_function
    return objective_function_generator(
  File "/common/ketrong/tpotexp/tpot2/tpot2/tpot_estimator/estimator_utils.py", line 55, in objective_function_generator
    cv_obj_scores = cross_val_score_objective(sklearn.base.clone(pipeline),x,y,scorers=scorers, cv=cv , fold=step)
  File "/common/ketrong/tpotexp/tpot2/tpot2/tpot_estimator/cross_val_utils.py", line 28, in cross_val_score_objective
    this_fold_pipeline.fit(X_train,y_train)
  File "/common/ketrong/tpotexp/env/lib/python3.10/site-packages/sklearn/base.py", line 1473, in wrapper
    return fit_method(estimator, *args, **kwargs)
  File "/common/ketrong/tpotexp/env/lib/python3.10/site-packages/sklearn/pipeline.py", line 473, in fit
    self._final_estimator.fit(Xt, y, **last_step_params["fit"])
  File "/common/ketrong/tpotexp/env/lib/python3.10/site-packages/sklearn/base.py", line 1466, in wrapper
    estimator._validate_params()
  File "/common/ketrong/tpotexp/env/lib/python3.10/site-packages/sklearn/base.py", line 666, in _validate_params
    validate_parameter_constraints(
  File "/common/ketrong/tpotexp/env/lib/python3.10/site-packages/sklearn/utils/_param_validation.py", line 95, in validate_parameter_constraints
    raise InvalidParameterError(
sklearn.utils._param_validation.InvalidParameterError: The 'criterion' parameter of ExtraTreesRegressor must be a str among {'friedman_mse', 'poisson', 'absolute_error', 'squared_error'}. Got 'mae' instead.

WARNING THIS INDIVIDUAL CAUSED AND EXCEPTION 
 <tpot2.search_spaces.pipelines.sequential.SequentialPipelineIndividual object at 0x1554746f1f90> 
 The 'criterion' parameter of RandomForestRegressor must be a str among {'friedman_mse', 'poisson', 'absolute_error', 'squared_error'}. Got 'mae' instead. 
 Traceback (most recent call last):
  File "/common/ketrong/tpotexp/tpot2/tpot2/utils/eval_utils.py", line 53, in objective_nan_wrapper
    value = func_timeout.func_timeout(timeout, objective_function, args=[individual], kwargs=objective_kwargs)
  File "/common/ketrong/tpotexp/env/lib/python3.10/site-packages/func_timeout/dafunc.py", line 108, in func_timeout
    raise_exception(exception)
  File "/common/ketrong/tpotexp/env/lib/python3.10/site-packages/func_timeout/py3_raise.py", line 7, in raise_exception
    raise exception[0] from None
  File "/common/ketrong/tpotexp/tpot2/tpot2/tpot_estimator/estimator.py", line 623, in objective_function
    return objective_function_generator(
  File "/common/ketrong/tpotexp/tpot2/tpot2/tpot_estimator/estimator_utils.py", line 55, in objective_function_generator
    cv_obj_scores = cross_val_score_objective(sklearn.base.clone(pipeline),x,y,scorers=scorers, cv=cv , fold=step)
  File "/common/ketrong/tpotexp/tpot2/tpot2/tpot_estimator/cross_val_utils.py", line 28, in cross_val_score_objective
    this_fold_pipeline.fit(X_train,y_train)
  File "/common/ketrong/tpotexp/env/lib/python3.10/site-packages/sklearn/base.py", line 1473, in wrapper
    return fit_method(estimator, *args, **kwargs)
  File "/common/ketrong/tpotexp/env/lib/python3.10/site-packages/sklearn/pipeline.py", line 473, in fit
    self._final_estimator.fit(Xt, y, **last_step_params["fit"])
  File "/common/ketrong/tpotexp/env/lib/python3.10/site-packages/sklearn/base.py", line 1466, in wrapper
    estimator._validate_params()
  File "/common/ketrong/tpotexp/env/lib/python3.10/site-packages/sklearn/base.py", line 666, in _validate_params
    validate_parameter_constraints(
  File "/common/ketrong/tpotexp/env/lib/python3.10/site-packages/sklearn/utils/_param_validation.py", line 95, in validate_parameter_constraints
    raise InvalidParameterError(
sklearn.utils._param_validation.InvalidParameterError: The 'criterion' parameter of RandomForestRegressor must be a str among {'friedman_mse', 'poisson', 'absolute_error', 'squared_error'}. Got 'mae' instead.

WARNING AN INDIVIDUAL TIMED OUT: 
 <tpot2.search_spaces.pipelines.sequential.SequentialPipelineIndividual object at 0x1554746a4f40> 

WARNING AN INDIVIDUAL TIMED OUT: 
 <tpot2.search_spaces.pipelines.sequential.SequentialPipelineIndividual object at 0x1554746a4f10> 

Generation:  1
Best root_mean_squared_error score: -0.003973346152493859
Generation:   4%|         | 1/25 [10:02<4:01:03, 602.63s/it]WARNING THIS INDIVIDUAL CAUSED AND EXCEPTION 
 <tpot2.search_spaces.pipelines.sequential.SequentialPipelineIndividual object at 0x1554746a5b70> 
 Input X contains NaN.
ExtraTreesRegressor does not accept missing values encoded as NaN natively. For supervised learning, you might want to consider sklearn.ensemble.HistGradientBoostingClassifier and Regressor which accept missing values encoded as NaNs natively. Alternatively, it is possible to preprocess the data, for instance by using an imputer transformer in a pipeline or drop samples with missing values. See https://scikit-learn.org/stable/modules/impute.html You can find a list of all estimators that handle NaN values at the following page: https://scikit-learn.org/stable/modules/impute.html#estimators-that-handle-nan-values 
 Traceback (most recent call last):
  File "/common/ketrong/tpotexp/tpot2/tpot2/utils/eval_utils.py", line 53, in objective_nan_wrapper
    value = func_timeout.func_timeout(timeout, objective_function, args=[individual], kwargs=objective_kwargs)
  File "/common/ketrong/tpotexp/env/lib/python3.10/site-packages/func_timeout/dafunc.py", line 108, in func_timeout
    raise_exception(exception)
  File "/common/ketrong/tpotexp/env/lib/python3.10/site-packages/func_timeout/py3_raise.py", line 7, in raise_exception
    raise exception[0] from None
  File "/common/ketrong/tpotexp/tpot2/tpot2/tpot_estimator/estimator.py", line 623, in objective_function
    return objective_function_generator(
  File "/common/ketrong/tpotexp/tpot2/tpot2/tpot_estimator/estimator_utils.py", line 55, in objective_function_generator
    cv_obj_scores = cross_val_score_objective(sklearn.base.clone(pipeline),x,y,scorers=scorers, cv=cv , fold=step)
  File "/common/ketrong/tpotexp/tpot2/tpot2/tpot_estimator/cross_val_utils.py", line 28, in cross_val_score_objective
    this_fold_pipeline.fit(X_train,y_train)
  File "/common/ketrong/tpotexp/env/lib/python3.10/site-packages/sklearn/base.py", line 1473, in wrapper
    return fit_method(estimator, *args, **kwargs)
  File "/common/ketrong/tpotexp/env/lib/python3.10/site-packages/sklearn/pipeline.py", line 473, in fit
    self._final_estimator.fit(Xt, y, **last_step_params["fit"])
  File "/common/ketrong/tpotexp/env/lib/python3.10/site-packages/sklearn/base.py", line 1473, in wrapper
    return fit_method(estimator, *args, **kwargs)
  File "/common/ketrong/tpotexp/env/lib/python3.10/site-packages/sklearn/ensemble/_forest.py", line 377, in fit
    estimator._compute_missing_values_in_feature_mask(
  File "/common/ketrong/tpotexp/env/lib/python3.10/site-packages/sklearn/tree/_classes.py", line 214, in _compute_missing_values_in_feature_mask
    assert_all_finite(X, **common_kwargs)
  File "/common/ketrong/tpotexp/env/lib/python3.10/site-packages/sklearn/utils/validation.py", line 213, in assert_all_finite
    _assert_all_finite(
  File "/common/ketrong/tpotexp/env/lib/python3.10/site-packages/sklearn/utils/validation.py", line 123, in _assert_all_finite
    _assert_all_finite_element_wise(
  File "/common/ketrong/tpotexp/env/lib/python3.10/site-packages/sklearn/utils/validation.py", line 172, in _assert_all_finite_element_wise
    raise ValueError(msg_err)
ValueError: Input X contains NaN.
ExtraTreesRegressor does not accept missing values encoded as NaN natively. For supervised learning, you might want to consider sklearn.ensemble.HistGradientBoostingClassifier and Regressor which accept missing values encoded as NaNs natively. Alternatively, it is possible to preprocess the data, for instance by using an imputer transformer in a pipeline or drop samples with missing values. See https://scikit-learn.org/stable/modules/impute.html You can find a list of all estimators that handle NaN values at the following page: https://scikit-learn.org/stable/modules/impute.html#estimators-that-handle-nan-values

WARNING THIS INDIVIDUAL CAUSED AND EXCEPTION 
 <tpot2.search_spaces.pipelines.sequential.SequentialPipelineIndividual object at 0x1554746a5330> 
 Input X contains NaN.
SGDRegressor does not accept missing values encoded as NaN natively. For supervised learning, you might want to consider sklearn.ensemble.HistGradientBoostingClassifier and Regressor which accept missing values encoded as NaNs natively. Alternatively, it is possible to preprocess the data, for instance by using an imputer transformer in a pipeline or drop samples with missing values. See https://scikit-learn.org/stable/modules/impute.html You can find a list of all estimators that handle NaN values at the following page: https://scikit-learn.org/stable/modules/impute.html#estimators-that-handle-nan-values 
 Traceback (most recent call last):
  File "/common/ketrong/tpotexp/tpot2/tpot2/utils/eval_utils.py", line 53, in objective_nan_wrapper
    value = func_timeout.func_timeout(timeout, objective_function, args=[individual], kwargs=objective_kwargs)
  File "/common/ketrong/tpotexp/env/lib/python3.10/site-packages/func_timeout/dafunc.py", line 108, in func_timeout
    raise_exception(exception)
  File "/common/ketrong/tpotexp/env/lib/python3.10/site-packages/func_timeout/py3_raise.py", line 7, in raise_exception
    raise exception[0] from None
  File "/common/ketrong/tpotexp/tpot2/tpot2/tpot_estimator/estimator.py", line 623, in objective_function
    return objective_function_generator(
  File "/common/ketrong/tpotexp/tpot2/tpot2/tpot_estimator/estimator_utils.py", line 55, in objective_function_generator
    cv_obj_scores = cross_val_score_objective(sklearn.base.clone(pipeline),x,y,scorers=scorers, cv=cv , fold=step)
  File "/common/ketrong/tpotexp/tpot2/tpot2/tpot_estimator/cross_val_utils.py", line 28, in cross_val_score_objective
    this_fold_pipeline.fit(X_train,y_train)
  File "/common/ketrong/tpotexp/env/lib/python3.10/site-packages/sklearn/base.py", line 1473, in wrapper
    return fit_method(estimator, *args, **kwargs)
  File "/common/ketrong/tpotexp/env/lib/python3.10/site-packages/sklearn/pipeline.py", line 473, in fit
    self._final_estimator.fit(Xt, y, **last_step_params["fit"])
  File "/common/ketrong/tpotexp/env/lib/python3.10/site-packages/sklearn/base.py", line 1473, in wrapper
    return fit_method(estimator, *args, **kwargs)
  File "/common/ketrong/tpotexp/env/lib/python3.10/site-packages/sklearn/linear_model/_stochastic_gradient.py", line 1655, in fit
    return self._fit(
  File "/common/ketrong/tpotexp/env/lib/python3.10/site-packages/sklearn/linear_model/_stochastic_gradient.py", line 1598, in _fit
    self._partial_fit(
  File "/common/ketrong/tpotexp/env/lib/python3.10/site-packages/sklearn/linear_model/_stochastic_gradient.py", line 1476, in _partial_fit
    X, y = self._validate_data(
  File "/common/ketrong/tpotexp/env/lib/python3.10/site-packages/sklearn/base.py", line 650, in _validate_data
    X, y = check_X_y(X, y, **check_params)
  File "/common/ketrong/tpotexp/env/lib/python3.10/site-packages/sklearn/utils/validation.py", line 1301, in check_X_y
    X = check_array(
  File "/common/ketrong/tpotexp/env/lib/python3.10/site-packages/sklearn/utils/validation.py", line 1064, in check_array
    _assert_all_finite(
  File "/common/ketrong/tpotexp/env/lib/python3.10/site-packages/sklearn/utils/validation.py", line 123, in _assert_all_finite
    _assert_all_finite_element_wise(
  File "/common/ketrong/tpotexp/env/lib/python3.10/site-packages/sklearn/utils/validation.py", line 172, in _assert_all_finite_element_wise
    raise ValueError(msg_err)
ValueError: Input X contains NaN.
SGDRegressor does not accept missing values encoded as NaN natively. For supervised learning, you might want to consider sklearn.ensemble.HistGradientBoostingClassifier and Regressor which accept missing values encoded as NaNs natively. Alternatively, it is possible to preprocess the data, for instance by using an imputer transformer in a pipeline or drop samples with missing values. See https://scikit-learn.org/stable/modules/impute.html You can find a list of all estimators that handle NaN values at the following page: https://scikit-learn.org/stable/modules/impute.html#estimators-that-handle-nan-values

Generation:  2
Best root_mean_squared_error score: -0.003939787618796554
Generation:   8%|         | 2/25 [14:51<2:40:08, 417.77s/it]WARNING AN INDIVIDUAL TIMED OUT: 
 <tpot2.search_spaces.pipelines.sequential.SequentialPipelineIndividual object at 0x155465835a80> 

Generation:  3
Best root_mean_squared_error score: -0.003200586504311318
Generation:  12%|        | 3/25 [24:54<3:04:17, 502.60s/it]WARNING THIS INDIVIDUAL CAUSED AND EXCEPTION 
 <tpot2.search_spaces.pipelines.sequential.SequentialPipelineIndividual object at 0x1554746a5060> 
 The 'criterion' parameter of DecisionTreeRegressor must be a str among {'friedman_mse', 'poisson', 'absolute_error', 'squared_error'}. Got 'mae' instead. 
 Traceback (most recent call last):
  File "/common/ketrong/tpotexp/tpot2/tpot2/utils/eval_utils.py", line 53, in objective_nan_wrapper
    value = func_timeout.func_timeout(timeout, objective_function, args=[individual], kwargs=objective_kwargs)
  File "/common/ketrong/tpotexp/env/lib/python3.10/site-packages/func_timeout/dafunc.py", line 108, in func_timeout
    raise_exception(exception)
  File "/common/ketrong/tpotexp/env/lib/python3.10/site-packages/func_timeout/py3_raise.py", line 7, in raise_exception
    raise exception[0] from None
  File "/common/ketrong/tpotexp/tpot2/tpot2/tpot_estimator/estimator.py", line 623, in objective_function
    return objective_function_generator(
  File "/common/ketrong/tpotexp/tpot2/tpot2/tpot_estimator/estimator_utils.py", line 55, in objective_function_generator
    cv_obj_scores = cross_val_score_objective(sklearn.base.clone(pipeline),x,y,scorers=scorers, cv=cv , fold=step)
  File "/common/ketrong/tpotexp/tpot2/tpot2/tpot_estimator/cross_val_utils.py", line 28, in cross_val_score_objective
    this_fold_pipeline.fit(X_train,y_train)
  File "/common/ketrong/tpotexp/env/lib/python3.10/site-packages/sklearn/base.py", line 1473, in wrapper
    return fit_method(estimator, *args, **kwargs)
  File "/common/ketrong/tpotexp/env/lib/python3.10/site-packages/sklearn/pipeline.py", line 473, in fit
    self._final_estimator.fit(Xt, y, **last_step_params["fit"])
  File "/common/ketrong/tpotexp/env/lib/python3.10/site-packages/sklearn/base.py", line 1466, in wrapper
    estimator._validate_params()
  File "/common/ketrong/tpotexp/env/lib/python3.10/site-packages/sklearn/base.py", line 666, in _validate_params
    validate_parameter_constraints(
  File "/common/ketrong/tpotexp/env/lib/python3.10/site-packages/sklearn/utils/_param_validation.py", line 95, in validate_parameter_constraints
    raise InvalidParameterError(
sklearn.utils._param_validation.InvalidParameterError: The 'criterion' parameter of DecisionTreeRegressor must be a str among {'friedman_mse', 'poisson', 'absolute_error', 'squared_error'}. Got 'mae' instead.

Generation:  4
Best root_mean_squared_error score: -0.0031947595994981344
Generation:  16%|        | 4/25 [27:04<2:04:24, 355.43s/it]WARNING THIS INDIVIDUAL CAUSED AND EXCEPTION 
 <tpot2.search_spaces.pipelines.sequential.SequentialPipelineIndividual object at 0x155467acf5e0> 
 The 'criterion' parameter of DecisionTreeRegressor must be a str among {'friedman_mse', 'poisson', 'absolute_error', 'squared_error'}. Got 'mae' instead. 
 Traceback (most recent call last):
  File "/common/ketrong/tpotexp/tpot2/tpot2/utils/eval_utils.py", line 53, in objective_nan_wrapper
    value = func_timeout.func_timeout(timeout, objective_function, args=[individual], kwargs=objective_kwargs)
  File "/common/ketrong/tpotexp/env/lib/python3.10/site-packages/func_timeout/dafunc.py", line 108, in func_timeout
    raise_exception(exception)
  File "/common/ketrong/tpotexp/env/lib/python3.10/site-packages/func_timeout/py3_raise.py", line 7, in raise_exception
    raise exception[0] from None
  File "/common/ketrong/tpotexp/tpot2/tpot2/tpot_estimator/estimator.py", line 623, in objective_function
    return objective_function_generator(
  File "/common/ketrong/tpotexp/tpot2/tpot2/tpot_estimator/estimator_utils.py", line 55, in objective_function_generator
    cv_obj_scores = cross_val_score_objective(sklearn.base.clone(pipeline),x,y,scorers=scorers, cv=cv , fold=step)
  File "/common/ketrong/tpotexp/tpot2/tpot2/tpot_estimator/cross_val_utils.py", line 28, in cross_val_score_objective
    this_fold_pipeline.fit(X_train,y_train)
  File "/common/ketrong/tpotexp/env/lib/python3.10/site-packages/sklearn/base.py", line 1473, in wrapper
    return fit_method(estimator, *args, **kwargs)
  File "/common/ketrong/tpotexp/env/lib/python3.10/site-packages/sklearn/pipeline.py", line 473, in fit
    self._final_estimator.fit(Xt, y, **last_step_params["fit"])
  File "/common/ketrong/tpotexp/env/lib/python3.10/site-packages/sklearn/base.py", line 1466, in wrapper
    estimator._validate_params()
  File "/common/ketrong/tpotexp/env/lib/python3.10/site-packages/sklearn/base.py", line 666, in _validate_params
    validate_parameter_constraints(
  File "/common/ketrong/tpotexp/env/lib/python3.10/site-packages/sklearn/utils/_param_validation.py", line 95, in validate_parameter_constraints
    raise InvalidParameterError(
sklearn.utils._param_validation.InvalidParameterError: The 'criterion' parameter of DecisionTreeRegressor must be a str among {'friedman_mse', 'poisson', 'absolute_error', 'squared_error'}. Got 'mae' instead.

Generation:  5
Best root_mean_squared_error score: -0.0031947595994981344
Generation:  20%|        | 5/25 [27:57<1:22:05, 246.25s/it]WARNING THIS INDIVIDUAL CAUSED AND EXCEPTION 
 <tpot2.search_spaces.pipelines.sequential.SequentialPipelineIndividual object at 0x1554746f27a0> 
 The 'criterion' parameter of RandomForestRegressor must be a str among {'friedman_mse', 'poisson', 'absolute_error', 'squared_error'}. Got 'mae' instead. 
 Traceback (most recent call last):
  File "/common/ketrong/tpotexp/tpot2/tpot2/utils/eval_utils.py", line 53, in objective_nan_wrapper
    value = func_timeout.func_timeout(timeout, objective_function, args=[individual], kwargs=objective_kwargs)
  File "/common/ketrong/tpotexp/env/lib/python3.10/site-packages/func_timeout/dafunc.py", line 108, in func_timeout
    raise_exception(exception)
  File "/common/ketrong/tpotexp/env/lib/python3.10/site-packages/func_timeout/py3_raise.py", line 7, in raise_exception
    raise exception[0] from None
  File "/common/ketrong/tpotexp/tpot2/tpot2/tpot_estimator/estimator.py", line 623, in objective_function
    return objective_function_generator(
  File "/common/ketrong/tpotexp/tpot2/tpot2/tpot_estimator/estimator_utils.py", line 55, in objective_function_generator
    cv_obj_scores = cross_val_score_objective(sklearn.base.clone(pipeline),x,y,scorers=scorers, cv=cv , fold=step)
  File "/common/ketrong/tpotexp/tpot2/tpot2/tpot_estimator/cross_val_utils.py", line 28, in cross_val_score_objective
    this_fold_pipeline.fit(X_train,y_train)
  File "/common/ketrong/tpotexp/env/lib/python3.10/site-packages/sklearn/base.py", line 1473, in wrapper
    return fit_method(estimator, *args, **kwargs)
  File "/common/ketrong/tpotexp/env/lib/python3.10/site-packages/sklearn/pipeline.py", line 473, in fit
    self._final_estimator.fit(Xt, y, **last_step_params["fit"])
  File "/common/ketrong/tpotexp/env/lib/python3.10/site-packages/sklearn/base.py", line 1466, in wrapper
    estimator._validate_params()
  File "/common/ketrong/tpotexp/env/lib/python3.10/site-packages/sklearn/base.py", line 666, in _validate_params
    validate_parameter_constraints(
  File "/common/ketrong/tpotexp/env/lib/python3.10/site-packages/sklearn/utils/_param_validation.py", line 95, in validate_parameter_constraints
    raise InvalidParameterError(
sklearn.utils._param_validation.InvalidParameterError: The 'criterion' parameter of RandomForestRegressor must be a str among {'friedman_mse', 'poisson', 'absolute_error', 'squared_error'}. Got 'mae' instead.

WARNING THIS INDIVIDUAL CAUSED AND EXCEPTION 
 <tpot2.search_spaces.pipelines.sequential.SequentialPipelineIndividual object at 0x155467d32500> 
 The 'criterion' parameter of DecisionTreeRegressor must be a str among {'friedman_mse', 'poisson', 'absolute_error', 'squared_error'}. Got 'mae' instead. 
 Traceback (most recent call last):
  File "/common/ketrong/tpotexp/tpot2/tpot2/utils/eval_utils.py", line 53, in objective_nan_wrapper
    value = func_timeout.func_timeout(timeout, objective_function, args=[individual], kwargs=objective_kwargs)
  File "/common/ketrong/tpotexp/env/lib/python3.10/site-packages/func_timeout/dafunc.py", line 108, in func_timeout
    raise_exception(exception)
  File "/common/ketrong/tpotexp/env/lib/python3.10/site-packages/func_timeout/py3_raise.py", line 7, in raise_exception
    raise exception[0] from None
  File "/common/ketrong/tpotexp/tpot2/tpot2/tpot_estimator/estimator.py", line 623, in objective_function
    return objective_function_generator(
  File "/common/ketrong/tpotexp/tpot2/tpot2/tpot_estimator/estimator_utils.py", line 55, in objective_function_generator
    cv_obj_scores = cross_val_score_objective(sklearn.base.clone(pipeline),x,y,scorers=scorers, cv=cv , fold=step)
  File "/common/ketrong/tpotexp/tpot2/tpot2/tpot_estimator/cross_val_utils.py", line 28, in cross_val_score_objective
    this_fold_pipeline.fit(X_train,y_train)
  File "/common/ketrong/tpotexp/env/lib/python3.10/site-packages/sklearn/base.py", line 1473, in wrapper
    return fit_method(estimator, *args, **kwargs)
  File "/common/ketrong/tpotexp/env/lib/python3.10/site-packages/sklearn/pipeline.py", line 473, in fit
    self._final_estimator.fit(Xt, y, **last_step_params["fit"])
  File "/common/ketrong/tpotexp/env/lib/python3.10/site-packages/sklearn/base.py", line 1466, in wrapper
    estimator._validate_params()
  File "/common/ketrong/tpotexp/env/lib/python3.10/site-packages/sklearn/base.py", line 666, in _validate_params
    validate_parameter_constraints(
  File "/common/ketrong/tpotexp/env/lib/python3.10/site-packages/sklearn/utils/_param_validation.py", line 95, in validate_parameter_constraints
    raise InvalidParameterError(
sklearn.utils._param_validation.InvalidParameterError: The 'criterion' parameter of DecisionTreeRegressor must be a str among {'friedman_mse', 'poisson', 'absolute_error', 'squared_error'}. Got 'mae' instead.

WARNING THIS INDIVIDUAL CAUSED AND EXCEPTION 
 <tpot2.search_spaces.pipelines.sequential.SequentialPipelineIndividual object at 0x155467851900> 
 The 'criterion' parameter of DecisionTreeRegressor must be a str among {'friedman_mse', 'poisson', 'absolute_error', 'squared_error'}. Got 'mae' instead. 
 Traceback (most recent call last):
  File "/common/ketrong/tpotexp/tpot2/tpot2/utils/eval_utils.py", line 53, in objective_nan_wrapper
    value = func_timeout.func_timeout(timeout, objective_function, args=[individual], kwargs=objective_kwargs)
  File "/common/ketrong/tpotexp/env/lib/python3.10/site-packages/func_timeout/dafunc.py", line 108, in func_timeout
    raise_exception(exception)
  File "/common/ketrong/tpotexp/env/lib/python3.10/site-packages/func_timeout/py3_raise.py", line 7, in raise_exception
    raise exception[0] from None
  File "/common/ketrong/tpotexp/tpot2/tpot2/tpot_estimator/estimator.py", line 623, in objective_function
    return objective_function_generator(
  File "/common/ketrong/tpotexp/tpot2/tpot2/tpot_estimator/estimator_utils.py", line 55, in objective_function_generator
    cv_obj_scores = cross_val_score_objective(sklearn.base.clone(pipeline),x,y,scorers=scorers, cv=cv , fold=step)
  File "/common/ketrong/tpotexp/tpot2/tpot2/tpot_estimator/cross_val_utils.py", line 28, in cross_val_score_objective
    this_fold_pipeline.fit(X_train,y_train)
  File "/common/ketrong/tpotexp/env/lib/python3.10/site-packages/sklearn/base.py", line 1473, in wrapper
    return fit_method(estimator, *args, **kwargs)
  File "/common/ketrong/tpotexp/env/lib/python3.10/site-packages/sklearn/pipeline.py", line 473, in fit
    self._final_estimator.fit(Xt, y, **last_step_params["fit"])
  File "/common/ketrong/tpotexp/env/lib/python3.10/site-packages/sklearn/base.py", line 1466, in wrapper
    estimator._validate_params()
  File "/common/ketrong/tpotexp/env/lib/python3.10/site-packages/sklearn/base.py", line 666, in _validate_params
    validate_parameter_constraints(
  File "/common/ketrong/tpotexp/env/lib/python3.10/site-packages/sklearn/utils/_param_validation.py", line 95, in validate_parameter_constraints
    raise InvalidParameterError(
sklearn.utils._param_validation.InvalidParameterError: The 'criterion' parameter of DecisionTreeRegressor must be a str among {'friedman_mse', 'poisson', 'absolute_error', 'squared_error'}. Got 'mae' instead.

Generation:  6
Best root_mean_squared_error score: -0.0031947595994981344
Generation:  24%|       | 6/25 [28:59<58:11, 183.75s/it]  Generation:  7
Best root_mean_squared_error score: -0.0030506475539300837
Generation:  28%|       | 7/25 [32:13<56:10, 187.27s/it]WARNING THIS INDIVIDUAL CAUSED AND EXCEPTION 
 <tpot2.search_spaces.pipelines.sequential.SequentialPipelineIndividual object at 0x155465099240> 
 The 'criterion' parameter of ExtraTreesRegressor must be a str among {'friedman_mse', 'poisson', 'absolute_error', 'squared_error'}. Got 'mae' instead. 
 Traceback (most recent call last):
  File "/common/ketrong/tpotexp/tpot2/tpot2/utils/eval_utils.py", line 53, in objective_nan_wrapper
    value = func_timeout.func_timeout(timeout, objective_function, args=[individual], kwargs=objective_kwargs)
  File "/common/ketrong/tpotexp/env/lib/python3.10/site-packages/func_timeout/dafunc.py", line 108, in func_timeout
    raise_exception(exception)
  File "/common/ketrong/tpotexp/env/lib/python3.10/site-packages/func_timeout/py3_raise.py", line 7, in raise_exception
    raise exception[0] from None
  File "/common/ketrong/tpotexp/tpot2/tpot2/tpot_estimator/estimator.py", line 623, in objective_function
    return objective_function_generator(
  File "/common/ketrong/tpotexp/tpot2/tpot2/tpot_estimator/estimator_utils.py", line 55, in objective_function_generator
    cv_obj_scores = cross_val_score_objective(sklearn.base.clone(pipeline),x,y,scorers=scorers, cv=cv , fold=step)
  File "/common/ketrong/tpotexp/tpot2/tpot2/tpot_estimator/cross_val_utils.py", line 28, in cross_val_score_objective
    this_fold_pipeline.fit(X_train,y_train)
  File "/common/ketrong/tpotexp/env/lib/python3.10/site-packages/sklearn/base.py", line 1473, in wrapper
    return fit_method(estimator, *args, **kwargs)
  File "/common/ketrong/tpotexp/env/lib/python3.10/site-packages/sklearn/pipeline.py", line 473, in fit
    self._final_estimator.fit(Xt, y, **last_step_params["fit"])
  File "/common/ketrong/tpotexp/env/lib/python3.10/site-packages/sklearn/base.py", line 1466, in wrapper
    estimator._validate_params()
  File "/common/ketrong/tpotexp/env/lib/python3.10/site-packages/sklearn/base.py", line 666, in _validate_params
    validate_parameter_constraints(
  File "/common/ketrong/tpotexp/env/lib/python3.10/site-packages/sklearn/utils/_param_validation.py", line 95, in validate_parameter_constraints
    raise InvalidParameterError(
sklearn.utils._param_validation.InvalidParameterError: The 'criterion' parameter of ExtraTreesRegressor must be a str among {'friedman_mse', 'poisson', 'absolute_error', 'squared_error'}. Got 'mae' instead.

WARNING AN INDIVIDUAL TIMED OUT: 
 <tpot2.search_spaces.pipelines.sequential.SequentialPipelineIndividual object at 0x155467f20e50> 

Generation:  8
Best root_mean_squared_error score: -0.0030506475539300837
Generation:  32%|      | 8/25 [42:19<1:30:48, 320.49s/it]Generation:  9
Best root_mean_squared_error score: -0.0030506475539300837
Generation:  36%|      | 9/25 [49:33<1:34:56, 356.01s/it]WARNING AN INDIVIDUAL TIMED OUT: 
 <tpot2.search_spaces.pipelines.sequential.SequentialPipelineIndividual object at 0x15547472e6e0> 

Generation:  10
Best root_mean_squared_error score: -0.002948730745360667
Generation:  40%|      | 10/25 [59:40<1:48:21, 433.46s/it]Generation:  11
Best root_mean_squared_error score: -0.002948730745360667
Generation:  44%|     | 11/25 [1:03:06<1:24:54, 363.89s/it]WARNING AN INDIVIDUAL TIMED OUT: 
 <tpot2.search_spaces.pipelines.sequential.SequentialPipelineIndividual object at 0x1554655291b0> 

Generation:  12
Best root_mean_squared_error score: -0.002948730745360667
Generation:  48%|     | 12/25 [1:13:13<1:34:49, 437.62s/it]WARNING THIS INDIVIDUAL CAUSED AND EXCEPTION 
 <tpot2.search_spaces.pipelines.sequential.SequentialPipelineIndividual object at 0x155467950040> 
 The 'criterion' parameter of RandomForestRegressor must be a str among {'friedman_mse', 'poisson', 'absolute_error', 'squared_error'}. Got 'mae' instead. 
 Traceback (most recent call last):
  File "/common/ketrong/tpotexp/tpot2/tpot2/utils/eval_utils.py", line 53, in objective_nan_wrapper
    value = func_timeout.func_timeout(timeout, objective_function, args=[individual], kwargs=objective_kwargs)
  File "/common/ketrong/tpotexp/env/lib/python3.10/site-packages/func_timeout/dafunc.py", line 108, in func_timeout
    raise_exception(exception)
  File "/common/ketrong/tpotexp/env/lib/python3.10/site-packages/func_timeout/py3_raise.py", line 7, in raise_exception
    raise exception[0] from None
  File "/common/ketrong/tpotexp/tpot2/tpot2/tpot_estimator/estimator.py", line 623, in objective_function
    return objective_function_generator(
  File "/common/ketrong/tpotexp/tpot2/tpot2/tpot_estimator/estimator_utils.py", line 55, in objective_function_generator
    cv_obj_scores = cross_val_score_objective(sklearn.base.clone(pipeline),x,y,scorers=scorers, cv=cv , fold=step)
  File "/common/ketrong/tpotexp/tpot2/tpot2/tpot_estimator/cross_val_utils.py", line 28, in cross_val_score_objective
    this_fold_pipeline.fit(X_train,y_train)
  File "/common/ketrong/tpotexp/env/lib/python3.10/site-packages/sklearn/base.py", line 1473, in wrapper
    return fit_method(estimator, *args, **kwargs)
  File "/common/ketrong/tpotexp/env/lib/python3.10/site-packages/sklearn/pipeline.py", line 473, in fit
    self._final_estimator.fit(Xt, y, **last_step_params["fit"])
  File "/common/ketrong/tpotexp/env/lib/python3.10/site-packages/sklearn/base.py", line 1466, in wrapper
    estimator._validate_params()
  File "/common/ketrong/tpotexp/env/lib/python3.10/site-packages/sklearn/base.py", line 666, in _validate_params
    validate_parameter_constraints(
  File "/common/ketrong/tpotexp/env/lib/python3.10/site-packages/sklearn/utils/_param_validation.py", line 95, in validate_parameter_constraints
    raise InvalidParameterError(
sklearn.utils._param_validation.InvalidParameterError: The 'criterion' parameter of RandomForestRegressor must be a str among {'friedman_mse', 'poisson', 'absolute_error', 'squared_error'}. Got 'mae' instead.

Generation:  13
Best root_mean_squared_error score: -0.002948730745360667
Generation:  52%|    | 13/25 [1:17:49<1:17:44, 388.72s/it]WARNING THIS INDIVIDUAL CAUSED AND EXCEPTION 
 <tpot2.search_spaces.pipelines.sequential.SequentialPipelineIndividual object at 0x15547472ee30> 
 The 'criterion' parameter of RandomForestRegressor must be a str among {'friedman_mse', 'poisson', 'absolute_error', 'squared_error'}. Got 'mse' instead. 
 Traceback (most recent call last):
  File "/common/ketrong/tpotexp/tpot2/tpot2/utils/eval_utils.py", line 53, in objective_nan_wrapper
    value = func_timeout.func_timeout(timeout, objective_function, args=[individual], kwargs=objective_kwargs)
  File "/common/ketrong/tpotexp/env/lib/python3.10/site-packages/func_timeout/dafunc.py", line 108, in func_timeout
    raise_exception(exception)
  File "/common/ketrong/tpotexp/env/lib/python3.10/site-packages/func_timeout/py3_raise.py", line 7, in raise_exception
    raise exception[0] from None
  File "/common/ketrong/tpotexp/tpot2/tpot2/tpot_estimator/estimator.py", line 623, in objective_function
    return objective_function_generator(
  File "/common/ketrong/tpotexp/tpot2/tpot2/tpot_estimator/estimator_utils.py", line 55, in objective_function_generator
    cv_obj_scores = cross_val_score_objective(sklearn.base.clone(pipeline),x,y,scorers=scorers, cv=cv , fold=step)
  File "/common/ketrong/tpotexp/tpot2/tpot2/tpot_estimator/cross_val_utils.py", line 28, in cross_val_score_objective
    this_fold_pipeline.fit(X_train,y_train)
  File "/common/ketrong/tpotexp/env/lib/python3.10/site-packages/sklearn/base.py", line 1473, in wrapper
    return fit_method(estimator, *args, **kwargs)
  File "/common/ketrong/tpotexp/env/lib/python3.10/site-packages/sklearn/pipeline.py", line 473, in fit
    self._final_estimator.fit(Xt, y, **last_step_params["fit"])
  File "/common/ketrong/tpotexp/env/lib/python3.10/site-packages/sklearn/base.py", line 1466, in wrapper
    estimator._validate_params()
  File "/common/ketrong/tpotexp/env/lib/python3.10/site-packages/sklearn/base.py", line 666, in _validate_params
    validate_parameter_constraints(
  File "/common/ketrong/tpotexp/env/lib/python3.10/site-packages/sklearn/utils/_param_validation.py", line 95, in validate_parameter_constraints
    raise InvalidParameterError(
sklearn.utils._param_validation.InvalidParameterError: The 'criterion' parameter of RandomForestRegressor must be a str among {'friedman_mse', 'poisson', 'absolute_error', 'squared_error'}. Got 'mse' instead.

Generation:  14
Best root_mean_squared_error score: -0.0029392929863006198
Generation:  56%|    | 14/25 [1:24:02<1:10:25, 384.15s/it]Generation:  15
Best root_mean_squared_error score: -0.0029244323050187752
Generation:  60%|    | 15/25 [1:33:48<1:14:09, 444.96s/it]WARNING THIS INDIVIDUAL CAUSED AND EXCEPTION 
 <tpot2.search_spaces.pipelines.sequential.SequentialPipelineIndividual object at 0x155467fe1150> 
 The 'criterion' parameter of RandomForestRegressor must be a str among {'friedman_mse', 'poisson', 'absolute_error', 'squared_error'}. Got 'mae' instead. 
 Traceback (most recent call last):
  File "/common/ketrong/tpotexp/tpot2/tpot2/utils/eval_utils.py", line 53, in objective_nan_wrapper
    value = func_timeout.func_timeout(timeout, objective_function, args=[individual], kwargs=objective_kwargs)
  File "/common/ketrong/tpotexp/env/lib/python3.10/site-packages/func_timeout/dafunc.py", line 108, in func_timeout
    raise_exception(exception)
  File "/common/ketrong/tpotexp/env/lib/python3.10/site-packages/func_timeout/py3_raise.py", line 7, in raise_exception
    raise exception[0] from None
  File "/common/ketrong/tpotexp/tpot2/tpot2/tpot_estimator/estimator.py", line 623, in objective_function
    return objective_function_generator(
  File "/common/ketrong/tpotexp/tpot2/tpot2/tpot_estimator/estimator_utils.py", line 55, in objective_function_generator
    cv_obj_scores = cross_val_score_objective(sklearn.base.clone(pipeline),x,y,scorers=scorers, cv=cv , fold=step)
  File "/common/ketrong/tpotexp/tpot2/tpot2/tpot_estimator/cross_val_utils.py", line 28, in cross_val_score_objective
    this_fold_pipeline.fit(X_train,y_train)
  File "/common/ketrong/tpotexp/env/lib/python3.10/site-packages/sklearn/base.py", line 1473, in wrapper
    return fit_method(estimator, *args, **kwargs)
  File "/common/ketrong/tpotexp/env/lib/python3.10/site-packages/sklearn/pipeline.py", line 473, in fit
    self._final_estimator.fit(Xt, y, **last_step_params["fit"])
  File "/common/ketrong/tpotexp/env/lib/python3.10/site-packages/sklearn/base.py", line 1466, in wrapper
    estimator._validate_params()
  File "/common/ketrong/tpotexp/env/lib/python3.10/site-packages/sklearn/base.py", line 666, in _validate_params
    validate_parameter_constraints(
  File "/common/ketrong/tpotexp/env/lib/python3.10/site-packages/sklearn/utils/_param_validation.py", line 95, in validate_parameter_constraints
    raise InvalidParameterError(
sklearn.utils._param_validation.InvalidParameterError: The 'criterion' parameter of RandomForestRegressor must be a str among {'friedman_mse', 'poisson', 'absolute_error', 'squared_error'}. Got 'mae' instead.

WARNING THIS INDIVIDUAL CAUSED AND EXCEPTION 
 <tpot2.search_spaces.pipelines.sequential.SequentialPipelineIndividual object at 0x155312d6d810> 
 The 'criterion' parameter of DecisionTreeRegressor must be a str among {'friedman_mse', 'poisson', 'absolute_error', 'squared_error'}. Got 'mae' instead. 
 Traceback (most recent call last):
  File "/common/ketrong/tpotexp/tpot2/tpot2/utils/eval_utils.py", line 53, in objective_nan_wrapper
    value = func_timeout.func_timeout(timeout, objective_function, args=[individual], kwargs=objective_kwargs)
  File "/common/ketrong/tpotexp/env/lib/python3.10/site-packages/func_timeout/dafunc.py", line 108, in func_timeout
    raise_exception(exception)
  File "/common/ketrong/tpotexp/env/lib/python3.10/site-packages/func_timeout/py3_raise.py", line 7, in raise_exception
    raise exception[0] from None
  File "/common/ketrong/tpotexp/tpot2/tpot2/tpot_estimator/estimator.py", line 623, in objective_function
    return objective_function_generator(
  File "/common/ketrong/tpotexp/tpot2/tpot2/tpot_estimator/estimator_utils.py", line 55, in objective_function_generator
    cv_obj_scores = cross_val_score_objective(sklearn.base.clone(pipeline),x,y,scorers=scorers, cv=cv , fold=step)
  File "/common/ketrong/tpotexp/tpot2/tpot2/tpot_estimator/cross_val_utils.py", line 28, in cross_val_score_objective
    this_fold_pipeline.fit(X_train,y_train)
  File "/common/ketrong/tpotexp/env/lib/python3.10/site-packages/sklearn/base.py", line 1473, in wrapper
    return fit_method(estimator, *args, **kwargs)
  File "/common/ketrong/tpotexp/env/lib/python3.10/site-packages/sklearn/pipeline.py", line 473, in fit
    self._final_estimator.fit(Xt, y, **last_step_params["fit"])
  File "/common/ketrong/tpotexp/env/lib/python3.10/site-packages/sklearn/base.py", line 1466, in wrapper
    estimator._validate_params()
  File "/common/ketrong/tpotexp/env/lib/python3.10/site-packages/sklearn/base.py", line 666, in _validate_params
    validate_parameter_constraints(
  File "/common/ketrong/tpotexp/env/lib/python3.10/site-packages/sklearn/utils/_param_validation.py", line 95, in validate_parameter_constraints
    raise InvalidParameterError(
sklearn.utils._param_validation.InvalidParameterError: The 'criterion' parameter of DecisionTreeRegressor must be a str among {'friedman_mse', 'poisson', 'absolute_error', 'squared_error'}. Got 'mae' instead.

WARNING THIS INDIVIDUAL CAUSED AND EXCEPTION 
 <tpot2.search_spaces.pipelines.sequential.SequentialPipelineIndividual object at 0x1554670c4c10> 
 Input X contains NaN.
MLPRegressor does not accept missing values encoded as NaN natively. For supervised learning, you might want to consider sklearn.ensemble.HistGradientBoostingClassifier and Regressor which accept missing values encoded as NaNs natively. Alternatively, it is possible to preprocess the data, for instance by using an imputer transformer in a pipeline or drop samples with missing values. See https://scikit-learn.org/stable/modules/impute.html You can find a list of all estimators that handle NaN values at the following page: https://scikit-learn.org/stable/modules/impute.html#estimators-that-handle-nan-values 
 Traceback (most recent call last):
  File "/common/ketrong/tpotexp/tpot2/tpot2/utils/eval_utils.py", line 53, in objective_nan_wrapper
    value = func_timeout.func_timeout(timeout, objective_function, args=[individual], kwargs=objective_kwargs)
  File "/common/ketrong/tpotexp/env/lib/python3.10/site-packages/func_timeout/dafunc.py", line 108, in func_timeout
    raise_exception(exception)
  File "/common/ketrong/tpotexp/env/lib/python3.10/site-packages/func_timeout/py3_raise.py", line 7, in raise_exception
    raise exception[0] from None
  File "/common/ketrong/tpotexp/tpot2/tpot2/tpot_estimator/estimator.py", line 623, in objective_function
    return objective_function_generator(
  File "/common/ketrong/tpotexp/tpot2/tpot2/tpot_estimator/estimator_utils.py", line 55, in objective_function_generator
    cv_obj_scores = cross_val_score_objective(sklearn.base.clone(pipeline),x,y,scorers=scorers, cv=cv , fold=step)
  File "/common/ketrong/tpotexp/tpot2/tpot2/tpot_estimator/cross_val_utils.py", line 28, in cross_val_score_objective
    this_fold_pipeline.fit(X_train,y_train)
  File "/common/ketrong/tpotexp/env/lib/python3.10/site-packages/sklearn/base.py", line 1473, in wrapper
    return fit_method(estimator, *args, **kwargs)
  File "/common/ketrong/tpotexp/env/lib/python3.10/site-packages/sklearn/pipeline.py", line 473, in fit
    self._final_estimator.fit(Xt, y, **last_step_params["fit"])
  File "/common/ketrong/tpotexp/env/lib/python3.10/site-packages/sklearn/base.py", line 1473, in wrapper
    return fit_method(estimator, *args, **kwargs)
  File "/common/ketrong/tpotexp/env/lib/python3.10/site-packages/sklearn/neural_network/_multilayer_perceptron.py", line 751, in fit
    return self._fit(X, y, incremental=False)
  File "/common/ketrong/tpotexp/env/lib/python3.10/site-packages/sklearn/neural_network/_multilayer_perceptron.py", line 441, in _fit
    X, y = self._validate_input(X, y, incremental, reset=first_pass)
  File "/common/ketrong/tpotexp/env/lib/python3.10/site-packages/sklearn/neural_network/_multilayer_perceptron.py", line 1621, in _validate_input
    X, y = self._validate_data(
  File "/common/ketrong/tpotexp/env/lib/python3.10/site-packages/sklearn/base.py", line 650, in _validate_data
    X, y = check_X_y(X, y, **check_params)
  File "/common/ketrong/tpotexp/env/lib/python3.10/site-packages/sklearn/utils/validation.py", line 1301, in check_X_y
    X = check_array(
  File "/common/ketrong/tpotexp/env/lib/python3.10/site-packages/sklearn/utils/validation.py", line 1064, in check_array
    _assert_all_finite(
  File "/common/ketrong/tpotexp/env/lib/python3.10/site-packages/sklearn/utils/validation.py", line 123, in _assert_all_finite
    _assert_all_finite_element_wise(
  File "/common/ketrong/tpotexp/env/lib/python3.10/site-packages/sklearn/utils/validation.py", line 172, in _assert_all_finite_element_wise
    raise ValueError(msg_err)
ValueError: Input X contains NaN.
MLPRegressor does not accept missing values encoded as NaN natively. For supervised learning, you might want to consider sklearn.ensemble.HistGradientBoostingClassifier and Regressor which accept missing values encoded as NaNs natively. Alternatively, it is possible to preprocess the data, for instance by using an imputer transformer in a pipeline or drop samples with missing values. See https://scikit-learn.org/stable/modules/impute.html You can find a list of all estimators that handle NaN values at the following page: https://scikit-learn.org/stable/modules/impute.html#estimators-that-handle-nan-values

Generation:  16
Best root_mean_squared_error score: -0.002888318388346333
Generation:  64%|   | 16/25 [1:38:44<1:00:01, 400.11s/it]Generation:  17
Best root_mean_squared_error score: -0.002888318388346333
Generation:  68%|   | 17/25 [1:47:17<57:51, 433.90s/it]  Generation:  18
Best root_mean_squared_error score: -0.002888318388346333
Generation:  72%|  | 18/25 [1:54:57<51:32, 441.79s/it]Generation:  19
Best root_mean_squared_error score: -0.0028182531417017946
Generation:  76%|  | 19/25 [2:02:53<45:11, 451.97s/it]WARNING THIS INDIVIDUAL CAUSED AND EXCEPTION 
 <tpot2.search_spaces.pipelines.sequential.SequentialPipelineIndividual object at 0x155467c66380> 
 The 'criterion' parameter of ExtraTreesRegressor must be a str among {'friedman_mse', 'poisson', 'absolute_error', 'squared_error'}. Got 'mae' instead. 
 Traceback (most recent call last):
  File "/common/ketrong/tpotexp/tpot2/tpot2/utils/eval_utils.py", line 53, in objective_nan_wrapper
    value = func_timeout.func_timeout(timeout, objective_function, args=[individual], kwargs=objective_kwargs)
  File "/common/ketrong/tpotexp/env/lib/python3.10/site-packages/func_timeout/dafunc.py", line 108, in func_timeout
    raise_exception(exception)
  File "/common/ketrong/tpotexp/env/lib/python3.10/site-packages/func_timeout/py3_raise.py", line 7, in raise_exception
    raise exception[0] from None
  File "/common/ketrong/tpotexp/tpot2/tpot2/tpot_estimator/estimator.py", line 623, in objective_function
    return objective_function_generator(
  File "/common/ketrong/tpotexp/tpot2/tpot2/tpot_estimator/estimator_utils.py", line 55, in objective_function_generator
    cv_obj_scores = cross_val_score_objective(sklearn.base.clone(pipeline),x,y,scorers=scorers, cv=cv , fold=step)
  File "/common/ketrong/tpotexp/tpot2/tpot2/tpot_estimator/cross_val_utils.py", line 28, in cross_val_score_objective
    this_fold_pipeline.fit(X_train,y_train)
  File "/common/ketrong/tpotexp/env/lib/python3.10/site-packages/sklearn/base.py", line 1473, in wrapper
    return fit_method(estimator, *args, **kwargs)
  File "/common/ketrong/tpotexp/env/lib/python3.10/site-packages/sklearn/pipeline.py", line 473, in fit
    self._final_estimator.fit(Xt, y, **last_step_params["fit"])
  File "/common/ketrong/tpotexp/env/lib/python3.10/site-packages/sklearn/base.py", line 1466, in wrapper
    estimator._validate_params()
  File "/common/ketrong/tpotexp/env/lib/python3.10/site-packages/sklearn/base.py", line 666, in _validate_params
    validate_parameter_constraints(
  File "/common/ketrong/tpotexp/env/lib/python3.10/site-packages/sklearn/utils/_param_validation.py", line 95, in validate_parameter_constraints
    raise InvalidParameterError(
sklearn.utils._param_validation.InvalidParameterError: The 'criterion' parameter of ExtraTreesRegressor must be a str among {'friedman_mse', 'poisson', 'absolute_error', 'squared_error'}. Got 'mae' instead.

Generation:  20
Best root_mean_squared_error score: -0.0028182531417017946
Generation:  80%|  | 20/25 [2:09:28<36:14, 434.91s/it]Generation:  21
Best root_mean_squared_error score: -0.0028182531417017946
Generation:  84%| | 21/25 [2:14:19<26:06, 391.74s/it]Generation:  22
Best root_mean_squared_error score: -0.0028182531417017946
Generation:  88%| | 22/25 [2:22:35<21:09, 423.09s/it]Generation:  23
Best root_mean_squared_error score: -0.0028182531417017946
Generation:  92%|| 23/25 [2:30:53<14:51, 445.55s/it]WARNING THIS INDIVIDUAL CAUSED AND EXCEPTION 
 <tpot2.search_spaces.pipelines.sequential.SequentialPipelineIndividual object at 0x155465086560> 
 The 'criterion' parameter of ExtraTreesRegressor must be a str among {'friedman_mse', 'poisson', 'absolute_error', 'squared_error'}. Got 'mae' instead. 
 Traceback (most recent call last):
  File "/common/ketrong/tpotexp/tpot2/tpot2/utils/eval_utils.py", line 53, in objective_nan_wrapper
    value = func_timeout.func_timeout(timeout, objective_function, args=[individual], kwargs=objective_kwargs)
  File "/common/ketrong/tpotexp/env/lib/python3.10/site-packages/func_timeout/dafunc.py", line 108, in func_timeout
    raise_exception(exception)
  File "/common/ketrong/tpotexp/env/lib/python3.10/site-packages/func_timeout/py3_raise.py", line 7, in raise_exception
    raise exception[0] from None
  File "/common/ketrong/tpotexp/tpot2/tpot2/tpot_estimator/estimator.py", line 623, in objective_function
    return objective_function_generator(
  File "/common/ketrong/tpotexp/tpot2/tpot2/tpot_estimator/estimator_utils.py", line 55, in objective_function_generator
    cv_obj_scores = cross_val_score_objective(sklearn.base.clone(pipeline),x,y,scorers=scorers, cv=cv , fold=step)
  File "/common/ketrong/tpotexp/tpot2/tpot2/tpot_estimator/cross_val_utils.py", line 28, in cross_val_score_objective
    this_fold_pipeline.fit(X_train,y_train)
  File "/common/ketrong/tpotexp/env/lib/python3.10/site-packages/sklearn/base.py", line 1473, in wrapper
    return fit_method(estimator, *args, **kwargs)
  File "/common/ketrong/tpotexp/env/lib/python3.10/site-packages/sklearn/pipeline.py", line 473, in fit
    self._final_estimator.fit(Xt, y, **last_step_params["fit"])
  File "/common/ketrong/tpotexp/env/lib/python3.10/site-packages/sklearn/base.py", line 1466, in wrapper
    estimator._validate_params()
  File "/common/ketrong/tpotexp/env/lib/python3.10/site-packages/sklearn/base.py", line 666, in _validate_params
    validate_parameter_constraints(
  File "/common/ketrong/tpotexp/env/lib/python3.10/site-packages/sklearn/utils/_param_validation.py", line 95, in validate_parameter_constraints
    raise InvalidParameterError(
sklearn.utils._param_validation.InvalidParameterError: The 'criterion' parameter of ExtraTreesRegressor must be a str among {'friedman_mse', 'poisson', 'absolute_error', 'squared_error'}. Got 'mae' instead.

Generation:  24
Best root_mean_squared_error score: -0.0028182531417017946
Generation:  96%|| 24/25 [2:37:52<07:17, 437.49s/it]WARNING THIS INDIVIDUAL CAUSED AND EXCEPTION 
 <tpot2.search_spaces.pipelines.sequential.SequentialPipelineIndividual object at 0x1552db8f1600> 
 The 'criterion' parameter of RandomForestRegressor must be a str among {'friedman_mse', 'poisson', 'absolute_error', 'squared_error'}. Got 'mae' instead. 
 Traceback (most recent call last):
  File "/common/ketrong/tpotexp/tpot2/tpot2/utils/eval_utils.py", line 53, in objective_nan_wrapper
    value = func_timeout.func_timeout(timeout, objective_function, args=[individual], kwargs=objective_kwargs)
  File "/common/ketrong/tpotexp/env/lib/python3.10/site-packages/func_timeout/dafunc.py", line 108, in func_timeout
    raise_exception(exception)
  File "/common/ketrong/tpotexp/env/lib/python3.10/site-packages/func_timeout/py3_raise.py", line 7, in raise_exception
    raise exception[0] from None
  File "/common/ketrong/tpotexp/tpot2/tpot2/tpot_estimator/estimator.py", line 623, in objective_function
    return objective_function_generator(
  File "/common/ketrong/tpotexp/tpot2/tpot2/tpot_estimator/estimator_utils.py", line 55, in objective_function_generator
    cv_obj_scores = cross_val_score_objective(sklearn.base.clone(pipeline),x,y,scorers=scorers, cv=cv , fold=step)
  File "/common/ketrong/tpotexp/tpot2/tpot2/tpot_estimator/cross_val_utils.py", line 28, in cross_val_score_objective
    this_fold_pipeline.fit(X_train,y_train)
  File "/common/ketrong/tpotexp/env/lib/python3.10/site-packages/sklearn/base.py", line 1473, in wrapper
    return fit_method(estimator, *args, **kwargs)
  File "/common/ketrong/tpotexp/env/lib/python3.10/site-packages/sklearn/pipeline.py", line 473, in fit
    self._final_estimator.fit(Xt, y, **last_step_params["fit"])
  File "/common/ketrong/tpotexp/env/lib/python3.10/site-packages/sklearn/base.py", line 1466, in wrapper
    estimator._validate_params()
  File "/common/ketrong/tpotexp/env/lib/python3.10/site-packages/sklearn/base.py", line 666, in _validate_params
    validate_parameter_constraints(
  File "/common/ketrong/tpotexp/env/lib/python3.10/site-packages/sklearn/utils/_param_validation.py", line 95, in validate_parameter_constraints
    raise InvalidParameterError(
sklearn.utils._param_validation.InvalidParameterError: The 'criterion' parameter of RandomForestRegressor must be a str among {'friedman_mse', 'poisson', 'absolute_error', 'squared_error'}. Got 'mae' instead.

WARNING THIS INDIVIDUAL CAUSED AND EXCEPTION 
 <tpot2.search_spaces.pipelines.sequential.SequentialPipelineIndividual object at 0x15546725b820> 
 Input X contains NaN.
MLPRegressor does not accept missing values encoded as NaN natively. For supervised learning, you might want to consider sklearn.ensemble.HistGradientBoostingClassifier and Regressor which accept missing values encoded as NaNs natively. Alternatively, it is possible to preprocess the data, for instance by using an imputer transformer in a pipeline or drop samples with missing values. See https://scikit-learn.org/stable/modules/impute.html You can find a list of all estimators that handle NaN values at the following page: https://scikit-learn.org/stable/modules/impute.html#estimators-that-handle-nan-values 
 Traceback (most recent call last):
  File "/common/ketrong/tpotexp/tpot2/tpot2/utils/eval_utils.py", line 53, in objective_nan_wrapper
    value = func_timeout.func_timeout(timeout, objective_function, args=[individual], kwargs=objective_kwargs)
  File "/common/ketrong/tpotexp/env/lib/python3.10/site-packages/func_timeout/dafunc.py", line 108, in func_timeout
    raise_exception(exception)
  File "/common/ketrong/tpotexp/env/lib/python3.10/site-packages/func_timeout/py3_raise.py", line 7, in raise_exception
    raise exception[0] from None
  File "/common/ketrong/tpotexp/tpot2/tpot2/tpot_estimator/estimator.py", line 623, in objective_function
    return objective_function_generator(
  File "/common/ketrong/tpotexp/tpot2/tpot2/tpot_estimator/estimator_utils.py", line 55, in objective_function_generator
    cv_obj_scores = cross_val_score_objective(sklearn.base.clone(pipeline),x,y,scorers=scorers, cv=cv , fold=step)
  File "/common/ketrong/tpotexp/tpot2/tpot2/tpot_estimator/cross_val_utils.py", line 28, in cross_val_score_objective
    this_fold_pipeline.fit(X_train,y_train)
  File "/common/ketrong/tpotexp/env/lib/python3.10/site-packages/sklearn/base.py", line 1473, in wrapper
    return fit_method(estimator, *args, **kwargs)
  File "/common/ketrong/tpotexp/env/lib/python3.10/site-packages/sklearn/pipeline.py", line 473, in fit
    self._final_estimator.fit(Xt, y, **last_step_params["fit"])
  File "/common/ketrong/tpotexp/env/lib/python3.10/site-packages/sklearn/base.py", line 1473, in wrapper
    return fit_method(estimator, *args, **kwargs)
  File "/common/ketrong/tpotexp/env/lib/python3.10/site-packages/sklearn/neural_network/_multilayer_perceptron.py", line 751, in fit
    return self._fit(X, y, incremental=False)
  File "/common/ketrong/tpotexp/env/lib/python3.10/site-packages/sklearn/neural_network/_multilayer_perceptron.py", line 441, in _fit
    X, y = self._validate_input(X, y, incremental, reset=first_pass)
  File "/common/ketrong/tpotexp/env/lib/python3.10/site-packages/sklearn/neural_network/_multilayer_perceptron.py", line 1621, in _validate_input
    X, y = self._validate_data(
  File "/common/ketrong/tpotexp/env/lib/python3.10/site-packages/sklearn/base.py", line 650, in _validate_data
    X, y = check_X_y(X, y, **check_params)
  File "/common/ketrong/tpotexp/env/lib/python3.10/site-packages/sklearn/utils/validation.py", line 1301, in check_X_y
    X = check_array(
  File "/common/ketrong/tpotexp/env/lib/python3.10/site-packages/sklearn/utils/validation.py", line 1064, in check_array
    _assert_all_finite(
  File "/common/ketrong/tpotexp/env/lib/python3.10/site-packages/sklearn/utils/validation.py", line 123, in _assert_all_finite
    _assert_all_finite_element_wise(
  File "/common/ketrong/tpotexp/env/lib/python3.10/site-packages/sklearn/utils/validation.py", line 172, in _assert_all_finite_element_wise
    raise ValueError(msg_err)
ValueError: Input X contains NaN.
MLPRegressor does not accept missing values encoded as NaN natively. For supervised learning, you might want to consider sklearn.ensemble.HistGradientBoostingClassifier and Regressor which accept missing values encoded as NaNs natively. Alternatively, it is possible to preprocess the data, for instance by using an imputer transformer in a pipeline or drop samples with missing values. See https://scikit-learn.org/stable/modules/impute.html You can find a list of all estimators that handle NaN values at the following page: https://scikit-learn.org/stable/modules/impute.html#estimators-that-handle-nan-values

Generation:  25
Best root_mean_squared_error score: -0.0028182531417017946
Generation: 100%|| 25/25 [2:44:52<00:00, 432.31s/it]Generation: 100%|| 25/25 [2:44:52<00:00, 395.70s/it]
2024-09-24 02:07:40,999 - distributed.scheduler - ERROR - Removing worker 'tcp://127.0.0.1:36419' caused the cluster to lose scattered data, which can't be recovered: {'DataFrame-605158b0b25ff24139715cceb08753fe', 'DataFrame-038e1fdc5b422a7a9a2e00776576b2ca'} (stimulus_id='handle-worker-cleanup-1727168860.9993777')
Fitted
Pipeline(steps=[('iterativeimputer',
                 IterativeImputer(estimator=Ridge(), n_nearest_features=16)),
                ('mlpregressor',
                 MLPRegressor(alpha=1.298605e-07, early_stopping=True,
                              hidden_layer_sizes=[359, 359],
                              learning_rate_init=0.0012613886642,
                              n_iter_no_change=32))])
transform worked
try transform
transform worked
score start
train score: {'explained_var': 0.8030621166199723, 'r2': 0.7997993624651137, 'rmse': 0.0029845701532894447}
test score: {'explained_var': 0.7716854308584327, 'r2': 0.768603350075296, 'rmse': 0.003318497251899695}
original test score: {'explained_var': 0.8512926242626933, 'r2': 0.8489596310394671, 'rmse': 0.0026810779920006045}
score end
216
lvl
0.1
type
MNAR
num_run
1
reg_full
finished
all finished
full run takes
7.641077019042439
hours
DONE
