Run: 1
/cm/local/apps/slurm/var/spool/job994199/slurm_script: line 27: 
pip install -e tpot2
pip install -r tpot2/ImputerExperiments/requirements_.txt
: No such file or directory
RunStart
Version 0.1.7a0 of tpot2 is outdated. Version 0.1.8a0 was released Tuesday September 17, 2024.
189 5 passed: reg_full_MAR_0.01_1/
189 29 passed: reg_full_MAR_0.01_2/
189 53 passed: reg_full_MAR_0.01_3/
189 6 passed: reg_full_MAR_0.1_1/
189 30 passed: reg_full_MAR_0.1_2/
189 54 passed: reg_full_MAR_0.1_3/
189 7 passed: reg_full_MAR_0.3_1/
189 31 passed: reg_full_MAR_0.3_2/
189 55 passed: reg_full_MAR_0.3_3/
189 8 passed: reg_full_MAR_0.5_1/
189 32 passed: reg_full_MAR_0.5_2/
189 56 passed: reg_full_MAR_0.5_3/
189 1 passed: reg_full_MCAR_0.01_1/
189 25 passed: reg_full_MCAR_0.01_2/
189 49 passed: reg_full_MCAR_0.01_3/
189 2 passed: reg_full_MCAR_0.1_1/
189 26 passed: reg_full_MCAR_0.1_2/
189 50 passed: reg_full_MCAR_0.1_3/
189 3 passed: reg_full_MCAR_0.3_1/
189 27 passed: reg_full_MCAR_0.3_2/
189 51 passed: reg_full_MCAR_0.3_3/
189 4 passed: reg_full_MCAR_0.5_1/
189 28 passed: reg_full_MCAR_0.5_2/
189 52 passed: reg_full_MCAR_0.5_3/
189 9 passed: reg_full_MNAR_0.01_1/
189 33 passed: reg_full_MNAR_0.01_2/
189 57 passed: reg_full_MNAR_0.01_3/
189 10 passed: reg_full_MNAR_0.1_1/
189 34 passed: reg_full_MNAR_0.1_2/
189 58 passed: reg_full_MNAR_0.1_3/
189 11 passed: reg_full_MNAR_0.3_1/
189 35 passed: reg_full_MNAR_0.3_2/
189 59 passed: reg_full_MNAR_0.3_3/
189 12 passed: reg_full_MNAR_0.5_1/
189 36 passed: reg_full_MNAR_0.5_2/
189 60 passed: reg_full_MNAR_0.5_3/
189 17 passed: reg_simple_MAR_0.01_1/
189 41 passed: reg_simple_MAR_0.01_2/
189 65 passed: reg_simple_MAR_0.01_3/
189 18 passed: reg_simple_MAR_0.1_1/
189 42 passed: reg_simple_MAR_0.1_2/
189 66 passed: reg_simple_MAR_0.1_3/
189 19 passed: reg_simple_MAR_0.3_1/
189 43 passed: reg_simple_MAR_0.3_2/
189 67 passed: reg_simple_MAR_0.3_3/
189 20 passed: reg_simple_MAR_0.5_1/
189 44 passed: reg_simple_MAR_0.5_2/
189 68 passed: reg_simple_MAR_0.5_3/
189 13 passed: reg_simple_MCAR_0.01_1/
189 37 passed: reg_simple_MCAR_0.01_2/
189 61 passed: reg_simple_MCAR_0.01_3/
189 14 passed: reg_simple_MCAR_0.1_1/
189 38 passed: reg_simple_MCAR_0.1_2/
189 62 passed: reg_simple_MCAR_0.1_3/
189 15 passed: reg_simple_MCAR_0.3_1/
189 39 passed: reg_simple_MCAR_0.3_2/
189 63 passed: reg_simple_MCAR_0.3_3/
189 16 passed: reg_simple_MCAR_0.5_1/
189 40 passed: reg_simple_MCAR_0.5_2/
189 64 passed: reg_simple_MCAR_0.5_3/
189 21 passed: reg_simple_MNAR_0.01_1/
189 45 passed: reg_simple_MNAR_0.01_2/
189 69 passed: reg_simple_MNAR_0.01_3/
189 22 passed: reg_simple_MNAR_0.1_1/
189 46 passed: reg_simple_MNAR_0.1_2/
189 70 passed: reg_simple_MNAR_0.1_3/
189 23 passed: reg_simple_MNAR_0.3_1/
189 47 passed: reg_simple_MNAR_0.3_2/
189 71 passed: reg_simple_MNAR_0.3_3/
189 24 passed: reg_simple_MNAR_0.5_1/
189 48 passed: reg_simple_MNAR_0.5_2/
189 72 passed: reg_simple_MNAR_0.5_3/
189complete
197 5 passed: reg_full_MAR_0.01_1/
197 29 passed: reg_full_MAR_0.01_2/
197 53 passed: reg_full_MAR_0.01_3/
197 6 passed: reg_full_MAR_0.1_1/
197 30 passed: reg_full_MAR_0.1_2/
197 54 passed: reg_full_MAR_0.1_3/
197 7 passed: reg_full_MAR_0.3_1/
197 31 passed: reg_full_MAR_0.3_2/
197 55 passed: reg_full_MAR_0.3_3/
197 8 passed: reg_full_MAR_0.5_1/
197 32 passed: reg_full_MAR_0.5_2/
197 56 passed: reg_full_MAR_0.5_3/
197 1 passed: reg_full_MCAR_0.01_1/
197 25 passed: reg_full_MCAR_0.01_2/
197 49 passed: reg_full_MCAR_0.01_3/
197 2 passed: reg_full_MCAR_0.1_1/
197 26 passed: reg_full_MCAR_0.1_2/
197 50 passed: reg_full_MCAR_0.1_3/
197 3 passed: reg_full_MCAR_0.3_1/
197 27 passed: reg_full_MCAR_0.3_2/
197 51 passed: reg_full_MCAR_0.3_3/
197 4 passed: reg_full_MCAR_0.5_1/
197 28 passed: reg_full_MCAR_0.5_2/
197 52 passed: reg_full_MCAR_0.5_3/
197 9 passed: reg_full_MNAR_0.01_1/
197 33 passed: reg_full_MNAR_0.01_2/
197 57 passed: reg_full_MNAR_0.01_3/
197 10 passed: reg_full_MNAR_0.1_1/
197 34 passed: reg_full_MNAR_0.1_2/
197 58 passed: reg_full_MNAR_0.1_3/
197 11 passed: reg_full_MNAR_0.3_1/
197 35 passed: reg_full_MNAR_0.3_2/
197 59 passed: reg_full_MNAR_0.3_3/
197 12 passed: reg_full_MNAR_0.5_1/
197 36 passed: reg_full_MNAR_0.5_2/
197 60 passed: reg_full_MNAR_0.5_3/
197 17 passed: reg_simple_MAR_0.01_1/
197 41 passed: reg_simple_MAR_0.01_2/
197 65 passed: reg_simple_MAR_0.01_3/
197 18 passed: reg_simple_MAR_0.1_1/
197 42 passed: reg_simple_MAR_0.1_2/
197 66 passed: reg_simple_MAR_0.1_3/
197 19 passed: reg_simple_MAR_0.3_1/
197 43 passed: reg_simple_MAR_0.3_2/
197 67 passed: reg_simple_MAR_0.3_3/
197 20 passed: reg_simple_MAR_0.5_1/
197 44 passed: reg_simple_MAR_0.5_2/
197 68 passed: reg_simple_MAR_0.5_3/
197 13 passed: reg_simple_MCAR_0.01_1/
197 37 passed: reg_simple_MCAR_0.01_2/
197 61 passed: reg_simple_MCAR_0.01_3/
197 14 passed: reg_simple_MCAR_0.1_1/
197 38 passed: reg_simple_MCAR_0.1_2/
197 62 passed: reg_simple_MCAR_0.1_3/
197 15 passed: reg_simple_MCAR_0.3_1/
197 39 passed: reg_simple_MCAR_0.3_2/
197 63 passed: reg_simple_MCAR_0.3_3/
197 16 passed: reg_simple_MCAR_0.5_1/
197 40 passed: reg_simple_MCAR_0.5_2/
197 64 passed: reg_simple_MCAR_0.5_3/
197 21 passed: reg_simple_MNAR_0.01_1/
197 45 passed: reg_simple_MNAR_0.01_2/
197 69 passed: reg_simple_MNAR_0.01_3/
197 22 passed: reg_simple_MNAR_0.1_1/
197 46 passed: reg_simple_MNAR_0.1_2/
197 70 passed: reg_simple_MNAR_0.1_3/
197 23 passed: reg_simple_MNAR_0.3_1/
197 47 passed: reg_simple_MNAR_0.3_2/
197 71 passed: reg_simple_MNAR_0.3_3/
197 24 passed: reg_simple_MNAR_0.5_1/
197 48 passed: reg_simple_MNAR_0.5_2/
197 72 passed: reg_simple_MNAR_0.5_3/
197complete
198 5 passed: reg_full_MAR_0.01_1/
198 29 passed: reg_full_MAR_0.01_2/
198 53 passed: reg_full_MAR_0.01_3/
198 6 passed: reg_full_MAR_0.1_1/
198 30 passed: reg_full_MAR_0.1_2/
198 54 passed: reg_full_MAR_0.1_3/
198 7 passed: reg_full_MAR_0.3_1/
198 31 passed: reg_full_MAR_0.3_2/
198 55 passed: reg_full_MAR_0.3_3/
198 8 passed: reg_full_MAR_0.5_1/
198 32 passed: reg_full_MAR_0.5_2/
198 56 passed: reg_full_MAR_0.5_3/
198 1 passed: reg_full_MCAR_0.01_1/
198 25 passed: reg_full_MCAR_0.01_2/
198 49 passed: reg_full_MCAR_0.01_3/
198 2 passed: reg_full_MCAR_0.1_1/
198 26 passed: reg_full_MCAR_0.1_2/
198 50 passed: reg_full_MCAR_0.1_3/
198 3 passed: reg_full_MCAR_0.3_1/
198 27 passed: reg_full_MCAR_0.3_2/
198 51 passed: reg_full_MCAR_0.3_3/
198 4 passed: reg_full_MCAR_0.5_1/
198 28 passed: reg_full_MCAR_0.5_2/
198 52 passed: reg_full_MCAR_0.5_3/
198 9 passed: reg_full_MNAR_0.01_1/
198 33 passed: reg_full_MNAR_0.01_2/
198 57 passed: reg_full_MNAR_0.01_3/
198 10 passed: reg_full_MNAR_0.1_1/
198 34 passed: reg_full_MNAR_0.1_2/
198 58 passed: reg_full_MNAR_0.1_3/
198 11 passed: reg_full_MNAR_0.3_1/
198 35 passed: reg_full_MNAR_0.3_2/
198 59 passed: reg_full_MNAR_0.3_3/
198 12 passed: reg_full_MNAR_0.5_1/
198 36 passed: reg_full_MNAR_0.5_2/
198 60 passed: reg_full_MNAR_0.5_3/
198 17 passed: reg_simple_MAR_0.01_1/
198 41 passed: reg_simple_MAR_0.01_2/
198 65 passed: reg_simple_MAR_0.01_3/
198 18 passed: reg_simple_MAR_0.1_1/
198 42 passed: reg_simple_MAR_0.1_2/
198 66 passed: reg_simple_MAR_0.1_3/
198 19 passed: reg_simple_MAR_0.3_1/
198 43 passed: reg_simple_MAR_0.3_2/
198 67 passed: reg_simple_MAR_0.3_3/
198 20 passed: reg_simple_MAR_0.5_1/
198 44 passed: reg_simple_MAR_0.5_2/
198 68 passed: reg_simple_MAR_0.5_3/
198 13 passed: reg_simple_MCAR_0.01_1/
198 37 passed: reg_simple_MCAR_0.01_2/
198 61 passed: reg_simple_MCAR_0.01_3/
198 14 passed: reg_simple_MCAR_0.1_1/
198 38 passed: reg_simple_MCAR_0.1_2/
198 62 passed: reg_simple_MCAR_0.1_3/
198 15 passed: reg_simple_MCAR_0.3_1/
198 39 passed: reg_simple_MCAR_0.3_2/
198 63 passed: reg_simple_MCAR_0.3_3/
198 16 passed: reg_simple_MCAR_0.5_1/
198 40 passed: reg_simple_MCAR_0.5_2/
198 64 passed: reg_simple_MCAR_0.5_3/
198 21 passed: reg_simple_MNAR_0.01_1/
198 45 passed: reg_simple_MNAR_0.01_2/
198 69 passed: reg_simple_MNAR_0.01_3/
198 22 passed: reg_simple_MNAR_0.1_1/
198 46 passed: reg_simple_MNAR_0.1_2/
198 70 passed: reg_simple_MNAR_0.1_3/
198 23 passed: reg_simple_MNAR_0.3_1/
198 47 passed: reg_simple_MNAR_0.3_2/
198 71 passed: reg_simple_MNAR_0.3_3/
198 24 passed: reg_simple_MNAR_0.5_1/
198 48 passed: reg_simple_MNAR_0.5_2/
198 72 passed: reg_simple_MNAR_0.5_3/
198complete
215 5 passed: reg_full_MAR_0.01_1/
215 29 passed: reg_full_MAR_0.01_2/
215 53 passed: reg_full_MAR_0.01_3/
215 6 passed: reg_full_MAR_0.1_1/
215 30 passed: reg_full_MAR_0.1_2/
215 54 passed: reg_full_MAR_0.1_3/
215 7 passed: reg_full_MAR_0.3_1/
215 31 passed: reg_full_MAR_0.3_2/
215 55 passed: reg_full_MAR_0.3_3/
215 8 passed: reg_full_MAR_0.5_1/
215 32 passed: reg_full_MAR_0.5_2/
215 56 passed: reg_full_MAR_0.5_3/
215 1 passed: reg_full_MCAR_0.01_1/
215 25 passed: reg_full_MCAR_0.01_2/
215 49 passed: reg_full_MCAR_0.01_3/
215 2 passed: reg_full_MCAR_0.1_1/
215 26 passed: reg_full_MCAR_0.1_2/
215 50 passed: reg_full_MCAR_0.1_3/
215 3 passed: reg_full_MCAR_0.3_1/
215 27 passed: reg_full_MCAR_0.3_2/
215 51 passed: reg_full_MCAR_0.3_3/
215 4 passed: reg_full_MCAR_0.5_1/
215 28 passed: reg_full_MCAR_0.5_2/
215 52 passed: reg_full_MCAR_0.5_3/
215 9 passed: reg_full_MNAR_0.01_1/
215 33 passed: reg_full_MNAR_0.01_2/
215 57 passed: reg_full_MNAR_0.01_3/
215 10 passed: reg_full_MNAR_0.1_1/
215 34 passed: reg_full_MNAR_0.1_2/
215 58 passed: reg_full_MNAR_0.1_3/
215 11 passed: reg_full_MNAR_0.3_1/
215 35 passed: reg_full_MNAR_0.3_2/
215 59 passed: reg_full_MNAR_0.3_3/
215 12 passed: reg_full_MNAR_0.5_1/
215 36 passed: reg_full_MNAR_0.5_2/
215 60 passed: reg_full_MNAR_0.5_3/
215 17 passed: reg_simple_MAR_0.01_1/
215 41 passed: reg_simple_MAR_0.01_2/
215 65 passed: reg_simple_MAR_0.01_3/
215 18 passed: reg_simple_MAR_0.1_1/
215 42 passed: reg_simple_MAR_0.1_2/
215 66 passed: reg_simple_MAR_0.1_3/
215 19 passed: reg_simple_MAR_0.3_1/
215 43 passed: reg_simple_MAR_0.3_2/
215 67 passed: reg_simple_MAR_0.3_3/
215 20 passed: reg_simple_MAR_0.5_1/
215 44 passed: reg_simple_MAR_0.5_2/
215 68 passed: reg_simple_MAR_0.5_3/
215 13 passed: reg_simple_MCAR_0.01_1/
215 37 passed: reg_simple_MCAR_0.01_2/
215 61 passed: reg_simple_MCAR_0.01_3/
215 14 passed: reg_simple_MCAR_0.1_1/
215 38 passed: reg_simple_MCAR_0.1_2/
215 62 passed: reg_simple_MCAR_0.1_3/
215 15 passed: reg_simple_MCAR_0.3_1/
215 39 passed: reg_simple_MCAR_0.3_2/
215 63 passed: reg_simple_MCAR_0.3_3/
215 16 passed: reg_simple_MCAR_0.5_1/
215 40 passed: reg_simple_MCAR_0.5_2/
215 64 passed: reg_simple_MCAR_0.5_3/
215 21 passed: reg_simple_MNAR_0.01_1/
215 45 passed: reg_simple_MNAR_0.01_2/
215 69 passed: reg_simple_MNAR_0.01_3/
215 22 passed: reg_simple_MNAR_0.1_1/
215 46 passed: reg_simple_MNAR_0.1_2/
215 70 passed: reg_simple_MNAR_0.1_3/
215 23 passed: reg_simple_MNAR_0.3_1/
215 47 passed: reg_simple_MNAR_0.3_2/
215 71 passed: reg_simple_MNAR_0.3_3/
215 24 passed: reg_simple_MNAR_0.5_1/
215 48 passed: reg_simple_MNAR_0.5_2/
215 72 passed: reg_simple_MNAR_0.5_3/
215complete
216 5 passed: reg_full_MAR_0.01_1/
216 29 failed: reg_full_MAR_0.01_2/
[Errno 2] No such file or directory: '/common/ketrong/tpotexp/tpot2/ImputerExperiments/data/r/216/reg_full_MAR_0.01_2/tpot_space_scores.pkl'
Traceback (most recent call last):
  File "/common/ketrong/tpotexp/tpot2/ImputerExperiments/Locally_run_code/viewreg.py", line 270, in <module>
    with open(imputepath + 'tpot_space_scores.pkl', 'rb') as file:
FileNotFoundError: [Errno 2] No such file or directory: '/common/ketrong/tpotexp/tpot2/ImputerExperiments/data/r/216/reg_full_MAR_0.01_2/tpot_space_scores.pkl'

216 53 passed: reg_full_MAR_0.01_3/
216 6 passed: reg_full_MAR_0.1_1/
216 30 passed: reg_full_MAR_0.1_2/
216 54 passed: reg_full_MAR_0.1_3/
216 7 passed: reg_full_MAR_0.3_1/
216 31 passed: reg_full_MAR_0.3_2/
216 55 passed: reg_full_MAR_0.3_3/
216 8 passed: reg_full_MAR_0.5_1/
216 32 passed: reg_full_MAR_0.5_2/
216 56 passed: reg_full_MAR_0.5_3/
216 1 passed: reg_full_MCAR_0.01_1/
216 25 passed: reg_full_MCAR_0.01_2/
216 49 passed: reg_full_MCAR_0.01_3/
216 2 passed: reg_full_MCAR_0.1_1/
216 26 passed: reg_full_MCAR_0.1_2/
216 50 passed: reg_full_MCAR_0.1_3/
216 3 passed: reg_full_MCAR_0.3_1/
216 27 passed: reg_full_MCAR_0.3_2/
216 51 passed: reg_full_MCAR_0.3_3/
216 4 passed: reg_full_MCAR_0.5_1/
216 28 passed: reg_full_MCAR_0.5_2/
216 52 passed: reg_full_MCAR_0.5_3/
216 9 failed: reg_full_MNAR_0.01_1/
[Errno 2] No such file or directory: '/common/ketrong/tpotexp/tpot2/ImputerExperiments/data/r/216/reg_full_MNAR_0.01_1/all_scores.pkl'
Traceback (most recent call last):
  File "/common/ketrong/tpotexp/tpot2/ImputerExperiments/Locally_run_code/viewreg.py", line 265, in <module>
    with open(normalpath + 'all_scores.pkl', 'rb') as file:
FileNotFoundError: [Errno 2] No such file or directory: '/common/ketrong/tpotexp/tpot2/ImputerExperiments/data/r/216/reg_full_MNAR_0.01_1/all_scores.pkl'

216 33 passed: reg_full_MNAR_0.01_2/
216 57 passed: reg_full_MNAR_0.01_3/
216 10 passed: reg_full_MNAR_0.1_1/
216 34 passed: reg_full_MNAR_0.1_2/
216 58 passed: reg_full_MNAR_0.1_3/
216 11 passed: reg_full_MNAR_0.3_1/
216 35 passed: reg_full_MNAR_0.3_2/
216 59 passed: reg_full_MNAR_0.3_3/
216 12 passed: reg_full_MNAR_0.5_1/
216 36 passed: reg_full_MNAR_0.5_2/
216 60 passed: reg_full_MNAR_0.5_3/
216 17 passed: reg_simple_MAR_0.01_1/
216 41 passed: reg_simple_MAR_0.01_2/
216 65 passed: reg_simple_MAR_0.01_3/
216 18 passed: reg_simple_MAR_0.1_1/
216 42 passed: reg_simple_MAR_0.1_2/
216 66 passed: reg_simple_MAR_0.1_3/
216 19 passed: reg_simple_MAR_0.3_1/
216 43 passed: reg_simple_MAR_0.3_2/
216 67 passed: reg_simple_MAR_0.3_3/
216 20 passed: reg_simple_MAR_0.5_1/
216 44 passed: reg_simple_MAR_0.5_2/
216 68 passed: reg_simple_MAR_0.5_3/
216 13 passed: reg_simple_MCAR_0.01_1/
216 37 passed: reg_simple_MCAR_0.01_2/
216 61 passed: reg_simple_MCAR_0.01_3/
216 14 passed: reg_simple_MCAR_0.1_1/
216 38 passed: reg_simple_MCAR_0.1_2/
216 62 passed: reg_simple_MCAR_0.1_3/
216 15 passed: reg_simple_MCAR_0.3_1/
216 39 passed: reg_simple_MCAR_0.3_2/
216 63 passed: reg_simple_MCAR_0.3_3/
216 16 passed: reg_simple_MCAR_0.5_1/
216 40 passed: reg_simple_MCAR_0.5_2/
216 64 passed: reg_simple_MCAR_0.5_3/
216 21 passed: reg_simple_MNAR_0.01_1/
216 45 passed: reg_simple_MNAR_0.01_2/
216 69 passed: reg_simple_MNAR_0.01_3/
216 22 passed: reg_simple_MNAR_0.1_1/
216 46 passed: reg_simple_MNAR_0.1_2/
216 70 passed: reg_simple_MNAR_0.1_3/
216 23 passed: reg_simple_MNAR_0.3_1/
216 47 passed: reg_simple_MNAR_0.3_2/
216 71 passed: reg_simple_MNAR_0.3_3/
216 24 passed: reg_simple_MNAR_0.5_1/
216 48 passed: reg_simple_MNAR_0.5_2/
216 72 passed: reg_simple_MNAR_0.5_3/
216complete
218 5 passed: reg_full_MAR_0.01_1/
218 29 passed: reg_full_MAR_0.01_2/
218 53 passed: reg_full_MAR_0.01_3/
218 6 passed: reg_full_MAR_0.1_1/
218 30 passed: reg_full_MAR_0.1_2/
218 54 passed: reg_full_MAR_0.1_3/
218 7 passed: reg_full_MAR_0.3_1/
218 31 passed: reg_full_MAR_0.3_2/
218 55 passed: reg_full_MAR_0.3_3/
218 8 passed: reg_full_MAR_0.5_1/
218 32 passed: reg_full_MAR_0.5_2/
218 56 passed: reg_full_MAR_0.5_3/
218 1 passed: reg_full_MCAR_0.01_1/
218 25 passed: reg_full_MCAR_0.01_2/
218 49 passed: reg_full_MCAR_0.01_3/
218 2 passed: reg_full_MCAR_0.1_1/
218 26 passed: reg_full_MCAR_0.1_2/
218 50 passed: reg_full_MCAR_0.1_3/
218 3 passed: reg_full_MCAR_0.3_1/
218 27 passed: reg_full_MCAR_0.3_2/
218 51 passed: reg_full_MCAR_0.3_3/
218 4 passed: reg_full_MCAR_0.5_1/
218 28 passed: reg_full_MCAR_0.5_2/
218 52 passed: reg_full_MCAR_0.5_3/
218 9 passed: reg_full_MNAR_0.01_1/
218 33 passed: reg_full_MNAR_0.01_2/
218 57 passed: reg_full_MNAR_0.01_3/
218 10 passed: reg_full_MNAR_0.1_1/
218 34 passed: reg_full_MNAR_0.1_2/
218 58 passed: reg_full_MNAR_0.1_3/
218 11 passed: reg_full_MNAR_0.3_1/
218 35 passed: reg_full_MNAR_0.3_2/
218 59 passed: reg_full_MNAR_0.3_3/
218 12 passed: reg_full_MNAR_0.5_1/
218 36 passed: reg_full_MNAR_0.5_2/
218 60 passed: reg_full_MNAR_0.5_3/
218 17 passed: reg_simple_MAR_0.01_1/
218 41 passed: reg_simple_MAR_0.01_2/
218 65 passed: reg_simple_MAR_0.01_3/
218 18 passed: reg_simple_MAR_0.1_1/
218 42 passed: reg_simple_MAR_0.1_2/
218 66 passed: reg_simple_MAR_0.1_3/
218 19 passed: reg_simple_MAR_0.3_1/
218 43 passed: reg_simple_MAR_0.3_2/
218 67 passed: reg_simple_MAR_0.3_3/
218 20 passed: reg_simple_MAR_0.5_1/
218 44 passed: reg_simple_MAR_0.5_2/
218 68 passed: reg_simple_MAR_0.5_3/
218 13 passed: reg_simple_MCAR_0.01_1/
218 37 passed: reg_simple_MCAR_0.01_2/
218 61 passed: reg_simple_MCAR_0.01_3/
218 14 passed: reg_simple_MCAR_0.1_1/
218 38 passed: reg_simple_MCAR_0.1_2/
218 62 passed: reg_simple_MCAR_0.1_3/
218 15 passed: reg_simple_MCAR_0.3_1/
218 39 passed: reg_simple_MCAR_0.3_2/
218 63 passed: reg_simple_MCAR_0.3_3/
218 16 passed: reg_simple_MCAR_0.5_1/
218 40 passed: reg_simple_MCAR_0.5_2/
218 64 passed: reg_simple_MCAR_0.5_3/
218 21 passed: reg_simple_MNAR_0.01_1/
218 45 passed: reg_simple_MNAR_0.01_2/
218 69 passed: reg_simple_MNAR_0.01_3/
218 22 passed: reg_simple_MNAR_0.1_1/
218 46 passed: reg_simple_MNAR_0.1_2/
218 70 passed: reg_simple_MNAR_0.1_3/
218 23 passed: reg_simple_MNAR_0.3_1/
218 47 passed: reg_simple_MNAR_0.3_2/
218 71 passed: reg_simple_MNAR_0.3_3/
218 24 passed: reg_simple_MNAR_0.5_1/
218 48 passed: reg_simple_MNAR_0.5_2/
218 72 passed: reg_simple_MNAR_0.5_3/
218complete
1193 5 passed: reg_full_MAR_0.01_1/
1193 29 passed: reg_full_MAR_0.01_2/
1193 53 passed: reg_full_MAR_0.01_3/
1193 6 passed: reg_full_MAR_0.1_1/
1193 30 passed: reg_full_MAR_0.1_2/
1193 54 passed: reg_full_MAR_0.1_3/
1193 7 passed: reg_full_MAR_0.3_1/
1193 31 passed: reg_full_MAR_0.3_2/
1193 55 passed: reg_full_MAR_0.3_3/
1193 8 passed: reg_full_MAR_0.5_1/
1193 32 passed: reg_full_MAR_0.5_2/
1193 56 passed: reg_full_MAR_0.5_3/
1193 1 passed: reg_full_MCAR_0.01_1/
1193 25 passed: reg_full_MCAR_0.01_2/
1193 49 passed: reg_full_MCAR_0.01_3/
1193 2 passed: reg_full_MCAR_0.1_1/
1193 26 passed: reg_full_MCAR_0.1_2/
1193 50 passed: reg_full_MCAR_0.1_3/
1193 3 passed: reg_full_MCAR_0.3_1/
1193 27 passed: reg_full_MCAR_0.3_2/
1193 51 passed: reg_full_MCAR_0.3_3/
1193 4 passed: reg_full_MCAR_0.5_1/
1193 28 passed: reg_full_MCAR_0.5_2/
1193 52 passed: reg_full_MCAR_0.5_3/
1193 9 passed: reg_full_MNAR_0.01_1/
1193 33 passed: reg_full_MNAR_0.01_2/
1193 57 passed: reg_full_MNAR_0.01_3/
1193 10 passed: reg_full_MNAR_0.1_1/
1193 34 passed: reg_full_MNAR_0.1_2/
1193 58 passed: reg_full_MNAR_0.1_3/
1193 11 passed: reg_full_MNAR_0.3_1/
1193 35 passed: reg_full_MNAR_0.3_2/
1193 59 passed: reg_full_MNAR_0.3_3/
1193 12 passed: reg_full_MNAR_0.5_1/
1193 36 passed: reg_full_MNAR_0.5_2/
1193 60 passed: reg_full_MNAR_0.5_3/
1193 17 passed: reg_simple_MAR_0.01_1/
1193 41 passed: reg_simple_MAR_0.01_2/
1193 65 passed: reg_simple_MAR_0.01_3/
1193 18 passed: reg_simple_MAR_0.1_1/
1193 42 passed: reg_simple_MAR_0.1_2/
1193 66 passed: reg_simple_MAR_0.1_3/
1193 19 passed: reg_simple_MAR_0.3_1/
1193 43 passed: reg_simple_MAR_0.3_2/
1193 67 passed: reg_simple_MAR_0.3_3/
1193 20 passed: reg_simple_MAR_0.5_1/
1193 44 passed: reg_simple_MAR_0.5_2/
1193 68 passed: reg_simple_MAR_0.5_3/
1193 13 passed: reg_simple_MCAR_0.01_1/
1193 37 passed: reg_simple_MCAR_0.01_2/
1193 61 passed: reg_simple_MCAR_0.01_3/
1193 14 passed: reg_simple_MCAR_0.1_1/
1193 38 passed: reg_simple_MCAR_0.1_2/
1193 62 passed: reg_simple_MCAR_0.1_3/
1193 15 passed: reg_simple_MCAR_0.3_1/
1193 39 passed: reg_simple_MCAR_0.3_2/
1193 63 passed: reg_simple_MCAR_0.3_3/
1193 16 passed: reg_simple_MCAR_0.5_1/
1193 40 passed: reg_simple_MCAR_0.5_2/
1193 64 passed: reg_simple_MCAR_0.5_3/
1193 21 passed: reg_simple_MNAR_0.01_1/
1193 45 passed: reg_simple_MNAR_0.01_2/
1193 69 passed: reg_simple_MNAR_0.01_3/
1193 22 passed: reg_simple_MNAR_0.1_1/
1193 46 passed: reg_simple_MNAR_0.1_2/
1193 70 passed: reg_simple_MNAR_0.1_3/
1193 23 passed: reg_simple_MNAR_0.3_1/
1193 47 passed: reg_simple_MNAR_0.3_2/
1193 71 passed: reg_simple_MNAR_0.3_3/
1193 24 passed: reg_simple_MNAR_0.5_1/
1193 48 passed: reg_simple_MNAR_0.5_2/
1193 72 passed: reg_simple_MNAR_0.5_3/
1193complete
1199 5 passed: reg_full_MAR_0.01_1/
1199 29 passed: reg_full_MAR_0.01_2/
1199 53 passed: reg_full_MAR_0.01_3/
1199 6 passed: reg_full_MAR_0.1_1/
1199 30 passed: reg_full_MAR_0.1_2/
1199 54 passed: reg_full_MAR_0.1_3/
1199 7 passed: reg_full_MAR_0.3_1/
1199 31 passed: reg_full_MAR_0.3_2/
1199 55 passed: reg_full_MAR_0.3_3/
1199 8 passed: reg_full_MAR_0.5_1/
1199 32 passed: reg_full_MAR_0.5_2/
1199 56 passed: reg_full_MAR_0.5_3/
1199 1 passed: reg_full_MCAR_0.01_1/
1199 25 passed: reg_full_MCAR_0.01_2/
1199 49 passed: reg_full_MCAR_0.01_3/
1199 2 passed: reg_full_MCAR_0.1_1/
1199 26 passed: reg_full_MCAR_0.1_2/
1199 50 passed: reg_full_MCAR_0.1_3/
1199 3 passed: reg_full_MCAR_0.3_1/
1199 27 passed: reg_full_MCAR_0.3_2/
1199 51 passed: reg_full_MCAR_0.3_3/
1199 4 passed: reg_full_MCAR_0.5_1/
1199 28 passed: reg_full_MCAR_0.5_2/
1199 52 passed: reg_full_MCAR_0.5_3/
1199 9 passed: reg_full_MNAR_0.01_1/
1199 33 passed: reg_full_MNAR_0.01_2/
1199 57 passed: reg_full_MNAR_0.01_3/
1199 10 passed: reg_full_MNAR_0.1_1/
1199 34 passed: reg_full_MNAR_0.1_2/
1199 58 passed: reg_full_MNAR_0.1_3/
1199 11 passed: reg_full_MNAR_0.3_1/
1199 35 passed: reg_full_MNAR_0.3_2/
1199 59 passed: reg_full_MNAR_0.3_3/
1199 12 passed: reg_full_MNAR_0.5_1/
1199 36 passed: reg_full_MNAR_0.5_2/
1199 60 passed: reg_full_MNAR_0.5_3/
1199 17 passed: reg_simple_MAR_0.01_1/
1199 41 passed: reg_simple_MAR_0.01_2/
1199 65 passed: reg_simple_MAR_0.01_3/
1199 18 passed: reg_simple_MAR_0.1_1/
1199 42 passed: reg_simple_MAR_0.1_2/
1199 66 passed: reg_simple_MAR_0.1_3/
1199 19 passed: reg_simple_MAR_0.3_1/
1199 43 passed: reg_simple_MAR_0.3_2/
1199 67 passed: reg_simple_MAR_0.3_3/
1199 20 passed: reg_simple_MAR_0.5_1/
1199 44 passed: reg_simple_MAR_0.5_2/
1199 68 passed: reg_simple_MAR_0.5_3/
1199 13 passed: reg_simple_MCAR_0.01_1/
1199 37 passed: reg_simple_MCAR_0.01_2/
1199 61 passed: reg_simple_MCAR_0.01_3/
1199 14 passed: reg_simple_MCAR_0.1_1/
1199 38 passed: reg_simple_MCAR_0.1_2/
1199 62 passed: reg_simple_MCAR_0.1_3/
1199 15 passed: reg_simple_MCAR_0.3_1/
1199 39 passed: reg_simple_MCAR_0.3_2/
1199 63 passed: reg_simple_MCAR_0.3_3/
1199 16 passed: reg_simple_MCAR_0.5_1/
1199 40 passed: reg_simple_MCAR_0.5_2/
1199 64 passed: reg_simple_MCAR_0.5_3/
1199 21 passed: reg_simple_MNAR_0.01_1/
1199 45 passed: reg_simple_MNAR_0.01_2/
1199 69 passed: reg_simple_MNAR_0.01_3/
1199 22 passed: reg_simple_MNAR_0.1_1/
1199 46 passed: reg_simple_MNAR_0.1_2/
1199 70 passed: reg_simple_MNAR_0.1_3/
1199 23 passed: reg_simple_MNAR_0.3_1/
1199 47 passed: reg_simple_MNAR_0.3_2/
1199 71 passed: reg_simple_MNAR_0.3_3/
1199 24 passed: reg_simple_MNAR_0.5_1/
1199 48 passed: reg_simple_MNAR_0.5_2/
1199 72 passed: reg_simple_MNAR_0.5_3/
1199complete
1200 5 passed: reg_full_MAR_0.01_1/
1200 29 failed: reg_full_MAR_0.01_2/
[Errno 2] No such file or directory: '/common/ketrong/tpotexp/tpot2/ImputerExperiments/data/r/1200/reg_full_MAR_0.01_2/all_scores.pkl'
Traceback (most recent call last):
  File "/common/ketrong/tpotexp/tpot2/ImputerExperiments/Locally_run_code/viewreg.py", line 265, in <module>
    with open(normalpath + 'all_scores.pkl', 'rb') as file:
FileNotFoundError: [Errno 2] No such file or directory: '/common/ketrong/tpotexp/tpot2/ImputerExperiments/data/r/1200/reg_full_MAR_0.01_2/all_scores.pkl'

1200 53 failed: reg_full_MAR_0.01_3/
[Errno 2] No such file or directory: '/common/ketrong/tpotexp/tpot2/ImputerExperiments/data/r/1200/reg_full_MAR_0.01_3/all_scores.pkl'
Traceback (most recent call last):
  File "/common/ketrong/tpotexp/tpot2/ImputerExperiments/Locally_run_code/viewreg.py", line 265, in <module>
    with open(normalpath + 'all_scores.pkl', 'rb') as file:
FileNotFoundError: [Errno 2] No such file or directory: '/common/ketrong/tpotexp/tpot2/ImputerExperiments/data/r/1200/reg_full_MAR_0.01_3/all_scores.pkl'

1200 6 passed: reg_full_MAR_0.1_1/
1200 30 failed: reg_full_MAR_0.1_2/
[Errno 2] No such file or directory: '/common/ketrong/tpotexp/tpot2/ImputerExperiments/data/r/1200/reg_full_MAR_0.1_2/all_scores.pkl'
Traceback (most recent call last):
  File "/common/ketrong/tpotexp/tpot2/ImputerExperiments/Locally_run_code/viewreg.py", line 265, in <module>
    with open(normalpath + 'all_scores.pkl', 'rb') as file:
FileNotFoundError: [Errno 2] No such file or directory: '/common/ketrong/tpotexp/tpot2/ImputerExperiments/data/r/1200/reg_full_MAR_0.1_2/all_scores.pkl'

1200 54 passed: reg_full_MAR_0.1_3/
1200 7 failed: reg_full_MAR_0.3_1/
[Errno 2] No such file or directory: '/common/ketrong/tpotexp/tpot2/ImputerExperiments/data/r/1200/reg_full_MAR_0.3_1/all_scores.pkl'
Traceback (most recent call last):
  File "/common/ketrong/tpotexp/tpot2/ImputerExperiments/Locally_run_code/viewreg.py", line 265, in <module>
    with open(normalpath + 'all_scores.pkl', 'rb') as file:
FileNotFoundError: [Errno 2] No such file or directory: '/common/ketrong/tpotexp/tpot2/ImputerExperiments/data/r/1200/reg_full_MAR_0.3_1/all_scores.pkl'

1200 31 passed: reg_full_MAR_0.3_2/
1200 55 passed: reg_full_MAR_0.3_3/
1200 8 passed: reg_full_MAR_0.5_1/
1200 32 passed: reg_full_MAR_0.5_2/
1200 56 passed: reg_full_MAR_0.5_3/
1200 1 passed: reg_full_MCAR_0.01_1/
1200 25 passed: reg_full_MCAR_0.01_2/
1200 49 passed: reg_full_MCAR_0.01_3/
1200 2 failed: reg_full_MCAR_0.1_1/
[Errno 2] No such file or directory: '/common/ketrong/tpotexp/tpot2/ImputerExperiments/data/r/1200/reg_full_MCAR_0.1_1/all_scores.pkl'
Traceback (most recent call last):
  File "/common/ketrong/tpotexp/tpot2/ImputerExperiments/Locally_run_code/viewreg.py", line 265, in <module>
    with open(normalpath + 'all_scores.pkl', 'rb') as file:
FileNotFoundError: [Errno 2] No such file or directory: '/common/ketrong/tpotexp/tpot2/ImputerExperiments/data/r/1200/reg_full_MCAR_0.1_1/all_scores.pkl'

1200 26 passed: reg_full_MCAR_0.1_2/
1200 50 passed: reg_full_MCAR_0.1_3/
1200 3 passed: reg_full_MCAR_0.3_1/
1200 27 passed: reg_full_MCAR_0.3_2/
1200 51 passed: reg_full_MCAR_0.3_3/
1200 4 passed: reg_full_MCAR_0.5_1/
1200 28 passed: reg_full_MCAR_0.5_2/
1200 52 passed: reg_full_MCAR_0.5_3/
1200 9 passed: reg_full_MNAR_0.01_1/
1200 33 failed: reg_full_MNAR_0.01_2/
[Errno 2] No such file or directory: '/common/ketrong/tpotexp/tpot2/ImputerExperiments/data/r/1200/reg_full_MNAR_0.01_2/all_scores.pkl'
Traceback (most recent call last):
  File "/common/ketrong/tpotexp/tpot2/ImputerExperiments/Locally_run_code/viewreg.py", line 265, in <module>
    with open(normalpath + 'all_scores.pkl', 'rb') as file:
FileNotFoundError: [Errno 2] No such file or directory: '/common/ketrong/tpotexp/tpot2/ImputerExperiments/data/r/1200/reg_full_MNAR_0.01_2/all_scores.pkl'

1200 57 passed: reg_full_MNAR_0.01_3/
1200 10 passed: reg_full_MNAR_0.1_1/
1200 34 passed: reg_full_MNAR_0.1_2/
1200 58 passed: reg_full_MNAR_0.1_3/
1200 11 passed: reg_full_MNAR_0.3_1/
1200 35 passed: reg_full_MNAR_0.3_2/
1200 59 passed: reg_full_MNAR_0.3_3/
1200 12 passed: reg_full_MNAR_0.5_1/
1200 36 passed: reg_full_MNAR_0.5_2/
1200 60 passed: reg_full_MNAR_0.5_3/
1200 17 passed: reg_simple_MAR_0.01_1/
1200 41 passed: reg_simple_MAR_0.01_2/
1200 65 passed: reg_simple_MAR_0.01_3/
1200 18 passed: reg_simple_MAR_0.1_1/
1200 42 passed: reg_simple_MAR_0.1_2/
1200 66 passed: reg_simple_MAR_0.1_3/
1200 19 passed: reg_simple_MAR_0.3_1/
1200 43 passed: reg_simple_MAR_0.3_2/
1200 67 passed: reg_simple_MAR_0.3_3/
1200 20 passed: reg_simple_MAR_0.5_1/
1200 44 passed: reg_simple_MAR_0.5_2/
1200 68 passed: reg_simple_MAR_0.5_3/
1200 13 passed: reg_simple_MCAR_0.01_1/
1200 37 passed: reg_simple_MCAR_0.01_2/
1200 61 passed: reg_simple_MCAR_0.01_3/
1200 14 passed: reg_simple_MCAR_0.1_1/
1200 38 passed: reg_simple_MCAR_0.1_2/
1200 62 passed: reg_simple_MCAR_0.1_3/
1200 15 passed: reg_simple_MCAR_0.3_1/
1200 39 passed: reg_simple_MCAR_0.3_2/
1200 63 passed: reg_simple_MCAR_0.3_3/
1200 16 passed: reg_simple_MCAR_0.5_1/
1200 40 passed: reg_simple_MCAR_0.5_2/
1200 64 passed: reg_simple_MCAR_0.5_3/
1200 21 passed: reg_simple_MNAR_0.01_1/
1200 45 passed: reg_simple_MNAR_0.01_2/
1200 69 passed: reg_simple_MNAR_0.01_3/
1200 22 passed: reg_simple_MNAR_0.1_1/
1200 46 passed: reg_simple_MNAR_0.1_2/
1200 70 passed: reg_simple_MNAR_0.1_3/
1200 23 passed: reg_simple_MNAR_0.3_1/
1200 47 passed: reg_simple_MNAR_0.3_2/
1200 71 passed: reg_simple_MNAR_0.3_3/
1200 24 passed: reg_simple_MNAR_0.5_1/
1200 48 passed: reg_simple_MNAR_0.5_2/
1200 72 passed: reg_simple_MNAR_0.5_3/
1200complete
1213 5 failed: reg_full_MAR_0.01_1/
[Errno 2] No such file or directory: '/common/ketrong/tpotexp/tpot2/ImputerExperiments/data/r/1213/reg_full_MAR_0.01_1/all_scores.pkl'
Traceback (most recent call last):
  File "/common/ketrong/tpotexp/tpot2/ImputerExperiments/Locally_run_code/viewreg.py", line 265, in <module>
    with open(normalpath + 'all_scores.pkl', 'rb') as file:
FileNotFoundError: [Errno 2] No such file or directory: '/common/ketrong/tpotexp/tpot2/ImputerExperiments/data/r/1213/reg_full_MAR_0.01_1/all_scores.pkl'

1213 29 failed: reg_full_MAR_0.01_2/
[Errno 2] No such file or directory: '/common/ketrong/tpotexp/tpot2/ImputerExperiments/data/r/1213/reg_full_MAR_0.01_2/all_scores.pkl'
Traceback (most recent call last):
  File "/common/ketrong/tpotexp/tpot2/ImputerExperiments/Locally_run_code/viewreg.py", line 265, in <module>
    with open(normalpath + 'all_scores.pkl', 'rb') as file:
FileNotFoundError: [Errno 2] No such file or directory: '/common/ketrong/tpotexp/tpot2/ImputerExperiments/data/r/1213/reg_full_MAR_0.01_2/all_scores.pkl'

1213 53 failed: reg_full_MAR_0.01_3/
[Errno 2] No such file or directory: '/common/ketrong/tpotexp/tpot2/ImputerExperiments/data/r/1213/reg_full_MAR_0.01_3/all_scores.pkl'
Traceback (most recent call last):
  File "/common/ketrong/tpotexp/tpot2/ImputerExperiments/Locally_run_code/viewreg.py", line 265, in <module>
    with open(normalpath + 'all_scores.pkl', 'rb') as file:
FileNotFoundError: [Errno 2] No such file or directory: '/common/ketrong/tpotexp/tpot2/ImputerExperiments/data/r/1213/reg_full_MAR_0.01_3/all_scores.pkl'

1213 6 failed: reg_full_MAR_0.1_1/
[Errno 2] No such file or directory: '/common/ketrong/tpotexp/tpot2/ImputerExperiments/data/r/1213/reg_full_MAR_0.1_1/all_scores.pkl'
Traceback (most recent call last):
  File "/common/ketrong/tpotexp/tpot2/ImputerExperiments/Locally_run_code/viewreg.py", line 265, in <module>
    with open(normalpath + 'all_scores.pkl', 'rb') as file:
FileNotFoundError: [Errno 2] No such file or directory: '/common/ketrong/tpotexp/tpot2/ImputerExperiments/data/r/1213/reg_full_MAR_0.1_1/all_scores.pkl'

1213 30 failed: reg_full_MAR_0.1_2/
[Errno 2] No such file or directory: '/common/ketrong/tpotexp/tpot2/ImputerExperiments/data/r/1213/reg_full_MAR_0.1_2/all_scores.pkl'
Traceback (most recent call last):
  File "/common/ketrong/tpotexp/tpot2/ImputerExperiments/Locally_run_code/viewreg.py", line 265, in <module>
    with open(normalpath + 'all_scores.pkl', 'rb') as file:
FileNotFoundError: [Errno 2] No such file or directory: '/common/ketrong/tpotexp/tpot2/ImputerExperiments/data/r/1213/reg_full_MAR_0.1_2/all_scores.pkl'

1213 54 passed: reg_full_MAR_0.1_3/
1213 7 failed: reg_full_MAR_0.3_1/
[Errno 2] No such file or directory: '/common/ketrong/tpotexp/tpot2/ImputerExperiments/data/r/1213/reg_full_MAR_0.3_1/all_scores.pkl'
Traceback (most recent call last):
  File "/common/ketrong/tpotexp/tpot2/ImputerExperiments/Locally_run_code/viewreg.py", line 265, in <module>
    with open(normalpath + 'all_scores.pkl', 'rb') as file:
FileNotFoundError: [Errno 2] No such file or directory: '/common/ketrong/tpotexp/tpot2/ImputerExperiments/data/r/1213/reg_full_MAR_0.3_1/all_scores.pkl'

1213 31 passed: reg_full_MAR_0.3_2/
1213 55 failed: reg_full_MAR_0.3_3/
[Errno 2] No such file or directory: '/common/ketrong/tpotexp/tpot2/ImputerExperiments/data/r/1213/reg_full_MAR_0.3_3/all_scores.pkl'
Traceback (most recent call last):
  File "/common/ketrong/tpotexp/tpot2/ImputerExperiments/Locally_run_code/viewreg.py", line 265, in <module>
    with open(normalpath + 'all_scores.pkl', 'rb') as file:
FileNotFoundError: [Errno 2] No such file or directory: '/common/ketrong/tpotexp/tpot2/ImputerExperiments/data/r/1213/reg_full_MAR_0.3_3/all_scores.pkl'

1213 8 failed: reg_full_MAR_0.5_1/
[Errno 2] No such file or directory: '/common/ketrong/tpotexp/tpot2/ImputerExperiments/data/r/1213/reg_full_MAR_0.5_1/all_scores.pkl'
Traceback (most recent call last):
  File "/common/ketrong/tpotexp/tpot2/ImputerExperiments/Locally_run_code/viewreg.py", line 265, in <module>
    with open(normalpath + 'all_scores.pkl', 'rb') as file:
FileNotFoundError: [Errno 2] No such file or directory: '/common/ketrong/tpotexp/tpot2/ImputerExperiments/data/r/1213/reg_full_MAR_0.5_1/all_scores.pkl'

1213 32 failed: reg_full_MAR_0.5_2/
[Errno 2] No such file or directory: '/common/ketrong/tpotexp/tpot2/ImputerExperiments/data/r/1213/reg_full_MAR_0.5_2/all_scores.pkl'
Traceback (most recent call last):
  File "/common/ketrong/tpotexp/tpot2/ImputerExperiments/Locally_run_code/viewreg.py", line 265, in <module>
    with open(normalpath + 'all_scores.pkl', 'rb') as file:
FileNotFoundError: [Errno 2] No such file or directory: '/common/ketrong/tpotexp/tpot2/ImputerExperiments/data/r/1213/reg_full_MAR_0.5_2/all_scores.pkl'

1213 56 passed: reg_full_MAR_0.5_3/
1213 1 failed: reg_full_MCAR_0.01_1/
[Errno 2] No such file or directory: '/common/ketrong/tpotexp/tpot2/ImputerExperiments/data/r/1213/reg_full_MCAR_0.01_1/all_scores.pkl'
Traceback (most recent call last):
  File "/common/ketrong/tpotexp/tpot2/ImputerExperiments/Locally_run_code/viewreg.py", line 265, in <module>
    with open(normalpath + 'all_scores.pkl', 'rb') as file:
FileNotFoundError: [Errno 2] No such file or directory: '/common/ketrong/tpotexp/tpot2/ImputerExperiments/data/r/1213/reg_full_MCAR_0.01_1/all_scores.pkl'

1213 25 failed: reg_full_MCAR_0.01_2/
[Errno 2] No such file or directory: '/common/ketrong/tpotexp/tpot2/ImputerExperiments/data/r/1213/reg_full_MCAR_0.01_2/all_scores.pkl'
Traceback (most recent call last):
  File "/common/ketrong/tpotexp/tpot2/ImputerExperiments/Locally_run_code/viewreg.py", line 265, in <module>
    with open(normalpath + 'all_scores.pkl', 'rb') as file:
FileNotFoundError: [Errno 2] No such file or directory: '/common/ketrong/tpotexp/tpot2/ImputerExperiments/data/r/1213/reg_full_MCAR_0.01_2/all_scores.pkl'

1213 49 failed: reg_full_MCAR_0.01_3/
[Errno 2] No such file or directory: '/common/ketrong/tpotexp/tpot2/ImputerExperiments/data/r/1213/reg_full_MCAR_0.01_3/all_scores.pkl'
Traceback (most recent call last):
  File "/common/ketrong/tpotexp/tpot2/ImputerExperiments/Locally_run_code/viewreg.py", line 265, in <module>
    with open(normalpath + 'all_scores.pkl', 'rb') as file:
FileNotFoundError: [Errno 2] No such file or directory: '/common/ketrong/tpotexp/tpot2/ImputerExperiments/data/r/1213/reg_full_MCAR_0.01_3/all_scores.pkl'

1213 2 failed: reg_full_MCAR_0.1_1/
[Errno 2] No such file or directory: '/common/ketrong/tpotexp/tpot2/ImputerExperiments/data/r/1213/reg_full_MCAR_0.1_1/all_scores.pkl'
Traceback (most recent call last):
  File "/common/ketrong/tpotexp/tpot2/ImputerExperiments/Locally_run_code/viewreg.py", line 265, in <module>
    with open(normalpath + 'all_scores.pkl', 'rb') as file:
FileNotFoundError: [Errno 2] No such file or directory: '/common/ketrong/tpotexp/tpot2/ImputerExperiments/data/r/1213/reg_full_MCAR_0.1_1/all_scores.pkl'

1213 26 failed: reg_full_MCAR_0.1_2/
[Errno 2] No such file or directory: '/common/ketrong/tpotexp/tpot2/ImputerExperiments/data/r/1213/reg_full_MCAR_0.1_2/all_scores.pkl'
Traceback (most recent call last):
  File "/common/ketrong/tpotexp/tpot2/ImputerExperiments/Locally_run_code/viewreg.py", line 265, in <module>
    with open(normalpath + 'all_scores.pkl', 'rb') as file:
FileNotFoundError: [Errno 2] No such file or directory: '/common/ketrong/tpotexp/tpot2/ImputerExperiments/data/r/1213/reg_full_MCAR_0.1_2/all_scores.pkl'

1213 50 failed: reg_full_MCAR_0.1_3/
[Errno 2] No such file or directory: '/common/ketrong/tpotexp/tpot2/ImputerExperiments/data/r/1213/reg_full_MCAR_0.1_3/all_scores.pkl'
Traceback (most recent call last):
  File "/common/ketrong/tpotexp/tpot2/ImputerExperiments/Locally_run_code/viewreg.py", line 265, in <module>
    with open(normalpath + 'all_scores.pkl', 'rb') as file:
FileNotFoundError: [Errno 2] No such file or directory: '/common/ketrong/tpotexp/tpot2/ImputerExperiments/data/r/1213/reg_full_MCAR_0.1_3/all_scores.pkl'

1213 3 passed: reg_full_MCAR_0.3_1/
1213 27 passed: reg_full_MCAR_0.3_2/
1213 51 passed: reg_full_MCAR_0.3_3/
1213 4 passed: reg_full_MCAR_0.5_1/
1213 28 passed: reg_full_MCAR_0.5_2/
1213 52 passed: reg_full_MCAR_0.5_3/
1213 9 failed: reg_full_MNAR_0.01_1/
[Errno 2] No such file or directory: '/common/ketrong/tpotexp/tpot2/ImputerExperiments/data/r/1213/reg_full_MNAR_0.01_1/all_scores.pkl'
Traceback (most recent call last):
  File "/common/ketrong/tpotexp/tpot2/ImputerExperiments/Locally_run_code/viewreg.py", line 265, in <module>
    with open(normalpath + 'all_scores.pkl', 'rb') as file:
FileNotFoundError: [Errno 2] No such file or directory: '/common/ketrong/tpotexp/tpot2/ImputerExperiments/data/r/1213/reg_full_MNAR_0.01_1/all_scores.pkl'

1213 33 failed: reg_full_MNAR_0.01_2/
[Errno 2] No such file or directory: '/common/ketrong/tpotexp/tpot2/ImputerExperiments/data/r/1213/reg_full_MNAR_0.01_2/all_scores.pkl'
Traceback (most recent call last):
  File "/common/ketrong/tpotexp/tpot2/ImputerExperiments/Locally_run_code/viewreg.py", line 265, in <module>
    with open(normalpath + 'all_scores.pkl', 'rb') as file:
FileNotFoundError: [Errno 2] No such file or directory: '/common/ketrong/tpotexp/tpot2/ImputerExperiments/data/r/1213/reg_full_MNAR_0.01_2/all_scores.pkl'

1213 57 failed: reg_full_MNAR_0.01_3/
[Errno 2] No such file or directory: '/common/ketrong/tpotexp/tpot2/ImputerExperiments/data/r/1213/reg_full_MNAR_0.01_3/all_scores.pkl'
Traceback (most recent call last):
  File "/common/ketrong/tpotexp/tpot2/ImputerExperiments/Locally_run_code/viewreg.py", line 265, in <module>
    with open(normalpath + 'all_scores.pkl', 'rb') as file:
FileNotFoundError: [Errno 2] No such file or directory: '/common/ketrong/tpotexp/tpot2/ImputerExperiments/data/r/1213/reg_full_MNAR_0.01_3/all_scores.pkl'

1213 10 passed: reg_full_MNAR_0.1_1/
1213 34 passed: reg_full_MNAR_0.1_2/
1213 58 passed: reg_full_MNAR_0.1_3/
1213 11 failed: reg_full_MNAR_0.3_1/
[Errno 2] No such file or directory: '/common/ketrong/tpotexp/tpot2/ImputerExperiments/data/r/1213/reg_full_MNAR_0.3_1/all_scores.pkl'
Traceback (most recent call last):
  File "/common/ketrong/tpotexp/tpot2/ImputerExperiments/Locally_run_code/viewreg.py", line 265, in <module>
    with open(normalpath + 'all_scores.pkl', 'rb') as file:
FileNotFoundError: [Errno 2] No such file or directory: '/common/ketrong/tpotexp/tpot2/ImputerExperiments/data/r/1213/reg_full_MNAR_0.3_1/all_scores.pkl'

1213 35 passed: reg_full_MNAR_0.3_2/
1213 59 failed: reg_full_MNAR_0.3_3/
[Errno 2] No such file or directory: '/common/ketrong/tpotexp/tpot2/ImputerExperiments/data/r/1213/reg_full_MNAR_0.3_3/all_scores.pkl'
Traceback (most recent call last):
  File "/common/ketrong/tpotexp/tpot2/ImputerExperiments/Locally_run_code/viewreg.py", line 265, in <module>
    with open(normalpath + 'all_scores.pkl', 'rb') as file:
FileNotFoundError: [Errno 2] No such file or directory: '/common/ketrong/tpotexp/tpot2/ImputerExperiments/data/r/1213/reg_full_MNAR_0.3_3/all_scores.pkl'

1213 12 passed: reg_full_MNAR_0.5_1/
1213 36 passed: reg_full_MNAR_0.5_2/
1213 60 passed: reg_full_MNAR_0.5_3/
1213 17 passed: reg_simple_MAR_0.01_1/
1213 41 passed: reg_simple_MAR_0.01_2/
1213 65 passed: reg_simple_MAR_0.01_3/
1213 18 passed: reg_simple_MAR_0.1_1/
1213 42 passed: reg_simple_MAR_0.1_2/
1213 66 passed: reg_simple_MAR_0.1_3/
1213 19 passed: reg_simple_MAR_0.3_1/
1213 43 passed: reg_simple_MAR_0.3_2/
1213 67 passed: reg_simple_MAR_0.3_3/
1213 20 passed: reg_simple_MAR_0.5_1/
1213 44 passed: reg_simple_MAR_0.5_2/
1213 68 passed: reg_simple_MAR_0.5_3/
1213 13 passed: reg_simple_MCAR_0.01_1/
1213 37 passed: reg_simple_MCAR_0.01_2/
1213 61 passed: reg_simple_MCAR_0.01_3/
1213 14 passed: reg_simple_MCAR_0.1_1/
1213 38 passed: reg_simple_MCAR_0.1_2/
1213 62 passed: reg_simple_MCAR_0.1_3/
1213 15 passed: reg_simple_MCAR_0.3_1/
1213 39 passed: reg_simple_MCAR_0.3_2/
1213 63 passed: reg_simple_MCAR_0.3_3/
1213 16 passed: reg_simple_MCAR_0.5_1/
1213 40 passed: reg_simple_MCAR_0.5_2/
1213 64 passed: reg_simple_MCAR_0.5_3/
1213 21 passed: reg_simple_MNAR_0.01_1/
1213 45 passed: reg_simple_MNAR_0.01_2/
1213 69 passed: reg_simple_MNAR_0.01_3/
1213 22 passed: reg_simple_MNAR_0.1_1/
1213 46 passed: reg_simple_MNAR_0.1_2/
1213 70 passed: reg_simple_MNAR_0.1_3/
1213 23 passed: reg_simple_MNAR_0.3_1/
1213 47 passed: reg_simple_MNAR_0.3_2/
1213 71 passed: reg_simple_MNAR_0.3_3/
1213 24 passed: reg_simple_MNAR_0.5_1/
1213 48 passed: reg_simple_MNAR_0.5_2/
1213 72 passed: reg_simple_MNAR_0.5_3/
1213complete
42183 5 passed: reg_full_MAR_0.01_1/
42183 29 passed: reg_full_MAR_0.01_2/
42183 53 passed: reg_full_MAR_0.01_3/
42183 6 passed: reg_full_MAR_0.1_1/
42183 30 passed: reg_full_MAR_0.1_2/
42183 54 passed: reg_full_MAR_0.1_3/
42183 7 passed: reg_full_MAR_0.3_1/
42183 31 passed: reg_full_MAR_0.3_2/
42183 55 passed: reg_full_MAR_0.3_3/
42183 8 passed: reg_full_MAR_0.5_1/
42183 32 passed: reg_full_MAR_0.5_2/
42183 56 passed: reg_full_MAR_0.5_3/
42183 1 passed: reg_full_MCAR_0.01_1/
42183 25 passed: reg_full_MCAR_0.01_2/
42183 49 passed: reg_full_MCAR_0.01_3/
42183 2 passed: reg_full_MCAR_0.1_1/
42183 26 passed: reg_full_MCAR_0.1_2/
42183 50 passed: reg_full_MCAR_0.1_3/
42183 3 passed: reg_full_MCAR_0.3_1/
42183 27 passed: reg_full_MCAR_0.3_2/
42183 51 passed: reg_full_MCAR_0.3_3/
42183 4 passed: reg_full_MCAR_0.5_1/
42183 28 passed: reg_full_MCAR_0.5_2/
42183 52 passed: reg_full_MCAR_0.5_3/
42183 9 passed: reg_full_MNAR_0.01_1/
42183 33 passed: reg_full_MNAR_0.01_2/
42183 57 passed: reg_full_MNAR_0.01_3/
42183 10 passed: reg_full_MNAR_0.1_1/
42183 34 passed: reg_full_MNAR_0.1_2/
42183 58 passed: reg_full_MNAR_0.1_3/
42183 11 passed: reg_full_MNAR_0.3_1/
42183 35 passed: reg_full_MNAR_0.3_2/
42183 59 passed: reg_full_MNAR_0.3_3/
42183 12 passed: reg_full_MNAR_0.5_1/
42183 36 passed: reg_full_MNAR_0.5_2/
42183 60 passed: reg_full_MNAR_0.5_3/
42183 17 passed: reg_simple_MAR_0.01_1/
42183 41 passed: reg_simple_MAR_0.01_2/
42183 65 passed: reg_simple_MAR_0.01_3/
42183 18 passed: reg_simple_MAR_0.1_1/
42183 42 passed: reg_simple_MAR_0.1_2/
42183 66 passed: reg_simple_MAR_0.1_3/
42183 19 passed: reg_simple_MAR_0.3_1/
42183 43 passed: reg_simple_MAR_0.3_2/
42183 67 passed: reg_simple_MAR_0.3_3/
42183 20 passed: reg_simple_MAR_0.5_1/
42183 44 passed: reg_simple_MAR_0.5_2/
42183 68 passed: reg_simple_MAR_0.5_3/
42183 13 passed: reg_simple_MCAR_0.01_1/
42183 37 passed: reg_simple_MCAR_0.01_2/
42183 61 passed: reg_simple_MCAR_0.01_3/
42183 14 passed: reg_simple_MCAR_0.1_1/
42183 38 passed: reg_simple_MCAR_0.1_2/
42183 62 passed: reg_simple_MCAR_0.1_3/
42183 15 passed: reg_simple_MCAR_0.3_1/
42183 39 passed: reg_simple_MCAR_0.3_2/
42183 63 passed: reg_simple_MCAR_0.3_3/
42183 16 passed: reg_simple_MCAR_0.5_1/
42183 40 passed: reg_simple_MCAR_0.5_2/
42183 64 passed: reg_simple_MCAR_0.5_3/
42183 21 passed: reg_simple_MNAR_0.01_1/
42183 45 passed: reg_simple_MNAR_0.01_2/
42183 69 passed: reg_simple_MNAR_0.01_3/
42183 22 passed: reg_simple_MNAR_0.1_1/
42183 46 passed: reg_simple_MNAR_0.1_2/
42183 70 passed: reg_simple_MNAR_0.1_3/
42183 23 passed: reg_simple_MNAR_0.3_1/
42183 47 passed: reg_simple_MNAR_0.3_2/
42183 71 passed: reg_simple_MNAR_0.3_3/
42183 24 passed: reg_simple_MNAR_0.5_1/
42183 48 passed: reg_simple_MNAR_0.5_2/
42183 72 passed: reg_simple_MNAR_0.5_3/
42183complete
42545 5 passed: reg_full_MAR_0.01_1/
42545 29 passed: reg_full_MAR_0.01_2/
42545 53 passed: reg_full_MAR_0.01_3/
42545 6 passed: reg_full_MAR_0.1_1/
42545 30 passed: reg_full_MAR_0.1_2/
42545 54 passed: reg_full_MAR_0.1_3/
42545 7 passed: reg_full_MAR_0.3_1/
42545 31 passed: reg_full_MAR_0.3_2/
42545 55 passed: reg_full_MAR_0.3_3/
42545 8 passed: reg_full_MAR_0.5_1/
42545 32 passed: reg_full_MAR_0.5_2/
42545 56 passed: reg_full_MAR_0.5_3/
42545 1 passed: reg_full_MCAR_0.01_1/
42545 25 passed: reg_full_MCAR_0.01_2/
42545 49 passed: reg_full_MCAR_0.01_3/
42545 2 passed: reg_full_MCAR_0.1_1/
42545 26 passed: reg_full_MCAR_0.1_2/
42545 50 passed: reg_full_MCAR_0.1_3/
42545 3 passed: reg_full_MCAR_0.3_1/
42545 27 passed: reg_full_MCAR_0.3_2/
42545 51 passed: reg_full_MCAR_0.3_3/
42545 4 passed: reg_full_MCAR_0.5_1/
42545 28 passed: reg_full_MCAR_0.5_2/
42545 52 passed: reg_full_MCAR_0.5_3/
42545 9 passed: reg_full_MNAR_0.01_1/
42545 33 passed: reg_full_MNAR_0.01_2/
42545 57 passed: reg_full_MNAR_0.01_3/
42545 10 passed: reg_full_MNAR_0.1_1/
42545 34 passed: reg_full_MNAR_0.1_2/
42545 58 passed: reg_full_MNAR_0.1_3/
42545 11 passed: reg_full_MNAR_0.3_1/
42545 35 passed: reg_full_MNAR_0.3_2/
42545 59 passed: reg_full_MNAR_0.3_3/
42545 12 passed: reg_full_MNAR_0.5_1/
42545 36 passed: reg_full_MNAR_0.5_2/
42545 60 passed: reg_full_MNAR_0.5_3/
42545 17 passed: reg_simple_MAR_0.01_1/
42545 41 passed: reg_simple_MAR_0.01_2/
42545 65 passed: reg_simple_MAR_0.01_3/
42545 18 passed: reg_simple_MAR_0.1_1/
42545 42 passed: reg_simple_MAR_0.1_2/
42545 66 passed: reg_simple_MAR_0.1_3/
42545 19 passed: reg_simple_MAR_0.3_1/
42545 43 passed: reg_simple_MAR_0.3_2/
42545 67 passed: reg_simple_MAR_0.3_3/
42545 20 passed: reg_simple_MAR_0.5_1/
42545 44 passed: reg_simple_MAR_0.5_2/
42545 68 passed: reg_simple_MAR_0.5_3/
42545 13 passed: reg_simple_MCAR_0.01_1/
42545 37 passed: reg_simple_MCAR_0.01_2/
42545 61 passed: reg_simple_MCAR_0.01_3/
42545 14 passed: reg_simple_MCAR_0.1_1/
42545 38 passed: reg_simple_MCAR_0.1_2/
42545 62 passed: reg_simple_MCAR_0.1_3/
42545 15 passed: reg_simple_MCAR_0.3_1/
42545 39 passed: reg_simple_MCAR_0.3_2/
42545 63 passed: reg_simple_MCAR_0.3_3/
42545 16 passed: reg_simple_MCAR_0.5_1/
42545 40 passed: reg_simple_MCAR_0.5_2/
42545 64 passed: reg_simple_MCAR_0.5_3/
42545 21 passed: reg_simple_MNAR_0.01_1/
42545 45 passed: reg_simple_MNAR_0.01_2/
42545 69 passed: reg_simple_MNAR_0.01_3/
42545 22 passed: reg_simple_MNAR_0.1_1/
42545 46 passed: reg_simple_MNAR_0.1_2/
42545 70 passed: reg_simple_MNAR_0.1_3/
42545 23 passed: reg_simple_MNAR_0.3_1/
42545 47 passed: reg_simple_MNAR_0.3_2/
42545 71 passed: reg_simple_MNAR_0.3_3/
42545 24 passed: reg_simple_MNAR_0.5_1/
42545 48 passed: reg_simple_MNAR_0.5_2/
42545 72 passed: reg_simple_MNAR_0.5_3/
42545complete
42225 5 passed: reg_full_MAR_0.01_1/
42225 29 passed: reg_full_MAR_0.01_2/
42225 53 failed: reg_full_MAR_0.01_3/
[Errno 2] No such file or directory: '/common/ketrong/tpotexp/tpot2/ImputerExperiments/data/r/42225/reg_full_MAR_0.01_3/all_scores.pkl'
Traceback (most recent call last):
  File "/common/ketrong/tpotexp/tpot2/ImputerExperiments/Locally_run_code/viewreg.py", line 265, in <module>
    with open(normalpath + 'all_scores.pkl', 'rb') as file:
FileNotFoundError: [Errno 2] No such file or directory: '/common/ketrong/tpotexp/tpot2/ImputerExperiments/data/r/42225/reg_full_MAR_0.01_3/all_scores.pkl'

42225 6 failed: reg_full_MAR_0.1_1/
[Errno 2] No such file or directory: '/common/ketrong/tpotexp/tpot2/ImputerExperiments/data/r/42225/reg_full_MAR_0.1_1/all_scores.pkl'
Traceback (most recent call last):
  File "/common/ketrong/tpotexp/tpot2/ImputerExperiments/Locally_run_code/viewreg.py", line 265, in <module>
    with open(normalpath + 'all_scores.pkl', 'rb') as file:
FileNotFoundError: [Errno 2] No such file or directory: '/common/ketrong/tpotexp/tpot2/ImputerExperiments/data/r/42225/reg_full_MAR_0.1_1/all_scores.pkl'

42225 30 passed: reg_full_MAR_0.1_2/
42225 54 passed: reg_full_MAR_0.1_3/
42225 7 failed: reg_full_MAR_0.3_1/
[Errno 2] No such file or directory: '/common/ketrong/tpotexp/tpot2/ImputerExperiments/data/r/42225/reg_full_MAR_0.3_1/all_scores.pkl'
Traceback (most recent call last):
  File "/common/ketrong/tpotexp/tpot2/ImputerExperiments/Locally_run_code/viewreg.py", line 265, in <module>
    with open(normalpath + 'all_scores.pkl', 'rb') as file:
FileNotFoundError: [Errno 2] No such file or directory: '/common/ketrong/tpotexp/tpot2/ImputerExperiments/data/r/42225/reg_full_MAR_0.3_1/all_scores.pkl'

42225 31 failed: reg_full_MAR_0.3_2/
[Errno 2] No such file or directory: '/common/ketrong/tpotexp/tpot2/ImputerExperiments/data/r/42225/reg_full_MAR_0.3_2/tpot_space_scores.pkl'
Traceback (most recent call last):
  File "/common/ketrong/tpotexp/tpot2/ImputerExperiments/Locally_run_code/viewreg.py", line 270, in <module>
    with open(imputepath + 'tpot_space_scores.pkl', 'rb') as file:
FileNotFoundError: [Errno 2] No such file or directory: '/common/ketrong/tpotexp/tpot2/ImputerExperiments/data/r/42225/reg_full_MAR_0.3_2/tpot_space_scores.pkl'

42225 55 failed: reg_full_MAR_0.3_3/
[Errno 2] No such file or directory: '/common/ketrong/tpotexp/tpot2/ImputerExperiments/data/r/42225/reg_full_MAR_0.3_3/all_scores.pkl'
Traceback (most recent call last):
  File "/common/ketrong/tpotexp/tpot2/ImputerExperiments/Locally_run_code/viewreg.py", line 265, in <module>
    with open(normalpath + 'all_scores.pkl', 'rb') as file:
FileNotFoundError: [Errno 2] No such file or directory: '/common/ketrong/tpotexp/tpot2/ImputerExperiments/data/r/42225/reg_full_MAR_0.3_3/all_scores.pkl'

42225 8 passed: reg_full_MAR_0.5_1/
42225 32 failed: reg_full_MAR_0.5_2/
[Errno 2] No such file or directory: '/common/ketrong/tpotexp/tpot2/ImputerExperiments/data/r/42225/reg_full_MAR_0.5_2/tpot_space_scores.pkl'
Traceback (most recent call last):
  File "/common/ketrong/tpotexp/tpot2/ImputerExperiments/Locally_run_code/viewreg.py", line 270, in <module>
    with open(imputepath + 'tpot_space_scores.pkl', 'rb') as file:
FileNotFoundError: [Errno 2] No such file or directory: '/common/ketrong/tpotexp/tpot2/ImputerExperiments/data/r/42225/reg_full_MAR_0.5_2/tpot_space_scores.pkl'

42225 56 passed: reg_full_MAR_0.5_3/
42225 1 failed: reg_full_MCAR_0.01_1/
[Errno 2] No such file or directory: '/common/ketrong/tpotexp/tpot2/ImputerExperiments/data/r/42225/reg_full_MCAR_0.01_1/all_scores.pkl'
Traceback (most recent call last):
  File "/common/ketrong/tpotexp/tpot2/ImputerExperiments/Locally_run_code/viewreg.py", line 265, in <module>
    with open(normalpath + 'all_scores.pkl', 'rb') as file:
FileNotFoundError: [Errno 2] No such file or directory: '/common/ketrong/tpotexp/tpot2/ImputerExperiments/data/r/42225/reg_full_MCAR_0.01_1/all_scores.pkl'

42225 25 passed: reg_full_MCAR_0.01_2/
42225 49 passed: reg_full_MCAR_0.01_3/
42225 2 failed: reg_full_MCAR_0.1_1/
[Errno 2] No such file or directory: '/common/ketrong/tpotexp/tpot2/ImputerExperiments/data/r/42225/reg_full_MCAR_0.1_1/all_scores.pkl'
Traceback (most recent call last):
  File "/common/ketrong/tpotexp/tpot2/ImputerExperiments/Locally_run_code/viewreg.py", line 265, in <module>
    with open(normalpath + 'all_scores.pkl', 'rb') as file:
FileNotFoundError: [Errno 2] No such file or directory: '/common/ketrong/tpotexp/tpot2/ImputerExperiments/data/r/42225/reg_full_MCAR_0.1_1/all_scores.pkl'

42225 26 failed: reg_full_MCAR_0.1_2/
[Errno 2] No such file or directory: '/common/ketrong/tpotexp/tpot2/ImputerExperiments/data/r/42225/reg_full_MCAR_0.1_2/all_scores.pkl'
Traceback (most recent call last):
  File "/common/ketrong/tpotexp/tpot2/ImputerExperiments/Locally_run_code/viewreg.py", line 265, in <module>
    with open(normalpath + 'all_scores.pkl', 'rb') as file:
FileNotFoundError: [Errno 2] No such file or directory: '/common/ketrong/tpotexp/tpot2/ImputerExperiments/data/r/42225/reg_full_MCAR_0.1_2/all_scores.pkl'

42225 50 failed: reg_full_MCAR_0.1_3/
[Errno 2] No such file or directory: '/common/ketrong/tpotexp/tpot2/ImputerExperiments/data/r/42225/reg_full_MCAR_0.1_3/all_scores.pkl'
Traceback (most recent call last):
  File "/common/ketrong/tpotexp/tpot2/ImputerExperiments/Locally_run_code/viewreg.py", line 265, in <module>
    with open(normalpath + 'all_scores.pkl', 'rb') as file:
FileNotFoundError: [Errno 2] No such file or directory: '/common/ketrong/tpotexp/tpot2/ImputerExperiments/data/r/42225/reg_full_MCAR_0.1_3/all_scores.pkl'

42225 3 failed: reg_full_MCAR_0.3_1/
[Errno 2] No such file or directory: '/common/ketrong/tpotexp/tpot2/ImputerExperiments/data/r/42225/reg_full_MCAR_0.3_1/all_scores.pkl'
Traceback (most recent call last):
  File "/common/ketrong/tpotexp/tpot2/ImputerExperiments/Locally_run_code/viewreg.py", line 265, in <module>
    with open(normalpath + 'all_scores.pkl', 'rb') as file:
FileNotFoundError: [Errno 2] No such file or directory: '/common/ketrong/tpotexp/tpot2/ImputerExperiments/data/r/42225/reg_full_MCAR_0.3_1/all_scores.pkl'

42225 27 passed: reg_full_MCAR_0.3_2/
42225 51 failed: reg_full_MCAR_0.3_3/
[Errno 2] No such file or directory: '/common/ketrong/tpotexp/tpot2/ImputerExperiments/data/r/42225/reg_full_MCAR_0.3_3/all_scores.pkl'
Traceback (most recent call last):
  File "/common/ketrong/tpotexp/tpot2/ImputerExperiments/Locally_run_code/viewreg.py", line 265, in <module>
    with open(normalpath + 'all_scores.pkl', 'rb') as file:
FileNotFoundError: [Errno 2] No such file or directory: '/common/ketrong/tpotexp/tpot2/ImputerExperiments/data/r/42225/reg_full_MCAR_0.3_3/all_scores.pkl'

42225 4 passed: reg_full_MCAR_0.5_1/
42225 28 passed: reg_full_MCAR_0.5_2/
42225 52 passed: reg_full_MCAR_0.5_3/
42225 9 failed: reg_full_MNAR_0.01_1/
[Errno 2] No such file or directory: '/common/ketrong/tpotexp/tpot2/ImputerExperiments/data/r/42225/reg_full_MNAR_0.01_1/tpot_space_scores.pkl'
Traceback (most recent call last):
  File "/common/ketrong/tpotexp/tpot2/ImputerExperiments/Locally_run_code/viewreg.py", line 270, in <module>
    with open(imputepath + 'tpot_space_scores.pkl', 'rb') as file:
FileNotFoundError: [Errno 2] No such file or directory: '/common/ketrong/tpotexp/tpot2/ImputerExperiments/data/r/42225/reg_full_MNAR_0.01_1/tpot_space_scores.pkl'

42225 33 passed: reg_full_MNAR_0.01_2/
42225 57 failed: reg_full_MNAR_0.01_3/
[Errno 2] No such file or directory: '/common/ketrong/tpotexp/tpot2/ImputerExperiments/data/r/42225/reg_full_MNAR_0.01_3/tpot_space_scores.pkl'
Traceback (most recent call last):
  File "/common/ketrong/tpotexp/tpot2/ImputerExperiments/Locally_run_code/viewreg.py", line 270, in <module>
    with open(imputepath + 'tpot_space_scores.pkl', 'rb') as file:
FileNotFoundError: [Errno 2] No such file or directory: '/common/ketrong/tpotexp/tpot2/ImputerExperiments/data/r/42225/reg_full_MNAR_0.01_3/tpot_space_scores.pkl'

42225 10 failed: reg_full_MNAR_0.1_1/
[Errno 2] No such file or directory: '/common/ketrong/tpotexp/tpot2/ImputerExperiments/data/r/42225/reg_full_MNAR_0.1_1/all_scores.pkl'
Traceback (most recent call last):
  File "/common/ketrong/tpotexp/tpot2/ImputerExperiments/Locally_run_code/viewreg.py", line 265, in <module>
    with open(normalpath + 'all_scores.pkl', 'rb') as file:
FileNotFoundError: [Errno 2] No such file or directory: '/common/ketrong/tpotexp/tpot2/ImputerExperiments/data/r/42225/reg_full_MNAR_0.1_1/all_scores.pkl'

42225 34 failed: reg_full_MNAR_0.1_2/
[Errno 2] No such file or directory: '/common/ketrong/tpotexp/tpot2/ImputerExperiments/data/r/42225/reg_full_MNAR_0.1_2/tpot_space_scores.pkl'
Traceback (most recent call last):
  File "/common/ketrong/tpotexp/tpot2/ImputerExperiments/Locally_run_code/viewreg.py", line 270, in <module>
    with open(imputepath + 'tpot_space_scores.pkl', 'rb') as file:
FileNotFoundError: [Errno 2] No such file or directory: '/common/ketrong/tpotexp/tpot2/ImputerExperiments/data/r/42225/reg_full_MNAR_0.1_2/tpot_space_scores.pkl'

42225 58 failed: reg_full_MNAR_0.1_3/
[Errno 2] No such file or directory: '/common/ketrong/tpotexp/tpot2/ImputerExperiments/data/r/42225/reg_full_MNAR_0.1_3/all_scores.pkl'
Traceback (most recent call last):
  File "/common/ketrong/tpotexp/tpot2/ImputerExperiments/Locally_run_code/viewreg.py", line 265, in <module>
    with open(normalpath + 'all_scores.pkl', 'rb') as file:
FileNotFoundError: [Errno 2] No such file or directory: '/common/ketrong/tpotexp/tpot2/ImputerExperiments/data/r/42225/reg_full_MNAR_0.1_3/all_scores.pkl'

42225 11 failed: reg_full_MNAR_0.3_1/
[Errno 2] No such file or directory: '/common/ketrong/tpotexp/tpot2/ImputerExperiments/data/r/42225/reg_full_MNAR_0.3_1/all_scores.pkl'
Traceback (most recent call last):
  File "/common/ketrong/tpotexp/tpot2/ImputerExperiments/Locally_run_code/viewreg.py", line 265, in <module>
    with open(normalpath + 'all_scores.pkl', 'rb') as file:
FileNotFoundError: [Errno 2] No such file or directory: '/common/ketrong/tpotexp/tpot2/ImputerExperiments/data/r/42225/reg_full_MNAR_0.3_1/all_scores.pkl'

42225 35 passed: reg_full_MNAR_0.3_2/
42225 59 failed: reg_full_MNAR_0.3_3/
[Errno 2] No such file or directory: '/common/ketrong/tpotexp/tpot2/ImputerExperiments/data/r/42225/reg_full_MNAR_0.3_3/all_scores.pkl'
Traceback (most recent call last):
  File "/common/ketrong/tpotexp/tpot2/ImputerExperiments/Locally_run_code/viewreg.py", line 265, in <module>
    with open(normalpath + 'all_scores.pkl', 'rb') as file:
FileNotFoundError: [Errno 2] No such file or directory: '/common/ketrong/tpotexp/tpot2/ImputerExperiments/data/r/42225/reg_full_MNAR_0.3_3/all_scores.pkl'

42225 12 failed: reg_full_MNAR_0.5_1/
[Errno 2] No such file or directory: '/common/ketrong/tpotexp/tpot2/ImputerExperiments/data/r/42225/reg_full_MNAR_0.5_1/all_scores.pkl'
Traceback (most recent call last):
  File "/common/ketrong/tpotexp/tpot2/ImputerExperiments/Locally_run_code/viewreg.py", line 265, in <module>
    with open(normalpath + 'all_scores.pkl', 'rb') as file:
FileNotFoundError: [Errno 2] No such file or directory: '/common/ketrong/tpotexp/tpot2/ImputerExperiments/data/r/42225/reg_full_MNAR_0.5_1/all_scores.pkl'

42225 36 passed: reg_full_MNAR_0.5_2/
42225 60 passed: reg_full_MNAR_0.5_3/
42225 17 passed: reg_simple_MAR_0.01_1/
42225 41 passed: reg_simple_MAR_0.01_2/
42225 65 failed: reg_simple_MAR_0.01_3/
[Errno 2] No such file or directory: '/common/ketrong/tpotexp/tpot2/ImputerExperiments/data/r/42225/reg_simple_MAR_0.01_3/all_scores.pkl'
Traceback (most recent call last):
  File "/common/ketrong/tpotexp/tpot2/ImputerExperiments/Locally_run_code/viewreg.py", line 265, in <module>
    with open(normalpath + 'all_scores.pkl', 'rb') as file:
FileNotFoundError: [Errno 2] No such file or directory: '/common/ketrong/tpotexp/tpot2/ImputerExperiments/data/r/42225/reg_simple_MAR_0.01_3/all_scores.pkl'

42225 18 passed: reg_simple_MAR_0.1_1/
42225 42 passed: reg_simple_MAR_0.1_2/
42225 66 failed: reg_simple_MAR_0.1_3/
[Errno 2] No such file or directory: '/common/ketrong/tpotexp/tpot2/ImputerExperiments/data/r/42225/reg_simple_MAR_0.1_3/all_scores.pkl'
Traceback (most recent call last):
  File "/common/ketrong/tpotexp/tpot2/ImputerExperiments/Locally_run_code/viewreg.py", line 265, in <module>
    with open(normalpath + 'all_scores.pkl', 'rb') as file:
FileNotFoundError: [Errno 2] No such file or directory: '/common/ketrong/tpotexp/tpot2/ImputerExperiments/data/r/42225/reg_simple_MAR_0.1_3/all_scores.pkl'

42225 19 passed: reg_simple_MAR_0.3_1/
42225 43 passed: reg_simple_MAR_0.3_2/
42225 67 failed: reg_simple_MAR_0.3_3/
[Errno 2] No such file or directory: '/common/ketrong/tpotexp/tpot2/ImputerExperiments/data/r/42225/reg_simple_MAR_0.3_3/all_scores.pkl'
Traceback (most recent call last):
  File "/common/ketrong/tpotexp/tpot2/ImputerExperiments/Locally_run_code/viewreg.py", line 265, in <module>
    with open(normalpath + 'all_scores.pkl', 'rb') as file:
FileNotFoundError: [Errno 2] No such file or directory: '/common/ketrong/tpotexp/tpot2/ImputerExperiments/data/r/42225/reg_simple_MAR_0.3_3/all_scores.pkl'

42225 20 passed: reg_simple_MAR_0.5_1/
42225 44 passed: reg_simple_MAR_0.5_2/
42225 68 failed: reg_simple_MAR_0.5_3/
[Errno 2] No such file or directory: '/common/ketrong/tpotexp/tpot2/ImputerExperiments/data/r/42225/reg_simple_MAR_0.5_3/all_scores.pkl'
Traceback (most recent call last):
  File "/common/ketrong/tpotexp/tpot2/ImputerExperiments/Locally_run_code/viewreg.py", line 265, in <module>
    with open(normalpath + 'all_scores.pkl', 'rb') as file:
FileNotFoundError: [Errno 2] No such file or directory: '/common/ketrong/tpotexp/tpot2/ImputerExperiments/data/r/42225/reg_simple_MAR_0.5_3/all_scores.pkl'

42225 13 passed: reg_simple_MCAR_0.01_1/
42225 37 passed: reg_simple_MCAR_0.01_2/
42225 61 passed: reg_simple_MCAR_0.01_3/
42225 14 passed: reg_simple_MCAR_0.1_1/
42225 38 passed: reg_simple_MCAR_0.1_2/
42225 62 passed: reg_simple_MCAR_0.1_3/
42225 15 passed: reg_simple_MCAR_0.3_1/
42225 39 passed: reg_simple_MCAR_0.3_2/
42225 63 failed: reg_simple_MCAR_0.3_3/
[Errno 2] No such file or directory: '/common/ketrong/tpotexp/tpot2/ImputerExperiments/data/r/42225/reg_simple_MCAR_0.3_3/all_scores.pkl'
Traceback (most recent call last):
  File "/common/ketrong/tpotexp/tpot2/ImputerExperiments/Locally_run_code/viewreg.py", line 265, in <module>
    with open(normalpath + 'all_scores.pkl', 'rb') as file:
FileNotFoundError: [Errno 2] No such file or directory: '/common/ketrong/tpotexp/tpot2/ImputerExperiments/data/r/42225/reg_simple_MCAR_0.3_3/all_scores.pkl'

42225 16 passed: reg_simple_MCAR_0.5_1/
42225 40 passed: reg_simple_MCAR_0.5_2/
42225 64 failed: reg_simple_MCAR_0.5_3/
[Errno 2] No such file or directory: '/common/ketrong/tpotexp/tpot2/ImputerExperiments/data/r/42225/reg_simple_MCAR_0.5_3/all_scores.pkl'
Traceback (most recent call last):
  File "/common/ketrong/tpotexp/tpot2/ImputerExperiments/Locally_run_code/viewreg.py", line 265, in <module>
    with open(normalpath + 'all_scores.pkl', 'rb') as file:
FileNotFoundError: [Errno 2] No such file or directory: '/common/ketrong/tpotexp/tpot2/ImputerExperiments/data/r/42225/reg_simple_MCAR_0.5_3/all_scores.pkl'

42225 21 passed: reg_simple_MNAR_0.01_1/
42225 45 passed: reg_simple_MNAR_0.01_2/
42225 69 failed: reg_simple_MNAR_0.01_3/
[Errno 2] No such file or directory: '/common/ketrong/tpotexp/tpot2/ImputerExperiments/data/r/42225/reg_simple_MNAR_0.01_3/all_scores.pkl'
Traceback (most recent call last):
  File "/common/ketrong/tpotexp/tpot2/ImputerExperiments/Locally_run_code/viewreg.py", line 265, in <module>
    with open(normalpath + 'all_scores.pkl', 'rb') as file:
FileNotFoundError: [Errno 2] No such file or directory: '/common/ketrong/tpotexp/tpot2/ImputerExperiments/data/r/42225/reg_simple_MNAR_0.01_3/all_scores.pkl'

42225 22 passed: reg_simple_MNAR_0.1_1/
42225 46 passed: reg_simple_MNAR_0.1_2/
42225 70 failed: reg_simple_MNAR_0.1_3/
[Errno 2] No such file or directory: '/common/ketrong/tpotexp/tpot2/ImputerExperiments/data/r/42225/reg_simple_MNAR_0.1_3/all_scores.pkl'
Traceback (most recent call last):
  File "/common/ketrong/tpotexp/tpot2/ImputerExperiments/Locally_run_code/viewreg.py", line 265, in <module>
    with open(normalpath + 'all_scores.pkl', 'rb') as file:
FileNotFoundError: [Errno 2] No such file or directory: '/common/ketrong/tpotexp/tpot2/ImputerExperiments/data/r/42225/reg_simple_MNAR_0.1_3/all_scores.pkl'

42225 23 passed: reg_simple_MNAR_0.3_1/
42225 47 passed: reg_simple_MNAR_0.3_2/
42225 71 failed: reg_simple_MNAR_0.3_3/
[Errno 2] No such file or directory: '/common/ketrong/tpotexp/tpot2/ImputerExperiments/data/r/42225/reg_simple_MNAR_0.3_3/all_scores.pkl'
Traceback (most recent call last):
  File "/common/ketrong/tpotexp/tpot2/ImputerExperiments/Locally_run_code/viewreg.py", line 265, in <module>
    with open(normalpath + 'all_scores.pkl', 'rb') as file:
FileNotFoundError: [Errno 2] No such file or directory: '/common/ketrong/tpotexp/tpot2/ImputerExperiments/data/r/42225/reg_simple_MNAR_0.3_3/all_scores.pkl'

42225 24 passed: reg_simple_MNAR_0.5_1/
42225 48 passed: reg_simple_MNAR_0.5_2/
42225 72 failed: reg_simple_MNAR_0.5_3/
[Errno 2] No such file or directory: '/common/ketrong/tpotexp/tpot2/ImputerExperiments/data/r/42225/reg_simple_MNAR_0.5_3/all_scores.pkl'
Traceback (most recent call last):
  File "/common/ketrong/tpotexp/tpot2/ImputerExperiments/Locally_run_code/viewreg.py", line 265, in <module>
    with open(normalpath + 'all_scores.pkl', 'rb') as file:
FileNotFoundError: [Errno 2] No such file or directory: '/common/ketrong/tpotexp/tpot2/ImputerExperiments/data/r/42225/reg_simple_MNAR_0.5_3/all_scores.pkl'

42225complete
42712 5 failed: reg_full_MAR_0.01_1/
[Errno 2] No such file or directory: '/common/ketrong/tpotexp/tpot2/ImputerExperiments/data/r/42712/reg_full_MAR_0.01_1/all_scores.pkl'
Traceback (most recent call last):
  File "/common/ketrong/tpotexp/tpot2/ImputerExperiments/Locally_run_code/viewreg.py", line 265, in <module>
    with open(normalpath + 'all_scores.pkl', 'rb') as file:
FileNotFoundError: [Errno 2] No such file or directory: '/common/ketrong/tpotexp/tpot2/ImputerExperiments/data/r/42712/reg_full_MAR_0.01_1/all_scores.pkl'

42712 29 failed: reg_full_MAR_0.01_2/
[Errno 2] No such file or directory: '/common/ketrong/tpotexp/tpot2/ImputerExperiments/data/r/42712/reg_full_MAR_0.01_2/all_scores.pkl'
Traceback (most recent call last):
  File "/common/ketrong/tpotexp/tpot2/ImputerExperiments/Locally_run_code/viewreg.py", line 265, in <module>
    with open(normalpath + 'all_scores.pkl', 'rb') as file:
FileNotFoundError: [Errno 2] No such file or directory: '/common/ketrong/tpotexp/tpot2/ImputerExperiments/data/r/42712/reg_full_MAR_0.01_2/all_scores.pkl'

42712 53 failed: reg_full_MAR_0.01_3/
[Errno 2] No such file or directory: '/common/ketrong/tpotexp/tpot2/ImputerExperiments/data/r/42712/reg_full_MAR_0.01_3/all_scores.pkl'
Traceback (most recent call last):
  File "/common/ketrong/tpotexp/tpot2/ImputerExperiments/Locally_run_code/viewreg.py", line 265, in <module>
    with open(normalpath + 'all_scores.pkl', 'rb') as file:
FileNotFoundError: [Errno 2] No such file or directory: '/common/ketrong/tpotexp/tpot2/ImputerExperiments/data/r/42712/reg_full_MAR_0.01_3/all_scores.pkl'

42712 6 failed: reg_full_MAR_0.1_1/
[Errno 2] No such file or directory: '/common/ketrong/tpotexp/tpot2/ImputerExperiments/data/r/42712/reg_full_MAR_0.1_1/all_scores.pkl'
Traceback (most recent call last):
  File "/common/ketrong/tpotexp/tpot2/ImputerExperiments/Locally_run_code/viewreg.py", line 265, in <module>
    with open(normalpath + 'all_scores.pkl', 'rb') as file:
FileNotFoundError: [Errno 2] No such file or directory: '/common/ketrong/tpotexp/tpot2/ImputerExperiments/data/r/42712/reg_full_MAR_0.1_1/all_scores.pkl'

42712 30 failed: reg_full_MAR_0.1_2/
[Errno 2] No such file or directory: '/common/ketrong/tpotexp/tpot2/ImputerExperiments/data/r/42712/reg_full_MAR_0.1_2/all_scores.pkl'
Traceback (most recent call last):
  File "/common/ketrong/tpotexp/tpot2/ImputerExperiments/Locally_run_code/viewreg.py", line 265, in <module>
    with open(normalpath + 'all_scores.pkl', 'rb') as file:
FileNotFoundError: [Errno 2] No such file or directory: '/common/ketrong/tpotexp/tpot2/ImputerExperiments/data/r/42712/reg_full_MAR_0.1_2/all_scores.pkl'

42712 54 failed: reg_full_MAR_0.1_3/
[Errno 2] No such file or directory: '/common/ketrong/tpotexp/tpot2/ImputerExperiments/data/r/42712/reg_full_MAR_0.1_3/all_scores.pkl'
Traceback (most recent call last):
  File "/common/ketrong/tpotexp/tpot2/ImputerExperiments/Locally_run_code/viewreg.py", line 265, in <module>
    with open(normalpath + 'all_scores.pkl', 'rb') as file:
FileNotFoundError: [Errno 2] No such file or directory: '/common/ketrong/tpotexp/tpot2/ImputerExperiments/data/r/42712/reg_full_MAR_0.1_3/all_scores.pkl'

42712 7 failed: reg_full_MAR_0.3_1/
[Errno 2] No such file or directory: '/common/ketrong/tpotexp/tpot2/ImputerExperiments/data/r/42712/reg_full_MAR_0.3_1/all_scores.pkl'
Traceback (most recent call last):
  File "/common/ketrong/tpotexp/tpot2/ImputerExperiments/Locally_run_code/viewreg.py", line 265, in <module>
    with open(normalpath + 'all_scores.pkl', 'rb') as file:
FileNotFoundError: [Errno 2] No such file or directory: '/common/ketrong/tpotexp/tpot2/ImputerExperiments/data/r/42712/reg_full_MAR_0.3_1/all_scores.pkl'

42712 31 failed: reg_full_MAR_0.3_2/
[Errno 2] No such file or directory: '/common/ketrong/tpotexp/tpot2/ImputerExperiments/data/r/42712/reg_full_MAR_0.3_2/all_scores.pkl'
Traceback (most recent call last):
  File "/common/ketrong/tpotexp/tpot2/ImputerExperiments/Locally_run_code/viewreg.py", line 265, in <module>
    with open(normalpath + 'all_scores.pkl', 'rb') as file:
FileNotFoundError: [Errno 2] No such file or directory: '/common/ketrong/tpotexp/tpot2/ImputerExperiments/data/r/42712/reg_full_MAR_0.3_2/all_scores.pkl'

42712 55 failed: reg_full_MAR_0.3_3/
[Errno 2] No such file or directory: '/common/ketrong/tpotexp/tpot2/ImputerExperiments/data/r/42712/reg_full_MAR_0.3_3/all_scores.pkl'
Traceback (most recent call last):
  File "/common/ketrong/tpotexp/tpot2/ImputerExperiments/Locally_run_code/viewreg.py", line 265, in <module>
    with open(normalpath + 'all_scores.pkl', 'rb') as file:
FileNotFoundError: [Errno 2] No such file or directory: '/common/ketrong/tpotexp/tpot2/ImputerExperiments/data/r/42712/reg_full_MAR_0.3_3/all_scores.pkl'

42712 8 failed: reg_full_MAR_0.5_1/
[Errno 2] No such file or directory: '/common/ketrong/tpotexp/tpot2/ImputerExperiments/data/r/42712/reg_full_MAR_0.5_1/all_scores.pkl'
Traceback (most recent call last):
  File "/common/ketrong/tpotexp/tpot2/ImputerExperiments/Locally_run_code/viewreg.py", line 265, in <module>
    with open(normalpath + 'all_scores.pkl', 'rb') as file:
FileNotFoundError: [Errno 2] No such file or directory: '/common/ketrong/tpotexp/tpot2/ImputerExperiments/data/r/42712/reg_full_MAR_0.5_1/all_scores.pkl'

42712 32 failed: reg_full_MAR_0.5_2/
[Errno 2] No such file or directory: '/common/ketrong/tpotexp/tpot2/ImputerExperiments/data/r/42712/reg_full_MAR_0.5_2/all_scores.pkl'
Traceback (most recent call last):
  File "/common/ketrong/tpotexp/tpot2/ImputerExperiments/Locally_run_code/viewreg.py", line 265, in <module>
    with open(normalpath + 'all_scores.pkl', 'rb') as file:
FileNotFoundError: [Errno 2] No such file or directory: '/common/ketrong/tpotexp/tpot2/ImputerExperiments/data/r/42712/reg_full_MAR_0.5_2/all_scores.pkl'

42712 56 failed: reg_full_MAR_0.5_3/
[Errno 2] No such file or directory: '/common/ketrong/tpotexp/tpot2/ImputerExperiments/data/r/42712/reg_full_MAR_0.5_3/all_scores.pkl'
Traceback (most recent call last):
  File "/common/ketrong/tpotexp/tpot2/ImputerExperiments/Locally_run_code/viewreg.py", line 265, in <module>
    with open(normalpath + 'all_scores.pkl', 'rb') as file:
FileNotFoundError: [Errno 2] No such file or directory: '/common/ketrong/tpotexp/tpot2/ImputerExperiments/data/r/42712/reg_full_MAR_0.5_3/all_scores.pkl'

42712 1 failed: reg_full_MCAR_0.01_1/
[Errno 2] No such file or directory: '/common/ketrong/tpotexp/tpot2/ImputerExperiments/data/r/42712/reg_full_MCAR_0.01_1/all_scores.pkl'
Traceback (most recent call last):
  File "/common/ketrong/tpotexp/tpot2/ImputerExperiments/Locally_run_code/viewreg.py", line 265, in <module>
    with open(normalpath + 'all_scores.pkl', 'rb') as file:
FileNotFoundError: [Errno 2] No such file or directory: '/common/ketrong/tpotexp/tpot2/ImputerExperiments/data/r/42712/reg_full_MCAR_0.01_1/all_scores.pkl'

42712 25 failed: reg_full_MCAR_0.01_2/
[Errno 2] No such file or directory: '/common/ketrong/tpotexp/tpot2/ImputerExperiments/data/r/42712/reg_full_MCAR_0.01_2/all_scores.pkl'
Traceback (most recent call last):
  File "/common/ketrong/tpotexp/tpot2/ImputerExperiments/Locally_run_code/viewreg.py", line 265, in <module>
    with open(normalpath + 'all_scores.pkl', 'rb') as file:
FileNotFoundError: [Errno 2] No such file or directory: '/common/ketrong/tpotexp/tpot2/ImputerExperiments/data/r/42712/reg_full_MCAR_0.01_2/all_scores.pkl'

42712 49 failed: reg_full_MCAR_0.01_3/
[Errno 2] No such file or directory: '/common/ketrong/tpotexp/tpot2/ImputerExperiments/data/r/42712/reg_full_MCAR_0.01_3/all_scores.pkl'
Traceback (most recent call last):
  File "/common/ketrong/tpotexp/tpot2/ImputerExperiments/Locally_run_code/viewreg.py", line 265, in <module>
    with open(normalpath + 'all_scores.pkl', 'rb') as file:
FileNotFoundError: [Errno 2] No such file or directory: '/common/ketrong/tpotexp/tpot2/ImputerExperiments/data/r/42712/reg_full_MCAR_0.01_3/all_scores.pkl'

42712 2 failed: reg_full_MCAR_0.1_1/
[Errno 2] No such file or directory: '/common/ketrong/tpotexp/tpot2/ImputerExperiments/data/r/42712/reg_full_MCAR_0.1_1/all_scores.pkl'
Traceback (most recent call last):
  File "/common/ketrong/tpotexp/tpot2/ImputerExperiments/Locally_run_code/viewreg.py", line 265, in <module>
    with open(normalpath + 'all_scores.pkl', 'rb') as file:
FileNotFoundError: [Errno 2] No such file or directory: '/common/ketrong/tpotexp/tpot2/ImputerExperiments/data/r/42712/reg_full_MCAR_0.1_1/all_scores.pkl'

42712 26 failed: reg_full_MCAR_0.1_2/
[Errno 2] No such file or directory: '/common/ketrong/tpotexp/tpot2/ImputerExperiments/data/r/42712/reg_full_MCAR_0.1_2/all_scores.pkl'
Traceback (most recent call last):
  File "/common/ketrong/tpotexp/tpot2/ImputerExperiments/Locally_run_code/viewreg.py", line 265, in <module>
    with open(normalpath + 'all_scores.pkl', 'rb') as file:
FileNotFoundError: [Errno 2] No such file or directory: '/common/ketrong/tpotexp/tpot2/ImputerExperiments/data/r/42712/reg_full_MCAR_0.1_2/all_scores.pkl'

42712 50 failed: reg_full_MCAR_0.1_3/
[Errno 2] No such file or directory: '/common/ketrong/tpotexp/tpot2/ImputerExperiments/data/r/42712/reg_full_MCAR_0.1_3/all_scores.pkl'
Traceback (most recent call last):
  File "/common/ketrong/tpotexp/tpot2/ImputerExperiments/Locally_run_code/viewreg.py", line 265, in <module>
    with open(normalpath + 'all_scores.pkl', 'rb') as file:
FileNotFoundError: [Errno 2] No such file or directory: '/common/ketrong/tpotexp/tpot2/ImputerExperiments/data/r/42712/reg_full_MCAR_0.1_3/all_scores.pkl'

42712 3 failed: reg_full_MCAR_0.3_1/
[Errno 2] No such file or directory: '/common/ketrong/tpotexp/tpot2/ImputerExperiments/data/r/42712/reg_full_MCAR_0.3_1/all_scores.pkl'
Traceback (most recent call last):
  File "/common/ketrong/tpotexp/tpot2/ImputerExperiments/Locally_run_code/viewreg.py", line 265, in <module>
    with open(normalpath + 'all_scores.pkl', 'rb') as file:
FileNotFoundError: [Errno 2] No such file or directory: '/common/ketrong/tpotexp/tpot2/ImputerExperiments/data/r/42712/reg_full_MCAR_0.3_1/all_scores.pkl'

42712 27 failed: reg_full_MCAR_0.3_2/
[Errno 2] No such file or directory: '/common/ketrong/tpotexp/tpot2/ImputerExperiments/data/r/42712/reg_full_MCAR_0.3_2/all_scores.pkl'
Traceback (most recent call last):
  File "/common/ketrong/tpotexp/tpot2/ImputerExperiments/Locally_run_code/viewreg.py", line 265, in <module>
    with open(normalpath + 'all_scores.pkl', 'rb') as file:
FileNotFoundError: [Errno 2] No such file or directory: '/common/ketrong/tpotexp/tpot2/ImputerExperiments/data/r/42712/reg_full_MCAR_0.3_2/all_scores.pkl'

42712 51 failed: reg_full_MCAR_0.3_3/
[Errno 2] No such file or directory: '/common/ketrong/tpotexp/tpot2/ImputerExperiments/data/r/42712/reg_full_MCAR_0.3_3/all_scores.pkl'
Traceback (most recent call last):
  File "/common/ketrong/tpotexp/tpot2/ImputerExperiments/Locally_run_code/viewreg.py", line 265, in <module>
    with open(normalpath + 'all_scores.pkl', 'rb') as file:
FileNotFoundError: [Errno 2] No such file or directory: '/common/ketrong/tpotexp/tpot2/ImputerExperiments/data/r/42712/reg_full_MCAR_0.3_3/all_scores.pkl'

42712 4 failed: reg_full_MCAR_0.5_1/
[Errno 2] No such file or directory: '/common/ketrong/tpotexp/tpot2/ImputerExperiments/data/r/42712/reg_full_MCAR_0.5_1/all_scores.pkl'
Traceback (most recent call last):
  File "/common/ketrong/tpotexp/tpot2/ImputerExperiments/Locally_run_code/viewreg.py", line 265, in <module>
    with open(normalpath + 'all_scores.pkl', 'rb') as file:
FileNotFoundError: [Errno 2] No such file or directory: '/common/ketrong/tpotexp/tpot2/ImputerExperiments/data/r/42712/reg_full_MCAR_0.5_1/all_scores.pkl'

42712 28 failed: reg_full_MCAR_0.5_2/
[Errno 2] No such file or directory: '/common/ketrong/tpotexp/tpot2/ImputerExperiments/data/r/42712/reg_full_MCAR_0.5_2/all_scores.pkl'
Traceback (most recent call last):
  File "/common/ketrong/tpotexp/tpot2/ImputerExperiments/Locally_run_code/viewreg.py", line 265, in <module>
    with open(normalpath + 'all_scores.pkl', 'rb') as file:
FileNotFoundError: [Errno 2] No such file or directory: '/common/ketrong/tpotexp/tpot2/ImputerExperiments/data/r/42712/reg_full_MCAR_0.5_2/all_scores.pkl'

42712 52 failed: reg_full_MCAR_0.5_3/
[Errno 2] No such file or directory: '/common/ketrong/tpotexp/tpot2/ImputerExperiments/data/r/42712/reg_full_MCAR_0.5_3/all_scores.pkl'
Traceback (most recent call last):
  File "/common/ketrong/tpotexp/tpot2/ImputerExperiments/Locally_run_code/viewreg.py", line 265, in <module>
    with open(normalpath + 'all_scores.pkl', 'rb') as file:
FileNotFoundError: [Errno 2] No such file or directory: '/common/ketrong/tpotexp/tpot2/ImputerExperiments/data/r/42712/reg_full_MCAR_0.5_3/all_scores.pkl'

42712 9 failed: reg_full_MNAR_0.01_1/
[Errno 2] No such file or directory: '/common/ketrong/tpotexp/tpot2/ImputerExperiments/data/r/42712/reg_full_MNAR_0.01_1/all_scores.pkl'
Traceback (most recent call last):
  File "/common/ketrong/tpotexp/tpot2/ImputerExperiments/Locally_run_code/viewreg.py", line 265, in <module>
    with open(normalpath + 'all_scores.pkl', 'rb') as file:
FileNotFoundError: [Errno 2] No such file or directory: '/common/ketrong/tpotexp/tpot2/ImputerExperiments/data/r/42712/reg_full_MNAR_0.01_1/all_scores.pkl'

42712 33 failed: reg_full_MNAR_0.01_2/
[Errno 2] No such file or directory: '/common/ketrong/tpotexp/tpot2/ImputerExperiments/data/r/42712/reg_full_MNAR_0.01_2/all_scores.pkl'
Traceback (most recent call last):
  File "/common/ketrong/tpotexp/tpot2/ImputerExperiments/Locally_run_code/viewreg.py", line 265, in <module>
    with open(normalpath + 'all_scores.pkl', 'rb') as file:
FileNotFoundError: [Errno 2] No such file or directory: '/common/ketrong/tpotexp/tpot2/ImputerExperiments/data/r/42712/reg_full_MNAR_0.01_2/all_scores.pkl'

42712 57 failed: reg_full_MNAR_0.01_3/
[Errno 2] No such file or directory: '/common/ketrong/tpotexp/tpot2/ImputerExperiments/data/r/42712/reg_full_MNAR_0.01_3/all_scores.pkl'
Traceback (most recent call last):
  File "/common/ketrong/tpotexp/tpot2/ImputerExperiments/Locally_run_code/viewreg.py", line 265, in <module>
    with open(normalpath + 'all_scores.pkl', 'rb') as file:
FileNotFoundError: [Errno 2] No such file or directory: '/common/ketrong/tpotexp/tpot2/ImputerExperiments/data/r/42712/reg_full_MNAR_0.01_3/all_scores.pkl'

42712 10 failed: reg_full_MNAR_0.1_1/
[Errno 2] No such file or directory: '/common/ketrong/tpotexp/tpot2/ImputerExperiments/data/r/42712/reg_full_MNAR_0.1_1/all_scores.pkl'
Traceback (most recent call last):
  File "/common/ketrong/tpotexp/tpot2/ImputerExperiments/Locally_run_code/viewreg.py", line 265, in <module>
    with open(normalpath + 'all_scores.pkl', 'rb') as file:
FileNotFoundError: [Errno 2] No such file or directory: '/common/ketrong/tpotexp/tpot2/ImputerExperiments/data/r/42712/reg_full_MNAR_0.1_1/all_scores.pkl'

42712 34 failed: reg_full_MNAR_0.1_2/
[Errno 2] No such file or directory: '/common/ketrong/tpotexp/tpot2/ImputerExperiments/data/r/42712/reg_full_MNAR_0.1_2/all_scores.pkl'
Traceback (most recent call last):
  File "/common/ketrong/tpotexp/tpot2/ImputerExperiments/Locally_run_code/viewreg.py", line 265, in <module>
    with open(normalpath + 'all_scores.pkl', 'rb') as file:
FileNotFoundError: [Errno 2] No such file or directory: '/common/ketrong/tpotexp/tpot2/ImputerExperiments/data/r/42712/reg_full_MNAR_0.1_2/all_scores.pkl'

42712 58 failed: reg_full_MNAR_0.1_3/
[Errno 2] No such file or directory: '/common/ketrong/tpotexp/tpot2/ImputerExperiments/data/r/42712/reg_full_MNAR_0.1_3/all_scores.pkl'
Traceback (most recent call last):
  File "/common/ketrong/tpotexp/tpot2/ImputerExperiments/Locally_run_code/viewreg.py", line 265, in <module>
    with open(normalpath + 'all_scores.pkl', 'rb') as file:
FileNotFoundError: [Errno 2] No such file or directory: '/common/ketrong/tpotexp/tpot2/ImputerExperiments/data/r/42712/reg_full_MNAR_0.1_3/all_scores.pkl'

42712 11 failed: reg_full_MNAR_0.3_1/
[Errno 2] No such file or directory: '/common/ketrong/tpotexp/tpot2/ImputerExperiments/data/r/42712/reg_full_MNAR_0.3_1/all_scores.pkl'
Traceback (most recent call last):
  File "/common/ketrong/tpotexp/tpot2/ImputerExperiments/Locally_run_code/viewreg.py", line 265, in <module>
    with open(normalpath + 'all_scores.pkl', 'rb') as file:
FileNotFoundError: [Errno 2] No such file or directory: '/common/ketrong/tpotexp/tpot2/ImputerExperiments/data/r/42712/reg_full_MNAR_0.3_1/all_scores.pkl'

42712 35 failed: reg_full_MNAR_0.3_2/
[Errno 2] No such file or directory: '/common/ketrong/tpotexp/tpot2/ImputerExperiments/data/r/42712/reg_full_MNAR_0.3_2/all_scores.pkl'
Traceback (most recent call last):
  File "/common/ketrong/tpotexp/tpot2/ImputerExperiments/Locally_run_code/viewreg.py", line 265, in <module>
    with open(normalpath + 'all_scores.pkl', 'rb') as file:
FileNotFoundError: [Errno 2] No such file or directory: '/common/ketrong/tpotexp/tpot2/ImputerExperiments/data/r/42712/reg_full_MNAR_0.3_2/all_scores.pkl'

42712 59 failed: reg_full_MNAR_0.3_3/
[Errno 2] No such file or directory: '/common/ketrong/tpotexp/tpot2/ImputerExperiments/data/r/42712/reg_full_MNAR_0.3_3/all_scores.pkl'
Traceback (most recent call last):
  File "/common/ketrong/tpotexp/tpot2/ImputerExperiments/Locally_run_code/viewreg.py", line 265, in <module>
    with open(normalpath + 'all_scores.pkl', 'rb') as file:
FileNotFoundError: [Errno 2] No such file or directory: '/common/ketrong/tpotexp/tpot2/ImputerExperiments/data/r/42712/reg_full_MNAR_0.3_3/all_scores.pkl'

42712 12 failed: reg_full_MNAR_0.5_1/
[Errno 2] No such file or directory: '/common/ketrong/tpotexp/tpot2/ImputerExperiments/data/r/42712/reg_full_MNAR_0.5_1/all_scores.pkl'
Traceback (most recent call last):
  File "/common/ketrong/tpotexp/tpot2/ImputerExperiments/Locally_run_code/viewreg.py", line 265, in <module>
    with open(normalpath + 'all_scores.pkl', 'rb') as file:
FileNotFoundError: [Errno 2] No such file or directory: '/common/ketrong/tpotexp/tpot2/ImputerExperiments/data/r/42712/reg_full_MNAR_0.5_1/all_scores.pkl'

42712 36 failed: reg_full_MNAR_0.5_2/
[Errno 2] No such file or directory: '/common/ketrong/tpotexp/tpot2/ImputerExperiments/data/r/42712/reg_full_MNAR_0.5_2/all_scores.pkl'
Traceback (most recent call last):
  File "/common/ketrong/tpotexp/tpot2/ImputerExperiments/Locally_run_code/viewreg.py", line 265, in <module>
    with open(normalpath + 'all_scores.pkl', 'rb') as file:
FileNotFoundError: [Errno 2] No such file or directory: '/common/ketrong/tpotexp/tpot2/ImputerExperiments/data/r/42712/reg_full_MNAR_0.5_2/all_scores.pkl'

42712 60 failed: reg_full_MNAR_0.5_3/
[Errno 2] No such file or directory: '/common/ketrong/tpotexp/tpot2/ImputerExperiments/data/r/42712/reg_full_MNAR_0.5_3/all_scores.pkl'
Traceback (most recent call last):
  File "/common/ketrong/tpotexp/tpot2/ImputerExperiments/Locally_run_code/viewreg.py", line 265, in <module>
    with open(normalpath + 'all_scores.pkl', 'rb') as file:
FileNotFoundError: [Errno 2] No such file or directory: '/common/ketrong/tpotexp/tpot2/ImputerExperiments/data/r/42712/reg_full_MNAR_0.5_3/all_scores.pkl'

42712 17 failed: reg_simple_MAR_0.01_1/
[Errno 2] No such file or directory: '/common/ketrong/tpotexp/tpot2/ImputerExperiments/data/r/42712/reg_simple_MAR_0.01_1/all_scores.pkl'
Traceback (most recent call last):
  File "/common/ketrong/tpotexp/tpot2/ImputerExperiments/Locally_run_code/viewreg.py", line 265, in <module>
    with open(normalpath + 'all_scores.pkl', 'rb') as file:
FileNotFoundError: [Errno 2] No such file or directory: '/common/ketrong/tpotexp/tpot2/ImputerExperiments/data/r/42712/reg_simple_MAR_0.01_1/all_scores.pkl'

42712 41 failed: reg_simple_MAR_0.01_2/
[Errno 2] No such file or directory: '/common/ketrong/tpotexp/tpot2/ImputerExperiments/data/r/42712/reg_simple_MAR_0.01_2/all_scores.pkl'
Traceback (most recent call last):
  File "/common/ketrong/tpotexp/tpot2/ImputerExperiments/Locally_run_code/viewreg.py", line 265, in <module>
    with open(normalpath + 'all_scores.pkl', 'rb') as file:
FileNotFoundError: [Errno 2] No such file or directory: '/common/ketrong/tpotexp/tpot2/ImputerExperiments/data/r/42712/reg_simple_MAR_0.01_2/all_scores.pkl'

42712 65 failed: reg_simple_MAR_0.01_3/
[Errno 2] No such file or directory: '/common/ketrong/tpotexp/tpot2/ImputerExperiments/data/r/42712/reg_simple_MAR_0.01_3/all_scores.pkl'
Traceback (most recent call last):
  File "/common/ketrong/tpotexp/tpot2/ImputerExperiments/Locally_run_code/viewreg.py", line 265, in <module>
    with open(normalpath + 'all_scores.pkl', 'rb') as file:
FileNotFoundError: [Errno 2] No such file or directory: '/common/ketrong/tpotexp/tpot2/ImputerExperiments/data/r/42712/reg_simple_MAR_0.01_3/all_scores.pkl'

42712 18 failed: reg_simple_MAR_0.1_1/
[Errno 2] No such file or directory: '/common/ketrong/tpotexp/tpot2/ImputerExperiments/data/r/42712/reg_simple_MAR_0.1_1/all_scores.pkl'
Traceback (most recent call last):
  File "/common/ketrong/tpotexp/tpot2/ImputerExperiments/Locally_run_code/viewreg.py", line 265, in <module>
    with open(normalpath + 'all_scores.pkl', 'rb') as file:
FileNotFoundError: [Errno 2] No such file or directory: '/common/ketrong/tpotexp/tpot2/ImputerExperiments/data/r/42712/reg_simple_MAR_0.1_1/all_scores.pkl'

42712 42 failed: reg_simple_MAR_0.1_2/
[Errno 2] No such file or directory: '/common/ketrong/tpotexp/tpot2/ImputerExperiments/data/r/42712/reg_simple_MAR_0.1_2/all_scores.pkl'
Traceback (most recent call last):
  File "/common/ketrong/tpotexp/tpot2/ImputerExperiments/Locally_run_code/viewreg.py", line 265, in <module>
    with open(normalpath + 'all_scores.pkl', 'rb') as file:
FileNotFoundError: [Errno 2] No such file or directory: '/common/ketrong/tpotexp/tpot2/ImputerExperiments/data/r/42712/reg_simple_MAR_0.1_2/all_scores.pkl'

42712 66 failed: reg_simple_MAR_0.1_3/
[Errno 2] No such file or directory: '/common/ketrong/tpotexp/tpot2/ImputerExperiments/data/r/42712/reg_simple_MAR_0.1_3/all_scores.pkl'
Traceback (most recent call last):
  File "/common/ketrong/tpotexp/tpot2/ImputerExperiments/Locally_run_code/viewreg.py", line 265, in <module>
    with open(normalpath + 'all_scores.pkl', 'rb') as file:
FileNotFoundError: [Errno 2] No such file or directory: '/common/ketrong/tpotexp/tpot2/ImputerExperiments/data/r/42712/reg_simple_MAR_0.1_3/all_scores.pkl'

42712 19 failed: reg_simple_MAR_0.3_1/
[Errno 2] No such file or directory: '/common/ketrong/tpotexp/tpot2/ImputerExperiments/data/r/42712/reg_simple_MAR_0.3_1/all_scores.pkl'
Traceback (most recent call last):
  File "/common/ketrong/tpotexp/tpot2/ImputerExperiments/Locally_run_code/viewreg.py", line 265, in <module>
    with open(normalpath + 'all_scores.pkl', 'rb') as file:
FileNotFoundError: [Errno 2] No such file or directory: '/common/ketrong/tpotexp/tpot2/ImputerExperiments/data/r/42712/reg_simple_MAR_0.3_1/all_scores.pkl'

42712 43 failed: reg_simple_MAR_0.3_2/
[Errno 2] No such file or directory: '/common/ketrong/tpotexp/tpot2/ImputerExperiments/data/r/42712/reg_simple_MAR_0.3_2/all_scores.pkl'
Traceback (most recent call last):
  File "/common/ketrong/tpotexp/tpot2/ImputerExperiments/Locally_run_code/viewreg.py", line 265, in <module>
    with open(normalpath + 'all_scores.pkl', 'rb') as file:
FileNotFoundError: [Errno 2] No such file or directory: '/common/ketrong/tpotexp/tpot2/ImputerExperiments/data/r/42712/reg_simple_MAR_0.3_2/all_scores.pkl'

42712 67 failed: reg_simple_MAR_0.3_3/
[Errno 2] No such file or directory: '/common/ketrong/tpotexp/tpot2/ImputerExperiments/data/r/42712/reg_simple_MAR_0.3_3/all_scores.pkl'
Traceback (most recent call last):
  File "/common/ketrong/tpotexp/tpot2/ImputerExperiments/Locally_run_code/viewreg.py", line 265, in <module>
    with open(normalpath + 'all_scores.pkl', 'rb') as file:
FileNotFoundError: [Errno 2] No such file or directory: '/common/ketrong/tpotexp/tpot2/ImputerExperiments/data/r/42712/reg_simple_MAR_0.3_3/all_scores.pkl'

42712 20 failed: reg_simple_MAR_0.5_1/
[Errno 2] No such file or directory: '/common/ketrong/tpotexp/tpot2/ImputerExperiments/data/r/42712/reg_simple_MAR_0.5_1/all_scores.pkl'
Traceback (most recent call last):
  File "/common/ketrong/tpotexp/tpot2/ImputerExperiments/Locally_run_code/viewreg.py", line 265, in <module>
    with open(normalpath + 'all_scores.pkl', 'rb') as file:
FileNotFoundError: [Errno 2] No such file or directory: '/common/ketrong/tpotexp/tpot2/ImputerExperiments/data/r/42712/reg_simple_MAR_0.5_1/all_scores.pkl'

42712 44 failed: reg_simple_MAR_0.5_2/
[Errno 2] No such file or directory: '/common/ketrong/tpotexp/tpot2/ImputerExperiments/data/r/42712/reg_simple_MAR_0.5_2/all_scores.pkl'
Traceback (most recent call last):
  File "/common/ketrong/tpotexp/tpot2/ImputerExperiments/Locally_run_code/viewreg.py", line 265, in <module>
    with open(normalpath + 'all_scores.pkl', 'rb') as file:
FileNotFoundError: [Errno 2] No such file or directory: '/common/ketrong/tpotexp/tpot2/ImputerExperiments/data/r/42712/reg_simple_MAR_0.5_2/all_scores.pkl'

42712 68 failed: reg_simple_MAR_0.5_3/
[Errno 2] No such file or directory: '/common/ketrong/tpotexp/tpot2/ImputerExperiments/data/r/42712/reg_simple_MAR_0.5_3/all_scores.pkl'
Traceback (most recent call last):
  File "/common/ketrong/tpotexp/tpot2/ImputerExperiments/Locally_run_code/viewreg.py", line 265, in <module>
    with open(normalpath + 'all_scores.pkl', 'rb') as file:
FileNotFoundError: [Errno 2] No such file or directory: '/common/ketrong/tpotexp/tpot2/ImputerExperiments/data/r/42712/reg_simple_MAR_0.5_3/all_scores.pkl'

42712 13 failed: reg_simple_MCAR_0.01_1/
[Errno 2] No such file or directory: '/common/ketrong/tpotexp/tpot2/ImputerExperiments/data/r/42712/reg_simple_MCAR_0.01_1/all_scores.pkl'
Traceback (most recent call last):
  File "/common/ketrong/tpotexp/tpot2/ImputerExperiments/Locally_run_code/viewreg.py", line 265, in <module>
    with open(normalpath + 'all_scores.pkl', 'rb') as file:
FileNotFoundError: [Errno 2] No such file or directory: '/common/ketrong/tpotexp/tpot2/ImputerExperiments/data/r/42712/reg_simple_MCAR_0.01_1/all_scores.pkl'

42712 37 failed: reg_simple_MCAR_0.01_2/
[Errno 2] No such file or directory: '/common/ketrong/tpotexp/tpot2/ImputerExperiments/data/r/42712/reg_simple_MCAR_0.01_2/all_scores.pkl'
Traceback (most recent call last):
  File "/common/ketrong/tpotexp/tpot2/ImputerExperiments/Locally_run_code/viewreg.py", line 265, in <module>
    with open(normalpath + 'all_scores.pkl', 'rb') as file:
FileNotFoundError: [Errno 2] No such file or directory: '/common/ketrong/tpotexp/tpot2/ImputerExperiments/data/r/42712/reg_simple_MCAR_0.01_2/all_scores.pkl'

42712 61 failed: reg_simple_MCAR_0.01_3/
[Errno 2] No such file or directory: '/common/ketrong/tpotexp/tpot2/ImputerExperiments/data/r/42712/reg_simple_MCAR_0.01_3/all_scores.pkl'
Traceback (most recent call last):
  File "/common/ketrong/tpotexp/tpot2/ImputerExperiments/Locally_run_code/viewreg.py", line 265, in <module>
    with open(normalpath + 'all_scores.pkl', 'rb') as file:
FileNotFoundError: [Errno 2] No such file or directory: '/common/ketrong/tpotexp/tpot2/ImputerExperiments/data/r/42712/reg_simple_MCAR_0.01_3/all_scores.pkl'

42712 14 failed: reg_simple_MCAR_0.1_1/
[Errno 2] No such file or directory: '/common/ketrong/tpotexp/tpot2/ImputerExperiments/data/r/42712/reg_simple_MCAR_0.1_1/all_scores.pkl'
Traceback (most recent call last):
  File "/common/ketrong/tpotexp/tpot2/ImputerExperiments/Locally_run_code/viewreg.py", line 265, in <module>
    with open(normalpath + 'all_scores.pkl', 'rb') as file:
FileNotFoundError: [Errno 2] No such file or directory: '/common/ketrong/tpotexp/tpot2/ImputerExperiments/data/r/42712/reg_simple_MCAR_0.1_1/all_scores.pkl'

42712 38 failed: reg_simple_MCAR_0.1_2/
[Errno 2] No such file or directory: '/common/ketrong/tpotexp/tpot2/ImputerExperiments/data/r/42712/reg_simple_MCAR_0.1_2/all_scores.pkl'
Traceback (most recent call last):
  File "/common/ketrong/tpotexp/tpot2/ImputerExperiments/Locally_run_code/viewreg.py", line 265, in <module>
    with open(normalpath + 'all_scores.pkl', 'rb') as file:
FileNotFoundError: [Errno 2] No such file or directory: '/common/ketrong/tpotexp/tpot2/ImputerExperiments/data/r/42712/reg_simple_MCAR_0.1_2/all_scores.pkl'

42712 62 failed: reg_simple_MCAR_0.1_3/
[Errno 2] No such file or directory: '/common/ketrong/tpotexp/tpot2/ImputerExperiments/data/r/42712/reg_simple_MCAR_0.1_3/all_scores.pkl'
Traceback (most recent call last):
  File "/common/ketrong/tpotexp/tpot2/ImputerExperiments/Locally_run_code/viewreg.py", line 265, in <module>
    with open(normalpath + 'all_scores.pkl', 'rb') as file:
FileNotFoundError: [Errno 2] No such file or directory: '/common/ketrong/tpotexp/tpot2/ImputerExperiments/data/r/42712/reg_simple_MCAR_0.1_3/all_scores.pkl'

42712 15 failed: reg_simple_MCAR_0.3_1/
[Errno 2] No such file or directory: '/common/ketrong/tpotexp/tpot2/ImputerExperiments/data/r/42712/reg_simple_MCAR_0.3_1/all_scores.pkl'
Traceback (most recent call last):
  File "/common/ketrong/tpotexp/tpot2/ImputerExperiments/Locally_run_code/viewreg.py", line 265, in <module>
    with open(normalpath + 'all_scores.pkl', 'rb') as file:
FileNotFoundError: [Errno 2] No such file or directory: '/common/ketrong/tpotexp/tpot2/ImputerExperiments/data/r/42712/reg_simple_MCAR_0.3_1/all_scores.pkl'

42712 39 failed: reg_simple_MCAR_0.3_2/
[Errno 2] No such file or directory: '/common/ketrong/tpotexp/tpot2/ImputerExperiments/data/r/42712/reg_simple_MCAR_0.3_2/all_scores.pkl'
Traceback (most recent call last):
  File "/common/ketrong/tpotexp/tpot2/ImputerExperiments/Locally_run_code/viewreg.py", line 265, in <module>
    with open(normalpath + 'all_scores.pkl', 'rb') as file:
FileNotFoundError: [Errno 2] No such file or directory: '/common/ketrong/tpotexp/tpot2/ImputerExperiments/data/r/42712/reg_simple_MCAR_0.3_2/all_scores.pkl'

42712 63 failed: reg_simple_MCAR_0.3_3/
[Errno 2] No such file or directory: '/common/ketrong/tpotexp/tpot2/ImputerExperiments/data/r/42712/reg_simple_MCAR_0.3_3/all_scores.pkl'
Traceback (most recent call last):
  File "/common/ketrong/tpotexp/tpot2/ImputerExperiments/Locally_run_code/viewreg.py", line 265, in <module>
    with open(normalpath + 'all_scores.pkl', 'rb') as file:
FileNotFoundError: [Errno 2] No such file or directory: '/common/ketrong/tpotexp/tpot2/ImputerExperiments/data/r/42712/reg_simple_MCAR_0.3_3/all_scores.pkl'

42712 16 failed: reg_simple_MCAR_0.5_1/
[Errno 2] No such file or directory: '/common/ketrong/tpotexp/tpot2/ImputerExperiments/data/r/42712/reg_simple_MCAR_0.5_1/all_scores.pkl'
Traceback (most recent call last):
  File "/common/ketrong/tpotexp/tpot2/ImputerExperiments/Locally_run_code/viewreg.py", line 265, in <module>
    with open(normalpath + 'all_scores.pkl', 'rb') as file:
FileNotFoundError: [Errno 2] No such file or directory: '/common/ketrong/tpotexp/tpot2/ImputerExperiments/data/r/42712/reg_simple_MCAR_0.5_1/all_scores.pkl'

42712 40 failed: reg_simple_MCAR_0.5_2/
[Errno 2] No such file or directory: '/common/ketrong/tpotexp/tpot2/ImputerExperiments/data/r/42712/reg_simple_MCAR_0.5_2/all_scores.pkl'
Traceback (most recent call last):
  File "/common/ketrong/tpotexp/tpot2/ImputerExperiments/Locally_run_code/viewreg.py", line 265, in <module>
    with open(normalpath + 'all_scores.pkl', 'rb') as file:
FileNotFoundError: [Errno 2] No such file or directory: '/common/ketrong/tpotexp/tpot2/ImputerExperiments/data/r/42712/reg_simple_MCAR_0.5_2/all_scores.pkl'

42712 64 failed: reg_simple_MCAR_0.5_3/
[Errno 2] No such file or directory: '/common/ketrong/tpotexp/tpot2/ImputerExperiments/data/r/42712/reg_simple_MCAR_0.5_3/all_scores.pkl'
Traceback (most recent call last):
  File "/common/ketrong/tpotexp/tpot2/ImputerExperiments/Locally_run_code/viewreg.py", line 265, in <module>
    with open(normalpath + 'all_scores.pkl', 'rb') as file:
FileNotFoundError: [Errno 2] No such file or directory: '/common/ketrong/tpotexp/tpot2/ImputerExperiments/data/r/42712/reg_simple_MCAR_0.5_3/all_scores.pkl'

42712 21 failed: reg_simple_MNAR_0.01_1/
[Errno 2] No such file or directory: '/common/ketrong/tpotexp/tpot2/ImputerExperiments/data/r/42712/reg_simple_MNAR_0.01_1/all_scores.pkl'
Traceback (most recent call last):
  File "/common/ketrong/tpotexp/tpot2/ImputerExperiments/Locally_run_code/viewreg.py", line 265, in <module>
    with open(normalpath + 'all_scores.pkl', 'rb') as file:
FileNotFoundError: [Errno 2] No such file or directory: '/common/ketrong/tpotexp/tpot2/ImputerExperiments/data/r/42712/reg_simple_MNAR_0.01_1/all_scores.pkl'

42712 45 failed: reg_simple_MNAR_0.01_2/
[Errno 2] No such file or directory: '/common/ketrong/tpotexp/tpot2/ImputerExperiments/data/r/42712/reg_simple_MNAR_0.01_2/all_scores.pkl'
Traceback (most recent call last):
  File "/common/ketrong/tpotexp/tpot2/ImputerExperiments/Locally_run_code/viewreg.py", line 265, in <module>
    with open(normalpath + 'all_scores.pkl', 'rb') as file:
FileNotFoundError: [Errno 2] No such file or directory: '/common/ketrong/tpotexp/tpot2/ImputerExperiments/data/r/42712/reg_simple_MNAR_0.01_2/all_scores.pkl'

42712 69 failed: reg_simple_MNAR_0.01_3/
[Errno 2] No such file or directory: '/common/ketrong/tpotexp/tpot2/ImputerExperiments/data/r/42712/reg_simple_MNAR_0.01_3/all_scores.pkl'
Traceback (most recent call last):
  File "/common/ketrong/tpotexp/tpot2/ImputerExperiments/Locally_run_code/viewreg.py", line 265, in <module>
    with open(normalpath + 'all_scores.pkl', 'rb') as file:
FileNotFoundError: [Errno 2] No such file or directory: '/common/ketrong/tpotexp/tpot2/ImputerExperiments/data/r/42712/reg_simple_MNAR_0.01_3/all_scores.pkl'

42712 22 failed: reg_simple_MNAR_0.1_1/
[Errno 2] No such file or directory: '/common/ketrong/tpotexp/tpot2/ImputerExperiments/data/r/42712/reg_simple_MNAR_0.1_1/all_scores.pkl'
Traceback (most recent call last):
  File "/common/ketrong/tpotexp/tpot2/ImputerExperiments/Locally_run_code/viewreg.py", line 265, in <module>
    with open(normalpath + 'all_scores.pkl', 'rb') as file:
FileNotFoundError: [Errno 2] No such file or directory: '/common/ketrong/tpotexp/tpot2/ImputerExperiments/data/r/42712/reg_simple_MNAR_0.1_1/all_scores.pkl'

42712 46 failed: reg_simple_MNAR_0.1_2/
[Errno 2] No such file or directory: '/common/ketrong/tpotexp/tpot2/ImputerExperiments/data/r/42712/reg_simple_MNAR_0.1_2/all_scores.pkl'
Traceback (most recent call last):
  File "/common/ketrong/tpotexp/tpot2/ImputerExperiments/Locally_run_code/viewreg.py", line 265, in <module>
    with open(normalpath + 'all_scores.pkl', 'rb') as file:
FileNotFoundError: [Errno 2] No such file or directory: '/common/ketrong/tpotexp/tpot2/ImputerExperiments/data/r/42712/reg_simple_MNAR_0.1_2/all_scores.pkl'

42712 70 failed: reg_simple_MNAR_0.1_3/
[Errno 2] No such file or directory: '/common/ketrong/tpotexp/tpot2/ImputerExperiments/data/r/42712/reg_simple_MNAR_0.1_3/all_scores.pkl'
Traceback (most recent call last):
  File "/common/ketrong/tpotexp/tpot2/ImputerExperiments/Locally_run_code/viewreg.py", line 265, in <module>
    with open(normalpath + 'all_scores.pkl', 'rb') as file:
FileNotFoundError: [Errno 2] No such file or directory: '/common/ketrong/tpotexp/tpot2/ImputerExperiments/data/r/42712/reg_simple_MNAR_0.1_3/all_scores.pkl'

42712 23 failed: reg_simple_MNAR_0.3_1/
[Errno 2] No such file or directory: '/common/ketrong/tpotexp/tpot2/ImputerExperiments/data/r/42712/reg_simple_MNAR_0.3_1/all_scores.pkl'
Traceback (most recent call last):
  File "/common/ketrong/tpotexp/tpot2/ImputerExperiments/Locally_run_code/viewreg.py", line 265, in <module>
    with open(normalpath + 'all_scores.pkl', 'rb') as file:
FileNotFoundError: [Errno 2] No such file or directory: '/common/ketrong/tpotexp/tpot2/ImputerExperiments/data/r/42712/reg_simple_MNAR_0.3_1/all_scores.pkl'

42712 47 failed: reg_simple_MNAR_0.3_2/
[Errno 2] No such file or directory: '/common/ketrong/tpotexp/tpot2/ImputerExperiments/data/r/42712/reg_simple_MNAR_0.3_2/all_scores.pkl'
Traceback (most recent call last):
  File "/common/ketrong/tpotexp/tpot2/ImputerExperiments/Locally_run_code/viewreg.py", line 265, in <module>
    with open(normalpath + 'all_scores.pkl', 'rb') as file:
FileNotFoundError: [Errno 2] No such file or directory: '/common/ketrong/tpotexp/tpot2/ImputerExperiments/data/r/42712/reg_simple_MNAR_0.3_2/all_scores.pkl'

42712 71 failed: reg_simple_MNAR_0.3_3/
[Errno 2] No such file or directory: '/common/ketrong/tpotexp/tpot2/ImputerExperiments/data/r/42712/reg_simple_MNAR_0.3_3/all_scores.pkl'
Traceback (most recent call last):
  File "/common/ketrong/tpotexp/tpot2/ImputerExperiments/Locally_run_code/viewreg.py", line 265, in <module>
    with open(normalpath + 'all_scores.pkl', 'rb') as file:
FileNotFoundError: [Errno 2] No such file or directory: '/common/ketrong/tpotexp/tpot2/ImputerExperiments/data/r/42712/reg_simple_MNAR_0.3_3/all_scores.pkl'

42712 24 failed: reg_simple_MNAR_0.5_1/
[Errno 2] No such file or directory: '/common/ketrong/tpotexp/tpot2/ImputerExperiments/data/r/42712/reg_simple_MNAR_0.5_1/all_scores.pkl'
Traceback (most recent call last):
  File "/common/ketrong/tpotexp/tpot2/ImputerExperiments/Locally_run_code/viewreg.py", line 265, in <module>
    with open(normalpath + 'all_scores.pkl', 'rb') as file:
FileNotFoundError: [Errno 2] No such file or directory: '/common/ketrong/tpotexp/tpot2/ImputerExperiments/data/r/42712/reg_simple_MNAR_0.5_1/all_scores.pkl'

42712 48 failed: reg_simple_MNAR_0.5_2/
[Errno 2] No such file or directory: '/common/ketrong/tpotexp/tpot2/ImputerExperiments/data/r/42712/reg_simple_MNAR_0.5_2/all_scores.pkl'
Traceback (most recent call last):
  File "/common/ketrong/tpotexp/tpot2/ImputerExperiments/Locally_run_code/viewreg.py", line 265, in <module>
    with open(normalpath + 'all_scores.pkl', 'rb') as file:
FileNotFoundError: [Errno 2] No such file or directory: '/common/ketrong/tpotexp/tpot2/ImputerExperiments/data/r/42712/reg_simple_MNAR_0.5_2/all_scores.pkl'

42712 72 failed: reg_simple_MNAR_0.5_3/
[Errno 2] No such file or directory: '/common/ketrong/tpotexp/tpot2/ImputerExperiments/data/r/42712/reg_simple_MNAR_0.5_3/all_scores.pkl'
Traceback (most recent call last):
  File "/common/ketrong/tpotexp/tpot2/ImputerExperiments/Locally_run_code/viewreg.py", line 265, in <module>
    with open(normalpath + 'all_scores.pkl', 'rb') as file:
FileNotFoundError: [Errno 2] No such file or directory: '/common/ketrong/tpotexp/tpot2/ImputerExperiments/data/r/42712/reg_simple_MNAR_0.5_3/all_scores.pkl'

42712complete
287 5 passed: reg_full_MAR_0.01_1/
287 29 passed: reg_full_MAR_0.01_2/
287 53 passed: reg_full_MAR_0.01_3/
287 6 passed: reg_full_MAR_0.1_1/
287 30 passed: reg_full_MAR_0.1_2/
287 54 passed: reg_full_MAR_0.1_3/
287 7 passed: reg_full_MAR_0.3_1/
287 31 passed: reg_full_MAR_0.3_2/
287 55 passed: reg_full_MAR_0.3_3/
287 8 passed: reg_full_MAR_0.5_1/
287 32 passed: reg_full_MAR_0.5_2/
287 56 passed: reg_full_MAR_0.5_3/
287 1 passed: reg_full_MCAR_0.01_1/
287 25 passed: reg_full_MCAR_0.01_2/
287 49 passed: reg_full_MCAR_0.01_3/
287 2 passed: reg_full_MCAR_0.1_1/
287 26 passed: reg_full_MCAR_0.1_2/
287 50 passed: reg_full_MCAR_0.1_3/
287 3 passed: reg_full_MCAR_0.3_1/
287 27 passed: reg_full_MCAR_0.3_2/
287 51 passed: reg_full_MCAR_0.3_3/
287 4 passed: reg_full_MCAR_0.5_1/
287 28 passed: reg_full_MCAR_0.5_2/
287 52 passed: reg_full_MCAR_0.5_3/
287 9 passed: reg_full_MNAR_0.01_1/
287 33 passed: reg_full_MNAR_0.01_2/
287 57 passed: reg_full_MNAR_0.01_3/
287 10 passed: reg_full_MNAR_0.1_1/
287 34 passed: reg_full_MNAR_0.1_2/
287 58 passed: reg_full_MNAR_0.1_3/
287 11 passed: reg_full_MNAR_0.3_1/
287 35 passed: reg_full_MNAR_0.3_2/
287 59 passed: reg_full_MNAR_0.3_3/
287 12 passed: reg_full_MNAR_0.5_1/
287 36 passed: reg_full_MNAR_0.5_2/
287 60 passed: reg_full_MNAR_0.5_3/
287 17 passed: reg_simple_MAR_0.01_1/
287 41 passed: reg_simple_MAR_0.01_2/
287 65 passed: reg_simple_MAR_0.01_3/
287 18 passed: reg_simple_MAR_0.1_1/
287 42 passed: reg_simple_MAR_0.1_2/
287 66 passed: reg_simple_MAR_0.1_3/
287 19 passed: reg_simple_MAR_0.3_1/
287 43 passed: reg_simple_MAR_0.3_2/
287 67 passed: reg_simple_MAR_0.3_3/
287 20 passed: reg_simple_MAR_0.5_1/
287 44 passed: reg_simple_MAR_0.5_2/
287 68 passed: reg_simple_MAR_0.5_3/
287 13 passed: reg_simple_MCAR_0.01_1/
287 37 passed: reg_simple_MCAR_0.01_2/
287 61 passed: reg_simple_MCAR_0.01_3/
287 14 passed: reg_simple_MCAR_0.1_1/
287 38 passed: reg_simple_MCAR_0.1_2/
287 62 passed: reg_simple_MCAR_0.1_3/
287 15 passed: reg_simple_MCAR_0.3_1/
287 39 passed: reg_simple_MCAR_0.3_2/
287 63 passed: reg_simple_MCAR_0.3_3/
287 16 passed: reg_simple_MCAR_0.5_1/
287 40 passed: reg_simple_MCAR_0.5_2/
287 64 passed: reg_simple_MCAR_0.5_3/
287 21 passed: reg_simple_MNAR_0.01_1/
287 45 passed: reg_simple_MNAR_0.01_2/
287 69 passed: reg_simple_MNAR_0.01_3/
287 22 passed: reg_simple_MNAR_0.1_1/
287 46 passed: reg_simple_MNAR_0.1_2/
287 70 passed: reg_simple_MNAR_0.1_3/
287 23 passed: reg_simple_MNAR_0.3_1/
287 47 passed: reg_simple_MNAR_0.3_2/
287 71 passed: reg_simple_MNAR_0.3_3/
287 24 passed: reg_simple_MNAR_0.5_1/
287 48 passed: reg_simple_MNAR_0.5_2/
287 72 passed: reg_simple_MNAR_0.5_3/
287complete
42688 5 passed: reg_full_MAR_0.01_1/
42688 29 passed: reg_full_MAR_0.01_2/
42688 53 passed: reg_full_MAR_0.01_3/
42688 6 passed: reg_full_MAR_0.1_1/
42688 30 passed: reg_full_MAR_0.1_2/
42688 54 passed: reg_full_MAR_0.1_3/
42688 7 passed: reg_full_MAR_0.3_1/
42688 31 passed: reg_full_MAR_0.3_2/
42688 55 passed: reg_full_MAR_0.3_3/
42688 8 passed: reg_full_MAR_0.5_1/
42688 32 passed: reg_full_MAR_0.5_2/
42688 56 passed: reg_full_MAR_0.5_3/
42688 1 passed: reg_full_MCAR_0.01_1/
42688 25 passed: reg_full_MCAR_0.01_2/
42688 49 passed: reg_full_MCAR_0.01_3/
42688 2 passed: reg_full_MCAR_0.1_1/
42688 26 passed: reg_full_MCAR_0.1_2/
42688 50 passed: reg_full_MCAR_0.1_3/
42688 3 passed: reg_full_MCAR_0.3_1/
42688 27 passed: reg_full_MCAR_0.3_2/
42688 51 passed: reg_full_MCAR_0.3_3/
42688 4 passed: reg_full_MCAR_0.5_1/
42688 28 passed: reg_full_MCAR_0.5_2/
42688 52 passed: reg_full_MCAR_0.5_3/
42688 9 passed: reg_full_MNAR_0.01_1/
42688 33 passed: reg_full_MNAR_0.01_2/
42688 57 passed: reg_full_MNAR_0.01_3/
42688 10 passed: reg_full_MNAR_0.1_1/
42688 34 passed: reg_full_MNAR_0.1_2/
42688 58 passed: reg_full_MNAR_0.1_3/
42688 11 passed: reg_full_MNAR_0.3_1/
42688 35 passed: reg_full_MNAR_0.3_2/
42688 59 passed: reg_full_MNAR_0.3_3/
42688 12 passed: reg_full_MNAR_0.5_1/
42688 36 passed: reg_full_MNAR_0.5_2/
42688 60 passed: reg_full_MNAR_0.5_3/
42688 17 passed: reg_simple_MAR_0.01_1/
42688 41 passed: reg_simple_MAR_0.01_2/
42688 65 passed: reg_simple_MAR_0.01_3/
42688 18 passed: reg_simple_MAR_0.1_1/
42688 42 passed: reg_simple_MAR_0.1_2/
42688 66 passed: reg_simple_MAR_0.1_3/
42688 19 passed: reg_simple_MAR_0.3_1/
42688 43 passed: reg_simple_MAR_0.3_2/
42688 67 passed: reg_simple_MAR_0.3_3/
42688 20 passed: reg_simple_MAR_0.5_1/
42688 44 passed: reg_simple_MAR_0.5_2/
42688 68 passed: reg_simple_MAR_0.5_3/
42688 13 passed: reg_simple_MCAR_0.01_1/
42688 37 passed: reg_simple_MCAR_0.01_2/
42688 61 passed: reg_simple_MCAR_0.01_3/
42688 14 passed: reg_simple_MCAR_0.1_1/
42688 38 passed: reg_simple_MCAR_0.1_2/
42688 62 passed: reg_simple_MCAR_0.1_3/
42688 15 passed: reg_simple_MCAR_0.3_1/
42688 39 passed: reg_simple_MCAR_0.3_2/
42688 63 passed: reg_simple_MCAR_0.3_3/
42688 16 passed: reg_simple_MCAR_0.5_1/
42688 40 passed: reg_simple_MCAR_0.5_2/
42688 64 passed: reg_simple_MCAR_0.5_3/
42688 21 passed: reg_simple_MNAR_0.01_1/
42688 45 passed: reg_simple_MNAR_0.01_2/
42688 69 passed: reg_simple_MNAR_0.01_3/
42688 22 passed: reg_simple_MNAR_0.1_1/
42688 46 passed: reg_simple_MNAR_0.1_2/
42688 70 passed: reg_simple_MNAR_0.1_3/
42688 23 passed: reg_simple_MNAR_0.3_1/
42688 47 passed: reg_simple_MNAR_0.3_2/
42688 71 passed: reg_simple_MNAR_0.3_3/
42688 24 passed: reg_simple_MNAR_0.5_1/
42688 48 passed: reg_simple_MNAR_0.5_2/
42688 72 passed: reg_simple_MNAR_0.5_3/
42688complete
23515 5 passed: reg_full_MAR_0.01_1/
23515 29 failed: reg_full_MAR_0.01_2/
[Errno 2] No such file or directory: '/common/ketrong/tpotexp/tpot2/ImputerExperiments/data/r/23515/reg_full_MAR_0.01_2/all_scores.pkl'
Traceback (most recent call last):
  File "/common/ketrong/tpotexp/tpot2/ImputerExperiments/Locally_run_code/viewreg.py", line 265, in <module>
    with open(normalpath + 'all_scores.pkl', 'rb') as file:
FileNotFoundError: [Errno 2] No such file or directory: '/common/ketrong/tpotexp/tpot2/ImputerExperiments/data/r/23515/reg_full_MAR_0.01_2/all_scores.pkl'

23515 53 failed: reg_full_MAR_0.01_3/
[Errno 2] No such file or directory: '/common/ketrong/tpotexp/tpot2/ImputerExperiments/data/r/23515/reg_full_MAR_0.01_3/all_scores.pkl'
Traceback (most recent call last):
  File "/common/ketrong/tpotexp/tpot2/ImputerExperiments/Locally_run_code/viewreg.py", line 265, in <module>
    with open(normalpath + 'all_scores.pkl', 'rb') as file:
FileNotFoundError: [Errno 2] No such file or directory: '/common/ketrong/tpotexp/tpot2/ImputerExperiments/data/r/23515/reg_full_MAR_0.01_3/all_scores.pkl'

23515 6 failed: reg_full_MAR_0.1_1/
[Errno 2] No such file or directory: '/common/ketrong/tpotexp/tpot2/ImputerExperiments/data/r/23515/reg_full_MAR_0.1_1/all_scores.pkl'
Traceback (most recent call last):
  File "/common/ketrong/tpotexp/tpot2/ImputerExperiments/Locally_run_code/viewreg.py", line 265, in <module>
    with open(normalpath + 'all_scores.pkl', 'rb') as file:
FileNotFoundError: [Errno 2] No such file or directory: '/common/ketrong/tpotexp/tpot2/ImputerExperiments/data/r/23515/reg_full_MAR_0.1_1/all_scores.pkl'

23515 30 failed: reg_full_MAR_0.1_2/
[Errno 2] No such file or directory: '/common/ketrong/tpotexp/tpot2/ImputerExperiments/data/r/23515/reg_full_MAR_0.1_2/all_scores.pkl'
Traceback (most recent call last):
  File "/common/ketrong/tpotexp/tpot2/ImputerExperiments/Locally_run_code/viewreg.py", line 265, in <module>
    with open(normalpath + 'all_scores.pkl', 'rb') as file:
FileNotFoundError: [Errno 2] No such file or directory: '/common/ketrong/tpotexp/tpot2/ImputerExperiments/data/r/23515/reg_full_MAR_0.1_2/all_scores.pkl'

23515 54 passed: reg_full_MAR_0.1_3/
23515 7 failed: reg_full_MAR_0.3_1/
[Errno 2] No such file or directory: '/common/ketrong/tpotexp/tpot2/ImputerExperiments/data/r/23515/reg_full_MAR_0.3_1/tpot_space_scores.pkl'
Traceback (most recent call last):
  File "/common/ketrong/tpotexp/tpot2/ImputerExperiments/Locally_run_code/viewreg.py", line 270, in <module>
    with open(imputepath + 'tpot_space_scores.pkl', 'rb') as file:
FileNotFoundError: [Errno 2] No such file or directory: '/common/ketrong/tpotexp/tpot2/ImputerExperiments/data/r/23515/reg_full_MAR_0.3_1/tpot_space_scores.pkl'

23515 31 failed: reg_full_MAR_0.3_2/
[Errno 2] No such file or directory: '/common/ketrong/tpotexp/tpot2/ImputerExperiments/data/r/23515/reg_full_MAR_0.3_2/all_scores.pkl'
Traceback (most recent call last):
  File "/common/ketrong/tpotexp/tpot2/ImputerExperiments/Locally_run_code/viewreg.py", line 265, in <module>
    with open(normalpath + 'all_scores.pkl', 'rb') as file:
FileNotFoundError: [Errno 2] No such file or directory: '/common/ketrong/tpotexp/tpot2/ImputerExperiments/data/r/23515/reg_full_MAR_0.3_2/all_scores.pkl'

23515 55 failed: reg_full_MAR_0.3_3/
[Errno 2] No such file or directory: '/common/ketrong/tpotexp/tpot2/ImputerExperiments/data/r/23515/reg_full_MAR_0.3_3/tpot_space_scores.pkl'
Traceback (most recent call last):
  File "/common/ketrong/tpotexp/tpot2/ImputerExperiments/Locally_run_code/viewreg.py", line 270, in <module>
    with open(imputepath + 'tpot_space_scores.pkl', 'rb') as file:
FileNotFoundError: [Errno 2] No such file or directory: '/common/ketrong/tpotexp/tpot2/ImputerExperiments/data/r/23515/reg_full_MAR_0.3_3/tpot_space_scores.pkl'

23515 8 failed: reg_full_MAR_0.5_1/
[Errno 2] No such file or directory: '/common/ketrong/tpotexp/tpot2/ImputerExperiments/data/r/23515/reg_full_MAR_0.5_1/tpot_space_scores.pkl'
Traceback (most recent call last):
  File "/common/ketrong/tpotexp/tpot2/ImputerExperiments/Locally_run_code/viewreg.py", line 270, in <module>
    with open(imputepath + 'tpot_space_scores.pkl', 'rb') as file:
FileNotFoundError: [Errno 2] No such file or directory: '/common/ketrong/tpotexp/tpot2/ImputerExperiments/data/r/23515/reg_full_MAR_0.5_1/tpot_space_scores.pkl'

23515 32 failed: reg_full_MAR_0.5_2/
[Errno 2] No such file or directory: '/common/ketrong/tpotexp/tpot2/ImputerExperiments/data/r/23515/reg_full_MAR_0.5_2/all_scores.pkl'
Traceback (most recent call last):
  File "/common/ketrong/tpotexp/tpot2/ImputerExperiments/Locally_run_code/viewreg.py", line 265, in <module>
    with open(normalpath + 'all_scores.pkl', 'rb') as file:
FileNotFoundError: [Errno 2] No such file or directory: '/common/ketrong/tpotexp/tpot2/ImputerExperiments/data/r/23515/reg_full_MAR_0.5_2/all_scores.pkl'

23515 56 failed: reg_full_MAR_0.5_3/
[Errno 2] No such file or directory: '/common/ketrong/tpotexp/tpot2/ImputerExperiments/data/r/23515/reg_full_MAR_0.5_3/all_scores.pkl'
Traceback (most recent call last):
  File "/common/ketrong/tpotexp/tpot2/ImputerExperiments/Locally_run_code/viewreg.py", line 265, in <module>
    with open(normalpath + 'all_scores.pkl', 'rb') as file:
FileNotFoundError: [Errno 2] No such file or directory: '/common/ketrong/tpotexp/tpot2/ImputerExperiments/data/r/23515/reg_full_MAR_0.5_3/all_scores.pkl'

23515 1 failed: reg_full_MCAR_0.01_1/
[Errno 2] No such file or directory: '/common/ketrong/tpotexp/tpot2/ImputerExperiments/data/r/23515/reg_full_MCAR_0.01_1/tpot_space_scores.pkl'
Traceback (most recent call last):
  File "/common/ketrong/tpotexp/tpot2/ImputerExperiments/Locally_run_code/viewreg.py", line 270, in <module>
    with open(imputepath + 'tpot_space_scores.pkl', 'rb') as file:
FileNotFoundError: [Errno 2] No such file or directory: '/common/ketrong/tpotexp/tpot2/ImputerExperiments/data/r/23515/reg_full_MCAR_0.01_1/tpot_space_scores.pkl'

23515 25 passed: reg_full_MCAR_0.01_2/
23515 49 failed: reg_full_MCAR_0.01_3/
[Errno 2] No such file or directory: '/common/ketrong/tpotexp/tpot2/ImputerExperiments/data/r/23515/reg_full_MCAR_0.01_3/all_scores.pkl'
Traceback (most recent call last):
  File "/common/ketrong/tpotexp/tpot2/ImputerExperiments/Locally_run_code/viewreg.py", line 265, in <module>
    with open(normalpath + 'all_scores.pkl', 'rb') as file:
FileNotFoundError: [Errno 2] No such file or directory: '/common/ketrong/tpotexp/tpot2/ImputerExperiments/data/r/23515/reg_full_MCAR_0.01_3/all_scores.pkl'

23515 2 failed: reg_full_MCAR_0.1_1/
[Errno 2] No such file or directory: '/common/ketrong/tpotexp/tpot2/ImputerExperiments/data/r/23515/reg_full_MCAR_0.1_1/tpot_space_scores.pkl'
Traceback (most recent call last):
  File "/common/ketrong/tpotexp/tpot2/ImputerExperiments/Locally_run_code/viewreg.py", line 270, in <module>
    with open(imputepath + 'tpot_space_scores.pkl', 'rb') as file:
FileNotFoundError: [Errno 2] No such file or directory: '/common/ketrong/tpotexp/tpot2/ImputerExperiments/data/r/23515/reg_full_MCAR_0.1_1/tpot_space_scores.pkl'

23515 26 failed: reg_full_MCAR_0.1_2/
[Errno 2] No such file or directory: '/common/ketrong/tpotexp/tpot2/ImputerExperiments/data/r/23515/reg_full_MCAR_0.1_2/all_scores.pkl'
Traceback (most recent call last):
  File "/common/ketrong/tpotexp/tpot2/ImputerExperiments/Locally_run_code/viewreg.py", line 265, in <module>
    with open(normalpath + 'all_scores.pkl', 'rb') as file:
FileNotFoundError: [Errno 2] No such file or directory: '/common/ketrong/tpotexp/tpot2/ImputerExperiments/data/r/23515/reg_full_MCAR_0.1_2/all_scores.pkl'

23515 50 failed: reg_full_MCAR_0.1_3/
[Errno 2] No such file or directory: '/common/ketrong/tpotexp/tpot2/ImputerExperiments/data/r/23515/reg_full_MCAR_0.1_3/all_scores.pkl'
Traceback (most recent call last):
  File "/common/ketrong/tpotexp/tpot2/ImputerExperiments/Locally_run_code/viewreg.py", line 265, in <module>
    with open(normalpath + 'all_scores.pkl', 'rb') as file:
FileNotFoundError: [Errno 2] No such file or directory: '/common/ketrong/tpotexp/tpot2/ImputerExperiments/data/r/23515/reg_full_MCAR_0.1_3/all_scores.pkl'

23515 3 failed: reg_full_MCAR_0.3_1/
[Errno 2] No such file or directory: '/common/ketrong/tpotexp/tpot2/ImputerExperiments/data/r/23515/reg_full_MCAR_0.3_1/all_scores.pkl'
Traceback (most recent call last):
  File "/common/ketrong/tpotexp/tpot2/ImputerExperiments/Locally_run_code/viewreg.py", line 265, in <module>
    with open(normalpath + 'all_scores.pkl', 'rb') as file:
FileNotFoundError: [Errno 2] No such file or directory: '/common/ketrong/tpotexp/tpot2/ImputerExperiments/data/r/23515/reg_full_MCAR_0.3_1/all_scores.pkl'

23515 27 passed: reg_full_MCAR_0.3_2/
23515 51 failed: reg_full_MCAR_0.3_3/
[Errno 2] No such file or directory: '/common/ketrong/tpotexp/tpot2/ImputerExperiments/data/r/23515/reg_full_MCAR_0.3_3/all_scores.pkl'
Traceback (most recent call last):
  File "/common/ketrong/tpotexp/tpot2/ImputerExperiments/Locally_run_code/viewreg.py", line 265, in <module>
    with open(normalpath + 'all_scores.pkl', 'rb') as file:
FileNotFoundError: [Errno 2] No such file or directory: '/common/ketrong/tpotexp/tpot2/ImputerExperiments/data/r/23515/reg_full_MCAR_0.3_3/all_scores.pkl'

23515 4 failed: reg_full_MCAR_0.5_1/
[Errno 2] No such file or directory: '/common/ketrong/tpotexp/tpot2/ImputerExperiments/data/r/23515/reg_full_MCAR_0.5_1/all_scores.pkl'
Traceback (most recent call last):
  File "/common/ketrong/tpotexp/tpot2/ImputerExperiments/Locally_run_code/viewreg.py", line 265, in <module>
    with open(normalpath + 'all_scores.pkl', 'rb') as file:
FileNotFoundError: [Errno 2] No such file or directory: '/common/ketrong/tpotexp/tpot2/ImputerExperiments/data/r/23515/reg_full_MCAR_0.5_1/all_scores.pkl'

23515 28 passed: reg_full_MCAR_0.5_2/
23515 52 failed: reg_full_MCAR_0.5_3/
[Errno 2] No such file or directory: '/common/ketrong/tpotexp/tpot2/ImputerExperiments/data/r/23515/reg_full_MCAR_0.5_3/all_scores.pkl'
Traceback (most recent call last):
  File "/common/ketrong/tpotexp/tpot2/ImputerExperiments/Locally_run_code/viewreg.py", line 265, in <module>
    with open(normalpath + 'all_scores.pkl', 'rb') as file:
FileNotFoundError: [Errno 2] No such file or directory: '/common/ketrong/tpotexp/tpot2/ImputerExperiments/data/r/23515/reg_full_MCAR_0.5_3/all_scores.pkl'

23515 9 failed: reg_full_MNAR_0.01_1/
[Errno 2] No such file or directory: '/common/ketrong/tpotexp/tpot2/ImputerExperiments/data/r/23515/reg_full_MNAR_0.01_1/all_scores.pkl'
Traceback (most recent call last):
  File "/common/ketrong/tpotexp/tpot2/ImputerExperiments/Locally_run_code/viewreg.py", line 265, in <module>
    with open(normalpath + 'all_scores.pkl', 'rb') as file:
FileNotFoundError: [Errno 2] No such file or directory: '/common/ketrong/tpotexp/tpot2/ImputerExperiments/data/r/23515/reg_full_MNAR_0.01_1/all_scores.pkl'

23515 33 failed: reg_full_MNAR_0.01_2/
[Errno 2] No such file or directory: '/common/ketrong/tpotexp/tpot2/ImputerExperiments/data/r/23515/reg_full_MNAR_0.01_2/tpot_space_scores.pkl'
Traceback (most recent call last):
  File "/common/ketrong/tpotexp/tpot2/ImputerExperiments/Locally_run_code/viewreg.py", line 270, in <module>
    with open(imputepath + 'tpot_space_scores.pkl', 'rb') as file:
FileNotFoundError: [Errno 2] No such file or directory: '/common/ketrong/tpotexp/tpot2/ImputerExperiments/data/r/23515/reg_full_MNAR_0.01_2/tpot_space_scores.pkl'

23515 57 failed: reg_full_MNAR_0.01_3/
[Errno 2] No such file or directory: '/common/ketrong/tpotexp/tpot2/ImputerExperiments/data/r/23515/reg_full_MNAR_0.01_3/all_scores.pkl'
Traceback (most recent call last):
  File "/common/ketrong/tpotexp/tpot2/ImputerExperiments/Locally_run_code/viewreg.py", line 265, in <module>
    with open(normalpath + 'all_scores.pkl', 'rb') as file:
FileNotFoundError: [Errno 2] No such file or directory: '/common/ketrong/tpotexp/tpot2/ImputerExperiments/data/r/23515/reg_full_MNAR_0.01_3/all_scores.pkl'

23515 10 failed: reg_full_MNAR_0.1_1/
[Errno 2] No such file or directory: '/common/ketrong/tpotexp/tpot2/ImputerExperiments/data/r/23515/reg_full_MNAR_0.1_1/all_scores.pkl'
Traceback (most recent call last):
  File "/common/ketrong/tpotexp/tpot2/ImputerExperiments/Locally_run_code/viewreg.py", line 265, in <module>
    with open(normalpath + 'all_scores.pkl', 'rb') as file:
FileNotFoundError: [Errno 2] No such file or directory: '/common/ketrong/tpotexp/tpot2/ImputerExperiments/data/r/23515/reg_full_MNAR_0.1_1/all_scores.pkl'

23515 34 failed: reg_full_MNAR_0.1_2/
[Errno 2] No such file or directory: '/common/ketrong/tpotexp/tpot2/ImputerExperiments/data/r/23515/reg_full_MNAR_0.1_2/all_scores.pkl'
Traceback (most recent call last):
  File "/common/ketrong/tpotexp/tpot2/ImputerExperiments/Locally_run_code/viewreg.py", line 265, in <module>
    with open(normalpath + 'all_scores.pkl', 'rb') as file:
FileNotFoundError: [Errno 2] No such file or directory: '/common/ketrong/tpotexp/tpot2/ImputerExperiments/data/r/23515/reg_full_MNAR_0.1_2/all_scores.pkl'

23515 58 failed: reg_full_MNAR_0.1_3/
[Errno 2] No such file or directory: '/common/ketrong/tpotexp/tpot2/ImputerExperiments/data/r/23515/reg_full_MNAR_0.1_3/all_scores.pkl'
Traceback (most recent call last):
  File "/common/ketrong/tpotexp/tpot2/ImputerExperiments/Locally_run_code/viewreg.py", line 265, in <module>
    with open(normalpath + 'all_scores.pkl', 'rb') as file:
FileNotFoundError: [Errno 2] No such file or directory: '/common/ketrong/tpotexp/tpot2/ImputerExperiments/data/r/23515/reg_full_MNAR_0.1_3/all_scores.pkl'

23515 11 failed: reg_full_MNAR_0.3_1/
[Errno 2] No such file or directory: '/common/ketrong/tpotexp/tpot2/ImputerExperiments/data/r/23515/reg_full_MNAR_0.3_1/all_scores.pkl'
Traceback (most recent call last):
  File "/common/ketrong/tpotexp/tpot2/ImputerExperiments/Locally_run_code/viewreg.py", line 265, in <module>
    with open(normalpath + 'all_scores.pkl', 'rb') as file:
FileNotFoundError: [Errno 2] No such file or directory: '/common/ketrong/tpotexp/tpot2/ImputerExperiments/data/r/23515/reg_full_MNAR_0.3_1/all_scores.pkl'

23515 35 failed: reg_full_MNAR_0.3_2/
[Errno 2] No such file or directory: '/common/ketrong/tpotexp/tpot2/ImputerExperiments/data/r/23515/reg_full_MNAR_0.3_2/all_scores.pkl'
Traceback (most recent call last):
  File "/common/ketrong/tpotexp/tpot2/ImputerExperiments/Locally_run_code/viewreg.py", line 265, in <module>
    with open(normalpath + 'all_scores.pkl', 'rb') as file:
FileNotFoundError: [Errno 2] No such file or directory: '/common/ketrong/tpotexp/tpot2/ImputerExperiments/data/r/23515/reg_full_MNAR_0.3_2/all_scores.pkl'

23515 59 failed: reg_full_MNAR_0.3_3/
[Errno 2] No such file or directory: '/common/ketrong/tpotexp/tpot2/ImputerExperiments/data/r/23515/reg_full_MNAR_0.3_3/all_scores.pkl'
Traceback (most recent call last):
  File "/common/ketrong/tpotexp/tpot2/ImputerExperiments/Locally_run_code/viewreg.py", line 265, in <module>
    with open(normalpath + 'all_scores.pkl', 'rb') as file:
FileNotFoundError: [Errno 2] No such file or directory: '/common/ketrong/tpotexp/tpot2/ImputerExperiments/data/r/23515/reg_full_MNAR_0.3_3/all_scores.pkl'

23515 12 failed: reg_full_MNAR_0.5_1/
[Errno 2] No such file or directory: '/common/ketrong/tpotexp/tpot2/ImputerExperiments/data/r/23515/reg_full_MNAR_0.5_1/all_scores.pkl'
Traceback (most recent call last):
  File "/common/ketrong/tpotexp/tpot2/ImputerExperiments/Locally_run_code/viewreg.py", line 265, in <module>
    with open(normalpath + 'all_scores.pkl', 'rb') as file:
FileNotFoundError: [Errno 2] No such file or directory: '/common/ketrong/tpotexp/tpot2/ImputerExperiments/data/r/23515/reg_full_MNAR_0.5_1/all_scores.pkl'

23515 36 failed: reg_full_MNAR_0.5_2/
[Errno 2] No such file or directory: '/common/ketrong/tpotexp/tpot2/ImputerExperiments/data/r/23515/reg_full_MNAR_0.5_2/tpot_space_scores.pkl'
Traceback (most recent call last):
  File "/common/ketrong/tpotexp/tpot2/ImputerExperiments/Locally_run_code/viewreg.py", line 270, in <module>
    with open(imputepath + 'tpot_space_scores.pkl', 'rb') as file:
FileNotFoundError: [Errno 2] No such file or directory: '/common/ketrong/tpotexp/tpot2/ImputerExperiments/data/r/23515/reg_full_MNAR_0.5_2/tpot_space_scores.pkl'

23515 60 failed: reg_full_MNAR_0.5_3/
[Errno 2] No such file or directory: '/common/ketrong/tpotexp/tpot2/ImputerExperiments/data/r/23515/reg_full_MNAR_0.5_3/all_scores.pkl'
Traceback (most recent call last):
  File "/common/ketrong/tpotexp/tpot2/ImputerExperiments/Locally_run_code/viewreg.py", line 265, in <module>
    with open(normalpath + 'all_scores.pkl', 'rb') as file:
FileNotFoundError: [Errno 2] No such file or directory: '/common/ketrong/tpotexp/tpot2/ImputerExperiments/data/r/23515/reg_full_MNAR_0.5_3/all_scores.pkl'

23515 17 passed: reg_simple_MAR_0.01_1/
23515 41 passed: reg_simple_MAR_0.01_2/
23515 65 passed: reg_simple_MAR_0.01_3/
23515 18 passed: reg_simple_MAR_0.1_1/
23515 42 passed: reg_simple_MAR_0.1_2/
23515 66 passed: reg_simple_MAR_0.1_3/
23515 19 passed: reg_simple_MAR_0.3_1/
23515 43 passed: reg_simple_MAR_0.3_2/
23515 67 passed: reg_simple_MAR_0.3_3/
23515 20 passed: reg_simple_MAR_0.5_1/
23515 44 passed: reg_simple_MAR_0.5_2/
23515 68 passed: reg_simple_MAR_0.5_3/
23515 13 passed: reg_simple_MCAR_0.01_1/
23515 37 passed: reg_simple_MCAR_0.01_2/
23515 61 passed: reg_simple_MCAR_0.01_3/
23515 14 passed: reg_simple_MCAR_0.1_1/
23515 38 passed: reg_simple_MCAR_0.1_2/
23515 62 passed: reg_simple_MCAR_0.1_3/
23515 15 passed: reg_simple_MCAR_0.3_1/
23515 39 passed: reg_simple_MCAR_0.3_2/
23515 63 passed: reg_simple_MCAR_0.3_3/
23515 16 passed: reg_simple_MCAR_0.5_1/
23515 40 passed: reg_simple_MCAR_0.5_2/
23515 64 passed: reg_simple_MCAR_0.5_3/
23515 21 passed: reg_simple_MNAR_0.01_1/
23515 45 passed: reg_simple_MNAR_0.01_2/
23515 69 passed: reg_simple_MNAR_0.01_3/
23515 22 passed: reg_simple_MNAR_0.1_1/
23515 46 passed: reg_simple_MNAR_0.1_2/
23515 70 passed: reg_simple_MNAR_0.1_3/
23515 23 passed: reg_simple_MNAR_0.3_1/
23515 47 passed: reg_simple_MNAR_0.3_2/
23515 71 passed: reg_simple_MNAR_0.3_3/
23515 24 passed: reg_simple_MNAR_0.5_1/
23515 48 passed: reg_simple_MNAR_0.5_2/
23515 72 passed: reg_simple_MNAR_0.5_3/
23515complete
all csvs complete
to redo:
{'189': None, '197': None, '198': None, '215': None, '216': None, '218': None, '1193': None, '1199': None, '1200': None, '1213': None, '42183': None, '42545': None, '42225': None, '42712': None, '287': None, '42688': None, '23515': None}
