Run: 51
/cm/local/apps/slurm/var/spool/job984695/slurm_script: line 26: 
pip install -e tpot2
pip install -r tpot2/ImputerExperiments/requirements_.txt
: No such file or directory
RunStart
Version 0.1.7a0 of tpot2 is outdated. Version 0.1.8a0 was released Tuesday September 17, 2024.
starting loops
../data/r/1200/1200.pkl
working on 
../data/r/1200/reg_full_MCAR_0.3_3
3.2376317977905273
running experiment 1/3 - Does large hyperparameter space improve reconstruction accuracy over simple
[I 2024-10-02 07:37:28,319] A new study created in memory with name: no-name-558ff66a-b0db-400f-a431-e239aea46681
running
running
running
running
running
running
running
running
running
running
running
running
running
running
running
running
[I 2024-10-02 07:37:28,925] Trial 1 finished with value: 0.21190320708244528 and parameters: {'model_name': 'SimpleImputer', 'strategy': 'mean'}. Best is trial 1 with value: 0.21190320708244528.
running
[I 2024-10-02 07:37:29,069] Trial 13 finished with value: 0.21190320708244528 and parameters: {'model_name': 'SimpleImputer', 'strategy': 'mean'}. Best is trial 1 with value: 0.21190320708244528.
running
[I 2024-10-02 07:37:29,682] Trial 3 finished with value: 0.20389359006787072 and parameters: {'model_name': 'SimpleImputer', 'strategy': 'median'}. Best is trial 3 with value: 0.20389359006787072.
running
[I 2024-10-02 07:37:30,321] Trial 16 finished with value: 0.4650168349414573 and parameters: {'model_name': 'SimpleImputer', 'strategy': 'constant'}. Best is trial 3 with value: 0.20389359006787072.
running
[I 2024-10-02 07:37:31,443] Trial 19 finished with value: 0.21190320708244528 and parameters: {'model_name': 'SimpleImputer', 'strategy': 'mean'}. Best is trial 3 with value: 0.20389359006787072.
running
[I 2024-10-02 07:37:41,113] Trial 5 finished with value: 0.18873933475025123 and parameters: {'model_name': 'VAE', 'batch_size': 57, 'iterations': 1, 'learning_rate': 0.004985479196622872, 'p_miss': 0.15321518975088522}. Best is trial 5 with value: 0.18873933475025123.
running
[I 2024-10-02 07:37:41,672] Trial 4 finished with value: 0.43058620755395144 and parameters: {'model_name': 'GAIN', 'batch_size': 147, 'hint_rate': 0.3341317812686969, 'alpha': 59, 'iterations': 1, 'learning_rate': 0.001996904734065812, 'p_miss': 0.17123820914543456}. Best is trial 5 with value: 0.18873933475025123.
running
[I 2024-10-02 07:37:42,205] Trial 22 finished with value: 0.21190320708244528 and parameters: {'model_name': 'SimpleImputer', 'strategy': 'mean'}. Best is trial 5 with value: 0.18873933475025123.
running
[I 2024-10-02 07:37:43,471] Trial 10 finished with value: 0.1859100186251407 and parameters: {'model_name': 'VAE', 'batch_size': 30, 'iterations': 3, 'learning_rate': 0.005232302878800129, 'p_miss': 0.15862991586701014}. Best is trial 10 with value: 0.1859100186251407.
running
[I 2024-10-02 07:37:45,034] Trial 24 finished with value: 0.20389359006787072 and parameters: {'model_name': 'SimpleImputer', 'strategy': 'median'}. Best is trial 10 with value: 0.1859100186251407.
running
[I 2024-10-02 07:37:50,421] Trial 21 finished with value: 0.4289562644292288 and parameters: {'model_name': 'GAIN', 'batch_size': 9, 'hint_rate': 0.24879549560921807, 'alpha': 82, 'iterations': 6, 'learning_rate': 0.03959774123220502, 'p_miss': 0.19745535943457132}. Best is trial 10 with value: 0.1859100186251407.
running
[I 2024-10-02 07:37:51,731] Trial 9 finished with value: 0.20533502413666263 and parameters: {'model_name': 'IterativeImputer', 'estimator': 'Ridge', 'initial_strategy': 'constant', 'n_nearest_features': 3, 'imputation_order': 'roman'}. Best is trial 10 with value: 0.1859100186251407.
running
[I 2024-10-02 07:38:01,425] Trial 12 finished with value: 0.2024726733246343 and parameters: {'model_name': 'IterativeImputer', 'estimator': 'Ridge', 'initial_strategy': 'mean', 'n_nearest_features': 5, 'imputation_order': 'ascending'}. Best is trial 10 with value: 0.1859100186251407.
running
[I 2024-10-02 07:38:41,150] Trial 17 finished with value: 0.20465954429173605 and parameters: {'model_name': 'KNNImputer', 'n_neighbors': 9047, 'weights': 'uniform'}. Best is trial 10 with value: 0.1859100186251407.
running
[I 2024-10-02 07:38:43,611] Trial 11 finished with value: 0.31608091054163223 and parameters: {'model_name': 'IterativeImputer', 'estimator': 'Bayesian', 'initial_strategy': 'most_frequent', 'n_nearest_features': 2, 'imputation_order': 'roman', 'sample_posterior': True}. Best is trial 10 with value: 0.1859100186251407.
running
[I 2024-10-02 07:38:46,577] Trial 29 finished with value: 0.1877464151437803 and parameters: {'model_name': 'VAE', 'batch_size': 58, 'iterations': 1, 'learning_rate': 0.005478808082158212, 'p_miss': 0.05661128877711706}. Best is trial 10 with value: 0.1859100186251407.
running
[I 2024-10-02 07:38:54,198] Trial 6 finished with value: 0.20499738760104697 and parameters: {'model_name': 'KNNImputer', 'n_neighbors': 11178, 'weights': 'distance'}. Best is trial 10 with value: 0.1859100186251407.
running
[I 2024-10-02 07:39:05,856] Trial 18 finished with value: 0.2019022097909417 and parameters: {'model_name': 'IterativeImputer', 'estimator': 'Bayesian', 'initial_strategy': 'mean', 'n_nearest_features': 6, 'imputation_order': 'random', 'sample_posterior': False}. Best is trial 10 with value: 0.1859100186251407.
running
[I 2024-10-02 07:39:08,031] Trial 20 finished with value: 0.2108537234506343 and parameters: {'model_name': 'VAE', 'batch_size': 26, 'iterations': 76, 'learning_rate': 0.0019152871084240548, 'p_miss': 0.083005587983807}. Best is trial 10 with value: 0.1859100186251407.
running
[I 2024-10-02 07:39:14,534] Trial 2 finished with value: 0.1906157087093499 and parameters: {'model_name': 'VAE', 'batch_size': 13, 'iterations': 95, 'learning_rate': 0.00028255788629230724, 'p_miss': 0.07585473373526314}. Best is trial 10 with value: 0.1859100186251407.
running
[I 2024-10-02 07:39:16,871] Trial 14 finished with value: 0.21043947294867943 and parameters: {'model_name': 'KNNImputer', 'n_neighbors': 34306, 'weights': 'distance'}. Best is trial 10 with value: 0.1859100186251407.
running
[I 2024-10-02 07:39:19,123] Trial 25 finished with value: 0.21061543634340968 and parameters: {'model_name': 'KNNImputer', 'n_neighbors': 45487, 'weights': 'distance'}. Best is trial 10 with value: 0.1859100186251407.
running
[I 2024-10-02 07:39:23,312] Trial 37 finished with value: 0.18701297735777656 and parameters: {'model_name': 'VAE', 'batch_size': 123, 'iterations': 1, 'learning_rate': 0.012753022891866245, 'p_miss': 0.2990934944509775}. Best is trial 10 with value: 0.1859100186251407.
running
[I 2024-10-02 07:39:25,976] Trial 36 finished with value: 0.1893544997195337 and parameters: {'model_name': 'VAE', 'batch_size': 133, 'iterations': 1, 'learning_rate': 0.012754805630911371, 'p_miss': 0.29427669037259074}. Best is trial 10 with value: 0.1859100186251407.
running
[I 2024-10-02 07:39:34,572] Trial 23 finished with value: 0.31188964402145586 and parameters: {'model_name': 'IterativeImputer', 'estimator': 'Bayesian', 'initial_strategy': 'constant', 'n_nearest_features': 7, 'imputation_order': 'roman', 'sample_posterior': True}. Best is trial 10 with value: 0.1859100186251407.
running
[I 2024-10-02 07:39:54,393] Trial 8 finished with value: 0.42559692047914394 and parameters: {'model_name': 'GAIN', 'batch_size': 197, 'hint_rate': 0.31786982369219097, 'alpha': 73, 'iterations': 200, 'learning_rate': 0.00040726244410060707, 'p_miss': 0.2102037142620671}. Best is trial 10 with value: 0.1859100186251407.
running
[I 2024-10-02 07:40:05,982] Trial 38 finished with value: 0.22498149148176103 and parameters: {'model_name': 'VAE', 'batch_size': 540, 'iterations': 4, 'learning_rate': 0.014282608147925077, 'p_miss': 0.2887731568890749}. Best is trial 10 with value: 0.1859100186251407.
running
[I 2024-10-02 07:40:34,103] Trial 41 finished with value: 0.18896703918680652 and parameters: {'model_name': 'VAE', 'batch_size': 1, 'iterations': 11, 'learning_rate': 0.011699517133700054, 'p_miss': 0.29170275905212656}. Best is trial 10 with value: 0.1859100186251407.
running
[I 2024-10-02 07:40:35,203] Trial 39 finished with value: 0.22306400231292106 and parameters: {'model_name': 'VAE', 'batch_size': 666, 'iterations': 7, 'learning_rate': 0.01115768184017906, 'p_miss': 0.026270737332234062}. Best is trial 10 with value: 0.1859100186251407.
running
[I 2024-10-02 08:11:59,578] Trial 32 finished with value: 0.2491023474849471 and parameters: {'model_name': 'VAE', 'batch_size': 1, 'iterations': 599, 'learning_rate': 0.008075243412784709, 'p_miss': 0.02710122401239105}. Best is trial 10 with value: 0.1859100186251407.
running
[I 2024-10-02 08:12:09,455] Trial 45 finished with value: 0.22685902203894054 and parameters: {'model_name': 'VAE', 'batch_size': 35, 'iterations': 2, 'learning_rate': 0.0893476428946048, 'p_miss': 0.11985844268006167}. Best is trial 10 with value: 0.1859100186251407.
running
[I 2024-10-02 08:12:18,575] Trial 46 finished with value: 0.1880461893174735 and parameters: {'model_name': 'VAE', 'batch_size': 61, 'iterations': 1, 'learning_rate': 0.0036699768903737965, 'p_miss': 0.1390842692725324}. Best is trial 10 with value: 0.1859100186251407.
running
[I 2024-10-02 08:13:26,819] Trial 47 finished with value: 0.19291399750741065 and parameters: {'model_name': 'VAE', 'batch_size': 65, 'iterations': 20, 'learning_rate': 0.0030959777133730383, 'p_miss': 0.2380331722524725}. Best is trial 10 with value: 0.1859100186251407.
running
[I 2024-10-02 08:13:32,774] Trial 48 finished with value: 0.1866270086925177 and parameters: {'model_name': 'VAE', 'batch_size': 6, 'iterations': 1, 'learning_rate': 0.0008830869800485444, 'p_miss': 0.10496135807348766}. Best is trial 10 with value: 0.1859100186251407.
running
[I 2024-10-02 08:13:46,464] Trial 49 finished with value: 0.18620875815823162 and parameters: {'model_name': 'VAE', 'batch_size': 4, 'iterations': 3, 'learning_rate': 0.0007230794866711617, 'p_miss': 0.08671139638257826}. Best is trial 10 with value: 0.1859100186251407.
running
[I 2024-10-02 08:15:11,395] Trial 50 finished with value: 0.18581186915504727 and parameters: {'model_name': 'VAE', 'batch_size': 4, 'iterations': 22, 'learning_rate': 0.000741743304426321, 'p_miss': 0.11209252987890128}. Best is trial 50 with value: 0.18581186915504727.
running
[I 2024-10-02 08:16:25,008] Trial 51 finished with value: 0.18621298384462479 and parameters: {'model_name': 'VAE', 'batch_size': 4, 'iterations': 19, 'learning_rate': 0.0007826237068297469, 'p_miss': 0.10750719300735989}. Best is trial 50 with value: 0.18581186915504727.
running
[I 2024-10-02 08:17:50,208] Trial 52 finished with value: 0.1859333330520842 and parameters: {'model_name': 'VAE', 'batch_size': 3, 'iterations': 23, 'learning_rate': 0.00011652880987635564, 'p_miss': 0.11255816468042819}. Best is trial 50 with value: 0.18581186915504727.
running
[I 2024-10-02 08:22:15,387] Trial 33 finished with value: 0.26290946206628935 and parameters: {'model_name': 'VAE', 'batch_size': 1, 'iterations': 825, 'learning_rate': 0.007577696264411508, 'p_miss': 0.04050455857323182}. Best is trial 50 with value: 0.18581186915504727.
running
[I 2024-10-02 08:43:49,193] Trial 53 finished with value: inf and parameters: {'model_name': 'GAIN', 'batch_size': 3, 'hint_rate': 0.8492733489785115, 'alpha': 5, 'iterations': 5329, 'learning_rate': 0.00011019988107484799, 'p_miss': 0.12765453159167514}. Best is trial 50 with value: 0.18581186915504727.
running
[I 2024-10-02 08:46:07,455] Trial 55 finished with value: 0.19006459611735213 and parameters: {'model_name': 'VAE', 'batch_size': 2, 'iterations': 37, 'learning_rate': 0.0001017307391874906, 'p_miss': 0.16707274961852295}. Best is trial 50 with value: 0.18581186915504727.
running
[I 2024-10-02 08:47:26,189] Trial 56 finished with value: 0.18893352107810032 and parameters: {'model_name': 'VAE', 'batch_size': 4, 'iterations': 21, 'learning_rate': 0.0007056942763539498, 'p_miss': 0.09975988403238341}. Best is trial 50 with value: 0.18581186915504727.
running
[I 2024-10-02 08:47:39,470] Trial 57 finished with value: 0.18901231466899837 and parameters: {'model_name': 'VAE', 'batch_size': 2, 'iterations': 3, 'learning_rate': 0.00022612182516783754, 'p_miss': 0.09772735602617531}. Best is trial 50 with value: 0.18581186915504727.
running
[I 2024-10-02 08:48:36,422] Trial 58 finished with value: 0.1868292283533906 and parameters: {'model_name': 'VAE', 'batch_size': 12, 'iterations': 14, 'learning_rate': 0.0009631191836141302, 'p_miss': 0.06612831104913297}. Best is trial 50 with value: 0.18581186915504727.
running
[I 2024-10-02 08:50:50,611] Trial 59 finished with value: 0.18593639750645075 and parameters: {'model_name': 'VAE', 'batch_size': 5, 'iterations': 35, 'learning_rate': 0.0013992563115044112, 'p_miss': 0.11882130379603695}. Best is trial 50 with value: 0.18581186915504727.
running
[I 2024-10-02 08:51:54,522] Trial 60 finished with value: 0.43700078350376453 and parameters: {'model_name': 'GAIN', 'batch_size': 6, 'hint_rate': 0.9265590765246807, 'alpha': 16, 'iterations': 38, 'learning_rate': 0.0015716611641217867, 'p_miss': 0.14150210834130564}. Best is trial 50 with value: 0.18581186915504727.
running
[I 2024-10-02 08:54:18,672] Trial 30 finished with value: 0.21476343663203368 and parameters: {'model_name': 'VAE', 'batch_size': 32, 'iterations': 1448, 'learning_rate': 0.0075892906933828705, 'p_miss': 0.06586767038337046}. Best is trial 50 with value: 0.18581186915504727.
running
[I 2024-10-02 08:54:41,293] Trial 61 finished with value: 0.190449284481306 and parameters: {'model_name': 'VAE', 'batch_size': 2, 'iterations': 45, 'learning_rate': 0.0005144086221901823, 'p_miss': 0.12207428182978604}. Best is trial 50 with value: 0.18581186915504727.
running
[I 2024-10-02 08:54:54,028] Trial 62 finished with value: 0.19005254635415836 and parameters: {'model_name': 'KNNImputer', 'n_neighbors': 152, 'weights': 'uniform'}. Best is trial 50 with value: 0.18581186915504727.
running
[I 2024-10-02 08:55:17,573] Trial 63 finished with value: 0.19288280217433704 and parameters: {'model_name': 'KNNImputer', 'n_neighbors': 441, 'weights': 'uniform'}. Best is trial 50 with value: 0.18581186915504727.
running
[I 2024-10-02 09:00:15,724] Trial 54 finished with value: inf and parameters: {'model_name': 'GAIN', 'batch_size': 3, 'hint_rate': 0.8683213485469349, 'alpha': 8, 'iterations': 7703, 'learning_rate': 0.0001326282300740092, 'p_miss': 0.13146074045765943}. Best is trial 50 with value: 0.18581186915504727.
running
[I 2024-10-02 09:01:17,480] Trial 64 finished with value: 0.18790844288254394 and parameters: {'model_name': 'VAE', 'batch_size': 15, 'iterations': 129, 'learning_rate': 0.00033211013973309417, 'p_miss': 0.09130112594946257}. Best is trial 50 with value: 0.18581186915504727.
running
[I 2024-10-02 09:01:52,887] Trial 67 finished with value: 0.1894243502922431 and parameters: {'model_name': 'VAE', 'batch_size': 6, 'iterations': 11, 'learning_rate': 0.001486742127522754, 'p_miss': 0.11375480819041}. Best is trial 50 with value: 0.18581186915504727.
running
[I 2024-10-02 09:02:11,177] Trial 31 finished with value: 0.2630299938567469 and parameters: {'model_name': 'VAE', 'batch_size': 1, 'iterations': 1667, 'learning_rate': 0.007503662683933584, 'p_miss': 0.021406386900953228}. Best is trial 50 with value: 0.18581186915504727.
running
[I 2024-10-02 09:02:57,166] Trial 65 finished with value: 0.1862810678576688 and parameters: {'model_name': 'VAE', 'batch_size': 15, 'iterations': 143, 'learning_rate': 0.0002066694043354793, 'p_miss': 0.08482863103248599}. Best is trial 50 with value: 0.18581186915504727.
running
[I 2024-10-02 09:03:15,272] Trial 68 finished with value: 0.18585604802829495 and parameters: {'model_name': 'VAE', 'batch_size': 4, 'iterations': 25, 'learning_rate': 0.000239435209818614, 'p_miss': 0.1664245898851335}. Best is trial 50 with value: 0.18581186915504727.
running
[I 2024-10-02 09:04:40,019] Trial 71 finished with value: 0.21354550510397247 and parameters: {'model_name': 'IterativeImputer', 'estimator': 'KNN', 'initial_strategy': 'median', 'n_nearest_features': 9, 'imputation_order': 'descending'}. Best is trial 50 with value: 0.18581186915504727.
running
[I 2024-10-02 09:06:36,881] Trial 66 finished with value: 0.1879945759064678 and parameters: {'model_name': 'VAE', 'batch_size': 16, 'iterations': 107, 'learning_rate': 0.0002810241687292645, 'p_miss': 0.08711696123490126}. Best is trial 50 with value: 0.18581186915504727.
running
[I 2024-10-02 09:06:38,463] Trial 73 finished with value: 0.4650168349414573 and parameters: {'model_name': 'SimpleImputer', 'strategy': 'most_frequent'}. Best is trial 50 with value: 0.18581186915504727.
running
[I 2024-10-02 09:07:48,635] Trial 72 finished with value: 0.18436208802240764 and parameters: {'model_name': 'VAE', 'batch_size': 8, 'iterations': 52, 'learning_rate': 0.00016888253854266204, 'p_miss': 0.18681275728764926}. Best is trial 72 with value: 0.18436208802240764.
running
[I 2024-10-02 09:15:29,093] Trial 34 finished with value: 0.24499812817429406 and parameters: {'model_name': 'VAE', 'batch_size': 1, 'iterations': 1677, 'learning_rate': 0.017627281093001768, 'p_miss': 0.014583673327725005}. Best is trial 72 with value: 0.18436208802240764.
running
[I 2024-10-02 09:16:18,861] Trial 26 finished with value: 0.2170475150837285 and parameters: {'model_name': 'VAE', 'batch_size': 40, 'iterations': 1747, 'learning_rate': 0.00517042841032079, 'p_miss': 0.05855168359948312}. Best is trial 72 with value: 0.18436208802240764.
running
[I 2024-10-02 09:17:55,423] Trial 76 finished with value: 0.18937504665681523 and parameters: {'model_name': 'VAE', 'batch_size': 9, 'iterations': 55, 'learning_rate': 0.00017079730299543992, 'p_miss': 0.19289829218198506}. Best is trial 72 with value: 0.18436208802240764.
running
[I 2024-10-02 09:18:26,127] Trial 77 finished with value: 0.18907375457191553 and parameters: {'model_name': 'VAE', 'batch_size': 9, 'iterations': 45, 'learning_rate': 0.000161929294691903, 'p_miss': 0.19069728475227252}. Best is trial 72 with value: 0.18436208802240764.
running
[I 2024-10-02 09:19:57,578] Trial 27 finished with value: 0.21455629477979646 and parameters: {'model_name': 'VAE', 'batch_size': 31, 'iterations': 1953, 'learning_rate': 0.005552892690516323, 'p_miss': 0.05333814470975094}. Best is trial 72 with value: 0.18436208802240764.
running
[I 2024-10-02 09:39:31,646] Trial 35 finished with value: 0.22204167482322923 and parameters: {'model_name': 'VAE', 'batch_size': 781, 'iterations': 1951, 'learning_rate': 0.01568785996115061, 'p_miss': 0.2850458676657649}. Best is trial 72 with value: 0.18436208802240764.
running
[I 2024-10-02 09:55:14,209] Trial 15 finished with value: 0.4524896882515579 and parameters: {'model_name': 'GAIN', 'batch_size': 629, 'hint_rate': 0.09960098217901255, 'alpha': 18, 'iterations': 5552, 'learning_rate': 0.00015828507164565057, 'p_miss': 0.13123802600765427}. Best is trial 72 with value: 0.18436208802240764.
running
[I 2024-10-02 09:57:57,725] Trial 28 finished with value: 0.21760583187049024 and parameters: {'model_name': 'VAE', 'batch_size': 46, 'iterations': 3069, 'learning_rate': 0.005029004499993331, 'p_miss': 0.057081600878658725}. Best is trial 72 with value: 0.18436208802240764.
running
[I 2024-10-02 10:03:47,788] Trial 74 finished with value: 0.24276200865803546 and parameters: {'model_name': 'IterativeImputer', 'estimator': 'RFR', 'initial_strategy': 'most_frequent', 'n_nearest_features': 1, 'imputation_order': 'arabic'}. Best is trial 72 with value: 0.18436208802240764.
running
[I 2024-10-02 10:03:48,666] Trial 84 finished with value: 0.4650168349414573 and parameters: {'model_name': 'SimpleImputer', 'strategy': 'most_frequent'}. Best is trial 72 with value: 0.18436208802240764.
running
[I 2024-10-02 10:10:07,733] Trial 75 finished with value: 0.2428264967921987 and parameters: {'model_name': 'IterativeImputer', 'estimator': 'RFR', 'initial_strategy': 'median', 'n_nearest_features': 1, 'imputation_order': 'arabic'}. Best is trial 72 with value: 0.18436208802240764.
running
[I 2024-10-02 10:10:57,681] Trial 86 finished with value: 0.1867723194069903 and parameters: {'model_name': 'VAE', 'batch_size': 4, 'iterations': 24, 'learning_rate': 0.0005960089433315196, 'p_miss': 0.15831903547468137}. Best is trial 72 with value: 0.18436208802240764.
running
[I 2024-10-02 10:14:06,090] Trial 87 finished with value: 0.18463345329430705 and parameters: {'model_name': 'VAE', 'batch_size': 4, 'iterations': 75, 'learning_rate': 0.00041659338316302186, 'p_miss': 0.17395948387805074}. Best is trial 72 with value: 0.18436208802240764.
running
[I 2024-10-02 10:14:34,092] Trial 85 finished with value: 0.2066231840033343 and parameters: {'model_name': 'VAE', 'batch_size': 4, 'iterations': 314, 'learning_rate': 0.0004896415274112853, 'p_miss': 0.15119931864581146}. Best is trial 72 with value: 0.18436208802240764.
running
[I 2024-10-02 10:18:02,153] Trial 89 finished with value: 0.18590414426871743 and parameters: {'model_name': 'VAE', 'batch_size': 3, 'iterations': 88, 'learning_rate': 0.0003726442991850212, 'p_miss': 0.1758989850344997}. Best is trial 72 with value: 0.18436208802240764.
running
[I 2024-10-02 10:19:37,228] Trial 80 finished with value: 0.24287014157786097 and parameters: {'model_name': 'IterativeImputer', 'estimator': 'RFR', 'initial_strategy': 'most_frequent', 'n_nearest_features': 1, 'imputation_order': 'arabic'}. Best is trial 72 with value: 0.18436208802240764.
running
[I 2024-10-02 10:20:48,075] Trial 90 finished with value: 0.1858262648446849 and parameters: {'model_name': 'VAE', 'batch_size': 3, 'iterations': 66, 'learning_rate': 0.0002565782789687486, 'p_miss': 0.1794822521133511}. Best is trial 72 with value: 0.18436208802240764.
running
[I 2024-10-02 10:21:01,752] Trial 79 finished with value: 0.24284929485148793 and parameters: {'model_name': 'IterativeImputer', 'estimator': 'RFR', 'initial_strategy': 'most_frequent', 'n_nearest_features': 1, 'imputation_order': 'arabic'}. Best is trial 72 with value: 0.18436208802240764.
running
[I 2024-10-02 10:22:49,213] Trial 78 finished with value: 0.24279969869348822 and parameters: {'model_name': 'IterativeImputer', 'estimator': 'RFR', 'initial_strategy': 'most_frequent', 'n_nearest_features': 1, 'imputation_order': 'arabic'}. Best is trial 72 with value: 0.18436208802240764.
running
[I 2024-10-02 10:22:54,178] Trial 91 finished with value: 0.18715574755171094 and parameters: {'model_name': 'VAE', 'batch_size': 3, 'iterations': 65, 'learning_rate': 0.0003820309050288868, 'p_miss': 0.1802331348123574}. Best is trial 72 with value: 0.18436208802240764.
running
[I 2024-10-02 10:23:52,902] Trial 95 finished with value: 0.20891786660862133 and parameters: {'model_name': 'KNNImputer', 'n_neighbors': 25724, 'weights': 'distance'}. Best is trial 72 with value: 0.18436208802240764.
running
[I 2024-10-02 10:24:02,634] Trial 93 finished with value: 0.18764657939297133 and parameters: {'model_name': 'VAE', 'batch_size': 2, 'iterations': 74, 'learning_rate': 0.00037372783058101577, 'p_miss': 0.17793593259642007}. Best is trial 72 with value: 0.18436208802240764.
running
[I 2024-10-02 10:24:21,464] Trial 92 finished with value: 0.1873917776414049 and parameters: {'model_name': 'VAE', 'batch_size': 2, 'iterations': 74, 'learning_rate': 0.0003621349976573641, 'p_miss': 0.176534411680955}. Best is trial 72 with value: 0.18436208802240764.
running
[I 2024-10-02 10:26:27,193] Trial 94 finished with value: 0.18730114043467952 and parameters: {'model_name': 'VAE', 'batch_size': 2, 'iterations': 81, 'learning_rate': 0.00024554786445280235, 'p_miss': 0.18561020093969552}. Best is trial 72 with value: 0.18436208802240764.
running
[I 2024-10-02 10:26:39,142] Trial 88 finished with value: 0.19580032186066126 and parameters: {'model_name': 'VAE', 'batch_size': 3, 'iterations': 298, 'learning_rate': 0.0004302790489331445, 'p_miss': 0.18123011229458058}. Best is trial 72 with value: 0.18436208802240764.
running
[I 2024-10-02 10:27:18,724] Trial 96 finished with value: 0.18681175983240653 and parameters: {'model_name': 'VAE', 'batch_size': 2, 'iterations': 86, 'learning_rate': 0.00026710014459194843, 'p_miss': 0.20984581727716894}. Best is trial 72 with value: 0.18436208802240764.
running
[I 2024-10-02 10:28:18,428] Trial 100 finished with value: 0.19145433485251445 and parameters: {'model_name': 'VAE', 'batch_size': 7, 'iterations': 29, 'learning_rate': 0.00020491166367831993, 'p_miss': 0.21408726018901889}. Best is trial 72 with value: 0.18436208802240764.
running
[I 2024-10-02 10:28:24,836] Trial 101 finished with value: 0.1876986254357303 and parameters: {'model_name': 'VAE', 'batch_size': 6, 'iterations': 29, 'learning_rate': 0.001214474984394074, 'p_miss': 0.2046766146456536}. Best is trial 72 with value: 0.18436208802240764.
running
[I 2024-10-02 10:33:20,918] Trial 97 finished with value: 0.187823959703299 and parameters: {'model_name': 'VAE', 'batch_size': 6, 'iterations': 228, 'learning_rate': 0.00025131534983822436, 'p_miss': 0.22472305315595126}. Best is trial 72 with value: 0.18436208802240764.
running
[I 2024-10-02 10:33:42,882] Trial 104 finished with value: 0.1901604137344527 and parameters: {'model_name': 'VAE', 'batch_size': 26, 'iterations': 7, 'learning_rate': 0.00012805153697538377, 'p_miss': 0.16734350708769652}. Best is trial 72 with value: 0.18436208802240764.
running
[I 2024-10-02 10:36:40,186] Trial 98 finished with value: 0.18538370650269745 and parameters: {'model_name': 'VAE', 'batch_size': 7, 'iterations': 246, 'learning_rate': 0.0002466011041825185, 'p_miss': 0.21683056377294158}. Best is trial 72 with value: 0.18436208802240764.
[I 2024-10-02 10:36:40,308] Trial 102 finished with value: 0.21102402036822107 and parameters: {'model_name': 'VAE', 'batch_size': 5, 'iterations': 213, 'learning_rate': 0.001101211535146883, 'p_miss': 0.1628786107533921}. Best is trial 72 with value: 0.18436208802240764.
running
running
[I 2024-10-02 10:37:12,209] Trial 105 finished with value: 0.43440368344631697 and parameters: {'model_name': 'GAIN', 'batch_size': 9, 'hint_rate': 0.6175167868384218, 'alpha': 99, 'iterations': 177, 'learning_rate': 0.002390566638323521, 'p_miss': 0.15427121585523507}. Best is trial 72 with value: 0.18436208802240764.
running
[I 2024-10-02 10:37:21,923] Trial 106 finished with value: 0.18547602294830856 and parameters: {'model_name': 'VAE', 'batch_size': 9, 'iterations': 15, 'learning_rate': 0.0023095518010511924, 'p_miss': 0.1440882560607551}. Best is trial 72 with value: 0.18436208802240764.
running
[I 2024-10-02 10:37:43,785] Trial 99 finished with value: 0.223796258748128 and parameters: {'model_name': 'VAE', 'batch_size': 7, 'iterations': 246, 'learning_rate': 0.001147178081535662, 'p_miss': 0.2107971246196899}. Best is trial 72 with value: 0.18436208802240764.
running
[I 2024-10-02 10:38:01,352] Trial 109 finished with value: 0.19117371019561566 and parameters: {'model_name': 'VAE', 'batch_size': 19, 'iterations': 14, 'learning_rate': 0.00017898166755709658, 'p_miss': 0.1450399783717043}. Best is trial 72 with value: 0.18436208802240764.
running
[I 2024-10-02 10:38:19,383] Trial 103 finished with value: 0.22673853455896897 and parameters: {'model_name': 'VAE', 'batch_size': 3, 'iterations': 200, 'learning_rate': 0.0030543518841233603, 'p_miss': 0.16524535198307577}. Best is trial 72 with value: 0.18436208802240764.
running
[I 2024-10-02 10:38:28,274] Trial 110 finished with value: 0.1859273655774016 and parameters: {'model_name': 'VAE', 'batch_size': 20, 'iterations': 17, 'learning_rate': 0.00017123416021685363, 'p_miss': 0.14119762639661498}. Best is trial 72 with value: 0.18436208802240764.
running
[I 2024-10-02 10:38:29,010] Trial 113 finished with value: 0.4650168349414573 and parameters: {'model_name': 'SimpleImputer', 'strategy': 'constant'}. Best is trial 72 with value: 0.18436208802240764.
running
[I 2024-10-02 10:40:17,565] Trial 111 finished with value: 0.18777559596403354 and parameters: {'model_name': 'VAE', 'batch_size': 12, 'iterations': 53, 'learning_rate': 0.00013541336361220916, 'p_miss': 0.25607023457098466}. Best is trial 72 with value: 0.18436208802240764.
running
[I 2024-10-02 10:40:31,589] Trial 115 finished with value: 0.18933850671317196 and parameters: {'model_name': 'VAE', 'batch_size': 45, 'iterations': 5, 'learning_rate': 0.0002974794591750555, 'p_miss': 0.14855803529641654}. Best is trial 72 with value: 0.18436208802240764.
running
[I 2024-10-02 10:41:04,966] Trial 116 finished with value: 0.18837297018077878 and parameters: {'model_name': 'VAE', 'batch_size': 23, 'iterations': 10, 'learning_rate': 0.00430174215807682, 'p_miss': 0.13358839110189472}. Best is trial 72 with value: 0.18436208802240764.
running
[I 2024-10-02 10:42:05,999] Trial 107 finished with value: 0.21982747939644934 and parameters: {'model_name': 'VAE', 'batch_size': 11, 'iterations': 144, 'learning_rate': 0.0022381217721565393, 'p_miss': 0.15357447593959478}. Best is trial 72 with value: 0.18436208802240764.
running
[I 2024-10-02 10:42:59,342] Trial 118 finished with value: 0.1865937067247561 and parameters: {'model_name': 'VAE', 'batch_size': 5, 'iterations': 18, 'learning_rate': 0.0001895388214978935, 'p_miss': 0.19871215406899204}. Best is trial 72 with value: 0.18436208802240764.
running
[I 2024-10-02 10:44:44,908] Trial 81 finished with value: 0.2425784525926276 and parameters: {'model_name': 'IterativeImputer', 'estimator': 'RFR', 'initial_strategy': 'median', 'n_nearest_features': 1, 'imputation_order': 'arabic'}. Best is trial 72 with value: 0.18436208802240764.
running
[I 2024-10-02 10:58:31,020] Trial 108 finished with value: 0.19175697933158392 and parameters: {'model_name': 'VAE', 'batch_size': 3, 'iterations': 440, 'learning_rate': 0.00018877789721345986, 'p_miss': 0.147211278148345}. Best is trial 72 with value: 0.18436208802240764.
running
[I 2024-10-02 10:58:51,952] Trial 82 finished with value: 0.24339106217961531 and parameters: {'model_name': 'IterativeImputer', 'estimator': 'RFR', 'initial_strategy': 'median', 'n_nearest_features': 1, 'imputation_order': 'arabic'}. Best is trial 72 with value: 0.18436208802240764.
running
[I 2024-10-02 10:59:15,540] Trial 121 finished with value: 0.21190320708244528 and parameters: {'model_name': 'KNNImputer', 'n_neighbors': 46026, 'weights': 'uniform'}. Best is trial 72 with value: 0.18436208802240764.
running
[I 2024-10-02 10:59:36,405] Trial 122 finished with value: 0.21190320708244528 and parameters: {'model_name': 'KNNImputer', 'n_neighbors': 46593, 'weights': 'uniform'}. Best is trial 72 with value: 0.18436208802240764.
running
[I 2024-10-02 10:59:51,678] Trial 44 finished with value: 0.21601961057410574 and parameters: {'model_name': 'VAE', 'batch_size': 45, 'iterations': 4605, 'learning_rate': 0.003520007949209587, 'p_miss': 0.10642348802454066}. Best is trial 72 with value: 0.18436208802240764.
running
[I 2024-10-02 11:00:13,553] Trial 7 finished with value: 0.4484251473157352 and parameters: {'model_name': 'GAIN', 'batch_size': 193, 'hint_rate': 0.5609929169745942, 'alpha': 89, 'iterations': 9381, 'learning_rate': 0.09603491903063521, 'p_miss': 0.10310345485194722}. Best is trial 72 with value: 0.18436208802240764.
running
[I 2024-10-02 11:00:23,104] Trial 124 finished with value: 0.1899245050404636 and parameters: {'model_name': 'VAE', 'batch_size': 8, 'iterations': 15, 'learning_rate': 0.0001377110360961728, 'p_miss': 0.17350576677017066}. Best is trial 72 with value: 0.18436208802240764.
running
[I 2024-10-02 11:00:27,021] Trial 123 finished with value: 0.19440188863716323 and parameters: {'model_name': 'VAE', 'batch_size': 8, 'iterations': 27, 'learning_rate': 0.00014652806779576145, 'p_miss': 0.13541453677287266}. Best is trial 72 with value: 0.18436208802240764.
running
[I 2024-10-02 11:01:15,343] Trial 43 finished with value: 0.21810488496904132 and parameters: {'model_name': 'VAE', 'batch_size': 38, 'iterations': 3596, 'learning_rate': 0.07457202882153699, 'p_miss': 0.03328052441663798}. Best is trial 72 with value: 0.18436208802240764.
running
[I 2024-10-02 11:01:21,347] Trial 125 finished with value: 0.1869422194447445 and parameters: {'model_name': 'VAE', 'batch_size': 19, 'iterations': 26, 'learning_rate': 0.00012338118104703862, 'p_miss': 0.16924493322658746}. Best is trial 72 with value: 0.18436208802240764.
running
[I 2024-10-02 11:01:48,146] Trial 127 finished with value: 0.1934824127647175 and parameters: {'model_name': 'VAE', 'batch_size': 5, 'iterations': 30, 'learning_rate': 0.0003071668708944171, 'p_miss': 0.11708089955229306}. Best is trial 72 with value: 0.18436208802240764.
running
[I 2024-10-02 11:01:59,300] Trial 126 finished with value: 0.19003710765663362 and parameters: {'model_name': 'VAE', 'batch_size': 5, 'iterations': 32, 'learning_rate': 0.00014525552226943097, 'p_miss': 0.17267212790468517}. Best is trial 72 with value: 0.18436208802240764.
running
[I 2024-10-02 11:02:19,598] Trial 128 finished with value: 0.18465685659357262 and parameters: {'model_name': 'VAE', 'batch_size': 5, 'iterations': 32, 'learning_rate': 0.0002999025061208775, 'p_miss': 0.11993760042932403}. Best is trial 72 with value: 0.18436208802240764.
running
[I 2024-10-02 11:03:00,038] Trial 133 finished with value: 0.193946033525593 and parameters: {'model_name': 'VAE', 'batch_size': 85, 'iterations': 9, 'learning_rate': 0.006133932870304562, 'p_miss': 0.1594015201295685}. Best is trial 72 with value: 0.18436208802240764.
running
[I 2024-10-02 11:03:06,854] Trial 130 finished with value: 0.18977927861092275 and parameters: {'model_name': 'VAE', 'batch_size': 5, 'iterations': 36, 'learning_rate': 0.0005745840150581615, 'p_miss': 0.12146818821617225}. Best is trial 72 with value: 0.18436208802240764.
running
[I 2024-10-02 11:03:26,270] Trial 129 finished with value: 0.19015611235384125 and parameters: {'model_name': 'VAE', 'batch_size': 5, 'iterations': 37, 'learning_rate': 0.000564954426171837, 'p_miss': 0.1176994990963516}. Best is trial 72 with value: 0.18436208802240764.
running
[I 2024-10-02 11:04:12,032] Trial 131 finished with value: 0.18501311607488852 and parameters: {'model_name': 'VAE', 'batch_size': 5, 'iterations': 37, 'learning_rate': 0.00046848709735728994, 'p_miss': 0.12349004295926666}. Best is trial 72 with value: 0.18436208802240764.
running
[I 2024-10-02 11:04:31,756] Trial 83 finished with value: 0.24271221109378102 and parameters: {'model_name': 'IterativeImputer', 'estimator': 'RFR', 'initial_strategy': 'most_frequent', 'n_nearest_features': 1, 'imputation_order': 'arabic'}. Best is trial 72 with value: 0.18436208802240764.
running
[I 2024-10-02 11:05:23,976] Trial 112 finished with value: 0.2166975710350588 and parameters: {'model_name': 'VAE', 'batch_size': 11, 'iterations': 595, 'learning_rate': 0.00415177188465602, 'p_miss': 0.1997121062582177}. Best is trial 72 with value: 0.18436208802240764.
running
[I 2024-10-02 11:05:55,935] Trial 114 finished with value: 0.21685849505490817 and parameters: {'model_name': 'VAE', 'batch_size': 13, 'iterations': 463, 'learning_rate': 0.004117665207023868, 'p_miss': 0.23622068183703562}. Best is trial 72 with value: 0.18436208802240764.
running
[I 2024-10-02 11:06:20,179] Trial 136 finished with value: 0.18639776550772136 and parameters: {'model_name': 'VAE', 'batch_size': 4, 'iterations': 51, 'learning_rate': 0.00023363034979888704, 'p_miss': 0.12906641000679006}. Best is trial 72 with value: 0.18436208802240764.
running
[I 2024-10-02 11:06:21,414] Trial 135 finished with value: 0.1904506615117861 and parameters: {'model_name': 'VAE', 'batch_size': 4, 'iterations': 52, 'learning_rate': 0.00022819456770756057, 'p_miss': 0.12855380816521794}. Best is trial 72 with value: 0.18436208802240764.
running
[I 2024-10-02 11:06:28,736] Trial 140 finished with value: inf and parameters: {'model_name': 'GAIN', 'batch_size': 4, 'hint_rate': 0.014547413071018145, 'alpha': 37, 'iterations': 54, 'learning_rate': 0.00043211085709001895, 'p_miss': 0.1285107869234151}. Best is trial 72 with value: 0.18436208802240764.
running
[I 2024-10-02 11:06:57,030] Trial 138 finished with value: 0.18754253387831038 and parameters: {'model_name': 'VAE', 'batch_size': 4, 'iterations': 44, 'learning_rate': 0.00041290524116948334, 'p_miss': 0.1099768931545257}. Best is trial 72 with value: 0.18436208802240764.
running
[I 2024-10-02 11:06:57,881] Trial 144 finished with value: 0.4650168349414573 and parameters: {'model_name': 'SimpleImputer', 'strategy': 'constant'}. Best is trial 72 with value: 0.18436208802240764.
running
[I 2024-10-02 11:07:00,760] Trial 137 finished with value: 0.18486630562063236 and parameters: {'model_name': 'VAE', 'batch_size': 4, 'iterations': 54, 'learning_rate': 0.000438465271618832, 'p_miss': 0.1275261617705638}. Best is trial 72 with value: 0.18436208802240764.
running
[I 2024-10-02 11:07:08,441] Trial 132 finished with value: 0.18795940718268245 and parameters: {'model_name': 'VAE', 'batch_size': 4, 'iterations': 103, 'learning_rate': 0.0006055067526879478, 'p_miss': 0.12514106174159506}. Best is trial 72 with value: 0.18436208802240764.
running
[I 2024-10-02 11:07:16,577] Trial 117 finished with value: 0.19359305677587796 and parameters: {'model_name': 'VAE', 'batch_size': 5, 'iterations': 460, 'learning_rate': 0.00019537024697265535, 'p_miss': 0.20075468676693867}. Best is trial 72 with value: 0.18436208802240764.
running
[I 2024-10-02 11:07:44,713] Trial 145 finished with value: 0.18857350840590623 and parameters: {'model_name': 'VAE', 'batch_size': 7, 'iterations': 17, 'learning_rate': 0.0003063720211746538, 'p_miss': 0.09429248127668946}. Best is trial 72 with value: 0.18436208802240764.
running
[I 2024-10-02 11:08:12,276] Trial 147 finished with value: 0.1869335199658329 and parameters: {'model_name': 'VAE', 'batch_size': 7, 'iterations': 21, 'learning_rate': 0.0003435338526956388, 'p_miss': 0.1404738552084177}. Best is trial 72 with value: 0.18436208802240764.
running
[I 2024-10-02 11:08:13,101] Trial 148 finished with value: 0.18790885012327857 and parameters: {'model_name': 'VAE', 'batch_size': 3, 'iterations': 19, 'learning_rate': 0.0003209141274364072, 'p_miss': 0.18614029124607767}. Best is trial 72 with value: 0.18436208802240764.
running
[I 2024-10-02 11:08:21,758] Trial 150 finished with value: 0.18959161731245425 and parameters: {'model_name': 'VAE', 'batch_size': 3, 'iterations': 2, 'learning_rate': 0.009212437019101476, 'p_miss': 0.18939038004834488}. Best is trial 72 with value: 0.18436208802240764.
running
[I 2024-10-02 11:08:45,514] Trial 139 finished with value: 0.18620184647673133 and parameters: {'model_name': 'VAE', 'batch_size': 4, 'iterations': 56, 'learning_rate': 0.00022361883341944462, 'p_miss': 0.12802326975511247}. Best is trial 72 with value: 0.18436208802240764.
running
[I 2024-10-02 11:08:58,378] Trial 142 finished with value: 0.42790614978493846 and parameters: {'model_name': 'GAIN', 'batch_size': 30, 'hint_rate': 0.015687299151873335, 'alpha': 38, 'iterations': 103, 'learning_rate': 0.0003268810159054029, 'p_miss': 0.18755703328359885}. Best is trial 72 with value: 0.18436208802240764.
running
[I 2024-10-02 11:09:06,559] Trial 149 finished with value: 0.18847820362658127 and parameters: {'model_name': 'VAE', 'batch_size': 31, 'iterations': 22, 'learning_rate': 0.0004645702080022591, 'p_miss': 0.13950870918669256}. Best is trial 72 with value: 0.18436208802240764.
running
[I 2024-10-02 11:09:09,673] Trial 141 finished with value: 0.4357675149129971 and parameters: {'model_name': 'GAIN', 'batch_size': 4, 'hint_rate': 0.6931713660175235, 'alpha': 37, 'iterations': 118, 'learning_rate': 0.00044112397631610644, 'p_miss': 0.14160445150019624}. Best is trial 72 with value: 0.18436208802240764.
running
[I 2024-10-02 11:09:21,958] Trial 134 finished with value: 0.18511923655315612 and parameters: {'model_name': 'VAE', 'batch_size': 4, 'iterations': 113, 'learning_rate': 0.0004538740176938734, 'p_miss': 0.1111545022257881}. Best is trial 72 with value: 0.18436208802240764.
running
[I 2024-10-02 11:09:49,105] Trial 119 finished with value: 0.19172308993444528 and parameters: {'model_name': 'VAE', 'batch_size': 8, 'iterations': 529, 'learning_rate': 0.00014177533914522998, 'p_miss': 0.13981908696820897}. Best is trial 72 with value: 0.18436208802240764.
running
[I 2024-10-02 11:10:22,796] Trial 154 finished with value: 0.18922613976430505 and parameters: {'model_name': 'VAE', 'batch_size': 6, 'iterations': 25, 'learning_rate': 0.00047235439008666184, 'p_miss': 0.10272367758573318}. Best is trial 72 with value: 0.18436208802240764.
running
[I 2024-10-02 11:11:03,993] Trial 152 finished with value: 0.18734752325721077 and parameters: {'model_name': 'VAE', 'batch_size': 10, 'iterations': 59, 'learning_rate': 0.0004861603243543926, 'p_miss': 0.10193964320203926}. Best is trial 72 with value: 0.18436208802240764.
running
[I 2024-10-02 11:11:59,020] Trial 156 finished with value: 0.20001429545285226 and parameters: {'model_name': 'VAE', 'batch_size': 10, 'iterations': 67, 'learning_rate': 0.0018534375007379672, 'p_miss': 0.16058688890151637}. Best is trial 72 with value: 0.18436208802240764.
running
[I 2024-10-02 11:12:10,316] Trial 143 finished with value: 0.18476551369061572 and parameters: {'model_name': 'VAE', 'batch_size': 3, 'iterations': 107, 'learning_rate': 0.0003389921695126421, 'p_miss': 0.189669257908944}. Best is trial 72 with value: 0.18436208802240764.
running
[I 2024-10-02 11:12:16,209] Trial 153 finished with value: 0.18683672606035281 and parameters: {'model_name': 'VAE', 'batch_size': 6, 'iterations': 66, 'learning_rate': 0.0004767989407975797, 'p_miss': 0.1085549117173547}. Best is trial 72 with value: 0.18436208802240764.
running
[I 2024-10-02 11:12:28,294] Trial 146 finished with value: 0.19247483487903355 and parameters: {'model_name': 'VAE', 'batch_size': 29, 'iterations': 116, 'learning_rate': 0.00030805570286872297, 'p_miss': 0.139973071406716}. Best is trial 72 with value: 0.18436208802240764.
running
[I 2024-10-02 11:12:33,165] Trial 157 finished with value: 0.18758828655778612 and parameters: {'model_name': 'VAE', 'batch_size': 6, 'iterations': 68, 'learning_rate': 0.00010866475487149553, 'p_miss': 0.11311045254341254}. Best is trial 72 with value: 0.18436208802240764.
running
[I 2024-10-02 11:12:39,405] Trial 155 finished with value: 0.18401921327649579 and parameters: {'model_name': 'VAE', 'batch_size': 6, 'iterations': 73, 'learning_rate': 0.00010079224529551457, 'p_miss': 0.11269906926125174}. Best is trial 155 with value: 0.18401921327649579.
running
[I 2024-10-02 11:12:41,073] Trial 159 finished with value: 0.18728665125340366 and parameters: {'model_name': 'VAE', 'batch_size': 6, 'iterations': 67, 'learning_rate': 0.00017182976991697045, 'p_miss': 0.10919741037651046}. Best is trial 155 with value: 0.18401921327649579.
running
[I 2024-10-02 11:12:56,728] Trial 158 finished with value: 0.1870578138895047 and parameters: {'model_name': 'VAE', 'batch_size': 6, 'iterations': 67, 'learning_rate': 0.0006868985266055242, 'p_miss': 0.1108296645878024}. Best is trial 155 with value: 0.18401921327649579.
running
[I 2024-10-02 11:13:04,455] Trial 151 finished with value: 0.18496977074370038 and parameters: {'model_name': 'VAE', 'batch_size': 10, 'iterations': 116, 'learning_rate': 0.000100811890788915, 'p_miss': 0.11108607989842294}. Best is trial 155 with value: 0.18401921327649579.
running
[I 2024-10-02 11:14:53,738] Trial 160 finished with value: 0.18627767553844532 and parameters: {'model_name': 'VAE', 'batch_size': 3, 'iterations': 88, 'learning_rate': 0.000710903507058207, 'p_miss': 0.11432237844786401}. Best is trial 155 with value: 0.18401921327649579.
running
[I 2024-10-02 11:15:33,733] Trial 161 finished with value: 0.18921094148917703 and parameters: {'model_name': 'VAE', 'batch_size': 284, 'iterations': 43, 'learning_rate': 0.0006723751217043754, 'p_miss': 0.1512147754911965}. Best is trial 155 with value: 0.18401921327649579.
running
[I 2024-10-02 11:17:04,151] Trial 166 finished with value: 0.183452478426649 and parameters: {'model_name': 'VAE', 'batch_size': 3, 'iterations': 92, 'learning_rate': 0.0003776962709715889, 'p_miss': 0.1826360164729831}. Best is trial 166 with value: 0.183452478426649.
running
[I 2024-10-02 11:17:08,715] Trial 120 finished with value: 0.1928709089856506 and parameters: {'model_name': 'VAE', 'batch_size': 8, 'iterations': 670, 'learning_rate': 0.0001430074789379697, 'p_miss': 0.17167497787015057}. Best is trial 166 with value: 0.183452478426649.
running
[I 2024-10-02 11:17:25,012] Trial 168 finished with value: 0.1873577811624733 and parameters: {'model_name': 'VAE', 'batch_size': 3, 'iterations': 92, 'learning_rate': 0.00036785167388873744, 'p_miss': 0.17825257755424698}. Best is trial 166 with value: 0.183452478426649.
running
[I 2024-10-02 11:17:39,901] Trial 162 finished with value: 0.18629232495820877 and parameters: {'model_name': 'VAE', 'batch_size': 6, 'iterations': 84, 'learning_rate': 0.00026881692722256274, 'p_miss': 0.1766090671730179}. Best is trial 166 with value: 0.183452478426649.
running
[I 2024-10-02 11:17:59,904] Trial 165 finished with value: 0.18966553727024643 and parameters: {'model_name': 'VAE', 'batch_size': 3, 'iterations': 89, 'learning_rate': 0.000657385478717934, 'p_miss': 0.15622534762332557}. Best is trial 166 with value: 0.183452478426649.
running
[I 2024-10-02 11:18:19,603] Trial 164 finished with value: 0.185012533444835 and parameters: {'model_name': 'VAE', 'batch_size': 3, 'iterations': 94, 'learning_rate': 0.0002660235640454778, 'p_miss': 0.18158237325709212}. Best is trial 166 with value: 0.183452478426649.
running
[I 2024-10-02 11:19:08,639] Trial 163 finished with value: 0.18624468114564088 and parameters: {'model_name': 'VAE', 'batch_size': 3, 'iterations': 150, 'learning_rate': 0.00037345727071131193, 'p_miss': 0.180408120482029}. Best is trial 166 with value: 0.183452478426649.
running
[I 2024-10-02 11:23:18,566] Trial 167 finished with value: 0.20823523281960954 and parameters: {'model_name': 'VAE', 'batch_size': 314, 'iterations': 157, 'learning_rate': 0.0006683447918903193, 'p_miss': 0.1806702647012713}. Best is trial 166 with value: 0.183452478426649.
running
[I 2024-10-02 11:23:42,195] Trial 171 finished with value: 0.18458570225130871 and parameters: {'model_name': 'VAE', 'batch_size': 8, 'iterations': 162, 'learning_rate': 0.00027119643586576825, 'p_miss': 0.22006957626455562}. Best is trial 166 with value: 0.183452478426649.
running
[I 2024-10-02 11:24:16,807] Trial 170 finished with value: 0.21987519057829763 and parameters: {'model_name': 'VAE', 'batch_size': 8, 'iterations': 150, 'learning_rate': 0.022084880910844585, 'p_miss': 0.18132535617131912}. Best is trial 166 with value: 0.183452478426649.
running
[I 2024-10-02 11:24:18,905] Trial 181 finished with value: 0.4650168349414573 and parameters: {'model_name': 'SimpleImputer', 'strategy': 'most_frequent'}. Best is trial 166 with value: 0.183452478426649.
running
[I 2024-10-02 11:24:30,955] Trial 172 finished with value: 0.18442196777127587 and parameters: {'model_name': 'VAE', 'batch_size': 8, 'iterations': 154, 'learning_rate': 0.00037994448239674685, 'p_miss': 0.1817219027981961}. Best is trial 166 with value: 0.183452478426649.
running
[I 2024-10-02 11:24:52,158] Trial 174 finished with value: 0.186862849387912 and parameters: {'model_name': 'VAE', 'batch_size': 7, 'iterations': 125, 'learning_rate': 0.00026164161111760727, 'p_miss': 0.18219021790785317}. Best is trial 166 with value: 0.183452478426649.
running
[I 2024-10-02 11:25:33,113] Trial 173 finished with value: 0.18711226111904766 and parameters: {'model_name': 'VAE', 'batch_size': 7, 'iterations': 144, 'learning_rate': 0.00026177359615739805, 'p_miss': 0.17928788072575907}. Best is trial 166 with value: 0.183452478426649.
running
[I 2024-10-02 11:25:59,716] Trial 178 finished with value: 0.18635098452397622 and parameters: {'model_name': 'VAE', 'batch_size': 5, 'iterations': 129, 'learning_rate': 0.0002750874372840271, 'p_miss': 0.19433766597088717}. Best is trial 166 with value: 0.183452478426649.
running
[I 2024-10-02 11:26:24,621] Trial 177 finished with value: 0.18592156323111692 and parameters: {'model_name': 'VAE', 'batch_size': 5, 'iterations': 135, 'learning_rate': 0.0002626235128255337, 'p_miss': 0.22211119721786476}. Best is trial 166 with value: 0.183452478426649.
running
[I 2024-10-02 11:26:26,077] Trial 176 finished with value: 0.22354412403362334 and parameters: {'model_name': 'VAE', 'batch_size': 5, 'iterations': 156, 'learning_rate': 0.026562902838983746, 'p_miss': 0.19351565077490315}. Best is trial 166 with value: 0.183452478426649.
running
[I 2024-10-02 11:26:31,725] Trial 185 finished with value: 0.20829280904841485 and parameters: {'model_name': 'KNNImputer', 'n_neighbors': 22842, 'weights': 'distance'}. Best is trial 166 with value: 0.183452478426649.
running
[I 2024-10-02 11:26:56,973] Trial 175 finished with value: 0.18684103303332544 and parameters: {'model_name': 'VAE', 'batch_size': 7, 'iterations': 171, 'learning_rate': 0.00039994037817271894, 'p_miss': 0.18400107422177223}. Best is trial 166 with value: 0.183452478426649.
running
[I 2024-10-02 11:27:39,041] Trial 169 finished with value: 0.19494500148580807 and parameters: {'model_name': 'VAE', 'batch_size': 468, 'iterations': 162, 'learning_rate': 0.00026375411231180536, 'p_miss': 0.1832344415023902}. Best is trial 166 with value: 0.183452478426649.
running
[I 2024-10-02 11:28:31,231] Trial 179 finished with value: 0.1843267139475446 and parameters: {'model_name': 'VAE', 'batch_size': 5, 'iterations': 122, 'learning_rate': 0.00027728421093410545, 'p_miss': 0.19371259395403495}. Best is trial 166 with value: 0.183452478426649.
running
[I 2024-10-02 11:34:15,648] Trial 182 finished with value: 0.18684938342170052 and parameters: {'model_name': 'VAE', 'batch_size': 5, 'iterations': 178, 'learning_rate': 0.0002659208627565516, 'p_miss': 0.22221695397850175}. Best is trial 166 with value: 0.183452478426649.
running
[I 2024-10-02 11:35:48,849] Trial 187 finished with value: 0.1847100654348673 and parameters: {'model_name': 'VAE', 'batch_size': 10, 'iterations': 188, 'learning_rate': 0.00021493414362871215, 'p_miss': 0.23029150588759162}. Best is trial 166 with value: 0.183452478426649.
running
[I 2024-10-02 11:39:42,970] Trial 180 finished with value: 0.192755576328059 and parameters: {'model_name': 'VAE', 'batch_size': 7, 'iterations': 283, 'learning_rate': 0.000251879179957747, 'p_miss': 0.22397655591855248}. Best is trial 166 with value: 0.183452478426649.
running
[I 2024-10-02 11:40:07,168] Trial 191 finished with value: 0.1879000487555103 and parameters: {'model_name': 'VAE', 'batch_size': 10, 'iterations': 262, 'learning_rate': 0.00021570188643364074, 'p_miss': 0.23153070726176944}. Best is trial 166 with value: 0.183452478426649.
running
[I 2024-10-02 11:40:11,146] Trial 184 finished with value: 0.1937957887446708 and parameters: {'model_name': 'VAE', 'batch_size': 14, 'iterations': 316, 'learning_rate': 0.00028355175985357307, 'p_miss': 0.22148026359050782}. Best is trial 166 with value: 0.183452478426649.
running
[I 2024-10-02 11:40:25,409] Trial 188 finished with value: 0.20118183758970423 and parameters: {'model_name': 'VAE', 'batch_size': 13, 'iterations': 259, 'learning_rate': 0.0004031002832126742, 'p_miss': 0.22140175311776472}. Best is trial 166 with value: 0.183452478426649.
running
[I 2024-10-02 11:41:06,630] Trial 192 finished with value: 0.2022898994258345 and parameters: {'model_name': 'VAE', 'batch_size': 9, 'iterations': 259, 'learning_rate': 0.0005368467364046523, 'p_miss': 0.2073617756287804}. Best is trial 166 with value: 0.183452478426649.
running
[I 2024-10-02 11:41:54,223] Trial 186 finished with value: 0.1961675021953016 and parameters: {'model_name': 'VAE', 'batch_size': 9, 'iterations': 329, 'learning_rate': 0.0004031485266958255, 'p_miss': 0.2296270027357651}. Best is trial 166 with value: 0.183452478426649.
[I 2024-10-02 11:42:00,672] Trial 183 finished with value: 0.19324128556781978 and parameters: {'model_name': 'VAE', 'batch_size': 7, 'iterations': 333, 'learning_rate': 0.0002706980238006114, 'p_miss': 0.22842406231261153}. Best is trial 166 with value: 0.183452478426649.
[I 2024-10-02 11:42:56,858] Trial 189 finished with value: 0.21680117442002111 and parameters: {'model_name': 'VAE', 'batch_size': 10, 'iterations': 293, 'learning_rate': 0.0008447214235443382, 'p_miss': 0.23270735234175866}. Best is trial 166 with value: 0.183452478426649.
[I 2024-10-02 11:44:00,917] Trial 190 finished with value: 0.18677947958476399 and parameters: {'model_name': 'VAE', 'batch_size': 10, 'iterations': 313, 'learning_rate': 0.00010080273197050025, 'p_miss': 0.2400238993020059}. Best is trial 166 with value: 0.183452478426649.
[I 2024-10-02 11:44:50,571] Trial 198 finished with value: 0.18346753564507412 and parameters: {'model_name': 'VAE', 'batch_size': 9, 'iterations': 98, 'learning_rate': 0.00034418697689249004, 'p_miss': 0.24405311232908877}. Best is trial 166 with value: 0.183452478426649.
[I 2024-10-02 11:45:34,238] Trial 193 finished with value: 0.21541577381919264 and parameters: {'model_name': 'VAE', 'batch_size': 10, 'iterations': 228, 'learning_rate': 0.0008243186792060399, 'p_miss': 0.20601297067963603}. Best is trial 166 with value: 0.183452478426649.
[I 2024-10-02 11:46:23,462] Trial 199 finished with value: 0.2003384509037945 and parameters: {'model_name': 'VAE', 'batch_size': 11, 'iterations': 107, 'learning_rate': 0.0008828267073688639, 'p_miss': 0.23150374355065437}. Best is trial 166 with value: 0.183452478426649.
[I 2024-10-02 11:47:33,614] Trial 197 finished with value: 0.1998952738183289 and parameters: {'model_name': 'VAE', 'batch_size': 11, 'iterations': 214, 'learning_rate': 0.0005335663169646571, 'p_miss': 0.21467221231347522}. Best is trial 166 with value: 0.183452478426649.
[I 2024-10-02 11:48:01,652] Trial 194 finished with value: 0.20770956509867083 and parameters: {'model_name': 'VAE', 'batch_size': 12, 'iterations': 274, 'learning_rate': 0.0005432804842735096, 'p_miss': 0.24467750533307425}. Best is trial 166 with value: 0.183452478426649.
[I 2024-10-02 11:49:04,009] Trial 195 finished with value: 0.21713759843771516 and parameters: {'model_name': 'VAE', 'batch_size': 14, 'iterations': 351, 'learning_rate': 0.000541618924987896, 'p_miss': 0.24709029017196327}. Best is trial 166 with value: 0.183452478426649.
[I 2024-10-02 11:49:21,068] Trial 196 finished with value: 0.18383440833595874 and parameters: {'model_name': 'VAE', 'batch_size': 9, 'iterations': 349, 'learning_rate': 0.00010033421077850479, 'p_miss': 0.20623045865809733}. Best is trial 166 with value: 0.183452478426649.
[I 2024-10-02 11:50:21,907] Trial 42 finished with value: 0.2443189619608507 and parameters: {'model_name': 'VAE', 'batch_size': 1, 'iterations': 5531, 'learning_rate': 0.008018606227866674, 'p_miss': 0.013200188733560492}. Best is trial 166 with value: 0.183452478426649.
[I 2024-10-02 11:52:22,006] Trial 0 finished with value: 0.26222143505653517 and parameters: {'model_name': 'VAE', 'batch_size': 1, 'iterations': 7788, 'learning_rate': 0.00015568653678067418, 'p_miss': 0.03661372625898262}. Best is trial 166 with value: 0.183452478426649.
[I 2024-10-02 11:53:08,026] Trial 40 finished with value: 0.22108349975978717 and parameters: {'model_name': 'VAE', 'batch_size': 726, 'iterations': 6193, 'learning_rate': 0.012478892482412227, 'p_miss': 0.024938011299548923}. Best is trial 166 with value: 0.183452478426649.
[I 2024-10-02 12:38:41,766] Trial 69 finished with value: 0.19230282542680613 and parameters: {'model_name': 'IterativeImputer', 'estimator': 'RFR', 'initial_strategy': 'median', 'n_nearest_features': 9, 'imputation_order': 'descending'}. Best is trial 166 with value: 0.183452478426649.
[I 2024-10-02 12:39:02,650] Trial 70 finished with value: 0.19265058885896055 and parameters: {'model_name': 'IterativeImputer', 'estimator': 'RFR', 'initial_strategy': 'median', 'n_nearest_features': 9, 'imputation_order': 'arabic'}. Best is trial 166 with value: 0.183452478426649.
fit
auto fit
auto transform
0    0
1    0
2    0
3    0
4    0
5    0
6    0
7    0
8    0
dtype: int64
0    0
1    0
2    0
3    0
4    0
5    0
6    0
7    0
8    0
dtype: int64
0.183452478426649
{'model_name': 'VAE', 'batch_size': 3, 'iterations': 92, 'learning_rate': 0.0003776962709715889, 'p_miss': 0.1826360164729831}
running experiment 2/3 - Does reconstruction give good automl predictions
Start est fit
Version 0.1.7a0 of tpot2 is outdated. Version 0.1.8a0 was released Tuesday September 17, 2024.
Version 0.1.7a0 of tpot2 is outdated. Version 0.1.8a0 was released Tuesday September 17, 2024.
Version 0.1.7a0 of tpot2 is outdated. Version 0.1.8a0 was released Tuesday September 17, 2024.
Version 0.1.7a0 of tpot2 is outdated. Version 0.1.8a0 was released Tuesday September 17, 2024.
Version 0.1.7a0 of tpot2 is outdated. Version 0.1.8a0 was released Tuesday September 17, 2024.
Version 0.1.7a0 of tpot2 is outdated. Version 0.1.8a0 was released Tuesday September 17, 2024.
Version 0.1.7a0 of tpot2 is outdated. Version 0.1.8a0 was released Tuesday September 17, 2024.
Version 0.1.7a0 of tpot2 is outdated. Version 0.1.8a0 was released Tuesday September 17, 2024.
Version 0.1.7a0 of tpot2 is outdated. Version 0.1.8a0 was released Tuesday September 17, 2024.
Version 0.1.7a0 of tpot2 is outdated. Version 0.1.8a0 was released Tuesday September 17, 2024.
Version 0.1.7a0 of tpot2 is outdated. Version 0.1.8a0 was released Tuesday September 17, 2024.
Version 0.1.7a0 of tpot2 is outdated. Version 0.1.8a0 was released Tuesday September 17, 2024.
Version 0.1.7a0 of tpot2 is outdated. Version 0.1.8a0 was released Tuesday September 17, 2024.
Version 0.1.7a0 of tpot2 is outdated. Version 0.1.8a0 was released Tuesday September 17, 2024.
Version 0.1.7a0 of tpot2 is outdated. Version 0.1.8a0 was released Tuesday September 17, 2024.
Version 0.1.7a0 of tpot2 is outdated. Version 0.1.8a0 was released Tuesday September 17, 2024.
  0%|          | 0/25 [00:00<?, ?it/s]Generation:   0%|          | 0/25 [00:00<?, ?it/s]WARNING THIS INDIVIDUAL CAUSED AND EXCEPTION 
 <tpot2.search_spaces.pipelines.sequential.SequentialPipelineIndividual object at 0x1554746a8c70> 
 The 'criterion' parameter of RandomForestRegressor must be a str among {'friedman_mse', 'poisson', 'absolute_error', 'squared_error'}. Got 'mae' instead. 
 Traceback (most recent call last):
  File "/common/ketrong/tpotexp/tpot2/tpot2/utils/eval_utils.py", line 53, in objective_nan_wrapper
    value = func_timeout.func_timeout(timeout, objective_function, args=[individual], kwargs=objective_kwargs)
  File "/common/ketrong/tpotexp/env/lib/python3.10/site-packages/func_timeout/dafunc.py", line 108, in func_timeout
    raise_exception(exception)
  File "/common/ketrong/tpotexp/env/lib/python3.10/site-packages/func_timeout/py3_raise.py", line 7, in raise_exception
    raise exception[0] from None
  File "/common/ketrong/tpotexp/tpot2/tpot2/tpot_estimator/estimator.py", line 623, in objective_function
    return objective_function_generator(
  File "/common/ketrong/tpotexp/tpot2/tpot2/tpot_estimator/estimator_utils.py", line 55, in objective_function_generator
    cv_obj_scores = cross_val_score_objective(sklearn.base.clone(pipeline),x,y,scorers=scorers, cv=cv , fold=step)
  File "/common/ketrong/tpotexp/tpot2/tpot2/tpot_estimator/cross_val_utils.py", line 28, in cross_val_score_objective
    this_fold_pipeline.fit(X_train,y_train)
  File "/common/ketrong/tpotexp/env/lib/python3.10/site-packages/sklearn/base.py", line 1473, in wrapper
    return fit_method(estimator, *args, **kwargs)
  File "/common/ketrong/tpotexp/env/lib/python3.10/site-packages/sklearn/pipeline.py", line 473, in fit
    self._final_estimator.fit(Xt, y, **last_step_params["fit"])
  File "/common/ketrong/tpotexp/env/lib/python3.10/site-packages/sklearn/base.py", line 1466, in wrapper
    estimator._validate_params()
  File "/common/ketrong/tpotexp/env/lib/python3.10/site-packages/sklearn/base.py", line 666, in _validate_params
    validate_parameter_constraints(
  File "/common/ketrong/tpotexp/env/lib/python3.10/site-packages/sklearn/utils/_param_validation.py", line 95, in validate_parameter_constraints
    raise InvalidParameterError(
sklearn.utils._param_validation.InvalidParameterError: The 'criterion' parameter of RandomForestRegressor must be a str among {'friedman_mse', 'poisson', 'absolute_error', 'squared_error'}. Got 'mae' instead.

Generation:  1
Best root_mean_squared_error score: -6.509836638768549
Generation:   4%|         | 1/25 [01:35<38:07, 95.33s/it]WARNING THIS INDIVIDUAL CAUSED AND EXCEPTION 
 <tpot2.search_spaces.pipelines.sequential.SequentialPipelineIndividual object at 0x15547470b100> 
 The 'criterion' parameter of DecisionTreeRegressor must be a str among {'friedman_mse', 'poisson', 'absolute_error', 'squared_error'}. Got 'mae' instead. 
 Traceback (most recent call last):
  File "/common/ketrong/tpotexp/tpot2/tpot2/utils/eval_utils.py", line 53, in objective_nan_wrapper
    value = func_timeout.func_timeout(timeout, objective_function, args=[individual], kwargs=objective_kwargs)
  File "/common/ketrong/tpotexp/env/lib/python3.10/site-packages/func_timeout/dafunc.py", line 108, in func_timeout
    raise_exception(exception)
  File "/common/ketrong/tpotexp/env/lib/python3.10/site-packages/func_timeout/py3_raise.py", line 7, in raise_exception
    raise exception[0] from None
  File "/common/ketrong/tpotexp/tpot2/tpot2/tpot_estimator/estimator.py", line 623, in objective_function
    return objective_function_generator(
  File "/common/ketrong/tpotexp/tpot2/tpot2/tpot_estimator/estimator_utils.py", line 55, in objective_function_generator
    cv_obj_scores = cross_val_score_objective(sklearn.base.clone(pipeline),x,y,scorers=scorers, cv=cv , fold=step)
  File "/common/ketrong/tpotexp/tpot2/tpot2/tpot_estimator/cross_val_utils.py", line 28, in cross_val_score_objective
    this_fold_pipeline.fit(X_train,y_train)
  File "/common/ketrong/tpotexp/env/lib/python3.10/site-packages/sklearn/base.py", line 1473, in wrapper
    return fit_method(estimator, *args, **kwargs)
  File "/common/ketrong/tpotexp/env/lib/python3.10/site-packages/sklearn/pipeline.py", line 473, in fit
    self._final_estimator.fit(Xt, y, **last_step_params["fit"])
  File "/common/ketrong/tpotexp/env/lib/python3.10/site-packages/sklearn/base.py", line 1466, in wrapper
    estimator._validate_params()
  File "/common/ketrong/tpotexp/env/lib/python3.10/site-packages/sklearn/base.py", line 666, in _validate_params
    validate_parameter_constraints(
  File "/common/ketrong/tpotexp/env/lib/python3.10/site-packages/sklearn/utils/_param_validation.py", line 95, in validate_parameter_constraints
    raise InvalidParameterError(
sklearn.utils._param_validation.InvalidParameterError: The 'criterion' parameter of DecisionTreeRegressor must be a str among {'friedman_mse', 'poisson', 'absolute_error', 'squared_error'}. Got 'mae' instead.

Generation:  2
Best root_mean_squared_error score: -6.509836638768549
Generation:   8%|         | 2/25 [06:01<1:15:06, 195.93s/it]WARNING THIS INDIVIDUAL CAUSED AND EXCEPTION 
 <tpot2.search_spaces.pipelines.sequential.SequentialPipelineIndividual object at 0x155467131bd0> 
 The 'criterion' parameter of DecisionTreeRegressor must be a str among {'friedman_mse', 'poisson', 'absolute_error', 'squared_error'}. Got 'mae' instead. 
 Traceback (most recent call last):
  File "/common/ketrong/tpotexp/tpot2/tpot2/utils/eval_utils.py", line 53, in objective_nan_wrapper
    value = func_timeout.func_timeout(timeout, objective_function, args=[individual], kwargs=objective_kwargs)
  File "/common/ketrong/tpotexp/env/lib/python3.10/site-packages/func_timeout/dafunc.py", line 108, in func_timeout
    raise_exception(exception)
  File "/common/ketrong/tpotexp/env/lib/python3.10/site-packages/func_timeout/py3_raise.py", line 7, in raise_exception
    raise exception[0] from None
  File "/common/ketrong/tpotexp/tpot2/tpot2/tpot_estimator/estimator.py", line 623, in objective_function
    return objective_function_generator(
  File "/common/ketrong/tpotexp/tpot2/tpot2/tpot_estimator/estimator_utils.py", line 55, in objective_function_generator
    cv_obj_scores = cross_val_score_objective(sklearn.base.clone(pipeline),x,y,scorers=scorers, cv=cv , fold=step)
  File "/common/ketrong/tpotexp/tpot2/tpot2/tpot_estimator/cross_val_utils.py", line 28, in cross_val_score_objective
    this_fold_pipeline.fit(X_train,y_train)
  File "/common/ketrong/tpotexp/env/lib/python3.10/site-packages/sklearn/base.py", line 1473, in wrapper
    return fit_method(estimator, *args, **kwargs)
  File "/common/ketrong/tpotexp/env/lib/python3.10/site-packages/sklearn/pipeline.py", line 473, in fit
    self._final_estimator.fit(Xt, y, **last_step_params["fit"])
  File "/common/ketrong/tpotexp/env/lib/python3.10/site-packages/sklearn/base.py", line 1466, in wrapper
    estimator._validate_params()
  File "/common/ketrong/tpotexp/env/lib/python3.10/site-packages/sklearn/base.py", line 666, in _validate_params
    validate_parameter_constraints(
  File "/common/ketrong/tpotexp/env/lib/python3.10/site-packages/sklearn/utils/_param_validation.py", line 95, in validate_parameter_constraints
    raise InvalidParameterError(
sklearn.utils._param_validation.InvalidParameterError: The 'criterion' parameter of DecisionTreeRegressor must be a str among {'friedman_mse', 'poisson', 'absolute_error', 'squared_error'}. Got 'mae' instead.

WARNING THIS INDIVIDUAL CAUSED AND EXCEPTION 
 <tpot2.search_spaces.pipelines.sequential.SequentialPipelineIndividual object at 0x1554672f9480> 
 The 'criterion' parameter of ExtraTreesRegressor must be a str among {'friedman_mse', 'poisson', 'absolute_error', 'squared_error'}. Got 'mae' instead. 
 Traceback (most recent call last):
  File "/common/ketrong/tpotexp/tpot2/tpot2/utils/eval_utils.py", line 53, in objective_nan_wrapper
    value = func_timeout.func_timeout(timeout, objective_function, args=[individual], kwargs=objective_kwargs)
  File "/common/ketrong/tpotexp/env/lib/python3.10/site-packages/func_timeout/dafunc.py", line 108, in func_timeout
    raise_exception(exception)
  File "/common/ketrong/tpotexp/env/lib/python3.10/site-packages/func_timeout/py3_raise.py", line 7, in raise_exception
    raise exception[0] from None
  File "/common/ketrong/tpotexp/tpot2/tpot2/tpot_estimator/estimator.py", line 623, in objective_function
    return objective_function_generator(
  File "/common/ketrong/tpotexp/tpot2/tpot2/tpot_estimator/estimator_utils.py", line 55, in objective_function_generator
    cv_obj_scores = cross_val_score_objective(sklearn.base.clone(pipeline),x,y,scorers=scorers, cv=cv , fold=step)
  File "/common/ketrong/tpotexp/tpot2/tpot2/tpot_estimator/cross_val_utils.py", line 28, in cross_val_score_objective
    this_fold_pipeline.fit(X_train,y_train)
  File "/common/ketrong/tpotexp/env/lib/python3.10/site-packages/sklearn/base.py", line 1473, in wrapper
    return fit_method(estimator, *args, **kwargs)
  File "/common/ketrong/tpotexp/env/lib/python3.10/site-packages/sklearn/pipeline.py", line 473, in fit
    self._final_estimator.fit(Xt, y, **last_step_params["fit"])
  File "/common/ketrong/tpotexp/env/lib/python3.10/site-packages/sklearn/base.py", line 1466, in wrapper
    estimator._validate_params()
  File "/common/ketrong/tpotexp/env/lib/python3.10/site-packages/sklearn/base.py", line 666, in _validate_params
    validate_parameter_constraints(
  File "/common/ketrong/tpotexp/env/lib/python3.10/site-packages/sklearn/utils/_param_validation.py", line 95, in validate_parameter_constraints
    raise InvalidParameterError(
sklearn.utils._param_validation.InvalidParameterError: The 'criterion' parameter of ExtraTreesRegressor must be a str among {'friedman_mse', 'poisson', 'absolute_error', 'squared_error'}. Got 'mae' instead.

WARNING THIS INDIVIDUAL CAUSED AND EXCEPTION 
 <tpot2.search_spaces.pipelines.sequential.SequentialPipelineIndividual object at 0x155474707e80> 
 The 'criterion' parameter of RandomForestRegressor must be a str among {'friedman_mse', 'poisson', 'absolute_error', 'squared_error'}. Got 'mae' instead. 
 Traceback (most recent call last):
  File "/common/ketrong/tpotexp/tpot2/tpot2/utils/eval_utils.py", line 53, in objective_nan_wrapper
    value = func_timeout.func_timeout(timeout, objective_function, args=[individual], kwargs=objective_kwargs)
  File "/common/ketrong/tpotexp/env/lib/python3.10/site-packages/func_timeout/dafunc.py", line 108, in func_timeout
    raise_exception(exception)
  File "/common/ketrong/tpotexp/env/lib/python3.10/site-packages/func_timeout/py3_raise.py", line 7, in raise_exception
    raise exception[0] from None
  File "/common/ketrong/tpotexp/tpot2/tpot2/tpot_estimator/estimator.py", line 623, in objective_function
    return objective_function_generator(
  File "/common/ketrong/tpotexp/tpot2/tpot2/tpot_estimator/estimator_utils.py", line 55, in objective_function_generator
    cv_obj_scores = cross_val_score_objective(sklearn.base.clone(pipeline),x,y,scorers=scorers, cv=cv , fold=step)
  File "/common/ketrong/tpotexp/tpot2/tpot2/tpot_estimator/cross_val_utils.py", line 28, in cross_val_score_objective
    this_fold_pipeline.fit(X_train,y_train)
  File "/common/ketrong/tpotexp/env/lib/python3.10/site-packages/sklearn/base.py", line 1473, in wrapper
    return fit_method(estimator, *args, **kwargs)
  File "/common/ketrong/tpotexp/env/lib/python3.10/site-packages/sklearn/pipeline.py", line 473, in fit
    self._final_estimator.fit(Xt, y, **last_step_params["fit"])
  File "/common/ketrong/tpotexp/env/lib/python3.10/site-packages/sklearn/base.py", line 1466, in wrapper
    estimator._validate_params()
  File "/common/ketrong/tpotexp/env/lib/python3.10/site-packages/sklearn/base.py", line 666, in _validate_params
    validate_parameter_constraints(
  File "/common/ketrong/tpotexp/env/lib/python3.10/site-packages/sklearn/utils/_param_validation.py", line 95, in validate_parameter_constraints
    raise InvalidParameterError(
sklearn.utils._param_validation.InvalidParameterError: The 'criterion' parameter of RandomForestRegressor must be a str among {'friedman_mse', 'poisson', 'absolute_error', 'squared_error'}. Got 'mae' instead.

Generation:  3
Best root_mean_squared_error score: -6.509784980309409
Generation:  12%|        | 3/25 [10:55<1:28:18, 240.84s/it]WARNING THIS INDIVIDUAL CAUSED AND EXCEPTION 
 <tpot2.search_spaces.pipelines.sequential.SequentialPipelineIndividual object at 0x155474705c60> 
 The 'criterion' parameter of DecisionTreeRegressor must be a str among {'friedman_mse', 'poisson', 'absolute_error', 'squared_error'}. Got 'mae' instead. 
 Traceback (most recent call last):
  File "/common/ketrong/tpotexp/tpot2/tpot2/utils/eval_utils.py", line 53, in objective_nan_wrapper
    value = func_timeout.func_timeout(timeout, objective_function, args=[individual], kwargs=objective_kwargs)
  File "/common/ketrong/tpotexp/env/lib/python3.10/site-packages/func_timeout/dafunc.py", line 108, in func_timeout
    raise_exception(exception)
  File "/common/ketrong/tpotexp/env/lib/python3.10/site-packages/func_timeout/py3_raise.py", line 7, in raise_exception
    raise exception[0] from None
  File "/common/ketrong/tpotexp/tpot2/tpot2/tpot_estimator/estimator.py", line 623, in objective_function
    return objective_function_generator(
  File "/common/ketrong/tpotexp/tpot2/tpot2/tpot_estimator/estimator_utils.py", line 55, in objective_function_generator
    cv_obj_scores = cross_val_score_objective(sklearn.base.clone(pipeline),x,y,scorers=scorers, cv=cv , fold=step)
  File "/common/ketrong/tpotexp/tpot2/tpot2/tpot_estimator/cross_val_utils.py", line 28, in cross_val_score_objective
    this_fold_pipeline.fit(X_train,y_train)
  File "/common/ketrong/tpotexp/env/lib/python3.10/site-packages/sklearn/base.py", line 1473, in wrapper
    return fit_method(estimator, *args, **kwargs)
  File "/common/ketrong/tpotexp/env/lib/python3.10/site-packages/sklearn/pipeline.py", line 473, in fit
    self._final_estimator.fit(Xt, y, **last_step_params["fit"])
  File "/common/ketrong/tpotexp/env/lib/python3.10/site-packages/sklearn/base.py", line 1466, in wrapper
    estimator._validate_params()
  File "/common/ketrong/tpotexp/env/lib/python3.10/site-packages/sklearn/base.py", line 666, in _validate_params
    validate_parameter_constraints(
  File "/common/ketrong/tpotexp/env/lib/python3.10/site-packages/sklearn/utils/_param_validation.py", line 95, in validate_parameter_constraints
    raise InvalidParameterError(
sklearn.utils._param_validation.InvalidParameterError: The 'criterion' parameter of DecisionTreeRegressor must be a str among {'friedman_mse', 'poisson', 'absolute_error', 'squared_error'}. Got 'mae' instead.

Generation:  4
Best root_mean_squared_error score: -6.509716844273055
Generation:  16%|        | 4/25 [11:27<55:19, 158.06s/it]  Generation:  5
Best root_mean_squared_error score: -6.509716844273055
Generation:  20%|        | 5/25 [15:45<1:04:42, 194.11s/it]WARNING THIS INDIVIDUAL CAUSED AND EXCEPTION 
 <tpot2.search_spaces.pipelines.sequential.SequentialPipelineIndividual object at 0x15546738b070> 
 The 'criterion' parameter of RandomForestRegressor must be a str among {'friedman_mse', 'poisson', 'absolute_error', 'squared_error'}. Got 'mse' instead. 
 Traceback (most recent call last):
  File "/common/ketrong/tpotexp/tpot2/tpot2/utils/eval_utils.py", line 53, in objective_nan_wrapper
    value = func_timeout.func_timeout(timeout, objective_function, args=[individual], kwargs=objective_kwargs)
  File "/common/ketrong/tpotexp/env/lib/python3.10/site-packages/func_timeout/dafunc.py", line 108, in func_timeout
    raise_exception(exception)
  File "/common/ketrong/tpotexp/env/lib/python3.10/site-packages/func_timeout/py3_raise.py", line 7, in raise_exception
    raise exception[0] from None
  File "/common/ketrong/tpotexp/tpot2/tpot2/tpot_estimator/estimator.py", line 623, in objective_function
    return objective_function_generator(
  File "/common/ketrong/tpotexp/tpot2/tpot2/tpot_estimator/estimator_utils.py", line 55, in objective_function_generator
    cv_obj_scores = cross_val_score_objective(sklearn.base.clone(pipeline),x,y,scorers=scorers, cv=cv , fold=step)
  File "/common/ketrong/tpotexp/tpot2/tpot2/tpot_estimator/cross_val_utils.py", line 28, in cross_val_score_objective
    this_fold_pipeline.fit(X_train,y_train)
  File "/common/ketrong/tpotexp/env/lib/python3.10/site-packages/sklearn/base.py", line 1473, in wrapper
    return fit_method(estimator, *args, **kwargs)
  File "/common/ketrong/tpotexp/env/lib/python3.10/site-packages/sklearn/pipeline.py", line 473, in fit
    self._final_estimator.fit(Xt, y, **last_step_params["fit"])
  File "/common/ketrong/tpotexp/env/lib/python3.10/site-packages/sklearn/base.py", line 1466, in wrapper
    estimator._validate_params()
  File "/common/ketrong/tpotexp/env/lib/python3.10/site-packages/sklearn/base.py", line 666, in _validate_params
    validate_parameter_constraints(
  File "/common/ketrong/tpotexp/env/lib/python3.10/site-packages/sklearn/utils/_param_validation.py", line 95, in validate_parameter_constraints
    raise InvalidParameterError(
sklearn.utils._param_validation.InvalidParameterError: The 'criterion' parameter of RandomForestRegressor must be a str among {'friedman_mse', 'poisson', 'absolute_error', 'squared_error'}. Got 'mse' instead.

Generation:  6
Best root_mean_squared_error score: -6.509716844273055
Generation:  24%|       | 6/25 [18:13<56:30, 178.43s/it]  Generation:  7
Best root_mean_squared_error score: -6.509716844273055
Generation:  28%|       | 7/25 [19:05<41:07, 137.06s/it]WARNING THIS INDIVIDUAL CAUSED AND EXCEPTION 
 <tpot2.search_spaces.pipelines.sequential.SequentialPipelineIndividual object at 0x155467015f00> 
 The 'criterion' parameter of RandomForestRegressor must be a str among {'friedman_mse', 'poisson', 'absolute_error', 'squared_error'}. Got 'mse' instead. 
 Traceback (most recent call last):
  File "/common/ketrong/tpotexp/tpot2/tpot2/utils/eval_utils.py", line 53, in objective_nan_wrapper
    value = func_timeout.func_timeout(timeout, objective_function, args=[individual], kwargs=objective_kwargs)
  File "/common/ketrong/tpotexp/env/lib/python3.10/site-packages/func_timeout/dafunc.py", line 108, in func_timeout
    raise_exception(exception)
  File "/common/ketrong/tpotexp/env/lib/python3.10/site-packages/func_timeout/py3_raise.py", line 7, in raise_exception
    raise exception[0] from None
  File "/common/ketrong/tpotexp/tpot2/tpot2/tpot_estimator/estimator.py", line 623, in objective_function
    return objective_function_generator(
  File "/common/ketrong/tpotexp/tpot2/tpot2/tpot_estimator/estimator_utils.py", line 55, in objective_function_generator
    cv_obj_scores = cross_val_score_objective(sklearn.base.clone(pipeline),x,y,scorers=scorers, cv=cv , fold=step)
  File "/common/ketrong/tpotexp/tpot2/tpot2/tpot_estimator/cross_val_utils.py", line 28, in cross_val_score_objective
    this_fold_pipeline.fit(X_train,y_train)
  File "/common/ketrong/tpotexp/env/lib/python3.10/site-packages/sklearn/base.py", line 1473, in wrapper
    return fit_method(estimator, *args, **kwargs)
  File "/common/ketrong/tpotexp/env/lib/python3.10/site-packages/sklearn/pipeline.py", line 473, in fit
    self._final_estimator.fit(Xt, y, **last_step_params["fit"])
  File "/common/ketrong/tpotexp/env/lib/python3.10/site-packages/sklearn/base.py", line 1466, in wrapper
    estimator._validate_params()
  File "/common/ketrong/tpotexp/env/lib/python3.10/site-packages/sklearn/base.py", line 666, in _validate_params
    validate_parameter_constraints(
  File "/common/ketrong/tpotexp/env/lib/python3.10/site-packages/sklearn/utils/_param_validation.py", line 95, in validate_parameter_constraints
    raise InvalidParameterError(
sklearn.utils._param_validation.InvalidParameterError: The 'criterion' parameter of RandomForestRegressor must be a str among {'friedman_mse', 'poisson', 'absolute_error', 'squared_error'}. Got 'mse' instead.

Generation:  8
Best root_mean_squared_error score: -6.509716844273055
Generation:  32%|      | 8/25 [22:00<42:17, 149.27s/it]Generation:  9
Best root_mean_squared_error score: -6.509716844273055
Generation:  36%|      | 9/25 [25:22<44:14, 165.91s/it]Generation:  10
Best root_mean_squared_error score: -6.509716844273055
Generation:  40%|      | 10/25 [25:57<31:21, 125.41s/it]Generation:  11
Best root_mean_squared_error score: -6.509716844273055
Generation:  44%|     | 11/25 [26:30<22:38, 97.07s/it] WARNING THIS INDIVIDUAL CAUSED AND EXCEPTION 
 <tpot2.search_spaces.pipelines.sequential.SequentialPipelineIndividual object at 0x155467931480> 
 The 'criterion' parameter of RandomForestRegressor must be a str among {'friedman_mse', 'poisson', 'absolute_error', 'squared_error'}. Got 'mae' instead. 
 Traceback (most recent call last):
  File "/common/ketrong/tpotexp/tpot2/tpot2/utils/eval_utils.py", line 53, in objective_nan_wrapper
    value = func_timeout.func_timeout(timeout, objective_function, args=[individual], kwargs=objective_kwargs)
  File "/common/ketrong/tpotexp/env/lib/python3.10/site-packages/func_timeout/dafunc.py", line 108, in func_timeout
    raise_exception(exception)
  File "/common/ketrong/tpotexp/env/lib/python3.10/site-packages/func_timeout/py3_raise.py", line 7, in raise_exception
    raise exception[0] from None
  File "/common/ketrong/tpotexp/tpot2/tpot2/tpot_estimator/estimator.py", line 623, in objective_function
    return objective_function_generator(
  File "/common/ketrong/tpotexp/tpot2/tpot2/tpot_estimator/estimator_utils.py", line 55, in objective_function_generator
    cv_obj_scores = cross_val_score_objective(sklearn.base.clone(pipeline),x,y,scorers=scorers, cv=cv , fold=step)
  File "/common/ketrong/tpotexp/tpot2/tpot2/tpot_estimator/cross_val_utils.py", line 28, in cross_val_score_objective
    this_fold_pipeline.fit(X_train,y_train)
  File "/common/ketrong/tpotexp/env/lib/python3.10/site-packages/sklearn/base.py", line 1473, in wrapper
    return fit_method(estimator, *args, **kwargs)
  File "/common/ketrong/tpotexp/env/lib/python3.10/site-packages/sklearn/pipeline.py", line 473, in fit
    self._final_estimator.fit(Xt, y, **last_step_params["fit"])
  File "/common/ketrong/tpotexp/env/lib/python3.10/site-packages/sklearn/base.py", line 1466, in wrapper
    estimator._validate_params()
  File "/common/ketrong/tpotexp/env/lib/python3.10/site-packages/sklearn/base.py", line 666, in _validate_params
    validate_parameter_constraints(
  File "/common/ketrong/tpotexp/env/lib/python3.10/site-packages/sklearn/utils/_param_validation.py", line 95, in validate_parameter_constraints
    raise InvalidParameterError(
sklearn.utils._param_validation.InvalidParameterError: The 'criterion' parameter of RandomForestRegressor must be a str among {'friedman_mse', 'poisson', 'absolute_error', 'squared_error'}. Got 'mae' instead.

Generation:  12
Best root_mean_squared_error score: -6.5097160537935554
Generation:  48%|     | 12/25 [29:22<25:58, 119.88s/it]WARNING AN INDIVIDUAL TIMED OUT: 
 <tpot2.search_spaces.pipelines.sequential.SequentialPipelineIndividual object at 0x155467f9db70> 

Generation:  13
Best root_mean_squared_error score: -6.5097160537935554
Generation:  52%|    | 13/25 [39:29<53:28, 267.37s/it]WARNING THIS INDIVIDUAL CAUSED AND EXCEPTION 
 <tpot2.search_spaces.pipelines.sequential.SequentialPipelineIndividual object at 0x155467572ec0> 
 The 'criterion' parameter of ExtraTreesRegressor must be a str among {'friedman_mse', 'poisson', 'absolute_error', 'squared_error'}. Got 'mae' instead. 
 Traceback (most recent call last):
  File "/common/ketrong/tpotexp/tpot2/tpot2/utils/eval_utils.py", line 53, in objective_nan_wrapper
    value = func_timeout.func_timeout(timeout, objective_function, args=[individual], kwargs=objective_kwargs)
  File "/common/ketrong/tpotexp/env/lib/python3.10/site-packages/func_timeout/dafunc.py", line 108, in func_timeout
    raise_exception(exception)
  File "/common/ketrong/tpotexp/env/lib/python3.10/site-packages/func_timeout/py3_raise.py", line 7, in raise_exception
    raise exception[0] from None
  File "/common/ketrong/tpotexp/tpot2/tpot2/tpot_estimator/estimator.py", line 623, in objective_function
    return objective_function_generator(
  File "/common/ketrong/tpotexp/tpot2/tpot2/tpot_estimator/estimator_utils.py", line 55, in objective_function_generator
    cv_obj_scores = cross_val_score_objective(sklearn.base.clone(pipeline),x,y,scorers=scorers, cv=cv , fold=step)
  File "/common/ketrong/tpotexp/tpot2/tpot2/tpot_estimator/cross_val_utils.py", line 28, in cross_val_score_objective
    this_fold_pipeline.fit(X_train,y_train)
  File "/common/ketrong/tpotexp/env/lib/python3.10/site-packages/sklearn/base.py", line 1473, in wrapper
    return fit_method(estimator, *args, **kwargs)
  File "/common/ketrong/tpotexp/env/lib/python3.10/site-packages/sklearn/pipeline.py", line 473, in fit
    self._final_estimator.fit(Xt, y, **last_step_params["fit"])
  File "/common/ketrong/tpotexp/env/lib/python3.10/site-packages/sklearn/base.py", line 1466, in wrapper
    estimator._validate_params()
  File "/common/ketrong/tpotexp/env/lib/python3.10/site-packages/sklearn/base.py", line 666, in _validate_params
    validate_parameter_constraints(
  File "/common/ketrong/tpotexp/env/lib/python3.10/site-packages/sklearn/utils/_param_validation.py", line 95, in validate_parameter_constraints
    raise InvalidParameterError(
sklearn.utils._param_validation.InvalidParameterError: The 'criterion' parameter of ExtraTreesRegressor must be a str among {'friedman_mse', 'poisson', 'absolute_error', 'squared_error'}. Got 'mae' instead.

Generation:  14
Best root_mean_squared_error score: -6.5097160537935554
Generation:  56%|    | 14/25 [41:30<40:55, 223.20s/it]WARNING THIS INDIVIDUAL CAUSED AND EXCEPTION 
 <tpot2.search_spaces.pipelines.sequential.SequentialPipelineIndividual object at 0x155474707a00> 
 The 'criterion' parameter of RandomForestRegressor must be a str among {'friedman_mse', 'poisson', 'absolute_error', 'squared_error'}. Got 'mse' instead. 
 Traceback (most recent call last):
  File "/common/ketrong/tpotexp/tpot2/tpot2/utils/eval_utils.py", line 53, in objective_nan_wrapper
    value = func_timeout.func_timeout(timeout, objective_function, args=[individual], kwargs=objective_kwargs)
  File "/common/ketrong/tpotexp/env/lib/python3.10/site-packages/func_timeout/dafunc.py", line 108, in func_timeout
    raise_exception(exception)
  File "/common/ketrong/tpotexp/env/lib/python3.10/site-packages/func_timeout/py3_raise.py", line 7, in raise_exception
    raise exception[0] from None
  File "/common/ketrong/tpotexp/tpot2/tpot2/tpot_estimator/estimator.py", line 623, in objective_function
    return objective_function_generator(
  File "/common/ketrong/tpotexp/tpot2/tpot2/tpot_estimator/estimator_utils.py", line 55, in objective_function_generator
    cv_obj_scores = cross_val_score_objective(sklearn.base.clone(pipeline),x,y,scorers=scorers, cv=cv , fold=step)
  File "/common/ketrong/tpotexp/tpot2/tpot2/tpot_estimator/cross_val_utils.py", line 28, in cross_val_score_objective
    this_fold_pipeline.fit(X_train,y_train)
  File "/common/ketrong/tpotexp/env/lib/python3.10/site-packages/sklearn/base.py", line 1473, in wrapper
    return fit_method(estimator, *args, **kwargs)
  File "/common/ketrong/tpotexp/env/lib/python3.10/site-packages/sklearn/pipeline.py", line 473, in fit
    self._final_estimator.fit(Xt, y, **last_step_params["fit"])
  File "/common/ketrong/tpotexp/env/lib/python3.10/site-packages/sklearn/base.py", line 1466, in wrapper
    estimator._validate_params()
  File "/common/ketrong/tpotexp/env/lib/python3.10/site-packages/sklearn/base.py", line 666, in _validate_params
    validate_parameter_constraints(
  File "/common/ketrong/tpotexp/env/lib/python3.10/site-packages/sklearn/utils/_param_validation.py", line 95, in validate_parameter_constraints
    raise InvalidParameterError(
sklearn.utils._param_validation.InvalidParameterError: The 'criterion' parameter of RandomForestRegressor must be a str among {'friedman_mse', 'poisson', 'absolute_error', 'squared_error'}. Got 'mse' instead.

WARNING THIS INDIVIDUAL CAUSED AND EXCEPTION 
 <tpot2.search_spaces.pipelines.sequential.SequentialPipelineIndividual object at 0x1554746ec910> 
 The 'criterion' parameter of ExtraTreesRegressor must be a str among {'friedman_mse', 'poisson', 'absolute_error', 'squared_error'}. Got 'mae' instead. 
 Traceback (most recent call last):
  File "/common/ketrong/tpotexp/tpot2/tpot2/utils/eval_utils.py", line 53, in objective_nan_wrapper
    value = func_timeout.func_timeout(timeout, objective_function, args=[individual], kwargs=objective_kwargs)
  File "/common/ketrong/tpotexp/env/lib/python3.10/site-packages/func_timeout/dafunc.py", line 108, in func_timeout
    raise_exception(exception)
  File "/common/ketrong/tpotexp/env/lib/python3.10/site-packages/func_timeout/py3_raise.py", line 7, in raise_exception
    raise exception[0] from None
  File "/common/ketrong/tpotexp/tpot2/tpot2/tpot_estimator/estimator.py", line 623, in objective_function
    return objective_function_generator(
  File "/common/ketrong/tpotexp/tpot2/tpot2/tpot_estimator/estimator_utils.py", line 55, in objective_function_generator
    cv_obj_scores = cross_val_score_objective(sklearn.base.clone(pipeline),x,y,scorers=scorers, cv=cv , fold=step)
  File "/common/ketrong/tpotexp/tpot2/tpot2/tpot_estimator/cross_val_utils.py", line 28, in cross_val_score_objective
    this_fold_pipeline.fit(X_train,y_train)
  File "/common/ketrong/tpotexp/env/lib/python3.10/site-packages/sklearn/base.py", line 1473, in wrapper
    return fit_method(estimator, *args, **kwargs)
  File "/common/ketrong/tpotexp/env/lib/python3.10/site-packages/sklearn/pipeline.py", line 473, in fit
    self._final_estimator.fit(Xt, y, **last_step_params["fit"])
  File "/common/ketrong/tpotexp/env/lib/python3.10/site-packages/sklearn/base.py", line 1466, in wrapper
    estimator._validate_params()
  File "/common/ketrong/tpotexp/env/lib/python3.10/site-packages/sklearn/base.py", line 666, in _validate_params
    validate_parameter_constraints(
  File "/common/ketrong/tpotexp/env/lib/python3.10/site-packages/sklearn/utils/_param_validation.py", line 95, in validate_parameter_constraints
    raise InvalidParameterError(
sklearn.utils._param_validation.InvalidParameterError: The 'criterion' parameter of ExtraTreesRegressor must be a str among {'friedman_mse', 'poisson', 'absolute_error', 'squared_error'}. Got 'mae' instead.

Generation:  15
Best root_mean_squared_error score: -6.5097160537935554
Generation:  60%|    | 15/25 [44:24<34:43, 208.31s/it]WARNING THIS INDIVIDUAL CAUSED AND EXCEPTION 
 <tpot2.search_spaces.pipelines.sequential.SequentialPipelineIndividual object at 0x155464b85b40> 
 The 'criterion' parameter of RandomForestRegressor must be a str among {'friedman_mse', 'poisson', 'absolute_error', 'squared_error'}. Got 'mae' instead. 
 Traceback (most recent call last):
  File "/common/ketrong/tpotexp/tpot2/tpot2/utils/eval_utils.py", line 53, in objective_nan_wrapper
    value = func_timeout.func_timeout(timeout, objective_function, args=[individual], kwargs=objective_kwargs)
  File "/common/ketrong/tpotexp/env/lib/python3.10/site-packages/func_timeout/dafunc.py", line 108, in func_timeout
    raise_exception(exception)
  File "/common/ketrong/tpotexp/env/lib/python3.10/site-packages/func_timeout/py3_raise.py", line 7, in raise_exception
    raise exception[0] from None
  File "/common/ketrong/tpotexp/tpot2/tpot2/tpot_estimator/estimator.py", line 623, in objective_function
    return objective_function_generator(
  File "/common/ketrong/tpotexp/tpot2/tpot2/tpot_estimator/estimator_utils.py", line 55, in objective_function_generator
    cv_obj_scores = cross_val_score_objective(sklearn.base.clone(pipeline),x,y,scorers=scorers, cv=cv , fold=step)
  File "/common/ketrong/tpotexp/tpot2/tpot2/tpot_estimator/cross_val_utils.py", line 28, in cross_val_score_objective
    this_fold_pipeline.fit(X_train,y_train)
  File "/common/ketrong/tpotexp/env/lib/python3.10/site-packages/sklearn/base.py", line 1473, in wrapper
    return fit_method(estimator, *args, **kwargs)
  File "/common/ketrong/tpotexp/env/lib/python3.10/site-packages/sklearn/pipeline.py", line 473, in fit
    self._final_estimator.fit(Xt, y, **last_step_params["fit"])
  File "/common/ketrong/tpotexp/env/lib/python3.10/site-packages/sklearn/base.py", line 1466, in wrapper
    estimator._validate_params()
  File "/common/ketrong/tpotexp/env/lib/python3.10/site-packages/sklearn/base.py", line 666, in _validate_params
    validate_parameter_constraints(
  File "/common/ketrong/tpotexp/env/lib/python3.10/site-packages/sklearn/utils/_param_validation.py", line 95, in validate_parameter_constraints
    raise InvalidParameterError(
sklearn.utils._param_validation.InvalidParameterError: The 'criterion' parameter of RandomForestRegressor must be a str among {'friedman_mse', 'poisson', 'absolute_error', 'squared_error'}. Got 'mae' instead.

Generation:  16
Best root_mean_squared_error score: -6.5097160537935554
Generation:  64%|   | 16/25 [44:41<22:38, 150.94s/it]Generation:  17
Best root_mean_squared_error score: -6.5097160537935554
Generation:  68%|   | 17/25 [44:59<14:46, 110.87s/it]Generation:  18
Best root_mean_squared_error score: -6.5097160537935554
Generation:  72%|  | 18/25 [46:16<11:45, 100.72s/it]Generation:  19
Best root_mean_squared_error score: -6.5097160537935554
Generation:  76%|  | 19/25 [50:25<14:31, 145.25s/it]Generation:  20
Best root_mean_squared_error score: -6.509716051613057
Generation:  80%|  | 20/25 [50:43<08:55, 107.10s/it]Generation:  21
Best root_mean_squared_error score: -6.509716051613057
Generation:  84%| | 21/25 [55:06<10:15, 153.79s/it]Generation:  22
Best root_mean_squared_error score: -6.509716051613057
Generation:  88%| | 22/25 [56:15<06:25, 128.39s/it]WARNING THIS INDIVIDUAL CAUSED AND EXCEPTION 
 <tpot2.search_spaces.pipelines.sequential.SequentialPipelineIndividual object at 0x15546752b550> 
 The 'criterion' parameter of RandomForestRegressor must be a str among {'friedman_mse', 'poisson', 'absolute_error', 'squared_error'}. Got 'mae' instead. 
 Traceback (most recent call last):
  File "/common/ketrong/tpotexp/tpot2/tpot2/utils/eval_utils.py", line 53, in objective_nan_wrapper
    value = func_timeout.func_timeout(timeout, objective_function, args=[individual], kwargs=objective_kwargs)
  File "/common/ketrong/tpotexp/env/lib/python3.10/site-packages/func_timeout/dafunc.py", line 108, in func_timeout
    raise_exception(exception)
  File "/common/ketrong/tpotexp/env/lib/python3.10/site-packages/func_timeout/py3_raise.py", line 7, in raise_exception
    raise exception[0] from None
  File "/common/ketrong/tpotexp/tpot2/tpot2/tpot_estimator/estimator.py", line 623, in objective_function
    return objective_function_generator(
  File "/common/ketrong/tpotexp/tpot2/tpot2/tpot_estimator/estimator_utils.py", line 55, in objective_function_generator
    cv_obj_scores = cross_val_score_objective(sklearn.base.clone(pipeline),x,y,scorers=scorers, cv=cv , fold=step)
  File "/common/ketrong/tpotexp/tpot2/tpot2/tpot_estimator/cross_val_utils.py", line 28, in cross_val_score_objective
    this_fold_pipeline.fit(X_train,y_train)
  File "/common/ketrong/tpotexp/env/lib/python3.10/site-packages/sklearn/base.py", line 1473, in wrapper
    return fit_method(estimator, *args, **kwargs)
  File "/common/ketrong/tpotexp/env/lib/python3.10/site-packages/sklearn/pipeline.py", line 473, in fit
    self._final_estimator.fit(Xt, y, **last_step_params["fit"])
  File "/common/ketrong/tpotexp/env/lib/python3.10/site-packages/sklearn/base.py", line 1466, in wrapper
    estimator._validate_params()
  File "/common/ketrong/tpotexp/env/lib/python3.10/site-packages/sklearn/base.py", line 666, in _validate_params
    validate_parameter_constraints(
  File "/common/ketrong/tpotexp/env/lib/python3.10/site-packages/sklearn/utils/_param_validation.py", line 95, in validate_parameter_constraints
    raise InvalidParameterError(
sklearn.utils._param_validation.InvalidParameterError: The 'criterion' parameter of RandomForestRegressor must be a str among {'friedman_mse', 'poisson', 'absolute_error', 'squared_error'}. Got 'mae' instead.

WARNING THIS INDIVIDUAL CAUSED AND EXCEPTION 
 <tpot2.search_spaces.pipelines.sequential.SequentialPipelineIndividual object at 0x155467663730> 
 The 'criterion' parameter of DecisionTreeRegressor must be a str among {'friedman_mse', 'poisson', 'absolute_error', 'squared_error'}. Got 'mae' instead. 
 Traceback (most recent call last):
  File "/common/ketrong/tpotexp/tpot2/tpot2/utils/eval_utils.py", line 53, in objective_nan_wrapper
    value = func_timeout.func_timeout(timeout, objective_function, args=[individual], kwargs=objective_kwargs)
  File "/common/ketrong/tpotexp/env/lib/python3.10/site-packages/func_timeout/dafunc.py", line 108, in func_timeout
    raise_exception(exception)
  File "/common/ketrong/tpotexp/env/lib/python3.10/site-packages/func_timeout/py3_raise.py", line 7, in raise_exception
    raise exception[0] from None
  File "/common/ketrong/tpotexp/tpot2/tpot2/tpot_estimator/estimator.py", line 623, in objective_function
    return objective_function_generator(
  File "/common/ketrong/tpotexp/tpot2/tpot2/tpot_estimator/estimator_utils.py", line 55, in objective_function_generator
    cv_obj_scores = cross_val_score_objective(sklearn.base.clone(pipeline),x,y,scorers=scorers, cv=cv , fold=step)
  File "/common/ketrong/tpotexp/tpot2/tpot2/tpot_estimator/cross_val_utils.py", line 28, in cross_val_score_objective
    this_fold_pipeline.fit(X_train,y_train)
  File "/common/ketrong/tpotexp/env/lib/python3.10/site-packages/sklearn/base.py", line 1473, in wrapper
    return fit_method(estimator, *args, **kwargs)
  File "/common/ketrong/tpotexp/env/lib/python3.10/site-packages/sklearn/pipeline.py", line 473, in fit
    self._final_estimator.fit(Xt, y, **last_step_params["fit"])
  File "/common/ketrong/tpotexp/env/lib/python3.10/site-packages/sklearn/base.py", line 1466, in wrapper
    estimator._validate_params()
  File "/common/ketrong/tpotexp/env/lib/python3.10/site-packages/sklearn/base.py", line 666, in _validate_params
    validate_parameter_constraints(
  File "/common/ketrong/tpotexp/env/lib/python3.10/site-packages/sklearn/utils/_param_validation.py", line 95, in validate_parameter_constraints
    raise InvalidParameterError(
sklearn.utils._param_validation.InvalidParameterError: The 'criterion' parameter of DecisionTreeRegressor must be a str among {'friedman_mse', 'poisson', 'absolute_error', 'squared_error'}. Got 'mae' instead.

Generation:  23
Best root_mean_squared_error score: -6.509716051613057
Generation:  92%|| 23/25 [57:15<03:35, 107.93s/it]Generation:  24
Best root_mean_squared_error score: -6.509716051613057
Generation:  96%|| 24/25 [57:51<01:26, 86.17s/it] WARNING THIS INDIVIDUAL CAUSED AND EXCEPTION 
 <tpot2.search_spaces.pipelines.sequential.SequentialPipelineIndividual object at 0x1554746a77c0> 
 The 'criterion' parameter of ExtraTreesRegressor must be a str among {'friedman_mse', 'poisson', 'absolute_error', 'squared_error'}. Got 'mae' instead. 
 Traceback (most recent call last):
  File "/common/ketrong/tpotexp/tpot2/tpot2/utils/eval_utils.py", line 53, in objective_nan_wrapper
    value = func_timeout.func_timeout(timeout, objective_function, args=[individual], kwargs=objective_kwargs)
  File "/common/ketrong/tpotexp/env/lib/python3.10/site-packages/func_timeout/dafunc.py", line 108, in func_timeout
    raise_exception(exception)
  File "/common/ketrong/tpotexp/env/lib/python3.10/site-packages/func_timeout/py3_raise.py", line 7, in raise_exception
    raise exception[0] from None
  File "/common/ketrong/tpotexp/tpot2/tpot2/tpot_estimator/estimator.py", line 623, in objective_function
    return objective_function_generator(
  File "/common/ketrong/tpotexp/tpot2/tpot2/tpot_estimator/estimator_utils.py", line 55, in objective_function_generator
    cv_obj_scores = cross_val_score_objective(sklearn.base.clone(pipeline),x,y,scorers=scorers, cv=cv , fold=step)
  File "/common/ketrong/tpotexp/tpot2/tpot2/tpot_estimator/cross_val_utils.py", line 28, in cross_val_score_objective
    this_fold_pipeline.fit(X_train,y_train)
  File "/common/ketrong/tpotexp/env/lib/python3.10/site-packages/sklearn/base.py", line 1473, in wrapper
    return fit_method(estimator, *args, **kwargs)
  File "/common/ketrong/tpotexp/env/lib/python3.10/site-packages/sklearn/pipeline.py", line 473, in fit
    self._final_estimator.fit(Xt, y, **last_step_params["fit"])
  File "/common/ketrong/tpotexp/env/lib/python3.10/site-packages/sklearn/base.py", line 1466, in wrapper
    estimator._validate_params()
  File "/common/ketrong/tpotexp/env/lib/python3.10/site-packages/sklearn/base.py", line 666, in _validate_params
    validate_parameter_constraints(
  File "/common/ketrong/tpotexp/env/lib/python3.10/site-packages/sklearn/utils/_param_validation.py", line 95, in validate_parameter_constraints
    raise InvalidParameterError(
sklearn.utils._param_validation.InvalidParameterError: The 'criterion' parameter of ExtraTreesRegressor must be a str among {'friedman_mse', 'poisson', 'absolute_error', 'squared_error'}. Got 'mae' instead.

Generation:  25
Best root_mean_squared_error score: -6.509716051613057
Generation: 100%|| 25/25 [58:28<00:00, 71.36s/it]Generation: 100%|| 25/25 [58:30<00:00, 140.41s/it]
2024-10-02 13:37:41,303 - distributed.scheduler - ERROR - Removing worker 'tcp://127.0.0.1:45579' caused the cluster to lose scattered data, which can't be recovered: {'ndarray-f3ce2a3da991bc302f635e74f7a85fe8', 'DataFrame-edee9f7d9e8d9a17dcfe6b777e771f31'} (stimulus_id='handle-worker-cleanup-1727901461.303116')
Fitted
Pipeline(steps=[('ardregression',
                 ARDRegression(alpha_1=0.0003601289421, alpha_2=5.187e-10,
                               lambda_1=1.165e-10, lambda_2=0.00093509338,
                               threshold_lambda=82842))])
score start
train score: {'explained_var': 0.00754687297799117, 'r2': 0.007546842098236084, 'rmse': 6.508314752256957}
original test score: {'explained_var': 0.019097535631451557, 'r2': 0.0188826280754546, 'rmse': 6.488466427131447}
imputed test score: {'explained_var': 0.004655981305967005, 'r2': 0.004481613636016846, 'rmse': 6.535912549448165}
score end
check intended
EXP2 Finished
running experiment 3/3 - What is the best automl settings?
<tpot2.search_spaces.pipelines.sequential.SequentialPipeline object at 0x155292fc9e10>
Start tpot fit
Version 0.1.7a0 of tpot2 is outdated. Version 0.1.8a0 was released Tuesday September 17, 2024.
Version 0.1.7a0 of tpot2 is outdated. Version 0.1.8a0 was released Tuesday September 17, 2024.
Version 0.1.7a0 of tpot2 is outdated. Version 0.1.8a0 was released Tuesday September 17, 2024.
Version 0.1.7a0 of tpot2 is outdated. Version 0.1.8a0 was released Tuesday September 17, 2024.
Version 0.1.7a0 of tpot2 is outdated. Version 0.1.8a0 was released Tuesday September 17, 2024.
Version 0.1.7a0 of tpot2 is outdated. Version 0.1.8a0 was released Tuesday September 17, 2024.
Version 0.1.7a0 of tpot2 is outdated. Version 0.1.8a0 was released Tuesday September 17, 2024.
Version 0.1.7a0 of tpot2 is outdated. Version 0.1.8a0 was released Tuesday September 17, 2024.
Version 0.1.7a0 of tpot2 is outdated. Version 0.1.8a0 was released Tuesday September 17, 2024.
Version 0.1.7a0 of tpot2 is outdated. Version 0.1.8a0 was released Tuesday September 17, 2024.
Version 0.1.7a0 of tpot2 is outdated. Version 0.1.8a0 was released Tuesday September 17, 2024.
Version 0.1.7a0 of tpot2 is outdated. Version 0.1.8a0 was released Tuesday September 17, 2024.
Version 0.1.7a0 of tpot2 is outdated. Version 0.1.8a0 was released Tuesday September 17, 2024.
Version 0.1.7a0 of tpot2 is outdated. Version 0.1.8a0 was released Tuesday September 17, 2024.
Version 0.1.7a0 of tpot2 is outdated. Version 0.1.8a0 was released Tuesday September 17, 2024.
Version 0.1.7a0 of tpot2 is outdated. Version 0.1.8a0 was released Tuesday September 17, 2024.
  0%|          | 0/25 [00:00<?, ?it/s]Generation:   0%|          | 0/25 [00:00<?, ?it/s]WARNING THIS INDIVIDUAL CAUSED AND EXCEPTION 
 <tpot2.search_spaces.pipelines.sequential.SequentialPipelineIndividual object at 0x155474cd4d30> 
 The 'criterion' parameter of RandomForestRegressor must be a str among {'friedman_mse', 'poisson', 'absolute_error', 'squared_error'}. Got 'mae' instead. 
 Traceback (most recent call last):
  File "/common/ketrong/tpotexp/tpot2/tpot2/utils/eval_utils.py", line 53, in objective_nan_wrapper
    value = func_timeout.func_timeout(timeout, objective_function, args=[individual], kwargs=objective_kwargs)
  File "/common/ketrong/tpotexp/env/lib/python3.10/site-packages/func_timeout/dafunc.py", line 108, in func_timeout
    raise_exception(exception)
  File "/common/ketrong/tpotexp/env/lib/python3.10/site-packages/func_timeout/py3_raise.py", line 7, in raise_exception
    raise exception[0] from None
  File "/common/ketrong/tpotexp/tpot2/tpot2/tpot_estimator/estimator.py", line 623, in objective_function
    return objective_function_generator(
  File "/common/ketrong/tpotexp/tpot2/tpot2/tpot_estimator/estimator_utils.py", line 55, in objective_function_generator
    cv_obj_scores = cross_val_score_objective(sklearn.base.clone(pipeline),x,y,scorers=scorers, cv=cv , fold=step)
  File "/common/ketrong/tpotexp/tpot2/tpot2/tpot_estimator/cross_val_utils.py", line 28, in cross_val_score_objective
    this_fold_pipeline.fit(X_train,y_train)
  File "/common/ketrong/tpotexp/env/lib/python3.10/site-packages/sklearn/base.py", line 1473, in wrapper
    return fit_method(estimator, *args, **kwargs)
  File "/common/ketrong/tpotexp/env/lib/python3.10/site-packages/sklearn/pipeline.py", line 473, in fit
    self._final_estimator.fit(Xt, y, **last_step_params["fit"])
  File "/common/ketrong/tpotexp/env/lib/python3.10/site-packages/sklearn/base.py", line 1466, in wrapper
    estimator._validate_params()
  File "/common/ketrong/tpotexp/env/lib/python3.10/site-packages/sklearn/base.py", line 666, in _validate_params
    validate_parameter_constraints(
  File "/common/ketrong/tpotexp/env/lib/python3.10/site-packages/sklearn/utils/_param_validation.py", line 95, in validate_parameter_constraints
    raise InvalidParameterError(
sklearn.utils._param_validation.InvalidParameterError: The 'criterion' parameter of RandomForestRegressor must be a str among {'friedman_mse', 'poisson', 'absolute_error', 'squared_error'}. Got 'mae' instead.

WARNING AN INDIVIDUAL TIMED OUT: 
 <tpot2.search_spaces.pipelines.sequential.SequentialPipelineIndividual object at 0x155474cd4dc0> 

WARNING AN INDIVIDUAL TIMED OUT: 
 <tpot2.search_spaces.pipelines.sequential.SequentialPipelineIndividual object at 0x155474cd4880> 

Generation:  1
Best root_mean_squared_error score: -3.9594843523804477
Generation:   4%|         | 1/25 [10:02<4:01:02, 602.60s/it]WARNING AN INDIVIDUAL TIMED OUT: 
 <tpot2.search_spaces.pipelines.sequential.SequentialPipelineIndividual object at 0x155474d4abf0> 

Generation:  2
Best root_mean_squared_error score: -3.909107645271194
Generation:   8%|         | 2/25 [20:05<3:50:58, 602.52s/it]WARNING THIS INDIVIDUAL CAUSED AND EXCEPTION 
 <tpot2.search_spaces.pipelines.sequential.SequentialPipelineIndividual object at 0x155474d495a0> 
 The 'criterion' parameter of ExtraTreesRegressor must be a str among {'friedman_mse', 'poisson', 'absolute_error', 'squared_error'}. Got 'mae' instead. 
 Traceback (most recent call last):
  File "/common/ketrong/tpotexp/tpot2/tpot2/utils/eval_utils.py", line 53, in objective_nan_wrapper
    value = func_timeout.func_timeout(timeout, objective_function, args=[individual], kwargs=objective_kwargs)
  File "/common/ketrong/tpotexp/env/lib/python3.10/site-packages/func_timeout/dafunc.py", line 108, in func_timeout
    raise_exception(exception)
  File "/common/ketrong/tpotexp/env/lib/python3.10/site-packages/func_timeout/py3_raise.py", line 7, in raise_exception
    raise exception[0] from None
  File "/common/ketrong/tpotexp/tpot2/tpot2/tpot_estimator/estimator.py", line 623, in objective_function
    return objective_function_generator(
  File "/common/ketrong/tpotexp/tpot2/tpot2/tpot_estimator/estimator_utils.py", line 55, in objective_function_generator
    cv_obj_scores = cross_val_score_objective(sklearn.base.clone(pipeline),x,y,scorers=scorers, cv=cv , fold=step)
  File "/common/ketrong/tpotexp/tpot2/tpot2/tpot_estimator/cross_val_utils.py", line 28, in cross_val_score_objective
    this_fold_pipeline.fit(X_train,y_train)
  File "/common/ketrong/tpotexp/env/lib/python3.10/site-packages/sklearn/base.py", line 1473, in wrapper
    return fit_method(estimator, *args, **kwargs)
  File "/common/ketrong/tpotexp/env/lib/python3.10/site-packages/sklearn/pipeline.py", line 473, in fit
    self._final_estimator.fit(Xt, y, **last_step_params["fit"])
  File "/common/ketrong/tpotexp/env/lib/python3.10/site-packages/sklearn/base.py", line 1466, in wrapper
    estimator._validate_params()
  File "/common/ketrong/tpotexp/env/lib/python3.10/site-packages/sklearn/base.py", line 666, in _validate_params
    validate_parameter_constraints(
  File "/common/ketrong/tpotexp/env/lib/python3.10/site-packages/sklearn/utils/_param_validation.py", line 95, in validate_parameter_constraints
    raise InvalidParameterError(
sklearn.utils._param_validation.InvalidParameterError: The 'criterion' parameter of ExtraTreesRegressor must be a str among {'friedman_mse', 'poisson', 'absolute_error', 'squared_error'}. Got 'mae' instead.

WARNING AN INDIVIDUAL TIMED OUT: 
 <tpot2.search_spaces.pipelines.sequential.SequentialPipelineIndividual object at 0x155474cd64d0> 

Generation:  3
Best root_mean_squared_error score: -3.8287040990397565
Generation:  12%|        | 3/25 [30:09<3:41:10, 603.20s/it]WARNING AN INDIVIDUAL TIMED OUT: 
 <tpot2.search_spaces.pipelines.sequential.SequentialPipelineIndividual object at 0x1554744cc640> 

WARNING AN INDIVIDUAL TIMED OUT: 
 <tpot2.search_spaces.pipelines.sequential.SequentialPipelineIndividual object at 0x155466b03640> 

WARNING AN INDIVIDUAL TIMED OUT: 
 <tpot2.search_spaces.pipelines.sequential.SequentialPipelineIndividual object at 0x155465313b20> 

WARNING AN INDIVIDUAL TIMED OUT: 
 <tpot2.search_spaces.pipelines.sequential.SequentialPipelineIndividual object at 0x155474d724a0> 

Generation:  4
Best root_mean_squared_error score: -3.818477162788875
Generation:  16%|        | 4/25 [40:13<3:31:21, 603.86s/it]WARNING THIS INDIVIDUAL CAUSED AND EXCEPTION 
 <tpot2.search_spaces.pipelines.sequential.SequentialPipelineIndividual object at 0x155474cd5600> 
 The 'criterion' parameter of ExtraTreesRegressor must be a str among {'friedman_mse', 'poisson', 'absolute_error', 'squared_error'}. Got 'mae' instead. 
 Traceback (most recent call last):
  File "/common/ketrong/tpotexp/tpot2/tpot2/utils/eval_utils.py", line 53, in objective_nan_wrapper
    value = func_timeout.func_timeout(timeout, objective_function, args=[individual], kwargs=objective_kwargs)
  File "/common/ketrong/tpotexp/env/lib/python3.10/site-packages/func_timeout/dafunc.py", line 108, in func_timeout
    raise_exception(exception)
  File "/common/ketrong/tpotexp/env/lib/python3.10/site-packages/func_timeout/py3_raise.py", line 7, in raise_exception
    raise exception[0] from None
  File "/common/ketrong/tpotexp/tpot2/tpot2/tpot_estimator/estimator.py", line 623, in objective_function
    return objective_function_generator(
  File "/common/ketrong/tpotexp/tpot2/tpot2/tpot_estimator/estimator_utils.py", line 55, in objective_function_generator
    cv_obj_scores = cross_val_score_objective(sklearn.base.clone(pipeline),x,y,scorers=scorers, cv=cv , fold=step)
  File "/common/ketrong/tpotexp/tpot2/tpot2/tpot_estimator/cross_val_utils.py", line 28, in cross_val_score_objective
    this_fold_pipeline.fit(X_train,y_train)
  File "/common/ketrong/tpotexp/env/lib/python3.10/site-packages/sklearn/base.py", line 1473, in wrapper
    return fit_method(estimator, *args, **kwargs)
  File "/common/ketrong/tpotexp/env/lib/python3.10/site-packages/sklearn/pipeline.py", line 473, in fit
    self._final_estimator.fit(Xt, y, **last_step_params["fit"])
  File "/common/ketrong/tpotexp/env/lib/python3.10/site-packages/sklearn/base.py", line 1466, in wrapper
    estimator._validate_params()
  File "/common/ketrong/tpotexp/env/lib/python3.10/site-packages/sklearn/base.py", line 666, in _validate_params
    validate_parameter_constraints(
  File "/common/ketrong/tpotexp/env/lib/python3.10/site-packages/sklearn/utils/_param_validation.py", line 95, in validate_parameter_constraints
    raise InvalidParameterError(
sklearn.utils._param_validation.InvalidParameterError: The 'criterion' parameter of ExtraTreesRegressor must be a str among {'friedman_mse', 'poisson', 'absolute_error', 'squared_error'}. Got 'mae' instead.

WARNING AN INDIVIDUAL TIMED OUT: 
 <tpot2.search_spaces.pipelines.sequential.SequentialPipelineIndividual object at 0x155474d4a170> 

Generation:  5
Best root_mean_squared_error score: -3.818477162788875
Generation:  20%|        | 5/25 [50:17<3:21:15, 603.78s/it]WARNING AN INDIVIDUAL TIMED OUT: 
 <tpot2.search_spaces.pipelines.sequential.SequentialPipelineIndividual object at 0x1554539066b0> 

Generation:  6
Best root_mean_squared_error score: -3.804754146236701
Generation:  24%|       | 6/25 [1:00:22<3:11:19, 604.20s/it]WARNING THIS INDIVIDUAL CAUSED AND EXCEPTION 
 <tpot2.search_spaces.pipelines.sequential.SequentialPipelineIndividual object at 0x1554655ff160> 
 The 'criterion' parameter of ExtraTreesRegressor must be a str among {'friedman_mse', 'poisson', 'absolute_error', 'squared_error'}. Got 'mae' instead. 
 Traceback (most recent call last):
  File "/common/ketrong/tpotexp/tpot2/tpot2/utils/eval_utils.py", line 53, in objective_nan_wrapper
    value = func_timeout.func_timeout(timeout, objective_function, args=[individual], kwargs=objective_kwargs)
  File "/common/ketrong/tpotexp/env/lib/python3.10/site-packages/func_timeout/dafunc.py", line 108, in func_timeout
    raise_exception(exception)
  File "/common/ketrong/tpotexp/env/lib/python3.10/site-packages/func_timeout/py3_raise.py", line 7, in raise_exception
    raise exception[0] from None
  File "/common/ketrong/tpotexp/tpot2/tpot2/tpot_estimator/estimator.py", line 623, in objective_function
    return objective_function_generator(
  File "/common/ketrong/tpotexp/tpot2/tpot2/tpot_estimator/estimator_utils.py", line 55, in objective_function_generator
    cv_obj_scores = cross_val_score_objective(sklearn.base.clone(pipeline),x,y,scorers=scorers, cv=cv , fold=step)
  File "/common/ketrong/tpotexp/tpot2/tpot2/tpot_estimator/cross_val_utils.py", line 28, in cross_val_score_objective
    this_fold_pipeline.fit(X_train,y_train)
  File "/common/ketrong/tpotexp/env/lib/python3.10/site-packages/sklearn/base.py", line 1473, in wrapper
    return fit_method(estimator, *args, **kwargs)
  File "/common/ketrong/tpotexp/env/lib/python3.10/site-packages/sklearn/pipeline.py", line 473, in fit
    self._final_estimator.fit(Xt, y, **last_step_params["fit"])
  File "/common/ketrong/tpotexp/env/lib/python3.10/site-packages/sklearn/base.py", line 1466, in wrapper
    estimator._validate_params()
  File "/common/ketrong/tpotexp/env/lib/python3.10/site-packages/sklearn/base.py", line 666, in _validate_params
    validate_parameter_constraints(
  File "/common/ketrong/tpotexp/env/lib/python3.10/site-packages/sklearn/utils/_param_validation.py", line 95, in validate_parameter_constraints
    raise InvalidParameterError(
sklearn.utils._param_validation.InvalidParameterError: The 'criterion' parameter of ExtraTreesRegressor must be a str among {'friedman_mse', 'poisson', 'absolute_error', 'squared_error'}. Got 'mae' instead.

WARNING THIS INDIVIDUAL CAUSED AND EXCEPTION 
 <tpot2.search_spaces.pipelines.sequential.SequentialPipelineIndividual object at 0x155467c3d630> 
 The 'criterion' parameter of ExtraTreesRegressor must be a str among {'friedman_mse', 'poisson', 'absolute_error', 'squared_error'}. Got 'mae' instead. 
 Traceback (most recent call last):
  File "/common/ketrong/tpotexp/tpot2/tpot2/utils/eval_utils.py", line 53, in objective_nan_wrapper
    value = func_timeout.func_timeout(timeout, objective_function, args=[individual], kwargs=objective_kwargs)
  File "/common/ketrong/tpotexp/env/lib/python3.10/site-packages/func_timeout/dafunc.py", line 108, in func_timeout
    raise_exception(exception)
  File "/common/ketrong/tpotexp/env/lib/python3.10/site-packages/func_timeout/py3_raise.py", line 7, in raise_exception
    raise exception[0] from None
  File "/common/ketrong/tpotexp/tpot2/tpot2/tpot_estimator/estimator.py", line 623, in objective_function
    return objective_function_generator(
  File "/common/ketrong/tpotexp/tpot2/tpot2/tpot_estimator/estimator_utils.py", line 55, in objective_function_generator
    cv_obj_scores = cross_val_score_objective(sklearn.base.clone(pipeline),x,y,scorers=scorers, cv=cv , fold=step)
  File "/common/ketrong/tpotexp/tpot2/tpot2/tpot_estimator/cross_val_utils.py", line 28, in cross_val_score_objective
    this_fold_pipeline.fit(X_train,y_train)
  File "/common/ketrong/tpotexp/env/lib/python3.10/site-packages/sklearn/base.py", line 1473, in wrapper
    return fit_method(estimator, *args, **kwargs)
  File "/common/ketrong/tpotexp/env/lib/python3.10/site-packages/sklearn/pipeline.py", line 473, in fit
    self._final_estimator.fit(Xt, y, **last_step_params["fit"])
  File "/common/ketrong/tpotexp/env/lib/python3.10/site-packages/sklearn/base.py", line 1466, in wrapper
    estimator._validate_params()
  File "/common/ketrong/tpotexp/env/lib/python3.10/site-packages/sklearn/base.py", line 666, in _validate_params
    validate_parameter_constraints(
  File "/common/ketrong/tpotexp/env/lib/python3.10/site-packages/sklearn/utils/_param_validation.py", line 95, in validate_parameter_constraints
    raise InvalidParameterError(
sklearn.utils._param_validation.InvalidParameterError: The 'criterion' parameter of ExtraTreesRegressor must be a str among {'friedman_mse', 'poisson', 'absolute_error', 'squared_error'}. Got 'mae' instead.

WARNING THIS INDIVIDUAL CAUSED AND EXCEPTION 
 <tpot2.search_spaces.pipelines.sequential.SequentialPipelineIndividual object at 0x155474cd6950> 
 The 'criterion' parameter of DecisionTreeRegressor must be a str among {'friedman_mse', 'poisson', 'absolute_error', 'squared_error'}. Got 'mae' instead. 
 Traceback (most recent call last):
  File "/common/ketrong/tpotexp/tpot2/tpot2/utils/eval_utils.py", line 53, in objective_nan_wrapper
    value = func_timeout.func_timeout(timeout, objective_function, args=[individual], kwargs=objective_kwargs)
  File "/common/ketrong/tpotexp/env/lib/python3.10/site-packages/func_timeout/dafunc.py", line 108, in func_timeout
    raise_exception(exception)
  File "/common/ketrong/tpotexp/env/lib/python3.10/site-packages/func_timeout/py3_raise.py", line 7, in raise_exception
    raise exception[0] from None
  File "/common/ketrong/tpotexp/tpot2/tpot2/tpot_estimator/estimator.py", line 623, in objective_function
    return objective_function_generator(
  File "/common/ketrong/tpotexp/tpot2/tpot2/tpot_estimator/estimator_utils.py", line 55, in objective_function_generator
    cv_obj_scores = cross_val_score_objective(sklearn.base.clone(pipeline),x,y,scorers=scorers, cv=cv , fold=step)
  File "/common/ketrong/tpotexp/tpot2/tpot2/tpot_estimator/cross_val_utils.py", line 28, in cross_val_score_objective
    this_fold_pipeline.fit(X_train,y_train)
  File "/common/ketrong/tpotexp/env/lib/python3.10/site-packages/sklearn/base.py", line 1473, in wrapper
    return fit_method(estimator, *args, **kwargs)
  File "/common/ketrong/tpotexp/env/lib/python3.10/site-packages/sklearn/pipeline.py", line 473, in fit
    self._final_estimator.fit(Xt, y, **last_step_params["fit"])
  File "/common/ketrong/tpotexp/env/lib/python3.10/site-packages/sklearn/base.py", line 1466, in wrapper
    estimator._validate_params()
  File "/common/ketrong/tpotexp/env/lib/python3.10/site-packages/sklearn/base.py", line 666, in _validate_params
    validate_parameter_constraints(
  File "/common/ketrong/tpotexp/env/lib/python3.10/site-packages/sklearn/utils/_param_validation.py", line 95, in validate_parameter_constraints
    raise InvalidParameterError(
sklearn.utils._param_validation.InvalidParameterError: The 'criterion' parameter of DecisionTreeRegressor must be a str among {'friedman_mse', 'poisson', 'absolute_error', 'squared_error'}. Got 'mae' instead.

WARNING THIS INDIVIDUAL CAUSED AND EXCEPTION 
 <tpot2.search_spaces.pipelines.sequential.SequentialPipelineIndividual object at 0x155453dcbb20> 
 The 'criterion' parameter of ExtraTreesRegressor must be a str among {'friedman_mse', 'poisson', 'absolute_error', 'squared_error'}. Got 'mae' instead. 
 Traceback (most recent call last):
  File "/common/ketrong/tpotexp/tpot2/tpot2/utils/eval_utils.py", line 53, in objective_nan_wrapper
    value = func_timeout.func_timeout(timeout, objective_function, args=[individual], kwargs=objective_kwargs)
  File "/common/ketrong/tpotexp/env/lib/python3.10/site-packages/func_timeout/dafunc.py", line 108, in func_timeout
    raise_exception(exception)
  File "/common/ketrong/tpotexp/env/lib/python3.10/site-packages/func_timeout/py3_raise.py", line 7, in raise_exception
    raise exception[0] from None
  File "/common/ketrong/tpotexp/tpot2/tpot2/tpot_estimator/estimator.py", line 623, in objective_function
    return objective_function_generator(
  File "/common/ketrong/tpotexp/tpot2/tpot2/tpot_estimator/estimator_utils.py", line 55, in objective_function_generator
    cv_obj_scores = cross_val_score_objective(sklearn.base.clone(pipeline),x,y,scorers=scorers, cv=cv , fold=step)
  File "/common/ketrong/tpotexp/tpot2/tpot2/tpot_estimator/cross_val_utils.py", line 28, in cross_val_score_objective
    this_fold_pipeline.fit(X_train,y_train)
  File "/common/ketrong/tpotexp/env/lib/python3.10/site-packages/sklearn/base.py", line 1473, in wrapper
    return fit_method(estimator, *args, **kwargs)
  File "/common/ketrong/tpotexp/env/lib/python3.10/site-packages/sklearn/pipeline.py", line 473, in fit
    self._final_estimator.fit(Xt, y, **last_step_params["fit"])
  File "/common/ketrong/tpotexp/env/lib/python3.10/site-packages/sklearn/base.py", line 1466, in wrapper
    estimator._validate_params()
  File "/common/ketrong/tpotexp/env/lib/python3.10/site-packages/sklearn/base.py", line 666, in _validate_params
    validate_parameter_constraints(
  File "/common/ketrong/tpotexp/env/lib/python3.10/site-packages/sklearn/utils/_param_validation.py", line 95, in validate_parameter_constraints
    raise InvalidParameterError(
sklearn.utils._param_validation.InvalidParameterError: The 'criterion' parameter of ExtraTreesRegressor must be a str among {'friedman_mse', 'poisson', 'absolute_error', 'squared_error'}. Got 'mae' instead.

Generation:  7
Best root_mean_squared_error score: -3.74702218228338
Generation:  28%|       | 7/25 [1:10:00<2:58:37, 595.44s/it]WARNING THIS INDIVIDUAL CAUSED AND EXCEPTION 
 <tpot2.search_spaces.pipelines.sequential.SequentialPipelineIndividual object at 0x1554656c38e0> 
 The 'criterion' parameter of ExtraTreesRegressor must be a str among {'friedman_mse', 'poisson', 'absolute_error', 'squared_error'}. Got 'mae' instead. 
 Traceback (most recent call last):
  File "/common/ketrong/tpotexp/tpot2/tpot2/utils/eval_utils.py", line 53, in objective_nan_wrapper
    value = func_timeout.func_timeout(timeout, objective_function, args=[individual], kwargs=objective_kwargs)
  File "/common/ketrong/tpotexp/env/lib/python3.10/site-packages/func_timeout/dafunc.py", line 108, in func_timeout
    raise_exception(exception)
  File "/common/ketrong/tpotexp/env/lib/python3.10/site-packages/func_timeout/py3_raise.py", line 7, in raise_exception
    raise exception[0] from None
  File "/common/ketrong/tpotexp/tpot2/tpot2/tpot_estimator/estimator.py", line 623, in objective_function
    return objective_function_generator(
  File "/common/ketrong/tpotexp/tpot2/tpot2/tpot_estimator/estimator_utils.py", line 55, in objective_function_generator
    cv_obj_scores = cross_val_score_objective(sklearn.base.clone(pipeline),x,y,scorers=scorers, cv=cv , fold=step)
  File "/common/ketrong/tpotexp/tpot2/tpot2/tpot_estimator/cross_val_utils.py", line 28, in cross_val_score_objective
    this_fold_pipeline.fit(X_train,y_train)
  File "/common/ketrong/tpotexp/env/lib/python3.10/site-packages/sklearn/base.py", line 1473, in wrapper
    return fit_method(estimator, *args, **kwargs)
  File "/common/ketrong/tpotexp/env/lib/python3.10/site-packages/sklearn/pipeline.py", line 473, in fit
    self._final_estimator.fit(Xt, y, **last_step_params["fit"])
  File "/common/ketrong/tpotexp/env/lib/python3.10/site-packages/sklearn/base.py", line 1466, in wrapper
    estimator._validate_params()
  File "/common/ketrong/tpotexp/env/lib/python3.10/site-packages/sklearn/base.py", line 666, in _validate_params
    validate_parameter_constraints(
  File "/common/ketrong/tpotexp/env/lib/python3.10/site-packages/sklearn/utils/_param_validation.py", line 95, in validate_parameter_constraints
    raise InvalidParameterError(
sklearn.utils._param_validation.InvalidParameterError: The 'criterion' parameter of ExtraTreesRegressor must be a str among {'friedman_mse', 'poisson', 'absolute_error', 'squared_error'}. Got 'mae' instead.

WARNING AN INDIVIDUAL TIMED OUT: 
 <tpot2.search_spaces.pipelines.sequential.SequentialPipelineIndividual object at 0x1554742fe3e0> 

Generation:  8
Best root_mean_squared_error score: -3.7209920170301793
Generation:  32%|      | 8/25 [1:20:04<2:49:32, 598.39s/it]Generation:  9
Best root_mean_squared_error score: -3.7209920170301793
Generation:  36%|      | 9/25 [1:29:27<2:36:34, 587.19s/it]WARNING AN INDIVIDUAL TIMED OUT: 
 <tpot2.search_spaces.pipelines.sequential.SequentialPipelineIndividual object at 0x15547405c4c0> 

Generation:  10
Best root_mean_squared_error score: -3.7209920170301793
Generation:  40%|      | 10/25 [1:39:32<2:28:09, 592.61s/it]WARNING AN INDIVIDUAL TIMED OUT: 
 <tpot2.search_spaces.pipelines.sequential.SequentialPipelineIndividual object at 0x155464408f70> 

WARNING AN INDIVIDUAL TIMED OUT: 
 <tpot2.search_spaces.pipelines.sequential.SequentialPipelineIndividual object at 0x1554649e2560> 

WARNING AN INDIVIDUAL TIMED OUT: 
 <tpot2.search_spaces.pipelines.sequential.SequentialPipelineIndividual object at 0x155474668760> 

Generation:  11
Best root_mean_squared_error score: -3.7209920170301793
Generation:  44%|     | 11/25 [1:49:37<2:19:12, 596.63s/it]WARNING THIS INDIVIDUAL CAUSED AND EXCEPTION 
 <tpot2.search_spaces.pipelines.sequential.SequentialPipelineIndividual object at 0x1554679a9480> 
 The 'criterion' parameter of RandomForestRegressor must be a str among {'friedman_mse', 'poisson', 'absolute_error', 'squared_error'}. Got 'mae' instead. 
 Traceback (most recent call last):
  File "/common/ketrong/tpotexp/tpot2/tpot2/utils/eval_utils.py", line 53, in objective_nan_wrapper
    value = func_timeout.func_timeout(timeout, objective_function, args=[individual], kwargs=objective_kwargs)
  File "/common/ketrong/tpotexp/env/lib/python3.10/site-packages/func_timeout/dafunc.py", line 108, in func_timeout
    raise_exception(exception)
  File "/common/ketrong/tpotexp/env/lib/python3.10/site-packages/func_timeout/py3_raise.py", line 7, in raise_exception
    raise exception[0] from None
  File "/common/ketrong/tpotexp/tpot2/tpot2/tpot_estimator/estimator.py", line 623, in objective_function
    return objective_function_generator(
  File "/common/ketrong/tpotexp/tpot2/tpot2/tpot_estimator/estimator_utils.py", line 55, in objective_function_generator
    cv_obj_scores = cross_val_score_objective(sklearn.base.clone(pipeline),x,y,scorers=scorers, cv=cv , fold=step)
  File "/common/ketrong/tpotexp/tpot2/tpot2/tpot_estimator/cross_val_utils.py", line 28, in cross_val_score_objective
    this_fold_pipeline.fit(X_train,y_train)
  File "/common/ketrong/tpotexp/env/lib/python3.10/site-packages/sklearn/base.py", line 1473, in wrapper
    return fit_method(estimator, *args, **kwargs)
  File "/common/ketrong/tpotexp/env/lib/python3.10/site-packages/sklearn/pipeline.py", line 473, in fit
    self._final_estimator.fit(Xt, y, **last_step_params["fit"])
  File "/common/ketrong/tpotexp/env/lib/python3.10/site-packages/sklearn/base.py", line 1466, in wrapper
    estimator._validate_params()
  File "/common/ketrong/tpotexp/env/lib/python3.10/site-packages/sklearn/base.py", line 666, in _validate_params
    validate_parameter_constraints(
  File "/common/ketrong/tpotexp/env/lib/python3.10/site-packages/sklearn/utils/_param_validation.py", line 95, in validate_parameter_constraints
    raise InvalidParameterError(
sklearn.utils._param_validation.InvalidParameterError: The 'criterion' parameter of RandomForestRegressor must be a str among {'friedman_mse', 'poisson', 'absolute_error', 'squared_error'}. Got 'mae' instead.

WARNING AN INDIVIDUAL TIMED OUT: 
 <tpot2.search_spaces.pipelines.sequential.SequentialPipelineIndividual object at 0x155465539de0> 

WARNING AN INDIVIDUAL TIMED OUT: 
 <tpot2.search_spaces.pipelines.sequential.SequentialPipelineIndividual object at 0x15547507fe80> 

WARNING AN INDIVIDUAL TIMED OUT: 
 <tpot2.search_spaces.pipelines.sequential.SequentialPipelineIndividual object at 0x15545485bf10> 

WARNING AN INDIVIDUAL TIMED OUT: 
 <tpot2.search_spaces.pipelines.sequential.SequentialPipelineIndividual object at 0x155474d49f00> 

WARNING AN INDIVIDUAL TIMED OUT: 
 <tpot2.search_spaces.pipelines.sequential.SequentialPipelineIndividual object at 0x155474d18e50> 

Generation:  12
Best root_mean_squared_error score: -3.7209920170301793
Generation:  48%|     | 12/25 [1:59:43<2:09:53, 599.53s/it]WARNING THIS INDIVIDUAL CAUSED AND EXCEPTION 
 <tpot2.search_spaces.pipelines.sequential.SequentialPipelineIndividual object at 0x1554672de2c0> 
 The 'criterion' parameter of ExtraTreesRegressor must be a str among {'friedman_mse', 'poisson', 'absolute_error', 'squared_error'}. Got 'mae' instead. 
 Traceback (most recent call last):
  File "/common/ketrong/tpotexp/tpot2/tpot2/utils/eval_utils.py", line 53, in objective_nan_wrapper
    value = func_timeout.func_timeout(timeout, objective_function, args=[individual], kwargs=objective_kwargs)
  File "/common/ketrong/tpotexp/env/lib/python3.10/site-packages/func_timeout/dafunc.py", line 108, in func_timeout
    raise_exception(exception)
  File "/common/ketrong/tpotexp/env/lib/python3.10/site-packages/func_timeout/py3_raise.py", line 7, in raise_exception
    raise exception[0] from None
  File "/common/ketrong/tpotexp/tpot2/tpot2/tpot_estimator/estimator.py", line 623, in objective_function
    return objective_function_generator(
  File "/common/ketrong/tpotexp/tpot2/tpot2/tpot_estimator/estimator_utils.py", line 55, in objective_function_generator
    cv_obj_scores = cross_val_score_objective(sklearn.base.clone(pipeline),x,y,scorers=scorers, cv=cv , fold=step)
  File "/common/ketrong/tpotexp/tpot2/tpot2/tpot_estimator/cross_val_utils.py", line 28, in cross_val_score_objective
    this_fold_pipeline.fit(X_train,y_train)
  File "/common/ketrong/tpotexp/env/lib/python3.10/site-packages/sklearn/base.py", line 1473, in wrapper
    return fit_method(estimator, *args, **kwargs)
  File "/common/ketrong/tpotexp/env/lib/python3.10/site-packages/sklearn/pipeline.py", line 473, in fit
    self._final_estimator.fit(Xt, y, **last_step_params["fit"])
  File "/common/ketrong/tpotexp/env/lib/python3.10/site-packages/sklearn/base.py", line 1466, in wrapper
    estimator._validate_params()
  File "/common/ketrong/tpotexp/env/lib/python3.10/site-packages/sklearn/base.py", line 666, in _validate_params
    validate_parameter_constraints(
  File "/common/ketrong/tpotexp/env/lib/python3.10/site-packages/sklearn/utils/_param_validation.py", line 95, in validate_parameter_constraints
    raise InvalidParameterError(
sklearn.utils._param_validation.InvalidParameterError: The 'criterion' parameter of ExtraTreesRegressor must be a str among {'friedman_mse', 'poisson', 'absolute_error', 'squared_error'}. Got 'mae' instead.

WARNING AN INDIVIDUAL TIMED OUT: 
 <tpot2.search_spaces.pipelines.sequential.SequentialPipelineIndividual object at 0x155474cd65f0> 

Generation:  13
Best root_mean_squared_error score: -3.708927378333036
Generation:  52%|    | 13/25 [2:09:46<2:00:07, 600.59s/it]WARNING THIS INDIVIDUAL CAUSED AND EXCEPTION 
 <tpot2.search_spaces.pipelines.sequential.SequentialPipelineIndividual object at 0x1554743276d0> 
 The 'criterion' parameter of RandomForestRegressor must be a str among {'friedman_mse', 'poisson', 'absolute_error', 'squared_error'}. Got 'mse' instead. 
 Traceback (most recent call last):
  File "/common/ketrong/tpotexp/tpot2/tpot2/utils/eval_utils.py", line 53, in objective_nan_wrapper
    value = func_timeout.func_timeout(timeout, objective_function, args=[individual], kwargs=objective_kwargs)
  File "/common/ketrong/tpotexp/env/lib/python3.10/site-packages/func_timeout/dafunc.py", line 108, in func_timeout
    raise_exception(exception)
  File "/common/ketrong/tpotexp/env/lib/python3.10/site-packages/func_timeout/py3_raise.py", line 7, in raise_exception
    raise exception[0] from None
  File "/common/ketrong/tpotexp/tpot2/tpot2/tpot_estimator/estimator.py", line 623, in objective_function
    return objective_function_generator(
  File "/common/ketrong/tpotexp/tpot2/tpot2/tpot_estimator/estimator_utils.py", line 55, in objective_function_generator
    cv_obj_scores = cross_val_score_objective(sklearn.base.clone(pipeline),x,y,scorers=scorers, cv=cv , fold=step)
  File "/common/ketrong/tpotexp/tpot2/tpot2/tpot_estimator/cross_val_utils.py", line 28, in cross_val_score_objective
    this_fold_pipeline.fit(X_train,y_train)
  File "/common/ketrong/tpotexp/env/lib/python3.10/site-packages/sklearn/base.py", line 1473, in wrapper
    return fit_method(estimator, *args, **kwargs)
  File "/common/ketrong/tpotexp/env/lib/python3.10/site-packages/sklearn/pipeline.py", line 473, in fit
    self._final_estimator.fit(Xt, y, **last_step_params["fit"])
  File "/common/ketrong/tpotexp/env/lib/python3.10/site-packages/sklearn/base.py", line 1466, in wrapper
    estimator._validate_params()
  File "/common/ketrong/tpotexp/env/lib/python3.10/site-packages/sklearn/base.py", line 666, in _validate_params
    validate_parameter_constraints(
  File "/common/ketrong/tpotexp/env/lib/python3.10/site-packages/sklearn/utils/_param_validation.py", line 95, in validate_parameter_constraints
    raise InvalidParameterError(
sklearn.utils._param_validation.InvalidParameterError: The 'criterion' parameter of RandomForestRegressor must be a str among {'friedman_mse', 'poisson', 'absolute_error', 'squared_error'}. Got 'mse' instead.

Generation:  14
Best root_mean_squared_error score: -3.708927378333036
Generation:  56%|    | 14/25 [2:19:50<1:50:15, 601.44s/it]WARNING THIS INDIVIDUAL CAUSED AND EXCEPTION 
 <tpot2.search_spaces.pipelines.sequential.SequentialPipelineIndividual object at 0x155474d376d0> 
 The 'criterion' parameter of RandomForestRegressor must be a str among {'friedman_mse', 'poisson', 'absolute_error', 'squared_error'}. Got 'mae' instead. 
 Traceback (most recent call last):
  File "/common/ketrong/tpotexp/tpot2/tpot2/utils/eval_utils.py", line 53, in objective_nan_wrapper
    value = func_timeout.func_timeout(timeout, objective_function, args=[individual], kwargs=objective_kwargs)
  File "/common/ketrong/tpotexp/env/lib/python3.10/site-packages/func_timeout/dafunc.py", line 108, in func_timeout
    raise_exception(exception)
  File "/common/ketrong/tpotexp/env/lib/python3.10/site-packages/func_timeout/py3_raise.py", line 7, in raise_exception
    raise exception[0] from None
  File "/common/ketrong/tpotexp/tpot2/tpot2/tpot_estimator/estimator.py", line 623, in objective_function
    return objective_function_generator(
  File "/common/ketrong/tpotexp/tpot2/tpot2/tpot_estimator/estimator_utils.py", line 55, in objective_function_generator
    cv_obj_scores = cross_val_score_objective(sklearn.base.clone(pipeline),x,y,scorers=scorers, cv=cv , fold=step)
  File "/common/ketrong/tpotexp/tpot2/tpot2/tpot_estimator/cross_val_utils.py", line 28, in cross_val_score_objective
    this_fold_pipeline.fit(X_train,y_train)
  File "/common/ketrong/tpotexp/env/lib/python3.10/site-packages/sklearn/base.py", line 1473, in wrapper
    return fit_method(estimator, *args, **kwargs)
  File "/common/ketrong/tpotexp/env/lib/python3.10/site-packages/sklearn/pipeline.py", line 473, in fit
    self._final_estimator.fit(Xt, y, **last_step_params["fit"])
  File "/common/ketrong/tpotexp/env/lib/python3.10/site-packages/sklearn/base.py", line 1466, in wrapper
    estimator._validate_params()
  File "/common/ketrong/tpotexp/env/lib/python3.10/site-packages/sklearn/base.py", line 666, in _validate_params
    validate_parameter_constraints(
  File "/common/ketrong/tpotexp/env/lib/python3.10/site-packages/sklearn/utils/_param_validation.py", line 95, in validate_parameter_constraints
    raise InvalidParameterError(
sklearn.utils._param_validation.InvalidParameterError: The 'criterion' parameter of RandomForestRegressor must be a str among {'friedman_mse', 'poisson', 'absolute_error', 'squared_error'}. Got 'mae' instead.

WARNING THIS INDIVIDUAL CAUSED AND EXCEPTION 
 <tpot2.search_spaces.pipelines.sequential.SequentialPipelineIndividual object at 0x1554641d76d0> 
 The 'criterion' parameter of RandomForestRegressor must be a str among {'friedman_mse', 'poisson', 'absolute_error', 'squared_error'}. Got 'mae' instead. 
 Traceback (most recent call last):
  File "/common/ketrong/tpotexp/tpot2/tpot2/utils/eval_utils.py", line 53, in objective_nan_wrapper
    value = func_timeout.func_timeout(timeout, objective_function, args=[individual], kwargs=objective_kwargs)
  File "/common/ketrong/tpotexp/env/lib/python3.10/site-packages/func_timeout/dafunc.py", line 108, in func_timeout
    raise_exception(exception)
  File "/common/ketrong/tpotexp/env/lib/python3.10/site-packages/func_timeout/py3_raise.py", line 7, in raise_exception
    raise exception[0] from None
  File "/common/ketrong/tpotexp/tpot2/tpot2/tpot_estimator/estimator.py", line 623, in objective_function
    return objective_function_generator(
  File "/common/ketrong/tpotexp/tpot2/tpot2/tpot_estimator/estimator_utils.py", line 55, in objective_function_generator
    cv_obj_scores = cross_val_score_objective(sklearn.base.clone(pipeline),x,y,scorers=scorers, cv=cv , fold=step)
  File "/common/ketrong/tpotexp/tpot2/tpot2/tpot_estimator/cross_val_utils.py", line 28, in cross_val_score_objective
    this_fold_pipeline.fit(X_train,y_train)
  File "/common/ketrong/tpotexp/env/lib/python3.10/site-packages/sklearn/base.py", line 1473, in wrapper
    return fit_method(estimator, *args, **kwargs)
  File "/common/ketrong/tpotexp/env/lib/python3.10/site-packages/sklearn/pipeline.py", line 473, in fit
    self._final_estimator.fit(Xt, y, **last_step_params["fit"])
  File "/common/ketrong/tpotexp/env/lib/python3.10/site-packages/sklearn/base.py", line 1466, in wrapper
    estimator._validate_params()
  File "/common/ketrong/tpotexp/env/lib/python3.10/site-packages/sklearn/base.py", line 666, in _validate_params
    validate_parameter_constraints(
  File "/common/ketrong/tpotexp/env/lib/python3.10/site-packages/sklearn/utils/_param_validation.py", line 95, in validate_parameter_constraints
    raise InvalidParameterError(
sklearn.utils._param_validation.InvalidParameterError: The 'criterion' parameter of RandomForestRegressor must be a str among {'friedman_mse', 'poisson', 'absolute_error', 'squared_error'}. Got 'mae' instead.

WARNING AN INDIVIDUAL TIMED OUT: 
 <tpot2.search_spaces.pipelines.sequential.SequentialPipelineIndividual object at 0x155474cd4670> 

Generation:  15
Best root_mean_squared_error score: -3.708927378333036
Generation:  60%|    | 15/25 [2:29:54<1:40:22, 602.27s/it]Generation:  16
Best root_mean_squared_error score: -3.689946710403023
Generation:  64%|   | 16/25 [2:39:12<1:28:20, 588.95s/it]WARNING THIS INDIVIDUAL CAUSED AND EXCEPTION 
 <tpot2.search_spaces.pipelines.sequential.SequentialPipelineIndividual object at 0x155464d04e50> 
 The 'criterion' parameter of RandomForestRegressor must be a str among {'friedman_mse', 'poisson', 'absolute_error', 'squared_error'}. Got 'mae' instead. 
 Traceback (most recent call last):
  File "/common/ketrong/tpotexp/tpot2/tpot2/utils/eval_utils.py", line 53, in objective_nan_wrapper
    value = func_timeout.func_timeout(timeout, objective_function, args=[individual], kwargs=objective_kwargs)
  File "/common/ketrong/tpotexp/env/lib/python3.10/site-packages/func_timeout/dafunc.py", line 108, in func_timeout
    raise_exception(exception)
  File "/common/ketrong/tpotexp/env/lib/python3.10/site-packages/func_timeout/py3_raise.py", line 7, in raise_exception
    raise exception[0] from None
  File "/common/ketrong/tpotexp/tpot2/tpot2/tpot_estimator/estimator.py", line 623, in objective_function
    return objective_function_generator(
  File "/common/ketrong/tpotexp/tpot2/tpot2/tpot_estimator/estimator_utils.py", line 55, in objective_function_generator
    cv_obj_scores = cross_val_score_objective(sklearn.base.clone(pipeline),x,y,scorers=scorers, cv=cv , fold=step)
  File "/common/ketrong/tpotexp/tpot2/tpot2/tpot_estimator/cross_val_utils.py", line 28, in cross_val_score_objective
    this_fold_pipeline.fit(X_train,y_train)
  File "/common/ketrong/tpotexp/env/lib/python3.10/site-packages/sklearn/base.py", line 1473, in wrapper
    return fit_method(estimator, *args, **kwargs)
  File "/common/ketrong/tpotexp/env/lib/python3.10/site-packages/sklearn/pipeline.py", line 473, in fit
    self._final_estimator.fit(Xt, y, **last_step_params["fit"])
  File "/common/ketrong/tpotexp/env/lib/python3.10/site-packages/sklearn/base.py", line 1466, in wrapper
    estimator._validate_params()
  File "/common/ketrong/tpotexp/env/lib/python3.10/site-packages/sklearn/base.py", line 666, in _validate_params
    validate_parameter_constraints(
  File "/common/ketrong/tpotexp/env/lib/python3.10/site-packages/sklearn/utils/_param_validation.py", line 95, in validate_parameter_constraints
    raise InvalidParameterError(
sklearn.utils._param_validation.InvalidParameterError: The 'criterion' parameter of RandomForestRegressor must be a str among {'friedman_mse', 'poisson', 'absolute_error', 'squared_error'}. Got 'mae' instead.

Generation:  17
Best root_mean_squared_error score: -3.689946710403023
Generation:  68%|   | 17/25 [2:48:41<1:17:42, 582.84s/it]WARNING AN INDIVIDUAL TIMED OUT: 
 <tpot2.search_spaces.pipelines.sequential.SequentialPipelineIndividual object at 0x1554522de590> 

Generation:  18
Best root_mean_squared_error score: -3.689946710403023
Generation:  72%|  | 18/25 [2:58:46<1:08:46, 589.49s/it]Generation:  19
Best root_mean_squared_error score: -3.689946710403023
Generation:  76%|  | 19/25 [3:04:39<51:51, 518.54s/it]  Generation:  20
Best root_mean_squared_error score: -3.678532978132586
Generation:  80%|  | 20/25 [3:14:14<44:37, 535.50s/it]Generation:  21
Best root_mean_squared_error score: -3.678532978132586
Generation:  84%| | 21/25 [3:23:54<36:35, 548.91s/it]WARNING AN INDIVIDUAL TIMED OUT: 
 <tpot2.search_spaces.pipelines.sequential.SequentialPipelineIndividual object at 0x155466ce1bd0> 

Generation:  22
Best root_mean_squared_error score: -3.652035645581679
Generation:  88%| | 22/25 [3:33:58<28:15, 565.29s/it]WARNING AN INDIVIDUAL TIMED OUT: 
 <tpot2.search_spaces.pipelines.sequential.SequentialPipelineIndividual object at 0x15545af1d1e0> 

Generation:  23
Best root_mean_squared_error score: -3.652035645581679
Generation:  92%|| 23/25 [3:44:02<19:14, 577.02s/it]WARNING THIS INDIVIDUAL CAUSED AND EXCEPTION 
 <tpot2.search_spaces.pipelines.sequential.SequentialPipelineIndividual object at 0x15547430bcd0> 
 The 'criterion' parameter of RandomForestRegressor must be a str among {'friedman_mse', 'poisson', 'absolute_error', 'squared_error'}. Got 'mae' instead. 
 Traceback (most recent call last):
  File "/common/ketrong/tpotexp/tpot2/tpot2/utils/eval_utils.py", line 53, in objective_nan_wrapper
    value = func_timeout.func_timeout(timeout, objective_function, args=[individual], kwargs=objective_kwargs)
  File "/common/ketrong/tpotexp/env/lib/python3.10/site-packages/func_timeout/dafunc.py", line 108, in func_timeout
    raise_exception(exception)
  File "/common/ketrong/tpotexp/env/lib/python3.10/site-packages/func_timeout/py3_raise.py", line 7, in raise_exception
    raise exception[0] from None
  File "/common/ketrong/tpotexp/tpot2/tpot2/tpot_estimator/estimator.py", line 623, in objective_function
    return objective_function_generator(
  File "/common/ketrong/tpotexp/tpot2/tpot2/tpot_estimator/estimator_utils.py", line 55, in objective_function_generator
    cv_obj_scores = cross_val_score_objective(sklearn.base.clone(pipeline),x,y,scorers=scorers, cv=cv , fold=step)
  File "/common/ketrong/tpotexp/tpot2/tpot2/tpot_estimator/cross_val_utils.py", line 28, in cross_val_score_objective
    this_fold_pipeline.fit(X_train,y_train)
  File "/common/ketrong/tpotexp/env/lib/python3.10/site-packages/sklearn/base.py", line 1473, in wrapper
    return fit_method(estimator, *args, **kwargs)
  File "/common/ketrong/tpotexp/env/lib/python3.10/site-packages/sklearn/pipeline.py", line 473, in fit
    self._final_estimator.fit(Xt, y, **last_step_params["fit"])
  File "/common/ketrong/tpotexp/env/lib/python3.10/site-packages/sklearn/base.py", line 1466, in wrapper
    estimator._validate_params()
  File "/common/ketrong/tpotexp/env/lib/python3.10/site-packages/sklearn/base.py", line 666, in _validate_params
    validate_parameter_constraints(
  File "/common/ketrong/tpotexp/env/lib/python3.10/site-packages/sklearn/utils/_param_validation.py", line 95, in validate_parameter_constraints
    raise InvalidParameterError(
sklearn.utils._param_validation.InvalidParameterError: The 'criterion' parameter of RandomForestRegressor must be a str among {'friedman_mse', 'poisson', 'absolute_error', 'squared_error'}. Got 'mae' instead.

WARNING AN INDIVIDUAL TIMED OUT: 
 <tpot2.search_spaces.pipelines.sequential.SequentialPipelineIndividual object at 0x1554594faf20> 

Generation:  24
Best root_mean_squared_error score: -3.652035645581679
Generation:  96%|| 24/25 [3:54:08<09:45, 585.60s/it]WARNING THIS INDIVIDUAL CAUSED AND EXCEPTION 
 <tpot2.search_spaces.pipelines.sequential.SequentialPipelineIndividual object at 0x155466ae67a0> 
 The 'criterion' parameter of RandomForestRegressor must be a str among {'friedman_mse', 'poisson', 'absolute_error', 'squared_error'}. Got 'mse' instead. 
 Traceback (most recent call last):
  File "/common/ketrong/tpotexp/tpot2/tpot2/utils/eval_utils.py", line 53, in objective_nan_wrapper
    value = func_timeout.func_timeout(timeout, objective_function, args=[individual], kwargs=objective_kwargs)
  File "/common/ketrong/tpotexp/env/lib/python3.10/site-packages/func_timeout/dafunc.py", line 108, in func_timeout
    raise_exception(exception)
  File "/common/ketrong/tpotexp/env/lib/python3.10/site-packages/func_timeout/py3_raise.py", line 7, in raise_exception
    raise exception[0] from None
  File "/common/ketrong/tpotexp/tpot2/tpot2/tpot_estimator/estimator.py", line 623, in objective_function
    return objective_function_generator(
  File "/common/ketrong/tpotexp/tpot2/tpot2/tpot_estimator/estimator_utils.py", line 55, in objective_function_generator
    cv_obj_scores = cross_val_score_objective(sklearn.base.clone(pipeline),x,y,scorers=scorers, cv=cv , fold=step)
  File "/common/ketrong/tpotexp/tpot2/tpot2/tpot_estimator/cross_val_utils.py", line 28, in cross_val_score_objective
    this_fold_pipeline.fit(X_train,y_train)
  File "/common/ketrong/tpotexp/env/lib/python3.10/site-packages/sklearn/base.py", line 1473, in wrapper
    return fit_method(estimator, *args, **kwargs)
  File "/common/ketrong/tpotexp/env/lib/python3.10/site-packages/sklearn/pipeline.py", line 473, in fit
    self._final_estimator.fit(Xt, y, **last_step_params["fit"])
  File "/common/ketrong/tpotexp/env/lib/python3.10/site-packages/sklearn/base.py", line 1466, in wrapper
    estimator._validate_params()
  File "/common/ketrong/tpotexp/env/lib/python3.10/site-packages/sklearn/base.py", line 666, in _validate_params
    validate_parameter_constraints(
  File "/common/ketrong/tpotexp/env/lib/python3.10/site-packages/sklearn/utils/_param_validation.py", line 95, in validate_parameter_constraints
    raise InvalidParameterError(
sklearn.utils._param_validation.InvalidParameterError: The 'criterion' parameter of RandomForestRegressor must be a str among {'friedman_mse', 'poisson', 'absolute_error', 'squared_error'}. Got 'mse' instead.

Generation:  25
Best root_mean_squared_error score: -3.652035645581679
Generation: 100%|| 25/25 [3:54:57<00:00, 424.68s/it]Generation: 100%|| 25/25 [3:54:57<00:00, 563.90s/it]
2024-10-02 17:32:59,972 - distributed.scheduler - ERROR - Removing worker 'tcp://127.0.0.1:34629' caused the cluster to lose scattered data, which can't be recovered: {'DataFrame-b2b6f5601528602d8df1118c0ec9e5c4', 'DataFrame-edee9f7d9e8d9a17dcfe6b777e771f31'} (stimulus_id='handle-worker-cleanup-1727915579.972477')
Fitted
Pipeline(steps=[('simpleimputer', SimpleImputer()),
                ('histgradientboostingregressor',
                 HistGradientBoostingRegressor(early_stopping=False,
                                               l2_regularization=0.0005391387883,
                                               learning_rate=0.0561741355786,
                                               max_features=0.236242225814,
                                               max_leaf_nodes=1047,
                                               min_samples_leaf=30,
                                               tol=0.0001))])
transform worked
try transform
transform worked
score start
train score: {'explained_var': 0.8703251643141303, 'r2': 0.8703251643141301, 'rmse': 2.3525637395777785}
test score: {'explained_var': 0.6823568066613679, 'r2': 0.6823338375379051, 'rmse': 3.6920456091098535}
original test score: {'explained_var': 0.7872404924039107, 'r2': 0.7871248985858632, 'rmse': 3.022344829923299}
score end
1200
lvl
0.3
type
MCAR
num_run
3
reg_full
finished
all finished
full run takes
9.928186622659366
hours
DONE
