Run: 1
/cm/local/apps/slurm/var/spool/job994230/slurm_script: line 26: 
pip install -e tpot2
pip install -r tpot2/ImputerExperiments/requirements_.txt
: No such file or directory
RunStart
Version 0.1.7a0 of tpot2 is outdated. Version 0.1.8a0 was released Tuesday September 17, 2024.
starting loops
../data/r/1213/1213.pkl
working on 
../data/r/1213/reg_full_MCAR_0.01_1
2.4355459213256836
running experiment 1/3 - Does large hyperparameter space improve reconstruction accuracy over simple
[I 2024-10-08 18:50:51,655] A new study created in memory with name: no-name-a11ec813-3163-489c-bf1a-b774c755ce90
running
running
running
running
running
running
running
running
running
running
running
running
running
running
running
running
[I 2024-10-08 18:50:52,422] Trial 5 finished with value: 0.5800052830983475 and parameters: {'model_name': 'SimpleImputer', 'strategy': 'constant'}. Best is trial 5 with value: 0.5800052830983475.
running
[I 2024-10-08 18:50:53,161] Trial 6 finished with value: 0.5800052830983475 and parameters: {'model_name': 'SimpleImputer', 'strategy': 'constant'}. Best is trial 5 with value: 0.5800052830983475.
running
[I 2024-10-08 18:50:54,248] Trial 4 finished with value: 0.5401616110987703 and parameters: {'model_name': 'SimpleImputer', 'strategy': 'most_frequent'}. Best is trial 4 with value: 0.5401616110987703.
running
[I 2024-10-08 18:50:54,422] Trial 12 finished with value: 0.34716393345425023 and parameters: {'model_name': 'SimpleImputer', 'strategy': 'median'}. Best is trial 12 with value: 0.34716393345425023.
running
[I 2024-10-08 18:50:54,682] Trial 19 finished with value: 0.30478412689780854 and parameters: {'model_name': 'SimpleImputer', 'strategy': 'mean'}. Best is trial 19 with value: 0.30478412689780854.
running
[I 2024-10-08 18:50:55,398] Trial 20 finished with value: 0.5800052830983475 and parameters: {'model_name': 'SimpleImputer', 'strategy': 'constant'}. Best is trial 19 with value: 0.30478412689780854.
running
[I 2024-10-08 18:51:10,186] Trial 9 finished with value: 0.5495764597198199 and parameters: {'model_name': 'GAIN', 'batch_size': 431, 'hint_rate': 0.5464474713731908, 'alpha': 9, 'iterations': 1, 'learning_rate': 0.0018570795099237254, 'p_miss': 0.1758509789533572}. Best is trial 19 with value: 0.30478412689780854.
running
[I 2024-10-08 18:51:30,240] Trial 7 finished with value: 0.3263224845014644 and parameters: {'model_name': 'VAE', 'batch_size': 312, 'iterations': 4, 'learning_rate': 0.0029382965427677096, 'p_miss': 0.2646595355427173}. Best is trial 19 with value: 0.30478412689780854.
running
[I 2024-10-08 18:51:55,358] Trial 13 finished with value: 0.5714093892878821 and parameters: {'model_name': 'GAIN', 'batch_size': 423, 'hint_rate': 0.19219811985589735, 'alpha': 9, 'iterations': 23, 'learning_rate': 0.06435149791441662, 'p_miss': 0.1053899155808668}. Best is trial 19 with value: 0.30478412689780854.
running
[I 2024-10-08 18:51:57,042] Trial 24 finished with value: 0.5800052830983475 and parameters: {'model_name': 'SimpleImputer', 'strategy': 'constant'}. Best is trial 19 with value: 0.30478412689780854.
running
[I 2024-10-08 18:52:01,293] Trial 18 finished with value: 0.33211099372794517 and parameters: {'model_name': 'VAE', 'batch_size': 12, 'iterations': 20, 'learning_rate': 0.0009839157706844654, 'p_miss': 0.28697341438429036}. Best is trial 19 with value: 0.30478412689780854.
running
[I 2024-10-08 18:52:35,933] Trial 15 finished with value: 0.5619463278762311 and parameters: {'model_name': 'GAIN', 'batch_size': 51, 'hint_rate': 0.733480692803701, 'alpha': 26, 'iterations': 57, 'learning_rate': 0.007942855911447427, 'p_miss': 0.06834403090596443}. Best is trial 19 with value: 0.30478412689780854.
running
[I 2024-10-08 18:53:09,795] Trial 2 finished with value: 0.2987116419107551 and parameters: {'model_name': 'KNNImputer', 'n_neighbors': 7776, 'weights': 'distance'}. Best is trial 2 with value: 0.2987116419107551.
running
[I 2024-10-08 18:53:23,507] Trial 1 finished with value: 0.3025107369490909 and parameters: {'model_name': 'KNNImputer', 'n_neighbors': 26724, 'weights': 'uniform'}. Best is trial 2 with value: 0.2987116419107551.
running
[I 2024-10-08 18:53:27,061] Trial 16 finished with value: 0.2996099752189571 and parameters: {'model_name': 'KNNImputer', 'n_neighbors': 11311, 'weights': 'distance'}. Best is trial 2 with value: 0.2987116419107551.
running
[I 2024-10-08 18:53:30,222] Trial 22 finished with value: 0.30478412689780854 and parameters: {'model_name': 'KNNImputer', 'n_neighbors': 53167, 'weights': 'uniform'}. Best is trial 2 with value: 0.2987116419107551.
running
[I 2024-10-08 18:53:57,700] Trial 8 finished with value: 0.3034242371675327 and parameters: {'model_name': 'KNNImputer', 'n_neighbors': 60134, 'weights': 'distance'}. Best is trial 2 with value: 0.2987116419107551.
running
[I 2024-10-08 18:54:05,103] Trial 17 finished with value: 0.3034242371675327 and parameters: {'model_name': 'KNNImputer', 'n_neighbors': 59598, 'weights': 'distance'}. Best is trial 2 with value: 0.2987116419107551.
running
[I 2024-10-08 18:54:35,585] Trial 3 finished with value: 0.3168273015813047 and parameters: {'model_name': 'IterativeImputer', 'estimator': 'KNN', 'initial_strategy': 'mean', 'n_nearest_features': 7, 'imputation_order': 'random'}. Best is trial 2 with value: 0.2987116419107551.
running
[I 2024-10-08 18:54:54,390] Trial 26 finished with value: 0.314402211639957 and parameters: {'model_name': 'IterativeImputer', 'estimator': 'KNN', 'initial_strategy': 'most_frequent', 'n_nearest_features': 4, 'imputation_order': 'arabic'}. Best is trial 2 with value: 0.2987116419107551.
running
[I 2024-10-08 18:55:00,160] Trial 23 finished with value: 0.3034242371675327 and parameters: {'model_name': 'KNNImputer', 'n_neighbors': 57272, 'weights': 'distance'}. Best is trial 2 with value: 0.2987116419107551.
running
[I 2024-10-08 18:55:27,323] Trial 30 finished with value: 0.29348680316313336 and parameters: {'model_name': 'KNNImputer', 'n_neighbors': 517, 'weights': 'distance'}. Best is trial 30 with value: 0.29348680316313336.
running
[I 2024-10-08 18:55:28,541] Trial 28 finished with value: 0.29652733054644315 and parameters: {'model_name': 'KNNImputer', 'n_neighbors': 3205, 'weights': 'distance'}. Best is trial 30 with value: 0.29348680316313336.
running
[I 2024-10-08 18:55:30,760] Trial 31 finished with value: 0.2931832823934022 and parameters: {'model_name': 'KNNImputer', 'n_neighbors': 403, 'weights': 'distance'}. Best is trial 31 with value: 0.2931832823934022.
running
[I 2024-10-08 18:56:06,297] Trial 25 finished with value: 0.420812877682756 and parameters: {'model_name': 'IterativeImputer', 'estimator': 'Bayesian', 'initial_strategy': 'most_frequent', 'n_nearest_features': 4, 'imputation_order': 'arabic', 'sample_posterior': True}. Best is trial 31 with value: 0.2931832823934022.
running
[I 2024-10-08 18:56:11,908] Trial 32 finished with value: 0.3173570944446431 and parameters: {'model_name': 'IterativeImputer', 'estimator': 'KNN', 'initial_strategy': 'median', 'n_nearest_features': 3, 'imputation_order': 'random'}. Best is trial 31 with value: 0.2931832823934022.
running
[I 2024-10-08 18:56:17,843] Trial 27 finished with value: 0.3034242371675327 and parameters: {'model_name': 'KNNImputer', 'n_neighbors': 58028, 'weights': 'distance'}. Best is trial 31 with value: 0.2931832823934022.
running
[I 2024-10-08 18:56:19,058] Trial 29 finished with value: 0.299868690521417 and parameters: {'model_name': 'KNNImputer', 'n_neighbors': 12824, 'weights': 'distance'}. Best is trial 31 with value: 0.2931832823934022.
running
[I 2024-10-08 18:56:36,439] Trial 0 finished with value: 0.3077147497666296 and parameters: {'model_name': 'VAE', 'batch_size': 49, 'iterations': 172, 'learning_rate': 0.0009996766999272062, 'p_miss': 0.07772552702928655}. Best is trial 31 with value: 0.2931832823934022.
running
[I 2024-10-08 18:57:02,450] Trial 34 finished with value: 0.2965823681851754 and parameters: {'model_name': 'KNNImputer', 'n_neighbors': 3283, 'weights': 'distance'}. Best is trial 31 with value: 0.2931832823934022.
running
[I 2024-10-08 18:57:03,100] Trial 33 finished with value: 0.42147476310877935 and parameters: {'model_name': 'IterativeImputer', 'estimator': 'Bayesian', 'initial_strategy': 'constant', 'n_nearest_features': 3, 'imputation_order': 'random', 'sample_posterior': True}. Best is trial 31 with value: 0.2931832823934022.
running
[I 2024-10-08 18:57:21,297] Trial 36 finished with value: 0.2983289867994269 and parameters: {'model_name': 'KNNImputer', 'n_neighbors': 5225, 'weights': 'uniform'}. Best is trial 31 with value: 0.2931832823934022.
running
[I 2024-10-08 18:57:23,158] Trial 35 finished with value: 0.29718620793412015 and parameters: {'model_name': 'KNNImputer', 'n_neighbors': 4242, 'weights': 'distance'}. Best is trial 31 with value: 0.2931832823934022.
running
[I 2024-10-08 18:57:33,783] Trial 37 finished with value: 0.29361157494063705 and parameters: {'model_name': 'KNNImputer', 'n_neighbors': 566, 'weights': 'distance'}. Best is trial 31 with value: 0.2931832823934022.
running
[I 2024-10-08 18:57:36,713] Trial 38 finished with value: 0.2923376923580666 and parameters: {'model_name': 'KNNImputer', 'n_neighbors': 100, 'weights': 'distance'}. Best is trial 38 with value: 0.2923376923580666.
running
[I 2024-10-08 18:57:45,707] Trial 39 finished with value: 0.29478492653469496 and parameters: {'model_name': 'KNNImputer', 'n_neighbors': 1318, 'weights': 'distance'}. Best is trial 38 with value: 0.2923376923580666.
running
[I 2024-10-08 18:58:17,162] Trial 40 finished with value: 0.29428313116620286 and parameters: {'model_name': 'KNNImputer', 'n_neighbors': 962, 'weights': 'distance'}. Best is trial 38 with value: 0.2923376923580666.
running
[I 2024-10-08 18:58:24,800] Trial 43 finished with value: 0.2923516120467867 and parameters: {'model_name': 'KNNImputer', 'n_neighbors': 112, 'weights': 'distance'}. Best is trial 38 with value: 0.2923376923580666.
running
[I 2024-10-08 18:58:29,621] Trial 41 finished with value: 0.2960283792374124 and parameters: {'model_name': 'KNNImputer', 'n_neighbors': 2534, 'weights': 'distance'}. Best is trial 38 with value: 0.2923376923580666.
running
[I 2024-10-08 18:58:36,188] Trial 42 finished with value: 0.29580178414938973 and parameters: {'model_name': 'KNNImputer', 'n_neighbors': 2273, 'weights': 'distance'}. Best is trial 38 with value: 0.2923376923580666.
running
[I 2024-10-08 18:58:39,710] Trial 44 finished with value: 0.2942322732243021 and parameters: {'model_name': 'KNNImputer', 'n_neighbors': 926, 'weights': 'distance'}. Best is trial 38 with value: 0.2923376923580666.
running
[I 2024-10-08 18:58:58,242] Trial 45 finished with value: 0.29518603106949043 and parameters: {'model_name': 'KNNImputer', 'n_neighbors': 1652, 'weights': 'distance'}. Best is trial 38 with value: 0.2923376923580666.
running
[I 2024-10-08 18:59:04,052] Trial 46 finished with value: 0.2962352485169205 and parameters: {'model_name': 'KNNImputer', 'n_neighbors': 2798, 'weights': 'distance'}. Best is trial 38 with value: 0.2923376923580666.
running
[I 2024-10-08 18:59:08,000] Trial 47 finished with value: 0.29306433263396425 and parameters: {'model_name': 'KNNImputer', 'n_neighbors': 349, 'weights': 'distance'}. Best is trial 38 with value: 0.2923376923580666.
running
[I 2024-10-08 18:59:11,791] Trial 48 finished with value: 0.2929386032462127 and parameters: {'model_name': 'KNNImputer', 'n_neighbors': 310, 'weights': 'distance'}. Best is trial 38 with value: 0.2923376923580666.
running
[I 2024-10-08 18:59:14,509] Trial 49 finished with value: 0.29262596915054606 and parameters: {'model_name': 'KNNImputer', 'n_neighbors': 226, 'weights': 'distance'}. Best is trial 38 with value: 0.2923376923580666.
running
[I 2024-10-08 18:59:57,948] Trial 50 finished with value: 0.30067549845521047 and parameters: {'model_name': 'KNNImputer', 'n_neighbors': 18386, 'weights': 'distance'}. Best is trial 38 with value: 0.2923376923580666.
running
[I 2024-10-08 19:05:50,075] Trial 11 finished with value: 0.3062424606587644 and parameters: {'model_name': 'VAE', 'batch_size': 864, 'iterations': 198, 'learning_rate': 0.014022769846232734, 'p_miss': 0.12585002630396788}. Best is trial 38 with value: 0.2923376923580666.
running
[I 2024-10-08 19:27:18,029] Trial 21 finished with value: 0.5766843361063883 and parameters: {'model_name': 'GAIN', 'batch_size': 147, 'hint_rate': 0.31528003060419835, 'alpha': 1, 'iterations': 1406, 'learning_rate': 0.003050734326205055, 'p_miss': 0.23752003816284137}. Best is trial 38 with value: 0.2923376923580666.
running
[I 2024-10-08 19:32:05,397] Trial 62 finished with value: inf and parameters: {'model_name': 'GAIN', 'batch_size': 1, 'hint_rate': 0.9816350641962552, 'alpha': 98, 'iterations': 5847, 'learning_rate': 0.00010793032959242927, 'p_miss': 0.011013660046853502}. Best is trial 38 with value: 0.2923376923580666.
running
[I 2024-10-08 20:23:26,752] Trial 14 finished with value: 0.5807233316942892 and parameters: {'model_name': 'GAIN', 'batch_size': 37, 'hint_rate': 0.4594647955207441, 'alpha': 8, 'iterations': 3673, 'learning_rate': 0.001536484306621575, 'p_miss': 0.24589567161474518}. Best is trial 38 with value: 0.2923376923580666.
running
[I 2024-10-08 20:23:34,466] Trial 66 finished with value: 0.3327328637862115 and parameters: {'model_name': 'VAE', 'batch_size': 1, 'iterations': 1, 'learning_rate': 0.00011281686323631796, 'p_miss': 0.18181906173787787}. Best is trial 38 with value: 0.2923376923580666.
running
[I 2024-10-08 20:25:08,477] Trial 67 finished with value: 0.29918162862579395 and parameters: {'model_name': 'KNNImputer', 'n_neighbors': 9375, 'weights': 'distance'}. Best is trial 38 with value: 0.2923376923580666.
running
[I 2024-10-08 20:31:06,513] Trial 10 finished with value: 0.5783668214412687 and parameters: {'model_name': 'GAIN', 'batch_size': 375, 'hint_rate': 0.15822509173093446, 'alpha': 51, 'iterations': 3508, 'learning_rate': 0.0017043295100386351, 'p_miss': 0.22329012758183228}. Best is trial 38 with value: 0.2923376923580666.
running
[I 2024-10-08 20:33:48,396] Trial 65 finished with value: 0.3249323438489188 and parameters: {'model_name': 'VAE', 'batch_size': 1, 'iterations': 1176, 'learning_rate': 0.00014934839800546362, 'p_miss': 0.1956957534109181}. Best is trial 38 with value: 0.2923376923580666.
running
[I 2024-10-08 20:35:14,912] Trial 70 finished with value: 0.30096649659908437 and parameters: {'model_name': 'KNNImputer', 'n_neighbors': 14867, 'weights': 'uniform'}. Best is trial 38 with value: 0.2923376923580666.
running
[I 2024-10-08 20:37:18,339] Trial 71 finished with value: 0.30276640543862837 and parameters: {'model_name': 'KNNImputer', 'n_neighbors': 40402, 'weights': 'distance'}. Best is trial 38 with value: 0.2923376923580666.
running
[I 2024-10-08 20:38:38,482] Trial 72 finished with value: 0.29927176257195687 and parameters: {'model_name': 'KNNImputer', 'n_neighbors': 7288, 'weights': 'uniform'}. Best is trial 38 with value: 0.2923376923580666.
running
[I 2024-10-08 20:40:36,888] Trial 73 finished with value: 0.30211535935789835 and parameters: {'model_name': 'KNNImputer', 'n_neighbors': 32749, 'weights': 'distance'}. Best is trial 38 with value: 0.2923376923580666.
running
[I 2024-10-08 20:42:07,928] Trial 74 finished with value: 0.29874269572261075 and parameters: {'model_name': 'KNNImputer', 'n_neighbors': 7878, 'weights': 'distance'}. Best is trial 38 with value: 0.2923376923580666.
running
[I 2024-10-08 20:42:25,847] Trial 75 finished with value: 0.334362748947746 and parameters: {'model_name': 'VAE', 'batch_size': 5, 'iterations': 5, 'learning_rate': 0.0003762566966621607, 'p_miss': 0.03368058513990976}. Best is trial 38 with value: 0.2923376923580666.
running
[I 2024-10-08 20:43:54,815] Trial 76 finished with value: 0.2981405709849364 and parameters: {'model_name': 'KNNImputer', 'n_neighbors': 6257, 'weights': 'distance'}. Best is trial 38 with value: 0.2923376923580666.
running
[I 2024-10-08 20:45:03,904] Trial 77 finished with value: 0.29383339503465356 and parameters: {'model_name': 'KNNImputer', 'n_neighbors': 44, 'weights': 'distance'}. Best is trial 38 with value: 0.2923376923580666.
running
[I 2024-10-08 20:46:34,510] Trial 78 finished with value: 0.2985395790532123 and parameters: {'model_name': 'KNNImputer', 'n_neighbors': 7274, 'weights': 'distance'}. Best is trial 38 with value: 0.2923376923580666.
running
[I 2024-10-08 20:46:35,519] Trial 79 finished with value: 0.30478412689780854 and parameters: {'model_name': 'SimpleImputer', 'strategy': 'mean'}. Best is trial 38 with value: 0.2923376923580666.
running
[I 2024-10-08 20:48:20,339] Trial 80 finished with value: 0.30070373375397486 and parameters: {'model_name': 'KNNImputer', 'n_neighbors': 18616, 'weights': 'distance'}. Best is trial 38 with value: 0.2923376923580666.
running
[I 2024-10-08 20:49:52,911] Trial 81 finished with value: 0.29941353518036246 and parameters: {'model_name': 'KNNImputer', 'n_neighbors': 10300, 'weights': 'distance'}. Best is trial 38 with value: 0.2923376923580666.
running
[I 2024-10-08 20:51:20,044] Trial 82 finished with value: 0.29795289954908516 and parameters: {'model_name': 'KNNImputer', 'n_neighbors': 5811, 'weights': 'distance'}. Best is trial 38 with value: 0.2923376923580666.
running
[I 2024-10-08 20:51:42,058] Trial 83 finished with value: 0.2949346136410585 and parameters: {'model_name': 'IterativeImputer', 'estimator': 'Ridge', 'initial_strategy': 'median', 'n_nearest_features': 10, 'imputation_order': 'roman'}. Best is trial 38 with value: 0.2923376923580666.
running
[I 2024-10-08 20:53:20,975] Trial 84 finished with value: inf and parameters: {'model_name': 'GAIN', 'batch_size': 4, 'hint_rate': 0.028775376051895563, 'alpha': 87, 'iterations': 344, 'learning_rate': 0.06565041832945062, 'p_miss': 0.12523421398987572}. Best is trial 38 with value: 0.2923376923580666.
running
[I 2024-10-08 20:54:45,979] Trial 85 finished with value: 0.29782055099670945 and parameters: {'model_name': 'KNNImputer', 'n_neighbors': 5505, 'weights': 'distance'}. Best is trial 38 with value: 0.2923376923580666.
running
[I 2024-10-08 20:56:00,607] Trial 86 finished with value: 0.29292800037064937 and parameters: {'model_name': 'KNNImputer', 'n_neighbors': 302, 'weights': 'distance'}. Best is trial 38 with value: 0.2923376923580666.
running
[I 2024-10-08 20:56:09,294] Trial 68 finished with value: 0.32256490900933554 and parameters: {'model_name': 'VAE', 'batch_size': 5, 'iterations': 823, 'learning_rate': 0.07130059307068917, 'p_miss': 0.01679910814014335}. Best is trial 38 with value: 0.2923376923580666.
running
[I 2024-10-08 20:56:40,994] Trial 69 finished with value: 0.3185852009494513 and parameters: {'model_name': 'VAE', 'batch_size': 5, 'iterations': 636, 'learning_rate': 0.00034310910975042053, 'p_miss': 0.012823959374850424}. Best is trial 38 with value: 0.2923376923580666.
running
[I 2024-10-08 20:57:15,119] Trial 87 finished with value: 0.29297667523825727 and parameters: {'model_name': 'KNNImputer', 'n_neighbors': 61, 'weights': 'distance'}. Best is trial 38 with value: 0.2923376923580666.
running
[I 2024-10-08 20:57:40,357] Trial 88 finished with value: 0.2975293614272723 and parameters: {'model_name': 'KNNImputer', 'n_neighbors': 4919, 'weights': 'distance'}. Best is trial 38 with value: 0.2923376923580666.
running
[I 2024-10-08 20:57:59,466] Trial 89 finished with value: 0.2929678671602422 and parameters: {'model_name': 'KNNImputer', 'n_neighbors': 318, 'weights': 'distance'}. Best is trial 38 with value: 0.2923376923580666.
running
[I 2024-10-08 20:58:00,864] Trial 92 finished with value: 0.34716393345425023 and parameters: {'model_name': 'SimpleImputer', 'strategy': 'median'}. Best is trial 38 with value: 0.2923376923580666.
running
[I 2024-10-08 20:58:32,180] Trial 90 finished with value: 0.2924113596889521 and parameters: {'model_name': 'KNNImputer', 'n_neighbors': 130, 'weights': 'distance'}. Best is trial 38 with value: 0.2923376923580666.
running
[I 2024-10-08 20:58:58,274] Trial 91 finished with value: 0.29248489092393853 and parameters: {'model_name': 'KNNImputer', 'n_neighbors': 162, 'weights': 'distance'}. Best is trial 38 with value: 0.2923376923580666.
running
[I 2024-10-08 20:59:48,189] Trial 93 finished with value: 0.29967386926315476 and parameters: {'model_name': 'KNNImputer', 'n_neighbors': 11702, 'weights': 'distance'}. Best is trial 38 with value: 0.2923376923580666.
running
[I 2024-10-08 21:00:31,722] Trial 95 finished with value: 0.30051180980378395 and parameters: {'model_name': 'KNNImputer', 'n_neighbors': 11970, 'weights': 'uniform'}. Best is trial 38 with value: 0.2923376923580666.
running
[I 2024-10-08 21:00:54,358] Trial 94 finished with value: 0.3033243178507421 and parameters: {'model_name': 'KNNImputer', 'n_neighbors': 47017, 'weights': 'distance'}. Best is trial 38 with value: 0.2923376923580666.
running
[I 2024-10-08 21:01:18,968] Trial 96 finished with value: 0.2968998592265052 and parameters: {'model_name': 'KNNImputer', 'n_neighbors': 3746, 'weights': 'distance'}. Best is trial 38 with value: 0.2923376923580666.
running
[I 2024-10-08 21:01:29,818] Trial 51 finished with value: 0.34252384132279146 and parameters: {'model_name': 'VAE', 'batch_size': 1, 'iterations': 2216, 'learning_rate': 0.00015260083769776328, 'p_miss': 0.015950058274897788}. Best is trial 38 with value: 0.2923376923580666.
running
[I 2024-10-08 21:02:03,945] Trial 97 finished with value: 0.29721179399435316 and parameters: {'model_name': 'KNNImputer', 'n_neighbors': 4286, 'weights': 'distance'}. Best is trial 38 with value: 0.2923376923580666.
running
[I 2024-10-08 21:02:25,950] Trial 98 finished with value: 0.2970567297425756 and parameters: {'model_name': 'KNNImputer', 'n_neighbors': 4009, 'weights': 'distance'}. Best is trial 38 with value: 0.2923376923580666.
running
[I 2024-10-08 21:02:50,972] Trial 99 finished with value: 0.29730013770367164 and parameters: {'model_name': 'KNNImputer', 'n_neighbors': 4448, 'weights': 'distance'}. Best is trial 38 with value: 0.2923376923580666.
running
[I 2024-10-08 21:03:05,458] Trial 100 finished with value: 0.29728564572733124 and parameters: {'model_name': 'KNNImputer', 'n_neighbors': 4427, 'weights': 'distance'}. Best is trial 38 with value: 0.2923376923580666.
running
[I 2024-10-08 21:03:33,377] Trial 101 finished with value: 0.29644884729078386 and parameters: {'model_name': 'KNNImputer', 'n_neighbors': 3083, 'weights': 'distance'}. Best is trial 38 with value: 0.2923376923580666.
running
[I 2024-10-08 21:03:45,237] Trial 102 finished with value: 0.29312997273816255 and parameters: {'model_name': 'KNNImputer', 'n_neighbors': 379, 'weights': 'distance'}. Best is trial 38 with value: 0.2923376923580666.
running
[I 2024-10-08 21:05:00,290] Trial 106 finished with value: 0.2931832823934022 and parameters: {'model_name': 'KNNImputer', 'n_neighbors': 403, 'weights': 'distance'}. Best is trial 38 with value: 0.2923376923580666.
running
[I 2024-10-08 22:38:05,282] Trial 61 finished with value: 0.3475118199472972 and parameters: {'model_name': 'VAE', 'batch_size': 1, 'iterations': 4566, 'learning_rate': 0.00011210306093508863, 'p_miss': 0.011372624601312581}. Best is trial 38 with value: 0.2923376923580666.
running
[I 2024-10-08 23:02:44,091] Trial 104 finished with value: 0.3380131040055409 and parameters: {'model_name': 'IterativeImputer', 'estimator': 'RFR', 'initial_strategy': 'mean', 'n_nearest_features': 1, 'imputation_order': 'ascending'}. Best is trial 38 with value: 0.2923376923580666.
running
[I 2024-10-08 23:03:56,683] Trial 109 finished with value: 0.29236236413046696 and parameters: {'model_name': 'KNNImputer', 'n_neighbors': 125, 'weights': 'distance'}. Best is trial 38 with value: 0.2923376923580666.
running
[I 2024-10-08 23:05:13,771] Trial 103 finished with value: 0.3385110246361345 and parameters: {'model_name': 'IterativeImputer', 'estimator': 'RFR', 'initial_strategy': 'mean', 'n_nearest_features': 1, 'imputation_order': 'descending'}. Best is trial 38 with value: 0.2923376923580666.
running
[I 2024-10-08 23:05:17,663] Trial 110 finished with value: 0.2958242586224446 and parameters: {'model_name': 'KNNImputer', 'n_neighbors': 2301, 'weights': 'distance'}. Best is trial 38 with value: 0.2923376923580666.
running
[I 2024-10-08 23:05:33,385] Trial 112 finished with value: 0.5297020355441067 and parameters: {'model_name': 'GAIN', 'batch_size': 137, 'hint_rate': 0.9261161893295136, 'alpha': 67, 'iterations': 5, 'learning_rate': 0.024294543574269776, 'p_miss': 0.29385338004549916}. Best is trial 38 with value: 0.2923376923580666.
running
[I 2024-10-08 23:06:38,986] Trial 111 finished with value: 0.2962126304858483 and parameters: {'model_name': 'KNNImputer', 'n_neighbors': 2767, 'weights': 'distance'}. Best is trial 38 with value: 0.2923376923580666.
running
[I 2024-10-08 23:06:47,772] Trial 113 finished with value: 0.2925219880777732 and parameters: {'model_name': 'KNNImputer', 'n_neighbors': 80, 'weights': 'distance'}. Best is trial 38 with value: 0.2923376923580666.
running
[I 2024-10-08 23:08:15,674] Trial 114 finished with value: 0.29898470852059217 and parameters: {'model_name': 'KNNImputer', 'n_neighbors': 8654, 'weights': 'distance'}. Best is trial 38 with value: 0.2923376923580666.
running
[I 2024-10-08 23:08:23,723] Trial 115 finished with value: 0.29866383381386796 and parameters: {'model_name': 'KNNImputer', 'n_neighbors': 7627, 'weights': 'distance'}. Best is trial 38 with value: 0.2923376923580666.
running
[I 2024-10-08 23:08:56,503] Trial 107 finished with value: 0.3382967034978147 and parameters: {'model_name': 'IterativeImputer', 'estimator': 'RFR', 'initial_strategy': 'constant', 'n_nearest_features': 1, 'imputation_order': 'ascending'}. Best is trial 38 with value: 0.2923376923580666.
running
[I 2024-10-08 23:09:36,043] Trial 116 finished with value: 0.29303934515050195 and parameters: {'model_name': 'KNNImputer', 'n_neighbors': 346, 'weights': 'distance'}. Best is trial 38 with value: 0.2923376923580666.
running
[I 2024-10-08 23:09:40,502] Trial 117 finished with value: 0.29296193259747505 and parameters: {'model_name': 'KNNImputer', 'n_neighbors': 62, 'weights': 'distance'}. Best is trial 38 with value: 0.2923376923580666.
running
[I 2024-10-08 23:10:17,837] Trial 118 finished with value: 0.29339752366316046 and parameters: {'model_name': 'KNNImputer', 'n_neighbors': 490, 'weights': 'distance'}. Best is trial 38 with value: 0.2923376923580666.
running
[I 2024-10-08 23:10:20,152] Trial 121 finished with value: 0.5401616110987703 and parameters: {'model_name': 'SimpleImputer', 'strategy': 'most_frequent'}. Best is trial 38 with value: 0.2923376923580666.
running
[I 2024-10-08 23:11:04,818] Trial 119 finished with value: 0.2958959573687997 and parameters: {'model_name': 'KNNImputer', 'n_neighbors': 2384, 'weights': 'distance'}. Best is trial 38 with value: 0.2923376923580666.
running
[I 2024-10-08 23:11:08,026] Trial 120 finished with value: 0.29588042675064175 and parameters: {'model_name': 'KNNImputer', 'n_neighbors': 2366, 'weights': 'distance'}. Best is trial 38 with value: 0.2923376923580666.
running
[I 2024-10-08 23:11:43,805] Trial 122 finished with value: 0.2965373915158002 and parameters: {'model_name': 'KNNImputer', 'n_neighbors': 2543, 'weights': 'uniform'}. Best is trial 38 with value: 0.2923376923580666.
running
[I 2024-10-08 23:12:29,352] Trial 124 finished with value: 0.29623839532405927 and parameters: {'model_name': 'KNNImputer', 'n_neighbors': 2220, 'weights': 'uniform'}. Best is trial 38 with value: 0.2923376923580666.
[I 2024-10-08 23:12:29,516] Trial 123 finished with value: 0.29654329297570864 and parameters: {'model_name': 'KNNImputer', 'n_neighbors': 2552, 'weights': 'uniform'}. Best is trial 38 with value: 0.2923376923580666.
running
running
[I 2024-10-08 23:13:22,869] Trial 125 finished with value: 0.2981464463875919 and parameters: {'model_name': 'KNNImputer', 'n_neighbors': 6273, 'weights': 'distance'}. Best is trial 38 with value: 0.2923376923580666.
running
[I 2024-10-08 23:13:47,229] Trial 127 finished with value: 0.29259593677575524 and parameters: {'model_name': 'KNNImputer', 'n_neighbors': 195, 'weights': 'distance'}. Best is trial 38 with value: 0.2923376923580666.
running
[I 2024-10-08 23:14:38,208] Trial 126 finished with value: 0.30177648736075824 and parameters: {'model_name': 'KNNImputer', 'n_neighbors': 28787, 'weights': 'distance'}. Best is trial 38 with value: 0.2923376923580666.
running
[I 2024-10-08 23:14:40,330] Trial 128 finished with value: 0.29256285411248156 and parameters: {'model_name': 'KNNImputer', 'n_neighbors': 214, 'weights': 'distance'}. Best is trial 38 with value: 0.2923376923580666.
running
[I 2024-10-08 23:14:43,342] Trial 63 finished with value: 0.3635636355247593 and parameters: {'model_name': 'VAE', 'batch_size': 1, 'iterations': 5022, 'learning_rate': 0.00011423404523174442, 'p_miss': 0.20651545128483292}. Best is trial 38 with value: 0.2923376923580666.
running
[I 2024-10-08 23:15:59,832] Trial 129 finished with value: 0.30163973376888076 and parameters: {'model_name': 'KNNImputer', 'n_neighbors': 27132, 'weights': 'distance'}. Best is trial 38 with value: 0.2923376923580666.
running
[I 2024-10-08 23:16:04,775] Trial 130 finished with value: 0.2950226407215272 and parameters: {'model_name': 'KNNImputer', 'n_neighbors': 1516, 'weights': 'distance'}. Best is trial 38 with value: 0.2923376923580666.
running
[I 2024-10-08 23:16:16,883] Trial 131 finished with value: 0.297695161236177 and parameters: {'model_name': 'KNNImputer', 'n_neighbors': 5246, 'weights': 'distance'}. Best is trial 38 with value: 0.2923376923580666.
running
[I 2024-10-08 23:16:20,881] Trial 132 finished with value: 0.29783620578641556 and parameters: {'model_name': 'KNNImputer', 'n_neighbors': 5538, 'weights': 'distance'}. Best is trial 38 with value: 0.2923376923580666.
running
[I 2024-10-08 23:17:14,828] Trial 134 finished with value: 0.5449550694289431 and parameters: {'model_name': 'GAIN', 'batch_size': 14, 'hint_rate': 0.7380515893293585, 'alpha': 37, 'iterations': 56, 'learning_rate': 0.00903019684774442, 'p_miss': 0.16223860608563254}. Best is trial 38 with value: 0.2923376923580666.
running
[I 2024-10-08 23:17:34,807] Trial 135 finished with value: 0.29297667523825727 and parameters: {'model_name': 'KNNImputer', 'n_neighbors': 61, 'weights': 'distance'}. Best is trial 38 with value: 0.2923376923580666.
running
[I 2024-10-08 23:17:37,592] Trial 136 finished with value: 0.2945806590122294 and parameters: {'model_name': 'KNNImputer', 'n_neighbors': 38, 'weights': 'distance'}. Best is trial 38 with value: 0.2923376923580666.
running
[I 2024-10-08 23:17:38,610] Trial 133 finished with value: 0.29793272804884524 and parameters: {'model_name': 'KNNImputer', 'n_neighbors': 5758, 'weights': 'distance'}. Best is trial 38 with value: 0.2923376923580666.
running
[I 2024-10-08 23:18:35,647] Trial 137 finished with value: 0.292644956550859 and parameters: {'model_name': 'KNNImputer', 'n_neighbors': 235, 'weights': 'distance'}. Best is trial 38 with value: 0.2923376923580666.
running
[I 2024-10-08 23:19:05,227] Trial 138 finished with value: 0.29525100547257815 and parameters: {'model_name': 'KNNImputer', 'n_neighbors': 1707, 'weights': 'distance'}. Best is trial 38 with value: 0.2923376923580666.
running
[I 2024-10-08 23:19:05,917] Trial 139 finished with value: 0.29521282799275833 and parameters: {'model_name': 'KNNImputer', 'n_neighbors': 1677, 'weights': 'distance'}. Best is trial 38 with value: 0.2923376923580666.
running
[I 2024-10-08 23:19:09,881] Trial 140 finished with value: 0.2967927658271359 and parameters: {'model_name': 'KNNImputer', 'n_neighbors': 3573, 'weights': 'distance'}. Best is trial 38 with value: 0.2923376923580666.
running
[I 2024-10-08 23:20:03,558] Trial 141 finished with value: 0.2951719326114256 and parameters: {'model_name': 'KNNImputer', 'n_neighbors': 1643, 'weights': 'distance'}. Best is trial 38 with value: 0.2923376923580666.
running
[I 2024-10-08 23:20:05,500] Trial 145 finished with value: 0.34716393345425023 and parameters: {'model_name': 'SimpleImputer', 'strategy': 'median'}. Best is trial 38 with value: 0.2923376923580666.
running
[I 2024-10-08 23:20:37,001] Trial 142 finished with value: 0.2967332882165154 and parameters: {'model_name': 'KNNImputer', 'n_neighbors': 3491, 'weights': 'distance'}. Best is trial 38 with value: 0.2923376923580666.
running
[I 2024-10-08 23:20:40,315] Trial 143 finished with value: 0.29688008125454807 and parameters: {'model_name': 'KNNImputer', 'n_neighbors': 3715, 'weights': 'distance'}. Best is trial 38 with value: 0.2923376923580666.
running
[I 2024-10-08 23:20:44,626] Trial 144 finished with value: 0.2969304264174303 and parameters: {'model_name': 'KNNImputer', 'n_neighbors': 3791, 'weights': 'distance'}. Best is trial 38 with value: 0.2923376923580666.
running
[I 2024-10-08 23:21:38,984] Trial 146 finished with value: 0.2969370521815279 and parameters: {'model_name': 'KNNImputer', 'n_neighbors': 3801, 'weights': 'distance'}. Best is trial 38 with value: 0.2923376923580666.
running
[I 2024-10-08 23:21:58,935] Trial 148 finished with value: 0.29619938814145014 and parameters: {'model_name': 'KNNImputer', 'n_neighbors': 25, 'weights': 'distance'}. Best is trial 38 with value: 0.2923376923580666.
running
[I 2024-10-08 23:22:06,383] Trial 147 finished with value: 0.29483576807315687 and parameters: {'model_name': 'KNNImputer', 'n_neighbors': 1359, 'weights': 'distance'}. Best is trial 38 with value: 0.2923376923580666.
running
[I 2024-10-08 23:22:11,575] Trial 149 finished with value: 0.29489646045601026 and parameters: {'model_name': 'KNNImputer', 'n_neighbors': 1407, 'weights': 'distance'}. Best is trial 38 with value: 0.2923376923580666.
running
[I 2024-10-08 23:22:50,857] Trial 55 finished with value: 0.34782095360805854 and parameters: {'model_name': 'VAE', 'batch_size': 1, 'iterations': 4943, 'learning_rate': 0.00011207618998059892, 'p_miss': 0.1844007917071714}. Best is trial 38 with value: 0.2923376923580666.
running
[I 2024-10-08 23:23:09,535] Trial 150 finished with value: 0.2948754971553455 and parameters: {'model_name': 'KNNImputer', 'n_neighbors': 1389, 'weights': 'distance'}. Best is trial 38 with value: 0.2923376923580666.
running
[I 2024-10-08 23:23:29,422] Trial 151 finished with value: 0.29481990940960856 and parameters: {'model_name': 'KNNImputer', 'n_neighbors': 1348, 'weights': 'distance'}. Best is trial 38 with value: 0.2923376923580666.
running
[I 2024-10-08 23:23:39,093] Trial 152 finished with value: 0.2950192320298232 and parameters: {'model_name': 'KNNImputer', 'n_neighbors': 1513, 'weights': 'distance'}. Best is trial 38 with value: 0.2923376923580666.
running
[I 2024-10-08 23:23:55,134] Trial 153 finished with value: 0.2983389056614415 and parameters: {'model_name': 'KNNImputer', 'n_neighbors': 6755, 'weights': 'distance'}. Best is trial 38 with value: 0.2923376923580666.
running
[I 2024-10-08 23:24:56,161] Trial 156 finished with value: 0.29302777733475976 and parameters: {'model_name': 'KNNImputer', 'n_neighbors': 335, 'weights': 'distance'}. Best is trial 38 with value: 0.2923376923580666.
running
[I 2024-10-08 23:25:04,725] Trial 154 finished with value: 0.30128965483868186 and parameters: {'model_name': 'KNNImputer', 'n_neighbors': 23257, 'weights': 'distance'}. Best is trial 38 with value: 0.2923376923580666.
running
[I 2024-10-08 23:25:20,130] Trial 155 finished with value: 0.3012416043050606 and parameters: {'model_name': 'KNNImputer', 'n_neighbors': 22863, 'weights': 'distance'}. Best is trial 38 with value: 0.2923376923580666.
running
[I 2024-10-08 23:26:04,101] Trial 158 finished with value: 0.3011816514922393 and parameters: {'model_name': 'KNNImputer', 'n_neighbors': 22355, 'weights': 'distance'}. Best is trial 38 with value: 0.2923376923580666.
running
[I 2024-10-08 23:26:06,837] Trial 162 finished with value: inf and parameters: {'model_name': 'GAIN', 'batch_size': 2, 'hint_rate': 0.5606385001869028, 'alpha': 69, 'iterations': 2, 'learning_rate': 0.03329811785236513, 'p_miss': 0.06292739034641805}. Best is trial 38 with value: 0.2923376923580666.
running
[I 2024-10-08 23:26:10,907] Trial 157 finished with value: 0.30227233150762506 and parameters: {'model_name': 'KNNImputer', 'n_neighbors': 34562, 'weights': 'distance'}. Best is trial 38 with value: 0.2923376923580666.
running
[I 2024-10-08 23:26:19,971] Trial 159 finished with value: 0.29296193259747505 and parameters: {'model_name': 'KNNImputer', 'n_neighbors': 62, 'weights': 'distance'}. Best is trial 38 with value: 0.2923376923580666.
running
[I 2024-10-08 23:27:36,647] Trial 160 finished with value: 0.30236849394202686 and parameters: {'model_name': 'KNNImputer', 'n_neighbors': 35676, 'weights': 'distance'}. Best is trial 38 with value: 0.2923376923580666.
running
[I 2024-10-08 23:27:42,241] Trial 163 finished with value: 0.2964116211677195 and parameters: {'model_name': 'KNNImputer', 'n_neighbors': 3038, 'weights': 'distance'}. Best is trial 38 with value: 0.2923376923580666.
running
[I 2024-10-08 23:27:54,642] Trial 165 finished with value: 0.29632653775633766 and parameters: {'model_name': 'KNNImputer', 'n_neighbors': 2916, 'weights': 'distance'}. Best is trial 38 with value: 0.2923376923580666.
running
[I 2024-10-08 23:27:56,316] Trial 161 finished with value: 0.30245470542846004 and parameters: {'model_name': 'KNNImputer', 'n_neighbors': 36644, 'weights': 'distance'}. Best is trial 38 with value: 0.2923376923580666.
running
[I 2024-10-08 23:28:33,319] Trial 164 finished with value: 0.3034242371675327 and parameters: {'model_name': 'KNNImputer', 'n_neighbors': 53052, 'weights': 'distance'}. Best is trial 38 with value: 0.2923376923580666.
running
[I 2024-10-08 23:28:58,825] Trial 166 finished with value: 0.29533650493253744 and parameters: {'model_name': 'KNNImputer', 'n_neighbors': 30, 'weights': 'distance'}. Best is trial 38 with value: 0.2923376923580666.
running
[I 2024-10-08 23:29:05,827] Trial 167 finished with value: 0.2925645770151596 and parameters: {'model_name': 'KNNImputer', 'n_neighbors': 186, 'weights': 'distance'}. Best is trial 38 with value: 0.2923376923580666.
running
[I 2024-10-08 23:29:17,103] Trial 168 finished with value: 0.2969164184750008 and parameters: {'model_name': 'KNNImputer', 'n_neighbors': 22, 'weights': 'distance'}. Best is trial 38 with value: 0.2923376923580666.
running
[I 2024-10-08 23:29:21,583] Trial 169 finished with value: 0.2969164184750008 and parameters: {'model_name': 'KNNImputer', 'n_neighbors': 22, 'weights': 'distance'}. Best is trial 38 with value: 0.2923376923580666.
running
[I 2024-10-08 23:29:23,805] Trial 174 finished with value: 0.5401616110987703 and parameters: {'model_name': 'SimpleImputer', 'strategy': 'most_frequent'}. Best is trial 38 with value: 0.2923376923580666.
running
[I 2024-10-08 23:29:46,984] Trial 173 finished with value: 0.2949346000662508 and parameters: {'model_name': 'IterativeImputer', 'estimator': 'Ridge', 'initial_strategy': 'median', 'n_nearest_features': 10, 'imputation_order': 'descending'}. Best is trial 38 with value: 0.2923376923580666.
running
[I 2024-10-08 23:30:01,984] Trial 175 finished with value: 0.2949346116937076 and parameters: {'model_name': 'IterativeImputer', 'estimator': 'Ridge', 'initial_strategy': 'most_frequent', 'n_nearest_features': 10, 'imputation_order': 'descending'}. Best is trial 38 with value: 0.2923376923580666.
running
[I 2024-10-08 23:30:05,142] Trial 170 finished with value: 0.2925853691682779 and parameters: {'model_name': 'KNNImputer', 'n_neighbors': 75, 'weights': 'distance'}. Best is trial 38 with value: 0.2923376923580666.
running
[I 2024-10-08 23:30:28,203] Trial 171 finished with value: 0.31919383403976137 and parameters: {'model_name': 'KNNImputer', 'n_neighbors': 5, 'weights': 'distance'}. Best is trial 38 with value: 0.2923376923580666.
running
[I 2024-10-08 23:30:55,159] Trial 172 finished with value: 0.29751992975244657 and parameters: {'model_name': 'KNNImputer', 'n_neighbors': 4898, 'weights': 'distance'}. Best is trial 38 with value: 0.2923376923580666.
running
[I 2024-10-08 23:31:24,194] Trial 176 finished with value: 0.29565515347159455 and parameters: {'model_name': 'KNNImputer', 'n_neighbors': 2096, 'weights': 'distance'}. Best is trial 38 with value: 0.2923376923580666.
running
[I 2024-10-08 23:31:39,520] Trial 178 finished with value: 0.2954149729601827 and parameters: {'model_name': 'KNNImputer', 'n_neighbors': 1851, 'weights': 'distance'}. Best is trial 38 with value: 0.2923376923580666.
running
[I 2024-10-08 23:31:45,111] Trial 177 finished with value: 0.2974559029596616 and parameters: {'model_name': 'KNNImputer', 'n_neighbors': 4751, 'weights': 'distance'}. Best is trial 38 with value: 0.2923376923580666.
running
[I 2024-10-08 23:31:59,207] Trial 179 finished with value: 0.2958732734288435 and parameters: {'model_name': 'KNNImputer', 'n_neighbors': 2359, 'weights': 'distance'}. Best is trial 38 with value: 0.2923376923580666.
running
[I 2024-10-08 23:32:31,506] Trial 180 finished with value: 0.29577651456644277 and parameters: {'model_name': 'KNNImputer', 'n_neighbors': 2241, 'weights': 'distance'}. Best is trial 38 with value: 0.2923376923580666.
running
[I 2024-10-08 23:32:56,049] Trial 181 finished with value: 0.29494602019736876 and parameters: {'model_name': 'KNNImputer', 'n_neighbors': 1453, 'weights': 'distance'}. Best is trial 38 with value: 0.2923376923580666.
running
[I 2024-10-08 23:33:14,939] Trial 183 finished with value: 0.29677022416698123 and parameters: {'model_name': 'KNNImputer', 'n_neighbors': 2814, 'weights': 'uniform'}. Best is trial 38 with value: 0.2923376923580666.
running
[I 2024-10-08 23:33:18,848] Trial 182 finished with value: 0.2962377268372059 and parameters: {'model_name': 'KNNImputer', 'n_neighbors': 2803, 'weights': 'distance'}. Best is trial 38 with value: 0.2923376923580666.
running
[I 2024-10-08 23:33:25,968] Trial 184 finished with value: 0.2951387557992759 and parameters: {'model_name': 'KNNImputer', 'n_neighbors': 1271, 'weights': 'uniform'}. Best is trial 38 with value: 0.2923376923580666.
running
[I 2024-10-08 23:33:59,616] Trial 185 finished with value: 0.2951423505684884 and parameters: {'model_name': 'KNNImputer', 'n_neighbors': 1275, 'weights': 'uniform'}. Best is trial 38 with value: 0.2923376923580666.
running
[I 2024-10-08 23:34:24,710] Trial 186 finished with value: 0.2943731571209558 and parameters: {'model_name': 'KNNImputer', 'n_neighbors': 1017, 'weights': 'distance'}. Best is trial 38 with value: 0.2923376923580666.
running
[I 2024-10-08 23:34:44,891] Trial 187 finished with value: 0.2940021881777891 and parameters: {'model_name': 'KNNImputer', 'n_neighbors': 789, 'weights': 'distance'}. Best is trial 38 with value: 0.2923376923580666.
running
[I 2024-10-08 23:34:50,706] Trial 188 finished with value: 0.2945057097153076 and parameters: {'model_name': 'KNNImputer', 'n_neighbors': 1088, 'weights': 'distance'}. Best is trial 38 with value: 0.2923376923580666.
running
[I 2024-10-08 23:34:56,396] Trial 189 finished with value: 0.2943263449084511 and parameters: {'model_name': 'KNNImputer', 'n_neighbors': 987, 'weights': 'distance'}. Best is trial 38 with value: 0.2923376923580666.
running
[I 2024-10-08 23:35:36,824] Trial 190 finished with value: 0.2971036613172951 and parameters: {'model_name': 'KNNImputer', 'n_neighbors': 4093, 'weights': 'distance'}. Best is trial 38 with value: 0.2923376923580666.
running
[I 2024-10-08 23:35:42,862] Trial 192 finished with value: 0.309823551831421 and parameters: {'model_name': 'VAE', 'batch_size': 107, 'iterations': 14, 'learning_rate': 0.0056948533402034355, 'p_miss': 0.15001387742922842}. Best is trial 38 with value: 0.2923376923580666.
running
[I 2024-10-08 23:35:56,906] Trial 191 finished with value: 0.29702667361561896 and parameters: {'model_name': 'KNNImputer', 'n_neighbors': 3950, 'weights': 'distance'}. Best is trial 38 with value: 0.2923376923580666.
running
[I 2024-10-08 23:36:01,257] Trial 195 finished with value: 0.554813893542044 and parameters: {'model_name': 'GAIN', 'batch_size': 107, 'hint_rate': 0.7758477593556647, 'alpha': 59, 'iterations': 14, 'learning_rate': 0.005919922883339108, 'p_miss': 0.14470033946589694}. Best is trial 38 with value: 0.2923376923580666.
running
[I 2024-10-08 23:36:07,493] Trial 193 finished with value: 0.3289672345567942 and parameters: {'model_name': 'VAE', 'batch_size': 156, 'iterations': 17, 'learning_rate': 0.00041775339291563355, 'p_miss': 0.1427110084096869}. Best is trial 38 with value: 0.2923376923580666.
running
[I 2024-10-08 23:36:30,697] Trial 194 finished with value: 0.2971186519062317 and parameters: {'model_name': 'KNNImputer', 'n_neighbors': 4117, 'weights': 'distance'}. Best is trial 38 with value: 0.2923376923580666.
[I 2024-10-08 23:37:04,838] Trial 196 finished with value: 0.2929105155448835 and parameters: {'model_name': 'KNNImputer', 'n_neighbors': 295, 'weights': 'distance'}. Best is trial 38 with value: 0.2923376923580666.
[I 2024-10-08 23:37:18,714] Trial 198 finished with value: 0.2933908048714562 and parameters: {'model_name': 'KNNImputer', 'n_neighbors': 52, 'weights': 'distance'}. Best is trial 38 with value: 0.2923376923580666.
[I 2024-10-08 23:37:20,414] Trial 197 finished with value: 0.2927844311167517 and parameters: {'model_name': 'KNNImputer', 'n_neighbors': 262, 'weights': 'distance'}. Best is trial 38 with value: 0.2923376923580666.
[I 2024-10-08 23:37:29,894] Trial 199 finished with value: 0.2929656572522731 and parameters: {'model_name': 'KNNImputer', 'n_neighbors': 323, 'weights': 'distance'}. Best is trial 38 with value: 0.2923376923580666.
[I 2024-10-09 00:02:01,714] Trial 57 finished with value: 0.34470872364844973 and parameters: {'model_name': 'VAE', 'batch_size': 1, 'iterations': 6312, 'learning_rate': 0.00010541280286192145, 'p_miss': 0.010128239454415378}. Best is trial 38 with value: 0.2923376923580666.
[I 2024-10-09 00:11:55,004] Trial 64 finished with value: 0.34606989094571317 and parameters: {'model_name': 'VAE', 'batch_size': 1, 'iterations': 6148, 'learning_rate': 0.00013619666056961097, 'p_miss': 0.014365143341406844}. Best is trial 38 with value: 0.2923376923580666.
[I 2024-10-09 00:22:40,416] Trial 105 finished with value: 0.5600933114896558 and parameters: {'model_name': 'GAIN', 'batch_size': 121, 'hint_rate': 0.9859611427666505, 'alpha': 65, 'iterations': 9572, 'learning_rate': 0.01965008850963998, 'p_miss': 0.15699199735807867}. Best is trial 38 with value: 0.2923376923580666.
[I 2024-10-09 00:27:52,797] Trial 59 finished with value: 0.3483379195756616 and parameters: {'model_name': 'VAE', 'batch_size': 1, 'iterations': 7172, 'learning_rate': 0.0001415756417141857, 'p_miss': 0.015542936714123545}. Best is trial 38 with value: 0.2923376923580666.
[I 2024-10-09 00:33:13,569] Trial 56 finished with value: 0.3460287501282667 and parameters: {'model_name': 'VAE', 'batch_size': 1, 'iterations': 7713, 'learning_rate': 0.00011814327175222879, 'p_miss': 0.019955198574407224}. Best is trial 38 with value: 0.2923376923580666.
[I 2024-10-09 00:36:22,150] Trial 54 finished with value: 0.37304786692376746 and parameters: {'model_name': 'VAE', 'batch_size': 1, 'iterations': 8091, 'learning_rate': 0.0002160049167777685, 'p_miss': 0.19842766378877322}. Best is trial 38 with value: 0.2923376923580666.
[I 2024-10-09 00:38:49,614] Trial 108 finished with value: 0.33928401979297335 and parameters: {'model_name': 'IterativeImputer', 'estimator': 'RFR', 'initial_strategy': 'mean', 'n_nearest_features': 1, 'imputation_order': 'descending'}. Best is trial 38 with value: 0.2923376923580666.
[I 2024-10-09 00:42:15,976] Trial 53 finished with value: 0.36008796916081365 and parameters: {'model_name': 'VAE', 'batch_size': 1, 'iterations': 8896, 'learning_rate': 0.0001092473899502618, 'p_miss': 0.19018423365478349}. Best is trial 38 with value: 0.2923376923580666.
[I 2024-10-09 00:42:20,669] Trial 52 finished with value: 0.34794747249526997 and parameters: {'model_name': 'VAE', 'batch_size': 1, 'iterations': 9341, 'learning_rate': 0.00015100874036133423, 'p_miss': 0.02018188418529812}. Best is trial 38 with value: 0.2923376923580666.
[I 2024-10-09 00:42:43,146] Trial 58 finished with value: 0.34783971150745646 and parameters: {'model_name': 'VAE', 'batch_size': 1, 'iterations': 8914, 'learning_rate': 0.0001085491691561345, 'p_miss': 0.016474285419791984}. Best is trial 38 with value: 0.2923376923580666.
[I 2024-10-09 00:42:53,960] Trial 60 finished with value: 0.35883307867285447 and parameters: {'model_name': 'VAE', 'batch_size': 1, 'iterations': 9281, 'learning_rate': 0.00010309594779489873, 'p_miss': 0.1934398655122377}. Best is trial 38 with value: 0.2923376923580666.
fit
auto fit
auto transform
0    0
1    0
2    0
3    0
4    0
5    0
6    0
7    0
8    0
9    0
dtype: int64
0    0
1    0
2    0
3    0
4    0
5    0
6    0
7    0
8    0
9    0
dtype: int64
0.2923376923580666
{'model_name': 'KNNImputer', 'n_neighbors': 100, 'weights': 'distance'}
running experiment 2/3 - Does reconstruction give good automl predictions
Start est fit
Version 0.1.7a0 of tpot2 is outdated. Version 0.1.8a0 was released Tuesday September 17, 2024.
Version 0.1.7a0 of tpot2 is outdated. Version 0.1.8a0 was released Tuesday September 17, 2024.
Version 0.1.7a0 of tpot2 is outdated. Version 0.1.8a0 was released Tuesday September 17, 2024.
Version 0.1.7a0 of tpot2 is outdated. Version 0.1.8a0 was released Tuesday September 17, 2024.
Version 0.1.7a0 of tpot2 is outdated. Version 0.1.8a0 was released Tuesday September 17, 2024.
Version 0.1.7a0 of tpot2 is outdated. Version 0.1.8a0 was released Tuesday September 17, 2024.
Version 0.1.7a0 of tpot2 is outdated. Version 0.1.8a0 was released Tuesday September 17, 2024.
Version 0.1.7a0 of tpot2 is outdated. Version 0.1.8a0 was released Tuesday September 17, 2024.
Version 0.1.7a0 of tpot2 is outdated. Version 0.1.8a0 was released Tuesday September 17, 2024.
Version 0.1.7a0 of tpot2 is outdated. Version 0.1.8a0 was released Tuesday September 17, 2024.
Version 0.1.7a0 of tpot2 is outdated. Version 0.1.8a0 was released Tuesday September 17, 2024.
Version 0.1.7a0 of tpot2 is outdated. Version 0.1.8a0 was released Tuesday September 17, 2024.
Version 0.1.7a0 of tpot2 is outdated. Version 0.1.8a0 was released Tuesday September 17, 2024.
Version 0.1.7a0 of tpot2 is outdated. Version 0.1.8a0 was released Tuesday September 17, 2024.
Version 0.1.7a0 of tpot2 is outdated. Version 0.1.8a0 was released Tuesday September 17, 2024.
Version 0.1.7a0 of tpot2 is outdated. Version 0.1.8a0 was released Tuesday September 17, 2024.
  0%|          | 0/25 [00:00<?, ?it/s]Generation:   0%|          | 0/25 [00:00<?, ?it/s]WARNING THIS INDIVIDUAL CAUSED AND EXCEPTION 
 <tpot2.search_spaces.pipelines.sequential.SequentialPipelineIndividual object at 0x1554746a95a0> 
 The 'criterion' parameter of RandomForestRegressor must be a str among {'friedman_mse', 'poisson', 'absolute_error', 'squared_error'}. Got 'mse' instead. 
 Traceback (most recent call last):
  File "/common/ketrong/tpotexp/tpot2/tpot2/utils/eval_utils.py", line 53, in objective_nan_wrapper
    value = func_timeout.func_timeout(timeout, objective_function, args=[individual], kwargs=objective_kwargs)
  File "/common/ketrong/tpotexp/env/lib/python3.10/site-packages/func_timeout/dafunc.py", line 108, in func_timeout
    raise_exception(exception)
  File "/common/ketrong/tpotexp/env/lib/python3.10/site-packages/func_timeout/py3_raise.py", line 7, in raise_exception
    raise exception[0] from None
  File "/common/ketrong/tpotexp/tpot2/tpot2/tpot_estimator/estimator.py", line 623, in objective_function
    return objective_function_generator(
  File "/common/ketrong/tpotexp/tpot2/tpot2/tpot_estimator/estimator_utils.py", line 55, in objective_function_generator
    cv_obj_scores = cross_val_score_objective(sklearn.base.clone(pipeline),x,y,scorers=scorers, cv=cv , fold=step)
  File "/common/ketrong/tpotexp/tpot2/tpot2/tpot_estimator/cross_val_utils.py", line 28, in cross_val_score_objective
    this_fold_pipeline.fit(X_train,y_train)
  File "/common/ketrong/tpotexp/env/lib/python3.10/site-packages/sklearn/base.py", line 1473, in wrapper
    return fit_method(estimator, *args, **kwargs)
  File "/common/ketrong/tpotexp/env/lib/python3.10/site-packages/sklearn/pipeline.py", line 473, in fit
    self._final_estimator.fit(Xt, y, **last_step_params["fit"])
  File "/common/ketrong/tpotexp/env/lib/python3.10/site-packages/sklearn/base.py", line 1466, in wrapper
    estimator._validate_params()
  File "/common/ketrong/tpotexp/env/lib/python3.10/site-packages/sklearn/base.py", line 666, in _validate_params
    validate_parameter_constraints(
  File "/common/ketrong/tpotexp/env/lib/python3.10/site-packages/sklearn/utils/_param_validation.py", line 95, in validate_parameter_constraints
    raise InvalidParameterError(
sklearn.utils._param_validation.InvalidParameterError: The 'criterion' parameter of RandomForestRegressor must be a str among {'friedman_mse', 'poisson', 'absolute_error', 'squared_error'}. Got 'mse' instead.

WARNING THIS INDIVIDUAL CAUSED AND EXCEPTION 
 <tpot2.search_spaces.pipelines.sequential.SequentialPipelineIndividual object at 0x1554746a4f70> 
 The 'criterion' parameter of DecisionTreeRegressor must be a str among {'friedman_mse', 'poisson', 'absolute_error', 'squared_error'}. Got 'mae' instead. 
 Traceback (most recent call last):
  File "/common/ketrong/tpotexp/tpot2/tpot2/utils/eval_utils.py", line 53, in objective_nan_wrapper
    value = func_timeout.func_timeout(timeout, objective_function, args=[individual], kwargs=objective_kwargs)
  File "/common/ketrong/tpotexp/env/lib/python3.10/site-packages/func_timeout/dafunc.py", line 108, in func_timeout
    raise_exception(exception)
  File "/common/ketrong/tpotexp/env/lib/python3.10/site-packages/func_timeout/py3_raise.py", line 7, in raise_exception
    raise exception[0] from None
  File "/common/ketrong/tpotexp/tpot2/tpot2/tpot_estimator/estimator.py", line 623, in objective_function
    return objective_function_generator(
  File "/common/ketrong/tpotexp/tpot2/tpot2/tpot_estimator/estimator_utils.py", line 55, in objective_function_generator
    cv_obj_scores = cross_val_score_objective(sklearn.base.clone(pipeline),x,y,scorers=scorers, cv=cv , fold=step)
  File "/common/ketrong/tpotexp/tpot2/tpot2/tpot_estimator/cross_val_utils.py", line 28, in cross_val_score_objective
    this_fold_pipeline.fit(X_train,y_train)
  File "/common/ketrong/tpotexp/env/lib/python3.10/site-packages/sklearn/base.py", line 1473, in wrapper
    return fit_method(estimator, *args, **kwargs)
  File "/common/ketrong/tpotexp/env/lib/python3.10/site-packages/sklearn/pipeline.py", line 473, in fit
    self._final_estimator.fit(Xt, y, **last_step_params["fit"])
  File "/common/ketrong/tpotexp/env/lib/python3.10/site-packages/sklearn/base.py", line 1466, in wrapper
    estimator._validate_params()
  File "/common/ketrong/tpotexp/env/lib/python3.10/site-packages/sklearn/base.py", line 666, in _validate_params
    validate_parameter_constraints(
  File "/common/ketrong/tpotexp/env/lib/python3.10/site-packages/sklearn/utils/_param_validation.py", line 95, in validate_parameter_constraints
    raise InvalidParameterError(
sklearn.utils._param_validation.InvalidParameterError: The 'criterion' parameter of DecisionTreeRegressor must be a str among {'friedman_mse', 'poisson', 'absolute_error', 'squared_error'}. Got 'mae' instead.

Generation:  1
Best root_mean_squared_error score: -7.863046787885594
Generation:   4%|         | 1/25 [02:07<50:55, 127.31s/it]WARNING THIS INDIVIDUAL CAUSED AND EXCEPTION 
 <tpot2.search_spaces.pipelines.sequential.SequentialPipelineIndividual object at 0x1554746ec430> 
 The 'criterion' parameter of ExtraTreesRegressor must be a str among {'friedman_mse', 'poisson', 'absolute_error', 'squared_error'}. Got 'mae' instead. 
 Traceback (most recent call last):
  File "/common/ketrong/tpotexp/tpot2/tpot2/utils/eval_utils.py", line 53, in objective_nan_wrapper
    value = func_timeout.func_timeout(timeout, objective_function, args=[individual], kwargs=objective_kwargs)
  File "/common/ketrong/tpotexp/env/lib/python3.10/site-packages/func_timeout/dafunc.py", line 108, in func_timeout
    raise_exception(exception)
  File "/common/ketrong/tpotexp/env/lib/python3.10/site-packages/func_timeout/py3_raise.py", line 7, in raise_exception
    raise exception[0] from None
  File "/common/ketrong/tpotexp/tpot2/tpot2/tpot_estimator/estimator.py", line 623, in objective_function
    return objective_function_generator(
  File "/common/ketrong/tpotexp/tpot2/tpot2/tpot_estimator/estimator_utils.py", line 55, in objective_function_generator
    cv_obj_scores = cross_val_score_objective(sklearn.base.clone(pipeline),x,y,scorers=scorers, cv=cv , fold=step)
  File "/common/ketrong/tpotexp/tpot2/tpot2/tpot_estimator/cross_val_utils.py", line 28, in cross_val_score_objective
    this_fold_pipeline.fit(X_train,y_train)
  File "/common/ketrong/tpotexp/env/lib/python3.10/site-packages/sklearn/base.py", line 1473, in wrapper
    return fit_method(estimator, *args, **kwargs)
  File "/common/ketrong/tpotexp/env/lib/python3.10/site-packages/sklearn/pipeline.py", line 473, in fit
    self._final_estimator.fit(Xt, y, **last_step_params["fit"])
  File "/common/ketrong/tpotexp/env/lib/python3.10/site-packages/sklearn/base.py", line 1466, in wrapper
    estimator._validate_params()
  File "/common/ketrong/tpotexp/env/lib/python3.10/site-packages/sklearn/base.py", line 666, in _validate_params
    validate_parameter_constraints(
  File "/common/ketrong/tpotexp/env/lib/python3.10/site-packages/sklearn/utils/_param_validation.py", line 95, in validate_parameter_constraints
    raise InvalidParameterError(
sklearn.utils._param_validation.InvalidParameterError: The 'criterion' parameter of ExtraTreesRegressor must be a str among {'friedman_mse', 'poisson', 'absolute_error', 'squared_error'}. Got 'mae' instead.

WARNING THIS INDIVIDUAL CAUSED AND EXCEPTION 
 <tpot2.search_spaces.pipelines.sequential.SequentialPipelineIndividual object at 0x1554746ed0c0> 
 The 'criterion' parameter of RandomForestRegressor must be a str among {'friedman_mse', 'poisson', 'absolute_error', 'squared_error'}. Got 'mae' instead. 
 Traceback (most recent call last):
  File "/common/ketrong/tpotexp/tpot2/tpot2/utils/eval_utils.py", line 53, in objective_nan_wrapper
    value = func_timeout.func_timeout(timeout, objective_function, args=[individual], kwargs=objective_kwargs)
  File "/common/ketrong/tpotexp/env/lib/python3.10/site-packages/func_timeout/dafunc.py", line 108, in func_timeout
    raise_exception(exception)
  File "/common/ketrong/tpotexp/env/lib/python3.10/site-packages/func_timeout/py3_raise.py", line 7, in raise_exception
    raise exception[0] from None
  File "/common/ketrong/tpotexp/tpot2/tpot2/tpot_estimator/estimator.py", line 623, in objective_function
    return objective_function_generator(
  File "/common/ketrong/tpotexp/tpot2/tpot2/tpot_estimator/estimator_utils.py", line 55, in objective_function_generator
    cv_obj_scores = cross_val_score_objective(sklearn.base.clone(pipeline),x,y,scorers=scorers, cv=cv , fold=step)
  File "/common/ketrong/tpotexp/tpot2/tpot2/tpot_estimator/cross_val_utils.py", line 28, in cross_val_score_objective
    this_fold_pipeline.fit(X_train,y_train)
  File "/common/ketrong/tpotexp/env/lib/python3.10/site-packages/sklearn/base.py", line 1473, in wrapper
    return fit_method(estimator, *args, **kwargs)
  File "/common/ketrong/tpotexp/env/lib/python3.10/site-packages/sklearn/pipeline.py", line 473, in fit
    self._final_estimator.fit(Xt, y, **last_step_params["fit"])
  File "/common/ketrong/tpotexp/env/lib/python3.10/site-packages/sklearn/base.py", line 1466, in wrapper
    estimator._validate_params()
  File "/common/ketrong/tpotexp/env/lib/python3.10/site-packages/sklearn/base.py", line 666, in _validate_params
    validate_parameter_constraints(
  File "/common/ketrong/tpotexp/env/lib/python3.10/site-packages/sklearn/utils/_param_validation.py", line 95, in validate_parameter_constraints
    raise InvalidParameterError(
sklearn.utils._param_validation.InvalidParameterError: The 'criterion' parameter of RandomForestRegressor must be a str among {'friedman_mse', 'poisson', 'absolute_error', 'squared_error'}. Got 'mae' instead.

WARNING AN INDIVIDUAL TIMED OUT: 
 <tpot2.search_spaces.pipelines.sequential.SequentialPipelineIndividual object at 0x1554746ee470> 

Generation:  2
Best root_mean_squared_error score: -7.819472558605286
Generation:   8%|         | 2/25 [12:10<2:36:00, 406.99s/it]WARNING THIS INDIVIDUAL CAUSED AND EXCEPTION 
 <tpot2.search_spaces.pipelines.sequential.SequentialPipelineIndividual object at 0x1554746a5120> 
 The 'criterion' parameter of DecisionTreeRegressor must be a str among {'friedman_mse', 'poisson', 'absolute_error', 'squared_error'}. Got 'mae' instead. 
 Traceback (most recent call last):
  File "/common/ketrong/tpotexp/tpot2/tpot2/utils/eval_utils.py", line 53, in objective_nan_wrapper
    value = func_timeout.func_timeout(timeout, objective_function, args=[individual], kwargs=objective_kwargs)
  File "/common/ketrong/tpotexp/env/lib/python3.10/site-packages/func_timeout/dafunc.py", line 108, in func_timeout
    raise_exception(exception)
  File "/common/ketrong/tpotexp/env/lib/python3.10/site-packages/func_timeout/py3_raise.py", line 7, in raise_exception
    raise exception[0] from None
  File "/common/ketrong/tpotexp/tpot2/tpot2/tpot_estimator/estimator.py", line 623, in objective_function
    return objective_function_generator(
  File "/common/ketrong/tpotexp/tpot2/tpot2/tpot_estimator/estimator_utils.py", line 55, in objective_function_generator
    cv_obj_scores = cross_val_score_objective(sklearn.base.clone(pipeline),x,y,scorers=scorers, cv=cv , fold=step)
  File "/common/ketrong/tpotexp/tpot2/tpot2/tpot_estimator/cross_val_utils.py", line 28, in cross_val_score_objective
    this_fold_pipeline.fit(X_train,y_train)
  File "/common/ketrong/tpotexp/env/lib/python3.10/site-packages/sklearn/base.py", line 1473, in wrapper
    return fit_method(estimator, *args, **kwargs)
  File "/common/ketrong/tpotexp/env/lib/python3.10/site-packages/sklearn/pipeline.py", line 473, in fit
    self._final_estimator.fit(Xt, y, **last_step_params["fit"])
  File "/common/ketrong/tpotexp/env/lib/python3.10/site-packages/sklearn/base.py", line 1466, in wrapper
    estimator._validate_params()
  File "/common/ketrong/tpotexp/env/lib/python3.10/site-packages/sklearn/base.py", line 666, in _validate_params
    validate_parameter_constraints(
  File "/common/ketrong/tpotexp/env/lib/python3.10/site-packages/sklearn/utils/_param_validation.py", line 95, in validate_parameter_constraints
    raise InvalidParameterError(
sklearn.utils._param_validation.InvalidParameterError: The 'criterion' parameter of DecisionTreeRegressor must be a str among {'friedman_mse', 'poisson', 'absolute_error', 'squared_error'}. Got 'mae' instead.

WARNING THIS INDIVIDUAL CAUSED AND EXCEPTION 
 <tpot2.search_spaces.pipelines.sequential.SequentialPipelineIndividual object at 0x15547472e1a0> 
 The 'criterion' parameter of ExtraTreesRegressor must be a str among {'friedman_mse', 'poisson', 'absolute_error', 'squared_error'}. Got 'mae' instead. 
 Traceback (most recent call last):
  File "/common/ketrong/tpotexp/tpot2/tpot2/utils/eval_utils.py", line 53, in objective_nan_wrapper
    value = func_timeout.func_timeout(timeout, objective_function, args=[individual], kwargs=objective_kwargs)
  File "/common/ketrong/tpotexp/env/lib/python3.10/site-packages/func_timeout/dafunc.py", line 108, in func_timeout
    raise_exception(exception)
  File "/common/ketrong/tpotexp/env/lib/python3.10/site-packages/func_timeout/py3_raise.py", line 7, in raise_exception
    raise exception[0] from None
  File "/common/ketrong/tpotexp/tpot2/tpot2/tpot_estimator/estimator.py", line 623, in objective_function
    return objective_function_generator(
  File "/common/ketrong/tpotexp/tpot2/tpot2/tpot_estimator/estimator_utils.py", line 55, in objective_function_generator
    cv_obj_scores = cross_val_score_objective(sklearn.base.clone(pipeline),x,y,scorers=scorers, cv=cv , fold=step)
  File "/common/ketrong/tpotexp/tpot2/tpot2/tpot_estimator/cross_val_utils.py", line 28, in cross_val_score_objective
    this_fold_pipeline.fit(X_train,y_train)
  File "/common/ketrong/tpotexp/env/lib/python3.10/site-packages/sklearn/base.py", line 1473, in wrapper
    return fit_method(estimator, *args, **kwargs)
  File "/common/ketrong/tpotexp/env/lib/python3.10/site-packages/sklearn/pipeline.py", line 473, in fit
    self._final_estimator.fit(Xt, y, **last_step_params["fit"])
  File "/common/ketrong/tpotexp/env/lib/python3.10/site-packages/sklearn/base.py", line 1466, in wrapper
    estimator._validate_params()
  File "/common/ketrong/tpotexp/env/lib/python3.10/site-packages/sklearn/base.py", line 666, in _validate_params
    validate_parameter_constraints(
  File "/common/ketrong/tpotexp/env/lib/python3.10/site-packages/sklearn/utils/_param_validation.py", line 95, in validate_parameter_constraints
    raise InvalidParameterError(
sklearn.utils._param_validation.InvalidParameterError: The 'criterion' parameter of ExtraTreesRegressor must be a str among {'friedman_mse', 'poisson', 'absolute_error', 'squared_error'}. Got 'mae' instead.

WARNING THIS INDIVIDUAL CAUSED AND EXCEPTION 
 <tpot2.search_spaces.pipelines.sequential.SequentialPipelineIndividual object at 0x15547474bcd0> 
 The 'criterion' parameter of RandomForestRegressor must be a str among {'friedman_mse', 'poisson', 'absolute_error', 'squared_error'}. Got 'mse' instead. 
 Traceback (most recent call last):
  File "/common/ketrong/tpotexp/tpot2/tpot2/utils/eval_utils.py", line 53, in objective_nan_wrapper
    value = func_timeout.func_timeout(timeout, objective_function, args=[individual], kwargs=objective_kwargs)
  File "/common/ketrong/tpotexp/env/lib/python3.10/site-packages/func_timeout/dafunc.py", line 108, in func_timeout
    raise_exception(exception)
  File "/common/ketrong/tpotexp/env/lib/python3.10/site-packages/func_timeout/py3_raise.py", line 7, in raise_exception
    raise exception[0] from None
  File "/common/ketrong/tpotexp/tpot2/tpot2/tpot_estimator/estimator.py", line 623, in objective_function
    return objective_function_generator(
  File "/common/ketrong/tpotexp/tpot2/tpot2/tpot_estimator/estimator_utils.py", line 55, in objective_function_generator
    cv_obj_scores = cross_val_score_objective(sklearn.base.clone(pipeline),x,y,scorers=scorers, cv=cv , fold=step)
  File "/common/ketrong/tpotexp/tpot2/tpot2/tpot_estimator/cross_val_utils.py", line 28, in cross_val_score_objective
    this_fold_pipeline.fit(X_train,y_train)
  File "/common/ketrong/tpotexp/env/lib/python3.10/site-packages/sklearn/base.py", line 1473, in wrapper
    return fit_method(estimator, *args, **kwargs)
  File "/common/ketrong/tpotexp/env/lib/python3.10/site-packages/sklearn/pipeline.py", line 473, in fit
    self._final_estimator.fit(Xt, y, **last_step_params["fit"])
  File "/common/ketrong/tpotexp/env/lib/python3.10/site-packages/sklearn/base.py", line 1466, in wrapper
    estimator._validate_params()
  File "/common/ketrong/tpotexp/env/lib/python3.10/site-packages/sklearn/base.py", line 666, in _validate_params
    validate_parameter_constraints(
  File "/common/ketrong/tpotexp/env/lib/python3.10/site-packages/sklearn/utils/_param_validation.py", line 95, in validate_parameter_constraints
    raise InvalidParameterError(
sklearn.utils._param_validation.InvalidParameterError: The 'criterion' parameter of RandomForestRegressor must be a str among {'friedman_mse', 'poisson', 'absolute_error', 'squared_error'}. Got 'mse' instead.

WARNING THIS INDIVIDUAL CAUSED AND EXCEPTION 
 <tpot2.search_spaces.pipelines.sequential.SequentialPipelineIndividual object at 0x1554746ee260> 
 The 'criterion' parameter of RandomForestRegressor must be a str among {'friedman_mse', 'poisson', 'absolute_error', 'squared_error'}. Got 'mse' instead. 
 Traceback (most recent call last):
  File "/common/ketrong/tpotexp/tpot2/tpot2/utils/eval_utils.py", line 53, in objective_nan_wrapper
    value = func_timeout.func_timeout(timeout, objective_function, args=[individual], kwargs=objective_kwargs)
  File "/common/ketrong/tpotexp/env/lib/python3.10/site-packages/func_timeout/dafunc.py", line 108, in func_timeout
    raise_exception(exception)
  File "/common/ketrong/tpotexp/env/lib/python3.10/site-packages/func_timeout/py3_raise.py", line 7, in raise_exception
    raise exception[0] from None
  File "/common/ketrong/tpotexp/tpot2/tpot2/tpot_estimator/estimator.py", line 623, in objective_function
    return objective_function_generator(
  File "/common/ketrong/tpotexp/tpot2/tpot2/tpot_estimator/estimator_utils.py", line 55, in objective_function_generator
    cv_obj_scores = cross_val_score_objective(sklearn.base.clone(pipeline),x,y,scorers=scorers, cv=cv , fold=step)
  File "/common/ketrong/tpotexp/tpot2/tpot2/tpot_estimator/cross_val_utils.py", line 28, in cross_val_score_objective
    this_fold_pipeline.fit(X_train,y_train)
  File "/common/ketrong/tpotexp/env/lib/python3.10/site-packages/sklearn/base.py", line 1473, in wrapper
    return fit_method(estimator, *args, **kwargs)
  File "/common/ketrong/tpotexp/env/lib/python3.10/site-packages/sklearn/pipeline.py", line 473, in fit
    self._final_estimator.fit(Xt, y, **last_step_params["fit"])
  File "/common/ketrong/tpotexp/env/lib/python3.10/site-packages/sklearn/base.py", line 1466, in wrapper
    estimator._validate_params()
  File "/common/ketrong/tpotexp/env/lib/python3.10/site-packages/sklearn/base.py", line 666, in _validate_params
    validate_parameter_constraints(
  File "/common/ketrong/tpotexp/env/lib/python3.10/site-packages/sklearn/utils/_param_validation.py", line 95, in validate_parameter_constraints
    raise InvalidParameterError(
sklearn.utils._param_validation.InvalidParameterError: The 'criterion' parameter of RandomForestRegressor must be a str among {'friedman_mse', 'poisson', 'absolute_error', 'squared_error'}. Got 'mse' instead.

WARNING THIS INDIVIDUAL CAUSED AND EXCEPTION 
 <tpot2.search_spaces.pipelines.sequential.SequentialPipelineIndividual object at 0x1554674caa70> 
 The 'criterion' parameter of RandomForestRegressor must be a str among {'friedman_mse', 'poisson', 'absolute_error', 'squared_error'}. Got 'mse' instead. 
 Traceback (most recent call last):
  File "/common/ketrong/tpotexp/tpot2/tpot2/utils/eval_utils.py", line 53, in objective_nan_wrapper
    value = func_timeout.func_timeout(timeout, objective_function, args=[individual], kwargs=objective_kwargs)
  File "/common/ketrong/tpotexp/env/lib/python3.10/site-packages/func_timeout/dafunc.py", line 108, in func_timeout
    raise_exception(exception)
  File "/common/ketrong/tpotexp/env/lib/python3.10/site-packages/func_timeout/py3_raise.py", line 7, in raise_exception
    raise exception[0] from None
  File "/common/ketrong/tpotexp/tpot2/tpot2/tpot_estimator/estimator.py", line 623, in objective_function
    return objective_function_generator(
  File "/common/ketrong/tpotexp/tpot2/tpot2/tpot_estimator/estimator_utils.py", line 55, in objective_function_generator
    cv_obj_scores = cross_val_score_objective(sklearn.base.clone(pipeline),x,y,scorers=scorers, cv=cv , fold=step)
  File "/common/ketrong/tpotexp/tpot2/tpot2/tpot_estimator/cross_val_utils.py", line 28, in cross_val_score_objective
    this_fold_pipeline.fit(X_train,y_train)
  File "/common/ketrong/tpotexp/env/lib/python3.10/site-packages/sklearn/base.py", line 1473, in wrapper
    return fit_method(estimator, *args, **kwargs)
  File "/common/ketrong/tpotexp/env/lib/python3.10/site-packages/sklearn/pipeline.py", line 473, in fit
    self._final_estimator.fit(Xt, y, **last_step_params["fit"])
  File "/common/ketrong/tpotexp/env/lib/python3.10/site-packages/sklearn/base.py", line 1466, in wrapper
    estimator._validate_params()
  File "/common/ketrong/tpotexp/env/lib/python3.10/site-packages/sklearn/base.py", line 666, in _validate_params
    validate_parameter_constraints(
  File "/common/ketrong/tpotexp/env/lib/python3.10/site-packages/sklearn/utils/_param_validation.py", line 95, in validate_parameter_constraints
    raise InvalidParameterError(
sklearn.utils._param_validation.InvalidParameterError: The 'criterion' parameter of RandomForestRegressor must be a str among {'friedman_mse', 'poisson', 'absolute_error', 'squared_error'}. Got 'mse' instead.

Generation:  3
Best root_mean_squared_error score: -7.819472558605286
Generation:  12%|        | 3/25 [12:46<1:27:08, 237.67s/it]WARNING THIS INDIVIDUAL CAUSED AND EXCEPTION 
 <tpot2.search_spaces.pipelines.sequential.SequentialPipelineIndividual object at 0x155474731d80> 
 The 'criterion' parameter of RandomForestRegressor must be a str among {'friedman_mse', 'poisson', 'absolute_error', 'squared_error'}. Got 'mae' instead. 
 Traceback (most recent call last):
  File "/common/ketrong/tpotexp/tpot2/tpot2/utils/eval_utils.py", line 53, in objective_nan_wrapper
    value = func_timeout.func_timeout(timeout, objective_function, args=[individual], kwargs=objective_kwargs)
  File "/common/ketrong/tpotexp/env/lib/python3.10/site-packages/func_timeout/dafunc.py", line 108, in func_timeout
    raise_exception(exception)
  File "/common/ketrong/tpotexp/env/lib/python3.10/site-packages/func_timeout/py3_raise.py", line 7, in raise_exception
    raise exception[0] from None
  File "/common/ketrong/tpotexp/tpot2/tpot2/tpot_estimator/estimator.py", line 623, in objective_function
    return objective_function_generator(
  File "/common/ketrong/tpotexp/tpot2/tpot2/tpot_estimator/estimator_utils.py", line 55, in objective_function_generator
    cv_obj_scores = cross_val_score_objective(sklearn.base.clone(pipeline),x,y,scorers=scorers, cv=cv , fold=step)
  File "/common/ketrong/tpotexp/tpot2/tpot2/tpot_estimator/cross_val_utils.py", line 28, in cross_val_score_objective
    this_fold_pipeline.fit(X_train,y_train)
  File "/common/ketrong/tpotexp/env/lib/python3.10/site-packages/sklearn/base.py", line 1473, in wrapper
    return fit_method(estimator, *args, **kwargs)
  File "/common/ketrong/tpotexp/env/lib/python3.10/site-packages/sklearn/pipeline.py", line 473, in fit
    self._final_estimator.fit(Xt, y, **last_step_params["fit"])
  File "/common/ketrong/tpotexp/env/lib/python3.10/site-packages/sklearn/base.py", line 1466, in wrapper
    estimator._validate_params()
  File "/common/ketrong/tpotexp/env/lib/python3.10/site-packages/sklearn/base.py", line 666, in _validate_params
    validate_parameter_constraints(
  File "/common/ketrong/tpotexp/env/lib/python3.10/site-packages/sklearn/utils/_param_validation.py", line 95, in validate_parameter_constraints
    raise InvalidParameterError(
sklearn.utils._param_validation.InvalidParameterError: The 'criterion' parameter of RandomForestRegressor must be a str among {'friedman_mse', 'poisson', 'absolute_error', 'squared_error'}. Got 'mae' instead.

Generation:  4
Best root_mean_squared_error score: -7.80854650095579
Generation:  16%|        | 4/25 [14:25<1:04:02, 182.98s/it]WARNING THIS INDIVIDUAL CAUSED AND EXCEPTION 
 <tpot2.search_spaces.pipelines.sequential.SequentialPipelineIndividual object at 0x155474708be0> 
 The 'criterion' parameter of ExtraTreesRegressor must be a str among {'friedman_mse', 'poisson', 'absolute_error', 'squared_error'}. Got 'mae' instead. 
 Traceback (most recent call last):
  File "/common/ketrong/tpotexp/tpot2/tpot2/utils/eval_utils.py", line 53, in objective_nan_wrapper
    value = func_timeout.func_timeout(timeout, objective_function, args=[individual], kwargs=objective_kwargs)
  File "/common/ketrong/tpotexp/env/lib/python3.10/site-packages/func_timeout/dafunc.py", line 108, in func_timeout
    raise_exception(exception)
  File "/common/ketrong/tpotexp/env/lib/python3.10/site-packages/func_timeout/py3_raise.py", line 7, in raise_exception
    raise exception[0] from None
  File "/common/ketrong/tpotexp/tpot2/tpot2/tpot_estimator/estimator.py", line 623, in objective_function
    return objective_function_generator(
  File "/common/ketrong/tpotexp/tpot2/tpot2/tpot_estimator/estimator_utils.py", line 55, in objective_function_generator
    cv_obj_scores = cross_val_score_objective(sklearn.base.clone(pipeline),x,y,scorers=scorers, cv=cv , fold=step)
  File "/common/ketrong/tpotexp/tpot2/tpot2/tpot_estimator/cross_val_utils.py", line 28, in cross_val_score_objective
    this_fold_pipeline.fit(X_train,y_train)
  File "/common/ketrong/tpotexp/env/lib/python3.10/site-packages/sklearn/base.py", line 1473, in wrapper
    return fit_method(estimator, *args, **kwargs)
  File "/common/ketrong/tpotexp/env/lib/python3.10/site-packages/sklearn/pipeline.py", line 473, in fit
    self._final_estimator.fit(Xt, y, **last_step_params["fit"])
  File "/common/ketrong/tpotexp/env/lib/python3.10/site-packages/sklearn/base.py", line 1466, in wrapper
    estimator._validate_params()
  File "/common/ketrong/tpotexp/env/lib/python3.10/site-packages/sklearn/base.py", line 666, in _validate_params
    validate_parameter_constraints(
  File "/common/ketrong/tpotexp/env/lib/python3.10/site-packages/sklearn/utils/_param_validation.py", line 95, in validate_parameter_constraints
    raise InvalidParameterError(
sklearn.utils._param_validation.InvalidParameterError: The 'criterion' parameter of ExtraTreesRegressor must be a str among {'friedman_mse', 'poisson', 'absolute_error', 'squared_error'}. Got 'mae' instead.

WARNING AN INDIVIDUAL TIMED OUT: 
 <tpot2.search_spaces.pipelines.sequential.SequentialPipelineIndividual object at 0x155474708730> 

Generation:  5
Best root_mean_squared_error score: -7.80854650095579
Generation:  20%|        | 5/25 [24:29<1:51:39, 335.00s/it]WARNING THIS INDIVIDUAL CAUSED AND EXCEPTION 
 <tpot2.search_spaces.pipelines.sequential.SequentialPipelineIndividual object at 0x1554658ecaf0> 
 The 'criterion' parameter of RandomForestRegressor must be a str among {'friedman_mse', 'poisson', 'absolute_error', 'squared_error'}. Got 'mae' instead. 
 Traceback (most recent call last):
  File "/common/ketrong/tpotexp/tpot2/tpot2/utils/eval_utils.py", line 53, in objective_nan_wrapper
    value = func_timeout.func_timeout(timeout, objective_function, args=[individual], kwargs=objective_kwargs)
  File "/common/ketrong/tpotexp/env/lib/python3.10/site-packages/func_timeout/dafunc.py", line 108, in func_timeout
    raise_exception(exception)
  File "/common/ketrong/tpotexp/env/lib/python3.10/site-packages/func_timeout/py3_raise.py", line 7, in raise_exception
    raise exception[0] from None
  File "/common/ketrong/tpotexp/tpot2/tpot2/tpot_estimator/estimator.py", line 623, in objective_function
    return objective_function_generator(
  File "/common/ketrong/tpotexp/tpot2/tpot2/tpot_estimator/estimator_utils.py", line 55, in objective_function_generator
    cv_obj_scores = cross_val_score_objective(sklearn.base.clone(pipeline),x,y,scorers=scorers, cv=cv , fold=step)
  File "/common/ketrong/tpotexp/tpot2/tpot2/tpot_estimator/cross_val_utils.py", line 28, in cross_val_score_objective
    this_fold_pipeline.fit(X_train,y_train)
  File "/common/ketrong/tpotexp/env/lib/python3.10/site-packages/sklearn/base.py", line 1473, in wrapper
    return fit_method(estimator, *args, **kwargs)
  File "/common/ketrong/tpotexp/env/lib/python3.10/site-packages/sklearn/pipeline.py", line 473, in fit
    self._final_estimator.fit(Xt, y, **last_step_params["fit"])
  File "/common/ketrong/tpotexp/env/lib/python3.10/site-packages/sklearn/base.py", line 1466, in wrapper
    estimator._validate_params()
  File "/common/ketrong/tpotexp/env/lib/python3.10/site-packages/sklearn/base.py", line 666, in _validate_params
    validate_parameter_constraints(
  File "/common/ketrong/tpotexp/env/lib/python3.10/site-packages/sklearn/utils/_param_validation.py", line 95, in validate_parameter_constraints
    raise InvalidParameterError(
sklearn.utils._param_validation.InvalidParameterError: The 'criterion' parameter of RandomForestRegressor must be a str among {'friedman_mse', 'poisson', 'absolute_error', 'squared_error'}. Got 'mae' instead.

WARNING THIS INDIVIDUAL CAUSED AND EXCEPTION 
 <tpot2.search_spaces.pipelines.sequential.SequentialPipelineIndividual object at 0x1554746a6860> 
 The 'criterion' parameter of ExtraTreesRegressor must be a str among {'friedman_mse', 'poisson', 'absolute_error', 'squared_error'}. Got 'mae' instead. 
 Traceback (most recent call last):
  File "/common/ketrong/tpotexp/tpot2/tpot2/utils/eval_utils.py", line 53, in objective_nan_wrapper
    value = func_timeout.func_timeout(timeout, objective_function, args=[individual], kwargs=objective_kwargs)
  File "/common/ketrong/tpotexp/env/lib/python3.10/site-packages/func_timeout/dafunc.py", line 108, in func_timeout
    raise_exception(exception)
  File "/common/ketrong/tpotexp/env/lib/python3.10/site-packages/func_timeout/py3_raise.py", line 7, in raise_exception
    raise exception[0] from None
  File "/common/ketrong/tpotexp/tpot2/tpot2/tpot_estimator/estimator.py", line 623, in objective_function
    return objective_function_generator(
  File "/common/ketrong/tpotexp/tpot2/tpot2/tpot_estimator/estimator_utils.py", line 55, in objective_function_generator
    cv_obj_scores = cross_val_score_objective(sklearn.base.clone(pipeline),x,y,scorers=scorers, cv=cv , fold=step)
  File "/common/ketrong/tpotexp/tpot2/tpot2/tpot_estimator/cross_val_utils.py", line 28, in cross_val_score_objective
    this_fold_pipeline.fit(X_train,y_train)
  File "/common/ketrong/tpotexp/env/lib/python3.10/site-packages/sklearn/base.py", line 1473, in wrapper
    return fit_method(estimator, *args, **kwargs)
  File "/common/ketrong/tpotexp/env/lib/python3.10/site-packages/sklearn/pipeline.py", line 473, in fit
    self._final_estimator.fit(Xt, y, **last_step_params["fit"])
  File "/common/ketrong/tpotexp/env/lib/python3.10/site-packages/sklearn/base.py", line 1466, in wrapper
    estimator._validate_params()
  File "/common/ketrong/tpotexp/env/lib/python3.10/site-packages/sklearn/base.py", line 666, in _validate_params
    validate_parameter_constraints(
  File "/common/ketrong/tpotexp/env/lib/python3.10/site-packages/sklearn/utils/_param_validation.py", line 95, in validate_parameter_constraints
    raise InvalidParameterError(
sklearn.utils._param_validation.InvalidParameterError: The 'criterion' parameter of ExtraTreesRegressor must be a str among {'friedman_mse', 'poisson', 'absolute_error', 'squared_error'}. Got 'mae' instead.

WARNING THIS INDIVIDUAL CAUSED AND EXCEPTION 
 <tpot2.search_spaces.pipelines.sequential.SequentialPipelineIndividual object at 0x155467a7c130> 
 The 'criterion' parameter of RandomForestRegressor must be a str among {'friedman_mse', 'poisson', 'absolute_error', 'squared_error'}. Got 'mae' instead. 
 Traceback (most recent call last):
  File "/common/ketrong/tpotexp/tpot2/tpot2/utils/eval_utils.py", line 53, in objective_nan_wrapper
    value = func_timeout.func_timeout(timeout, objective_function, args=[individual], kwargs=objective_kwargs)
  File "/common/ketrong/tpotexp/env/lib/python3.10/site-packages/func_timeout/dafunc.py", line 108, in func_timeout
    raise_exception(exception)
  File "/common/ketrong/tpotexp/env/lib/python3.10/site-packages/func_timeout/py3_raise.py", line 7, in raise_exception
    raise exception[0] from None
  File "/common/ketrong/tpotexp/tpot2/tpot2/tpot_estimator/estimator.py", line 623, in objective_function
    return objective_function_generator(
  File "/common/ketrong/tpotexp/tpot2/tpot2/tpot_estimator/estimator_utils.py", line 55, in objective_function_generator
    cv_obj_scores = cross_val_score_objective(sklearn.base.clone(pipeline),x,y,scorers=scorers, cv=cv , fold=step)
  File "/common/ketrong/tpotexp/tpot2/tpot2/tpot_estimator/cross_val_utils.py", line 28, in cross_val_score_objective
    this_fold_pipeline.fit(X_train,y_train)
  File "/common/ketrong/tpotexp/env/lib/python3.10/site-packages/sklearn/base.py", line 1473, in wrapper
    return fit_method(estimator, *args, **kwargs)
  File "/common/ketrong/tpotexp/env/lib/python3.10/site-packages/sklearn/pipeline.py", line 473, in fit
    self._final_estimator.fit(Xt, y, **last_step_params["fit"])
  File "/common/ketrong/tpotexp/env/lib/python3.10/site-packages/sklearn/base.py", line 1466, in wrapper
    estimator._validate_params()
  File "/common/ketrong/tpotexp/env/lib/python3.10/site-packages/sklearn/base.py", line 666, in _validate_params
    validate_parameter_constraints(
  File "/common/ketrong/tpotexp/env/lib/python3.10/site-packages/sklearn/utils/_param_validation.py", line 95, in validate_parameter_constraints
    raise InvalidParameterError(
sklearn.utils._param_validation.InvalidParameterError: The 'criterion' parameter of RandomForestRegressor must be a str among {'friedman_mse', 'poisson', 'absolute_error', 'squared_error'}. Got 'mae' instead.

Generation:  6
Best root_mean_squared_error score: -7.7994095701618775
Generation:  24%|       | 6/25 [26:01<1:19:53, 252.27s/it]WARNING THIS INDIVIDUAL CAUSED AND EXCEPTION 
 <tpot2.search_spaces.pipelines.sequential.SequentialPipelineIndividual object at 0x155466f68760> 
 The 'criterion' parameter of ExtraTreesRegressor must be a str among {'friedman_mse', 'poisson', 'absolute_error', 'squared_error'}. Got 'mae' instead. 
 Traceback (most recent call last):
  File "/common/ketrong/tpotexp/tpot2/tpot2/utils/eval_utils.py", line 53, in objective_nan_wrapper
    value = func_timeout.func_timeout(timeout, objective_function, args=[individual], kwargs=objective_kwargs)
  File "/common/ketrong/tpotexp/env/lib/python3.10/site-packages/func_timeout/dafunc.py", line 108, in func_timeout
    raise_exception(exception)
  File "/common/ketrong/tpotexp/env/lib/python3.10/site-packages/func_timeout/py3_raise.py", line 7, in raise_exception
    raise exception[0] from None
  File "/common/ketrong/tpotexp/tpot2/tpot2/tpot_estimator/estimator.py", line 623, in objective_function
    return objective_function_generator(
  File "/common/ketrong/tpotexp/tpot2/tpot2/tpot_estimator/estimator_utils.py", line 55, in objective_function_generator
    cv_obj_scores = cross_val_score_objective(sklearn.base.clone(pipeline),x,y,scorers=scorers, cv=cv , fold=step)
  File "/common/ketrong/tpotexp/tpot2/tpot2/tpot_estimator/cross_val_utils.py", line 28, in cross_val_score_objective
    this_fold_pipeline.fit(X_train,y_train)
  File "/common/ketrong/tpotexp/env/lib/python3.10/site-packages/sklearn/base.py", line 1473, in wrapper
    return fit_method(estimator, *args, **kwargs)
  File "/common/ketrong/tpotexp/env/lib/python3.10/site-packages/sklearn/pipeline.py", line 473, in fit
    self._final_estimator.fit(Xt, y, **last_step_params["fit"])
  File "/common/ketrong/tpotexp/env/lib/python3.10/site-packages/sklearn/base.py", line 1466, in wrapper
    estimator._validate_params()
  File "/common/ketrong/tpotexp/env/lib/python3.10/site-packages/sklearn/base.py", line 666, in _validate_params
    validate_parameter_constraints(
  File "/common/ketrong/tpotexp/env/lib/python3.10/site-packages/sklearn/utils/_param_validation.py", line 95, in validate_parameter_constraints
    raise InvalidParameterError(
sklearn.utils._param_validation.InvalidParameterError: The 'criterion' parameter of ExtraTreesRegressor must be a str among {'friedman_mse', 'poisson', 'absolute_error', 'squared_error'}. Got 'mae' instead.

Generation:  7
Best root_mean_squared_error score: -7.7994095701618775
Generation:  28%|       | 7/25 [29:45<1:12:52, 242.94s/it]WARNING THIS INDIVIDUAL CAUSED AND EXCEPTION 
 <tpot2.search_spaces.pipelines.sequential.SequentialPipelineIndividual object at 0x1554642a7160> 
 The 'criterion' parameter of ExtraTreesRegressor must be a str among {'friedman_mse', 'poisson', 'absolute_error', 'squared_error'}. Got 'mae' instead. 
 Traceback (most recent call last):
  File "/common/ketrong/tpotexp/tpot2/tpot2/utils/eval_utils.py", line 53, in objective_nan_wrapper
    value = func_timeout.func_timeout(timeout, objective_function, args=[individual], kwargs=objective_kwargs)
  File "/common/ketrong/tpotexp/env/lib/python3.10/site-packages/func_timeout/dafunc.py", line 108, in func_timeout
    raise_exception(exception)
  File "/common/ketrong/tpotexp/env/lib/python3.10/site-packages/func_timeout/py3_raise.py", line 7, in raise_exception
    raise exception[0] from None
  File "/common/ketrong/tpotexp/tpot2/tpot2/tpot_estimator/estimator.py", line 623, in objective_function
    return objective_function_generator(
  File "/common/ketrong/tpotexp/tpot2/tpot2/tpot_estimator/estimator_utils.py", line 55, in objective_function_generator
    cv_obj_scores = cross_val_score_objective(sklearn.base.clone(pipeline),x,y,scorers=scorers, cv=cv , fold=step)
  File "/common/ketrong/tpotexp/tpot2/tpot2/tpot_estimator/cross_val_utils.py", line 28, in cross_val_score_objective
    this_fold_pipeline.fit(X_train,y_train)
  File "/common/ketrong/tpotexp/env/lib/python3.10/site-packages/sklearn/base.py", line 1473, in wrapper
    return fit_method(estimator, *args, **kwargs)
  File "/common/ketrong/tpotexp/env/lib/python3.10/site-packages/sklearn/pipeline.py", line 473, in fit
    self._final_estimator.fit(Xt, y, **last_step_params["fit"])
  File "/common/ketrong/tpotexp/env/lib/python3.10/site-packages/sklearn/base.py", line 1466, in wrapper
    estimator._validate_params()
  File "/common/ketrong/tpotexp/env/lib/python3.10/site-packages/sklearn/base.py", line 666, in _validate_params
    validate_parameter_constraints(
  File "/common/ketrong/tpotexp/env/lib/python3.10/site-packages/sklearn/utils/_param_validation.py", line 95, in validate_parameter_constraints
    raise InvalidParameterError(
sklearn.utils._param_validation.InvalidParameterError: The 'criterion' parameter of ExtraTreesRegressor must be a str among {'friedman_mse', 'poisson', 'absolute_error', 'squared_error'}. Got 'mae' instead.

Generation:  8
Best root_mean_squared_error score: -7.793273429175213
Generation:  32%|      | 8/25 [36:40<1:24:22, 297.79s/it]WARNING THIS INDIVIDUAL CAUSED AND EXCEPTION 
 <tpot2.search_spaces.pipelines.sequential.SequentialPipelineIndividual object at 0x155459f28e50> 
 The 'criterion' parameter of DecisionTreeRegressor must be a str among {'friedman_mse', 'poisson', 'absolute_error', 'squared_error'}. Got 'mae' instead. 
 Traceback (most recent call last):
  File "/common/ketrong/tpotexp/tpot2/tpot2/utils/eval_utils.py", line 53, in objective_nan_wrapper
    value = func_timeout.func_timeout(timeout, objective_function, args=[individual], kwargs=objective_kwargs)
  File "/common/ketrong/tpotexp/env/lib/python3.10/site-packages/func_timeout/dafunc.py", line 108, in func_timeout
    raise_exception(exception)
  File "/common/ketrong/tpotexp/env/lib/python3.10/site-packages/func_timeout/py3_raise.py", line 7, in raise_exception
    raise exception[0] from None
  File "/common/ketrong/tpotexp/tpot2/tpot2/tpot_estimator/estimator.py", line 623, in objective_function
    return objective_function_generator(
  File "/common/ketrong/tpotexp/tpot2/tpot2/tpot_estimator/estimator_utils.py", line 55, in objective_function_generator
    cv_obj_scores = cross_val_score_objective(sklearn.base.clone(pipeline),x,y,scorers=scorers, cv=cv , fold=step)
  File "/common/ketrong/tpotexp/tpot2/tpot2/tpot_estimator/cross_val_utils.py", line 28, in cross_val_score_objective
    this_fold_pipeline.fit(X_train,y_train)
  File "/common/ketrong/tpotexp/env/lib/python3.10/site-packages/sklearn/base.py", line 1473, in wrapper
    return fit_method(estimator, *args, **kwargs)
  File "/common/ketrong/tpotexp/env/lib/python3.10/site-packages/sklearn/pipeline.py", line 473, in fit
    self._final_estimator.fit(Xt, y, **last_step_params["fit"])
  File "/common/ketrong/tpotexp/env/lib/python3.10/site-packages/sklearn/base.py", line 1466, in wrapper
    estimator._validate_params()
  File "/common/ketrong/tpotexp/env/lib/python3.10/site-packages/sklearn/base.py", line 666, in _validate_params
    validate_parameter_constraints(
  File "/common/ketrong/tpotexp/env/lib/python3.10/site-packages/sklearn/utils/_param_validation.py", line 95, in validate_parameter_constraints
    raise InvalidParameterError(
sklearn.utils._param_validation.InvalidParameterError: The 'criterion' parameter of DecisionTreeRegressor must be a str among {'friedman_mse', 'poisson', 'absolute_error', 'squared_error'}. Got 'mae' instead.

WARNING THIS INDIVIDUAL CAUSED AND EXCEPTION 
 <tpot2.search_spaces.pipelines.sequential.SequentialPipelineIndividual object at 0x1554746a7130> 
 The 'criterion' parameter of ExtraTreesRegressor must be a str among {'friedman_mse', 'poisson', 'absolute_error', 'squared_error'}. Got 'mae' instead. 
 Traceback (most recent call last):
  File "/common/ketrong/tpotexp/tpot2/tpot2/utils/eval_utils.py", line 53, in objective_nan_wrapper
    value = func_timeout.func_timeout(timeout, objective_function, args=[individual], kwargs=objective_kwargs)
  File "/common/ketrong/tpotexp/env/lib/python3.10/site-packages/func_timeout/dafunc.py", line 108, in func_timeout
    raise_exception(exception)
  File "/common/ketrong/tpotexp/env/lib/python3.10/site-packages/func_timeout/py3_raise.py", line 7, in raise_exception
    raise exception[0] from None
  File "/common/ketrong/tpotexp/tpot2/tpot2/tpot_estimator/estimator.py", line 623, in objective_function
    return objective_function_generator(
  File "/common/ketrong/tpotexp/tpot2/tpot2/tpot_estimator/estimator_utils.py", line 55, in objective_function_generator
    cv_obj_scores = cross_val_score_objective(sklearn.base.clone(pipeline),x,y,scorers=scorers, cv=cv , fold=step)
  File "/common/ketrong/tpotexp/tpot2/tpot2/tpot_estimator/cross_val_utils.py", line 28, in cross_val_score_objective
    this_fold_pipeline.fit(X_train,y_train)
  File "/common/ketrong/tpotexp/env/lib/python3.10/site-packages/sklearn/base.py", line 1473, in wrapper
    return fit_method(estimator, *args, **kwargs)
  File "/common/ketrong/tpotexp/env/lib/python3.10/site-packages/sklearn/pipeline.py", line 473, in fit
    self._final_estimator.fit(Xt, y, **last_step_params["fit"])
  File "/common/ketrong/tpotexp/env/lib/python3.10/site-packages/sklearn/base.py", line 1466, in wrapper
    estimator._validate_params()
  File "/common/ketrong/tpotexp/env/lib/python3.10/site-packages/sklearn/base.py", line 666, in _validate_params
    validate_parameter_constraints(
  File "/common/ketrong/tpotexp/env/lib/python3.10/site-packages/sklearn/utils/_param_validation.py", line 95, in validate_parameter_constraints
    raise InvalidParameterError(
sklearn.utils._param_validation.InvalidParameterError: The 'criterion' parameter of ExtraTreesRegressor must be a str among {'friedman_mse', 'poisson', 'absolute_error', 'squared_error'}. Got 'mae' instead.

WARNING THIS INDIVIDUAL CAUSED AND EXCEPTION 
 <tpot2.search_spaces.pipelines.sequential.SequentialPipelineIndividual object at 0x1554746a6e30> 
 The 'criterion' parameter of RandomForestRegressor must be a str among {'friedman_mse', 'poisson', 'absolute_error', 'squared_error'}. Got 'mae' instead. 
 Traceback (most recent call last):
  File "/common/ketrong/tpotexp/tpot2/tpot2/utils/eval_utils.py", line 53, in objective_nan_wrapper
    value = func_timeout.func_timeout(timeout, objective_function, args=[individual], kwargs=objective_kwargs)
  File "/common/ketrong/tpotexp/env/lib/python3.10/site-packages/func_timeout/dafunc.py", line 108, in func_timeout
    raise_exception(exception)
  File "/common/ketrong/tpotexp/env/lib/python3.10/site-packages/func_timeout/py3_raise.py", line 7, in raise_exception
    raise exception[0] from None
  File "/common/ketrong/tpotexp/tpot2/tpot2/tpot_estimator/estimator.py", line 623, in objective_function
    return objective_function_generator(
  File "/common/ketrong/tpotexp/tpot2/tpot2/tpot_estimator/estimator_utils.py", line 55, in objective_function_generator
    cv_obj_scores = cross_val_score_objective(sklearn.base.clone(pipeline),x,y,scorers=scorers, cv=cv , fold=step)
  File "/common/ketrong/tpotexp/tpot2/tpot2/tpot_estimator/cross_val_utils.py", line 28, in cross_val_score_objective
    this_fold_pipeline.fit(X_train,y_train)
  File "/common/ketrong/tpotexp/env/lib/python3.10/site-packages/sklearn/base.py", line 1473, in wrapper
    return fit_method(estimator, *args, **kwargs)
  File "/common/ketrong/tpotexp/env/lib/python3.10/site-packages/sklearn/pipeline.py", line 473, in fit
    self._final_estimator.fit(Xt, y, **last_step_params["fit"])
  File "/common/ketrong/tpotexp/env/lib/python3.10/site-packages/sklearn/base.py", line 1466, in wrapper
    estimator._validate_params()
  File "/common/ketrong/tpotexp/env/lib/python3.10/site-packages/sklearn/base.py", line 666, in _validate_params
    validate_parameter_constraints(
  File "/common/ketrong/tpotexp/env/lib/python3.10/site-packages/sklearn/utils/_param_validation.py", line 95, in validate_parameter_constraints
    raise InvalidParameterError(
sklearn.utils._param_validation.InvalidParameterError: The 'criterion' parameter of RandomForestRegressor must be a str among {'friedman_mse', 'poisson', 'absolute_error', 'squared_error'}. Got 'mae' instead.

Generation:  9
Best root_mean_squared_error score: -7.793273429175213
Generation:  36%|      | 9/25 [39:01<1:06:19, 248.70s/it]WARNING THIS INDIVIDUAL CAUSED AND EXCEPTION 
 <tpot2.search_spaces.pipelines.sequential.SequentialPipelineIndividual object at 0x1554746ec6d0> 
 The 'criterion' parameter of RandomForestRegressor must be a str among {'friedman_mse', 'poisson', 'absolute_error', 'squared_error'}. Got 'mae' instead. 
 Traceback (most recent call last):
  File "/common/ketrong/tpotexp/tpot2/tpot2/utils/eval_utils.py", line 53, in objective_nan_wrapper
    value = func_timeout.func_timeout(timeout, objective_function, args=[individual], kwargs=objective_kwargs)
  File "/common/ketrong/tpotexp/env/lib/python3.10/site-packages/func_timeout/dafunc.py", line 108, in func_timeout
    raise_exception(exception)
  File "/common/ketrong/tpotexp/env/lib/python3.10/site-packages/func_timeout/py3_raise.py", line 7, in raise_exception
    raise exception[0] from None
  File "/common/ketrong/tpotexp/tpot2/tpot2/tpot_estimator/estimator.py", line 623, in objective_function
    return objective_function_generator(
  File "/common/ketrong/tpotexp/tpot2/tpot2/tpot_estimator/estimator_utils.py", line 55, in objective_function_generator
    cv_obj_scores = cross_val_score_objective(sklearn.base.clone(pipeline),x,y,scorers=scorers, cv=cv , fold=step)
  File "/common/ketrong/tpotexp/tpot2/tpot2/tpot_estimator/cross_val_utils.py", line 28, in cross_val_score_objective
    this_fold_pipeline.fit(X_train,y_train)
  File "/common/ketrong/tpotexp/env/lib/python3.10/site-packages/sklearn/base.py", line 1473, in wrapper
    return fit_method(estimator, *args, **kwargs)
  File "/common/ketrong/tpotexp/env/lib/python3.10/site-packages/sklearn/pipeline.py", line 473, in fit
    self._final_estimator.fit(Xt, y, **last_step_params["fit"])
  File "/common/ketrong/tpotexp/env/lib/python3.10/site-packages/sklearn/base.py", line 1466, in wrapper
    estimator._validate_params()
  File "/common/ketrong/tpotexp/env/lib/python3.10/site-packages/sklearn/base.py", line 666, in _validate_params
    validate_parameter_constraints(
  File "/common/ketrong/tpotexp/env/lib/python3.10/site-packages/sklearn/utils/_param_validation.py", line 95, in validate_parameter_constraints
    raise InvalidParameterError(
sklearn.utils._param_validation.InvalidParameterError: The 'criterion' parameter of RandomForestRegressor must be a str among {'friedman_mse', 'poisson', 'absolute_error', 'squared_error'}. Got 'mae' instead.

WARNING THIS INDIVIDUAL CAUSED AND EXCEPTION 
 <tpot2.search_spaces.pipelines.sequential.SequentialPipelineIndividual object at 0x1554746ec1f0> 
 The 'criterion' parameter of ExtraTreesRegressor must be a str among {'friedman_mse', 'poisson', 'absolute_error', 'squared_error'}. Got 'mae' instead. 
 Traceback (most recent call last):
  File "/common/ketrong/tpotexp/tpot2/tpot2/utils/eval_utils.py", line 53, in objective_nan_wrapper
    value = func_timeout.func_timeout(timeout, objective_function, args=[individual], kwargs=objective_kwargs)
  File "/common/ketrong/tpotexp/env/lib/python3.10/site-packages/func_timeout/dafunc.py", line 108, in func_timeout
    raise_exception(exception)
  File "/common/ketrong/tpotexp/env/lib/python3.10/site-packages/func_timeout/py3_raise.py", line 7, in raise_exception
    raise exception[0] from None
  File "/common/ketrong/tpotexp/tpot2/tpot2/tpot_estimator/estimator.py", line 623, in objective_function
    return objective_function_generator(
  File "/common/ketrong/tpotexp/tpot2/tpot2/tpot_estimator/estimator_utils.py", line 55, in objective_function_generator
    cv_obj_scores = cross_val_score_objective(sklearn.base.clone(pipeline),x,y,scorers=scorers, cv=cv , fold=step)
  File "/common/ketrong/tpotexp/tpot2/tpot2/tpot_estimator/cross_val_utils.py", line 28, in cross_val_score_objective
    this_fold_pipeline.fit(X_train,y_train)
  File "/common/ketrong/tpotexp/env/lib/python3.10/site-packages/sklearn/base.py", line 1473, in wrapper
    return fit_method(estimator, *args, **kwargs)
  File "/common/ketrong/tpotexp/env/lib/python3.10/site-packages/sklearn/pipeline.py", line 473, in fit
    self._final_estimator.fit(Xt, y, **last_step_params["fit"])
  File "/common/ketrong/tpotexp/env/lib/python3.10/site-packages/sklearn/base.py", line 1466, in wrapper
    estimator._validate_params()
  File "/common/ketrong/tpotexp/env/lib/python3.10/site-packages/sklearn/base.py", line 666, in _validate_params
    validate_parameter_constraints(
  File "/common/ketrong/tpotexp/env/lib/python3.10/site-packages/sklearn/utils/_param_validation.py", line 95, in validate_parameter_constraints
    raise InvalidParameterError(
sklearn.utils._param_validation.InvalidParameterError: The 'criterion' parameter of ExtraTreesRegressor must be a str among {'friedman_mse', 'poisson', 'absolute_error', 'squared_error'}. Got 'mae' instead.

Generation:  10
Best root_mean_squared_error score: -7.793273429175213
Generation:  40%|      | 10/25 [40:57<51:55, 207.73s/it] WARNING THIS INDIVIDUAL CAUSED AND EXCEPTION 
 <tpot2.search_spaces.pipelines.sequential.SequentialPipelineIndividual object at 0x155467fc6a70> 
 The 'criterion' parameter of ExtraTreesRegressor must be a str among {'friedman_mse', 'poisson', 'absolute_error', 'squared_error'}. Got 'mae' instead. 
 Traceback (most recent call last):
  File "/common/ketrong/tpotexp/tpot2/tpot2/utils/eval_utils.py", line 53, in objective_nan_wrapper
    value = func_timeout.func_timeout(timeout, objective_function, args=[individual], kwargs=objective_kwargs)
  File "/common/ketrong/tpotexp/env/lib/python3.10/site-packages/func_timeout/dafunc.py", line 108, in func_timeout
    raise_exception(exception)
  File "/common/ketrong/tpotexp/env/lib/python3.10/site-packages/func_timeout/py3_raise.py", line 7, in raise_exception
    raise exception[0] from None
  File "/common/ketrong/tpotexp/tpot2/tpot2/tpot_estimator/estimator.py", line 623, in objective_function
    return objective_function_generator(
  File "/common/ketrong/tpotexp/tpot2/tpot2/tpot_estimator/estimator_utils.py", line 55, in objective_function_generator
    cv_obj_scores = cross_val_score_objective(sklearn.base.clone(pipeline),x,y,scorers=scorers, cv=cv , fold=step)
  File "/common/ketrong/tpotexp/tpot2/tpot2/tpot_estimator/cross_val_utils.py", line 28, in cross_val_score_objective
    this_fold_pipeline.fit(X_train,y_train)
  File "/common/ketrong/tpotexp/env/lib/python3.10/site-packages/sklearn/base.py", line 1473, in wrapper
    return fit_method(estimator, *args, **kwargs)
  File "/common/ketrong/tpotexp/env/lib/python3.10/site-packages/sklearn/pipeline.py", line 473, in fit
    self._final_estimator.fit(Xt, y, **last_step_params["fit"])
  File "/common/ketrong/tpotexp/env/lib/python3.10/site-packages/sklearn/base.py", line 1466, in wrapper
    estimator._validate_params()
  File "/common/ketrong/tpotexp/env/lib/python3.10/site-packages/sklearn/base.py", line 666, in _validate_params
    validate_parameter_constraints(
  File "/common/ketrong/tpotexp/env/lib/python3.10/site-packages/sklearn/utils/_param_validation.py", line 95, in validate_parameter_constraints
    raise InvalidParameterError(
sklearn.utils._param_validation.InvalidParameterError: The 'criterion' parameter of ExtraTreesRegressor must be a str among {'friedman_mse', 'poisson', 'absolute_error', 'squared_error'}. Got 'mae' instead.

WARNING AN INDIVIDUAL TIMED OUT: 
 <tpot2.search_spaces.pipelines.sequential.SequentialPipelineIndividual object at 0x15548648b160> 

Generation:  11
Best root_mean_squared_error score: -7.793273429175213
Generation:  44%|     | 11/25 [51:09<1:17:19, 331.41s/it]WARNING THIS INDIVIDUAL CAUSED AND EXCEPTION 
 <tpot2.search_spaces.pipelines.sequential.SequentialPipelineIndividual object at 0x1554746fa8c0> 
 The 'criterion' parameter of RandomForestRegressor must be a str among {'friedman_mse', 'poisson', 'absolute_error', 'squared_error'}. Got 'mse' instead. 
 Traceback (most recent call last):
  File "/common/ketrong/tpotexp/tpot2/tpot2/utils/eval_utils.py", line 53, in objective_nan_wrapper
    value = func_timeout.func_timeout(timeout, objective_function, args=[individual], kwargs=objective_kwargs)
  File "/common/ketrong/tpotexp/env/lib/python3.10/site-packages/func_timeout/dafunc.py", line 108, in func_timeout
    raise_exception(exception)
  File "/common/ketrong/tpotexp/env/lib/python3.10/site-packages/func_timeout/py3_raise.py", line 7, in raise_exception
    raise exception[0] from None
  File "/common/ketrong/tpotexp/tpot2/tpot2/tpot_estimator/estimator.py", line 623, in objective_function
    return objective_function_generator(
  File "/common/ketrong/tpotexp/tpot2/tpot2/tpot_estimator/estimator_utils.py", line 55, in objective_function_generator
    cv_obj_scores = cross_val_score_objective(sklearn.base.clone(pipeline),x,y,scorers=scorers, cv=cv , fold=step)
  File "/common/ketrong/tpotexp/tpot2/tpot2/tpot_estimator/cross_val_utils.py", line 28, in cross_val_score_objective
    this_fold_pipeline.fit(X_train,y_train)
  File "/common/ketrong/tpotexp/env/lib/python3.10/site-packages/sklearn/base.py", line 1473, in wrapper
    return fit_method(estimator, *args, **kwargs)
  File "/common/ketrong/tpotexp/env/lib/python3.10/site-packages/sklearn/pipeline.py", line 473, in fit
    self._final_estimator.fit(Xt, y, **last_step_params["fit"])
  File "/common/ketrong/tpotexp/env/lib/python3.10/site-packages/sklearn/base.py", line 1466, in wrapper
    estimator._validate_params()
  File "/common/ketrong/tpotexp/env/lib/python3.10/site-packages/sklearn/base.py", line 666, in _validate_params
    validate_parameter_constraints(
  File "/common/ketrong/tpotexp/env/lib/python3.10/site-packages/sklearn/utils/_param_validation.py", line 95, in validate_parameter_constraints
    raise InvalidParameterError(
sklearn.utils._param_validation.InvalidParameterError: The 'criterion' parameter of RandomForestRegressor must be a str among {'friedman_mse', 'poisson', 'absolute_error', 'squared_error'}. Got 'mse' instead.

WARNING THIS INDIVIDUAL CAUSED AND EXCEPTION 
 <tpot2.search_spaces.pipelines.sequential.SequentialPipelineIndividual object at 0x155467a33310> 
 The 'criterion' parameter of DecisionTreeRegressor must be a str among {'friedman_mse', 'poisson', 'absolute_error', 'squared_error'}. Got 'mae' instead. 
 Traceback (most recent call last):
  File "/common/ketrong/tpotexp/tpot2/tpot2/utils/eval_utils.py", line 53, in objective_nan_wrapper
    value = func_timeout.func_timeout(timeout, objective_function, args=[individual], kwargs=objective_kwargs)
  File "/common/ketrong/tpotexp/env/lib/python3.10/site-packages/func_timeout/dafunc.py", line 108, in func_timeout
    raise_exception(exception)
  File "/common/ketrong/tpotexp/env/lib/python3.10/site-packages/func_timeout/py3_raise.py", line 7, in raise_exception
    raise exception[0] from None
  File "/common/ketrong/tpotexp/tpot2/tpot2/tpot_estimator/estimator.py", line 623, in objective_function
    return objective_function_generator(
  File "/common/ketrong/tpotexp/tpot2/tpot2/tpot_estimator/estimator_utils.py", line 55, in objective_function_generator
    cv_obj_scores = cross_val_score_objective(sklearn.base.clone(pipeline),x,y,scorers=scorers, cv=cv , fold=step)
  File "/common/ketrong/tpotexp/tpot2/tpot2/tpot_estimator/cross_val_utils.py", line 28, in cross_val_score_objective
    this_fold_pipeline.fit(X_train,y_train)
  File "/common/ketrong/tpotexp/env/lib/python3.10/site-packages/sklearn/base.py", line 1473, in wrapper
    return fit_method(estimator, *args, **kwargs)
  File "/common/ketrong/tpotexp/env/lib/python3.10/site-packages/sklearn/pipeline.py", line 473, in fit
    self._final_estimator.fit(Xt, y, **last_step_params["fit"])
  File "/common/ketrong/tpotexp/env/lib/python3.10/site-packages/sklearn/base.py", line 1466, in wrapper
    estimator._validate_params()
  File "/common/ketrong/tpotexp/env/lib/python3.10/site-packages/sklearn/base.py", line 666, in _validate_params
    validate_parameter_constraints(
  File "/common/ketrong/tpotexp/env/lib/python3.10/site-packages/sklearn/utils/_param_validation.py", line 95, in validate_parameter_constraints
    raise InvalidParameterError(
sklearn.utils._param_validation.InvalidParameterError: The 'criterion' parameter of DecisionTreeRegressor must be a str among {'friedman_mse', 'poisson', 'absolute_error', 'squared_error'}. Got 'mae' instead.

Generation:  12
Best root_mean_squared_error score: -7.793273429175213
Generation:  48%|     | 12/25 [51:32<51:30, 237.71s/it]  WARNING THIS INDIVIDUAL CAUSED AND EXCEPTION 
 <tpot2.search_spaces.pipelines.sequential.SequentialPipelineIndividual object at 0x155467d94460> 
 The 'criterion' parameter of ExtraTreesRegressor must be a str among {'friedman_mse', 'poisson', 'absolute_error', 'squared_error'}. Got 'mae' instead. 
 Traceback (most recent call last):
  File "/common/ketrong/tpotexp/tpot2/tpot2/utils/eval_utils.py", line 53, in objective_nan_wrapper
    value = func_timeout.func_timeout(timeout, objective_function, args=[individual], kwargs=objective_kwargs)
  File "/common/ketrong/tpotexp/env/lib/python3.10/site-packages/func_timeout/dafunc.py", line 108, in func_timeout
    raise_exception(exception)
  File "/common/ketrong/tpotexp/env/lib/python3.10/site-packages/func_timeout/py3_raise.py", line 7, in raise_exception
    raise exception[0] from None
  File "/common/ketrong/tpotexp/tpot2/tpot2/tpot_estimator/estimator.py", line 623, in objective_function
    return objective_function_generator(
  File "/common/ketrong/tpotexp/tpot2/tpot2/tpot_estimator/estimator_utils.py", line 55, in objective_function_generator
    cv_obj_scores = cross_val_score_objective(sklearn.base.clone(pipeline),x,y,scorers=scorers, cv=cv , fold=step)
  File "/common/ketrong/tpotexp/tpot2/tpot2/tpot_estimator/cross_val_utils.py", line 28, in cross_val_score_objective
    this_fold_pipeline.fit(X_train,y_train)
  File "/common/ketrong/tpotexp/env/lib/python3.10/site-packages/sklearn/base.py", line 1473, in wrapper
    return fit_method(estimator, *args, **kwargs)
  File "/common/ketrong/tpotexp/env/lib/python3.10/site-packages/sklearn/pipeline.py", line 473, in fit
    self._final_estimator.fit(Xt, y, **last_step_params["fit"])
  File "/common/ketrong/tpotexp/env/lib/python3.10/site-packages/sklearn/base.py", line 1466, in wrapper
    estimator._validate_params()
  File "/common/ketrong/tpotexp/env/lib/python3.10/site-packages/sklearn/base.py", line 666, in _validate_params
    validate_parameter_constraints(
  File "/common/ketrong/tpotexp/env/lib/python3.10/site-packages/sklearn/utils/_param_validation.py", line 95, in validate_parameter_constraints
    raise InvalidParameterError(
sklearn.utils._param_validation.InvalidParameterError: The 'criterion' parameter of ExtraTreesRegressor must be a str among {'friedman_mse', 'poisson', 'absolute_error', 'squared_error'}. Got 'mae' instead.

Generation:  13
Best root_mean_squared_error score: -7.793273429175213
Generation:  52%|    | 13/25 [58:02<56:45, 283.78s/it]WARNING THIS INDIVIDUAL CAUSED AND EXCEPTION 
 <tpot2.search_spaces.pipelines.sequential.SequentialPipelineIndividual object at 0x155466df8040> 
 The 'criterion' parameter of ExtraTreesRegressor must be a str among {'friedman_mse', 'poisson', 'absolute_error', 'squared_error'}. Got 'mae' instead. 
 Traceback (most recent call last):
  File "/common/ketrong/tpotexp/tpot2/tpot2/utils/eval_utils.py", line 53, in objective_nan_wrapper
    value = func_timeout.func_timeout(timeout, objective_function, args=[individual], kwargs=objective_kwargs)
  File "/common/ketrong/tpotexp/env/lib/python3.10/site-packages/func_timeout/dafunc.py", line 108, in func_timeout
    raise_exception(exception)
  File "/common/ketrong/tpotexp/env/lib/python3.10/site-packages/func_timeout/py3_raise.py", line 7, in raise_exception
    raise exception[0] from None
  File "/common/ketrong/tpotexp/tpot2/tpot2/tpot_estimator/estimator.py", line 623, in objective_function
    return objective_function_generator(
  File "/common/ketrong/tpotexp/tpot2/tpot2/tpot_estimator/estimator_utils.py", line 55, in objective_function_generator
    cv_obj_scores = cross_val_score_objective(sklearn.base.clone(pipeline),x,y,scorers=scorers, cv=cv , fold=step)
  File "/common/ketrong/tpotexp/tpot2/tpot2/tpot_estimator/cross_val_utils.py", line 28, in cross_val_score_objective
    this_fold_pipeline.fit(X_train,y_train)
  File "/common/ketrong/tpotexp/env/lib/python3.10/site-packages/sklearn/base.py", line 1473, in wrapper
    return fit_method(estimator, *args, **kwargs)
  File "/common/ketrong/tpotexp/env/lib/python3.10/site-packages/sklearn/pipeline.py", line 473, in fit
    self._final_estimator.fit(Xt, y, **last_step_params["fit"])
  File "/common/ketrong/tpotexp/env/lib/python3.10/site-packages/sklearn/base.py", line 1466, in wrapper
    estimator._validate_params()
  File "/common/ketrong/tpotexp/env/lib/python3.10/site-packages/sklearn/base.py", line 666, in _validate_params
    validate_parameter_constraints(
  File "/common/ketrong/tpotexp/env/lib/python3.10/site-packages/sklearn/utils/_param_validation.py", line 95, in validate_parameter_constraints
    raise InvalidParameterError(
sklearn.utils._param_validation.InvalidParameterError: The 'criterion' parameter of ExtraTreesRegressor must be a str among {'friedman_mse', 'poisson', 'absolute_error', 'squared_error'}. Got 'mae' instead.

WARNING THIS INDIVIDUAL CAUSED AND EXCEPTION 
 <tpot2.search_spaces.pipelines.sequential.SequentialPipelineIndividual object at 0x1554746f94e0> 
 The 'criterion' parameter of RandomForestRegressor must be a str among {'friedman_mse', 'poisson', 'absolute_error', 'squared_error'}. Got 'mae' instead. 
 Traceback (most recent call last):
  File "/common/ketrong/tpotexp/tpot2/tpot2/utils/eval_utils.py", line 53, in objective_nan_wrapper
    value = func_timeout.func_timeout(timeout, objective_function, args=[individual], kwargs=objective_kwargs)
  File "/common/ketrong/tpotexp/env/lib/python3.10/site-packages/func_timeout/dafunc.py", line 108, in func_timeout
    raise_exception(exception)
  File "/common/ketrong/tpotexp/env/lib/python3.10/site-packages/func_timeout/py3_raise.py", line 7, in raise_exception
    raise exception[0] from None
  File "/common/ketrong/tpotexp/tpot2/tpot2/tpot_estimator/estimator.py", line 623, in objective_function
    return objective_function_generator(
  File "/common/ketrong/tpotexp/tpot2/tpot2/tpot_estimator/estimator_utils.py", line 55, in objective_function_generator
    cv_obj_scores = cross_val_score_objective(sklearn.base.clone(pipeline),x,y,scorers=scorers, cv=cv , fold=step)
  File "/common/ketrong/tpotexp/tpot2/tpot2/tpot_estimator/cross_val_utils.py", line 28, in cross_val_score_objective
    this_fold_pipeline.fit(X_train,y_train)
  File "/common/ketrong/tpotexp/env/lib/python3.10/site-packages/sklearn/base.py", line 1473, in wrapper
    return fit_method(estimator, *args, **kwargs)
  File "/common/ketrong/tpotexp/env/lib/python3.10/site-packages/sklearn/pipeline.py", line 473, in fit
    self._final_estimator.fit(Xt, y, **last_step_params["fit"])
  File "/common/ketrong/tpotexp/env/lib/python3.10/site-packages/sklearn/base.py", line 1466, in wrapper
    estimator._validate_params()
  File "/common/ketrong/tpotexp/env/lib/python3.10/site-packages/sklearn/base.py", line 666, in _validate_params
    validate_parameter_constraints(
  File "/common/ketrong/tpotexp/env/lib/python3.10/site-packages/sklearn/utils/_param_validation.py", line 95, in validate_parameter_constraints
    raise InvalidParameterError(
sklearn.utils._param_validation.InvalidParameterError: The 'criterion' parameter of RandomForestRegressor must be a str among {'friedman_mse', 'poisson', 'absolute_error', 'squared_error'}. Got 'mae' instead.

WARNING THIS INDIVIDUAL CAUSED AND EXCEPTION 
 <tpot2.search_spaces.pipelines.sequential.SequentialPipelineIndividual object at 0x155467eb9660> 
 The 'criterion' parameter of ExtraTreesRegressor must be a str among {'friedman_mse', 'poisson', 'absolute_error', 'squared_error'}. Got 'mae' instead. 
 Traceback (most recent call last):
  File "/common/ketrong/tpotexp/tpot2/tpot2/utils/eval_utils.py", line 53, in objective_nan_wrapper
    value = func_timeout.func_timeout(timeout, objective_function, args=[individual], kwargs=objective_kwargs)
  File "/common/ketrong/tpotexp/env/lib/python3.10/site-packages/func_timeout/dafunc.py", line 108, in func_timeout
    raise_exception(exception)
  File "/common/ketrong/tpotexp/env/lib/python3.10/site-packages/func_timeout/py3_raise.py", line 7, in raise_exception
    raise exception[0] from None
  File "/common/ketrong/tpotexp/tpot2/tpot2/tpot_estimator/estimator.py", line 623, in objective_function
    return objective_function_generator(
  File "/common/ketrong/tpotexp/tpot2/tpot2/tpot_estimator/estimator_utils.py", line 55, in objective_function_generator
    cv_obj_scores = cross_val_score_objective(sklearn.base.clone(pipeline),x,y,scorers=scorers, cv=cv , fold=step)
  File "/common/ketrong/tpotexp/tpot2/tpot2/tpot_estimator/cross_val_utils.py", line 28, in cross_val_score_objective
    this_fold_pipeline.fit(X_train,y_train)
  File "/common/ketrong/tpotexp/env/lib/python3.10/site-packages/sklearn/base.py", line 1473, in wrapper
    return fit_method(estimator, *args, **kwargs)
  File "/common/ketrong/tpotexp/env/lib/python3.10/site-packages/sklearn/pipeline.py", line 473, in fit
    self._final_estimator.fit(Xt, y, **last_step_params["fit"])
  File "/common/ketrong/tpotexp/env/lib/python3.10/site-packages/sklearn/base.py", line 1466, in wrapper
    estimator._validate_params()
  File "/common/ketrong/tpotexp/env/lib/python3.10/site-packages/sklearn/base.py", line 666, in _validate_params
    validate_parameter_constraints(
  File "/common/ketrong/tpotexp/env/lib/python3.10/site-packages/sklearn/utils/_param_validation.py", line 95, in validate_parameter_constraints
    raise InvalidParameterError(
sklearn.utils._param_validation.InvalidParameterError: The 'criterion' parameter of ExtraTreesRegressor must be a str among {'friedman_mse', 'poisson', 'absolute_error', 'squared_error'}. Got 'mae' instead.

WARNING THIS INDIVIDUAL CAUSED AND EXCEPTION 
 <tpot2.search_spaces.pipelines.sequential.SequentialPipelineIndividual object at 0x15545176f880> 
 The 'criterion' parameter of ExtraTreesRegressor must be a str among {'friedman_mse', 'poisson', 'absolute_error', 'squared_error'}. Got 'mae' instead. 
 Traceback (most recent call last):
  File "/common/ketrong/tpotexp/tpot2/tpot2/utils/eval_utils.py", line 53, in objective_nan_wrapper
    value = func_timeout.func_timeout(timeout, objective_function, args=[individual], kwargs=objective_kwargs)
  File "/common/ketrong/tpotexp/env/lib/python3.10/site-packages/func_timeout/dafunc.py", line 108, in func_timeout
    raise_exception(exception)
  File "/common/ketrong/tpotexp/env/lib/python3.10/site-packages/func_timeout/py3_raise.py", line 7, in raise_exception
    raise exception[0] from None
  File "/common/ketrong/tpotexp/tpot2/tpot2/tpot_estimator/estimator.py", line 623, in objective_function
    return objective_function_generator(
  File "/common/ketrong/tpotexp/tpot2/tpot2/tpot_estimator/estimator_utils.py", line 55, in objective_function_generator
    cv_obj_scores = cross_val_score_objective(sklearn.base.clone(pipeline),x,y,scorers=scorers, cv=cv , fold=step)
  File "/common/ketrong/tpotexp/tpot2/tpot2/tpot_estimator/cross_val_utils.py", line 28, in cross_val_score_objective
    this_fold_pipeline.fit(X_train,y_train)
  File "/common/ketrong/tpotexp/env/lib/python3.10/site-packages/sklearn/base.py", line 1473, in wrapper
    return fit_method(estimator, *args, **kwargs)
  File "/common/ketrong/tpotexp/env/lib/python3.10/site-packages/sklearn/pipeline.py", line 473, in fit
    self._final_estimator.fit(Xt, y, **last_step_params["fit"])
  File "/common/ketrong/tpotexp/env/lib/python3.10/site-packages/sklearn/base.py", line 1466, in wrapper
    estimator._validate_params()
  File "/common/ketrong/tpotexp/env/lib/python3.10/site-packages/sklearn/base.py", line 666, in _validate_params
    validate_parameter_constraints(
  File "/common/ketrong/tpotexp/env/lib/python3.10/site-packages/sklearn/utils/_param_validation.py", line 95, in validate_parameter_constraints
    raise InvalidParameterError(
sklearn.utils._param_validation.InvalidParameterError: The 'criterion' parameter of ExtraTreesRegressor must be a str among {'friedman_mse', 'poisson', 'absolute_error', 'squared_error'}. Got 'mae' instead.

WARNING AN INDIVIDUAL TIMED OUT: 
 <tpot2.search_spaces.pipelines.sequential.SequentialPipelineIndividual object at 0x155467c19b40> 

Generation:  14
Best root_mean_squared_error score: -7.793273429175213
Generation:  56%|    | 14/25 [1:08:11<1:10:03, 382.09s/it]WARNING THIS INDIVIDUAL CAUSED AND EXCEPTION 
 <tpot2.search_spaces.pipelines.sequential.SequentialPipelineIndividual object at 0x155474708820> 
 The 'criterion' parameter of ExtraTreesRegressor must be a str among {'friedman_mse', 'poisson', 'absolute_error', 'squared_error'}. Got 'mae' instead. 
 Traceback (most recent call last):
  File "/common/ketrong/tpotexp/tpot2/tpot2/utils/eval_utils.py", line 53, in objective_nan_wrapper
    value = func_timeout.func_timeout(timeout, objective_function, args=[individual], kwargs=objective_kwargs)
  File "/common/ketrong/tpotexp/env/lib/python3.10/site-packages/func_timeout/dafunc.py", line 108, in func_timeout
    raise_exception(exception)
  File "/common/ketrong/tpotexp/env/lib/python3.10/site-packages/func_timeout/py3_raise.py", line 7, in raise_exception
    raise exception[0] from None
  File "/common/ketrong/tpotexp/tpot2/tpot2/tpot_estimator/estimator.py", line 623, in objective_function
    return objective_function_generator(
  File "/common/ketrong/tpotexp/tpot2/tpot2/tpot_estimator/estimator_utils.py", line 55, in objective_function_generator
    cv_obj_scores = cross_val_score_objective(sklearn.base.clone(pipeline),x,y,scorers=scorers, cv=cv , fold=step)
  File "/common/ketrong/tpotexp/tpot2/tpot2/tpot_estimator/cross_val_utils.py", line 28, in cross_val_score_objective
    this_fold_pipeline.fit(X_train,y_train)
  File "/common/ketrong/tpotexp/env/lib/python3.10/site-packages/sklearn/base.py", line 1473, in wrapper
    return fit_method(estimator, *args, **kwargs)
  File "/common/ketrong/tpotexp/env/lib/python3.10/site-packages/sklearn/pipeline.py", line 473, in fit
    self._final_estimator.fit(Xt, y, **last_step_params["fit"])
  File "/common/ketrong/tpotexp/env/lib/python3.10/site-packages/sklearn/base.py", line 1466, in wrapper
    estimator._validate_params()
  File "/common/ketrong/tpotexp/env/lib/python3.10/site-packages/sklearn/base.py", line 666, in _validate_params
    validate_parameter_constraints(
  File "/common/ketrong/tpotexp/env/lib/python3.10/site-packages/sklearn/utils/_param_validation.py", line 95, in validate_parameter_constraints
    raise InvalidParameterError(
sklearn.utils._param_validation.InvalidParameterError: The 'criterion' parameter of ExtraTreesRegressor must be a str among {'friedman_mse', 'poisson', 'absolute_error', 'squared_error'}. Got 'mae' instead.

WARNING THIS INDIVIDUAL CAUSED AND EXCEPTION 
 <tpot2.search_spaces.pipelines.sequential.SequentialPipelineIndividual object at 0x155467071690> 
 The 'criterion' parameter of RandomForestRegressor must be a str among {'friedman_mse', 'poisson', 'absolute_error', 'squared_error'}. Got 'mae' instead. 
 Traceback (most recent call last):
  File "/common/ketrong/tpotexp/tpot2/tpot2/utils/eval_utils.py", line 53, in objective_nan_wrapper
    value = func_timeout.func_timeout(timeout, objective_function, args=[individual], kwargs=objective_kwargs)
  File "/common/ketrong/tpotexp/env/lib/python3.10/site-packages/func_timeout/dafunc.py", line 108, in func_timeout
    raise_exception(exception)
  File "/common/ketrong/tpotexp/env/lib/python3.10/site-packages/func_timeout/py3_raise.py", line 7, in raise_exception
    raise exception[0] from None
  File "/common/ketrong/tpotexp/tpot2/tpot2/tpot_estimator/estimator.py", line 623, in objective_function
    return objective_function_generator(
  File "/common/ketrong/tpotexp/tpot2/tpot2/tpot_estimator/estimator_utils.py", line 55, in objective_function_generator
    cv_obj_scores = cross_val_score_objective(sklearn.base.clone(pipeline),x,y,scorers=scorers, cv=cv , fold=step)
  File "/common/ketrong/tpotexp/tpot2/tpot2/tpot_estimator/cross_val_utils.py", line 28, in cross_val_score_objective
    this_fold_pipeline.fit(X_train,y_train)
  File "/common/ketrong/tpotexp/env/lib/python3.10/site-packages/sklearn/base.py", line 1473, in wrapper
    return fit_method(estimator, *args, **kwargs)
  File "/common/ketrong/tpotexp/env/lib/python3.10/site-packages/sklearn/pipeline.py", line 473, in fit
    self._final_estimator.fit(Xt, y, **last_step_params["fit"])
  File "/common/ketrong/tpotexp/env/lib/python3.10/site-packages/sklearn/base.py", line 1466, in wrapper
    estimator._validate_params()
  File "/common/ketrong/tpotexp/env/lib/python3.10/site-packages/sklearn/base.py", line 666, in _validate_params
    validate_parameter_constraints(
  File "/common/ketrong/tpotexp/env/lib/python3.10/site-packages/sklearn/utils/_param_validation.py", line 95, in validate_parameter_constraints
    raise InvalidParameterError(
sklearn.utils._param_validation.InvalidParameterError: The 'criterion' parameter of RandomForestRegressor must be a str among {'friedman_mse', 'poisson', 'absolute_error', 'squared_error'}. Got 'mae' instead.

WARNING AN INDIVIDUAL TIMED OUT: 
 <tpot2.search_spaces.pipelines.sequential.SequentialPipelineIndividual object at 0x155466646fb0> 

Generation:  15
Best root_mean_squared_error score: -7.793273429175213
Generation:  60%|    | 15/25 [1:18:22<1:15:09, 450.91s/it]WARNING THIS INDIVIDUAL CAUSED AND EXCEPTION 
 <tpot2.search_spaces.pipelines.sequential.SequentialPipelineIndividual object at 0x1554746a5300> 
 The 'criterion' parameter of RandomForestRegressor must be a str among {'friedman_mse', 'poisson', 'absolute_error', 'squared_error'}. Got 'mse' instead. 
 Traceback (most recent call last):
  File "/common/ketrong/tpotexp/tpot2/tpot2/utils/eval_utils.py", line 53, in objective_nan_wrapper
    value = func_timeout.func_timeout(timeout, objective_function, args=[individual], kwargs=objective_kwargs)
  File "/common/ketrong/tpotexp/env/lib/python3.10/site-packages/func_timeout/dafunc.py", line 108, in func_timeout
    raise_exception(exception)
  File "/common/ketrong/tpotexp/env/lib/python3.10/site-packages/func_timeout/py3_raise.py", line 7, in raise_exception
    raise exception[0] from None
  File "/common/ketrong/tpotexp/tpot2/tpot2/tpot_estimator/estimator.py", line 623, in objective_function
    return objective_function_generator(
  File "/common/ketrong/tpotexp/tpot2/tpot2/tpot_estimator/estimator_utils.py", line 55, in objective_function_generator
    cv_obj_scores = cross_val_score_objective(sklearn.base.clone(pipeline),x,y,scorers=scorers, cv=cv , fold=step)
  File "/common/ketrong/tpotexp/tpot2/tpot2/tpot_estimator/cross_val_utils.py", line 28, in cross_val_score_objective
    this_fold_pipeline.fit(X_train,y_train)
  File "/common/ketrong/tpotexp/env/lib/python3.10/site-packages/sklearn/base.py", line 1473, in wrapper
    return fit_method(estimator, *args, **kwargs)
  File "/common/ketrong/tpotexp/env/lib/python3.10/site-packages/sklearn/pipeline.py", line 473, in fit
    self._final_estimator.fit(Xt, y, **last_step_params["fit"])
  File "/common/ketrong/tpotexp/env/lib/python3.10/site-packages/sklearn/base.py", line 1466, in wrapper
    estimator._validate_params()
  File "/common/ketrong/tpotexp/env/lib/python3.10/site-packages/sklearn/base.py", line 666, in _validate_params
    validate_parameter_constraints(
  File "/common/ketrong/tpotexp/env/lib/python3.10/site-packages/sklearn/utils/_param_validation.py", line 95, in validate_parameter_constraints
    raise InvalidParameterError(
sklearn.utils._param_validation.InvalidParameterError: The 'criterion' parameter of RandomForestRegressor must be a str among {'friedman_mse', 'poisson', 'absolute_error', 'squared_error'}. Got 'mse' instead.

WARNING AN INDIVIDUAL TIMED OUT: 
 <tpot2.search_spaces.pipelines.sequential.SequentialPipelineIndividual object at 0x155464a75f90> 

Generation:  16
Best root_mean_squared_error score: -7.793273429175213
Generation:  64%|   | 16/25 [1:28:33<1:14:54, 499.37s/it]Generation:  17
Best root_mean_squared_error score: -7.793273429175213
Generation:  68%|   | 17/25 [1:28:57<47:31, 356.41s/it]  WARNING AN INDIVIDUAL TIMED OUT: 
 <tpot2.search_spaces.pipelines.sequential.SequentialPipelineIndividual object at 0x15547470f520> 

Generation:  18
Best root_mean_squared_error score: -7.793273429175213
Generation:  72%|  | 18/25 [1:39:08<50:28, 432.69s/it]Generation:  19
Best root_mean_squared_error score: -7.793273429175213
Generation:  76%|  | 19/25 [1:44:56<40:44, 407.40s/it]Generation:  20
Best root_mean_squared_error score: -7.793273429175213
Generation:  80%|  | 20/25 [1:49:19<30:20, 364.09s/it]WARNING THIS INDIVIDUAL CAUSED AND EXCEPTION 
 <tpot2.search_spaces.pipelines.sequential.SequentialPipelineIndividual object at 0x1554672181c0> 
 The 'criterion' parameter of RandomForestRegressor must be a str among {'friedman_mse', 'poisson', 'absolute_error', 'squared_error'}. Got 'mae' instead. 
 Traceback (most recent call last):
  File "/common/ketrong/tpotexp/tpot2/tpot2/utils/eval_utils.py", line 53, in objective_nan_wrapper
    value = func_timeout.func_timeout(timeout, objective_function, args=[individual], kwargs=objective_kwargs)
  File "/common/ketrong/tpotexp/env/lib/python3.10/site-packages/func_timeout/dafunc.py", line 108, in func_timeout
    raise_exception(exception)
  File "/common/ketrong/tpotexp/env/lib/python3.10/site-packages/func_timeout/py3_raise.py", line 7, in raise_exception
    raise exception[0] from None
  File "/common/ketrong/tpotexp/tpot2/tpot2/tpot_estimator/estimator.py", line 623, in objective_function
    return objective_function_generator(
  File "/common/ketrong/tpotexp/tpot2/tpot2/tpot_estimator/estimator_utils.py", line 55, in objective_function_generator
    cv_obj_scores = cross_val_score_objective(sklearn.base.clone(pipeline),x,y,scorers=scorers, cv=cv , fold=step)
  File "/common/ketrong/tpotexp/tpot2/tpot2/tpot_estimator/cross_val_utils.py", line 28, in cross_val_score_objective
    this_fold_pipeline.fit(X_train,y_train)
  File "/common/ketrong/tpotexp/env/lib/python3.10/site-packages/sklearn/base.py", line 1473, in wrapper
    return fit_method(estimator, *args, **kwargs)
  File "/common/ketrong/tpotexp/env/lib/python3.10/site-packages/sklearn/pipeline.py", line 473, in fit
    self._final_estimator.fit(Xt, y, **last_step_params["fit"])
  File "/common/ketrong/tpotexp/env/lib/python3.10/site-packages/sklearn/base.py", line 1466, in wrapper
    estimator._validate_params()
  File "/common/ketrong/tpotexp/env/lib/python3.10/site-packages/sklearn/base.py", line 666, in _validate_params
    validate_parameter_constraints(
  File "/common/ketrong/tpotexp/env/lib/python3.10/site-packages/sklearn/utils/_param_validation.py", line 95, in validate_parameter_constraints
    raise InvalidParameterError(
sklearn.utils._param_validation.InvalidParameterError: The 'criterion' parameter of RandomForestRegressor must be a str among {'friedman_mse', 'poisson', 'absolute_error', 'squared_error'}. Got 'mae' instead.

Generation:  21
Best root_mean_squared_error score: -7.793273429175213
Generation:  84%| | 21/25 [1:50:16<18:07, 271.78s/it]WARNING THIS INDIVIDUAL CAUSED AND EXCEPTION 
 <tpot2.search_spaces.pipelines.sequential.SequentialPipelineIndividual object at 0x1554746a7be0> 
 The 'criterion' parameter of RandomForestRegressor must be a str among {'friedman_mse', 'poisson', 'absolute_error', 'squared_error'}. Got 'mse' instead. 
 Traceback (most recent call last):
  File "/common/ketrong/tpotexp/tpot2/tpot2/utils/eval_utils.py", line 53, in objective_nan_wrapper
    value = func_timeout.func_timeout(timeout, objective_function, args=[individual], kwargs=objective_kwargs)
  File "/common/ketrong/tpotexp/env/lib/python3.10/site-packages/func_timeout/dafunc.py", line 108, in func_timeout
    raise_exception(exception)
  File "/common/ketrong/tpotexp/env/lib/python3.10/site-packages/func_timeout/py3_raise.py", line 7, in raise_exception
    raise exception[0] from None
  File "/common/ketrong/tpotexp/tpot2/tpot2/tpot_estimator/estimator.py", line 623, in objective_function
    return objective_function_generator(
  File "/common/ketrong/tpotexp/tpot2/tpot2/tpot_estimator/estimator_utils.py", line 55, in objective_function_generator
    cv_obj_scores = cross_val_score_objective(sklearn.base.clone(pipeline),x,y,scorers=scorers, cv=cv , fold=step)
  File "/common/ketrong/tpotexp/tpot2/tpot2/tpot_estimator/cross_val_utils.py", line 28, in cross_val_score_objective
    this_fold_pipeline.fit(X_train,y_train)
  File "/common/ketrong/tpotexp/env/lib/python3.10/site-packages/sklearn/base.py", line 1473, in wrapper
    return fit_method(estimator, *args, **kwargs)
  File "/common/ketrong/tpotexp/env/lib/python3.10/site-packages/sklearn/pipeline.py", line 473, in fit
    self._final_estimator.fit(Xt, y, **last_step_params["fit"])
  File "/common/ketrong/tpotexp/env/lib/python3.10/site-packages/sklearn/base.py", line 1466, in wrapper
    estimator._validate_params()
  File "/common/ketrong/tpotexp/env/lib/python3.10/site-packages/sklearn/base.py", line 666, in _validate_params
    validate_parameter_constraints(
  File "/common/ketrong/tpotexp/env/lib/python3.10/site-packages/sklearn/utils/_param_validation.py", line 95, in validate_parameter_constraints
    raise InvalidParameterError(
sklearn.utils._param_validation.InvalidParameterError: The 'criterion' parameter of RandomForestRegressor must be a str among {'friedman_mse', 'poisson', 'absolute_error', 'squared_error'}. Got 'mse' instead.

WARNING THIS INDIVIDUAL CAUSED AND EXCEPTION 
 <tpot2.search_spaces.pipelines.sequential.SequentialPipelineIndividual object at 0x1554666ce590> 
 The 'criterion' parameter of RandomForestRegressor must be a str among {'friedman_mse', 'poisson', 'absolute_error', 'squared_error'}. Got 'mae' instead. 
 Traceback (most recent call last):
  File "/common/ketrong/tpotexp/tpot2/tpot2/utils/eval_utils.py", line 53, in objective_nan_wrapper
    value = func_timeout.func_timeout(timeout, objective_function, args=[individual], kwargs=objective_kwargs)
  File "/common/ketrong/tpotexp/env/lib/python3.10/site-packages/func_timeout/dafunc.py", line 108, in func_timeout
    raise_exception(exception)
  File "/common/ketrong/tpotexp/env/lib/python3.10/site-packages/func_timeout/py3_raise.py", line 7, in raise_exception
    raise exception[0] from None
  File "/common/ketrong/tpotexp/tpot2/tpot2/tpot_estimator/estimator.py", line 623, in objective_function
    return objective_function_generator(
  File "/common/ketrong/tpotexp/tpot2/tpot2/tpot_estimator/estimator_utils.py", line 55, in objective_function_generator
    cv_obj_scores = cross_val_score_objective(sklearn.base.clone(pipeline),x,y,scorers=scorers, cv=cv , fold=step)
  File "/common/ketrong/tpotexp/tpot2/tpot2/tpot_estimator/cross_val_utils.py", line 28, in cross_val_score_objective
    this_fold_pipeline.fit(X_train,y_train)
  File "/common/ketrong/tpotexp/env/lib/python3.10/site-packages/sklearn/base.py", line 1473, in wrapper
    return fit_method(estimator, *args, **kwargs)
  File "/common/ketrong/tpotexp/env/lib/python3.10/site-packages/sklearn/pipeline.py", line 473, in fit
    self._final_estimator.fit(Xt, y, **last_step_params["fit"])
  File "/common/ketrong/tpotexp/env/lib/python3.10/site-packages/sklearn/base.py", line 1466, in wrapper
    estimator._validate_params()
  File "/common/ketrong/tpotexp/env/lib/python3.10/site-packages/sklearn/base.py", line 666, in _validate_params
    validate_parameter_constraints(
  File "/common/ketrong/tpotexp/env/lib/python3.10/site-packages/sklearn/utils/_param_validation.py", line 95, in validate_parameter_constraints
    raise InvalidParameterError(
sklearn.utils._param_validation.InvalidParameterError: The 'criterion' parameter of RandomForestRegressor must be a str among {'friedman_mse', 'poisson', 'absolute_error', 'squared_error'}. Got 'mae' instead.

Generation:  22
Best root_mean_squared_error score: -7.793273429175213
Generation:  88%| | 22/25 [1:52:11<11:14, 224.72s/it]WARNING THIS INDIVIDUAL CAUSED AND EXCEPTION 
 <tpot2.search_spaces.pipelines.sequential.SequentialPipelineIndividual object at 0x15546725dcc0> 
 The 'criterion' parameter of RandomForestRegressor must be a str among {'friedman_mse', 'poisson', 'absolute_error', 'squared_error'}. Got 'mae' instead. 
 Traceback (most recent call last):
  File "/common/ketrong/tpotexp/tpot2/tpot2/utils/eval_utils.py", line 53, in objective_nan_wrapper
    value = func_timeout.func_timeout(timeout, objective_function, args=[individual], kwargs=objective_kwargs)
  File "/common/ketrong/tpotexp/env/lib/python3.10/site-packages/func_timeout/dafunc.py", line 108, in func_timeout
    raise_exception(exception)
  File "/common/ketrong/tpotexp/env/lib/python3.10/site-packages/func_timeout/py3_raise.py", line 7, in raise_exception
    raise exception[0] from None
  File "/common/ketrong/tpotexp/tpot2/tpot2/tpot_estimator/estimator.py", line 623, in objective_function
    return objective_function_generator(
  File "/common/ketrong/tpotexp/tpot2/tpot2/tpot_estimator/estimator_utils.py", line 55, in objective_function_generator
    cv_obj_scores = cross_val_score_objective(sklearn.base.clone(pipeline),x,y,scorers=scorers, cv=cv , fold=step)
  File "/common/ketrong/tpotexp/tpot2/tpot2/tpot_estimator/cross_val_utils.py", line 28, in cross_val_score_objective
    this_fold_pipeline.fit(X_train,y_train)
  File "/common/ketrong/tpotexp/env/lib/python3.10/site-packages/sklearn/base.py", line 1473, in wrapper
    return fit_method(estimator, *args, **kwargs)
  File "/common/ketrong/tpotexp/env/lib/python3.10/site-packages/sklearn/pipeline.py", line 473, in fit
    self._final_estimator.fit(Xt, y, **last_step_params["fit"])
  File "/common/ketrong/tpotexp/env/lib/python3.10/site-packages/sklearn/base.py", line 1466, in wrapper
    estimator._validate_params()
  File "/common/ketrong/tpotexp/env/lib/python3.10/site-packages/sklearn/base.py", line 666, in _validate_params
    validate_parameter_constraints(
  File "/common/ketrong/tpotexp/env/lib/python3.10/site-packages/sklearn/utils/_param_validation.py", line 95, in validate_parameter_constraints
    raise InvalidParameterError(
sklearn.utils._param_validation.InvalidParameterError: The 'criterion' parameter of RandomForestRegressor must be a str among {'friedman_mse', 'poisson', 'absolute_error', 'squared_error'}. Got 'mae' instead.

Generation:  23
Best root_mean_squared_error score: -7.793273429175213
Generation:  92%|| 23/25 [1:54:00<06:20, 190.10s/it]Generation:  24
Best root_mean_squared_error score: -7.793273429175213
Generation:  96%|| 24/25 [1:55:37<02:42, 162.24s/it]Generation:  25
Best root_mean_squared_error score: -7.793273429175213
Generation: 100%|| 25/25 [2:02:38<00:00, 239.85s/it]Generation: 100%|| 25/25 [2:02:42<00:00, 294.49s/it]
2024-10-09 02:46:01,489 - distributed.scheduler - ERROR - Removing worker 'tcp://127.0.0.1:33327' caused the cluster to lose scattered data, which can't be recovered: {'DataFrame-9b492617203538632e42fe3a58de2d85', 'ndarray-07832828af64272258485237c65a5cbc'} (stimulus_id='handle-worker-cleanup-1728467161.4899087')
Fitted
Pipeline(steps=[('lgbmregressor',
                 LGBMRegressor(max_depth=5, n_estimators=46, n_jobs=1,
                               num_leaves=228, verbose=-1))])
score start
train score: {'explained_var': 0.4514955254923506, 'r2': 0.45149552549235084, 'rmse': 7.689364861408668}
original test score: {'explained_var': 0.25177645398636683, 'r2': 0.2513137602964305, 'rmse': 9.00980354562169}
imputed test score: {'explained_var': 0.24860374243292505, 'r2': 0.24819801337387093, 'rmse': 9.028531765987948}
score end
check intended
EXP2 Finished
running experiment 3/3 - What is the best automl settings?
<tpot2.search_spaces.pipelines.sequential.SequentialPipeline object at 0x155434f1ad40>
Start tpot fit
Version 0.1.7a0 of tpot2 is outdated. Version 0.1.8a0 was released Tuesday September 17, 2024.
Version 0.1.7a0 of tpot2 is outdated. Version 0.1.8a0 was released Tuesday September 17, 2024.
Version 0.1.7a0 of tpot2 is outdated. Version 0.1.8a0 was released Tuesday September 17, 2024.
Version 0.1.7a0 of tpot2 is outdated. Version 0.1.8a0 was released Tuesday September 17, 2024.
Version 0.1.7a0 of tpot2 is outdated. Version 0.1.8a0 was released Tuesday September 17, 2024.
Version 0.1.7a0 of tpot2 is outdated. Version 0.1.8a0 was released Tuesday September 17, 2024.
Version 0.1.7a0 of tpot2 is outdated. Version 0.1.8a0 was released Tuesday September 17, 2024.
Version 0.1.7a0 of tpot2 is outdated. Version 0.1.8a0 was released Tuesday September 17, 2024.
Version 0.1.7a0 of tpot2 is outdated. Version 0.1.8a0 was released Tuesday September 17, 2024.
Version 0.1.7a0 of tpot2 is outdated. Version 0.1.8a0 was released Tuesday September 17, 2024.
Version 0.1.7a0 of tpot2 is outdated. Version 0.1.8a0 was released Tuesday September 17, 2024.
Version 0.1.7a0 of tpot2 is outdated. Version 0.1.8a0 was released Tuesday September 17, 2024.
Version 0.1.7a0 of tpot2 is outdated. Version 0.1.8a0 was released Tuesday September 17, 2024.
Version 0.1.7a0 of tpot2 is outdated. Version 0.1.8a0 was released Tuesday September 17, 2024.
Version 0.1.7a0 of tpot2 is outdated. Version 0.1.8a0 was released Tuesday September 17, 2024.
Version 0.1.7a0 of tpot2 is outdated. Version 0.1.8a0 was released Tuesday September 17, 2024.
  0%|          | 0/25 [00:00<?, ?it/s]Generation:   0%|          | 0/25 [00:00<?, ?it/s]WARNING THIS INDIVIDUAL CAUSED AND EXCEPTION 
 <tpot2.search_spaces.pipelines.sequential.SequentialPipelineIndividual object at 0x1554746a4e20> 
 Input X contains NaN.
SVR does not accept missing values encoded as NaN natively. For supervised learning, you might want to consider sklearn.ensemble.HistGradientBoostingClassifier and Regressor which accept missing values encoded as NaNs natively. Alternatively, it is possible to preprocess the data, for instance by using an imputer transformer in a pipeline or drop samples with missing values. See https://scikit-learn.org/stable/modules/impute.html You can find a list of all estimators that handle NaN values at the following page: https://scikit-learn.org/stable/modules/impute.html#estimators-that-handle-nan-values 
 Traceback (most recent call last):
  File "/common/ketrong/tpotexp/tpot2/tpot2/utils/eval_utils.py", line 53, in objective_nan_wrapper
    value = func_timeout.func_timeout(timeout, objective_function, args=[individual], kwargs=objective_kwargs)
  File "/common/ketrong/tpotexp/env/lib/python3.10/site-packages/func_timeout/dafunc.py", line 108, in func_timeout
    raise_exception(exception)
  File "/common/ketrong/tpotexp/env/lib/python3.10/site-packages/func_timeout/py3_raise.py", line 7, in raise_exception
    raise exception[0] from None
  File "/common/ketrong/tpotexp/tpot2/tpot2/tpot_estimator/estimator.py", line 623, in objective_function
    return objective_function_generator(
  File "/common/ketrong/tpotexp/tpot2/tpot2/tpot_estimator/estimator_utils.py", line 55, in objective_function_generator
    cv_obj_scores = cross_val_score_objective(sklearn.base.clone(pipeline),x,y,scorers=scorers, cv=cv , fold=step)
  File "/common/ketrong/tpotexp/tpot2/tpot2/tpot_estimator/cross_val_utils.py", line 28, in cross_val_score_objective
    this_fold_pipeline.fit(X_train,y_train)
  File "/common/ketrong/tpotexp/env/lib/python3.10/site-packages/sklearn/base.py", line 1473, in wrapper
    return fit_method(estimator, *args, **kwargs)
  File "/common/ketrong/tpotexp/env/lib/python3.10/site-packages/sklearn/pipeline.py", line 473, in fit
    self._final_estimator.fit(Xt, y, **last_step_params["fit"])
  File "/common/ketrong/tpotexp/env/lib/python3.10/site-packages/sklearn/base.py", line 1473, in wrapper
    return fit_method(estimator, *args, **kwargs)
  File "/common/ketrong/tpotexp/env/lib/python3.10/site-packages/sklearn/svm/_base.py", line 190, in fit
    X, y = self._validate_data(
  File "/common/ketrong/tpotexp/env/lib/python3.10/site-packages/sklearn/base.py", line 650, in _validate_data
    X, y = check_X_y(X, y, **check_params)
  File "/common/ketrong/tpotexp/env/lib/python3.10/site-packages/sklearn/utils/validation.py", line 1301, in check_X_y
    X = check_array(
  File "/common/ketrong/tpotexp/env/lib/python3.10/site-packages/sklearn/utils/validation.py", line 1064, in check_array
    _assert_all_finite(
  File "/common/ketrong/tpotexp/env/lib/python3.10/site-packages/sklearn/utils/validation.py", line 123, in _assert_all_finite
    _assert_all_finite_element_wise(
  File "/common/ketrong/tpotexp/env/lib/python3.10/site-packages/sklearn/utils/validation.py", line 172, in _assert_all_finite_element_wise
    raise ValueError(msg_err)
ValueError: Input X contains NaN.
SVR does not accept missing values encoded as NaN natively. For supervised learning, you might want to consider sklearn.ensemble.HistGradientBoostingClassifier and Regressor which accept missing values encoded as NaNs natively. Alternatively, it is possible to preprocess the data, for instance by using an imputer transformer in a pipeline or drop samples with missing values. See https://scikit-learn.org/stable/modules/impute.html You can find a list of all estimators that handle NaN values at the following page: https://scikit-learn.org/stable/modules/impute.html#estimators-that-handle-nan-values

WARNING AN INDIVIDUAL TIMED OUT: 
 <tpot2.search_spaces.pipelines.sequential.SequentialPipelineIndividual object at 0x1554746a4be0> 

WARNING AN INDIVIDUAL TIMED OUT: 
 <tpot2.search_spaces.pipelines.sequential.SequentialPipelineIndividual object at 0x155467f03e80> 

Generation:  1
Best root_mean_squared_error score: -7.814423085114148
Generation:   4%|         | 1/25 [10:03<4:01:15, 603.13s/it]WARNING AN INDIVIDUAL TIMED OUT: 
 <tpot2.search_spaces.pipelines.sequential.SequentialPipelineIndividual object at 0x155467f047f0> 

Generation:  2
Best root_mean_squared_error score: -7.804192828960948
Generation:   8%|         | 2/25 [20:06<3:51:20, 603.51s/it]WARNING THIS INDIVIDUAL CAUSED AND EXCEPTION 
 <tpot2.search_spaces.pipelines.sequential.SequentialPipelineIndividual object at 0x1554747168f0> 
 The 'criterion' parameter of RandomForestRegressor must be a str among {'friedman_mse', 'poisson', 'absolute_error', 'squared_error'}. Got 'mae' instead. 
 Traceback (most recent call last):
  File "/common/ketrong/tpotexp/tpot2/tpot2/utils/eval_utils.py", line 53, in objective_nan_wrapper
    value = func_timeout.func_timeout(timeout, objective_function, args=[individual], kwargs=objective_kwargs)
  File "/common/ketrong/tpotexp/env/lib/python3.10/site-packages/func_timeout/dafunc.py", line 108, in func_timeout
    raise_exception(exception)
  File "/common/ketrong/tpotexp/env/lib/python3.10/site-packages/func_timeout/py3_raise.py", line 7, in raise_exception
    raise exception[0] from None
  File "/common/ketrong/tpotexp/tpot2/tpot2/tpot_estimator/estimator.py", line 623, in objective_function
    return objective_function_generator(
  File "/common/ketrong/tpotexp/tpot2/tpot2/tpot_estimator/estimator_utils.py", line 55, in objective_function_generator
    cv_obj_scores = cross_val_score_objective(sklearn.base.clone(pipeline),x,y,scorers=scorers, cv=cv , fold=step)
  File "/common/ketrong/tpotexp/tpot2/tpot2/tpot_estimator/cross_val_utils.py", line 28, in cross_val_score_objective
    this_fold_pipeline.fit(X_train,y_train)
  File "/common/ketrong/tpotexp/env/lib/python3.10/site-packages/sklearn/base.py", line 1473, in wrapper
    return fit_method(estimator, *args, **kwargs)
  File "/common/ketrong/tpotexp/env/lib/python3.10/site-packages/sklearn/pipeline.py", line 473, in fit
    self._final_estimator.fit(Xt, y, **last_step_params["fit"])
  File "/common/ketrong/tpotexp/env/lib/python3.10/site-packages/sklearn/base.py", line 1466, in wrapper
    estimator._validate_params()
  File "/common/ketrong/tpotexp/env/lib/python3.10/site-packages/sklearn/base.py", line 666, in _validate_params
    validate_parameter_constraints(
  File "/common/ketrong/tpotexp/env/lib/python3.10/site-packages/sklearn/utils/_param_validation.py", line 95, in validate_parameter_constraints
    raise InvalidParameterError(
sklearn.utils._param_validation.InvalidParameterError: The 'criterion' parameter of RandomForestRegressor must be a str among {'friedman_mse', 'poisson', 'absolute_error', 'squared_error'}. Got 'mae' instead.

Generation:  3
Best root_mean_squared_error score: -7.8019785946374896
Generation:  12%|        | 3/25 [22:14<2:21:39, 386.34s/it]WARNING AN INDIVIDUAL TIMED OUT: 
 <tpot2.search_spaces.pipelines.sequential.SequentialPipelineIndividual object at 0x15546460a470> 

Generation:  4
Best root_mean_squared_error score: -7.801234400760398
Generation:  16%|        | 4/25 [32:18<2:45:15, 472.18s/it]Generation:  5
Best root_mean_squared_error score: -7.799235370357316
Generation:  20%|        | 5/25 [34:55<1:59:30, 358.53s/it]WARNING THIS INDIVIDUAL CAUSED AND EXCEPTION 
 <tpot2.search_spaces.pipelines.sequential.SequentialPipelineIndividual object at 0x1554548c7520> 
 The 'criterion' parameter of RandomForestRegressor must be a str among {'friedman_mse', 'poisson', 'absolute_error', 'squared_error'}. Got 'mae' instead. 
 Traceback (most recent call last):
  File "/common/ketrong/tpotexp/tpot2/tpot2/utils/eval_utils.py", line 53, in objective_nan_wrapper
    value = func_timeout.func_timeout(timeout, objective_function, args=[individual], kwargs=objective_kwargs)
  File "/common/ketrong/tpotexp/env/lib/python3.10/site-packages/func_timeout/dafunc.py", line 108, in func_timeout
    raise_exception(exception)
  File "/common/ketrong/tpotexp/env/lib/python3.10/site-packages/func_timeout/py3_raise.py", line 7, in raise_exception
    raise exception[0] from None
  File "/common/ketrong/tpotexp/tpot2/tpot2/tpot_estimator/estimator.py", line 623, in objective_function
    return objective_function_generator(
  File "/common/ketrong/tpotexp/tpot2/tpot2/tpot_estimator/estimator_utils.py", line 55, in objective_function_generator
    cv_obj_scores = cross_val_score_objective(sklearn.base.clone(pipeline),x,y,scorers=scorers, cv=cv , fold=step)
  File "/common/ketrong/tpotexp/tpot2/tpot2/tpot_estimator/cross_val_utils.py", line 28, in cross_val_score_objective
    this_fold_pipeline.fit(X_train,y_train)
  File "/common/ketrong/tpotexp/env/lib/python3.10/site-packages/sklearn/base.py", line 1473, in wrapper
    return fit_method(estimator, *args, **kwargs)
  File "/common/ketrong/tpotexp/env/lib/python3.10/site-packages/sklearn/pipeline.py", line 473, in fit
    self._final_estimator.fit(Xt, y, **last_step_params["fit"])
  File "/common/ketrong/tpotexp/env/lib/python3.10/site-packages/sklearn/base.py", line 1466, in wrapper
    estimator._validate_params()
  File "/common/ketrong/tpotexp/env/lib/python3.10/site-packages/sklearn/base.py", line 666, in _validate_params
    validate_parameter_constraints(
  File "/common/ketrong/tpotexp/env/lib/python3.10/site-packages/sklearn/utils/_param_validation.py", line 95, in validate_parameter_constraints
    raise InvalidParameterError(
sklearn.utils._param_validation.InvalidParameterError: The 'criterion' parameter of RandomForestRegressor must be a str among {'friedman_mse', 'poisson', 'absolute_error', 'squared_error'}. Got 'mae' instead.

WARNING AN INDIVIDUAL TIMED OUT: 
 <tpot2.search_spaces.pipelines.sequential.SequentialPipelineIndividual object at 0x155467f27be0> 

Generation:  6
Best root_mean_squared_error score: -7.799235370357316
Generation:  24%|       | 6/25 [45:00<2:20:01, 442.20s/it]WARNING THIS INDIVIDUAL CAUSED AND EXCEPTION 
 <tpot2.search_spaces.pipelines.sequential.SequentialPipelineIndividual object at 0x155452535db0> 
 The 'criterion' parameter of RandomForestRegressor must be a str among {'friedman_mse', 'poisson', 'absolute_error', 'squared_error'}. Got 'mae' instead. 
 Traceback (most recent call last):
  File "/common/ketrong/tpotexp/tpot2/tpot2/utils/eval_utils.py", line 53, in objective_nan_wrapper
    value = func_timeout.func_timeout(timeout, objective_function, args=[individual], kwargs=objective_kwargs)
  File "/common/ketrong/tpotexp/env/lib/python3.10/site-packages/func_timeout/dafunc.py", line 108, in func_timeout
    raise_exception(exception)
  File "/common/ketrong/tpotexp/env/lib/python3.10/site-packages/func_timeout/py3_raise.py", line 7, in raise_exception
    raise exception[0] from None
  File "/common/ketrong/tpotexp/tpot2/tpot2/tpot_estimator/estimator.py", line 623, in objective_function
    return objective_function_generator(
  File "/common/ketrong/tpotexp/tpot2/tpot2/tpot_estimator/estimator_utils.py", line 55, in objective_function_generator
    cv_obj_scores = cross_val_score_objective(sklearn.base.clone(pipeline),x,y,scorers=scorers, cv=cv , fold=step)
  File "/common/ketrong/tpotexp/tpot2/tpot2/tpot_estimator/cross_val_utils.py", line 28, in cross_val_score_objective
    this_fold_pipeline.fit(X_train,y_train)
  File "/common/ketrong/tpotexp/env/lib/python3.10/site-packages/sklearn/base.py", line 1473, in wrapper
    return fit_method(estimator, *args, **kwargs)
  File "/common/ketrong/tpotexp/env/lib/python3.10/site-packages/sklearn/pipeline.py", line 473, in fit
    self._final_estimator.fit(Xt, y, **last_step_params["fit"])
  File "/common/ketrong/tpotexp/env/lib/python3.10/site-packages/sklearn/base.py", line 1466, in wrapper
    estimator._validate_params()
  File "/common/ketrong/tpotexp/env/lib/python3.10/site-packages/sklearn/base.py", line 666, in _validate_params
    validate_parameter_constraints(
  File "/common/ketrong/tpotexp/env/lib/python3.10/site-packages/sklearn/utils/_param_validation.py", line 95, in validate_parameter_constraints
    raise InvalidParameterError(
sklearn.utils._param_validation.InvalidParameterError: The 'criterion' parameter of RandomForestRegressor must be a str among {'friedman_mse', 'poisson', 'absolute_error', 'squared_error'}. Got 'mae' instead.

Generation:  7
Best root_mean_squared_error score: -7.799235370357316
Generation:  28%|       | 7/25 [47:15<1:42:31, 341.75s/it]WARNING AN INDIVIDUAL TIMED OUT: 
 <tpot2.search_spaces.pipelines.sequential.SequentialPipelineIndividual object at 0x15546587b5b0> 

WARNING AN INDIVIDUAL TIMED OUT: 
 <tpot2.search_spaces.pipelines.sequential.SequentialPipelineIndividual object at 0x155467f8f970> 

Generation:  8
Best root_mean_squared_error score: -7.799235370357316
Generation:  32%|      | 8/25 [57:22<2:00:44, 426.16s/it]WARNING AN INDIVIDUAL TIMED OUT: 
 <tpot2.search_spaces.pipelines.sequential.SequentialPipelineIndividual object at 0x155465732710> 

Generation:  9
Best root_mean_squared_error score: -7.799235370357316
Generation:  36%|      | 9/25 [1:07:27<2:08:35, 482.20s/it]Generation:  10
Best root_mean_squared_error score: -7.799235370357316
Generation:  40%|      | 10/25 [1:09:38<1:33:24, 373.65s/it]Generation:  11
Best root_mean_squared_error score: -7.797231828341235
Generation:  44%|     | 11/25 [1:11:25<1:08:11, 292.24s/it]WARNING THIS INDIVIDUAL CAUSED AND EXCEPTION 
 <tpot2.search_spaces.pipelines.sequential.SequentialPipelineIndividual object at 0x155467f240a0> 
 The 'criterion' parameter of RandomForestRegressor must be a str among {'friedman_mse', 'poisson', 'absolute_error', 'squared_error'}. Got 'mse' instead. 
 Traceback (most recent call last):
  File "/common/ketrong/tpotexp/tpot2/tpot2/utils/eval_utils.py", line 53, in objective_nan_wrapper
    value = func_timeout.func_timeout(timeout, objective_function, args=[individual], kwargs=objective_kwargs)
  File "/common/ketrong/tpotexp/env/lib/python3.10/site-packages/func_timeout/dafunc.py", line 108, in func_timeout
    raise_exception(exception)
  File "/common/ketrong/tpotexp/env/lib/python3.10/site-packages/func_timeout/py3_raise.py", line 7, in raise_exception
    raise exception[0] from None
  File "/common/ketrong/tpotexp/tpot2/tpot2/tpot_estimator/estimator.py", line 623, in objective_function
    return objective_function_generator(
  File "/common/ketrong/tpotexp/tpot2/tpot2/tpot_estimator/estimator_utils.py", line 55, in objective_function_generator
    cv_obj_scores = cross_val_score_objective(sklearn.base.clone(pipeline),x,y,scorers=scorers, cv=cv , fold=step)
  File "/common/ketrong/tpotexp/tpot2/tpot2/tpot_estimator/cross_val_utils.py", line 28, in cross_val_score_objective
    this_fold_pipeline.fit(X_train,y_train)
  File "/common/ketrong/tpotexp/env/lib/python3.10/site-packages/sklearn/base.py", line 1473, in wrapper
    return fit_method(estimator, *args, **kwargs)
  File "/common/ketrong/tpotexp/env/lib/python3.10/site-packages/sklearn/pipeline.py", line 473, in fit
    self._final_estimator.fit(Xt, y, **last_step_params["fit"])
  File "/common/ketrong/tpotexp/env/lib/python3.10/site-packages/sklearn/base.py", line 1466, in wrapper
    estimator._validate_params()
  File "/common/ketrong/tpotexp/env/lib/python3.10/site-packages/sklearn/base.py", line 666, in _validate_params
    validate_parameter_constraints(
  File "/common/ketrong/tpotexp/env/lib/python3.10/site-packages/sklearn/utils/_param_validation.py", line 95, in validate_parameter_constraints
    raise InvalidParameterError(
sklearn.utils._param_validation.InvalidParameterError: The 'criterion' parameter of RandomForestRegressor must be a str among {'friedman_mse', 'poisson', 'absolute_error', 'squared_error'}. Got 'mse' instead.

Generation:  12
Best root_mean_squared_error score: -7.797231828341235
Generation:  48%|     | 12/25 [1:13:45<53:17, 245.95s/it]  WARNING THIS INDIVIDUAL CAUSED AND EXCEPTION 
 <tpot2.search_spaces.pipelines.sequential.SequentialPipelineIndividual object at 0x155474733a60> 
 The 'criterion' parameter of RandomForestRegressor must be a str among {'friedman_mse', 'poisson', 'absolute_error', 'squared_error'}. Got 'mse' instead. 
 Traceback (most recent call last):
  File "/common/ketrong/tpotexp/tpot2/tpot2/utils/eval_utils.py", line 53, in objective_nan_wrapper
    value = func_timeout.func_timeout(timeout, objective_function, args=[individual], kwargs=objective_kwargs)
  File "/common/ketrong/tpotexp/env/lib/python3.10/site-packages/func_timeout/dafunc.py", line 108, in func_timeout
    raise_exception(exception)
  File "/common/ketrong/tpotexp/env/lib/python3.10/site-packages/func_timeout/py3_raise.py", line 7, in raise_exception
    raise exception[0] from None
  File "/common/ketrong/tpotexp/tpot2/tpot2/tpot_estimator/estimator.py", line 623, in objective_function
    return objective_function_generator(
  File "/common/ketrong/tpotexp/tpot2/tpot2/tpot_estimator/estimator_utils.py", line 55, in objective_function_generator
    cv_obj_scores = cross_val_score_objective(sklearn.base.clone(pipeline),x,y,scorers=scorers, cv=cv , fold=step)
  File "/common/ketrong/tpotexp/tpot2/tpot2/tpot_estimator/cross_val_utils.py", line 28, in cross_val_score_objective
    this_fold_pipeline.fit(X_train,y_train)
  File "/common/ketrong/tpotexp/env/lib/python3.10/site-packages/sklearn/base.py", line 1473, in wrapper
    return fit_method(estimator, *args, **kwargs)
  File "/common/ketrong/tpotexp/env/lib/python3.10/site-packages/sklearn/pipeline.py", line 473, in fit
    self._final_estimator.fit(Xt, y, **last_step_params["fit"])
  File "/common/ketrong/tpotexp/env/lib/python3.10/site-packages/sklearn/base.py", line 1466, in wrapper
    estimator._validate_params()
  File "/common/ketrong/tpotexp/env/lib/python3.10/site-packages/sklearn/base.py", line 666, in _validate_params
    validate_parameter_constraints(
  File "/common/ketrong/tpotexp/env/lib/python3.10/site-packages/sklearn/utils/_param_validation.py", line 95, in validate_parameter_constraints
    raise InvalidParameterError(
sklearn.utils._param_validation.InvalidParameterError: The 'criterion' parameter of RandomForestRegressor must be a str among {'friedman_mse', 'poisson', 'absolute_error', 'squared_error'}. Got 'mse' instead.

Generation:  13
Best root_mean_squared_error score: -7.797231828341235
Generation:  52%|    | 13/25 [1:15:24<40:16, 201.41s/it]WARNING AN INDIVIDUAL TIMED OUT: 
 <tpot2.search_spaces.pipelines.sequential.SequentialPipelineIndividual object at 0x155467cbf790> 

WARNING AN INDIVIDUAL TIMED OUT: 
 <tpot2.search_spaces.pipelines.sequential.SequentialPipelineIndividual object at 0x155467c0b640> 

Generation:  14
Best root_mean_squared_error score: -7.7963996559089
Generation:  56%|    | 14/25 [1:25:31<59:23, 323.99s/it]WARNING AN INDIVIDUAL TIMED OUT: 
 <tpot2.search_spaces.pipelines.sequential.SequentialPipelineIndividual object at 0x15545237d9f0> 

Generation:  15
Best root_mean_squared_error score: -7.7963996559089
Generation:  60%|    | 15/25 [1:35:39<1:08:15, 409.54s/it]Generation:  16
Best root_mean_squared_error score: -7.7963996559089
Generation:  64%|   | 16/25 [1:37:02<46:39, 311.10s/it]  WARNING THIS INDIVIDUAL CAUSED AND EXCEPTION 
 <tpot2.search_spaces.pipelines.sequential.SequentialPipelineIndividual object at 0x15546616c490> 
 The 'criterion' parameter of ExtraTreesRegressor must be a str among {'friedman_mse', 'poisson', 'absolute_error', 'squared_error'}. Got 'mae' instead. 
 Traceback (most recent call last):
  File "/common/ketrong/tpotexp/tpot2/tpot2/utils/eval_utils.py", line 53, in objective_nan_wrapper
    value = func_timeout.func_timeout(timeout, objective_function, args=[individual], kwargs=objective_kwargs)
  File "/common/ketrong/tpotexp/env/lib/python3.10/site-packages/func_timeout/dafunc.py", line 108, in func_timeout
    raise_exception(exception)
  File "/common/ketrong/tpotexp/env/lib/python3.10/site-packages/func_timeout/py3_raise.py", line 7, in raise_exception
    raise exception[0] from None
  File "/common/ketrong/tpotexp/tpot2/tpot2/tpot_estimator/estimator.py", line 623, in objective_function
    return objective_function_generator(
  File "/common/ketrong/tpotexp/tpot2/tpot2/tpot_estimator/estimator_utils.py", line 55, in objective_function_generator
    cv_obj_scores = cross_val_score_objective(sklearn.base.clone(pipeline),x,y,scorers=scorers, cv=cv , fold=step)
  File "/common/ketrong/tpotexp/tpot2/tpot2/tpot_estimator/cross_val_utils.py", line 28, in cross_val_score_objective
    this_fold_pipeline.fit(X_train,y_train)
  File "/common/ketrong/tpotexp/env/lib/python3.10/site-packages/sklearn/base.py", line 1473, in wrapper
    return fit_method(estimator, *args, **kwargs)
  File "/common/ketrong/tpotexp/env/lib/python3.10/site-packages/sklearn/pipeline.py", line 473, in fit
    self._final_estimator.fit(Xt, y, **last_step_params["fit"])
  File "/common/ketrong/tpotexp/env/lib/python3.10/site-packages/sklearn/base.py", line 1466, in wrapper
    estimator._validate_params()
  File "/common/ketrong/tpotexp/env/lib/python3.10/site-packages/sklearn/base.py", line 666, in _validate_params
    validate_parameter_constraints(
  File "/common/ketrong/tpotexp/env/lib/python3.10/site-packages/sklearn/utils/_param_validation.py", line 95, in validate_parameter_constraints
    raise InvalidParameterError(
sklearn.utils._param_validation.InvalidParameterError: The 'criterion' parameter of ExtraTreesRegressor must be a str among {'friedman_mse', 'poisson', 'absolute_error', 'squared_error'}. Got 'mae' instead.

WARNING THIS INDIVIDUAL CAUSED AND EXCEPTION 
 <tpot2.search_spaces.pipelines.sequential.SequentialPipelineIndividual object at 0x155466d0dd20> 
 The 'criterion' parameter of ExtraTreesRegressor must be a str among {'friedman_mse', 'poisson', 'absolute_error', 'squared_error'}. Got 'mae' instead. 
 Traceback (most recent call last):
  File "/common/ketrong/tpotexp/tpot2/tpot2/utils/eval_utils.py", line 53, in objective_nan_wrapper
    value = func_timeout.func_timeout(timeout, objective_function, args=[individual], kwargs=objective_kwargs)
  File "/common/ketrong/tpotexp/env/lib/python3.10/site-packages/func_timeout/dafunc.py", line 108, in func_timeout
    raise_exception(exception)
  File "/common/ketrong/tpotexp/env/lib/python3.10/site-packages/func_timeout/py3_raise.py", line 7, in raise_exception
    raise exception[0] from None
  File "/common/ketrong/tpotexp/tpot2/tpot2/tpot_estimator/estimator.py", line 623, in objective_function
    return objective_function_generator(
  File "/common/ketrong/tpotexp/tpot2/tpot2/tpot_estimator/estimator_utils.py", line 55, in objective_function_generator
    cv_obj_scores = cross_val_score_objective(sklearn.base.clone(pipeline),x,y,scorers=scorers, cv=cv , fold=step)
  File "/common/ketrong/tpotexp/tpot2/tpot2/tpot_estimator/cross_val_utils.py", line 28, in cross_val_score_objective
    this_fold_pipeline.fit(X_train,y_train)
  File "/common/ketrong/tpotexp/env/lib/python3.10/site-packages/sklearn/base.py", line 1473, in wrapper
    return fit_method(estimator, *args, **kwargs)
  File "/common/ketrong/tpotexp/env/lib/python3.10/site-packages/sklearn/pipeline.py", line 473, in fit
    self._final_estimator.fit(Xt, y, **last_step_params["fit"])
  File "/common/ketrong/tpotexp/env/lib/python3.10/site-packages/sklearn/base.py", line 1466, in wrapper
    estimator._validate_params()
  File "/common/ketrong/tpotexp/env/lib/python3.10/site-packages/sklearn/base.py", line 666, in _validate_params
    validate_parameter_constraints(
  File "/common/ketrong/tpotexp/env/lib/python3.10/site-packages/sklearn/utils/_param_validation.py", line 95, in validate_parameter_constraints
    raise InvalidParameterError(
sklearn.utils._param_validation.InvalidParameterError: The 'criterion' parameter of ExtraTreesRegressor must be a str among {'friedman_mse', 'poisson', 'absolute_error', 'squared_error'}. Got 'mae' instead.

WARNING AN INDIVIDUAL TIMED OUT: 
 <tpot2.search_spaces.pipelines.sequential.SequentialPipelineIndividual object at 0x1554747337f0> 

Generation:  17
Best root_mean_squared_error score: -7.7963996559089
Generation:  68%|   | 17/25 [1:47:08<53:18, 399.82s/it]Generation:  18
Best root_mean_squared_error score: -7.795454905400883
Generation:  72%|  | 18/25 [1:48:39<35:48, 306.91s/it]WARNING THIS INDIVIDUAL CAUSED AND EXCEPTION 
 <tpot2.search_spaces.pipelines.sequential.SequentialPipelineIndividual object at 0x155467f06d40> 
 The 'criterion' parameter of RandomForestRegressor must be a str among {'friedman_mse', 'poisson', 'absolute_error', 'squared_error'}. Got 'mse' instead. 
 Traceback (most recent call last):
  File "/common/ketrong/tpotexp/tpot2/tpot2/utils/eval_utils.py", line 53, in objective_nan_wrapper
    value = func_timeout.func_timeout(timeout, objective_function, args=[individual], kwargs=objective_kwargs)
  File "/common/ketrong/tpotexp/env/lib/python3.10/site-packages/func_timeout/dafunc.py", line 108, in func_timeout
    raise_exception(exception)
  File "/common/ketrong/tpotexp/env/lib/python3.10/site-packages/func_timeout/py3_raise.py", line 7, in raise_exception
    raise exception[0] from None
  File "/common/ketrong/tpotexp/tpot2/tpot2/tpot_estimator/estimator.py", line 623, in objective_function
    return objective_function_generator(
  File "/common/ketrong/tpotexp/tpot2/tpot2/tpot_estimator/estimator_utils.py", line 55, in objective_function_generator
    cv_obj_scores = cross_val_score_objective(sklearn.base.clone(pipeline),x,y,scorers=scorers, cv=cv , fold=step)
  File "/common/ketrong/tpotexp/tpot2/tpot2/tpot_estimator/cross_val_utils.py", line 28, in cross_val_score_objective
    this_fold_pipeline.fit(X_train,y_train)
  File "/common/ketrong/tpotexp/env/lib/python3.10/site-packages/sklearn/base.py", line 1473, in wrapper
    return fit_method(estimator, *args, **kwargs)
  File "/common/ketrong/tpotexp/env/lib/python3.10/site-packages/sklearn/pipeline.py", line 473, in fit
    self._final_estimator.fit(Xt, y, **last_step_params["fit"])
  File "/common/ketrong/tpotexp/env/lib/python3.10/site-packages/sklearn/base.py", line 1466, in wrapper
    estimator._validate_params()
  File "/common/ketrong/tpotexp/env/lib/python3.10/site-packages/sklearn/base.py", line 666, in _validate_params
    validate_parameter_constraints(
  File "/common/ketrong/tpotexp/env/lib/python3.10/site-packages/sklearn/utils/_param_validation.py", line 95, in validate_parameter_constraints
    raise InvalidParameterError(
sklearn.utils._param_validation.InvalidParameterError: The 'criterion' parameter of RandomForestRegressor must be a str among {'friedman_mse', 'poisson', 'absolute_error', 'squared_error'}. Got 'mse' instead.

WARNING THIS INDIVIDUAL CAUSED AND EXCEPTION 
 <tpot2.search_spaces.pipelines.sequential.SequentialPipelineIndividual object at 0x1554746a7d00> 
 The 'criterion' parameter of RandomForestRegressor must be a str among {'friedman_mse', 'poisson', 'absolute_error', 'squared_error'}. Got 'mse' instead. 
 Traceback (most recent call last):
  File "/common/ketrong/tpotexp/tpot2/tpot2/utils/eval_utils.py", line 53, in objective_nan_wrapper
    value = func_timeout.func_timeout(timeout, objective_function, args=[individual], kwargs=objective_kwargs)
  File "/common/ketrong/tpotexp/env/lib/python3.10/site-packages/func_timeout/dafunc.py", line 108, in func_timeout
    raise_exception(exception)
  File "/common/ketrong/tpotexp/env/lib/python3.10/site-packages/func_timeout/py3_raise.py", line 7, in raise_exception
    raise exception[0] from None
  File "/common/ketrong/tpotexp/tpot2/tpot2/tpot_estimator/estimator.py", line 623, in objective_function
    return objective_function_generator(
  File "/common/ketrong/tpotexp/tpot2/tpot2/tpot_estimator/estimator_utils.py", line 55, in objective_function_generator
    cv_obj_scores = cross_val_score_objective(sklearn.base.clone(pipeline),x,y,scorers=scorers, cv=cv , fold=step)
  File "/common/ketrong/tpotexp/tpot2/tpot2/tpot_estimator/cross_val_utils.py", line 28, in cross_val_score_objective
    this_fold_pipeline.fit(X_train,y_train)
  File "/common/ketrong/tpotexp/env/lib/python3.10/site-packages/sklearn/base.py", line 1473, in wrapper
    return fit_method(estimator, *args, **kwargs)
  File "/common/ketrong/tpotexp/env/lib/python3.10/site-packages/sklearn/pipeline.py", line 473, in fit
    self._final_estimator.fit(Xt, y, **last_step_params["fit"])
  File "/common/ketrong/tpotexp/env/lib/python3.10/site-packages/sklearn/base.py", line 1466, in wrapper
    estimator._validate_params()
  File "/common/ketrong/tpotexp/env/lib/python3.10/site-packages/sklearn/base.py", line 666, in _validate_params
    validate_parameter_constraints(
  File "/common/ketrong/tpotexp/env/lib/python3.10/site-packages/sklearn/utils/_param_validation.py", line 95, in validate_parameter_constraints
    raise InvalidParameterError(
sklearn.utils._param_validation.InvalidParameterError: The 'criterion' parameter of RandomForestRegressor must be a str among {'friedman_mse', 'poisson', 'absolute_error', 'squared_error'}. Got 'mse' instead.

Generation:  19
Best root_mean_squared_error score: -7.795066753178735
Generation:  76%|  | 19/25 [1:51:34<26:44, 267.48s/it]WARNING THIS INDIVIDUAL CAUSED AND EXCEPTION 
 <tpot2.search_spaces.pipelines.sequential.SequentialPipelineIndividual object at 0x155467dad600> 
 The 'criterion' parameter of ExtraTreesRegressor must be a str among {'friedman_mse', 'poisson', 'absolute_error', 'squared_error'}. Got 'mae' instead. 
 Traceback (most recent call last):
  File "/common/ketrong/tpotexp/tpot2/tpot2/utils/eval_utils.py", line 53, in objective_nan_wrapper
    value = func_timeout.func_timeout(timeout, objective_function, args=[individual], kwargs=objective_kwargs)
  File "/common/ketrong/tpotexp/env/lib/python3.10/site-packages/func_timeout/dafunc.py", line 108, in func_timeout
    raise_exception(exception)
  File "/common/ketrong/tpotexp/env/lib/python3.10/site-packages/func_timeout/py3_raise.py", line 7, in raise_exception
    raise exception[0] from None
  File "/common/ketrong/tpotexp/tpot2/tpot2/tpot_estimator/estimator.py", line 623, in objective_function
    return objective_function_generator(
  File "/common/ketrong/tpotexp/tpot2/tpot2/tpot_estimator/estimator_utils.py", line 55, in objective_function_generator
    cv_obj_scores = cross_val_score_objective(sklearn.base.clone(pipeline),x,y,scorers=scorers, cv=cv , fold=step)
  File "/common/ketrong/tpotexp/tpot2/tpot2/tpot_estimator/cross_val_utils.py", line 28, in cross_val_score_objective
    this_fold_pipeline.fit(X_train,y_train)
  File "/common/ketrong/tpotexp/env/lib/python3.10/site-packages/sklearn/base.py", line 1473, in wrapper
    return fit_method(estimator, *args, **kwargs)
  File "/common/ketrong/tpotexp/env/lib/python3.10/site-packages/sklearn/pipeline.py", line 473, in fit
    self._final_estimator.fit(Xt, y, **last_step_params["fit"])
  File "/common/ketrong/tpotexp/env/lib/python3.10/site-packages/sklearn/base.py", line 1466, in wrapper
    estimator._validate_params()
  File "/common/ketrong/tpotexp/env/lib/python3.10/site-packages/sklearn/base.py", line 666, in _validate_params
    validate_parameter_constraints(
  File "/common/ketrong/tpotexp/env/lib/python3.10/site-packages/sklearn/utils/_param_validation.py", line 95, in validate_parameter_constraints
    raise InvalidParameterError(
sklearn.utils._param_validation.InvalidParameterError: The 'criterion' parameter of ExtraTreesRegressor must be a str among {'friedman_mse', 'poisson', 'absolute_error', 'squared_error'}. Got 'mae' instead.

Generation:  20
Best root_mean_squared_error score: -7.795066753178735
Generation:  80%|  | 20/25 [2:00:04<28:20, 340.19s/it]Generation:  21
Best root_mean_squared_error score: -7.795066753178735
Generation:  84%| | 21/25 [2:01:31<17:36, 264.11s/it]Generation:  22
Best root_mean_squared_error score: -7.795066753178735
Generation:  88%| | 22/25 [2:03:08<10:42, 214.03s/it]WARNING AN INDIVIDUAL TIMED OUT: 
 <tpot2.search_spaces.pipelines.sequential.SequentialPipelineIndividual object at 0x15545ac6d1e0> 

WARNING AN INDIVIDUAL TIMED OUT: 
 <tpot2.search_spaces.pipelines.sequential.SequentialPipelineIndividual object at 0x15547472f220> 

Generation:  23
Best root_mean_squared_error score: -7.795066753178735
Generation:  92%|| 23/25 [2:13:16<11:04, 332.45s/it]WARNING AN INDIVIDUAL TIMED OUT: 
 <tpot2.search_spaces.pipelines.sequential.SequentialPipelineIndividual object at 0x15546764b430> 

Generation:  24
Best root_mean_squared_error score: -7.795066753178735
Generation:  96%|| 24/25 [2:23:22<06:54, 414.51s/it]Generation:  25
Best root_mean_squared_error score: -7.795066753178735
Generation: 100%|| 25/25 [2:25:01<00:00, 319.68s/it]Generation: 100%|| 25/25 [2:25:01<00:00, 348.05s/it]
2024-10-09 05:11:29,618 - distributed.scheduler - ERROR - Removing worker 'tcp://127.0.0.1:44007' caused the cluster to lose scattered data, which can't be recovered: {'DataFrame-9b492617203538632e42fe3a58de2d85', 'DataFrame-44023b6d659f60a70a6421d1d98d96b4'} (stimulus_id='handle-worker-cleanup-1728475889.6183975')
Fitted
Pipeline(steps=[('knnimputer', KNNImputer(n_neighbors=79)),
                ('lgbmregressor',
                 LGBMRegressor(max_depth=4, n_estimators=80, n_jobs=1,
                               num_leaves=185, verbose=-1))])
transform worked
try transform
transform worked
score start
train score: {'explained_var': 0.44864846853816276, 'r2': 0.44864846853816276, 'rmse': 7.709295168342656}
test score: {'explained_var': 0.24582065819058474, 'r2': 0.2454806207417024, 'rmse': 9.044833888409453}
original test score: {'explained_var': 0.24905901944617548, 'r2': 0.24866297487907163, 'rmse': 9.02573942900337}
score end
1213
lvl
0.01
type
MCAR
num_run
1
reg_full
finished
all finished
full run takes
10.368768799901009
hours
DONE
