Run: 35
/cm/local/apps/slurm/var/spool/job1061138/slurm_script: line 26: 
pip install -e tpot2
pip install -r tpot2/ImputerExperiments/requirements_.txt
: No such file or directory
RunStart
Version 0.1.7a0 of tpot2 is outdated. Version 0.1.8a0 was released Tuesday September 17, 2024.
starting loops
../data/c/4135/4135.pkl
working on 
../data/c/4135/class_full_MNAR_0.3_2
0.09816312789916992
running experiment 1/3 - Does large hyperparameter space improve reconstruction accuracy over simple
[I 2024-11-16 12:32:52,132] A new study created in memory with name: no-name-e482bc9d-c457-4108-8a72-53dc453e9ce2
running
running
running
running
running
running
running
running
running
running
running
running
running
running
running
running
[I 2024-11-16 12:32:53,344] Trial 2 finished with value: 0.3524663165263621 and parameters: {'model_name': 'SimpleImputer', 'strategy': 'median'}. Best is trial 2 with value: 0.3524663165263621.
running
[I 2024-11-16 12:32:53,595] Trial 15 finished with value: 0.44278996364755524 and parameters: {'model_name': 'SimpleImputer', 'strategy': 'most_frequent'}. Best is trial 2 with value: 0.3524663165263621.
running
[I 2024-11-16 12:32:54,522] Trial 16 finished with value: 0.44278996364755524 and parameters: {'model_name': 'SimpleImputer', 'strategy': 'most_frequent'}. Best is trial 2 with value: 0.3524663165263621.
running
[I 2024-11-16 12:32:54,699] Trial 17 finished with value: 0.44278996364755524 and parameters: {'model_name': 'SimpleImputer', 'strategy': 'most_frequent'}. Best is trial 2 with value: 0.3524663165263621.
running
[I 2024-11-16 12:32:55,676] Trial 19 finished with value: 0.44278996364755524 and parameters: {'model_name': 'SimpleImputer', 'strategy': 'most_frequent'}. Best is trial 2 with value: 0.3524663165263621.
running
[I 2024-11-16 12:33:18,283] Trial 7 finished with value: 0.5569204795169639 and parameters: {'model_name': 'GAIN', 'batch_size': 840, 'hint_rate': 0.3367276186113638, 'alpha': 8, 'iterations': 1, 'learning_rate': 0.0014174853887958553, 'p_miss': 0.024778598811081038}. Best is trial 2 with value: 0.3524663165263621.
running
[I 2024-11-16 12:33:19,048] Trial 8 finished with value: 0.3112526566068526 and parameters: {'model_name': 'KNNImputer', 'n_neighbors': 1621, 'weights': 'distance'}. Best is trial 8 with value: 0.3112526566068526.
running
[I 2024-11-16 12:33:19,367] Trial 18 finished with value: 0.3082565271031664 and parameters: {'model_name': 'KNNImputer', 'n_neighbors': 791, 'weights': 'distance'}. Best is trial 18 with value: 0.3082565271031664.
running
[I 2024-11-16 12:33:26,472] Trial 14 finished with value: 0.2775657881930755 and parameters: {'model_name': 'IterativeImputer', 'estimator': 'Ridge', 'initial_strategy': 'mean', 'n_nearest_features': 5, 'imputation_order': 'roman'}. Best is trial 14 with value: 0.2775657881930755.
running
[I 2024-11-16 12:33:30,707] Trial 3 finished with value: 0.5308148407035125 and parameters: {'model_name': 'GAIN', 'batch_size': 845, 'hint_rate': 0.8194682994570512, 'alpha': 66, 'iterations': 8, 'learning_rate': 0.011100066117565846, 'p_miss': 0.1708170362012032}. Best is trial 14 with value: 0.2775657881930755.
running
[I 2024-11-16 12:33:31,061] Trial 22 finished with value: 0.5352692440385943 and parameters: {'model_name': 'GAIN', 'batch_size': 707, 'hint_rate': 0.9861277190289204, 'alpha': 20, 'iterations': 3, 'learning_rate': 0.0001209455243486947, 'p_miss': 0.15144775536951932}. Best is trial 14 with value: 0.2775657881930755.
running
[I 2024-11-16 12:33:34,430] Trial 9 finished with value: 0.322116154669006 and parameters: {'model_name': 'KNNImputer', 'n_neighbors': 20272, 'weights': 'distance'}. Best is trial 14 with value: 0.2775657881930755.
running
[I 2024-11-16 12:33:48,055] Trial 4 finished with value: 0.5290351621244799 and parameters: {'model_name': 'GAIN', 'batch_size': 55, 'hint_rate': 0.49710664487181183, 'alpha': 39, 'iterations': 29, 'learning_rate': 0.0065837942916538725, 'p_miss': 0.1894102144143247}. Best is trial 14 with value: 0.2775657881930755.
running
[I 2024-11-16 12:34:05,179] Trial 23 finished with value: 0.32175002929229846 and parameters: {'model_name': 'KNNImputer', 'n_neighbors': 18044, 'weights': 'distance'}. Best is trial 14 with value: 0.2775657881930755.
running
[I 2024-11-16 12:34:09,123] Trial 5 finished with value: 0.28106055062392776 and parameters: {'model_name': 'IterativeImputer', 'estimator': 'KNN', 'initial_strategy': 'median', 'n_nearest_features': 4, 'imputation_order': 'arabic'}. Best is trial 14 with value: 0.2775657881930755.
running
[I 2024-11-16 12:34:17,178] Trial 12 finished with value: 0.28751189912109004 and parameters: {'model_name': 'IterativeImputer', 'estimator': 'Bayesian', 'initial_strategy': 'constant', 'n_nearest_features': 2, 'imputation_order': 'random', 'sample_posterior': False}. Best is trial 14 with value: 0.2775657881930755.
running
[I 2024-11-16 12:34:18,285] Trial 26 finished with value: 0.2775657881930755 and parameters: {'model_name': 'IterativeImputer', 'estimator': 'Ridge', 'initial_strategy': 'mean', 'n_nearest_features': 5, 'imputation_order': 'roman'}. Best is trial 14 with value: 0.2775657881930755.
running
[I 2024-11-16 12:34:19,792] Trial 25 finished with value: 0.2775657881930755 and parameters: {'model_name': 'IterativeImputer', 'estimator': 'Ridge', 'initial_strategy': 'mean', 'n_nearest_features': 5, 'imputation_order': 'roman'}. Best is trial 14 with value: 0.2775657881930755.
running
[I 2024-11-16 12:34:25,112] Trial 27 finished with value: 0.2775657881930755 and parameters: {'model_name': 'IterativeImputer', 'estimator': 'Ridge', 'initial_strategy': 'mean', 'n_nearest_features': 5, 'imputation_order': 'roman'}. Best is trial 14 with value: 0.2775657881930755.
running
[I 2024-11-16 12:34:37,789] Trial 28 finished with value: 0.2775657881930755 and parameters: {'model_name': 'IterativeImputer', 'estimator': 'Ridge', 'initial_strategy': 'mean', 'n_nearest_features': 5, 'imputation_order': 'roman'}. Best is trial 14 with value: 0.2775657881930755.
running
[I 2024-11-16 12:34:42,285] Trial 0 finished with value: 0.2907559762618653 and parameters: {'model_name': 'IterativeImputer', 'estimator': 'KNN', 'initial_strategy': 'most_frequent', 'n_nearest_features': 7, 'imputation_order': 'random'}. Best is trial 14 with value: 0.2775657881930755.
running
[I 2024-11-16 12:34:45,948] Trial 24 finished with value: 0.29142852897259897 and parameters: {'model_name': 'IterativeImputer', 'estimator': 'KNN', 'initial_strategy': 'most_frequent', 'n_nearest_features': 2, 'imputation_order': 'ascending'}. Best is trial 14 with value: 0.2775657881930755.
running
[I 2024-11-16 12:34:50,041] Trial 29 finished with value: 0.2775657881930755 and parameters: {'model_name': 'IterativeImputer', 'estimator': 'Ridge', 'initial_strategy': 'mean', 'n_nearest_features': 5, 'imputation_order': 'roman'}. Best is trial 14 with value: 0.2775657881930755.
running
[I 2024-11-16 12:35:04,966] Trial 10 finished with value: 0.3995553743121988 and parameters: {'model_name': 'IterativeImputer', 'estimator': 'Bayesian', 'initial_strategy': 'most_frequent', 'n_nearest_features': 9, 'imputation_order': 'descending', 'sample_posterior': True}. Best is trial 14 with value: 0.2775657881930755.
running
[I 2024-11-16 12:35:08,730] Trial 21 finished with value: 0.29720042608487696 and parameters: {'model_name': 'IterativeImputer', 'estimator': 'KNN', 'initial_strategy': 'mean', 'n_nearest_features': 8, 'imputation_order': 'roman'}. Best is trial 14 with value: 0.2775657881930755.
running
[I 2024-11-16 12:35:15,716] Trial 30 finished with value: 0.28649043067162644 and parameters: {'model_name': 'IterativeImputer', 'estimator': 'KNN', 'initial_strategy': 'mean', 'n_nearest_features': 4, 'imputation_order': 'roman'}. Best is trial 14 with value: 0.2775657881930755.
running
[I 2024-11-16 12:35:26,475] Trial 31 finished with value: 0.2870441178502432 and parameters: {'model_name': 'IterativeImputer', 'estimator': 'KNN', 'initial_strategy': 'median', 'n_nearest_features': 6, 'imputation_order': 'arabic'}. Best is trial 14 with value: 0.2775657881930755.
running
[I 2024-11-16 12:45:35,296] Trial 11 finished with value: 0.3223054084428786 and parameters: {'model_name': 'VAE', 'batch_size': 294, 'iterations': 214, 'learning_rate': 0.02376894663741134, 'p_miss': 0.17575570626068837}. Best is trial 14 with value: 0.2775657881930755.
running
[I 2024-11-16 13:25:57,157] Trial 6 finished with value: 0.26299197528199336 and parameters: {'model_name': 'IterativeImputer', 'estimator': 'RFR', 'initial_strategy': 'median', 'n_nearest_features': 5, 'imputation_order': 'random'}. Best is trial 6 with value: 0.26299197528199336.
running
[I 2024-11-16 13:32:54,857] Trial 20 finished with value: 0.26189199292501025 and parameters: {'model_name': 'IterativeImputer', 'estimator': 'RFR', 'initial_strategy': 'mean', 'n_nearest_features': 6, 'imputation_order': 'arabic'}. Best is trial 20 with value: 0.26189199292501025.
running
[I 2024-11-16 15:13:58,213] Trial 13 finished with value: 0.5485313821994925 and parameters: {'model_name': 'GAIN', 'batch_size': 205, 'hint_rate': 0.8713030389035746, 'alpha': 31, 'iterations': 6093, 'learning_rate': 0.002371230586217495, 'p_miss': 0.2238371933600809}. Best is trial 20 with value: 0.26189199292501025.
running
[I 2024-11-16 15:27:04,169] Trial 37 finished with value: 0.4442588391565322 and parameters: {'model_name': 'VAE', 'batch_size': 1, 'iterations': 3818, 'learning_rate': 0.05697401822709996, 'p_miss': 0.29963676706964376}. Best is trial 20 with value: 0.26189199292501025.
running
[I 2024-11-16 16:15:18,542] Trial 46 finished with value: 0.26184289487168505 and parameters: {'model_name': 'IterativeImputer', 'estimator': 'RFR', 'initial_strategy': 'median', 'n_nearest_features': 6, 'imputation_order': 'arabic'}. Best is trial 46 with value: 0.26184289487168505.
running
[I 2024-11-16 16:28:32,103] Trial 47 finished with value: 0.26342444736096465 and parameters: {'model_name': 'IterativeImputer', 'estimator': 'RFR', 'initial_strategy': 'median', 'n_nearest_features': 6, 'imputation_order': 'arabic'}. Best is trial 46 with value: 0.26184289487168505.
running
[I 2024-11-16 16:35:31,060] Trial 45 finished with value: 0.41321391860929835 and parameters: {'model_name': 'VAE', 'batch_size': 1, 'iterations': 3935, 'learning_rate': 0.0005974393065118962, 'p_miss': 0.2869941362964342}. Best is trial 46 with value: 0.26184289487168505.
running
[I 2024-11-16 16:48:54,649] Trial 49 finished with value: 0.31630378290429956 and parameters: {'model_name': 'VAE', 'batch_size': 2, 'iterations': 367, 'learning_rate': 0.000268616254997323, 'p_miss': 0.019667789224339677}. Best is trial 46 with value: 0.26184289487168505.
running
[I 2024-11-16 17:00:03,403] Trial 40 finished with value: 0.41506224103600864 and parameters: {'model_name': 'VAE', 'batch_size': 1, 'iterations': 5406, 'learning_rate': 0.0944520394298411, 'p_miss': 0.2952481846242866}. Best is trial 46 with value: 0.26184289487168505.
running
[I 2024-11-16 17:19:51,892] Trial 48 finished with value: 0.2566092267010752 and parameters: {'model_name': 'IterativeImputer', 'estimator': 'RFR', 'initial_strategy': 'median', 'n_nearest_features': 7, 'imputation_order': 'arabic'}. Best is trial 48 with value: 0.2566092267010752.
running
[I 2024-11-16 17:39:13,038] Trial 50 finished with value: 0.2565275088871915 and parameters: {'model_name': 'IterativeImputer', 'estimator': 'RFR', 'initial_strategy': 'median', 'n_nearest_features': 7, 'imputation_order': 'arabic'}. Best is trial 50 with value: 0.2565275088871915.
running
[I 2024-11-16 17:40:32,424] Trial 35 finished with value: 0.4257432882631857 and parameters: {'model_name': 'VAE', 'batch_size': 1, 'iterations': 5312, 'learning_rate': 0.09880757273942883, 'p_miss': 0.29123418121961253}. Best is trial 50 with value: 0.2565275088871915.
running
[I 2024-11-16 17:52:38,826] Trial 51 finished with value: 0.25695577550905735 and parameters: {'model_name': 'IterativeImputer', 'estimator': 'RFR', 'initial_strategy': 'median', 'n_nearest_features': 7, 'imputation_order': 'arabic'}. Best is trial 50 with value: 0.2565275088871915.
running
[I 2024-11-16 17:53:49,714] Trial 1 finished with value: 0.3256925092305295 and parameters: {'model_name': 'VAE', 'batch_size': 19, 'iterations': 6595, 'learning_rate': 0.0012877286160603092, 'p_miss': 0.06932493647436508}. Best is trial 50 with value: 0.2565275088871915.
running
[I 2024-11-16 18:00:27,535] Trial 52 finished with value: 0.2565852317813699 and parameters: {'model_name': 'IterativeImputer', 'estimator': 'RFR', 'initial_strategy': 'median', 'n_nearest_features': 7, 'imputation_order': 'arabic'}. Best is trial 50 with value: 0.2565275088871915.
running
[I 2024-11-16 18:17:50,588] Trial 53 finished with value: 0.25767145929385554 and parameters: {'model_name': 'IterativeImputer', 'estimator': 'RFR', 'initial_strategy': 'median', 'n_nearest_features': 7, 'imputation_order': 'arabic'}. Best is trial 50 with value: 0.2565275088871915.
running
[I 2024-11-16 18:19:11,886] Trial 43 finished with value: 0.3651908073834008 and parameters: {'model_name': 'VAE', 'batch_size': 2, 'iterations': 6392, 'learning_rate': 0.09079592510501722, 'p_miss': 0.29494172380662076}. Best is trial 50 with value: 0.2565275088871915.
running
[I 2024-11-16 18:28:55,529] Trial 32 finished with value: 0.4055785243294429 and parameters: {'model_name': 'VAE', 'batch_size': 1, 'iterations': 7642, 'learning_rate': 0.08468411229763882, 'p_miss': 0.2981340559976514}. Best is trial 50 with value: 0.2565275088871915.
running
[I 2024-11-16 18:38:43,647] Trial 55 finished with value: 0.2575213232220543 and parameters: {'model_name': 'IterativeImputer', 'estimator': 'RFR', 'initial_strategy': 'median', 'n_nearest_features': 7, 'imputation_order': 'arabic'}. Best is trial 50 with value: 0.2565275088871915.
running
[I 2024-11-16 18:39:11,059] Trial 54 finished with value: 0.2568315448414109 and parameters: {'model_name': 'IterativeImputer', 'estimator': 'RFR', 'initial_strategy': 'median', 'n_nearest_features': 7, 'imputation_order': 'arabic'}. Best is trial 50 with value: 0.2565275088871915.
running
[I 2024-11-16 18:50:22,813] Trial 56 finished with value: 0.2573691903542092 and parameters: {'model_name': 'IterativeImputer', 'estimator': 'RFR', 'initial_strategy': 'median', 'n_nearest_features': 7, 'imputation_order': 'arabic'}. Best is trial 50 with value: 0.2565275088871915.
running
[I 2024-11-16 18:50:33,979] Trial 57 finished with value: 0.2570695932463791 and parameters: {'model_name': 'IterativeImputer', 'estimator': 'RFR', 'initial_strategy': 'median', 'n_nearest_features': 7, 'imputation_order': 'arabic'}. Best is trial 50 with value: 0.2565275088871915.
running
[I 2024-11-16 18:57:12,517] Trial 58 finished with value: 0.25736256698239607 and parameters: {'model_name': 'IterativeImputer', 'estimator': 'RFR', 'initial_strategy': 'median', 'n_nearest_features': 7, 'imputation_order': 'arabic'}. Best is trial 50 with value: 0.2565275088871915.
running
[I 2024-11-16 19:02:02,780] Trial 65 finished with value: 0.5448277209193866 and parameters: {'model_name': 'GAIN', 'batch_size': 11, 'hint_rate': 0.1506437801685152, 'alpha': 97, 'iterations': 575, 'learning_rate': 0.007244636293966029, 'p_miss': 0.09804741241309581}. Best is trial 50 with value: 0.2565275088871915.
running
[I 2024-11-16 19:03:28,820] Trial 42 finished with value: 0.40734954765052106 and parameters: {'model_name': 'VAE', 'batch_size': 1, 'iterations': 7559, 'learning_rate': 0.07421237794791545, 'p_miss': 0.29633620057045373}. Best is trial 50 with value: 0.2565275088871915.
running
[I 2024-11-16 19:04:36,158] Trial 64 finished with value: 0.5429856008151681 and parameters: {'model_name': 'GAIN', 'batch_size': 10, 'hint_rate': 0.028018344300505815, 'alpha': 97, 'iterations': 759, 'learning_rate': 0.006337182532851477, 'p_miss': 0.10993551942043142}. Best is trial 50 with value: 0.2565275088871915.
running
[I 2024-11-16 19:15:22,977] Trial 38 finished with value: 0.4182172838387047 and parameters: {'model_name': 'VAE', 'batch_size': 1, 'iterations': 7364, 'learning_rate': 0.08787295922786721, 'p_miss': 0.29104012137276875}. Best is trial 50 with value: 0.2565275088871915.
running
[I 2024-11-16 19:16:40,324] Trial 41 finished with value: 0.43497284431305355 and parameters: {'model_name': 'VAE', 'batch_size': 1, 'iterations': 8305, 'learning_rate': 0.06775045950814736, 'p_miss': 0.28103953354576044}. Best is trial 50 with value: 0.2565275088871915.
running
[I 2024-11-16 19:17:36,431] Trial 59 finished with value: 0.2538933631311001 and parameters: {'model_name': 'IterativeImputer', 'estimator': 'RFR', 'initial_strategy': 'median', 'n_nearest_features': 8, 'imputation_order': 'arabic'}. Best is trial 59 with value: 0.2538933631311001.
running
[I 2024-11-16 19:18:16,232] Trial 60 finished with value: 0.25371187492038794 and parameters: {'model_name': 'IterativeImputer', 'estimator': 'RFR', 'initial_strategy': 'median', 'n_nearest_features': 8, 'imputation_order': 'arabic'}. Best is trial 60 with value: 0.25371187492038794.
running
[I 2024-11-16 19:18:31,908] Trial 73 finished with value: 0.30740582420659945 and parameters: {'model_name': 'KNNImputer', 'n_neighbors': 10161, 'weights': 'uniform'}. Best is trial 60 with value: 0.25371187492038794.
running
[I 2024-11-16 19:22:28,800] Trial 33 finished with value: 0.4281056616258819 and parameters: {'model_name': 'VAE', 'batch_size': 1, 'iterations': 7798, 'learning_rate': 0.08414952339190976, 'p_miss': 0.259715634235751}. Best is trial 60 with value: 0.25371187492038794.
running
[I 2024-11-16 19:30:52,203] Trial 61 finished with value: 0.25470021977254886 and parameters: {'model_name': 'IterativeImputer', 'estimator': 'RFR', 'initial_strategy': 'median', 'n_nearest_features': 8, 'imputation_order': 'arabic'}. Best is trial 60 with value: 0.25371187492038794.
running
[I 2024-11-16 19:33:19,361] Trial 63 finished with value: 0.25499341128205877 and parameters: {'model_name': 'IterativeImputer', 'estimator': 'RFR', 'initial_strategy': 'median', 'n_nearest_features': 8, 'imputation_order': 'arabic'}. Best is trial 60 with value: 0.25371187492038794.
running
[I 2024-11-16 19:38:27,666] Trial 34 finished with value: 0.4125819398773506 and parameters: {'model_name': 'VAE', 'batch_size': 1, 'iterations': 8974, 'learning_rate': 0.08867659541097261, 'p_miss': 0.2601024348044811}. Best is trial 60 with value: 0.25371187492038794.
running
[I 2024-11-16 19:38:36,526] Trial 62 finished with value: 0.2543721104194142 and parameters: {'model_name': 'IterativeImputer', 'estimator': 'RFR', 'initial_strategy': 'median', 'n_nearest_features': 8, 'imputation_order': 'arabic'}. Best is trial 60 with value: 0.25371187492038794.
running
[I 2024-11-16 19:41:13,528] Trial 39 finished with value: 0.4057700350652351 and parameters: {'model_name': 'VAE', 'batch_size': 1, 'iterations': 8720, 'learning_rate': 0.08167379420165267, 'p_miss': 0.01306358905437316}. Best is trial 60 with value: 0.25371187492038794.
running
[I 2024-11-16 19:44:41,166] Trial 44 finished with value: 0.4293735119060247 and parameters: {'model_name': 'VAE', 'batch_size': 1, 'iterations': 8388, 'learning_rate': 0.09884389260024212, 'p_miss': 0.29470405957271806}. Best is trial 60 with value: 0.25371187492038794.
running
[I 2024-11-16 19:45:14,858] Trial 36 finished with value: 0.43000345316721067 and parameters: {'model_name': 'VAE', 'batch_size': 1, 'iterations': 9054, 'learning_rate': 0.04348821944113888, 'p_miss': 0.2960167070636611}. Best is trial 60 with value: 0.25371187492038794.
running
[I 2024-11-16 19:49:34,735] Trial 66 finished with value: 0.2541116523209226 and parameters: {'model_name': 'IterativeImputer', 'estimator': 'RFR', 'initial_strategy': 'median', 'n_nearest_features': 8, 'imputation_order': 'arabic'}. Best is trial 60 with value: 0.25371187492038794.
running
[I 2024-11-16 19:49:35,017] Trial 83 finished with value: 0.3131802198968979 and parameters: {'model_name': 'SimpleImputer', 'strategy': 'mean'}. Best is trial 60 with value: 0.25371187492038794.
running
[I 2024-11-16 19:53:21,841] Trial 69 finished with value: 0.2540897236871699 and parameters: {'model_name': 'IterativeImputer', 'estimator': 'RFR', 'initial_strategy': 'median', 'n_nearest_features': 8, 'imputation_order': 'arabic'}. Best is trial 60 with value: 0.25371187492038794.
running
[I 2024-11-16 19:54:32,494] Trial 68 finished with value: 0.25412234455526195 and parameters: {'model_name': 'IterativeImputer', 'estimator': 'RFR', 'initial_strategy': 'median', 'n_nearest_features': 8, 'imputation_order': 'arabic'}. Best is trial 60 with value: 0.25371187492038794.
running
[I 2024-11-16 19:54:50,489] Trial 67 finished with value: 0.2545149117869486 and parameters: {'model_name': 'IterativeImputer', 'estimator': 'RFR', 'initial_strategy': 'median', 'n_nearest_features': 8, 'imputation_order': 'arabic'}. Best is trial 60 with value: 0.25371187492038794.
running
[I 2024-11-16 20:01:52,897] Trial 70 finished with value: 0.2539810108463167 and parameters: {'model_name': 'IterativeImputer', 'estimator': 'RFR', 'initial_strategy': 'median', 'n_nearest_features': 8, 'imputation_order': 'arabic'}. Best is trial 60 with value: 0.25371187492038794.
running
[I 2024-11-16 20:03:05,750] Trial 72 finished with value: 0.25480119058143275 and parameters: {'model_name': 'IterativeImputer', 'estimator': 'RFR', 'initial_strategy': 'median', 'n_nearest_features': 8, 'imputation_order': 'arabic'}. Best is trial 60 with value: 0.25371187492038794.
running
[I 2024-11-16 20:03:43,315] Trial 74 finished with value: 0.254635530594594 and parameters: {'model_name': 'IterativeImputer', 'estimator': 'RFR', 'initial_strategy': 'median', 'n_nearest_features': 8, 'imputation_order': 'arabic'}. Best is trial 60 with value: 0.25371187492038794.
running
[I 2024-11-16 20:04:18,817] Trial 90 finished with value: 0.27636734630744525 and parameters: {'model_name': 'IterativeImputer', 'estimator': 'Bayesian', 'initial_strategy': 'constant', 'n_nearest_features': 9, 'imputation_order': 'descending', 'sample_posterior': False}. Best is trial 60 with value: 0.25371187492038794.
running
[I 2024-11-16 20:04:49,962] Trial 71 finished with value: 0.25487148088681777 and parameters: {'model_name': 'IterativeImputer', 'estimator': 'RFR', 'initial_strategy': 'median', 'n_nearest_features': 8, 'imputation_order': 'arabic'}. Best is trial 60 with value: 0.25371187492038794.
running
[I 2024-11-16 20:05:02,505] Trial 92 finished with value: 0.3131802198968979 and parameters: {'model_name': 'KNNImputer', 'n_neighbors': 25669, 'weights': 'uniform'}. Best is trial 60 with value: 0.25371187492038794.
running
[I 2024-11-16 20:08:57,969] Trial 75 finished with value: 0.2549360586935163 and parameters: {'model_name': 'IterativeImputer', 'estimator': 'RFR', 'initial_strategy': 'median', 'n_nearest_features': 8, 'imputation_order': 'arabic'}. Best is trial 60 with value: 0.25371187492038794.
running
[I 2024-11-16 20:08:58,237] Trial 94 finished with value: 0.5642405359566105 and parameters: {'model_name': 'SimpleImputer', 'strategy': 'constant'}. Best is trial 60 with value: 0.25371187492038794.
running
[I 2024-11-16 20:15:08,657] Trial 76 finished with value: 0.25426166452297705 and parameters: {'model_name': 'IterativeImputer', 'estimator': 'RFR', 'initial_strategy': 'median', 'n_nearest_features': 8, 'imputation_order': 'arabic'}. Best is trial 60 with value: 0.25371187492038794.
running
[I 2024-11-16 20:15:26,903] Trial 77 finished with value: 0.25435930976139165 and parameters: {'model_name': 'IterativeImputer', 'estimator': 'RFR', 'initial_strategy': 'median', 'n_nearest_features': 9, 'imputation_order': 'arabic'}. Best is trial 60 with value: 0.25371187492038794.
running
[I 2024-11-16 20:20:09,374] Trial 78 finished with value: 0.25399745528510353 and parameters: {'model_name': 'IterativeImputer', 'estimator': 'RFR', 'initial_strategy': 'median', 'n_nearest_features': 9, 'imputation_order': 'arabic'}. Best is trial 60 with value: 0.25371187492038794.
running
[I 2024-11-16 20:20:52,521] Trial 79 finished with value: 0.25452717702813016 and parameters: {'model_name': 'IterativeImputer', 'estimator': 'RFR', 'initial_strategy': 'median', 'n_nearest_features': 9, 'imputation_order': 'arabic'}. Best is trial 60 with value: 0.25371187492038794.
running
[I 2024-11-16 20:21:38,622] Trial 99 finished with value: 0.40007984663145263 and parameters: {'model_name': 'IterativeImputer', 'estimator': 'Bayesian', 'initial_strategy': 'most_frequent', 'n_nearest_features': 9, 'imputation_order': 'random', 'sample_posterior': True}. Best is trial 60 with value: 0.25371187492038794.
running
[I 2024-11-16 20:23:26,265] Trial 80 finished with value: 0.2539881579383413 and parameters: {'model_name': 'IterativeImputer', 'estimator': 'RFR', 'initial_strategy': 'median', 'n_nearest_features': 9, 'imputation_order': 'arabic'}. Best is trial 60 with value: 0.25371187492038794.
running
[I 2024-11-16 20:25:54,759] Trial 81 finished with value: 0.2542008924560875 and parameters: {'model_name': 'IterativeImputer', 'estimator': 'RFR', 'initial_strategy': 'median', 'n_nearest_features': 9, 'imputation_order': 'arabic'}. Best is trial 60 with value: 0.25371187492038794.
running
[I 2024-11-16 20:26:41,965] Trial 82 finished with value: 0.2543793108810978 and parameters: {'model_name': 'IterativeImputer', 'estimator': 'RFR', 'initial_strategy': 'median', 'n_nearest_features': 9, 'imputation_order': 'arabic'}. Best is trial 60 with value: 0.25371187492038794.
running
[I 2024-11-16 20:31:15,405] Trial 84 finished with value: 0.2550980516691018 and parameters: {'model_name': 'IterativeImputer', 'estimator': 'RFR', 'initial_strategy': 'constant', 'n_nearest_features': 9, 'imputation_order': 'descending'}. Best is trial 60 with value: 0.25371187492038794.
running
[I 2024-11-16 20:31:17,800] Trial 104 finished with value: 0.5505897154414087 and parameters: {'model_name': 'GAIN', 'batch_size': 58, 'hint_rate': 0.6698875400921958, 'alpha': 65, 'iterations': 46, 'learning_rate': 0.00013319659304425506, 'p_miss': 0.05712958222376764}. Best is trial 60 with value: 0.25371187492038794.
running
[I 2024-11-16 20:34:30,260] Trial 85 finished with value: 0.25375915966616913 and parameters: {'model_name': 'IterativeImputer', 'estimator': 'RFR', 'initial_strategy': 'constant', 'n_nearest_features': 9, 'imputation_order': 'descending'}. Best is trial 60 with value: 0.25371187492038794.
running
[I 2024-11-16 20:36:19,381] Trial 86 finished with value: 0.2539681816778131 and parameters: {'model_name': 'IterativeImputer', 'estimator': 'RFR', 'initial_strategy': 'median', 'n_nearest_features': 9, 'imputation_order': 'arabic'}. Best is trial 60 with value: 0.25371187492038794.
running
[I 2024-11-16 20:36:37,000] Trial 87 finished with value: 0.2548757866591709 and parameters: {'model_name': 'IterativeImputer', 'estimator': 'RFR', 'initial_strategy': 'median', 'n_nearest_features': 9, 'imputation_order': 'descending'}. Best is trial 60 with value: 0.25371187492038794.
running
[I 2024-11-16 20:43:07,546] Trial 88 finished with value: 0.25532342818815423 and parameters: {'model_name': 'IterativeImputer', 'estimator': 'RFR', 'initial_strategy': 'constant', 'n_nearest_features': 9, 'imputation_order': 'descending'}. Best is trial 60 with value: 0.25371187492038794.
running
[I 2024-11-16 20:44:14,754] Trial 89 finished with value: 0.25489571161681873 and parameters: {'model_name': 'IterativeImputer', 'estimator': 'RFR', 'initial_strategy': 'constant', 'n_nearest_features': 9, 'imputation_order': 'descending'}. Best is trial 60 with value: 0.25371187492038794.
running
[I 2024-11-16 20:44:41,483] Trial 110 finished with value: 0.2974676767208803 and parameters: {'model_name': 'IterativeImputer', 'estimator': 'KNN', 'initial_strategy': 'most_frequent', 'n_nearest_features': 8, 'imputation_order': 'ascending'}. Best is trial 60 with value: 0.25371187492038794.
running
[I 2024-11-16 20:44:55,767] Trial 111 finished with value: 0.30675240990075797 and parameters: {'model_name': 'KNNImputer', 'n_neighbors': 9267, 'weights': 'uniform'}. Best is trial 60 with value: 0.25371187492038794.
running
[I 2024-11-16 20:45:20,478] Trial 91 finished with value: 0.25381280938103307 and parameters: {'model_name': 'IterativeImputer', 'estimator': 'RFR', 'initial_strategy': 'median', 'n_nearest_features': 9, 'imputation_order': 'random'}. Best is trial 60 with value: 0.25371187492038794.
running
[I 2024-11-16 20:46:07,039] Trial 113 finished with value: 0.40007984617055525 and parameters: {'model_name': 'IterativeImputer', 'estimator': 'Bayesian', 'initial_strategy': 'constant', 'n_nearest_features': 9, 'imputation_order': 'random', 'sample_posterior': True}. Best is trial 60 with value: 0.25371187492038794.
running
[I 2024-11-16 20:46:07,435] Trial 114 finished with value: 0.3524663165263621 and parameters: {'model_name': 'SimpleImputer', 'strategy': 'median'}. Best is trial 60 with value: 0.25371187492038794.
running
[I 2024-11-16 20:47:06,323] Trial 93 finished with value: 0.25459971920093205 and parameters: {'model_name': 'IterativeImputer', 'estimator': 'RFR', 'initial_strategy': 'most_frequent', 'n_nearest_features': 9, 'imputation_order': 'random'}. Best is trial 60 with value: 0.25371187492038794.
running
[I 2024-11-16 20:51:46,709] Trial 95 finished with value: 0.2539460623619032 and parameters: {'model_name': 'IterativeImputer', 'estimator': 'RFR', 'initial_strategy': 'most_frequent', 'n_nearest_features': 9, 'imputation_order': 'random'}. Best is trial 60 with value: 0.25371187492038794.
running
[I 2024-11-16 20:52:46,466] Trial 115 finished with value: 0.27478632091879274 and parameters: {'model_name': 'IterativeImputer', 'estimator': 'RFR', 'initial_strategy': 'median', 'n_nearest_features': 1, 'imputation_order': 'random'}. Best is trial 60 with value: 0.25371187492038794.
running
[I 2024-11-16 20:54:27,003] Trial 116 finished with value: 0.2857304237270143 and parameters: {'model_name': 'IterativeImputer', 'estimator': 'RFR', 'initial_strategy': 'median', 'n_nearest_features': 1, 'imputation_order': 'ascending'}. Best is trial 60 with value: 0.25371187492038794.
running
[I 2024-11-16 20:57:52,377] Trial 97 finished with value: 0.25378709009086214 and parameters: {'model_name': 'IterativeImputer', 'estimator': 'RFR', 'initial_strategy': 'most_frequent', 'n_nearest_features': 9, 'imputation_order': 'random'}. Best is trial 60 with value: 0.25371187492038794.
running
[I 2024-11-16 20:58:13,217] Trial 120 finished with value: 0.2763486732301509 and parameters: {'model_name': 'IterativeImputer', 'estimator': 'Ridge', 'initial_strategy': 'most_frequent', 'n_nearest_features': 9, 'imputation_order': 'random'}. Best is trial 60 with value: 0.25371187492038794.
running
[I 2024-11-16 20:58:29,307] Trial 96 finished with value: 0.254774320308414 and parameters: {'model_name': 'IterativeImputer', 'estimator': 'RFR', 'initial_strategy': 'most_frequent', 'n_nearest_features': 9, 'imputation_order': 'random'}. Best is trial 60 with value: 0.25371187492038794.
running
[I 2024-11-16 21:03:06,648] Trial 98 finished with value: 0.2533379927053702 and parameters: {'model_name': 'IterativeImputer', 'estimator': 'RFR', 'initial_strategy': 'most_frequent', 'n_nearest_features': 9, 'imputation_order': 'random'}. Best is trial 98 with value: 0.2533379927053702.
running
[I 2024-11-16 21:04:40,077] Trial 100 finished with value: 0.2541728212066209 and parameters: {'model_name': 'IterativeImputer', 'estimator': 'RFR', 'initial_strategy': 'constant', 'n_nearest_features': 9, 'imputation_order': 'ascending'}. Best is trial 98 with value: 0.2533379927053702.
running
[I 2024-11-16 21:05:09,722] Trial 124 finished with value: 0.2976882354115725 and parameters: {'model_name': 'IterativeImputer', 'estimator': 'KNN', 'initial_strategy': 'most_frequent', 'n_nearest_features': 9, 'imputation_order': 'random'}. Best is trial 98 with value: 0.2533379927053702.
running
[I 2024-11-16 21:05:10,836] Trial 125 finished with value: 0.5383789871505507 and parameters: {'model_name': 'GAIN', 'batch_size': 6, 'hint_rate': 0.4718550459123475, 'alpha': 64, 'iterations': 14, 'learning_rate': 0.0005615379400137253, 'p_miss': 0.1327212417490862}. Best is trial 98 with value: 0.2533379927053702.
running
[I 2024-11-16 21:06:36,284] Trial 101 finished with value: 0.2545532985507977 and parameters: {'model_name': 'IterativeImputer', 'estimator': 'RFR', 'initial_strategy': 'constant', 'n_nearest_features': 9, 'imputation_order': 'ascending'}. Best is trial 98 with value: 0.2533379927053702.
running
[I 2024-11-16 21:06:46,689] Trial 117 finished with value: 0.26467029427530475 and parameters: {'model_name': 'IterativeImputer', 'estimator': 'RFR', 'initial_strategy': 'median', 'n_nearest_features': 3, 'imputation_order': 'random'}. Best is trial 98 with value: 0.2533379927053702.
running
[I 2024-11-16 21:07:53,210] Trial 102 finished with value: 0.2540827323411884 and parameters: {'model_name': 'IterativeImputer', 'estimator': 'RFR', 'initial_strategy': 'median', 'n_nearest_features': 9, 'imputation_order': 'descending'}. Best is trial 98 with value: 0.2533379927053702.
running
[I 2024-11-16 21:09:32,176] Trial 103 finished with value: 0.2543390222358049 and parameters: {'model_name': 'IterativeImputer', 'estimator': 'RFR', 'initial_strategy': 'constant', 'n_nearest_features': 9, 'imputation_order': 'ascending'}. Best is trial 98 with value: 0.2533379927053702.
running
[I 2024-11-16 21:14:48,228] Trial 105 finished with value: 0.2537195789724862 and parameters: {'model_name': 'IterativeImputer', 'estimator': 'RFR', 'initial_strategy': 'median', 'n_nearest_features': 9, 'imputation_order': 'random'}. Best is trial 98 with value: 0.2533379927053702.
running
[I 2024-11-16 21:16:55,274] Trial 106 finished with value: 0.25525712125535926 and parameters: {'model_name': 'IterativeImputer', 'estimator': 'RFR', 'initial_strategy': 'constant', 'n_nearest_features': 9, 'imputation_order': 'ascending'}. Best is trial 98 with value: 0.2533379927053702.
running
[I 2024-11-16 21:18:49,362] Trial 122 finished with value: 0.26867440180127417 and parameters: {'model_name': 'IterativeImputer', 'estimator': 'RFR', 'initial_strategy': 'most_frequent', 'n_nearest_features': 4, 'imputation_order': 'random'}. Best is trial 98 with value: 0.2533379927053702.
running
[I 2024-11-16 21:19:45,411] Trial 107 finished with value: 0.25451307497258 and parameters: {'model_name': 'IterativeImputer', 'estimator': 'RFR', 'initial_strategy': 'constant', 'n_nearest_features': 9, 'imputation_order': 'ascending'}. Best is trial 98 with value: 0.2533379927053702.
running
[I 2024-11-16 21:20:05,834] Trial 108 finished with value: 0.2544930285391788 and parameters: {'model_name': 'IterativeImputer', 'estimator': 'RFR', 'initial_strategy': 'constant', 'n_nearest_features': 8, 'imputation_order': 'descending'}. Best is trial 98 with value: 0.2533379927053702.
running
[I 2024-11-16 21:20:18,065] Trial 135 finished with value: 0.30393033922154944 and parameters: {'model_name': 'KNNImputer', 'n_neighbors': 5996, 'weights': 'uniform'}. Best is trial 98 with value: 0.2533379927053702.
running
[I 2024-11-16 21:26:05,038] Trial 109 finished with value: 0.2548841352863673 and parameters: {'model_name': 'IterativeImputer', 'estimator': 'RFR', 'initial_strategy': 'constant', 'n_nearest_features': 8, 'imputation_order': 'ascending'}. Best is trial 98 with value: 0.2533379927053702.
running
[I 2024-11-16 21:26:33,520] Trial 127 finished with value: 0.2679584234125604 and parameters: {'model_name': 'IterativeImputer', 'estimator': 'RFR', 'initial_strategy': 'most_frequent', 'n_nearest_features': 4, 'imputation_order': 'random'}. Best is trial 98 with value: 0.2533379927053702.
running
[I 2024-11-16 21:27:54,743] Trial 112 finished with value: 0.25409141321060214 and parameters: {'model_name': 'IterativeImputer', 'estimator': 'RFR', 'initial_strategy': 'constant', 'n_nearest_features': 8, 'imputation_order': 'random'}. Best is trial 98 with value: 0.2533379927053702.
running
[I 2024-11-16 21:28:13,780] Trial 139 finished with value: 0.2763486732301509 and parameters: {'model_name': 'IterativeImputer', 'estimator': 'Ridge', 'initial_strategy': 'most_frequent', 'n_nearest_features': 9, 'imputation_order': 'random'}. Best is trial 98 with value: 0.2533379927053702.
running
[I 2024-11-16 21:34:31,977] Trial 118 finished with value: 0.2547833325900774 and parameters: {'model_name': 'IterativeImputer', 'estimator': 'RFR', 'initial_strategy': 'median', 'n_nearest_features': 9, 'imputation_order': 'random'}. Best is trial 98 with value: 0.2533379927053702.
running
[I 2024-11-16 21:36:42,445] Trial 119 finished with value: 0.2536865847664081 and parameters: {'model_name': 'IterativeImputer', 'estimator': 'RFR', 'initial_strategy': 'most_frequent', 'n_nearest_features': 9, 'imputation_order': 'random'}. Best is trial 98 with value: 0.2533379927053702.
running
[I 2024-11-16 21:39:08,646] Trial 121 finished with value: 0.2544483057222683 and parameters: {'model_name': 'IterativeImputer', 'estimator': 'RFR', 'initial_strategy': 'most_frequent', 'n_nearest_features': 9, 'imputation_order': 'random'}. Best is trial 98 with value: 0.2533379927053702.
running
[I 2024-11-16 21:44:32,389] Trial 123 finished with value: 0.25521700988898915 and parameters: {'model_name': 'IterativeImputer', 'estimator': 'RFR', 'initial_strategy': 'most_frequent', 'n_nearest_features': 9, 'imputation_order': 'random'}. Best is trial 98 with value: 0.2533379927053702.
running
[I 2024-11-16 21:44:32,638] Trial 144 finished with value: 0.3131802198968979 and parameters: {'model_name': 'SimpleImputer', 'strategy': 'mean'}. Best is trial 98 with value: 0.2533379927053702.
running
[I 2024-11-16 21:46:47,304] Trial 126 finished with value: 0.25476376099844655 and parameters: {'model_name': 'IterativeImputer', 'estimator': 'RFR', 'initial_strategy': 'most_frequent', 'n_nearest_features': 9, 'imputation_order': 'random'}. Best is trial 98 with value: 0.2533379927053702.
running
[I 2024-11-16 21:48:12,188] Trial 128 finished with value: 0.2545077219465045 and parameters: {'model_name': 'IterativeImputer', 'estimator': 'RFR', 'initial_strategy': 'most_frequent', 'n_nearest_features': 9, 'imputation_order': 'random'}. Best is trial 98 with value: 0.2533379927053702.
running
[I 2024-11-16 21:48:33,860] Trial 129 finished with value: 0.2536195598443972 and parameters: {'model_name': 'IterativeImputer', 'estimator': 'RFR', 'initial_strategy': 'most_frequent', 'n_nearest_features': 9, 'imputation_order': 'random'}. Best is trial 98 with value: 0.2533379927053702.
running
[I 2024-11-16 21:50:47,522] Trial 130 finished with value: 0.25424544814456235 and parameters: {'model_name': 'IterativeImputer', 'estimator': 'RFR', 'initial_strategy': 'most_frequent', 'n_nearest_features': 9, 'imputation_order': 'random'}. Best is trial 98 with value: 0.2533379927053702.
running
[I 2024-11-16 21:56:08,552] Trial 131 finished with value: 0.25501751503569214 and parameters: {'model_name': 'IterativeImputer', 'estimator': 'RFR', 'initial_strategy': 'most_frequent', 'n_nearest_features': 9, 'imputation_order': 'random'}. Best is trial 98 with value: 0.2533379927053702.
running
[I 2024-11-16 21:57:20,740] Trial 132 finished with value: 0.25447495678133236 and parameters: {'model_name': 'IterativeImputer', 'estimator': 'RFR', 'initial_strategy': 'most_frequent', 'n_nearest_features': 9, 'imputation_order': 'random'}. Best is trial 98 with value: 0.2533379927053702.
running
[I 2024-11-16 22:00:03,008] Trial 133 finished with value: 0.2529621190360718 and parameters: {'model_name': 'IterativeImputer', 'estimator': 'RFR', 'initial_strategy': 'most_frequent', 'n_nearest_features': 9, 'imputation_order': 'random'}. Best is trial 133 with value: 0.2529621190360718.
running
[I 2024-11-16 22:01:00,284] Trial 134 finished with value: 0.2543942963530853 and parameters: {'model_name': 'IterativeImputer', 'estimator': 'RFR', 'initial_strategy': 'most_frequent', 'n_nearest_features': 8, 'imputation_order': 'random'}. Best is trial 133 with value: 0.2529621190360718.
running
[I 2024-11-16 22:01:30,100] Trial 136 finished with value: 0.2541392353219451 and parameters: {'model_name': 'IterativeImputer', 'estimator': 'RFR', 'initial_strategy': 'most_frequent', 'n_nearest_features': 9, 'imputation_order': 'random'}. Best is trial 133 with value: 0.2529621190360718.
running
[I 2024-11-16 22:02:32,362] Trial 154 finished with value: 0.5575068750181874 and parameters: {'model_name': 'GAIN', 'batch_size': 48, 'hint_rate': 0.2585596076463899, 'alpha': 5, 'iterations': 1594, 'learning_rate': 0.026108654719579807, 'p_miss': 0.21166727468910512}. Best is trial 133 with value: 0.2529621190360718.
running
[I 2024-11-16 22:06:27,188] Trial 137 finished with value: 0.25420347036755525 and parameters: {'model_name': 'IterativeImputer', 'estimator': 'RFR', 'initial_strategy': 'most_frequent', 'n_nearest_features': 9, 'imputation_order': 'random'}. Best is trial 133 with value: 0.2529621190360718.
running
[I 2024-11-16 22:07:40,060] Trial 138 finished with value: 0.2535560046063926 and parameters: {'model_name': 'IterativeImputer', 'estimator': 'RFR', 'initial_strategy': 'most_frequent', 'n_nearest_features': 9, 'imputation_order': 'random'}. Best is trial 133 with value: 0.2529621190360718.
running
[I 2024-11-16 22:08:26,762] Trial 140 finished with value: 0.25434650742579007 and parameters: {'model_name': 'IterativeImputer', 'estimator': 'RFR', 'initial_strategy': 'median', 'n_nearest_features': 9, 'imputation_order': 'random'}. Best is trial 133 with value: 0.2529621190360718.
running
[I 2024-11-16 22:14:47,311] Trial 141 finished with value: 0.25453290963563124 and parameters: {'model_name': 'IterativeImputer', 'estimator': 'RFR', 'initial_strategy': 'mean', 'n_nearest_features': 9, 'imputation_order': 'descending'}. Best is trial 133 with value: 0.2529621190360718.
running
[I 2024-11-16 22:17:56,888] Trial 142 finished with value: 0.254162401773124 and parameters: {'model_name': 'IterativeImputer', 'estimator': 'RFR', 'initial_strategy': 'most_frequent', 'n_nearest_features': 9, 'imputation_order': 'random'}. Best is trial 133 with value: 0.2529621190360718.
running
[I 2024-11-16 22:19:18,285] Trial 143 finished with value: 0.2543284544714447 and parameters: {'model_name': 'IterativeImputer', 'estimator': 'RFR', 'initial_strategy': 'most_frequent', 'n_nearest_features': 9, 'imputation_order': 'random'}. Best is trial 133 with value: 0.2529621190360718.
running
[I 2024-11-16 22:19:52,322] Trial 161 finished with value: 0.2763673505338279 and parameters: {'model_name': 'IterativeImputer', 'estimator': 'Bayesian', 'initial_strategy': 'most_frequent', 'n_nearest_features': 8, 'imputation_order': 'roman', 'sample_posterior': False}. Best is trial 133 with value: 0.2529621190360718.
running
[I 2024-11-16 22:20:23,371] Trial 162 finished with value: 0.29722780479765387 and parameters: {'model_name': 'IterativeImputer', 'estimator': 'KNN', 'initial_strategy': 'median', 'n_nearest_features': 8, 'imputation_order': 'arabic'}. Best is trial 133 with value: 0.2529621190360718.
running
[I 2024-11-16 22:25:31,133] Trial 145 finished with value: 0.2540822229633766 and parameters: {'model_name': 'IterativeImputer', 'estimator': 'RFR', 'initial_strategy': 'mean', 'n_nearest_features': 9, 'imputation_order': 'random'}. Best is trial 133 with value: 0.2529621190360718.
running
[I 2024-11-16 22:28:44,759] Trial 146 finished with value: 0.2543166819109513 and parameters: {'model_name': 'IterativeImputer', 'estimator': 'RFR', 'initial_strategy': 'mean', 'n_nearest_features': 9, 'imputation_order': 'descending'}. Best is trial 133 with value: 0.2529621190360718.
running
[I 2024-11-16 22:29:15,107] Trial 148 finished with value: 0.2534708232616726 and parameters: {'model_name': 'IterativeImputer', 'estimator': 'RFR', 'initial_strategy': 'mean', 'n_nearest_features': 9, 'imputation_order': 'roman'}. Best is trial 133 with value: 0.2529621190360718.
running
[I 2024-11-16 22:29:56,842] Trial 147 finished with value: 0.2548651911567034 and parameters: {'model_name': 'IterativeImputer', 'estimator': 'RFR', 'initial_strategy': 'mean', 'n_nearest_features': 9, 'imputation_order': 'descending'}. Best is trial 133 with value: 0.2529621190360718.
running
[I 2024-11-16 22:31:59,504] Trial 149 finished with value: 0.2544865321909164 and parameters: {'model_name': 'IterativeImputer', 'estimator': 'RFR', 'initial_strategy': 'most_frequent', 'n_nearest_features': 9, 'imputation_order': 'roman'}. Best is trial 133 with value: 0.2529621190360718.
running
[I 2024-11-16 22:38:03,448] Trial 150 finished with value: 0.253912200016226 and parameters: {'model_name': 'IterativeImputer', 'estimator': 'RFR', 'initial_strategy': 'mean', 'n_nearest_features': 9, 'imputation_order': 'roman'}. Best is trial 133 with value: 0.2529621190360718.
running
[I 2024-11-16 22:38:29,570] Trial 151 finished with value: 0.25410580861052434 and parameters: {'model_name': 'IterativeImputer', 'estimator': 'RFR', 'initial_strategy': 'mean', 'n_nearest_features': 8, 'imputation_order': 'roman'}. Best is trial 133 with value: 0.2529621190360718.
running
[I 2024-11-16 22:42:15,887] Trial 152 finished with value: 0.2542429240401818 and parameters: {'model_name': 'IterativeImputer', 'estimator': 'RFR', 'initial_strategy': 'mean', 'n_nearest_features': 8, 'imputation_order': 'roman'}. Best is trial 133 with value: 0.2529621190360718.
running
[I 2024-11-16 22:43:02,775] Trial 153 finished with value: 0.2537620310069042 and parameters: {'model_name': 'IterativeImputer', 'estimator': 'RFR', 'initial_strategy': 'mean', 'n_nearest_features': 8, 'imputation_order': 'roman'}. Best is trial 133 with value: 0.2529621190360718.
running
[I 2024-11-16 22:43:21,564] Trial 172 finished with value: 0.32051076005963114 and parameters: {'model_name': 'KNNImputer', 'n_neighbors': 14454, 'weights': 'distance'}. Best is trial 133 with value: 0.2529621190360718.
running
[I 2024-11-16 22:43:37,410] Trial 173 finished with value: 0.27634835681754805 and parameters: {'model_name': 'IterativeImputer', 'estimator': 'Ridge', 'initial_strategy': 'mean', 'n_nearest_features': 9, 'imputation_order': 'roman'}. Best is trial 133 with value: 0.2529621190360718.
running
[I 2024-11-16 22:44:42,535] Trial 155 finished with value: 0.25337685546819 and parameters: {'model_name': 'IterativeImputer', 'estimator': 'RFR', 'initial_strategy': 'most_frequent', 'n_nearest_features': 8, 'imputation_order': 'roman'}. Best is trial 133 with value: 0.2529621190360718.
running
[I 2024-11-16 22:48:22,721] Trial 156 finished with value: 0.2544575776920441 and parameters: {'model_name': 'IterativeImputer', 'estimator': 'RFR', 'initial_strategy': 'mean', 'n_nearest_features': 9, 'imputation_order': 'roman'}. Best is trial 133 with value: 0.2529621190360718.
running
[I 2024-11-16 22:49:57,505] Trial 157 finished with value: 0.2539580084316676 and parameters: {'model_name': 'IterativeImputer', 'estimator': 'RFR', 'initial_strategy': 'mean', 'n_nearest_features': 8, 'imputation_order': 'roman'}. Best is trial 133 with value: 0.2529621190360718.
running
[I 2024-11-16 22:50:26,669] Trial 158 finished with value: 0.25370587986251203 and parameters: {'model_name': 'IterativeImputer', 'estimator': 'RFR', 'initial_strategy': 'mean', 'n_nearest_features': 8, 'imputation_order': 'roman'}. Best is trial 133 with value: 0.2529621190360718.
running
[I 2024-11-16 22:51:54,228] Trial 163 finished with value: 0.2600671867003584 and parameters: {'model_name': 'IterativeImputer', 'estimator': 'RFR', 'initial_strategy': 'mean', 'n_nearest_features': 6, 'imputation_order': 'random'}. Best is trial 133 with value: 0.2529621190360718.
running
[I 2024-11-16 22:56:46,032] Trial 159 finished with value: 0.2536522110583559 and parameters: {'model_name': 'IterativeImputer', 'estimator': 'RFR', 'initial_strategy': 'most_frequent', 'n_nearest_features': 8, 'imputation_order': 'roman'}. Best is trial 133 with value: 0.2529621190360718.
running
[I 2024-11-16 22:56:51,121] Trial 164 finished with value: 0.2615683282639913 and parameters: {'model_name': 'IterativeImputer', 'estimator': 'RFR', 'initial_strategy': 'most_frequent', 'n_nearest_features': 6, 'imputation_order': 'arabic'}. Best is trial 133 with value: 0.2529621190360718.
running
[I 2024-11-16 23:00:12,476] Trial 160 finished with value: 0.25382436858586066 and parameters: {'model_name': 'IterativeImputer', 'estimator': 'RFR', 'initial_strategy': 'most_frequent', 'n_nearest_features': 8, 'imputation_order': 'roman'}. Best is trial 133 with value: 0.2529621190360718.
running
[I 2024-11-16 23:00:12,686] Trial 182 finished with value: 0.5642405359566105 and parameters: {'model_name': 'SimpleImputer', 'strategy': 'constant'}. Best is trial 133 with value: 0.2529621190360718.
running
[I 2024-11-16 23:09:20,491] Trial 170 finished with value: 0.26093372450044605 and parameters: {'model_name': 'IterativeImputer', 'estimator': 'RFR', 'initial_strategy': 'mean', 'n_nearest_features': 6, 'imputation_order': 'roman'}. Best is trial 133 with value: 0.2529621190360718.
running
[I 2024-11-16 23:09:57,647] Trial 166 finished with value: 0.25444794420308625 and parameters: {'model_name': 'IterativeImputer', 'estimator': 'RFR', 'initial_strategy': 'mean', 'n_nearest_features': 9, 'imputation_order': 'arabic'}. Best is trial 133 with value: 0.2529621190360718.
running
[I 2024-11-16 23:10:53,852] Trial 165 finished with value: 0.2544599669828494 and parameters: {'model_name': 'IterativeImputer', 'estimator': 'RFR', 'initial_strategy': 'median', 'n_nearest_features': 8, 'imputation_order': 'arabic'}. Best is trial 133 with value: 0.2529621190360718.
running
[I 2024-11-16 23:11:54,396] Trial 167 finished with value: 0.25455935291571047 and parameters: {'model_name': 'IterativeImputer', 'estimator': 'RFR', 'initial_strategy': 'median', 'n_nearest_features': 8, 'imputation_order': 'arabic'}. Best is trial 133 with value: 0.2529621190360718.
running
[I 2024-11-16 23:13:10,033] Trial 168 finished with value: 0.2535924747446575 and parameters: {'model_name': 'IterativeImputer', 'estimator': 'RFR', 'initial_strategy': 'median', 'n_nearest_features': 8, 'imputation_order': 'roman'}. Best is trial 133 with value: 0.2529621190360718.
running
[I 2024-11-16 23:14:02,032] Trial 171 finished with value: 0.26102211602669456 and parameters: {'model_name': 'IterativeImputer', 'estimator': 'RFR', 'initial_strategy': 'mean', 'n_nearest_features': 6, 'imputation_order': 'roman'}. Best is trial 133 with value: 0.2529621190360718.
running
[I 2024-11-16 23:20:04,675] Trial 169 finished with value: 0.2539912464345832 and parameters: {'model_name': 'IterativeImputer', 'estimator': 'RFR', 'initial_strategy': 'mean', 'n_nearest_features': 8, 'imputation_order': 'roman'}. Best is trial 133 with value: 0.2529621190360718.
running
[I 2024-11-16 23:25:17,210] Trial 174 finished with value: 0.25444265370130026 and parameters: {'model_name': 'IterativeImputer', 'estimator': 'RFR', 'initial_strategy': 'mean', 'n_nearest_features': 9, 'imputation_order': 'roman'}. Best is trial 133 with value: 0.2529621190360718.
running
[I 2024-11-16 23:26:32,981] Trial 175 finished with value: 0.2541561542827327 and parameters: {'model_name': 'IterativeImputer', 'estimator': 'RFR', 'initial_strategy': 'mean', 'n_nearest_features': 8, 'imputation_order': 'roman'}. Best is trial 133 with value: 0.2529621190360718.
running
[I 2024-11-16 23:28:21,817] Trial 176 finished with value: 0.25402366467898896 and parameters: {'model_name': 'IterativeImputer', 'estimator': 'RFR', 'initial_strategy': 'mean', 'n_nearest_features': 8, 'imputation_order': 'roman'}. Best is trial 133 with value: 0.2529621190360718.
running
[I 2024-11-16 23:28:28,880] Trial 193 finished with value: 0.5482354658138332 and parameters: {'model_name': 'GAIN', 'batch_size': 148, 'hint_rate': 0.6609212501895743, 'alpha': 81, 'iterations': 152, 'learning_rate': 0.0007647823659885688, 'p_miss': 0.07243149041516343}. Best is trial 133 with value: 0.2529621190360718.
running
[I 2024-11-16 23:30:56,668] Trial 178 finished with value: 0.25390395466070204 and parameters: {'model_name': 'IterativeImputer', 'estimator': 'RFR', 'initial_strategy': 'mean', 'n_nearest_features': 8, 'imputation_order': 'roman'}. Best is trial 133 with value: 0.2529621190360718.
running
[I 2024-11-16 23:31:33,992] Trial 195 finished with value: 0.27653077997693326 and parameters: {'model_name': 'IterativeImputer', 'estimator': 'Bayesian', 'initial_strategy': 'most_frequent', 'n_nearest_features': 7, 'imputation_order': 'roman', 'sample_posterior': False}. Best is trial 133 with value: 0.2529621190360718.
running
[I 2024-11-16 23:31:35,426] Trial 177 finished with value: 0.25449860458572876 and parameters: {'model_name': 'IterativeImputer', 'estimator': 'RFR', 'initial_strategy': 'mean', 'n_nearest_features': 8, 'imputation_order': 'roman'}. Best is trial 133 with value: 0.2529621190360718.
running
[I 2024-11-16 23:31:52,899] Trial 179 finished with value: 0.2548585530664268 and parameters: {'model_name': 'IterativeImputer', 'estimator': 'RFR', 'initial_strategy': 'mean', 'n_nearest_features': 8, 'imputation_order': 'roman'}. Best is trial 133 with value: 0.2529621190360718.
running
[I 2024-11-16 23:33:23,602] Trial 181 finished with value: 0.25584619730735203 and parameters: {'model_name': 'IterativeImputer', 'estimator': 'RFR', 'initial_strategy': 'mean', 'n_nearest_features': 7, 'imputation_order': 'roman'}. Best is trial 133 with value: 0.2529621190360718.
running
[I 2024-11-16 23:36:59,268] Trial 180 finished with value: 0.25445212053377475 and parameters: {'model_name': 'IterativeImputer', 'estimator': 'RFR', 'initial_strategy': 'mean', 'n_nearest_features': 8, 'imputation_order': 'roman'}. Best is trial 133 with value: 0.2529621190360718.
[I 2024-11-16 23:41:17,830] Trial 183 finished with value: 0.2550659408748236 and parameters: {'model_name': 'IterativeImputer', 'estimator': 'RFR', 'initial_strategy': 'most_frequent', 'n_nearest_features': 8, 'imputation_order': 'roman'}. Best is trial 133 with value: 0.2529621190360718.
[I 2024-11-16 23:44:21,883] Trial 184 finished with value: 0.2561911667631601 and parameters: {'model_name': 'IterativeImputer', 'estimator': 'RFR', 'initial_strategy': 'most_frequent', 'n_nearest_features': 7, 'imputation_order': 'roman'}. Best is trial 133 with value: 0.2529621190360718.
[I 2024-11-16 23:48:27,014] Trial 187 finished with value: 0.25756898066853995 and parameters: {'model_name': 'IterativeImputer', 'estimator': 'RFR', 'initial_strategy': 'most_frequent', 'n_nearest_features': 7, 'imputation_order': 'roman'}. Best is trial 133 with value: 0.2529621190360718.
[I 2024-11-16 23:48:39,205] Trial 188 finished with value: 0.2561387241645863 and parameters: {'model_name': 'IterativeImputer', 'estimator': 'RFR', 'initial_strategy': 'most_frequent', 'n_nearest_features': 7, 'imputation_order': 'roman'}. Best is trial 133 with value: 0.2529621190360718.
[I 2024-11-16 23:49:51,918] Trial 185 finished with value: 0.25426841290710317 and parameters: {'model_name': 'IterativeImputer', 'estimator': 'RFR', 'initial_strategy': 'most_frequent', 'n_nearest_features': 8, 'imputation_order': 'roman'}. Best is trial 133 with value: 0.2529621190360718.
[I 2024-11-16 23:50:29,533] Trial 189 finished with value: 0.2562178732200941 and parameters: {'model_name': 'IterativeImputer', 'estimator': 'RFR', 'initial_strategy': 'most_frequent', 'n_nearest_features': 7, 'imputation_order': 'roman'}. Best is trial 133 with value: 0.2529621190360718.
[I 2024-11-16 23:52:10,198] Trial 186 finished with value: 0.2537118700156636 and parameters: {'model_name': 'IterativeImputer', 'estimator': 'RFR', 'initial_strategy': 'most_frequent', 'n_nearest_features': 8, 'imputation_order': 'roman'}. Best is trial 133 with value: 0.2529621190360718.
[I 2024-11-16 23:56:03,940] Trial 190 finished with value: 0.25556572995230736 and parameters: {'model_name': 'IterativeImputer', 'estimator': 'RFR', 'initial_strategy': 'most_frequent', 'n_nearest_features': 7, 'imputation_order': 'roman'}. Best is trial 133 with value: 0.2529621190360718.
[I 2024-11-17 00:01:09,995] Trial 191 finished with value: 0.25664239873983924 and parameters: {'model_name': 'IterativeImputer', 'estimator': 'RFR', 'initial_strategy': 'most_frequent', 'n_nearest_features': 7, 'imputation_order': 'roman'}. Best is trial 133 with value: 0.2529621190360718.
[I 2024-11-17 00:02:04,129] Trial 192 finished with value: 0.2559457522661453 and parameters: {'model_name': 'IterativeImputer', 'estimator': 'RFR', 'initial_strategy': 'most_frequent', 'n_nearest_features': 7, 'imputation_order': 'roman'}. Best is trial 133 with value: 0.2529621190360718.
[I 2024-11-17 00:03:07,154] Trial 194 finished with value: 0.25638113375655297 and parameters: {'model_name': 'IterativeImputer', 'estimator': 'RFR', 'initial_strategy': 'most_frequent', 'n_nearest_features': 7, 'imputation_order': 'roman'}. Best is trial 133 with value: 0.2529621190360718.
[I 2024-11-17 00:05:21,699] Trial 196 finished with value: 0.25598925452358356 and parameters: {'model_name': 'IterativeImputer', 'estimator': 'RFR', 'initial_strategy': 'most_frequent', 'n_nearest_features': 7, 'imputation_order': 'roman'}. Best is trial 133 with value: 0.2529621190360718.
[I 2024-11-17 00:05:49,225] Trial 197 finished with value: 0.2554364156603982 and parameters: {'model_name': 'IterativeImputer', 'estimator': 'RFR', 'initial_strategy': 'most_frequent', 'n_nearest_features': 7, 'imputation_order': 'roman'}. Best is trial 133 with value: 0.2529621190360718.
[I 2024-11-17 00:10:05,888] Trial 198 finished with value: 0.25376165701548314 and parameters: {'model_name': 'IterativeImputer', 'estimator': 'RFR', 'initial_strategy': 'most_frequent', 'n_nearest_features': 8, 'imputation_order': 'roman'}. Best is trial 133 with value: 0.2529621190360718.
[I 2024-11-17 00:11:58,752] Trial 199 finished with value: 0.254351077986974 and parameters: {'model_name': 'IterativeImputer', 'estimator': 'RFR', 'initial_strategy': 'most_frequent', 'n_nearest_features': 8, 'imputation_order': 'roman'}. Best is trial 133 with value: 0.2529621190360718.
fit
auto fit
auto transform
0    0
1    0
2    0
3    0
4    0
5    0
6    0
7    0
8    0
dtype: int64
0    0
1    0
2    0
3    0
4    0
5    0
6    0
7    0
8    0
dtype: int64
0.2529621190360718
{'model_name': 'IterativeImputer', 'estimator': 'RFR', 'initial_strategy': 'most_frequent', 'n_nearest_features': 9, 'imputation_order': 'random'}
running experiment 2/3 - Does reconstruction give good automl predictions
Start est fit
Version 0.1.7a0 of tpot2 is outdated. Version 0.1.8a0 was released Tuesday September 17, 2024.
Version 0.1.7a0 of tpot2 is outdated. Version 0.1.8a0 was released Tuesday September 17, 2024.
Version 0.1.7a0 of tpot2 is outdated. Version 0.1.8a0 was released Tuesday September 17, 2024.
Version 0.1.7a0 of tpot2 is outdated. Version 0.1.8a0 was released Tuesday September 17, 2024.
Version 0.1.7a0 of tpot2 is outdated. Version 0.1.8a0 was released Tuesday September 17, 2024.
Version 0.1.7a0 of tpot2 is outdated. Version 0.1.8a0 was released Tuesday September 17, 2024.
Version 0.1.7a0 of tpot2 is outdated. Version 0.1.8a0 was released Tuesday September 17, 2024.
Version 0.1.7a0 of tpot2 is outdated. Version 0.1.8a0 was released Tuesday September 17, 2024.
Version 0.1.7a0 of tpot2 is outdated. Version 0.1.8a0 was released Tuesday September 17, 2024.
Version 0.1.7a0 of tpot2 is outdated. Version 0.1.8a0 was released Tuesday September 17, 2024.
Version 0.1.7a0 of tpot2 is outdated. Version 0.1.8a0 was released Tuesday September 17, 2024.
Version 0.1.7a0 of tpot2 is outdated. Version 0.1.8a0 was released Tuesday September 17, 2024.
Version 0.1.7a0 of tpot2 is outdated. Version 0.1.8a0 was released Tuesday September 17, 2024.
Version 0.1.7a0 of tpot2 is outdated. Version 0.1.8a0 was released Tuesday September 17, 2024.
Version 0.1.7a0 of tpot2 is outdated. Version 0.1.8a0 was released Tuesday September 17, 2024.
Version 0.1.7a0 of tpot2 is outdated. Version 0.1.8a0 was released Tuesday September 17, 2024.
  0%|          | 0/25 [00:00<?, ?it/s]Generation:   0%|          | 0/25 [00:00<?, ?it/s]Generation:  1
Best f1_score score: 0.6172988186449454
Generation:   4%|         | 1/25 [00:29<11:53, 29.72s/it]Generation:  2
Best f1_score score: 0.618153883559437
Generation:   8%|         | 2/25 [01:00<11:37, 30.31s/it]Generation:  3
Best f1_score score: 0.618153883559437
Generation:  12%|        | 3/25 [01:24<10:02, 27.37s/it]Generation:  4
Best f1_score score: 0.618153883559437
Generation:  16%|        | 4/25 [02:46<17:11, 49.13s/it]Generation:  5
Best f1_score score: 0.618153883559437
Generation:  20%|        | 5/25 [03:31<15:51, 47.59s/it]Generation:  6
Best f1_score score: 0.6232061016784525
Generation:  24%|       | 6/25 [04:07<13:46, 43.49s/it]WARNING THIS INDIVIDUAL CAUSED AND EXCEPTION 
 <tpot2.search_spaces.pipelines.sequential.SequentialPipelineIndividual object at 0x155467fc5f90> 
 The 'min_samples_split' parameter of DecisionTreeClassifier must be an int in the range [2, inf) or a float in the range (0.0, 1.0]. Got 1 instead. 
 Traceback (most recent call last):
  File "/common/ketrong/tpotexp/tpot2/tpot2/utils/eval_utils.py", line 53, in objective_nan_wrapper
    value = func_timeout.func_timeout(timeout, objective_function, args=[individual], kwargs=objective_kwargs)
  File "/common/ketrong/tpotexp/env/lib/python3.10/site-packages/func_timeout/dafunc.py", line 108, in func_timeout
    raise_exception(exception)
  File "/common/ketrong/tpotexp/env/lib/python3.10/site-packages/func_timeout/py3_raise.py", line 7, in raise_exception
    raise exception[0] from None
  File "/common/ketrong/tpotexp/tpot2/tpot2/tpot_estimator/estimator.py", line 623, in objective_function
    return objective_function_generator(
  File "/common/ketrong/tpotexp/tpot2/tpot2/tpot_estimator/estimator_utils.py", line 55, in objective_function_generator
    cv_obj_scores = cross_val_score_objective(sklearn.base.clone(pipeline),x,y,scorers=scorers, cv=cv , fold=step)
  File "/common/ketrong/tpotexp/tpot2/tpot2/tpot_estimator/cross_val_utils.py", line 28, in cross_val_score_objective
    this_fold_pipeline.fit(X_train,y_train)
  File "/common/ketrong/tpotexp/env/lib/python3.10/site-packages/sklearn/base.py", line 1473, in wrapper
    return fit_method(estimator, *args, **kwargs)
  File "/common/ketrong/tpotexp/env/lib/python3.10/site-packages/sklearn/pipeline.py", line 473, in fit
    self._final_estimator.fit(Xt, y, **last_step_params["fit"])
  File "/common/ketrong/tpotexp/env/lib/python3.10/site-packages/sklearn/base.py", line 1466, in wrapper
    estimator._validate_params()
  File "/common/ketrong/tpotexp/env/lib/python3.10/site-packages/sklearn/base.py", line 666, in _validate_params
    validate_parameter_constraints(
  File "/common/ketrong/tpotexp/env/lib/python3.10/site-packages/sklearn/utils/_param_validation.py", line 95, in validate_parameter_constraints
    raise InvalidParameterError(
sklearn.utils._param_validation.InvalidParameterError: The 'min_samples_split' parameter of DecisionTreeClassifier must be an int in the range [2, inf) or a float in the range (0.0, 1.0]. Got 1 instead.

Generation:  7
Best f1_score score: 0.6232061016784525
Generation:  28%|       | 7/25 [04:52<13:15, 44.18s/it]Generation:  8
Best f1_score score: 0.6232061016784525
Generation:  32%|      | 8/25 [05:45<13:18, 46.94s/it]Generation:  9
Best f1_score score: 0.623567235111578
Generation:  36%|      | 9/25 [06:46<13:42, 51.43s/it]Generation:  10
Best f1_score score: 0.623567235111578
Generation:  40%|      | 10/25 [07:34<12:32, 50.16s/it]Generation:  11
Best f1_score score: 0.623567235111578
Generation:  44%|     | 11/25 [08:39<12:44, 54.64s/it]Generation:  12
Best f1_score score: 0.623567235111578
Generation:  48%|     | 12/25 [10:09<14:12, 65.60s/it]Generation:  13
Best f1_score score: 0.623567235111578
Generation:  52%|    | 13/25 [10:59<12:10, 60.87s/it]Generation:  14
Best f1_score score: 0.623567235111578
Generation:  56%|    | 14/25 [11:42<10:09, 55.45s/it]Generation:  15
Best f1_score score: 0.623567235111578
Generation:  60%|    | 15/25 [12:46<09:40, 58.09s/it]Generation:  16
Best f1_score score: 0.623567235111578
Generation:  64%|   | 16/25 [13:51<09:00, 60.09s/it]Generation:  17
Best f1_score score: 0.623567235111578
Generation:  68%|   | 17/25 [15:37<09:51, 73.95s/it]Generation:  18
Best f1_score score: 0.623567235111578
Generation:  72%|  | 18/25 [16:28<07:49, 67.11s/it]WARNING AN INDIVIDUAL TIMED OUT: 
 <tpot2.search_spaces.pipelines.sequential.SequentialPipelineIndividual object at 0x155467f2f370> 

Generation:  19
Best f1_score score: 0.6252688504847161
Generation:  76%|  | 19/25 [26:41<23:05, 230.86s/it]Generation:  20
Best f1_score score: 0.6252688504847161
Generation:  80%|  | 20/25 [27:37<14:52, 178.54s/it]Generation:  21
Best f1_score score: 0.6252688504847161
Generation:  84%| | 21/25 [28:29<09:21, 140.32s/it]Generation:  22
Best f1_score score: 0.6252688504847161
Generation:  88%| | 22/25 [29:24<05:44, 114.95s/it]Generation:  23
Best f1_score score: 0.6252688504847161
Generation:  92%|| 23/25 [30:25<03:17, 98.63s/it] Generation:  24
Best f1_score score: 0.6252688504847161
Generation:  96%|| 24/25 [31:13<01:23, 83.31s/it]Generation:  25
Best f1_score score: 0.6252688504847161
Generation: 100%|| 25/25 [32:15<00:00, 77.02s/it]Generation: 100%|| 25/25 [32:19<00:00, 77.57s/it]
2024-11-17 00:51:23,759 - distributed.scheduler - ERROR - Removing worker 'tcp://127.0.0.1:35953' caused the cluster to lose scattered data, which can't be recovered: {'ndarray-b7e4639ccb3c3412fc3ae1fd38edaaae', 'ndarray-c125ee2e82255b2ce264a1a9ba5515e1'} (stimulus_id='handle-worker-cleanup-1731833483.7592325')
Fitted
Pipeline(steps=[('randomforestclassifier',
                 RandomForestClassifier(class_weight='balanced',
                                        max_features=0.6575848355464,
                                        min_samples_split=16,
                                        n_estimators=128))])
score start
train score: {'auroc': 0.9786101222708555, 'accuracy': 0.950982262063704, 'balanced_accuracy': 0.9409072077425565, 'logloss': 0.17366400250173972, 'f1': 0.8302638299623676}
original test score: {'auroc': 0.8196066785596016, 'accuracy': 0.9223375038144644, 'balanced_accuracy': 0.6529279053122964, 'logloss': 0.2593322390047789, 'f1': 0.6501309130457353}
imputed test score: {'auroc': 0.7612265390490638, 'accuracy': 0.9122673176685994, 'balanced_accuracy': 0.6104350891436019, 'logloss': 0.2847576481791066, 'f1': 0.6076180948703033}
score end
check intended
EXP2 Finished
running experiment 3/3 - What is the best automl settings?
<tpot2.search_spaces.pipelines.sequential.SequentialPipeline object at 0x155435014610>
Start tpot fit
Version 0.1.7a0 of tpot2 is outdated. Version 0.1.8a0 was released Tuesday September 17, 2024.
Version 0.1.7a0 of tpot2 is outdated. Version 0.1.8a0 was released Tuesday September 17, 2024.
Version 0.1.7a0 of tpot2 is outdated. Version 0.1.8a0 was released Tuesday September 17, 2024.
Version 0.1.7a0 of tpot2 is outdated. Version 0.1.8a0 was released Tuesday September 17, 2024.
Version 0.1.7a0 of tpot2 is outdated. Version 0.1.8a0 was released Tuesday September 17, 2024.
Version 0.1.7a0 of tpot2 is outdated. Version 0.1.8a0 was released Tuesday September 17, 2024.
Version 0.1.7a0 of tpot2 is outdated. Version 0.1.8a0 was released Tuesday September 17, 2024.
Version 0.1.7a0 of tpot2 is outdated. Version 0.1.8a0 was released Tuesday September 17, 2024.
Version 0.1.7a0 of tpot2 is outdated. Version 0.1.8a0 was released Tuesday September 17, 2024.
Version 0.1.7a0 of tpot2 is outdated. Version 0.1.8a0 was released Tuesday September 17, 2024.
Version 0.1.7a0 of tpot2 is outdated. Version 0.1.8a0 was released Tuesday September 17, 2024.
Version 0.1.7a0 of tpot2 is outdated. Version 0.1.8a0 was released Tuesday September 17, 2024.
Version 0.1.7a0 of tpot2 is outdated. Version 0.1.8a0 was released Tuesday September 17, 2024.
Version 0.1.7a0 of tpot2 is outdated. Version 0.1.8a0 was released Tuesday September 17, 2024.
Version 0.1.7a0 of tpot2 is outdated. Version 0.1.8a0 was released Tuesday September 17, 2024.
Version 0.1.7a0 of tpot2 is outdated. Version 0.1.8a0 was released Tuesday September 17, 2024.
  0%|          | 0/25 [00:00<?, ?it/s]Generation:   0%|          | 0/25 [00:00<?, ?it/s]WARNING AN INDIVIDUAL TIMED OUT: 
 <tpot2.search_spaces.pipelines.sequential.SequentialPipelineIndividual object at 0x155474cd4e20> 

Generation:  1
Best f1_score score: 0.5882932792787551
Generation:   4%|         | 1/25 [10:02<4:01:00, 602.54s/it]corrupted size vs. prev_size
2024-11-17 01:06:58,768 - distributed.nanny - WARNING - Restarting worker
Version 0.1.7a0 of tpot2 is outdated. Version 0.1.8a0 was released Tuesday September 17, 2024.
WARNING AN INDIVIDUAL TIMED OUT: 
 <tpot2.search_spaces.pipelines.sequential.SequentialPipelineIndividual object at 0x155474597820> 

corrupted size vs. prev_size
2024-11-17 01:12:16,593 - distributed.scheduler - ERROR - Task eval_objective_list-5e5276b31df0647e578672c9946cc924 marked as failed because 2 workers died while trying to run it
2024-11-17 01:12:16,593 - distributed.scheduler - ERROR - Removing worker 'tcp://127.0.0.1:34563' caused the cluster to lose scattered data, which can't be recovered: {'DataFrame-09b22baaf4f5bac7b8f44a8c43066bd0', 'ndarray-b7e4639ccb3c3412fc3ae1fd38edaaae'} (stimulus_id='handle-worker-cleanup-1731834736.5932252')
Exception in future
2024-11-17 01:12:16,603 - distributed.nanny - WARNING - Restarting worker
Attempted to run task 'eval_objective_list-5e5276b31df0647e578672c9946cc924' on 2 different workers, but all those workers died while running it. The last worker that attempt to run the task was tcp://127.0.0.1:34563. Inspecting worker logs is often a good next step to diagnose what went wrong. For more information see https://distributed.dask.org/en/stable/killed.html.
Generation:  2
Best f1_score score: 0.5882932792787551
Generation:   8%|         | 2/25 [20:42<3:59:23, 624.52s/it]Cancelled future (likely memory related)
Cancelled future (likely memory related)
Cancelled future (likely memory related)
Cancelled future (likely memory related)
Cancelled future (likely memory related)
Cancelled future (likely memory related)
Cancelled future (likely memory related)
Cancelled future (likely memory related)
Cancelled future (likely memory related)
Cancelled future (likely memory related)
Cancelled future (likely memory related)
Cancelled future (likely memory related)
Cancelled future (likely memory related)
Cancelled future (likely memory related)
Cancelled future (likely memory related)
Cancelled future (likely memory related)
Generation:  3
Best f1_score score: 0.5882932792787551
Generation:  12%|        | 3/25 [20:46<2:05:02, 341.02s/it]Version 0.1.7a0 of tpot2 is outdated. Version 0.1.8a0 was released Tuesday September 17, 2024.
Cancelled future (likely memory related)
Cancelled future (likely memory related)
Cancelled future (likely memory related)
Cancelled future (likely memory related)
Cancelled future (likely memory related)
Cancelled future (likely memory related)
Cancelled future (likely memory related)
Cancelled future (likely memory related)
Cancelled future (likely memory related)
Cancelled future (likely memory related)
Cancelled future (likely memory related)
Cancelled future (likely memory related)
Cancelled future (likely memory related)
Cancelled future (likely memory related)
Cancelled future (likely memory related)
Cancelled future (likely memory related)
Generation:  4
Best f1_score score: 0.5882932792787551
Generation:  16%|        | 4/25 [20:48<1:12:37, 207.52s/it]Cancelled future (likely memory related)
Cancelled future (likely memory related)
Cancelled future (likely memory related)
Cancelled future (likely memory related)
Cancelled future (likely memory related)
Cancelled future (likely memory related)
Cancelled future (likely memory related)
Cancelled future (likely memory related)
Cancelled future (likely memory related)
Cancelled future (likely memory related)
Cancelled future (likely memory related)
Cancelled future (likely memory related)
Cancelled future (likely memory related)
Cancelled future (likely memory related)
Cancelled future (likely memory related)
Cancelled future (likely memory related)
Generation:  5
Best f1_score score: 0.5882932792787551
Generation:  20%|        | 5/25 [20:52<44:41, 134.06s/it]  Cancelled future (likely memory related)
Cancelled future (likely memory related)
Cancelled future (likely memory related)
Cancelled future (likely memory related)
Cancelled future (likely memory related)
Cancelled future (likely memory related)
Cancelled future (likely memory related)
Cancelled future (likely memory related)
Cancelled future (likely memory related)
Cancelled future (likely memory related)
Cancelled future (likely memory related)
Cancelled future (likely memory related)
Cancelled future (likely memory related)
Cancelled future (likely memory related)
Cancelled future (likely memory related)
Cancelled future (likely memory related)
Generation:  6
Best f1_score score: 0.5882932792787551
Generation:  24%|       | 6/25 [20:56<28:23, 89.67s/it] Cancelled future (likely memory related)
Cancelled future (likely memory related)
Cancelled future (likely memory related)
Cancelled future (likely memory related)
Cancelled future (likely memory related)
Cancelled future (likely memory related)
Cancelled future (likely memory related)
Cancelled future (likely memory related)
Cancelled future (likely memory related)
Cancelled future (likely memory related)
Cancelled future (likely memory related)
Cancelled future (likely memory related)
Cancelled future (likely memory related)
Cancelled future (likely memory related)
Cancelled future (likely memory related)
Cancelled future (likely memory related)
Generation:  7
Best f1_score score: 0.5882932792787551
Generation:  28%|       | 7/25 [20:58<18:22, 61.24s/it]Cancelled future (likely memory related)
Cancelled future (likely memory related)
Cancelled future (likely memory related)
Cancelled future (likely memory related)
Cancelled future (likely memory related)
Cancelled future (likely memory related)
Cancelled future (likely memory related)
Cancelled future (likely memory related)
Cancelled future (likely memory related)
Cancelled future (likely memory related)
Cancelled future (likely memory related)
Cancelled future (likely memory related)
Cancelled future (likely memory related)
Cancelled future (likely memory related)
Cancelled future (likely memory related)
Cancelled future (likely memory related)
Generation:  8
Best f1_score score: 0.5882932792787551
Generation:  32%|      | 8/25 [21:02<12:09, 42.89s/it]Cancelled future (likely memory related)
Cancelled future (likely memory related)
Cancelled future (likely memory related)
Cancelled future (likely memory related)
Cancelled future (likely memory related)
Cancelled future (likely memory related)
Cancelled future (likely memory related)
Cancelled future (likely memory related)
Cancelled future (likely memory related)
Cancelled future (likely memory related)
Cancelled future (likely memory related)
Cancelled future (likely memory related)
Cancelled future (likely memory related)
Cancelled future (likely memory related)
Cancelled future (likely memory related)
Cancelled future (likely memory related)
Generation:  9
Best f1_score score: 0.5882932792787551
Generation:  36%|      | 9/25 [21:05<08:05, 30.34s/it]Cancelled future (likely memory related)
Cancelled future (likely memory related)
Cancelled future (likely memory related)
Cancelled future (likely memory related)
Cancelled future (likely memory related)
Cancelled future (likely memory related)
Cancelled future (likely memory related)
Cancelled future (likely memory related)
Cancelled future (likely memory related)
Cancelled future (likely memory related)
Cancelled future (likely memory related)
Cancelled future (likely memory related)
Cancelled future (likely memory related)
Cancelled future (likely memory related)
Cancelled future (likely memory related)
Cancelled future (likely memory related)
Generation:  10
Best f1_score score: 0.5882932792787551
Generation:  40%|      | 10/25 [21:09<05:31, 22.12s/it]Cancelled future (likely memory related)
Cancelled future (likely memory related)
Cancelled future (likely memory related)
Cancelled future (likely memory related)
Cancelled future (likely memory related)
Cancelled future (likely memory related)
Cancelled future (likely memory related)
Cancelled future (likely memory related)
Cancelled future (likely memory related)
Cancelled future (likely memory related)
Cancelled future (likely memory related)
Cancelled future (likely memory related)
Cancelled future (likely memory related)
Cancelled future (likely memory related)
Cancelled future (likely memory related)
Cancelled future (likely memory related)
Generation:  11
Best f1_score score: 0.5882932792787551
Generation:  44%|     | 11/25 [21:12<03:50, 16.49s/it]Cancelled future (likely memory related)
Cancelled future (likely memory related)
Cancelled future (likely memory related)
Cancelled future (likely memory related)
Cancelled future (likely memory related)
Cancelled future (likely memory related)
Cancelled future (likely memory related)
Cancelled future (likely memory related)
Cancelled future (likely memory related)
Cancelled future (likely memory related)
Cancelled future (likely memory related)
Cancelled future (likely memory related)
Cancelled future (likely memory related)
Cancelled future (likely memory related)
Cancelled future (likely memory related)
Cancelled future (likely memory related)
Generation:  12
Best f1_score score: 0.5882932792787551
Generation:  48%|     | 12/25 [21:15<02:41, 12.39s/it]Cancelled future (likely memory related)
Cancelled future (likely memory related)
Cancelled future (likely memory related)
Cancelled future (likely memory related)
Cancelled future (likely memory related)
Cancelled future (likely memory related)
Cancelled future (likely memory related)
Cancelled future (likely memory related)
Cancelled future (likely memory related)
Cancelled future (likely memory related)
Cancelled future (likely memory related)
Cancelled future (likely memory related)
Cancelled future (likely memory related)
Cancelled future (likely memory related)
Cancelled future (likely memory related)
Cancelled future (likely memory related)
Generation:  13
Best f1_score score: 0.5882932792787551
Generation:  52%|    | 13/25 [21:19<01:56,  9.73s/it]Cancelled future (likely memory related)
Cancelled future (likely memory related)
Cancelled future (likely memory related)
Cancelled future (likely memory related)
Cancelled future (likely memory related)
Cancelled future (likely memory related)
Cancelled future (likely memory related)
Cancelled future (likely memory related)
Cancelled future (likely memory related)
Cancelled future (likely memory related)
Cancelled future (likely memory related)
Cancelled future (likely memory related)
Cancelled future (likely memory related)
Cancelled future (likely memory related)
Cancelled future (likely memory related)
Cancelled future (likely memory related)
Generation:  14
Best f1_score score: 0.5882932792787551
Generation:  56%|    | 14/25 [21:22<01:24,  7.67s/it]Cancelled future (likely memory related)
Cancelled future (likely memory related)
Cancelled future (likely memory related)
Cancelled future (likely memory related)
Cancelled future (likely memory related)
Cancelled future (likely memory related)
Cancelled future (likely memory related)
Cancelled future (likely memory related)
Cancelled future (likely memory related)
Cancelled future (likely memory related)
Cancelled future (likely memory related)
Cancelled future (likely memory related)
Cancelled future (likely memory related)
Cancelled future (likely memory related)
Cancelled future (likely memory related)
Cancelled future (likely memory related)
Generation:  15
Best f1_score score: 0.5882932792787551
Generation:  60%|    | 15/25 [21:26<01:04,  6.48s/it]Cancelled future (likely memory related)
Cancelled future (likely memory related)
Cancelled future (likely memory related)
Cancelled future (likely memory related)
Cancelled future (likely memory related)
Cancelled future (likely memory related)
Cancelled future (likely memory related)
Cancelled future (likely memory related)
Cancelled future (likely memory related)
Cancelled future (likely memory related)
Cancelled future (likely memory related)
Cancelled future (likely memory related)
Cancelled future (likely memory related)
Cancelled future (likely memory related)
Cancelled future (likely memory related)
Cancelled future (likely memory related)
Generation:  16
Best f1_score score: 0.5882932792787551
Generation:  64%|   | 16/25 [21:28<00:48,  5.43s/it]Cancelled future (likely memory related)
Cancelled future (likely memory related)
Cancelled future (likely memory related)
Cancelled future (likely memory related)
Cancelled future (likely memory related)
Cancelled future (likely memory related)
Cancelled future (likely memory related)
Cancelled future (likely memory related)
Cancelled future (likely memory related)
Cancelled future (likely memory related)
Cancelled future (likely memory related)
Cancelled future (likely memory related)
Cancelled future (likely memory related)
Cancelled future (likely memory related)
Cancelled future (likely memory related)
Cancelled future (likely memory related)
Generation:  17
Best f1_score score: 0.5882932792787551
Generation:  68%|   | 17/25 [21:32<00:39,  4.89s/it]Cancelled future (likely memory related)
Cancelled future (likely memory related)
Cancelled future (likely memory related)
Cancelled future (likely memory related)
Cancelled future (likely memory related)
Cancelled future (likely memory related)
Cancelled future (likely memory related)
Cancelled future (likely memory related)
Cancelled future (likely memory related)
Cancelled future (likely memory related)
Cancelled future (likely memory related)
Cancelled future (likely memory related)
Cancelled future (likely memory related)
Cancelled future (likely memory related)
Cancelled future (likely memory related)
Cancelled future (likely memory related)
Generation:  18
Best f1_score score: 0.5882932792787551
Generation:  72%|  | 18/25 [21:36<00:33,  4.73s/it]Cancelled future (likely memory related)
Cancelled future (likely memory related)
Cancelled future (likely memory related)
Cancelled future (likely memory related)
Cancelled future (likely memory related)
Cancelled future (likely memory related)
Cancelled future (likely memory related)
Cancelled future (likely memory related)
Cancelled future (likely memory related)
Cancelled future (likely memory related)
Cancelled future (likely memory related)
Cancelled future (likely memory related)
Cancelled future (likely memory related)
Cancelled future (likely memory related)
Cancelled future (likely memory related)
Cancelled future (likely memory related)
Generation:  19
Best f1_score score: 0.5882932792787551
Generation:  76%|  | 19/25 [21:40<00:25,  4.22s/it]Cancelled future (likely memory related)
Cancelled future (likely memory related)
Cancelled future (likely memory related)
Cancelled future (likely memory related)
Cancelled future (likely memory related)
Cancelled future (likely memory related)
Cancelled future (likely memory related)
Cancelled future (likely memory related)
Cancelled future (likely memory related)
Cancelled future (likely memory related)
Cancelled future (likely memory related)
Cancelled future (likely memory related)
Cancelled future (likely memory related)
Cancelled future (likely memory related)
Cancelled future (likely memory related)
Cancelled future (likely memory related)
Generation:  20
Best f1_score score: 0.5882932792787551
Generation:  80%|  | 20/25 [21:44<00:20,  4.18s/it]Cancelled future (likely memory related)
Cancelled future (likely memory related)
Cancelled future (likely memory related)
Cancelled future (likely memory related)
Cancelled future (likely memory related)
Cancelled future (likely memory related)
Cancelled future (likely memory related)
Cancelled future (likely memory related)
Cancelled future (likely memory related)
Cancelled future (likely memory related)
Cancelled future (likely memory related)
Cancelled future (likely memory related)
Cancelled future (likely memory related)
Cancelled future (likely memory related)
Cancelled future (likely memory related)
Cancelled future (likely memory related)
Generation:  21
Best f1_score score: 0.5882932792787551
Generation:  84%| | 21/25 [21:47<00:15,  3.83s/it]Cancelled future (likely memory related)
Cancelled future (likely memory related)
Cancelled future (likely memory related)
Cancelled future (likely memory related)
Cancelled future (likely memory related)
Cancelled future (likely memory related)
Cancelled future (likely memory related)
Cancelled future (likely memory related)
Cancelled future (likely memory related)
Cancelled future (likely memory related)
Cancelled future (likely memory related)
Cancelled future (likely memory related)
Cancelled future (likely memory related)
Cancelled future (likely memory related)
Cancelled future (likely memory related)
Cancelled future (likely memory related)
Generation:  22
Best f1_score score: 0.5882932792787551
Generation:  88%| | 22/25 [21:51<00:11,  3.98s/it]Cancelled future (likely memory related)
Cancelled future (likely memory related)
Cancelled future (likely memory related)
Cancelled future (likely memory related)
Cancelled future (likely memory related)
Cancelled future (likely memory related)
Cancelled future (likely memory related)
Cancelled future (likely memory related)
Cancelled future (likely memory related)
Cancelled future (likely memory related)
Cancelled future (likely memory related)
Cancelled future (likely memory related)
Cancelled future (likely memory related)
Cancelled future (likely memory related)
Cancelled future (likely memory related)
Cancelled future (likely memory related)
Generation:  23
Best f1_score score: 0.5882932792787551
Generation:  92%|| 23/25 [21:54<00:07,  3.66s/it]Cancelled future (likely memory related)
Cancelled future (likely memory related)
Cancelled future (likely memory related)
Cancelled future (likely memory related)
Cancelled future (likely memory related)
Cancelled future (likely memory related)
Cancelled future (likely memory related)
Cancelled future (likely memory related)
Cancelled future (likely memory related)
Cancelled future (likely memory related)
Cancelled future (likely memory related)
Cancelled future (likely memory related)
Cancelled future (likely memory related)
Cancelled future (likely memory related)
Cancelled future (likely memory related)
Cancelled future (likely memory related)
Generation:  24
Best f1_score score: 0.5882932792787551
Generation:  96%|| 24/25 [21:58<00:03,  3.78s/it]Cancelled future (likely memory related)
Cancelled future (likely memory related)
Cancelled future (likely memory related)
Cancelled future (likely memory related)
Cancelled future (likely memory related)
Cancelled future (likely memory related)
Cancelled future (likely memory related)
Cancelled future (likely memory related)
Cancelled future (likely memory related)
Cancelled future (likely memory related)
Cancelled future (likely memory related)
Cancelled future (likely memory related)
Cancelled future (likely memory related)
Cancelled future (likely memory related)
Cancelled future (likely memory related)
Cancelled future (likely memory related)
Generation:  25
Best f1_score score: 0.5882932792787551
Generation: 100%|| 25/25 [22:01<00:00,  3.43s/it]Generation: 100%|| 25/25 [22:01<00:00, 52.84s/it]
2024-11-17 01:13:58,793 - distributed.worker - ERROR - Failed to communicate with scheduler during heartbeat.
Traceback (most recent call last):
  File "/common/ketrong/tpotexp/env/lib/python3.10/site-packages/distributed/comm/tcp.py", line 225, in read
    frames_nosplit_nbytes_bin = await stream.read_bytes(fmt_size)
tornado.iostream.StreamClosedError: Stream is closed

The above exception was the direct cause of the following exception:

Traceback (most recent call last):
  File "/common/ketrong/tpotexp/env/lib/python3.10/site-packages/distributed/worker.py", line 1250, in heartbeat
    response = await retry_operation(
  File "/common/ketrong/tpotexp/env/lib/python3.10/site-packages/distributed/utils_comm.py", line 459, in retry_operation
    return await retry(
  File "/common/ketrong/tpotexp/env/lib/python3.10/site-packages/distributed/utils_comm.py", line 438, in retry
    return await coro()
  File "/common/ketrong/tpotexp/env/lib/python3.10/site-packages/distributed/core.py", line 1256, in send_recv_from_rpc
    return await send_recv(comm=comm, op=key, **kwargs)
  File "/common/ketrong/tpotexp/env/lib/python3.10/site-packages/distributed/core.py", line 1015, in send_recv
    response = await comm.read(deserializers=deserializers)
  File "/common/ketrong/tpotexp/env/lib/python3.10/site-packages/distributed/comm/tcp.py", line 236, in read
    convert_stream_closed_error(self, e)
  File "/common/ketrong/tpotexp/env/lib/python3.10/site-packages/distributed/comm/tcp.py", line 142, in convert_stream_closed_error
    raise CommClosedError(f"in {obj}: {exc}") from exc
distributed.comm.core.CommClosedError: in <TCP (closed) ConnectionPool.heartbeat_worker local=tcp://127.0.0.1:41960 remote=tcp://127.0.0.1:42379>: Stream is closed
2024-11-17 01:13:58,792 - distributed.worker - ERROR - Failed to communicate with scheduler during heartbeat.
Traceback (most recent call last):
  File "/common/ketrong/tpotexp/env/lib/python3.10/site-packages/distributed/comm/tcp.py", line 225, in read
    frames_nosplit_nbytes_bin = await stream.read_bytes(fmt_size)
tornado.iostream.StreamClosedError: Stream is closed

The above exception was the direct cause of the following exception:

Traceback (most recent call last):
  File "/common/ketrong/tpotexp/env/lib/python3.10/site-packages/distributed/worker.py", line 1250, in heartbeat
    response = await retry_operation(
  File "/common/ketrong/tpotexp/env/lib/python3.10/site-packages/distributed/utils_comm.py", line 459, in retry_operation
    return await retry(
  File "/common/ketrong/tpotexp/env/lib/python3.10/site-packages/distributed/utils_comm.py", line 438, in retry
    return await coro()
  File "/common/ketrong/tpotexp/env/lib/python3.10/site-packages/distributed/core.py", line 1256, in send_recv_from_rpc
    return await send_recv(comm=comm, op=key, **kwargs)
  File "/common/ketrong/tpotexp/env/lib/python3.10/site-packages/distributed/core.py", line 1015, in send_recv
    response = await comm.read(deserializers=deserializers)
  File "/common/ketrong/tpotexp/env/lib/python3.10/site-packages/distributed/comm/tcp.py", line 236, in read
    convert_stream_closed_error(self, e)
  File "/common/ketrong/tpotexp/env/lib/python3.10/site-packages/distributed/comm/tcp.py", line 142, in convert_stream_closed_error
    raise CommClosedError(f"in {obj}: {exc}") from exc
distributed.comm.core.CommClosedError: in <TCP (closed) ConnectionPool.heartbeat_worker local=tcp://127.0.0.1:41946 remote=tcp://127.0.0.1:42379>: Stream is closed
2024-11-17 01:13:58,793 - distributed.worker - ERROR - Failed to communicate with scheduler during heartbeat.
Traceback (most recent call last):
  File "/common/ketrong/tpotexp/env/lib/python3.10/site-packages/distributed/comm/tcp.py", line 225, in read
    frames_nosplit_nbytes_bin = await stream.read_bytes(fmt_size)
tornado.iostream.StreamClosedError: Stream is closed

The above exception was the direct cause of the following exception:

Traceback (most recent call last):
  File "/common/ketrong/tpotexp/env/lib/python3.10/site-packages/distributed/worker.py", line 1250, in heartbeat
    response = await retry_operation(
  File "/common/ketrong/tpotexp/env/lib/python3.10/site-packages/distributed/utils_comm.py", line 459, in retry_operation
    return await retry(
  File "/common/ketrong/tpotexp/env/lib/python3.10/site-packages/distributed/utils_comm.py", line 438, in retry
    return await coro()
  File "/common/ketrong/tpotexp/env/lib/python3.10/site-packages/distributed/core.py", line 1256, in send_recv_from_rpc
    return await send_recv(comm=comm, op=key, **kwargs)
  File "/common/ketrong/tpotexp/env/lib/python3.10/site-packages/distributed/core.py", line 1015, in send_recv
    response = await comm.read(deserializers=deserializers)
  File "/common/ketrong/tpotexp/env/lib/python3.10/site-packages/distributed/comm/tcp.py", line 236, in read
    convert_stream_closed_error(self, e)
  File "/common/ketrong/tpotexp/env/lib/python3.10/site-packages/distributed/comm/tcp.py", line 142, in convert_stream_closed_error
    raise CommClosedError(f"in {obj}: {exc}") from exc
distributed.comm.core.CommClosedError: in <TCP (closed) ConnectionPool.heartbeat_worker local=tcp://127.0.0.1:41948 remote=tcp://127.0.0.1:42379>: Stream is closed
2024-11-17 01:13:58,789 - distributed.worker - ERROR - Failed to communicate with scheduler during heartbeat.
Traceback (most recent call last):
  File "/common/ketrong/tpotexp/env/lib/python3.10/site-packages/distributed/comm/tcp.py", line 225, in read
    frames_nosplit_nbytes_bin = await stream.read_bytes(fmt_size)
tornado.iostream.StreamClosedError: Stream is closed

The above exception was the direct cause of the following exception:

Traceback (most recent call last):
  File "/common/ketrong/tpotexp/env/lib/python3.10/site-packages/distributed/worker.py", line 1250, in heartbeat
    response = await retry_operation(
  File "/common/ketrong/tpotexp/env/lib/python3.10/site-packages/distributed/utils_comm.py", line 459, in retry_operation
    return await retry(
  File "/common/ketrong/tpotexp/env/lib/python3.10/site-packages/distributed/utils_comm.py", line 438, in retry
    return await coro()
  File "/common/ketrong/tpotexp/env/lib/python3.10/site-packages/distributed/core.py", line 1256, in send_recv_from_rpc
    return await send_recv(comm=comm, op=key, **kwargs)
  File "/common/ketrong/tpotexp/env/lib/python3.10/site-packages/distributed/core.py", line 1015, in send_recv
    response = await comm.read(deserializers=deserializers)
  File "/common/ketrong/tpotexp/env/lib/python3.10/site-packages/distributed/comm/tcp.py", line 236, in read
    convert_stream_closed_error(self, e)
  File "/common/ketrong/tpotexp/env/lib/python3.10/site-packages/distributed/comm/tcp.py", line 142, in convert_stream_closed_error
    raise CommClosedError(f"in {obj}: {exc}") from exc
distributed.comm.core.CommClosedError: in <TCP (closed) ConnectionPool.heartbeat_worker local=tcp://127.0.0.1:42430 remote=tcp://127.0.0.1:42379>: Stream is closed
2024-11-17 01:13:58,790 - distributed.worker - ERROR - Failed to communicate with scheduler during heartbeat.
Traceback (most recent call last):
  File "/common/ketrong/tpotexp/env/lib/python3.10/site-packages/distributed/comm/tcp.py", line 225, in read
    frames_nosplit_nbytes_bin = await stream.read_bytes(fmt_size)
tornado.iostream.StreamClosedError: Stream is closed

The above exception was the direct cause of the following exception:

Traceback (most recent call last):
  File "/common/ketrong/tpotexp/env/lib/python3.10/site-packages/distributed/worker.py", line 1250, in heartbeat
    response = await retry_operation(
  File "/common/ketrong/tpotexp/env/lib/python3.10/site-packages/distributed/utils_comm.py", line 459, in retry_operation
    return await retry(
  File "/common/ketrong/tpotexp/env/lib/python3.10/site-packages/distributed/utils_comm.py", line 438, in retry
    return await coro()
  File "/common/ketrong/tpotexp/env/lib/python3.10/site-packages/distributed/core.py", line 1256, in send_recv_from_rpc
    return await send_recv(comm=comm, op=key, **kwargs)
  File "/common/ketrong/tpotexp/env/lib/python3.10/site-packages/distributed/core.py", line 1015, in send_recv
    response = await comm.read(deserializers=deserializers)
  File "/common/ketrong/tpotexp/env/lib/python3.10/site-packages/distributed/comm/tcp.py", line 236, in read
    convert_stream_closed_error(self, e)
  File "/common/ketrong/tpotexp/env/lib/python3.10/site-packages/distributed/comm/tcp.py", line 142, in convert_stream_closed_error
    raise CommClosedError(f"in {obj}: {exc}") from exc
distributed.comm.core.CommClosedError: in <TCP (closed) ConnectionPool.heartbeat_worker local=tcp://127.0.0.1:41954 remote=tcp://127.0.0.1:42379>: Stream is closed
2024-11-17 01:13:58,790 - distributed.worker - ERROR - Failed to communicate with scheduler during heartbeat.
Traceback (most recent call last):
  File "/common/ketrong/tpotexp/env/lib/python3.10/site-packages/distributed/comm/tcp.py", line 225, in read
    frames_nosplit_nbytes_bin = await stream.read_bytes(fmt_size)
tornado.iostream.StreamClosedError: Stream is closed

The above exception was the direct cause of the following exception:

Traceback (most recent call last):
  File "/common/ketrong/tpotexp/env/lib/python3.10/site-packages/distributed/worker.py", line 1250, in heartbeat
    response = await retry_operation(
  File "/common/ketrong/tpotexp/env/lib/python3.10/site-packages/distributed/utils_comm.py", line 459, in retry_operation
    return await retry(
  File "/common/ketrong/tpotexp/env/lib/python3.10/site-packages/distributed/utils_comm.py", line 438, in retry
    return await coro()
  File "/common/ketrong/tpotexp/env/lib/python3.10/site-packages/distributed/core.py", line 1256, in send_recv_from_rpc
    return await send_recv(comm=comm, op=key, **kwargs)
  File "/common/ketrong/tpotexp/env/lib/python3.10/site-packages/distributed/core.py", line 1015, in send_recv
    response = await comm.read(deserializers=deserializers)
  File "/common/ketrong/tpotexp/env/lib/python3.10/site-packages/distributed/comm/tcp.py", line 236, in read
    convert_stream_closed_error(self, e)
  File "/common/ketrong/tpotexp/env/lib/python3.10/site-packages/distributed/comm/tcp.py", line 142, in convert_stream_closed_error
    raise CommClosedError(f"in {obj}: {exc}") from exc
distributed.comm.core.CommClosedError: in <TCP (closed) ConnectionPool.heartbeat_worker local=tcp://127.0.0.1:41956 remote=tcp://127.0.0.1:42379>: Stream is closed
2024-11-17 01:13:58,795 - distributed.worker - ERROR - Failed to communicate with scheduler during heartbeat.
Traceback (most recent call last):
  File "/common/ketrong/tpotexp/env/lib/python3.10/site-packages/distributed/comm/tcp.py", line 225, in read
    frames_nosplit_nbytes_bin = await stream.read_bytes(fmt_size)
tornado.iostream.StreamClosedError: Stream is closed

The above exception was the direct cause of the following exception:

Traceback (most recent call last):
  File "/common/ketrong/tpotexp/env/lib/python3.10/site-packages/distributed/worker.py", line 1250, in heartbeat
    response = await retry_operation(
  File "/common/ketrong/tpotexp/env/lib/python3.10/site-packages/distributed/utils_comm.py", line 459, in retry_operation
    return await retry(
  File "/common/ketrong/tpotexp/env/lib/python3.10/site-packages/distributed/utils_comm.py", line 438, in retry
    return await coro()
  File "/common/ketrong/tpotexp/env/lib/python3.10/site-packages/distributed/core.py", line 1256, in send_recv_from_rpc
    return await send_recv(comm=comm, op=key, **kwargs)
  File "/common/ketrong/tpotexp/env/lib/python3.10/site-packages/distributed/core.py", line 1015, in send_recv
    response = await comm.read(deserializers=deserializers)
  File "/common/ketrong/tpotexp/env/lib/python3.10/site-packages/distributed/comm/tcp.py", line 236, in read
    convert_stream_closed_error(self, e)
  File "/common/ketrong/tpotexp/env/lib/python3.10/site-packages/distributed/comm/tcp.py", line 142, in convert_stream_closed_error
    raise CommClosedError(f"in {obj}: {exc}") from exc
distributed.comm.core.CommClosedError: in <TCP (closed) ConnectionPool.heartbeat_worker local=tcp://127.0.0.1:41958 remote=tcp://127.0.0.1:42379>: Stream is closed
2024-11-17 01:13:58,794 - distributed.worker - ERROR - Failed to communicate with scheduler during heartbeat.
Traceback (most recent call last):
  File "/common/ketrong/tpotexp/env/lib/python3.10/site-packages/distributed/comm/tcp.py", line 225, in read
    frames_nosplit_nbytes_bin = await stream.read_bytes(fmt_size)
tornado.iostream.StreamClosedError: Stream is closed

The above exception was the direct cause of the following exception:

Traceback (most recent call last):
  File "/common/ketrong/tpotexp/env/lib/python3.10/site-packages/distributed/worker.py", line 1250, in heartbeat
    response = await retry_operation(
  File "/common/ketrong/tpotexp/env/lib/python3.10/site-packages/distributed/utils_comm.py", line 459, in retry_operation
    return await retry(
  File "/common/ketrong/tpotexp/env/lib/python3.10/site-packages/distributed/utils_comm.py", line 438, in retry
    return await coro()
  File "/common/ketrong/tpotexp/env/lib/python3.10/site-packages/distributed/core.py", line 1256, in send_recv_from_rpc
    return await send_recv(comm=comm, op=key, **kwargs)
  File "/common/ketrong/tpotexp/env/lib/python3.10/site-packages/distributed/core.py", line 1015, in send_recv
    response = await comm.read(deserializers=deserializers)
  File "/common/ketrong/tpotexp/env/lib/python3.10/site-packages/distributed/comm/tcp.py", line 236, in read
    convert_stream_closed_error(self, e)
  File "/common/ketrong/tpotexp/env/lib/python3.10/site-packages/distributed/comm/tcp.py", line 142, in convert_stream_closed_error
    raise CommClosedError(f"in {obj}: {exc}") from exc
distributed.comm.core.CommClosedError: in <TCP (closed) ConnectionPool.heartbeat_worker local=tcp://127.0.0.1:41964 remote=tcp://127.0.0.1:42379>: Stream is closed
2024-11-17 01:13:58,797 - distributed.worker - ERROR - Failed to communicate with scheduler during heartbeat.
Traceback (most recent call last):
  File "/common/ketrong/tpotexp/env/lib/python3.10/site-packages/distributed/comm/tcp.py", line 225, in read
    frames_nosplit_nbytes_bin = await stream.read_bytes(fmt_size)
tornado.iostream.StreamClosedError: Stream is closed

The above exception was the direct cause of the following exception:

Traceback (most recent call last):
  File "/common/ketrong/tpotexp/env/lib/python3.10/site-packages/distributed/worker.py", line 1250, in heartbeat
    response = await retry_operation(
  File "/common/ketrong/tpotexp/env/lib/python3.10/site-packages/distributed/utils_comm.py", line 459, in retry_operation
    return await retry(
  File "/common/ketrong/tpotexp/env/lib/python3.10/site-packages/distributed/utils_comm.py", line 438, in retry
    return await coro()
  File "/common/ketrong/tpotexp/env/lib/python3.10/site-packages/distributed/core.py", line 1256, in send_recv_from_rpc
    return await send_recv(comm=comm, op=key, **kwargs)
  File "/common/ketrong/tpotexp/env/lib/python3.10/site-packages/distributed/core.py", line 1015, in send_recv
    response = await comm.read(deserializers=deserializers)
  File "/common/ketrong/tpotexp/env/lib/python3.10/site-packages/distributed/comm/tcp.py", line 236, in read
    convert_stream_closed_error(self, e)
  File "/common/ketrong/tpotexp/env/lib/python3.10/site-packages/distributed/comm/tcp.py", line 142, in convert_stream_closed_error
    raise CommClosedError(f"in {obj}: {exc}") from exc
distributed.comm.core.CommClosedError: in <TCP (closed) ConnectionPool.heartbeat_worker local=tcp://127.0.0.1:41966 remote=tcp://127.0.0.1:42379>: Stream is closed
Fitted
Pipeline(steps=[('iterativeimputer',
                 IterativeImputer(estimator=KNeighborsRegressor(),
                                  imputation_order='descending',
                                  initial_strategy='most_frequent',
                                  n_nearest_features=37)),
                ('histgradientboostingclassifier',
                 HistGradientBoostingClassifier(early_stopping=True,
                                                l2_regularization=0.0015198964044,
                                                learning_rate=0.4616837631957,
                                                max_features=0.8007782025352,
                                                max_leaf_nodes=1661,
                                                min_samples_leaf=24,
                                                n_iter_no_change=4, tol=0.0001,
                                                validation_fraction=None))])
transform worked
try transform
transform worked
score start
train score: {'auroc': 0.9932722675240249, 'accuracy': 0.9803929048254816, 'balanced_accuracy': 0.8640849093650085, 'logloss': 0.043021800156855715, 'f1': 0.9009640069460455}
test score: {'auroc': 0.7044867699998931, 'accuracy': 0.9359169972535856, 'balanced_accuracy': 0.557356350079583, 'logloss': 0.50493066655369, 'f1': 0.5779146899083356}
original test score: {'auroc': 0.7782152051531305, 'accuracy': 0.9395788831248093, 'balanced_accuracy': 0.5890186192088706, 'logloss': 0.4253571043313132, 'f1': 0.6189295427889819}
score end
4135
lvl
0.3
type
MNAR
num_run
2
class_full
finished
all finished
full run takes
12.725944931242202
hours
DONE
