Run: 54
/cm/local/apps/slurm/var/spool/job957962/slurm_script: line 26: 
pip install -e tpot2
pip install -r tpot2/ImputerExperiments/requirements_.txt
: No such file or directory
RunStart
Version 0.1.7a0 of tpot2 is outdated. Version 0.1.8a0 was released 2 days ago.
starting loops
../data/r/189/189.pkl
working on 
../data/r/189/reg_full_MAR_0.1_3
0.5614919662475586
running experiment 1/3 - Does large hyperparameter space improve reconstruction accuracy over simple
[I 2024-09-19 22:43:46,786] A new study created in memory with name: no-name-96b9f166-8a97-49be-89a6-519d89e3a08e
running
running
running
running
running
running
running
running
running
running
running
running
running
running
running
running
[I 2024-09-19 22:43:47,141] Trial 5 finished with value: 0.28881897197445844 and parameters: {'model_name': 'SimpleImputer', 'strategy': 'mean'}. Best is trial 5 with value: 0.28881897197445844.
running
[I 2024-09-19 22:43:47,400] Trial 15 finished with value: 0.28881897197445844 and parameters: {'model_name': 'SimpleImputer', 'strategy': 'mean'}. Best is trial 5 with value: 0.28881897197445844.
running
[I 2024-09-19 22:43:47,668] Trial 14 finished with value: 0.5807928665885819 and parameters: {'model_name': 'SimpleImputer', 'strategy': 'most_frequent'}. Best is trial 5 with value: 0.28881897197445844.
running
[I 2024-09-19 22:43:47,959] Trial 11 finished with value: 0.5807928665885819 and parameters: {'model_name': 'SimpleImputer', 'strategy': 'most_frequent'}. Best is trial 5 with value: 0.28881897197445844.
running
[I 2024-09-19 22:43:49,298] Trial 1 finished with value: 0.28881897197445844 and parameters: {'model_name': 'KNNImputer', 'n_neighbors': 6514, 'weights': 'uniform'}. Best is trial 5 with value: 0.28881897197445844.
running
[I 2024-09-19 22:43:49,624] Trial 4 finished with value: 0.28881897197445844 and parameters: {'model_name': 'KNNImputer', 'n_neighbors': 5421, 'weights': 'uniform'}. Best is trial 5 with value: 0.28881897197445844.
running
[I 2024-09-19 22:43:49,986] Trial 18 finished with value: 0.28857502403982405 and parameters: {'model_name': 'KNNImputer', 'n_neighbors': 517, 'weights': 'distance'}. Best is trial 18 with value: 0.28857502403982405.
running
[I 2024-09-19 22:43:50,385] Trial 7 finished with value: 0.28868468684613363 and parameters: {'model_name': 'KNNImputer', 'n_neighbors': 4328, 'weights': 'distance'}. Best is trial 18 with value: 0.28857502403982405.
running
[I 2024-09-19 22:43:51,481] Trial 22 finished with value: 0.2887380847307912 and parameters: {'model_name': 'KNNImputer', 'n_neighbors': 1608, 'weights': 'uniform'}. Best is trial 18 with value: 0.28857502403982405.
running
[I 2024-09-19 22:43:52,160] Trial 23 finished with value: 0.28871156140089704 and parameters: {'model_name': 'KNNImputer', 'n_neighbors': 4861, 'weights': 'distance'}. Best is trial 18 with value: 0.28857502403982405.
running
[I 2024-09-19 22:43:53,669] Trial 24 finished with value: 0.28867498077513976 and parameters: {'model_name': 'KNNImputer', 'n_neighbors': 4213, 'weights': 'distance'}. Best is trial 18 with value: 0.28857502403982405.
running
[I 2024-09-19 22:43:58,597] Trial 0 finished with value: 0.5064396594676718 and parameters: {'model_name': 'GAIN', 'batch_size': 1, 'hint_rate': 0.2963521884029885, 'alpha': 10, 'iterations': 1, 'learning_rate': 0.00016868933566457488, 'p_miss': 0.12186000533155918}. Best is trial 18 with value: 0.28857502403982405.
running
[I 2024-09-19 22:43:59,591] Trial 26 finished with value: inf and parameters: {'model_name': 'GAIN', 'batch_size': 1, 'hint_rate': 0.016767623206763893, 'alpha': 34, 'iterations': 14, 'learning_rate': 0.020550524675384905, 'p_miss': 0.05284465387170971}. Best is trial 18 with value: 0.28857502403982405.
running
[I 2024-09-19 22:44:01,946] Trial 3 finished with value: 0.311780164709657 and parameters: {'model_name': 'IterativeImputer', 'estimator': 'KNN', 'initial_strategy': 'mean', 'n_nearest_features': 6, 'imputation_order': 'descending'}. Best is trial 18 with value: 0.28857502403982405.
running
[I 2024-09-19 22:44:02,331] Trial 13 finished with value: 0.3112695579476855 and parameters: {'model_name': 'IterativeImputer', 'estimator': 'KNN', 'initial_strategy': 'median', 'n_nearest_features': 6, 'imputation_order': 'random'}. Best is trial 18 with value: 0.28857502403982405.
running
[I 2024-09-19 22:44:58,713] Trial 12 finished with value: 0.49124263748071223 and parameters: {'model_name': 'GAIN', 'batch_size': 10, 'hint_rate': 0.8431211296511946, 'alpha': 5, 'iterations': 38, 'learning_rate': 0.00013513659157395242, 'p_miss': 0.237148845019777}. Best is trial 18 with value: 0.28857502403982405.
running
[I 2024-09-19 22:45:11,278] Trial 20 finished with value: inf and parameters: {'model_name': 'GAIN', 'batch_size': 4, 'hint_rate': 0.1869178614506369, 'alpha': 73, 'iterations': 235, 'learning_rate': 0.0008964741136794732, 'p_miss': 0.07087990744602446}. Best is trial 18 with value: 0.28857502403982405.
running
[I 2024-09-19 22:45:20,388] Trial 25 finished with value: 0.5186539947997262 and parameters: {'model_name': 'GAIN', 'batch_size': 135, 'hint_rate': 0.14397763596904944, 'alpha': 14, 'iterations': 48, 'learning_rate': 0.007434493098161457, 'p_miss': 0.12154040071382773}. Best is trial 18 with value: 0.28857502403982405.
running
[I 2024-09-19 22:45:31,195] Trial 16 finished with value: 0.5131385709729587 and parameters: {'model_name': 'GAIN', 'batch_size': 533, 'hint_rate': 0.8350308040831288, 'alpha': 88, 'iterations': 48, 'learning_rate': 0.010516417111217806, 'p_miss': 0.1484340433208289}. Best is trial 18 with value: 0.28857502403982405.
running
[I 2024-09-19 22:46:16,531] Trial 10 finished with value: 0.2926888344732345 and parameters: {'model_name': 'VAE', 'batch_size': 29, 'iterations': 38, 'learning_rate': 0.0009578243730254145, 'p_miss': 0.29571108717006833}. Best is trial 18 with value: 0.28857502403982405.
running
[I 2024-09-19 22:59:16,074] Trial 6 finished with value: 0.2935823397881296 and parameters: {'model_name': 'VAE', 'batch_size': 624, 'iterations': 186, 'learning_rate': 0.09701125553512169, 'p_miss': 0.17508049447263355}. Best is trial 18 with value: 0.28857502403982405.
running
[I 2024-09-19 22:59:19,141] Trial 36 finished with value: 0.28868367256401883 and parameters: {'model_name': 'KNNImputer', 'n_neighbors': 3322, 'weights': 'distance'}. Best is trial 18 with value: 0.28857502403982405.
running
[I 2024-09-19 22:59:22,820] Trial 37 finished with value: 0.2886452696873738 and parameters: {'model_name': 'KNNImputer', 'n_neighbors': 2485, 'weights': 'distance'}. Best is trial 18 with value: 0.28857502403982405.
running
[I 2024-09-19 22:59:25,213] Trial 38 finished with value: 0.2887358496065294 and parameters: {'model_name': 'KNNImputer', 'n_neighbors': 809, 'weights': 'distance'}. Best is trial 18 with value: 0.28857502403982405.
running
[I 2024-09-19 22:59:28,248] Trial 39 finished with value: 0.2885447258709835 and parameters: {'model_name': 'KNNImputer', 'n_neighbors': 2075, 'weights': 'distance'}. Best is trial 39 with value: 0.2885447258709835.
running
[I 2024-09-19 22:59:31,531] Trial 40 finished with value: 0.2885518486354268 and parameters: {'model_name': 'KNNImputer', 'n_neighbors': 2045, 'weights': 'distance'}. Best is trial 39 with value: 0.2885447258709835.
running
[I 2024-09-19 22:59:33,762] Trial 41 finished with value: 0.2885238460403964 and parameters: {'model_name': 'KNNImputer', 'n_neighbors': 329, 'weights': 'distance'}. Best is trial 41 with value: 0.2885238460403964.
running
[I 2024-09-19 22:59:36,585] Trial 42 finished with value: 0.2885372020929624 and parameters: {'model_name': 'KNNImputer', 'n_neighbors': 1964, 'weights': 'distance'}. Best is trial 41 with value: 0.2885238460403964.
running
[I 2024-09-19 22:59:41,206] Trial 2 finished with value: 0.530887808389683 and parameters: {'model_name': 'GAIN', 'batch_size': 429, 'hint_rate': 0.5587161854759475, 'alpha': 22, 'iterations': 477, 'learning_rate': 0.0027399583687732197, 'p_miss': 0.141763659110551}. Best is trial 41 with value: 0.2885238460403964.
running
[I 2024-09-19 23:13:22,162] Trial 8 finished with value: 0.3011708619808367 and parameters: {'model_name': 'IterativeImputer', 'estimator': 'RFR', 'initial_strategy': 'median', 'n_nearest_features': 3, 'imputation_order': 'random'}. Best is trial 41 with value: 0.2885238460403964.
running
[I 2024-09-19 23:22:03,422] Trial 44 finished with value: 0.3367650728817752 and parameters: {'model_name': 'IterativeImputer', 'estimator': 'RFR', 'initial_strategy': 'most_frequent', 'n_nearest_features': 1, 'imputation_order': 'roman'}. Best is trial 41 with value: 0.2885238460403964.
running
[I 2024-09-19 23:22:06,130] Trial 46 finished with value: 0.2885252201082597 and parameters: {'model_name': 'KNNImputer', 'n_neighbors': 1948, 'weights': 'distance'}. Best is trial 41 with value: 0.2885238460403964.
running
[I 2024-09-19 23:22:08,962] Trial 47 finished with value: 0.28875528781503473 and parameters: {'model_name': 'KNNImputer', 'n_neighbors': 1471, 'weights': 'distance'}. Best is trial 41 with value: 0.2885238460403964.
running
[I 2024-09-19 23:22:13,031] Trial 48 finished with value: 0.2886131669823827 and parameters: {'model_name': 'KNNImputer', 'n_neighbors': 2632, 'weights': 'distance'}. Best is trial 41 with value: 0.2885238460403964.
running
[I 2024-09-19 23:22:15,297] Trial 49 finished with value: 0.28889384118371025 and parameters: {'model_name': 'KNNImputer', 'n_neighbors': 152, 'weights': 'distance'}. Best is trial 41 with value: 0.2885238460403964.
running
[I 2024-09-19 23:22:55,505] Trial 27 finished with value: 0.2938838840733641 and parameters: {'model_name': 'IterativeImputer', 'estimator': 'RFR', 'initial_strategy': 'mean', 'n_nearest_features': 6, 'imputation_order': 'random'}. Best is trial 41 with value: 0.2885238460403964.
running
[I 2024-09-19 23:58:11,901] Trial 19 finished with value: 0.29556467431997635 and parameters: {'model_name': 'VAE', 'batch_size': 111, 'iterations': 1246, 'learning_rate': 0.005003597204944003, 'p_miss': 0.2790280536194096}. Best is trial 41 with value: 0.2885238460403964.
running
[I 2024-09-19 23:58:14,392] Trial 52 finished with value: 0.28869176432687044 and parameters: {'model_name': 'KNNImputer', 'n_neighbors': 1218, 'weights': 'distance'}. Best is trial 41 with value: 0.2885238460403964.
running
[I 2024-09-19 23:58:17,140] Trial 53 finished with value: 0.28868226845224126 and parameters: {'model_name': 'KNNImputer', 'n_neighbors': 3218, 'weights': 'distance'}. Best is trial 41 with value: 0.2885238460403964.
running
[I 2024-09-19 23:58:19,194] Trial 54 finished with value: 0.28854852493047733 and parameters: {'model_name': 'KNNImputer', 'n_neighbors': 2069, 'weights': 'distance'}. Best is trial 41 with value: 0.2885238460403964.
running
[I 2024-09-20 01:03:13,627] Trial 9 finished with value: 0.4920684646423596 and parameters: {'model_name': 'GAIN', 'batch_size': 8, 'hint_rate': 0.39769522941769375, 'alpha': 76, 'iterations': 4631, 'learning_rate': 0.00033945824562964044, 'p_miss': 0.2173677805107037}. Best is trial 41 with value: 0.2885238460403964.
running
[I 2024-09-20 01:03:16,963] Trial 56 finished with value: 0.2885329774240962 and parameters: {'model_name': 'KNNImputer', 'n_neighbors': 2035, 'weights': 'distance'}. Best is trial 41 with value: 0.2885238460403964.
running
[I 2024-09-20 01:03:21,235] Trial 57 finished with value: 0.2886546447991029 and parameters: {'model_name': 'KNNImputer', 'n_neighbors': 2753, 'weights': 'distance'}. Best is trial 41 with value: 0.2885238460403964.
running
[I 2024-09-20 01:03:24,201] Trial 58 finished with value: 0.2885418639168207 and parameters: {'model_name': 'KNNImputer', 'n_neighbors': 1934, 'weights': 'distance'}. Best is trial 41 with value: 0.2885238460403964.
running
[I 2024-09-20 01:03:30,305] Trial 59 finished with value: 0.2933653440919961 and parameters: {'model_name': 'VAE', 'batch_size': 83, 'iterations': 1, 'learning_rate': 0.07761184839972775, 'p_miss': 0.012263526568567829}. Best is trial 41 with value: 0.2885238460403964.
running
[I 2024-09-20 01:03:33,072] Trial 60 finished with value: 0.28864191389817323 and parameters: {'model_name': 'KNNImputer', 'n_neighbors': 1015, 'weights': 'distance'}. Best is trial 41 with value: 0.2885238460403964.
running
[I 2024-09-20 01:03:36,202] Trial 61 finished with value: 0.28864181652906973 and parameters: {'model_name': 'KNNImputer', 'n_neighbors': 1835, 'weights': 'distance'}. Best is trial 41 with value: 0.2885238460403964.
running
[I 2024-09-20 01:03:38,175] Trial 62 finished with value: 0.28913758115340604 and parameters: {'model_name': 'KNNImputer', 'n_neighbors': 93, 'weights': 'distance'}. Best is trial 41 with value: 0.2885238460403964.
running
[I 2024-09-20 01:03:39,214] Trial 63 finished with value: 0.2895947318353401 and parameters: {'model_name': 'SimpleImputer', 'strategy': 'median'}. Best is trial 41 with value: 0.2885238460403964.
running
[I 2024-09-20 01:04:10,347] Trial 64 finished with value: 0.30371750997538677 and parameters: {'model_name': 'VAE', 'batch_size': 3, 'iterations': 6, 'learning_rate': 0.02044638683099085, 'p_miss': 0.20875700095902122}. Best is trial 41 with value: 0.2885238460403964.
running
[I 2024-09-20 01:04:12,412] Trial 65 finished with value: 0.2887626291334286 and parameters: {'model_name': 'KNNImputer', 'n_neighbors': 3301, 'weights': 'uniform'}. Best is trial 41 with value: 0.2885238460403964.
running
[I 2024-09-20 01:04:15,470] Trial 66 finished with value: 0.28857179820485646 and parameters: {'model_name': 'KNNImputer', 'n_neighbors': 2267, 'weights': 'distance'}. Best is trial 41 with value: 0.2885238460403964.
running
[I 2024-09-20 01:04:19,062] Trial 67 finished with value: 0.2887571722047897 and parameters: {'model_name': 'KNNImputer', 'n_neighbors': 1486, 'weights': 'distance'}. Best is trial 41 with value: 0.2885238460403964.
running
[I 2024-09-20 01:04:23,537] Trial 68 finished with value: 0.2886541695814077 and parameters: {'model_name': 'KNNImputer', 'n_neighbors': 2901, 'weights': 'distance'}. Best is trial 41 with value: 0.2885238460403964.
running
[I 2024-09-20 01:04:26,869] Trial 69 finished with value: 0.2885648440880574 and parameters: {'model_name': 'KNNImputer', 'n_neighbors': 1913, 'weights': 'distance'}. Best is trial 41 with value: 0.2885238460403964.
running
[I 2024-09-20 01:04:27,237] Trial 70 finished with value: 0.5808119534093816 and parameters: {'model_name': 'SimpleImputer', 'strategy': 'constant'}. Best is trial 41 with value: 0.2885238460403964.
running
[I 2024-09-20 01:04:29,222] Trial 71 finished with value: 0.28864227503301 and parameters: {'model_name': 'KNNImputer', 'n_neighbors': 702, 'weights': 'uniform'}. Best is trial 41 with value: 0.2885238460403964.
running
[I 2024-09-20 01:04:33,388] Trial 72 finished with value: 0.29051937534041117 and parameters: {'model_name': 'IterativeImputer', 'estimator': 'Ridge', 'initial_strategy': 'constant', 'n_nearest_features': 8, 'imputation_order': 'arabic'}. Best is trial 41 with value: 0.2885238460403964.
running
[I 2024-09-20 01:04:35,916] Trial 73 finished with value: 0.28869299960917355 and parameters: {'model_name': 'KNNImputer', 'n_neighbors': 1216, 'weights': 'distance'}. Best is trial 41 with value: 0.2885238460403964.
running
[I 2024-09-20 01:04:38,930] Trial 74 finished with value: 0.2885728142306453 and parameters: {'model_name': 'KNNImputer', 'n_neighbors': 2265, 'weights': 'distance'}. Best is trial 41 with value: 0.2885238460403964.
running
[I 2024-09-20 01:04:41,098] Trial 75 finished with value: 0.28881897197445844 and parameters: {'model_name': 'KNNImputer', 'n_neighbors': 6017, 'weights': 'uniform'}. Best is trial 41 with value: 0.2885238460403964.
running
[I 2024-09-20 01:04:44,513] Trial 76 finished with value: 0.2886034501249995 and parameters: {'model_name': 'KNNImputer', 'n_neighbors': 1879, 'weights': 'distance'}. Best is trial 41 with value: 0.2885238460403964.
running
[I 2024-09-20 01:04:47,693] Trial 77 finished with value: 0.288560738088689 and parameters: {'model_name': 'KNNImputer', 'n_neighbors': 2216, 'weights': 'distance'}. Best is trial 41 with value: 0.2885238460403964.
running
[I 2024-09-20 01:04:50,733] Trial 78 finished with value: 0.2886723156796086 and parameters: {'model_name': 'KNNImputer', 'n_neighbors': 1612, 'weights': 'distance'}. Best is trial 41 with value: 0.2885238460403964.
running
[I 2024-09-20 02:34:32,088] Trial 17 finished with value: 0.38391017349161527 and parameters: {'model_name': 'VAE', 'batch_size': 1, 'iterations': 3419, 'learning_rate': 0.013678454736007227, 'p_miss': 0.2724690165183283}. Best is trial 41 with value: 0.2885238460403964.
running
[I 2024-09-20 02:34:35,335] Trial 80 finished with value: 0.2885914177294826 and parameters: {'model_name': 'KNNImputer', 'n_neighbors': 2392, 'weights': 'distance'}. Best is trial 41 with value: 0.2885238460403964.
running
[I 2024-09-20 02:34:50,303] Trial 81 finished with value: 0.5176622623972623 and parameters: {'model_name': 'GAIN', 'batch_size': 37, 'hint_rate': 0.6459484969852737, 'alpha': 47, 'iterations': 7, 'learning_rate': 0.0017117534337860623, 'p_miss': 0.07397165879107388}. Best is trial 41 with value: 0.2885238460403964.
running
[I 2024-09-20 02:34:53,623] Trial 82 finished with value: 0.28866175311782033 and parameters: {'model_name': 'KNNImputer', 'n_neighbors': 2997, 'weights': 'distance'}. Best is trial 41 with value: 0.2885238460403964.
running
[I 2024-09-20 02:34:54,134] Trial 83 finished with value: 0.5808119534093816 and parameters: {'model_name': 'SimpleImputer', 'strategy': 'constant'}. Best is trial 41 with value: 0.2885238460403964.
running
[I 2024-09-20 02:35:08,271] Trial 84 finished with value: 0.28950994611558506 and parameters: {'model_name': 'IterativeImputer', 'estimator': 'Bayesian', 'initial_strategy': 'constant', 'n_nearest_features': 1, 'imputation_order': 'ascending', 'sample_posterior': False}. Best is trial 41 with value: 0.2885238460403964.
running
[I 2024-09-20 02:35:11,107] Trial 85 finished with value: 0.2886634064328605 and parameters: {'model_name': 'KNNImputer', 'n_neighbors': 3567, 'weights': 'distance'}. Best is trial 41 with value: 0.2885238460403964.
running
[I 2024-09-20 02:35:14,142] Trial 86 finished with value: 0.288520518416047 and parameters: {'model_name': 'KNNImputer', 'n_neighbors': 2013, 'weights': 'distance'}. Best is trial 86 with value: 0.288520518416047.
running
[I 2024-09-20 02:35:17,795] Trial 87 finished with value: 0.2886583687173009 and parameters: {'model_name': 'KNNImputer', 'n_neighbors': 1778, 'weights': 'distance'}. Best is trial 86 with value: 0.288520518416047.
running
[I 2024-09-20 02:35:20,781] Trial 88 finished with value: 0.2885542327582346 and parameters: {'model_name': 'KNNImputer', 'n_neighbors': 2114, 'weights': 'distance'}. Best is trial 86 with value: 0.288520518416047.
running
[I 2024-09-20 02:35:23,370] Trial 89 finished with value: 0.28862012906039614 and parameters: {'model_name': 'KNNImputer', 'n_neighbors': 1306, 'weights': 'distance'}. Best is trial 86 with value: 0.288520518416047.
running
[I 2024-09-20 02:39:57,921] Trial 43 finished with value: 0.29536117678187856 and parameters: {'model_name': 'VAE', 'batch_size': 69, 'iterations': 4394, 'learning_rate': 0.047297774345149216, 'p_miss': 0.01678354706455723}. Best is trial 86 with value: 0.288520518416047.
running
[I 2024-09-20 02:40:01,457] Trial 91 finished with value: 0.2886022066682476 and parameters: {'model_name': 'KNNImputer', 'n_neighbors': 2528, 'weights': 'distance'}. Best is trial 86 with value: 0.288520518416047.
running
[I 2024-09-20 02:40:05,894] Trial 92 finished with value: 0.2886164163581085 and parameters: {'model_name': 'KNNImputer', 'n_neighbors': 3914, 'weights': 'distance'}. Best is trial 86 with value: 0.288520518416047.
running
[I 2024-09-20 02:40:08,663] Trial 93 finished with value: 0.28873246207455006 and parameters: {'model_name': 'KNNImputer', 'n_neighbors': 1657, 'weights': 'uniform'}. Best is trial 86 with value: 0.288520518416047.
running
[I 2024-09-20 02:40:15,856] Trial 94 finished with value: 0.5059961445743302 and parameters: {'model_name': 'GAIN', 'batch_size': 225, 'hint_rate': 0.6886227020938731, 'alpha': 98, 'iterations': 2, 'learning_rate': 0.00039632038228651177, 'p_miss': 0.17902149012113228}. Best is trial 86 with value: 0.288520518416047.
running
[I 2024-09-20 02:40:18,308] Trial 95 finished with value: 0.2883738750539264 and parameters: {'model_name': 'KNNImputer', 'n_neighbors': 361, 'weights': 'distance'}. Best is trial 95 with value: 0.2883738750539264.
running
[I 2024-09-20 02:40:20,743] Trial 96 finished with value: 0.2884833553461795 and parameters: {'model_name': 'KNNImputer', 'n_neighbors': 579, 'weights': 'distance'}. Best is trial 95 with value: 0.2883738750539264.
running
[I 2024-09-20 02:40:22,843] Trial 97 finished with value: 0.28840457133272296 and parameters: {'model_name': 'KNNImputer', 'n_neighbors': 399, 'weights': 'distance'}. Best is trial 95 with value: 0.2883738750539264.
running
[I 2024-09-20 02:40:24,893] Trial 98 finished with value: 0.28840441490784857 and parameters: {'model_name': 'KNNImputer', 'n_neighbors': 348, 'weights': 'distance'}. Best is trial 95 with value: 0.2883738750539264.
running
[I 2024-09-20 02:40:27,492] Trial 99 finished with value: 0.28839102840594644 and parameters: {'model_name': 'KNNImputer', 'n_neighbors': 396, 'weights': 'distance'}. Best is trial 95 with value: 0.2883738750539264.
running
[I 2024-09-20 02:40:29,865] Trial 100 finished with value: 0.2884861148392303 and parameters: {'model_name': 'KNNImputer', 'n_neighbors': 324, 'weights': 'distance'}. Best is trial 95 with value: 0.2883738750539264.
running
[I 2024-09-20 02:40:32,113] Trial 101 finished with value: 0.28844372311545974 and parameters: {'model_name': 'KNNImputer', 'n_neighbors': 343, 'weights': 'distance'}. Best is trial 95 with value: 0.2883738750539264.
running
[I 2024-09-20 03:12:09,195] Trial 21 finished with value: 0.5149065614825878 and parameters: {'model_name': 'GAIN', 'batch_size': 17, 'hint_rate': 0.8617983660369416, 'alpha': 45, 'iterations': 9041, 'learning_rate': 0.05715618984783769, 'p_miss': 0.0925819151680538}. Best is trial 95 with value: 0.2883738750539264.
running
[I 2024-09-20 03:25:24,931] Trial 102 finished with value: 0.29973906668986616 and parameters: {'model_name': 'VAE', 'batch_size': 14, 'iterations': 695, 'learning_rate': 0.03847968901519878, 'p_miss': 0.09034468982768498}. Best is trial 95 with value: 0.2883738750539264.
running
[I 2024-09-20 03:25:27,136] Trial 104 finished with value: 0.2884405171768769 and parameters: {'model_name': 'KNNImputer', 'n_neighbors': 404, 'weights': 'distance'}. Best is trial 95 with value: 0.2883738750539264.
running
[I 2024-09-20 03:25:29,721] Trial 105 finished with value: 0.288557480802902 and parameters: {'model_name': 'KNNImputer', 'n_neighbors': 423, 'weights': 'distance'}. Best is trial 95 with value: 0.2883738750539264.
running
[I 2024-09-20 03:25:32,145] Trial 106 finished with value: 0.2885062061574584 and parameters: {'model_name': 'KNNImputer', 'n_neighbors': 408, 'weights': 'distance'}. Best is trial 95 with value: 0.2883738750539264.
running
[I 2024-09-20 03:25:34,810] Trial 107 finished with value: 0.2885459650755601 and parameters: {'model_name': 'KNNImputer', 'n_neighbors': 648, 'weights': 'distance'}. Best is trial 95 with value: 0.2883738750539264.
running
[I 2024-09-20 03:25:36,908] Trial 108 finished with value: 0.2886013958527741 and parameters: {'model_name': 'KNNImputer', 'n_neighbors': 313, 'weights': 'distance'}. Best is trial 95 with value: 0.2883738750539264.
running
[I 2024-09-20 03:25:39,185] Trial 109 finished with value: 0.28847483258033435 and parameters: {'model_name': 'KNNImputer', 'n_neighbors': 543, 'weights': 'distance'}. Best is trial 95 with value: 0.2883738750539264.
running
[I 2024-09-20 03:25:42,066] Trial 110 finished with value: 0.288648181383973 and parameters: {'model_name': 'KNNImputer', 'n_neighbors': 910, 'weights': 'distance'}. Best is trial 95 with value: 0.2883738750539264.
running
[I 2024-09-20 03:25:56,861] Trial 111 finished with value: 0.28962561066954406 and parameters: {'model_name': 'IterativeImputer', 'estimator': 'Ridge', 'initial_strategy': 'most_frequent', 'n_nearest_features': 3, 'imputation_order': 'descending'}. Best is trial 95 with value: 0.2883738750539264.
running
[I 2024-09-20 03:25:59,612] Trial 112 finished with value: 0.2884922719444698 and parameters: {'model_name': 'KNNImputer', 'n_neighbors': 486, 'weights': 'distance'}. Best is trial 95 with value: 0.2883738750539264.
running
[I 2024-09-20 03:26:00,295] Trial 113 finished with value: 0.2895947318353401 and parameters: {'model_name': 'SimpleImputer', 'strategy': 'median'}. Best is trial 95 with value: 0.2883738750539264.
running
[I 2024-09-20 03:26:02,202] Trial 114 finished with value: 0.2891262119999539 and parameters: {'model_name': 'KNNImputer', 'n_neighbors': 95, 'weights': 'distance'}. Best is trial 95 with value: 0.2883738750539264.
running
[I 2024-09-20 03:26:04,622] Trial 115 finished with value: 0.28852642106715665 and parameters: {'model_name': 'KNNImputer', 'n_neighbors': 611, 'weights': 'distance'}. Best is trial 95 with value: 0.2883738750539264.
running
[I 2024-09-20 03:26:07,182] Trial 116 finished with value: 0.2883373228793213 and parameters: {'model_name': 'KNNImputer', 'n_neighbors': 373, 'weights': 'distance'}. Best is trial 116 with value: 0.2883373228793213.
running
[I 2024-09-20 03:26:09,386] Trial 117 finished with value: 0.2889811444108994 and parameters: {'model_name': 'KNNImputer', 'n_neighbors': 258, 'weights': 'distance'}. Best is trial 116 with value: 0.2883373228793213.
running
[I 2024-09-20 03:26:11,883] Trial 118 finished with value: 0.28854122249529385 and parameters: {'model_name': 'KNNImputer', 'n_neighbors': 528, 'weights': 'distance'}. Best is trial 116 with value: 0.2883373228793213.
running
[I 2024-09-20 03:26:13,878] Trial 119 finished with value: 0.29602957831735704 and parameters: {'model_name': 'KNNImputer', 'n_neighbors': 25, 'weights': 'distance'}. Best is trial 116 with value: 0.2883373228793213.
running
[I 2024-09-20 03:26:16,206] Trial 120 finished with value: 0.2886386589373234 and parameters: {'model_name': 'KNNImputer', 'n_neighbors': 978, 'weights': 'distance'}. Best is trial 116 with value: 0.2883373228793213.
running
[I 2024-09-20 03:26:18,533] Trial 121 finished with value: 0.28858659165438727 and parameters: {'model_name': 'KNNImputer', 'n_neighbors': 761, 'weights': 'distance'}. Best is trial 116 with value: 0.2883373228793213.
running
[I 2024-09-20 03:26:20,751] Trial 122 finished with value: 0.28893924612442173 and parameters: {'model_name': 'KNNImputer', 'n_neighbors': 256, 'weights': 'distance'}. Best is trial 116 with value: 0.2883373228793213.
running
[I 2024-09-20 03:31:52,416] Trial 55 finished with value: 0.2996291685605914 and parameters: {'model_name': 'VAE', 'batch_size': 26, 'iterations': 3961, 'learning_rate': 0.048729421609177946, 'p_miss': 0.01422652448735251}. Best is trial 116 with value: 0.2883373228793213.
running
[I 2024-09-20 03:31:55,031] Trial 124 finished with value: 0.2884391976776913 and parameters: {'model_name': 'KNNImputer', 'n_neighbors': 475, 'weights': 'distance'}. Best is trial 116 with value: 0.2883373228793213.
running
[I 2024-09-20 03:31:57,147] Trial 125 finished with value: 0.2886698607683414 and parameters: {'model_name': 'KNNImputer', 'n_neighbors': 883, 'weights': 'uniform'}. Best is trial 116 with value: 0.2883373228793213.
running
[I 2024-09-20 03:32:00,019] Trial 126 finished with value: 0.2885156376620956 and parameters: {'model_name': 'KNNImputer', 'n_neighbors': 563, 'weights': 'distance'}. Best is trial 116 with value: 0.2883373228793213.
running
[I 2024-09-20 03:32:02,320] Trial 127 finished with value: 0.2885146874698161 and parameters: {'model_name': 'KNNImputer', 'n_neighbors': 426, 'weights': 'distance'}. Best is trial 116 with value: 0.2883373228793213.
running
[I 2024-09-20 03:32:04,287] Trial 128 finished with value: 0.28882076147085667 and parameters: {'model_name': 'KNNImputer', 'n_neighbors': 210, 'weights': 'distance'}. Best is trial 116 with value: 0.2883373228793213.
running
[I 2024-09-20 03:32:05,947] Trial 129 finished with value: 0.33564206601853236 and parameters: {'model_name': 'KNNImputer', 'n_neighbors': 3, 'weights': 'distance'}. Best is trial 116 with value: 0.2883373228793213.
running
[I 2024-09-20 03:32:15,213] Trial 130 finished with value: 0.48997482484707333 and parameters: {'model_name': 'GAIN', 'batch_size': 3, 'hint_rate': 0.9584879160088073, 'alpha': 64, 'iterations': 3, 'learning_rate': 0.00010156472971702778, 'p_miss': 0.2313706009788445}. Best is trial 116 with value: 0.2883373228793213.
running
[I 2024-09-20 03:32:17,876] Trial 131 finished with value: 0.2885836904536173 and parameters: {'model_name': 'KNNImputer', 'n_neighbors': 746, 'weights': 'distance'}. Best is trial 116 with value: 0.2883373228793213.
running
[I 2024-09-20 03:32:21,033] Trial 132 finished with value: 0.2886717391512349 and parameters: {'model_name': 'KNNImputer', 'n_neighbors': 1141, 'weights': 'distance'}. Best is trial 116 with value: 0.2883373228793213.
running
[I 2024-09-20 03:32:23,460] Trial 133 finished with value: 0.2884872097080597 and parameters: {'model_name': 'KNNImputer', 'n_neighbors': 489, 'weights': 'distance'}. Best is trial 116 with value: 0.2883373228793213.
running
[I 2024-09-20 03:32:33,147] Trial 123 finished with value: 0.29162710684442406 and parameters: {'model_name': 'VAE', 'batch_size': 3, 'iterations': 120, 'learning_rate': 0.00034598011991175334, 'p_miss': 0.2605277352183139}. Best is trial 116 with value: 0.2883373228793213.
running
[I 2024-09-20 03:33:05,304] Trial 134 finished with value: 0.421464902188355 and parameters: {'model_name': 'IterativeImputer', 'estimator': 'Bayesian', 'initial_strategy': 'median', 'n_nearest_features': 8, 'imputation_order': 'roman', 'sample_posterior': True}. Best is trial 116 with value: 0.2883373228793213.
running
[I 2024-09-20 03:33:07,342] Trial 136 finished with value: 0.2885647418981537 and parameters: {'model_name': 'KNNImputer', 'n_neighbors': 515, 'weights': 'distance'}. Best is trial 116 with value: 0.2883373228793213.
running
[I 2024-09-20 03:33:09,339] Trial 137 finished with value: 0.2884066878272106 and parameters: {'model_name': 'KNNImputer', 'n_neighbors': 356, 'weights': 'distance'}. Best is trial 116 with value: 0.2883373228793213.
running
[I 2024-09-20 03:33:11,062] Trial 138 finished with value: 0.28890019619645524 and parameters: {'model_name': 'KNNImputer', 'n_neighbors': 229, 'weights': 'distance'}. Best is trial 116 with value: 0.2883373228793213.
running
[I 2024-09-20 03:33:13,401] Trial 139 finished with value: 0.28857904063979956 and parameters: {'model_name': 'KNNImputer', 'n_neighbors': 741, 'weights': 'distance'}. Best is trial 116 with value: 0.2883373228793213.
running
[I 2024-09-20 03:33:14,009] Trial 135 finished with value: 0.4111484918676462 and parameters: {'model_name': 'IterativeImputer', 'estimator': 'Bayesian', 'initial_strategy': 'mean', 'n_nearest_features': 8, 'imputation_order': 'arabic', 'sample_posterior': True}. Best is trial 116 with value: 0.2883373228793213.
running
[I 2024-09-20 03:33:16,048] Trial 140 finished with value: 0.28832488974262627 and parameters: {'model_name': 'KNNImputer', 'n_neighbors': 378, 'weights': 'distance'}. Best is trial 140 with value: 0.28832488974262627.
running
[I 2024-09-20 03:33:17,551] Trial 141 finished with value: 0.2887016380795783 and parameters: {'model_name': 'KNNImputer', 'n_neighbors': 4704, 'weights': 'distance'}. Best is trial 140 with value: 0.28832488974262627.
running
[I 2024-09-20 03:33:18,387] Trial 143 finished with value: 0.5807928665885819 and parameters: {'model_name': 'SimpleImputer', 'strategy': 'most_frequent'}. Best is trial 140 with value: 0.28832488974262627.
[I 2024-09-20 03:33:18,545] Trial 142 finished with value: 0.2884861148392303 and parameters: {'model_name': 'KNNImputer', 'n_neighbors': 324, 'weights': 'distance'}. Best is trial 140 with value: 0.28832488974262627.
running
running
[I 2024-09-20 03:33:20,952] Trial 145 finished with value: 0.28889098554359355 and parameters: {'model_name': 'KNNImputer', 'n_neighbors': 162, 'weights': 'distance'}. Best is trial 140 with value: 0.28832488974262627.
running
[I 2024-09-20 03:33:21,498] Trial 144 finished with value: 0.2886341562423199 and parameters: {'model_name': 'KNNImputer', 'n_neighbors': 1060, 'weights': 'distance'}. Best is trial 140 with value: 0.28832488974262627.
running
[I 2024-09-20 03:33:23,472] Trial 146 finished with value: 0.28840441490784857 and parameters: {'model_name': 'KNNImputer', 'n_neighbors': 348, 'weights': 'distance'}. Best is trial 140 with value: 0.28832488974262627.
running
[I 2024-09-20 03:33:24,051] Trial 147 finished with value: 0.28840529692072575 and parameters: {'model_name': 'KNNImputer', 'n_neighbors': 355, 'weights': 'distance'}. Best is trial 140 with value: 0.28832488974262627.
running
[I 2024-09-20 03:33:25,730] Trial 148 finished with value: 0.28853063331946205 and parameters: {'model_name': 'KNNImputer', 'n_neighbors': 636, 'weights': 'distance'}. Best is trial 140 with value: 0.28832488974262627.
running
[I 2024-09-20 03:33:26,622] Trial 149 finished with value: 0.2885497553979851 and parameters: {'model_name': 'KNNImputer', 'n_neighbors': 620, 'weights': 'distance'}. Best is trial 140 with value: 0.28832488974262627.
running
[I 2024-09-20 03:33:28,359] Trial 150 finished with value: 0.2886373171569224 and parameters: {'model_name': 'KNNImputer', 'n_neighbors': 875, 'weights': 'distance'}. Best is trial 140 with value: 0.28832488974262627.
running
[I 2024-09-20 03:33:29,164] Trial 151 finished with value: 0.28873473577865083 and parameters: {'model_name': 'KNNImputer', 'n_neighbors': 163, 'weights': 'uniform'}. Best is trial 140 with value: 0.28832488974262627.
running
[I 2024-09-20 03:33:30,701] Trial 152 finished with value: 0.2888739672361232 and parameters: {'model_name': 'KNNImputer', 'n_neighbors': 121, 'weights': 'uniform'}. Best is trial 140 with value: 0.28832488974262627.
running
[I 2024-09-20 03:33:31,603] Trial 153 finished with value: 0.2882954321271167 and parameters: {'model_name': 'KNNImputer', 'n_neighbors': 377, 'weights': 'distance'}. Best is trial 153 with value: 0.2882954321271167.
running
[I 2024-09-20 03:33:33,483] Trial 154 finished with value: 0.28835676306292546 and parameters: {'model_name': 'KNNImputer', 'n_neighbors': 369, 'weights': 'distance'}. Best is trial 153 with value: 0.2882954321271167.
running
[I 2024-09-20 03:33:34,471] Trial 155 finished with value: 0.28837319287674085 and parameters: {'model_name': 'KNNImputer', 'n_neighbors': 362, 'weights': 'distance'}. Best is trial 153 with value: 0.2882954321271167.
running
[I 2024-09-20 03:33:36,167] Trial 156 finished with value: 0.2883738750539264 and parameters: {'model_name': 'KNNImputer', 'n_neighbors': 361, 'weights': 'distance'}. Best is trial 153 with value: 0.2882954321271167.
running
[I 2024-09-20 03:33:36,879] Trial 157 finished with value: 0.28837351658160193 and parameters: {'model_name': 'KNNImputer', 'n_neighbors': 363, 'weights': 'distance'}. Best is trial 153 with value: 0.2882954321271167.
running
[I 2024-09-20 03:33:39,000] Trial 158 finished with value: 0.2883940998446503 and parameters: {'model_name': 'KNNImputer', 'n_neighbors': 401, 'weights': 'distance'}. Best is trial 153 with value: 0.2882954321271167.
running
[I 2024-09-20 03:33:39,866] Trial 159 finished with value: 0.2884107619858776 and parameters: {'model_name': 'KNNImputer', 'n_neighbors': 360, 'weights': 'distance'}. Best is trial 153 with value: 0.2882954321271167.
running
[I 2024-09-20 03:33:41,403] Trial 161 finished with value: 0.41782733512721004 and parameters: {'model_name': 'KNNImputer', 'n_neighbors': 1, 'weights': 'distance'}. Best is trial 153 with value: 0.2882954321271167.
running
[I 2024-09-20 03:33:41,742] Trial 160 finished with value: 0.28866423173322114 and parameters: {'model_name': 'KNNImputer', 'n_neighbors': 299, 'weights': 'distance'}. Best is trial 153 with value: 0.2882954321271167.
running
[I 2024-09-20 03:34:06,348] Trial 162 finished with value: 0.5222314283139046 and parameters: {'model_name': 'GAIN', 'batch_size': 231, 'hint_rate': 0.44475584281829617, 'alpha': 31, 'iterations': 11, 'learning_rate': 0.0034203673867993986, 'p_miss': 0.04607739937031938}. Best is trial 153 with value: 0.2882954321271167.
running
[I 2024-09-20 03:34:08,844] Trial 164 finished with value: 0.28874350657414094 and parameters: {'model_name': 'KNNImputer', 'n_neighbors': 208, 'weights': 'distance'}. Best is trial 153 with value: 0.2882954321271167.
running
[I 2024-09-20 03:34:22,396] Trial 163 finished with value: 0.5053081679697881 and parameters: {'model_name': 'GAIN', 'batch_size': 290, 'hint_rate': 0.40970501545308935, 'alpha': 58, 'iterations': 19, 'learning_rate': 0.0037511152345101394, 'p_miss': 0.18994533849086295}. Best is trial 153 with value: 0.2882954321271167.
running
[I 2024-09-20 03:34:25,009] Trial 166 finished with value: 0.2883898792581979 and parameters: {'model_name': 'KNNImputer', 'n_neighbors': 402, 'weights': 'distance'}. Best is trial 153 with value: 0.2882954321271167.
running
[I 2024-09-20 03:34:28,112] Trial 167 finished with value: 0.28868343219750686 and parameters: {'model_name': 'KNNImputer', 'n_neighbors': 785, 'weights': 'distance'}. Best is trial 153 with value: 0.2882954321271167.
running
[I 2024-09-20 03:34:30,781] Trial 168 finished with value: 0.28840457133272296 and parameters: {'model_name': 'KNNImputer', 'n_neighbors': 399, 'weights': 'distance'}. Best is trial 153 with value: 0.2882954321271167.
running
[I 2024-09-20 03:34:33,713] Trial 169 finished with value: 0.2885376253820816 and parameters: {'model_name': 'KNNImputer', 'n_neighbors': 660, 'weights': 'distance'}. Best is trial 153 with value: 0.2882954321271167.
running
[I 2024-09-20 03:34:35,863] Trial 170 finished with value: 0.2891262119999539 and parameters: {'model_name': 'KNNImputer', 'n_neighbors': 95, 'weights': 'distance'}. Best is trial 153 with value: 0.2882954321271167.
running
[I 2024-09-20 03:34:39,541] Trial 171 finished with value: 0.2887020291441057 and parameters: {'model_name': 'KNNImputer', 'n_neighbors': 6520, 'weights': 'distance'}. Best is trial 153 with value: 0.2882954321271167.
running
[I 2024-09-20 03:36:39,757] Trial 165 finished with value: 0.2889099860240977 and parameters: {'model_name': 'VAE', 'batch_size': 937, 'iterations': 18, 'learning_rate': 0.000935736057509776, 'p_miss': 0.19489552001043875}. Best is trial 153 with value: 0.2882954321271167.
running
[I 2024-09-20 03:36:40,328] Trial 173 finished with value: 0.2895947318353401 and parameters: {'model_name': 'SimpleImputer', 'strategy': 'median'}. Best is trial 153 with value: 0.2882954321271167.
running
[I 2024-09-20 03:36:43,093] Trial 174 finished with value: 0.2885146874698161 and parameters: {'model_name': 'KNNImputer', 'n_neighbors': 426, 'weights': 'distance'}. Best is trial 153 with value: 0.2882954321271167.
running
[I 2024-09-20 03:36:45,666] Trial 175 finished with value: 0.2888285936203979 and parameters: {'model_name': 'KNNImputer', 'n_neighbors': 221, 'weights': 'distance'}. Best is trial 153 with value: 0.2882954321271167.
running
[I 2024-09-20 03:36:48,055] Trial 176 finished with value: 0.28840529692072575 and parameters: {'model_name': 'KNNImputer', 'n_neighbors': 355, 'weights': 'distance'}. Best is trial 153 with value: 0.2882954321271167.
running
[I 2024-09-20 03:36:50,911] Trial 177 finished with value: 0.2884932262393198 and parameters: {'model_name': 'KNNImputer', 'n_neighbors': 479, 'weights': 'distance'}. Best is trial 153 with value: 0.2882954321271167.
running
[I 2024-09-20 03:36:53,847] Trial 178 finished with value: 0.28854630972142903 and parameters: {'model_name': 'KNNImputer', 'n_neighbors': 659, 'weights': 'distance'}. Best is trial 153 with value: 0.2882954321271167.
running
[I 2024-09-20 03:36:56,452] Trial 179 finished with value: 0.2884933408124781 and parameters: {'model_name': 'KNNImputer', 'n_neighbors': 336, 'weights': 'distance'}. Best is trial 153 with value: 0.2882954321271167.
running
[I 2024-09-20 03:36:59,267] Trial 180 finished with value: 0.28870793257650545 and parameters: {'model_name': 'KNNImputer', 'n_neighbors': 797, 'weights': 'distance'}. Best is trial 153 with value: 0.2882954321271167.
running
[I 2024-09-20 03:37:01,925] Trial 181 finished with value: 0.28889098554359355 and parameters: {'model_name': 'KNNImputer', 'n_neighbors': 162, 'weights': 'distance'}. Best is trial 153 with value: 0.2882954321271167.
running
[I 2024-09-20 03:37:04,952] Trial 182 finished with value: 0.28849548879039355 and parameters: {'model_name': 'KNNImputer', 'n_neighbors': 545, 'weights': 'distance'}. Best is trial 153 with value: 0.2882954321271167.
running
[I 2024-09-20 03:37:08,128] Trial 183 finished with value: 0.28855463790005564 and parameters: {'model_name': 'KNNImputer', 'n_neighbors': 418, 'weights': 'distance'}. Best is trial 153 with value: 0.2882954321271167.
running
[I 2024-09-20 03:37:10,283] Trial 184 finished with value: 0.28890929128227066 and parameters: {'model_name': 'KNNImputer', 'n_neighbors': 260, 'weights': 'distance'}. Best is trial 153 with value: 0.2882954321271167.
running
[I 2024-09-20 03:37:12,489] Trial 185 finished with value: 0.2900871669905122 and parameters: {'model_name': 'KNNImputer', 'n_neighbors': 67, 'weights': 'distance'}. Best is trial 153 with value: 0.2882954321271167.
running
[I 2024-09-20 03:37:14,853] Trial 186 finished with value: 0.28835676306292546 and parameters: {'model_name': 'KNNImputer', 'n_neighbors': 369, 'weights': 'distance'}. Best is trial 153 with value: 0.2882954321271167.
running
[I 2024-09-20 03:37:17,875] Trial 187 finished with value: 0.2884703122674274 and parameters: {'model_name': 'KNNImputer', 'n_neighbors': 505, 'weights': 'distance'}. Best is trial 153 with value: 0.2882954321271167.
running
[I 2024-09-20 03:37:20,293] Trial 188 finished with value: 0.28836313960294335 and parameters: {'model_name': 'KNNImputer', 'n_neighbors': 367, 'weights': 'distance'}. Best is trial 153 with value: 0.2882954321271167.
running
[I 2024-09-20 03:37:22,766] Trial 189 finished with value: 0.2885486298985813 and parameters: {'model_name': 'KNNImputer', 'n_neighbors': 650, 'weights': 'distance'}. Best is trial 153 with value: 0.2882954321271167.
running
[I 2024-09-20 03:37:25,367] Trial 190 finished with value: 0.2888667531657313 and parameters: {'model_name': 'KNNImputer', 'n_neighbors': 284, 'weights': 'distance'}. Best is trial 153 with value: 0.2882954321271167.
running
[I 2024-09-20 03:37:27,939] Trial 191 finished with value: 0.288557480802902 and parameters: {'model_name': 'KNNImputer', 'n_neighbors': 423, 'weights': 'distance'}. Best is trial 153 with value: 0.2882954321271167.
running
[I 2024-09-20 03:37:30,323] Trial 192 finished with value: 0.2885209621442525 and parameters: {'model_name': 'KNNImputer', 'n_neighbors': 590, 'weights': 'distance'}. Best is trial 153 with value: 0.2882954321271167.
running
[I 2024-09-20 03:37:34,038] Trial 193 finished with value: 0.2887020291441057 and parameters: {'model_name': 'KNNImputer', 'n_neighbors': 5358, 'weights': 'distance'}. Best is trial 153 with value: 0.2882954321271167.
running
[I 2024-09-20 03:37:36,353] Trial 194 finished with value: 0.2890774183247631 and parameters: {'model_name': 'KNNImputer', 'n_neighbors': 113, 'weights': 'distance'}. Best is trial 153 with value: 0.2882954321271167.
running
[I 2024-09-20 03:37:39,312] Trial 195 finished with value: 0.2886545923835772 and parameters: {'model_name': 'KNNImputer', 'n_neighbors': 877, 'weights': 'distance'}. Best is trial 153 with value: 0.2882954321271167.
running
[I 2024-09-20 03:37:42,189] Trial 196 finished with value: 0.28850568464242193 and parameters: {'model_name': 'KNNImputer', 'n_neighbors': 333, 'weights': 'distance'}. Best is trial 153 with value: 0.2882954321271167.
running
[I 2024-09-20 03:37:44,641] Trial 197 finished with value: 0.28855214861632034 and parameters: {'model_name': 'KNNImputer', 'n_neighbors': 422, 'weights': 'distance'}. Best is trial 153 with value: 0.2882954321271167.
running
[I 2024-09-20 03:37:47,840] Trial 198 finished with value: 0.2888339726232966 and parameters: {'model_name': 'KNNImputer', 'n_neighbors': 217, 'weights': 'distance'}. Best is trial 153 with value: 0.2882954321271167.
running
[I 2024-09-20 03:37:50,537] Trial 199 finished with value: 0.28857065294384343 and parameters: {'model_name': 'KNNImputer', 'n_neighbors': 531, 'weights': 'distance'}. Best is trial 153 with value: 0.2882954321271167.
[I 2024-09-20 04:15:18,196] Trial 31 finished with value: 0.2940492511774152 and parameters: {'model_name': 'VAE', 'batch_size': 400, 'iterations': 5299, 'learning_rate': 0.07924607062427715, 'p_miss': 0.2969364014937203}. Best is trial 153 with value: 0.2882954321271167.
[I 2024-09-20 04:22:15,536] Trial 45 finished with value: 0.2977343567846896 and parameters: {'model_name': 'VAE', 'batch_size': 61, 'iterations': 5822, 'learning_rate': 0.09538177407322411, 'p_miss': 0.22562193084054083}. Best is trial 153 with value: 0.2882954321271167.
[I 2024-09-20 04:34:11,328] Trial 34 finished with value: 0.2971566028918669 and parameters: {'model_name': 'VAE', 'batch_size': 62, 'iterations': 6278, 'learning_rate': 0.09822642422550862, 'p_miss': 0.26756616047685244}. Best is trial 153 with value: 0.2882954321271167.
[I 2024-09-20 04:52:11,608] Trial 172 finished with value: 0.2964212440652981 and parameters: {'model_name': 'VAE', 'batch_size': 50, 'iterations': 1428, 'learning_rate': 0.0010992578654000084, 'p_miss': 0.2494990572279892}. Best is trial 153 with value: 0.2882954321271167.
[I 2024-09-20 04:54:04,171] Trial 33 finished with value: 0.294309120184053 and parameters: {'model_name': 'VAE', 'batch_size': 411, 'iterations': 5215, 'learning_rate': 0.0980094702732143, 'p_miss': 0.297565423606478}. Best is trial 153 with value: 0.2882954321271167.
[I 2024-09-20 04:55:40,701] Trial 103 finished with value: 0.2934526895604871 and parameters: {'model_name': 'VAE', 'batch_size': 971, 'iterations': 1119, 'learning_rate': 0.00033773558535537114, 'p_miss': 0.2337281600521715}. Best is trial 153 with value: 0.2882954321271167.
[I 2024-09-20 05:36:36,112] Trial 51 finished with value: 0.2962429693869247 and parameters: {'model_name': 'VAE', 'batch_size': 56, 'iterations': 7624, 'learning_rate': 0.09981197593738701, 'p_miss': 0.015693651947612436}. Best is trial 153 with value: 0.2882954321271167.
[I 2024-09-20 05:40:24,794] Trial 79 finished with value: 0.2986662407487199 and parameters: {'model_name': 'VAE', 'batch_size': 27, 'iterations': 4650, 'learning_rate': 0.0017234439719952647, 'p_miss': 0.0774732197814215}. Best is trial 153 with value: 0.2882954321271167.
[I 2024-09-20 06:11:38,933] Trial 50 finished with value: 0.29535343688103577 and parameters: {'model_name': 'VAE', 'batch_size': 91, 'iterations': 9049, 'learning_rate': 0.09536889096198072, 'p_miss': 0.02568374548934438}. Best is trial 153 with value: 0.2882954321271167.
[I 2024-09-20 06:18:38,515] Trial 29 finished with value: 0.2934692820263777 and parameters: {'model_name': 'VAE', 'batch_size': 992, 'iterations': 6514, 'learning_rate': 0.0004001997787032092, 'p_miss': 0.2830744901967335}. Best is trial 153 with value: 0.2882954321271167.
[I 2024-09-20 06:48:04,334] Trial 35 finished with value: 0.2929751478783635 and parameters: {'model_name': 'VAE', 'batch_size': 997, 'iterations': 8251, 'learning_rate': 0.08511840329607635, 'p_miss': 0.21047260101942536}. Best is trial 153 with value: 0.2882954321271167.
[I 2024-09-20 07:01:05,580] Trial 30 finished with value: 0.29307654807107214 and parameters: {'model_name': 'VAE', 'batch_size': 797, 'iterations': 9335, 'learning_rate': 0.0003647713097514244, 'p_miss': 0.2772934287888096}. Best is trial 153 with value: 0.2882954321271167.
[I 2024-09-20 07:06:21,788] Trial 32 finished with value: 0.2928139437262357 and parameters: {'model_name': 'VAE', 'batch_size': 880, 'iterations': 8446, 'learning_rate': 0.09739472426535566, 'p_miss': 0.297844899871312}. Best is trial 153 with value: 0.2882954321271167.
[I 2024-09-20 07:06:32,599] Trial 28 finished with value: 0.29367620721106125 and parameters: {'model_name': 'VAE', 'batch_size': 702, 'iterations': 9544, 'learning_rate': 0.09493115813655478, 'p_miss': 0.29804297413144565}. Best is trial 153 with value: 0.2882954321271167.
[I 2024-09-20 07:06:35,676] Trial 90 finished with value: 0.2949827018303216 and parameters: {'model_name': 'VAE', 'batch_size': 178, 'iterations': 7693, 'learning_rate': 0.04487376071017041, 'p_miss': 0.014568145116691161}. Best is trial 153 with value: 0.2882954321271167.
fit
auto fit
auto transform
0    0
1    0
2    0
3    0
4    0
5    0
6    0
7    0
dtype: int64
0    0
1    0
2    0
3    0
4    0
5    0
6    0
7    0
dtype: int64
0.2882954321271167
{'model_name': 'KNNImputer', 'n_neighbors': 377, 'weights': 'distance'}
running experiment 2/3 - Does reconstruction give good automl predictions
Start est fit
Version 0.1.7a0 of tpot2 is outdated. Version 0.1.8a0 was released 2 days ago.
Version 0.1.7a0 of tpot2 is outdated. Version 0.1.8a0 was released 2 days ago.
Version 0.1.7a0 of tpot2 is outdated. Version 0.1.8a0 was released 2 days ago.
Version 0.1.7a0 of tpot2 is outdated. Version 0.1.8a0 was released 2 days ago.
Version 0.1.7a0 of tpot2 is outdated. Version 0.1.8a0 was released 2 days ago.
Version 0.1.7a0 of tpot2 is outdated. Version 0.1.8a0 was released 2 days ago.
Version 0.1.7a0 of tpot2 is outdated. Version 0.1.8a0 was released 2 days ago.
Version 0.1.7a0 of tpot2 is outdated. Version 0.1.8a0 was released 2 days ago.
Version 0.1.7a0 of tpot2 is outdated. Version 0.1.8a0 was released 2 days ago.
Version 0.1.7a0 of tpot2 is outdated. Version 0.1.8a0 was released 2 days ago.
Version 0.1.7a0 of tpot2 is outdated. Version 0.1.8a0 was released 2 days ago.
Version 0.1.7a0 of tpot2 is outdated. Version 0.1.8a0 was released 2 days ago.
Version 0.1.7a0 of tpot2 is outdated. Version 0.1.8a0 was released 2 days ago.
Version 0.1.7a0 of tpot2 is outdated. Version 0.1.8a0 was released 2 days ago.
Version 0.1.7a0 of tpot2 is outdated. Version 0.1.8a0 was released 2 days ago.
Version 0.1.7a0 of tpot2 is outdated. Version 0.1.8a0 was released 2 days ago.
  0%|          | 0/25 [00:00<?, ?it/s]Generation:   0%|          | 0/25 [00:00<?, ?it/s]WARNING THIS INDIVIDUAL CAUSED AND EXCEPTION 
 <tpot2.search_spaces.pipelines.sequential.SequentialPipelineIndividual object at 0x1554746a96c0> 
 The 'criterion' parameter of RandomForestRegressor must be a str among {'friedman_mse', 'poisson', 'absolute_error', 'squared_error'}. Got 'mae' instead. 
 Traceback (most recent call last):
  File "/common/ketrong/tpotexp/tpot2/tpot2/utils/eval_utils.py", line 53, in objective_nan_wrapper
    value = func_timeout.func_timeout(timeout, objective_function, args=[individual], kwargs=objective_kwargs)
  File "/common/ketrong/tpotexp/env/lib/python3.10/site-packages/func_timeout/dafunc.py", line 108, in func_timeout
    raise_exception(exception)
  File "/common/ketrong/tpotexp/env/lib/python3.10/site-packages/func_timeout/py3_raise.py", line 7, in raise_exception
    raise exception[0] from None
  File "/common/ketrong/tpotexp/tpot2/tpot2/tpot_estimator/estimator.py", line 623, in objective_function
    return objective_function_generator(
  File "/common/ketrong/tpotexp/tpot2/tpot2/tpot_estimator/estimator_utils.py", line 55, in objective_function_generator
    cv_obj_scores = cross_val_score_objective(sklearn.base.clone(pipeline),x,y,scorers=scorers, cv=cv , fold=step)
  File "/common/ketrong/tpotexp/tpot2/tpot2/tpot_estimator/cross_val_utils.py", line 28, in cross_val_score_objective
    this_fold_pipeline.fit(X_train,y_train)
  File "/common/ketrong/tpotexp/env/lib/python3.10/site-packages/sklearn/base.py", line 1473, in wrapper
    return fit_method(estimator, *args, **kwargs)
  File "/common/ketrong/tpotexp/env/lib/python3.10/site-packages/sklearn/pipeline.py", line 473, in fit
    self._final_estimator.fit(Xt, y, **last_step_params["fit"])
  File "/common/ketrong/tpotexp/env/lib/python3.10/site-packages/sklearn/base.py", line 1466, in wrapper
    estimator._validate_params()
  File "/common/ketrong/tpotexp/env/lib/python3.10/site-packages/sklearn/base.py", line 666, in _validate_params
    validate_parameter_constraints(
  File "/common/ketrong/tpotexp/env/lib/python3.10/site-packages/sklearn/utils/_param_validation.py", line 95, in validate_parameter_constraints
    raise InvalidParameterError(
sklearn.utils._param_validation.InvalidParameterError: The 'criterion' parameter of RandomForestRegressor must be a str among {'friedman_mse', 'poisson', 'absolute_error', 'squared_error'}. Got 'mae' instead.

WARNING THIS INDIVIDUAL CAUSED AND EXCEPTION 
 <tpot2.search_spaces.pipelines.sequential.SequentialPipelineIndividual object at 0x1554746f88b0> 
 The 'criterion' parameter of RandomForestRegressor must be a str among {'friedman_mse', 'poisson', 'absolute_error', 'squared_error'}. Got 'mse' instead. 
 Traceback (most recent call last):
  File "/common/ketrong/tpotexp/tpot2/tpot2/utils/eval_utils.py", line 53, in objective_nan_wrapper
    value = func_timeout.func_timeout(timeout, objective_function, args=[individual], kwargs=objective_kwargs)
  File "/common/ketrong/tpotexp/env/lib/python3.10/site-packages/func_timeout/dafunc.py", line 108, in func_timeout
    raise_exception(exception)
  File "/common/ketrong/tpotexp/env/lib/python3.10/site-packages/func_timeout/py3_raise.py", line 7, in raise_exception
    raise exception[0] from None
  File "/common/ketrong/tpotexp/tpot2/tpot2/tpot_estimator/estimator.py", line 623, in objective_function
    return objective_function_generator(
  File "/common/ketrong/tpotexp/tpot2/tpot2/tpot_estimator/estimator_utils.py", line 55, in objective_function_generator
    cv_obj_scores = cross_val_score_objective(sklearn.base.clone(pipeline),x,y,scorers=scorers, cv=cv , fold=step)
  File "/common/ketrong/tpotexp/tpot2/tpot2/tpot_estimator/cross_val_utils.py", line 28, in cross_val_score_objective
    this_fold_pipeline.fit(X_train,y_train)
  File "/common/ketrong/tpotexp/env/lib/python3.10/site-packages/sklearn/base.py", line 1473, in wrapper
    return fit_method(estimator, *args, **kwargs)
  File "/common/ketrong/tpotexp/env/lib/python3.10/site-packages/sklearn/pipeline.py", line 473, in fit
    self._final_estimator.fit(Xt, y, **last_step_params["fit"])
  File "/common/ketrong/tpotexp/env/lib/python3.10/site-packages/sklearn/base.py", line 1466, in wrapper
    estimator._validate_params()
  File "/common/ketrong/tpotexp/env/lib/python3.10/site-packages/sklearn/base.py", line 666, in _validate_params
    validate_parameter_constraints(
  File "/common/ketrong/tpotexp/env/lib/python3.10/site-packages/sklearn/utils/_param_validation.py", line 95, in validate_parameter_constraints
    raise InvalidParameterError(
sklearn.utils._param_validation.InvalidParameterError: The 'criterion' parameter of RandomForestRegressor must be a str among {'friedman_mse', 'poisson', 'absolute_error', 'squared_error'}. Got 'mse' instead.

WARNING THIS INDIVIDUAL CAUSED AND EXCEPTION 
 <tpot2.search_spaces.pipelines.sequential.SequentialPipelineIndividual object at 0x155467f0b850> 
 The 'criterion' parameter of RandomForestRegressor must be a str among {'friedman_mse', 'poisson', 'absolute_error', 'squared_error'}. Got 'mse' instead. 
 Traceback (most recent call last):
  File "/common/ketrong/tpotexp/tpot2/tpot2/utils/eval_utils.py", line 53, in objective_nan_wrapper
    value = func_timeout.func_timeout(timeout, objective_function, args=[individual], kwargs=objective_kwargs)
  File "/common/ketrong/tpotexp/env/lib/python3.10/site-packages/func_timeout/dafunc.py", line 108, in func_timeout
    raise_exception(exception)
  File "/common/ketrong/tpotexp/env/lib/python3.10/site-packages/func_timeout/py3_raise.py", line 7, in raise_exception
    raise exception[0] from None
  File "/common/ketrong/tpotexp/tpot2/tpot2/tpot_estimator/estimator.py", line 623, in objective_function
    return objective_function_generator(
  File "/common/ketrong/tpotexp/tpot2/tpot2/tpot_estimator/estimator_utils.py", line 55, in objective_function_generator
    cv_obj_scores = cross_val_score_objective(sklearn.base.clone(pipeline),x,y,scorers=scorers, cv=cv , fold=step)
  File "/common/ketrong/tpotexp/tpot2/tpot2/tpot_estimator/cross_val_utils.py", line 28, in cross_val_score_objective
    this_fold_pipeline.fit(X_train,y_train)
  File "/common/ketrong/tpotexp/env/lib/python3.10/site-packages/sklearn/base.py", line 1473, in wrapper
    return fit_method(estimator, *args, **kwargs)
  File "/common/ketrong/tpotexp/env/lib/python3.10/site-packages/sklearn/pipeline.py", line 473, in fit
    self._final_estimator.fit(Xt, y, **last_step_params["fit"])
  File "/common/ketrong/tpotexp/env/lib/python3.10/site-packages/sklearn/base.py", line 1466, in wrapper
    estimator._validate_params()
  File "/common/ketrong/tpotexp/env/lib/python3.10/site-packages/sklearn/base.py", line 666, in _validate_params
    validate_parameter_constraints(
  File "/common/ketrong/tpotexp/env/lib/python3.10/site-packages/sklearn/utils/_param_validation.py", line 95, in validate_parameter_constraints
    raise InvalidParameterError(
sklearn.utils._param_validation.InvalidParameterError: The 'criterion' parameter of RandomForestRegressor must be a str among {'friedman_mse', 'poisson', 'absolute_error', 'squared_error'}. Got 'mse' instead.

Generation:  1
Best root_mean_squared_error score: -0.11768525430529393
Generation:   4%|         | 1/25 [01:27<35:03, 87.63s/it]Generation:  2
Best root_mean_squared_error score: -0.11768525430529393
Generation:   8%|         | 2/25 [05:26<1:07:36, 176.37s/it]WARNING THIS INDIVIDUAL CAUSED AND EXCEPTION 
 <tpot2.search_spaces.pipelines.sequential.SequentialPipelineIndividual object at 0x15547473f7c0> 
 The 'criterion' parameter of RandomForestRegressor must be a str among {'friedman_mse', 'poisson', 'absolute_error', 'squared_error'}. Got 'mse' instead. 
 Traceback (most recent call last):
  File "/common/ketrong/tpotexp/tpot2/tpot2/utils/eval_utils.py", line 53, in objective_nan_wrapper
    value = func_timeout.func_timeout(timeout, objective_function, args=[individual], kwargs=objective_kwargs)
  File "/common/ketrong/tpotexp/env/lib/python3.10/site-packages/func_timeout/dafunc.py", line 108, in func_timeout
    raise_exception(exception)
  File "/common/ketrong/tpotexp/env/lib/python3.10/site-packages/func_timeout/py3_raise.py", line 7, in raise_exception
    raise exception[0] from None
  File "/common/ketrong/tpotexp/tpot2/tpot2/tpot_estimator/estimator.py", line 623, in objective_function
    return objective_function_generator(
  File "/common/ketrong/tpotexp/tpot2/tpot2/tpot_estimator/estimator_utils.py", line 55, in objective_function_generator
    cv_obj_scores = cross_val_score_objective(sklearn.base.clone(pipeline),x,y,scorers=scorers, cv=cv , fold=step)
  File "/common/ketrong/tpotexp/tpot2/tpot2/tpot_estimator/cross_val_utils.py", line 28, in cross_val_score_objective
    this_fold_pipeline.fit(X_train,y_train)
  File "/common/ketrong/tpotexp/env/lib/python3.10/site-packages/sklearn/base.py", line 1473, in wrapper
    return fit_method(estimator, *args, **kwargs)
  File "/common/ketrong/tpotexp/env/lib/python3.10/site-packages/sklearn/pipeline.py", line 473, in fit
    self._final_estimator.fit(Xt, y, **last_step_params["fit"])
  File "/common/ketrong/tpotexp/env/lib/python3.10/site-packages/sklearn/base.py", line 1466, in wrapper
    estimator._validate_params()
  File "/common/ketrong/tpotexp/env/lib/python3.10/site-packages/sklearn/base.py", line 666, in _validate_params
    validate_parameter_constraints(
  File "/common/ketrong/tpotexp/env/lib/python3.10/site-packages/sklearn/utils/_param_validation.py", line 95, in validate_parameter_constraints
    raise InvalidParameterError(
sklearn.utils._param_validation.InvalidParameterError: The 'criterion' parameter of RandomForestRegressor must be a str among {'friedman_mse', 'poisson', 'absolute_error', 'squared_error'}. Got 'mse' instead.

Generation:  3
Best root_mean_squared_error score: -0.11768525430529393
Generation:  12%|        | 3/25 [09:46<1:18:41, 214.63s/it]WARNING THIS INDIVIDUAL CAUSED AND EXCEPTION 
 <tpot2.search_spaces.pipelines.sequential.SequentialPipelineIndividual object at 0x155474734d00> 
 The 'criterion' parameter of DecisionTreeRegressor must be a str among {'friedman_mse', 'poisson', 'absolute_error', 'squared_error'}. Got 'mae' instead. 
 Traceback (most recent call last):
  File "/common/ketrong/tpotexp/tpot2/tpot2/utils/eval_utils.py", line 53, in objective_nan_wrapper
    value = func_timeout.func_timeout(timeout, objective_function, args=[individual], kwargs=objective_kwargs)
  File "/common/ketrong/tpotexp/env/lib/python3.10/site-packages/func_timeout/dafunc.py", line 108, in func_timeout
    raise_exception(exception)
  File "/common/ketrong/tpotexp/env/lib/python3.10/site-packages/func_timeout/py3_raise.py", line 7, in raise_exception
    raise exception[0] from None
  File "/common/ketrong/tpotexp/tpot2/tpot2/tpot_estimator/estimator.py", line 623, in objective_function
    return objective_function_generator(
  File "/common/ketrong/tpotexp/tpot2/tpot2/tpot_estimator/estimator_utils.py", line 55, in objective_function_generator
    cv_obj_scores = cross_val_score_objective(sklearn.base.clone(pipeline),x,y,scorers=scorers, cv=cv , fold=step)
  File "/common/ketrong/tpotexp/tpot2/tpot2/tpot_estimator/cross_val_utils.py", line 28, in cross_val_score_objective
    this_fold_pipeline.fit(X_train,y_train)
  File "/common/ketrong/tpotexp/env/lib/python3.10/site-packages/sklearn/base.py", line 1473, in wrapper
    return fit_method(estimator, *args, **kwargs)
  File "/common/ketrong/tpotexp/env/lib/python3.10/site-packages/sklearn/pipeline.py", line 473, in fit
    self._final_estimator.fit(Xt, y, **last_step_params["fit"])
  File "/common/ketrong/tpotexp/env/lib/python3.10/site-packages/sklearn/base.py", line 1466, in wrapper
    estimator._validate_params()
  File "/common/ketrong/tpotexp/env/lib/python3.10/site-packages/sklearn/base.py", line 666, in _validate_params
    validate_parameter_constraints(
  File "/common/ketrong/tpotexp/env/lib/python3.10/site-packages/sklearn/utils/_param_validation.py", line 95, in validate_parameter_constraints
    raise InvalidParameterError(
sklearn.utils._param_validation.InvalidParameterError: The 'criterion' parameter of DecisionTreeRegressor must be a str among {'friedman_mse', 'poisson', 'absolute_error', 'squared_error'}. Got 'mae' instead.

Generation:  4
Best root_mean_squared_error score: -0.11768525430529393
Generation:  16%|        | 4/25 [13:16<1:14:30, 212.87s/it]WARNING THIS INDIVIDUAL CAUSED AND EXCEPTION 
 <tpot2.search_spaces.pipelines.sequential.SequentialPipelineIndividual object at 0x155465c299f0> 
 The 'criterion' parameter of RandomForestRegressor must be a str among {'friedman_mse', 'poisson', 'absolute_error', 'squared_error'}. Got 'mae' instead. 
 Traceback (most recent call last):
  File "/common/ketrong/tpotexp/tpot2/tpot2/utils/eval_utils.py", line 53, in objective_nan_wrapper
    value = func_timeout.func_timeout(timeout, objective_function, args=[individual], kwargs=objective_kwargs)
  File "/common/ketrong/tpotexp/env/lib/python3.10/site-packages/func_timeout/dafunc.py", line 108, in func_timeout
    raise_exception(exception)
  File "/common/ketrong/tpotexp/env/lib/python3.10/site-packages/func_timeout/py3_raise.py", line 7, in raise_exception
    raise exception[0] from None
  File "/common/ketrong/tpotexp/tpot2/tpot2/tpot_estimator/estimator.py", line 623, in objective_function
    return objective_function_generator(
  File "/common/ketrong/tpotexp/tpot2/tpot2/tpot_estimator/estimator_utils.py", line 55, in objective_function_generator
    cv_obj_scores = cross_val_score_objective(sklearn.base.clone(pipeline),x,y,scorers=scorers, cv=cv , fold=step)
  File "/common/ketrong/tpotexp/tpot2/tpot2/tpot_estimator/cross_val_utils.py", line 28, in cross_val_score_objective
    this_fold_pipeline.fit(X_train,y_train)
  File "/common/ketrong/tpotexp/env/lib/python3.10/site-packages/sklearn/base.py", line 1473, in wrapper
    return fit_method(estimator, *args, **kwargs)
  File "/common/ketrong/tpotexp/env/lib/python3.10/site-packages/sklearn/pipeline.py", line 473, in fit
    self._final_estimator.fit(Xt, y, **last_step_params["fit"])
  File "/common/ketrong/tpotexp/env/lib/python3.10/site-packages/sklearn/base.py", line 1466, in wrapper
    estimator._validate_params()
  File "/common/ketrong/tpotexp/env/lib/python3.10/site-packages/sklearn/base.py", line 666, in _validate_params
    validate_parameter_constraints(
  File "/common/ketrong/tpotexp/env/lib/python3.10/site-packages/sklearn/utils/_param_validation.py", line 95, in validate_parameter_constraints
    raise InvalidParameterError(
sklearn.utils._param_validation.InvalidParameterError: The 'criterion' parameter of RandomForestRegressor must be a str among {'friedman_mse', 'poisson', 'absolute_error', 'squared_error'}. Got 'mae' instead.

WARNING THIS INDIVIDUAL CAUSED AND EXCEPTION 
 <tpot2.search_spaces.pipelines.sequential.SequentialPipelineIndividual object at 0x155465aab070> 
 The 'criterion' parameter of DecisionTreeRegressor must be a str among {'friedman_mse', 'poisson', 'absolute_error', 'squared_error'}. Got 'mae' instead. 
 Traceback (most recent call last):
  File "/common/ketrong/tpotexp/tpot2/tpot2/utils/eval_utils.py", line 53, in objective_nan_wrapper
    value = func_timeout.func_timeout(timeout, objective_function, args=[individual], kwargs=objective_kwargs)
  File "/common/ketrong/tpotexp/env/lib/python3.10/site-packages/func_timeout/dafunc.py", line 108, in func_timeout
    raise_exception(exception)
  File "/common/ketrong/tpotexp/env/lib/python3.10/site-packages/func_timeout/py3_raise.py", line 7, in raise_exception
    raise exception[0] from None
  File "/common/ketrong/tpotexp/tpot2/tpot2/tpot_estimator/estimator.py", line 623, in objective_function
    return objective_function_generator(
  File "/common/ketrong/tpotexp/tpot2/tpot2/tpot_estimator/estimator_utils.py", line 55, in objective_function_generator
    cv_obj_scores = cross_val_score_objective(sklearn.base.clone(pipeline),x,y,scorers=scorers, cv=cv , fold=step)
  File "/common/ketrong/tpotexp/tpot2/tpot2/tpot_estimator/cross_val_utils.py", line 28, in cross_val_score_objective
    this_fold_pipeline.fit(X_train,y_train)
  File "/common/ketrong/tpotexp/env/lib/python3.10/site-packages/sklearn/base.py", line 1473, in wrapper
    return fit_method(estimator, *args, **kwargs)
  File "/common/ketrong/tpotexp/env/lib/python3.10/site-packages/sklearn/pipeline.py", line 473, in fit
    self._final_estimator.fit(Xt, y, **last_step_params["fit"])
  File "/common/ketrong/tpotexp/env/lib/python3.10/site-packages/sklearn/base.py", line 1466, in wrapper
    estimator._validate_params()
  File "/common/ketrong/tpotexp/env/lib/python3.10/site-packages/sklearn/base.py", line 666, in _validate_params
    validate_parameter_constraints(
  File "/common/ketrong/tpotexp/env/lib/python3.10/site-packages/sklearn/utils/_param_validation.py", line 95, in validate_parameter_constraints
    raise InvalidParameterError(
sklearn.utils._param_validation.InvalidParameterError: The 'criterion' parameter of DecisionTreeRegressor must be a str among {'friedman_mse', 'poisson', 'absolute_error', 'squared_error'}. Got 'mae' instead.

WARNING THIS INDIVIDUAL CAUSED AND EXCEPTION 
 <tpot2.search_spaces.pipelines.sequential.SequentialPipelineIndividual object at 0x1554658fbe50> 
 The 'criterion' parameter of RandomForestRegressor must be a str among {'friedman_mse', 'poisson', 'absolute_error', 'squared_error'}. Got 'mae' instead. 
 Traceback (most recent call last):
  File "/common/ketrong/tpotexp/tpot2/tpot2/utils/eval_utils.py", line 53, in objective_nan_wrapper
    value = func_timeout.func_timeout(timeout, objective_function, args=[individual], kwargs=objective_kwargs)
  File "/common/ketrong/tpotexp/env/lib/python3.10/site-packages/func_timeout/dafunc.py", line 108, in func_timeout
    raise_exception(exception)
  File "/common/ketrong/tpotexp/env/lib/python3.10/site-packages/func_timeout/py3_raise.py", line 7, in raise_exception
    raise exception[0] from None
  File "/common/ketrong/tpotexp/tpot2/tpot2/tpot_estimator/estimator.py", line 623, in objective_function
    return objective_function_generator(
  File "/common/ketrong/tpotexp/tpot2/tpot2/tpot_estimator/estimator_utils.py", line 55, in objective_function_generator
    cv_obj_scores = cross_val_score_objective(sklearn.base.clone(pipeline),x,y,scorers=scorers, cv=cv , fold=step)
  File "/common/ketrong/tpotexp/tpot2/tpot2/tpot_estimator/cross_val_utils.py", line 28, in cross_val_score_objective
    this_fold_pipeline.fit(X_train,y_train)
  File "/common/ketrong/tpotexp/env/lib/python3.10/site-packages/sklearn/base.py", line 1473, in wrapper
    return fit_method(estimator, *args, **kwargs)
  File "/common/ketrong/tpotexp/env/lib/python3.10/site-packages/sklearn/pipeline.py", line 473, in fit
    self._final_estimator.fit(Xt, y, **last_step_params["fit"])
  File "/common/ketrong/tpotexp/env/lib/python3.10/site-packages/sklearn/base.py", line 1466, in wrapper
    estimator._validate_params()
  File "/common/ketrong/tpotexp/env/lib/python3.10/site-packages/sklearn/base.py", line 666, in _validate_params
    validate_parameter_constraints(
  File "/common/ketrong/tpotexp/env/lib/python3.10/site-packages/sklearn/utils/_param_validation.py", line 95, in validate_parameter_constraints
    raise InvalidParameterError(
sklearn.utils._param_validation.InvalidParameterError: The 'criterion' parameter of RandomForestRegressor must be a str among {'friedman_mse', 'poisson', 'absolute_error', 'squared_error'}. Got 'mae' instead.

WARNING THIS INDIVIDUAL CAUSED AND EXCEPTION 
 <tpot2.search_spaces.pipelines.sequential.SequentialPipelineIndividual object at 0x155467b2dff0> 
 The 'criterion' parameter of RandomForestRegressor must be a str among {'friedman_mse', 'poisson', 'absolute_error', 'squared_error'}. Got 'mse' instead. 
 Traceback (most recent call last):
  File "/common/ketrong/tpotexp/tpot2/tpot2/utils/eval_utils.py", line 53, in objective_nan_wrapper
    value = func_timeout.func_timeout(timeout, objective_function, args=[individual], kwargs=objective_kwargs)
  File "/common/ketrong/tpotexp/env/lib/python3.10/site-packages/func_timeout/dafunc.py", line 108, in func_timeout
    raise_exception(exception)
  File "/common/ketrong/tpotexp/env/lib/python3.10/site-packages/func_timeout/py3_raise.py", line 7, in raise_exception
    raise exception[0] from None
  File "/common/ketrong/tpotexp/tpot2/tpot2/tpot_estimator/estimator.py", line 623, in objective_function
    return objective_function_generator(
  File "/common/ketrong/tpotexp/tpot2/tpot2/tpot_estimator/estimator_utils.py", line 55, in objective_function_generator
    cv_obj_scores = cross_val_score_objective(sklearn.base.clone(pipeline),x,y,scorers=scorers, cv=cv , fold=step)
  File "/common/ketrong/tpotexp/tpot2/tpot2/tpot_estimator/cross_val_utils.py", line 28, in cross_val_score_objective
    this_fold_pipeline.fit(X_train,y_train)
  File "/common/ketrong/tpotexp/env/lib/python3.10/site-packages/sklearn/base.py", line 1473, in wrapper
    return fit_method(estimator, *args, **kwargs)
  File "/common/ketrong/tpotexp/env/lib/python3.10/site-packages/sklearn/pipeline.py", line 473, in fit
    self._final_estimator.fit(Xt, y, **last_step_params["fit"])
  File "/common/ketrong/tpotexp/env/lib/python3.10/site-packages/sklearn/base.py", line 1466, in wrapper
    estimator._validate_params()
  File "/common/ketrong/tpotexp/env/lib/python3.10/site-packages/sklearn/base.py", line 666, in _validate_params
    validate_parameter_constraints(
  File "/common/ketrong/tpotexp/env/lib/python3.10/site-packages/sklearn/utils/_param_validation.py", line 95, in validate_parameter_constraints
    raise InvalidParameterError(
sklearn.utils._param_validation.InvalidParameterError: The 'criterion' parameter of RandomForestRegressor must be a str among {'friedman_mse', 'poisson', 'absolute_error', 'squared_error'}. Got 'mse' instead.

Generation:  5
Best root_mean_squared_error score: -0.11768525430529393
Generation:  20%|        | 5/25 [16:33<1:09:06, 207.33s/it]WARNING THIS INDIVIDUAL CAUSED AND EXCEPTION 
 <tpot2.search_spaces.pipelines.sequential.SequentialPipelineIndividual object at 0x155467edab60> 
 The 'criterion' parameter of ExtraTreesRegressor must be a str among {'friedman_mse', 'poisson', 'absolute_error', 'squared_error'}. Got 'mae' instead. 
 Traceback (most recent call last):
  File "/common/ketrong/tpotexp/tpot2/tpot2/utils/eval_utils.py", line 53, in objective_nan_wrapper
    value = func_timeout.func_timeout(timeout, objective_function, args=[individual], kwargs=objective_kwargs)
  File "/common/ketrong/tpotexp/env/lib/python3.10/site-packages/func_timeout/dafunc.py", line 108, in func_timeout
    raise_exception(exception)
  File "/common/ketrong/tpotexp/env/lib/python3.10/site-packages/func_timeout/py3_raise.py", line 7, in raise_exception
    raise exception[0] from None
  File "/common/ketrong/tpotexp/tpot2/tpot2/tpot_estimator/estimator.py", line 623, in objective_function
    return objective_function_generator(
  File "/common/ketrong/tpotexp/tpot2/tpot2/tpot_estimator/estimator_utils.py", line 55, in objective_function_generator
    cv_obj_scores = cross_val_score_objective(sklearn.base.clone(pipeline),x,y,scorers=scorers, cv=cv , fold=step)
  File "/common/ketrong/tpotexp/tpot2/tpot2/tpot_estimator/cross_val_utils.py", line 28, in cross_val_score_objective
    this_fold_pipeline.fit(X_train,y_train)
  File "/common/ketrong/tpotexp/env/lib/python3.10/site-packages/sklearn/base.py", line 1473, in wrapper
    return fit_method(estimator, *args, **kwargs)
  File "/common/ketrong/tpotexp/env/lib/python3.10/site-packages/sklearn/pipeline.py", line 473, in fit
    self._final_estimator.fit(Xt, y, **last_step_params["fit"])
  File "/common/ketrong/tpotexp/env/lib/python3.10/site-packages/sklearn/base.py", line 1466, in wrapper
    estimator._validate_params()
  File "/common/ketrong/tpotexp/env/lib/python3.10/site-packages/sklearn/base.py", line 666, in _validate_params
    validate_parameter_constraints(
  File "/common/ketrong/tpotexp/env/lib/python3.10/site-packages/sklearn/utils/_param_validation.py", line 95, in validate_parameter_constraints
    raise InvalidParameterError(
sklearn.utils._param_validation.InvalidParameterError: The 'criterion' parameter of ExtraTreesRegressor must be a str among {'friedman_mse', 'poisson', 'absolute_error', 'squared_error'}. Got 'mae' instead.

Generation:  6
Best root_mean_squared_error score: -0.11768525430529393
Generation:  24%|       | 6/25 [20:01<1:05:43, 207.57s/it]Generation:  7
Best root_mean_squared_error score: -0.11768525430529393
Generation:  28%|       | 7/25 [25:05<1:11:38, 238.83s/it]Generation:  8
Best root_mean_squared_error score: -0.11768525430529393
Generation:  32%|      | 8/25 [30:16<1:14:13, 261.97s/it]WARNING THIS INDIVIDUAL CAUSED AND EXCEPTION 
 <tpot2.search_spaces.pipelines.sequential.SequentialPipelineIndividual object at 0x155467ed8580> 
 The 'criterion' parameter of RandomForestRegressor must be a str among {'friedman_mse', 'poisson', 'absolute_error', 'squared_error'}. Got 'mse' instead. 
 Traceback (most recent call last):
  File "/common/ketrong/tpotexp/tpot2/tpot2/utils/eval_utils.py", line 53, in objective_nan_wrapper
    value = func_timeout.func_timeout(timeout, objective_function, args=[individual], kwargs=objective_kwargs)
  File "/common/ketrong/tpotexp/env/lib/python3.10/site-packages/func_timeout/dafunc.py", line 108, in func_timeout
    raise_exception(exception)
  File "/common/ketrong/tpotexp/env/lib/python3.10/site-packages/func_timeout/py3_raise.py", line 7, in raise_exception
    raise exception[0] from None
  File "/common/ketrong/tpotexp/tpot2/tpot2/tpot_estimator/estimator.py", line 623, in objective_function
    return objective_function_generator(
  File "/common/ketrong/tpotexp/tpot2/tpot2/tpot_estimator/estimator_utils.py", line 55, in objective_function_generator
    cv_obj_scores = cross_val_score_objective(sklearn.base.clone(pipeline),x,y,scorers=scorers, cv=cv , fold=step)
  File "/common/ketrong/tpotexp/tpot2/tpot2/tpot_estimator/cross_val_utils.py", line 28, in cross_val_score_objective
    this_fold_pipeline.fit(X_train,y_train)
  File "/common/ketrong/tpotexp/env/lib/python3.10/site-packages/sklearn/base.py", line 1473, in wrapper
    return fit_method(estimator, *args, **kwargs)
  File "/common/ketrong/tpotexp/env/lib/python3.10/site-packages/sklearn/pipeline.py", line 473, in fit
    self._final_estimator.fit(Xt, y, **last_step_params["fit"])
  File "/common/ketrong/tpotexp/env/lib/python3.10/site-packages/sklearn/base.py", line 1466, in wrapper
    estimator._validate_params()
  File "/common/ketrong/tpotexp/env/lib/python3.10/site-packages/sklearn/base.py", line 666, in _validate_params
    validate_parameter_constraints(
  File "/common/ketrong/tpotexp/env/lib/python3.10/site-packages/sklearn/utils/_param_validation.py", line 95, in validate_parameter_constraints
    raise InvalidParameterError(
sklearn.utils._param_validation.InvalidParameterError: The 'criterion' parameter of RandomForestRegressor must be a str among {'friedman_mse', 'poisson', 'absolute_error', 'squared_error'}. Got 'mse' instead.

Generation:  9
Best root_mean_squared_error score: -0.11768525430529393
Generation:  36%|      | 9/25 [35:00<1:11:39, 268.70s/it]WARNING AN INDIVIDUAL TIMED OUT: 
 <tpot2.search_spaces.pipelines.sequential.SequentialPipelineIndividual object at 0x1554746f3070> 

Generation:  10
Best root_mean_squared_error score: -0.11522511954603129
Generation:  40%|      | 10/25 [45:05<1:33:10, 372.72s/it]Generation:  11
Best root_mean_squared_error score: -0.11522511954603129
Generation:  44%|     | 11/25 [48:38<1:15:32, 323.78s/it]WARNING THIS INDIVIDUAL CAUSED AND EXCEPTION 
 <tpot2.search_spaces.pipelines.sequential.SequentialPipelineIndividual object at 0x155467fc6170> 
 The 'criterion' parameter of DecisionTreeRegressor must be a str among {'friedman_mse', 'poisson', 'absolute_error', 'squared_error'}. Got 'mae' instead. 
 Traceback (most recent call last):
  File "/common/ketrong/tpotexp/tpot2/tpot2/utils/eval_utils.py", line 53, in objective_nan_wrapper
    value = func_timeout.func_timeout(timeout, objective_function, args=[individual], kwargs=objective_kwargs)
  File "/common/ketrong/tpotexp/env/lib/python3.10/site-packages/func_timeout/dafunc.py", line 108, in func_timeout
    raise_exception(exception)
  File "/common/ketrong/tpotexp/env/lib/python3.10/site-packages/func_timeout/py3_raise.py", line 7, in raise_exception
    raise exception[0] from None
  File "/common/ketrong/tpotexp/tpot2/tpot2/tpot_estimator/estimator.py", line 623, in objective_function
    return objective_function_generator(
  File "/common/ketrong/tpotexp/tpot2/tpot2/tpot_estimator/estimator_utils.py", line 55, in objective_function_generator
    cv_obj_scores = cross_val_score_objective(sklearn.base.clone(pipeline),x,y,scorers=scorers, cv=cv , fold=step)
  File "/common/ketrong/tpotexp/tpot2/tpot2/tpot_estimator/cross_val_utils.py", line 28, in cross_val_score_objective
    this_fold_pipeline.fit(X_train,y_train)
  File "/common/ketrong/tpotexp/env/lib/python3.10/site-packages/sklearn/base.py", line 1473, in wrapper
    return fit_method(estimator, *args, **kwargs)
  File "/common/ketrong/tpotexp/env/lib/python3.10/site-packages/sklearn/pipeline.py", line 473, in fit
    self._final_estimator.fit(Xt, y, **last_step_params["fit"])
  File "/common/ketrong/tpotexp/env/lib/python3.10/site-packages/sklearn/base.py", line 1466, in wrapper
    estimator._validate_params()
  File "/common/ketrong/tpotexp/env/lib/python3.10/site-packages/sklearn/base.py", line 666, in _validate_params
    validate_parameter_constraints(
  File "/common/ketrong/tpotexp/env/lib/python3.10/site-packages/sklearn/utils/_param_validation.py", line 95, in validate_parameter_constraints
    raise InvalidParameterError(
sklearn.utils._param_validation.InvalidParameterError: The 'criterion' parameter of DecisionTreeRegressor must be a str among {'friedman_mse', 'poisson', 'absolute_error', 'squared_error'}. Got 'mae' instead.

Generation:  12
Best root_mean_squared_error score: -0.11522511954603129
Generation:  48%|     | 12/25 [52:58<1:05:57, 304.43s/it]WARNING THIS INDIVIDUAL CAUSED AND EXCEPTION 
 <tpot2.search_spaces.pipelines.sequential.SequentialPipelineIndividual object at 0x1554657d05e0> 
 The 'criterion' parameter of RandomForestRegressor must be a str among {'friedman_mse', 'poisson', 'absolute_error', 'squared_error'}. Got 'mse' instead. 
 Traceback (most recent call last):
  File "/common/ketrong/tpotexp/tpot2/tpot2/utils/eval_utils.py", line 53, in objective_nan_wrapper
    value = func_timeout.func_timeout(timeout, objective_function, args=[individual], kwargs=objective_kwargs)
  File "/common/ketrong/tpotexp/env/lib/python3.10/site-packages/func_timeout/dafunc.py", line 108, in func_timeout
    raise_exception(exception)
  File "/common/ketrong/tpotexp/env/lib/python3.10/site-packages/func_timeout/py3_raise.py", line 7, in raise_exception
    raise exception[0] from None
  File "/common/ketrong/tpotexp/tpot2/tpot2/tpot_estimator/estimator.py", line 623, in objective_function
    return objective_function_generator(
  File "/common/ketrong/tpotexp/tpot2/tpot2/tpot_estimator/estimator_utils.py", line 55, in objective_function_generator
    cv_obj_scores = cross_val_score_objective(sklearn.base.clone(pipeline),x,y,scorers=scorers, cv=cv , fold=step)
  File "/common/ketrong/tpotexp/tpot2/tpot2/tpot_estimator/cross_val_utils.py", line 28, in cross_val_score_objective
    this_fold_pipeline.fit(X_train,y_train)
  File "/common/ketrong/tpotexp/env/lib/python3.10/site-packages/sklearn/base.py", line 1473, in wrapper
    return fit_method(estimator, *args, **kwargs)
  File "/common/ketrong/tpotexp/env/lib/python3.10/site-packages/sklearn/pipeline.py", line 473, in fit
    self._final_estimator.fit(Xt, y, **last_step_params["fit"])
  File "/common/ketrong/tpotexp/env/lib/python3.10/site-packages/sklearn/base.py", line 1466, in wrapper
    estimator._validate_params()
  File "/common/ketrong/tpotexp/env/lib/python3.10/site-packages/sklearn/base.py", line 666, in _validate_params
    validate_parameter_constraints(
  File "/common/ketrong/tpotexp/env/lib/python3.10/site-packages/sklearn/utils/_param_validation.py", line 95, in validate_parameter_constraints
    raise InvalidParameterError(
sklearn.utils._param_validation.InvalidParameterError: The 'criterion' parameter of RandomForestRegressor must be a str among {'friedman_mse', 'poisson', 'absolute_error', 'squared_error'}. Got 'mse' instead.

Generation:  13
Best root_mean_squared_error score: -0.11522511954603129
Generation:  52%|    | 13/25 [58:29<1:02:30, 312.51s/it]WARNING THIS INDIVIDUAL CAUSED AND EXCEPTION 
 <tpot2.search_spaces.pipelines.sequential.SequentialPipelineIndividual object at 0x155465a674c0> 
 The 'criterion' parameter of ExtraTreesRegressor must be a str among {'friedman_mse', 'poisson', 'absolute_error', 'squared_error'}. Got 'mae' instead. 
 Traceback (most recent call last):
  File "/common/ketrong/tpotexp/tpot2/tpot2/utils/eval_utils.py", line 53, in objective_nan_wrapper
    value = func_timeout.func_timeout(timeout, objective_function, args=[individual], kwargs=objective_kwargs)
  File "/common/ketrong/tpotexp/env/lib/python3.10/site-packages/func_timeout/dafunc.py", line 108, in func_timeout
    raise_exception(exception)
  File "/common/ketrong/tpotexp/env/lib/python3.10/site-packages/func_timeout/py3_raise.py", line 7, in raise_exception
    raise exception[0] from None
  File "/common/ketrong/tpotexp/tpot2/tpot2/tpot_estimator/estimator.py", line 623, in objective_function
    return objective_function_generator(
  File "/common/ketrong/tpotexp/tpot2/tpot2/tpot_estimator/estimator_utils.py", line 55, in objective_function_generator
    cv_obj_scores = cross_val_score_objective(sklearn.base.clone(pipeline),x,y,scorers=scorers, cv=cv , fold=step)
  File "/common/ketrong/tpotexp/tpot2/tpot2/tpot_estimator/cross_val_utils.py", line 28, in cross_val_score_objective
    this_fold_pipeline.fit(X_train,y_train)
  File "/common/ketrong/tpotexp/env/lib/python3.10/site-packages/sklearn/base.py", line 1473, in wrapper
    return fit_method(estimator, *args, **kwargs)
  File "/common/ketrong/tpotexp/env/lib/python3.10/site-packages/sklearn/pipeline.py", line 473, in fit
    self._final_estimator.fit(Xt, y, **last_step_params["fit"])
  File "/common/ketrong/tpotexp/env/lib/python3.10/site-packages/sklearn/base.py", line 1466, in wrapper
    estimator._validate_params()
  File "/common/ketrong/tpotexp/env/lib/python3.10/site-packages/sklearn/base.py", line 666, in _validate_params
    validate_parameter_constraints(
  File "/common/ketrong/tpotexp/env/lib/python3.10/site-packages/sklearn/utils/_param_validation.py", line 95, in validate_parameter_constraints
    raise InvalidParameterError(
sklearn.utils._param_validation.InvalidParameterError: The 'criterion' parameter of ExtraTreesRegressor must be a str among {'friedman_mse', 'poisson', 'absolute_error', 'squared_error'}. Got 'mae' instead.

WARNING THIS INDIVIDUAL CAUSED AND EXCEPTION 
 <tpot2.search_spaces.pipelines.sequential.SequentialPipelineIndividual object at 0x1554679eb790> 
 The 'criterion' parameter of ExtraTreesRegressor must be a str among {'friedman_mse', 'poisson', 'absolute_error', 'squared_error'}. Got 'mae' instead. 
 Traceback (most recent call last):
  File "/common/ketrong/tpotexp/tpot2/tpot2/utils/eval_utils.py", line 53, in objective_nan_wrapper
    value = func_timeout.func_timeout(timeout, objective_function, args=[individual], kwargs=objective_kwargs)
  File "/common/ketrong/tpotexp/env/lib/python3.10/site-packages/func_timeout/dafunc.py", line 108, in func_timeout
    raise_exception(exception)
  File "/common/ketrong/tpotexp/env/lib/python3.10/site-packages/func_timeout/py3_raise.py", line 7, in raise_exception
    raise exception[0] from None
  File "/common/ketrong/tpotexp/tpot2/tpot2/tpot_estimator/estimator.py", line 623, in objective_function
    return objective_function_generator(
  File "/common/ketrong/tpotexp/tpot2/tpot2/tpot_estimator/estimator_utils.py", line 55, in objective_function_generator
    cv_obj_scores = cross_val_score_objective(sklearn.base.clone(pipeline),x,y,scorers=scorers, cv=cv , fold=step)
  File "/common/ketrong/tpotexp/tpot2/tpot2/tpot_estimator/cross_val_utils.py", line 28, in cross_val_score_objective
    this_fold_pipeline.fit(X_train,y_train)
  File "/common/ketrong/tpotexp/env/lib/python3.10/site-packages/sklearn/base.py", line 1473, in wrapper
    return fit_method(estimator, *args, **kwargs)
  File "/common/ketrong/tpotexp/env/lib/python3.10/site-packages/sklearn/pipeline.py", line 473, in fit
    self._final_estimator.fit(Xt, y, **last_step_params["fit"])
  File "/common/ketrong/tpotexp/env/lib/python3.10/site-packages/sklearn/base.py", line 1466, in wrapper
    estimator._validate_params()
  File "/common/ketrong/tpotexp/env/lib/python3.10/site-packages/sklearn/base.py", line 666, in _validate_params
    validate_parameter_constraints(
  File "/common/ketrong/tpotexp/env/lib/python3.10/site-packages/sklearn/utils/_param_validation.py", line 95, in validate_parameter_constraints
    raise InvalidParameterError(
sklearn.utils._param_validation.InvalidParameterError: The 'criterion' parameter of ExtraTreesRegressor must be a str among {'friedman_mse', 'poisson', 'absolute_error', 'squared_error'}. Got 'mae' instead.

Generation:  14
Best root_mean_squared_error score: -0.11522511954603129
Generation:  56%|    | 14/25 [1:07:52<1:11:07, 387.99s/it]WARNING THIS INDIVIDUAL CAUSED AND EXCEPTION 
 <tpot2.search_spaces.pipelines.sequential.SequentialPipelineIndividual object at 0x155467f13d90> 
 The 'criterion' parameter of RandomForestRegressor must be a str among {'friedman_mse', 'poisson', 'absolute_error', 'squared_error'}. Got 'mae' instead. 
 Traceback (most recent call last):
  File "/common/ketrong/tpotexp/tpot2/tpot2/utils/eval_utils.py", line 53, in objective_nan_wrapper
    value = func_timeout.func_timeout(timeout, objective_function, args=[individual], kwargs=objective_kwargs)
  File "/common/ketrong/tpotexp/env/lib/python3.10/site-packages/func_timeout/dafunc.py", line 108, in func_timeout
    raise_exception(exception)
  File "/common/ketrong/tpotexp/env/lib/python3.10/site-packages/func_timeout/py3_raise.py", line 7, in raise_exception
    raise exception[0] from None
  File "/common/ketrong/tpotexp/tpot2/tpot2/tpot_estimator/estimator.py", line 623, in objective_function
    return objective_function_generator(
  File "/common/ketrong/tpotexp/tpot2/tpot2/tpot_estimator/estimator_utils.py", line 55, in objective_function_generator
    cv_obj_scores = cross_val_score_objective(sklearn.base.clone(pipeline),x,y,scorers=scorers, cv=cv , fold=step)
  File "/common/ketrong/tpotexp/tpot2/tpot2/tpot_estimator/cross_val_utils.py", line 28, in cross_val_score_objective
    this_fold_pipeline.fit(X_train,y_train)
  File "/common/ketrong/tpotexp/env/lib/python3.10/site-packages/sklearn/base.py", line 1473, in wrapper
    return fit_method(estimator, *args, **kwargs)
  File "/common/ketrong/tpotexp/env/lib/python3.10/site-packages/sklearn/pipeline.py", line 473, in fit
    self._final_estimator.fit(Xt, y, **last_step_params["fit"])
  File "/common/ketrong/tpotexp/env/lib/python3.10/site-packages/sklearn/base.py", line 1466, in wrapper
    estimator._validate_params()
  File "/common/ketrong/tpotexp/env/lib/python3.10/site-packages/sklearn/base.py", line 666, in _validate_params
    validate_parameter_constraints(
  File "/common/ketrong/tpotexp/env/lib/python3.10/site-packages/sklearn/utils/_param_validation.py", line 95, in validate_parameter_constraints
    raise InvalidParameterError(
sklearn.utils._param_validation.InvalidParameterError: The 'criterion' parameter of RandomForestRegressor must be a str among {'friedman_mse', 'poisson', 'absolute_error', 'squared_error'}. Got 'mae' instead.

Generation:  15
Best root_mean_squared_error score: -0.11522511954603129
Generation:  60%|    | 15/25 [1:12:22<58:46, 352.60s/it]  WARNING THIS INDIVIDUAL CAUSED AND EXCEPTION 
 <tpot2.search_spaces.pipelines.sequential.SequentialPipelineIndividual object at 0x155474732d10> 
 The 'criterion' parameter of DecisionTreeRegressor must be a str among {'friedman_mse', 'poisson', 'absolute_error', 'squared_error'}. Got 'mae' instead. 
 Traceback (most recent call last):
  File "/common/ketrong/tpotexp/tpot2/tpot2/utils/eval_utils.py", line 53, in objective_nan_wrapper
    value = func_timeout.func_timeout(timeout, objective_function, args=[individual], kwargs=objective_kwargs)
  File "/common/ketrong/tpotexp/env/lib/python3.10/site-packages/func_timeout/dafunc.py", line 108, in func_timeout
    raise_exception(exception)
  File "/common/ketrong/tpotexp/env/lib/python3.10/site-packages/func_timeout/py3_raise.py", line 7, in raise_exception
    raise exception[0] from None
  File "/common/ketrong/tpotexp/tpot2/tpot2/tpot_estimator/estimator.py", line 623, in objective_function
    return objective_function_generator(
  File "/common/ketrong/tpotexp/tpot2/tpot2/tpot_estimator/estimator_utils.py", line 55, in objective_function_generator
    cv_obj_scores = cross_val_score_objective(sklearn.base.clone(pipeline),x,y,scorers=scorers, cv=cv , fold=step)
  File "/common/ketrong/tpotexp/tpot2/tpot2/tpot_estimator/cross_val_utils.py", line 28, in cross_val_score_objective
    this_fold_pipeline.fit(X_train,y_train)
  File "/common/ketrong/tpotexp/env/lib/python3.10/site-packages/sklearn/base.py", line 1473, in wrapper
    return fit_method(estimator, *args, **kwargs)
  File "/common/ketrong/tpotexp/env/lib/python3.10/site-packages/sklearn/pipeline.py", line 473, in fit
    self._final_estimator.fit(Xt, y, **last_step_params["fit"])
  File "/common/ketrong/tpotexp/env/lib/python3.10/site-packages/sklearn/base.py", line 1466, in wrapper
    estimator._validate_params()
  File "/common/ketrong/tpotexp/env/lib/python3.10/site-packages/sklearn/base.py", line 666, in _validate_params
    validate_parameter_constraints(
  File "/common/ketrong/tpotexp/env/lib/python3.10/site-packages/sklearn/utils/_param_validation.py", line 95, in validate_parameter_constraints
    raise InvalidParameterError(
sklearn.utils._param_validation.InvalidParameterError: The 'criterion' parameter of DecisionTreeRegressor must be a str among {'friedman_mse', 'poisson', 'absolute_error', 'squared_error'}. Got 'mae' instead.

WARNING THIS INDIVIDUAL CAUSED AND EXCEPTION 
 <tpot2.search_spaces.pipelines.sequential.SequentialPipelineIndividual object at 0x1554746aa1a0> 
 The 'criterion' parameter of RandomForestRegressor must be a str among {'friedman_mse', 'poisson', 'absolute_error', 'squared_error'}. Got 'mae' instead. 
 Traceback (most recent call last):
  File "/common/ketrong/tpotexp/tpot2/tpot2/utils/eval_utils.py", line 53, in objective_nan_wrapper
    value = func_timeout.func_timeout(timeout, objective_function, args=[individual], kwargs=objective_kwargs)
  File "/common/ketrong/tpotexp/env/lib/python3.10/site-packages/func_timeout/dafunc.py", line 108, in func_timeout
    raise_exception(exception)
  File "/common/ketrong/tpotexp/env/lib/python3.10/site-packages/func_timeout/py3_raise.py", line 7, in raise_exception
    raise exception[0] from None
  File "/common/ketrong/tpotexp/tpot2/tpot2/tpot_estimator/estimator.py", line 623, in objective_function
    return objective_function_generator(
  File "/common/ketrong/tpotexp/tpot2/tpot2/tpot_estimator/estimator_utils.py", line 55, in objective_function_generator
    cv_obj_scores = cross_val_score_objective(sklearn.base.clone(pipeline),x,y,scorers=scorers, cv=cv , fold=step)
  File "/common/ketrong/tpotexp/tpot2/tpot2/tpot_estimator/cross_val_utils.py", line 28, in cross_val_score_objective
    this_fold_pipeline.fit(X_train,y_train)
  File "/common/ketrong/tpotexp/env/lib/python3.10/site-packages/sklearn/base.py", line 1473, in wrapper
    return fit_method(estimator, *args, **kwargs)
  File "/common/ketrong/tpotexp/env/lib/python3.10/site-packages/sklearn/pipeline.py", line 473, in fit
    self._final_estimator.fit(Xt, y, **last_step_params["fit"])
  File "/common/ketrong/tpotexp/env/lib/python3.10/site-packages/sklearn/base.py", line 1466, in wrapper
    estimator._validate_params()
  File "/common/ketrong/tpotexp/env/lib/python3.10/site-packages/sklearn/base.py", line 666, in _validate_params
    validate_parameter_constraints(
  File "/common/ketrong/tpotexp/env/lib/python3.10/site-packages/sklearn/utils/_param_validation.py", line 95, in validate_parameter_constraints
    raise InvalidParameterError(
sklearn.utils._param_validation.InvalidParameterError: The 'criterion' parameter of RandomForestRegressor must be a str among {'friedman_mse', 'poisson', 'absolute_error', 'squared_error'}. Got 'mae' instead.

Generation:  16
Best root_mean_squared_error score: -0.11522511954603129
Generation:  64%|   | 16/25 [1:17:08<49:52, 332.51s/it]Generation:  17
Best root_mean_squared_error score: -0.11522511954603129
Generation:  68%|   | 17/25 [1:23:59<47:28, 356.06s/it]WARNING THIS INDIVIDUAL CAUSED AND EXCEPTION 
 <tpot2.search_spaces.pipelines.sequential.SequentialPipelineIndividual object at 0x1554746f0490> 
 The 'criterion' parameter of ExtraTreesRegressor must be a str among {'friedman_mse', 'poisson', 'absolute_error', 'squared_error'}. Got 'mae' instead. 
 Traceback (most recent call last):
  File "/common/ketrong/tpotexp/tpot2/tpot2/utils/eval_utils.py", line 53, in objective_nan_wrapper
    value = func_timeout.func_timeout(timeout, objective_function, args=[individual], kwargs=objective_kwargs)
  File "/common/ketrong/tpotexp/env/lib/python3.10/site-packages/func_timeout/dafunc.py", line 108, in func_timeout
    raise_exception(exception)
  File "/common/ketrong/tpotexp/env/lib/python3.10/site-packages/func_timeout/py3_raise.py", line 7, in raise_exception
    raise exception[0] from None
  File "/common/ketrong/tpotexp/tpot2/tpot2/tpot_estimator/estimator.py", line 623, in objective_function
    return objective_function_generator(
  File "/common/ketrong/tpotexp/tpot2/tpot2/tpot_estimator/estimator_utils.py", line 55, in objective_function_generator
    cv_obj_scores = cross_val_score_objective(sklearn.base.clone(pipeline),x,y,scorers=scorers, cv=cv , fold=step)
  File "/common/ketrong/tpotexp/tpot2/tpot2/tpot_estimator/cross_val_utils.py", line 28, in cross_val_score_objective
    this_fold_pipeline.fit(X_train,y_train)
  File "/common/ketrong/tpotexp/env/lib/python3.10/site-packages/sklearn/base.py", line 1473, in wrapper
    return fit_method(estimator, *args, **kwargs)
  File "/common/ketrong/tpotexp/env/lib/python3.10/site-packages/sklearn/pipeline.py", line 473, in fit
    self._final_estimator.fit(Xt, y, **last_step_params["fit"])
  File "/common/ketrong/tpotexp/env/lib/python3.10/site-packages/sklearn/base.py", line 1466, in wrapper
    estimator._validate_params()
  File "/common/ketrong/tpotexp/env/lib/python3.10/site-packages/sklearn/base.py", line 666, in _validate_params
    validate_parameter_constraints(
  File "/common/ketrong/tpotexp/env/lib/python3.10/site-packages/sklearn/utils/_param_validation.py", line 95, in validate_parameter_constraints
    raise InvalidParameterError(
sklearn.utils._param_validation.InvalidParameterError: The 'criterion' parameter of ExtraTreesRegressor must be a str among {'friedman_mse', 'poisson', 'absolute_error', 'squared_error'}. Got 'mae' instead.

WARNING THIS INDIVIDUAL CAUSED AND EXCEPTION 
 <tpot2.search_spaces.pipelines.sequential.SequentialPipelineIndividual object at 0x15546553b550> 
 The 'criterion' parameter of DecisionTreeRegressor must be a str among {'friedman_mse', 'poisson', 'absolute_error', 'squared_error'}. Got 'mae' instead. 
 Traceback (most recent call last):
  File "/common/ketrong/tpotexp/tpot2/tpot2/utils/eval_utils.py", line 53, in objective_nan_wrapper
    value = func_timeout.func_timeout(timeout, objective_function, args=[individual], kwargs=objective_kwargs)
  File "/common/ketrong/tpotexp/env/lib/python3.10/site-packages/func_timeout/dafunc.py", line 108, in func_timeout
    raise_exception(exception)
  File "/common/ketrong/tpotexp/env/lib/python3.10/site-packages/func_timeout/py3_raise.py", line 7, in raise_exception
    raise exception[0] from None
  File "/common/ketrong/tpotexp/tpot2/tpot2/tpot_estimator/estimator.py", line 623, in objective_function
    return objective_function_generator(
  File "/common/ketrong/tpotexp/tpot2/tpot2/tpot_estimator/estimator_utils.py", line 55, in objective_function_generator
    cv_obj_scores = cross_val_score_objective(sklearn.base.clone(pipeline),x,y,scorers=scorers, cv=cv , fold=step)
  File "/common/ketrong/tpotexp/tpot2/tpot2/tpot_estimator/cross_val_utils.py", line 28, in cross_val_score_objective
    this_fold_pipeline.fit(X_train,y_train)
  File "/common/ketrong/tpotexp/env/lib/python3.10/site-packages/sklearn/base.py", line 1473, in wrapper
    return fit_method(estimator, *args, **kwargs)
  File "/common/ketrong/tpotexp/env/lib/python3.10/site-packages/sklearn/pipeline.py", line 473, in fit
    self._final_estimator.fit(Xt, y, **last_step_params["fit"])
  File "/common/ketrong/tpotexp/env/lib/python3.10/site-packages/sklearn/base.py", line 1466, in wrapper
    estimator._validate_params()
  File "/common/ketrong/tpotexp/env/lib/python3.10/site-packages/sklearn/base.py", line 666, in _validate_params
    validate_parameter_constraints(
  File "/common/ketrong/tpotexp/env/lib/python3.10/site-packages/sklearn/utils/_param_validation.py", line 95, in validate_parameter_constraints
    raise InvalidParameterError(
sklearn.utils._param_validation.InvalidParameterError: The 'criterion' parameter of DecisionTreeRegressor must be a str among {'friedman_mse', 'poisson', 'absolute_error', 'squared_error'}. Got 'mae' instead.

Generation:  18
Best root_mean_squared_error score: -0.11522511954603129
Generation:  72%|  | 18/25 [1:26:17<33:53, 290.48s/it]Generation:  19
Best root_mean_squared_error score: -0.11522511954603129
Generation:  76%|  | 19/25 [1:34:30<35:08, 351.41s/it]WARNING THIS INDIVIDUAL CAUSED AND EXCEPTION 
 <tpot2.search_spaces.pipelines.sequential.SequentialPipelineIndividual object at 0x1554746fac50> 
 The 'criterion' parameter of DecisionTreeRegressor must be a str among {'friedman_mse', 'poisson', 'absolute_error', 'squared_error'}. Got 'mae' instead. 
 Traceback (most recent call last):
  File "/common/ketrong/tpotexp/tpot2/tpot2/utils/eval_utils.py", line 53, in objective_nan_wrapper
    value = func_timeout.func_timeout(timeout, objective_function, args=[individual], kwargs=objective_kwargs)
  File "/common/ketrong/tpotexp/env/lib/python3.10/site-packages/func_timeout/dafunc.py", line 108, in func_timeout
    raise_exception(exception)
  File "/common/ketrong/tpotexp/env/lib/python3.10/site-packages/func_timeout/py3_raise.py", line 7, in raise_exception
    raise exception[0] from None
  File "/common/ketrong/tpotexp/tpot2/tpot2/tpot_estimator/estimator.py", line 623, in objective_function
    return objective_function_generator(
  File "/common/ketrong/tpotexp/tpot2/tpot2/tpot_estimator/estimator_utils.py", line 55, in objective_function_generator
    cv_obj_scores = cross_val_score_objective(sklearn.base.clone(pipeline),x,y,scorers=scorers, cv=cv , fold=step)
  File "/common/ketrong/tpotexp/tpot2/tpot2/tpot_estimator/cross_val_utils.py", line 28, in cross_val_score_objective
    this_fold_pipeline.fit(X_train,y_train)
  File "/common/ketrong/tpotexp/env/lib/python3.10/site-packages/sklearn/base.py", line 1473, in wrapper
    return fit_method(estimator, *args, **kwargs)
  File "/common/ketrong/tpotexp/env/lib/python3.10/site-packages/sklearn/pipeline.py", line 473, in fit
    self._final_estimator.fit(Xt, y, **last_step_params["fit"])
  File "/common/ketrong/tpotexp/env/lib/python3.10/site-packages/sklearn/base.py", line 1466, in wrapper
    estimator._validate_params()
  File "/common/ketrong/tpotexp/env/lib/python3.10/site-packages/sklearn/base.py", line 666, in _validate_params
    validate_parameter_constraints(
  File "/common/ketrong/tpotexp/env/lib/python3.10/site-packages/sklearn/utils/_param_validation.py", line 95, in validate_parameter_constraints
    raise InvalidParameterError(
sklearn.utils._param_validation.InvalidParameterError: The 'criterion' parameter of DecisionTreeRegressor must be a str among {'friedman_mse', 'poisson', 'absolute_error', 'squared_error'}. Got 'mae' instead.

WARNING AN INDIVIDUAL TIMED OUT: 
 <tpot2.search_spaces.pipelines.sequential.SequentialPipelineIndividual object at 0x1554658a44c0> 

Generation:  20
Best root_mean_squared_error score: -0.11522511954603129
Generation:  80%|  | 20/25 [1:44:40<35:45, 429.11s/it]WARNING THIS INDIVIDUAL CAUSED AND EXCEPTION 
 <tpot2.search_spaces.pipelines.sequential.SequentialPipelineIndividual object at 0x155465459810> 
 The 'criterion' parameter of RandomForestRegressor must be a str among {'friedman_mse', 'poisson', 'absolute_error', 'squared_error'}. Got 'mae' instead. 
 Traceback (most recent call last):
  File "/common/ketrong/tpotexp/tpot2/tpot2/utils/eval_utils.py", line 53, in objective_nan_wrapper
    value = func_timeout.func_timeout(timeout, objective_function, args=[individual], kwargs=objective_kwargs)
  File "/common/ketrong/tpotexp/env/lib/python3.10/site-packages/func_timeout/dafunc.py", line 108, in func_timeout
    raise_exception(exception)
  File "/common/ketrong/tpotexp/env/lib/python3.10/site-packages/func_timeout/py3_raise.py", line 7, in raise_exception
    raise exception[0] from None
  File "/common/ketrong/tpotexp/tpot2/tpot2/tpot_estimator/estimator.py", line 623, in objective_function
    return objective_function_generator(
  File "/common/ketrong/tpotexp/tpot2/tpot2/tpot_estimator/estimator_utils.py", line 55, in objective_function_generator
    cv_obj_scores = cross_val_score_objective(sklearn.base.clone(pipeline),x,y,scorers=scorers, cv=cv , fold=step)
  File "/common/ketrong/tpotexp/tpot2/tpot2/tpot_estimator/cross_val_utils.py", line 28, in cross_val_score_objective
    this_fold_pipeline.fit(X_train,y_train)
  File "/common/ketrong/tpotexp/env/lib/python3.10/site-packages/sklearn/base.py", line 1473, in wrapper
    return fit_method(estimator, *args, **kwargs)
  File "/common/ketrong/tpotexp/env/lib/python3.10/site-packages/sklearn/pipeline.py", line 473, in fit
    self._final_estimator.fit(Xt, y, **last_step_params["fit"])
  File "/common/ketrong/tpotexp/env/lib/python3.10/site-packages/sklearn/base.py", line 1466, in wrapper
    estimator._validate_params()
  File "/common/ketrong/tpotexp/env/lib/python3.10/site-packages/sklearn/base.py", line 666, in _validate_params
    validate_parameter_constraints(
  File "/common/ketrong/tpotexp/env/lib/python3.10/site-packages/sklearn/utils/_param_validation.py", line 95, in validate_parameter_constraints
    raise InvalidParameterError(
sklearn.utils._param_validation.InvalidParameterError: The 'criterion' parameter of RandomForestRegressor must be a str among {'friedman_mse', 'poisson', 'absolute_error', 'squared_error'}. Got 'mae' instead.

WARNING THIS INDIVIDUAL CAUSED AND EXCEPTION 
 <tpot2.search_spaces.pipelines.sequential.SequentialPipelineIndividual object at 0x155467e0ab60> 
 The 'criterion' parameter of RandomForestRegressor must be a str among {'friedman_mse', 'poisson', 'absolute_error', 'squared_error'}. Got 'mse' instead. 
 Traceback (most recent call last):
  File "/common/ketrong/tpotexp/tpot2/tpot2/utils/eval_utils.py", line 53, in objective_nan_wrapper
    value = func_timeout.func_timeout(timeout, objective_function, args=[individual], kwargs=objective_kwargs)
  File "/common/ketrong/tpotexp/env/lib/python3.10/site-packages/func_timeout/dafunc.py", line 108, in func_timeout
    raise_exception(exception)
  File "/common/ketrong/tpotexp/env/lib/python3.10/site-packages/func_timeout/py3_raise.py", line 7, in raise_exception
    raise exception[0] from None
  File "/common/ketrong/tpotexp/tpot2/tpot2/tpot_estimator/estimator.py", line 623, in objective_function
    return objective_function_generator(
  File "/common/ketrong/tpotexp/tpot2/tpot2/tpot_estimator/estimator_utils.py", line 55, in objective_function_generator
    cv_obj_scores = cross_val_score_objective(sklearn.base.clone(pipeline),x,y,scorers=scorers, cv=cv , fold=step)
  File "/common/ketrong/tpotexp/tpot2/tpot2/tpot_estimator/cross_val_utils.py", line 28, in cross_val_score_objective
    this_fold_pipeline.fit(X_train,y_train)
  File "/common/ketrong/tpotexp/env/lib/python3.10/site-packages/sklearn/base.py", line 1473, in wrapper
    return fit_method(estimator, *args, **kwargs)
  File "/common/ketrong/tpotexp/env/lib/python3.10/site-packages/sklearn/pipeline.py", line 473, in fit
    self._final_estimator.fit(Xt, y, **last_step_params["fit"])
  File "/common/ketrong/tpotexp/env/lib/python3.10/site-packages/sklearn/base.py", line 1466, in wrapper
    estimator._validate_params()
  File "/common/ketrong/tpotexp/env/lib/python3.10/site-packages/sklearn/base.py", line 666, in _validate_params
    validate_parameter_constraints(
  File "/common/ketrong/tpotexp/env/lib/python3.10/site-packages/sklearn/utils/_param_validation.py", line 95, in validate_parameter_constraints
    raise InvalidParameterError(
sklearn.utils._param_validation.InvalidParameterError: The 'criterion' parameter of RandomForestRegressor must be a str among {'friedman_mse', 'poisson', 'absolute_error', 'squared_error'}. Got 'mse' instead.

Generation:  21
Best root_mean_squared_error score: -0.11522511954603129
Generation:  84%| | 21/25 [1:50:55<27:30, 412.73s/it]Generation:  22
Best root_mean_squared_error score: -0.11522511954603129
Generation:  88%| | 22/25 [1:53:13<16:30, 330.14s/it]WARNING THIS INDIVIDUAL CAUSED AND EXCEPTION 
 <tpot2.search_spaces.pipelines.sequential.SequentialPipelineIndividual object at 0x15546596fa90> 
 The 'criterion' parameter of RandomForestRegressor must be a str among {'friedman_mse', 'poisson', 'absolute_error', 'squared_error'}. Got 'mse' instead. 
 Traceback (most recent call last):
  File "/common/ketrong/tpotexp/tpot2/tpot2/utils/eval_utils.py", line 53, in objective_nan_wrapper
    value = func_timeout.func_timeout(timeout, objective_function, args=[individual], kwargs=objective_kwargs)
  File "/common/ketrong/tpotexp/env/lib/python3.10/site-packages/func_timeout/dafunc.py", line 108, in func_timeout
    raise_exception(exception)
  File "/common/ketrong/tpotexp/env/lib/python3.10/site-packages/func_timeout/py3_raise.py", line 7, in raise_exception
    raise exception[0] from None
  File "/common/ketrong/tpotexp/tpot2/tpot2/tpot_estimator/estimator.py", line 623, in objective_function
    return objective_function_generator(
  File "/common/ketrong/tpotexp/tpot2/tpot2/tpot_estimator/estimator_utils.py", line 55, in objective_function_generator
    cv_obj_scores = cross_val_score_objective(sklearn.base.clone(pipeline),x,y,scorers=scorers, cv=cv , fold=step)
  File "/common/ketrong/tpotexp/tpot2/tpot2/tpot_estimator/cross_val_utils.py", line 28, in cross_val_score_objective
    this_fold_pipeline.fit(X_train,y_train)
  File "/common/ketrong/tpotexp/env/lib/python3.10/site-packages/sklearn/base.py", line 1473, in wrapper
    return fit_method(estimator, *args, **kwargs)
  File "/common/ketrong/tpotexp/env/lib/python3.10/site-packages/sklearn/pipeline.py", line 473, in fit
    self._final_estimator.fit(Xt, y, **last_step_params["fit"])
  File "/common/ketrong/tpotexp/env/lib/python3.10/site-packages/sklearn/base.py", line 1466, in wrapper
    estimator._validate_params()
  File "/common/ketrong/tpotexp/env/lib/python3.10/site-packages/sklearn/base.py", line 666, in _validate_params
    validate_parameter_constraints(
  File "/common/ketrong/tpotexp/env/lib/python3.10/site-packages/sklearn/utils/_param_validation.py", line 95, in validate_parameter_constraints
    raise InvalidParameterError(
sklearn.utils._param_validation.InvalidParameterError: The 'criterion' parameter of RandomForestRegressor must be a str among {'friedman_mse', 'poisson', 'absolute_error', 'squared_error'}. Got 'mse' instead.

Generation:  23
Best root_mean_squared_error score: -0.11522511954603129
Generation:  92%|| 23/25 [1:57:30<10:16, 308.26s/it]WARNING THIS INDIVIDUAL CAUSED AND EXCEPTION 
 <tpot2.search_spaces.pipelines.sequential.SequentialPipelineIndividual object at 0x1554746ac790> 
 The 'criterion' parameter of DecisionTreeRegressor must be a str among {'friedman_mse', 'poisson', 'absolute_error', 'squared_error'}. Got 'mae' instead. 
 Traceback (most recent call last):
  File "/common/ketrong/tpotexp/tpot2/tpot2/utils/eval_utils.py", line 53, in objective_nan_wrapper
    value = func_timeout.func_timeout(timeout, objective_function, args=[individual], kwargs=objective_kwargs)
  File "/common/ketrong/tpotexp/env/lib/python3.10/site-packages/func_timeout/dafunc.py", line 108, in func_timeout
    raise_exception(exception)
  File "/common/ketrong/tpotexp/env/lib/python3.10/site-packages/func_timeout/py3_raise.py", line 7, in raise_exception
    raise exception[0] from None
  File "/common/ketrong/tpotexp/tpot2/tpot2/tpot_estimator/estimator.py", line 623, in objective_function
    return objective_function_generator(
  File "/common/ketrong/tpotexp/tpot2/tpot2/tpot_estimator/estimator_utils.py", line 55, in objective_function_generator
    cv_obj_scores = cross_val_score_objective(sklearn.base.clone(pipeline),x,y,scorers=scorers, cv=cv , fold=step)
  File "/common/ketrong/tpotexp/tpot2/tpot2/tpot_estimator/cross_val_utils.py", line 28, in cross_val_score_objective
    this_fold_pipeline.fit(X_train,y_train)
  File "/common/ketrong/tpotexp/env/lib/python3.10/site-packages/sklearn/base.py", line 1473, in wrapper
    return fit_method(estimator, *args, **kwargs)
  File "/common/ketrong/tpotexp/env/lib/python3.10/site-packages/sklearn/pipeline.py", line 473, in fit
    self._final_estimator.fit(Xt, y, **last_step_params["fit"])
  File "/common/ketrong/tpotexp/env/lib/python3.10/site-packages/sklearn/base.py", line 1466, in wrapper
    estimator._validate_params()
  File "/common/ketrong/tpotexp/env/lib/python3.10/site-packages/sklearn/base.py", line 666, in _validate_params
    validate_parameter_constraints(
  File "/common/ketrong/tpotexp/env/lib/python3.10/site-packages/sklearn/utils/_param_validation.py", line 95, in validate_parameter_constraints
    raise InvalidParameterError(
sklearn.utils._param_validation.InvalidParameterError: The 'criterion' parameter of DecisionTreeRegressor must be a str among {'friedman_mse', 'poisson', 'absolute_error', 'squared_error'}. Got 'mae' instead.

Generation:  24
Best root_mean_squared_error score: -0.11522511954603129
Generation:  96%|| 24/25 [2:05:56<06:07, 367.80s/it]Generation:  25
Best root_mean_squared_error score: -0.11522511954603129
Generation: 100%|| 25/25 [2:12:31<00:00, 375.76s/it]Generation: 100%|| 25/25 [2:12:33<00:00, 318.16s/it]
2024-09-20 09:19:25,237 - distributed.scheduler - ERROR - Removing worker 'tcp://127.0.0.1:45931' caused the cluster to lose scattered data, which can't be recovered: {'ndarray-54fba40c1248fc4325f0805dbe561c45', 'DataFrame-199f3c31ceebfff04409bf1345a44d8c'} (stimulus_id='handle-worker-cleanup-1726849165.2373304')
Fitted
Pipeline(steps=[('mlpregressor',
                 MLPRegressor(alpha=0.0108937132349, early_stopping=True,
                              hidden_layer_sizes=[186, 186, 186],
                              learning_rate='invscaling',
                              learning_rate_init=0.00196756885,
                              n_iter_no_change=32))])
score start
train score: {'explained_var': 0.8487401818692004, 'r2': 0.847629216920018, 'rmse': 0.10331914682988608}
original test score: {'explained_var': 0.904061423706801, 'r2': 0.9007783270512613, 'rmse': 0.08162918299060101}
imputed test score: {'explained_var': 0.8279586059242827, 'r2': 0.8245968095355456, 'rmse': 0.10853277852389712}
score end
check intended
EXP2 Finished
running experiment 3/3 - What is the best automl settings?
<tpot2.search_spaces.pipelines.sequential.SequentialPipeline object at 0x155434fd2f80>
Start tpot fit
Version 0.1.7a0 of tpot2 is outdated. Version 0.1.8a0 was released 2 days ago.
Version 0.1.7a0 of tpot2 is outdated. Version 0.1.8a0 was released 2 days ago.
Version 0.1.7a0 of tpot2 is outdated. Version 0.1.8a0 was released 2 days ago.
Version 0.1.7a0 of tpot2 is outdated. Version 0.1.8a0 was released 2 days ago.
Version 0.1.7a0 of tpot2 is outdated. Version 0.1.8a0 was released 2 days ago.
Version 0.1.7a0 of tpot2 is outdated. Version 0.1.8a0 was released 2 days ago.
Version 0.1.7a0 of tpot2 is outdated. Version 0.1.8a0 was released 2 days ago.
Version 0.1.7a0 of tpot2 is outdated. Version 0.1.8a0 was released 2 days ago.
Version 0.1.7a0 of tpot2 is outdated. Version 0.1.8a0 was released 2 days ago.
Version 0.1.7a0 of tpot2 is outdated. Version 0.1.8a0 was released 2 days ago.
Version 0.1.7a0 of tpot2 is outdated. Version 0.1.8a0 was released 2 days ago.
Version 0.1.7a0 of tpot2 is outdated. Version 0.1.8a0 was released 2 days ago.
Version 0.1.7a0 of tpot2 is outdated. Version 0.1.8a0 was released 2 days ago.
Version 0.1.7a0 of tpot2 is outdated. Version 0.1.8a0 was released 2 days ago.
Version 0.1.7a0 of tpot2 is outdated. Version 0.1.8a0 was released 2 days ago.
Version 0.1.7a0 of tpot2 is outdated. Version 0.1.8a0 was released 2 days ago.
  0%|          | 0/25 [00:00<?, ?it/s]Generation:   0%|          | 0/25 [00:00<?, ?it/s]WARNING THIS INDIVIDUAL CAUSED AND EXCEPTION 
 <tpot2.search_spaces.pipelines.sequential.SequentialPipelineIndividual object at 0x155467f06ad0> 
 The 'criterion' parameter of DecisionTreeRegressor must be a str among {'friedman_mse', 'poisson', 'absolute_error', 'squared_error'}. Got 'mae' instead. 
 Traceback (most recent call last):
  File "/common/ketrong/tpotexp/tpot2/tpot2/utils/eval_utils.py", line 53, in objective_nan_wrapper
    value = func_timeout.func_timeout(timeout, objective_function, args=[individual], kwargs=objective_kwargs)
  File "/common/ketrong/tpotexp/env/lib/python3.10/site-packages/func_timeout/dafunc.py", line 108, in func_timeout
    raise_exception(exception)
  File "/common/ketrong/tpotexp/env/lib/python3.10/site-packages/func_timeout/py3_raise.py", line 7, in raise_exception
    raise exception[0] from None
  File "/common/ketrong/tpotexp/tpot2/tpot2/tpot_estimator/estimator.py", line 623, in objective_function
    return objective_function_generator(
  File "/common/ketrong/tpotexp/tpot2/tpot2/tpot_estimator/estimator_utils.py", line 55, in objective_function_generator
    cv_obj_scores = cross_val_score_objective(sklearn.base.clone(pipeline),x,y,scorers=scorers, cv=cv , fold=step)
  File "/common/ketrong/tpotexp/tpot2/tpot2/tpot_estimator/cross_val_utils.py", line 28, in cross_val_score_objective
    this_fold_pipeline.fit(X_train,y_train)
  File "/common/ketrong/tpotexp/env/lib/python3.10/site-packages/sklearn/base.py", line 1473, in wrapper
    return fit_method(estimator, *args, **kwargs)
  File "/common/ketrong/tpotexp/env/lib/python3.10/site-packages/sklearn/pipeline.py", line 473, in fit
    self._final_estimator.fit(Xt, y, **last_step_params["fit"])
  File "/common/ketrong/tpotexp/env/lib/python3.10/site-packages/sklearn/base.py", line 1466, in wrapper
    estimator._validate_params()
  File "/common/ketrong/tpotexp/env/lib/python3.10/site-packages/sklearn/base.py", line 666, in _validate_params
    validate_parameter_constraints(
  File "/common/ketrong/tpotexp/env/lib/python3.10/site-packages/sklearn/utils/_param_validation.py", line 95, in validate_parameter_constraints
    raise InvalidParameterError(
sklearn.utils._param_validation.InvalidParameterError: The 'criterion' parameter of DecisionTreeRegressor must be a str among {'friedman_mse', 'poisson', 'absolute_error', 'squared_error'}. Got 'mae' instead.

WARNING THIS INDIVIDUAL CAUSED AND EXCEPTION 
 <tpot2.search_spaces.pipelines.sequential.SequentialPipelineIndividual object at 0x1554746a4ee0> 
 The 'criterion' parameter of ExtraTreesRegressor must be a str among {'friedman_mse', 'poisson', 'absolute_error', 'squared_error'}. Got 'mae' instead. 
 Traceback (most recent call last):
  File "/common/ketrong/tpotexp/tpot2/tpot2/utils/eval_utils.py", line 53, in objective_nan_wrapper
    value = func_timeout.func_timeout(timeout, objective_function, args=[individual], kwargs=objective_kwargs)
  File "/common/ketrong/tpotexp/env/lib/python3.10/site-packages/func_timeout/dafunc.py", line 108, in func_timeout
    raise_exception(exception)
  File "/common/ketrong/tpotexp/env/lib/python3.10/site-packages/func_timeout/py3_raise.py", line 7, in raise_exception
    raise exception[0] from None
  File "/common/ketrong/tpotexp/tpot2/tpot2/tpot_estimator/estimator.py", line 623, in objective_function
    return objective_function_generator(
  File "/common/ketrong/tpotexp/tpot2/tpot2/tpot_estimator/estimator_utils.py", line 55, in objective_function_generator
    cv_obj_scores = cross_val_score_objective(sklearn.base.clone(pipeline),x,y,scorers=scorers, cv=cv , fold=step)
  File "/common/ketrong/tpotexp/tpot2/tpot2/tpot_estimator/cross_val_utils.py", line 28, in cross_val_score_objective
    this_fold_pipeline.fit(X_train,y_train)
  File "/common/ketrong/tpotexp/env/lib/python3.10/site-packages/sklearn/base.py", line 1473, in wrapper
    return fit_method(estimator, *args, **kwargs)
  File "/common/ketrong/tpotexp/env/lib/python3.10/site-packages/sklearn/pipeline.py", line 473, in fit
    self._final_estimator.fit(Xt, y, **last_step_params["fit"])
  File "/common/ketrong/tpotexp/env/lib/python3.10/site-packages/sklearn/base.py", line 1466, in wrapper
    estimator._validate_params()
  File "/common/ketrong/tpotexp/env/lib/python3.10/site-packages/sklearn/base.py", line 666, in _validate_params
    validate_parameter_constraints(
  File "/common/ketrong/tpotexp/env/lib/python3.10/site-packages/sklearn/utils/_param_validation.py", line 95, in validate_parameter_constraints
    raise InvalidParameterError(
sklearn.utils._param_validation.InvalidParameterError: The 'criterion' parameter of ExtraTreesRegressor must be a str among {'friedman_mse', 'poisson', 'absolute_error', 'squared_error'}. Got 'mae' instead.

WARNING THIS INDIVIDUAL CAUSED AND EXCEPTION 
 <tpot2.search_spaces.pipelines.sequential.SequentialPipelineIndividual object at 0x1554746a4ac0> 
 The 'criterion' parameter of ExtraTreesRegressor must be a str among {'friedman_mse', 'poisson', 'absolute_error', 'squared_error'}. Got 'mae' instead. 
 Traceback (most recent call last):
  File "/common/ketrong/tpotexp/tpot2/tpot2/utils/eval_utils.py", line 53, in objective_nan_wrapper
    value = func_timeout.func_timeout(timeout, objective_function, args=[individual], kwargs=objective_kwargs)
  File "/common/ketrong/tpotexp/env/lib/python3.10/site-packages/func_timeout/dafunc.py", line 108, in func_timeout
    raise_exception(exception)
  File "/common/ketrong/tpotexp/env/lib/python3.10/site-packages/func_timeout/py3_raise.py", line 7, in raise_exception
    raise exception[0] from None
  File "/common/ketrong/tpotexp/tpot2/tpot2/tpot_estimator/estimator.py", line 623, in objective_function
    return objective_function_generator(
  File "/common/ketrong/tpotexp/tpot2/tpot2/tpot_estimator/estimator_utils.py", line 55, in objective_function_generator
    cv_obj_scores = cross_val_score_objective(sklearn.base.clone(pipeline),x,y,scorers=scorers, cv=cv , fold=step)
  File "/common/ketrong/tpotexp/tpot2/tpot2/tpot_estimator/cross_val_utils.py", line 28, in cross_val_score_objective
    this_fold_pipeline.fit(X_train,y_train)
  File "/common/ketrong/tpotexp/env/lib/python3.10/site-packages/sklearn/base.py", line 1473, in wrapper
    return fit_method(estimator, *args, **kwargs)
  File "/common/ketrong/tpotexp/env/lib/python3.10/site-packages/sklearn/pipeline.py", line 473, in fit
    self._final_estimator.fit(Xt, y, **last_step_params["fit"])
  File "/common/ketrong/tpotexp/env/lib/python3.10/site-packages/sklearn/base.py", line 1466, in wrapper
    estimator._validate_params()
  File "/common/ketrong/tpotexp/env/lib/python3.10/site-packages/sklearn/base.py", line 666, in _validate_params
    validate_parameter_constraints(
  File "/common/ketrong/tpotexp/env/lib/python3.10/site-packages/sklearn/utils/_param_validation.py", line 95, in validate_parameter_constraints
    raise InvalidParameterError(
sklearn.utils._param_validation.InvalidParameterError: The 'criterion' parameter of ExtraTreesRegressor must be a str among {'friedman_mse', 'poisson', 'absolute_error', 'squared_error'}. Got 'mae' instead.

Generation:  1
Best root_mean_squared_error score: -0.15039371392381526
Generation:   4%|         | 1/25 [02:50<1:08:20, 170.85s/it]WARNING THIS INDIVIDUAL CAUSED AND EXCEPTION 
 <tpot2.search_spaces.pipelines.sequential.SequentialPipelineIndividual object at 0x155467f048b0> 
 The 'criterion' parameter of DecisionTreeRegressor must be a str among {'friedman_mse', 'poisson', 'absolute_error', 'squared_error'}. Got 'mae' instead. 
 Traceback (most recent call last):
  File "/common/ketrong/tpotexp/tpot2/tpot2/utils/eval_utils.py", line 53, in objective_nan_wrapper
    value = func_timeout.func_timeout(timeout, objective_function, args=[individual], kwargs=objective_kwargs)
  File "/common/ketrong/tpotexp/env/lib/python3.10/site-packages/func_timeout/dafunc.py", line 108, in func_timeout
    raise_exception(exception)
  File "/common/ketrong/tpotexp/env/lib/python3.10/site-packages/func_timeout/py3_raise.py", line 7, in raise_exception
    raise exception[0] from None
  File "/common/ketrong/tpotexp/tpot2/tpot2/tpot_estimator/estimator.py", line 623, in objective_function
    return objective_function_generator(
  File "/common/ketrong/tpotexp/tpot2/tpot2/tpot_estimator/estimator_utils.py", line 55, in objective_function_generator
    cv_obj_scores = cross_val_score_objective(sklearn.base.clone(pipeline),x,y,scorers=scorers, cv=cv , fold=step)
  File "/common/ketrong/tpotexp/tpot2/tpot2/tpot_estimator/cross_val_utils.py", line 28, in cross_val_score_objective
    this_fold_pipeline.fit(X_train,y_train)
  File "/common/ketrong/tpotexp/env/lib/python3.10/site-packages/sklearn/base.py", line 1473, in wrapper
    return fit_method(estimator, *args, **kwargs)
  File "/common/ketrong/tpotexp/env/lib/python3.10/site-packages/sklearn/pipeline.py", line 473, in fit
    self._final_estimator.fit(Xt, y, **last_step_params["fit"])
  File "/common/ketrong/tpotexp/env/lib/python3.10/site-packages/sklearn/base.py", line 1466, in wrapper
    estimator._validate_params()
  File "/common/ketrong/tpotexp/env/lib/python3.10/site-packages/sklearn/base.py", line 666, in _validate_params
    validate_parameter_constraints(
  File "/common/ketrong/tpotexp/env/lib/python3.10/site-packages/sklearn/utils/_param_validation.py", line 95, in validate_parameter_constraints
    raise InvalidParameterError(
sklearn.utils._param_validation.InvalidParameterError: The 'criterion' parameter of DecisionTreeRegressor must be a str among {'friedman_mse', 'poisson', 'absolute_error', 'squared_error'}. Got 'mae' instead.

WARNING THIS INDIVIDUAL CAUSED AND EXCEPTION 
 <tpot2.search_spaces.pipelines.sequential.SequentialPipelineIndividual object at 0x1554746f1e10> 
 The 'criterion' parameter of RandomForestRegressor must be a str among {'friedman_mse', 'poisson', 'absolute_error', 'squared_error'}. Got 'mse' instead. 
 Traceback (most recent call last):
  File "/common/ketrong/tpotexp/tpot2/tpot2/utils/eval_utils.py", line 53, in objective_nan_wrapper
    value = func_timeout.func_timeout(timeout, objective_function, args=[individual], kwargs=objective_kwargs)
  File "/common/ketrong/tpotexp/env/lib/python3.10/site-packages/func_timeout/dafunc.py", line 108, in func_timeout
    raise_exception(exception)
  File "/common/ketrong/tpotexp/env/lib/python3.10/site-packages/func_timeout/py3_raise.py", line 7, in raise_exception
    raise exception[0] from None
  File "/common/ketrong/tpotexp/tpot2/tpot2/tpot_estimator/estimator.py", line 623, in objective_function
    return objective_function_generator(
  File "/common/ketrong/tpotexp/tpot2/tpot2/tpot_estimator/estimator_utils.py", line 55, in objective_function_generator
    cv_obj_scores = cross_val_score_objective(sklearn.base.clone(pipeline),x,y,scorers=scorers, cv=cv , fold=step)
  File "/common/ketrong/tpotexp/tpot2/tpot2/tpot_estimator/cross_val_utils.py", line 28, in cross_val_score_objective
    this_fold_pipeline.fit(X_train,y_train)
  File "/common/ketrong/tpotexp/env/lib/python3.10/site-packages/sklearn/base.py", line 1473, in wrapper
    return fit_method(estimator, *args, **kwargs)
  File "/common/ketrong/tpotexp/env/lib/python3.10/site-packages/sklearn/pipeline.py", line 473, in fit
    self._final_estimator.fit(Xt, y, **last_step_params["fit"])
  File "/common/ketrong/tpotexp/env/lib/python3.10/site-packages/sklearn/base.py", line 1466, in wrapper
    estimator._validate_params()
  File "/common/ketrong/tpotexp/env/lib/python3.10/site-packages/sklearn/base.py", line 666, in _validate_params
    validate_parameter_constraints(
  File "/common/ketrong/tpotexp/env/lib/python3.10/site-packages/sklearn/utils/_param_validation.py", line 95, in validate_parameter_constraints
    raise InvalidParameterError(
sklearn.utils._param_validation.InvalidParameterError: The 'criterion' parameter of RandomForestRegressor must be a str among {'friedman_mse', 'poisson', 'absolute_error', 'squared_error'}. Got 'mse' instead.

Generation:  2
Best root_mean_squared_error score: -0.1473746070066088
Generation:   8%|         | 2/25 [04:16<46:12, 120.53s/it]  WARNING THIS INDIVIDUAL CAUSED AND EXCEPTION 
 <tpot2.search_spaces.pipelines.sequential.SequentialPipelineIndividual object at 0x155467f06bc0> 
 The 'criterion' parameter of RandomForestRegressor must be a str among {'friedman_mse', 'poisson', 'absolute_error', 'squared_error'}. Got 'mse' instead. 
 Traceback (most recent call last):
  File "/common/ketrong/tpotexp/tpot2/tpot2/utils/eval_utils.py", line 53, in objective_nan_wrapper
    value = func_timeout.func_timeout(timeout, objective_function, args=[individual], kwargs=objective_kwargs)
  File "/common/ketrong/tpotexp/env/lib/python3.10/site-packages/func_timeout/dafunc.py", line 108, in func_timeout
    raise_exception(exception)
  File "/common/ketrong/tpotexp/env/lib/python3.10/site-packages/func_timeout/py3_raise.py", line 7, in raise_exception
    raise exception[0] from None
  File "/common/ketrong/tpotexp/tpot2/tpot2/tpot_estimator/estimator.py", line 623, in objective_function
    return objective_function_generator(
  File "/common/ketrong/tpotexp/tpot2/tpot2/tpot_estimator/estimator_utils.py", line 55, in objective_function_generator
    cv_obj_scores = cross_val_score_objective(sklearn.base.clone(pipeline),x,y,scorers=scorers, cv=cv , fold=step)
  File "/common/ketrong/tpotexp/tpot2/tpot2/tpot_estimator/cross_val_utils.py", line 28, in cross_val_score_objective
    this_fold_pipeline.fit(X_train,y_train)
  File "/common/ketrong/tpotexp/env/lib/python3.10/site-packages/sklearn/base.py", line 1473, in wrapper
    return fit_method(estimator, *args, **kwargs)
  File "/common/ketrong/tpotexp/env/lib/python3.10/site-packages/sklearn/pipeline.py", line 473, in fit
    self._final_estimator.fit(Xt, y, **last_step_params["fit"])
  File "/common/ketrong/tpotexp/env/lib/python3.10/site-packages/sklearn/base.py", line 1466, in wrapper
    estimator._validate_params()
  File "/common/ketrong/tpotexp/env/lib/python3.10/site-packages/sklearn/base.py", line 666, in _validate_params
    validate_parameter_constraints(
  File "/common/ketrong/tpotexp/env/lib/python3.10/site-packages/sklearn/utils/_param_validation.py", line 95, in validate_parameter_constraints
    raise InvalidParameterError(
sklearn.utils._param_validation.InvalidParameterError: The 'criterion' parameter of RandomForestRegressor must be a str among {'friedman_mse', 'poisson', 'absolute_error', 'squared_error'}. Got 'mse' instead.

Generation:  3
Best root_mean_squared_error score: -0.1473746070066088
Generation:  12%|        | 3/25 [04:43<28:32, 77.84s/it] WARNING AN INDIVIDUAL TIMED OUT: 
 <tpot2.search_spaces.pipelines.sequential.SequentialPipelineIndividual object at 0x155465eff9d0> 

Generation:  4
Best root_mean_squared_error score: -0.1473746070066088
Generation:  16%|        | 4/25 [14:46<1:39:53, 285.41s/it]Generation:  5
Best root_mean_squared_error score: -0.1473746070066088
Generation:  20%|        | 5/25 [15:28<1:05:51, 197.59s/it]WARNING THIS INDIVIDUAL CAUSED AND EXCEPTION 
 <tpot2.search_spaces.pipelines.sequential.SequentialPipelineIndividual object at 0x1554746f38e0> 
 The 'criterion' parameter of RandomForestRegressor must be a str among {'friedman_mse', 'poisson', 'absolute_error', 'squared_error'}. Got 'mse' instead. 
 Traceback (most recent call last):
  File "/common/ketrong/tpotexp/tpot2/tpot2/utils/eval_utils.py", line 53, in objective_nan_wrapper
    value = func_timeout.func_timeout(timeout, objective_function, args=[individual], kwargs=objective_kwargs)
  File "/common/ketrong/tpotexp/env/lib/python3.10/site-packages/func_timeout/dafunc.py", line 108, in func_timeout
    raise_exception(exception)
  File "/common/ketrong/tpotexp/env/lib/python3.10/site-packages/func_timeout/py3_raise.py", line 7, in raise_exception
    raise exception[0] from None
  File "/common/ketrong/tpotexp/tpot2/tpot2/tpot_estimator/estimator.py", line 623, in objective_function
    return objective_function_generator(
  File "/common/ketrong/tpotexp/tpot2/tpot2/tpot_estimator/estimator_utils.py", line 55, in objective_function_generator
    cv_obj_scores = cross_val_score_objective(sklearn.base.clone(pipeline),x,y,scorers=scorers, cv=cv , fold=step)
  File "/common/ketrong/tpotexp/tpot2/tpot2/tpot_estimator/cross_val_utils.py", line 28, in cross_val_score_objective
    this_fold_pipeline.fit(X_train,y_train)
  File "/common/ketrong/tpotexp/env/lib/python3.10/site-packages/sklearn/base.py", line 1473, in wrapper
    return fit_method(estimator, *args, **kwargs)
  File "/common/ketrong/tpotexp/env/lib/python3.10/site-packages/sklearn/pipeline.py", line 473, in fit
    self._final_estimator.fit(Xt, y, **last_step_params["fit"])
  File "/common/ketrong/tpotexp/env/lib/python3.10/site-packages/sklearn/base.py", line 1466, in wrapper
    estimator._validate_params()
  File "/common/ketrong/tpotexp/env/lib/python3.10/site-packages/sklearn/base.py", line 666, in _validate_params
    validate_parameter_constraints(
  File "/common/ketrong/tpotexp/env/lib/python3.10/site-packages/sklearn/utils/_param_validation.py", line 95, in validate_parameter_constraints
    raise InvalidParameterError(
sklearn.utils._param_validation.InvalidParameterError: The 'criterion' parameter of RandomForestRegressor must be a str among {'friedman_mse', 'poisson', 'absolute_error', 'squared_error'}. Got 'mse' instead.

Generation:  6
Best root_mean_squared_error score: -0.1473686382622187
Generation:  24%|       | 6/25 [16:04<45:09, 142.58s/it]  Generation:  7
Best root_mean_squared_error score: -0.13009286172339277
Generation:  28%|       | 7/25 [16:56<33:55, 113.07s/it]Generation:  8
Best root_mean_squared_error score: -0.11928871942457094
Generation:  32%|      | 8/25 [21:25<46:03, 162.57s/it]WARNING THIS INDIVIDUAL CAUSED AND EXCEPTION 
 <tpot2.search_spaces.pipelines.sequential.SequentialPipelineIndividual object at 0x155467757e50> 
 Input X contains NaN.
KNeighborsRegressor does not accept missing values encoded as NaN natively. For supervised learning, you might want to consider sklearn.ensemble.HistGradientBoostingClassifier and Regressor which accept missing values encoded as NaNs natively. Alternatively, it is possible to preprocess the data, for instance by using an imputer transformer in a pipeline or drop samples with missing values. See https://scikit-learn.org/stable/modules/impute.html You can find a list of all estimators that handle NaN values at the following page: https://scikit-learn.org/stable/modules/impute.html#estimators-that-handle-nan-values 
 Traceback (most recent call last):
  File "/common/ketrong/tpotexp/tpot2/tpot2/utils/eval_utils.py", line 53, in objective_nan_wrapper
    value = func_timeout.func_timeout(timeout, objective_function, args=[individual], kwargs=objective_kwargs)
  File "/common/ketrong/tpotexp/env/lib/python3.10/site-packages/func_timeout/dafunc.py", line 108, in func_timeout
    raise_exception(exception)
  File "/common/ketrong/tpotexp/env/lib/python3.10/site-packages/func_timeout/py3_raise.py", line 7, in raise_exception
    raise exception[0] from None
  File "/common/ketrong/tpotexp/tpot2/tpot2/tpot_estimator/estimator.py", line 623, in objective_function
    return objective_function_generator(
  File "/common/ketrong/tpotexp/tpot2/tpot2/tpot_estimator/estimator_utils.py", line 55, in objective_function_generator
    cv_obj_scores = cross_val_score_objective(sklearn.base.clone(pipeline),x,y,scorers=scorers, cv=cv , fold=step)
  File "/common/ketrong/tpotexp/tpot2/tpot2/tpot_estimator/cross_val_utils.py", line 28, in cross_val_score_objective
    this_fold_pipeline.fit(X_train,y_train)
  File "/common/ketrong/tpotexp/env/lib/python3.10/site-packages/sklearn/base.py", line 1473, in wrapper
    return fit_method(estimator, *args, **kwargs)
  File "/common/ketrong/tpotexp/env/lib/python3.10/site-packages/sklearn/pipeline.py", line 473, in fit
    self._final_estimator.fit(Xt, y, **last_step_params["fit"])
  File "/common/ketrong/tpotexp/env/lib/python3.10/site-packages/sklearn/base.py", line 1473, in wrapper
    return fit_method(estimator, *args, **kwargs)
  File "/common/ketrong/tpotexp/env/lib/python3.10/site-packages/sklearn/neighbors/_regression.py", line 223, in fit
    return self._fit(X, y)
  File "/common/ketrong/tpotexp/env/lib/python3.10/site-packages/sklearn/neighbors/_base.py", line 475, in _fit
    X, y = self._validate_data(
  File "/common/ketrong/tpotexp/env/lib/python3.10/site-packages/sklearn/base.py", line 650, in _validate_data
    X, y = check_X_y(X, y, **check_params)
  File "/common/ketrong/tpotexp/env/lib/python3.10/site-packages/sklearn/utils/validation.py", line 1301, in check_X_y
    X = check_array(
  File "/common/ketrong/tpotexp/env/lib/python3.10/site-packages/sklearn/utils/validation.py", line 1064, in check_array
    _assert_all_finite(
  File "/common/ketrong/tpotexp/env/lib/python3.10/site-packages/sklearn/utils/validation.py", line 123, in _assert_all_finite
    _assert_all_finite_element_wise(
  File "/common/ketrong/tpotexp/env/lib/python3.10/site-packages/sklearn/utils/validation.py", line 172, in _assert_all_finite_element_wise
    raise ValueError(msg_err)
ValueError: Input X contains NaN.
KNeighborsRegressor does not accept missing values encoded as NaN natively. For supervised learning, you might want to consider sklearn.ensemble.HistGradientBoostingClassifier and Regressor which accept missing values encoded as NaNs natively. Alternatively, it is possible to preprocess the data, for instance by using an imputer transformer in a pipeline or drop samples with missing values. See https://scikit-learn.org/stable/modules/impute.html You can find a list of all estimators that handle NaN values at the following page: https://scikit-learn.org/stable/modules/impute.html#estimators-that-handle-nan-values

Generation:  9
Best root_mean_squared_error score: -0.11886746238941104
Generation:  36%|      | 9/25 [24:57<47:28, 178.03s/it]WARNING THIS INDIVIDUAL CAUSED AND EXCEPTION 
 <tpot2.search_spaces.pipelines.sequential.SequentialPipelineIndividual object at 0x155474a2e170> 
 Input X contains NaN.
MLPRegressor does not accept missing values encoded as NaN natively. For supervised learning, you might want to consider sklearn.ensemble.HistGradientBoostingClassifier and Regressor which accept missing values encoded as NaNs natively. Alternatively, it is possible to preprocess the data, for instance by using an imputer transformer in a pipeline or drop samples with missing values. See https://scikit-learn.org/stable/modules/impute.html You can find a list of all estimators that handle NaN values at the following page: https://scikit-learn.org/stable/modules/impute.html#estimators-that-handle-nan-values 
 Traceback (most recent call last):
  File "/common/ketrong/tpotexp/tpot2/tpot2/utils/eval_utils.py", line 53, in objective_nan_wrapper
    value = func_timeout.func_timeout(timeout, objective_function, args=[individual], kwargs=objective_kwargs)
  File "/common/ketrong/tpotexp/env/lib/python3.10/site-packages/func_timeout/dafunc.py", line 108, in func_timeout
    raise_exception(exception)
  File "/common/ketrong/tpotexp/env/lib/python3.10/site-packages/func_timeout/py3_raise.py", line 7, in raise_exception
    raise exception[0] from None
  File "/common/ketrong/tpotexp/tpot2/tpot2/tpot_estimator/estimator.py", line 623, in objective_function
    return objective_function_generator(
  File "/common/ketrong/tpotexp/tpot2/tpot2/tpot_estimator/estimator_utils.py", line 55, in objective_function_generator
    cv_obj_scores = cross_val_score_objective(sklearn.base.clone(pipeline),x,y,scorers=scorers, cv=cv , fold=step)
  File "/common/ketrong/tpotexp/tpot2/tpot2/tpot_estimator/cross_val_utils.py", line 28, in cross_val_score_objective
    this_fold_pipeline.fit(X_train,y_train)
  File "/common/ketrong/tpotexp/env/lib/python3.10/site-packages/sklearn/base.py", line 1473, in wrapper
    return fit_method(estimator, *args, **kwargs)
  File "/common/ketrong/tpotexp/env/lib/python3.10/site-packages/sklearn/pipeline.py", line 473, in fit
    self._final_estimator.fit(Xt, y, **last_step_params["fit"])
  File "/common/ketrong/tpotexp/env/lib/python3.10/site-packages/sklearn/base.py", line 1473, in wrapper
    return fit_method(estimator, *args, **kwargs)
  File "/common/ketrong/tpotexp/env/lib/python3.10/site-packages/sklearn/neural_network/_multilayer_perceptron.py", line 751, in fit
    return self._fit(X, y, incremental=False)
  File "/common/ketrong/tpotexp/env/lib/python3.10/site-packages/sklearn/neural_network/_multilayer_perceptron.py", line 441, in _fit
    X, y = self._validate_input(X, y, incremental, reset=first_pass)
  File "/common/ketrong/tpotexp/env/lib/python3.10/site-packages/sklearn/neural_network/_multilayer_perceptron.py", line 1621, in _validate_input
    X, y = self._validate_data(
  File "/common/ketrong/tpotexp/env/lib/python3.10/site-packages/sklearn/base.py", line 650, in _validate_data
    X, y = check_X_y(X, y, **check_params)
  File "/common/ketrong/tpotexp/env/lib/python3.10/site-packages/sklearn/utils/validation.py", line 1301, in check_X_y
    X = check_array(
  File "/common/ketrong/tpotexp/env/lib/python3.10/site-packages/sklearn/utils/validation.py", line 1064, in check_array
    _assert_all_finite(
  File "/common/ketrong/tpotexp/env/lib/python3.10/site-packages/sklearn/utils/validation.py", line 123, in _assert_all_finite
    _assert_all_finite_element_wise(
  File "/common/ketrong/tpotexp/env/lib/python3.10/site-packages/sklearn/utils/validation.py", line 172, in _assert_all_finite_element_wise
    raise ValueError(msg_err)
ValueError: Input X contains NaN.
MLPRegressor does not accept missing values encoded as NaN natively. For supervised learning, you might want to consider sklearn.ensemble.HistGradientBoostingClassifier and Regressor which accept missing values encoded as NaNs natively. Alternatively, it is possible to preprocess the data, for instance by using an imputer transformer in a pipeline or drop samples with missing values. See https://scikit-learn.org/stable/modules/impute.html You can find a list of all estimators that handle NaN values at the following page: https://scikit-learn.org/stable/modules/impute.html#estimators-that-handle-nan-values

WARNING AN INDIVIDUAL TIMED OUT: 
 <tpot2.search_spaces.pipelines.sequential.SequentialPipelineIndividual object at 0x1554656efe80> 

Generation:  10
Best root_mean_squared_error score: -0.11605586261590328
Generation:  40%|      | 10/25 [35:02<1:17:26, 309.77s/it]WARNING AN INDIVIDUAL TIMED OUT: 
 <tpot2.search_spaces.pipelines.sequential.SequentialPipelineIndividual object at 0x155467def400> 

Generation:  11
Best root_mean_squared_error score: -0.11605586261590328
Generation:  44%|     | 11/25 [45:09<1:33:31, 400.84s/it]Generation:  12
Best root_mean_squared_error score: -0.11603990036487707
Generation:  48%|     | 12/25 [49:35<1:17:57, 359.84s/it]WARNING THIS INDIVIDUAL CAUSED AND EXCEPTION 
 <tpot2.search_spaces.pipelines.sequential.SequentialPipelineIndividual object at 0x1554746a5b70> 
 The 'criterion' parameter of DecisionTreeRegressor must be a str among {'friedman_mse', 'poisson', 'absolute_error', 'squared_error'}. Got 'mae' instead. 
 Traceback (most recent call last):
  File "/common/ketrong/tpotexp/tpot2/tpot2/utils/eval_utils.py", line 53, in objective_nan_wrapper
    value = func_timeout.func_timeout(timeout, objective_function, args=[individual], kwargs=objective_kwargs)
  File "/common/ketrong/tpotexp/env/lib/python3.10/site-packages/func_timeout/dafunc.py", line 108, in func_timeout
    raise_exception(exception)
  File "/common/ketrong/tpotexp/env/lib/python3.10/site-packages/func_timeout/py3_raise.py", line 7, in raise_exception
    raise exception[0] from None
  File "/common/ketrong/tpotexp/tpot2/tpot2/tpot_estimator/estimator.py", line 623, in objective_function
    return objective_function_generator(
  File "/common/ketrong/tpotexp/tpot2/tpot2/tpot_estimator/estimator_utils.py", line 55, in objective_function_generator
    cv_obj_scores = cross_val_score_objective(sklearn.base.clone(pipeline),x,y,scorers=scorers, cv=cv , fold=step)
  File "/common/ketrong/tpotexp/tpot2/tpot2/tpot_estimator/cross_val_utils.py", line 28, in cross_val_score_objective
    this_fold_pipeline.fit(X_train,y_train)
  File "/common/ketrong/tpotexp/env/lib/python3.10/site-packages/sklearn/base.py", line 1473, in wrapper
    return fit_method(estimator, *args, **kwargs)
  File "/common/ketrong/tpotexp/env/lib/python3.10/site-packages/sklearn/pipeline.py", line 473, in fit
    self._final_estimator.fit(Xt, y, **last_step_params["fit"])
  File "/common/ketrong/tpotexp/env/lib/python3.10/site-packages/sklearn/base.py", line 1466, in wrapper
    estimator._validate_params()
  File "/common/ketrong/tpotexp/env/lib/python3.10/site-packages/sklearn/base.py", line 666, in _validate_params
    validate_parameter_constraints(
  File "/common/ketrong/tpotexp/env/lib/python3.10/site-packages/sklearn/utils/_param_validation.py", line 95, in validate_parameter_constraints
    raise InvalidParameterError(
sklearn.utils._param_validation.InvalidParameterError: The 'criterion' parameter of DecisionTreeRegressor must be a str among {'friedman_mse', 'poisson', 'absolute_error', 'squared_error'}. Got 'mae' instead.

Generation:  13
Best root_mean_squared_error score: -0.11603990036487707
Generation:  52%|    | 13/25 [55:06<1:10:13, 351.11s/it]WARNING AN INDIVIDUAL TIMED OUT: 
 <tpot2.search_spaces.pipelines.sequential.SequentialPipelineIndividual object at 0x155465edf5e0> 

Generation:  14
Best root_mean_squared_error score: -0.11603990036487707
Generation:  56%|    | 14/25 [1:05:13<1:18:33, 428.46s/it]WARNING THIS INDIVIDUAL CAUSED AND EXCEPTION 
 <tpot2.search_spaces.pipelines.sequential.SequentialPipelineIndividual object at 0x155467ffb010> 
 Input X contains NaN.
MLPRegressor does not accept missing values encoded as NaN natively. For supervised learning, you might want to consider sklearn.ensemble.HistGradientBoostingClassifier and Regressor which accept missing values encoded as NaNs natively. Alternatively, it is possible to preprocess the data, for instance by using an imputer transformer in a pipeline or drop samples with missing values. See https://scikit-learn.org/stable/modules/impute.html You can find a list of all estimators that handle NaN values at the following page: https://scikit-learn.org/stable/modules/impute.html#estimators-that-handle-nan-values 
 Traceback (most recent call last):
  File "/common/ketrong/tpotexp/tpot2/tpot2/utils/eval_utils.py", line 53, in objective_nan_wrapper
    value = func_timeout.func_timeout(timeout, objective_function, args=[individual], kwargs=objective_kwargs)
  File "/common/ketrong/tpotexp/env/lib/python3.10/site-packages/func_timeout/dafunc.py", line 108, in func_timeout
    raise_exception(exception)
  File "/common/ketrong/tpotexp/env/lib/python3.10/site-packages/func_timeout/py3_raise.py", line 7, in raise_exception
    raise exception[0] from None
  File "/common/ketrong/tpotexp/tpot2/tpot2/tpot_estimator/estimator.py", line 623, in objective_function
    return objective_function_generator(
  File "/common/ketrong/tpotexp/tpot2/tpot2/tpot_estimator/estimator_utils.py", line 55, in objective_function_generator
    cv_obj_scores = cross_val_score_objective(sklearn.base.clone(pipeline),x,y,scorers=scorers, cv=cv , fold=step)
  File "/common/ketrong/tpotexp/tpot2/tpot2/tpot_estimator/cross_val_utils.py", line 28, in cross_val_score_objective
    this_fold_pipeline.fit(X_train,y_train)
  File "/common/ketrong/tpotexp/env/lib/python3.10/site-packages/sklearn/base.py", line 1473, in wrapper
    return fit_method(estimator, *args, **kwargs)
  File "/common/ketrong/tpotexp/env/lib/python3.10/site-packages/sklearn/pipeline.py", line 473, in fit
    self._final_estimator.fit(Xt, y, **last_step_params["fit"])
  File "/common/ketrong/tpotexp/env/lib/python3.10/site-packages/sklearn/base.py", line 1473, in wrapper
    return fit_method(estimator, *args, **kwargs)
  File "/common/ketrong/tpotexp/env/lib/python3.10/site-packages/sklearn/neural_network/_multilayer_perceptron.py", line 751, in fit
    return self._fit(X, y, incremental=False)
  File "/common/ketrong/tpotexp/env/lib/python3.10/site-packages/sklearn/neural_network/_multilayer_perceptron.py", line 441, in _fit
    X, y = self._validate_input(X, y, incremental, reset=first_pass)
  File "/common/ketrong/tpotexp/env/lib/python3.10/site-packages/sklearn/neural_network/_multilayer_perceptron.py", line 1621, in _validate_input
    X, y = self._validate_data(
  File "/common/ketrong/tpotexp/env/lib/python3.10/site-packages/sklearn/base.py", line 650, in _validate_data
    X, y = check_X_y(X, y, **check_params)
  File "/common/ketrong/tpotexp/env/lib/python3.10/site-packages/sklearn/utils/validation.py", line 1301, in check_X_y
    X = check_array(
  File "/common/ketrong/tpotexp/env/lib/python3.10/site-packages/sklearn/utils/validation.py", line 1064, in check_array
    _assert_all_finite(
  File "/common/ketrong/tpotexp/env/lib/python3.10/site-packages/sklearn/utils/validation.py", line 123, in _assert_all_finite
    _assert_all_finite_element_wise(
  File "/common/ketrong/tpotexp/env/lib/python3.10/site-packages/sklearn/utils/validation.py", line 172, in _assert_all_finite_element_wise
    raise ValueError(msg_err)
ValueError: Input X contains NaN.
MLPRegressor does not accept missing values encoded as NaN natively. For supervised learning, you might want to consider sklearn.ensemble.HistGradientBoostingClassifier and Regressor which accept missing values encoded as NaNs natively. Alternatively, it is possible to preprocess the data, for instance by using an imputer transformer in a pipeline or drop samples with missing values. See https://scikit-learn.org/stable/modules/impute.html You can find a list of all estimators that handle NaN values at the following page: https://scikit-learn.org/stable/modules/impute.html#estimators-that-handle-nan-values

Generation:  15
Best root_mean_squared_error score: -0.11524875530394385
Generation:  60%|    | 15/25 [1:10:50<1:06:48, 400.89s/it]Generation:  16
Best root_mean_squared_error score: -0.11524875530394385
Generation:  64%|   | 16/25 [1:15:32<54:46, 365.15s/it]  WARNING THIS INDIVIDUAL CAUSED AND EXCEPTION 
 <tpot2.search_spaces.pipelines.sequential.SequentialPipelineIndividual object at 0x1554650d3ac0> 
 Input X contains NaN.
MLPRegressor does not accept missing values encoded as NaN natively. For supervised learning, you might want to consider sklearn.ensemble.HistGradientBoostingClassifier and Regressor which accept missing values encoded as NaNs natively. Alternatively, it is possible to preprocess the data, for instance by using an imputer transformer in a pipeline or drop samples with missing values. See https://scikit-learn.org/stable/modules/impute.html You can find a list of all estimators that handle NaN values at the following page: https://scikit-learn.org/stable/modules/impute.html#estimators-that-handle-nan-values 
 Traceback (most recent call last):
  File "/common/ketrong/tpotexp/tpot2/tpot2/utils/eval_utils.py", line 53, in objective_nan_wrapper
    value = func_timeout.func_timeout(timeout, objective_function, args=[individual], kwargs=objective_kwargs)
  File "/common/ketrong/tpotexp/env/lib/python3.10/site-packages/func_timeout/dafunc.py", line 108, in func_timeout
    raise_exception(exception)
  File "/common/ketrong/tpotexp/env/lib/python3.10/site-packages/func_timeout/py3_raise.py", line 7, in raise_exception
    raise exception[0] from None
  File "/common/ketrong/tpotexp/tpot2/tpot2/tpot_estimator/estimator.py", line 623, in objective_function
    return objective_function_generator(
  File "/common/ketrong/tpotexp/tpot2/tpot2/tpot_estimator/estimator_utils.py", line 55, in objective_function_generator
    cv_obj_scores = cross_val_score_objective(sklearn.base.clone(pipeline),x,y,scorers=scorers, cv=cv , fold=step)
  File "/common/ketrong/tpotexp/tpot2/tpot2/tpot_estimator/cross_val_utils.py", line 28, in cross_val_score_objective
    this_fold_pipeline.fit(X_train,y_train)
  File "/common/ketrong/tpotexp/env/lib/python3.10/site-packages/sklearn/base.py", line 1473, in wrapper
    return fit_method(estimator, *args, **kwargs)
  File "/common/ketrong/tpotexp/env/lib/python3.10/site-packages/sklearn/pipeline.py", line 473, in fit
    self._final_estimator.fit(Xt, y, **last_step_params["fit"])
  File "/common/ketrong/tpotexp/env/lib/python3.10/site-packages/sklearn/base.py", line 1473, in wrapper
    return fit_method(estimator, *args, **kwargs)
  File "/common/ketrong/tpotexp/env/lib/python3.10/site-packages/sklearn/neural_network/_multilayer_perceptron.py", line 751, in fit
    return self._fit(X, y, incremental=False)
  File "/common/ketrong/tpotexp/env/lib/python3.10/site-packages/sklearn/neural_network/_multilayer_perceptron.py", line 441, in _fit
    X, y = self._validate_input(X, y, incremental, reset=first_pass)
  File "/common/ketrong/tpotexp/env/lib/python3.10/site-packages/sklearn/neural_network/_multilayer_perceptron.py", line 1621, in _validate_input
    X, y = self._validate_data(
  File "/common/ketrong/tpotexp/env/lib/python3.10/site-packages/sklearn/base.py", line 650, in _validate_data
    X, y = check_X_y(X, y, **check_params)
  File "/common/ketrong/tpotexp/env/lib/python3.10/site-packages/sklearn/utils/validation.py", line 1301, in check_X_y
    X = check_array(
  File "/common/ketrong/tpotexp/env/lib/python3.10/site-packages/sklearn/utils/validation.py", line 1064, in check_array
    _assert_all_finite(
  File "/common/ketrong/tpotexp/env/lib/python3.10/site-packages/sklearn/utils/validation.py", line 123, in _assert_all_finite
    _assert_all_finite_element_wise(
  File "/common/ketrong/tpotexp/env/lib/python3.10/site-packages/sklearn/utils/validation.py", line 172, in _assert_all_finite_element_wise
    raise ValueError(msg_err)
ValueError: Input X contains NaN.
MLPRegressor does not accept missing values encoded as NaN natively. For supervised learning, you might want to consider sklearn.ensemble.HistGradientBoostingClassifier and Regressor which accept missing values encoded as NaNs natively. Alternatively, it is possible to preprocess the data, for instance by using an imputer transformer in a pipeline or drop samples with missing values. See https://scikit-learn.org/stable/modules/impute.html You can find a list of all estimators that handle NaN values at the following page: https://scikit-learn.org/stable/modules/impute.html#estimators-that-handle-nan-values

WARNING AN INDIVIDUAL TIMED OUT: 
 <tpot2.search_spaces.pipelines.sequential.SequentialPipelineIndividual object at 0x1554746f5ae0> 

Generation:  17
Best root_mean_squared_error score: -0.11524875530394385
Generation:  68%|   | 17/25 [1:25:37<58:17, 437.19s/it]Generation:  18
Best root_mean_squared_error score: -0.11524875530394385
Generation:  72%|  | 18/25 [1:32:59<51:10, 438.70s/it]WARNING THIS INDIVIDUAL CAUSED AND EXCEPTION 
 <tpot2.search_spaces.pipelines.sequential.SequentialPipelineIndividual object at 0x1554505f7f40> 
 The 'criterion' parameter of RandomForestRegressor must be a str among {'friedman_mse', 'poisson', 'absolute_error', 'squared_error'}. Got 'mse' instead. 
 Traceback (most recent call last):
  File "/common/ketrong/tpotexp/tpot2/tpot2/utils/eval_utils.py", line 53, in objective_nan_wrapper
    value = func_timeout.func_timeout(timeout, objective_function, args=[individual], kwargs=objective_kwargs)
  File "/common/ketrong/tpotexp/env/lib/python3.10/site-packages/func_timeout/dafunc.py", line 108, in func_timeout
    raise_exception(exception)
  File "/common/ketrong/tpotexp/env/lib/python3.10/site-packages/func_timeout/py3_raise.py", line 7, in raise_exception
    raise exception[0] from None
  File "/common/ketrong/tpotexp/tpot2/tpot2/tpot_estimator/estimator.py", line 623, in objective_function
    return objective_function_generator(
  File "/common/ketrong/tpotexp/tpot2/tpot2/tpot_estimator/estimator_utils.py", line 55, in objective_function_generator
    cv_obj_scores = cross_val_score_objective(sklearn.base.clone(pipeline),x,y,scorers=scorers, cv=cv , fold=step)
  File "/common/ketrong/tpotexp/tpot2/tpot2/tpot_estimator/cross_val_utils.py", line 28, in cross_val_score_objective
    this_fold_pipeline.fit(X_train,y_train)
  File "/common/ketrong/tpotexp/env/lib/python3.10/site-packages/sklearn/base.py", line 1473, in wrapper
    return fit_method(estimator, *args, **kwargs)
  File "/common/ketrong/tpotexp/env/lib/python3.10/site-packages/sklearn/pipeline.py", line 473, in fit
    self._final_estimator.fit(Xt, y, **last_step_params["fit"])
  File "/common/ketrong/tpotexp/env/lib/python3.10/site-packages/sklearn/base.py", line 1466, in wrapper
    estimator._validate_params()
  File "/common/ketrong/tpotexp/env/lib/python3.10/site-packages/sklearn/base.py", line 666, in _validate_params
    validate_parameter_constraints(
  File "/common/ketrong/tpotexp/env/lib/python3.10/site-packages/sklearn/utils/_param_validation.py", line 95, in validate_parameter_constraints
    raise InvalidParameterError(
sklearn.utils._param_validation.InvalidParameterError: The 'criterion' parameter of RandomForestRegressor must be a str among {'friedman_mse', 'poisson', 'absolute_error', 'squared_error'}. Got 'mse' instead.

Generation:  19
Best root_mean_squared_error score: -0.11524875530394385
Generation:  76%|  | 19/25 [1:38:00<39:43, 397.23s/it]WARNING THIS INDIVIDUAL CAUSED AND EXCEPTION 
 <tpot2.search_spaces.pipelines.sequential.SequentialPipelineIndividual object at 0x155454a16920> 
 Input X contains NaN.
MLPRegressor does not accept missing values encoded as NaN natively. For supervised learning, you might want to consider sklearn.ensemble.HistGradientBoostingClassifier and Regressor which accept missing values encoded as NaNs natively. Alternatively, it is possible to preprocess the data, for instance by using an imputer transformer in a pipeline or drop samples with missing values. See https://scikit-learn.org/stable/modules/impute.html You can find a list of all estimators that handle NaN values at the following page: https://scikit-learn.org/stable/modules/impute.html#estimators-that-handle-nan-values 
 Traceback (most recent call last):
  File "/common/ketrong/tpotexp/tpot2/tpot2/utils/eval_utils.py", line 53, in objective_nan_wrapper
    value = func_timeout.func_timeout(timeout, objective_function, args=[individual], kwargs=objective_kwargs)
  File "/common/ketrong/tpotexp/env/lib/python3.10/site-packages/func_timeout/dafunc.py", line 108, in func_timeout
    raise_exception(exception)
  File "/common/ketrong/tpotexp/env/lib/python3.10/site-packages/func_timeout/py3_raise.py", line 7, in raise_exception
    raise exception[0] from None
  File "/common/ketrong/tpotexp/tpot2/tpot2/tpot_estimator/estimator.py", line 623, in objective_function
    return objective_function_generator(
  File "/common/ketrong/tpotexp/tpot2/tpot2/tpot_estimator/estimator_utils.py", line 55, in objective_function_generator
    cv_obj_scores = cross_val_score_objective(sklearn.base.clone(pipeline),x,y,scorers=scorers, cv=cv , fold=step)
  File "/common/ketrong/tpotexp/tpot2/tpot2/tpot_estimator/cross_val_utils.py", line 28, in cross_val_score_objective
    this_fold_pipeline.fit(X_train,y_train)
  File "/common/ketrong/tpotexp/env/lib/python3.10/site-packages/sklearn/base.py", line 1473, in wrapper
    return fit_method(estimator, *args, **kwargs)
  File "/common/ketrong/tpotexp/env/lib/python3.10/site-packages/sklearn/pipeline.py", line 473, in fit
    self._final_estimator.fit(Xt, y, **last_step_params["fit"])
  File "/common/ketrong/tpotexp/env/lib/python3.10/site-packages/sklearn/base.py", line 1473, in wrapper
    return fit_method(estimator, *args, **kwargs)
  File "/common/ketrong/tpotexp/env/lib/python3.10/site-packages/sklearn/neural_network/_multilayer_perceptron.py", line 751, in fit
    return self._fit(X, y, incremental=False)
  File "/common/ketrong/tpotexp/env/lib/python3.10/site-packages/sklearn/neural_network/_multilayer_perceptron.py", line 441, in _fit
    X, y = self._validate_input(X, y, incremental, reset=first_pass)
  File "/common/ketrong/tpotexp/env/lib/python3.10/site-packages/sklearn/neural_network/_multilayer_perceptron.py", line 1621, in _validate_input
    X, y = self._validate_data(
  File "/common/ketrong/tpotexp/env/lib/python3.10/site-packages/sklearn/base.py", line 650, in _validate_data
    X, y = check_X_y(X, y, **check_params)
  File "/common/ketrong/tpotexp/env/lib/python3.10/site-packages/sklearn/utils/validation.py", line 1301, in check_X_y
    X = check_array(
  File "/common/ketrong/tpotexp/env/lib/python3.10/site-packages/sklearn/utils/validation.py", line 1064, in check_array
    _assert_all_finite(
  File "/common/ketrong/tpotexp/env/lib/python3.10/site-packages/sklearn/utils/validation.py", line 123, in _assert_all_finite
    _assert_all_finite_element_wise(
  File "/common/ketrong/tpotexp/env/lib/python3.10/site-packages/sklearn/utils/validation.py", line 172, in _assert_all_finite_element_wise
    raise ValueError(msg_err)
ValueError: Input X contains NaN.
MLPRegressor does not accept missing values encoded as NaN natively. For supervised learning, you might want to consider sklearn.ensemble.HistGradientBoostingClassifier and Regressor which accept missing values encoded as NaNs natively. Alternatively, it is possible to preprocess the data, for instance by using an imputer transformer in a pipeline or drop samples with missing values. See https://scikit-learn.org/stable/modules/impute.html You can find a list of all estimators that handle NaN values at the following page: https://scikit-learn.org/stable/modules/impute.html#estimators-that-handle-nan-values

WARNING AN INDIVIDUAL TIMED OUT: 
 <tpot2.search_spaces.pipelines.sequential.SequentialPipelineIndividual object at 0x15547472d0f0> 

Generation:  20
Best root_mean_squared_error score: -0.11524875530394385
Generation:  80%|  | 20/25 [1:48:06<38:20, 460.04s/it]WARNING THIS INDIVIDUAL CAUSED AND EXCEPTION 
 <tpot2.search_spaces.pipelines.sequential.SequentialPipelineIndividual object at 0x15546585b520> 
 The 'criterion' parameter of DecisionTreeRegressor must be a str among {'friedman_mse', 'poisson', 'absolute_error', 'squared_error'}. Got 'mae' instead. 
 Traceback (most recent call last):
  File "/common/ketrong/tpotexp/tpot2/tpot2/utils/eval_utils.py", line 53, in objective_nan_wrapper
    value = func_timeout.func_timeout(timeout, objective_function, args=[individual], kwargs=objective_kwargs)
  File "/common/ketrong/tpotexp/env/lib/python3.10/site-packages/func_timeout/dafunc.py", line 108, in func_timeout
    raise_exception(exception)
  File "/common/ketrong/tpotexp/env/lib/python3.10/site-packages/func_timeout/py3_raise.py", line 7, in raise_exception
    raise exception[0] from None
  File "/common/ketrong/tpotexp/tpot2/tpot2/tpot_estimator/estimator.py", line 623, in objective_function
    return objective_function_generator(
  File "/common/ketrong/tpotexp/tpot2/tpot2/tpot_estimator/estimator_utils.py", line 55, in objective_function_generator
    cv_obj_scores = cross_val_score_objective(sklearn.base.clone(pipeline),x,y,scorers=scorers, cv=cv , fold=step)
  File "/common/ketrong/tpotexp/tpot2/tpot2/tpot_estimator/cross_val_utils.py", line 28, in cross_val_score_objective
    this_fold_pipeline.fit(X_train,y_train)
  File "/common/ketrong/tpotexp/env/lib/python3.10/site-packages/sklearn/base.py", line 1473, in wrapper
    return fit_method(estimator, *args, **kwargs)
  File "/common/ketrong/tpotexp/env/lib/python3.10/site-packages/sklearn/pipeline.py", line 473, in fit
    self._final_estimator.fit(Xt, y, **last_step_params["fit"])
  File "/common/ketrong/tpotexp/env/lib/python3.10/site-packages/sklearn/base.py", line 1466, in wrapper
    estimator._validate_params()
  File "/common/ketrong/tpotexp/env/lib/python3.10/site-packages/sklearn/base.py", line 666, in _validate_params
    validate_parameter_constraints(
  File "/common/ketrong/tpotexp/env/lib/python3.10/site-packages/sklearn/utils/_param_validation.py", line 95, in validate_parameter_constraints
    raise InvalidParameterError(
sklearn.utils._param_validation.InvalidParameterError: The 'criterion' parameter of DecisionTreeRegressor must be a str among {'friedman_mse', 'poisson', 'absolute_error', 'squared_error'}. Got 'mae' instead.

Generation:  21
Best root_mean_squared_error score: -0.11524875530394385
Generation:  84%| | 21/25 [1:53:35<28:02, 420.67s/it]WARNING THIS INDIVIDUAL CAUSED AND EXCEPTION 
 <tpot2.search_spaces.pipelines.sequential.SequentialPipelineIndividual object at 0x1554671afc10> 
 The 'criterion' parameter of RandomForestRegressor must be a str among {'friedman_mse', 'poisson', 'absolute_error', 'squared_error'}. Got 'mae' instead. 
 Traceback (most recent call last):
  File "/common/ketrong/tpotexp/tpot2/tpot2/utils/eval_utils.py", line 53, in objective_nan_wrapper
    value = func_timeout.func_timeout(timeout, objective_function, args=[individual], kwargs=objective_kwargs)
  File "/common/ketrong/tpotexp/env/lib/python3.10/site-packages/func_timeout/dafunc.py", line 108, in func_timeout
    raise_exception(exception)
  File "/common/ketrong/tpotexp/env/lib/python3.10/site-packages/func_timeout/py3_raise.py", line 7, in raise_exception
    raise exception[0] from None
  File "/common/ketrong/tpotexp/tpot2/tpot2/tpot_estimator/estimator.py", line 623, in objective_function
    return objective_function_generator(
  File "/common/ketrong/tpotexp/tpot2/tpot2/tpot_estimator/estimator_utils.py", line 55, in objective_function_generator
    cv_obj_scores = cross_val_score_objective(sklearn.base.clone(pipeline),x,y,scorers=scorers, cv=cv , fold=step)
  File "/common/ketrong/tpotexp/tpot2/tpot2/tpot_estimator/cross_val_utils.py", line 28, in cross_val_score_objective
    this_fold_pipeline.fit(X_train,y_train)
  File "/common/ketrong/tpotexp/env/lib/python3.10/site-packages/sklearn/base.py", line 1473, in wrapper
    return fit_method(estimator, *args, **kwargs)
  File "/common/ketrong/tpotexp/env/lib/python3.10/site-packages/sklearn/pipeline.py", line 473, in fit
    self._final_estimator.fit(Xt, y, **last_step_params["fit"])
  File "/common/ketrong/tpotexp/env/lib/python3.10/site-packages/sklearn/base.py", line 1466, in wrapper
    estimator._validate_params()
  File "/common/ketrong/tpotexp/env/lib/python3.10/site-packages/sklearn/base.py", line 666, in _validate_params
    validate_parameter_constraints(
  File "/common/ketrong/tpotexp/env/lib/python3.10/site-packages/sklearn/utils/_param_validation.py", line 95, in validate_parameter_constraints
    raise InvalidParameterError(
sklearn.utils._param_validation.InvalidParameterError: The 'criterion' parameter of RandomForestRegressor must be a str among {'friedman_mse', 'poisson', 'absolute_error', 'squared_error'}. Got 'mae' instead.

WARNING AN INDIVIDUAL TIMED OUT: 
 <tpot2.search_spaces.pipelines.sequential.SequentialPipelineIndividual object at 0x1554654a6f80> 

Generation:  22
Best root_mean_squared_error score: -0.11524875530394385
Generation:  88%| | 22/25 [2:03:42<23:49, 476.53s/it]Generation:  23
Best root_mean_squared_error score: -0.11524875530394385
Generation:  92%|| 23/25 [2:12:36<16:27, 493.68s/it]WARNING THIS INDIVIDUAL CAUSED AND EXCEPTION 
 <tpot2.search_spaces.pipelines.sequential.SequentialPipelineIndividual object at 0x15544da68070> 
 Input X contains NaN.
MLPRegressor does not accept missing values encoded as NaN natively. For supervised learning, you might want to consider sklearn.ensemble.HistGradientBoostingClassifier and Regressor which accept missing values encoded as NaNs natively. Alternatively, it is possible to preprocess the data, for instance by using an imputer transformer in a pipeline or drop samples with missing values. See https://scikit-learn.org/stable/modules/impute.html You can find a list of all estimators that handle NaN values at the following page: https://scikit-learn.org/stable/modules/impute.html#estimators-that-handle-nan-values 
 Traceback (most recent call last):
  File "/common/ketrong/tpotexp/tpot2/tpot2/utils/eval_utils.py", line 53, in objective_nan_wrapper
    value = func_timeout.func_timeout(timeout, objective_function, args=[individual], kwargs=objective_kwargs)
  File "/common/ketrong/tpotexp/env/lib/python3.10/site-packages/func_timeout/dafunc.py", line 108, in func_timeout
    raise_exception(exception)
  File "/common/ketrong/tpotexp/env/lib/python3.10/site-packages/func_timeout/py3_raise.py", line 7, in raise_exception
    raise exception[0] from None
  File "/common/ketrong/tpotexp/tpot2/tpot2/tpot_estimator/estimator.py", line 623, in objective_function
    return objective_function_generator(
  File "/common/ketrong/tpotexp/tpot2/tpot2/tpot_estimator/estimator_utils.py", line 55, in objective_function_generator
    cv_obj_scores = cross_val_score_objective(sklearn.base.clone(pipeline),x,y,scorers=scorers, cv=cv , fold=step)
  File "/common/ketrong/tpotexp/tpot2/tpot2/tpot_estimator/cross_val_utils.py", line 28, in cross_val_score_objective
    this_fold_pipeline.fit(X_train,y_train)
  File "/common/ketrong/tpotexp/env/lib/python3.10/site-packages/sklearn/base.py", line 1473, in wrapper
    return fit_method(estimator, *args, **kwargs)
  File "/common/ketrong/tpotexp/env/lib/python3.10/site-packages/sklearn/pipeline.py", line 473, in fit
    self._final_estimator.fit(Xt, y, **last_step_params["fit"])
  File "/common/ketrong/tpotexp/env/lib/python3.10/site-packages/sklearn/base.py", line 1473, in wrapper
    return fit_method(estimator, *args, **kwargs)
  File "/common/ketrong/tpotexp/env/lib/python3.10/site-packages/sklearn/neural_network/_multilayer_perceptron.py", line 751, in fit
    return self._fit(X, y, incremental=False)
  File "/common/ketrong/tpotexp/env/lib/python3.10/site-packages/sklearn/neural_network/_multilayer_perceptron.py", line 441, in _fit
    X, y = self._validate_input(X, y, incremental, reset=first_pass)
  File "/common/ketrong/tpotexp/env/lib/python3.10/site-packages/sklearn/neural_network/_multilayer_perceptron.py", line 1621, in _validate_input
    X, y = self._validate_data(
  File "/common/ketrong/tpotexp/env/lib/python3.10/site-packages/sklearn/base.py", line 650, in _validate_data
    X, y = check_X_y(X, y, **check_params)
  File "/common/ketrong/tpotexp/env/lib/python3.10/site-packages/sklearn/utils/validation.py", line 1301, in check_X_y
    X = check_array(
  File "/common/ketrong/tpotexp/env/lib/python3.10/site-packages/sklearn/utils/validation.py", line 1064, in check_array
    _assert_all_finite(
  File "/common/ketrong/tpotexp/env/lib/python3.10/site-packages/sklearn/utils/validation.py", line 123, in _assert_all_finite
    _assert_all_finite_element_wise(
  File "/common/ketrong/tpotexp/env/lib/python3.10/site-packages/sklearn/utils/validation.py", line 172, in _assert_all_finite_element_wise
    raise ValueError(msg_err)
ValueError: Input X contains NaN.
MLPRegressor does not accept missing values encoded as NaN natively. For supervised learning, you might want to consider sklearn.ensemble.HistGradientBoostingClassifier and Regressor which accept missing values encoded as NaNs natively. Alternatively, it is possible to preprocess the data, for instance by using an imputer transformer in a pipeline or drop samples with missing values. See https://scikit-learn.org/stable/modules/impute.html You can find a list of all estimators that handle NaN values at the following page: https://scikit-learn.org/stable/modules/impute.html#estimators-that-handle-nan-values

Generation:  24
Best root_mean_squared_error score: -0.11487770797096979
Generation:  96%|| 24/25 [2:17:57<07:21, 441.81s/it]WARNING THIS INDIVIDUAL CAUSED AND EXCEPTION 
 <tpot2.search_spaces.pipelines.sequential.SequentialPipelineIndividual object at 0x155467ff8c10> 
 The 'criterion' parameter of ExtraTreesRegressor must be a str among {'friedman_mse', 'poisson', 'absolute_error', 'squared_error'}. Got 'mae' instead. 
 Traceback (most recent call last):
  File "/common/ketrong/tpotexp/tpot2/tpot2/utils/eval_utils.py", line 53, in objective_nan_wrapper
    value = func_timeout.func_timeout(timeout, objective_function, args=[individual], kwargs=objective_kwargs)
  File "/common/ketrong/tpotexp/env/lib/python3.10/site-packages/func_timeout/dafunc.py", line 108, in func_timeout
    raise_exception(exception)
  File "/common/ketrong/tpotexp/env/lib/python3.10/site-packages/func_timeout/py3_raise.py", line 7, in raise_exception
    raise exception[0] from None
  File "/common/ketrong/tpotexp/tpot2/tpot2/tpot_estimator/estimator.py", line 623, in objective_function
    return objective_function_generator(
  File "/common/ketrong/tpotexp/tpot2/tpot2/tpot_estimator/estimator_utils.py", line 55, in objective_function_generator
    cv_obj_scores = cross_val_score_objective(sklearn.base.clone(pipeline),x,y,scorers=scorers, cv=cv , fold=step)
  File "/common/ketrong/tpotexp/tpot2/tpot2/tpot_estimator/cross_val_utils.py", line 28, in cross_val_score_objective
    this_fold_pipeline.fit(X_train,y_train)
  File "/common/ketrong/tpotexp/env/lib/python3.10/site-packages/sklearn/base.py", line 1473, in wrapper
    return fit_method(estimator, *args, **kwargs)
  File "/common/ketrong/tpotexp/env/lib/python3.10/site-packages/sklearn/pipeline.py", line 473, in fit
    self._final_estimator.fit(Xt, y, **last_step_params["fit"])
  File "/common/ketrong/tpotexp/env/lib/python3.10/site-packages/sklearn/base.py", line 1466, in wrapper
    estimator._validate_params()
  File "/common/ketrong/tpotexp/env/lib/python3.10/site-packages/sklearn/base.py", line 666, in _validate_params
    validate_parameter_constraints(
  File "/common/ketrong/tpotexp/env/lib/python3.10/site-packages/sklearn/utils/_param_validation.py", line 95, in validate_parameter_constraints
    raise InvalidParameterError(
sklearn.utils._param_validation.InvalidParameterError: The 'criterion' parameter of ExtraTreesRegressor must be a str among {'friedman_mse', 'poisson', 'absolute_error', 'squared_error'}. Got 'mae' instead.

Generation:  25
Best root_mean_squared_error score: -0.11487770797096979
Generation: 100%|| 25/25 [2:22:58<00:00, 399.60s/it]Generation: 100%|| 25/25 [2:22:58<00:00, 343.13s/it]
2024-09-20 11:43:04,567 - distributed.scheduler - ERROR - Removing worker 'tcp://127.0.0.1:34485' caused the cluster to lose scattered data, which can't be recovered: {'DataFrame-e5706ffa569e7cdfc3c469867e2eabe9', 'DataFrame-199f3c31ceebfff04409bf1345a44d8c'} (stimulus_id='handle-worker-cleanup-1726857784.567513')
Fitted
Pipeline(steps=[('knnimputer', KNNImputer(n_neighbors=86, weights='distance')),
                ('mlpregressor',
                 MLPRegressor(alpha=0.0008885796779, early_stopping=True,
                              hidden_layer_sizes=[457, 457, 457],
                              learning_rate='invscaling',
                              learning_rate_init=0.0004074997267,
                              n_iter_no_change=32))])
transform worked
try transform
transform worked
score start
train score: {'explained_var': 0.8775515431493794, 'r2': 0.8772220363475254, 'rmse': 0.09274492931234297}
test score: {'explained_var': 0.832794134623641, 'r2': 0.8327801043975497, 'rmse': 0.10597078490930179}
original test score: {'explained_var': 0.9121400034346722, 'r2': 0.9121378036622015, 'rmse': 0.07681449943420027}
score end
189
lvl
0.1
type
MAR
num_run
3
reg_full
finished
all finished
full run takes
12.993695324990485
hours
DONE
