Run: 4
/cm/local/apps/slurm/var/spool/job986537/slurm_script: line 26: 
pip install -e tpot2
pip install -r tpot2/ImputerExperiments/requirements_.txt
: No such file or directory
RunStart
Version 0.1.7a0 of tpot2 is outdated. Version 0.1.8a0 was released Tuesday September 17, 2024.
starting loops
../data/r/42183/42183.pkl
working on 
../data/r/42183/reg_full_MCAR_0.5_1
0.44296741485595703
running experiment 1/3 - Does large hyperparameter space improve reconstruction accuracy over simple
[I 2024-10-03 04:02:00,939] A new study created in memory with name: no-name-5ade3e21-331c-4bd9-a243-c36535ff20a9
running
running
running
running
running
running
running
running
running
running
running
running
running
running
running
running
[I 2024-10-03 04:02:01,382] Trial 2 finished with value: 0.45519896051589476 and parameters: {'model_name': 'SimpleImputer', 'strategy': 'median'}. Best is trial 2 with value: 0.45519896051589476.
running
[I 2024-10-03 04:02:08,501] Trial 7 finished with value: 0.2783952778318238 and parameters: {'model_name': 'VAE', 'batch_size': 1, 'iterations': 1, 'learning_rate': 0.000979825862941069, 'p_miss': 0.07832726110837653}. Best is trial 7 with value: 0.2783952778318238.
running
[I 2024-10-03 04:02:10,474] Trial 0 finished with value: 0.4577465588363772 and parameters: {'model_name': 'GAIN', 'batch_size': 193, 'hint_rate': 0.07513420137639064, 'alpha': 22, 'iterations': 1, 'learning_rate': 0.018897580768139844, 'p_miss': 0.20072681760493544}. Best is trial 7 with value: 0.2783952778318238.
running
[I 2024-10-03 04:02:10,793] Trial 15 finished with value: 0.29171751460432954 and parameters: {'model_name': 'KNNImputer', 'n_neighbors': 6889, 'weights': 'uniform'}. Best is trial 7 with value: 0.2783952778318238.
running
[I 2024-10-03 04:02:11,817] Trial 10 finished with value: 0.27276524259977564 and parameters: {'model_name': 'VAE', 'batch_size': 12, 'iterations': 2, 'learning_rate': 0.01480969514641927, 'p_miss': 0.13005766535459928}. Best is trial 10 with value: 0.27276524259977564.
running
[I 2024-10-03 04:02:17,696] Trial 13 finished with value: 0.2975994257784772 and parameters: {'model_name': 'KNNImputer', 'n_neighbors': 8340, 'weights': 'distance'}. Best is trial 10 with value: 0.27276524259977564.
running
[I 2024-10-03 04:02:21,008] Trial 1 finished with value: 0.31382967374315934 and parameters: {'model_name': 'VAE', 'batch_size': 657, 'iterations': 2, 'learning_rate': 0.09779987996387123, 'p_miss': 0.16252572247230046}. Best is trial 10 with value: 0.27276524259977564.
running
[I 2024-10-03 04:02:27,982] Trial 11 finished with value: 0.36662173313441754 and parameters: {'model_name': 'VAE', 'batch_size': 1, 'iterations': 21, 'learning_rate': 0.029902452071157683, 'p_miss': 0.26604754001911163}. Best is trial 10 with value: 0.27276524259977564.
running
[I 2024-10-03 04:02:29,781] Trial 21 finished with value: 0.2917159899015934 and parameters: {'model_name': 'KNNImputer', 'n_neighbors': 1545, 'weights': 'uniform'}. Best is trial 10 with value: 0.27276524259977564.
running
[I 2024-10-03 04:02:33,101] Trial 8 finished with value: 0.2881444877051414 and parameters: {'model_name': 'IterativeImputer', 'estimator': 'Ridge', 'initial_strategy': 'constant', 'n_nearest_features': 10, 'imputation_order': 'ascending'}. Best is trial 10 with value: 0.27276524259977564.
running
[I 2024-10-03 04:02:34,671] Trial 23 finished with value: 0.3106961504731095 and parameters: {'model_name': 'VAE', 'batch_size': 11, 'iterations': 4, 'learning_rate': 0.07043842618149426, 'p_miss': 0.2162025123870384}. Best is trial 10 with value: 0.27276524259977564.
running
[I 2024-10-03 04:02:44,277] Trial 17 finished with value: 0.28829297875613397 and parameters: {'model_name': 'IterativeImputer', 'estimator': 'Ridge', 'initial_strategy': 'median', 'n_nearest_features': 5, 'imputation_order': 'ascending'}. Best is trial 10 with value: 0.27276524259977564.
running
[I 2024-10-03 04:02:51,491] Trial 5 finished with value: 0.46936521830981315 and parameters: {'model_name': 'GAIN', 'batch_size': 84, 'hint_rate': 0.03189539580917981, 'alpha': 32, 'iterations': 69, 'learning_rate': 0.029084955871266117, 'p_miss': 0.04895876052118912}. Best is trial 10 with value: 0.27276524259977564.
running
[I 2024-10-03 04:03:16,176] Trial 18 finished with value: 0.30609481279096373 and parameters: {'model_name': 'IterativeImputer', 'estimator': 'KNN', 'initial_strategy': 'median', 'n_nearest_features': 5, 'imputation_order': 'descending'}. Best is trial 10 with value: 0.27276524259977564.
running
[I 2024-10-03 04:03:43,240] Trial 25 finished with value: 0.3071204953571767 and parameters: {'model_name': 'IterativeImputer', 'estimator': 'KNN', 'initial_strategy': 'most_frequent', 'n_nearest_features': 1, 'imputation_order': 'arabic'}. Best is trial 10 with value: 0.27276524259977564.
running
[I 2024-10-03 04:03:43,679] Trial 14 finished with value: 0.465842011694736 and parameters: {'model_name': 'GAIN', 'batch_size': 784, 'hint_rate': 0.7677482229558705, 'alpha': 50, 'iterations': 52, 'learning_rate': 0.009373975980916402, 'p_miss': 0.10342988806902377}. Best is trial 10 with value: 0.27276524259977564.
running
[I 2024-10-03 04:04:01,222] Trial 19 finished with value: 0.3095307725919798 and parameters: {'model_name': 'IterativeImputer', 'estimator': 'KNN', 'initial_strategy': 'most_frequent', 'n_nearest_features': 10, 'imputation_order': 'descending'}. Best is trial 10 with value: 0.27276524259977564.
running
[I 2024-10-03 04:04:08,291] Trial 3 finished with value: 0.29955041934520726 and parameters: {'model_name': 'VAE', 'batch_size': 931, 'iterations': 23, 'learning_rate': 0.07747269697216551, 'p_miss': 0.05148852524020158}. Best is trial 10 with value: 0.27276524259977564.
running
[I 2024-10-03 04:04:12,436] Trial 4 finished with value: 0.39028036492141527 and parameters: {'model_name': 'IterativeImputer', 'estimator': 'Bayesian', 'initial_strategy': 'median', 'n_nearest_features': 6, 'imputation_order': 'roman', 'sample_posterior': True}. Best is trial 10 with value: 0.27276524259977564.
running
[I 2024-10-03 04:04:24,860] Trial 6 finished with value: 0.38250946423775606 and parameters: {'model_name': 'IterativeImputer', 'estimator': 'Bayesian', 'initial_strategy': 'mean', 'n_nearest_features': 8, 'imputation_order': 'descending', 'sample_posterior': True}. Best is trial 10 with value: 0.27276524259977564.
running
[I 2024-10-03 04:04:35,789] Trial 16 finished with value: 0.3795882339514646 and parameters: {'model_name': 'IterativeImputer', 'estimator': 'Bayesian', 'initial_strategy': 'constant', 'n_nearest_features': 10, 'imputation_order': 'roman', 'sample_posterior': True}. Best is trial 10 with value: 0.27276524259977564.
running
[I 2024-10-03 04:04:39,181] Trial 12 finished with value: 0.38282667043411045 and parameters: {'model_name': 'IterativeImputer', 'estimator': 'Bayesian', 'initial_strategy': 'mean', 'n_nearest_features': 11, 'imputation_order': 'arabic', 'sample_posterior': True}. Best is trial 10 with value: 0.27276524259977564.
running
[I 2024-10-03 04:20:48,892] Trial 22 finished with value: inf and parameters: {'model_name': 'GAIN', 'batch_size': 1, 'hint_rate': 0.05056977697602081, 'alpha': 89, 'iterations': 4091, 'learning_rate': 0.002392726270545818, 'p_miss': 0.24562065624369533}. Best is trial 10 with value: 0.27276524259977564.
running
[I 2024-10-03 04:20:53,908] Trial 38 finished with value: 0.28010686318864975 and parameters: {'model_name': 'VAE', 'batch_size': 6, 'iterations': 1, 'learning_rate': 0.00034924911044730407, 'p_miss': 0.10942332406155302}. Best is trial 10 with value: 0.27276524259977564.
running
[I 2024-10-03 04:21:01,922] Trial 39 finished with value: 0.2800199291020947 and parameters: {'model_name': 'VAE', 'batch_size': 7, 'iterations': 1, 'learning_rate': 0.00023569067659107954, 'p_miss': 0.11208385160123249}. Best is trial 10 with value: 0.27276524259977564.
running
[I 2024-10-03 04:21:29,398] Trial 40 finished with value: 0.2772371636332989 and parameters: {'model_name': 'VAE', 'batch_size': 4, 'iterations': 5, 'learning_rate': 0.00027563470469099563, 'p_miss': 0.10354898686964498}. Best is trial 10 with value: 0.27276524259977564.
running
[I 2024-10-03 04:21:57,704] Trial 41 finished with value: 0.2768447060021175 and parameters: {'model_name': 'VAE', 'batch_size': 3, 'iterations': 7, 'learning_rate': 0.0010134203845133481, 'p_miss': 0.08582396182097718}. Best is trial 10 with value: 0.27276524259977564.
running
[I 2024-10-03 04:21:58,325] Trial 42 finished with value: 0.47130936944841684 and parameters: {'model_name': 'SimpleImputer', 'strategy': 'constant'}. Best is trial 10 with value: 0.27276524259977564.
running
[I 2024-10-03 04:22:27,014] Trial 43 finished with value: 0.27777604853094207 and parameters: {'model_name': 'VAE', 'batch_size': 3, 'iterations': 7, 'learning_rate': 0.0008246896867545571, 'p_miss': 0.14751594451048172}. Best is trial 10 with value: 0.27276524259977564.
running
[I 2024-10-03 04:23:01,995] Trial 44 finished with value: 0.2798759394905854 and parameters: {'model_name': 'VAE', 'batch_size': 29, 'iterations': 9, 'learning_rate': 0.0001253995723614784, 'p_miss': 0.15138745649011318}. Best is trial 10 with value: 0.27276524259977564.
running
[I 2024-10-03 04:23:24,437] Trial 28 finished with value: 0.30984155663435703 and parameters: {'model_name': 'VAE', 'batch_size': 1, 'iterations': 446, 'learning_rate': 0.0005429151352119378, 'p_miss': 0.06665617283553946}. Best is trial 10 with value: 0.27276524259977564.
running
[I 2024-10-03 04:23:57,638] Trial 46 finished with value: 0.2786467144062191 and parameters: {'model_name': 'VAE', 'batch_size': 3, 'iterations': 7, 'learning_rate': 0.0013395060326058903, 'p_miss': 0.1499917399871083}. Best is trial 10 with value: 0.27276524259977564.
running
[I 2024-10-03 04:24:13,186] Trial 47 finished with value: 0.27556557091800726 and parameters: {'model_name': 'VAE', 'batch_size': 3, 'iterations': 4, 'learning_rate': 0.00407365268201506, 'p_miss': 0.016332204645008105}. Best is trial 10 with value: 0.27276524259977564.
running
[I 2024-10-03 04:24:30,339] Trial 48 finished with value: 0.27545525869624843 and parameters: {'model_name': 'VAE', 'batch_size': 3, 'iterations': 4, 'learning_rate': 0.005275595010935505, 'p_miss': 0.015597359342069003}. Best is trial 10 with value: 0.27276524259977564.
running
[I 2024-10-03 04:24:31,987] Trial 49 finished with value: 0.47130936944841684 and parameters: {'model_name': 'SimpleImputer', 'strategy': 'most_frequent'}. Best is trial 10 with value: 0.27276524259977564.
running
[I 2024-10-03 04:24:48,393] Trial 50 finished with value: 0.2770461386859794 and parameters: {'model_name': 'VAE', 'batch_size': 34, 'iterations': 3, 'learning_rate': 0.005589901243536068, 'p_miss': 0.033228997184293424}. Best is trial 10 with value: 0.27276524259977564.
running
[I 2024-10-03 04:26:25,211] Trial 51 finished with value: 0.27738752683387136 and parameters: {'model_name': 'VAE', 'batch_size': 14, 'iterations': 21, 'learning_rate': 0.0036744778194282442, 'p_miss': 0.01831161931582194}. Best is trial 10 with value: 0.27276524259977564.
running
[I 2024-10-03 04:50:35,661] Trial 27 finished with value: 0.3324829945098976 and parameters: {'model_name': 'VAE', 'batch_size': 1, 'iterations': 922, 'learning_rate': 0.00046951977656222555, 'p_miss': 0.04882630571201535}. Best is trial 10 with value: 0.27276524259977564.
running
[I 2024-10-03 04:50:45,353] Trial 53 finished with value: 0.2769377195663577 and parameters: {'model_name': 'VAE', 'batch_size': 3, 'iterations': 2, 'learning_rate': 0.00791739332134818, 'p_miss': 0.0211405878103094}. Best is trial 10 with value: 0.27276524259977564.
running
[I 2024-10-03 04:50:45,982] Trial 54 finished with value: 0.29171751460432954 and parameters: {'model_name': 'SimpleImputer', 'strategy': 'mean'}. Best is trial 10 with value: 0.27276524259977564.
running
[I 2024-10-03 04:51:40,055] Trial 55 finished with value: 0.27887247279188665 and parameters: {'model_name': 'VAE', 'batch_size': 2, 'iterations': 12, 'learning_rate': 0.001853234343801223, 'p_miss': 0.011977020033228206}. Best is trial 10 with value: 0.27276524259977564.
running
[I 2024-10-03 04:51:47,676] Trial 56 finished with value: 0.2775869948425962 and parameters: {'model_name': 'VAE', 'batch_size': 2, 'iterations': 2, 'learning_rate': 0.008107590867253508, 'p_miss': 0.02179059663852823}. Best is trial 10 with value: 0.27276524259977564.
running
[I 2024-10-03 04:51:59,485] Trial 57 finished with value: 0.27640827624295333 and parameters: {'model_name': 'VAE', 'batch_size': 6, 'iterations': 2, 'learning_rate': 0.004184495252722315, 'p_miss': 0.011352180014190635}. Best is trial 10 with value: 0.27276524259977564.
running
[I 2024-10-03 04:52:16,647] Trial 58 finished with value: 0.276749506147463 and parameters: {'model_name': 'VAE', 'batch_size': 8, 'iterations': 3, 'learning_rate': 0.003521846630402683, 'p_miss': 0.07710561363871843}. Best is trial 10 with value: 0.27276524259977564.
running
[I 2024-10-03 04:52:29,027] Trial 59 finished with value: 0.46801353833762904 and parameters: {'model_name': 'GAIN', 'batch_size': 12, 'hint_rate': 0.9326185875237201, 'alpha': 85, 'iterations': 3, 'learning_rate': 0.00448679800144077, 'p_miss': 0.03879966177124078}. Best is trial 10 with value: 0.27276524259977564.
running
[I 2024-10-03 04:52:40,927] Trial 60 finished with value: 0.2781566068623512 and parameters: {'model_name': 'VAE', 'batch_size': 6, 'iterations': 2, 'learning_rate': 0.011523426507420999, 'p_miss': 0.06513507452007938}. Best is trial 10 with value: 0.27276524259977564.
running
[I 2024-10-03 04:52:57,245] Trial 61 finished with value: 0.27811554795301124 and parameters: {'model_name': 'VAE', 'batch_size': 21, 'iterations': 4, 'learning_rate': 0.0029051709336357628, 'p_miss': 0.12911214703595106}. Best is trial 10 with value: 0.27276524259977564.
running
[I 2024-10-03 04:52:59,880] Trial 34 finished with value: 0.32795530005425005 and parameters: {'model_name': 'VAE', 'batch_size': 1, 'iterations': 888, 'learning_rate': 0.0005448278883247038, 'p_miss': 0.11732017772109683}. Best is trial 10 with value: 0.27276524259977564.
running
[I 2024-10-03 04:53:06,974] Trial 62 finished with value: 0.2973268420361721 and parameters: {'model_name': 'KNNImputer', 'n_neighbors': 670, 'weights': 'distance'}. Best is trial 10 with value: 0.27276524259977564.
running
[I 2024-10-03 04:53:07,826] Trial 63 finished with value: 0.2982940757636845 and parameters: {'model_name': 'KNNImputer', 'n_neighbors': 40, 'weights': 'distance'}. Best is trial 10 with value: 0.27276524259977564.
running
[I 2024-10-03 04:53:15,816] Trial 65 finished with value: 0.27348597742312875 and parameters: {'model_name': 'VAE', 'batch_size': 8, 'iterations': 1, 'learning_rate': 0.017143664604059188, 'p_miss': 0.18828957400142876}. Best is trial 10 with value: 0.27276524259977564.
running
[I 2024-10-03 04:53:20,534] Trial 66 finished with value: 0.2776752550800957 and parameters: {'model_name': 'VAE', 'batch_size': 8, 'iterations': 1, 'learning_rate': 0.016149863866312588, 'p_miss': 0.1812003460335437}. Best is trial 10 with value: 0.27276524259977564.
running
[I 2024-10-03 04:53:22,846] Trial 64 finished with value: 0.27805559306446037 and parameters: {'model_name': 'VAE', 'batch_size': 45, 'iterations': 1, 'learning_rate': 0.019414875829218376, 'p_miss': 0.19166717087933877}. Best is trial 10 with value: 0.27276524259977564.
running
[I 2024-10-03 04:53:26,368] Trial 67 finished with value: 0.2784276605517638 and parameters: {'model_name': 'VAE', 'batch_size': 19, 'iterations': 1, 'learning_rate': 0.005844421497916381, 'p_miss': 0.20506538206035818}. Best is trial 10 with value: 0.27276524259977564.
running
[I 2024-10-03 04:53:33,913] Trial 68 finished with value: 0.27666073663491186 and parameters: {'model_name': 'VAE', 'batch_size': 19, 'iterations': 2, 'learning_rate': 0.00600470313789119, 'p_miss': 0.22038903763537243}. Best is trial 10 with value: 0.27276524259977564.
running
[I 2024-10-03 04:53:35,435] Trial 69 finished with value: 0.4704294081873437 and parameters: {'model_name': 'GAIN', 'batch_size': 5, 'hint_rate': 0.5070242691556868, 'alpha': 2, 'iterations': 2, 'learning_rate': 0.01523379473990194, 'p_miss': 0.035631992453423814}. Best is trial 10 with value: 0.27276524259977564.
running
[I 2024-10-03 04:53:45,611] Trial 70 finished with value: 0.4582063852138331 and parameters: {'model_name': 'GAIN', 'batch_size': 228, 'hint_rate': 0.471837630475495, 'alpha': 7, 'iterations': 2, 'learning_rate': 0.015220593018836335, 'p_miss': 0.2333935135461018}. Best is trial 10 with value: 0.27276524259977564.
running
[I 2024-10-03 04:54:49,799] Trial 71 finished with value: 0.2972198993829142 and parameters: {'model_name': 'VAE', 'batch_size': 76, 'iterations': 13, 'learning_rate': 0.029909433730434986, 'p_miss': 0.23701400364577357}. Best is trial 10 with value: 0.27276524259977564.
running
[I 2024-10-03 04:54:50,773] Trial 72 finished with value: 0.2966356811042384 and parameters: {'model_name': 'VAE', 'batch_size': 53, 'iterations': 12, 'learning_rate': 0.03136188482884934, 'p_miss': 0.1708112338213969}. Best is trial 10 with value: 0.27276524259977564.
running
[I 2024-10-03 04:54:51,528] Trial 74 finished with value: 0.29171751460432954 and parameters: {'model_name': 'SimpleImputer', 'strategy': 'mean'}. Best is trial 10 with value: 0.27276524259977564.
running
[I 2024-10-03 04:55:11,015] Trial 75 finished with value: 0.27649132647885755 and parameters: {'model_name': 'VAE', 'batch_size': 2, 'iterations': 5, 'learning_rate': 0.006288745179935564, 'p_miss': 0.21439625202581641}. Best is trial 10 with value: 0.27276524259977564.
running
[I 2024-10-03 04:55:16,006] Trial 52 finished with value: 0.310375567881408 and parameters: {'model_name': 'VAE', 'batch_size': 2, 'iterations': 412, 'learning_rate': 0.008564732563258326, 'p_miss': 0.021710027224307427}. Best is trial 10 with value: 0.27276524259977564.
running
[I 2024-10-03 04:55:29,423] Trial 76 finished with value: 0.27613134680374013 and parameters: {'model_name': 'VAE', 'batch_size': 2, 'iterations': 5, 'learning_rate': 0.005644585499662605, 'p_miss': 0.21590136783408753}. Best is trial 10 with value: 0.27276524259977564.
running
[I 2024-10-03 04:55:41,137] Trial 77 finished with value: 0.2745994214168258 and parameters: {'model_name': 'VAE', 'batch_size': 14, 'iterations': 4, 'learning_rate': 0.005290757442724889, 'p_miss': 0.29339020260524906}. Best is trial 10 with value: 0.27276524259977564.
running
[I 2024-10-03 04:55:45,644] Trial 78 finished with value: 0.27856609617416506 and parameters: {'model_name': 'VAE', 'batch_size': 2, 'iterations': 4, 'learning_rate': 0.0021733701526237665, 'p_miss': 0.21428969230871053}. Best is trial 10 with value: 0.27276524259977564.
running
[I 2024-10-03 04:56:28,825] Trial 24 finished with value: 0.3093769711593525 and parameters: {'model_name': 'VAE', 'batch_size': 2, 'iterations': 975, 'learning_rate': 0.0009398909581017497, 'p_miss': 0.14122797505358978}. Best is trial 10 with value: 0.27276524259977564.
running
[I 2024-10-03 04:57:16,280] Trial 80 finished with value: 0.30448619852819536 and parameters: {'model_name': 'VAE', 'batch_size': 10, 'iterations': 26, 'learning_rate': 0.04608536712476922, 'p_miss': 0.27654931115346526}. Best is trial 10 with value: 0.27276524259977564.
running
[I 2024-10-03 04:57:28,816] Trial 82 finished with value: 0.2917952718723603 and parameters: {'model_name': 'KNNImputer', 'n_neighbors': 4327, 'weights': 'uniform'}. Best is trial 10 with value: 0.27276524259977564.
running
[I 2024-10-03 04:58:10,140] Trial 79 finished with value: 0.28656535830747754 and parameters: {'model_name': 'VAE', 'batch_size': 11, 'iterations': 44, 'learning_rate': 0.0021943080325636517, 'p_miss': 0.2812371415265579}. Best is trial 10 with value: 0.27276524259977564.
running
[I 2024-10-03 04:58:46,806] Trial 81 finished with value: 0.2961871219508552 and parameters: {'model_name': 'VAE', 'batch_size': 10, 'iterations': 41, 'learning_rate': 0.011312273083794826, 'p_miss': 0.284975615619106}. Best is trial 10 with value: 0.27276524259977564.
running
[I 2024-10-03 05:00:10,232] Trial 83 finished with value: 0.2977675656185535 and parameters: {'model_name': 'VAE', 'batch_size': 4, 'iterations': 45, 'learning_rate': 0.011798635046521344, 'p_miss': 0.250465563773601}. Best is trial 10 with value: 0.27276524259977564.
running
[I 2024-10-03 05:00:27,945] Trial 86 finished with value: 0.2750834545342598 and parameters: {'model_name': 'VAE', 'batch_size': 4, 'iterations': 5, 'learning_rate': 0.00477169132029748, 'p_miss': 0.26323544117034353}. Best is trial 10 with value: 0.27276524259977564.
running
[I 2024-10-03 05:01:18,628] Trial 73 finished with value: 0.30114412881408514 and parameters: {'model_name': 'VAE', 'batch_size': 2, 'iterations': 109, 'learning_rate': 0.00630149707801411, 'p_miss': 0.1728736046845214}. Best is trial 10 with value: 0.27276524259977564.
running
[I 2024-10-03 05:09:23,481] Trial 20 finished with value: 0.29801090371437644 and parameters: {'model_name': 'VAE', 'batch_size': 842, 'iterations': 701, 'learning_rate': 0.0015578179488950025, 'p_miss': 0.05458443442106822}. Best is trial 10 with value: 0.27276524259977564.
running
[I 2024-10-03 05:13:20,299] Trial 36 finished with value: 0.3441367647996544 and parameters: {'model_name': 'VAE', 'batch_size': 1, 'iterations': 1276, 'learning_rate': 0.0006898935961500393, 'p_miss': 0.10224562903305492}. Best is trial 10 with value: 0.27276524259977564.
running
[I 2024-10-03 05:15:01,964] Trial 45 finished with value: 0.30513296054160427 and parameters: {'model_name': 'VAE', 'batch_size': 3, 'iterations': 730, 'learning_rate': 0.004058129186232794, 'p_miss': 0.08258316512501651}. Best is trial 10 with value: 0.27276524259977564.
running
[I 2024-10-03 05:30:44,561] Trial 26 finished with value: 0.33955070921606734 and parameters: {'model_name': 'VAE', 'batch_size': 1, 'iterations': 1814, 'learning_rate': 0.0003172538886429047, 'p_miss': 0.03663289110817007}. Best is trial 10 with value: 0.27276524259977564.
running
[I 2024-10-03 05:32:53,961] Trial 32 finished with value: 0.33956046500857856 and parameters: {'model_name': 'VAE', 'batch_size': 1, 'iterations': 1581, 'learning_rate': 0.0005870278890585606, 'p_miss': 0.08454115143924361}. Best is trial 10 with value: 0.27276524259977564.
running
[I 2024-10-03 05:34:25,872] Trial 35 finished with value: 0.34720939153794933 and parameters: {'model_name': 'VAE', 'batch_size': 1, 'iterations': 1664, 'learning_rate': 0.0006588287561031748, 'p_miss': 0.11363063413428107}. Best is trial 10 with value: 0.27276524259977564.
running
[I 2024-10-03 05:52:50,009] Trial 85 finished with value: 0.28032696919862377 and parameters: {'model_name': 'IterativeImputer', 'estimator': 'RFR', 'initial_strategy': 'constant', 'n_nearest_features': 14, 'imputation_order': 'random'}. Best is trial 10 with value: 0.27276524259977564.
running
[I 2024-10-03 05:52:53,841] Trial 84 finished with value: 0.28019262069990136 and parameters: {'model_name': 'IterativeImputer', 'estimator': 'RFR', 'initial_strategy': 'mean', 'n_nearest_features': 14, 'imputation_order': 'random'}. Best is trial 10 with value: 0.27276524259977564.
running
[I 2024-10-03 05:53:22,554] Trial 96 finished with value: 0.2733573241619708 and parameters: {'model_name': 'VAE', 'batch_size': 4, 'iterations': 5, 'learning_rate': 0.004713460284677504, 'p_miss': 0.2599135668565845}. Best is trial 10 with value: 0.27276524259977564.
running
[I 2024-10-03 05:53:35,508] Trial 97 finished with value: 0.27960217892514727 and parameters: {'model_name': 'VAE', 'batch_size': 4, 'iterations': 3, 'learning_rate': 0.0027556880622709515, 'p_miss': 0.25470828198958484}. Best is trial 10 with value: 0.27276524259977564.
running
[I 2024-10-03 05:53:47,739] Trial 88 finished with value: 0.2804588942212531 and parameters: {'model_name': 'IterativeImputer', 'estimator': 'RFR', 'initial_strategy': 'mean', 'n_nearest_features': 13, 'imputation_order': 'random'}. Best is trial 10 with value: 0.27276524259977564.
running
[I 2024-10-03 05:54:01,546] Trial 98 finished with value: 0.2769715945058694 and parameters: {'model_name': 'VAE', 'batch_size': 5, 'iterations': 5, 'learning_rate': 0.004480537099055055, 'p_miss': 0.29704393176703986}. Best is trial 10 with value: 0.27276524259977564.
running
[I 2024-10-03 05:54:06,243] Trial 99 finished with value: 0.27718278382846967 and parameters: {'model_name': 'VAE', 'batch_size': 5, 'iterations': 5, 'learning_rate': 0.004189593914289551, 'p_miss': 0.26364884644845765}. Best is trial 10 with value: 0.27276524259977564.
running
[I 2024-10-03 05:54:42,514] Trial 100 finished with value: 0.273946600325135 and parameters: {'model_name': 'VAE', 'batch_size': 5, 'iterations': 8, 'learning_rate': 0.004577186670517036, 'p_miss': 0.26430566697764857}. Best is trial 10 with value: 0.27276524259977564.
running
[I 2024-10-03 05:54:52,464] Trial 87 finished with value: 0.2801150256383841 and parameters: {'model_name': 'IterativeImputer', 'estimator': 'RFR', 'initial_strategy': 'constant', 'n_nearest_features': 13, 'imputation_order': 'random'}. Best is trial 10 with value: 0.27276524259977564.
running
[I 2024-10-03 05:54:53,185] Trial 103 finished with value: 0.47130936944841684 and parameters: {'model_name': 'SimpleImputer', 'strategy': 'constant'}. Best is trial 10 with value: 0.27276524259977564.
running
[I 2024-10-03 05:55:25,257] Trial 104 finished with value: 0.27815049219676835 and parameters: {'model_name': 'VAE', 'batch_size': 15, 'iterations': 9, 'learning_rate': 0.003025768758989045, 'p_miss': 0.27169215652887907}. Best is trial 10 with value: 0.27276524259977564.
running
[I 2024-10-03 05:55:35,942] Trial 102 finished with value: 0.3005465411532417 and parameters: {'model_name': 'VAE', 'batch_size': 16, 'iterations': 9, 'learning_rate': 0.023534855426326804, 'p_miss': 0.2641613450875335}. Best is trial 10 with value: 0.27276524259977564.
running
[I 2024-10-03 05:55:51,611] Trial 106 finished with value: 0.27675359491286927 and parameters: {'model_name': 'VAE', 'batch_size': 4, 'iterations': 3, 'learning_rate': 0.005060695680569946, 'p_miss': 0.28781594064189625}. Best is trial 10 with value: 0.27276524259977564.
running
[I 2024-10-03 05:55:53,210] Trial 105 finished with value: 0.27252543515594985 and parameters: {'model_name': 'VAE', 'batch_size': 4, 'iterations': 7, 'learning_rate': 0.005103688700798845, 'p_miss': 0.25962872492471284}. Best is trial 105 with value: 0.27252543515594985.
running
[I 2024-10-03 05:56:24,480] Trial 107 finished with value: 0.27274024788990897 and parameters: {'model_name': 'VAE', 'batch_size': 9, 'iterations': 7, 'learning_rate': 0.007256990647223914, 'p_miss': 0.23843015462627073}. Best is trial 105 with value: 0.27252543515594985.
running
[I 2024-10-03 05:57:06,640] Trial 108 finished with value: 0.280379224928058 and parameters: {'model_name': 'VAE', 'batch_size': 3, 'iterations': 16, 'learning_rate': 0.007253232875848002, 'p_miss': 0.23728449901832468}. Best is trial 105 with value: 0.27252543515594985.
running
[I 2024-10-03 05:57:26,489] Trial 109 finished with value: 0.2863329079692013 and parameters: {'model_name': 'VAE', 'batch_size': 7, 'iterations': 17, 'learning_rate': 0.008527020722125416, 'p_miss': 0.23738400194975806}. Best is trial 105 with value: 0.27252543515594985.
running
[I 2024-10-03 05:57:38,989] Trial 110 finished with value: 0.2741393745761529 and parameters: {'model_name': 'VAE', 'batch_size': 8, 'iterations': 7, 'learning_rate': 0.00986788743357682, 'p_miss': 0.256844510986448}. Best is trial 105 with value: 0.27252543515594985.
running
[I 2024-10-03 05:57:51,969] Trial 111 finished with value: 0.27239269717762077 and parameters: {'model_name': 'VAE', 'batch_size': 8, 'iterations': 7, 'learning_rate': 0.01000221075054544, 'p_miss': 0.25418774929104404}. Best is trial 111 with value: 0.27239269717762077.
running
[I 2024-10-03 05:58:07,763] Trial 112 finished with value: 0.27590626151262976 and parameters: {'model_name': 'VAE', 'batch_size': 9, 'iterations': 6, 'learning_rate': 0.009625882662761438, 'p_miss': 0.2572015820395087}. Best is trial 111 with value: 0.27239269717762077.
running
[I 2024-10-03 05:58:08,595] Trial 113 finished with value: 0.45825625086885147 and parameters: {'model_name': 'GAIN', 'batch_size': 9, 'hint_rate': 0.4131995667332682, 'alpha': 63, 'iterations': 7, 'learning_rate': 0.012349800389785481, 'p_miss': 0.2549411873855574}. Best is trial 111 with value: 0.27239269717762077.
running
[I 2024-10-03 05:58:19,911] Trial 115 finished with value: 0.29181850344672855 and parameters: {'model_name': 'KNNImputer', 'n_neighbors': 4010, 'weights': 'uniform'}. Best is trial 111 with value: 0.27239269717762077.
running
[I 2024-10-03 05:58:26,894] Trial 114 finished with value: 0.45576578370724297 and parameters: {'model_name': 'GAIN', 'batch_size': 13, 'hint_rate': 0.36752230779283634, 'alpha': 63, 'iterations': 8, 'learning_rate': 0.010947947241309874, 'p_miss': 0.2992973801433269}. Best is trial 111 with value: 0.27239269717762077.
running
[I 2024-10-03 05:58:53,696] Trial 116 finished with value: 0.27952779913597514 and parameters: {'model_name': 'VAE', 'batch_size': 13, 'iterations': 8, 'learning_rate': 0.009853054069430439, 'p_miss': 0.27163833401220094}. Best is trial 111 with value: 0.27239269717762077.
running
[I 2024-10-03 05:59:36,353] Trial 118 finished with value: 0.2779932752802366 and parameters: {'model_name': 'VAE', 'batch_size': 7, 'iterations': 11, 'learning_rate': 0.006848093292899242, 'p_miss': 0.2426445258583011}. Best is trial 111 with value: 0.27239269717762077.
running
[I 2024-10-03 06:00:02,719] Trial 119 finished with value: 0.2789870629269491 and parameters: {'model_name': 'VAE', 'batch_size': 5, 'iterations': 4, 'learning_rate': 0.020076427422168253, 'p_miss': 0.22854767519009384}. Best is trial 111 with value: 0.27239269717762077.
running
[I 2024-10-03 06:00:17,533] Trial 120 finished with value: 0.2773517603353328 and parameters: {'model_name': 'VAE', 'batch_size': 4, 'iterations': 3, 'learning_rate': 0.0035082596370742012, 'p_miss': 0.24801781944814122}. Best is trial 111 with value: 0.27239269717762077.
running
[I 2024-10-03 06:02:20,124] Trial 121 finished with value: 0.29779051125120926 and parameters: {'model_name': 'VAE', 'batch_size': 27, 'iterations': 29, 'learning_rate': 0.005101550561778447, 'p_miss': 0.2661080779990272}. Best is trial 111 with value: 0.27239269717762077.
running
[I 2024-10-03 06:02:46,501] Trial 122 finished with value: 0.27367510057421 and parameters: {'model_name': 'VAE', 'batch_size': 7, 'iterations': 6, 'learning_rate': 0.0077048577328144435, 'p_miss': 0.2910452728118755}. Best is trial 111 with value: 0.27239269717762077.
running
[I 2024-10-03 06:03:12,248] Trial 123 finished with value: 0.2748676820552558 and parameters: {'model_name': 'VAE', 'batch_size': 6, 'iterations': 6, 'learning_rate': 0.007711889548983856, 'p_miss': 0.2904812965384011}. Best is trial 111 with value: 0.27239269717762077.
running
[I 2024-10-03 06:03:39,129] Trial 89 finished with value: 0.27961546157782535 and parameters: {'model_name': 'IterativeImputer', 'estimator': 'RFR', 'initial_strategy': 'mean', 'n_nearest_features': 14, 'imputation_order': 'random'}. Best is trial 111 with value: 0.27239269717762077.
running
[I 2024-10-03 06:04:39,368] Trial 125 finished with value: 0.3004567435274831 and parameters: {'model_name': 'VAE', 'batch_size': 6, 'iterations': 16, 'learning_rate': 0.013860180635050437, 'p_miss': 0.2910345234019063}. Best is trial 111 with value: 0.27239269717762077.
running
[I 2024-10-03 06:05:03,578] Trial 126 finished with value: 0.27775548057817695 and parameters: {'model_name': 'VAE', 'batch_size': 8, 'iterations': 6, 'learning_rate': 0.0076581800999490175, 'p_miss': 0.27803335306740967}. Best is trial 111 with value: 0.27239269717762077.
running
[I 2024-10-03 06:05:50,679] Trial 127 finished with value: 0.27359150834632545 and parameters: {'model_name': 'VAE', 'batch_size': 6, 'iterations': 10, 'learning_rate': 0.008858955075814665, 'p_miss': 0.29102125195107}. Best is trial 111 with value: 0.27239269717762077.
running
[I 2024-10-03 06:08:13,673] Trial 90 finished with value: 0.2800651266502634 and parameters: {'model_name': 'IterativeImputer', 'estimator': 'RFR', 'initial_strategy': 'constant', 'n_nearest_features': 14, 'imputation_order': 'random'}. Best is trial 111 with value: 0.27239269717762077.
running
[I 2024-10-03 06:08:53,505] Trial 129 finished with value: 0.26967631295001876 and parameters: {'model_name': 'VAE', 'batch_size': 6, 'iterations': 10, 'learning_rate': 0.00959618974782895, 'p_miss': 0.29186080868670794}. Best is trial 129 with value: 0.26967631295001876.
running
[I 2024-10-03 06:09:29,364] Trial 130 finished with value: 0.2727525995983691 and parameters: {'model_name': 'VAE', 'batch_size': 7, 'iterations': 10, 'learning_rate': 0.009569134386910956, 'p_miss': 0.1229094244677771}. Best is trial 129 with value: 0.26967631295001876.
running
[I 2024-10-03 06:09:44,423] Trial 124 finished with value: 0.30068624918001524 and parameters: {'model_name': 'VAE', 'batch_size': 6, 'iterations': 103, 'learning_rate': 0.013081981082509743, 'p_miss': 0.29420209966486405}. Best is trial 129 with value: 0.26967631295001876.
running
[I 2024-10-03 06:10:08,081] Trial 131 finished with value: 0.2972233736469979 and parameters: {'model_name': 'VAE', 'batch_size': 7, 'iterations': 11, 'learning_rate': 0.016695133476679457, 'p_miss': 0.11945778592354492}. Best is trial 129 with value: 0.26967631295001876.
running
[I 2024-10-03 06:10:09,535] Trial 133 finished with value: 0.47130936944841684 and parameters: {'model_name': 'SimpleImputer', 'strategy': 'most_frequent'}. Best is trial 129 with value: 0.26967631295001876.
running
[I 2024-10-03 06:10:28,773] Trial 91 finished with value: 0.2804613390606952 and parameters: {'model_name': 'IterativeImputer', 'estimator': 'RFR', 'initial_strategy': 'constant', 'n_nearest_features': 14, 'imputation_order': 'random'}. Best is trial 129 with value: 0.26967631295001876.
running
[I 2024-10-03 06:11:21,003] Trial 134 finished with value: 0.2937124904187628 and parameters: {'model_name': 'VAE', 'batch_size': 9, 'iterations': 20, 'learning_rate': 0.0095208221563147, 'p_miss': 0.1378151471076211}. Best is trial 129 with value: 0.26967631295001876.
running
[I 2024-10-03 06:11:52,386] Trial 135 finished with value: 0.3060683661285288 and parameters: {'model_name': 'VAE', 'batch_size': 8, 'iterations': 21, 'learning_rate': 0.02296507188762009, 'p_miss': 0.13880130726115714}. Best is trial 129 with value: 0.26967631295001876.
running
[I 2024-10-03 06:12:16,782] Trial 136 finished with value: 0.27944614875623097 and parameters: {'model_name': 'VAE', 'batch_size': 11, 'iterations': 11, 'learning_rate': 0.009660423390466568, 'p_miss': 0.27173513613617695}. Best is trial 129 with value: 0.26967631295001876.
running
[I 2024-10-03 06:12:41,419] Trial 137 finished with value: 0.28391871091355037 and parameters: {'model_name': 'VAE', 'batch_size': 5, 'iterations': 10, 'learning_rate': 0.009945635527296713, 'p_miss': 0.12804856726814226}. Best is trial 129 with value: 0.26967631295001876.
running
[I 2024-10-03 06:13:01,360] Trial 138 finished with value: 0.27310865045418037 and parameters: {'model_name': 'VAE', 'batch_size': 5, 'iterations': 9, 'learning_rate': 0.006945750661054475, 'p_miss': 0.28345861900165154}. Best is trial 129 with value: 0.26967631295001876.
running
[I 2024-10-03 06:13:35,455] Trial 139 finished with value: 0.279425674546827 and parameters: {'model_name': 'VAE', 'batch_size': 17, 'iterations': 14, 'learning_rate': 0.006953297158363194, 'p_miss': 0.2826187906978742}. Best is trial 129 with value: 0.26967631295001876.
running
[I 2024-10-03 06:13:53,855] Trial 140 finished with value: 0.2766844348193209 and parameters: {'model_name': 'VAE', 'batch_size': 7, 'iterations': 14, 'learning_rate': 0.007596891454461474, 'p_miss': 0.2829912588249822}. Best is trial 129 with value: 0.26967631295001876.
running
[I 2024-10-03 06:14:09,980] Trial 141 finished with value: 0.28496072475705425 and parameters: {'model_name': 'VAE', 'batch_size': 7, 'iterations': 7, 'learning_rate': 0.017456966133959913, 'p_miss': 0.25790895644128076}. Best is trial 129 with value: 0.26967631295001876.
running
[I 2024-10-03 06:14:20,223] Trial 142 finished with value: 0.2787290368262981 and parameters: {'model_name': 'VAE', 'batch_size': 5, 'iterations': 7, 'learning_rate': 0.013755667802239921, 'p_miss': 0.2589509464452408}. Best is trial 129 with value: 0.26967631295001876.
running
[I 2024-10-03 06:14:36,115] Trial 144 finished with value: 0.29763541295108237 and parameters: {'model_name': 'KNNImputer', 'n_neighbors': 3442, 'weights': 'distance'}. Best is trial 129 with value: 0.26967631295001876.
running
[I 2024-10-03 06:15:13,096] Trial 145 finished with value: 0.2751277268292454 and parameters: {'model_name': 'VAE', 'batch_size': 10, 'iterations': 8, 'learning_rate': 0.008538332816945568, 'p_miss': 0.09458726116820146}. Best is trial 129 with value: 0.26967631295001876.
running
[I 2024-10-03 06:15:31,307] Trial 146 finished with value: 0.2754040686033306 and parameters: {'model_name': 'VAE', 'batch_size': 12, 'iterations': 4, 'learning_rate': 0.0059491566120934945, 'p_miss': 0.159327740046875}. Best is trial 129 with value: 0.26967631295001876.
running
[I 2024-10-03 06:18:20,732] Trial 95 finished with value: 0.2858069295717039 and parameters: {'model_name': 'IterativeImputer', 'estimator': 'RFR', 'initial_strategy': 'most_frequent', 'n_nearest_features': 1, 'imputation_order': 'random'}. Best is trial 129 with value: 0.26967631295001876.
running
[I 2024-10-03 06:26:33,866] Trial 93 finished with value: 0.2804845129692053 and parameters: {'model_name': 'IterativeImputer', 'estimator': 'RFR', 'initial_strategy': 'constant', 'n_nearest_features': 14, 'imputation_order': 'random'}. Best is trial 129 with value: 0.26967631295001876.
running
[I 2024-10-03 06:26:47,095] Trial 92 finished with value: 0.2804505727574417 and parameters: {'model_name': 'IterativeImputer', 'estimator': 'RFR', 'initial_strategy': 'constant', 'n_nearest_features': 14, 'imputation_order': 'random'}. Best is trial 129 with value: 0.26967631295001876.
running
[I 2024-10-03 06:26:56,267] Trial 149 finished with value: 0.275660758112061 and parameters: {'model_name': 'VAE', 'batch_size': 9, 'iterations': 6, 'learning_rate': 0.006487307750336522, 'p_miss': 0.27528604468316975}. Best is trial 129 with value: 0.26967631295001876.
running
[I 2024-10-03 06:27:23,158] Trial 150 finished with value: 0.2708736173250166 and parameters: {'model_name': 'VAE', 'batch_size': 8, 'iterations': 10, 'learning_rate': 0.006648229403371859, 'p_miss': 0.27525453550821943}. Best is trial 129 with value: 0.26967631295001876.
running
[I 2024-10-03 06:27:24,956] Trial 151 finished with value: 0.27360185046478736 and parameters: {'model_name': 'VAE', 'batch_size': 6, 'iterations': 9, 'learning_rate': 0.0036493621971880894, 'p_miss': 0.29889673023964763}. Best is trial 129 with value: 0.26967631295001876.
running
[I 2024-10-03 06:28:03,914] Trial 152 finished with value: 0.2766269633877788 and parameters: {'model_name': 'VAE', 'batch_size': 6, 'iterations': 9, 'learning_rate': 0.011125391005895085, 'p_miss': 0.2682615929863479}. Best is trial 129 with value: 0.26967631295001876.
running
[I 2024-10-03 06:28:14,756] Trial 153 finished with value: 0.2768509137030303 and parameters: {'model_name': 'VAE', 'batch_size': 5, 'iterations': 10, 'learning_rate': 0.00370859817690592, 'p_miss': 0.28527290546322964}. Best is trial 129 with value: 0.26967631295001876.
running
[I 2024-10-03 06:29:14,512] Trial 154 finished with value: 0.2684198114591628 and parameters: {'model_name': 'VAE', 'batch_size': 4, 'iterations': 14, 'learning_rate': 0.0036461944562913265, 'p_miss': 0.2867981382006393}. Best is trial 154 with value: 0.2684198114591628.
running
[I 2024-10-03 06:29:57,975] Trial 94 finished with value: 0.2794254002485953 and parameters: {'model_name': 'IterativeImputer', 'estimator': 'RFR', 'initial_strategy': 'constant', 'n_nearest_features': 14, 'imputation_order': 'random'}. Best is trial 154 with value: 0.2684198114591628.
running
[I 2024-10-03 06:30:08,583] Trial 156 finished with value: 0.2737611503792626 and parameters: {'model_name': 'VAE', 'batch_size': 4, 'iterations': 13, 'learning_rate': 0.00257455028455183, 'p_miss': 0.298875957635596}. Best is trial 154 with value: 0.2684198114591628.
running
[I 2024-10-03 06:30:32,771] Trial 155 finished with value: 0.28435243472556115 and parameters: {'model_name': 'VAE', 'batch_size': 6, 'iterations': 33, 'learning_rate': 0.004740577771295638, 'p_miss': 0.28781886242871657}. Best is trial 154 with value: 0.2684198114591628.
running
[I 2024-10-03 06:30:57,530] Trial 157 finished with value: 0.27161100502528795 and parameters: {'model_name': 'VAE', 'batch_size': 4, 'iterations': 15, 'learning_rate': 0.0034718794252182363, 'p_miss': 0.2996208569148526}. Best is trial 154 with value: 0.2684198114591628.
running
[I 2024-10-03 06:31:03,665] Trial 158 finished with value: 0.2747432733572629 and parameters: {'model_name': 'VAE', 'batch_size': 4, 'iterations': 14, 'learning_rate': 0.0026476465259975854, 'p_miss': 0.29266899222742015}. Best is trial 154 with value: 0.2684198114591628.
running
[I 2024-10-03 06:31:30,506] Trial 159 finished with value: 0.27116319553460755 and parameters: {'model_name': 'VAE', 'batch_size': 4, 'iterations': 13, 'learning_rate': 0.003184780521947301, 'p_miss': 0.29931602792160905}. Best is trial 154 with value: 0.2684198114591628.
running
[I 2024-10-03 06:31:33,664] Trial 33 finished with value: 0.3464719628671496 and parameters: {'model_name': 'VAE', 'batch_size': 1, 'iterations': 2553, 'learning_rate': 0.0005828909886296499, 'p_miss': 0.10788283400149547}. Best is trial 154 with value: 0.2684198114591628.
running
[I 2024-10-03 06:32:07,827] Trial 160 finished with value: 0.27449902894463446 and parameters: {'model_name': 'VAE', 'batch_size': 7, 'iterations': 18, 'learning_rate': 0.0035052722881846188, 'p_miss': 0.27745975219464114}. Best is trial 154 with value: 0.2684198114591628.
running
[I 2024-10-03 06:32:29,235] Trial 161 finished with value: 0.2734695690214785 and parameters: {'model_name': 'VAE', 'batch_size': 7, 'iterations': 20, 'learning_rate': 0.0039833181607754455, 'p_miss': 0.28220662440702904}. Best is trial 154 with value: 0.2684198114591628.
running
[I 2024-10-03 06:32:41,961] Trial 163 finished with value: 0.2751403910928578 and parameters: {'model_name': 'VAE', 'batch_size': 3, 'iterations': 16, 'learning_rate': 0.003909035087580382, 'p_miss': 0.27855328229246595}. Best is trial 154 with value: 0.2684198114591628.
running
[I 2024-10-03 06:33:52,365] Trial 164 finished with value: 0.2729287044442563 and parameters: {'model_name': 'VAE', 'batch_size': 3, 'iterations': 25, 'learning_rate': 0.0019297772255316985, 'p_miss': 0.29932287818502723}. Best is trial 154 with value: 0.2684198114591628.
running
[I 2024-10-03 06:34:06,339] Trial 165 finished with value: 0.2714214355883383 and parameters: {'model_name': 'VAE', 'batch_size': 3, 'iterations': 22, 'learning_rate': 0.0016702509396950681, 'p_miss': 0.27997853476313944}. Best is trial 154 with value: 0.2684198114591628.
running
[I 2024-10-03 06:34:25,168] Trial 166 finished with value: 0.273527035203531 and parameters: {'model_name': 'VAE', 'batch_size': 6, 'iterations': 25, 'learning_rate': 0.0030990879034152067, 'p_miss': 0.2993945952782559}. Best is trial 154 with value: 0.2684198114591628.
running
[I 2024-10-03 06:35:19,483] Trial 167 finished with value: 0.27303444414480904 and parameters: {'model_name': 'VAE', 'batch_size': 4, 'iterations': 24, 'learning_rate': 0.001676993620658522, 'p_miss': 0.2855121765460914}. Best is trial 154 with value: 0.2684198114591628.
running
[I 2024-10-03 06:36:11,661] Trial 169 finished with value: 0.27167114204334564 and parameters: {'model_name': 'VAE', 'batch_size': 4, 'iterations': 33, 'learning_rate': 0.0021468265799105576, 'p_miss': 0.2704350693867592}. Best is trial 154 with value: 0.2684198114591628.
running
[I 2024-10-03 06:37:00,937] Trial 168 finished with value: 0.2836281954567081 and parameters: {'model_name': 'VAE', 'batch_size': 369, 'iterations': 27, 'learning_rate': 0.0012075348915544996, 'p_miss': 0.2839509434971633}. Best is trial 154 with value: 0.2684198114591628.
running
[I 2024-10-03 06:37:01,989] Trial 172 finished with value: 0.45519896051589476 and parameters: {'model_name': 'SimpleImputer', 'strategy': 'median'}. Best is trial 154 with value: 0.2684198114591628.
running
[I 2024-10-03 06:37:19,065] Trial 170 finished with value: 0.27233864985954703 and parameters: {'model_name': 'VAE', 'batch_size': 3, 'iterations': 29, 'learning_rate': 0.0019254681802388708, 'p_miss': 0.2723346264699368}. Best is trial 154 with value: 0.2684198114591628.
running
[I 2024-10-03 06:38:18,395] Trial 174 finished with value: 0.4555559968465155 and parameters: {'model_name': 'GAIN', 'batch_size': 3, 'hint_rate': 0.686246590301009, 'alpha': 99, 'iterations': 33, 'learning_rate': 0.001820980771274225, 'p_miss': 0.27205926426284627}. Best is trial 154 with value: 0.2684198114591628.
running
[I 2024-10-03 06:38:33,373] Trial 171 finished with value: 0.27219232163671225 and parameters: {'model_name': 'VAE', 'batch_size': 3, 'iterations': 36, 'learning_rate': 0.0013193059158685327, 'p_miss': 0.27181959033359115}. Best is trial 154 with value: 0.2684198114591628.
running
[I 2024-10-03 06:39:12,024] Trial 173 finished with value: 0.2735817084533934 and parameters: {'model_name': 'VAE', 'batch_size': 3, 'iterations': 35, 'learning_rate': 0.001790451901887496, 'p_miss': 0.27241781042289626}. Best is trial 154 with value: 0.2684198114591628.
running
[I 2024-10-03 06:40:25,881] Trial 176 finished with value: 0.27336251727817834 and parameters: {'model_name': 'VAE', 'batch_size': 3, 'iterations': 31, 'learning_rate': 0.0018397439532347227, 'p_miss': 0.2699500971602499}. Best is trial 154 with value: 0.2684198114591628.
running
[I 2024-10-03 06:41:02,997] Trial 175 finished with value: 0.2761230075141849 and parameters: {'model_name': 'VAE', 'batch_size': 3, 'iterations': 57, 'learning_rate': 0.001565061664608046, 'p_miss': 0.2700497267443529}. Best is trial 154 with value: 0.2684198114591628.
running
[I 2024-10-03 06:41:35,356] Trial 178 finished with value: 0.277217273773731 and parameters: {'model_name': 'VAE', 'batch_size': 4, 'iterations': 23, 'learning_rate': 0.0014937689565774313, 'p_miss': 0.2793852560014771}. Best is trial 154 with value: 0.2684198114591628.
running
[I 2024-10-03 06:44:32,387] Trial 179 finished with value: 0.27485968089138957 and parameters: {'model_name': 'VAE', 'batch_size': 4, 'iterations': 63, 'learning_rate': 0.0022503305398551814, 'p_miss': 0.2861320596467467}. Best is trial 154 with value: 0.2684198114591628.
running
[I 2024-10-03 06:46:51,909] Trial 181 finished with value: 0.27374286722415175 and parameters: {'model_name': 'VAE', 'batch_size': 5, 'iterations': 49, 'learning_rate': 0.0012325965071599662, 'p_miss': 0.2514237412470643}. Best is trial 154 with value: 0.2684198114591628.
running
[I 2024-10-03 06:47:05,299] Trial 180 finished with value: 0.2772303830110376 and parameters: {'model_name': 'VAE', 'batch_size': 5, 'iterations': 89, 'learning_rate': 0.0010766011070663239, 'p_miss': 0.1267479707121191}. Best is trial 154 with value: 0.2684198114591628.
running
[I 2024-10-03 06:48:43,502] Trial 183 finished with value: 0.27646620908060904 and parameters: {'model_name': 'VAE', 'batch_size': 4, 'iterations': 23, 'learning_rate': 0.0013637486959424542, 'p_miss': 0.2931873048691505}. Best is trial 154 with value: 0.2684198114591628.
running
[I 2024-10-03 06:48:55,983] Trial 184 finished with value: 0.2917962503179373 and parameters: {'model_name': 'KNNImputer', 'n_neighbors': 6161, 'weights': 'uniform'}. Best is trial 154 with value: 0.2684198114591628.
running
[I 2024-10-03 06:49:17,917] Trial 182 finished with value: 0.2693639667957532 and parameters: {'model_name': 'VAE', 'batch_size': 4, 'iterations': 38, 'learning_rate': 0.0020842708374402205, 'p_miss': 0.2949282787291306}. Best is trial 154 with value: 0.2684198114591628.
running
[I 2024-10-03 06:49:53,928] Trial 185 finished with value: 0.2739735036562881 and parameters: {'model_name': 'VAE', 'batch_size': 2, 'iterations': 17, 'learning_rate': 0.0022506793803430264, 'p_miss': 0.27733381864229073}. Best is trial 154 with value: 0.2684198114591628.
running
[I 2024-10-03 06:51:00,818] Trial 186 finished with value: 0.27175347692532326 and parameters: {'model_name': 'VAE', 'batch_size': 2, 'iterations': 38, 'learning_rate': 0.00198493872946578, 'p_miss': 0.2875356925048935}. Best is trial 154 with value: 0.2684198114591628.
running
[I 2024-10-03 06:52:32,983] Trial 187 finished with value: 0.27138637743333843 and parameters: {'model_name': 'VAE', 'batch_size': 3, 'iterations': 40, 'learning_rate': 0.001526993249427718, 'p_miss': 0.28703991100230425}. Best is trial 154 with value: 0.2684198114591628.
running
[I 2024-10-03 06:52:40,456] Trial 188 finished with value: 0.2704116729130581 and parameters: {'model_name': 'VAE', 'batch_size': 3, 'iterations': 37, 'learning_rate': 0.0015511990631320413, 'p_miss': 0.29373444577413443}. Best is trial 154 with value: 0.2684198114591628.
running
[I 2024-10-03 06:54:53,750] Trial 190 finished with value: 0.27369086211691407 and parameters: {'model_name': 'VAE', 'batch_size': 3, 'iterations': 44, 'learning_rate': 0.002063763860115234, 'p_miss': 0.29236826712541925}. Best is trial 154 with value: 0.2684198114591628.
running
[I 2024-10-03 06:55:12,252] Trial 189 finished with value: 0.2724210482643111 and parameters: {'model_name': 'VAE', 'batch_size': 2, 'iterations': 43, 'learning_rate': 0.0008698769728039767, 'p_miss': 0.29500528107942964}. Best is trial 154 with value: 0.2684198114591628.
running
[I 2024-10-03 06:57:16,275] Trial 191 finished with value: 0.2711086632768729 and parameters: {'model_name': 'VAE', 'batch_size': 2, 'iterations': 38, 'learning_rate': 0.0015741682518574782, 'p_miss': 0.12053614894436943}. Best is trial 154 with value: 0.2684198114591628.
running
[I 2024-10-03 06:59:24,134] Trial 193 finished with value: 0.2762763195232655 and parameters: {'model_name': 'VAE', 'batch_size': 2, 'iterations': 77, 'learning_rate': 0.0009102598665069369, 'p_miss': 0.29358220468300156}. Best is trial 154 with value: 0.2684198114591628.
running
[I 2024-10-03 06:59:51,881] Trial 192 finished with value: 0.2744278631458659 and parameters: {'model_name': 'VAE', 'batch_size': 2, 'iterations': 77, 'learning_rate': 0.0007864658411913342, 'p_miss': 0.2881364755238615}. Best is trial 154 with value: 0.2684198114591628.
running
[I 2024-10-03 07:01:20,053] Trial 194 finished with value: 0.27446155423797514 and parameters: {'model_name': 'VAE', 'batch_size': 2, 'iterations': 37, 'learning_rate': 0.0007072796451434437, 'p_miss': 0.28867811346171274}. Best is trial 154 with value: 0.2684198114591628.
running
[I 2024-10-03 07:02:36,345] Trial 195 finished with value: 0.2741686616073996 and parameters: {'model_name': 'VAE', 'batch_size': 2, 'iterations': 38, 'learning_rate': 0.0011445883835680113, 'p_miss': 0.24479470554005925}. Best is trial 154 with value: 0.2684198114591628.
running
[I 2024-10-03 07:04:38,921] Trial 196 finished with value: 0.27166858338429895 and parameters: {'model_name': 'VAE', 'batch_size': 3, 'iterations': 56, 'learning_rate': 0.001513607784562854, 'p_miss': 0.11665444272307839}. Best is trial 154 with value: 0.2684198114591628.
running
[I 2024-10-03 07:06:25,957] Trial 197 finished with value: 0.27324098744094405 and parameters: {'model_name': 'VAE', 'batch_size': 4, 'iterations': 53, 'learning_rate': 0.0014970103156133154, 'p_miss': 0.11698421980977}. Best is trial 154 with value: 0.2684198114591628.
running
[I 2024-10-03 07:07:40,360] Trial 198 finished with value: 0.27074946924822274 and parameters: {'model_name': 'VAE', 'batch_size': 3, 'iterations': 55, 'learning_rate': 0.0014192430485009287, 'p_miss': 0.2637056418359906}. Best is trial 154 with value: 0.2684198114591628.
[I 2024-10-03 07:08:29,260] Trial 37 finished with value: 0.33932293985709483 and parameters: {'model_name': 'VAE', 'batch_size': 1, 'iterations': 3272, 'learning_rate': 0.0005062390288160671, 'p_miss': 0.11153694066991292}. Best is trial 154 with value: 0.2684198114591628.
[I 2024-10-03 07:09:18,420] Trial 199 finished with value: 0.2712925318065452 and parameters: {'model_name': 'VAE', 'batch_size': 3, 'iterations': 49, 'learning_rate': 0.0013696821507689666, 'p_miss': 0.10708065006831408}. Best is trial 154 with value: 0.2684198114591628.
[I 2024-10-03 07:17:40,391] Trial 31 finished with value: 0.352126604655688 and parameters: {'model_name': 'VAE', 'batch_size': 1, 'iterations': 3359, 'learning_rate': 0.0006903306369922236, 'p_miss': 0.09362985914553211}. Best is trial 154 with value: 0.2684198114591628.
[I 2024-10-03 08:01:35,582] Trial 9 finished with value: 0.2971930464074348 and parameters: {'model_name': 'VAE', 'batch_size': 11, 'iterations': 4492, 'learning_rate': 0.0009568257440670311, 'p_miss': 0.2916080341540405}. Best is trial 154 with value: 0.2684198114591628.
[I 2024-10-03 10:01:33,319] Trial 29 finished with value: 0.35150619118592913 and parameters: {'model_name': 'VAE', 'batch_size': 1, 'iterations': 8789, 'learning_rate': 0.0005165452406379202, 'p_miss': 0.06996296715492106}. Best is trial 154 with value: 0.2684198114591628.
[I 2024-10-03 10:34:41,953] Trial 132 finished with value: 0.28740546206860323 and parameters: {'model_name': 'VAE', 'batch_size': 8, 'iterations': 7327, 'learning_rate': 0.01737112200573154, 'p_miss': 0.13797087622806842}. Best is trial 154 with value: 0.2684198114591628.
[I 2024-10-03 10:37:43,461] Trial 30 finished with value: 0.35115109413496437 and parameters: {'model_name': 'VAE', 'batch_size': 1, 'iterations': 9325, 'learning_rate': 0.0006944717908839991, 'p_miss': 0.06825764662176123}. Best is trial 154 with value: 0.2684198114591628.
[I 2024-10-03 10:43:48,815] Trial 117 finished with value: 0.3028317541332745 and parameters: {'model_name': 'VAE', 'batch_size': 7, 'iterations': 7831, 'learning_rate': 0.007095108325345275, 'p_miss': 0.24475657539265316}. Best is trial 154 with value: 0.2684198114591628.
[I 2024-10-03 10:43:56,364] Trial 162 finished with value: 0.3248531604281026 and parameters: {'model_name': 'VAE', 'batch_size': 3, 'iterations': 6471, 'learning_rate': 0.003225010604680317, 'p_miss': 0.2766951641968646}. Best is trial 154 with value: 0.2684198114591628.
[I 2024-10-03 10:46:15,077] Trial 128 finished with value: 0.3025486770375829 and parameters: {'model_name': 'VAE', 'batch_size': 6, 'iterations': 8844, 'learning_rate': 0.009670881906836333, 'p_miss': 0.29311139855823615}. Best is trial 154 with value: 0.2684198114591628.
[I 2024-10-03 10:48:57,072] Trial 147 finished with value: 0.2958860246213593 and parameters: {'model_name': 'VAE', 'batch_size': 9, 'iterations': 7956, 'learning_rate': 0.006601723999031947, 'p_miss': 0.27490080925578697}. Best is trial 154 with value: 0.2684198114591628.
[I 2024-10-03 10:48:58,733] Trial 143 finished with value: 0.30419852163060185 and parameters: {'model_name': 'VAE', 'batch_size': 5, 'iterations': 7573, 'learning_rate': 0.013207463743947077, 'p_miss': 0.09517259165675337}. Best is trial 154 with value: 0.2684198114591628.
[I 2024-10-03 10:49:24,294] Trial 148 finished with value: 0.29861439985127597 and parameters: {'model_name': 'VAE', 'batch_size': 9, 'iterations': 8513, 'learning_rate': 0.006731318266145115, 'p_miss': 0.2705151386756548}. Best is trial 154 with value: 0.2684198114591628.
[I 2024-10-03 10:50:08,790] Trial 101 finished with value: 0.29732461793092013 and parameters: {'model_name': 'VAE', 'batch_size': 15, 'iterations': 9650, 'learning_rate': 0.020578730929918305, 'p_miss': 0.2961724719910755}. Best is trial 154 with value: 0.2684198114591628.
[I 2024-10-03 10:51:27,008] Trial 177 finished with value: 0.3105600689461966 and parameters: {'model_name': 'VAE', 'batch_size': 4, 'iterations': 9742, 'learning_rate': 0.0013562674523932886, 'p_miss': 0.287253226511208}. Best is trial 154 with value: 0.2684198114591628.
fit
auto fit
auto transform
0     0
1     0
2     0
3     0
4     0
5     0
6     0
7     0
8     0
9     0
10    0
11    0
12    0
13    0
dtype: int64
0     0
1     0
2     0
3     0
4     0
5     0
6     0
7     0
8     0
9     0
10    0
11    0
12    0
13    0
dtype: int64
0.2684198114591628
{'model_name': 'VAE', 'batch_size': 4, 'iterations': 14, 'learning_rate': 0.0036461944562913265, 'p_miss': 0.2867981382006393}
running experiment 2/3 - Does reconstruction give good automl predictions
Start est fit
Version 0.1.7a0 of tpot2 is outdated. Version 0.1.8a0 was released Tuesday September 17, 2024.
Version 0.1.7a0 of tpot2 is outdated. Version 0.1.8a0 was released Tuesday September 17, 2024.
Version 0.1.7a0 of tpot2 is outdated. Version 0.1.8a0 was released Tuesday September 17, 2024.
Version 0.1.7a0 of tpot2 is outdated. Version 0.1.8a0 was released Tuesday September 17, 2024.
Version 0.1.7a0 of tpot2 is outdated. Version 0.1.8a0 was released Tuesday September 17, 2024.
Version 0.1.7a0 of tpot2 is outdated. Version 0.1.8a0 was released Tuesday September 17, 2024.
Version 0.1.7a0 of tpot2 is outdated. Version 0.1.8a0 was released Tuesday September 17, 2024.
Version 0.1.7a0 of tpot2 is outdated. Version 0.1.8a0 was released Tuesday September 17, 2024.
Version 0.1.7a0 of tpot2 is outdated. Version 0.1.8a0 was released Tuesday September 17, 2024.
Version 0.1.7a0 of tpot2 is outdated. Version 0.1.8a0 was released Tuesday September 17, 2024.
Version 0.1.7a0 of tpot2 is outdated. Version 0.1.8a0 was released Tuesday September 17, 2024.
Version 0.1.7a0 of tpot2 is outdated. Version 0.1.8a0 was released Tuesday September 17, 2024.
Version 0.1.7a0 of tpot2 is outdated. Version 0.1.8a0 was released Tuesday September 17, 2024.
Version 0.1.7a0 of tpot2 is outdated. Version 0.1.8a0 was released Tuesday September 17, 2024.
Version 0.1.7a0 of tpot2 is outdated. Version 0.1.8a0 was released Tuesday September 17, 2024.
Version 0.1.7a0 of tpot2 is outdated. Version 0.1.8a0 was released Tuesday September 17, 2024.
  0%|          | 0/25 [00:00<?, ?it/s]Generation:   0%|          | 0/25 [00:00<?, ?it/s]WARNING THIS INDIVIDUAL CAUSED AND EXCEPTION 
 <tpot2.search_spaces.pipelines.sequential.SequentialPipelineIndividual object at 0x1554746a5210> 
 The 'criterion' parameter of ExtraTreesRegressor must be a str among {'friedman_mse', 'poisson', 'absolute_error', 'squared_error'}. Got 'mae' instead. 
 Traceback (most recent call last):
  File "/common/ketrong/tpotexp/tpot2/tpot2/utils/eval_utils.py", line 53, in objective_nan_wrapper
    value = func_timeout.func_timeout(timeout, objective_function, args=[individual], kwargs=objective_kwargs)
  File "/common/ketrong/tpotexp/env/lib/python3.10/site-packages/func_timeout/dafunc.py", line 108, in func_timeout
    raise_exception(exception)
  File "/common/ketrong/tpotexp/env/lib/python3.10/site-packages/func_timeout/py3_raise.py", line 7, in raise_exception
    raise exception[0] from None
  File "/common/ketrong/tpotexp/tpot2/tpot2/tpot_estimator/estimator.py", line 623, in objective_function
    return objective_function_generator(
  File "/common/ketrong/tpotexp/tpot2/tpot2/tpot_estimator/estimator_utils.py", line 55, in objective_function_generator
    cv_obj_scores = cross_val_score_objective(sklearn.base.clone(pipeline),x,y,scorers=scorers, cv=cv , fold=step)
  File "/common/ketrong/tpotexp/tpot2/tpot2/tpot_estimator/cross_val_utils.py", line 28, in cross_val_score_objective
    this_fold_pipeline.fit(X_train,y_train)
  File "/common/ketrong/tpotexp/env/lib/python3.10/site-packages/sklearn/base.py", line 1473, in wrapper
    return fit_method(estimator, *args, **kwargs)
  File "/common/ketrong/tpotexp/env/lib/python3.10/site-packages/sklearn/pipeline.py", line 473, in fit
    self._final_estimator.fit(Xt, y, **last_step_params["fit"])
  File "/common/ketrong/tpotexp/env/lib/python3.10/site-packages/sklearn/base.py", line 1466, in wrapper
    estimator._validate_params()
  File "/common/ketrong/tpotexp/env/lib/python3.10/site-packages/sklearn/base.py", line 666, in _validate_params
    validate_parameter_constraints(
  File "/common/ketrong/tpotexp/env/lib/python3.10/site-packages/sklearn/utils/_param_validation.py", line 95, in validate_parameter_constraints
    raise InvalidParameterError(
sklearn.utils._param_validation.InvalidParameterError: The 'criterion' parameter of ExtraTreesRegressor must be a str among {'friedman_mse', 'poisson', 'absolute_error', 'squared_error'}. Got 'mae' instead.

WARNING THIS INDIVIDUAL CAUSED AND EXCEPTION 
 <tpot2.search_spaces.pipelines.sequential.SequentialPipelineIndividual object at 0x1554746f8490> 
 The 'criterion' parameter of RandomForestRegressor must be a str among {'friedman_mse', 'poisson', 'absolute_error', 'squared_error'}. Got 'mse' instead. 
 Traceback (most recent call last):
  File "/common/ketrong/tpotexp/tpot2/tpot2/utils/eval_utils.py", line 53, in objective_nan_wrapper
    value = func_timeout.func_timeout(timeout, objective_function, args=[individual], kwargs=objective_kwargs)
  File "/common/ketrong/tpotexp/env/lib/python3.10/site-packages/func_timeout/dafunc.py", line 108, in func_timeout
    raise_exception(exception)
  File "/common/ketrong/tpotexp/env/lib/python3.10/site-packages/func_timeout/py3_raise.py", line 7, in raise_exception
    raise exception[0] from None
  File "/common/ketrong/tpotexp/tpot2/tpot2/tpot_estimator/estimator.py", line 623, in objective_function
    return objective_function_generator(
  File "/common/ketrong/tpotexp/tpot2/tpot2/tpot_estimator/estimator_utils.py", line 55, in objective_function_generator
    cv_obj_scores = cross_val_score_objective(sklearn.base.clone(pipeline),x,y,scorers=scorers, cv=cv , fold=step)
  File "/common/ketrong/tpotexp/tpot2/tpot2/tpot_estimator/cross_val_utils.py", line 28, in cross_val_score_objective
    this_fold_pipeline.fit(X_train,y_train)
  File "/common/ketrong/tpotexp/env/lib/python3.10/site-packages/sklearn/base.py", line 1473, in wrapper
    return fit_method(estimator, *args, **kwargs)
  File "/common/ketrong/tpotexp/env/lib/python3.10/site-packages/sklearn/pipeline.py", line 473, in fit
    self._final_estimator.fit(Xt, y, **last_step_params["fit"])
  File "/common/ketrong/tpotexp/env/lib/python3.10/site-packages/sklearn/base.py", line 1466, in wrapper
    estimator._validate_params()
  File "/common/ketrong/tpotexp/env/lib/python3.10/site-packages/sklearn/base.py", line 666, in _validate_params
    validate_parameter_constraints(
  File "/common/ketrong/tpotexp/env/lib/python3.10/site-packages/sklearn/utils/_param_validation.py", line 95, in validate_parameter_constraints
    raise InvalidParameterError(
sklearn.utils._param_validation.InvalidParameterError: The 'criterion' parameter of RandomForestRegressor must be a str among {'friedman_mse', 'poisson', 'absolute_error', 'squared_error'}. Got 'mse' instead.

WARNING THIS INDIVIDUAL CAUSED AND EXCEPTION 
 <tpot2.search_spaces.pipelines.sequential.SequentialPipelineIndividual object at 0x1554746a8eb0> 
 The 'criterion' parameter of RandomForestRegressor must be a str among {'friedman_mse', 'poisson', 'absolute_error', 'squared_error'}. Got 'mae' instead. 
 Traceback (most recent call last):
  File "/common/ketrong/tpotexp/tpot2/tpot2/utils/eval_utils.py", line 53, in objective_nan_wrapper
    value = func_timeout.func_timeout(timeout, objective_function, args=[individual], kwargs=objective_kwargs)
  File "/common/ketrong/tpotexp/env/lib/python3.10/site-packages/func_timeout/dafunc.py", line 108, in func_timeout
    raise_exception(exception)
  File "/common/ketrong/tpotexp/env/lib/python3.10/site-packages/func_timeout/py3_raise.py", line 7, in raise_exception
    raise exception[0] from None
  File "/common/ketrong/tpotexp/tpot2/tpot2/tpot_estimator/estimator.py", line 623, in objective_function
    return objective_function_generator(
  File "/common/ketrong/tpotexp/tpot2/tpot2/tpot_estimator/estimator_utils.py", line 55, in objective_function_generator
    cv_obj_scores = cross_val_score_objective(sklearn.base.clone(pipeline),x,y,scorers=scorers, cv=cv , fold=step)
  File "/common/ketrong/tpotexp/tpot2/tpot2/tpot_estimator/cross_val_utils.py", line 28, in cross_val_score_objective
    this_fold_pipeline.fit(X_train,y_train)
  File "/common/ketrong/tpotexp/env/lib/python3.10/site-packages/sklearn/base.py", line 1473, in wrapper
    return fit_method(estimator, *args, **kwargs)
  File "/common/ketrong/tpotexp/env/lib/python3.10/site-packages/sklearn/pipeline.py", line 473, in fit
    self._final_estimator.fit(Xt, y, **last_step_params["fit"])
  File "/common/ketrong/tpotexp/env/lib/python3.10/site-packages/sklearn/base.py", line 1466, in wrapper
    estimator._validate_params()
  File "/common/ketrong/tpotexp/env/lib/python3.10/site-packages/sklearn/base.py", line 666, in _validate_params
    validate_parameter_constraints(
  File "/common/ketrong/tpotexp/env/lib/python3.10/site-packages/sklearn/utils/_param_validation.py", line 95, in validate_parameter_constraints
    raise InvalidParameterError(
sklearn.utils._param_validation.InvalidParameterError: The 'criterion' parameter of RandomForestRegressor must be a str among {'friedman_mse', 'poisson', 'absolute_error', 'squared_error'}. Got 'mae' instead.

WARNING THIS INDIVIDUAL CAUSED AND EXCEPTION 
 <tpot2.search_spaces.pipelines.sequential.SequentialPipelineIndividual object at 0x155474723c10> 
 The 'criterion' parameter of RandomForestRegressor must be a str among {'friedman_mse', 'poisson', 'absolute_error', 'squared_error'}. Got 'mae' instead. 
 Traceback (most recent call last):
  File "/common/ketrong/tpotexp/tpot2/tpot2/utils/eval_utils.py", line 53, in objective_nan_wrapper
    value = func_timeout.func_timeout(timeout, objective_function, args=[individual], kwargs=objective_kwargs)
  File "/common/ketrong/tpotexp/env/lib/python3.10/site-packages/func_timeout/dafunc.py", line 108, in func_timeout
    raise_exception(exception)
  File "/common/ketrong/tpotexp/env/lib/python3.10/site-packages/func_timeout/py3_raise.py", line 7, in raise_exception
    raise exception[0] from None
  File "/common/ketrong/tpotexp/tpot2/tpot2/tpot_estimator/estimator.py", line 623, in objective_function
    return objective_function_generator(
  File "/common/ketrong/tpotexp/tpot2/tpot2/tpot_estimator/estimator_utils.py", line 55, in objective_function_generator
    cv_obj_scores = cross_val_score_objective(sklearn.base.clone(pipeline),x,y,scorers=scorers, cv=cv , fold=step)
  File "/common/ketrong/tpotexp/tpot2/tpot2/tpot_estimator/cross_val_utils.py", line 28, in cross_val_score_objective
    this_fold_pipeline.fit(X_train,y_train)
  File "/common/ketrong/tpotexp/env/lib/python3.10/site-packages/sklearn/base.py", line 1473, in wrapper
    return fit_method(estimator, *args, **kwargs)
  File "/common/ketrong/tpotexp/env/lib/python3.10/site-packages/sklearn/pipeline.py", line 473, in fit
    self._final_estimator.fit(Xt, y, **last_step_params["fit"])
  File "/common/ketrong/tpotexp/env/lib/python3.10/site-packages/sklearn/base.py", line 1466, in wrapper
    estimator._validate_params()
  File "/common/ketrong/tpotexp/env/lib/python3.10/site-packages/sklearn/base.py", line 666, in _validate_params
    validate_parameter_constraints(
  File "/common/ketrong/tpotexp/env/lib/python3.10/site-packages/sklearn/utils/_param_validation.py", line 95, in validate_parameter_constraints
    raise InvalidParameterError(
sklearn.utils._param_validation.InvalidParameterError: The 'criterion' parameter of RandomForestRegressor must be a str among {'friedman_mse', 'poisson', 'absolute_error', 'squared_error'}. Got 'mae' instead.

Generation:  1
Best root_mean_squared_error score: -1.5756608963012695
Generation:   4%|         | 1/25 [00:28<11:33, 28.90s/it]WARNING THIS INDIVIDUAL CAUSED AND EXCEPTION 
 <tpot2.search_spaces.pipelines.sequential.SequentialPipelineIndividual object at 0x15547470f3d0> 
 The 'criterion' parameter of RandomForestRegressor must be a str among {'friedman_mse', 'poisson', 'absolute_error', 'squared_error'}. Got 'mse' instead. 
 Traceback (most recent call last):
  File "/common/ketrong/tpotexp/tpot2/tpot2/utils/eval_utils.py", line 53, in objective_nan_wrapper
    value = func_timeout.func_timeout(timeout, objective_function, args=[individual], kwargs=objective_kwargs)
  File "/common/ketrong/tpotexp/env/lib/python3.10/site-packages/func_timeout/dafunc.py", line 108, in func_timeout
    raise_exception(exception)
  File "/common/ketrong/tpotexp/env/lib/python3.10/site-packages/func_timeout/py3_raise.py", line 7, in raise_exception
    raise exception[0] from None
  File "/common/ketrong/tpotexp/tpot2/tpot2/tpot_estimator/estimator.py", line 623, in objective_function
    return objective_function_generator(
  File "/common/ketrong/tpotexp/tpot2/tpot2/tpot_estimator/estimator_utils.py", line 55, in objective_function_generator
    cv_obj_scores = cross_val_score_objective(sklearn.base.clone(pipeline),x,y,scorers=scorers, cv=cv , fold=step)
  File "/common/ketrong/tpotexp/tpot2/tpot2/tpot_estimator/cross_val_utils.py", line 28, in cross_val_score_objective
    this_fold_pipeline.fit(X_train,y_train)
  File "/common/ketrong/tpotexp/env/lib/python3.10/site-packages/sklearn/base.py", line 1473, in wrapper
    return fit_method(estimator, *args, **kwargs)
  File "/common/ketrong/tpotexp/env/lib/python3.10/site-packages/sklearn/pipeline.py", line 473, in fit
    self._final_estimator.fit(Xt, y, **last_step_params["fit"])
  File "/common/ketrong/tpotexp/env/lib/python3.10/site-packages/sklearn/base.py", line 1466, in wrapper
    estimator._validate_params()
  File "/common/ketrong/tpotexp/env/lib/python3.10/site-packages/sklearn/base.py", line 666, in _validate_params
    validate_parameter_constraints(
  File "/common/ketrong/tpotexp/env/lib/python3.10/site-packages/sklearn/utils/_param_validation.py", line 95, in validate_parameter_constraints
    raise InvalidParameterError(
sklearn.utils._param_validation.InvalidParameterError: The 'criterion' parameter of RandomForestRegressor must be a str among {'friedman_mse', 'poisson', 'absolute_error', 'squared_error'}. Got 'mse' instead.

WARNING THIS INDIVIDUAL CAUSED AND EXCEPTION 
 <tpot2.search_spaces.pipelines.sequential.SequentialPipelineIndividual object at 0x1554747326e0> 
 The 'criterion' parameter of RandomForestRegressor must be a str among {'friedman_mse', 'poisson', 'absolute_error', 'squared_error'}. Got 'mae' instead. 
 Traceback (most recent call last):
  File "/common/ketrong/tpotexp/tpot2/tpot2/utils/eval_utils.py", line 53, in objective_nan_wrapper
    value = func_timeout.func_timeout(timeout, objective_function, args=[individual], kwargs=objective_kwargs)
  File "/common/ketrong/tpotexp/env/lib/python3.10/site-packages/func_timeout/dafunc.py", line 108, in func_timeout
    raise_exception(exception)
  File "/common/ketrong/tpotexp/env/lib/python3.10/site-packages/func_timeout/py3_raise.py", line 7, in raise_exception
    raise exception[0] from None
  File "/common/ketrong/tpotexp/tpot2/tpot2/tpot_estimator/estimator.py", line 623, in objective_function
    return objective_function_generator(
  File "/common/ketrong/tpotexp/tpot2/tpot2/tpot_estimator/estimator_utils.py", line 55, in objective_function_generator
    cv_obj_scores = cross_val_score_objective(sklearn.base.clone(pipeline),x,y,scorers=scorers, cv=cv , fold=step)
  File "/common/ketrong/tpotexp/tpot2/tpot2/tpot_estimator/cross_val_utils.py", line 28, in cross_val_score_objective
    this_fold_pipeline.fit(X_train,y_train)
  File "/common/ketrong/tpotexp/env/lib/python3.10/site-packages/sklearn/base.py", line 1473, in wrapper
    return fit_method(estimator, *args, **kwargs)
  File "/common/ketrong/tpotexp/env/lib/python3.10/site-packages/sklearn/pipeline.py", line 473, in fit
    self._final_estimator.fit(Xt, y, **last_step_params["fit"])
  File "/common/ketrong/tpotexp/env/lib/python3.10/site-packages/sklearn/base.py", line 1466, in wrapper
    estimator._validate_params()
  File "/common/ketrong/tpotexp/env/lib/python3.10/site-packages/sklearn/base.py", line 666, in _validate_params
    validate_parameter_constraints(
  File "/common/ketrong/tpotexp/env/lib/python3.10/site-packages/sklearn/utils/_param_validation.py", line 95, in validate_parameter_constraints
    raise InvalidParameterError(
sklearn.utils._param_validation.InvalidParameterError: The 'criterion' parameter of RandomForestRegressor must be a str among {'friedman_mse', 'poisson', 'absolute_error', 'squared_error'}. Got 'mae' instead.

Generation:  2
Best root_mean_squared_error score: -1.5756608963012695
Generation:   8%|         | 2/25 [00:55<10:39, 27.81s/it]WARNING THIS INDIVIDUAL CAUSED AND EXCEPTION 
 <tpot2.search_spaces.pipelines.sequential.SequentialPipelineIndividual object at 0x155467b72950> 
 The 'criterion' parameter of DecisionTreeRegressor must be a str among {'friedman_mse', 'poisson', 'absolute_error', 'squared_error'}. Got 'mae' instead. 
 Traceback (most recent call last):
  File "/common/ketrong/tpotexp/tpot2/tpot2/utils/eval_utils.py", line 53, in objective_nan_wrapper
    value = func_timeout.func_timeout(timeout, objective_function, args=[individual], kwargs=objective_kwargs)
  File "/common/ketrong/tpotexp/env/lib/python3.10/site-packages/func_timeout/dafunc.py", line 108, in func_timeout
    raise_exception(exception)
  File "/common/ketrong/tpotexp/env/lib/python3.10/site-packages/func_timeout/py3_raise.py", line 7, in raise_exception
    raise exception[0] from None
  File "/common/ketrong/tpotexp/tpot2/tpot2/tpot_estimator/estimator.py", line 623, in objective_function
    return objective_function_generator(
  File "/common/ketrong/tpotexp/tpot2/tpot2/tpot_estimator/estimator_utils.py", line 55, in objective_function_generator
    cv_obj_scores = cross_val_score_objective(sklearn.base.clone(pipeline),x,y,scorers=scorers, cv=cv , fold=step)
  File "/common/ketrong/tpotexp/tpot2/tpot2/tpot_estimator/cross_val_utils.py", line 28, in cross_val_score_objective
    this_fold_pipeline.fit(X_train,y_train)
  File "/common/ketrong/tpotexp/env/lib/python3.10/site-packages/sklearn/base.py", line 1473, in wrapper
    return fit_method(estimator, *args, **kwargs)
  File "/common/ketrong/tpotexp/env/lib/python3.10/site-packages/sklearn/pipeline.py", line 473, in fit
    self._final_estimator.fit(Xt, y, **last_step_params["fit"])
  File "/common/ketrong/tpotexp/env/lib/python3.10/site-packages/sklearn/base.py", line 1466, in wrapper
    estimator._validate_params()
  File "/common/ketrong/tpotexp/env/lib/python3.10/site-packages/sklearn/base.py", line 666, in _validate_params
    validate_parameter_constraints(
  File "/common/ketrong/tpotexp/env/lib/python3.10/site-packages/sklearn/utils/_param_validation.py", line 95, in validate_parameter_constraints
    raise InvalidParameterError(
sklearn.utils._param_validation.InvalidParameterError: The 'criterion' parameter of DecisionTreeRegressor must be a str among {'friedman_mse', 'poisson', 'absolute_error', 'squared_error'}. Got 'mae' instead.

WARNING THIS INDIVIDUAL CAUSED AND EXCEPTION 
 <tpot2.search_spaces.pipelines.sequential.SequentialPipelineIndividual object at 0x1554747033a0> 
 The 'criterion' parameter of DecisionTreeRegressor must be a str among {'friedman_mse', 'poisson', 'absolute_error', 'squared_error'}. Got 'mae' instead. 
 Traceback (most recent call last):
  File "/common/ketrong/tpotexp/tpot2/tpot2/utils/eval_utils.py", line 53, in objective_nan_wrapper
    value = func_timeout.func_timeout(timeout, objective_function, args=[individual], kwargs=objective_kwargs)
  File "/common/ketrong/tpotexp/env/lib/python3.10/site-packages/func_timeout/dafunc.py", line 108, in func_timeout
    raise_exception(exception)
  File "/common/ketrong/tpotexp/env/lib/python3.10/site-packages/func_timeout/py3_raise.py", line 7, in raise_exception
    raise exception[0] from None
  File "/common/ketrong/tpotexp/tpot2/tpot2/tpot_estimator/estimator.py", line 623, in objective_function
    return objective_function_generator(
  File "/common/ketrong/tpotexp/tpot2/tpot2/tpot_estimator/estimator_utils.py", line 55, in objective_function_generator
    cv_obj_scores = cross_val_score_objective(sklearn.base.clone(pipeline),x,y,scorers=scorers, cv=cv , fold=step)
  File "/common/ketrong/tpotexp/tpot2/tpot2/tpot_estimator/cross_val_utils.py", line 28, in cross_val_score_objective
    this_fold_pipeline.fit(X_train,y_train)
  File "/common/ketrong/tpotexp/env/lib/python3.10/site-packages/sklearn/base.py", line 1473, in wrapper
    return fit_method(estimator, *args, **kwargs)
  File "/common/ketrong/tpotexp/env/lib/python3.10/site-packages/sklearn/pipeline.py", line 473, in fit
    self._final_estimator.fit(Xt, y, **last_step_params["fit"])
  File "/common/ketrong/tpotexp/env/lib/python3.10/site-packages/sklearn/base.py", line 1466, in wrapper
    estimator._validate_params()
  File "/common/ketrong/tpotexp/env/lib/python3.10/site-packages/sklearn/base.py", line 666, in _validate_params
    validate_parameter_constraints(
  File "/common/ketrong/tpotexp/env/lib/python3.10/site-packages/sklearn/utils/_param_validation.py", line 95, in validate_parameter_constraints
    raise InvalidParameterError(
sklearn.utils._param_validation.InvalidParameterError: The 'criterion' parameter of DecisionTreeRegressor must be a str among {'friedman_mse', 'poisson', 'absolute_error', 'squared_error'}. Got 'mae' instead.

Generation:  3
Best root_mean_squared_error score: -1.575640606880188
Generation:  12%|        | 3/25 [02:07<17:26, 47.58s/it]WARNING THIS INDIVIDUAL CAUSED AND EXCEPTION 
 <tpot2.search_spaces.pipelines.sequential.SequentialPipelineIndividual object at 0x155465ad0550> 
 The 'criterion' parameter of RandomForestRegressor must be a str among {'friedman_mse', 'poisson', 'absolute_error', 'squared_error'}. Got 'mae' instead. 
 Traceback (most recent call last):
  File "/common/ketrong/tpotexp/tpot2/tpot2/utils/eval_utils.py", line 53, in objective_nan_wrapper
    value = func_timeout.func_timeout(timeout, objective_function, args=[individual], kwargs=objective_kwargs)
  File "/common/ketrong/tpotexp/env/lib/python3.10/site-packages/func_timeout/dafunc.py", line 108, in func_timeout
    raise_exception(exception)
  File "/common/ketrong/tpotexp/env/lib/python3.10/site-packages/func_timeout/py3_raise.py", line 7, in raise_exception
    raise exception[0] from None
  File "/common/ketrong/tpotexp/tpot2/tpot2/tpot_estimator/estimator.py", line 623, in objective_function
    return objective_function_generator(
  File "/common/ketrong/tpotexp/tpot2/tpot2/tpot_estimator/estimator_utils.py", line 55, in objective_function_generator
    cv_obj_scores = cross_val_score_objective(sklearn.base.clone(pipeline),x,y,scorers=scorers, cv=cv , fold=step)
  File "/common/ketrong/tpotexp/tpot2/tpot2/tpot_estimator/cross_val_utils.py", line 28, in cross_val_score_objective
    this_fold_pipeline.fit(X_train,y_train)
  File "/common/ketrong/tpotexp/env/lib/python3.10/site-packages/sklearn/base.py", line 1473, in wrapper
    return fit_method(estimator, *args, **kwargs)
  File "/common/ketrong/tpotexp/env/lib/python3.10/site-packages/sklearn/pipeline.py", line 473, in fit
    self._final_estimator.fit(Xt, y, **last_step_params["fit"])
  File "/common/ketrong/tpotexp/env/lib/python3.10/site-packages/sklearn/base.py", line 1466, in wrapper
    estimator._validate_params()
  File "/common/ketrong/tpotexp/env/lib/python3.10/site-packages/sklearn/base.py", line 666, in _validate_params
    validate_parameter_constraints(
  File "/common/ketrong/tpotexp/env/lib/python3.10/site-packages/sklearn/utils/_param_validation.py", line 95, in validate_parameter_constraints
    raise InvalidParameterError(
sklearn.utils._param_validation.InvalidParameterError: The 'criterion' parameter of RandomForestRegressor must be a str among {'friedman_mse', 'poisson', 'absolute_error', 'squared_error'}. Got 'mae' instead.

Generation:  4
Best root_mean_squared_error score: -1.575640606880188
Generation:  16%|        | 4/25 [02:40<14:39, 41.88s/it]Generation:  5
Best root_mean_squared_error score: -1.575640606880188
Generation:  20%|        | 5/25 [03:28<14:41, 44.05s/it]Generation:  6
Best root_mean_squared_error score: -1.5756404161453248
Generation:  24%|       | 6/25 [03:58<12:31, 39.57s/it]WARNING THIS INDIVIDUAL CAUSED AND EXCEPTION 
 <tpot2.search_spaces.pipelines.sequential.SequentialPipelineIndividual object at 0x155467895510> 
 The 'criterion' parameter of DecisionTreeRegressor must be a str among {'friedman_mse', 'poisson', 'absolute_error', 'squared_error'}. Got 'mae' instead. 
 Traceback (most recent call last):
  File "/common/ketrong/tpotexp/tpot2/tpot2/utils/eval_utils.py", line 53, in objective_nan_wrapper
    value = func_timeout.func_timeout(timeout, objective_function, args=[individual], kwargs=objective_kwargs)
  File "/common/ketrong/tpotexp/env/lib/python3.10/site-packages/func_timeout/dafunc.py", line 108, in func_timeout
    raise_exception(exception)
  File "/common/ketrong/tpotexp/env/lib/python3.10/site-packages/func_timeout/py3_raise.py", line 7, in raise_exception
    raise exception[0] from None
  File "/common/ketrong/tpotexp/tpot2/tpot2/tpot_estimator/estimator.py", line 623, in objective_function
    return objective_function_generator(
  File "/common/ketrong/tpotexp/tpot2/tpot2/tpot_estimator/estimator_utils.py", line 55, in objective_function_generator
    cv_obj_scores = cross_val_score_objective(sklearn.base.clone(pipeline),x,y,scorers=scorers, cv=cv , fold=step)
  File "/common/ketrong/tpotexp/tpot2/tpot2/tpot_estimator/cross_val_utils.py", line 28, in cross_val_score_objective
    this_fold_pipeline.fit(X_train,y_train)
  File "/common/ketrong/tpotexp/env/lib/python3.10/site-packages/sklearn/base.py", line 1473, in wrapper
    return fit_method(estimator, *args, **kwargs)
  File "/common/ketrong/tpotexp/env/lib/python3.10/site-packages/sklearn/pipeline.py", line 473, in fit
    self._final_estimator.fit(Xt, y, **last_step_params["fit"])
  File "/common/ketrong/tpotexp/env/lib/python3.10/site-packages/sklearn/base.py", line 1466, in wrapper
    estimator._validate_params()
  File "/common/ketrong/tpotexp/env/lib/python3.10/site-packages/sklearn/base.py", line 666, in _validate_params
    validate_parameter_constraints(
  File "/common/ketrong/tpotexp/env/lib/python3.10/site-packages/sklearn/utils/_param_validation.py", line 95, in validate_parameter_constraints
    raise InvalidParameterError(
sklearn.utils._param_validation.InvalidParameterError: The 'criterion' parameter of DecisionTreeRegressor must be a str among {'friedman_mse', 'poisson', 'absolute_error', 'squared_error'}. Got 'mae' instead.

Generation:  7
Best root_mean_squared_error score: -1.5756404161453248
Generation:  28%|       | 7/25 [04:30<11:07, 37.09s/it]WARNING THIS INDIVIDUAL CAUSED AND EXCEPTION 
 <tpot2.search_spaces.pipelines.sequential.SequentialPipelineIndividual object at 0x155467f1a080> 
 The 'criterion' parameter of DecisionTreeRegressor must be a str among {'friedman_mse', 'poisson', 'absolute_error', 'squared_error'}. Got 'mae' instead. 
 Traceback (most recent call last):
  File "/common/ketrong/tpotexp/tpot2/tpot2/utils/eval_utils.py", line 53, in objective_nan_wrapper
    value = func_timeout.func_timeout(timeout, objective_function, args=[individual], kwargs=objective_kwargs)
  File "/common/ketrong/tpotexp/env/lib/python3.10/site-packages/func_timeout/dafunc.py", line 108, in func_timeout
    raise_exception(exception)
  File "/common/ketrong/tpotexp/env/lib/python3.10/site-packages/func_timeout/py3_raise.py", line 7, in raise_exception
    raise exception[0] from None
  File "/common/ketrong/tpotexp/tpot2/tpot2/tpot_estimator/estimator.py", line 623, in objective_function
    return objective_function_generator(
  File "/common/ketrong/tpotexp/tpot2/tpot2/tpot_estimator/estimator_utils.py", line 55, in objective_function_generator
    cv_obj_scores = cross_val_score_objective(sklearn.base.clone(pipeline),x,y,scorers=scorers, cv=cv , fold=step)
  File "/common/ketrong/tpotexp/tpot2/tpot2/tpot_estimator/cross_val_utils.py", line 28, in cross_val_score_objective
    this_fold_pipeline.fit(X_train,y_train)
  File "/common/ketrong/tpotexp/env/lib/python3.10/site-packages/sklearn/base.py", line 1473, in wrapper
    return fit_method(estimator, *args, **kwargs)
  File "/common/ketrong/tpotexp/env/lib/python3.10/site-packages/sklearn/pipeline.py", line 473, in fit
    self._final_estimator.fit(Xt, y, **last_step_params["fit"])
  File "/common/ketrong/tpotexp/env/lib/python3.10/site-packages/sklearn/base.py", line 1466, in wrapper
    estimator._validate_params()
  File "/common/ketrong/tpotexp/env/lib/python3.10/site-packages/sklearn/base.py", line 666, in _validate_params
    validate_parameter_constraints(
  File "/common/ketrong/tpotexp/env/lib/python3.10/site-packages/sklearn/utils/_param_validation.py", line 95, in validate_parameter_constraints
    raise InvalidParameterError(
sklearn.utils._param_validation.InvalidParameterError: The 'criterion' parameter of DecisionTreeRegressor must be a str among {'friedman_mse', 'poisson', 'absolute_error', 'squared_error'}. Got 'mae' instead.

Generation:  8
Best root_mean_squared_error score: -1.5756404161453248
Generation:  32%|      | 8/25 [05:30<12:31, 44.21s/it]WARNING THIS INDIVIDUAL CAUSED AND EXCEPTION 
 <tpot2.search_spaces.pipelines.sequential.SequentialPipelineIndividual object at 0x155465b3f010> 
 The 'criterion' parameter of ExtraTreesRegressor must be a str among {'friedman_mse', 'poisson', 'absolute_error', 'squared_error'}. Got 'mae' instead. 
 Traceback (most recent call last):
  File "/common/ketrong/tpotexp/tpot2/tpot2/utils/eval_utils.py", line 53, in objective_nan_wrapper
    value = func_timeout.func_timeout(timeout, objective_function, args=[individual], kwargs=objective_kwargs)
  File "/common/ketrong/tpotexp/env/lib/python3.10/site-packages/func_timeout/dafunc.py", line 108, in func_timeout
    raise_exception(exception)
  File "/common/ketrong/tpotexp/env/lib/python3.10/site-packages/func_timeout/py3_raise.py", line 7, in raise_exception
    raise exception[0] from None
  File "/common/ketrong/tpotexp/tpot2/tpot2/tpot_estimator/estimator.py", line 623, in objective_function
    return objective_function_generator(
  File "/common/ketrong/tpotexp/tpot2/tpot2/tpot_estimator/estimator_utils.py", line 55, in objective_function_generator
    cv_obj_scores = cross_val_score_objective(sklearn.base.clone(pipeline),x,y,scorers=scorers, cv=cv , fold=step)
  File "/common/ketrong/tpotexp/tpot2/tpot2/tpot_estimator/cross_val_utils.py", line 28, in cross_val_score_objective
    this_fold_pipeline.fit(X_train,y_train)
  File "/common/ketrong/tpotexp/env/lib/python3.10/site-packages/sklearn/base.py", line 1473, in wrapper
    return fit_method(estimator, *args, **kwargs)
  File "/common/ketrong/tpotexp/env/lib/python3.10/site-packages/sklearn/pipeline.py", line 473, in fit
    self._final_estimator.fit(Xt, y, **last_step_params["fit"])
  File "/common/ketrong/tpotexp/env/lib/python3.10/site-packages/sklearn/base.py", line 1466, in wrapper
    estimator._validate_params()
  File "/common/ketrong/tpotexp/env/lib/python3.10/site-packages/sklearn/base.py", line 666, in _validate_params
    validate_parameter_constraints(
  File "/common/ketrong/tpotexp/env/lib/python3.10/site-packages/sklearn/utils/_param_validation.py", line 95, in validate_parameter_constraints
    raise InvalidParameterError(
sklearn.utils._param_validation.InvalidParameterError: The 'criterion' parameter of ExtraTreesRegressor must be a str among {'friedman_mse', 'poisson', 'absolute_error', 'squared_error'}. Got 'mae' instead.

WARNING THIS INDIVIDUAL CAUSED AND EXCEPTION 
 <tpot2.search_spaces.pipelines.sequential.SequentialPipelineIndividual object at 0x155465ad0d90> 
 The 'criterion' parameter of RandomForestRegressor must be a str among {'friedman_mse', 'poisson', 'absolute_error', 'squared_error'}. Got 'mse' instead. 
 Traceback (most recent call last):
  File "/common/ketrong/tpotexp/tpot2/tpot2/utils/eval_utils.py", line 53, in objective_nan_wrapper
    value = func_timeout.func_timeout(timeout, objective_function, args=[individual], kwargs=objective_kwargs)
  File "/common/ketrong/tpotexp/env/lib/python3.10/site-packages/func_timeout/dafunc.py", line 108, in func_timeout
    raise_exception(exception)
  File "/common/ketrong/tpotexp/env/lib/python3.10/site-packages/func_timeout/py3_raise.py", line 7, in raise_exception
    raise exception[0] from None
  File "/common/ketrong/tpotexp/tpot2/tpot2/tpot_estimator/estimator.py", line 623, in objective_function
    return objective_function_generator(
  File "/common/ketrong/tpotexp/tpot2/tpot2/tpot_estimator/estimator_utils.py", line 55, in objective_function_generator
    cv_obj_scores = cross_val_score_objective(sklearn.base.clone(pipeline),x,y,scorers=scorers, cv=cv , fold=step)
  File "/common/ketrong/tpotexp/tpot2/tpot2/tpot_estimator/cross_val_utils.py", line 28, in cross_val_score_objective
    this_fold_pipeline.fit(X_train,y_train)
  File "/common/ketrong/tpotexp/env/lib/python3.10/site-packages/sklearn/base.py", line 1473, in wrapper
    return fit_method(estimator, *args, **kwargs)
  File "/common/ketrong/tpotexp/env/lib/python3.10/site-packages/sklearn/pipeline.py", line 473, in fit
    self._final_estimator.fit(Xt, y, **last_step_params["fit"])
  File "/common/ketrong/tpotexp/env/lib/python3.10/site-packages/sklearn/base.py", line 1466, in wrapper
    estimator._validate_params()
  File "/common/ketrong/tpotexp/env/lib/python3.10/site-packages/sklearn/base.py", line 666, in _validate_params
    validate_parameter_constraints(
  File "/common/ketrong/tpotexp/env/lib/python3.10/site-packages/sklearn/utils/_param_validation.py", line 95, in validate_parameter_constraints
    raise InvalidParameterError(
sklearn.utils._param_validation.InvalidParameterError: The 'criterion' parameter of RandomForestRegressor must be a str among {'friedman_mse', 'poisson', 'absolute_error', 'squared_error'}. Got 'mse' instead.

Generation:  9
Best root_mean_squared_error score: -1.5756404161453248
Generation:  36%|      | 9/25 [06:38<13:45, 51.60s/it]WARNING THIS INDIVIDUAL CAUSED AND EXCEPTION 
 <tpot2.search_spaces.pipelines.sequential.SequentialPipelineIndividual object at 0x1554659eb730> 
 The 'criterion' parameter of RandomForestRegressor must be a str among {'friedman_mse', 'poisson', 'absolute_error', 'squared_error'}. Got 'mae' instead. 
 Traceback (most recent call last):
  File "/common/ketrong/tpotexp/tpot2/tpot2/utils/eval_utils.py", line 53, in objective_nan_wrapper
    value = func_timeout.func_timeout(timeout, objective_function, args=[individual], kwargs=objective_kwargs)
  File "/common/ketrong/tpotexp/env/lib/python3.10/site-packages/func_timeout/dafunc.py", line 108, in func_timeout
    raise_exception(exception)
  File "/common/ketrong/tpotexp/env/lib/python3.10/site-packages/func_timeout/py3_raise.py", line 7, in raise_exception
    raise exception[0] from None
  File "/common/ketrong/tpotexp/tpot2/tpot2/tpot_estimator/estimator.py", line 623, in objective_function
    return objective_function_generator(
  File "/common/ketrong/tpotexp/tpot2/tpot2/tpot_estimator/estimator_utils.py", line 55, in objective_function_generator
    cv_obj_scores = cross_val_score_objective(sklearn.base.clone(pipeline),x,y,scorers=scorers, cv=cv , fold=step)
  File "/common/ketrong/tpotexp/tpot2/tpot2/tpot_estimator/cross_val_utils.py", line 28, in cross_val_score_objective
    this_fold_pipeline.fit(X_train,y_train)
  File "/common/ketrong/tpotexp/env/lib/python3.10/site-packages/sklearn/base.py", line 1473, in wrapper
    return fit_method(estimator, *args, **kwargs)
  File "/common/ketrong/tpotexp/env/lib/python3.10/site-packages/sklearn/pipeline.py", line 473, in fit
    self._final_estimator.fit(Xt, y, **last_step_params["fit"])
  File "/common/ketrong/tpotexp/env/lib/python3.10/site-packages/sklearn/base.py", line 1466, in wrapper
    estimator._validate_params()
  File "/common/ketrong/tpotexp/env/lib/python3.10/site-packages/sklearn/base.py", line 666, in _validate_params
    validate_parameter_constraints(
  File "/common/ketrong/tpotexp/env/lib/python3.10/site-packages/sklearn/utils/_param_validation.py", line 95, in validate_parameter_constraints
    raise InvalidParameterError(
sklearn.utils._param_validation.InvalidParameterError: The 'criterion' parameter of RandomForestRegressor must be a str among {'friedman_mse', 'poisson', 'absolute_error', 'squared_error'}. Got 'mae' instead.

Generation:  10
Best root_mean_squared_error score: -1.5756404161453248
Generation:  40%|      | 10/25 [07:36<13:25, 53.71s/it]Generation:  11
Best root_mean_squared_error score: -1.5756404161453248
Generation:  44%|     | 11/25 [08:42<13:22, 57.33s/it]Generation:  12
Best root_mean_squared_error score: -1.5756404161453248
Generation:  48%|     | 12/25 [09:57<13:34, 62.67s/it]Generation:  13
Best root_mean_squared_error score: -1.5756404161453248
Generation:  52%|    | 13/25 [11:18<13:41, 68.48s/it]WARNING THIS INDIVIDUAL CAUSED AND EXCEPTION 
 <tpot2.search_spaces.pipelines.sequential.SequentialPipelineIndividual object at 0x1554654a5fc0> 
 The 'criterion' parameter of ExtraTreesRegressor must be a str among {'friedman_mse', 'poisson', 'absolute_error', 'squared_error'}. Got 'mae' instead. 
 Traceback (most recent call last):
  File "/common/ketrong/tpotexp/tpot2/tpot2/utils/eval_utils.py", line 53, in objective_nan_wrapper
    value = func_timeout.func_timeout(timeout, objective_function, args=[individual], kwargs=objective_kwargs)
  File "/common/ketrong/tpotexp/env/lib/python3.10/site-packages/func_timeout/dafunc.py", line 108, in func_timeout
    raise_exception(exception)
  File "/common/ketrong/tpotexp/env/lib/python3.10/site-packages/func_timeout/py3_raise.py", line 7, in raise_exception
    raise exception[0] from None
  File "/common/ketrong/tpotexp/tpot2/tpot2/tpot_estimator/estimator.py", line 623, in objective_function
    return objective_function_generator(
  File "/common/ketrong/tpotexp/tpot2/tpot2/tpot_estimator/estimator_utils.py", line 55, in objective_function_generator
    cv_obj_scores = cross_val_score_objective(sklearn.base.clone(pipeline),x,y,scorers=scorers, cv=cv , fold=step)
  File "/common/ketrong/tpotexp/tpot2/tpot2/tpot_estimator/cross_val_utils.py", line 28, in cross_val_score_objective
    this_fold_pipeline.fit(X_train,y_train)
  File "/common/ketrong/tpotexp/env/lib/python3.10/site-packages/sklearn/base.py", line 1473, in wrapper
    return fit_method(estimator, *args, **kwargs)
  File "/common/ketrong/tpotexp/env/lib/python3.10/site-packages/sklearn/pipeline.py", line 473, in fit
    self._final_estimator.fit(Xt, y, **last_step_params["fit"])
  File "/common/ketrong/tpotexp/env/lib/python3.10/site-packages/sklearn/base.py", line 1466, in wrapper
    estimator._validate_params()
  File "/common/ketrong/tpotexp/env/lib/python3.10/site-packages/sklearn/base.py", line 666, in _validate_params
    validate_parameter_constraints(
  File "/common/ketrong/tpotexp/env/lib/python3.10/site-packages/sklearn/utils/_param_validation.py", line 95, in validate_parameter_constraints
    raise InvalidParameterError(
sklearn.utils._param_validation.InvalidParameterError: The 'criterion' parameter of ExtraTreesRegressor must be a str among {'friedman_mse', 'poisson', 'absolute_error', 'squared_error'}. Got 'mae' instead.

Generation:  14
Best root_mean_squared_error score: -1.5756404161453248
Generation:  56%|    | 14/25 [12:37<13:08, 71.66s/it]WARNING THIS INDIVIDUAL CAUSED AND EXCEPTION 
 <tpot2.search_spaces.pipelines.sequential.SequentialPipelineIndividual object at 0x155467ee1a80> 
 The 'criterion' parameter of RandomForestRegressor must be a str among {'friedman_mse', 'poisson', 'absolute_error', 'squared_error'}. Got 'mae' instead. 
 Traceback (most recent call last):
  File "/common/ketrong/tpotexp/tpot2/tpot2/utils/eval_utils.py", line 53, in objective_nan_wrapper
    value = func_timeout.func_timeout(timeout, objective_function, args=[individual], kwargs=objective_kwargs)
  File "/common/ketrong/tpotexp/env/lib/python3.10/site-packages/func_timeout/dafunc.py", line 108, in func_timeout
    raise_exception(exception)
  File "/common/ketrong/tpotexp/env/lib/python3.10/site-packages/func_timeout/py3_raise.py", line 7, in raise_exception
    raise exception[0] from None
  File "/common/ketrong/tpotexp/tpot2/tpot2/tpot_estimator/estimator.py", line 623, in objective_function
    return objective_function_generator(
  File "/common/ketrong/tpotexp/tpot2/tpot2/tpot_estimator/estimator_utils.py", line 55, in objective_function_generator
    cv_obj_scores = cross_val_score_objective(sklearn.base.clone(pipeline),x,y,scorers=scorers, cv=cv , fold=step)
  File "/common/ketrong/tpotexp/tpot2/tpot2/tpot_estimator/cross_val_utils.py", line 28, in cross_val_score_objective
    this_fold_pipeline.fit(X_train,y_train)
  File "/common/ketrong/tpotexp/env/lib/python3.10/site-packages/sklearn/base.py", line 1473, in wrapper
    return fit_method(estimator, *args, **kwargs)
  File "/common/ketrong/tpotexp/env/lib/python3.10/site-packages/sklearn/pipeline.py", line 473, in fit
    self._final_estimator.fit(Xt, y, **last_step_params["fit"])
  File "/common/ketrong/tpotexp/env/lib/python3.10/site-packages/sklearn/base.py", line 1466, in wrapper
    estimator._validate_params()
  File "/common/ketrong/tpotexp/env/lib/python3.10/site-packages/sklearn/base.py", line 666, in _validate_params
    validate_parameter_constraints(
  File "/common/ketrong/tpotexp/env/lib/python3.10/site-packages/sklearn/utils/_param_validation.py", line 95, in validate_parameter_constraints
    raise InvalidParameterError(
sklearn.utils._param_validation.InvalidParameterError: The 'criterion' parameter of RandomForestRegressor must be a str among {'friedman_mse', 'poisson', 'absolute_error', 'squared_error'}. Got 'mae' instead.

Generation:  15
Best root_mean_squared_error score: -1.5756404161453248
Generation:  60%|    | 15/25 [13:40<11:29, 68.98s/it]Generation:  16
Best root_mean_squared_error score: -1.5756404161453248
Generation:  64%|   | 16/25 [14:51<10:26, 69.60s/it]WARNING THIS INDIVIDUAL CAUSED AND EXCEPTION 
 <tpot2.search_spaces.pipelines.sequential.SequentialPipelineIndividual object at 0x155467e78280> 
 The 'criterion' parameter of ExtraTreesRegressor must be a str among {'friedman_mse', 'poisson', 'absolute_error', 'squared_error'}. Got 'mae' instead. 
 Traceback (most recent call last):
  File "/common/ketrong/tpotexp/tpot2/tpot2/utils/eval_utils.py", line 53, in objective_nan_wrapper
    value = func_timeout.func_timeout(timeout, objective_function, args=[individual], kwargs=objective_kwargs)
  File "/common/ketrong/tpotexp/env/lib/python3.10/site-packages/func_timeout/dafunc.py", line 108, in func_timeout
    raise_exception(exception)
  File "/common/ketrong/tpotexp/env/lib/python3.10/site-packages/func_timeout/py3_raise.py", line 7, in raise_exception
    raise exception[0] from None
  File "/common/ketrong/tpotexp/tpot2/tpot2/tpot_estimator/estimator.py", line 623, in objective_function
    return objective_function_generator(
  File "/common/ketrong/tpotexp/tpot2/tpot2/tpot_estimator/estimator_utils.py", line 55, in objective_function_generator
    cv_obj_scores = cross_val_score_objective(sklearn.base.clone(pipeline),x,y,scorers=scorers, cv=cv , fold=step)
  File "/common/ketrong/tpotexp/tpot2/tpot2/tpot_estimator/cross_val_utils.py", line 28, in cross_val_score_objective
    this_fold_pipeline.fit(X_train,y_train)
  File "/common/ketrong/tpotexp/env/lib/python3.10/site-packages/sklearn/base.py", line 1473, in wrapper
    return fit_method(estimator, *args, **kwargs)
  File "/common/ketrong/tpotexp/env/lib/python3.10/site-packages/sklearn/pipeline.py", line 473, in fit
    self._final_estimator.fit(Xt, y, **last_step_params["fit"])
  File "/common/ketrong/tpotexp/env/lib/python3.10/site-packages/sklearn/base.py", line 1466, in wrapper
    estimator._validate_params()
  File "/common/ketrong/tpotexp/env/lib/python3.10/site-packages/sklearn/base.py", line 666, in _validate_params
    validate_parameter_constraints(
  File "/common/ketrong/tpotexp/env/lib/python3.10/site-packages/sklearn/utils/_param_validation.py", line 95, in validate_parameter_constraints
    raise InvalidParameterError(
sklearn.utils._param_validation.InvalidParameterError: The 'criterion' parameter of ExtraTreesRegressor must be a str among {'friedman_mse', 'poisson', 'absolute_error', 'squared_error'}. Got 'mae' instead.

WARNING THIS INDIVIDUAL CAUSED AND EXCEPTION 
 <tpot2.search_spaces.pipelines.sequential.SequentialPipelineIndividual object at 0x155465ad1e70> 
 The 'criterion' parameter of RandomForestRegressor must be a str among {'friedman_mse', 'poisson', 'absolute_error', 'squared_error'}. Got 'mae' instead. 
 Traceback (most recent call last):
  File "/common/ketrong/tpotexp/tpot2/tpot2/utils/eval_utils.py", line 53, in objective_nan_wrapper
    value = func_timeout.func_timeout(timeout, objective_function, args=[individual], kwargs=objective_kwargs)
  File "/common/ketrong/tpotexp/env/lib/python3.10/site-packages/func_timeout/dafunc.py", line 108, in func_timeout
    raise_exception(exception)
  File "/common/ketrong/tpotexp/env/lib/python3.10/site-packages/func_timeout/py3_raise.py", line 7, in raise_exception
    raise exception[0] from None
  File "/common/ketrong/tpotexp/tpot2/tpot2/tpot_estimator/estimator.py", line 623, in objective_function
    return objective_function_generator(
  File "/common/ketrong/tpotexp/tpot2/tpot2/tpot_estimator/estimator_utils.py", line 55, in objective_function_generator
    cv_obj_scores = cross_val_score_objective(sklearn.base.clone(pipeline),x,y,scorers=scorers, cv=cv , fold=step)
  File "/common/ketrong/tpotexp/tpot2/tpot2/tpot_estimator/cross_val_utils.py", line 28, in cross_val_score_objective
    this_fold_pipeline.fit(X_train,y_train)
  File "/common/ketrong/tpotexp/env/lib/python3.10/site-packages/sklearn/base.py", line 1473, in wrapper
    return fit_method(estimator, *args, **kwargs)
  File "/common/ketrong/tpotexp/env/lib/python3.10/site-packages/sklearn/pipeline.py", line 473, in fit
    self._final_estimator.fit(Xt, y, **last_step_params["fit"])
  File "/common/ketrong/tpotexp/env/lib/python3.10/site-packages/sklearn/base.py", line 1466, in wrapper
    estimator._validate_params()
  File "/common/ketrong/tpotexp/env/lib/python3.10/site-packages/sklearn/base.py", line 666, in _validate_params
    validate_parameter_constraints(
  File "/common/ketrong/tpotexp/env/lib/python3.10/site-packages/sklearn/utils/_param_validation.py", line 95, in validate_parameter_constraints
    raise InvalidParameterError(
sklearn.utils._param_validation.InvalidParameterError: The 'criterion' parameter of RandomForestRegressor must be a str among {'friedman_mse', 'poisson', 'absolute_error', 'squared_error'}. Got 'mae' instead.

Generation:  17
Best root_mean_squared_error score: -1.5756404161453248
Generation:  68%|   | 17/25 [15:58<09:09, 68.67s/it]WARNING THIS INDIVIDUAL CAUSED AND EXCEPTION 
 <tpot2.search_spaces.pipelines.sequential.SequentialPipelineIndividual object at 0x155465ae78b0> 
 The 'criterion' parameter of ExtraTreesRegressor must be a str among {'friedman_mse', 'poisson', 'absolute_error', 'squared_error'}. Got 'mae' instead. 
 Traceback (most recent call last):
  File "/common/ketrong/tpotexp/tpot2/tpot2/utils/eval_utils.py", line 53, in objective_nan_wrapper
    value = func_timeout.func_timeout(timeout, objective_function, args=[individual], kwargs=objective_kwargs)
  File "/common/ketrong/tpotexp/env/lib/python3.10/site-packages/func_timeout/dafunc.py", line 108, in func_timeout
    raise_exception(exception)
  File "/common/ketrong/tpotexp/env/lib/python3.10/site-packages/func_timeout/py3_raise.py", line 7, in raise_exception
    raise exception[0] from None
  File "/common/ketrong/tpotexp/tpot2/tpot2/tpot_estimator/estimator.py", line 623, in objective_function
    return objective_function_generator(
  File "/common/ketrong/tpotexp/tpot2/tpot2/tpot_estimator/estimator_utils.py", line 55, in objective_function_generator
    cv_obj_scores = cross_val_score_objective(sklearn.base.clone(pipeline),x,y,scorers=scorers, cv=cv , fold=step)
  File "/common/ketrong/tpotexp/tpot2/tpot2/tpot_estimator/cross_val_utils.py", line 28, in cross_val_score_objective
    this_fold_pipeline.fit(X_train,y_train)
  File "/common/ketrong/tpotexp/env/lib/python3.10/site-packages/sklearn/base.py", line 1473, in wrapper
    return fit_method(estimator, *args, **kwargs)
  File "/common/ketrong/tpotexp/env/lib/python3.10/site-packages/sklearn/pipeline.py", line 473, in fit
    self._final_estimator.fit(Xt, y, **last_step_params["fit"])
  File "/common/ketrong/tpotexp/env/lib/python3.10/site-packages/sklearn/base.py", line 1466, in wrapper
    estimator._validate_params()
  File "/common/ketrong/tpotexp/env/lib/python3.10/site-packages/sklearn/base.py", line 666, in _validate_params
    validate_parameter_constraints(
  File "/common/ketrong/tpotexp/env/lib/python3.10/site-packages/sklearn/utils/_param_validation.py", line 95, in validate_parameter_constraints
    raise InvalidParameterError(
sklearn.utils._param_validation.InvalidParameterError: The 'criterion' parameter of ExtraTreesRegressor must be a str among {'friedman_mse', 'poisson', 'absolute_error', 'squared_error'}. Got 'mae' instead.

Generation:  18
Best root_mean_squared_error score: -1.5756404161453248
Generation:  72%|  | 18/25 [16:55<07:36, 65.27s/it]WARNING THIS INDIVIDUAL CAUSED AND EXCEPTION 
 <tpot2.search_spaces.pipelines.sequential.SequentialPipelineIndividual object at 0x1554746fb8b0> 
 The 'criterion' parameter of RandomForestRegressor must be a str among {'friedman_mse', 'poisson', 'absolute_error', 'squared_error'}. Got 'mse' instead. 
 Traceback (most recent call last):
  File "/common/ketrong/tpotexp/tpot2/tpot2/utils/eval_utils.py", line 53, in objective_nan_wrapper
    value = func_timeout.func_timeout(timeout, objective_function, args=[individual], kwargs=objective_kwargs)
  File "/common/ketrong/tpotexp/env/lib/python3.10/site-packages/func_timeout/dafunc.py", line 108, in func_timeout
    raise_exception(exception)
  File "/common/ketrong/tpotexp/env/lib/python3.10/site-packages/func_timeout/py3_raise.py", line 7, in raise_exception
    raise exception[0] from None
  File "/common/ketrong/tpotexp/tpot2/tpot2/tpot_estimator/estimator.py", line 623, in objective_function
    return objective_function_generator(
  File "/common/ketrong/tpotexp/tpot2/tpot2/tpot_estimator/estimator_utils.py", line 55, in objective_function_generator
    cv_obj_scores = cross_val_score_objective(sklearn.base.clone(pipeline),x,y,scorers=scorers, cv=cv , fold=step)
  File "/common/ketrong/tpotexp/tpot2/tpot2/tpot_estimator/cross_val_utils.py", line 28, in cross_val_score_objective
    this_fold_pipeline.fit(X_train,y_train)
  File "/common/ketrong/tpotexp/env/lib/python3.10/site-packages/sklearn/base.py", line 1473, in wrapper
    return fit_method(estimator, *args, **kwargs)
  File "/common/ketrong/tpotexp/env/lib/python3.10/site-packages/sklearn/pipeline.py", line 473, in fit
    self._final_estimator.fit(Xt, y, **last_step_params["fit"])
  File "/common/ketrong/tpotexp/env/lib/python3.10/site-packages/sklearn/base.py", line 1466, in wrapper
    estimator._validate_params()
  File "/common/ketrong/tpotexp/env/lib/python3.10/site-packages/sklearn/base.py", line 666, in _validate_params
    validate_parameter_constraints(
  File "/common/ketrong/tpotexp/env/lib/python3.10/site-packages/sklearn/utils/_param_validation.py", line 95, in validate_parameter_constraints
    raise InvalidParameterError(
sklearn.utils._param_validation.InvalidParameterError: The 'criterion' parameter of RandomForestRegressor must be a str among {'friedman_mse', 'poisson', 'absolute_error', 'squared_error'}. Got 'mse' instead.

Generation:  19
Best root_mean_squared_error score: -1.5756404161453248
Generation:  76%|  | 19/25 [18:46<07:53, 78.91s/it]WARNING THIS INDIVIDUAL CAUSED AND EXCEPTION 
 <tpot2.search_spaces.pipelines.sequential.SequentialPipelineIndividual object at 0x1554653e4f40> 
 The 'criterion' parameter of RandomForestRegressor must be a str among {'friedman_mse', 'poisson', 'absolute_error', 'squared_error'}. Got 'mse' instead. 
 Traceback (most recent call last):
  File "/common/ketrong/tpotexp/tpot2/tpot2/utils/eval_utils.py", line 53, in objective_nan_wrapper
    value = func_timeout.func_timeout(timeout, objective_function, args=[individual], kwargs=objective_kwargs)
  File "/common/ketrong/tpotexp/env/lib/python3.10/site-packages/func_timeout/dafunc.py", line 108, in func_timeout
    raise_exception(exception)
  File "/common/ketrong/tpotexp/env/lib/python3.10/site-packages/func_timeout/py3_raise.py", line 7, in raise_exception
    raise exception[0] from None
  File "/common/ketrong/tpotexp/tpot2/tpot2/tpot_estimator/estimator.py", line 623, in objective_function
    return objective_function_generator(
  File "/common/ketrong/tpotexp/tpot2/tpot2/tpot_estimator/estimator_utils.py", line 55, in objective_function_generator
    cv_obj_scores = cross_val_score_objective(sklearn.base.clone(pipeline),x,y,scorers=scorers, cv=cv , fold=step)
  File "/common/ketrong/tpotexp/tpot2/tpot2/tpot_estimator/cross_val_utils.py", line 28, in cross_val_score_objective
    this_fold_pipeline.fit(X_train,y_train)
  File "/common/ketrong/tpotexp/env/lib/python3.10/site-packages/sklearn/base.py", line 1473, in wrapper
    return fit_method(estimator, *args, **kwargs)
  File "/common/ketrong/tpotexp/env/lib/python3.10/site-packages/sklearn/pipeline.py", line 473, in fit
    self._final_estimator.fit(Xt, y, **last_step_params["fit"])
  File "/common/ketrong/tpotexp/env/lib/python3.10/site-packages/sklearn/base.py", line 1466, in wrapper
    estimator._validate_params()
  File "/common/ketrong/tpotexp/env/lib/python3.10/site-packages/sklearn/base.py", line 666, in _validate_params
    validate_parameter_constraints(
  File "/common/ketrong/tpotexp/env/lib/python3.10/site-packages/sklearn/utils/_param_validation.py", line 95, in validate_parameter_constraints
    raise InvalidParameterError(
sklearn.utils._param_validation.InvalidParameterError: The 'criterion' parameter of RandomForestRegressor must be a str among {'friedman_mse', 'poisson', 'absolute_error', 'squared_error'}. Got 'mse' instead.

Generation:  20
Best root_mean_squared_error score: -1.5756404161453248
Generation:  80%|  | 20/25 [20:34<07:18, 87.76s/it]Generation:  21
Best root_mean_squared_error score: -1.5756404161453248
Generation:  84%| | 21/25 [22:47<06:44, 101.19s/it]WARNING THIS INDIVIDUAL CAUSED AND EXCEPTION 
 <tpot2.search_spaces.pipelines.sequential.SequentialPipelineIndividual object at 0x155465ad1e70> 
 The 'criterion' parameter of RandomForestRegressor must be a str among {'friedman_mse', 'poisson', 'absolute_error', 'squared_error'}. Got 'mse' instead. 
 Traceback (most recent call last):
  File "/common/ketrong/tpotexp/tpot2/tpot2/utils/eval_utils.py", line 53, in objective_nan_wrapper
    value = func_timeout.func_timeout(timeout, objective_function, args=[individual], kwargs=objective_kwargs)
  File "/common/ketrong/tpotexp/env/lib/python3.10/site-packages/func_timeout/dafunc.py", line 108, in func_timeout
    raise_exception(exception)
  File "/common/ketrong/tpotexp/env/lib/python3.10/site-packages/func_timeout/py3_raise.py", line 7, in raise_exception
    raise exception[0] from None
  File "/common/ketrong/tpotexp/tpot2/tpot2/tpot_estimator/estimator.py", line 623, in objective_function
    return objective_function_generator(
  File "/common/ketrong/tpotexp/tpot2/tpot2/tpot_estimator/estimator_utils.py", line 55, in objective_function_generator
    cv_obj_scores = cross_val_score_objective(sklearn.base.clone(pipeline),x,y,scorers=scorers, cv=cv , fold=step)
  File "/common/ketrong/tpotexp/tpot2/tpot2/tpot_estimator/cross_val_utils.py", line 28, in cross_val_score_objective
    this_fold_pipeline.fit(X_train,y_train)
  File "/common/ketrong/tpotexp/env/lib/python3.10/site-packages/sklearn/base.py", line 1473, in wrapper
    return fit_method(estimator, *args, **kwargs)
  File "/common/ketrong/tpotexp/env/lib/python3.10/site-packages/sklearn/pipeline.py", line 473, in fit
    self._final_estimator.fit(Xt, y, **last_step_params["fit"])
  File "/common/ketrong/tpotexp/env/lib/python3.10/site-packages/sklearn/base.py", line 1466, in wrapper
    estimator._validate_params()
  File "/common/ketrong/tpotexp/env/lib/python3.10/site-packages/sklearn/base.py", line 666, in _validate_params
    validate_parameter_constraints(
  File "/common/ketrong/tpotexp/env/lib/python3.10/site-packages/sklearn/utils/_param_validation.py", line 95, in validate_parameter_constraints
    raise InvalidParameterError(
sklearn.utils._param_validation.InvalidParameterError: The 'criterion' parameter of RandomForestRegressor must be a str among {'friedman_mse', 'poisson', 'absolute_error', 'squared_error'}. Got 'mse' instead.

Generation:  22
Best root_mean_squared_error score: -1.5756404161453248
Generation:  88%| | 22/25 [24:22<04:57, 99.29s/it] Generation:  23
Best root_mean_squared_error score: -1.5756404161453248
Generation:  92%|| 23/25 [26:36<03:39, 109.93s/it]WARNING THIS INDIVIDUAL CAUSED AND EXCEPTION 
 <tpot2.search_spaces.pipelines.sequential.SequentialPipelineIndividual object at 0x155465a609a0> 
 The 'criterion' parameter of ExtraTreesRegressor must be a str among {'friedman_mse', 'poisson', 'absolute_error', 'squared_error'}. Got 'mae' instead. 
 Traceback (most recent call last):
  File "/common/ketrong/tpotexp/tpot2/tpot2/utils/eval_utils.py", line 53, in objective_nan_wrapper
    value = func_timeout.func_timeout(timeout, objective_function, args=[individual], kwargs=objective_kwargs)
  File "/common/ketrong/tpotexp/env/lib/python3.10/site-packages/func_timeout/dafunc.py", line 108, in func_timeout
    raise_exception(exception)
  File "/common/ketrong/tpotexp/env/lib/python3.10/site-packages/func_timeout/py3_raise.py", line 7, in raise_exception
    raise exception[0] from None
  File "/common/ketrong/tpotexp/tpot2/tpot2/tpot_estimator/estimator.py", line 623, in objective_function
    return objective_function_generator(
  File "/common/ketrong/tpotexp/tpot2/tpot2/tpot_estimator/estimator_utils.py", line 55, in objective_function_generator
    cv_obj_scores = cross_val_score_objective(sklearn.base.clone(pipeline),x,y,scorers=scorers, cv=cv , fold=step)
  File "/common/ketrong/tpotexp/tpot2/tpot2/tpot_estimator/cross_val_utils.py", line 28, in cross_val_score_objective
    this_fold_pipeline.fit(X_train,y_train)
  File "/common/ketrong/tpotexp/env/lib/python3.10/site-packages/sklearn/base.py", line 1473, in wrapper
    return fit_method(estimator, *args, **kwargs)
  File "/common/ketrong/tpotexp/env/lib/python3.10/site-packages/sklearn/pipeline.py", line 473, in fit
    self._final_estimator.fit(Xt, y, **last_step_params["fit"])
  File "/common/ketrong/tpotexp/env/lib/python3.10/site-packages/sklearn/base.py", line 1466, in wrapper
    estimator._validate_params()
  File "/common/ketrong/tpotexp/env/lib/python3.10/site-packages/sklearn/base.py", line 666, in _validate_params
    validate_parameter_constraints(
  File "/common/ketrong/tpotexp/env/lib/python3.10/site-packages/sklearn/utils/_param_validation.py", line 95, in validate_parameter_constraints
    raise InvalidParameterError(
sklearn.utils._param_validation.InvalidParameterError: The 'criterion' parameter of ExtraTreesRegressor must be a str among {'friedman_mse', 'poisson', 'absolute_error', 'squared_error'}. Got 'mae' instead.

Generation:  24
Best root_mean_squared_error score: -1.5756404161453248
Generation:  96%|| 24/25 [28:09<01:44, 104.73s/it]WARNING THIS INDIVIDUAL CAUSED AND EXCEPTION 
 <tpot2.search_spaces.pipelines.sequential.SequentialPipelineIndividual object at 0x1554658fb0a0> 
 The 'criterion' parameter of RandomForestRegressor must be a str among {'friedman_mse', 'poisson', 'absolute_error', 'squared_error'}. Got 'mae' instead. 
 Traceback (most recent call last):
  File "/common/ketrong/tpotexp/tpot2/tpot2/utils/eval_utils.py", line 53, in objective_nan_wrapper
    value = func_timeout.func_timeout(timeout, objective_function, args=[individual], kwargs=objective_kwargs)
  File "/common/ketrong/tpotexp/env/lib/python3.10/site-packages/func_timeout/dafunc.py", line 108, in func_timeout
    raise_exception(exception)
  File "/common/ketrong/tpotexp/env/lib/python3.10/site-packages/func_timeout/py3_raise.py", line 7, in raise_exception
    raise exception[0] from None
  File "/common/ketrong/tpotexp/tpot2/tpot2/tpot_estimator/estimator.py", line 623, in objective_function
    return objective_function_generator(
  File "/common/ketrong/tpotexp/tpot2/tpot2/tpot_estimator/estimator_utils.py", line 55, in objective_function_generator
    cv_obj_scores = cross_val_score_objective(sklearn.base.clone(pipeline),x,y,scorers=scorers, cv=cv , fold=step)
  File "/common/ketrong/tpotexp/tpot2/tpot2/tpot_estimator/cross_val_utils.py", line 28, in cross_val_score_objective
    this_fold_pipeline.fit(X_train,y_train)
  File "/common/ketrong/tpotexp/env/lib/python3.10/site-packages/sklearn/base.py", line 1473, in wrapper
    return fit_method(estimator, *args, **kwargs)
  File "/common/ketrong/tpotexp/env/lib/python3.10/site-packages/sklearn/pipeline.py", line 473, in fit
    self._final_estimator.fit(Xt, y, **last_step_params["fit"])
  File "/common/ketrong/tpotexp/env/lib/python3.10/site-packages/sklearn/base.py", line 1466, in wrapper
    estimator._validate_params()
  File "/common/ketrong/tpotexp/env/lib/python3.10/site-packages/sklearn/base.py", line 666, in _validate_params
    validate_parameter_constraints(
  File "/common/ketrong/tpotexp/env/lib/python3.10/site-packages/sklearn/utils/_param_validation.py", line 95, in validate_parameter_constraints
    raise InvalidParameterError(
sklearn.utils._param_validation.InvalidParameterError: The 'criterion' parameter of RandomForestRegressor must be a str among {'friedman_mse', 'poisson', 'absolute_error', 'squared_error'}. Got 'mae' instead.

Generation:  25
Best root_mean_squared_error score: -1.5756404161453248
Generation: 100%|| 25/25 [29:41<00:00, 101.04s/it]Generation: 100%|| 25/25 [30:04<00:00, 72.19s/it] 
2024-10-03 11:21:46,272 - distributed.scheduler - ERROR - Removing worker 'tcp://127.0.0.1:33159' caused the cluster to lose scattered data, which can't be recovered: {'DataFrame-a4fd229d0d64e340bbc29ac5fc78ab11', 'ndarray-c34c0cd052ac2921eb5aa5bc9205fdcc'} (stimulus_id='handle-worker-cleanup-1727979706.2728574')
Fitted
Pipeline(steps=[('ardregression',
                 ARDRegression(alpha_1=9.9797e-09, alpha_2=0.000163479181,
                               lambda_1=9.2944e-09, lambda_2=1.05554e-07,
                               threshold_lambda=11485))])
score start
train score: {'explained_var': 0.005061285104602575, 'r2': 0.005061209201812744, 'rmse': 1.587937593460083}
original test score: {'explained_var': 0.0052089801569413785, 'r2': 0.004700691743664054, 'rmse': 1.5167256821578874}
imputed test score: {'explained_var': -0.0021005503367632627, 'r2': -0.0027033090591430664, 'rmse': 1.522356629371643}
score end
check intended
EXP2 Finished
running experiment 3/3 - What is the best automl settings?
<tpot2.search_spaces.pipelines.sequential.SequentialPipeline object at 0x1553b282d690>
Start tpot fit
Version 0.1.7a0 of tpot2 is outdated. Version 0.1.8a0 was released Tuesday September 17, 2024.
Version 0.1.7a0 of tpot2 is outdated. Version 0.1.8a0 was released Tuesday September 17, 2024.
Version 0.1.7a0 of tpot2 is outdated. Version 0.1.8a0 was released Tuesday September 17, 2024.
Version 0.1.7a0 of tpot2 is outdated. Version 0.1.8a0 was released Tuesday September 17, 2024.
Version 0.1.7a0 of tpot2 is outdated. Version 0.1.8a0 was released Tuesday September 17, 2024.
Version 0.1.7a0 of tpot2 is outdated. Version 0.1.8a0 was released Tuesday September 17, 2024.
Version 0.1.7a0 of tpot2 is outdated. Version 0.1.8a0 was released Tuesday September 17, 2024.
Version 0.1.7a0 of tpot2 is outdated. Version 0.1.8a0 was released Tuesday September 17, 2024.
Version 0.1.7a0 of tpot2 is outdated. Version 0.1.8a0 was released Tuesday September 17, 2024.
Version 0.1.7a0 of tpot2 is outdated. Version 0.1.8a0 was released Tuesday September 17, 2024.
Version 0.1.7a0 of tpot2 is outdated. Version 0.1.8a0 was released Tuesday September 17, 2024.
Version 0.1.7a0 of tpot2 is outdated. Version 0.1.8a0 was released Tuesday September 17, 2024.
Version 0.1.7a0 of tpot2 is outdated. Version 0.1.8a0 was released Tuesday September 17, 2024.
Version 0.1.7a0 of tpot2 is outdated. Version 0.1.8a0 was released Tuesday September 17, 2024.
Version 0.1.7a0 of tpot2 is outdated. Version 0.1.8a0 was released Tuesday September 17, 2024.
Version 0.1.7a0 of tpot2 is outdated. Version 0.1.8a0 was released Tuesday September 17, 2024.
  0%|          | 0/25 [00:00<?, ?it/s]Generation:   0%|          | 0/25 [00:00<?, ?it/s]WARNING THIS INDIVIDUAL CAUSED AND EXCEPTION 
 <tpot2.search_spaces.pipelines.sequential.SequentialPipelineIndividual object at 0x155474cd4cd0> 
 The 'criterion' parameter of RandomForestRegressor must be a str among {'friedman_mse', 'poisson', 'absolute_error', 'squared_error'}. Got 'mse' instead. 
 Traceback (most recent call last):
  File "/common/ketrong/tpotexp/tpot2/tpot2/utils/eval_utils.py", line 53, in objective_nan_wrapper
    value = func_timeout.func_timeout(timeout, objective_function, args=[individual], kwargs=objective_kwargs)
  File "/common/ketrong/tpotexp/env/lib/python3.10/site-packages/func_timeout/dafunc.py", line 108, in func_timeout
    raise_exception(exception)
  File "/common/ketrong/tpotexp/env/lib/python3.10/site-packages/func_timeout/py3_raise.py", line 7, in raise_exception
    raise exception[0] from None
  File "/common/ketrong/tpotexp/tpot2/tpot2/tpot_estimator/estimator.py", line 623, in objective_function
    return objective_function_generator(
  File "/common/ketrong/tpotexp/tpot2/tpot2/tpot_estimator/estimator_utils.py", line 55, in objective_function_generator
    cv_obj_scores = cross_val_score_objective(sklearn.base.clone(pipeline),x,y,scorers=scorers, cv=cv , fold=step)
  File "/common/ketrong/tpotexp/tpot2/tpot2/tpot_estimator/cross_val_utils.py", line 28, in cross_val_score_objective
    this_fold_pipeline.fit(X_train,y_train)
  File "/common/ketrong/tpotexp/env/lib/python3.10/site-packages/sklearn/base.py", line 1473, in wrapper
    return fit_method(estimator, *args, **kwargs)
  File "/common/ketrong/tpotexp/env/lib/python3.10/site-packages/sklearn/pipeline.py", line 473, in fit
    self._final_estimator.fit(Xt, y, **last_step_params["fit"])
  File "/common/ketrong/tpotexp/env/lib/python3.10/site-packages/sklearn/base.py", line 1466, in wrapper
    estimator._validate_params()
  File "/common/ketrong/tpotexp/env/lib/python3.10/site-packages/sklearn/base.py", line 666, in _validate_params
    validate_parameter_constraints(
  File "/common/ketrong/tpotexp/env/lib/python3.10/site-packages/sklearn/utils/_param_validation.py", line 95, in validate_parameter_constraints
    raise InvalidParameterError(
sklearn.utils._param_validation.InvalidParameterError: The 'criterion' parameter of RandomForestRegressor must be a str among {'friedman_mse', 'poisson', 'absolute_error', 'squared_error'}. Got 'mse' instead.

WARNING AN INDIVIDUAL TIMED OUT: 
 <tpot2.search_spaces.pipelines.sequential.SequentialPipelineIndividual object at 0x155474cd54e0> 

WARNING AN INDIVIDUAL TIMED OUT: 
 <tpot2.search_spaces.pipelines.sequential.SequentialPipelineIndividual object at 0x155474cd4a30> 

Generation:  1
Best root_mean_squared_error score: -1.3383997917175292
Generation:   4%|         | 1/25 [10:02<4:01:04, 602.70s/it]Generation:  2
Best root_mean_squared_error score: -1.3195969141280435
Generation:   8%|         | 2/25 [17:32<3:16:38, 512.99s/it]WARNING THIS INDIVIDUAL CAUSED AND EXCEPTION 
 <tpot2.search_spaces.pipelines.sequential.SequentialPipelineIndividual object at 0x15545e89f610> 
 The 'criterion' parameter of RandomForestRegressor must be a str among {'friedman_mse', 'poisson', 'absolute_error', 'squared_error'}. Got 'mae' instead. 
 Traceback (most recent call last):
  File "/common/ketrong/tpotexp/tpot2/tpot2/utils/eval_utils.py", line 53, in objective_nan_wrapper
    value = func_timeout.func_timeout(timeout, objective_function, args=[individual], kwargs=objective_kwargs)
  File "/common/ketrong/tpotexp/env/lib/python3.10/site-packages/func_timeout/dafunc.py", line 108, in func_timeout
    raise_exception(exception)
  File "/common/ketrong/tpotexp/env/lib/python3.10/site-packages/func_timeout/py3_raise.py", line 7, in raise_exception
    raise exception[0] from None
  File "/common/ketrong/tpotexp/tpot2/tpot2/tpot_estimator/estimator.py", line 623, in objective_function
    return objective_function_generator(
  File "/common/ketrong/tpotexp/tpot2/tpot2/tpot_estimator/estimator_utils.py", line 55, in objective_function_generator
    cv_obj_scores = cross_val_score_objective(sklearn.base.clone(pipeline),x,y,scorers=scorers, cv=cv , fold=step)
  File "/common/ketrong/tpotexp/tpot2/tpot2/tpot_estimator/cross_val_utils.py", line 28, in cross_val_score_objective
    this_fold_pipeline.fit(X_train,y_train)
  File "/common/ketrong/tpotexp/env/lib/python3.10/site-packages/sklearn/base.py", line 1473, in wrapper
    return fit_method(estimator, *args, **kwargs)
  File "/common/ketrong/tpotexp/env/lib/python3.10/site-packages/sklearn/pipeline.py", line 473, in fit
    self._final_estimator.fit(Xt, y, **last_step_params["fit"])
  File "/common/ketrong/tpotexp/env/lib/python3.10/site-packages/sklearn/base.py", line 1466, in wrapper
    estimator._validate_params()
  File "/common/ketrong/tpotexp/env/lib/python3.10/site-packages/sklearn/base.py", line 666, in _validate_params
    validate_parameter_constraints(
  File "/common/ketrong/tpotexp/env/lib/python3.10/site-packages/sklearn/utils/_param_validation.py", line 95, in validate_parameter_constraints
    raise InvalidParameterError(
sklearn.utils._param_validation.InvalidParameterError: The 'criterion' parameter of RandomForestRegressor must be a str among {'friedman_mse', 'poisson', 'absolute_error', 'squared_error'}. Got 'mae' instead.

corrupted size vs. prev_size
2024-10-03 11:43:04,324 - distributed.nanny - WARNING - Restarting worker
Version 0.1.7a0 of tpot2 is outdated. Version 0.1.8a0 was released Tuesday September 17, 2024.
corrupted size vs. prev_size
2024-10-03 11:46:30,535 - distributed.scheduler - ERROR - Task eval_objective_list-9b6c340a51deda23c08ff09ea9ea429d marked as failed because 2 workers died while trying to run it
Exception in future
Attempted to run task 'eval_objective_list-9b6c340a51deda23c08ff09ea9ea429d' on 2 different workers, but all those workers died while running it. The last worker that attempt to run the task was tcp://127.0.0.1:32845. Inspecting worker logs is often a good next step to diagnose what went wrong. For more information see https://distributed.dask.org/en/stable/killed.html.
2024-10-03 11:46:30,541 - distributed.nanny - WARNING - Restarting worker
Version 0.1.7a0 of tpot2 is outdated. Version 0.1.8a0 was released Tuesday September 17, 2024.
WARNING AN INDIVIDUAL TIMED OUT: 
 <tpot2.search_spaces.pipelines.sequential.SequentialPipelineIndividual object at 0x155474588a00> 

Generation:  3
Best root_mean_squared_error score: -1.3195969141280435
Generation:  12%|        | 3/25 [27:35<3:23:09, 554.07s/it]WARNING THIS INDIVIDUAL CAUSED AND EXCEPTION 
 <tpot2.search_spaces.pipelines.sequential.SequentialPipelineIndividual object at 0x155456f6ed40> 
 The 'criterion' parameter of RandomForestRegressor must be a str among {'friedman_mse', 'poisson', 'absolute_error', 'squared_error'}. Got 'mae' instead. 
 Traceback (most recent call last):
  File "/common/ketrong/tpotexp/tpot2/tpot2/utils/eval_utils.py", line 53, in objective_nan_wrapper
    value = func_timeout.func_timeout(timeout, objective_function, args=[individual], kwargs=objective_kwargs)
  File "/common/ketrong/tpotexp/env/lib/python3.10/site-packages/func_timeout/dafunc.py", line 108, in func_timeout
    raise_exception(exception)
  File "/common/ketrong/tpotexp/env/lib/python3.10/site-packages/func_timeout/py3_raise.py", line 7, in raise_exception
    raise exception[0] from None
  File "/common/ketrong/tpotexp/tpot2/tpot2/tpot_estimator/estimator.py", line 623, in objective_function
    return objective_function_generator(
  File "/common/ketrong/tpotexp/tpot2/tpot2/tpot_estimator/estimator_utils.py", line 55, in objective_function_generator
    cv_obj_scores = cross_val_score_objective(sklearn.base.clone(pipeline),x,y,scorers=scorers, cv=cv , fold=step)
  File "/common/ketrong/tpotexp/tpot2/tpot2/tpot_estimator/cross_val_utils.py", line 28, in cross_val_score_objective
    this_fold_pipeline.fit(X_train,y_train)
  File "/common/ketrong/tpotexp/env/lib/python3.10/site-packages/sklearn/base.py", line 1473, in wrapper
    return fit_method(estimator, *args, **kwargs)
  File "/common/ketrong/tpotexp/env/lib/python3.10/site-packages/sklearn/pipeline.py", line 473, in fit
    self._final_estimator.fit(Xt, y, **last_step_params["fit"])
  File "/common/ketrong/tpotexp/env/lib/python3.10/site-packages/sklearn/base.py", line 1466, in wrapper
    estimator._validate_params()
  File "/common/ketrong/tpotexp/env/lib/python3.10/site-packages/sklearn/base.py", line 666, in _validate_params
    validate_parameter_constraints(
  File "/common/ketrong/tpotexp/env/lib/python3.10/site-packages/sklearn/utils/_param_validation.py", line 95, in validate_parameter_constraints
    raise InvalidParameterError(
sklearn.utils._param_validation.InvalidParameterError: The 'criterion' parameter of RandomForestRegressor must be a str among {'friedman_mse', 'poisson', 'absolute_error', 'squared_error'}. Got 'mae' instead.

Generation:  4
Best root_mean_squared_error score: -1.3064796009822852
Generation:  16%|        | 4/25 [28:43<2:06:43, 362.06s/it]Generation:  5
Best root_mean_squared_error score: -1.3064796009822852
Generation:  20%|        | 5/25 [29:47<1:24:47, 254.38s/it]WARNING THIS INDIVIDUAL CAUSED AND EXCEPTION 
 <tpot2.search_spaces.pipelines.sequential.SequentialPipelineIndividual object at 0x15545726b490> 
 The 'criterion' parameter of RandomForestRegressor must be a str among {'friedman_mse', 'poisson', 'absolute_error', 'squared_error'}. Got 'mae' instead. 
 Traceback (most recent call last):
  File "/common/ketrong/tpotexp/tpot2/tpot2/utils/eval_utils.py", line 53, in objective_nan_wrapper
    value = func_timeout.func_timeout(timeout, objective_function, args=[individual], kwargs=objective_kwargs)
  File "/common/ketrong/tpotexp/env/lib/python3.10/site-packages/func_timeout/dafunc.py", line 108, in func_timeout
    raise_exception(exception)
  File "/common/ketrong/tpotexp/env/lib/python3.10/site-packages/func_timeout/py3_raise.py", line 7, in raise_exception
    raise exception[0] from None
  File "/common/ketrong/tpotexp/tpot2/tpot2/tpot_estimator/estimator.py", line 623, in objective_function
    return objective_function_generator(
  File "/common/ketrong/tpotexp/tpot2/tpot2/tpot_estimator/estimator_utils.py", line 55, in objective_function_generator
    cv_obj_scores = cross_val_score_objective(sklearn.base.clone(pipeline),x,y,scorers=scorers, cv=cv , fold=step)
  File "/common/ketrong/tpotexp/tpot2/tpot2/tpot_estimator/cross_val_utils.py", line 28, in cross_val_score_objective
    this_fold_pipeline.fit(X_train,y_train)
  File "/common/ketrong/tpotexp/env/lib/python3.10/site-packages/sklearn/base.py", line 1473, in wrapper
    return fit_method(estimator, *args, **kwargs)
  File "/common/ketrong/tpotexp/env/lib/python3.10/site-packages/sklearn/pipeline.py", line 473, in fit
    self._final_estimator.fit(Xt, y, **last_step_params["fit"])
  File "/common/ketrong/tpotexp/env/lib/python3.10/site-packages/sklearn/base.py", line 1466, in wrapper
    estimator._validate_params()
  File "/common/ketrong/tpotexp/env/lib/python3.10/site-packages/sklearn/base.py", line 666, in _validate_params
    validate_parameter_constraints(
  File "/common/ketrong/tpotexp/env/lib/python3.10/site-packages/sklearn/utils/_param_validation.py", line 95, in validate_parameter_constraints
    raise InvalidParameterError(
sklearn.utils._param_validation.InvalidParameterError: The 'criterion' parameter of RandomForestRegressor must be a str among {'friedman_mse', 'poisson', 'absolute_error', 'squared_error'}. Got 'mae' instead.

Generation:  6
Best root_mean_squared_error score: -1.3064796009822852
Generation:  24%|       | 6/25 [30:56<1:00:39, 191.55s/it]Generation:  7
Best root_mean_squared_error score: -1.3064796009822852
Generation:  28%|       | 7/25 [31:52<44:07, 147.09s/it]  WARNING AN INDIVIDUAL TIMED OUT: 
 <tpot2.search_spaces.pipelines.sequential.SequentialPipelineIndividual object at 0x15545ff1beb0> 

WARNING AN INDIVIDUAL TIMED OUT: 
 <tpot2.search_spaces.pipelines.sequential.SequentialPipelineIndividual object at 0x155456f2fe20> 

Generation:  8
Best root_mean_squared_error score: -1.3029789806453647
Generation:  32%|      | 8/25 [41:57<1:22:59, 292.88s/it]WARNING THIS INDIVIDUAL CAUSED AND EXCEPTION 
 <tpot2.search_spaces.pipelines.sequential.SequentialPipelineIndividual object at 0x15545ff76440> 
 The 'criterion' parameter of ExtraTreesRegressor must be a str among {'friedman_mse', 'poisson', 'absolute_error', 'squared_error'}. Got 'mae' instead. 
 Traceback (most recent call last):
  File "/common/ketrong/tpotexp/tpot2/tpot2/utils/eval_utils.py", line 53, in objective_nan_wrapper
    value = func_timeout.func_timeout(timeout, objective_function, args=[individual], kwargs=objective_kwargs)
  File "/common/ketrong/tpotexp/env/lib/python3.10/site-packages/func_timeout/dafunc.py", line 108, in func_timeout
    raise_exception(exception)
  File "/common/ketrong/tpotexp/env/lib/python3.10/site-packages/func_timeout/py3_raise.py", line 7, in raise_exception
    raise exception[0] from None
  File "/common/ketrong/tpotexp/tpot2/tpot2/tpot_estimator/estimator.py", line 623, in objective_function
    return objective_function_generator(
  File "/common/ketrong/tpotexp/tpot2/tpot2/tpot_estimator/estimator_utils.py", line 55, in objective_function_generator
    cv_obj_scores = cross_val_score_objective(sklearn.base.clone(pipeline),x,y,scorers=scorers, cv=cv , fold=step)
  File "/common/ketrong/tpotexp/tpot2/tpot2/tpot_estimator/cross_val_utils.py", line 28, in cross_val_score_objective
    this_fold_pipeline.fit(X_train,y_train)
  File "/common/ketrong/tpotexp/env/lib/python3.10/site-packages/sklearn/base.py", line 1473, in wrapper
    return fit_method(estimator, *args, **kwargs)
  File "/common/ketrong/tpotexp/env/lib/python3.10/site-packages/sklearn/pipeline.py", line 473, in fit
    self._final_estimator.fit(Xt, y, **last_step_params["fit"])
  File "/common/ketrong/tpotexp/env/lib/python3.10/site-packages/sklearn/base.py", line 1466, in wrapper
    estimator._validate_params()
  File "/common/ketrong/tpotexp/env/lib/python3.10/site-packages/sklearn/base.py", line 666, in _validate_params
    validate_parameter_constraints(
  File "/common/ketrong/tpotexp/env/lib/python3.10/site-packages/sklearn/utils/_param_validation.py", line 95, in validate_parameter_constraints
    raise InvalidParameterError(
sklearn.utils._param_validation.InvalidParameterError: The 'criterion' parameter of ExtraTreesRegressor must be a str among {'friedman_mse', 'poisson', 'absolute_error', 'squared_error'}. Got 'mae' instead.

Generation:  9
Best root_mean_squared_error score: -1.3029789806453647
Generation:  36%|      | 9/25 [42:08<54:37, 204.87s/it]  Generation:  10
Best root_mean_squared_error score: -1.2955932990854848
Generation:  40%|      | 10/25 [49:21<1:08:49, 275.28s/it]WARNING THIS INDIVIDUAL CAUSED AND EXCEPTION 
 <tpot2.search_spaces.pipelines.sequential.SequentialPipelineIndividual object at 0x15547458f880> 
 The 'criterion' parameter of RandomForestRegressor must be a str among {'friedman_mse', 'poisson', 'absolute_error', 'squared_error'}. Got 'mae' instead. 
 Traceback (most recent call last):
  File "/common/ketrong/tpotexp/tpot2/tpot2/utils/eval_utils.py", line 53, in objective_nan_wrapper
    value = func_timeout.func_timeout(timeout, objective_function, args=[individual], kwargs=objective_kwargs)
  File "/common/ketrong/tpotexp/env/lib/python3.10/site-packages/func_timeout/dafunc.py", line 108, in func_timeout
    raise_exception(exception)
  File "/common/ketrong/tpotexp/env/lib/python3.10/site-packages/func_timeout/py3_raise.py", line 7, in raise_exception
    raise exception[0] from None
  File "/common/ketrong/tpotexp/tpot2/tpot2/tpot_estimator/estimator.py", line 623, in objective_function
    return objective_function_generator(
  File "/common/ketrong/tpotexp/tpot2/tpot2/tpot_estimator/estimator_utils.py", line 55, in objective_function_generator
    cv_obj_scores = cross_val_score_objective(sklearn.base.clone(pipeline),x,y,scorers=scorers, cv=cv , fold=step)
  File "/common/ketrong/tpotexp/tpot2/tpot2/tpot_estimator/cross_val_utils.py", line 28, in cross_val_score_objective
    this_fold_pipeline.fit(X_train,y_train)
  File "/common/ketrong/tpotexp/env/lib/python3.10/site-packages/sklearn/base.py", line 1473, in wrapper
    return fit_method(estimator, *args, **kwargs)
  File "/common/ketrong/tpotexp/env/lib/python3.10/site-packages/sklearn/pipeline.py", line 473, in fit
    self._final_estimator.fit(Xt, y, **last_step_params["fit"])
  File "/common/ketrong/tpotexp/env/lib/python3.10/site-packages/sklearn/base.py", line 1466, in wrapper
    estimator._validate_params()
  File "/common/ketrong/tpotexp/env/lib/python3.10/site-packages/sklearn/base.py", line 666, in _validate_params
    validate_parameter_constraints(
  File "/common/ketrong/tpotexp/env/lib/python3.10/site-packages/sklearn/utils/_param_validation.py", line 95, in validate_parameter_constraints
    raise InvalidParameterError(
sklearn.utils._param_validation.InvalidParameterError: The 'criterion' parameter of RandomForestRegressor must be a str among {'friedman_mse', 'poisson', 'absolute_error', 'squared_error'}. Got 'mae' instead.

WARNING THIS INDIVIDUAL CAUSED AND EXCEPTION 
 <tpot2.search_spaces.pipelines.sequential.SequentialPipelineIndividual object at 0x155454e36cb0> 
 The 'criterion' parameter of RandomForestRegressor must be a str among {'friedman_mse', 'poisson', 'absolute_error', 'squared_error'}. Got 'mae' instead. 
 Traceback (most recent call last):
  File "/common/ketrong/tpotexp/tpot2/tpot2/utils/eval_utils.py", line 53, in objective_nan_wrapper
    value = func_timeout.func_timeout(timeout, objective_function, args=[individual], kwargs=objective_kwargs)
  File "/common/ketrong/tpotexp/env/lib/python3.10/site-packages/func_timeout/dafunc.py", line 108, in func_timeout
    raise_exception(exception)
  File "/common/ketrong/tpotexp/env/lib/python3.10/site-packages/func_timeout/py3_raise.py", line 7, in raise_exception
    raise exception[0] from None
  File "/common/ketrong/tpotexp/tpot2/tpot2/tpot_estimator/estimator.py", line 623, in objective_function
    return objective_function_generator(
  File "/common/ketrong/tpotexp/tpot2/tpot2/tpot_estimator/estimator_utils.py", line 55, in objective_function_generator
    cv_obj_scores = cross_val_score_objective(sklearn.base.clone(pipeline),x,y,scorers=scorers, cv=cv , fold=step)
  File "/common/ketrong/tpotexp/tpot2/tpot2/tpot_estimator/cross_val_utils.py", line 28, in cross_val_score_objective
    this_fold_pipeline.fit(X_train,y_train)
  File "/common/ketrong/tpotexp/env/lib/python3.10/site-packages/sklearn/base.py", line 1473, in wrapper
    return fit_method(estimator, *args, **kwargs)
  File "/common/ketrong/tpotexp/env/lib/python3.10/site-packages/sklearn/pipeline.py", line 473, in fit
    self._final_estimator.fit(Xt, y, **last_step_params["fit"])
  File "/common/ketrong/tpotexp/env/lib/python3.10/site-packages/sklearn/base.py", line 1466, in wrapper
    estimator._validate_params()
  File "/common/ketrong/tpotexp/env/lib/python3.10/site-packages/sklearn/base.py", line 666, in _validate_params
    validate_parameter_constraints(
  File "/common/ketrong/tpotexp/env/lib/python3.10/site-packages/sklearn/utils/_param_validation.py", line 95, in validate_parameter_constraints
    raise InvalidParameterError(
sklearn.utils._param_validation.InvalidParameterError: The 'criterion' parameter of RandomForestRegressor must be a str among {'friedman_mse', 'poisson', 'absolute_error', 'squared_error'}. Got 'mae' instead.

Generation:  11
Best root_mean_squared_error score: -1.2955932990854848
Generation:  44%|     | 11/25 [50:31<49:32, 212.34s/it]  Generation:  12
Best root_mean_squared_error score: -1.2901114312008386
Generation:  48%|     | 12/25 [51:49<37:09, 171.48s/it]WARNING THIS INDIVIDUAL CAUSED AND EXCEPTION 
 <tpot2.search_spaces.pipelines.sequential.SequentialPipelineIndividual object at 0x1554570708e0> 
 The 'criterion' parameter of RandomForestRegressor must be a str among {'friedman_mse', 'poisson', 'absolute_error', 'squared_error'}. Got 'mae' instead. 
 Traceback (most recent call last):
  File "/common/ketrong/tpotexp/tpot2/tpot2/utils/eval_utils.py", line 53, in objective_nan_wrapper
    value = func_timeout.func_timeout(timeout, objective_function, args=[individual], kwargs=objective_kwargs)
  File "/common/ketrong/tpotexp/env/lib/python3.10/site-packages/func_timeout/dafunc.py", line 108, in func_timeout
    raise_exception(exception)
  File "/common/ketrong/tpotexp/env/lib/python3.10/site-packages/func_timeout/py3_raise.py", line 7, in raise_exception
    raise exception[0] from None
  File "/common/ketrong/tpotexp/tpot2/tpot2/tpot_estimator/estimator.py", line 623, in objective_function
    return objective_function_generator(
  File "/common/ketrong/tpotexp/tpot2/tpot2/tpot_estimator/estimator_utils.py", line 55, in objective_function_generator
    cv_obj_scores = cross_val_score_objective(sklearn.base.clone(pipeline),x,y,scorers=scorers, cv=cv , fold=step)
  File "/common/ketrong/tpotexp/tpot2/tpot2/tpot_estimator/cross_val_utils.py", line 28, in cross_val_score_objective
    this_fold_pipeline.fit(X_train,y_train)
  File "/common/ketrong/tpotexp/env/lib/python3.10/site-packages/sklearn/base.py", line 1473, in wrapper
    return fit_method(estimator, *args, **kwargs)
  File "/common/ketrong/tpotexp/env/lib/python3.10/site-packages/sklearn/pipeline.py", line 473, in fit
    self._final_estimator.fit(Xt, y, **last_step_params["fit"])
  File "/common/ketrong/tpotexp/env/lib/python3.10/site-packages/sklearn/base.py", line 1466, in wrapper
    estimator._validate_params()
  File "/common/ketrong/tpotexp/env/lib/python3.10/site-packages/sklearn/base.py", line 666, in _validate_params
    validate_parameter_constraints(
  File "/common/ketrong/tpotexp/env/lib/python3.10/site-packages/sklearn/utils/_param_validation.py", line 95, in validate_parameter_constraints
    raise InvalidParameterError(
sklearn.utils._param_validation.InvalidParameterError: The 'criterion' parameter of RandomForestRegressor must be a str among {'friedman_mse', 'poisson', 'absolute_error', 'squared_error'}. Got 'mae' instead.

Generation:  13
Best root_mean_squared_error score: -1.2901114312008386
Generation:  52%|    | 13/25 [52:24<26:01, 130.11s/it]Generation:  14
Best root_mean_squared_error score: -1.2901114312008386
Generation:  56%|    | 14/25 [53:35<20:35, 112.36s/it]Generation:  15
Best root_mean_squared_error score: -1.2901114312008386
Generation:  60%|    | 15/25 [54:50<16:52, 101.26s/it]Generation:  16
Best root_mean_squared_error score: -1.2901114312008386
Generation:  64%|   | 16/25 [55:37<12:41, 84.67s/it] WARNING AN INDIVIDUAL TIMED OUT: 
 <tpot2.search_spaces.pipelines.sequential.SequentialPipelineIndividual object at 0x1553d5ebd360> 

Generation:  17
Best root_mean_squared_error score: -1.289288868365246
Generation:  68%|   | 17/25 [1:05:42<32:09, 241.19s/it]Generation:  18
Best root_mean_squared_error score: -1.289288868365246
Generation:  72%|  | 18/25 [1:06:17<20:55, 179.31s/it]Generation:  19
Best root_mean_squared_error score: -1.289288868365246
Generation:  76%|  | 19/25 [1:07:24<14:34, 145.70s/it]Generation:  20
Best root_mean_squared_error score: -1.289288868365246
Generation:  80%|  | 20/25 [1:07:57<09:19, 111.84s/it]WARNING THIS INDIVIDUAL CAUSED AND EXCEPTION 
 <tpot2.search_spaces.pipelines.sequential.SequentialPipelineIndividual object at 0x15545fc0d930> 
 The 'criterion' parameter of DecisionTreeRegressor must be a str among {'friedman_mse', 'poisson', 'absolute_error', 'squared_error'}. Got 'mae' instead. 
 Traceback (most recent call last):
  File "/common/ketrong/tpotexp/tpot2/tpot2/utils/eval_utils.py", line 53, in objective_nan_wrapper
    value = func_timeout.func_timeout(timeout, objective_function, args=[individual], kwargs=objective_kwargs)
  File "/common/ketrong/tpotexp/env/lib/python3.10/site-packages/func_timeout/dafunc.py", line 108, in func_timeout
    raise_exception(exception)
  File "/common/ketrong/tpotexp/env/lib/python3.10/site-packages/func_timeout/py3_raise.py", line 7, in raise_exception
    raise exception[0] from None
  File "/common/ketrong/tpotexp/tpot2/tpot2/tpot_estimator/estimator.py", line 623, in objective_function
    return objective_function_generator(
  File "/common/ketrong/tpotexp/tpot2/tpot2/tpot_estimator/estimator_utils.py", line 55, in objective_function_generator
    cv_obj_scores = cross_val_score_objective(sklearn.base.clone(pipeline),x,y,scorers=scorers, cv=cv , fold=step)
  File "/common/ketrong/tpotexp/tpot2/tpot2/tpot_estimator/cross_val_utils.py", line 28, in cross_val_score_objective
    this_fold_pipeline.fit(X_train,y_train)
  File "/common/ketrong/tpotexp/env/lib/python3.10/site-packages/sklearn/base.py", line 1473, in wrapper
    return fit_method(estimator, *args, **kwargs)
  File "/common/ketrong/tpotexp/env/lib/python3.10/site-packages/sklearn/pipeline.py", line 473, in fit
    self._final_estimator.fit(Xt, y, **last_step_params["fit"])
  File "/common/ketrong/tpotexp/env/lib/python3.10/site-packages/sklearn/base.py", line 1466, in wrapper
    estimator._validate_params()
  File "/common/ketrong/tpotexp/env/lib/python3.10/site-packages/sklearn/base.py", line 666, in _validate_params
    validate_parameter_constraints(
  File "/common/ketrong/tpotexp/env/lib/python3.10/site-packages/sklearn/utils/_param_validation.py", line 95, in validate_parameter_constraints
    raise InvalidParameterError(
sklearn.utils._param_validation.InvalidParameterError: The 'criterion' parameter of DecisionTreeRegressor must be a str among {'friedman_mse', 'poisson', 'absolute_error', 'squared_error'}. Got 'mae' instead.

Generation:  21
Best root_mean_squared_error score: -1.289288868365246
Generation:  84%| | 21/25 [1:12:28<10:37, 159.42s/it]Generation:  22
Best root_mean_squared_error score: -1.289288868365246
Generation:  88%| | 22/25 [1:14:12<07:09, 143.01s/it]Generation:  23
Best root_mean_squared_error score: -1.289288868365246
Generation:  92%|| 23/25 [1:14:46<03:40, 110.29s/it]WARNING THIS INDIVIDUAL CAUSED AND EXCEPTION 
 <tpot2.search_spaces.pipelines.sequential.SequentialPipelineIndividual object at 0x1554253d1900> 
 The 'criterion' parameter of DecisionTreeRegressor must be a str among {'friedman_mse', 'poisson', 'absolute_error', 'squared_error'}. Got 'mae' instead. 
 Traceback (most recent call last):
  File "/common/ketrong/tpotexp/tpot2/tpot2/utils/eval_utils.py", line 53, in objective_nan_wrapper
    value = func_timeout.func_timeout(timeout, objective_function, args=[individual], kwargs=objective_kwargs)
  File "/common/ketrong/tpotexp/env/lib/python3.10/site-packages/func_timeout/dafunc.py", line 108, in func_timeout
    raise_exception(exception)
  File "/common/ketrong/tpotexp/env/lib/python3.10/site-packages/func_timeout/py3_raise.py", line 7, in raise_exception
    raise exception[0] from None
  File "/common/ketrong/tpotexp/tpot2/tpot2/tpot_estimator/estimator.py", line 623, in objective_function
    return objective_function_generator(
  File "/common/ketrong/tpotexp/tpot2/tpot2/tpot_estimator/estimator_utils.py", line 55, in objective_function_generator
    cv_obj_scores = cross_val_score_objective(sklearn.base.clone(pipeline),x,y,scorers=scorers, cv=cv , fold=step)
  File "/common/ketrong/tpotexp/tpot2/tpot2/tpot_estimator/cross_val_utils.py", line 28, in cross_val_score_objective
    this_fold_pipeline.fit(X_train,y_train)
  File "/common/ketrong/tpotexp/env/lib/python3.10/site-packages/sklearn/base.py", line 1473, in wrapper
    return fit_method(estimator, *args, **kwargs)
  File "/common/ketrong/tpotexp/env/lib/python3.10/site-packages/sklearn/pipeline.py", line 473, in fit
    self._final_estimator.fit(Xt, y, **last_step_params["fit"])
  File "/common/ketrong/tpotexp/env/lib/python3.10/site-packages/sklearn/base.py", line 1466, in wrapper
    estimator._validate_params()
  File "/common/ketrong/tpotexp/env/lib/python3.10/site-packages/sklearn/base.py", line 666, in _validate_params
    validate_parameter_constraints(
  File "/common/ketrong/tpotexp/env/lib/python3.10/site-packages/sklearn/utils/_param_validation.py", line 95, in validate_parameter_constraints
    raise InvalidParameterError(
sklearn.utils._param_validation.InvalidParameterError: The 'criterion' parameter of DecisionTreeRegressor must be a str among {'friedman_mse', 'poisson', 'absolute_error', 'squared_error'}. Got 'mae' instead.

Generation:  24
Best root_mean_squared_error score: -1.289288868365246
Generation:  96%|| 24/25 [1:20:27<02:59, 179.24s/it]WARNING AN INDIVIDUAL TIMED OUT: 
 <tpot2.search_spaces.pipelines.sequential.SequentialPipelineIndividual object at 0x1554572297b0> 

Generation:  25
Best root_mean_squared_error score: -1.289288868365246
Generation: 100%|| 25/25 [1:30:30<00:00, 306.60s/it]Generation: 100%|| 25/25 [1:30:30<00:00, 217.23s/it]
2024-10-03 12:52:29,942 - distributed.scheduler - ERROR - Removing worker 'tcp://127.0.0.1:44041' caused the cluster to lose scattered data, which can't be recovered: {'DataFrame-5528c690745f5eac67cbeaa402c5bbc8', 'DataFrame-a4fd229d0d64e340bbc29ac5fc78ab11'} (stimulus_id='handle-worker-cleanup-1727985149.9425778')
Fitted
Pipeline(steps=[('simpleimputer', SimpleImputer()),
                ('lgbmregressor',
                 LGBMRegressor(max_depth=7, n_estimators=82, n_jobs=1,
                               num_leaves=120, verbose=-1))])
transform worked
try transform
transform worked
score start
train score: {'explained_var': 0.5104038353116951, 'r2': 0.5104038353116951, 'rmse': 1.1139206518735243}
test score: {'explained_var': 0.3466174444762222, 'r2': 0.34646962321067054, 'rmse': 1.2290316837233477}
original test score: {'explained_var': 0.5829380836729325, 'r2': 0.5813001295184671, 'rmse': 0.983742881439091}
score end
42183
lvl
0.5
type
MCAR
num_run
1
reg_full
finished
all finished
full run takes
8.844629780054092
hours
DONE
