Run: 60
/cm/local/apps/slurm/var/spool/job925519/slurm_script: line 26: 
pip install -e tpot2
pip install -r tpot2/ImputerExperiments/requirements_.txt
: No such file or directory
RunStart
starting loops
../data/r/189/189.pkl
working on 
../data/r/189/reg_full_MNAR_0.5_3
1.0551424026489258
running experiment 1/3 - Does large hyperparameter space improve reconstruction accuracy over simple
[I 2024-08-19 10:38:08,189] A new study created in memory with name: no-name-2c10d6c7-a57f-4f9c-8361-5fdfb9b0a4b3
running
running
running
running
running
running
running
running
running
running
running
running
running
running
running
running
[I 2024-08-19 10:38:08,629] Trial 12 finished with value: 0.24527241835566974 and parameters: {'model_name': 'SimpleImputer', 'strategy': 'constant'}. Best is trial 12 with value: 0.24527241835566974.
running
[I 2024-08-19 10:38:09,287] Trial 6 finished with value: 0.24527241835566974 and parameters: {'model_name': 'SimpleImputer', 'strategy': 'most_frequent'}. Best is trial 12 with value: 0.24527241835566974.
running
[I 2024-08-19 10:38:15,890] Trial 1 finished with value: 0.24478093191387593 and parameters: {'model_name': 'KNNImputer', 'n_neighbors': 2507, 'weights': 'uniform'}. Best is trial 1 with value: 0.24478093191387593.
running
[I 2024-08-19 10:38:16,326] Trial 10 finished with value: 0.2446224767706909 and parameters: {'model_name': 'KNNImputer', 'n_neighbors': 2166, 'weights': 'uniform'}. Best is trial 10 with value: 0.2446224767706909.
running
[I 2024-08-19 10:38:16,603] Trial 13 finished with value: 0.24524943813679928 and parameters: {'model_name': 'KNNImputer', 'n_neighbors': 5911, 'weights': 'uniform'}. Best is trial 10 with value: 0.2446224767706909.
[I 2024-08-19 10:38:16,755] Trial 14 finished with value: 0.2452035650850223 and parameters: {'model_name': 'KNNImputer', 'n_neighbors': 4875, 'weights': 'uniform'}. Best is trial 10 with value: 0.2446224767706909.
running
running
[I 2024-08-19 10:38:17,102] Trial 16 finished with value: 0.24522903195115076 and parameters: {'model_name': 'KNNImputer', 'n_neighbors': 6136, 'weights': 'uniform'}. Best is trial 10 with value: 0.2446224767706909.
[I 2024-08-19 10:38:17,252] Trial 18 finished with value: 0.24527241835566974 and parameters: {'model_name': 'SimpleImputer', 'strategy': 'median'}. Best is trial 10 with value: 0.2446224767706909.
running
running
[I 2024-08-19 10:38:17,448] Trial 21 finished with value: 0.24527241835566974 and parameters: {'model_name': 'SimpleImputer', 'strategy': 'constant'}. Best is trial 10 with value: 0.2446224767706909.
running
[I 2024-08-19 10:38:17,755] Trial 5 finished with value: 0.24762824792222235 and parameters: {'model_name': 'KNNImputer', 'n_neighbors': 1599, 'weights': 'distance'}. Best is trial 10 with value: 0.2446224767706909.
running
[I 2024-08-19 10:38:18,339] Trial 24 finished with value: 0.24527241835566974 and parameters: {'model_name': 'SimpleImputer', 'strategy': 'median'}. Best is trial 10 with value: 0.2446224767706909.
running
[I 2024-08-19 10:38:18,880] Trial 23 finished with value: 0.24527241835566974 and parameters: {'model_name': 'SimpleImputer', 'strategy': 'most_frequent'}. Best is trial 10 with value: 0.2446224767706909.
running
[I 2024-08-19 10:38:19,196] Trial 4 finished with value: 0.24795703296298144 and parameters: {'model_name': 'KNNImputer', 'n_neighbors': 3059, 'weights': 'distance'}. Best is trial 10 with value: 0.2446224767706909.
running
[I 2024-08-19 10:38:22,976] Trial 19 finished with value: 0.24479927335129098 and parameters: {'model_name': 'KNNImputer', 'n_neighbors': 2610, 'weights': 'uniform'}. Best is trial 10 with value: 0.2446224767706909.
running
[I 2024-08-19 10:38:23,763] Trial 20 finished with value: 0.24750451684621083 and parameters: {'model_name': 'KNNImputer', 'n_neighbors': 1324, 'weights': 'distance'}. Best is trial 10 with value: 0.2446224767706909.
running
[I 2024-08-19 10:38:30,661] Trial 3 finished with value: 0.3442671280277857 and parameters: {'model_name': 'GAIN', 'batch_size': 841, 'hint_rate': 0.2982990185020401, 'alpha': 56, 'iterations': 2, 'learning_rate': 0.0007634491597768404, 'p_miss': 0.01655547009841167}. Best is trial 10 with value: 0.2446224767706909.
running
[I 2024-08-19 10:38:39,270] Trial 9 finished with value: 0.24532525234184285 and parameters: {'model_name': 'IterativeImputer', 'estimator': 'Ridge', 'initial_strategy': 'mean', 'n_nearest_features': 5, 'imputation_order': 'roman'}. Best is trial 10 with value: 0.2446224767706909.
running
[I 2024-08-19 10:38:40,000] Trial 11 finished with value: 0.245341335234108 and parameters: {'model_name': 'IterativeImputer', 'estimator': 'Ridge', 'initial_strategy': 'constant', 'n_nearest_features': 6, 'imputation_order': 'descending'}. Best is trial 10 with value: 0.2446224767706909.
running
[I 2024-08-19 10:38:45,077] Trial 22 finished with value: 0.3451292590253458 and parameters: {'model_name': 'GAIN', 'batch_size': 515, 'hint_rate': 0.15139992202506372, 'alpha': 69, 'iterations': 10, 'learning_rate': 0.00014726731373640046, 'p_miss': 0.2112069404144591}. Best is trial 10 with value: 0.2446224767706909.
running
[I 2024-08-19 10:38:50,779] Trial 27 finished with value: 0.24513718844812965 and parameters: {'model_name': 'IterativeImputer', 'estimator': 'Ridge', 'initial_strategy': 'mean', 'n_nearest_features': 2, 'imputation_order': 'descending'}. Best is trial 10 with value: 0.2446224767706909.
running
[I 2024-08-19 10:38:51,955] Trial 34 finished with value: 0.24279540274991201 and parameters: {'model_name': 'KNNImputer', 'n_neighbors': 321, 'weights': 'uniform'}. Best is trial 34 with value: 0.24279540274991201.
running
[I 2024-08-19 10:38:57,368] Trial 35 finished with value: 0.24426669927590447 and parameters: {'model_name': 'KNNImputer', 'n_neighbors': 30, 'weights': 'uniform'}. Best is trial 34 with value: 0.24279540274991201.
running
[I 2024-08-19 10:38:59,073] Trial 36 finished with value: 0.2423457978573645 and parameters: {'model_name': 'KNNImputer', 'n_neighbors': 163, 'weights': 'uniform'}. Best is trial 36 with value: 0.2423457978573645.
running
[I 2024-08-19 10:39:03,624] Trial 37 finished with value: 0.24473866251408544 and parameters: {'model_name': 'KNNImputer', 'n_neighbors': 26, 'weights': 'uniform'}. Best is trial 36 with value: 0.2423457978573645.
running
[I 2024-08-19 10:39:05,259] Trial 38 finished with value: 0.2567185020277757 and parameters: {'model_name': 'KNNImputer', 'n_neighbors': 4, 'weights': 'uniform'}. Best is trial 36 with value: 0.2423457978573645.
running
[I 2024-08-19 10:39:16,564] Trial 32 finished with value: 0.3029314236837072 and parameters: {'model_name': 'IterativeImputer', 'estimator': 'Bayesian', 'initial_strategy': 'most_frequent', 'n_nearest_features': 1, 'imputation_order': 'descending', 'sample_posterior': True}. Best is trial 36 with value: 0.2423457978573645.
running
[I 2024-08-19 10:39:34,505] Trial 15 finished with value: 0.25311931056781306 and parameters: {'model_name': 'IterativeImputer', 'estimator': 'KNN', 'initial_strategy': 'most_frequent', 'n_nearest_features': 7, 'imputation_order': 'ascending'}. Best is trial 36 with value: 0.2423457978573645.
running
[I 2024-08-19 10:39:41,235] Trial 28 finished with value: inf and parameters: {'model_name': 'GAIN', 'batch_size': 1, 'hint_rate': 0.7273836078416044, 'alpha': 22, 'iterations': 857, 'learning_rate': 0.0012444653388908088, 'p_miss': 0.21024467828651772}. Best is trial 36 with value: 0.2423457978573645.
running
[I 2024-08-19 10:39:46,326] Trial 0 finished with value: 0.24530333904688528 and parameters: {'model_name': 'IterativeImputer', 'estimator': 'Bayesian', 'initial_strategy': 'constant', 'n_nearest_features': 2, 'imputation_order': 'descending', 'sample_posterior': False}. Best is trial 36 with value: 0.2423457978573645.
running
[I 2024-08-19 10:39:47,124] Trial 43 finished with value: 0.24366517709891505 and parameters: {'model_name': 'KNNImputer', 'n_neighbors': 937, 'weights': 'uniform'}. Best is trial 36 with value: 0.2423457978573645.
running
[I 2024-08-19 10:39:52,581] Trial 44 finished with value: 0.24338544807130447 and parameters: {'model_name': 'KNNImputer', 'n_neighbors': 800, 'weights': 'uniform'}. Best is trial 36 with value: 0.2423457978573645.
running
[I 2024-08-19 10:39:53,031] Trial 45 finished with value: 0.24408041485505824 and parameters: {'model_name': 'KNNImputer', 'n_neighbors': 1188, 'weights': 'uniform'}. Best is trial 36 with value: 0.2423457978573645.
running
[I 2024-08-19 10:39:58,448] Trial 46 finished with value: 0.2438944813744314 and parameters: {'model_name': 'KNNImputer', 'n_neighbors': 1068, 'weights': 'uniform'}. Best is trial 36 with value: 0.2423457978573645.
running
[I 2024-08-19 10:39:59,039] Trial 47 finished with value: 0.2436715399317395 and parameters: {'model_name': 'KNNImputer', 'n_neighbors': 922, 'weights': 'uniform'}. Best is trial 36 with value: 0.2423457978573645.
running
[I 2024-08-19 10:40:04,071] Trial 48 finished with value: 0.2433725971891994 and parameters: {'model_name': 'KNNImputer', 'n_neighbors': 759, 'weights': 'uniform'}. Best is trial 36 with value: 0.2423457978573645.
running
[I 2024-08-19 10:40:04,531] Trial 49 finished with value: 0.24318656299247085 and parameters: {'model_name': 'KNNImputer', 'n_neighbors': 564, 'weights': 'uniform'}. Best is trial 36 with value: 0.2423457978573645.
running
[I 2024-08-19 10:40:10,226] Trial 51 finished with value: 0.24305028321707497 and parameters: {'model_name': 'KNNImputer', 'n_neighbors': 465, 'weights': 'uniform'}. Best is trial 36 with value: 0.2423457978573645.
running
[I 2024-08-19 10:40:37,026] Trial 31 finished with value: 0.2452626631968895 and parameters: {'model_name': 'IterativeImputer', 'estimator': 'Bayesian', 'initial_strategy': 'median', 'n_nearest_features': 6, 'imputation_order': 'arabic', 'sample_posterior': False}. Best is trial 36 with value: 0.2423457978573645.
running
[I 2024-08-19 10:53:23,856] Trial 2 finished with value: 0.3443351534479527 and parameters: {'model_name': 'GAIN', 'batch_size': 851, 'hint_rate': 0.016390459410549483, 'alpha': 59, 'iterations': 341, 'learning_rate': 0.00016237374201765492, 'p_miss': 0.047146647697673}. Best is trial 36 with value: 0.2423457978573645.
running
[I 2024-08-19 10:55:11,164] Trial 40 finished with value: inf and parameters: {'model_name': 'GAIN', 'batch_size': 1, 'hint_rate': 0.9273368649747671, 'alpha': 1, 'iterations': 4684, 'learning_rate': 0.07942495288528376, 'p_miss': 0.28644965192187977}. Best is trial 36 with value: 0.2423457978573645.
running
[I 2024-08-19 10:55:21,751] Trial 55 finished with value: 0.24812412454938237 and parameters: {'model_name': 'KNNImputer', 'n_neighbors': 4084, 'weights': 'distance'}. Best is trial 36 with value: 0.2423457978573645.
running
[I 2024-08-19 10:55:27,549] Trial 56 finished with value: 0.2430380544439643 and parameters: {'model_name': 'KNNImputer', 'n_neighbors': 464, 'weights': 'uniform'}. Best is trial 36 with value: 0.2423457978573645.
running
[I 2024-08-19 10:55:33,552] Trial 57 finished with value: 0.24305670939824173 and parameters: {'model_name': 'KNNImputer', 'n_neighbors': 453, 'weights': 'uniform'}. Best is trial 36 with value: 0.2423457978573645.
running
[I 2024-08-19 10:55:40,373] Trial 58 finished with value: 0.24443065529533806 and parameters: {'model_name': 'KNNImputer', 'n_neighbors': 1683, 'weights': 'uniform'}. Best is trial 36 with value: 0.2423457978573645.
running
[I 2024-08-19 10:55:46,474] Trial 59 finished with value: 0.24280288894628455 and parameters: {'model_name': 'KNNImputer', 'n_neighbors': 323, 'weights': 'uniform'}. Best is trial 36 with value: 0.2423457978573645.
running
[I 2024-08-19 10:55:51,743] Trial 60 finished with value: 0.24291592381924815 and parameters: {'model_name': 'KNNImputer', 'n_neighbors': 383, 'weights': 'uniform'}. Best is trial 36 with value: 0.2423457978573645.
running
[I 2024-08-19 10:55:58,731] Trial 61 finished with value: 0.24443168717699656 and parameters: {'model_name': 'KNNImputer', 'n_neighbors': 1692, 'weights': 'uniform'}. Best is trial 36 with value: 0.2423457978573645.
running
[I 2024-08-19 10:56:05,285] Trial 62 finished with value: 0.24523271979674255 and parameters: {'model_name': 'KNNImputer', 'n_neighbors': 7201, 'weights': 'uniform'}. Best is trial 36 with value: 0.2423457978573645.
running
[I 2024-08-19 10:57:12,181] Trial 63 finished with value: 0.339719935378974 and parameters: {'model_name': 'GAIN', 'batch_size': 29, 'hint_rate': 0.5397441774072493, 'alpha': 98, 'iterations': 24, 'learning_rate': 0.03880159585696149, 'p_miss': 0.10860139835483015}. Best is trial 36 with value: 0.2423457978573645.
running
[I 2024-08-19 10:57:17,491] Trial 64 finished with value: 0.24266372441838158 and parameters: {'model_name': 'KNNImputer', 'n_neighbors': 234, 'weights': 'uniform'}. Best is trial 36 with value: 0.2423457978573645.
running
[I 2024-08-19 10:57:24,126] Trial 65 finished with value: 0.24460736395994442 and parameters: {'model_name': 'KNNImputer', 'n_neighbors': 2151, 'weights': 'uniform'}. Best is trial 36 with value: 0.2423457978573645.
running
[I 2024-08-19 10:57:29,123] Trial 66 finished with value: 0.24293570809123075 and parameters: {'model_name': 'KNNImputer', 'n_neighbors': 345, 'weights': 'uniform'}. Best is trial 36 with value: 0.2423457978573645.
running
[I 2024-08-19 10:57:33,777] Trial 67 finished with value: 0.24310708856884813 and parameters: {'model_name': 'KNNImputer', 'n_neighbors': 61, 'weights': 'uniform'}. Best is trial 36 with value: 0.2423457978573645.
running
[I 2024-08-19 10:57:39,075] Trial 68 finished with value: 0.24307296325620245 and parameters: {'model_name': 'KNNImputer', 'n_neighbors': 516, 'weights': 'uniform'}. Best is trial 36 with value: 0.2423457978573645.
running
[I 2024-08-19 10:57:44,280] Trial 69 finished with value: 0.2470524317593453 and parameters: {'model_name': 'KNNImputer', 'n_neighbors': 374, 'weights': 'distance'}. Best is trial 36 with value: 0.2423457978573645.
running
[I 2024-08-19 10:57:49,900] Trial 70 finished with value: 0.2440398436745983 and parameters: {'model_name': 'KNNImputer', 'n_neighbors': 1136, 'weights': 'uniform'}. Best is trial 36 with value: 0.2423457978573645.
running
[I 2024-08-19 10:57:57,859] Trial 71 finished with value: 0.2479988825767127 and parameters: {'model_name': 'KNNImputer', 'n_neighbors': 3417, 'weights': 'distance'}. Best is trial 36 with value: 0.2423457978573645.
running
[I 2024-08-19 10:57:58,333] Trial 72 finished with value: 0.24523271979674255 and parameters: {'model_name': 'SimpleImputer', 'strategy': 'mean'}. Best is trial 36 with value: 0.2423457978573645.
running
[I 2024-08-19 10:58:01,662] Trial 39 finished with value: inf and parameters: {'model_name': 'GAIN', 'batch_size': 1, 'hint_rate': 0.9375977900789766, 'alpha': 10, 'iterations': 5402, 'learning_rate': 0.06688623760968514, 'p_miss': 0.2883660141314044}. Best is trial 36 with value: 0.2423457978573645.
running
[I 2024-08-19 10:58:04,921] Trial 73 finished with value: 0.24427085905595738 and parameters: {'model_name': 'KNNImputer', 'n_neighbors': 1493, 'weights': 'uniform'}. Best is trial 36 with value: 0.2423457978573645.
running
[I 2024-08-19 10:58:08,141] Trial 74 finished with value: 0.24427364172297322 and parameters: {'model_name': 'KNNImputer', 'n_neighbors': 1429, 'weights': 'uniform'}. Best is trial 36 with value: 0.2423457978573645.
running
[I 2024-08-19 10:58:13,722] Trial 76 finished with value: 0.24294039707587425 and parameters: {'model_name': 'KNNImputer', 'n_neighbors': 347, 'weights': 'uniform'}. Best is trial 36 with value: 0.2423457978573645.
running
[I 2024-08-19 10:58:18,744] Trial 77 finished with value: 0.24263917552657704 and parameters: {'model_name': 'KNNImputer', 'n_neighbors': 241, 'weights': 'uniform'}. Best is trial 36 with value: 0.2423457978573645.
running
[I 2024-08-19 11:02:03,132] Trial 53 finished with value: inf and parameters: {'model_name': 'GAIN', 'batch_size': 1, 'hint_rate': 0.9688682498037158, 'alpha': 97, 'iterations': 5264, 'learning_rate': 0.06328016770189086, 'p_miss': 0.2973955361314249}. Best is trial 36 with value: 0.2423457978573645.
running
[I 2024-08-19 11:03:20,957] Trial 29 finished with value: 0.33841672515396665 and parameters: {'model_name': 'GAIN', 'batch_size': 6, 'hint_rate': 0.121386025551179, 'alpha': 11, 'iterations': 718, 'learning_rate': 0.0006983643883491108, 'p_miss': 0.23869028955469163}. Best is trial 36 with value: 0.2423457978573645.
running
[I 2024-08-19 11:07:01,146] Trial 41 finished with value: inf and parameters: {'model_name': 'GAIN', 'batch_size': 1, 'hint_rate': 0.9311593110491005, 'alpha': 2, 'iterations': 7119, 'learning_rate': 0.09651629527719753, 'p_miss': 0.2942793967915939}. Best is trial 36 with value: 0.2423457978573645.
running
[I 2024-08-19 11:16:06,363] Trial 33 finished with value: inf and parameters: {'model_name': 'GAIN', 'batch_size': 1, 'hint_rate': 0.8957126243013254, 'alpha': 13, 'iterations': 9581, 'learning_rate': 0.09937823231637087, 'p_miss': 0.2953755915095358}. Best is trial 36 with value: 0.2423457978573645.
running
[I 2024-08-19 11:18:30,199] Trial 50 finished with value: inf and parameters: {'model_name': 'GAIN', 'batch_size': 1, 'hint_rate': 0.9831867535626038, 'alpha': 99, 'iterations': 9459, 'learning_rate': 0.08284350824254942, 'p_miss': 0.05604578677405457}. Best is trial 36 with value: 0.2423457978573645.
running
[I 2024-08-19 11:20:43,551] Trial 52 finished with value: inf and parameters: {'model_name': 'GAIN', 'batch_size': 1, 'hint_rate': 0.9818911525265374, 'alpha': 100, 'iterations': 9852, 'learning_rate': 0.08324010785255832, 'p_miss': 0.29824146787821426}. Best is trial 36 with value: 0.2423457978573645.
running
[I 2024-08-19 11:27:44,032] Trial 17 finished with value: 0.2553368538847228 and parameters: {'model_name': 'IterativeImputer', 'estimator': 'RFR', 'initial_strategy': 'constant', 'n_nearest_features': 3, 'imputation_order': 'ascending'}. Best is trial 36 with value: 0.2423457978573645.
running
[I 2024-08-19 11:39:13,598] Trial 30 finished with value: 0.24803408377755068 and parameters: {'model_name': 'IterativeImputer', 'estimator': 'RFR', 'initial_strategy': 'median', 'n_nearest_features': 5, 'imputation_order': 'descending'}. Best is trial 36 with value: 0.2423457978573645.
running
[I 2024-08-19 11:39:19,445] Trial 86 finished with value: 0.2427840469527398 and parameters: {'model_name': 'KNNImputer', 'n_neighbors': 299, 'weights': 'uniform'}. Best is trial 36 with value: 0.2423457978573645.
running
[I 2024-08-19 11:39:25,461] Trial 87 finished with value: 0.24271649650563204 and parameters: {'model_name': 'KNNImputer', 'n_neighbors': 284, 'weights': 'uniform'}. Best is trial 36 with value: 0.2423457978573645.
running
[I 2024-08-19 11:39:32,093] Trial 88 finished with value: 0.24337410201375614 and parameters: {'model_name': 'KNNImputer', 'n_neighbors': 758, 'weights': 'uniform'}. Best is trial 36 with value: 0.2423457978573645.
running
[I 2024-08-19 11:39:37,299] Trial 89 finished with value: 0.24344300310333522 and parameters: {'model_name': 'KNNImputer', 'n_neighbors': 43, 'weights': 'uniform'}. Best is trial 36 with value: 0.2423457978573645.
running
[I 2024-08-19 11:39:43,199] Trial 90 finished with value: 0.2427467124264739 and parameters: {'model_name': 'KNNImputer', 'n_neighbors': 258, 'weights': 'uniform'}. Best is trial 36 with value: 0.2423457978573645.
running
[I 2024-08-19 11:39:43,768] Trial 91 finished with value: 0.24523271979674255 and parameters: {'model_name': 'SimpleImputer', 'strategy': 'mean'}. Best is trial 36 with value: 0.2423457978573645.
running
[I 2024-08-19 11:39:49,726] Trial 92 finished with value: 0.24338254532482084 and parameters: {'model_name': 'KNNImputer', 'n_neighbors': 748, 'weights': 'uniform'}. Best is trial 36 with value: 0.2423457978573645.
running
[I 2024-08-19 11:39:55,126] Trial 93 finished with value: 0.24409605654687366 and parameters: {'model_name': 'KNNImputer', 'n_neighbors': 29, 'weights': 'uniform'}. Best is trial 36 with value: 0.2423457978573645.
running
[I 2024-08-19 11:40:32,526] Trial 94 finished with value: 0.25345765870454084 and parameters: {'model_name': 'IterativeImputer', 'estimator': 'KNN', 'initial_strategy': 'median', 'n_nearest_features': 8, 'imputation_order': 'random'}. Best is trial 36 with value: 0.2423457978573645.
running
[I 2024-08-19 11:40:38,470] Trial 95 finished with value: 0.24337569757702174 and parameters: {'model_name': 'KNNImputer', 'n_neighbors': 749, 'weights': 'uniform'}. Best is trial 36 with value: 0.2423457978573645.
running
[I 2024-08-19 11:40:43,958] Trial 96 finished with value: 0.24275562774851694 and parameters: {'model_name': 'KNNImputer', 'n_neighbors': 263, 'weights': 'uniform'}. Best is trial 36 with value: 0.2423457978573645.
running
[I 2024-08-19 11:40:49,341] Trial 97 finished with value: 0.24267220722915037 and parameters: {'model_name': 'KNNImputer', 'n_neighbors': 235, 'weights': 'uniform'}. Best is trial 36 with value: 0.2423457978573645.
running
[I 2024-08-19 11:40:54,178] Trial 98 finished with value: 0.24793150249252296 and parameters: {'model_name': 'KNNImputer', 'n_neighbors': 9, 'weights': 'uniform'}. Best is trial 36 with value: 0.2423457978573645.
running
[I 2024-08-19 11:41:00,755] Trial 99 finished with value: 0.2438308528592387 and parameters: {'model_name': 'KNNImputer', 'n_neighbors': 1040, 'weights': 'uniform'}. Best is trial 36 with value: 0.2423457978573645.
running
[I 2024-08-19 11:41:06,099] Trial 100 finished with value: 0.2427287003136755 and parameters: {'model_name': 'KNNImputer', 'n_neighbors': 246, 'weights': 'uniform'}. Best is trial 36 with value: 0.2423457978573645.
running
[I 2024-08-19 11:41:11,734] Trial 101 finished with value: 0.24272119178330068 and parameters: {'model_name': 'KNNImputer', 'n_neighbors': 248, 'weights': 'uniform'}. Best is trial 36 with value: 0.2423457978573645.
running
[I 2024-08-19 11:41:18,268] Trial 102 finished with value: 0.2434425037426496 and parameters: {'model_name': 'KNNImputer', 'n_neighbors': 717, 'weights': 'uniform'}. Best is trial 36 with value: 0.2423457978573645.
running
[I 2024-08-19 11:41:29,477] Trial 103 finished with value: 0.24821755833214093 and parameters: {'model_name': 'KNNImputer', 'n_neighbors': 5496, 'weights': 'distance'}. Best is trial 36 with value: 0.2423457978573645.
running
[I 2024-08-19 11:41:31,002] Trial 104 finished with value: 0.24527241835566974 and parameters: {'model_name': 'SimpleImputer', 'strategy': 'most_frequent'}. Best is trial 36 with value: 0.2423457978573645.
running
[I 2024-08-19 11:41:37,784] Trial 105 finished with value: 0.24249185349674182 and parameters: {'model_name': 'KNNImputer', 'n_neighbors': 196, 'weights': 'uniform'}. Best is trial 36 with value: 0.2423457978573645.
running
[I 2024-08-19 11:41:43,874] Trial 106 finished with value: 0.24235931554843398 and parameters: {'model_name': 'KNNImputer', 'n_neighbors': 178, 'weights': 'uniform'}. Best is trial 36 with value: 0.2423457978573645.
running
[I 2024-08-19 11:41:50,432] Trial 107 finished with value: 0.24333737968040006 and parameters: {'model_name': 'KNNImputer', 'n_neighbors': 641, 'weights': 'uniform'}. Best is trial 36 with value: 0.2423457978573645.
running
[I 2024-08-19 11:41:56,899] Trial 108 finished with value: 0.24253196107693284 and parameters: {'model_name': 'KNNImputer', 'n_neighbors': 192, 'weights': 'uniform'}. Best is trial 36 with value: 0.2423457978573645.
running
[I 2024-08-19 11:42:02,405] Trial 109 finished with value: 0.24367944001690253 and parameters: {'model_name': 'KNNImputer', 'n_neighbors': 941, 'weights': 'uniform'}. Best is trial 36 with value: 0.2423457978573645.
running
[I 2024-08-19 11:42:30,904] Trial 110 finished with value: 0.2546420371753223 and parameters: {'model_name': 'IterativeImputer', 'estimator': 'KNN', 'initial_strategy': 'most_frequent', 'n_nearest_features': 4, 'imputation_order': 'roman'}. Best is trial 36 with value: 0.2423457978573645.
running
[I 2024-08-19 11:42:36,038] Trial 111 finished with value: 0.2426883039393445 and parameters: {'model_name': 'KNNImputer', 'n_neighbors': 233, 'weights': 'uniform'}. Best is trial 36 with value: 0.2423457978573645.
running
[I 2024-08-19 11:42:41,327] Trial 112 finished with value: 0.2433706843058548 and parameters: {'model_name': 'KNNImputer', 'n_neighbors': 648, 'weights': 'uniform'}. Best is trial 36 with value: 0.2423457978573645.
running
[I 2024-08-19 11:42:45,713] Trial 113 finished with value: 0.26220652188032967 and parameters: {'model_name': 'KNNImputer', 'n_neighbors': 3, 'weights': 'uniform'}. Best is trial 36 with value: 0.2423457978573645.
running
[I 2024-08-19 11:42:50,885] Trial 114 finished with value: 0.2432100123035848 and parameters: {'model_name': 'KNNImputer', 'n_neighbors': 572, 'weights': 'uniform'}. Best is trial 36 with value: 0.2423457978573645.
running
[I 2024-08-19 11:42:57,358] Trial 115 finished with value: 0.2451508224458451 and parameters: {'model_name': 'KNNImputer', 'n_neighbors': 4255, 'weights': 'uniform'}. Best is trial 36 with value: 0.2423457978573645.
running
[I 2024-08-19 11:43:02,182] Trial 116 finished with value: 0.2426545971752795 and parameters: {'model_name': 'KNNImputer', 'n_neighbors': 229, 'weights': 'uniform'}. Best is trial 36 with value: 0.2423457978573645.
running
[I 2024-08-19 11:43:07,311] Trial 117 finished with value: 0.2424132889119944 and parameters: {'model_name': 'KNNImputer', 'n_neighbors': 181, 'weights': 'uniform'}. Best is trial 36 with value: 0.2423457978573645.
running
[I 2024-08-19 11:43:12,148] Trial 118 finished with value: 0.24235931554843398 and parameters: {'model_name': 'KNNImputer', 'n_neighbors': 178, 'weights': 'uniform'}. Best is trial 36 with value: 0.2423457978573645.
running
[I 2024-08-19 11:43:17,059] Trial 119 finished with value: 0.24305932917716574 and parameters: {'model_name': 'KNNImputer', 'n_neighbors': 513, 'weights': 'uniform'}. Best is trial 36 with value: 0.2423457978573645.
running
[I 2024-08-19 11:43:22,009] Trial 120 finished with value: 0.24243779541848234 and parameters: {'model_name': 'KNNImputer', 'n_neighbors': 198, 'weights': 'uniform'}. Best is trial 36 with value: 0.2423457978573645.
running
[I 2024-08-19 11:43:27,467] Trial 121 finished with value: 0.24408673176173146 and parameters: {'model_name': 'KNNImputer', 'n_neighbors': 1255, 'weights': 'uniform'}. Best is trial 36 with value: 0.2423457978573645.
running
[I 2024-08-19 11:43:33,549] Trial 122 finished with value: 0.2471988274356051 and parameters: {'model_name': 'KNNImputer', 'n_neighbors': 918, 'weights': 'distance'}. Best is trial 36 with value: 0.2423457978573645.
running
[I 2024-08-19 11:43:38,915] Trial 123 finished with value: 0.24304849552829433 and parameters: {'model_name': 'KNNImputer', 'n_neighbors': 508, 'weights': 'uniform'}. Best is trial 36 with value: 0.2423457978573645.
running
[I 2024-08-19 11:43:43,836] Trial 124 finished with value: 0.24250284241533512 and parameters: {'model_name': 'KNNImputer', 'n_neighbors': 144, 'weights': 'uniform'}. Best is trial 36 with value: 0.2423457978573645.
running
[I 2024-08-19 11:44:06,433] Trial 7 finished with value: 0.35362416071589353 and parameters: {'model_name': 'GAIN', 'batch_size': 196, 'hint_rate': 0.38784678818455204, 'alpha': 46, 'iterations': 1723, 'learning_rate': 0.05673154966280958, 'p_miss': 0.21701446632690877}. Best is trial 36 with value: 0.2423457978573645.
running
[I 2024-08-19 11:44:10,659] Trial 126 finished with value: 0.24233937197520444 and parameters: {'model_name': 'KNNImputer', 'n_neighbors': 162, 'weights': 'uniform'}. Best is trial 126 with value: 0.24233937197520444.
running
[I 2024-08-19 11:44:15,072] Trial 127 finished with value: 0.24279598827229135 and parameters: {'model_name': 'KNNImputer', 'n_neighbors': 102, 'weights': 'uniform'}. Best is trial 126 with value: 0.24233937197520444.
running
[I 2024-08-19 11:44:20,168] Trial 128 finished with value: 0.2430629334462028 and parameters: {'model_name': 'KNNImputer', 'n_neighbors': 456, 'weights': 'uniform'}. Best is trial 126 with value: 0.24233937197520444.
running
[I 2024-08-19 11:44:24,966] Trial 129 finished with value: 0.24237090438733172 and parameters: {'model_name': 'KNNImputer', 'n_neighbors': 165, 'weights': 'uniform'}. Best is trial 126 with value: 0.24233937197520444.
running
[I 2024-08-19 11:44:29,757] Trial 130 finished with value: 0.24255915068003125 and parameters: {'model_name': 'KNNImputer', 'n_neighbors': 139, 'weights': 'uniform'}. Best is trial 126 with value: 0.24233937197520444.
running
[I 2024-08-19 11:44:35,346] Trial 131 finished with value: 0.24315143985599846 and parameters: {'model_name': 'KNNImputer', 'n_neighbors': 552, 'weights': 'uniform'}. Best is trial 126 with value: 0.24233937197520444.
running
[I 2024-08-19 11:44:45,951] Trial 26 finished with value: 0.2461620604260572 and parameters: {'model_name': 'IterativeImputer', 'estimator': 'RFR', 'initial_strategy': 'mean', 'n_nearest_features': 6, 'imputation_order': 'arabic'}. Best is trial 126 with value: 0.24233937197520444.
running
[I 2024-08-19 11:44:46,505] Trial 133 finished with value: 0.24523271979674255 and parameters: {'model_name': 'SimpleImputer', 'strategy': 'mean'}. Best is trial 126 with value: 0.24233937197520444.
running
[I 2024-08-19 11:44:53,141] Trial 134 finished with value: 0.2447844283842826 and parameters: {'model_name': 'KNNImputer', 'n_neighbors': 2732, 'weights': 'uniform'}. Best is trial 126 with value: 0.24233937197520444.
running
[I 2024-08-19 11:44:58,072] Trial 8 finished with value: 0.2441014298714254 and parameters: {'model_name': 'IterativeImputer', 'estimator': 'RFR', 'initial_strategy': 'constant', 'n_nearest_features': 6, 'imputation_order': 'arabic'}. Best is trial 126 with value: 0.24233937197520444.
running
[I 2024-08-19 11:44:58,331] Trial 135 finished with value: 0.24247051073028075 and parameters: {'model_name': 'KNNImputer', 'n_neighbors': 146, 'weights': 'uniform'}. Best is trial 126 with value: 0.24233937197520444.
running
[I 2024-08-19 11:45:03,370] Trial 137 finished with value: 0.29516901118995725 and parameters: {'model_name': 'KNNImputer', 'n_neighbors': 1, 'weights': 'uniform'}. Best is trial 126 with value: 0.24233937197520444.
running
[I 2024-08-19 11:45:03,859] Trial 25 finished with value: 0.2459711694253775 and parameters: {'model_name': 'IterativeImputer', 'estimator': 'RFR', 'initial_strategy': 'median', 'n_nearest_features': 6, 'imputation_order': 'arabic'}. Best is trial 126 with value: 0.24233937197520444.
running
[I 2024-08-19 11:45:04,101] Trial 136 finished with value: 0.24245191810860303 and parameters: {'model_name': 'KNNImputer', 'n_neighbors': 140, 'weights': 'uniform'}. Best is trial 126 with value: 0.24233937197520444.
running
[I 2024-08-19 11:45:10,082] Trial 138 finished with value: 0.2424267270759383 and parameters: {'model_name': 'KNNImputer', 'n_neighbors': 147, 'weights': 'uniform'}. Best is trial 126 with value: 0.24233937197520444.
running
[I 2024-08-19 11:45:10,573] Trial 140 finished with value: 0.2430869348199555 and parameters: {'model_name': 'KNNImputer', 'n_neighbors': 478, 'weights': 'uniform'}. Best is trial 126 with value: 0.24233937197520444.
running
[I 2024-08-19 11:45:10,796] Trial 139 finished with value: 0.2429897773462902 and parameters: {'model_name': 'KNNImputer', 'n_neighbors': 435, 'weights': 'uniform'}. Best is trial 126 with value: 0.24233937197520444.
running
[I 2024-08-19 11:45:17,007] Trial 142 finished with value: 0.24289434886544395 and parameters: {'model_name': 'KNNImputer', 'n_neighbors': 405, 'weights': 'uniform'}. Best is trial 126 with value: 0.24233937197520444.
running
[I 2024-08-19 11:45:17,348] Trial 141 finished with value: 0.24297966239778268 and parameters: {'model_name': 'KNNImputer', 'n_neighbors': 433, 'weights': 'uniform'}. Best is trial 126 with value: 0.24233937197520444.
running
[I 2024-08-19 11:45:17,947] Trial 143 finished with value: 0.24367976115392218 and parameters: {'model_name': 'KNNImputer', 'n_neighbors': 919, 'weights': 'uniform'}. Best is trial 126 with value: 0.24233937197520444.
running
[I 2024-08-19 11:45:23,883] Trial 144 finished with value: 0.2434568602585861 and parameters: {'model_name': 'KNNImputer', 'n_neighbors': 836, 'weights': 'uniform'}. Best is trial 126 with value: 0.24233937197520444.
running
[I 2024-08-19 11:45:24,469] Trial 145 finished with value: 0.2435631907927362 and parameters: {'model_name': 'KNNImputer', 'n_neighbors': 870, 'weights': 'uniform'}. Best is trial 126 with value: 0.24233937197520444.
running
[I 2024-08-19 11:45:24,678] Trial 146 finished with value: 0.2427897881452532 and parameters: {'model_name': 'KNNImputer', 'n_neighbors': 111, 'weights': 'uniform'}. Best is trial 126 with value: 0.24233937197520444.
running
[I 2024-08-19 11:45:30,280] Trial 147 finished with value: 0.24233759211554426 and parameters: {'model_name': 'KNNImputer', 'n_neighbors': 153, 'weights': 'uniform'}. Best is trial 147 with value: 0.24233759211554426.
running
[I 2024-08-19 11:45:30,878] Trial 148 finished with value: 0.24237988515517067 and parameters: {'model_name': 'KNNImputer', 'n_neighbors': 148, 'weights': 'uniform'}. Best is trial 147 with value: 0.24233759211554426.
running
[I 2024-08-19 11:45:31,401] Trial 149 finished with value: 0.24237247561899453 and parameters: {'model_name': 'KNNImputer', 'n_neighbors': 157, 'weights': 'uniform'}. Best is trial 147 with value: 0.24233759211554426.
running
[I 2024-08-19 11:45:36,221] Trial 150 finished with value: 0.2466856755707168 and parameters: {'model_name': 'KNNImputer', 'n_neighbors': 149, 'weights': 'distance'}. Best is trial 147 with value: 0.24233759211554426.
running
[I 2024-08-19 11:45:38,426] Trial 152 finished with value: 0.24710843159180046 and parameters: {'model_name': 'KNNImputer', 'n_neighbors': 645, 'weights': 'distance'}. Best is trial 147 with value: 0.24233759211554426.
running
[I 2024-08-19 11:45:38,828] Trial 151 finished with value: 0.24705876915618735 and parameters: {'model_name': 'KNNImputer', 'n_neighbors': 601, 'weights': 'distance'}. Best is trial 147 with value: 0.24233759211554426.
running
[I 2024-08-19 11:45:42,534] Trial 42 finished with value: inf and parameters: {'model_name': 'GAIN', 'batch_size': 1, 'hint_rate': 0.9839512031093678, 'alpha': 3, 'iterations': 8991, 'learning_rate': 0.09362902964388008, 'p_miss': 0.28891189335560796}. Best is trial 147 with value: 0.24233759211554426.
running
[I 2024-08-19 11:45:43,589] Trial 153 finished with value: 0.24340627777597748 and parameters: {'model_name': 'KNNImputer', 'n_neighbors': 660, 'weights': 'uniform'}. Best is trial 147 with value: 0.24233759211554426.
running
[I 2024-08-19 11:45:49,123] Trial 156 finished with value: 0.24250284241533512 and parameters: {'model_name': 'KNNImputer', 'n_neighbors': 144, 'weights': 'uniform'}. Best is trial 147 with value: 0.24233759211554426.
running
[I 2024-08-19 11:45:50,661] Trial 157 finished with value: 0.24245861131014937 and parameters: {'model_name': 'KNNImputer', 'n_neighbors': 129, 'weights': 'uniform'}. Best is trial 147 with value: 0.24233759211554426.
running
[I 2024-08-19 11:45:55,350] Trial 158 finished with value: 0.24926029201013158 and parameters: {'model_name': 'KNNImputer', 'n_neighbors': 7, 'weights': 'uniform'}. Best is trial 147 with value: 0.24233759211554426.
running
[I 2024-08-19 11:47:23,844] Trial 159 finished with value: 0.25360616669103675 and parameters: {'model_name': 'IterativeImputer', 'estimator': 'KNN', 'initial_strategy': 'mean', 'n_nearest_features': 8, 'imputation_order': 'random'}. Best is trial 147 with value: 0.24233759211554426.
running
[I 2024-08-19 11:47:28,868] Trial 160 finished with value: 0.25345765870454084 and parameters: {'model_name': 'IterativeImputer', 'estimator': 'KNN', 'initial_strategy': 'most_frequent', 'n_nearest_features': 8, 'imputation_order': 'random'}. Best is trial 147 with value: 0.24233759211554426.
running
[I 2024-08-19 11:47:30,839] Trial 161 finished with value: 0.24301473027641282 and parameters: {'model_name': 'KNNImputer', 'n_neighbors': 364, 'weights': 'uniform'}. Best is trial 147 with value: 0.24233759211554426.
running
[I 2024-08-19 11:47:36,526] Trial 162 finished with value: 0.24301787178168 and parameters: {'model_name': 'KNNImputer', 'n_neighbors': 362, 'weights': 'uniform'}. Best is trial 147 with value: 0.24233759211554426.
running
[I 2024-08-19 11:47:38,704] Trial 163 finished with value: 0.243025003500484 and parameters: {'model_name': 'KNNImputer', 'n_neighbors': 358, 'weights': 'uniform'}. Best is trial 147 with value: 0.24233759211554426.
running
[I 2024-08-19 11:47:39,678] Trial 165 finished with value: 0.24527241835566974 and parameters: {'model_name': 'SimpleImputer', 'strategy': 'median'}. Best is trial 147 with value: 0.24233759211554426.
running
[I 2024-08-19 11:47:44,225] Trial 164 finished with value: 0.24451297995013072 and parameters: {'model_name': 'KNNImputer', 'n_neighbors': 1870, 'weights': 'uniform'}. Best is trial 147 with value: 0.24233759211554426.
running
[I 2024-08-19 11:47:46,740] Trial 166 finished with value: 0.24233759211554426 and parameters: {'model_name': 'KNNImputer', 'n_neighbors': 153, 'weights': 'uniform'}. Best is trial 147 with value: 0.24233759211554426.
running
[I 2024-08-19 11:47:50,866] Trial 167 finished with value: 0.2423624392463677 and parameters: {'model_name': 'KNNImputer', 'n_neighbors': 159, 'weights': 'uniform'}. Best is trial 147 with value: 0.24233759211554426.
running
[I 2024-08-19 11:47:53,562] Trial 168 finished with value: 0.24237988515517067 and parameters: {'model_name': 'KNNImputer', 'n_neighbors': 148, 'weights': 'uniform'}. Best is trial 147 with value: 0.24233759211554426.
running
[I 2024-08-19 11:47:57,279] Trial 169 finished with value: 0.2567185020277757 and parameters: {'model_name': 'KNNImputer', 'n_neighbors': 4, 'weights': 'uniform'}. Best is trial 147 with value: 0.24233759211554426.
running
[I 2024-08-19 11:48:00,398] Trial 170 finished with value: 0.2427987607592752 and parameters: {'model_name': 'KNNImputer', 'n_neighbors': 306, 'weights': 'uniform'}. Best is trial 147 with value: 0.24233759211554426.
running
[I 2024-08-19 11:48:04,251] Trial 171 finished with value: 0.24272950477308144 and parameters: {'model_name': 'KNNImputer', 'n_neighbors': 290, 'weights': 'uniform'}. Best is trial 147 with value: 0.24233759211554426.
running
[I 2024-08-19 11:48:07,935] Trial 172 finished with value: 0.24278285813532455 and parameters: {'model_name': 'KNNImputer', 'n_neighbors': 322, 'weights': 'uniform'}. Best is trial 147 with value: 0.24233759211554426.
running
[I 2024-08-19 11:48:10,906] Trial 173 finished with value: 0.24237247561899453 and parameters: {'model_name': 'KNNImputer', 'n_neighbors': 157, 'weights': 'uniform'}. Best is trial 147 with value: 0.24233759211554426.
running
[I 2024-08-19 11:48:14,072] Trial 175 finished with value: 0.345587440491801 and parameters: {'model_name': 'GAIN', 'batch_size': 55, 'hint_rate': 0.6084038460827875, 'alpha': 33, 'iterations': 1, 'learning_rate': 0.018332379524603114, 'p_miss': 0.13600005204431687}. Best is trial 147 with value: 0.24233759211554426.
running
[I 2024-08-19 11:48:14,890] Trial 174 finished with value: 0.24243841749463355 and parameters: {'model_name': 'KNNImputer', 'n_neighbors': 141, 'weights': 'uniform'}. Best is trial 147 with value: 0.24233759211554426.
running
[I 2024-08-19 11:48:16,425] Trial 154 finished with value: 0.3046023351210078 and parameters: {'model_name': 'IterativeImputer', 'estimator': 'Bayesian', 'initial_strategy': 'mean', 'n_nearest_features': 8, 'imputation_order': 'random', 'sample_posterior': True}. Best is trial 147 with value: 0.24233759211554426.
running
[I 2024-08-19 11:48:20,462] Trial 176 finished with value: 0.24234912253041513 and parameters: {'model_name': 'KNNImputer', 'n_neighbors': 156, 'weights': 'uniform'}. Best is trial 147 with value: 0.24233759211554426.
running
[I 2024-08-19 11:48:22,088] Trial 177 finished with value: 0.24301559871489337 and parameters: {'model_name': 'KNNImputer', 'n_neighbors': 500, 'weights': 'uniform'}. Best is trial 147 with value: 0.24233759211554426.
running
[I 2024-08-19 11:48:22,592] Trial 178 finished with value: 0.27237880396523695 and parameters: {'model_name': 'KNNImputer', 'n_neighbors': 2, 'weights': 'uniform'}. Best is trial 147 with value: 0.24233759211554426.
running
[I 2024-08-19 11:48:24,395] Trial 155 finished with value: 0.3046023351210078 and parameters: {'model_name': 'IterativeImputer', 'estimator': 'Bayesian', 'initial_strategy': 'most_frequent', 'n_nearest_features': 8, 'imputation_order': 'random', 'sample_posterior': True}. Best is trial 147 with value: 0.24233759211554426.
running
[I 2024-08-19 11:48:28,119] Trial 179 finished with value: 0.24523271979674255 and parameters: {'model_name': 'KNNImputer', 'n_neighbors': 6604, 'weights': 'uniform'}. Best is trial 147 with value: 0.24233759211554426.
running
[I 2024-08-19 11:48:28,836] Trial 180 finished with value: 0.2426779571473118 and parameters: {'model_name': 'KNNImputer', 'n_neighbors': 250, 'weights': 'uniform'}. Best is trial 147 with value: 0.24233759211554426.
running
[I 2024-08-19 11:48:30,304] Trial 181 finished with value: 0.24275562774851694 and parameters: {'model_name': 'KNNImputer', 'n_neighbors': 263, 'weights': 'uniform'}. Best is trial 147 with value: 0.24233759211554426.
running
[I 2024-08-19 11:48:31,147] Trial 182 finished with value: 0.2426637067187678 and parameters: {'model_name': 'KNNImputer', 'n_neighbors': 244, 'weights': 'uniform'}. Best is trial 147 with value: 0.24233759211554426.
running
[I 2024-08-19 11:48:35,180] Trial 183 finished with value: 0.2427064978287085 and parameters: {'model_name': 'KNNImputer', 'n_neighbors': 245, 'weights': 'uniform'}. Best is trial 147 with value: 0.24233759211554426.
running
[I 2024-08-19 11:48:35,643] Trial 184 finished with value: 0.2432730744203817 and parameters: {'model_name': 'KNNImputer', 'n_neighbors': 608, 'weights': 'uniform'}. Best is trial 147 with value: 0.24233759211554426.
running
[I 2024-08-19 11:48:37,582] Trial 186 finished with value: 0.2425034787985275 and parameters: {'model_name': 'KNNImputer', 'n_neighbors': 133, 'weights': 'uniform'}. Best is trial 147 with value: 0.24233759211554426.
running
[I 2024-08-19 11:48:37,969] Trial 185 finished with value: 0.2432800826081672 and parameters: {'model_name': 'KNNImputer', 'n_neighbors': 609, 'weights': 'uniform'}. Best is trial 147 with value: 0.24233759211554426.
running
[I 2024-08-19 11:48:41,565] Trial 187 finished with value: 0.24245435699914028 and parameters: {'model_name': 'KNNImputer', 'n_neighbors': 130, 'weights': 'uniform'}. Best is trial 147 with value: 0.24233759211554426.
running
[I 2024-08-19 11:48:42,104] Trial 188 finished with value: 0.24259514757154435 and parameters: {'model_name': 'KNNImputer', 'n_neighbors': 134, 'weights': 'uniform'}. Best is trial 147 with value: 0.24233759211554426.
running
[I 2024-08-19 11:48:44,508] Trial 190 finished with value: 0.24292711043426712 and parameters: {'model_name': 'KNNImputer', 'n_neighbors': 421, 'weights': 'uniform'}. Best is trial 147 with value: 0.24233759211554426.
running
[I 2024-08-19 11:48:44,869] Trial 189 finished with value: 0.24304285178921994 and parameters: {'model_name': 'KNNImputer', 'n_neighbors': 446, 'weights': 'uniform'}. Best is trial 147 with value: 0.24233759211554426.
running
[I 2024-08-19 11:48:48,132] Trial 191 finished with value: 0.24291849582584465 and parameters: {'model_name': 'KNNImputer', 'n_neighbors': 413, 'weights': 'uniform'}. Best is trial 147 with value: 0.24233759211554426.
running
[I 2024-08-19 11:48:49,384] Trial 192 finished with value: 0.2429897773462902 and parameters: {'model_name': 'KNNImputer', 'n_neighbors': 435, 'weights': 'uniform'}. Best is trial 147 with value: 0.24233759211554426.
running
[I 2024-08-19 11:48:50,980] Trial 193 finished with value: 0.24490903019925173 and parameters: {'model_name': 'KNNImputer', 'n_neighbors': 21, 'weights': 'uniform'}. Best is trial 147 with value: 0.24233759211554426.
running
[I 2024-08-19 11:48:51,205] Trial 194 finished with value: 0.24748069229896325 and parameters: {'model_name': 'KNNImputer', 'n_neighbors': 12, 'weights': 'uniform'}. Best is trial 147 with value: 0.24233759211554426.
running
[I 2024-08-19 11:48:54,826] Trial 195 finished with value: 0.24429383180599934 and parameters: {'model_name': 'KNNImputer', 'n_neighbors': 32, 'weights': 'uniform'}. Best is trial 147 with value: 0.24233759211554426.
running
[I 2024-08-19 11:48:56,441] Trial 196 finished with value: 0.24317629035508945 and parameters: {'model_name': 'KNNImputer', 'n_neighbors': 73, 'weights': 'uniform'}. Best is trial 147 with value: 0.24233759211554426.
[I 2024-08-19 11:48:57,649] Trial 197 finished with value: 0.24245011861082713 and parameters: {'model_name': 'KNNImputer', 'n_neighbors': 128, 'weights': 'uniform'}. Best is trial 147 with value: 0.24233759211554426.
[I 2024-08-19 11:48:58,155] Trial 198 finished with value: 0.24245414690921402 and parameters: {'model_name': 'KNNImputer', 'n_neighbors': 142, 'weights': 'uniform'}. Best is trial 147 with value: 0.24233759211554426.
[I 2024-08-19 11:48:59,521] Trial 199 finished with value: 0.24230950453096117 and parameters: {'model_name': 'KNNImputer', 'n_neighbors': 170, 'weights': 'uniform'}. Best is trial 199 with value: 0.24230950453096117.
[I 2024-08-19 11:51:02,041] Trial 54 finished with value: 0.34064158030968805 and parameters: {'model_name': 'GAIN', 'batch_size': 8, 'hint_rate': 0.9831061988638026, 'alpha': 99, 'iterations': 3749, 'learning_rate': 0.06417832896409698, 'p_miss': 0.294765049554632}. Best is trial 199 with value: 0.24230950453096117.
[I 2024-08-19 12:02:01,869] Trial 75 finished with value: 0.24457946441107561 and parameters: {'model_name': 'IterativeImputer', 'estimator': 'RFR', 'initial_strategy': 'median', 'n_nearest_features': 8, 'imputation_order': 'random'}. Best is trial 199 with value: 0.24230950453096117.
[I 2024-08-19 12:02:20,734] Trial 78 finished with value: 0.24371303359242677 and parameters: {'model_name': 'IterativeImputer', 'estimator': 'RFR', 'initial_strategy': 'median', 'n_nearest_features': 8, 'imputation_order': 'random'}. Best is trial 199 with value: 0.24230950453096117.
[I 2024-08-19 12:05:18,100] Trial 79 finished with value: 0.24404487463662905 and parameters: {'model_name': 'IterativeImputer', 'estimator': 'RFR', 'initial_strategy': 'median', 'n_nearest_features': 8, 'imputation_order': 'random'}. Best is trial 199 with value: 0.24230950453096117.
[I 2024-08-19 12:05:20,982] Trial 80 finished with value: 0.2438660243703757 and parameters: {'model_name': 'IterativeImputer', 'estimator': 'RFR', 'initial_strategy': 'median', 'n_nearest_features': 8, 'imputation_order': 'random'}. Best is trial 199 with value: 0.24230950453096117.
[I 2024-08-19 12:08:00,976] Trial 81 finished with value: 0.2434483058400533 and parameters: {'model_name': 'IterativeImputer', 'estimator': 'RFR', 'initial_strategy': 'median', 'n_nearest_features': 8, 'imputation_order': 'random'}. Best is trial 199 with value: 0.24230950453096117.
[I 2024-08-19 12:13:31,308] Trial 82 finished with value: 0.24370895696489692 and parameters: {'model_name': 'IterativeImputer', 'estimator': 'RFR', 'initial_strategy': 'median', 'n_nearest_features': 8, 'imputation_order': 'random'}. Best is trial 199 with value: 0.24230950453096117.
[I 2024-08-19 12:14:48,576] Trial 83 finished with value: 0.2453690639707923 and parameters: {'model_name': 'IterativeImputer', 'estimator': 'RFR', 'initial_strategy': 'median', 'n_nearest_features': 8, 'imputation_order': 'random'}. Best is trial 199 with value: 0.24230950453096117.
[I 2024-08-19 12:16:19,155] Trial 84 finished with value: 0.24416097880633872 and parameters: {'model_name': 'IterativeImputer', 'estimator': 'RFR', 'initial_strategy': 'median', 'n_nearest_features': 8, 'imputation_order': 'random'}. Best is trial 199 with value: 0.24230950453096117.
[I 2024-08-19 12:20:35,880] Trial 85 finished with value: 0.24428432718819493 and parameters: {'model_name': 'IterativeImputer', 'estimator': 'RFR', 'initial_strategy': 'median', 'n_nearest_features': 8, 'imputation_order': 'random'}. Best is trial 199 with value: 0.24230950453096117.
[I 2024-08-19 12:29:45,769] Trial 125 finished with value: 0.24460533571216395 and parameters: {'model_name': 'IterativeImputer', 'estimator': 'RFR', 'initial_strategy': 'mean', 'n_nearest_features': 8, 'imputation_order': 'arabic'}. Best is trial 199 with value: 0.24230950453096117.
[I 2024-08-19 12:30:17,885] Trial 132 finished with value: 0.24387518871194902 and parameters: {'model_name': 'IterativeImputer', 'estimator': 'RFR', 'initial_strategy': 'mean', 'n_nearest_features': 8, 'imputation_order': 'arabic'}. Best is trial 199 with value: 0.24230950453096117.
fit
auto fit
auto transform
0    0
1    0
2    0
3    0
4    0
5    0
6    0
7    0
dtype: int64
0    0
1    0
2    0
3    0
4    0
5    0
6    0
7    0
dtype: int64
0.24230950453096117
{'model_name': 'KNNImputer', 'n_neighbors': 170, 'weights': 'uniform'}
running experiment 2/3 - Does reconstruction give good automl predictions
Start est fit
  0%|          | 0/25 [00:00<?, ?it/s]Generation:   0%|          | 0/25 [00:00<?, ?it/s]WARNING THIS INDIVIDUAL CAUSED AND EXCEPTION 
 <tpot2.search_spaces.pipelines.sequential.SequentialPipelineIndividual object at 0x155475b46740> 
 The 'criterion' parameter of DecisionTreeRegressor must be a str among {'friedman_mse', 'poisson', 'absolute_error', 'squared_error'}. Got 'mae' instead. 
 Traceback (most recent call last):
  File "/common/ketrong/tpotexp/tpot2/tpot2/utils/eval_utils.py", line 53, in objective_nan_wrapper
    value = func_timeout.func_timeout(timeout, objective_function, args=[individual], kwargs=objective_kwargs)
  File "/common/ketrong/tpotexp/env/lib/python3.10/site-packages/func_timeout/dafunc.py", line 108, in func_timeout
    raise_exception(exception)
  File "/common/ketrong/tpotexp/env/lib/python3.10/site-packages/func_timeout/py3_raise.py", line 7, in raise_exception
    raise exception[0] from None
  File "/common/ketrong/tpotexp/tpot2/tpot2/tpot_estimator/estimator.py", line 623, in objective_function
    return objective_function_generator(
  File "/common/ketrong/tpotexp/tpot2/tpot2/tpot_estimator/estimator_utils.py", line 55, in objective_function_generator
    cv_obj_scores = cross_val_score_objective(sklearn.base.clone(pipeline),x,y,scorers=scorers, cv=cv , fold=step)
  File "/common/ketrong/tpotexp/tpot2/tpot2/tpot_estimator/cross_val_utils.py", line 28, in cross_val_score_objective
    this_fold_pipeline.fit(X_train,y_train)
  File "/common/ketrong/tpotexp/env/lib/python3.10/site-packages/sklearn/base.py", line 1473, in wrapper
    return fit_method(estimator, *args, **kwargs)
  File "/common/ketrong/tpotexp/env/lib/python3.10/site-packages/sklearn/pipeline.py", line 473, in fit
    self._final_estimator.fit(Xt, y, **last_step_params["fit"])
  File "/common/ketrong/tpotexp/env/lib/python3.10/site-packages/sklearn/base.py", line 1466, in wrapper
    estimator._validate_params()
  File "/common/ketrong/tpotexp/env/lib/python3.10/site-packages/sklearn/base.py", line 666, in _validate_params
    validate_parameter_constraints(
  File "/common/ketrong/tpotexp/env/lib/python3.10/site-packages/sklearn/utils/_param_validation.py", line 95, in validate_parameter_constraints
    raise InvalidParameterError(
sklearn.utils._param_validation.InvalidParameterError: The 'criterion' parameter of DecisionTreeRegressor must be a str among {'friedman_mse', 'poisson', 'absolute_error', 'squared_error'}. Got 'mae' instead.

Generation:  1
Best root_mean_squared_error score: -0.23092882091754846
Generation:   4%|         | 1/25 [01:54<45:49, 114.58s/it]WARNING THIS INDIVIDUAL CAUSED AND EXCEPTION 
 <tpot2.search_spaces.pipelines.sequential.SequentialPipelineIndividual object at 0x155475bdbe50> 
 The 'criterion' parameter of DecisionTreeRegressor must be a str among {'friedman_mse', 'poisson', 'absolute_error', 'squared_error'}. Got 'mae' instead. 
 Traceback (most recent call last):
  File "/common/ketrong/tpotexp/tpot2/tpot2/utils/eval_utils.py", line 53, in objective_nan_wrapper
    value = func_timeout.func_timeout(timeout, objective_function, args=[individual], kwargs=objective_kwargs)
  File "/common/ketrong/tpotexp/env/lib/python3.10/site-packages/func_timeout/dafunc.py", line 108, in func_timeout
    raise_exception(exception)
  File "/common/ketrong/tpotexp/env/lib/python3.10/site-packages/func_timeout/py3_raise.py", line 7, in raise_exception
    raise exception[0] from None
  File "/common/ketrong/tpotexp/tpot2/tpot2/tpot_estimator/estimator.py", line 623, in objective_function
    return objective_function_generator(
  File "/common/ketrong/tpotexp/tpot2/tpot2/tpot_estimator/estimator_utils.py", line 55, in objective_function_generator
    cv_obj_scores = cross_val_score_objective(sklearn.base.clone(pipeline),x,y,scorers=scorers, cv=cv , fold=step)
  File "/common/ketrong/tpotexp/tpot2/tpot2/tpot_estimator/cross_val_utils.py", line 28, in cross_val_score_objective
    this_fold_pipeline.fit(X_train,y_train)
  File "/common/ketrong/tpotexp/env/lib/python3.10/site-packages/sklearn/base.py", line 1473, in wrapper
    return fit_method(estimator, *args, **kwargs)
  File "/common/ketrong/tpotexp/env/lib/python3.10/site-packages/sklearn/pipeline.py", line 473, in fit
    self._final_estimator.fit(Xt, y, **last_step_params["fit"])
  File "/common/ketrong/tpotexp/env/lib/python3.10/site-packages/sklearn/base.py", line 1466, in wrapper
    estimator._validate_params()
  File "/common/ketrong/tpotexp/env/lib/python3.10/site-packages/sklearn/base.py", line 666, in _validate_params
    validate_parameter_constraints(
  File "/common/ketrong/tpotexp/env/lib/python3.10/site-packages/sklearn/utils/_param_validation.py", line 95, in validate_parameter_constraints
    raise InvalidParameterError(
sklearn.utils._param_validation.InvalidParameterError: The 'criterion' parameter of DecisionTreeRegressor must be a str among {'friedman_mse', 'poisson', 'absolute_error', 'squared_error'}. Got 'mae' instead.

Generation:  2
Best root_mean_squared_error score: -0.23081705516490064
Generation:   8%|         | 2/25 [09:58<2:07:05, 331.55s/it]WARNING THIS INDIVIDUAL CAUSED AND EXCEPTION 
 <tpot2.search_spaces.pipelines.sequential.SequentialPipelineIndividual object at 0x1554754a7cd0> 
 The 'criterion' parameter of DecisionTreeRegressor must be a str among {'friedman_mse', 'poisson', 'absolute_error', 'squared_error'}. Got 'mae' instead. 
 Traceback (most recent call last):
  File "/common/ketrong/tpotexp/tpot2/tpot2/utils/eval_utils.py", line 53, in objective_nan_wrapper
    value = func_timeout.func_timeout(timeout, objective_function, args=[individual], kwargs=objective_kwargs)
  File "/common/ketrong/tpotexp/env/lib/python3.10/site-packages/func_timeout/dafunc.py", line 108, in func_timeout
    raise_exception(exception)
  File "/common/ketrong/tpotexp/env/lib/python3.10/site-packages/func_timeout/py3_raise.py", line 7, in raise_exception
    raise exception[0] from None
  File "/common/ketrong/tpotexp/tpot2/tpot2/tpot_estimator/estimator.py", line 623, in objective_function
    return objective_function_generator(
  File "/common/ketrong/tpotexp/tpot2/tpot2/tpot_estimator/estimator_utils.py", line 55, in objective_function_generator
    cv_obj_scores = cross_val_score_objective(sklearn.base.clone(pipeline),x,y,scorers=scorers, cv=cv , fold=step)
  File "/common/ketrong/tpotexp/tpot2/tpot2/tpot_estimator/cross_val_utils.py", line 28, in cross_val_score_objective
    this_fold_pipeline.fit(X_train,y_train)
  File "/common/ketrong/tpotexp/env/lib/python3.10/site-packages/sklearn/base.py", line 1473, in wrapper
    return fit_method(estimator, *args, **kwargs)
  File "/common/ketrong/tpotexp/env/lib/python3.10/site-packages/sklearn/pipeline.py", line 473, in fit
    self._final_estimator.fit(Xt, y, **last_step_params["fit"])
  File "/common/ketrong/tpotexp/env/lib/python3.10/site-packages/sklearn/base.py", line 1466, in wrapper
    estimator._validate_params()
  File "/common/ketrong/tpotexp/env/lib/python3.10/site-packages/sklearn/base.py", line 666, in _validate_params
    validate_parameter_constraints(
  File "/common/ketrong/tpotexp/env/lib/python3.10/site-packages/sklearn/utils/_param_validation.py", line 95, in validate_parameter_constraints
    raise InvalidParameterError(
sklearn.utils._param_validation.InvalidParameterError: The 'criterion' parameter of DecisionTreeRegressor must be a str among {'friedman_mse', 'poisson', 'absolute_error', 'squared_error'}. Got 'mae' instead.

WARNING THIS INDIVIDUAL CAUSED AND EXCEPTION 
 <tpot2.search_spaces.pipelines.sequential.SequentialPipelineIndividual object at 0x1554754a8e20> 
 The 'criterion' parameter of RandomForestRegressor must be a str among {'friedman_mse', 'poisson', 'absolute_error', 'squared_error'}. Got 'mse' instead. 
 Traceback (most recent call last):
  File "/common/ketrong/tpotexp/tpot2/tpot2/utils/eval_utils.py", line 53, in objective_nan_wrapper
    value = func_timeout.func_timeout(timeout, objective_function, args=[individual], kwargs=objective_kwargs)
  File "/common/ketrong/tpotexp/env/lib/python3.10/site-packages/func_timeout/dafunc.py", line 108, in func_timeout
    raise_exception(exception)
  File "/common/ketrong/tpotexp/env/lib/python3.10/site-packages/func_timeout/py3_raise.py", line 7, in raise_exception
    raise exception[0] from None
  File "/common/ketrong/tpotexp/tpot2/tpot2/tpot_estimator/estimator.py", line 623, in objective_function
    return objective_function_generator(
  File "/common/ketrong/tpotexp/tpot2/tpot2/tpot_estimator/estimator_utils.py", line 55, in objective_function_generator
    cv_obj_scores = cross_val_score_objective(sklearn.base.clone(pipeline),x,y,scorers=scorers, cv=cv , fold=step)
  File "/common/ketrong/tpotexp/tpot2/tpot2/tpot_estimator/cross_val_utils.py", line 28, in cross_val_score_objective
    this_fold_pipeline.fit(X_train,y_train)
  File "/common/ketrong/tpotexp/env/lib/python3.10/site-packages/sklearn/base.py", line 1473, in wrapper
    return fit_method(estimator, *args, **kwargs)
  File "/common/ketrong/tpotexp/env/lib/python3.10/site-packages/sklearn/pipeline.py", line 473, in fit
    self._final_estimator.fit(Xt, y, **last_step_params["fit"])
  File "/common/ketrong/tpotexp/env/lib/python3.10/site-packages/sklearn/base.py", line 1466, in wrapper
    estimator._validate_params()
  File "/common/ketrong/tpotexp/env/lib/python3.10/site-packages/sklearn/base.py", line 666, in _validate_params
    validate_parameter_constraints(
  File "/common/ketrong/tpotexp/env/lib/python3.10/site-packages/sklearn/utils/_param_validation.py", line 95, in validate_parameter_constraints
    raise InvalidParameterError(
sklearn.utils._param_validation.InvalidParameterError: The 'criterion' parameter of RandomForestRegressor must be a str among {'friedman_mse', 'poisson', 'absolute_error', 'squared_error'}. Got 'mse' instead.

WARNING THIS INDIVIDUAL CAUSED AND EXCEPTION 
 <tpot2.search_spaces.pipelines.sequential.SequentialPipelineIndividual object at 0x155475b46920> 
 The 'criterion' parameter of RandomForestRegressor must be a str among {'friedman_mse', 'poisson', 'absolute_error', 'squared_error'}. Got 'mse' instead. 
 Traceback (most recent call last):
  File "/common/ketrong/tpotexp/tpot2/tpot2/utils/eval_utils.py", line 53, in objective_nan_wrapper
    value = func_timeout.func_timeout(timeout, objective_function, args=[individual], kwargs=objective_kwargs)
  File "/common/ketrong/tpotexp/env/lib/python3.10/site-packages/func_timeout/dafunc.py", line 108, in func_timeout
    raise_exception(exception)
  File "/common/ketrong/tpotexp/env/lib/python3.10/site-packages/func_timeout/py3_raise.py", line 7, in raise_exception
    raise exception[0] from None
  File "/common/ketrong/tpotexp/tpot2/tpot2/tpot_estimator/estimator.py", line 623, in objective_function
    return objective_function_generator(
  File "/common/ketrong/tpotexp/tpot2/tpot2/tpot_estimator/estimator_utils.py", line 55, in objective_function_generator
    cv_obj_scores = cross_val_score_objective(sklearn.base.clone(pipeline),x,y,scorers=scorers, cv=cv , fold=step)
  File "/common/ketrong/tpotexp/tpot2/tpot2/tpot_estimator/cross_val_utils.py", line 28, in cross_val_score_objective
    this_fold_pipeline.fit(X_train,y_train)
  File "/common/ketrong/tpotexp/env/lib/python3.10/site-packages/sklearn/base.py", line 1473, in wrapper
    return fit_method(estimator, *args, **kwargs)
  File "/common/ketrong/tpotexp/env/lib/python3.10/site-packages/sklearn/pipeline.py", line 473, in fit
    self._final_estimator.fit(Xt, y, **last_step_params["fit"])
  File "/common/ketrong/tpotexp/env/lib/python3.10/site-packages/sklearn/base.py", line 1466, in wrapper
    estimator._validate_params()
  File "/common/ketrong/tpotexp/env/lib/python3.10/site-packages/sklearn/base.py", line 666, in _validate_params
    validate_parameter_constraints(
  File "/common/ketrong/tpotexp/env/lib/python3.10/site-packages/sklearn/utils/_param_validation.py", line 95, in validate_parameter_constraints
    raise InvalidParameterError(
sklearn.utils._param_validation.InvalidParameterError: The 'criterion' parameter of RandomForestRegressor must be a str among {'friedman_mse', 'poisson', 'absolute_error', 'squared_error'}. Got 'mse' instead.

WARNING THIS INDIVIDUAL CAUSED AND EXCEPTION 
 <tpot2.search_spaces.pipelines.sequential.SequentialPipelineIndividual object at 0x155475bed540> 
 The 'criterion' parameter of RandomForestRegressor must be a str among {'friedman_mse', 'poisson', 'absolute_error', 'squared_error'}. Got 'mse' instead. 
 Traceback (most recent call last):
  File "/common/ketrong/tpotexp/tpot2/tpot2/utils/eval_utils.py", line 53, in objective_nan_wrapper
    value = func_timeout.func_timeout(timeout, objective_function, args=[individual], kwargs=objective_kwargs)
  File "/common/ketrong/tpotexp/env/lib/python3.10/site-packages/func_timeout/dafunc.py", line 108, in func_timeout
    raise_exception(exception)
  File "/common/ketrong/tpotexp/env/lib/python3.10/site-packages/func_timeout/py3_raise.py", line 7, in raise_exception
    raise exception[0] from None
  File "/common/ketrong/tpotexp/tpot2/tpot2/tpot_estimator/estimator.py", line 623, in objective_function
    return objective_function_generator(
  File "/common/ketrong/tpotexp/tpot2/tpot2/tpot_estimator/estimator_utils.py", line 55, in objective_function_generator
    cv_obj_scores = cross_val_score_objective(sklearn.base.clone(pipeline),x,y,scorers=scorers, cv=cv , fold=step)
  File "/common/ketrong/tpotexp/tpot2/tpot2/tpot_estimator/cross_val_utils.py", line 28, in cross_val_score_objective
    this_fold_pipeline.fit(X_train,y_train)
  File "/common/ketrong/tpotexp/env/lib/python3.10/site-packages/sklearn/base.py", line 1473, in wrapper
    return fit_method(estimator, *args, **kwargs)
  File "/common/ketrong/tpotexp/env/lib/python3.10/site-packages/sklearn/pipeline.py", line 473, in fit
    self._final_estimator.fit(Xt, y, **last_step_params["fit"])
  File "/common/ketrong/tpotexp/env/lib/python3.10/site-packages/sklearn/base.py", line 1466, in wrapper
    estimator._validate_params()
  File "/common/ketrong/tpotexp/env/lib/python3.10/site-packages/sklearn/base.py", line 666, in _validate_params
    validate_parameter_constraints(
  File "/common/ketrong/tpotexp/env/lib/python3.10/site-packages/sklearn/utils/_param_validation.py", line 95, in validate_parameter_constraints
    raise InvalidParameterError(
sklearn.utils._param_validation.InvalidParameterError: The 'criterion' parameter of RandomForestRegressor must be a str among {'friedman_mse', 'poisson', 'absolute_error', 'squared_error'}. Got 'mse' instead.

Generation:  3
Best root_mean_squared_error score: -0.23081705516490064
Generation:  12%|        | 3/25 [10:20<1:09:50, 190.47s/it]WARNING THIS INDIVIDUAL CAUSED AND EXCEPTION 
 <tpot2.search_spaces.pipelines.sequential.SequentialPipelineIndividual object at 0x155475bdbfa0> 
 The 'criterion' parameter of ExtraTreesRegressor must be a str among {'friedman_mse', 'poisson', 'absolute_error', 'squared_error'}. Got 'mae' instead. 
 Traceback (most recent call last):
  File "/common/ketrong/tpotexp/tpot2/tpot2/utils/eval_utils.py", line 53, in objective_nan_wrapper
    value = func_timeout.func_timeout(timeout, objective_function, args=[individual], kwargs=objective_kwargs)
  File "/common/ketrong/tpotexp/env/lib/python3.10/site-packages/func_timeout/dafunc.py", line 108, in func_timeout
    raise_exception(exception)
  File "/common/ketrong/tpotexp/env/lib/python3.10/site-packages/func_timeout/py3_raise.py", line 7, in raise_exception
    raise exception[0] from None
  File "/common/ketrong/tpotexp/tpot2/tpot2/tpot_estimator/estimator.py", line 623, in objective_function
    return objective_function_generator(
  File "/common/ketrong/tpotexp/tpot2/tpot2/tpot_estimator/estimator_utils.py", line 55, in objective_function_generator
    cv_obj_scores = cross_val_score_objective(sklearn.base.clone(pipeline),x,y,scorers=scorers, cv=cv , fold=step)
  File "/common/ketrong/tpotexp/tpot2/tpot2/tpot_estimator/cross_val_utils.py", line 28, in cross_val_score_objective
    this_fold_pipeline.fit(X_train,y_train)
  File "/common/ketrong/tpotexp/env/lib/python3.10/site-packages/sklearn/base.py", line 1473, in wrapper
    return fit_method(estimator, *args, **kwargs)
  File "/common/ketrong/tpotexp/env/lib/python3.10/site-packages/sklearn/pipeline.py", line 473, in fit
    self._final_estimator.fit(Xt, y, **last_step_params["fit"])
  File "/common/ketrong/tpotexp/env/lib/python3.10/site-packages/sklearn/base.py", line 1466, in wrapper
    estimator._validate_params()
  File "/common/ketrong/tpotexp/env/lib/python3.10/site-packages/sklearn/base.py", line 666, in _validate_params
    validate_parameter_constraints(
  File "/common/ketrong/tpotexp/env/lib/python3.10/site-packages/sklearn/utils/_param_validation.py", line 95, in validate_parameter_constraints
    raise InvalidParameterError(
sklearn.utils._param_validation.InvalidParameterError: The 'criterion' parameter of ExtraTreesRegressor must be a str among {'friedman_mse', 'poisson', 'absolute_error', 'squared_error'}. Got 'mae' instead.

WARNING THIS INDIVIDUAL CAUSED AND EXCEPTION 
 <tpot2.search_spaces.pipelines.sequential.SequentialPipelineIndividual object at 0x155475c02470> 
 The 'criterion' parameter of ExtraTreesRegressor must be a str among {'friedman_mse', 'poisson', 'absolute_error', 'squared_error'}. Got 'mae' instead. 
 Traceback (most recent call last):
  File "/common/ketrong/tpotexp/tpot2/tpot2/utils/eval_utils.py", line 53, in objective_nan_wrapper
    value = func_timeout.func_timeout(timeout, objective_function, args=[individual], kwargs=objective_kwargs)
  File "/common/ketrong/tpotexp/env/lib/python3.10/site-packages/func_timeout/dafunc.py", line 108, in func_timeout
    raise_exception(exception)
  File "/common/ketrong/tpotexp/env/lib/python3.10/site-packages/func_timeout/py3_raise.py", line 7, in raise_exception
    raise exception[0] from None
  File "/common/ketrong/tpotexp/tpot2/tpot2/tpot_estimator/estimator.py", line 623, in objective_function
    return objective_function_generator(
  File "/common/ketrong/tpotexp/tpot2/tpot2/tpot_estimator/estimator_utils.py", line 55, in objective_function_generator
    cv_obj_scores = cross_val_score_objective(sklearn.base.clone(pipeline),x,y,scorers=scorers, cv=cv , fold=step)
  File "/common/ketrong/tpotexp/tpot2/tpot2/tpot_estimator/cross_val_utils.py", line 28, in cross_val_score_objective
    this_fold_pipeline.fit(X_train,y_train)
  File "/common/ketrong/tpotexp/env/lib/python3.10/site-packages/sklearn/base.py", line 1473, in wrapper
    return fit_method(estimator, *args, **kwargs)
  File "/common/ketrong/tpotexp/env/lib/python3.10/site-packages/sklearn/pipeline.py", line 473, in fit
    self._final_estimator.fit(Xt, y, **last_step_params["fit"])
  File "/common/ketrong/tpotexp/env/lib/python3.10/site-packages/sklearn/base.py", line 1466, in wrapper
    estimator._validate_params()
  File "/common/ketrong/tpotexp/env/lib/python3.10/site-packages/sklearn/base.py", line 666, in _validate_params
    validate_parameter_constraints(
  File "/common/ketrong/tpotexp/env/lib/python3.10/site-packages/sklearn/utils/_param_validation.py", line 95, in validate_parameter_constraints
    raise InvalidParameterError(
sklearn.utils._param_validation.InvalidParameterError: The 'criterion' parameter of ExtraTreesRegressor must be a str among {'friedman_mse', 'poisson', 'absolute_error', 'squared_error'}. Got 'mae' instead.

WARNING THIS INDIVIDUAL CAUSED AND EXCEPTION 
 <tpot2.search_spaces.pipelines.sequential.SequentialPipelineIndividual object at 0x155475b46830> 
 The 'criterion' parameter of RandomForestRegressor must be a str among {'friedman_mse', 'poisson', 'absolute_error', 'squared_error'}. Got 'mse' instead. 
 Traceback (most recent call last):
  File "/common/ketrong/tpotexp/tpot2/tpot2/utils/eval_utils.py", line 53, in objective_nan_wrapper
    value = func_timeout.func_timeout(timeout, objective_function, args=[individual], kwargs=objective_kwargs)
  File "/common/ketrong/tpotexp/env/lib/python3.10/site-packages/func_timeout/dafunc.py", line 108, in func_timeout
    raise_exception(exception)
  File "/common/ketrong/tpotexp/env/lib/python3.10/site-packages/func_timeout/py3_raise.py", line 7, in raise_exception
    raise exception[0] from None
  File "/common/ketrong/tpotexp/tpot2/tpot2/tpot_estimator/estimator.py", line 623, in objective_function
    return objective_function_generator(
  File "/common/ketrong/tpotexp/tpot2/tpot2/tpot_estimator/estimator_utils.py", line 55, in objective_function_generator
    cv_obj_scores = cross_val_score_objective(sklearn.base.clone(pipeline),x,y,scorers=scorers, cv=cv , fold=step)
  File "/common/ketrong/tpotexp/tpot2/tpot2/tpot_estimator/cross_val_utils.py", line 28, in cross_val_score_objective
    this_fold_pipeline.fit(X_train,y_train)
  File "/common/ketrong/tpotexp/env/lib/python3.10/site-packages/sklearn/base.py", line 1473, in wrapper
    return fit_method(estimator, *args, **kwargs)
  File "/common/ketrong/tpotexp/env/lib/python3.10/site-packages/sklearn/pipeline.py", line 473, in fit
    self._final_estimator.fit(Xt, y, **last_step_params["fit"])
  File "/common/ketrong/tpotexp/env/lib/python3.10/site-packages/sklearn/base.py", line 1466, in wrapper
    estimator._validate_params()
  File "/common/ketrong/tpotexp/env/lib/python3.10/site-packages/sklearn/base.py", line 666, in _validate_params
    validate_parameter_constraints(
  File "/common/ketrong/tpotexp/env/lib/python3.10/site-packages/sklearn/utils/_param_validation.py", line 95, in validate_parameter_constraints
    raise InvalidParameterError(
sklearn.utils._param_validation.InvalidParameterError: The 'criterion' parameter of RandomForestRegressor must be a str among {'friedman_mse', 'poisson', 'absolute_error', 'squared_error'}. Got 'mse' instead.

WARNING AN INDIVIDUAL TIMED OUT: 
 <tpot2.search_spaces.pipelines.sequential.SequentialPipelineIndividual object at 0x155475bbb040> 

WARNING AN INDIVIDUAL TIMED OUT: 
 <tpot2.search_spaces.pipelines.sequential.SequentialPipelineIndividual object at 0x155475424d30> 

Generation:  4
Best root_mean_squared_error score: -0.22956932613797892
Generation:  16%|        | 4/25 [20:24<2:03:46, 353.65s/it]Generation:  5
Best root_mean_squared_error score: -0.22956932613797892
Generation:  20%|        | 5/25 [22:44<1:32:15, 276.77s/it]WARNING THIS INDIVIDUAL CAUSED AND EXCEPTION 
 <tpot2.search_spaces.pipelines.sequential.SequentialPipelineIndividual object at 0x1554754b36a0> 
 The 'criterion' parameter of RandomForestRegressor must be a str among {'friedman_mse', 'poisson', 'absolute_error', 'squared_error'}. Got 'mae' instead. 
 Traceback (most recent call last):
  File "/common/ketrong/tpotexp/tpot2/tpot2/utils/eval_utils.py", line 53, in objective_nan_wrapper
    value = func_timeout.func_timeout(timeout, objective_function, args=[individual], kwargs=objective_kwargs)
  File "/common/ketrong/tpotexp/env/lib/python3.10/site-packages/func_timeout/dafunc.py", line 108, in func_timeout
    raise_exception(exception)
  File "/common/ketrong/tpotexp/env/lib/python3.10/site-packages/func_timeout/py3_raise.py", line 7, in raise_exception
    raise exception[0] from None
  File "/common/ketrong/tpotexp/tpot2/tpot2/tpot_estimator/estimator.py", line 623, in objective_function
    return objective_function_generator(
  File "/common/ketrong/tpotexp/tpot2/tpot2/tpot_estimator/estimator_utils.py", line 55, in objective_function_generator
    cv_obj_scores = cross_val_score_objective(sklearn.base.clone(pipeline),x,y,scorers=scorers, cv=cv , fold=step)
  File "/common/ketrong/tpotexp/tpot2/tpot2/tpot_estimator/cross_val_utils.py", line 28, in cross_val_score_objective
    this_fold_pipeline.fit(X_train,y_train)
  File "/common/ketrong/tpotexp/env/lib/python3.10/site-packages/sklearn/base.py", line 1473, in wrapper
    return fit_method(estimator, *args, **kwargs)
  File "/common/ketrong/tpotexp/env/lib/python3.10/site-packages/sklearn/pipeline.py", line 473, in fit
    self._final_estimator.fit(Xt, y, **last_step_params["fit"])
  File "/common/ketrong/tpotexp/env/lib/python3.10/site-packages/sklearn/base.py", line 1466, in wrapper
    estimator._validate_params()
  File "/common/ketrong/tpotexp/env/lib/python3.10/site-packages/sklearn/base.py", line 666, in _validate_params
    validate_parameter_constraints(
  File "/common/ketrong/tpotexp/env/lib/python3.10/site-packages/sklearn/utils/_param_validation.py", line 95, in validate_parameter_constraints
    raise InvalidParameterError(
sklearn.utils._param_validation.InvalidParameterError: The 'criterion' parameter of RandomForestRegressor must be a str among {'friedman_mse', 'poisson', 'absolute_error', 'squared_error'}. Got 'mae' instead.

WARNING THIS INDIVIDUAL CAUSED AND EXCEPTION 
 <tpot2.search_spaces.pipelines.sequential.SequentialPipelineIndividual object at 0x1554754e6890> 
 The 'criterion' parameter of RandomForestRegressor must be a str among {'friedman_mse', 'poisson', 'absolute_error', 'squared_error'}. Got 'mae' instead. 
 Traceback (most recent call last):
  File "/common/ketrong/tpotexp/tpot2/tpot2/utils/eval_utils.py", line 53, in objective_nan_wrapper
    value = func_timeout.func_timeout(timeout, objective_function, args=[individual], kwargs=objective_kwargs)
  File "/common/ketrong/tpotexp/env/lib/python3.10/site-packages/func_timeout/dafunc.py", line 108, in func_timeout
    raise_exception(exception)
  File "/common/ketrong/tpotexp/env/lib/python3.10/site-packages/func_timeout/py3_raise.py", line 7, in raise_exception
    raise exception[0] from None
  File "/common/ketrong/tpotexp/tpot2/tpot2/tpot_estimator/estimator.py", line 623, in objective_function
    return objective_function_generator(
  File "/common/ketrong/tpotexp/tpot2/tpot2/tpot_estimator/estimator_utils.py", line 55, in objective_function_generator
    cv_obj_scores = cross_val_score_objective(sklearn.base.clone(pipeline),x,y,scorers=scorers, cv=cv , fold=step)
  File "/common/ketrong/tpotexp/tpot2/tpot2/tpot_estimator/cross_val_utils.py", line 28, in cross_val_score_objective
    this_fold_pipeline.fit(X_train,y_train)
  File "/common/ketrong/tpotexp/env/lib/python3.10/site-packages/sklearn/base.py", line 1473, in wrapper
    return fit_method(estimator, *args, **kwargs)
  File "/common/ketrong/tpotexp/env/lib/python3.10/site-packages/sklearn/pipeline.py", line 473, in fit
    self._final_estimator.fit(Xt, y, **last_step_params["fit"])
  File "/common/ketrong/tpotexp/env/lib/python3.10/site-packages/sklearn/base.py", line 1466, in wrapper
    estimator._validate_params()
  File "/common/ketrong/tpotexp/env/lib/python3.10/site-packages/sklearn/base.py", line 666, in _validate_params
    validate_parameter_constraints(
  File "/common/ketrong/tpotexp/env/lib/python3.10/site-packages/sklearn/utils/_param_validation.py", line 95, in validate_parameter_constraints
    raise InvalidParameterError(
sklearn.utils._param_validation.InvalidParameterError: The 'criterion' parameter of RandomForestRegressor must be a str among {'friedman_mse', 'poisson', 'absolute_error', 'squared_error'}. Got 'mae' instead.

WARNING THIS INDIVIDUAL CAUSED AND EXCEPTION 
 <tpot2.search_spaces.pipelines.sequential.SequentialPipelineIndividual object at 0x155475bdd720> 
 The 'criterion' parameter of RandomForestRegressor must be a str among {'friedman_mse', 'poisson', 'absolute_error', 'squared_error'}. Got 'mae' instead. 
 Traceback (most recent call last):
  File "/common/ketrong/tpotexp/tpot2/tpot2/utils/eval_utils.py", line 53, in objective_nan_wrapper
    value = func_timeout.func_timeout(timeout, objective_function, args=[individual], kwargs=objective_kwargs)
  File "/common/ketrong/tpotexp/env/lib/python3.10/site-packages/func_timeout/dafunc.py", line 108, in func_timeout
    raise_exception(exception)
  File "/common/ketrong/tpotexp/env/lib/python3.10/site-packages/func_timeout/py3_raise.py", line 7, in raise_exception
    raise exception[0] from None
  File "/common/ketrong/tpotexp/tpot2/tpot2/tpot_estimator/estimator.py", line 623, in objective_function
    return objective_function_generator(
  File "/common/ketrong/tpotexp/tpot2/tpot2/tpot_estimator/estimator_utils.py", line 55, in objective_function_generator
    cv_obj_scores = cross_val_score_objective(sklearn.base.clone(pipeline),x,y,scorers=scorers, cv=cv , fold=step)
  File "/common/ketrong/tpotexp/tpot2/tpot2/tpot_estimator/cross_val_utils.py", line 28, in cross_val_score_objective
    this_fold_pipeline.fit(X_train,y_train)
  File "/common/ketrong/tpotexp/env/lib/python3.10/site-packages/sklearn/base.py", line 1473, in wrapper
    return fit_method(estimator, *args, **kwargs)
  File "/common/ketrong/tpotexp/env/lib/python3.10/site-packages/sklearn/pipeline.py", line 473, in fit
    self._final_estimator.fit(Xt, y, **last_step_params["fit"])
  File "/common/ketrong/tpotexp/env/lib/python3.10/site-packages/sklearn/base.py", line 1466, in wrapper
    estimator._validate_params()
  File "/common/ketrong/tpotexp/env/lib/python3.10/site-packages/sklearn/base.py", line 666, in _validate_params
    validate_parameter_constraints(
  File "/common/ketrong/tpotexp/env/lib/python3.10/site-packages/sklearn/utils/_param_validation.py", line 95, in validate_parameter_constraints
    raise InvalidParameterError(
sklearn.utils._param_validation.InvalidParameterError: The 'criterion' parameter of RandomForestRegressor must be a str among {'friedman_mse', 'poisson', 'absolute_error', 'squared_error'}. Got 'mae' instead.

WARNING THIS INDIVIDUAL CAUSED AND EXCEPTION 
 <tpot2.search_spaces.pipelines.sequential.SequentialPipelineIndividual object at 0x155474c29ae0> 
 The 'criterion' parameter of RandomForestRegressor must be a str among {'friedman_mse', 'poisson', 'absolute_error', 'squared_error'}. Got 'mse' instead. 
 Traceback (most recent call last):
  File "/common/ketrong/tpotexp/tpot2/tpot2/utils/eval_utils.py", line 53, in objective_nan_wrapper
    value = func_timeout.func_timeout(timeout, objective_function, args=[individual], kwargs=objective_kwargs)
  File "/common/ketrong/tpotexp/env/lib/python3.10/site-packages/func_timeout/dafunc.py", line 108, in func_timeout
    raise_exception(exception)
  File "/common/ketrong/tpotexp/env/lib/python3.10/site-packages/func_timeout/py3_raise.py", line 7, in raise_exception
    raise exception[0] from None
  File "/common/ketrong/tpotexp/tpot2/tpot2/tpot_estimator/estimator.py", line 623, in objective_function
    return objective_function_generator(
  File "/common/ketrong/tpotexp/tpot2/tpot2/tpot_estimator/estimator_utils.py", line 55, in objective_function_generator
    cv_obj_scores = cross_val_score_objective(sklearn.base.clone(pipeline),x,y,scorers=scorers, cv=cv , fold=step)
  File "/common/ketrong/tpotexp/tpot2/tpot2/tpot_estimator/cross_val_utils.py", line 28, in cross_val_score_objective
    this_fold_pipeline.fit(X_train,y_train)
  File "/common/ketrong/tpotexp/env/lib/python3.10/site-packages/sklearn/base.py", line 1473, in wrapper
    return fit_method(estimator, *args, **kwargs)
  File "/common/ketrong/tpotexp/env/lib/python3.10/site-packages/sklearn/pipeline.py", line 473, in fit
    self._final_estimator.fit(Xt, y, **last_step_params["fit"])
  File "/common/ketrong/tpotexp/env/lib/python3.10/site-packages/sklearn/base.py", line 1466, in wrapper
    estimator._validate_params()
  File "/common/ketrong/tpotexp/env/lib/python3.10/site-packages/sklearn/base.py", line 666, in _validate_params
    validate_parameter_constraints(
  File "/common/ketrong/tpotexp/env/lib/python3.10/site-packages/sklearn/utils/_param_validation.py", line 95, in validate_parameter_constraints
    raise InvalidParameterError(
sklearn.utils._param_validation.InvalidParameterError: The 'criterion' parameter of RandomForestRegressor must be a str among {'friedman_mse', 'poisson', 'absolute_error', 'squared_error'}. Got 'mse' instead.

WARNING THIS INDIVIDUAL CAUSED AND EXCEPTION 
 <tpot2.search_spaces.pipelines.sequential.SequentialPipelineIndividual object at 0x155474cc17b0> 
 The 'criterion' parameter of RandomForestRegressor must be a str among {'friedman_mse', 'poisson', 'absolute_error', 'squared_error'}. Got 'mae' instead. 
 Traceback (most recent call last):
  File "/common/ketrong/tpotexp/tpot2/tpot2/utils/eval_utils.py", line 53, in objective_nan_wrapper
    value = func_timeout.func_timeout(timeout, objective_function, args=[individual], kwargs=objective_kwargs)
  File "/common/ketrong/tpotexp/env/lib/python3.10/site-packages/func_timeout/dafunc.py", line 108, in func_timeout
    raise_exception(exception)
  File "/common/ketrong/tpotexp/env/lib/python3.10/site-packages/func_timeout/py3_raise.py", line 7, in raise_exception
    raise exception[0] from None
  File "/common/ketrong/tpotexp/tpot2/tpot2/tpot_estimator/estimator.py", line 623, in objective_function
    return objective_function_generator(
  File "/common/ketrong/tpotexp/tpot2/tpot2/tpot_estimator/estimator_utils.py", line 55, in objective_function_generator
    cv_obj_scores = cross_val_score_objective(sklearn.base.clone(pipeline),x,y,scorers=scorers, cv=cv , fold=step)
  File "/common/ketrong/tpotexp/tpot2/tpot2/tpot_estimator/cross_val_utils.py", line 28, in cross_val_score_objective
    this_fold_pipeline.fit(X_train,y_train)
  File "/common/ketrong/tpotexp/env/lib/python3.10/site-packages/sklearn/base.py", line 1473, in wrapper
    return fit_method(estimator, *args, **kwargs)
  File "/common/ketrong/tpotexp/env/lib/python3.10/site-packages/sklearn/pipeline.py", line 473, in fit
    self._final_estimator.fit(Xt, y, **last_step_params["fit"])
  File "/common/ketrong/tpotexp/env/lib/python3.10/site-packages/sklearn/base.py", line 1466, in wrapper
    estimator._validate_params()
  File "/common/ketrong/tpotexp/env/lib/python3.10/site-packages/sklearn/base.py", line 666, in _validate_params
    validate_parameter_constraints(
  File "/common/ketrong/tpotexp/env/lib/python3.10/site-packages/sklearn/utils/_param_validation.py", line 95, in validate_parameter_constraints
    raise InvalidParameterError(
sklearn.utils._param_validation.InvalidParameterError: The 'criterion' parameter of RandomForestRegressor must be a str among {'friedman_mse', 'poisson', 'absolute_error', 'squared_error'}. Got 'mae' instead.

WARNING THIS INDIVIDUAL CAUSED AND EXCEPTION 
 <tpot2.search_spaces.pipelines.sequential.SequentialPipelineIndividual object at 0x155475b47970> 
 The 'criterion' parameter of RandomForestRegressor must be a str among {'friedman_mse', 'poisson', 'absolute_error', 'squared_error'}. Got 'mae' instead. 
 Traceback (most recent call last):
  File "/common/ketrong/tpotexp/tpot2/tpot2/utils/eval_utils.py", line 53, in objective_nan_wrapper
    value = func_timeout.func_timeout(timeout, objective_function, args=[individual], kwargs=objective_kwargs)
  File "/common/ketrong/tpotexp/env/lib/python3.10/site-packages/func_timeout/dafunc.py", line 108, in func_timeout
    raise_exception(exception)
  File "/common/ketrong/tpotexp/env/lib/python3.10/site-packages/func_timeout/py3_raise.py", line 7, in raise_exception
    raise exception[0] from None
  File "/common/ketrong/tpotexp/tpot2/tpot2/tpot_estimator/estimator.py", line 623, in objective_function
    return objective_function_generator(
  File "/common/ketrong/tpotexp/tpot2/tpot2/tpot_estimator/estimator_utils.py", line 55, in objective_function_generator
    cv_obj_scores = cross_val_score_objective(sklearn.base.clone(pipeline),x,y,scorers=scorers, cv=cv , fold=step)
  File "/common/ketrong/tpotexp/tpot2/tpot2/tpot_estimator/cross_val_utils.py", line 28, in cross_val_score_objective
    this_fold_pipeline.fit(X_train,y_train)
  File "/common/ketrong/tpotexp/env/lib/python3.10/site-packages/sklearn/base.py", line 1473, in wrapper
    return fit_method(estimator, *args, **kwargs)
  File "/common/ketrong/tpotexp/env/lib/python3.10/site-packages/sklearn/pipeline.py", line 473, in fit
    self._final_estimator.fit(Xt, y, **last_step_params["fit"])
  File "/common/ketrong/tpotexp/env/lib/python3.10/site-packages/sklearn/base.py", line 1466, in wrapper
    estimator._validate_params()
  File "/common/ketrong/tpotexp/env/lib/python3.10/site-packages/sklearn/base.py", line 666, in _validate_params
    validate_parameter_constraints(
  File "/common/ketrong/tpotexp/env/lib/python3.10/site-packages/sklearn/utils/_param_validation.py", line 95, in validate_parameter_constraints
    raise InvalidParameterError(
sklearn.utils._param_validation.InvalidParameterError: The 'criterion' parameter of RandomForestRegressor must be a str among {'friedman_mse', 'poisson', 'absolute_error', 'squared_error'}. Got 'mae' instead.

Generation:  6
Best root_mean_squared_error score: -0.22932807865213006
Generation:  24%|       | 6/25 [23:17<1:01:20, 193.70s/it]WARNING THIS INDIVIDUAL CAUSED AND EXCEPTION 
 <tpot2.search_spaces.pipelines.sequential.SequentialPipelineIndividual object at 0x155475b46f50> 
 The 'criterion' parameter of ExtraTreesRegressor must be a str among {'friedman_mse', 'poisson', 'absolute_error', 'squared_error'}. Got 'mae' instead. 
 Traceback (most recent call last):
  File "/common/ketrong/tpotexp/tpot2/tpot2/utils/eval_utils.py", line 53, in objective_nan_wrapper
    value = func_timeout.func_timeout(timeout, objective_function, args=[individual], kwargs=objective_kwargs)
  File "/common/ketrong/tpotexp/env/lib/python3.10/site-packages/func_timeout/dafunc.py", line 108, in func_timeout
    raise_exception(exception)
  File "/common/ketrong/tpotexp/env/lib/python3.10/site-packages/func_timeout/py3_raise.py", line 7, in raise_exception
    raise exception[0] from None
  File "/common/ketrong/tpotexp/tpot2/tpot2/tpot_estimator/estimator.py", line 623, in objective_function
    return objective_function_generator(
  File "/common/ketrong/tpotexp/tpot2/tpot2/tpot_estimator/estimator_utils.py", line 55, in objective_function_generator
    cv_obj_scores = cross_val_score_objective(sklearn.base.clone(pipeline),x,y,scorers=scorers, cv=cv , fold=step)
  File "/common/ketrong/tpotexp/tpot2/tpot2/tpot_estimator/cross_val_utils.py", line 28, in cross_val_score_objective
    this_fold_pipeline.fit(X_train,y_train)
  File "/common/ketrong/tpotexp/env/lib/python3.10/site-packages/sklearn/base.py", line 1473, in wrapper
    return fit_method(estimator, *args, **kwargs)
  File "/common/ketrong/tpotexp/env/lib/python3.10/site-packages/sklearn/pipeline.py", line 473, in fit
    self._final_estimator.fit(Xt, y, **last_step_params["fit"])
  File "/common/ketrong/tpotexp/env/lib/python3.10/site-packages/sklearn/base.py", line 1466, in wrapper
    estimator._validate_params()
  File "/common/ketrong/tpotexp/env/lib/python3.10/site-packages/sklearn/base.py", line 666, in _validate_params
    validate_parameter_constraints(
  File "/common/ketrong/tpotexp/env/lib/python3.10/site-packages/sklearn/utils/_param_validation.py", line 95, in validate_parameter_constraints
    raise InvalidParameterError(
sklearn.utils._param_validation.InvalidParameterError: The 'criterion' parameter of ExtraTreesRegressor must be a str among {'friedman_mse', 'poisson', 'absolute_error', 'squared_error'}. Got 'mae' instead.

WARNING THIS INDIVIDUAL CAUSED AND EXCEPTION 
 <tpot2.search_spaces.pipelines.sequential.SequentialPipelineIndividual object at 0x155475bfde70> 
 The 'criterion' parameter of RandomForestRegressor must be a str among {'friedman_mse', 'poisson', 'absolute_error', 'squared_error'}. Got 'mae' instead. 
 Traceback (most recent call last):
  File "/common/ketrong/tpotexp/tpot2/tpot2/utils/eval_utils.py", line 53, in objective_nan_wrapper
    value = func_timeout.func_timeout(timeout, objective_function, args=[individual], kwargs=objective_kwargs)
  File "/common/ketrong/tpotexp/env/lib/python3.10/site-packages/func_timeout/dafunc.py", line 108, in func_timeout
    raise_exception(exception)
  File "/common/ketrong/tpotexp/env/lib/python3.10/site-packages/func_timeout/py3_raise.py", line 7, in raise_exception
    raise exception[0] from None
  File "/common/ketrong/tpotexp/tpot2/tpot2/tpot_estimator/estimator.py", line 623, in objective_function
    return objective_function_generator(
  File "/common/ketrong/tpotexp/tpot2/tpot2/tpot_estimator/estimator_utils.py", line 55, in objective_function_generator
    cv_obj_scores = cross_val_score_objective(sklearn.base.clone(pipeline),x,y,scorers=scorers, cv=cv , fold=step)
  File "/common/ketrong/tpotexp/tpot2/tpot2/tpot_estimator/cross_val_utils.py", line 28, in cross_val_score_objective
    this_fold_pipeline.fit(X_train,y_train)
  File "/common/ketrong/tpotexp/env/lib/python3.10/site-packages/sklearn/base.py", line 1473, in wrapper
    return fit_method(estimator, *args, **kwargs)
  File "/common/ketrong/tpotexp/env/lib/python3.10/site-packages/sklearn/pipeline.py", line 473, in fit
    self._final_estimator.fit(Xt, y, **last_step_params["fit"])
  File "/common/ketrong/tpotexp/env/lib/python3.10/site-packages/sklearn/base.py", line 1466, in wrapper
    estimator._validate_params()
  File "/common/ketrong/tpotexp/env/lib/python3.10/site-packages/sklearn/base.py", line 666, in _validate_params
    validate_parameter_constraints(
  File "/common/ketrong/tpotexp/env/lib/python3.10/site-packages/sklearn/utils/_param_validation.py", line 95, in validate_parameter_constraints
    raise InvalidParameterError(
sklearn.utils._param_validation.InvalidParameterError: The 'criterion' parameter of RandomForestRegressor must be a str among {'friedman_mse', 'poisson', 'absolute_error', 'squared_error'}. Got 'mae' instead.

WARNING THIS INDIVIDUAL CAUSED AND EXCEPTION 
 <tpot2.search_spaces.pipelines.sequential.SequentialPipelineIndividual object at 0x1554750e9510> 
 The 'criterion' parameter of RandomForestRegressor must be a str among {'friedman_mse', 'poisson', 'absolute_error', 'squared_error'}. Got 'mae' instead. 
 Traceback (most recent call last):
  File "/common/ketrong/tpotexp/tpot2/tpot2/utils/eval_utils.py", line 53, in objective_nan_wrapper
    value = func_timeout.func_timeout(timeout, objective_function, args=[individual], kwargs=objective_kwargs)
  File "/common/ketrong/tpotexp/env/lib/python3.10/site-packages/func_timeout/dafunc.py", line 108, in func_timeout
    raise_exception(exception)
  File "/common/ketrong/tpotexp/env/lib/python3.10/site-packages/func_timeout/py3_raise.py", line 7, in raise_exception
    raise exception[0] from None
  File "/common/ketrong/tpotexp/tpot2/tpot2/tpot_estimator/estimator.py", line 623, in objective_function
    return objective_function_generator(
  File "/common/ketrong/tpotexp/tpot2/tpot2/tpot_estimator/estimator_utils.py", line 55, in objective_function_generator
    cv_obj_scores = cross_val_score_objective(sklearn.base.clone(pipeline),x,y,scorers=scorers, cv=cv , fold=step)
  File "/common/ketrong/tpotexp/tpot2/tpot2/tpot_estimator/cross_val_utils.py", line 28, in cross_val_score_objective
    this_fold_pipeline.fit(X_train,y_train)
  File "/common/ketrong/tpotexp/env/lib/python3.10/site-packages/sklearn/base.py", line 1473, in wrapper
    return fit_method(estimator, *args, **kwargs)
  File "/common/ketrong/tpotexp/env/lib/python3.10/site-packages/sklearn/pipeline.py", line 473, in fit
    self._final_estimator.fit(Xt, y, **last_step_params["fit"])
  File "/common/ketrong/tpotexp/env/lib/python3.10/site-packages/sklearn/base.py", line 1466, in wrapper
    estimator._validate_params()
  File "/common/ketrong/tpotexp/env/lib/python3.10/site-packages/sklearn/base.py", line 666, in _validate_params
    validate_parameter_constraints(
  File "/common/ketrong/tpotexp/env/lib/python3.10/site-packages/sklearn/utils/_param_validation.py", line 95, in validate_parameter_constraints
    raise InvalidParameterError(
sklearn.utils._param_validation.InvalidParameterError: The 'criterion' parameter of RandomForestRegressor must be a str among {'friedman_mse', 'poisson', 'absolute_error', 'squared_error'}. Got 'mae' instead.

WARNING THIS INDIVIDUAL CAUSED AND EXCEPTION 
 <tpot2.search_spaces.pipelines.sequential.SequentialPipelineIndividual object at 0x155474f383a0> 
 The 'criterion' parameter of RandomForestRegressor must be a str among {'friedman_mse', 'poisson', 'absolute_error', 'squared_error'}. Got 'mae' instead. 
 Traceback (most recent call last):
  File "/common/ketrong/tpotexp/tpot2/tpot2/utils/eval_utils.py", line 53, in objective_nan_wrapper
    value = func_timeout.func_timeout(timeout, objective_function, args=[individual], kwargs=objective_kwargs)
  File "/common/ketrong/tpotexp/env/lib/python3.10/site-packages/func_timeout/dafunc.py", line 108, in func_timeout
    raise_exception(exception)
  File "/common/ketrong/tpotexp/env/lib/python3.10/site-packages/func_timeout/py3_raise.py", line 7, in raise_exception
    raise exception[0] from None
  File "/common/ketrong/tpotexp/tpot2/tpot2/tpot_estimator/estimator.py", line 623, in objective_function
    return objective_function_generator(
  File "/common/ketrong/tpotexp/tpot2/tpot2/tpot_estimator/estimator_utils.py", line 55, in objective_function_generator
    cv_obj_scores = cross_val_score_objective(sklearn.base.clone(pipeline),x,y,scorers=scorers, cv=cv , fold=step)
  File "/common/ketrong/tpotexp/tpot2/tpot2/tpot_estimator/cross_val_utils.py", line 28, in cross_val_score_objective
    this_fold_pipeline.fit(X_train,y_train)
  File "/common/ketrong/tpotexp/env/lib/python3.10/site-packages/sklearn/base.py", line 1473, in wrapper
    return fit_method(estimator, *args, **kwargs)
  File "/common/ketrong/tpotexp/env/lib/python3.10/site-packages/sklearn/pipeline.py", line 473, in fit
    self._final_estimator.fit(Xt, y, **last_step_params["fit"])
  File "/common/ketrong/tpotexp/env/lib/python3.10/site-packages/sklearn/base.py", line 1466, in wrapper
    estimator._validate_params()
  File "/common/ketrong/tpotexp/env/lib/python3.10/site-packages/sklearn/base.py", line 666, in _validate_params
    validate_parameter_constraints(
  File "/common/ketrong/tpotexp/env/lib/python3.10/site-packages/sklearn/utils/_param_validation.py", line 95, in validate_parameter_constraints
    raise InvalidParameterError(
sklearn.utils._param_validation.InvalidParameterError: The 'criterion' parameter of RandomForestRegressor must be a str among {'friedman_mse', 'poisson', 'absolute_error', 'squared_error'}. Got 'mae' instead.

Generation:  7
Best root_mean_squared_error score: -0.22932807865213006
Generation:  28%|       | 7/25 [28:24<1:09:14, 230.79s/it]WARNING THIS INDIVIDUAL CAUSED AND EXCEPTION 
 <tpot2.search_spaces.pipelines.sequential.SequentialPipelineIndividual object at 0x1554750b1d80> 
 The 'criterion' parameter of RandomForestRegressor must be a str among {'friedman_mse', 'poisson', 'absolute_error', 'squared_error'}. Got 'mse' instead. 
 Traceback (most recent call last):
  File "/common/ketrong/tpotexp/tpot2/tpot2/utils/eval_utils.py", line 53, in objective_nan_wrapper
    value = func_timeout.func_timeout(timeout, objective_function, args=[individual], kwargs=objective_kwargs)
  File "/common/ketrong/tpotexp/env/lib/python3.10/site-packages/func_timeout/dafunc.py", line 108, in func_timeout
    raise_exception(exception)
  File "/common/ketrong/tpotexp/env/lib/python3.10/site-packages/func_timeout/py3_raise.py", line 7, in raise_exception
    raise exception[0] from None
  File "/common/ketrong/tpotexp/tpot2/tpot2/tpot_estimator/estimator.py", line 623, in objective_function
    return objective_function_generator(
  File "/common/ketrong/tpotexp/tpot2/tpot2/tpot_estimator/estimator_utils.py", line 55, in objective_function_generator
    cv_obj_scores = cross_val_score_objective(sklearn.base.clone(pipeline),x,y,scorers=scorers, cv=cv , fold=step)
  File "/common/ketrong/tpotexp/tpot2/tpot2/tpot_estimator/cross_val_utils.py", line 28, in cross_val_score_objective
    this_fold_pipeline.fit(X_train,y_train)
  File "/common/ketrong/tpotexp/env/lib/python3.10/site-packages/sklearn/base.py", line 1473, in wrapper
    return fit_method(estimator, *args, **kwargs)
  File "/common/ketrong/tpotexp/env/lib/python3.10/site-packages/sklearn/pipeline.py", line 473, in fit
    self._final_estimator.fit(Xt, y, **last_step_params["fit"])
  File "/common/ketrong/tpotexp/env/lib/python3.10/site-packages/sklearn/base.py", line 1466, in wrapper
    estimator._validate_params()
  File "/common/ketrong/tpotexp/env/lib/python3.10/site-packages/sklearn/base.py", line 666, in _validate_params
    validate_parameter_constraints(
  File "/common/ketrong/tpotexp/env/lib/python3.10/site-packages/sklearn/utils/_param_validation.py", line 95, in validate_parameter_constraints
    raise InvalidParameterError(
sklearn.utils._param_validation.InvalidParameterError: The 'criterion' parameter of RandomForestRegressor must be a str among {'friedman_mse', 'poisson', 'absolute_error', 'squared_error'}. Got 'mse' instead.

WARNING THIS INDIVIDUAL CAUSED AND EXCEPTION 
 <tpot2.search_spaces.pipelines.sequential.SequentialPipelineIndividual object at 0x155474cf3280> 
 The 'criterion' parameter of RandomForestRegressor must be a str among {'friedman_mse', 'poisson', 'absolute_error', 'squared_error'}. Got 'mae' instead. 
 Traceback (most recent call last):
  File "/common/ketrong/tpotexp/tpot2/tpot2/utils/eval_utils.py", line 53, in objective_nan_wrapper
    value = func_timeout.func_timeout(timeout, objective_function, args=[individual], kwargs=objective_kwargs)
  File "/common/ketrong/tpotexp/env/lib/python3.10/site-packages/func_timeout/dafunc.py", line 108, in func_timeout
    raise_exception(exception)
  File "/common/ketrong/tpotexp/env/lib/python3.10/site-packages/func_timeout/py3_raise.py", line 7, in raise_exception
    raise exception[0] from None
  File "/common/ketrong/tpotexp/tpot2/tpot2/tpot_estimator/estimator.py", line 623, in objective_function
    return objective_function_generator(
  File "/common/ketrong/tpotexp/tpot2/tpot2/tpot_estimator/estimator_utils.py", line 55, in objective_function_generator
    cv_obj_scores = cross_val_score_objective(sklearn.base.clone(pipeline),x,y,scorers=scorers, cv=cv , fold=step)
  File "/common/ketrong/tpotexp/tpot2/tpot2/tpot_estimator/cross_val_utils.py", line 28, in cross_val_score_objective
    this_fold_pipeline.fit(X_train,y_train)
  File "/common/ketrong/tpotexp/env/lib/python3.10/site-packages/sklearn/base.py", line 1473, in wrapper
    return fit_method(estimator, *args, **kwargs)
  File "/common/ketrong/tpotexp/env/lib/python3.10/site-packages/sklearn/pipeline.py", line 473, in fit
    self._final_estimator.fit(Xt, y, **last_step_params["fit"])
  File "/common/ketrong/tpotexp/env/lib/python3.10/site-packages/sklearn/base.py", line 1466, in wrapper
    estimator._validate_params()
  File "/common/ketrong/tpotexp/env/lib/python3.10/site-packages/sklearn/base.py", line 666, in _validate_params
    validate_parameter_constraints(
  File "/common/ketrong/tpotexp/env/lib/python3.10/site-packages/sklearn/utils/_param_validation.py", line 95, in validate_parameter_constraints
    raise InvalidParameterError(
sklearn.utils._param_validation.InvalidParameterError: The 'criterion' parameter of RandomForestRegressor must be a str among {'friedman_mse', 'poisson', 'absolute_error', 'squared_error'}. Got 'mae' instead.

WARNING THIS INDIVIDUAL CAUSED AND EXCEPTION 
 <tpot2.search_spaces.pipelines.sequential.SequentialPipelineIndividual object at 0x155474c7f4f0> 
 The 'criterion' parameter of ExtraTreesRegressor must be a str among {'friedman_mse', 'poisson', 'absolute_error', 'squared_error'}. Got 'mae' instead. 
 Traceback (most recent call last):
  File "/common/ketrong/tpotexp/tpot2/tpot2/utils/eval_utils.py", line 53, in objective_nan_wrapper
    value = func_timeout.func_timeout(timeout, objective_function, args=[individual], kwargs=objective_kwargs)
  File "/common/ketrong/tpotexp/env/lib/python3.10/site-packages/func_timeout/dafunc.py", line 108, in func_timeout
    raise_exception(exception)
  File "/common/ketrong/tpotexp/env/lib/python3.10/site-packages/func_timeout/py3_raise.py", line 7, in raise_exception
    raise exception[0] from None
  File "/common/ketrong/tpotexp/tpot2/tpot2/tpot_estimator/estimator.py", line 623, in objective_function
    return objective_function_generator(
  File "/common/ketrong/tpotexp/tpot2/tpot2/tpot_estimator/estimator_utils.py", line 55, in objective_function_generator
    cv_obj_scores = cross_val_score_objective(sklearn.base.clone(pipeline),x,y,scorers=scorers, cv=cv , fold=step)
  File "/common/ketrong/tpotexp/tpot2/tpot2/tpot_estimator/cross_val_utils.py", line 28, in cross_val_score_objective
    this_fold_pipeline.fit(X_train,y_train)
  File "/common/ketrong/tpotexp/env/lib/python3.10/site-packages/sklearn/base.py", line 1473, in wrapper
    return fit_method(estimator, *args, **kwargs)
  File "/common/ketrong/tpotexp/env/lib/python3.10/site-packages/sklearn/pipeline.py", line 473, in fit
    self._final_estimator.fit(Xt, y, **last_step_params["fit"])
  File "/common/ketrong/tpotexp/env/lib/python3.10/site-packages/sklearn/base.py", line 1466, in wrapper
    estimator._validate_params()
  File "/common/ketrong/tpotexp/env/lib/python3.10/site-packages/sklearn/base.py", line 666, in _validate_params
    validate_parameter_constraints(
  File "/common/ketrong/tpotexp/env/lib/python3.10/site-packages/sklearn/utils/_param_validation.py", line 95, in validate_parameter_constraints
    raise InvalidParameterError(
sklearn.utils._param_validation.InvalidParameterError: The 'criterion' parameter of ExtraTreesRegressor must be a str among {'friedman_mse', 'poisson', 'absolute_error', 'squared_error'}. Got 'mae' instead.

WARNING THIS INDIVIDUAL CAUSED AND EXCEPTION 
 <tpot2.search_spaces.pipelines.sequential.SequentialPipelineIndividual object at 0x155474dc1900> 
 The 'criterion' parameter of ExtraTreesRegressor must be a str among {'friedman_mse', 'poisson', 'absolute_error', 'squared_error'}. Got 'mae' instead. 
 Traceback (most recent call last):
  File "/common/ketrong/tpotexp/tpot2/tpot2/utils/eval_utils.py", line 53, in objective_nan_wrapper
    value = func_timeout.func_timeout(timeout, objective_function, args=[individual], kwargs=objective_kwargs)
  File "/common/ketrong/tpotexp/env/lib/python3.10/site-packages/func_timeout/dafunc.py", line 108, in func_timeout
    raise_exception(exception)
  File "/common/ketrong/tpotexp/env/lib/python3.10/site-packages/func_timeout/py3_raise.py", line 7, in raise_exception
    raise exception[0] from None
  File "/common/ketrong/tpotexp/tpot2/tpot2/tpot_estimator/estimator.py", line 623, in objective_function
    return objective_function_generator(
  File "/common/ketrong/tpotexp/tpot2/tpot2/tpot_estimator/estimator_utils.py", line 55, in objective_function_generator
    cv_obj_scores = cross_val_score_objective(sklearn.base.clone(pipeline),x,y,scorers=scorers, cv=cv , fold=step)
  File "/common/ketrong/tpotexp/tpot2/tpot2/tpot_estimator/cross_val_utils.py", line 28, in cross_val_score_objective
    this_fold_pipeline.fit(X_train,y_train)
  File "/common/ketrong/tpotexp/env/lib/python3.10/site-packages/sklearn/base.py", line 1473, in wrapper
    return fit_method(estimator, *args, **kwargs)
  File "/common/ketrong/tpotexp/env/lib/python3.10/site-packages/sklearn/pipeline.py", line 473, in fit
    self._final_estimator.fit(Xt, y, **last_step_params["fit"])
  File "/common/ketrong/tpotexp/env/lib/python3.10/site-packages/sklearn/base.py", line 1466, in wrapper
    estimator._validate_params()
  File "/common/ketrong/tpotexp/env/lib/python3.10/site-packages/sklearn/base.py", line 666, in _validate_params
    validate_parameter_constraints(
  File "/common/ketrong/tpotexp/env/lib/python3.10/site-packages/sklearn/utils/_param_validation.py", line 95, in validate_parameter_constraints
    raise InvalidParameterError(
sklearn.utils._param_validation.InvalidParameterError: The 'criterion' parameter of ExtraTreesRegressor must be a str among {'friedman_mse', 'poisson', 'absolute_error', 'squared_error'}. Got 'mae' instead.

Generation:  8
Best root_mean_squared_error score: -0.22932807865213006
Generation:  32%|      | 8/25 [32:38<1:07:29, 238.23s/it]WARNING THIS INDIVIDUAL CAUSED AND EXCEPTION 
 <tpot2.search_spaces.pipelines.sequential.SequentialPipelineIndividual object at 0x155475427ac0> 
 The 'criterion' parameter of ExtraTreesRegressor must be a str among {'friedman_mse', 'poisson', 'absolute_error', 'squared_error'}. Got 'mae' instead. 
 Traceback (most recent call last):
  File "/common/ketrong/tpotexp/tpot2/tpot2/utils/eval_utils.py", line 53, in objective_nan_wrapper
    value = func_timeout.func_timeout(timeout, objective_function, args=[individual], kwargs=objective_kwargs)
  File "/common/ketrong/tpotexp/env/lib/python3.10/site-packages/func_timeout/dafunc.py", line 108, in func_timeout
    raise_exception(exception)
  File "/common/ketrong/tpotexp/env/lib/python3.10/site-packages/func_timeout/py3_raise.py", line 7, in raise_exception
    raise exception[0] from None
  File "/common/ketrong/tpotexp/tpot2/tpot2/tpot_estimator/estimator.py", line 623, in objective_function
    return objective_function_generator(
  File "/common/ketrong/tpotexp/tpot2/tpot2/tpot_estimator/estimator_utils.py", line 55, in objective_function_generator
    cv_obj_scores = cross_val_score_objective(sklearn.base.clone(pipeline),x,y,scorers=scorers, cv=cv , fold=step)
  File "/common/ketrong/tpotexp/tpot2/tpot2/tpot_estimator/cross_val_utils.py", line 28, in cross_val_score_objective
    this_fold_pipeline.fit(X_train,y_train)
  File "/common/ketrong/tpotexp/env/lib/python3.10/site-packages/sklearn/base.py", line 1473, in wrapper
    return fit_method(estimator, *args, **kwargs)
  File "/common/ketrong/tpotexp/env/lib/python3.10/site-packages/sklearn/pipeline.py", line 473, in fit
    self._final_estimator.fit(Xt, y, **last_step_params["fit"])
  File "/common/ketrong/tpotexp/env/lib/python3.10/site-packages/sklearn/base.py", line 1466, in wrapper
    estimator._validate_params()
  File "/common/ketrong/tpotexp/env/lib/python3.10/site-packages/sklearn/base.py", line 666, in _validate_params
    validate_parameter_constraints(
  File "/common/ketrong/tpotexp/env/lib/python3.10/site-packages/sklearn/utils/_param_validation.py", line 95, in validate_parameter_constraints
    raise InvalidParameterError(
sklearn.utils._param_validation.InvalidParameterError: The 'criterion' parameter of ExtraTreesRegressor must be a str among {'friedman_mse', 'poisson', 'absolute_error', 'squared_error'}. Got 'mae' instead.

WARNING THIS INDIVIDUAL CAUSED AND EXCEPTION 
 <tpot2.search_spaces.pipelines.sequential.SequentialPipelineIndividual object at 0x15547516b9a0> 
 The 'criterion' parameter of ExtraTreesRegressor must be a str among {'friedman_mse', 'poisson', 'absolute_error', 'squared_error'}. Got 'mae' instead. 
 Traceback (most recent call last):
  File "/common/ketrong/tpotexp/tpot2/tpot2/utils/eval_utils.py", line 53, in objective_nan_wrapper
    value = func_timeout.func_timeout(timeout, objective_function, args=[individual], kwargs=objective_kwargs)
  File "/common/ketrong/tpotexp/env/lib/python3.10/site-packages/func_timeout/dafunc.py", line 108, in func_timeout
    raise_exception(exception)
  File "/common/ketrong/tpotexp/env/lib/python3.10/site-packages/func_timeout/py3_raise.py", line 7, in raise_exception
    raise exception[0] from None
  File "/common/ketrong/tpotexp/tpot2/tpot2/tpot_estimator/estimator.py", line 623, in objective_function
    return objective_function_generator(
  File "/common/ketrong/tpotexp/tpot2/tpot2/tpot_estimator/estimator_utils.py", line 55, in objective_function_generator
    cv_obj_scores = cross_val_score_objective(sklearn.base.clone(pipeline),x,y,scorers=scorers, cv=cv , fold=step)
  File "/common/ketrong/tpotexp/tpot2/tpot2/tpot_estimator/cross_val_utils.py", line 28, in cross_val_score_objective
    this_fold_pipeline.fit(X_train,y_train)
  File "/common/ketrong/tpotexp/env/lib/python3.10/site-packages/sklearn/base.py", line 1473, in wrapper
    return fit_method(estimator, *args, **kwargs)
  File "/common/ketrong/tpotexp/env/lib/python3.10/site-packages/sklearn/pipeline.py", line 473, in fit
    self._final_estimator.fit(Xt, y, **last_step_params["fit"])
  File "/common/ketrong/tpotexp/env/lib/python3.10/site-packages/sklearn/base.py", line 1466, in wrapper
    estimator._validate_params()
  File "/common/ketrong/tpotexp/env/lib/python3.10/site-packages/sklearn/base.py", line 666, in _validate_params
    validate_parameter_constraints(
  File "/common/ketrong/tpotexp/env/lib/python3.10/site-packages/sklearn/utils/_param_validation.py", line 95, in validate_parameter_constraints
    raise InvalidParameterError(
sklearn.utils._param_validation.InvalidParameterError: The 'criterion' parameter of ExtraTreesRegressor must be a str among {'friedman_mse', 'poisson', 'absolute_error', 'squared_error'}. Got 'mae' instead.

Generation:  9
Best root_mean_squared_error score: -0.22911644736654088
Generation:  36%|      | 9/25 [41:11<1:26:24, 324.03s/it]WARNING THIS INDIVIDUAL CAUSED AND EXCEPTION 
 <tpot2.search_spaces.pipelines.sequential.SequentialPipelineIndividual object at 0x155474cd6dd0> 
 The 'criterion' parameter of ExtraTreesRegressor must be a str among {'friedman_mse', 'poisson', 'absolute_error', 'squared_error'}. Got 'mae' instead. 
 Traceback (most recent call last):
  File "/common/ketrong/tpotexp/tpot2/tpot2/utils/eval_utils.py", line 53, in objective_nan_wrapper
    value = func_timeout.func_timeout(timeout, objective_function, args=[individual], kwargs=objective_kwargs)
  File "/common/ketrong/tpotexp/env/lib/python3.10/site-packages/func_timeout/dafunc.py", line 108, in func_timeout
    raise_exception(exception)
  File "/common/ketrong/tpotexp/env/lib/python3.10/site-packages/func_timeout/py3_raise.py", line 7, in raise_exception
    raise exception[0] from None
  File "/common/ketrong/tpotexp/tpot2/tpot2/tpot_estimator/estimator.py", line 623, in objective_function
    return objective_function_generator(
  File "/common/ketrong/tpotexp/tpot2/tpot2/tpot_estimator/estimator_utils.py", line 55, in objective_function_generator
    cv_obj_scores = cross_val_score_objective(sklearn.base.clone(pipeline),x,y,scorers=scorers, cv=cv , fold=step)
  File "/common/ketrong/tpotexp/tpot2/tpot2/tpot_estimator/cross_val_utils.py", line 28, in cross_val_score_objective
    this_fold_pipeline.fit(X_train,y_train)
  File "/common/ketrong/tpotexp/env/lib/python3.10/site-packages/sklearn/base.py", line 1473, in wrapper
    return fit_method(estimator, *args, **kwargs)
  File "/common/ketrong/tpotexp/env/lib/python3.10/site-packages/sklearn/pipeline.py", line 473, in fit
    self._final_estimator.fit(Xt, y, **last_step_params["fit"])
  File "/common/ketrong/tpotexp/env/lib/python3.10/site-packages/sklearn/base.py", line 1466, in wrapper
    estimator._validate_params()
  File "/common/ketrong/tpotexp/env/lib/python3.10/site-packages/sklearn/base.py", line 666, in _validate_params
    validate_parameter_constraints(
  File "/common/ketrong/tpotexp/env/lib/python3.10/site-packages/sklearn/utils/_param_validation.py", line 95, in validate_parameter_constraints
    raise InvalidParameterError(
sklearn.utils._param_validation.InvalidParameterError: The 'criterion' parameter of ExtraTreesRegressor must be a str among {'friedman_mse', 'poisson', 'absolute_error', 'squared_error'}. Got 'mae' instead.

WARNING THIS INDIVIDUAL CAUSED AND EXCEPTION 
 <tpot2.search_spaces.pipelines.sequential.SequentialPipelineIndividual object at 0x155475b46a10> 
 The 'criterion' parameter of DecisionTreeRegressor must be a str among {'friedman_mse', 'poisson', 'absolute_error', 'squared_error'}. Got 'mae' instead. 
 Traceback (most recent call last):
  File "/common/ketrong/tpotexp/tpot2/tpot2/utils/eval_utils.py", line 53, in objective_nan_wrapper
    value = func_timeout.func_timeout(timeout, objective_function, args=[individual], kwargs=objective_kwargs)
  File "/common/ketrong/tpotexp/env/lib/python3.10/site-packages/func_timeout/dafunc.py", line 108, in func_timeout
    raise_exception(exception)
  File "/common/ketrong/tpotexp/env/lib/python3.10/site-packages/func_timeout/py3_raise.py", line 7, in raise_exception
    raise exception[0] from None
  File "/common/ketrong/tpotexp/tpot2/tpot2/tpot_estimator/estimator.py", line 623, in objective_function
    return objective_function_generator(
  File "/common/ketrong/tpotexp/tpot2/tpot2/tpot_estimator/estimator_utils.py", line 55, in objective_function_generator
    cv_obj_scores = cross_val_score_objective(sklearn.base.clone(pipeline),x,y,scorers=scorers, cv=cv , fold=step)
  File "/common/ketrong/tpotexp/tpot2/tpot2/tpot_estimator/cross_val_utils.py", line 28, in cross_val_score_objective
    this_fold_pipeline.fit(X_train,y_train)
  File "/common/ketrong/tpotexp/env/lib/python3.10/site-packages/sklearn/base.py", line 1473, in wrapper
    return fit_method(estimator, *args, **kwargs)
  File "/common/ketrong/tpotexp/env/lib/python3.10/site-packages/sklearn/pipeline.py", line 473, in fit
    self._final_estimator.fit(Xt, y, **last_step_params["fit"])
  File "/common/ketrong/tpotexp/env/lib/python3.10/site-packages/sklearn/base.py", line 1466, in wrapper
    estimator._validate_params()
  File "/common/ketrong/tpotexp/env/lib/python3.10/site-packages/sklearn/base.py", line 666, in _validate_params
    validate_parameter_constraints(
  File "/common/ketrong/tpotexp/env/lib/python3.10/site-packages/sklearn/utils/_param_validation.py", line 95, in validate_parameter_constraints
    raise InvalidParameterError(
sklearn.utils._param_validation.InvalidParameterError: The 'criterion' parameter of DecisionTreeRegressor must be a str among {'friedman_mse', 'poisson', 'absolute_error', 'squared_error'}. Got 'mae' instead.

WARNING AN INDIVIDUAL TIMED OUT: 
 <tpot2.search_spaces.pipelines.sequential.SequentialPipelineIndividual object at 0x155475bdae00> 

WARNING AN INDIVIDUAL TIMED OUT: 
 <tpot2.search_spaces.pipelines.sequential.SequentialPipelineIndividual object at 0x15547510d000> 

Generation:  10
Best root_mean_squared_error score: -0.22911644736654088
Generation:  40%|      | 10/25 [51:15<1:42:39, 410.62s/it]WARNING AN INDIVIDUAL TIMED OUT: 
 <tpot2.search_spaces.pipelines.sequential.SequentialPipelineIndividual object at 0x1554750ae800> 

WARNING AN INDIVIDUAL TIMED OUT: 
 <tpot2.search_spaces.pipelines.sequential.SequentialPipelineIndividual object at 0x1554754ae350> 

Generation:  11
Best root_mean_squared_error score: -0.22911644736654088
Generation:  44%|     | 11/25 [1:01:20<1:49:41, 470.13s/it]WARNING THIS INDIVIDUAL CAUSED AND EXCEPTION 
 <tpot2.search_spaces.pipelines.sequential.SequentialPipelineIndividual object at 0x155474bc4dc0> 
 The 'criterion' parameter of DecisionTreeRegressor must be a str among {'friedman_mse', 'poisson', 'absolute_error', 'squared_error'}. Got 'mae' instead. 
 Traceback (most recent call last):
  File "/common/ketrong/tpotexp/tpot2/tpot2/utils/eval_utils.py", line 53, in objective_nan_wrapper
    value = func_timeout.func_timeout(timeout, objective_function, args=[individual], kwargs=objective_kwargs)
  File "/common/ketrong/tpotexp/env/lib/python3.10/site-packages/func_timeout/dafunc.py", line 108, in func_timeout
    raise_exception(exception)
  File "/common/ketrong/tpotexp/env/lib/python3.10/site-packages/func_timeout/py3_raise.py", line 7, in raise_exception
    raise exception[0] from None
  File "/common/ketrong/tpotexp/tpot2/tpot2/tpot_estimator/estimator.py", line 623, in objective_function
    return objective_function_generator(
  File "/common/ketrong/tpotexp/tpot2/tpot2/tpot_estimator/estimator_utils.py", line 55, in objective_function_generator
    cv_obj_scores = cross_val_score_objective(sklearn.base.clone(pipeline),x,y,scorers=scorers, cv=cv , fold=step)
  File "/common/ketrong/tpotexp/tpot2/tpot2/tpot_estimator/cross_val_utils.py", line 28, in cross_val_score_objective
    this_fold_pipeline.fit(X_train,y_train)
  File "/common/ketrong/tpotexp/env/lib/python3.10/site-packages/sklearn/base.py", line 1473, in wrapper
    return fit_method(estimator, *args, **kwargs)
  File "/common/ketrong/tpotexp/env/lib/python3.10/site-packages/sklearn/pipeline.py", line 473, in fit
    self._final_estimator.fit(Xt, y, **last_step_params["fit"])
  File "/common/ketrong/tpotexp/env/lib/python3.10/site-packages/sklearn/base.py", line 1466, in wrapper
    estimator._validate_params()
  File "/common/ketrong/tpotexp/env/lib/python3.10/site-packages/sklearn/base.py", line 666, in _validate_params
    validate_parameter_constraints(
  File "/common/ketrong/tpotexp/env/lib/python3.10/site-packages/sklearn/utils/_param_validation.py", line 95, in validate_parameter_constraints
    raise InvalidParameterError(
sklearn.utils._param_validation.InvalidParameterError: The 'criterion' parameter of DecisionTreeRegressor must be a str among {'friedman_mse', 'poisson', 'absolute_error', 'squared_error'}. Got 'mae' instead.

Generation:  12
Best root_mean_squared_error score: -0.22911644736654088
Generation:  48%|     | 12/25 [1:08:04<1:37:26, 449.75s/it]WARNING THIS INDIVIDUAL CAUSED AND EXCEPTION 
 <tpot2.search_spaces.pipelines.sequential.SequentialPipelineIndividual object at 0x155475b47d90> 
 The 'criterion' parameter of RandomForestRegressor must be a str among {'friedman_mse', 'poisson', 'absolute_error', 'squared_error'}. Got 'mae' instead. 
 Traceback (most recent call last):
  File "/common/ketrong/tpotexp/tpot2/tpot2/utils/eval_utils.py", line 53, in objective_nan_wrapper
    value = func_timeout.func_timeout(timeout, objective_function, args=[individual], kwargs=objective_kwargs)
  File "/common/ketrong/tpotexp/env/lib/python3.10/site-packages/func_timeout/dafunc.py", line 108, in func_timeout
    raise_exception(exception)
  File "/common/ketrong/tpotexp/env/lib/python3.10/site-packages/func_timeout/py3_raise.py", line 7, in raise_exception
    raise exception[0] from None
  File "/common/ketrong/tpotexp/tpot2/tpot2/tpot_estimator/estimator.py", line 623, in objective_function
    return objective_function_generator(
  File "/common/ketrong/tpotexp/tpot2/tpot2/tpot_estimator/estimator_utils.py", line 55, in objective_function_generator
    cv_obj_scores = cross_val_score_objective(sklearn.base.clone(pipeline),x,y,scorers=scorers, cv=cv , fold=step)
  File "/common/ketrong/tpotexp/tpot2/tpot2/tpot_estimator/cross_val_utils.py", line 28, in cross_val_score_objective
    this_fold_pipeline.fit(X_train,y_train)
  File "/common/ketrong/tpotexp/env/lib/python3.10/site-packages/sklearn/base.py", line 1473, in wrapper
    return fit_method(estimator, *args, **kwargs)
  File "/common/ketrong/tpotexp/env/lib/python3.10/site-packages/sklearn/pipeline.py", line 473, in fit
    self._final_estimator.fit(Xt, y, **last_step_params["fit"])
  File "/common/ketrong/tpotexp/env/lib/python3.10/site-packages/sklearn/base.py", line 1466, in wrapper
    estimator._validate_params()
  File "/common/ketrong/tpotexp/env/lib/python3.10/site-packages/sklearn/base.py", line 666, in _validate_params
    validate_parameter_constraints(
  File "/common/ketrong/tpotexp/env/lib/python3.10/site-packages/sklearn/utils/_param_validation.py", line 95, in validate_parameter_constraints
    raise InvalidParameterError(
sklearn.utils._param_validation.InvalidParameterError: The 'criterion' parameter of RandomForestRegressor must be a str among {'friedman_mse', 'poisson', 'absolute_error', 'squared_error'}. Got 'mae' instead.

WARNING AN INDIVIDUAL TIMED OUT: 
 <tpot2.search_spaces.pipelines.sequential.SequentialPipelineIndividual object at 0x155474e27a30> 

WARNING AN INDIVIDUAL TIMED OUT: 
 <tpot2.search_spaces.pipelines.sequential.SequentialPipelineIndividual object at 0x155475c00670> 

Generation:  13
Best root_mean_squared_error score: -0.22911644736654088
Generation:  52%|    | 13/25 [1:18:10<1:39:25, 497.09s/it]WARNING AN INDIVIDUAL TIMED OUT: 
 <tpot2.search_spaces.pipelines.sequential.SequentialPipelineIndividual object at 0x1554754ae020> 

Generation:  14
Best root_mean_squared_error score: -0.22911644736654088
Generation:  56%|    | 14/25 [1:28:15<1:37:09, 529.98s/it]WARNING AN INDIVIDUAL TIMED OUT: 
 <tpot2.search_spaces.pipelines.sequential.SequentialPipelineIndividual object at 0x1554754e5ff0> 

Generation:  15
Best root_mean_squared_error score: -0.22899782917766717
Generation:  60%|    | 15/25 [1:38:22<1:32:11, 553.16s/it]WARNING THIS INDIVIDUAL CAUSED AND EXCEPTION 
 <tpot2.search_spaces.pipelines.sequential.SequentialPipelineIndividual object at 0x155475b46830> 
 The 'criterion' parameter of ExtraTreesRegressor must be a str among {'friedman_mse', 'poisson', 'absolute_error', 'squared_error'}. Got 'mae' instead. 
 Traceback (most recent call last):
  File "/common/ketrong/tpotexp/tpot2/tpot2/utils/eval_utils.py", line 53, in objective_nan_wrapper
    value = func_timeout.func_timeout(timeout, objective_function, args=[individual], kwargs=objective_kwargs)
  File "/common/ketrong/tpotexp/env/lib/python3.10/site-packages/func_timeout/dafunc.py", line 108, in func_timeout
    raise_exception(exception)
  File "/common/ketrong/tpotexp/env/lib/python3.10/site-packages/func_timeout/py3_raise.py", line 7, in raise_exception
    raise exception[0] from None
  File "/common/ketrong/tpotexp/tpot2/tpot2/tpot_estimator/estimator.py", line 623, in objective_function
    return objective_function_generator(
  File "/common/ketrong/tpotexp/tpot2/tpot2/tpot_estimator/estimator_utils.py", line 55, in objective_function_generator
    cv_obj_scores = cross_val_score_objective(sklearn.base.clone(pipeline),x,y,scorers=scorers, cv=cv , fold=step)
  File "/common/ketrong/tpotexp/tpot2/tpot2/tpot_estimator/cross_val_utils.py", line 28, in cross_val_score_objective
    this_fold_pipeline.fit(X_train,y_train)
  File "/common/ketrong/tpotexp/env/lib/python3.10/site-packages/sklearn/base.py", line 1473, in wrapper
    return fit_method(estimator, *args, **kwargs)
  File "/common/ketrong/tpotexp/env/lib/python3.10/site-packages/sklearn/pipeline.py", line 473, in fit
    self._final_estimator.fit(Xt, y, **last_step_params["fit"])
  File "/common/ketrong/tpotexp/env/lib/python3.10/site-packages/sklearn/base.py", line 1466, in wrapper
    estimator._validate_params()
  File "/common/ketrong/tpotexp/env/lib/python3.10/site-packages/sklearn/base.py", line 666, in _validate_params
    validate_parameter_constraints(
  File "/common/ketrong/tpotexp/env/lib/python3.10/site-packages/sklearn/utils/_param_validation.py", line 95, in validate_parameter_constraints
    raise InvalidParameterError(
sklearn.utils._param_validation.InvalidParameterError: The 'criterion' parameter of ExtraTreesRegressor must be a str among {'friedman_mse', 'poisson', 'absolute_error', 'squared_error'}. Got 'mae' instead.

WARNING AN INDIVIDUAL TIMED OUT: 
 <tpot2.search_spaces.pipelines.sequential.SequentialPipelineIndividual object at 0x155475b47010> 

Generation:  16
Best root_mean_squared_error score: -0.22899782917766717
Generation:  64%|   | 16/25 [1:48:29<1:25:24, 569.35s/it]WARNING AN INDIVIDUAL TIMED OUT: 
 <tpot2.search_spaces.pipelines.sequential.SequentialPipelineIndividual object at 0x155475006710> 

Generation:  17
Best root_mean_squared_error score: -0.22887339245505464
Generation:  68%|   | 17/25 [1:58:37<1:17:26, 580.85s/it]Generation:  18
Best root_mean_squared_error score: -0.22887339245505464
Generation:  72%|  | 18/25 [2:05:03<1:00:56, 522.30s/it]WARNING THIS INDIVIDUAL CAUSED AND EXCEPTION 
 <tpot2.search_spaces.pipelines.sequential.SequentialPipelineIndividual object at 0x1554754c5630> 
 The 'criterion' parameter of ExtraTreesRegressor must be a str among {'friedman_mse', 'poisson', 'absolute_error', 'squared_error'}. Got 'mae' instead. 
 Traceback (most recent call last):
  File "/common/ketrong/tpotexp/tpot2/tpot2/utils/eval_utils.py", line 53, in objective_nan_wrapper
    value = func_timeout.func_timeout(timeout, objective_function, args=[individual], kwargs=objective_kwargs)
  File "/common/ketrong/tpotexp/env/lib/python3.10/site-packages/func_timeout/dafunc.py", line 108, in func_timeout
    raise_exception(exception)
  File "/common/ketrong/tpotexp/env/lib/python3.10/site-packages/func_timeout/py3_raise.py", line 7, in raise_exception
    raise exception[0] from None
  File "/common/ketrong/tpotexp/tpot2/tpot2/tpot_estimator/estimator.py", line 623, in objective_function
    return objective_function_generator(
  File "/common/ketrong/tpotexp/tpot2/tpot2/tpot_estimator/estimator_utils.py", line 55, in objective_function_generator
    cv_obj_scores = cross_val_score_objective(sklearn.base.clone(pipeline),x,y,scorers=scorers, cv=cv , fold=step)
  File "/common/ketrong/tpotexp/tpot2/tpot2/tpot_estimator/cross_val_utils.py", line 28, in cross_val_score_objective
    this_fold_pipeline.fit(X_train,y_train)
  File "/common/ketrong/tpotexp/env/lib/python3.10/site-packages/sklearn/base.py", line 1473, in wrapper
    return fit_method(estimator, *args, **kwargs)
  File "/common/ketrong/tpotexp/env/lib/python3.10/site-packages/sklearn/pipeline.py", line 473, in fit
    self._final_estimator.fit(Xt, y, **last_step_params["fit"])
  File "/common/ketrong/tpotexp/env/lib/python3.10/site-packages/sklearn/base.py", line 1466, in wrapper
    estimator._validate_params()
  File "/common/ketrong/tpotexp/env/lib/python3.10/site-packages/sklearn/base.py", line 666, in _validate_params
    validate_parameter_constraints(
  File "/common/ketrong/tpotexp/env/lib/python3.10/site-packages/sklearn/utils/_param_validation.py", line 95, in validate_parameter_constraints
    raise InvalidParameterError(
sklearn.utils._param_validation.InvalidParameterError: The 'criterion' parameter of ExtraTreesRegressor must be a str among {'friedman_mse', 'poisson', 'absolute_error', 'squared_error'}. Got 'mae' instead.

