Run: 52
/cm/local/apps/slurm/var/spool/job993693/slurm_script: line 26: 
pip install -e tpot2
pip install -r tpot2/ImputerExperiments/requirements_.txt
: No such file or directory
RunStart
Version 0.1.7a0 of tpot2 is outdated. Version 0.1.8a0 was released Tuesday September 17, 2024.
starting loops
../data/r/23515/23515.pkl
working on 
../data/r/23515/reg_full_MCAR_0.5_3
4.822300434112549
running experiment 1/3 - Does large hyperparameter space improve reconstruction accuracy over simple
[I 2024-10-08 12:28:50,564] A new study created in memory with name: no-name-be5b6466-0dec-4c6c-b4f5-8da544e0d3c2
running
running
running
running
running
running
running
running
running
running
running
running
running
running
running
running
[I 2024-10-08 12:28:50,835] Trial 12 finished with value: 0.3901540513766508 and parameters: {'model_name': 'SimpleImputer', 'strategy': 'constant'}. Best is trial 12 with value: 0.3901540513766508.
running
[I 2024-10-08 12:28:51,067] Trial 13 finished with value: 0.3901540513766508 and parameters: {'model_name': 'SimpleImputer', 'strategy': 'most_frequent'}. Best is trial 12 with value: 0.3901540513766508.
running
[I 2024-10-08 12:28:53,292] Trial 8 finished with value: 0.23038036205144602 and parameters: {'model_name': 'KNNImputer', 'n_neighbors': 7995, 'weights': 'uniform'}. Best is trial 8 with value: 0.23038036205144602.
running
[I 2024-10-08 12:28:53,546] Trial 11 finished with value: 0.22704848513243556 and parameters: {'model_name': 'IterativeImputer', 'estimator': 'Bayesian', 'initial_strategy': 'mean', 'n_nearest_features': 5, 'imputation_order': 'roman', 'sample_posterior': False}. Best is trial 11 with value: 0.22704848513243556.
[I 2024-10-08 12:28:53,649] Trial 0 finished with value: 0.23038036205144602 and parameters: {'model_name': 'KNNImputer', 'n_neighbors': 7314, 'weights': 'uniform'}. Best is trial 11 with value: 0.22704848513243556.
running
running
[I 2024-10-08 12:28:53,803] Trial 18 finished with value: 0.3901540513766508 and parameters: {'model_name': 'SimpleImputer', 'strategy': 'most_frequent'}. Best is trial 11 with value: 0.22704848513243556.
running
[I 2024-10-08 12:28:53,990] Trial 15 finished with value: 0.23098189826586418 and parameters: {'model_name': 'KNNImputer', 'n_neighbors': 1637, 'weights': 'uniform'}. Best is trial 11 with value: 0.22704848513243556.
running
[I 2024-10-08 12:28:54,170] Trial 21 finished with value: 0.3901540513766508 and parameters: {'model_name': 'SimpleImputer', 'strategy': 'most_frequent'}. Best is trial 11 with value: 0.22704848513243556.
running
[I 2024-10-08 12:28:54,777] Trial 9 finished with value: 0.2562607990893754 and parameters: {'model_name': 'KNNImputer', 'n_neighbors': 3513, 'weights': 'distance'}. Best is trial 11 with value: 0.22704848513243556.
running
[I 2024-10-08 12:28:56,957] Trial 23 finished with value: 0.23328725461132288 and parameters: {'model_name': 'KNNImputer', 'n_neighbors': 4224, 'weights': 'uniform'}. Best is trial 11 with value: 0.22704848513243556.
running
[I 2024-10-08 12:28:57,660] Trial 19 finished with value: 0.38456456511509673 and parameters: {'model_name': 'GAIN', 'batch_size': 12, 'hint_rate': 0.522988592057093, 'alpha': 56, 'iterations': 1, 'learning_rate': 0.0006423017205737084, 'p_miss': 0.04937252692931541}. Best is trial 11 with value: 0.22704848513243556.
[I 2024-10-08 12:28:57,786] Trial 1 finished with value: 0.3756104440260625 and parameters: {'model_name': 'GAIN', 'batch_size': 19, 'hint_rate': 0.012701435070977691, 'alpha': 72, 'iterations': 1, 'learning_rate': 0.00011505452606569797, 'p_miss': 0.1162855681912854}. Best is trial 11 with value: 0.22704848513243556.
running
running
[I 2024-10-08 12:28:58,223] Trial 24 finished with value: 0.23272112350479332 and parameters: {'model_name': 'KNNImputer', 'n_neighbors': 4932, 'weights': 'uniform'}. Best is trial 11 with value: 0.22704848513243556.
running
[I 2024-10-08 12:29:01,020] Trial 7 finished with value: 0.2645623044482147 and parameters: {'model_name': 'VAE', 'batch_size': 1, 'iterations': 6, 'learning_rate': 0.06907751770271624, 'p_miss': 0.06734004030992906}. Best is trial 11 with value: 0.22704848513243556.
running
[I 2024-10-08 12:29:02,098] Trial 10 finished with value: inf and parameters: {'model_name': 'GAIN', 'batch_size': 4, 'hint_rate': 0.8883466684690843, 'alpha': 90, 'iterations': 44, 'learning_rate': 0.004417902862012396, 'p_miss': 0.23806532968228664}. Best is trial 11 with value: 0.22704848513243556.
running
[I 2024-10-08 12:29:04,500] Trial 25 finished with value: 0.22704848513243556 and parameters: {'model_name': 'IterativeImputer', 'estimator': 'Bayesian', 'initial_strategy': 'mean', 'n_nearest_features': 5, 'imputation_order': 'roman', 'sample_posterior': False}. Best is trial 11 with value: 0.22704848513243556.
running
[I 2024-10-08 12:29:04,914] Trial 27 finished with value: 0.22704848513243556 and parameters: {'model_name': 'IterativeImputer', 'estimator': 'Bayesian', 'initial_strategy': 'mean', 'n_nearest_features': 5, 'imputation_order': 'roman', 'sample_posterior': False}. Best is trial 11 with value: 0.22704848513243556.
running
[I 2024-10-08 12:29:05,264] Trial 26 finished with value: 0.22704848513243556 and parameters: {'model_name': 'IterativeImputer', 'estimator': 'Bayesian', 'initial_strategy': 'mean', 'n_nearest_features': 5, 'imputation_order': 'roman', 'sample_posterior': False}. Best is trial 11 with value: 0.22704848513243556.
running
[I 2024-10-08 12:29:06,034] Trial 28 finished with value: 0.22704848513243556 and parameters: {'model_name': 'IterativeImputer', 'estimator': 'Bayesian', 'initial_strategy': 'mean', 'n_nearest_features': 5, 'imputation_order': 'roman', 'sample_posterior': False}. Best is trial 11 with value: 0.22704848513243556.
running
[I 2024-10-08 12:29:07,377] Trial 29 finished with value: 0.22704848513243556 and parameters: {'model_name': 'IterativeImputer', 'estimator': 'Bayesian', 'initial_strategy': 'mean', 'n_nearest_features': 5, 'imputation_order': 'roman', 'sample_posterior': False}. Best is trial 11 with value: 0.22704848513243556.
running
[I 2024-10-08 12:29:08,414] Trial 30 finished with value: 0.22704848513243556 and parameters: {'model_name': 'IterativeImputer', 'estimator': 'Bayesian', 'initial_strategy': 'mean', 'n_nearest_features': 5, 'imputation_order': 'roman', 'sample_posterior': False}. Best is trial 11 with value: 0.22704848513243556.
running
[I 2024-10-08 12:29:09,442] Trial 17 finished with value: 0.30319133554366223 and parameters: {'model_name': 'IterativeImputer', 'estimator': 'Bayesian', 'initial_strategy': 'most_frequent', 'n_nearest_features': 2, 'imputation_order': 'arabic', 'sample_posterior': True}. Best is trial 11 with value: 0.22704848513243556.
running
[I 2024-10-08 12:29:09,661] Trial 6 finished with value: inf and parameters: {'model_name': 'GAIN', 'batch_size': 1, 'hint_rate': 0.057533306731333285, 'alpha': 35, 'iterations': 199, 'learning_rate': 0.0023962819749982264, 'p_miss': 0.2541736783444077}. Best is trial 11 with value: 0.22704848513243556.
running
[I 2024-10-08 12:29:11,691] Trial 4 finished with value: inf and parameters: {'model_name': 'GAIN', 'batch_size': 2, 'hint_rate': 0.8635563752073504, 'alpha': 33, 'iterations': 223, 'learning_rate': 0.004290668718303635, 'p_miss': 0.11812141475725091}. Best is trial 11 with value: 0.22704848513243556.
running
[I 2024-10-08 12:29:13,616] Trial 31 finished with value: 0.22704848513243556 and parameters: {'model_name': 'IterativeImputer', 'estimator': 'Bayesian', 'initial_strategy': 'mean', 'n_nearest_features': 5, 'imputation_order': 'roman', 'sample_posterior': False}. Best is trial 11 with value: 0.22704848513243556.
running
[I 2024-10-08 12:29:13,980] Trial 32 finished with value: 0.22704848513243556 and parameters: {'model_name': 'IterativeImputer', 'estimator': 'Bayesian', 'initial_strategy': 'mean', 'n_nearest_features': 5, 'imputation_order': 'roman', 'sample_posterior': False}. Best is trial 11 with value: 0.22704848513243556.
running
[I 2024-10-08 12:29:17,087] Trial 33 finished with value: 0.2269678153432177 and parameters: {'model_name': 'IterativeImputer', 'estimator': 'Ridge', 'initial_strategy': 'most_frequent', 'n_nearest_features': 3, 'imputation_order': 'arabic'}. Best is trial 33 with value: 0.2269678153432177.
running
[I 2024-10-08 12:29:21,555] Trial 35 finished with value: 0.22797636534655527 and parameters: {'model_name': 'IterativeImputer', 'estimator': 'Ridge', 'initial_strategy': 'median', 'n_nearest_features': 2, 'imputation_order': 'descending'}. Best is trial 33 with value: 0.2269678153432177.
running
[I 2024-10-08 12:29:32,496] Trial 37 finished with value: 0.23460975325881042 and parameters: {'model_name': 'IterativeImputer', 'estimator': 'KNN', 'initial_strategy': 'constant', 'n_nearest_features': 6, 'imputation_order': 'random'}. Best is trial 33 with value: 0.2269678153432177.
running
[I 2024-10-08 12:29:33,943] Trial 39 finished with value: 0.23302272341844335 and parameters: {'model_name': 'IterativeImputer', 'estimator': 'KNN', 'initial_strategy': 'median', 'n_nearest_features': 6, 'imputation_order': 'random'}. Best is trial 33 with value: 0.2269678153432177.
running
[I 2024-10-08 12:29:34,864] Trial 40 finished with value: 0.23223315657354968 and parameters: {'model_name': 'IterativeImputer', 'estimator': 'KNN', 'initial_strategy': 'median', 'n_nearest_features': 3, 'imputation_order': 'descending'}. Best is trial 33 with value: 0.2269678153432177.
running
[I 2024-10-08 12:29:52,916] Trial 14 finished with value: 0.17897884293699434 and parameters: {'model_name': 'VAE', 'batch_size': 851, 'iterations': 12, 'learning_rate': 0.0005296273785911836, 'p_miss': 0.27717082995000747}. Best is trial 14 with value: 0.17897884293699434.
running
[I 2024-10-08 12:31:15,498] Trial 2 finished with value: inf and parameters: {'model_name': 'GAIN', 'batch_size': 4, 'hint_rate': 0.3691115450719245, 'alpha': 15, 'iterations': 634, 'learning_rate': 0.014966160572457286, 'p_miss': 0.20360978587290307}. Best is trial 14 with value: 0.17897884293699434.
running
[I 2024-10-08 12:45:22,238] Trial 3 finished with value: 0.37833097936133064 and parameters: {'model_name': 'GAIN', 'batch_size': 140, 'hint_rate': 0.22026328893949945, 'alpha': 37, 'iterations': 567, 'learning_rate': 0.0007101019856319513, 'p_miss': 0.18326492112581358}. Best is trial 14 with value: 0.17897884293699434.
running
[I 2024-10-08 12:50:03,599] Trial 36 finished with value: 0.23518794461289677 and parameters: {'model_name': 'IterativeImputer', 'estimator': 'RFR', 'initial_strategy': 'median', 'n_nearest_features': 2, 'imputation_order': 'ascending'}. Best is trial 14 with value: 0.17897884293699434.
running
[I 2024-10-08 12:50:18,384] Trial 16 finished with value: 0.23467724130287065 and parameters: {'model_name': 'IterativeImputer', 'estimator': 'RFR', 'initial_strategy': 'median', 'n_nearest_features': 2, 'imputation_order': 'ascending'}. Best is trial 14 with value: 0.17897884293699434.
running
[I 2024-10-08 12:50:20,935] Trial 5 finished with value: 0.23952852719738585 and parameters: {'model_name': 'IterativeImputer', 'estimator': 'RFR', 'initial_strategy': 'mean', 'n_nearest_features': 2, 'imputation_order': 'random'}. Best is trial 14 with value: 0.17897884293699434.
running
[I 2024-10-08 12:50:28,063] Trial 34 finished with value: 0.24114600332260677 and parameters: {'model_name': 'IterativeImputer', 'estimator': 'RFR', 'initial_strategy': 'constant', 'n_nearest_features': 2, 'imputation_order': 'random'}. Best is trial 14 with value: 0.17897884293699434.
running
[I 2024-10-08 12:51:23,796] Trial 51 finished with value: 0.1742105736027829 and parameters: {'model_name': 'VAE', 'batch_size': 899, 'iterations': 9, 'learning_rate': 0.00013507896036284663, 'p_miss': 0.27222241591797514}. Best is trial 51 with value: 0.1742105736027829.
running
[I 2024-10-08 12:52:36,673] Trial 54 finished with value: 0.18179878352198847 and parameters: {'model_name': 'VAE', 'batch_size': 990, 'iterations': 12, 'learning_rate': 0.0001505643258998852, 'p_miss': 0.29505481812377754}. Best is trial 51 with value: 0.1742105736027829.
running
[I 2024-10-08 12:54:31,312] Trial 55 finished with value: 0.17864058174922798 and parameters: {'model_name': 'VAE', 'batch_size': 844, 'iterations': 17, 'learning_rate': 0.00010254366166686133, 'p_miss': 0.2924613708539269}. Best is trial 51 with value: 0.1742105736027829.
running
[I 2024-10-08 12:56:35,808] Trial 56 finished with value: 0.17613384803467674 and parameters: {'model_name': 'VAE', 'batch_size': 960, 'iterations': 16, 'learning_rate': 0.00011215686258877823, 'p_miss': 0.2975485731935208}. Best is trial 51 with value: 0.1742105736027829.
running
[I 2024-10-08 12:57:43,108] Trial 38 finished with value: 0.22214005761349517 and parameters: {'model_name': 'IterativeImputer', 'estimator': 'RFR', 'initial_strategy': 'median', 'n_nearest_features': 6, 'imputation_order': 'descending'}. Best is trial 51 with value: 0.1742105736027829.
running
[I 2024-10-08 12:58:23,632] Trial 57 finished with value: 0.17890641095874865 and parameters: {'model_name': 'VAE', 'batch_size': 962, 'iterations': 15, 'learning_rate': 0.00010008678223893059, 'p_miss': 0.2963456830653592}. Best is trial 51 with value: 0.1742105736027829.
running
[I 2024-10-08 12:59:37,533] Trial 58 finished with value: 0.1805396564742327 and parameters: {'model_name': 'VAE', 'batch_size': 975, 'iterations': 14, 'learning_rate': 0.00010835544407045765, 'p_miss': 0.2978725750714832}. Best is trial 51 with value: 0.1742105736027829.
running
[I 2024-10-08 13:00:16,642] Trial 60 finished with value: 0.17801373830686854 and parameters: {'model_name': 'VAE', 'batch_size': 315, 'iterations': 7, 'learning_rate': 0.0002894155396325592, 'p_miss': 0.26881450915560795}. Best is trial 51 with value: 0.1742105736027829.
running
[I 2024-10-08 13:00:30,364] Trial 59 finished with value: 0.18061419423186503 and parameters: {'model_name': 'VAE', 'batch_size': 925, 'iterations': 13, 'learning_rate': 0.00010057219804402558, 'p_miss': 0.29826736769931694}. Best is trial 51 with value: 0.1742105736027829.
running
[I 2024-10-08 13:00:53,566] Trial 62 finished with value: 0.18205453194578222 and parameters: {'model_name': 'VAE', 'batch_size': 202, 'iterations': 4, 'learning_rate': 0.00030128681099565963, 'p_miss': 0.24720725749915934}. Best is trial 51 with value: 0.1742105736027829.
running
[I 2024-10-08 13:04:53,100] Trial 63 finished with value: 0.1769714232921315 and parameters: {'model_name': 'VAE', 'batch_size': 266, 'iterations': 49, 'learning_rate': 0.0002502729845310344, 'p_miss': 0.2599592455893271}. Best is trial 51 with value: 0.1742105736027829.
running
[I 2024-10-08 13:10:48,160] Trial 64 finished with value: 0.17296090149898022 and parameters: {'model_name': 'VAE', 'batch_size': 220, 'iterations': 54, 'learning_rate': 0.000290404044305116, 'p_miss': 0.2617650196121852}. Best is trial 64 with value: 0.17296090149898022.
running
[I 2024-10-08 13:16:31,557] Trial 65 finished with value: 0.1780801727332674 and parameters: {'model_name': 'VAE', 'batch_size': 236, 'iterations': 58, 'learning_rate': 0.00031243914314444093, 'p_miss': 0.22601767878278833}. Best is trial 64 with value: 0.17296090149898022.
running
[I 2024-10-08 13:25:04,658] Trial 66 finished with value: 0.17297069029437057 and parameters: {'model_name': 'VAE', 'batch_size': 203, 'iterations': 91, 'learning_rate': 0.000277522135472602, 'p_miss': 0.2543992629267422}. Best is trial 64 with value: 0.17296090149898022.
running
[I 2024-10-08 13:28:14,647] Trial 22 finished with value: 0.2329968068209153 and parameters: {'model_name': 'VAE', 'batch_size': 13, 'iterations': 756, 'learning_rate': 0.0006984144548876371, 'p_miss': 0.23814766837434737}. Best is trial 64 with value: 0.17296090149898022.
running
[I 2024-10-08 13:33:18,008] Trial 67 finished with value: 0.17273332469095828 and parameters: {'model_name': 'VAE', 'batch_size': 302, 'iterations': 88, 'learning_rate': 0.0002563670227676536, 'p_miss': 0.26173340584517424}. Best is trial 67 with value: 0.17273332469095828.
running
[I 2024-10-08 13:37:43,965] Trial 68 finished with value: 0.17692873322002783 and parameters: {'model_name': 'VAE', 'batch_size': 330, 'iterations': 110, 'learning_rate': 0.0002390072570307019, 'p_miss': 0.2610455506375875}. Best is trial 67 with value: 0.17273332469095828.
running
[I 2024-10-08 13:38:37,363] Trial 20 finished with value: 0.37918429803360476 and parameters: {'model_name': 'GAIN', 'batch_size': 49, 'hint_rate': 0.8533140600905829, 'alpha': 79, 'iterations': 2195, 'learning_rate': 0.0016378393170183513, 'p_miss': 0.14744359613439817}. Best is trial 67 with value: 0.17273332469095828.
running
[I 2024-10-08 13:41:47,224] Trial 69 finished with value: 0.17488439116771992 and parameters: {'model_name': 'VAE', 'batch_size': 77, 'iterations': 118, 'learning_rate': 0.00024186085194593463, 'p_miss': 0.263077262173495}. Best is trial 67 with value: 0.17273332469095828.
running
[I 2024-10-08 13:46:07,037] Trial 70 finished with value: 0.17368996086344932 and parameters: {'model_name': 'VAE', 'batch_size': 87, 'iterations': 148, 'learning_rate': 0.00020114636076860466, 'p_miss': 0.2649605215424478}. Best is trial 67 with value: 0.17273332469095828.
running
[I 2024-10-08 13:46:51,923] Trial 71 finished with value: 0.17539737543948536 and parameters: {'model_name': 'VAE', 'batch_size': 80, 'iterations': 130, 'learning_rate': 0.000204952519862316, 'p_miss': 0.21385229983336257}. Best is trial 67 with value: 0.17273332469095828.
running
[I 2024-10-08 13:52:14,855] Trial 72 finished with value: 0.17597922482404113 and parameters: {'model_name': 'VAE', 'batch_size': 89, 'iterations': 123, 'learning_rate': 0.0001989245534700281, 'p_miss': 0.21458538425814772}. Best is trial 67 with value: 0.17273332469095828.
running
[I 2024-10-08 13:54:33,244] Trial 75 finished with value: 0.17512231763143618 and parameters: {'model_name': 'VAE', 'batch_size': 38, 'iterations': 36, 'learning_rate': 0.0004715465318829768, 'p_miss': 0.2703889370379598}. Best is trial 67 with value: 0.17273332469095828.
running
[I 2024-10-08 13:54:51,654] Trial 73 finished with value: 0.17892722068406497 and parameters: {'model_name': 'VAE', 'batch_size': 65, 'iterations': 133, 'learning_rate': 0.00018908726397441497, 'p_miss': 0.20686348436421004}. Best is trial 67 with value: 0.17273332469095828.
running
[I 2024-10-08 13:57:25,673] Trial 77 finished with value: 0.1770204460622175 and parameters: {'model_name': 'VAE', 'batch_size': 44, 'iterations': 36, 'learning_rate': 0.00044989995795185654, 'p_miss': 0.27202003732332586}. Best is trial 67 with value: 0.17273332469095828.
running
[I 2024-10-08 13:57:37,895] Trial 76 finished with value: 0.17109146753423618 and parameters: {'model_name': 'VAE', 'batch_size': 43, 'iterations': 36, 'learning_rate': 0.0004895636236153543, 'p_miss': 0.27215248002458864}. Best is trial 76 with value: 0.17109146753423618.
running
[I 2024-10-08 14:02:27,841] Trial 79 finished with value: 0.17363966270621659 and parameters: {'model_name': 'VAE', 'batch_size': 125, 'iterations': 61, 'learning_rate': 0.00040521189772277735, 'p_miss': 0.27529836658821794}. Best is trial 76 with value: 0.17109146753423618.
running
[I 2024-10-08 14:07:03,527] Trial 74 finished with value: 0.21247653659677135 and parameters: {'model_name': 'VAE', 'batch_size': 103, 'iterations': 284, 'learning_rate': 0.0004427202085758802, 'p_miss': 0.2669501066291765}. Best is trial 76 with value: 0.17109146753423618.
running
[I 2024-10-08 14:07:04,057] Trial 81 finished with value: 0.23038036205144602 and parameters: {'model_name': 'SimpleImputer', 'strategy': 'mean'}. Best is trial 76 with value: 0.17109146753423618.
running
[I 2024-10-08 14:09:59,475] Trial 82 finished with value: 0.36009766437073004 and parameters: {'model_name': 'GAIN', 'batch_size': 152, 'hint_rate': 0.6183777979994143, 'alpha': 1, 'iterations': 86, 'learning_rate': 0.001168531104190119, 'p_miss': 0.24005888465727582}. Best is trial 76 with value: 0.17109146753423618.
running
[I 2024-10-08 14:17:35,610] Trial 78 finished with value: 0.20902224111604112 and parameters: {'model_name': 'VAE', 'batch_size': 26, 'iterations': 298, 'learning_rate': 0.00047329162683065886, 'p_miss': 0.27550250265623977}. Best is trial 76 with value: 0.17109146753423618.
running
[I 2024-10-08 14:20:25,957] Trial 84 finished with value: 0.17220252023231125 and parameters: {'model_name': 'VAE', 'batch_size': 469, 'iterations': 27, 'learning_rate': 0.0008965256682474863, 'p_miss': 0.1865446206807717}. Best is trial 76 with value: 0.17109146753423618.
running
[I 2024-10-08 14:20:29,654] Trial 85 finished with value: 0.2522194568703172 and parameters: {'model_name': 'KNNImputer', 'n_neighbors': 75, 'weights': 'distance'}. Best is trial 76 with value: 0.17109146753423618.
running
[I 2024-10-08 14:23:37,923] Trial 86 finished with value: 0.17548072096095035 and parameters: {'model_name': 'VAE', 'batch_size': 415, 'iterations': 31, 'learning_rate': 0.001024899292444754, 'p_miss': 0.24932557360969482}. Best is trial 76 with value: 0.17109146753423618.
running
[I 2024-10-08 14:30:27,576] Trial 87 finished with value: 0.17540809269342858 and parameters: {'model_name': 'VAE', 'batch_size': 496, 'iterations': 67, 'learning_rate': 0.00037368567018083575, 'p_miss': 0.15223336975679425}. Best is trial 76 with value: 0.17109146753423618.
running
[I 2024-10-08 14:31:08,617] Trial 80 finished with value: 0.23539708326445608 and parameters: {'model_name': 'VAE', 'batch_size': 149, 'iterations': 326, 'learning_rate': 0.0012476886839966066, 'p_miss': 0.24312144726269952}. Best is trial 76 with value: 0.17109146753423618.
running
[I 2024-10-08 14:32:06,421] Trial 88 finished with value: 0.17581343970040636 and parameters: {'model_name': 'VAE', 'batch_size': 131, 'iterations': 25, 'learning_rate': 0.0001526968223322087, 'p_miss': 0.28030047409475767}. Best is trial 76 with value: 0.17109146753423618.
running
[I 2024-10-08 14:34:10,852] Trial 89 finished with value: 0.17360501730317285 and parameters: {'model_name': 'VAE', 'batch_size': 418, 'iterations': 28, 'learning_rate': 0.00016310063494172505, 'p_miss': 0.19079012968384806}. Best is trial 76 with value: 0.17109146753423618.
running
[I 2024-10-08 14:37:59,324] Trial 90 finished with value: 0.1795972576962344 and parameters: {'model_name': 'VAE', 'batch_size': 465, 'iterations': 70, 'learning_rate': 0.00016058531226297265, 'p_miss': 0.17601346802424672}. Best is trial 76 with value: 0.17109146753423618.
running
[I 2024-10-08 14:38:00,164] Trial 92 finished with value: 0.3709758180262628 and parameters: {'model_name': 'SimpleImputer', 'strategy': 'median'}. Best is trial 76 with value: 0.17109146753423618.
running
[I 2024-10-08 14:39:03,668] Trial 93 finished with value: 0.3669869616617055 and parameters: {'model_name': 'GAIN', 'batch_size': 196, 'hint_rate': 0.6803924084742523, 'alpha': 98, 'iterations': 28, 'learning_rate': 0.0007710684957185398, 'p_miss': 0.1851487731549688}. Best is trial 76 with value: 0.17109146753423618.
running
[I 2024-10-08 14:42:35,994] Trial 91 finished with value: 0.17941760352191707 and parameters: {'model_name': 'VAE', 'batch_size': 568, 'iterations': 68, 'learning_rate': 0.0007230811142062796, 'p_miss': 0.18648150087020182}. Best is trial 76 with value: 0.17109146753423618.
running
[I 2024-10-08 14:45:41,539] Trial 83 finished with value: 0.23705377165771138 and parameters: {'model_name': 'VAE', 'batch_size': 471, 'iterations': 408, 'learning_rate': 0.0011156624039172607, 'p_miss': 0.2837307082597527}. Best is trial 76 with value: 0.17109146753423618.
running
[I 2024-10-08 14:47:15,409] Trial 96 finished with value: 0.22787438399553803 and parameters: {'model_name': 'VAE', 'batch_size': 330, 'iterations': 7, 'learning_rate': 0.01174868569605964, 'p_miss': 0.2281949435634745}. Best is trial 76 with value: 0.17109146753423618.
running
[I 2024-10-08 14:47:37,614] Trial 97 finished with value: 0.1797748997006544 and parameters: {'model_name': 'VAE', 'batch_size': 579, 'iterations': 3, 'learning_rate': 0.00036368310192460906, 'p_miss': 0.13199193025927503}. Best is trial 76 with value: 0.17109146753423618.
running
[I 2024-10-08 14:56:05,932] Trial 95 finished with value: 0.23765393920486483 and parameters: {'model_name': 'VAE', 'batch_size': 121, 'iterations': 179, 'learning_rate': 0.006964134314782228, 'p_miss': 0.22522306045649415}. Best is trial 76 with value: 0.17109146753423618.
running
[I 2024-10-08 14:57:04,057] Trial 94 finished with value: 0.1886551872413805 and parameters: {'model_name': 'VAE', 'batch_size': 597, 'iterations': 184, 'learning_rate': 0.00034176482001165557, 'p_miss': 0.11623001496275828}. Best is trial 76 with value: 0.17109146753423618.
running
[I 2024-10-08 14:57:13,055] Trial 100 finished with value: 0.2566320511607991 and parameters: {'model_name': 'KNNImputer', 'n_neighbors': 5623, 'weights': 'distance'}. Best is trial 76 with value: 0.17109146753423618.
running
[I 2024-10-08 14:58:04,460] Trial 99 finished with value: 0.1753266335676461 and parameters: {'model_name': 'VAE', 'batch_size': 171, 'iterations': 23, 'learning_rate': 0.00014998201039569302, 'p_miss': 0.16760883984179378}. Best is trial 76 with value: 0.17109146753423618.
running
[I 2024-10-08 14:59:01,169] Trial 101 finished with value: 0.18013586347307178 and parameters: {'model_name': 'VAE', 'batch_size': 192, 'iterations': 20, 'learning_rate': 0.00014438466265588115, 'p_miss': 0.28345126547716876}. Best is trial 76 with value: 0.17109146753423618.
running
[I 2024-10-08 15:01:28,388] Trial 98 finished with value: 0.17648029267946802 and parameters: {'model_name': 'VAE', 'batch_size': 121, 'iterations': 174, 'learning_rate': 0.00015504768780542823, 'p_miss': 0.2548838496894027}. Best is trial 76 with value: 0.17109146753423618.
running
[I 2024-10-08 15:04:18,349] Trial 103 finished with value: 0.23793152413813995 and parameters: {'model_name': 'VAE', 'batch_size': 278, 'iterations': 53, 'learning_rate': 0.07380022244769599, 'p_miss': 0.25378756689290827}. Best is trial 76 with value: 0.17109146753423618.
running
[I 2024-10-08 15:05:27,937] Trial 104 finished with value: 0.2318522890369239 and parameters: {'model_name': 'VAE', 'batch_size': 57, 'iterations': 47, 'learning_rate': 0.030946386531136256, 'p_miss': 0.08803527898133767}. Best is trial 76 with value: 0.17109146753423618.
running
[I 2024-10-08 15:06:18,960] Trial 102 finished with value: 0.23528459189940737 and parameters: {'model_name': 'VAE', 'batch_size': 268, 'iterations': 92, 'learning_rate': 0.002454861438101851, 'p_miss': 0.25644473979176413}. Best is trial 76 with value: 0.17109146753423618.
running
[I 2024-10-08 15:08:37,393] Trial 105 finished with value: 0.1744515409538297 and parameters: {'model_name': 'VAE', 'batch_size': 709, 'iterations': 43, 'learning_rate': 0.0002456976805582802, 'p_miss': 0.2786503250014888}. Best is trial 76 with value: 0.17109146753423618.
running
[I 2024-10-08 15:12:04,851] Trial 108 finished with value: 0.1771332095811186 and parameters: {'model_name': 'VAE', 'batch_size': 649, 'iterations': 41, 'learning_rate': 0.00027219260110439286, 'p_miss': 0.2856803448000842}. Best is trial 76 with value: 0.17109146753423618.
running
[I 2024-10-08 15:12:26,861] Trial 107 finished with value: 0.17655289144243821 and parameters: {'model_name': 'VAE', 'batch_size': 82, 'iterations': 85, 'learning_rate': 0.0002320436700705456, 'p_miss': 0.28608799920488304}. Best is trial 76 with value: 0.17109146753423618.
running
[I 2024-10-08 15:12:44,749] Trial 109 finished with value: 0.17587400615559268 and parameters: {'model_name': 'VAE', 'batch_size': 366, 'iterations': 8, 'learning_rate': 0.0002070818398050976, 'p_miss': 0.2720685312013729}. Best is trial 76 with value: 0.17109146753423618.
running
[I 2024-10-08 15:13:32,572] Trial 110 finished with value: 0.17412876661194016 and parameters: {'model_name': 'VAE', 'batch_size': 370, 'iterations': 10, 'learning_rate': 0.00033678599225917997, 'p_miss': 0.27014323109163757}. Best is trial 76 with value: 0.17109146753423618.
running
[I 2024-10-08 15:13:33,095] Trial 112 finished with value: 0.3901540513766508 and parameters: {'model_name': 'SimpleImputer', 'strategy': 'constant'}. Best is trial 76 with value: 0.17109146753423618.
running
[I 2024-10-08 15:13:57,867] Trial 113 finished with value: 0.3626817065963811 and parameters: {'model_name': 'GAIN', 'batch_size': 31, 'hint_rate': 0.3313631152791966, 'alpha': 56, 'iterations': 9, 'learning_rate': 0.0005492972732969231, 'p_miss': 0.26471839969961675}. Best is trial 76 with value: 0.17109146753423618.
running
[I 2024-10-08 15:14:21,608] Trial 114 finished with value: 0.1802503459313533 and parameters: {'model_name': 'VAE', 'batch_size': 224, 'iterations': 4, 'learning_rate': 0.000378445940416126, 'p_miss': 0.19625235437984587}. Best is trial 76 with value: 0.17109146753423618.
running
[I 2024-10-08 15:16:30,054] Trial 115 finished with value: 0.1767663550594759 and parameters: {'model_name': 'VAE', 'batch_size': 378, 'iterations': 20, 'learning_rate': 0.0006195688734724742, 'p_miss': 0.014742025806601916}. Best is trial 76 with value: 0.17109146753423618.
running
[I 2024-10-08 15:22:26,640] Trial 116 finished with value: 0.17405360363745512 and parameters: {'model_name': 'VAE', 'batch_size': 757, 'iterations': 50, 'learning_rate': 0.00028447691576601985, 'p_miss': 0.27563148709502283}. Best is trial 76 with value: 0.17109146753423618.
running
[I 2024-10-08 15:23:44,612] Trial 117 finished with value: 0.17647300426532447 and parameters: {'model_name': 'VAE', 'batch_size': 771, 'iterations': 11, 'learning_rate': 0.00029139872691659913, 'p_miss': 0.23081868873453315}. Best is trial 76 with value: 0.17109146753423618.
running
[I 2024-10-08 15:23:57,186] Trial 118 finished with value: 0.173492661497663 and parameters: {'model_name': 'VAE', 'batch_size': 11, 'iterations': 2, 'learning_rate': 0.00012500475330455224, 'p_miss': 0.2630264603975335}. Best is trial 76 with value: 0.17109146753423618.
running
[I 2024-10-08 17:17:57,618] Trial 111 finished with value: 0.23664771383678054 and parameters: {'model_name': 'VAE', 'batch_size': 715, 'iterations': 1228, 'learning_rate': 0.0005911469410701305, 'p_miss': 0.19772946114290402}. Best is trial 76 with value: 0.17109146753423618.
running
[I 2024-10-08 17:18:03,533] Trial 120 finished with value: 0.25520814693101623 and parameters: {'model_name': 'KNNImputer', 'n_neighbors': 2185, 'weights': 'distance'}. Best is trial 76 with value: 0.17109146753423618.
running
[I 2024-10-08 17:18:09,719] Trial 121 finished with value: 0.18111346570195655 and parameters: {'model_name': 'VAE', 'batch_size': 3, 'iterations': 1, 'learning_rate': 0.00019112078764910094, 'p_miss': 0.26002198505378116}. Best is trial 76 with value: 0.17109146753423618.
running
[I 2024-10-08 17:18:21,377] Trial 122 finished with value: 0.18017741345657767 and parameters: {'model_name': 'VAE', 'batch_size': 10, 'iterations': 2, 'learning_rate': 0.00012080077867557086, 'p_miss': 0.2469580020986177}. Best is trial 76 with value: 0.17109146753423618.
running
[I 2024-10-08 17:22:32,181] Trial 123 finished with value: 0.17392720670367784 and parameters: {'model_name': 'VAE', 'batch_size': 7, 'iterations': 56, 'learning_rate': 0.00040183690085677804, 'p_miss': 0.2891157083007964}. Best is trial 76 with value: 0.17109146753423618.
running
[I 2024-10-08 17:28:38,464] Trial 124 finished with value: 0.1848842057655741 and parameters: {'model_name': 'VAE', 'batch_size': 10, 'iterations': 99, 'learning_rate': 0.000902040297203089, 'p_miss': 0.2933777015745845}. Best is trial 76 with value: 0.17109146753423618.
running
[I 2024-10-08 17:32:42,608] Trial 125 finished with value: 0.17390880566754247 and parameters: {'model_name': 'VAE', 'batch_size': 7, 'iterations': 57, 'learning_rate': 0.00042850503628789335, 'p_miss': 0.26339735182340557}. Best is trial 76 with value: 0.17109146753423618.
running
[I 2024-10-08 17:36:23,107] Trial 126 finished with value: 0.17445129369281392 and parameters: {'model_name': 'VAE', 'batch_size': 6, 'iterations': 57, 'learning_rate': 0.000407808543827995, 'p_miss': 0.28831605924661863}. Best is trial 76 with value: 0.17109146753423618.
running
[I 2024-10-08 17:38:33,023] Trial 127 finished with value: 0.17512836283804858 and parameters: {'model_name': 'VAE', 'batch_size': 6, 'iterations': 36, 'learning_rate': 0.00029544144411624483, 'p_miss': 0.23657743471430753}. Best is trial 76 with value: 0.17109146753423618.
running
[I 2024-10-08 17:57:55,109] Trial 45 finished with value: 0.23715158998236824 and parameters: {'model_name': 'VAE', 'batch_size': 893, 'iterations': 3342, 'learning_rate': 0.08539896764074315, 'p_miss': 0.29819487531107486}. Best is trial 76 with value: 0.17109146753423618.
running
[I 2024-10-08 18:03:08,029] Trial 129 finished with value: 0.18062723432191694 and parameters: {'model_name': 'VAE', 'batch_size': 5, 'iterations': 80, 'learning_rate': 0.00018337040269810506, 'p_miss': 0.262292814067932}. Best is trial 76 with value: 0.17109146753423618.
running
[I 2024-10-08 18:10:34,750] Trial 130 finished with value: 0.1813392308628395 and parameters: {'model_name': 'VAE', 'batch_size': 19, 'iterations': 144, 'learning_rate': 0.0004645079654843518, 'p_miss': 0.27710112479490806}. Best is trial 76 with value: 0.17109146753423618.
running
[I 2024-10-08 18:56:12,353] Trial 119 finished with value: 0.2312800629913423 and parameters: {'model_name': 'VAE', 'batch_size': 7, 'iterations': 3360, 'learning_rate': 0.00018890611822691496, 'p_miss': 0.25802727920874796}. Best is trial 76 with value: 0.17109146753423618.
running
[I 2024-10-08 19:00:11,807] Trial 132 finished with value: 0.17525165871871345 and parameters: {'model_name': 'VAE', 'batch_size': 4, 'iterations': 60, 'learning_rate': 0.0015253746422286307, 'p_miss': 0.24879722060901568}. Best is trial 76 with value: 0.17109146753423618.
running
[I 2024-10-08 19:00:12,767] Trial 133 finished with value: 0.3709758180262628 and parameters: {'model_name': 'SimpleImputer', 'strategy': 'median'}. Best is trial 76 with value: 0.17109146753423618.
running
[I 2024-10-08 19:30:25,677] Trial 47 finished with value: 0.2358609951823892 and parameters: {'model_name': 'VAE', 'batch_size': 395, 'iterations': 5971, 'learning_rate': 0.00012125178612166187, 'p_miss': 0.29554513596283216}. Best is trial 76 with value: 0.17109146753423618.
running
[I 2024-10-08 19:31:15,980] Trial 135 finished with value: 0.35990450584471684 and parameters: {'model_name': 'GAIN', 'batch_size': 14, 'hint_rate': 0.9776302531884209, 'alpha': 0, 'iterations': 27, 'learning_rate': 0.00023252942613391308, 'p_miss': 0.2688809461276854}. Best is trial 76 with value: 0.17109146753423618.
running
[I 2024-10-08 19:31:27,192] Trial 136 finished with value: 0.17806558499654276 and parameters: {'model_name': 'VAE', 'batch_size': 9, 'iterations': 2, 'learning_rate': 0.00034069065451186684, 'p_miss': 0.2774809701117606}. Best is trial 76 with value: 0.17109146753423618.
running
[I 2024-10-08 19:33:39,137] Trial 137 finished with value: 0.1825470476137876 and parameters: {'model_name': 'VAE', 'batch_size': 14, 'iterations': 36, 'learning_rate': 0.0005105187631004607, 'p_miss': 0.2679664326334375}. Best is trial 76 with value: 0.17109146753423618.
running
[I 2024-10-08 19:39:54,469] Trial 138 finished with value: 0.17329395631239436 and parameters: {'model_name': 'VAE', 'batch_size': 19, 'iterations': 107, 'learning_rate': 0.0002830687182776841, 'p_miss': 0.27357809086767937}. Best is trial 76 with value: 0.17109146753423618.
running
[I 2024-10-08 19:57:10,312] Trial 139 finished with value: 0.17498982963367765 and parameters: {'model_name': 'VAE', 'batch_size': 18, 'iterations': 227, 'learning_rate': 0.0002747502591115059, 'p_miss': 0.2924174667654494}. Best is trial 76 with value: 0.17109146753423618.
running
[I 2024-10-08 19:59:26,051] Trial 50 finished with value: 0.23714685653757922 and parameters: {'model_name': 'VAE', 'batch_size': 844, 'iterations': 4554, 'learning_rate': 0.00010388995057773538, 'p_miss': 0.2907919826789348}. Best is trial 76 with value: 0.17109146753423618.
running
[I 2024-10-08 20:03:11,065] Trial 140 finished with value: 0.17292401779562447 and parameters: {'model_name': 'VAE', 'batch_size': 8, 'iterations': 102, 'learning_rate': 0.0003095154407874124, 'p_miss': 0.2520043220888036}. Best is trial 76 with value: 0.17109146753423618.
running
[I 2024-10-08 20:06:41,838] Trial 141 finished with value: 0.17701521358336897 and parameters: {'model_name': 'VAE', 'batch_size': 29, 'iterations': 106, 'learning_rate': 0.0004073593530507731, 'p_miss': 0.25220162059270507}. Best is trial 76 with value: 0.17109146753423618.
running
[I 2024-10-08 20:10:11,713] Trial 142 finished with value: 0.1739884522244098 and parameters: {'model_name': 'VAE', 'batch_size': 8, 'iterations': 121, 'learning_rate': 0.00012387114596388823, 'p_miss': 0.1650494860025546}. Best is trial 76 with value: 0.17109146753423618.
running
[I 2024-10-08 20:10:18,599] Trial 144 finished with value: 0.25654970769182006 and parameters: {'model_name': 'KNNImputer', 'n_neighbors': 6699, 'weights': 'distance'}. Best is trial 76 with value: 0.17109146753423618.
running
[I 2024-10-08 20:14:57,395] Trial 145 finished with value: 0.17285343189369634 and parameters: {'model_name': 'VAE', 'batch_size': 11, 'iterations': 69, 'learning_rate': 0.0002170574408021658, 'p_miss': 0.24173778570910276}. Best is trial 76 with value: 0.17109146753423618.
running
[I 2024-10-08 20:15:57,722] Trial 143 finished with value: 0.1761570908490691 and parameters: {'model_name': 'VAE', 'batch_size': 7, 'iterations': 140, 'learning_rate': 0.00021819545944387503, 'p_miss': 0.22039791413203083}. Best is trial 76 with value: 0.17109146753423618.
running
[I 2024-10-08 20:18:40,130] Trial 146 finished with value: 0.1741343196127727 and parameters: {'model_name': 'VAE', 'batch_size': 12, 'iterations': 67, 'learning_rate': 0.00021688641708380872, 'p_miss': 0.24187781929170216}. Best is trial 76 with value: 0.17109146753423618.
running
[I 2024-10-08 20:19:54,445] Trial 147 finished with value: 0.17443288699091367 and parameters: {'model_name': 'VAE', 'batch_size': 11, 'iterations': 71, 'learning_rate': 0.0001635725362719889, 'p_miss': 0.24081845830346468}. Best is trial 76 with value: 0.17109146753423618.
running
[I 2024-10-08 20:25:14,360] Trial 149 finished with value: 0.17941730537435313 and parameters: {'model_name': 'VAE', 'batch_size': 103, 'iterations': 91, 'learning_rate': 0.0003216225717819406, 'p_miss': 0.263280162211684}. Best is trial 76 with value: 0.17109146753423618.
running
[I 2024-10-08 20:25:43,410] Trial 148 finished with value: 0.1753920173644829 and parameters: {'model_name': 'VAE', 'batch_size': 21, 'iterations': 88, 'learning_rate': 0.00017892195135175631, 'p_miss': 0.26277653277731466}. Best is trial 76 with value: 0.17109146753423618.
running
[I 2024-10-08 20:38:01,438] Trial 151 finished with value: 0.17537534819224326 and parameters: {'model_name': 'VAE', 'batch_size': 17, 'iterations': 158, 'learning_rate': 0.0004122031288419968, 'p_miss': 0.23416723009521326}. Best is trial 76 with value: 0.17109146753423618.
running
[I 2024-10-08 20:39:00,978] Trial 150 finished with value: 0.17925977872167395 and parameters: {'model_name': 'VAE', 'batch_size': 21, 'iterations': 217, 'learning_rate': 0.00040885327532719505, 'p_miss': 0.2354722004614376}. Best is trial 76 with value: 0.17109146753423618.
running
[I 2024-10-08 20:40:11,842] Trial 152 finished with value: 0.17362527191049026 and parameters: {'model_name': 'VAE', 'batch_size': 65, 'iterations': 45, 'learning_rate': 0.0008431888978177159, 'p_miss': 0.13880784235953825}. Best is trial 76 with value: 0.17109146753423618.
running
[I 2024-10-08 20:40:55,505] Trial 153 finished with value: 0.1723104315991151 and parameters: {'model_name': 'VAE', 'batch_size': 3, 'iterations': 31, 'learning_rate': 0.00013184280170691807, 'p_miss': 0.25376478424346394}. Best is trial 76 with value: 0.17109146753423618.
running
[I 2024-10-08 20:42:44,620] Trial 154 finished with value: 0.17829881114733076 and parameters: {'model_name': 'VAE', 'batch_size': 168, 'iterations': 33, 'learning_rate': 0.0008075202496715292, 'p_miss': 0.149442464000285}. Best is trial 76 with value: 0.17109146753423618.
running
[I 2024-10-08 20:43:06,499] Trial 155 finished with value: 0.17611048879126695 and parameters: {'model_name': 'VAE', 'batch_size': 2, 'iterations': 32, 'learning_rate': 0.0001332236856430756, 'p_miss': 0.12975789794663445}. Best is trial 76 with value: 0.17109146753423618.
running
[I 2024-10-08 20:45:29,988] Trial 157 finished with value: 0.17529507254229418 and parameters: {'model_name': 'VAE', 'batch_size': 45, 'iterations': 41, 'learning_rate': 0.0002691777572090356, 'p_miss': 0.2538296189690579}. Best is trial 76 with value: 0.17109146753423618.
running
[I 2024-10-08 20:46:42,431] Trial 158 finished with value: 0.17606593296651551 and parameters: {'model_name': 'VAE', 'batch_size': 37, 'iterations': 20, 'learning_rate': 0.0006974980401759943, 'p_miss': 0.24656735082590325}. Best is trial 76 with value: 0.17109146753423618.
running
[I 2024-10-08 20:46:52,503] Trial 156 finished with value: 0.17923294065062062 and parameters: {'model_name': 'VAE', 'batch_size': 232, 'iterations': 44, 'learning_rate': 0.0002544623163063445, 'p_miss': 0.2565722160524443}. Best is trial 76 with value: 0.17109146753423618.
running
[I 2024-10-08 20:50:00,072] Trial 159 finished with value: 0.17713371518807539 and parameters: {'model_name': 'VAE', 'batch_size': 64, 'iterations': 46, 'learning_rate': 0.00017375712555205516, 'p_miss': 0.13326387651311386}. Best is trial 76 with value: 0.17109146753423618.
running
[I 2024-10-08 20:51:32,812] Trial 160 finished with value: 0.17456287446602237 and parameters: {'model_name': 'VAE', 'batch_size': 56, 'iterations': 77, 'learning_rate': 0.00016742960103457812, 'p_miss': 0.14370566456266554}. Best is trial 76 with value: 0.17109146753423618.
running
[I 2024-10-08 20:54:49,516] Trial 161 finished with value: 0.17810926876709152 and parameters: {'model_name': 'VAE', 'batch_size': 2, 'iterations': 76, 'learning_rate': 0.0001362922596891777, 'p_miss': 0.2708015223454287}. Best is trial 76 with value: 0.17109146753423618.
running
[I 2024-10-08 20:54:50,000] Trial 163 finished with value: 0.23038036205144602 and parameters: {'model_name': 'SimpleImputer', 'strategy': 'mean'}. Best is trial 76 with value: 0.17109146753423618.
running
[I 2024-10-08 20:55:35,674] Trial 164 finished with value: 0.37597791383197204 and parameters: {'model_name': 'GAIN', 'batch_size': 117, 'hint_rate': 0.18996658718897624, 'alpha': 19, 'iterations': 24, 'learning_rate': 0.0005046685491810649, 'p_miss': 0.1132276279253851}. Best is trial 76 with value: 0.17109146753423618.
running
[I 2024-10-08 20:59:10,776] Trial 162 finished with value: 0.17303855739215512 and parameters: {'model_name': 'VAE', 'batch_size': 106, 'iterations': 112, 'learning_rate': 0.00014122452292427914, 'p_miss': 0.2724157425546789}. Best is trial 76 with value: 0.17109146753423618.
running
[I 2024-10-08 21:03:41,147] Trial 165 finished with value: 0.1796857318438003 and parameters: {'model_name': 'VAE', 'batch_size': 1, 'iterations': 109, 'learning_rate': 0.0001120604965571572, 'p_miss': 0.15860698883282337}. Best is trial 76 with value: 0.17109146753423618.
running
[I 2024-10-08 21:09:24,256] Trial 166 finished with value: 0.17339564030323426 and parameters: {'model_name': 'VAE', 'batch_size': 297, 'iterations': 113, 'learning_rate': 0.0001149876944246521, 'p_miss': 0.28136024753612837}. Best is trial 76 with value: 0.17109146753423618.
running
[I 2024-10-08 21:18:32,084] Trial 168 finished with value: 0.17526527510708978 and parameters: {'model_name': 'VAE', 'batch_size': 91, 'iterations': 122, 'learning_rate': 0.00013763417639580332, 'p_miss': 0.28080100019669874}. Best is trial 76 with value: 0.17109146753423618.
running
[I 2024-10-08 21:30:30,837] Trial 169 finished with value: 0.17382516234689654 and parameters: {'model_name': 'VAE', 'batch_size': 294, 'iterations': 165, 'learning_rate': 0.00010110855587779293, 'p_miss': 0.27386436591885865}. Best is trial 76 with value: 0.17109146753423618.
running
[I 2024-10-08 21:46:00,493] Trial 170 finished with value: 0.1761599301161893 and parameters: {'model_name': 'VAE', 'batch_size': 443, 'iterations': 224, 'learning_rate': 0.00012021031212266726, 'p_miss': 0.25622153270784587}. Best is trial 76 with value: 0.17109146753423618.
running
[I 2024-10-08 21:49:09,173] Trial 48 finished with value: 0.23793726629177572 and parameters: {'model_name': 'VAE', 'batch_size': 965, 'iterations': 5944, 'learning_rate': 0.00012776590248478597, 'p_miss': 0.2994895291794484}. Best is trial 76 with value: 0.17109146753423618.
running
[I 2024-10-08 21:52:16,294] Trial 171 finished with value: 0.1747607275742746 and parameters: {'model_name': 'VAE', 'batch_size': 67, 'iterations': 100, 'learning_rate': 0.00020486143168254252, 'p_miss': 0.2802044683902952}. Best is trial 76 with value: 0.17109146753423618.
running
[I 2024-10-08 21:55:43,471] Trial 172 finished with value: 0.23103135906652433 and parameters: {'model_name': 'VAE', 'batch_size': 72, 'iterations': 101, 'learning_rate': 0.0038556048419429345, 'p_miss': 0.2819679259522401}. Best is trial 76 with value: 0.17109146753423618.
running
[I 2024-10-08 21:55:47,124] Trial 174 finished with value: 0.22396270823173742 and parameters: {'model_name': 'KNNImputer', 'n_neighbors': 485, 'weights': 'uniform'}. Best is trial 76 with value: 0.17109146753423618.
running
[I 2024-10-08 21:56:44,701] Trial 173 finished with value: 0.17848326697398334 and parameters: {'model_name': 'VAE', 'batch_size': 155, 'iterations': 62, 'learning_rate': 0.00014918489591720505, 'p_miss': 0.14276375055204094}. Best is trial 76 with value: 0.17109146753423618.
running
[I 2024-10-08 22:00:21,756] Trial 175 finished with value: 0.19411071669151908 and parameters: {'model_name': 'VAE', 'batch_size': 3, 'iterations': 62, 'learning_rate': 0.0020115355538708394, 'p_miss': 0.26666327336207224}. Best is trial 76 with value: 0.17109146753423618.
running
[I 2024-10-08 22:07:09,564] Trial 176 finished with value: 0.1772774117350155 and parameters: {'model_name': 'VAE', 'batch_size': 311, 'iterations': 153, 'learning_rate': 0.00010945648742860002, 'p_miss': 0.27370283757952285}. Best is trial 76 with value: 0.17109146753423618.
running
[I 2024-10-08 22:12:16,602] Trial 177 finished with value: 0.1773622413427556 and parameters: {'model_name': 'VAE', 'batch_size': 288, 'iterations': 160, 'learning_rate': 0.00010801386724870285, 'p_miss': 0.2716327404126192}. Best is trial 76 with value: 0.17109146753423618.
running
[I 2024-10-08 22:17:18,126] Trial 178 finished with value: 0.17549471473612765 and parameters: {'model_name': 'VAE', 'batch_size': 206, 'iterations': 144, 'learning_rate': 0.00010076513338407974, 'p_miss': 0.17923216268225803}. Best is trial 76 with value: 0.17109146753423618.
running
[I 2024-10-08 22:22:19,603] Trial 106 finished with value: 0.23140650772858748 and parameters: {'model_name': 'VAE', 'batch_size': 33, 'iterations': 7369, 'learning_rate': 0.00025829884305721536, 'p_miss': 0.26228640838502004}. Best is trial 76 with value: 0.17109146753423618.
running
[I 2024-10-08 22:23:34,017] Trial 179 finished with value: 0.1713580918206486 and parameters: {'model_name': 'VAE', 'batch_size': 244, 'iterations': 191, 'learning_rate': 0.00010143180643515872, 'p_miss': 0.2506453629297599}. Best is trial 76 with value: 0.17109146753423618.
running
[I 2024-10-08 22:28:38,115] Trial 180 finished with value: 0.17693038448207696 and parameters: {'model_name': 'VAE', 'batch_size': 248, 'iterations': 179, 'learning_rate': 0.0003194130173364457, 'p_miss': 0.24613880298845056}. Best is trial 76 with value: 0.17109146753423618.
running
[I 2024-10-08 22:43:31,572] Trial 182 finished with value: 0.19451898917290888 and parameters: {'model_name': 'VAE', 'batch_size': 96, 'iterations': 271, 'learning_rate': 0.00031824722271849265, 'p_miss': 0.24854050344233525}. Best is trial 76 with value: 0.17109146753423618.
running
[I 2024-10-08 22:45:31,936] Trial 183 finished with value: 0.17429886536934758 and parameters: {'model_name': 'VAE', 'batch_size': 103, 'iterations': 252, 'learning_rate': 0.00012691791949396943, 'p_miss': 0.25396599644546236}. Best is trial 76 with value: 0.17109146753423618.
running
[I 2024-10-08 22:47:01,155] Trial 185 finished with value: 0.17473512123662716 and parameters: {'model_name': 'VAE', 'batch_size': 516, 'iterations': 17, 'learning_rate': 0.00023546592758905854, 'p_miss': 0.2137631192452908}. Best is trial 76 with value: 0.17109146753423618.
running
[I 2024-10-08 22:57:01,368] Trial 181 finished with value: 0.21881341248919406 and parameters: {'model_name': 'VAE', 'batch_size': 261, 'iterations': 489, 'learning_rate': 0.00032251482365948316, 'p_miss': 0.24803172174775368}. Best is trial 76 with value: 0.17109146753423618.
running
[I 2024-10-08 23:04:47,038] Trial 53 finished with value: 0.23684650130500096 and parameters: {'model_name': 'VAE', 'batch_size': 894, 'iterations': 6736, 'learning_rate': 0.00010847009116872174, 'p_miss': 0.29986637738184396}. Best is trial 76 with value: 0.17109146753423618.
running
[I 2024-10-08 23:08:02,207] Trial 184 finished with value: 0.1918071864231212 and parameters: {'model_name': 'VAE', 'batch_size': 139, 'iterations': 392, 'learning_rate': 0.00022838996377792103, 'p_miss': 0.25819351349319225}. Best is trial 76 with value: 0.17109146753423618.
running
[I 2024-10-08 23:15:20,415] Trial 186 finished with value: 0.1833294733512718 and parameters: {'model_name': 'VAE', 'batch_size': 404, 'iterations': 344, 'learning_rate': 0.0001510794714155653, 'p_miss': 0.2599930246333281}. Best is trial 76 with value: 0.17109146753423618.
running
[I 2024-10-08 23:15:36,249] Trial 189 finished with value: 0.17608842398954336 and parameters: {'model_name': 'VAE', 'batch_size': 336, 'iterations': 84, 'learning_rate': 0.00015406420142222016, 'p_miss': 0.2668784314230824}. Best is trial 76 with value: 0.17109146753423618.
running
[I 2024-10-08 23:15:37,818] Trial 188 finished with value: 0.18026878456535725 and parameters: {'model_name': 'VAE', 'batch_size': 372, 'iterations': 120, 'learning_rate': 0.00015789358329940152, 'p_miss': 0.25888970216892465}. Best is trial 76 with value: 0.17109146753423618.
running
[I 2024-10-08 23:18:05,850] Trial 192 finished with value: 0.17855719322723615 and parameters: {'model_name': 'VAE', 'batch_size': 187, 'iterations': 28, 'learning_rate': 0.0001258727212973171, 'p_miss': 0.2762214040232993}. Best is trial 76 with value: 0.17109146753423618.
running
[I 2024-10-08 23:24:44,239] Trial 190 finished with value: 0.17365616847113338 and parameters: {'model_name': 'VAE', 'batch_size': 175, 'iterations': 125, 'learning_rate': 0.00010015629639922786, 'p_miss': 0.2678803721833811}. Best is trial 76 with value: 0.17109146753423618.
running
[I 2024-10-08 23:25:24,343] Trial 187 finished with value: 0.17970563925100302 and parameters: {'model_name': 'VAE', 'batch_size': 353, 'iterations': 333, 'learning_rate': 0.00015920701799948964, 'p_miss': 0.2596668022767255}. Best is trial 76 with value: 0.17109146753423618.
running
[I 2024-10-08 23:25:59,387] Trial 191 finished with value: 0.17257423941493014 and parameters: {'model_name': 'VAE', 'batch_size': 175, 'iterations': 127, 'learning_rate': 0.0001937549003604676, 'p_miss': 0.2750484276538483}. Best is trial 76 with value: 0.17109146753423618.
running
[I 2024-10-08 23:28:04,825] Trial 195 finished with value: 0.17518349896340119 and parameters: {'model_name': 'VAE', 'batch_size': 16, 'iterations': 50, 'learning_rate': 0.000186793032265799, 'p_miss': 0.19048858634782645}. Best is trial 76 with value: 0.17109146753423618.
running
[I 2024-10-08 23:29:20,238] Trial 196 finished with value: 0.17871364559657338 and parameters: {'model_name': 'VAE', 'batch_size': 171, 'iterations': 49, 'learning_rate': 0.0001965000013856463, 'p_miss': 0.28565250551801347}. Best is trial 76 with value: 0.17109146753423618.
running
[I 2024-10-08 23:30:58,741] Trial 193 finished with value: 0.17397175983144406 and parameters: {'model_name': 'VAE', 'batch_size': 214, 'iterations': 205, 'learning_rate': 0.00019463183559910254, 'p_miss': 0.2840471896181381}. Best is trial 76 with value: 0.17109146753423618.
running
[I 2024-10-08 23:35:38,549] Trial 197 finished with value: 0.1732248467173801 and parameters: {'model_name': 'VAE', 'batch_size': 123, 'iterations': 121, 'learning_rate': 0.00020522146450193435, 'p_miss': 0.28590546719194265}. Best is trial 76 with value: 0.17109146753423618.
[I 2024-10-08 23:37:18,635] Trial 199 finished with value: 0.1756598920841933 and parameters: {'model_name': 'VAE', 'batch_size': 117, 'iterations': 123, 'learning_rate': 0.00013608458757467077, 'p_miss': 0.2706758750055943}. Best is trial 76 with value: 0.17109146753423618.
[I 2024-10-08 23:38:31,474] Trial 198 finished with value: 0.17796656450380066 and parameters: {'model_name': 'VAE', 'batch_size': 210, 'iterations': 127, 'learning_rate': 0.00012152655379940884, 'p_miss': 0.2700888985956825}. Best is trial 76 with value: 0.17109146753423618.
[I 2024-10-08 23:39:22,294] Trial 44 finished with value: 0.2364973661811962 and parameters: {'model_name': 'VAE', 'batch_size': 854, 'iterations': 6267, 'learning_rate': 0.04013083290165931, 'p_miss': 0.19831731092689053}. Best is trial 76 with value: 0.17109146753423618.
[I 2024-10-09 00:08:15,653] Trial 43 finished with value: 0.23706165187881859 and parameters: {'model_name': 'VAE', 'batch_size': 933, 'iterations': 6645, 'learning_rate': 0.09771623192771557, 'p_miss': 0.20231752353680427}. Best is trial 76 with value: 0.17109146753423618.
[I 2024-10-09 00:12:09,517] Trial 194 finished with value: 0.23590799672944357 and parameters: {'model_name': 'VAE', 'batch_size': 118, 'iterations': 850, 'learning_rate': 0.0013746992149748696, 'p_miss': 0.191859752123426}. Best is trial 76 with value: 0.17109146753423618.
[I 2024-10-09 00:15:04,019] Trial 61 finished with value: 0.2371088412470658 and parameters: {'model_name': 'VAE', 'batch_size': 257, 'iterations': 9006, 'learning_rate': 0.00025309623025940775, 'p_miss': 0.253674708365216}. Best is trial 76 with value: 0.17109146753423618.
[I 2024-10-09 00:56:18,343] Trial 46 finished with value: 0.23724009056483522 and parameters: {'model_name': 'VAE', 'batch_size': 711, 'iterations': 8659, 'learning_rate': 0.09929933832962143, 'p_miss': 0.19511501874875165}. Best is trial 76 with value: 0.17109146753423618.
[I 2024-10-09 00:57:27,529] Trial 131 finished with value: 0.22848922214911083 and parameters: {'model_name': 'VAE', 'batch_size': 9, 'iterations': 6377, 'learning_rate': 0.00012315488696001614, 'p_miss': 0.2541833094882973}. Best is trial 76 with value: 0.17109146753423618.
[I 2024-10-09 01:03:53,072] Trial 134 finished with value: 0.23185565754726145 and parameters: {'model_name': 'VAE', 'batch_size': 9, 'iterations': 6047, 'learning_rate': 0.00012084381879273192, 'p_miss': 0.27540887456323543}. Best is trial 76 with value: 0.17109146753423618.
[I 2024-10-09 01:09:08,082] Trial 41 finished with value: 0.23749339735083136 and parameters: {'model_name': 'VAE', 'batch_size': 963, 'iterations': 8387, 'learning_rate': 0.07258544992173835, 'p_miss': 0.1902398615412106}. Best is trial 76 with value: 0.17109146753423618.
[I 2024-10-09 01:09:50,663] Trial 128 finished with value: 0.23623463580411874 and parameters: {'model_name': 'VAE', 'batch_size': 16, 'iterations': 8315, 'learning_rate': 0.0004907206719380638, 'p_miss': 0.2641239506583716}. Best is trial 76 with value: 0.17109146753423618.
[I 2024-10-09 01:11:02,051] Trial 49 finished with value: 0.23760546111834543 and parameters: {'model_name': 'VAE', 'batch_size': 829, 'iterations': 9344, 'learning_rate': 0.00012610448580414017, 'p_miss': 0.2949898553784236}. Best is trial 76 with value: 0.17109146753423618.
[I 2024-10-09 01:15:46,274] Trial 42 finished with value: 0.236514349291748 and parameters: {'model_name': 'VAE', 'batch_size': 722, 'iterations': 9811, 'learning_rate': 0.08928867914976849, 'p_miss': 0.2997614662693806}. Best is trial 76 with value: 0.17109146753423618.
[I 2024-10-09 01:15:49,955] Trial 52 finished with value: 0.23700627521829495 and parameters: {'model_name': 'VAE', 'batch_size': 855, 'iterations': 9558, 'learning_rate': 0.00010197756767280513, 'p_miss': 0.2807202080528831}. Best is trial 76 with value: 0.17109146753423618.
[I 2024-10-09 01:16:45,373] Trial 167 finished with value: 0.23379920208824587 and parameters: {'model_name': 'VAE', 'batch_size': 98, 'iterations': 8581, 'learning_rate': 0.004738213584116021, 'p_miss': 0.28132917555024883}. Best is trial 76 with value: 0.17109146753423618.
fit
auto fit
auto transform
0    0
1    0
2    0
3    0
4    0
5    0
dtype: int64
0    0
1    0
2    0
3    0
4    0
5    0
dtype: int64
0.17109146753423618
{'model_name': 'VAE', 'batch_size': 43, 'iterations': 36, 'learning_rate': 0.0004895636236153543, 'p_miss': 0.27215248002458864}
running experiment 2/3 - Does reconstruction give good automl predictions
Start est fit
Version 0.1.7a0 of tpot2 is outdated. Version 0.1.8a0 was released Tuesday September 17, 2024.
Version 0.1.7a0 of tpot2 is outdated. Version 0.1.8a0 was released Tuesday September 17, 2024.
Version 0.1.7a0 of tpot2 is outdated. Version 0.1.8a0 was released Tuesday September 17, 2024.
Version 0.1.7a0 of tpot2 is outdated. Version 0.1.8a0 was released Tuesday September 17, 2024.
Version 0.1.7a0 of tpot2 is outdated. Version 0.1.8a0 was released Tuesday September 17, 2024.
Version 0.1.7a0 of tpot2 is outdated. Version 0.1.8a0 was released Tuesday September 17, 2024.
Version 0.1.7a0 of tpot2 is outdated. Version 0.1.8a0 was released Tuesday September 17, 2024.
Version 0.1.7a0 of tpot2 is outdated. Version 0.1.8a0 was released Tuesday September 17, 2024.
Version 0.1.7a0 of tpot2 is outdated. Version 0.1.8a0 was released Tuesday September 17, 2024.
Version 0.1.7a0 of tpot2 is outdated. Version 0.1.8a0 was released Tuesday September 17, 2024.
Version 0.1.7a0 of tpot2 is outdated. Version 0.1.8a0 was released Tuesday September 17, 2024.
Version 0.1.7a0 of tpot2 is outdated. Version 0.1.8a0 was released Tuesday September 17, 2024.
Version 0.1.7a0 of tpot2 is outdated. Version 0.1.8a0 was released Tuesday September 17, 2024.
Version 0.1.7a0 of tpot2 is outdated. Version 0.1.8a0 was released Tuesday September 17, 2024.
Version 0.1.7a0 of tpot2 is outdated. Version 0.1.8a0 was released Tuesday September 17, 2024.
Version 0.1.7a0 of tpot2 is outdated. Version 0.1.8a0 was released Tuesday September 17, 2024.
  0%|          | 0/25 [00:00<?, ?it/s]Generation:   0%|          | 0/25 [00:00<?, ?it/s]WARNING THIS INDIVIDUAL CAUSED AND EXCEPTION 
 <tpot2.search_spaces.pipelines.sequential.SequentialPipelineIndividual object at 0x155474708520> 
 The 'criterion' parameter of RandomForestRegressor must be a str among {'friedman_mse', 'poisson', 'absolute_error', 'squared_error'}. Got 'mse' instead. 
 Traceback (most recent call last):
  File "/common/ketrong/tpotexp/tpot2/tpot2/utils/eval_utils.py", line 53, in objective_nan_wrapper
    value = func_timeout.func_timeout(timeout, objective_function, args=[individual], kwargs=objective_kwargs)
  File "/common/ketrong/tpotexp/env/lib/python3.10/site-packages/func_timeout/dafunc.py", line 108, in func_timeout
    raise_exception(exception)
  File "/common/ketrong/tpotexp/env/lib/python3.10/site-packages/func_timeout/py3_raise.py", line 7, in raise_exception
    raise exception[0] from None
  File "/common/ketrong/tpotexp/tpot2/tpot2/tpot_estimator/estimator.py", line 623, in objective_function
    return objective_function_generator(
  File "/common/ketrong/tpotexp/tpot2/tpot2/tpot_estimator/estimator_utils.py", line 55, in objective_function_generator
    cv_obj_scores = cross_val_score_objective(sklearn.base.clone(pipeline),x,y,scorers=scorers, cv=cv , fold=step)
  File "/common/ketrong/tpotexp/tpot2/tpot2/tpot_estimator/cross_val_utils.py", line 28, in cross_val_score_objective
    this_fold_pipeline.fit(X_train,y_train)
  File "/common/ketrong/tpotexp/env/lib/python3.10/site-packages/sklearn/base.py", line 1473, in wrapper
    return fit_method(estimator, *args, **kwargs)
  File "/common/ketrong/tpotexp/env/lib/python3.10/site-packages/sklearn/pipeline.py", line 473, in fit
    self._final_estimator.fit(Xt, y, **last_step_params["fit"])
  File "/common/ketrong/tpotexp/env/lib/python3.10/site-packages/sklearn/base.py", line 1466, in wrapper
    estimator._validate_params()
  File "/common/ketrong/tpotexp/env/lib/python3.10/site-packages/sklearn/base.py", line 666, in _validate_params
    validate_parameter_constraints(
  File "/common/ketrong/tpotexp/env/lib/python3.10/site-packages/sklearn/utils/_param_validation.py", line 95, in validate_parameter_constraints
    raise InvalidParameterError(
sklearn.utils._param_validation.InvalidParameterError: The 'criterion' parameter of RandomForestRegressor must be a str among {'friedman_mse', 'poisson', 'absolute_error', 'squared_error'}. Got 'mse' instead.

WARNING THIS INDIVIDUAL CAUSED AND EXCEPTION 
 <tpot2.search_spaces.pipelines.sequential.SequentialPipelineIndividual object at 0x1554746a4f40> 
 The 'criterion' parameter of ExtraTreesRegressor must be a str among {'friedman_mse', 'poisson', 'absolute_error', 'squared_error'}. Got 'mae' instead. 
 Traceback (most recent call last):
  File "/common/ketrong/tpotexp/tpot2/tpot2/utils/eval_utils.py", line 53, in objective_nan_wrapper
    value = func_timeout.func_timeout(timeout, objective_function, args=[individual], kwargs=objective_kwargs)
  File "/common/ketrong/tpotexp/env/lib/python3.10/site-packages/func_timeout/dafunc.py", line 108, in func_timeout
    raise_exception(exception)
  File "/common/ketrong/tpotexp/env/lib/python3.10/site-packages/func_timeout/py3_raise.py", line 7, in raise_exception
    raise exception[0] from None
  File "/common/ketrong/tpotexp/tpot2/tpot2/tpot_estimator/estimator.py", line 623, in objective_function
    return objective_function_generator(
  File "/common/ketrong/tpotexp/tpot2/tpot2/tpot_estimator/estimator_utils.py", line 55, in objective_function_generator
    cv_obj_scores = cross_val_score_objective(sklearn.base.clone(pipeline),x,y,scorers=scorers, cv=cv , fold=step)
  File "/common/ketrong/tpotexp/tpot2/tpot2/tpot_estimator/cross_val_utils.py", line 28, in cross_val_score_objective
    this_fold_pipeline.fit(X_train,y_train)
  File "/common/ketrong/tpotexp/env/lib/python3.10/site-packages/sklearn/base.py", line 1473, in wrapper
    return fit_method(estimator, *args, **kwargs)
  File "/common/ketrong/tpotexp/env/lib/python3.10/site-packages/sklearn/pipeline.py", line 473, in fit
    self._final_estimator.fit(Xt, y, **last_step_params["fit"])
  File "/common/ketrong/tpotexp/env/lib/python3.10/site-packages/sklearn/base.py", line 1466, in wrapper
    estimator._validate_params()
  File "/common/ketrong/tpotexp/env/lib/python3.10/site-packages/sklearn/base.py", line 666, in _validate_params
    validate_parameter_constraints(
  File "/common/ketrong/tpotexp/env/lib/python3.10/site-packages/sklearn/utils/_param_validation.py", line 95, in validate_parameter_constraints
    raise InvalidParameterError(
sklearn.utils._param_validation.InvalidParameterError: The 'criterion' parameter of ExtraTreesRegressor must be a str among {'friedman_mse', 'poisson', 'absolute_error', 'squared_error'}. Got 'mae' instead.

Generation:  1
Best root_mean_squared_error score: -0.05274814424583625
Generation:   4%|         | 1/25 [00:10<04:10, 10.43s/it]WARNING THIS INDIVIDUAL CAUSED AND EXCEPTION 
 <tpot2.search_spaces.pipelines.sequential.SequentialPipelineIndividual object at 0x1554746efdf0> 
 The 'criterion' parameter of ExtraTreesRegressor must be a str among {'friedman_mse', 'poisson', 'absolute_error', 'squared_error'}. Got 'mae' instead. 
 Traceback (most recent call last):
  File "/common/ketrong/tpotexp/tpot2/tpot2/utils/eval_utils.py", line 53, in objective_nan_wrapper
    value = func_timeout.func_timeout(timeout, objective_function, args=[individual], kwargs=objective_kwargs)
  File "/common/ketrong/tpotexp/env/lib/python3.10/site-packages/func_timeout/dafunc.py", line 108, in func_timeout
    raise_exception(exception)
  File "/common/ketrong/tpotexp/env/lib/python3.10/site-packages/func_timeout/py3_raise.py", line 7, in raise_exception
    raise exception[0] from None
  File "/common/ketrong/tpotexp/tpot2/tpot2/tpot_estimator/estimator.py", line 623, in objective_function
    return objective_function_generator(
  File "/common/ketrong/tpotexp/tpot2/tpot2/tpot_estimator/estimator_utils.py", line 55, in objective_function_generator
    cv_obj_scores = cross_val_score_objective(sklearn.base.clone(pipeline),x,y,scorers=scorers, cv=cv , fold=step)
  File "/common/ketrong/tpotexp/tpot2/tpot2/tpot_estimator/cross_val_utils.py", line 28, in cross_val_score_objective
    this_fold_pipeline.fit(X_train,y_train)
  File "/common/ketrong/tpotexp/env/lib/python3.10/site-packages/sklearn/base.py", line 1473, in wrapper
    return fit_method(estimator, *args, **kwargs)
  File "/common/ketrong/tpotexp/env/lib/python3.10/site-packages/sklearn/pipeline.py", line 473, in fit
    self._final_estimator.fit(Xt, y, **last_step_params["fit"])
  File "/common/ketrong/tpotexp/env/lib/python3.10/site-packages/sklearn/base.py", line 1466, in wrapper
    estimator._validate_params()
  File "/common/ketrong/tpotexp/env/lib/python3.10/site-packages/sklearn/base.py", line 666, in _validate_params
    validate_parameter_constraints(
  File "/common/ketrong/tpotexp/env/lib/python3.10/site-packages/sklearn/utils/_param_validation.py", line 95, in validate_parameter_constraints
    raise InvalidParameterError(
sklearn.utils._param_validation.InvalidParameterError: The 'criterion' parameter of ExtraTreesRegressor must be a str among {'friedman_mse', 'poisson', 'absolute_error', 'squared_error'}. Got 'mae' instead.

Generation:  2
Best root_mean_squared_error score: -0.05274700590226653
Generation:   8%|         | 2/25 [00:45<09:30, 24.82s/it]Generation:  3
Best root_mean_squared_error score: -0.05274662752153626
Generation:  12%|        | 3/25 [00:56<06:53, 18.80s/it]WARNING THIS INDIVIDUAL CAUSED AND EXCEPTION 
 <tpot2.search_spaces.pipelines.sequential.SequentialPipelineIndividual object at 0x1554746a59c0> 
 The 'criterion' parameter of RandomForestRegressor must be a str among {'friedman_mse', 'poisson', 'absolute_error', 'squared_error'}. Got 'mse' instead. 
 Traceback (most recent call last):
  File "/common/ketrong/tpotexp/tpot2/tpot2/utils/eval_utils.py", line 53, in objective_nan_wrapper
    value = func_timeout.func_timeout(timeout, objective_function, args=[individual], kwargs=objective_kwargs)
  File "/common/ketrong/tpotexp/env/lib/python3.10/site-packages/func_timeout/dafunc.py", line 108, in func_timeout
    raise_exception(exception)
  File "/common/ketrong/tpotexp/env/lib/python3.10/site-packages/func_timeout/py3_raise.py", line 7, in raise_exception
    raise exception[0] from None
  File "/common/ketrong/tpotexp/tpot2/tpot2/tpot_estimator/estimator.py", line 623, in objective_function
    return objective_function_generator(
  File "/common/ketrong/tpotexp/tpot2/tpot2/tpot_estimator/estimator_utils.py", line 55, in objective_function_generator
    cv_obj_scores = cross_val_score_objective(sklearn.base.clone(pipeline),x,y,scorers=scorers, cv=cv , fold=step)
  File "/common/ketrong/tpotexp/tpot2/tpot2/tpot_estimator/cross_val_utils.py", line 28, in cross_val_score_objective
    this_fold_pipeline.fit(X_train,y_train)
  File "/common/ketrong/tpotexp/env/lib/python3.10/site-packages/sklearn/base.py", line 1473, in wrapper
    return fit_method(estimator, *args, **kwargs)
  File "/common/ketrong/tpotexp/env/lib/python3.10/site-packages/sklearn/pipeline.py", line 473, in fit
    self._final_estimator.fit(Xt, y, **last_step_params["fit"])
  File "/common/ketrong/tpotexp/env/lib/python3.10/site-packages/sklearn/base.py", line 1466, in wrapper
    estimator._validate_params()
  File "/common/ketrong/tpotexp/env/lib/python3.10/site-packages/sklearn/base.py", line 666, in _validate_params
    validate_parameter_constraints(
  File "/common/ketrong/tpotexp/env/lib/python3.10/site-packages/sklearn/utils/_param_validation.py", line 95, in validate_parameter_constraints
    raise InvalidParameterError(
sklearn.utils._param_validation.InvalidParameterError: The 'criterion' parameter of RandomForestRegressor must be a str among {'friedman_mse', 'poisson', 'absolute_error', 'squared_error'}. Got 'mse' instead.

Generation:  4
Best root_mean_squared_error score: -0.05274657215571767
Generation:  16%|        | 4/25 [01:02<04:43, 13.48s/it]Generation:  5
Best root_mean_squared_error score: -0.05274657215571767
Generation:  20%|        | 5/25 [01:16<04:32, 13.62s/it]Generation:  6
Best root_mean_squared_error score: -0.05274657215571767
Generation:  24%|       | 6/25 [01:28<04:10, 13.19s/it]WARNING THIS INDIVIDUAL CAUSED AND EXCEPTION 
 <tpot2.search_spaces.pipelines.sequential.SequentialPipelineIndividual object at 0x1554746eeec0> 
 The 'criterion' parameter of DecisionTreeRegressor must be a str among {'friedman_mse', 'poisson', 'absolute_error', 'squared_error'}. Got 'mae' instead. 
 Traceback (most recent call last):
  File "/common/ketrong/tpotexp/tpot2/tpot2/utils/eval_utils.py", line 53, in objective_nan_wrapper
    value = func_timeout.func_timeout(timeout, objective_function, args=[individual], kwargs=objective_kwargs)
  File "/common/ketrong/tpotexp/env/lib/python3.10/site-packages/func_timeout/dafunc.py", line 108, in func_timeout
    raise_exception(exception)
  File "/common/ketrong/tpotexp/env/lib/python3.10/site-packages/func_timeout/py3_raise.py", line 7, in raise_exception
    raise exception[0] from None
  File "/common/ketrong/tpotexp/tpot2/tpot2/tpot_estimator/estimator.py", line 623, in objective_function
    return objective_function_generator(
  File "/common/ketrong/tpotexp/tpot2/tpot2/tpot_estimator/estimator_utils.py", line 55, in objective_function_generator
    cv_obj_scores = cross_val_score_objective(sklearn.base.clone(pipeline),x,y,scorers=scorers, cv=cv , fold=step)
  File "/common/ketrong/tpotexp/tpot2/tpot2/tpot_estimator/cross_val_utils.py", line 28, in cross_val_score_objective
    this_fold_pipeline.fit(X_train,y_train)
  File "/common/ketrong/tpotexp/env/lib/python3.10/site-packages/sklearn/base.py", line 1473, in wrapper
    return fit_method(estimator, *args, **kwargs)
  File "/common/ketrong/tpotexp/env/lib/python3.10/site-packages/sklearn/pipeline.py", line 473, in fit
    self._final_estimator.fit(Xt, y, **last_step_params["fit"])
  File "/common/ketrong/tpotexp/env/lib/python3.10/site-packages/sklearn/base.py", line 1466, in wrapper
    estimator._validate_params()
  File "/common/ketrong/tpotexp/env/lib/python3.10/site-packages/sklearn/base.py", line 666, in _validate_params
    validate_parameter_constraints(
  File "/common/ketrong/tpotexp/env/lib/python3.10/site-packages/sklearn/utils/_param_validation.py", line 95, in validate_parameter_constraints
    raise InvalidParameterError(
sklearn.utils._param_validation.InvalidParameterError: The 'criterion' parameter of DecisionTreeRegressor must be a str among {'friedman_mse', 'poisson', 'absolute_error', 'squared_error'}. Got 'mae' instead.

WARNING THIS INDIVIDUAL CAUSED AND EXCEPTION 
 <tpot2.search_spaces.pipelines.sequential.SequentialPipelineIndividual object at 0x155467cceec0> 
 The 'criterion' parameter of ExtraTreesRegressor must be a str among {'friedman_mse', 'poisson', 'absolute_error', 'squared_error'}. Got 'mae' instead. 
 Traceback (most recent call last):
  File "/common/ketrong/tpotexp/tpot2/tpot2/utils/eval_utils.py", line 53, in objective_nan_wrapper
    value = func_timeout.func_timeout(timeout, objective_function, args=[individual], kwargs=objective_kwargs)
  File "/common/ketrong/tpotexp/env/lib/python3.10/site-packages/func_timeout/dafunc.py", line 108, in func_timeout
    raise_exception(exception)
  File "/common/ketrong/tpotexp/env/lib/python3.10/site-packages/func_timeout/py3_raise.py", line 7, in raise_exception
    raise exception[0] from None
  File "/common/ketrong/tpotexp/tpot2/tpot2/tpot_estimator/estimator.py", line 623, in objective_function
    return objective_function_generator(
  File "/common/ketrong/tpotexp/tpot2/tpot2/tpot_estimator/estimator_utils.py", line 55, in objective_function_generator
    cv_obj_scores = cross_val_score_objective(sklearn.base.clone(pipeline),x,y,scorers=scorers, cv=cv , fold=step)
  File "/common/ketrong/tpotexp/tpot2/tpot2/tpot_estimator/cross_val_utils.py", line 28, in cross_val_score_objective
    this_fold_pipeline.fit(X_train,y_train)
  File "/common/ketrong/tpotexp/env/lib/python3.10/site-packages/sklearn/base.py", line 1473, in wrapper
    return fit_method(estimator, *args, **kwargs)
  File "/common/ketrong/tpotexp/env/lib/python3.10/site-packages/sklearn/pipeline.py", line 473, in fit
    self._final_estimator.fit(Xt, y, **last_step_params["fit"])
  File "/common/ketrong/tpotexp/env/lib/python3.10/site-packages/sklearn/base.py", line 1466, in wrapper
    estimator._validate_params()
  File "/common/ketrong/tpotexp/env/lib/python3.10/site-packages/sklearn/base.py", line 666, in _validate_params
    validate_parameter_constraints(
  File "/common/ketrong/tpotexp/env/lib/python3.10/site-packages/sklearn/utils/_param_validation.py", line 95, in validate_parameter_constraints
    raise InvalidParameterError(
sklearn.utils._param_validation.InvalidParameterError: The 'criterion' parameter of ExtraTreesRegressor must be a str among {'friedman_mse', 'poisson', 'absolute_error', 'squared_error'}. Got 'mae' instead.

Generation:  7
Best root_mean_squared_error score: -0.052746478594821566
Generation:  28%|       | 7/25 [02:36<09:21, 31.18s/it]Generation:  8
Best root_mean_squared_error score: -0.05274625286232343
Generation:  32%|      | 8/25 [05:45<23:00, 81.20s/it]WARNING THIS INDIVIDUAL CAUSED AND EXCEPTION 
 <tpot2.search_spaces.pipelines.sequential.SequentialPipelineIndividual object at 0x155467fe5000> 
 The 'criterion' parameter of ExtraTreesRegressor must be a str among {'friedman_mse', 'poisson', 'absolute_error', 'squared_error'}. Got 'mae' instead. 
 Traceback (most recent call last):
  File "/common/ketrong/tpotexp/tpot2/tpot2/utils/eval_utils.py", line 53, in objective_nan_wrapper
    value = func_timeout.func_timeout(timeout, objective_function, args=[individual], kwargs=objective_kwargs)
  File "/common/ketrong/tpotexp/env/lib/python3.10/site-packages/func_timeout/dafunc.py", line 108, in func_timeout
    raise_exception(exception)
  File "/common/ketrong/tpotexp/env/lib/python3.10/site-packages/func_timeout/py3_raise.py", line 7, in raise_exception
    raise exception[0] from None
  File "/common/ketrong/tpotexp/tpot2/tpot2/tpot_estimator/estimator.py", line 623, in objective_function
    return objective_function_generator(
  File "/common/ketrong/tpotexp/tpot2/tpot2/tpot_estimator/estimator_utils.py", line 55, in objective_function_generator
    cv_obj_scores = cross_val_score_objective(sklearn.base.clone(pipeline),x,y,scorers=scorers, cv=cv , fold=step)
  File "/common/ketrong/tpotexp/tpot2/tpot2/tpot_estimator/cross_val_utils.py", line 28, in cross_val_score_objective
    this_fold_pipeline.fit(X_train,y_train)
  File "/common/ketrong/tpotexp/env/lib/python3.10/site-packages/sklearn/base.py", line 1473, in wrapper
    return fit_method(estimator, *args, **kwargs)
  File "/common/ketrong/tpotexp/env/lib/python3.10/site-packages/sklearn/pipeline.py", line 473, in fit
    self._final_estimator.fit(Xt, y, **last_step_params["fit"])
  File "/common/ketrong/tpotexp/env/lib/python3.10/site-packages/sklearn/base.py", line 1466, in wrapper
    estimator._validate_params()
  File "/common/ketrong/tpotexp/env/lib/python3.10/site-packages/sklearn/base.py", line 666, in _validate_params
    validate_parameter_constraints(
  File "/common/ketrong/tpotexp/env/lib/python3.10/site-packages/sklearn/utils/_param_validation.py", line 95, in validate_parameter_constraints
    raise InvalidParameterError(
sklearn.utils._param_validation.InvalidParameterError: The 'criterion' parameter of ExtraTreesRegressor must be a str among {'friedman_mse', 'poisson', 'absolute_error', 'squared_error'}. Got 'mae' instead.

Generation:  9
Best root_mean_squared_error score: -0.05274625286232343
Generation:  36%|      | 9/25 [05:53<15:37, 58.57s/it]Generation:  10
Best root_mean_squared_error score: -0.05274625286232343
Generation:  40%|      | 10/25 [08:50<23:44, 94.93s/it]Generation:  11
Best root_mean_squared_error score: -0.05274625286232343
Generation:  44%|     | 11/25 [09:50<19:40, 84.32s/it]WARNING THIS INDIVIDUAL CAUSED AND EXCEPTION 
 <tpot2.search_spaces.pipelines.sequential.SequentialPipelineIndividual object at 0x1554746ef0d0> 
 The 'criterion' parameter of RandomForestRegressor must be a str among {'friedman_mse', 'poisson', 'absolute_error', 'squared_error'}. Got 'mae' instead. 
 Traceback (most recent call last):
  File "/common/ketrong/tpotexp/tpot2/tpot2/utils/eval_utils.py", line 53, in objective_nan_wrapper
    value = func_timeout.func_timeout(timeout, objective_function, args=[individual], kwargs=objective_kwargs)
  File "/common/ketrong/tpotexp/env/lib/python3.10/site-packages/func_timeout/dafunc.py", line 108, in func_timeout
    raise_exception(exception)
  File "/common/ketrong/tpotexp/env/lib/python3.10/site-packages/func_timeout/py3_raise.py", line 7, in raise_exception
    raise exception[0] from None
  File "/common/ketrong/tpotexp/tpot2/tpot2/tpot_estimator/estimator.py", line 623, in objective_function
    return objective_function_generator(
  File "/common/ketrong/tpotexp/tpot2/tpot2/tpot_estimator/estimator_utils.py", line 55, in objective_function_generator
    cv_obj_scores = cross_val_score_objective(sklearn.base.clone(pipeline),x,y,scorers=scorers, cv=cv , fold=step)
  File "/common/ketrong/tpotexp/tpot2/tpot2/tpot_estimator/cross_val_utils.py", line 28, in cross_val_score_objective
    this_fold_pipeline.fit(X_train,y_train)
  File "/common/ketrong/tpotexp/env/lib/python3.10/site-packages/sklearn/base.py", line 1473, in wrapper
    return fit_method(estimator, *args, **kwargs)
  File "/common/ketrong/tpotexp/env/lib/python3.10/site-packages/sklearn/pipeline.py", line 473, in fit
    self._final_estimator.fit(Xt, y, **last_step_params["fit"])
  File "/common/ketrong/tpotexp/env/lib/python3.10/site-packages/sklearn/base.py", line 1466, in wrapper
    estimator._validate_params()
  File "/common/ketrong/tpotexp/env/lib/python3.10/site-packages/sklearn/base.py", line 666, in _validate_params
    validate_parameter_constraints(
  File "/common/ketrong/tpotexp/env/lib/python3.10/site-packages/sklearn/utils/_param_validation.py", line 95, in validate_parameter_constraints
    raise InvalidParameterError(
sklearn.utils._param_validation.InvalidParameterError: The 'criterion' parameter of RandomForestRegressor must be a str among {'friedman_mse', 'poisson', 'absolute_error', 'squared_error'}. Got 'mae' instead.

Generation:  12
Best root_mean_squared_error score: -0.05274625286232343
Generation:  48%|     | 12/25 [12:10<21:56, 101.28s/it]WARNING THIS INDIVIDUAL CAUSED AND EXCEPTION 
 <tpot2.search_spaces.pipelines.sequential.SequentialPipelineIndividual object at 0x1554659bb790> 
 The 'criterion' parameter of DecisionTreeRegressor must be a str among {'friedman_mse', 'poisson', 'absolute_error', 'squared_error'}. Got 'mae' instead. 
 Traceback (most recent call last):
  File "/common/ketrong/tpotexp/tpot2/tpot2/utils/eval_utils.py", line 53, in objective_nan_wrapper
    value = func_timeout.func_timeout(timeout, objective_function, args=[individual], kwargs=objective_kwargs)
  File "/common/ketrong/tpotexp/env/lib/python3.10/site-packages/func_timeout/dafunc.py", line 108, in func_timeout
    raise_exception(exception)
  File "/common/ketrong/tpotexp/env/lib/python3.10/site-packages/func_timeout/py3_raise.py", line 7, in raise_exception
    raise exception[0] from None
  File "/common/ketrong/tpotexp/tpot2/tpot2/tpot_estimator/estimator.py", line 623, in objective_function
    return objective_function_generator(
  File "/common/ketrong/tpotexp/tpot2/tpot2/tpot_estimator/estimator_utils.py", line 55, in objective_function_generator
    cv_obj_scores = cross_val_score_objective(sklearn.base.clone(pipeline),x,y,scorers=scorers, cv=cv , fold=step)
  File "/common/ketrong/tpotexp/tpot2/tpot2/tpot_estimator/cross_val_utils.py", line 28, in cross_val_score_objective
    this_fold_pipeline.fit(X_train,y_train)
  File "/common/ketrong/tpotexp/env/lib/python3.10/site-packages/sklearn/base.py", line 1473, in wrapper
    return fit_method(estimator, *args, **kwargs)
  File "/common/ketrong/tpotexp/env/lib/python3.10/site-packages/sklearn/pipeline.py", line 473, in fit
    self._final_estimator.fit(Xt, y, **last_step_params["fit"])
  File "/common/ketrong/tpotexp/env/lib/python3.10/site-packages/sklearn/base.py", line 1466, in wrapper
    estimator._validate_params()
  File "/common/ketrong/tpotexp/env/lib/python3.10/site-packages/sklearn/base.py", line 666, in _validate_params
    validate_parameter_constraints(
  File "/common/ketrong/tpotexp/env/lib/python3.10/site-packages/sklearn/utils/_param_validation.py", line 95, in validate_parameter_constraints
    raise InvalidParameterError(
sklearn.utils._param_validation.InvalidParameterError: The 'criterion' parameter of DecisionTreeRegressor must be a str among {'friedman_mse', 'poisson', 'absolute_error', 'squared_error'}. Got 'mae' instead.

WARNING THIS INDIVIDUAL CAUSED AND EXCEPTION 
 <tpot2.search_spaces.pipelines.sequential.SequentialPipelineIndividual object at 0x155465ad81c0> 
 The 'criterion' parameter of RandomForestRegressor must be a str among {'friedman_mse', 'poisson', 'absolute_error', 'squared_error'}. Got 'mse' instead. 
 Traceback (most recent call last):
  File "/common/ketrong/tpotexp/tpot2/tpot2/utils/eval_utils.py", line 53, in objective_nan_wrapper
    value = func_timeout.func_timeout(timeout, objective_function, args=[individual], kwargs=objective_kwargs)
  File "/common/ketrong/tpotexp/env/lib/python3.10/site-packages/func_timeout/dafunc.py", line 108, in func_timeout
    raise_exception(exception)
  File "/common/ketrong/tpotexp/env/lib/python3.10/site-packages/func_timeout/py3_raise.py", line 7, in raise_exception
    raise exception[0] from None
  File "/common/ketrong/tpotexp/tpot2/tpot2/tpot_estimator/estimator.py", line 623, in objective_function
    return objective_function_generator(
  File "/common/ketrong/tpotexp/tpot2/tpot2/tpot_estimator/estimator_utils.py", line 55, in objective_function_generator
    cv_obj_scores = cross_val_score_objective(sklearn.base.clone(pipeline),x,y,scorers=scorers, cv=cv , fold=step)
  File "/common/ketrong/tpotexp/tpot2/tpot2/tpot_estimator/cross_val_utils.py", line 28, in cross_val_score_objective
    this_fold_pipeline.fit(X_train,y_train)
  File "/common/ketrong/tpotexp/env/lib/python3.10/site-packages/sklearn/base.py", line 1473, in wrapper
    return fit_method(estimator, *args, **kwargs)
  File "/common/ketrong/tpotexp/env/lib/python3.10/site-packages/sklearn/pipeline.py", line 473, in fit
    self._final_estimator.fit(Xt, y, **last_step_params["fit"])
  File "/common/ketrong/tpotexp/env/lib/python3.10/site-packages/sklearn/base.py", line 1466, in wrapper
    estimator._validate_params()
  File "/common/ketrong/tpotexp/env/lib/python3.10/site-packages/sklearn/base.py", line 666, in _validate_params
    validate_parameter_constraints(
  File "/common/ketrong/tpotexp/env/lib/python3.10/site-packages/sklearn/utils/_param_validation.py", line 95, in validate_parameter_constraints
    raise InvalidParameterError(
sklearn.utils._param_validation.InvalidParameterError: The 'criterion' parameter of RandomForestRegressor must be a str among {'friedman_mse', 'poisson', 'absolute_error', 'squared_error'}. Got 'mse' instead.

Generation:  13
Best root_mean_squared_error score: -0.05274625286232343
Generation:  52%|    | 13/25 [12:33<15:30, 77.52s/it] WARNING THIS INDIVIDUAL CAUSED AND EXCEPTION 
 <tpot2.search_spaces.pipelines.sequential.SequentialPipelineIndividual object at 0x1554746ef970> 
 The 'criterion' parameter of RandomForestRegressor must be a str among {'friedman_mse', 'poisson', 'absolute_error', 'squared_error'}. Got 'mse' instead. 
 Traceback (most recent call last):
  File "/common/ketrong/tpotexp/tpot2/tpot2/utils/eval_utils.py", line 53, in objective_nan_wrapper
    value = func_timeout.func_timeout(timeout, objective_function, args=[individual], kwargs=objective_kwargs)
  File "/common/ketrong/tpotexp/env/lib/python3.10/site-packages/func_timeout/dafunc.py", line 108, in func_timeout
    raise_exception(exception)
  File "/common/ketrong/tpotexp/env/lib/python3.10/site-packages/func_timeout/py3_raise.py", line 7, in raise_exception
    raise exception[0] from None
  File "/common/ketrong/tpotexp/tpot2/tpot2/tpot_estimator/estimator.py", line 623, in objective_function
    return objective_function_generator(
  File "/common/ketrong/tpotexp/tpot2/tpot2/tpot_estimator/estimator_utils.py", line 55, in objective_function_generator
    cv_obj_scores = cross_val_score_objective(sklearn.base.clone(pipeline),x,y,scorers=scorers, cv=cv , fold=step)
  File "/common/ketrong/tpotexp/tpot2/tpot2/tpot_estimator/cross_val_utils.py", line 28, in cross_val_score_objective
    this_fold_pipeline.fit(X_train,y_train)
  File "/common/ketrong/tpotexp/env/lib/python3.10/site-packages/sklearn/base.py", line 1473, in wrapper
    return fit_method(estimator, *args, **kwargs)
  File "/common/ketrong/tpotexp/env/lib/python3.10/site-packages/sklearn/pipeline.py", line 473, in fit
    self._final_estimator.fit(Xt, y, **last_step_params["fit"])
  File "/common/ketrong/tpotexp/env/lib/python3.10/site-packages/sklearn/base.py", line 1466, in wrapper
    estimator._validate_params()
  File "/common/ketrong/tpotexp/env/lib/python3.10/site-packages/sklearn/base.py", line 666, in _validate_params
    validate_parameter_constraints(
  File "/common/ketrong/tpotexp/env/lib/python3.10/site-packages/sklearn/utils/_param_validation.py", line 95, in validate_parameter_constraints
    raise InvalidParameterError(
sklearn.utils._param_validation.InvalidParameterError: The 'criterion' parameter of RandomForestRegressor must be a str among {'friedman_mse', 'poisson', 'absolute_error', 'squared_error'}. Got 'mse' instead.

Generation:  14
Best root_mean_squared_error score: -0.05274625286232343
Generation:  56%|    | 14/25 [13:13<12:07, 66.17s/it]Generation:  15
Best root_mean_squared_error score: -0.05274625286232343
Generation:  60%|    | 15/25 [13:41<09:07, 54.73s/it]Generation:  16
Best root_mean_squared_error score: -0.05274625286232343
Generation:  64%|   | 16/25 [14:17<07:22, 49.19s/it]WARNING THIS INDIVIDUAL CAUSED AND EXCEPTION 
 <tpot2.search_spaces.pipelines.sequential.SequentialPipelineIndividual object at 0x1554746ef970> 
 The 'criterion' parameter of RandomForestRegressor must be a str among {'friedman_mse', 'poisson', 'absolute_error', 'squared_error'}. Got 'mae' instead. 
 Traceback (most recent call last):
  File "/common/ketrong/tpotexp/tpot2/tpot2/utils/eval_utils.py", line 53, in objective_nan_wrapper
    value = func_timeout.func_timeout(timeout, objective_function, args=[individual], kwargs=objective_kwargs)
  File "/common/ketrong/tpotexp/env/lib/python3.10/site-packages/func_timeout/dafunc.py", line 108, in func_timeout
    raise_exception(exception)
  File "/common/ketrong/tpotexp/env/lib/python3.10/site-packages/func_timeout/py3_raise.py", line 7, in raise_exception
    raise exception[0] from None
  File "/common/ketrong/tpotexp/tpot2/tpot2/tpot_estimator/estimator.py", line 623, in objective_function
    return objective_function_generator(
  File "/common/ketrong/tpotexp/tpot2/tpot2/tpot_estimator/estimator_utils.py", line 55, in objective_function_generator
    cv_obj_scores = cross_val_score_objective(sklearn.base.clone(pipeline),x,y,scorers=scorers, cv=cv , fold=step)
  File "/common/ketrong/tpotexp/tpot2/tpot2/tpot_estimator/cross_val_utils.py", line 28, in cross_val_score_objective
    this_fold_pipeline.fit(X_train,y_train)
  File "/common/ketrong/tpotexp/env/lib/python3.10/site-packages/sklearn/base.py", line 1473, in wrapper
    return fit_method(estimator, *args, **kwargs)
  File "/common/ketrong/tpotexp/env/lib/python3.10/site-packages/sklearn/pipeline.py", line 473, in fit
    self._final_estimator.fit(Xt, y, **last_step_params["fit"])
  File "/common/ketrong/tpotexp/env/lib/python3.10/site-packages/sklearn/base.py", line 1466, in wrapper
    estimator._validate_params()
  File "/common/ketrong/tpotexp/env/lib/python3.10/site-packages/sklearn/base.py", line 666, in _validate_params
    validate_parameter_constraints(
  File "/common/ketrong/tpotexp/env/lib/python3.10/site-packages/sklearn/utils/_param_validation.py", line 95, in validate_parameter_constraints
    raise InvalidParameterError(
sklearn.utils._param_validation.InvalidParameterError: The 'criterion' parameter of RandomForestRegressor must be a str among {'friedman_mse', 'poisson', 'absolute_error', 'squared_error'}. Got 'mae' instead.

Generation:  17
Best root_mean_squared_error score: -0.05274625286232343
Generation:  68%|   | 17/25 [14:48<05:48, 43.55s/it]Generation:  18
Best root_mean_squared_error score: -0.05274625286232343
Generation:  72%|  | 18/25 [17:19<08:51, 75.93s/it]WARNING THIS INDIVIDUAL CAUSED AND EXCEPTION 
 <tpot2.search_spaces.pipelines.sequential.SequentialPipelineIndividual object at 0x155465a1a1d0> 
 The 'criterion' parameter of RandomForestRegressor must be a str among {'friedman_mse', 'poisson', 'absolute_error', 'squared_error'}. Got 'mse' instead. 
 Traceback (most recent call last):
  File "/common/ketrong/tpotexp/tpot2/tpot2/utils/eval_utils.py", line 53, in objective_nan_wrapper
    value = func_timeout.func_timeout(timeout, objective_function, args=[individual], kwargs=objective_kwargs)
  File "/common/ketrong/tpotexp/env/lib/python3.10/site-packages/func_timeout/dafunc.py", line 108, in func_timeout
    raise_exception(exception)
  File "/common/ketrong/tpotexp/env/lib/python3.10/site-packages/func_timeout/py3_raise.py", line 7, in raise_exception
    raise exception[0] from None
  File "/common/ketrong/tpotexp/tpot2/tpot2/tpot_estimator/estimator.py", line 623, in objective_function
    return objective_function_generator(
  File "/common/ketrong/tpotexp/tpot2/tpot2/tpot_estimator/estimator_utils.py", line 55, in objective_function_generator
    cv_obj_scores = cross_val_score_objective(sklearn.base.clone(pipeline),x,y,scorers=scorers, cv=cv , fold=step)
  File "/common/ketrong/tpotexp/tpot2/tpot2/tpot_estimator/cross_val_utils.py", line 28, in cross_val_score_objective
    this_fold_pipeline.fit(X_train,y_train)
  File "/common/ketrong/tpotexp/env/lib/python3.10/site-packages/sklearn/base.py", line 1473, in wrapper
    return fit_method(estimator, *args, **kwargs)
  File "/common/ketrong/tpotexp/env/lib/python3.10/site-packages/sklearn/pipeline.py", line 473, in fit
    self._final_estimator.fit(Xt, y, **last_step_params["fit"])
  File "/common/ketrong/tpotexp/env/lib/python3.10/site-packages/sklearn/base.py", line 1466, in wrapper
    estimator._validate_params()
  File "/common/ketrong/tpotexp/env/lib/python3.10/site-packages/sklearn/base.py", line 666, in _validate_params
    validate_parameter_constraints(
  File "/common/ketrong/tpotexp/env/lib/python3.10/site-packages/sklearn/utils/_param_validation.py", line 95, in validate_parameter_constraints
    raise InvalidParameterError(
sklearn.utils._param_validation.InvalidParameterError: The 'criterion' parameter of RandomForestRegressor must be a str among {'friedman_mse', 'poisson', 'absolute_error', 'squared_error'}. Got 'mse' instead.

Generation:  19
Best root_mean_squared_error score: -0.05274625286232343
Generation:  76%|  | 19/25 [17:46<06:07, 61.23s/it]WARNING THIS INDIVIDUAL CAUSED AND EXCEPTION 
 <tpot2.search_spaces.pipelines.sequential.SequentialPipelineIndividual object at 0x155465253850> 
 The 'criterion' parameter of RandomForestRegressor must be a str among {'friedman_mse', 'poisson', 'absolute_error', 'squared_error'}. Got 'mse' instead. 
 Traceback (most recent call last):
  File "/common/ketrong/tpotexp/tpot2/tpot2/utils/eval_utils.py", line 53, in objective_nan_wrapper
    value = func_timeout.func_timeout(timeout, objective_function, args=[individual], kwargs=objective_kwargs)
  File "/common/ketrong/tpotexp/env/lib/python3.10/site-packages/func_timeout/dafunc.py", line 108, in func_timeout
    raise_exception(exception)
  File "/common/ketrong/tpotexp/env/lib/python3.10/site-packages/func_timeout/py3_raise.py", line 7, in raise_exception
    raise exception[0] from None
  File "/common/ketrong/tpotexp/tpot2/tpot2/tpot_estimator/estimator.py", line 623, in objective_function
    return objective_function_generator(
  File "/common/ketrong/tpotexp/tpot2/tpot2/tpot_estimator/estimator_utils.py", line 55, in objective_function_generator
    cv_obj_scores = cross_val_score_objective(sklearn.base.clone(pipeline),x,y,scorers=scorers, cv=cv , fold=step)
  File "/common/ketrong/tpotexp/tpot2/tpot2/tpot_estimator/cross_val_utils.py", line 28, in cross_val_score_objective
    this_fold_pipeline.fit(X_train,y_train)
  File "/common/ketrong/tpotexp/env/lib/python3.10/site-packages/sklearn/base.py", line 1473, in wrapper
    return fit_method(estimator, *args, **kwargs)
  File "/common/ketrong/tpotexp/env/lib/python3.10/site-packages/sklearn/pipeline.py", line 473, in fit
    self._final_estimator.fit(Xt, y, **last_step_params["fit"])
  File "/common/ketrong/tpotexp/env/lib/python3.10/site-packages/sklearn/base.py", line 1466, in wrapper
    estimator._validate_params()
  File "/common/ketrong/tpotexp/env/lib/python3.10/site-packages/sklearn/base.py", line 666, in _validate_params
    validate_parameter_constraints(
  File "/common/ketrong/tpotexp/env/lib/python3.10/site-packages/sklearn/utils/_param_validation.py", line 95, in validate_parameter_constraints
    raise InvalidParameterError(
sklearn.utils._param_validation.InvalidParameterError: The 'criterion' parameter of RandomForestRegressor must be a str among {'friedman_mse', 'poisson', 'absolute_error', 'squared_error'}. Got 'mse' instead.

Generation:  20
Best root_mean_squared_error score: -0.05274625286232343
Generation:  80%|  | 20/25 [17:58<03:52, 46.43s/it]WARNING THIS INDIVIDUAL CAUSED AND EXCEPTION 
 <tpot2.search_spaces.pipelines.sequential.SequentialPipelineIndividual object at 0x15547470b7c0> 
 The 'criterion' parameter of DecisionTreeRegressor must be a str among {'friedman_mse', 'poisson', 'absolute_error', 'squared_error'}. Got 'mae' instead. 
 Traceback (most recent call last):
  File "/common/ketrong/tpotexp/tpot2/tpot2/utils/eval_utils.py", line 53, in objective_nan_wrapper
    value = func_timeout.func_timeout(timeout, objective_function, args=[individual], kwargs=objective_kwargs)
  File "/common/ketrong/tpotexp/env/lib/python3.10/site-packages/func_timeout/dafunc.py", line 108, in func_timeout
    raise_exception(exception)
  File "/common/ketrong/tpotexp/env/lib/python3.10/site-packages/func_timeout/py3_raise.py", line 7, in raise_exception
    raise exception[0] from None
  File "/common/ketrong/tpotexp/tpot2/tpot2/tpot_estimator/estimator.py", line 623, in objective_function
    return objective_function_generator(
  File "/common/ketrong/tpotexp/tpot2/tpot2/tpot_estimator/estimator_utils.py", line 55, in objective_function_generator
    cv_obj_scores = cross_val_score_objective(sklearn.base.clone(pipeline),x,y,scorers=scorers, cv=cv , fold=step)
  File "/common/ketrong/tpotexp/tpot2/tpot2/tpot_estimator/cross_val_utils.py", line 28, in cross_val_score_objective
    this_fold_pipeline.fit(X_train,y_train)
  File "/common/ketrong/tpotexp/env/lib/python3.10/site-packages/sklearn/base.py", line 1473, in wrapper
    return fit_method(estimator, *args, **kwargs)
  File "/common/ketrong/tpotexp/env/lib/python3.10/site-packages/sklearn/pipeline.py", line 473, in fit
    self._final_estimator.fit(Xt, y, **last_step_params["fit"])
  File "/common/ketrong/tpotexp/env/lib/python3.10/site-packages/sklearn/base.py", line 1466, in wrapper
    estimator._validate_params()
  File "/common/ketrong/tpotexp/env/lib/python3.10/site-packages/sklearn/base.py", line 666, in _validate_params
    validate_parameter_constraints(
  File "/common/ketrong/tpotexp/env/lib/python3.10/site-packages/sklearn/utils/_param_validation.py", line 95, in validate_parameter_constraints
    raise InvalidParameterError(
sklearn.utils._param_validation.InvalidParameterError: The 'criterion' parameter of DecisionTreeRegressor must be a str among {'friedman_mse', 'poisson', 'absolute_error', 'squared_error'}. Got 'mae' instead.

Generation:  21
Best root_mean_squared_error score: -0.0527460479173555
Generation:  84%| | 21/25 [18:22<02:38, 39.65s/it]WARNING THIS INDIVIDUAL CAUSED AND EXCEPTION 
 <tpot2.search_spaces.pipelines.sequential.SequentialPipelineIndividual object at 0x15546531df90> 
 The 'criterion' parameter of RandomForestRegressor must be a str among {'friedman_mse', 'poisson', 'absolute_error', 'squared_error'}. Got 'mae' instead. 
 Traceback (most recent call last):
  File "/common/ketrong/tpotexp/tpot2/tpot2/utils/eval_utils.py", line 53, in objective_nan_wrapper
    value = func_timeout.func_timeout(timeout, objective_function, args=[individual], kwargs=objective_kwargs)
  File "/common/ketrong/tpotexp/env/lib/python3.10/site-packages/func_timeout/dafunc.py", line 108, in func_timeout
    raise_exception(exception)
  File "/common/ketrong/tpotexp/env/lib/python3.10/site-packages/func_timeout/py3_raise.py", line 7, in raise_exception
    raise exception[0] from None
  File "/common/ketrong/tpotexp/tpot2/tpot2/tpot_estimator/estimator.py", line 623, in objective_function
    return objective_function_generator(
  File "/common/ketrong/tpotexp/tpot2/tpot2/tpot_estimator/estimator_utils.py", line 55, in objective_function_generator
    cv_obj_scores = cross_val_score_objective(sklearn.base.clone(pipeline),x,y,scorers=scorers, cv=cv , fold=step)
  File "/common/ketrong/tpotexp/tpot2/tpot2/tpot_estimator/cross_val_utils.py", line 28, in cross_val_score_objective
    this_fold_pipeline.fit(X_train,y_train)
  File "/common/ketrong/tpotexp/env/lib/python3.10/site-packages/sklearn/base.py", line 1473, in wrapper
    return fit_method(estimator, *args, **kwargs)
  File "/common/ketrong/tpotexp/env/lib/python3.10/site-packages/sklearn/pipeline.py", line 473, in fit
    self._final_estimator.fit(Xt, y, **last_step_params["fit"])
  File "/common/ketrong/tpotexp/env/lib/python3.10/site-packages/sklearn/base.py", line 1466, in wrapper
    estimator._validate_params()
  File "/common/ketrong/tpotexp/env/lib/python3.10/site-packages/sklearn/base.py", line 666, in _validate_params
    validate_parameter_constraints(
  File "/common/ketrong/tpotexp/env/lib/python3.10/site-packages/sklearn/utils/_param_validation.py", line 95, in validate_parameter_constraints
    raise InvalidParameterError(
sklearn.utils._param_validation.InvalidParameterError: The 'criterion' parameter of RandomForestRegressor must be a str among {'friedman_mse', 'poisson', 'absolute_error', 'squared_error'}. Got 'mae' instead.

WARNING THIS INDIVIDUAL CAUSED AND EXCEPTION 
 <tpot2.search_spaces.pipelines.sequential.SequentialPipelineIndividual object at 0x155465707940> 
 The 'criterion' parameter of ExtraTreesRegressor must be a str among {'friedman_mse', 'poisson', 'absolute_error', 'squared_error'}. Got 'mae' instead. 
 Traceback (most recent call last):
  File "/common/ketrong/tpotexp/tpot2/tpot2/utils/eval_utils.py", line 53, in objective_nan_wrapper
    value = func_timeout.func_timeout(timeout, objective_function, args=[individual], kwargs=objective_kwargs)
  File "/common/ketrong/tpotexp/env/lib/python3.10/site-packages/func_timeout/dafunc.py", line 108, in func_timeout
    raise_exception(exception)
  File "/common/ketrong/tpotexp/env/lib/python3.10/site-packages/func_timeout/py3_raise.py", line 7, in raise_exception
    raise exception[0] from None
  File "/common/ketrong/tpotexp/tpot2/tpot2/tpot_estimator/estimator.py", line 623, in objective_function
    return objective_function_generator(
  File "/common/ketrong/tpotexp/tpot2/tpot2/tpot_estimator/estimator_utils.py", line 55, in objective_function_generator
    cv_obj_scores = cross_val_score_objective(sklearn.base.clone(pipeline),x,y,scorers=scorers, cv=cv , fold=step)
  File "/common/ketrong/tpotexp/tpot2/tpot2/tpot_estimator/cross_val_utils.py", line 28, in cross_val_score_objective
    this_fold_pipeline.fit(X_train,y_train)
  File "/common/ketrong/tpotexp/env/lib/python3.10/site-packages/sklearn/base.py", line 1473, in wrapper
    return fit_method(estimator, *args, **kwargs)
  File "/common/ketrong/tpotexp/env/lib/python3.10/site-packages/sklearn/pipeline.py", line 473, in fit
    self._final_estimator.fit(Xt, y, **last_step_params["fit"])
  File "/common/ketrong/tpotexp/env/lib/python3.10/site-packages/sklearn/base.py", line 1466, in wrapper
    estimator._validate_params()
  File "/common/ketrong/tpotexp/env/lib/python3.10/site-packages/sklearn/base.py", line 666, in _validate_params
    validate_parameter_constraints(
  File "/common/ketrong/tpotexp/env/lib/python3.10/site-packages/sklearn/utils/_param_validation.py", line 95, in validate_parameter_constraints
    raise InvalidParameterError(
sklearn.utils._param_validation.InvalidParameterError: The 'criterion' parameter of ExtraTreesRegressor must be a str among {'friedman_mse', 'poisson', 'absolute_error', 'squared_error'}. Got 'mae' instead.

Generation:  22
Best root_mean_squared_error score: -0.0527460479173555
Generation:  88%| | 22/25 [18:46<01:45, 35.09s/it]WARNING THIS INDIVIDUAL CAUSED AND EXCEPTION 
 <tpot2.search_spaces.pipelines.sequential.SequentialPipelineIndividual object at 0x1554746a7490> 
 The 'criterion' parameter of DecisionTreeRegressor must be a str among {'friedman_mse', 'poisson', 'absolute_error', 'squared_error'}. Got 'mae' instead. 
 Traceback (most recent call last):
  File "/common/ketrong/tpotexp/tpot2/tpot2/utils/eval_utils.py", line 53, in objective_nan_wrapper
    value = func_timeout.func_timeout(timeout, objective_function, args=[individual], kwargs=objective_kwargs)
  File "/common/ketrong/tpotexp/env/lib/python3.10/site-packages/func_timeout/dafunc.py", line 108, in func_timeout
    raise_exception(exception)
  File "/common/ketrong/tpotexp/env/lib/python3.10/site-packages/func_timeout/py3_raise.py", line 7, in raise_exception
    raise exception[0] from None
  File "/common/ketrong/tpotexp/tpot2/tpot2/tpot_estimator/estimator.py", line 623, in objective_function
    return objective_function_generator(
  File "/common/ketrong/tpotexp/tpot2/tpot2/tpot_estimator/estimator_utils.py", line 55, in objective_function_generator
    cv_obj_scores = cross_val_score_objective(sklearn.base.clone(pipeline),x,y,scorers=scorers, cv=cv , fold=step)
  File "/common/ketrong/tpotexp/tpot2/tpot2/tpot_estimator/cross_val_utils.py", line 28, in cross_val_score_objective
    this_fold_pipeline.fit(X_train,y_train)
  File "/common/ketrong/tpotexp/env/lib/python3.10/site-packages/sklearn/base.py", line 1473, in wrapper
    return fit_method(estimator, *args, **kwargs)
  File "/common/ketrong/tpotexp/env/lib/python3.10/site-packages/sklearn/pipeline.py", line 473, in fit
    self._final_estimator.fit(Xt, y, **last_step_params["fit"])
  File "/common/ketrong/tpotexp/env/lib/python3.10/site-packages/sklearn/base.py", line 1466, in wrapper
    estimator._validate_params()
  File "/common/ketrong/tpotexp/env/lib/python3.10/site-packages/sklearn/base.py", line 666, in _validate_params
    validate_parameter_constraints(
  File "/common/ketrong/tpotexp/env/lib/python3.10/site-packages/sklearn/utils/_param_validation.py", line 95, in validate_parameter_constraints
    raise InvalidParameterError(
sklearn.utils._param_validation.InvalidParameterError: The 'criterion' parameter of DecisionTreeRegressor must be a str among {'friedman_mse', 'poisson', 'absolute_error', 'squared_error'}. Got 'mae' instead.

Generation:  23
Best root_mean_squared_error score: -0.0527460479173555
Generation:  92%|| 23/25 [19:13<01:04, 32.45s/it]Generation:  24
Best root_mean_squared_error score: -0.0527460479173555
Generation:  96%|| 24/25 [19:31<00:28, 28.14s/it]WARNING THIS INDIVIDUAL CAUSED AND EXCEPTION 
 <tpot2.search_spaces.pipelines.sequential.SequentialPipelineIndividual object at 0x1554655a1090> 
 The 'criterion' parameter of RandomForestRegressor must be a str among {'friedman_mse', 'poisson', 'absolute_error', 'squared_error'}. Got 'mae' instead. 
 Traceback (most recent call last):
  File "/common/ketrong/tpotexp/tpot2/tpot2/utils/eval_utils.py", line 53, in objective_nan_wrapper
    value = func_timeout.func_timeout(timeout, objective_function, args=[individual], kwargs=objective_kwargs)
  File "/common/ketrong/tpotexp/env/lib/python3.10/site-packages/func_timeout/dafunc.py", line 108, in func_timeout
    raise_exception(exception)
  File "/common/ketrong/tpotexp/env/lib/python3.10/site-packages/func_timeout/py3_raise.py", line 7, in raise_exception
    raise exception[0] from None
  File "/common/ketrong/tpotexp/tpot2/tpot2/tpot_estimator/estimator.py", line 623, in objective_function
    return objective_function_generator(
  File "/common/ketrong/tpotexp/tpot2/tpot2/tpot_estimator/estimator_utils.py", line 55, in objective_function_generator
    cv_obj_scores = cross_val_score_objective(sklearn.base.clone(pipeline),x,y,scorers=scorers, cv=cv , fold=step)
  File "/common/ketrong/tpotexp/tpot2/tpot2/tpot_estimator/cross_val_utils.py", line 28, in cross_val_score_objective
    this_fold_pipeline.fit(X_train,y_train)
  File "/common/ketrong/tpotexp/env/lib/python3.10/site-packages/sklearn/base.py", line 1473, in wrapper
    return fit_method(estimator, *args, **kwargs)
  File "/common/ketrong/tpotexp/env/lib/python3.10/site-packages/sklearn/pipeline.py", line 473, in fit
    self._final_estimator.fit(Xt, y, **last_step_params["fit"])
  File "/common/ketrong/tpotexp/env/lib/python3.10/site-packages/sklearn/base.py", line 1466, in wrapper
    estimator._validate_params()
  File "/common/ketrong/tpotexp/env/lib/python3.10/site-packages/sklearn/base.py", line 666, in _validate_params
    validate_parameter_constraints(
  File "/common/ketrong/tpotexp/env/lib/python3.10/site-packages/sklearn/utils/_param_validation.py", line 95, in validate_parameter_constraints
    raise InvalidParameterError(
sklearn.utils._param_validation.InvalidParameterError: The 'criterion' parameter of RandomForestRegressor must be a str among {'friedman_mse', 'poisson', 'absolute_error', 'squared_error'}. Got 'mae' instead.

Generation:  25
Best root_mean_squared_error score: -0.0527460479173555
Generation: 100%|| 25/25 [19:58<00:00, 27.88s/it]Generation: 100%|| 25/25 [20:01<00:00, 48.07s/it]
2024-10-09 01:36:55,777 - distributed.scheduler - ERROR - Removing worker 'tcp://127.0.0.1:40663' caused the cluster to lose scattered data, which can't be recovered: {'DataFrame-9f575405dd824ee444b27dd6207c87af', 'ndarray-abffdc1246552f3999ac98e155572219'} (stimulus_id='handle-worker-cleanup-1728463015.7777574')
Fitted
Pipeline(steps=[('ardregression',
                 ARDRegression(alpha_1=6.863898e-07, alpha_2=0.0003077292129,
                               lambda_1=3.6785001e-06, lambda_2=6.9133788e-06,
                               threshold_lambda=87615))])
score start
train score: {'explained_var': 0.0021179490595286676, 'r2': 0.002117931842803955, 'rmse': 0.05283286650882831}
original test score: {'explained_var': 0.0012960848669120173, 'r2': 0.001291737146177252, 'rmse': 0.05333425510471929}
imputed test score: {'explained_var': 0.0011587192185181783, 'r2': 0.001147449016571045, 'rmse': 0.05333810585835032}
score end
check intended
EXP2 Finished
running experiment 3/3 - What is the best automl settings?
<tpot2.search_spaces.pipelines.sequential.SequentialPipeline object at 0x155432f1d8d0>
Start tpot fit
Version 0.1.7a0 of tpot2 is outdated. Version 0.1.8a0 was released Tuesday September 17, 2024.
Version 0.1.7a0 of tpot2 is outdated. Version 0.1.8a0 was released Tuesday September 17, 2024.
Version 0.1.7a0 of tpot2 is outdated. Version 0.1.8a0 was released Tuesday September 17, 2024.
Version 0.1.7a0 of tpot2 is outdated. Version 0.1.8a0 was released Tuesday September 17, 2024.
Version 0.1.7a0 of tpot2 is outdated. Version 0.1.8a0 was released Tuesday September 17, 2024.
Version 0.1.7a0 of tpot2 is outdated. Version 0.1.8a0 was released Tuesday September 17, 2024.
Version 0.1.7a0 of tpot2 is outdated. Version 0.1.8a0 was released Tuesday September 17, 2024.
Version 0.1.7a0 of tpot2 is outdated. Version 0.1.8a0 was released Tuesday September 17, 2024.
Version 0.1.7a0 of tpot2 is outdated. Version 0.1.8a0 was released Tuesday September 17, 2024.
Version 0.1.7a0 of tpot2 is outdated. Version 0.1.8a0 was released Tuesday September 17, 2024.
Version 0.1.7a0 of tpot2 is outdated. Version 0.1.8a0 was released Tuesday September 17, 2024.
Version 0.1.7a0 of tpot2 is outdated. Version 0.1.8a0 was released Tuesday September 17, 2024.
Version 0.1.7a0 of tpot2 is outdated. Version 0.1.8a0 was released Tuesday September 17, 2024.
Version 0.1.7a0 of tpot2 is outdated. Version 0.1.8a0 was released Tuesday September 17, 2024.
Version 0.1.7a0 of tpot2 is outdated. Version 0.1.8a0 was released Tuesday September 17, 2024.
Version 0.1.7a0 of tpot2 is outdated. Version 0.1.8a0 was released Tuesday September 17, 2024.
  0%|          | 0/25 [00:00<?, ?it/s]Generation:   0%|          | 0/25 [00:00<?, ?it/s]WARNING THIS INDIVIDUAL CAUSED AND EXCEPTION 
 <tpot2.search_spaces.pipelines.sequential.SequentialPipelineIndividual object at 0x155474cd51b0> 
 Input X contains NaN.
MLPRegressor does not accept missing values encoded as NaN natively. For supervised learning, you might want to consider sklearn.ensemble.HistGradientBoostingClassifier and Regressor which accept missing values encoded as NaNs natively. Alternatively, it is possible to preprocess the data, for instance by using an imputer transformer in a pipeline or drop samples with missing values. See https://scikit-learn.org/stable/modules/impute.html You can find a list of all estimators that handle NaN values at the following page: https://scikit-learn.org/stable/modules/impute.html#estimators-that-handle-nan-values 
 Traceback (most recent call last):
  File "/common/ketrong/tpotexp/tpot2/tpot2/utils/eval_utils.py", line 53, in objective_nan_wrapper
    value = func_timeout.func_timeout(timeout, objective_function, args=[individual], kwargs=objective_kwargs)
  File "/common/ketrong/tpotexp/env/lib/python3.10/site-packages/func_timeout/dafunc.py", line 108, in func_timeout
    raise_exception(exception)
  File "/common/ketrong/tpotexp/env/lib/python3.10/site-packages/func_timeout/py3_raise.py", line 7, in raise_exception
    raise exception[0] from None
  File "/common/ketrong/tpotexp/tpot2/tpot2/tpot_estimator/estimator.py", line 623, in objective_function
    return objective_function_generator(
  File "/common/ketrong/tpotexp/tpot2/tpot2/tpot_estimator/estimator_utils.py", line 55, in objective_function_generator
    cv_obj_scores = cross_val_score_objective(sklearn.base.clone(pipeline),x,y,scorers=scorers, cv=cv , fold=step)
  File "/common/ketrong/tpotexp/tpot2/tpot2/tpot_estimator/cross_val_utils.py", line 28, in cross_val_score_objective
    this_fold_pipeline.fit(X_train,y_train)
  File "/common/ketrong/tpotexp/env/lib/python3.10/site-packages/sklearn/base.py", line 1473, in wrapper
    return fit_method(estimator, *args, **kwargs)
  File "/common/ketrong/tpotexp/env/lib/python3.10/site-packages/sklearn/pipeline.py", line 473, in fit
    self._final_estimator.fit(Xt, y, **last_step_params["fit"])
  File "/common/ketrong/tpotexp/env/lib/python3.10/site-packages/sklearn/base.py", line 1473, in wrapper
    return fit_method(estimator, *args, **kwargs)
  File "/common/ketrong/tpotexp/env/lib/python3.10/site-packages/sklearn/neural_network/_multilayer_perceptron.py", line 751, in fit
    return self._fit(X, y, incremental=False)
  File "/common/ketrong/tpotexp/env/lib/python3.10/site-packages/sklearn/neural_network/_multilayer_perceptron.py", line 441, in _fit
    X, y = self._validate_input(X, y, incremental, reset=first_pass)
  File "/common/ketrong/tpotexp/env/lib/python3.10/site-packages/sklearn/neural_network/_multilayer_perceptron.py", line 1621, in _validate_input
    X, y = self._validate_data(
  File "/common/ketrong/tpotexp/env/lib/python3.10/site-packages/sklearn/base.py", line 650, in _validate_data
    X, y = check_X_y(X, y, **check_params)
  File "/common/ketrong/tpotexp/env/lib/python3.10/site-packages/sklearn/utils/validation.py", line 1301, in check_X_y
    X = check_array(
  File "/common/ketrong/tpotexp/env/lib/python3.10/site-packages/sklearn/utils/validation.py", line 1064, in check_array
    _assert_all_finite(
  File "/common/ketrong/tpotexp/env/lib/python3.10/site-packages/sklearn/utils/validation.py", line 123, in _assert_all_finite
    _assert_all_finite_element_wise(
  File "/common/ketrong/tpotexp/env/lib/python3.10/site-packages/sklearn/utils/validation.py", line 172, in _assert_all_finite_element_wise
    raise ValueError(msg_err)
ValueError: Input X contains NaN.
MLPRegressor does not accept missing values encoded as NaN natively. For supervised learning, you might want to consider sklearn.ensemble.HistGradientBoostingClassifier and Regressor which accept missing values encoded as NaNs natively. Alternatively, it is possible to preprocess the data, for instance by using an imputer transformer in a pipeline or drop samples with missing values. See https://scikit-learn.org/stable/modules/impute.html You can find a list of all estimators that handle NaN values at the following page: https://scikit-learn.org/stable/modules/impute.html#estimators-that-handle-nan-values

WARNING THIS INDIVIDUAL CAUSED AND EXCEPTION 
 <tpot2.search_spaces.pipelines.sequential.SequentialPipelineIndividual object at 0x155474cd4e50> 
 Input X contains NaN.
SVR does not accept missing values encoded as NaN natively. For supervised learning, you might want to consider sklearn.ensemble.HistGradientBoostingClassifier and Regressor which accept missing values encoded as NaNs natively. Alternatively, it is possible to preprocess the data, for instance by using an imputer transformer in a pipeline or drop samples with missing values. See https://scikit-learn.org/stable/modules/impute.html You can find a list of all estimators that handle NaN values at the following page: https://scikit-learn.org/stable/modules/impute.html#estimators-that-handle-nan-values 
 Traceback (most recent call last):
  File "/common/ketrong/tpotexp/tpot2/tpot2/utils/eval_utils.py", line 53, in objective_nan_wrapper
    value = func_timeout.func_timeout(timeout, objective_function, args=[individual], kwargs=objective_kwargs)
  File "/common/ketrong/tpotexp/env/lib/python3.10/site-packages/func_timeout/dafunc.py", line 108, in func_timeout
    raise_exception(exception)
  File "/common/ketrong/tpotexp/env/lib/python3.10/site-packages/func_timeout/py3_raise.py", line 7, in raise_exception
    raise exception[0] from None
  File "/common/ketrong/tpotexp/tpot2/tpot2/tpot_estimator/estimator.py", line 623, in objective_function
    return objective_function_generator(
  File "/common/ketrong/tpotexp/tpot2/tpot2/tpot_estimator/estimator_utils.py", line 55, in objective_function_generator
    cv_obj_scores = cross_val_score_objective(sklearn.base.clone(pipeline),x,y,scorers=scorers, cv=cv , fold=step)
  File "/common/ketrong/tpotexp/tpot2/tpot2/tpot_estimator/cross_val_utils.py", line 28, in cross_val_score_objective
    this_fold_pipeline.fit(X_train,y_train)
  File "/common/ketrong/tpotexp/env/lib/python3.10/site-packages/sklearn/base.py", line 1473, in wrapper
    return fit_method(estimator, *args, **kwargs)
  File "/common/ketrong/tpotexp/env/lib/python3.10/site-packages/sklearn/pipeline.py", line 473, in fit
    self._final_estimator.fit(Xt, y, **last_step_params["fit"])
  File "/common/ketrong/tpotexp/env/lib/python3.10/site-packages/sklearn/base.py", line 1473, in wrapper
    return fit_method(estimator, *args, **kwargs)
  File "/common/ketrong/tpotexp/env/lib/python3.10/site-packages/sklearn/svm/_base.py", line 190, in fit
    X, y = self._validate_data(
  File "/common/ketrong/tpotexp/env/lib/python3.10/site-packages/sklearn/base.py", line 650, in _validate_data
    X, y = check_X_y(X, y, **check_params)
  File "/common/ketrong/tpotexp/env/lib/python3.10/site-packages/sklearn/utils/validation.py", line 1301, in check_X_y
    X = check_array(
  File "/common/ketrong/tpotexp/env/lib/python3.10/site-packages/sklearn/utils/validation.py", line 1064, in check_array
    _assert_all_finite(
  File "/common/ketrong/tpotexp/env/lib/python3.10/site-packages/sklearn/utils/validation.py", line 123, in _assert_all_finite
    _assert_all_finite_element_wise(
  File "/common/ketrong/tpotexp/env/lib/python3.10/site-packages/sklearn/utils/validation.py", line 172, in _assert_all_finite_element_wise
    raise ValueError(msg_err)
ValueError: Input X contains NaN.
SVR does not accept missing values encoded as NaN natively. For supervised learning, you might want to consider sklearn.ensemble.HistGradientBoostingClassifier and Regressor which accept missing values encoded as NaNs natively. Alternatively, it is possible to preprocess the data, for instance by using an imputer transformer in a pipeline or drop samples with missing values. See https://scikit-learn.org/stable/modules/impute.html You can find a list of all estimators that handle NaN values at the following page: https://scikit-learn.org/stable/modules/impute.html#estimators-that-handle-nan-values

WARNING THIS INDIVIDUAL CAUSED AND EXCEPTION 
 <tpot2.search_spaces.pipelines.sequential.SequentialPipelineIndividual object at 0x155474cd4c70> 
 Input X contains NaN.
LinearSVR does not accept missing values encoded as NaN natively. For supervised learning, you might want to consider sklearn.ensemble.HistGradientBoostingClassifier and Regressor which accept missing values encoded as NaNs natively. Alternatively, it is possible to preprocess the data, for instance by using an imputer transformer in a pipeline or drop samples with missing values. See https://scikit-learn.org/stable/modules/impute.html You can find a list of all estimators that handle NaN values at the following page: https://scikit-learn.org/stable/modules/impute.html#estimators-that-handle-nan-values 
 Traceback (most recent call last):
  File "/common/ketrong/tpotexp/tpot2/tpot2/utils/eval_utils.py", line 53, in objective_nan_wrapper
    value = func_timeout.func_timeout(timeout, objective_function, args=[individual], kwargs=objective_kwargs)
  File "/common/ketrong/tpotexp/env/lib/python3.10/site-packages/func_timeout/dafunc.py", line 108, in func_timeout
    raise_exception(exception)
  File "/common/ketrong/tpotexp/env/lib/python3.10/site-packages/func_timeout/py3_raise.py", line 7, in raise_exception
    raise exception[0] from None
  File "/common/ketrong/tpotexp/tpot2/tpot2/tpot_estimator/estimator.py", line 623, in objective_function
    return objective_function_generator(
  File "/common/ketrong/tpotexp/tpot2/tpot2/tpot_estimator/estimator_utils.py", line 55, in objective_function_generator
    cv_obj_scores = cross_val_score_objective(sklearn.base.clone(pipeline),x,y,scorers=scorers, cv=cv , fold=step)
  File "/common/ketrong/tpotexp/tpot2/tpot2/tpot_estimator/cross_val_utils.py", line 31, in cross_val_score_objective
    this_fold_scores = [sklearn.metrics.get_scorer(scorer)(this_fold_pipeline, X_test, y_test) for scorer in scorers]
  File "/common/ketrong/tpotexp/tpot2/tpot2/tpot_estimator/cross_val_utils.py", line 31, in <listcomp>
    this_fold_scores = [sklearn.metrics.get_scorer(scorer)(this_fold_pipeline, X_test, y_test) for scorer in scorers]
  File "/common/ketrong/tpotexp/env/lib/python3.10/site-packages/sklearn/metrics/_scorer.py", line 279, in __call__
    return self._score(partial(_cached_call, None), estimator, X, y_true, **_kwargs)
  File "/common/ketrong/tpotexp/env/lib/python3.10/site-packages/sklearn/metrics/_scorer.py", line 371, in _score
    y_pred = method_caller(
  File "/common/ketrong/tpotexp/env/lib/python3.10/site-packages/sklearn/metrics/_scorer.py", line 89, in _cached_call
    result, _ = _get_response_values(
  File "/common/ketrong/tpotexp/env/lib/python3.10/site-packages/sklearn/utils/_response.py", line 239, in _get_response_values
    y_pred, pos_label = prediction_method(X), None
  File "/common/ketrong/tpotexp/env/lib/python3.10/site-packages/sklearn/pipeline.py", line 601, in predict
    return self.steps[-1][1].predict(Xt, **params)
  File "/common/ketrong/tpotexp/env/lib/python3.10/site-packages/sklearn/linear_model/_base.py", line 306, in predict
    return self._decision_function(X)
  File "/common/ketrong/tpotexp/env/lib/python3.10/site-packages/sklearn/linear_model/_base.py", line 285, in _decision_function
    X = self._validate_data(X, accept_sparse=["csr", "csc", "coo"], reset=False)
  File "/common/ketrong/tpotexp/env/lib/python3.10/site-packages/sklearn/base.py", line 633, in _validate_data
    out = check_array(X, input_name="X", **check_params)
  File "/common/ketrong/tpotexp/env/lib/python3.10/site-packages/sklearn/utils/validation.py", line 1064, in check_array
    _assert_all_finite(
  File "/common/ketrong/tpotexp/env/lib/python3.10/site-packages/sklearn/utils/validation.py", line 123, in _assert_all_finite
    _assert_all_finite_element_wise(
  File "/common/ketrong/tpotexp/env/lib/python3.10/site-packages/sklearn/utils/validation.py", line 172, in _assert_all_finite_element_wise
    raise ValueError(msg_err)
ValueError: Input X contains NaN.
LinearSVR does not accept missing values encoded as NaN natively. For supervised learning, you might want to consider sklearn.ensemble.HistGradientBoostingClassifier and Regressor which accept missing values encoded as NaNs natively. Alternatively, it is possible to preprocess the data, for instance by using an imputer transformer in a pipeline or drop samples with missing values. See https://scikit-learn.org/stable/modules/impute.html You can find a list of all estimators that handle NaN values at the following page: https://scikit-learn.org/stable/modules/impute.html#estimators-that-handle-nan-values

Generation:  1
Best root_mean_squared_error score: -0.04306917024354464
Generation:   4%|         | 1/25 [07:50<3:08:06, 470.25s/it]WARNING THIS INDIVIDUAL CAUSED AND EXCEPTION 
 <tpot2.search_spaces.pipelines.sequential.SequentialPipelineIndividual object at 0x155474cd6b90> 
 The 'criterion' parameter of DecisionTreeRegressor must be a str among {'friedman_mse', 'poisson', 'absolute_error', 'squared_error'}. Got 'mae' instead. 
 Traceback (most recent call last):
  File "/common/ketrong/tpotexp/tpot2/tpot2/utils/eval_utils.py", line 53, in objective_nan_wrapper
    value = func_timeout.func_timeout(timeout, objective_function, args=[individual], kwargs=objective_kwargs)
  File "/common/ketrong/tpotexp/env/lib/python3.10/site-packages/func_timeout/dafunc.py", line 108, in func_timeout
    raise_exception(exception)
  File "/common/ketrong/tpotexp/env/lib/python3.10/site-packages/func_timeout/py3_raise.py", line 7, in raise_exception
    raise exception[0] from None
  File "/common/ketrong/tpotexp/tpot2/tpot2/tpot_estimator/estimator.py", line 623, in objective_function
    return objective_function_generator(
  File "/common/ketrong/tpotexp/tpot2/tpot2/tpot_estimator/estimator_utils.py", line 55, in objective_function_generator
    cv_obj_scores = cross_val_score_objective(sklearn.base.clone(pipeline),x,y,scorers=scorers, cv=cv , fold=step)
  File "/common/ketrong/tpotexp/tpot2/tpot2/tpot_estimator/cross_val_utils.py", line 28, in cross_val_score_objective
    this_fold_pipeline.fit(X_train,y_train)
  File "/common/ketrong/tpotexp/env/lib/python3.10/site-packages/sklearn/base.py", line 1473, in wrapper
    return fit_method(estimator, *args, **kwargs)
  File "/common/ketrong/tpotexp/env/lib/python3.10/site-packages/sklearn/pipeline.py", line 473, in fit
    self._final_estimator.fit(Xt, y, **last_step_params["fit"])
  File "/common/ketrong/tpotexp/env/lib/python3.10/site-packages/sklearn/base.py", line 1466, in wrapper
    estimator._validate_params()
  File "/common/ketrong/tpotexp/env/lib/python3.10/site-packages/sklearn/base.py", line 666, in _validate_params
    validate_parameter_constraints(
  File "/common/ketrong/tpotexp/env/lib/python3.10/site-packages/sklearn/utils/_param_validation.py", line 95, in validate_parameter_constraints
    raise InvalidParameterError(
sklearn.utils._param_validation.InvalidParameterError: The 'criterion' parameter of DecisionTreeRegressor must be a str among {'friedman_mse', 'poisson', 'absolute_error', 'squared_error'}. Got 'mae' instead.

Generation:  2
Best root_mean_squared_error score: -0.04243285202677566
Generation:   8%|         | 2/25 [15:36<2:59:16, 467.66s/it]Generation:  3
Best root_mean_squared_error score: -0.04243285202677566
Generation:  12%|        | 3/25 [23:15<2:50:04, 463.83s/it]WARNING THIS INDIVIDUAL CAUSED AND EXCEPTION 
 <tpot2.search_spaces.pipelines.sequential.SequentialPipelineIndividual object at 0x15545ff62d70> 
 The 'criterion' parameter of DecisionTreeRegressor must be a str among {'friedman_mse', 'poisson', 'absolute_error', 'squared_error'}. Got 'mae' instead. 
 Traceback (most recent call last):
  File "/common/ketrong/tpotexp/tpot2/tpot2/utils/eval_utils.py", line 53, in objective_nan_wrapper
    value = func_timeout.func_timeout(timeout, objective_function, args=[individual], kwargs=objective_kwargs)
  File "/common/ketrong/tpotexp/env/lib/python3.10/site-packages/func_timeout/dafunc.py", line 108, in func_timeout
    raise_exception(exception)
  File "/common/ketrong/tpotexp/env/lib/python3.10/site-packages/func_timeout/py3_raise.py", line 7, in raise_exception
    raise exception[0] from None
  File "/common/ketrong/tpotexp/tpot2/tpot2/tpot_estimator/estimator.py", line 623, in objective_function
    return objective_function_generator(
  File "/common/ketrong/tpotexp/tpot2/tpot2/tpot_estimator/estimator_utils.py", line 55, in objective_function_generator
    cv_obj_scores = cross_val_score_objective(sklearn.base.clone(pipeline),x,y,scorers=scorers, cv=cv , fold=step)
  File "/common/ketrong/tpotexp/tpot2/tpot2/tpot_estimator/cross_val_utils.py", line 28, in cross_val_score_objective
    this_fold_pipeline.fit(X_train,y_train)
  File "/common/ketrong/tpotexp/env/lib/python3.10/site-packages/sklearn/base.py", line 1473, in wrapper
    return fit_method(estimator, *args, **kwargs)
  File "/common/ketrong/tpotexp/env/lib/python3.10/site-packages/sklearn/pipeline.py", line 473, in fit
    self._final_estimator.fit(Xt, y, **last_step_params["fit"])
  File "/common/ketrong/tpotexp/env/lib/python3.10/site-packages/sklearn/base.py", line 1466, in wrapper
    estimator._validate_params()
  File "/common/ketrong/tpotexp/env/lib/python3.10/site-packages/sklearn/base.py", line 666, in _validate_params
    validate_parameter_constraints(
  File "/common/ketrong/tpotexp/env/lib/python3.10/site-packages/sklearn/utils/_param_validation.py", line 95, in validate_parameter_constraints
    raise InvalidParameterError(
sklearn.utils._param_validation.InvalidParameterError: The 'criterion' parameter of DecisionTreeRegressor must be a str among {'friedman_mse', 'poisson', 'absolute_error', 'squared_error'}. Got 'mae' instead.

Generation:  4
Best root_mean_squared_error score: -0.042328861956346234
Generation:  16%|        | 4/25 [23:41<1:41:49, 290.93s/it]WARNING THIS INDIVIDUAL CAUSED AND EXCEPTION 
 <tpot2.search_spaces.pipelines.sequential.SequentialPipelineIndividual object at 0x155474d73160> 
 The 'criterion' parameter of ExtraTreesRegressor must be a str among {'friedman_mse', 'poisson', 'absolute_error', 'squared_error'}. Got 'mae' instead. 
 Traceback (most recent call last):
  File "/common/ketrong/tpotexp/tpot2/tpot2/utils/eval_utils.py", line 53, in objective_nan_wrapper
    value = func_timeout.func_timeout(timeout, objective_function, args=[individual], kwargs=objective_kwargs)
  File "/common/ketrong/tpotexp/env/lib/python3.10/site-packages/func_timeout/dafunc.py", line 108, in func_timeout
    raise_exception(exception)
  File "/common/ketrong/tpotexp/env/lib/python3.10/site-packages/func_timeout/py3_raise.py", line 7, in raise_exception
    raise exception[0] from None
  File "/common/ketrong/tpotexp/tpot2/tpot2/tpot_estimator/estimator.py", line 623, in objective_function
    return objective_function_generator(
  File "/common/ketrong/tpotexp/tpot2/tpot2/tpot_estimator/estimator_utils.py", line 55, in objective_function_generator
    cv_obj_scores = cross_val_score_objective(sklearn.base.clone(pipeline),x,y,scorers=scorers, cv=cv , fold=step)
  File "/common/ketrong/tpotexp/tpot2/tpot2/tpot_estimator/cross_val_utils.py", line 28, in cross_val_score_objective
    this_fold_pipeline.fit(X_train,y_train)
  File "/common/ketrong/tpotexp/env/lib/python3.10/site-packages/sklearn/base.py", line 1473, in wrapper
    return fit_method(estimator, *args, **kwargs)
  File "/common/ketrong/tpotexp/env/lib/python3.10/site-packages/sklearn/pipeline.py", line 473, in fit
    self._final_estimator.fit(Xt, y, **last_step_params["fit"])
  File "/common/ketrong/tpotexp/env/lib/python3.10/site-packages/sklearn/base.py", line 1466, in wrapper
    estimator._validate_params()
  File "/common/ketrong/tpotexp/env/lib/python3.10/site-packages/sklearn/base.py", line 666, in _validate_params
    validate_parameter_constraints(
  File "/common/ketrong/tpotexp/env/lib/python3.10/site-packages/sklearn/utils/_param_validation.py", line 95, in validate_parameter_constraints
    raise InvalidParameterError(
sklearn.utils._param_validation.InvalidParameterError: The 'criterion' parameter of ExtraTreesRegressor must be a str among {'friedman_mse', 'poisson', 'absolute_error', 'squared_error'}. Got 'mae' instead.

Generation:  5
Best root_mean_squared_error score: -0.04193390078934159
Generation:  20%|        | 5/25 [31:27<1:58:04, 354.23s/it]WARNING THIS INDIVIDUAL CAUSED AND EXCEPTION 
 <tpot2.search_spaces.pipelines.sequential.SequentialPipelineIndividual object at 0x155474d4fd00> 
 The 'criterion' parameter of RandomForestRegressor must be a str among {'friedman_mse', 'poisson', 'absolute_error', 'squared_error'}. Got 'mae' instead. 
 Traceback (most recent call last):
  File "/common/ketrong/tpotexp/tpot2/tpot2/utils/eval_utils.py", line 53, in objective_nan_wrapper
    value = func_timeout.func_timeout(timeout, objective_function, args=[individual], kwargs=objective_kwargs)
  File "/common/ketrong/tpotexp/env/lib/python3.10/site-packages/func_timeout/dafunc.py", line 108, in func_timeout
    raise_exception(exception)
  File "/common/ketrong/tpotexp/env/lib/python3.10/site-packages/func_timeout/py3_raise.py", line 7, in raise_exception
    raise exception[0] from None
  File "/common/ketrong/tpotexp/tpot2/tpot2/tpot_estimator/estimator.py", line 623, in objective_function
    return objective_function_generator(
  File "/common/ketrong/tpotexp/tpot2/tpot2/tpot_estimator/estimator_utils.py", line 55, in objective_function_generator
    cv_obj_scores = cross_val_score_objective(sklearn.base.clone(pipeline),x,y,scorers=scorers, cv=cv , fold=step)
  File "/common/ketrong/tpotexp/tpot2/tpot2/tpot_estimator/cross_val_utils.py", line 28, in cross_val_score_objective
    this_fold_pipeline.fit(X_train,y_train)
  File "/common/ketrong/tpotexp/env/lib/python3.10/site-packages/sklearn/base.py", line 1473, in wrapper
    return fit_method(estimator, *args, **kwargs)
  File "/common/ketrong/tpotexp/env/lib/python3.10/site-packages/sklearn/pipeline.py", line 473, in fit
    self._final_estimator.fit(Xt, y, **last_step_params["fit"])
  File "/common/ketrong/tpotexp/env/lib/python3.10/site-packages/sklearn/base.py", line 1466, in wrapper
    estimator._validate_params()
  File "/common/ketrong/tpotexp/env/lib/python3.10/site-packages/sklearn/base.py", line 666, in _validate_params
    validate_parameter_constraints(
  File "/common/ketrong/tpotexp/env/lib/python3.10/site-packages/sklearn/utils/_param_validation.py", line 95, in validate_parameter_constraints
    raise InvalidParameterError(
sklearn.utils._param_validation.InvalidParameterError: The 'criterion' parameter of RandomForestRegressor must be a str among {'friedman_mse', 'poisson', 'absolute_error', 'squared_error'}. Got 'mae' instead.

Generation:  6
Best root_mean_squared_error score: -0.04193390078934159
Generation:  24%|       | 6/25 [39:18<2:04:40, 393.70s/it]Generation:  7
Best root_mean_squared_error score: -0.041853087073456315
Generation:  28%|       | 7/25 [47:07<2:05:33, 418.51s/it]Generation:  8
Best root_mean_squared_error score: -0.041853087073456315
Generation:  32%|      | 8/25 [54:54<2:02:57, 433.94s/it]Generation:  9
Best root_mean_squared_error score: -0.041853087073456315
Generation:  36%|      | 9/25 [1:02:51<1:59:17, 447.37s/it]Generation:  10
Best root_mean_squared_error score: -0.041853087073456315
Generation:  40%|      | 10/25 [1:10:39<1:53:24, 453.65s/it]Generation:  11
Best root_mean_squared_error score: -0.04144490464592694
Generation:  44%|     | 11/25 [1:18:47<1:48:17, 464.14s/it]Generation:  12
Best root_mean_squared_error score: -0.04144490464592694
Generation:  48%|     | 12/25 [1:26:32<1:40:39, 464.59s/it]Generation:  13
Best root_mean_squared_error score: -0.04144490464592694
Generation:  52%|    | 13/25 [1:34:24<1:33:21, 466.79s/it]Generation:  14
Best root_mean_squared_error score: -0.04144490464592694
Generation:  56%|    | 14/25 [1:42:11<1:25:36, 466.92s/it]Generation:  15
Best root_mean_squared_error score: -0.04144490464592694
Generation:  60%|    | 15/25 [1:50:12<1:18:29, 470.92s/it]WARNING THIS INDIVIDUAL CAUSED AND EXCEPTION 
 <tpot2.search_spaces.pipelines.sequential.SequentialPipelineIndividual object at 0x15545f900d60> 
 The 'criterion' parameter of ExtraTreesRegressor must be a str among {'friedman_mse', 'poisson', 'absolute_error', 'squared_error'}. Got 'mae' instead. 
 Traceback (most recent call last):
  File "/common/ketrong/tpotexp/tpot2/tpot2/utils/eval_utils.py", line 53, in objective_nan_wrapper
    value = func_timeout.func_timeout(timeout, objective_function, args=[individual], kwargs=objective_kwargs)
  File "/common/ketrong/tpotexp/env/lib/python3.10/site-packages/func_timeout/dafunc.py", line 108, in func_timeout
    raise_exception(exception)
  File "/common/ketrong/tpotexp/env/lib/python3.10/site-packages/func_timeout/py3_raise.py", line 7, in raise_exception
    raise exception[0] from None
  File "/common/ketrong/tpotexp/tpot2/tpot2/tpot_estimator/estimator.py", line 623, in objective_function
    return objective_function_generator(
  File "/common/ketrong/tpotexp/tpot2/tpot2/tpot_estimator/estimator_utils.py", line 55, in objective_function_generator
    cv_obj_scores = cross_val_score_objective(sklearn.base.clone(pipeline),x,y,scorers=scorers, cv=cv , fold=step)
  File "/common/ketrong/tpotexp/tpot2/tpot2/tpot_estimator/cross_val_utils.py", line 28, in cross_val_score_objective
    this_fold_pipeline.fit(X_train,y_train)
  File "/common/ketrong/tpotexp/env/lib/python3.10/site-packages/sklearn/base.py", line 1473, in wrapper
    return fit_method(estimator, *args, **kwargs)
  File "/common/ketrong/tpotexp/env/lib/python3.10/site-packages/sklearn/pipeline.py", line 473, in fit
    self._final_estimator.fit(Xt, y, **last_step_params["fit"])
  File "/common/ketrong/tpotexp/env/lib/python3.10/site-packages/sklearn/base.py", line 1466, in wrapper
    estimator._validate_params()
  File "/common/ketrong/tpotexp/env/lib/python3.10/site-packages/sklearn/base.py", line 666, in _validate_params
    validate_parameter_constraints(
  File "/common/ketrong/tpotexp/env/lib/python3.10/site-packages/sklearn/utils/_param_validation.py", line 95, in validate_parameter_constraints
    raise InvalidParameterError(
sklearn.utils._param_validation.InvalidParameterError: The 'criterion' parameter of ExtraTreesRegressor must be a str among {'friedman_mse', 'poisson', 'absolute_error', 'squared_error'}. Got 'mae' instead.

Generation:  16
Best root_mean_squared_error score: -0.04144490464592694
Generation:  64%|   | 16/25 [1:58:05<1:10:45, 471.69s/it]WARNING THIS INDIVIDUAL CAUSED AND EXCEPTION 
 <tpot2.search_spaces.pipelines.sequential.SequentialPipelineIndividual object at 0x155474d4f9d0> 
 The 'criterion' parameter of RandomForestRegressor must be a str among {'friedman_mse', 'poisson', 'absolute_error', 'squared_error'}. Got 'mae' instead. 
 Traceback (most recent call last):
  File "/common/ketrong/tpotexp/tpot2/tpot2/utils/eval_utils.py", line 53, in objective_nan_wrapper
    value = func_timeout.func_timeout(timeout, objective_function, args=[individual], kwargs=objective_kwargs)
  File "/common/ketrong/tpotexp/env/lib/python3.10/site-packages/func_timeout/dafunc.py", line 108, in func_timeout
    raise_exception(exception)
  File "/common/ketrong/tpotexp/env/lib/python3.10/site-packages/func_timeout/py3_raise.py", line 7, in raise_exception
    raise exception[0] from None
  File "/common/ketrong/tpotexp/tpot2/tpot2/tpot_estimator/estimator.py", line 623, in objective_function
    return objective_function_generator(
  File "/common/ketrong/tpotexp/tpot2/tpot2/tpot_estimator/estimator_utils.py", line 55, in objective_function_generator
    cv_obj_scores = cross_val_score_objective(sklearn.base.clone(pipeline),x,y,scorers=scorers, cv=cv , fold=step)
  File "/common/ketrong/tpotexp/tpot2/tpot2/tpot_estimator/cross_val_utils.py", line 28, in cross_val_score_objective
    this_fold_pipeline.fit(X_train,y_train)
  File "/common/ketrong/tpotexp/env/lib/python3.10/site-packages/sklearn/base.py", line 1473, in wrapper
    return fit_method(estimator, *args, **kwargs)
  File "/common/ketrong/tpotexp/env/lib/python3.10/site-packages/sklearn/pipeline.py", line 473, in fit
    self._final_estimator.fit(Xt, y, **last_step_params["fit"])
  File "/common/ketrong/tpotexp/env/lib/python3.10/site-packages/sklearn/base.py", line 1466, in wrapper
    estimator._validate_params()
  File "/common/ketrong/tpotexp/env/lib/python3.10/site-packages/sklearn/base.py", line 666, in _validate_params
    validate_parameter_constraints(
  File "/common/ketrong/tpotexp/env/lib/python3.10/site-packages/sklearn/utils/_param_validation.py", line 95, in validate_parameter_constraints
    raise InvalidParameterError(
sklearn.utils._param_validation.InvalidParameterError: The 'criterion' parameter of RandomForestRegressor must be a str among {'friedman_mse', 'poisson', 'absolute_error', 'squared_error'}. Got 'mae' instead.

WARNING AN INDIVIDUAL TIMED OUT: 
 <tpot2.search_spaces.pipelines.sequential.SequentialPipelineIndividual object at 0x15545739b730> 

Generation:  17
Best root_mean_squared_error score: -0.04144490464592694
Generation:  68%|   | 17/25 [2:08:09<1:08:11, 511.44s/it]Generation:  18
Best root_mean_squared_error score: -0.04144490464592694
Generation:  72%|  | 18/25 [2:16:21<58:58, 505.49s/it]  WARNING THIS INDIVIDUAL CAUSED AND EXCEPTION 
 <tpot2.search_spaces.pipelines.sequential.SequentialPipelineIndividual object at 0x155474d16080> 
 The 'criterion' parameter of RandomForestRegressor must be a str among {'friedman_mse', 'poisson', 'absolute_error', 'squared_error'}. Got 'mae' instead. 
 Traceback (most recent call last):
  File "/common/ketrong/tpotexp/tpot2/tpot2/utils/eval_utils.py", line 53, in objective_nan_wrapper
    value = func_timeout.func_timeout(timeout, objective_function, args=[individual], kwargs=objective_kwargs)
  File "/common/ketrong/tpotexp/env/lib/python3.10/site-packages/func_timeout/dafunc.py", line 108, in func_timeout
    raise_exception(exception)
  File "/common/ketrong/tpotexp/env/lib/python3.10/site-packages/func_timeout/py3_raise.py", line 7, in raise_exception
    raise exception[0] from None
  File "/common/ketrong/tpotexp/tpot2/tpot2/tpot_estimator/estimator.py", line 623, in objective_function
    return objective_function_generator(
  File "/common/ketrong/tpotexp/tpot2/tpot2/tpot_estimator/estimator_utils.py", line 55, in objective_function_generator
    cv_obj_scores = cross_val_score_objective(sklearn.base.clone(pipeline),x,y,scorers=scorers, cv=cv , fold=step)
  File "/common/ketrong/tpotexp/tpot2/tpot2/tpot_estimator/cross_val_utils.py", line 28, in cross_val_score_objective
    this_fold_pipeline.fit(X_train,y_train)
  File "/common/ketrong/tpotexp/env/lib/python3.10/site-packages/sklearn/base.py", line 1473, in wrapper
    return fit_method(estimator, *args, **kwargs)
  File "/common/ketrong/tpotexp/env/lib/python3.10/site-packages/sklearn/pipeline.py", line 473, in fit
    self._final_estimator.fit(Xt, y, **last_step_params["fit"])
  File "/common/ketrong/tpotexp/env/lib/python3.10/site-packages/sklearn/base.py", line 1466, in wrapper
    estimator._validate_params()
  File "/common/ketrong/tpotexp/env/lib/python3.10/site-packages/sklearn/base.py", line 666, in _validate_params
    validate_parameter_constraints(
  File "/common/ketrong/tpotexp/env/lib/python3.10/site-packages/sklearn/utils/_param_validation.py", line 95, in validate_parameter_constraints
    raise InvalidParameterError(
sklearn.utils._param_validation.InvalidParameterError: The 'criterion' parameter of RandomForestRegressor must be a str among {'friedman_mse', 'poisson', 'absolute_error', 'squared_error'}. Got 'mae' instead.

Generation:  19
Best root_mean_squared_error score: -0.04144490464592694
Generation:  76%|  | 19/25 [2:24:08<49:24, 494.13s/it]Generation:  20
Best root_mean_squared_error score: -0.04144490464592694
Generation:  80%|  | 20/25 [2:32:18<41:04, 492.83s/it]Generation:  21
Best root_mean_squared_error score: -0.041430558064995994
Generation:  84%| | 21/25 [2:40:25<32:43, 490.96s/it]Generation:  22
Best root_mean_squared_error score: -0.041430558064995994
Generation:  88%| | 22/25 [2:48:33<24:30, 490.06s/it]Generation:  23
Best root_mean_squared_error score: -0.04137772941351513
Generation:  92%|| 23/25 [2:56:30<16:12, 486.21s/it]WARNING THIS INDIVIDUAL CAUSED AND EXCEPTION 
 <tpot2.search_spaces.pipelines.sequential.SequentialPipelineIndividual object at 0x15545727d9c0> 
 The 'criterion' parameter of DecisionTreeRegressor must be a str among {'friedman_mse', 'poisson', 'absolute_error', 'squared_error'}. Got 'mae' instead. 
 Traceback (most recent call last):
  File "/common/ketrong/tpotexp/tpot2/tpot2/utils/eval_utils.py", line 53, in objective_nan_wrapper
    value = func_timeout.func_timeout(timeout, objective_function, args=[individual], kwargs=objective_kwargs)
  File "/common/ketrong/tpotexp/env/lib/python3.10/site-packages/func_timeout/dafunc.py", line 108, in func_timeout
    raise_exception(exception)
  File "/common/ketrong/tpotexp/env/lib/python3.10/site-packages/func_timeout/py3_raise.py", line 7, in raise_exception
    raise exception[0] from None
  File "/common/ketrong/tpotexp/tpot2/tpot2/tpot_estimator/estimator.py", line 623, in objective_function
    return objective_function_generator(
  File "/common/ketrong/tpotexp/tpot2/tpot2/tpot_estimator/estimator_utils.py", line 55, in objective_function_generator
    cv_obj_scores = cross_val_score_objective(sklearn.base.clone(pipeline),x,y,scorers=scorers, cv=cv , fold=step)
  File "/common/ketrong/tpotexp/tpot2/tpot2/tpot_estimator/cross_val_utils.py", line 28, in cross_val_score_objective
    this_fold_pipeline.fit(X_train,y_train)
  File "/common/ketrong/tpotexp/env/lib/python3.10/site-packages/sklearn/base.py", line 1473, in wrapper
    return fit_method(estimator, *args, **kwargs)
  File "/common/ketrong/tpotexp/env/lib/python3.10/site-packages/sklearn/pipeline.py", line 473, in fit
    self._final_estimator.fit(Xt, y, **last_step_params["fit"])
  File "/common/ketrong/tpotexp/env/lib/python3.10/site-packages/sklearn/base.py", line 1466, in wrapper
    estimator._validate_params()
  File "/common/ketrong/tpotexp/env/lib/python3.10/site-packages/sklearn/base.py", line 666, in _validate_params
    validate_parameter_constraints(
  File "/common/ketrong/tpotexp/env/lib/python3.10/site-packages/sklearn/utils/_param_validation.py", line 95, in validate_parameter_constraints
    raise InvalidParameterError(
sklearn.utils._param_validation.InvalidParameterError: The 'criterion' parameter of DecisionTreeRegressor must be a str among {'friedman_mse', 'poisson', 'absolute_error', 'squared_error'}. Got 'mae' instead.

WARNING THIS INDIVIDUAL CAUSED AND EXCEPTION 
 <tpot2.search_spaces.pipelines.sequential.SequentialPipelineIndividual object at 0x155454c091e0> 
 The 'criterion' parameter of RandomForestRegressor must be a str among {'friedman_mse', 'poisson', 'absolute_error', 'squared_error'}. Got 'mae' instead. 
 Traceback (most recent call last):
  File "/common/ketrong/tpotexp/tpot2/tpot2/utils/eval_utils.py", line 53, in objective_nan_wrapper
    value = func_timeout.func_timeout(timeout, objective_function, args=[individual], kwargs=objective_kwargs)
  File "/common/ketrong/tpotexp/env/lib/python3.10/site-packages/func_timeout/dafunc.py", line 108, in func_timeout
    raise_exception(exception)
  File "/common/ketrong/tpotexp/env/lib/python3.10/site-packages/func_timeout/py3_raise.py", line 7, in raise_exception
    raise exception[0] from None
  File "/common/ketrong/tpotexp/tpot2/tpot2/tpot_estimator/estimator.py", line 623, in objective_function
    return objective_function_generator(
  File "/common/ketrong/tpotexp/tpot2/tpot2/tpot_estimator/estimator_utils.py", line 55, in objective_function_generator
    cv_obj_scores = cross_val_score_objective(sklearn.base.clone(pipeline),x,y,scorers=scorers, cv=cv , fold=step)
  File "/common/ketrong/tpotexp/tpot2/tpot2/tpot_estimator/cross_val_utils.py", line 28, in cross_val_score_objective
    this_fold_pipeline.fit(X_train,y_train)
  File "/common/ketrong/tpotexp/env/lib/python3.10/site-packages/sklearn/base.py", line 1473, in wrapper
    return fit_method(estimator, *args, **kwargs)
  File "/common/ketrong/tpotexp/env/lib/python3.10/site-packages/sklearn/pipeline.py", line 473, in fit
    self._final_estimator.fit(Xt, y, **last_step_params["fit"])
  File "/common/ketrong/tpotexp/env/lib/python3.10/site-packages/sklearn/base.py", line 1466, in wrapper
    estimator._validate_params()
  File "/common/ketrong/tpotexp/env/lib/python3.10/site-packages/sklearn/base.py", line 666, in _validate_params
    validate_parameter_constraints(
  File "/common/ketrong/tpotexp/env/lib/python3.10/site-packages/sklearn/utils/_param_validation.py", line 95, in validate_parameter_constraints
    raise InvalidParameterError(
sklearn.utils._param_validation.InvalidParameterError: The 'criterion' parameter of RandomForestRegressor must be a str among {'friedman_mse', 'poisson', 'absolute_error', 'squared_error'}. Got 'mae' instead.

Generation:  24
Best root_mean_squared_error score: -0.04137772941351513
Generation:  96%|| 24/25 [3:04:38<08:06, 486.80s/it]WARNING THIS INDIVIDUAL CAUSED AND EXCEPTION 
 <tpot2.search_spaces.pipelines.sequential.SequentialPipelineIndividual object at 0x15545d3e2e00> 
 The 'criterion' parameter of RandomForestRegressor must be a str among {'friedman_mse', 'poisson', 'absolute_error', 'squared_error'}. Got 'mae' instead. 
 Traceback (most recent call last):
  File "/common/ketrong/tpotexp/tpot2/tpot2/utils/eval_utils.py", line 53, in objective_nan_wrapper
    value = func_timeout.func_timeout(timeout, objective_function, args=[individual], kwargs=objective_kwargs)
  File "/common/ketrong/tpotexp/env/lib/python3.10/site-packages/func_timeout/dafunc.py", line 108, in func_timeout
    raise_exception(exception)
  File "/common/ketrong/tpotexp/env/lib/python3.10/site-packages/func_timeout/py3_raise.py", line 7, in raise_exception
    raise exception[0] from None
  File "/common/ketrong/tpotexp/tpot2/tpot2/tpot_estimator/estimator.py", line 623, in objective_function
    return objective_function_generator(
  File "/common/ketrong/tpotexp/tpot2/tpot2/tpot_estimator/estimator_utils.py", line 55, in objective_function_generator
    cv_obj_scores = cross_val_score_objective(sklearn.base.clone(pipeline),x,y,scorers=scorers, cv=cv , fold=step)
  File "/common/ketrong/tpotexp/tpot2/tpot2/tpot_estimator/cross_val_utils.py", line 28, in cross_val_score_objective
    this_fold_pipeline.fit(X_train,y_train)
  File "/common/ketrong/tpotexp/env/lib/python3.10/site-packages/sklearn/base.py", line 1473, in wrapper
    return fit_method(estimator, *args, **kwargs)
  File "/common/ketrong/tpotexp/env/lib/python3.10/site-packages/sklearn/pipeline.py", line 473, in fit
    self._final_estimator.fit(Xt, y, **last_step_params["fit"])
  File "/common/ketrong/tpotexp/env/lib/python3.10/site-packages/sklearn/base.py", line 1466, in wrapper
    estimator._validate_params()
  File "/common/ketrong/tpotexp/env/lib/python3.10/site-packages/sklearn/base.py", line 666, in _validate_params
    validate_parameter_constraints(
  File "/common/ketrong/tpotexp/env/lib/python3.10/site-packages/sklearn/utils/_param_validation.py", line 95, in validate_parameter_constraints
    raise InvalidParameterError(
sklearn.utils._param_validation.InvalidParameterError: The 'criterion' parameter of RandomForestRegressor must be a str among {'friedman_mse', 'poisson', 'absolute_error', 'squared_error'}. Got 'mae' instead.

WARNING THIS INDIVIDUAL CAUSED AND EXCEPTION 
 <tpot2.search_spaces.pipelines.sequential.SequentialPipelineIndividual object at 0x155452e2c610> 
 The 'criterion' parameter of ExtraTreesRegressor must be a str among {'friedman_mse', 'poisson', 'absolute_error', 'squared_error'}. Got 'mae' instead. 
 Traceback (most recent call last):
  File "/common/ketrong/tpotexp/tpot2/tpot2/utils/eval_utils.py", line 53, in objective_nan_wrapper
    value = func_timeout.func_timeout(timeout, objective_function, args=[individual], kwargs=objective_kwargs)
  File "/common/ketrong/tpotexp/env/lib/python3.10/site-packages/func_timeout/dafunc.py", line 108, in func_timeout
    raise_exception(exception)
  File "/common/ketrong/tpotexp/env/lib/python3.10/site-packages/func_timeout/py3_raise.py", line 7, in raise_exception
    raise exception[0] from None
  File "/common/ketrong/tpotexp/tpot2/tpot2/tpot_estimator/estimator.py", line 623, in objective_function
    return objective_function_generator(
  File "/common/ketrong/tpotexp/tpot2/tpot2/tpot_estimator/estimator_utils.py", line 55, in objective_function_generator
    cv_obj_scores = cross_val_score_objective(sklearn.base.clone(pipeline),x,y,scorers=scorers, cv=cv , fold=step)
  File "/common/ketrong/tpotexp/tpot2/tpot2/tpot_estimator/cross_val_utils.py", line 28, in cross_val_score_objective
    this_fold_pipeline.fit(X_train,y_train)
  File "/common/ketrong/tpotexp/env/lib/python3.10/site-packages/sklearn/base.py", line 1473, in wrapper
    return fit_method(estimator, *args, **kwargs)
  File "/common/ketrong/tpotexp/env/lib/python3.10/site-packages/sklearn/pipeline.py", line 473, in fit
    self._final_estimator.fit(Xt, y, **last_step_params["fit"])
  File "/common/ketrong/tpotexp/env/lib/python3.10/site-packages/sklearn/base.py", line 1466, in wrapper
    estimator._validate_params()
  File "/common/ketrong/tpotexp/env/lib/python3.10/site-packages/sklearn/base.py", line 666, in _validate_params
    validate_parameter_constraints(
  File "/common/ketrong/tpotexp/env/lib/python3.10/site-packages/sklearn/utils/_param_validation.py", line 95, in validate_parameter_constraints
    raise InvalidParameterError(
sklearn.utils._param_validation.InvalidParameterError: The 'criterion' parameter of ExtraTreesRegressor must be a str among {'friedman_mse', 'poisson', 'absolute_error', 'squared_error'}. Got 'mae' instead.

Generation:  25
Best root_mean_squared_error score: -0.04137772941351513
Generation: 100%|| 25/25 [3:12:33<00:00, 483.19s/it]Generation: 100%|| 25/25 [3:12:33<00:00, 462.13s/it]
2024-10-09 04:51:35,277 - distributed.scheduler - ERROR - Removing worker 'tcp://127.0.0.1:45607' caused the cluster to lose scattered data, which can't be recovered: {'DataFrame-d6c8d16e318d9cff2690919466cd0202', 'DataFrame-9f575405dd824ee444b27dd6207c87af'} (stimulus_id='handle-worker-cleanup-1728474695.277259')
Fitted
Pipeline(steps=[('iterativeimputer',
                 IterativeImputer(estimator=RandomForestRegressor(),
                                  imputation_order='arabic',
                                  initial_strategy='most_frequent',
                                  n_nearest_features=83)),
                ('lgbmregressor',
                 LGBMRegressor(boosting_type='goss', max_depth=5,
                               n_estimators=36, n_jobs=1, num_leaves=194,
                               verbose=-1))])
transform worked
try transform
transform worked
score start
train score: {'explained_var': 0.4630192655255162, 'r2': 0.46301260806145106, 'rmse': 0.03875668413125623}
test score: {'explained_var': 0.24009064427089422, 'r2': 0.24008964424237045, 'rmse': 0.046523040890982775}
original test score: {'explained_var': 0.5883062405243491, 'r2': 0.5841565587542208, 'rmse': 0.03441532224639366}
score end
23515
lvl
0.5
type
MCAR
num_run
3
reg_full
finished
all finished
full run takes
16.399410441385374
hours
DONE
