Run: 1
/cm/local/apps/slurm/var/spool/job922682/slurm_script: line 27: 
pip install -e tpot2
pip install -r tpot2/ImputerExperiments/requirements_.txt
: No such file or directory
RunStart
197reg_full_MAR_0.01_1/ failed
'explained_var'
Traceback (most recent call last):
  File "/common/ketrong/tpotexp/tpot2/ImputerExperiments/Locally_run_code/viewreg.py", line 76, in <module>
    print(est['train_score']['explained_var'])
KeyError: 'explained_var'

197reg_full_MAR_0.01_2/ failed
[Errno 2] No such file or directory: '/common/ketrong/tpotexp/tpot2/ImputerExperiments/data/r/197/reg_full_MAR_0.01_2/all_scores.pkl'
Traceback (most recent call last):
  File "/common/ketrong/tpotexp/tpot2/ImputerExperiments/Locally_run_code/viewreg.py", line 65, in <module>
    with open(normalpath + 'all_scores.pkl', 'rb') as file:
FileNotFoundError: [Errno 2] No such file or directory: '/common/ketrong/tpotexp/tpot2/ImputerExperiments/data/r/197/reg_full_MAR_0.01_2/all_scores.pkl'

197reg_full_MAR_0.01_3/ failed
[Errno 2] No such file or directory: '/common/ketrong/tpotexp/tpot2/ImputerExperiments/data/r/197/reg_full_MAR_0.01_3/all_scores.pkl'
Traceback (most recent call last):
  File "/common/ketrong/tpotexp/tpot2/ImputerExperiments/Locally_run_code/viewreg.py", line 65, in <module>
    with open(normalpath + 'all_scores.pkl', 'rb') as file:
FileNotFoundError: [Errno 2] No such file or directory: '/common/ketrong/tpotexp/tpot2/ImputerExperiments/data/r/197/reg_full_MAR_0.01_3/all_scores.pkl'

197reg_full_MAR_0.1_1/ failed
'explained_var'
Traceback (most recent call last):
  File "/common/ketrong/tpotexp/tpot2/ImputerExperiments/Locally_run_code/viewreg.py", line 76, in <module>
    print(est['train_score']['explained_var'])
KeyError: 'explained_var'

197reg_full_MAR_0.1_2/ failed
[Errno 2] No such file or directory: '/common/ketrong/tpotexp/tpot2/ImputerExperiments/data/r/197/reg_full_MAR_0.1_2/all_scores.pkl'
Traceback (most recent call last):
  File "/common/ketrong/tpotexp/tpot2/ImputerExperiments/Locally_run_code/viewreg.py", line 65, in <module>
    with open(normalpath + 'all_scores.pkl', 'rb') as file:
FileNotFoundError: [Errno 2] No such file or directory: '/common/ketrong/tpotexp/tpot2/ImputerExperiments/data/r/197/reg_full_MAR_0.1_2/all_scores.pkl'

197reg_full_MAR_0.1_3/ failed
'explained_var'
Traceback (most recent call last):
  File "/common/ketrong/tpotexp/tpot2/ImputerExperiments/Locally_run_code/viewreg.py", line 76, in <module>
    print(est['train_score']['explained_var'])
KeyError: 'explained_var'

197reg_full_MAR_0.3_1/ failed
[Errno 2] No such file or directory: '/common/ketrong/tpotexp/tpot2/ImputerExperiments/data/r/197/reg_full_MAR_0.3_1/all_scores.pkl'
Traceback (most recent call last):
  File "/common/ketrong/tpotexp/tpot2/ImputerExperiments/Locally_run_code/viewreg.py", line 65, in <module>
    with open(normalpath + 'all_scores.pkl', 'rb') as file:
FileNotFoundError: [Errno 2] No such file or directory: '/common/ketrong/tpotexp/tpot2/ImputerExperiments/data/r/197/reg_full_MAR_0.3_1/all_scores.pkl'

197reg_full_MAR_0.3_2/ failed
'explained_var'
Traceback (most recent call last):
  File "/common/ketrong/tpotexp/tpot2/ImputerExperiments/Locally_run_code/viewreg.py", line 76, in <module>
    print(est['train_score']['explained_var'])
KeyError: 'explained_var'

197reg_full_MAR_0.3_3/ failed
[Errno 2] No such file or directory: '/common/ketrong/tpotexp/tpot2/ImputerExperiments/data/r/197/reg_full_MAR_0.3_3/all_scores.pkl'
Traceback (most recent call last):
  File "/common/ketrong/tpotexp/tpot2/ImputerExperiments/Locally_run_code/viewreg.py", line 65, in <module>
    with open(normalpath + 'all_scores.pkl', 'rb') as file:
FileNotFoundError: [Errno 2] No such file or directory: '/common/ketrong/tpotexp/tpot2/ImputerExperiments/data/r/197/reg_full_MAR_0.3_3/all_scores.pkl'

197reg_full_MAR_0.5_1/ failed
[Errno 2] No such file or directory: '/common/ketrong/tpotexp/tpot2/ImputerExperiments/data/r/197/reg_full_MAR_0.5_1/all_scores.pkl'
Traceback (most recent call last):
  File "/common/ketrong/tpotexp/tpot2/ImputerExperiments/Locally_run_code/viewreg.py", line 65, in <module>
    with open(normalpath + 'all_scores.pkl', 'rb') as file:
FileNotFoundError: [Errno 2] No such file or directory: '/common/ketrong/tpotexp/tpot2/ImputerExperiments/data/r/197/reg_full_MAR_0.5_1/all_scores.pkl'

197reg_full_MAR_0.5_2/ failed
[Errno 2] No such file or directory: '/common/ketrong/tpotexp/tpot2/ImputerExperiments/data/r/197/reg_full_MAR_0.5_2/all_scores.pkl'
Traceback (most recent call last):
  File "/common/ketrong/tpotexp/tpot2/ImputerExperiments/Locally_run_code/viewreg.py", line 65, in <module>
    with open(normalpath + 'all_scores.pkl', 'rb') as file:
FileNotFoundError: [Errno 2] No such file or directory: '/common/ketrong/tpotexp/tpot2/ImputerExperiments/data/r/197/reg_full_MAR_0.5_2/all_scores.pkl'

197reg_full_MAR_0.5_3/ failed
'explained_var'
Traceback (most recent call last):
  File "/common/ketrong/tpotexp/tpot2/ImputerExperiments/Locally_run_code/viewreg.py", line 76, in <module>
    print(est['train_score']['explained_var'])
KeyError: 'explained_var'

197reg_full_MCAR_0.01_1/ failed
[Errno 2] No such file or directory: '/common/ketrong/tpotexp/tpot2/ImputerExperiments/data/r/197/reg_full_MCAR_0.01_1/all_scores.pkl'
Traceback (most recent call last):
  File "/common/ketrong/tpotexp/tpot2/ImputerExperiments/Locally_run_code/viewreg.py", line 65, in <module>
    with open(normalpath + 'all_scores.pkl', 'rb') as file:
FileNotFoundError: [Errno 2] No such file or directory: '/common/ketrong/tpotexp/tpot2/ImputerExperiments/data/r/197/reg_full_MCAR_0.01_1/all_scores.pkl'

197reg_full_MCAR_0.01_2/ failed
[Errno 2] No such file or directory: '/common/ketrong/tpotexp/tpot2/ImputerExperiments/data/r/197/reg_full_MCAR_0.01_2/all_scores.pkl'
Traceback (most recent call last):
  File "/common/ketrong/tpotexp/tpot2/ImputerExperiments/Locally_run_code/viewreg.py", line 65, in <module>
    with open(normalpath + 'all_scores.pkl', 'rb') as file:
FileNotFoundError: [Errno 2] No such file or directory: '/common/ketrong/tpotexp/tpot2/ImputerExperiments/data/r/197/reg_full_MCAR_0.01_2/all_scores.pkl'

197reg_full_MCAR_0.01_3/ failed
'explained_var'
Traceback (most recent call last):
  File "/common/ketrong/tpotexp/tpot2/ImputerExperiments/Locally_run_code/viewreg.py", line 76, in <module>
    print(est['train_score']['explained_var'])
KeyError: 'explained_var'

197reg_full_MCAR_0.1_1/ failed
'explained_var'
Traceback (most recent call last):
  File "/common/ketrong/tpotexp/tpot2/ImputerExperiments/Locally_run_code/viewreg.py", line 76, in <module>
    print(est['train_score']['explained_var'])
KeyError: 'explained_var'

197reg_full_MCAR_0.1_2/ failed
'explained_var'
Traceback (most recent call last):
  File "/common/ketrong/tpotexp/tpot2/ImputerExperiments/Locally_run_code/viewreg.py", line 76, in <module>
    print(est['train_score']['explained_var'])
KeyError: 'explained_var'

197reg_full_MCAR_0.1_3/ failed
[Errno 2] No such file or directory: '/common/ketrong/tpotexp/tpot2/ImputerExperiments/data/r/197/reg_full_MCAR_0.1_3/all_scores.pkl'
Traceback (most recent call last):
  File "/common/ketrong/tpotexp/tpot2/ImputerExperiments/Locally_run_code/viewreg.py", line 65, in <module>
    with open(normalpath + 'all_scores.pkl', 'rb') as file:
FileNotFoundError: [Errno 2] No such file or directory: '/common/ketrong/tpotexp/tpot2/ImputerExperiments/data/r/197/reg_full_MCAR_0.1_3/all_scores.pkl'

197reg_full_MCAR_0.3_1/ failed
[Errno 2] No such file or directory: '/common/ketrong/tpotexp/tpot2/ImputerExperiments/data/r/197/reg_full_MCAR_0.3_1/all_scores.pkl'
Traceback (most recent call last):
  File "/common/ketrong/tpotexp/tpot2/ImputerExperiments/Locally_run_code/viewreg.py", line 65, in <module>
    with open(normalpath + 'all_scores.pkl', 'rb') as file:
FileNotFoundError: [Errno 2] No such file or directory: '/common/ketrong/tpotexp/tpot2/ImputerExperiments/data/r/197/reg_full_MCAR_0.3_1/all_scores.pkl'

197reg_full_MCAR_0.3_2/ failed
'explained_var'
Traceback (most recent call last):
  File "/common/ketrong/tpotexp/tpot2/ImputerExperiments/Locally_run_code/viewreg.py", line 76, in <module>
    print(est['train_score']['explained_var'])
KeyError: 'explained_var'

197reg_full_MCAR_0.3_3/ failed
[Errno 2] No such file or directory: '/common/ketrong/tpotexp/tpot2/ImputerExperiments/data/r/197/reg_full_MCAR_0.3_3/all_scores.pkl'
Traceback (most recent call last):
  File "/common/ketrong/tpotexp/tpot2/ImputerExperiments/Locally_run_code/viewreg.py", line 65, in <module>
    with open(normalpath + 'all_scores.pkl', 'rb') as file:
FileNotFoundError: [Errno 2] No such file or directory: '/common/ketrong/tpotexp/tpot2/ImputerExperiments/data/r/197/reg_full_MCAR_0.3_3/all_scores.pkl'

197reg_full_MCAR_0.5_1/ failed
'explained_var'
Traceback (most recent call last):
  File "/common/ketrong/tpotexp/tpot2/ImputerExperiments/Locally_run_code/viewreg.py", line 76, in <module>
    print(est['train_score']['explained_var'])
KeyError: 'explained_var'

197reg_full_MCAR_0.5_2/ failed
[Errno 2] No such file or directory: '/common/ketrong/tpotexp/tpot2/ImputerExperiments/data/r/197/reg_full_MCAR_0.5_2/all_scores.pkl'
Traceback (most recent call last):
  File "/common/ketrong/tpotexp/tpot2/ImputerExperiments/Locally_run_code/viewreg.py", line 65, in <module>
    with open(normalpath + 'all_scores.pkl', 'rb') as file:
FileNotFoundError: [Errno 2] No such file or directory: '/common/ketrong/tpotexp/tpot2/ImputerExperiments/data/r/197/reg_full_MCAR_0.5_2/all_scores.pkl'

197reg_full_MCAR_0.5_3/ failed
[Errno 2] No such file or directory: '/common/ketrong/tpotexp/tpot2/ImputerExperiments/data/r/197/reg_full_MCAR_0.5_3/all_scores.pkl'
Traceback (most recent call last):
  File "/common/ketrong/tpotexp/tpot2/ImputerExperiments/Locally_run_code/viewreg.py", line 65, in <module>
    with open(normalpath + 'all_scores.pkl', 'rb') as file:
FileNotFoundError: [Errno 2] No such file or directory: '/common/ketrong/tpotexp/tpot2/ImputerExperiments/data/r/197/reg_full_MCAR_0.5_3/all_scores.pkl'

197reg_full_MNAR_0.01_1/ failed
'explained_var'
Traceback (most recent call last):
  File "/common/ketrong/tpotexp/tpot2/ImputerExperiments/Locally_run_code/viewreg.py", line 76, in <module>
    print(est['train_score']['explained_var'])
KeyError: 'explained_var'

197reg_full_MNAR_0.01_2/ failed
'explained_var'
Traceback (most recent call last):
  File "/common/ketrong/tpotexp/tpot2/ImputerExperiments/Locally_run_code/viewreg.py", line 76, in <module>
    print(est['train_score']['explained_var'])
KeyError: 'explained_var'

197reg_full_MNAR_0.01_3/ failed
'explained_var'
Traceback (most recent call last):
  File "/common/ketrong/tpotexp/tpot2/ImputerExperiments/Locally_run_code/viewreg.py", line 76, in <module>
    print(est['train_score']['explained_var'])
KeyError: 'explained_var'

197reg_full_MNAR_0.1_1/ failed
[Errno 2] No such file or directory: '/common/ketrong/tpotexp/tpot2/ImputerExperiments/data/r/197/reg_full_MNAR_0.1_1/all_scores.pkl'
Traceback (most recent call last):
  File "/common/ketrong/tpotexp/tpot2/ImputerExperiments/Locally_run_code/viewreg.py", line 65, in <module>
    with open(normalpath + 'all_scores.pkl', 'rb') as file:
FileNotFoundError: [Errno 2] No such file or directory: '/common/ketrong/tpotexp/tpot2/ImputerExperiments/data/r/197/reg_full_MNAR_0.1_1/all_scores.pkl'

197reg_full_MNAR_0.1_2/ failed
'explained_var'
Traceback (most recent call last):
  File "/common/ketrong/tpotexp/tpot2/ImputerExperiments/Locally_run_code/viewreg.py", line 76, in <module>
    print(est['train_score']['explained_var'])
KeyError: 'explained_var'

197reg_full_MNAR_0.1_3/ failed
'explained_var'
Traceback (most recent call last):
  File "/common/ketrong/tpotexp/tpot2/ImputerExperiments/Locally_run_code/viewreg.py", line 76, in <module>
    print(est['train_score']['explained_var'])
KeyError: 'explained_var'

197reg_full_MNAR_0.3_1/ failed
'explained_var'
Traceback (most recent call last):
  File "/common/ketrong/tpotexp/tpot2/ImputerExperiments/Locally_run_code/viewreg.py", line 76, in <module>
    print(est['train_score']['explained_var'])
KeyError: 'explained_var'

197reg_full_MNAR_0.3_2/ failed
[Errno 2] No such file or directory: '/common/ketrong/tpotexp/tpot2/ImputerExperiments/data/r/197/reg_full_MNAR_0.3_2/all_scores.pkl'
Traceback (most recent call last):
  File "/common/ketrong/tpotexp/tpot2/ImputerExperiments/Locally_run_code/viewreg.py", line 65, in <module>
    with open(normalpath + 'all_scores.pkl', 'rb') as file:
FileNotFoundError: [Errno 2] No such file or directory: '/common/ketrong/tpotexp/tpot2/ImputerExperiments/data/r/197/reg_full_MNAR_0.3_2/all_scores.pkl'

197reg_full_MNAR_0.3_3/ failed
'explained_var'
Traceback (most recent call last):
  File "/common/ketrong/tpotexp/tpot2/ImputerExperiments/Locally_run_code/viewreg.py", line 76, in <module>
    print(est['train_score']['explained_var'])
KeyError: 'explained_var'

197reg_full_MNAR_0.5_1/ failed
'explained_var'
Traceback (most recent call last):
  File "/common/ketrong/tpotexp/tpot2/ImputerExperiments/Locally_run_code/viewreg.py", line 76, in <module>
    print(est['train_score']['explained_var'])
KeyError: 'explained_var'

197reg_full_MNAR_0.5_2/ failed
'explained_var'
Traceback (most recent call last):
  File "/common/ketrong/tpotexp/tpot2/ImputerExperiments/Locally_run_code/viewreg.py", line 76, in <module>
    print(est['train_score']['explained_var'])
KeyError: 'explained_var'

197reg_full_MNAR_0.5_3/ failed
[Errno 2] No such file or directory: '/common/ketrong/tpotexp/tpot2/ImputerExperiments/data/r/197/reg_full_MNAR_0.5_3/all_scores.pkl'
Traceback (most recent call last):
  File "/common/ketrong/tpotexp/tpot2/ImputerExperiments/Locally_run_code/viewreg.py", line 65, in <module>
    with open(normalpath + 'all_scores.pkl', 'rb') as file:
FileNotFoundError: [Errno 2] No such file or directory: '/common/ketrong/tpotexp/tpot2/ImputerExperiments/data/r/197/reg_full_MNAR_0.5_3/all_scores.pkl'

197reg_simple_MAR_0.01_1/ failed
'explained_var'
Traceback (most recent call last):
  File "/common/ketrong/tpotexp/tpot2/ImputerExperiments/Locally_run_code/viewreg.py", line 76, in <module>
    print(est['train_score']['explained_var'])
KeyError: 'explained_var'

197reg_simple_MAR_0.01_2/ failed
'explained_var'
Traceback (most recent call last):
  File "/common/ketrong/tpotexp/tpot2/ImputerExperiments/Locally_run_code/viewreg.py", line 76, in <module>
    print(est['train_score']['explained_var'])
KeyError: 'explained_var'

197reg_simple_MAR_0.01_3/ failed
'explained_var'
Traceback (most recent call last):
  File "/common/ketrong/tpotexp/tpot2/ImputerExperiments/Locally_run_code/viewreg.py", line 76, in <module>
    print(est['train_score']['explained_var'])
KeyError: 'explained_var'

197reg_simple_MAR_0.1_1/ failed
'explained_var'
Traceback (most recent call last):
  File "/common/ketrong/tpotexp/tpot2/ImputerExperiments/Locally_run_code/viewreg.py", line 76, in <module>
    print(est['train_score']['explained_var'])
KeyError: 'explained_var'

197reg_simple_MAR_0.1_2/ failed
'explained_var'
Traceback (most recent call last):
  File "/common/ketrong/tpotexp/tpot2/ImputerExperiments/Locally_run_code/viewreg.py", line 76, in <module>
    print(est['train_score']['explained_var'])
KeyError: 'explained_var'

197reg_simple_MAR_0.1_3/ failed
'explained_var'
Traceback (most recent call last):
  File "/common/ketrong/tpotexp/tpot2/ImputerExperiments/Locally_run_code/viewreg.py", line 76, in <module>
    print(est['train_score']['explained_var'])
KeyError: 'explained_var'

197reg_simple_MAR_0.3_1/ failed
'explained_var'
Traceback (most recent call last):
  File "/common/ketrong/tpotexp/tpot2/ImputerExperiments/Locally_run_code/viewreg.py", line 76, in <module>
    print(est['train_score']['explained_var'])
KeyError: 'explained_var'

197reg_simple_MAR_0.3_2/ failed
'explained_var'
Traceback (most recent call last):
  File "/common/ketrong/tpotexp/tpot2/ImputerExperiments/Locally_run_code/viewreg.py", line 76, in <module>
    print(est['train_score']['explained_var'])
KeyError: 'explained_var'

197reg_simple_MAR_0.3_3/ failed
'explained_var'
Traceback (most recent call last):
  File "/common/ketrong/tpotexp/tpot2/ImputerExperiments/Locally_run_code/viewreg.py", line 76, in <module>
    print(est['train_score']['explained_var'])
KeyError: 'explained_var'

197reg_simple_MAR_0.5_1/ failed
'explained_var'
Traceback (most recent call last):
  File "/common/ketrong/tpotexp/tpot2/ImputerExperiments/Locally_run_code/viewreg.py", line 76, in <module>
    print(est['train_score']['explained_var'])
KeyError: 'explained_var'

197reg_simple_MAR_0.5_2/ failed
'explained_var'
Traceback (most recent call last):
  File "/common/ketrong/tpotexp/tpot2/ImputerExperiments/Locally_run_code/viewreg.py", line 76, in <module>
    print(est['train_score']['explained_var'])
KeyError: 'explained_var'

197reg_simple_MAR_0.5_3/ failed
'explained_var'
Traceback (most recent call last):
  File "/common/ketrong/tpotexp/tpot2/ImputerExperiments/Locally_run_code/viewreg.py", line 76, in <module>
    print(est['train_score']['explained_var'])
KeyError: 'explained_var'

197reg_simple_MCAR_0.01_1/ failed
'explained_var'
Traceback (most recent call last):
  File "/common/ketrong/tpotexp/tpot2/ImputerExperiments/Locally_run_code/viewreg.py", line 76, in <module>
    print(est['train_score']['explained_var'])
KeyError: 'explained_var'

197reg_simple_MCAR_0.01_2/ failed
'explained_var'
Traceback (most recent call last):
  File "/common/ketrong/tpotexp/tpot2/ImputerExperiments/Locally_run_code/viewreg.py", line 76, in <module>
    print(est['train_score']['explained_var'])
KeyError: 'explained_var'

197reg_simple_MCAR_0.01_3/ failed
'explained_var'
Traceback (most recent call last):
  File "/common/ketrong/tpotexp/tpot2/ImputerExperiments/Locally_run_code/viewreg.py", line 76, in <module>
    print(est['train_score']['explained_var'])
KeyError: 'explained_var'

197reg_simple_MCAR_0.1_1/ failed
'explained_var'
Traceback (most recent call last):
  File "/common/ketrong/tpotexp/tpot2/ImputerExperiments/Locally_run_code/viewreg.py", line 76, in <module>
    print(est['train_score']['explained_var'])
KeyError: 'explained_var'

197reg_simple_MCAR_0.1_2/ failed
'explained_var'
Traceback (most recent call last):
  File "/common/ketrong/tpotexp/tpot2/ImputerExperiments/Locally_run_code/viewreg.py", line 76, in <module>
    print(est['train_score']['explained_var'])
KeyError: 'explained_var'

197reg_simple_MCAR_0.1_3/ failed
'explained_var'
Traceback (most recent call last):
  File "/common/ketrong/tpotexp/tpot2/ImputerExperiments/Locally_run_code/viewreg.py", line 76, in <module>
    print(est['train_score']['explained_var'])
KeyError: 'explained_var'

197reg_simple_MCAR_0.3_1/ failed
'explained_var'
Traceback (most recent call last):
  File "/common/ketrong/tpotexp/tpot2/ImputerExperiments/Locally_run_code/viewreg.py", line 76, in <module>
    print(est['train_score']['explained_var'])
KeyError: 'explained_var'

197reg_simple_MCAR_0.3_2/ failed
'explained_var'
Traceback (most recent call last):
  File "/common/ketrong/tpotexp/tpot2/ImputerExperiments/Locally_run_code/viewreg.py", line 76, in <module>
    print(est['train_score']['explained_var'])
KeyError: 'explained_var'

197reg_simple_MCAR_0.3_3/ failed
'explained_var'
Traceback (most recent call last):
  File "/common/ketrong/tpotexp/tpot2/ImputerExperiments/Locally_run_code/viewreg.py", line 76, in <module>
    print(est['train_score']['explained_var'])
KeyError: 'explained_var'

197reg_simple_MCAR_0.5_1/ failed
'explained_var'
Traceback (most recent call last):
  File "/common/ketrong/tpotexp/tpot2/ImputerExperiments/Locally_run_code/viewreg.py", line 76, in <module>
    print(est['train_score']['explained_var'])
KeyError: 'explained_var'

197reg_simple_MCAR_0.5_2/ failed
'explained_var'
Traceback (most recent call last):
  File "/common/ketrong/tpotexp/tpot2/ImputerExperiments/Locally_run_code/viewreg.py", line 76, in <module>
    print(est['train_score']['explained_var'])
KeyError: 'explained_var'

197reg_simple_MCAR_0.5_3/ failed
'explained_var'
Traceback (most recent call last):
  File "/common/ketrong/tpotexp/tpot2/ImputerExperiments/Locally_run_code/viewreg.py", line 76, in <module>
    print(est['train_score']['explained_var'])
KeyError: 'explained_var'

197reg_simple_MNAR_0.01_1/ failed
'explained_var'
Traceback (most recent call last):
  File "/common/ketrong/tpotexp/tpot2/ImputerExperiments/Locally_run_code/viewreg.py", line 76, in <module>
    print(est['train_score']['explained_var'])
KeyError: 'explained_var'

197reg_simple_MNAR_0.01_2/ failed
'explained_var'
Traceback (most recent call last):
  File "/common/ketrong/tpotexp/tpot2/ImputerExperiments/Locally_run_code/viewreg.py", line 76, in <module>
    print(est['train_score']['explained_var'])
KeyError: 'explained_var'

197reg_simple_MNAR_0.01_3/ failed
'explained_var'
Traceback (most recent call last):
  File "/common/ketrong/tpotexp/tpot2/ImputerExperiments/Locally_run_code/viewreg.py", line 76, in <module>
    print(est['train_score']['explained_var'])
KeyError: 'explained_var'

197reg_simple_MNAR_0.1_1/ failed
'explained_var'
Traceback (most recent call last):
  File "/common/ketrong/tpotexp/tpot2/ImputerExperiments/Locally_run_code/viewreg.py", line 76, in <module>
    print(est['train_score']['explained_var'])
KeyError: 'explained_var'

197reg_simple_MNAR_0.1_2/ failed
'explained_var'
Traceback (most recent call last):
  File "/common/ketrong/tpotexp/tpot2/ImputerExperiments/Locally_run_code/viewreg.py", line 76, in <module>
    print(est['train_score']['explained_var'])
KeyError: 'explained_var'

197reg_simple_MNAR_0.1_3/ failed
'explained_var'
Traceback (most recent call last):
  File "/common/ketrong/tpotexp/tpot2/ImputerExperiments/Locally_run_code/viewreg.py", line 76, in <module>
    print(est['train_score']['explained_var'])
KeyError: 'explained_var'

197reg_simple_MNAR_0.3_1/ failed
'explained_var'
Traceback (most recent call last):
  File "/common/ketrong/tpotexp/tpot2/ImputerExperiments/Locally_run_code/viewreg.py", line 76, in <module>
    print(est['train_score']['explained_var'])
KeyError: 'explained_var'

197reg_simple_MNAR_0.3_2/ failed
'explained_var'
Traceback (most recent call last):
  File "/common/ketrong/tpotexp/tpot2/ImputerExperiments/Locally_run_code/viewreg.py", line 76, in <module>
    print(est['train_score']['explained_var'])
KeyError: 'explained_var'

197reg_simple_MNAR_0.3_3/ failed
'explained_var'
Traceback (most recent call last):
  File "/common/ketrong/tpotexp/tpot2/ImputerExperiments/Locally_run_code/viewreg.py", line 76, in <module>
    print(est['train_score']['explained_var'])
KeyError: 'explained_var'

197reg_simple_MNAR_0.5_1/ failed
'explained_var'
Traceback (most recent call last):
  File "/common/ketrong/tpotexp/tpot2/ImputerExperiments/Locally_run_code/viewreg.py", line 76, in <module>
    print(est['train_score']['explained_var'])
KeyError: 'explained_var'

197reg_simple_MNAR_0.5_2/ failed
'explained_var'
Traceback (most recent call last):
  File "/common/ketrong/tpotexp/tpot2/ImputerExperiments/Locally_run_code/viewreg.py", line 76, in <module>
    print(est['train_score']['explained_var'])
KeyError: 'explained_var'

197reg_simple_MNAR_0.5_3/ failed
'explained_var'
Traceback (most recent call last):
  File "/common/ketrong/tpotexp/tpot2/ImputerExperiments/Locally_run_code/viewreg.py", line 76, in <module>
    print(est['train_score']['explained_var'])
KeyError: 'explained_var'

197complete
all csvs complete
