Run: 54
/cm/local/apps/slurm/var/spool/job970755/slurm_script: line 26: 
pip install -e tpot2
pip install -r tpot2/ImputerExperiments/requirements_.txt
: No such file or directory
RunStart
Version 0.1.7a0 of tpot2 is outdated. Version 0.1.8a0 was released 7 days ago.
starting loops
../data/r/218/218.pkl
working on 
../data/r/218/reg_full_MAR_0.1_3
0.2809782028198242
running experiment 1/3 - Does large hyperparameter space improve reconstruction accuracy over simple
[I 2024-09-25 11:08:49,684] A new study created in memory with name: no-name-89a07a65-98bf-4dd2-8222-0cfd7cd99bcd
running
running
running
running
running
running
running
running
running
running
running
running
running
running
running
running
[I 2024-09-25 11:08:49,903] Trial 4 finished with value: 0.11960018497795388 and parameters: {'model_name': 'SimpleImputer', 'strategy': 'mean'}. Best is trial 4 with value: 0.11960018497795388.
running
[I 2024-09-25 11:08:50,032] Trial 12 finished with value: 0.4626382173971194 and parameters: {'model_name': 'SimpleImputer', 'strategy': 'constant'}. Best is trial 4 with value: 0.11960018497795388.
running
[I 2024-09-25 11:08:52,561] Trial 11 finished with value: 0.11660964953638704 and parameters: {'model_name': 'IterativeImputer', 'estimator': 'Ridge', 'initial_strategy': 'mean', 'n_nearest_features': 7, 'imputation_order': 'arabic'}. Best is trial 11 with value: 0.11660964953638704.
running
[I 2024-09-25 11:08:56,415] Trial 2 finished with value: 0.11960018497795391 and parameters: {'model_name': 'KNNImputer', 'n_neighbors': 14544, 'weights': 'uniform'}. Best is trial 11 with value: 0.11660964953638704.
running
[I 2024-09-25 11:08:56,738] Trial 19 finished with value: 0.11960018497795388 and parameters: {'model_name': 'SimpleImputer', 'strategy': 'mean'}. Best is trial 11 with value: 0.11660964953638704.
running
[I 2024-09-25 11:08:57,530] Trial 14 finished with value: 0.11780635866689045 and parameters: {'model_name': 'KNNImputer', 'n_neighbors': 5058, 'weights': 'uniform'}. Best is trial 11 with value: 0.11660964953638704.
running
[I 2024-09-25 11:08:58,713] Trial 16 finished with value: 0.11773229936323248 and parameters: {'model_name': 'KNNImputer', 'n_neighbors': 7787, 'weights': 'distance'}. Best is trial 11 with value: 0.11660964953638704.
running
[I 2024-09-25 11:08:58,893] Trial 15 finished with value: 0.11860984759077808 and parameters: {'model_name': 'KNNImputer', 'n_neighbors': 13959, 'weights': 'distance'}. Best is trial 11 with value: 0.11660964953638704.
running
[I 2024-09-25 11:09:00,713] Trial 17 finished with value: 0.16396014528711234 and parameters: {'model_name': 'IterativeImputer', 'estimator': 'Bayesian', 'initial_strategy': 'mean', 'n_nearest_features': 3, 'imputation_order': 'descending', 'sample_posterior': True}. Best is trial 11 with value: 0.11660964953638704.
running
[I 2024-09-25 11:09:01,065] Trial 20 finished with value: 0.118242701025157 and parameters: {'model_name': 'IterativeImputer', 'estimator': 'Bayesian', 'initial_strategy': 'mean', 'n_nearest_features': 8, 'imputation_order': 'arabic', 'sample_posterior': False}. Best is trial 11 with value: 0.11660964953638704.
running
[I 2024-09-25 11:09:02,449] Trial 0 finished with value: 0.16433132809003037 and parameters: {'model_name': 'IterativeImputer', 'estimator': 'Bayesian', 'initial_strategy': 'constant', 'n_nearest_features': 7, 'imputation_order': 'roman', 'sample_posterior': True}. Best is trial 11 with value: 0.11660964953638704.
running
[I 2024-09-25 11:09:03,548] Trial 23 finished with value: 0.11960018497795391 and parameters: {'model_name': 'KNNImputer', 'n_neighbors': 15467, 'weights': 'uniform'}. Best is trial 11 with value: 0.11660964953638704.
running
[I 2024-09-25 11:09:03,960] Trial 22 finished with value: 0.11808030257421372 and parameters: {'model_name': 'KNNImputer', 'n_neighbors': 6121, 'weights': 'uniform'}. Best is trial 11 with value: 0.11660964953638704.
running
[I 2024-09-25 11:09:34,194] Trial 28 finished with value: inf and parameters: {'model_name': 'GAIN', 'batch_size': 1, 'hint_rate': 0.15344642433597866, 'alpha': 4, 'iterations': 1, 'learning_rate': 0.0029375032476700452, 'p_miss': 0.04324437734997752}. Best is trial 11 with value: 0.11660964953638704.
running
[I 2024-09-25 11:09:37,820] Trial 6 finished with value: 0.31543961099799 and parameters: {'model_name': 'VAE', 'batch_size': 130, 'iterations': 1, 'learning_rate': 0.00021691524556470435, 'p_miss': 0.23025150695900143}. Best is trial 11 with value: 0.11660964953638704.
running
[I 2024-09-25 11:09:38,782] Trial 9 finished with value: 0.4584741492750524 and parameters: {'model_name': 'GAIN', 'batch_size': 4, 'hint_rate': 0.907518130189981, 'alpha': 96, 'iterations': 1, 'learning_rate': 0.011501122758019235, 'p_miss': 0.0449036572540573}. Best is trial 11 with value: 0.11660964953638704.
running
[I 2024-09-25 11:09:40,670] Trial 21 finished with value: 0.3083878383485845 and parameters: {'model_name': 'VAE', 'batch_size': 14, 'iterations': 1, 'learning_rate': 0.0032293505450528173, 'p_miss': 0.16785856978044372}. Best is trial 11 with value: 0.11660964953638704.
running
[I 2024-09-25 11:09:41,146] Trial 18 finished with value: inf and parameters: {'model_name': 'GAIN', 'batch_size': 2, 'hint_rate': 0.8139092055578439, 'alpha': 59, 'iterations': 25, 'learning_rate': 0.00020621289074579822, 'p_miss': 0.045017751449490176}. Best is trial 11 with value: 0.11660964953638704.
running
[I 2024-09-25 11:09:41,409] Trial 13 finished with value: 0.17821648004676177 and parameters: {'model_name': 'VAE', 'batch_size': 5, 'iterations': 2, 'learning_rate': 0.07947795638722602, 'p_miss': 0.2550628125561643}. Best is trial 11 with value: 0.11660964953638704.
running
[I 2024-09-25 11:09:41,994] Trial 25 finished with value: 0.3067960466225069 and parameters: {'model_name': 'VAE', 'batch_size': 2, 'iterations': 2, 'learning_rate': 0.0005366035005703902, 'p_miss': 0.09081840218928773}. Best is trial 11 with value: 0.11660964953638704.
running
[I 2024-09-25 11:09:44,195] Trial 5 finished with value: inf and parameters: {'model_name': 'GAIN', 'batch_size': 2, 'hint_rate': 0.8790327179152821, 'alpha': 9, 'iterations': 22, 'learning_rate': 0.0021798701121472845, 'p_miss': 0.2243920900728624}. Best is trial 11 with value: 0.11660964953638704.
running
[I 2024-09-25 11:09:46,907] Trial 8 finished with value: inf and parameters: {'model_name': 'GAIN', 'batch_size': 1, 'hint_rate': 0.41480671566190125, 'alpha': 50, 'iterations': 68, 'learning_rate': 0.00107832033471345, 'p_miss': 0.13275825392420354}. Best is trial 11 with value: 0.11660964953638704.
running
[I 2024-09-25 11:09:52,058] Trial 36 finished with value: 0.1145218952796164 and parameters: {'model_name': 'KNNImputer', 'n_neighbors': 949, 'weights': 'distance'}. Best is trial 36 with value: 0.1145218952796164.
running
[I 2024-09-25 11:09:54,077] Trial 37 finished with value: 0.11305491645727787 and parameters: {'model_name': 'KNNImputer', 'n_neighbors': 308, 'weights': 'distance'}. Best is trial 37 with value: 0.11305491645727787.
running
[I 2024-09-25 11:09:57,910] Trial 7 finished with value: 0.437146434734968 and parameters: {'model_name': 'GAIN', 'batch_size': 11, 'hint_rate': 0.8367990533495935, 'alpha': 94, 'iterations': 25, 'learning_rate': 0.00029731903780272177, 'p_miss': 0.1916593725119465}. Best is trial 37 with value: 0.11305491645727787.
running
[I 2024-09-25 11:10:02,056] Trial 3 finished with value: 0.12637492074569495 and parameters: {'model_name': 'VAE', 'batch_size': 72, 'iterations': 17, 'learning_rate': 0.04240394286480665, 'p_miss': 0.11144584715914123}. Best is trial 37 with value: 0.11305491645727787.
running
[I 2024-09-25 11:10:03,911] Trial 33 finished with value: 0.11679762297762564 and parameters: {'model_name': 'IterativeImputer', 'estimator': 'Ridge', 'initial_strategy': 'median', 'n_nearest_features': 5, 'imputation_order': 'arabic'}. Best is trial 37 with value: 0.11305491645727787.
running
[I 2024-09-25 11:10:04,204] Trial 34 finished with value: 0.11679762297762564 and parameters: {'model_name': 'IterativeImputer', 'estimator': 'Ridge', 'initial_strategy': 'median', 'n_nearest_features': 5, 'imputation_order': 'arabic'}. Best is trial 37 with value: 0.11305491645727787.
running
[I 2024-09-25 11:10:04,386] Trial 35 finished with value: 0.11663039435542408 and parameters: {'model_name': 'IterativeImputer', 'estimator': 'Ridge', 'initial_strategy': 'median', 'n_nearest_features': 6, 'imputation_order': 'arabic'}. Best is trial 37 with value: 0.11305491645727787.
running
[I 2024-09-25 11:10:05,144] Trial 32 finished with value: 0.11679762297762564 and parameters: {'model_name': 'IterativeImputer', 'estimator': 'Ridge', 'initial_strategy': 'median', 'n_nearest_features': 5, 'imputation_order': 'arabic'}. Best is trial 37 with value: 0.11305491645727787.
running
[I 2024-09-25 11:10:11,809] Trial 42 finished with value: 0.11294617344366076 and parameters: {'model_name': 'KNNImputer', 'n_neighbors': 268, 'weights': 'distance'}. Best is trial 42 with value: 0.11294617344366076.
running
[I 2024-09-25 11:10:12,655] Trial 44 finished with value: 0.11308748446824723 and parameters: {'model_name': 'KNNImputer', 'n_neighbors': 320, 'weights': 'distance'}. Best is trial 42 with value: 0.11294617344366076.
running
[I 2024-09-25 11:10:13,001] Trial 43 finished with value: 0.11371923692253612 and parameters: {'model_name': 'KNNImputer', 'n_neighbors': 576, 'weights': 'distance'}. Best is trial 42 with value: 0.11294617344366076.
running
[I 2024-09-25 11:10:13,490] Trial 45 finished with value: 0.11349793747871813 and parameters: {'model_name': 'KNNImputer', 'n_neighbors': 490, 'weights': 'distance'}. Best is trial 42 with value: 0.11294617344366076.
running
[I 2024-09-25 11:10:19,912] Trial 38 finished with value: 0.11749842076163489 and parameters: {'model_name': 'IterativeImputer', 'estimator': 'Ridge', 'initial_strategy': 'most_frequent', 'n_nearest_features': 5, 'imputation_order': 'arabic'}. Best is trial 42 with value: 0.11294617344366076.
running
[I 2024-09-25 11:10:20,264] Trial 46 finished with value: 0.11222728247522258 and parameters: {'model_name': 'KNNImputer', 'n_neighbors': 83, 'weights': 'distance'}. Best is trial 46 with value: 0.11222728247522258.
running
[I 2024-09-25 11:10:21,122] Trial 47 finished with value: 0.11322675476150228 and parameters: {'model_name': 'KNNImputer', 'n_neighbors': 361, 'weights': 'distance'}. Best is trial 46 with value: 0.11222728247522258.
running
[I 2024-09-25 11:10:21,468] Trial 48 finished with value: 0.11239700544333912 and parameters: {'model_name': 'KNNImputer', 'n_neighbors': 141, 'weights': 'distance'}. Best is trial 46 with value: 0.11222728247522258.
running
[I 2024-09-25 11:10:21,876] Trial 39 finished with value: 0.11679762297762564 and parameters: {'model_name': 'IterativeImputer', 'estimator': 'Ridge', 'initial_strategy': 'median', 'n_nearest_features': 5, 'imputation_order': 'arabic'}. Best is trial 46 with value: 0.11222728247522258.
running
[I 2024-09-25 11:10:22,691] Trial 49 finished with value: 0.11353907548320397 and parameters: {'model_name': 'KNNImputer', 'n_neighbors': 504, 'weights': 'distance'}. Best is trial 46 with value: 0.11222728247522258.
running
[I 2024-09-25 11:10:28,108] Trial 40 finished with value: 0.11749842076163489 and parameters: {'model_name': 'IterativeImputer', 'estimator': 'Ridge', 'initial_strategy': 'most_frequent', 'n_nearest_features': 5, 'imputation_order': 'arabic'}. Best is trial 46 with value: 0.11222728247522258.
running
[I 2024-09-25 11:10:28,394] Trial 50 finished with value: 0.11332365520560486 and parameters: {'model_name': 'KNNImputer', 'n_neighbors': 26, 'weights': 'distance'}. Best is trial 46 with value: 0.11222728247522258.
running
[I 2024-09-25 11:10:30,474] Trial 51 finished with value: 0.11650315229585255 and parameters: {'model_name': 'KNNImputer', 'n_neighbors': 3244, 'weights': 'distance'}. Best is trial 46 with value: 0.11222728247522258.
running
[I 2024-09-25 11:10:30,851] Trial 52 finished with value: 0.11661995277023118 and parameters: {'model_name': 'KNNImputer', 'n_neighbors': 3502, 'weights': 'distance'}. Best is trial 46 with value: 0.11222728247522258.
running
[I 2024-09-25 11:10:32,035] Trial 27 finished with value: 0.42905922511822936 and parameters: {'model_name': 'GAIN', 'batch_size': 22, 'hint_rate': 0.3120600643224773, 'alpha': 27, 'iterations': 61, 'learning_rate': 0.002848950613114975, 'p_miss': 0.1939958170111182}. Best is trial 46 with value: 0.11222728247522258.
running
[I 2024-09-25 11:10:32,343] Trial 55 finished with value: 0.11680459627442934 and parameters: {'model_name': 'KNNImputer', 'n_neighbors': 3960, 'weights': 'distance'}. Best is trial 46 with value: 0.11222728247522258.
running
[I 2024-09-25 11:10:33,073] Trial 53 finished with value: 0.11670631392089652 and parameters: {'model_name': 'KNNImputer', 'n_neighbors': 3709, 'weights': 'distance'}. Best is trial 46 with value: 0.11222728247522258.
running
[I 2024-09-25 11:10:33,906] Trial 54 finished with value: 0.116854341512594 and parameters: {'model_name': 'KNNImputer', 'n_neighbors': 4099, 'weights': 'distance'}. Best is trial 46 with value: 0.11222728247522258.
running
[I 2024-09-25 11:10:34,634] Trial 63 finished with value: 0.12451068402353546 and parameters: {'model_name': 'SimpleImputer', 'strategy': 'median'}. Best is trial 46 with value: 0.11222728247522258.
running
[I 2024-09-25 11:10:34,864] Trial 62 finished with value: 0.15167093357627093 and parameters: {'model_name': 'SimpleImputer', 'strategy': 'most_frequent'}. Best is trial 46 with value: 0.11222728247522258.
running
[I 2024-09-25 11:10:36,421] Trial 41 finished with value: 0.11679762297762564 and parameters: {'model_name': 'IterativeImputer', 'estimator': 'Ridge', 'initial_strategy': 'median', 'n_nearest_features': 5, 'imputation_order': 'arabic'}. Best is trial 46 with value: 0.11222728247522258.
running
[I 2024-09-25 11:10:38,535] Trial 56 finished with value: 0.11641850792604928 and parameters: {'model_name': 'KNNImputer', 'n_neighbors': 3080, 'weights': 'distance'}. Best is trial 46 with value: 0.11222728247522258.
running
[I 2024-09-25 11:10:39,666] Trial 57 finished with value: 0.11657193325423743 and parameters: {'model_name': 'KNNImputer', 'n_neighbors': 3399, 'weights': 'distance'}. Best is trial 46 with value: 0.11222728247522258.
running
[I 2024-09-25 11:10:41,481] Trial 59 finished with value: 0.11629699275340706 and parameters: {'model_name': 'KNNImputer', 'n_neighbors': 2845, 'weights': 'distance'}. Best is trial 46 with value: 0.11222728247522258.
running
[I 2024-09-25 11:10:41,856] Trial 58 finished with value: 0.11641276630135536 and parameters: {'model_name': 'KNNImputer', 'n_neighbors': 3068, 'weights': 'distance'}. Best is trial 46 with value: 0.11222728247522258.
running
[I 2024-09-25 11:10:42,507] Trial 60 finished with value: 0.11636352281018292 and parameters: {'model_name': 'KNNImputer', 'n_neighbors': 2972, 'weights': 'distance'}. Best is trial 46 with value: 0.11222728247522258.
running
[I 2024-09-25 11:10:43,133] Trial 61 finished with value: 0.11615160678317607 and parameters: {'model_name': 'KNNImputer', 'n_neighbors': 2581, 'weights': 'distance'}. Best is trial 46 with value: 0.11222728247522258.
running
[I 2024-09-25 11:10:45,206] Trial 65 finished with value: 0.11585041840832958 and parameters: {'model_name': 'KNNImputer', 'n_neighbors': 2165, 'weights': 'distance'}. Best is trial 46 with value: 0.11222728247522258.
running
[I 2024-09-25 11:10:45,645] Trial 64 finished with value: 0.11592338743713922 and parameters: {'model_name': 'KNNImputer', 'n_neighbors': 2263, 'weights': 'distance'}. Best is trial 46 with value: 0.11222728247522258.
running
[I 2024-09-25 11:10:46,315] Trial 66 finished with value: 0.11571559153593605 and parameters: {'model_name': 'KNNImputer', 'n_neighbors': 2002, 'weights': 'distance'}. Best is trial 46 with value: 0.11222728247522258.
running
[I 2024-09-25 11:10:47,867] Trial 67 finished with value: 0.11560542478247449 and parameters: {'model_name': 'KNNImputer', 'n_neighbors': 1874, 'weights': 'distance'}. Best is trial 46 with value: 0.11222728247522258.
running
[I 2024-09-25 11:10:48,515] Trial 68 finished with value: 0.11563471455653451 and parameters: {'model_name': 'KNNImputer', 'n_neighbors': 1901, 'weights': 'distance'}. Best is trial 46 with value: 0.11222728247522258.
running
[I 2024-09-25 11:10:50,244] Trial 70 finished with value: 0.11538277415846651 and parameters: {'model_name': 'KNNImputer', 'n_neighbors': 1634, 'weights': 'distance'}. Best is trial 46 with value: 0.11222728247522258.
running
[I 2024-09-25 11:10:50,430] Trial 69 finished with value: 0.11549568321999773 and parameters: {'model_name': 'KNNImputer', 'n_neighbors': 1742, 'weights': 'distance'}. Best is trial 46 with value: 0.11222728247522258.
running
[I 2024-09-25 11:10:50,601] Trial 71 finished with value: 0.11529602258592278 and parameters: {'model_name': 'KNNImputer', 'n_neighbors': 1538, 'weights': 'distance'}. Best is trial 46 with value: 0.11222728247522258.
running
[I 2024-09-25 11:11:28,704] Trial 26 finished with value: 0.46613330434789735 and parameters: {'model_name': 'GAIN', 'batch_size': 695, 'hint_rate': 0.697495694543554, 'alpha': 57, 'iterations': 68, 'learning_rate': 0.009381136628348587, 'p_miss': 0.16880629508711845}. Best is trial 46 with value: 0.11222728247522258.
running
[I 2024-09-25 12:00:14,025] Trial 24 finished with value: 0.12346863117366032 and parameters: {'model_name': 'IterativeImputer', 'estimator': 'RFR', 'initial_strategy': 'median', 'n_nearest_features': 3, 'imputation_order': 'random'}. Best is trial 46 with value: 0.11222728247522258.
running
[I 2024-09-25 13:18:01,869] Trial 10 finished with value: 0.1967426400695061 and parameters: {'model_name': 'VAE', 'batch_size': 1, 'iterations': 2131, 'learning_rate': 0.07030424927076075, 'p_miss': 0.2697344116096564}. Best is trial 46 with value: 0.11222728247522258.
running
[I 2024-09-25 13:32:17,316] Trial 74 finished with value: 0.12361349154903094 and parameters: {'model_name': 'VAE', 'batch_size': 990, 'iterations': 1451, 'learning_rate': 0.012623311961248272, 'p_miss': 0.2956966073106463}. Best is trial 46 with value: 0.11222728247522258.
running
[I 2024-09-25 13:32:23,461] Trial 84 finished with value: 0.11083448817817672 and parameters: {'model_name': 'KNNImputer', 'n_neighbors': 60, 'weights': 'uniform'}. Best is trial 84 with value: 0.11083448817817672.
running
[I 2024-09-25 13:32:23,970] Trial 85 finished with value: 0.4626382173971194 and parameters: {'model_name': 'SimpleImputer', 'strategy': 'constant'}. Best is trial 84 with value: 0.11083448817817672.
running
[I 2024-09-25 13:32:29,344] Trial 86 finished with value: 0.1110800412957423 and parameters: {'model_name': 'KNNImputer', 'n_neighbors': 23, 'weights': 'uniform'}. Best is trial 84 with value: 0.11083448817817672.
running
[I 2024-09-25 13:32:36,876] Trial 87 finished with value: 0.11905274198017657 and parameters: {'model_name': 'KNNImputer', 'n_neighbors': 11457, 'weights': 'uniform'}. Best is trial 84 with value: 0.11083448817817672.
running
[I 2024-09-25 13:32:43,407] Trial 88 finished with value: 0.1127625331614942 and parameters: {'model_name': 'KNNImputer', 'n_neighbors': 354, 'weights': 'uniform'}. Best is trial 84 with value: 0.11083448817817672.
running
[I 2024-09-25 13:32:49,252] Trial 89 finished with value: 0.11118670694411752 and parameters: {'model_name': 'KNNImputer', 'n_neighbors': 37, 'weights': 'uniform'}. Best is trial 84 with value: 0.11083448817817672.
running
[I 2024-09-25 15:04:22,140] Trial 77 finished with value: 0.12285155253130127 and parameters: {'model_name': 'VAE', 'batch_size': 972, 'iterations': 2534, 'learning_rate': 0.014060597396772366, 'p_miss': 0.2935081786670274}. Best is trial 84 with value: 0.11083448817817672.
running
[I 2024-09-25 15:07:29,047] Trial 91 finished with value: inf and parameters: {'model_name': 'GAIN', 'batch_size': 78, 'hint_rate': 0.07193601806737576, 'alpha': 75, 'iterations': 440, 'learning_rate': 0.02907862378308888, 'p_miss': 0.011049279928862954}. Best is trial 84 with value: 0.11083448817817672.
running
[I 2024-09-25 15:07:34,505] Trial 92 finished with value: 0.1111474029755026 and parameters: {'model_name': 'KNNImputer', 'n_neighbors': 35, 'weights': 'uniform'}. Best is trial 84 with value: 0.11083448817817672.
running
[I 2024-09-25 15:07:40,898] Trial 93 finished with value: 0.11523331870282752 and parameters: {'model_name': 'KNNImputer', 'n_neighbors': 1185, 'weights': 'uniform'}. Best is trial 84 with value: 0.11083448817817672.
running
[I 2024-09-25 15:07:45,747] Trial 94 finished with value: 0.11817350790181132 and parameters: {'model_name': 'KNNImputer', 'n_neighbors': 6, 'weights': 'uniform'}. Best is trial 84 with value: 0.11083448817817672.
running
[I 2024-09-25 15:07:52,136] Trial 95 finished with value: 0.11960018497795391 and parameters: {'model_name': 'KNNImputer', 'n_neighbors': 17530, 'weights': 'uniform'}. Best is trial 84 with value: 0.11083448817817672.
running
[I 2024-09-25 15:07:57,962] Trial 96 finished with value: 0.1150336296840305 and parameters: {'model_name': 'KNNImputer', 'n_neighbors': 1068, 'weights': 'uniform'}. Best is trial 84 with value: 0.11083448817817672.
running
[I 2024-09-25 15:08:03,292] Trial 97 finished with value: 0.11211646260086723 and parameters: {'model_name': 'KNNImputer', 'n_neighbors': 219, 'weights': 'uniform'}. Best is trial 84 with value: 0.11083448817817672.
running
[I 2024-09-25 15:08:08,554] Trial 98 finished with value: 0.11092789971757529 and parameters: {'model_name': 'KNNImputer', 'n_neighbors': 24, 'weights': 'uniform'}. Best is trial 84 with value: 0.11083448817817672.
running
[I 2024-09-25 15:08:15,385] Trial 99 finished with value: 0.11818311096789332 and parameters: {'model_name': 'KNNImputer', 'n_neighbors': 6543, 'weights': 'uniform'}. Best is trial 84 with value: 0.11083448817817672.
running
[I 2024-09-25 15:08:21,117] Trial 100 finished with value: 0.11488977413684916 and parameters: {'model_name': 'KNNImputer', 'n_neighbors': 1008, 'weights': 'uniform'}. Best is trial 84 with value: 0.11083448817817672.
running
[I 2024-09-25 15:08:26,428] Trial 101 finished with value: 0.11118149331038947 and parameters: {'model_name': 'KNNImputer', 'n_neighbors': 36, 'weights': 'uniform'}. Best is trial 84 with value: 0.11083448817817672.
running
[I 2024-09-25 15:08:31,674] Trial 102 finished with value: 0.1220685856899201 and parameters: {'model_name': 'KNNImputer', 'n_neighbors': 4, 'weights': 'uniform'}. Best is trial 84 with value: 0.11083448817817672.
running
[I 2024-09-25 15:44:39,557] Trial 1 finished with value: 0.12272606901011596 and parameters: {'model_name': 'VAE', 'batch_size': 495, 'iterations': 3074, 'learning_rate': 0.0022619932771185433, 'p_miss': 0.010262201757219688}. Best is trial 84 with value: 0.11083448817817672.
running
[I 2024-09-25 16:00:02,731] Trial 104 finished with value: 0.4490429075729526 and parameters: {'model_name': 'GAIN', 'batch_size': 285, 'hint_rate': 0.5802742361969715, 'alpha': 34, 'iterations': 402, 'learning_rate': 0.00012639967424052988, 'p_miss': 0.09929532975134078}. Best is trial 84 with value: 0.11083448817817672.
running
[I 2024-09-25 16:00:08,979] Trial 105 finished with value: 0.11488496302772173 and parameters: {'model_name': 'KNNImputer', 'n_neighbors': 1007, 'weights': 'uniform'}. Best is trial 84 with value: 0.11083448817817672.
running
[I 2024-09-25 16:00:14,934] Trial 106 finished with value: 0.11420888072540439 and parameters: {'model_name': 'KNNImputer', 'n_neighbors': 763, 'weights': 'uniform'}. Best is trial 84 with value: 0.11083448817817672.
running
[I 2024-09-25 16:00:20,129] Trial 107 finished with value: 0.11244649132494415 and parameters: {'model_name': 'KNNImputer', 'n_neighbors': 13, 'weights': 'uniform'}. Best is trial 84 with value: 0.11083448817817672.
running
[I 2024-09-25 16:00:26,048] Trial 108 finished with value: 0.11505020148145757 and parameters: {'model_name': 'KNNImputer', 'n_neighbors': 1078, 'weights': 'uniform'}. Best is trial 84 with value: 0.11083448817817672.
running
[I 2024-09-25 16:00:33,254] Trial 109 finished with value: 0.11876413440629938 and parameters: {'model_name': 'KNNImputer', 'n_neighbors': 10016, 'weights': 'uniform'}. Best is trial 84 with value: 0.11083448817817672.
running
[I 2024-09-25 16:00:38,619] Trial 110 finished with value: 0.11128717457929824 and parameters: {'model_name': 'KNNImputer', 'n_neighbors': 130, 'weights': 'uniform'}. Best is trial 84 with value: 0.11083448817817672.
running
[I 2024-09-25 16:34:10,211] Trial 82 finished with value: 0.1225829187098973 and parameters: {'model_name': 'VAE', 'batch_size': 328, 'iterations': 3159, 'learning_rate': 0.019023274035506712, 'p_miss': 0.2950714790332874}. Best is trial 84 with value: 0.11083448817817672.
running
[I 2024-09-25 16:34:15,901] Trial 112 finished with value: 0.11441720254825735 and parameters: {'model_name': 'KNNImputer', 'n_neighbors': 830, 'weights': 'uniform'}. Best is trial 84 with value: 0.11083448817817672.
running
[I 2024-09-25 16:34:16,917] Trial 113 finished with value: 0.12451068402353546 and parameters: {'model_name': 'SimpleImputer', 'strategy': 'median'}. Best is trial 84 with value: 0.11083448817817672.
running
[I 2024-09-25 16:34:21,992] Trial 114 finished with value: 0.11165232912233063 and parameters: {'model_name': 'KNNImputer', 'n_neighbors': 16, 'weights': 'uniform'}. Best is trial 84 with value: 0.11083448817817672.
running
[I 2024-09-25 16:34:27,641] Trial 115 finished with value: 0.1141431494381849 and parameters: {'model_name': 'KNNImputer', 'n_neighbors': 746, 'weights': 'uniform'}. Best is trial 84 with value: 0.11083448817817672.
running
[I 2024-09-25 16:34:32,764] Trial 116 finished with value: 0.11082721235087296 and parameters: {'model_name': 'KNNImputer', 'n_neighbors': 83, 'weights': 'uniform'}. Best is trial 116 with value: 0.11082721235087296.
running
[I 2024-09-25 16:34:37,774] Trial 117 finished with value: 0.11089612834255398 and parameters: {'model_name': 'KNNImputer', 'n_neighbors': 32, 'weights': 'uniform'}. Best is trial 116 with value: 0.11082721235087296.
running
[I 2024-09-25 16:34:43,636] Trial 118 finished with value: 0.1153837205364863 and parameters: {'model_name': 'KNNImputer', 'n_neighbors': 1272, 'weights': 'uniform'}. Best is trial 116 with value: 0.11082721235087296.
running
[I 2024-09-25 16:34:48,843] Trial 119 finished with value: 0.11346828484373192 and parameters: {'model_name': 'KNNImputer', 'n_neighbors': 573, 'weights': 'uniform'}. Best is trial 116 with value: 0.11082721235087296.
running
[I 2024-09-25 16:34:54,567] Trial 120 finished with value: 0.1137381065696034 and parameters: {'model_name': 'KNNImputer', 'n_neighbors': 643, 'weights': 'uniform'}. Best is trial 116 with value: 0.11082721235087296.
running
[I 2024-09-25 16:34:59,787] Trial 121 finished with value: 0.11089669134754392 and parameters: {'model_name': 'KNNImputer', 'n_neighbors': 48, 'weights': 'uniform'}. Best is trial 116 with value: 0.11082721235087296.
running
[I 2024-09-25 16:35:04,134] Trial 122 finished with value: 0.11192042646825393 and parameters: {'model_name': 'KNNImputer', 'n_neighbors': 15, 'weights': 'uniform'}. Best is trial 116 with value: 0.11082721235087296.
running
[I 2024-09-25 16:35:10,299] Trial 123 finished with value: 0.11567454958935615 and parameters: {'model_name': 'KNNImputer', 'n_neighbors': 1489, 'weights': 'uniform'}. Best is trial 116 with value: 0.11082721235087296.
running
[I 2024-09-25 16:35:16,024] Trial 124 finished with value: 0.1139998239220185 and parameters: {'model_name': 'KNNImputer', 'n_neighbors': 706, 'weights': 'uniform'}. Best is trial 116 with value: 0.11082721235087296.
running
[I 2024-09-25 16:35:21,982] Trial 125 finished with value: 0.11538500535716464 and parameters: {'model_name': 'KNNImputer', 'n_neighbors': 1277, 'weights': 'uniform'}. Best is trial 116 with value: 0.11082721235087296.
running
[I 2024-09-25 16:35:27,694] Trial 126 finished with value: 0.11290087803299527 and parameters: {'model_name': 'KNNImputer', 'n_neighbors': 390, 'weights': 'uniform'}. Best is trial 116 with value: 0.11082721235087296.
running
[I 2024-09-25 16:35:32,353] Trial 127 finished with value: 0.11112063197296444 and parameters: {'model_name': 'KNNImputer', 'n_neighbors': 22, 'weights': 'uniform'}. Best is trial 116 with value: 0.11082721235087296.
running
[I 2024-09-25 16:35:37,764] Trial 128 finished with value: 0.11082015107673371 and parameters: {'model_name': 'KNNImputer', 'n_neighbors': 25, 'weights': 'uniform'}. Best is trial 128 with value: 0.11082015107673371.
running
[I 2024-09-25 16:35:43,088] Trial 129 finished with value: 0.1138784182491283 and parameters: {'model_name': 'KNNImputer', 'n_neighbors': 675, 'weights': 'uniform'}. Best is trial 128 with value: 0.11082015107673371.
running
[I 2024-09-25 16:35:48,752] Trial 130 finished with value: 0.11551093722288637 and parameters: {'model_name': 'KNNImputer', 'n_neighbors': 1366, 'weights': 'uniform'}. Best is trial 128 with value: 0.11082015107673371.
running
[I 2024-09-25 19:15:37,380] Trial 103 finished with value: 0.4624959289099616 and parameters: {'model_name': 'GAIN', 'batch_size': 222, 'hint_rate': 0.6213350095761982, 'alpha': 31, 'iterations': 6983, 'learning_rate': 0.00012992346767036578, 'p_miss': 0.07710854296834256}. Best is trial 128 with value: 0.11082015107673371.
running
[I 2024-09-25 19:15:43,480] Trial 132 finished with value: 0.11658695404933697 and parameters: {'model_name': 'KNNImputer', 'n_neighbors': 2430, 'weights': 'uniform'}. Best is trial 128 with value: 0.11082015107673371.
running
[I 2024-09-25 19:16:30,719] Trial 133 finished with value: 0.2475636800347524 and parameters: {'model_name': 'VAE', 'batch_size': 43, 'iterations': 6, 'learning_rate': 0.006751907972655992, 'p_miss': 0.15194812495990273}. Best is trial 128 with value: 0.11082015107673371.
running
[I 2024-09-25 19:16:36,558] Trial 134 finished with value: 0.11779899713857671 and parameters: {'model_name': 'KNNImputer', 'n_neighbors': 5028, 'weights': 'uniform'}. Best is trial 128 with value: 0.11082015107673371.
running
[I 2024-09-25 19:16:42,075] Trial 135 finished with value: 0.11318955336152803 and parameters: {'model_name': 'KNNImputer', 'n_neighbors': 498, 'weights': 'uniform'}. Best is trial 128 with value: 0.11082015107673371.
running
[I 2024-09-25 19:16:47,656] Trial 136 finished with value: 0.11290800092267081 and parameters: {'model_name': 'KNNImputer', 'n_neighbors': 393, 'weights': 'uniform'}. Best is trial 128 with value: 0.11082015107673371.
running
[I 2024-09-25 19:16:52,187] Trial 137 finished with value: 0.11150031483621825 and parameters: {'model_name': 'KNNImputer', 'n_neighbors': 138, 'weights': 'uniform'}. Best is trial 128 with value: 0.11082015107673371.
running
[I 2024-09-25 19:16:58,344] Trial 138 finished with value: 0.11582338968425358 and parameters: {'model_name': 'KNNImputer', 'n_neighbors': 1615, 'weights': 'uniform'}. Best is trial 128 with value: 0.11082015107673371.
running
[I 2024-09-25 19:17:05,632] Trial 139 finished with value: 0.11946755171552 and parameters: {'model_name': 'KNNImputer', 'n_neighbors': 13420, 'weights': 'uniform'}. Best is trial 128 with value: 0.11082015107673371.
running
[I 2024-09-25 19:17:07,411] Trial 140 finished with value: 0.15167093357627093 and parameters: {'model_name': 'SimpleImputer', 'strategy': 'most_frequent'}. Best is trial 128 with value: 0.11082015107673371.
running
[I 2024-09-25 19:17:12,768] Trial 141 finished with value: 0.11456737972867696 and parameters: {'model_name': 'KNNImputer', 'n_neighbors': 878, 'weights': 'uniform'}. Best is trial 128 with value: 0.11082015107673371.
running
[I 2024-09-25 19:17:17,215] Trial 142 finished with value: 0.11089612834255398 and parameters: {'model_name': 'KNNImputer', 'n_neighbors': 32, 'weights': 'uniform'}. Best is trial 128 with value: 0.11082015107673371.
running
[I 2024-09-25 19:17:22,941] Trial 143 finished with value: 0.11344097712791648 and parameters: {'model_name': 'KNNImputer', 'n_neighbors': 562, 'weights': 'uniform'}. Best is trial 128 with value: 0.11082015107673371.
running
[I 2024-09-25 19:17:29,056] Trial 144 finished with value: 0.11531069151637822 and parameters: {'model_name': 'KNNImputer', 'n_neighbors': 1224, 'weights': 'uniform'}. Best is trial 128 with value: 0.11082015107673371.
running
[I 2024-09-25 19:17:47,850] Trial 145 finished with value: 0.1276144742767843 and parameters: {'model_name': 'IterativeImputer', 'estimator': 'KNN', 'initial_strategy': 'constant', 'n_nearest_features': 1, 'imputation_order': 'ascending'}. Best is trial 128 with value: 0.11082015107673371.
running
[I 2024-09-25 19:17:52,416] Trial 146 finished with value: 0.111187038483938 and parameters: {'model_name': 'KNNImputer', 'n_neighbors': 38, 'weights': 'uniform'}. Best is trial 128 with value: 0.11082015107673371.
running
[I 2024-09-25 19:17:58,338] Trial 147 finished with value: 0.11313153953693682 and parameters: {'model_name': 'KNNImputer', 'n_neighbors': 459, 'weights': 'uniform'}. Best is trial 128 with value: 0.11082015107673371.
running
[I 2024-09-25 19:18:03,250] Trial 148 finished with value: 0.11118149331038947 and parameters: {'model_name': 'KNNImputer', 'n_neighbors': 36, 'weights': 'uniform'}. Best is trial 128 with value: 0.11082015107673371.
running
[I 2024-09-25 19:18:08,881] Trial 149 finished with value: 0.11488977413684916 and parameters: {'model_name': 'KNNImputer', 'n_neighbors': 1008, 'weights': 'uniform'}. Best is trial 128 with value: 0.11082015107673371.
running
[I 2024-09-25 19:18:15,904] Trial 150 finished with value: 0.11608461624225123 and parameters: {'model_name': 'KNNImputer', 'n_neighbors': 1878, 'weights': 'uniform'}. Best is trial 128 with value: 0.11082015107673371.
running
[I 2024-09-25 19:18:22,710] Trial 151 finished with value: 0.1130605794528258 and parameters: {'model_name': 'KNNImputer', 'n_neighbors': 443, 'weights': 'uniform'}. Best is trial 128 with value: 0.11082015107673371.
running
[I 2024-09-25 19:18:27,947] Trial 152 finished with value: 0.11089915705602793 and parameters: {'model_name': 'KNNImputer', 'n_neighbors': 44, 'weights': 'uniform'}. Best is trial 128 with value: 0.11082015107673371.
running
[I 2024-09-25 19:18:33,704] Trial 153 finished with value: 0.11498199144589863 and parameters: {'model_name': 'KNNImputer', 'n_neighbors': 1044, 'weights': 'uniform'}. Best is trial 128 with value: 0.11082015107673371.
running
[I 2024-09-25 19:29:21,825] Trial 154 finished with value: 0.43672900248724356 and parameters: {'model_name': 'GAIN', 'batch_size': 36, 'hint_rate': 0.29195586383017025, 'alpha': 75, 'iterations': 317, 'learning_rate': 0.000759173242350378, 'p_miss': 0.12675738160633604}. Best is trial 128 with value: 0.11082015107673371.
running
[I 2024-09-25 19:29:27,472] Trial 155 finished with value: 0.11313903776702805 and parameters: {'model_name': 'KNNImputer', 'n_neighbors': 461, 'weights': 'uniform'}. Best is trial 128 with value: 0.11082015107673371.
running
[I 2024-09-25 19:29:32,529] Trial 156 finished with value: 0.11081675743937239 and parameters: {'model_name': 'KNNImputer', 'n_neighbors': 75, 'weights': 'uniform'}. Best is trial 156 with value: 0.11081675743937239.
running
[I 2024-09-25 19:29:39,031] Trial 157 finished with value: 0.11838311249239361 and parameters: {'model_name': 'KNNImputer', 'n_neighbors': 7579, 'weights': 'uniform'}. Best is trial 156 with value: 0.11081675743937239.
running
[I 2024-09-25 19:29:44,994] Trial 158 finished with value: 0.11428955600284474 and parameters: {'model_name': 'KNNImputer', 'n_neighbors': 782, 'weights': 'uniform'}. Best is trial 156 with value: 0.11081675743937239.
running
[I 2024-09-25 19:29:50,020] Trial 159 finished with value: 0.11092019516216962 and parameters: {'model_name': 'KNNImputer', 'n_neighbors': 91, 'weights': 'uniform'}. Best is trial 156 with value: 0.11081675743937239.
running
[I 2024-09-25 19:29:55,608] Trial 160 finished with value: 0.11265471395120066 and parameters: {'model_name': 'KNNImputer', 'n_neighbors': 330, 'weights': 'uniform'}. Best is trial 156 with value: 0.11081675743937239.
running
[I 2024-09-25 19:48:36,640] Trial 161 finished with value: 0.12706027904534012 and parameters: {'model_name': 'VAE', 'batch_size': 7, 'iterations': 226, 'learning_rate': 0.005055273408122722, 'p_miss': 0.210596693059518}. Best is trial 156 with value: 0.11081675743937239.
running
[I 2024-09-25 19:48:43,430] Trial 162 finished with value: 0.11566401971426246 and parameters: {'model_name': 'KNNImputer', 'n_neighbors': 1481, 'weights': 'uniform'}. Best is trial 156 with value: 0.11081675743937239.
running
[I 2024-09-25 19:48:49,142] Trial 163 finished with value: 0.1146635782462468 and parameters: {'model_name': 'KNNImputer', 'n_neighbors': 908, 'weights': 'uniform'}. Best is trial 156 with value: 0.11081675743937239.
running
[I 2024-09-25 19:48:54,298] Trial 164 finished with value: 0.11283368841717009 and parameters: {'model_name': 'KNNImputer', 'n_neighbors': 370, 'weights': 'uniform'}. Best is trial 156 with value: 0.11081675743937239.
running
[I 2024-09-25 19:48:59,580] Trial 165 finished with value: 0.11436537994510662 and parameters: {'model_name': 'KNNImputer', 'n_neighbors': 810, 'weights': 'uniform'}. Best is trial 156 with value: 0.11081675743937239.
running
[I 2024-09-25 19:49:04,688] Trial 166 finished with value: 0.11088861617567228 and parameters: {'model_name': 'KNNImputer', 'n_neighbors': 93, 'weights': 'uniform'}. Best is trial 156 with value: 0.11081675743937239.
running
[I 2024-09-25 19:49:09,754] Trial 167 finished with value: 0.11107959548511832 and parameters: {'model_name': 'KNNImputer', 'n_neighbors': 21, 'weights': 'uniform'}. Best is trial 156 with value: 0.11081675743937239.
running
[I 2024-09-25 19:49:15,162] Trial 168 finished with value: 0.112986256818288 and parameters: {'model_name': 'KNNImputer', 'n_neighbors': 422, 'weights': 'uniform'}. Best is trial 156 with value: 0.11081675743937239.
running
[I 2024-09-25 19:49:20,393] Trial 169 finished with value: 0.1109019233266598 and parameters: {'model_name': 'KNNImputer', 'n_neighbors': 46, 'weights': 'uniform'}. Best is trial 156 with value: 0.11081675743937239.
running
[I 2024-09-25 19:49:26,075] Trial 170 finished with value: 0.1154725614718248 and parameters: {'model_name': 'KNNImputer', 'n_neighbors': 1332, 'weights': 'uniform'}. Best is trial 156 with value: 0.11081675743937239.
running
[I 2024-09-25 19:49:26,968] Trial 171 finished with value: 0.11960018497795388 and parameters: {'model_name': 'SimpleImputer', 'strategy': 'mean'}. Best is trial 156 with value: 0.11081675743937239.
running
[I 2024-09-25 19:49:33,043] Trial 172 finished with value: 0.11385129682770381 and parameters: {'model_name': 'KNNImputer', 'n_neighbors': 671, 'weights': 'uniform'}. Best is trial 156 with value: 0.11081675743937239.
running
[I 2024-09-25 19:49:38,297] Trial 173 finished with value: 0.11265471395120066 and parameters: {'model_name': 'KNNImputer', 'n_neighbors': 330, 'weights': 'uniform'}. Best is trial 156 with value: 0.11081675743937239.
running
[I 2024-09-25 19:49:43,581] Trial 174 finished with value: 0.11112063197296444 and parameters: {'model_name': 'KNNImputer', 'n_neighbors': 22, 'weights': 'uniform'}. Best is trial 156 with value: 0.11081675743937239.
running
[I 2024-09-25 20:23:29,408] Trial 80 finished with value: 0.12285904232064718 and parameters: {'model_name': 'VAE', 'batch_size': 643, 'iterations': 6852, 'learning_rate': 0.01388022205356896, 'p_miss': 0.010084914918172566}. Best is trial 156 with value: 0.11081675743937239.
running
[I 2024-09-25 20:23:34,494] Trial 176 finished with value: 0.11077089604280685 and parameters: {'model_name': 'KNNImputer', 'n_neighbors': 52, 'weights': 'uniform'}. Best is trial 176 with value: 0.11077089604280685.
running
[I 2024-09-25 20:23:40,337] Trial 177 finished with value: 0.11416988548941014 and parameters: {'model_name': 'KNNImputer', 'n_neighbors': 754, 'weights': 'uniform'}. Best is trial 176 with value: 0.11077089604280685.
running
[I 2024-09-25 20:23:46,057] Trial 178 finished with value: 0.11283263741446718 and parameters: {'model_name': 'KNNImputer', 'n_neighbors': 371, 'weights': 'uniform'}. Best is trial 176 with value: 0.11077089604280685.
running
[I 2024-09-25 20:23:51,956] Trial 179 finished with value: 0.11513446739660198 and parameters: {'model_name': 'KNNImputer', 'n_neighbors': 1118, 'weights': 'uniform'}. Best is trial 176 with value: 0.11077089604280685.
running
[I 2024-09-25 20:23:57,129] Trial 180 finished with value: 0.11092789971757529 and parameters: {'model_name': 'KNNImputer', 'n_neighbors': 24, 'weights': 'uniform'}. Best is trial 176 with value: 0.11077089604280685.
running
[I 2024-09-25 20:24:02,702] Trial 181 finished with value: 0.11279875335537308 and parameters: {'model_name': 'KNNImputer', 'n_neighbors': 365, 'weights': 'uniform'}. Best is trial 176 with value: 0.11077089604280685.
running
[I 2024-09-25 20:24:08,382] Trial 182 finished with value: 0.11361953858776179 and parameters: {'model_name': 'KNNImputer', 'n_neighbors': 612, 'weights': 'uniform'}. Best is trial 176 with value: 0.11077089604280685.
running
[I 2024-09-25 20:24:31,473] Trial 183 finished with value: 0.12849890438476247 and parameters: {'model_name': 'IterativeImputer', 'estimator': 'KNN', 'initial_strategy': 'most_frequent', 'n_nearest_features': 1, 'imputation_order': 'descending'}. Best is trial 176 with value: 0.11077089604280685.
running
[I 2024-09-25 20:24:36,373] Trial 184 finished with value: 0.1132991841495647 and parameters: {'model_name': 'KNNImputer', 'n_neighbors': 11, 'weights': 'uniform'}. Best is trial 176 with value: 0.11077089604280685.
running
[I 2024-09-25 20:24:42,210] Trial 185 finished with value: 0.11598661231799956 and parameters: {'model_name': 'KNNImputer', 'n_neighbors': 1757, 'weights': 'uniform'}. Best is trial 176 with value: 0.11077089604280685.
running
[I 2024-09-25 20:24:46,440] Trial 186 finished with value: 0.1582855336496919 and parameters: {'model_name': 'KNNImputer', 'n_neighbors': 1, 'weights': 'uniform'}. Best is trial 176 with value: 0.11077089604280685.
running
[I 2024-09-25 20:24:52,369] Trial 187 finished with value: 0.11450556624186034 and parameters: {'model_name': 'KNNImputer', 'n_neighbors': 859, 'weights': 'uniform'}. Best is trial 176 with value: 0.11077089604280685.
running
[I 2024-09-25 20:24:57,371] Trial 188 finished with value: 0.1126280248041448 and parameters: {'model_name': 'KNNImputer', 'n_neighbors': 322, 'weights': 'uniform'}. Best is trial 176 with value: 0.11077089604280685.
running
[I 2024-09-25 20:25:02,677] Trial 189 finished with value: 0.11101556501217787 and parameters: {'model_name': 'KNNImputer', 'n_neighbors': 31, 'weights': 'uniform'}. Best is trial 176 with value: 0.11077089604280685.
running
[I 2024-09-25 20:25:08,300] Trial 190 finished with value: 0.11384860282743085 and parameters: {'model_name': 'KNNImputer', 'n_neighbors': 670, 'weights': 'uniform'}. Best is trial 176 with value: 0.11077089604280685.
running
[I 2024-09-25 20:25:14,542] Trial 191 finished with value: 0.11533715262430708 and parameters: {'model_name': 'KNNImputer', 'n_neighbors': 1237, 'weights': 'uniform'}. Best is trial 176 with value: 0.11077089604280685.
running
[I 2024-09-25 20:25:35,586] Trial 192 finished with value: 0.4547463321323818 and parameters: {'model_name': 'GAIN', 'batch_size': 131, 'hint_rate': 0.9896886034657515, 'alpha': 76, 'iterations': 6, 'learning_rate': 0.0013717103532038418, 'p_miss': 0.06750322182319951}. Best is trial 176 with value: 0.11077089604280685.
running
[I 2024-09-25 20:25:40,489] Trial 193 finished with value: 0.11290800092267081 and parameters: {'model_name': 'KNNImputer', 'n_neighbors': 393, 'weights': 'uniform'}. Best is trial 176 with value: 0.11077089604280685.
running
[I 2024-09-25 20:25:45,042] Trial 194 finished with value: 0.1582855336496919 and parameters: {'model_name': 'KNNImputer', 'n_neighbors': 1, 'weights': 'uniform'}. Best is trial 176 with value: 0.11077089604280685.
running
[I 2024-09-25 20:25:51,145] Trial 195 finished with value: 0.11485470461442433 and parameters: {'model_name': 'KNNImputer', 'n_neighbors': 997, 'weights': 'uniform'}. Best is trial 176 with value: 0.11077089604280685.
running
[I 2024-09-25 20:25:56,697] Trial 196 finished with value: 0.11248459334430463 and parameters: {'model_name': 'KNNImputer', 'n_neighbors': 279, 'weights': 'uniform'}. Best is trial 176 with value: 0.11077089604280685.
running
[I 2024-09-25 20:26:01,509] Trial 197 finished with value: 0.1220685856899201 and parameters: {'model_name': 'KNNImputer', 'n_neighbors': 4, 'weights': 'uniform'}. Best is trial 176 with value: 0.11077089604280685.
running
[I 2024-09-25 20:26:07,069] Trial 198 finished with value: 0.1137381065696034 and parameters: {'model_name': 'KNNImputer', 'n_neighbors': 643, 'weights': 'uniform'}. Best is trial 176 with value: 0.11077089604280685.
running
[I 2024-09-25 20:26:12,587] Trial 199 finished with value: 0.11246423889725447 and parameters: {'model_name': 'KNNImputer', 'n_neighbors': 277, 'weights': 'uniform'}. Best is trial 176 with value: 0.11077089604280685.
[I 2024-09-25 20:28:14,578] Trial 175 finished with value: 0.12399999214525417 and parameters: {'model_name': 'IterativeImputer', 'estimator': 'RFR', 'initial_strategy': 'constant', 'n_nearest_features': 2, 'imputation_order': 'roman'}. Best is trial 176 with value: 0.11077089604280685.
[I 2024-09-25 20:34:40,841] Trial 73 finished with value: 0.12300663928788906 and parameters: {'model_name': 'VAE', 'batch_size': 778, 'iterations': 5815, 'learning_rate': 0.014910024573120823, 'p_miss': 0.2965337690300462}. Best is trial 176 with value: 0.11077089604280685.
[I 2024-09-25 21:00:11,898] Trial 78 finished with value: 0.12287422919008624 and parameters: {'model_name': 'VAE', 'batch_size': 583, 'iterations': 7461, 'learning_rate': 0.014207808799717838, 'p_miss': 0.29913801373285837}. Best is trial 176 with value: 0.11077089604280685.
[I 2024-09-25 21:46:21,548] Trial 131 finished with value: 0.4693055336986919 and parameters: {'model_name': 'GAIN', 'batch_size': 41, 'hint_rate': 0.2690801804975556, 'alpha': 77, 'iterations': 9985, 'learning_rate': 0.0009443414681846664, 'p_miss': 0.13619600412644955}. Best is trial 176 with value: 0.11077089604280685.
[I 2024-09-25 22:06:47,040] Trial 76 finished with value: 0.12277358018592828 and parameters: {'model_name': 'VAE', 'batch_size': 864, 'iterations': 6856, 'learning_rate': 0.01616202717778914, 'p_miss': 0.28333421843273876}. Best is trial 176 with value: 0.11077089604280685.
[I 2024-09-25 22:13:43,923] Trial 81 finished with value: 0.12298265757881224 and parameters: {'model_name': 'VAE', 'batch_size': 979, 'iterations': 7319, 'learning_rate': 0.014414275416965001, 'p_miss': 0.291016693167058}. Best is trial 176 with value: 0.11077089604280685.
[I 2024-09-25 22:32:41,941] Trial 75 finished with value: 0.12289912868133328 and parameters: {'model_name': 'VAE', 'batch_size': 972, 'iterations': 8469, 'learning_rate': 0.015634450094214894, 'p_miss': 0.08030286723033331}. Best is trial 176 with value: 0.11077089604280685.
[I 2024-09-25 22:47:15,610] Trial 30 finished with value: 0.12307793967651634 and parameters: {'model_name': 'VAE', 'batch_size': 989, 'iterations': 8329, 'learning_rate': 0.0879134145878492, 'p_miss': 0.2981876943522523}. Best is trial 176 with value: 0.11077089604280685.
[I 2024-09-25 22:54:08,634] Trial 79 finished with value: 0.12281203278221256 and parameters: {'model_name': 'VAE', 'batch_size': 839, 'iterations': 8652, 'learning_rate': 0.014592876955094449, 'p_miss': 0.29538065437535355}. Best is trial 176 with value: 0.11077089604280685.
[I 2024-09-25 22:58:48,268] Trial 72 finished with value: 0.12289010884381857 and parameters: {'model_name': 'VAE', 'batch_size': 987, 'iterations': 9288, 'learning_rate': 0.023605443688199713, 'p_miss': 0.2694471648021879}. Best is trial 176 with value: 0.11077089604280685.
[I 2024-09-25 23:00:48,696] Trial 29 finished with value: 0.12289059913997913 and parameters: {'model_name': 'VAE', 'batch_size': 929, 'iterations': 9207, 'learning_rate': 0.08824385329451061, 'p_miss': 0.28629271593754657}. Best is trial 176 with value: 0.11077089604280685.
[I 2024-09-25 23:03:22,558] Trial 31 finished with value: 0.12280322926984828 and parameters: {'model_name': 'VAE', 'batch_size': 902, 'iterations': 9124, 'learning_rate': 0.08854921479838135, 'p_miss': 0.2991008048080731}. Best is trial 176 with value: 0.11077089604280685.
[I 2024-09-25 23:05:37,759] Trial 90 finished with value: 0.1234257844026492 and parameters: {'model_name': 'VAE', 'batch_size': 85, 'iterations': 9825, 'learning_rate': 0.00011552647249554996, 'p_miss': 0.015259408194092466}. Best is trial 176 with value: 0.11077089604280685.
[I 2024-09-25 23:07:14,933] Trial 83 finished with value: 0.1229352393502933 and parameters: {'model_name': 'VAE', 'batch_size': 912, 'iterations': 9527, 'learning_rate': 0.018703793564960942, 'p_miss': 0.29688452417747907}. Best is trial 176 with value: 0.11077089604280685.
[I 2024-09-25 23:07:53,395] Trial 111 finished with value: 0.12451687349382996 and parameters: {'model_name': 'VAE', 'batch_size': 41, 'iterations': 9496, 'learning_rate': 0.0008307514181984326, 'p_miss': 0.07606281083970698}. Best is trial 176 with value: 0.11077089604280685.
fit
auto fit
auto transform
0    0
1    0
2    0
3    0
4    0
5    0
6    0
7    0
dtype: int64
0    0
1    0
2    0
3    0
4    0
5    0
6    0
7    0
dtype: int64
0.11077089604280685
{'model_name': 'KNNImputer', 'n_neighbors': 52, 'weights': 'uniform'}
running experiment 2/3 - Does reconstruction give good automl predictions
Start est fit
Version 0.1.7a0 of tpot2 is outdated. Version 0.1.8a0 was released Tuesday September 17, 2024.
Version 0.1.7a0 of tpot2 is outdated. Version 0.1.8a0 was released Tuesday September 17, 2024.
Version 0.1.7a0 of tpot2 is outdated. Version 0.1.8a0 was released Tuesday September 17, 2024.
Version 0.1.7a0 of tpot2 is outdated. Version 0.1.8a0 was released Tuesday September 17, 2024.
Version 0.1.7a0 of tpot2 is outdated. Version 0.1.8a0 was released Tuesday September 17, 2024.
Version 0.1.7a0 of tpot2 is outdated. Version 0.1.8a0 was released Tuesday September 17, 2024.
Version 0.1.7a0 of tpot2 is outdated. Version 0.1.8a0 was released Tuesday September 17, 2024.
Version 0.1.7a0 of tpot2 is outdated. Version 0.1.8a0 was released Tuesday September 17, 2024.
Version 0.1.7a0 of tpot2 is outdated. Version 0.1.8a0 was released Tuesday September 17, 2024.
Version 0.1.7a0 of tpot2 is outdated. Version 0.1.8a0 was released Tuesday September 17, 2024.
Version 0.1.7a0 of tpot2 is outdated. Version 0.1.8a0 was released Tuesday September 17, 2024.
Version 0.1.7a0 of tpot2 is outdated. Version 0.1.8a0 was released Tuesday September 17, 2024.
Version 0.1.7a0 of tpot2 is outdated. Version 0.1.8a0 was released Tuesday September 17, 2024.
Version 0.1.7a0 of tpot2 is outdated. Version 0.1.8a0 was released Tuesday September 17, 2024.
Version 0.1.7a0 of tpot2 is outdated. Version 0.1.8a0 was released Tuesday September 17, 2024.
Version 0.1.7a0 of tpot2 is outdated. Version 0.1.8a0 was released Tuesday September 17, 2024.
  0%|          | 0/25 [00:00<?, ?it/s]Generation:   0%|          | 0/25 [00:00<?, ?it/s]WARNING THIS INDIVIDUAL CAUSED AND EXCEPTION 
 <tpot2.search_spaces.pipelines.sequential.SequentialPipelineIndividual object at 0x15547465b070> 
 The 'criterion' parameter of RandomForestRegressor must be a str among {'friedman_mse', 'poisson', 'absolute_error', 'squared_error'}. Got 'mse' instead. 
 Traceback (most recent call last):
  File "/common/ketrong/tpotexp/tpot2/tpot2/utils/eval_utils.py", line 53, in objective_nan_wrapper
    value = func_timeout.func_timeout(timeout, objective_function, args=[individual], kwargs=objective_kwargs)
  File "/common/ketrong/tpotexp/env/lib/python3.10/site-packages/func_timeout/dafunc.py", line 108, in func_timeout
    raise_exception(exception)
  File "/common/ketrong/tpotexp/env/lib/python3.10/site-packages/func_timeout/py3_raise.py", line 7, in raise_exception
    raise exception[0] from None
  File "/common/ketrong/tpotexp/tpot2/tpot2/tpot_estimator/estimator.py", line 623, in objective_function
    return objective_function_generator(
  File "/common/ketrong/tpotexp/tpot2/tpot2/tpot_estimator/estimator_utils.py", line 55, in objective_function_generator
    cv_obj_scores = cross_val_score_objective(sklearn.base.clone(pipeline),x,y,scorers=scorers, cv=cv , fold=step)
  File "/common/ketrong/tpotexp/tpot2/tpot2/tpot_estimator/cross_val_utils.py", line 28, in cross_val_score_objective
    this_fold_pipeline.fit(X_train,y_train)
  File "/common/ketrong/tpotexp/env/lib/python3.10/site-packages/sklearn/base.py", line 1473, in wrapper
    return fit_method(estimator, *args, **kwargs)
  File "/common/ketrong/tpotexp/env/lib/python3.10/site-packages/sklearn/pipeline.py", line 473, in fit
    self._final_estimator.fit(Xt, y, **last_step_params["fit"])
  File "/common/ketrong/tpotexp/env/lib/python3.10/site-packages/sklearn/base.py", line 1466, in wrapper
    estimator._validate_params()
  File "/common/ketrong/tpotexp/env/lib/python3.10/site-packages/sklearn/base.py", line 666, in _validate_params
    validate_parameter_constraints(
  File "/common/ketrong/tpotexp/env/lib/python3.10/site-packages/sklearn/utils/_param_validation.py", line 95, in validate_parameter_constraints
    raise InvalidParameterError(
sklearn.utils._param_validation.InvalidParameterError: The 'criterion' parameter of RandomForestRegressor must be a str among {'friedman_mse', 'poisson', 'absolute_error', 'squared_error'}. Got 'mse' instead.

WARNING THIS INDIVIDUAL CAUSED AND EXCEPTION 
 <tpot2.search_spaces.pipelines.sequential.SequentialPipelineIndividual object at 0x15547465ae60> 
 The 'criterion' parameter of DecisionTreeRegressor must be a str among {'friedman_mse', 'poisson', 'absolute_error', 'squared_error'}. Got 'mae' instead. 
 Traceback (most recent call last):
  File "/common/ketrong/tpotexp/tpot2/tpot2/utils/eval_utils.py", line 53, in objective_nan_wrapper
    value = func_timeout.func_timeout(timeout, objective_function, args=[individual], kwargs=objective_kwargs)
  File "/common/ketrong/tpotexp/env/lib/python3.10/site-packages/func_timeout/dafunc.py", line 108, in func_timeout
    raise_exception(exception)
  File "/common/ketrong/tpotexp/env/lib/python3.10/site-packages/func_timeout/py3_raise.py", line 7, in raise_exception
    raise exception[0] from None
  File "/common/ketrong/tpotexp/tpot2/tpot2/tpot_estimator/estimator.py", line 623, in objective_function
    return objective_function_generator(
  File "/common/ketrong/tpotexp/tpot2/tpot2/tpot_estimator/estimator_utils.py", line 55, in objective_function_generator
    cv_obj_scores = cross_val_score_objective(sklearn.base.clone(pipeline),x,y,scorers=scorers, cv=cv , fold=step)
  File "/common/ketrong/tpotexp/tpot2/tpot2/tpot_estimator/cross_val_utils.py", line 28, in cross_val_score_objective
    this_fold_pipeline.fit(X_train,y_train)
  File "/common/ketrong/tpotexp/env/lib/python3.10/site-packages/sklearn/base.py", line 1473, in wrapper
    return fit_method(estimator, *args, **kwargs)
  File "/common/ketrong/tpotexp/env/lib/python3.10/site-packages/sklearn/pipeline.py", line 473, in fit
    self._final_estimator.fit(Xt, y, **last_step_params["fit"])
  File "/common/ketrong/tpotexp/env/lib/python3.10/site-packages/sklearn/base.py", line 1466, in wrapper
    estimator._validate_params()
  File "/common/ketrong/tpotexp/env/lib/python3.10/site-packages/sklearn/base.py", line 666, in _validate_params
    validate_parameter_constraints(
  File "/common/ketrong/tpotexp/env/lib/python3.10/site-packages/sklearn/utils/_param_validation.py", line 95, in validate_parameter_constraints
    raise InvalidParameterError(
sklearn.utils._param_validation.InvalidParameterError: The 'criterion' parameter of DecisionTreeRegressor must be a str among {'friedman_mse', 'poisson', 'absolute_error', 'squared_error'}. Got 'mae' instead.

WARNING THIS INDIVIDUAL CAUSED AND EXCEPTION 
 <tpot2.search_spaces.pipelines.sequential.SequentialPipelineIndividual object at 0x15547465af80> 
 The 'criterion' parameter of RandomForestRegressor must be a str among {'friedman_mse', 'poisson', 'absolute_error', 'squared_error'}. Got 'mse' instead. 
 Traceback (most recent call last):
  File "/common/ketrong/tpotexp/tpot2/tpot2/utils/eval_utils.py", line 53, in objective_nan_wrapper
    value = func_timeout.func_timeout(timeout, objective_function, args=[individual], kwargs=objective_kwargs)
  File "/common/ketrong/tpotexp/env/lib/python3.10/site-packages/func_timeout/dafunc.py", line 108, in func_timeout
    raise_exception(exception)
  File "/common/ketrong/tpotexp/env/lib/python3.10/site-packages/func_timeout/py3_raise.py", line 7, in raise_exception
    raise exception[0] from None
  File "/common/ketrong/tpotexp/tpot2/tpot2/tpot_estimator/estimator.py", line 623, in objective_function
    return objective_function_generator(
  File "/common/ketrong/tpotexp/tpot2/tpot2/tpot_estimator/estimator_utils.py", line 55, in objective_function_generator
    cv_obj_scores = cross_val_score_objective(sklearn.base.clone(pipeline),x,y,scorers=scorers, cv=cv , fold=step)
  File "/common/ketrong/tpotexp/tpot2/tpot2/tpot_estimator/cross_val_utils.py", line 28, in cross_val_score_objective
    this_fold_pipeline.fit(X_train,y_train)
  File "/common/ketrong/tpotexp/env/lib/python3.10/site-packages/sklearn/base.py", line 1473, in wrapper
    return fit_method(estimator, *args, **kwargs)
  File "/common/ketrong/tpotexp/env/lib/python3.10/site-packages/sklearn/pipeline.py", line 473, in fit
    self._final_estimator.fit(Xt, y, **last_step_params["fit"])
  File "/common/ketrong/tpotexp/env/lib/python3.10/site-packages/sklearn/base.py", line 1466, in wrapper
    estimator._validate_params()
  File "/common/ketrong/tpotexp/env/lib/python3.10/site-packages/sklearn/base.py", line 666, in _validate_params
    validate_parameter_constraints(
  File "/common/ketrong/tpotexp/env/lib/python3.10/site-packages/sklearn/utils/_param_validation.py", line 95, in validate_parameter_constraints
    raise InvalidParameterError(
sklearn.utils._param_validation.InvalidParameterError: The 'criterion' parameter of RandomForestRegressor must be a str among {'friedman_mse', 'poisson', 'absolute_error', 'squared_error'}. Got 'mse' instead.

Generation:  1
Best root_mean_squared_error score: -30552.762536210368
Generation:   4%|         | 1/25 [01:17<31:10, 77.94s/it]WARNING THIS INDIVIDUAL CAUSED AND EXCEPTION 
 <tpot2.search_spaces.pipelines.sequential.SequentialPipelineIndividual object at 0x1554744ad240> 
 The 'criterion' parameter of RandomForestRegressor must be a str among {'friedman_mse', 'poisson', 'absolute_error', 'squared_error'}. Got 'mae' instead. 
 Traceback (most recent call last):
  File "/common/ketrong/tpotexp/tpot2/tpot2/utils/eval_utils.py", line 53, in objective_nan_wrapper
    value = func_timeout.func_timeout(timeout, objective_function, args=[individual], kwargs=objective_kwargs)
  File "/common/ketrong/tpotexp/env/lib/python3.10/site-packages/func_timeout/dafunc.py", line 108, in func_timeout
    raise_exception(exception)
  File "/common/ketrong/tpotexp/env/lib/python3.10/site-packages/func_timeout/py3_raise.py", line 7, in raise_exception
    raise exception[0] from None
  File "/common/ketrong/tpotexp/tpot2/tpot2/tpot_estimator/estimator.py", line 623, in objective_function
    return objective_function_generator(
  File "/common/ketrong/tpotexp/tpot2/tpot2/tpot_estimator/estimator_utils.py", line 55, in objective_function_generator
    cv_obj_scores = cross_val_score_objective(sklearn.base.clone(pipeline),x,y,scorers=scorers, cv=cv , fold=step)
  File "/common/ketrong/tpotexp/tpot2/tpot2/tpot_estimator/cross_val_utils.py", line 28, in cross_val_score_objective
    this_fold_pipeline.fit(X_train,y_train)
  File "/common/ketrong/tpotexp/env/lib/python3.10/site-packages/sklearn/base.py", line 1473, in wrapper
    return fit_method(estimator, *args, **kwargs)
  File "/common/ketrong/tpotexp/env/lib/python3.10/site-packages/sklearn/pipeline.py", line 473, in fit
    self._final_estimator.fit(Xt, y, **last_step_params["fit"])
  File "/common/ketrong/tpotexp/env/lib/python3.10/site-packages/sklearn/base.py", line 1466, in wrapper
    estimator._validate_params()
  File "/common/ketrong/tpotexp/env/lib/python3.10/site-packages/sklearn/base.py", line 666, in _validate_params
    validate_parameter_constraints(
  File "/common/ketrong/tpotexp/env/lib/python3.10/site-packages/sklearn/utils/_param_validation.py", line 95, in validate_parameter_constraints
    raise InvalidParameterError(
sklearn.utils._param_validation.InvalidParameterError: The 'criterion' parameter of RandomForestRegressor must be a str among {'friedman_mse', 'poisson', 'absolute_error', 'squared_error'}. Got 'mae' instead.

WARNING AN INDIVIDUAL TIMED OUT: 
 <tpot2.search_spaces.pipelines.sequential.SequentialPipelineIndividual object at 0x15547469f760> 

Generation:  2
Best root_mean_squared_error score: -30552.762536210368
Generation:   8%|         | 2/25 [11:39<2:32:22, 397.51s/it]Generation:  3
Best root_mean_squared_error score: -30175.84746217775
Generation:  12%|        | 3/25 [12:31<1:28:01, 240.09s/it]WARNING THIS INDIVIDUAL CAUSED AND EXCEPTION 
 <tpot2.search_spaces.pipelines.sequential.SequentialPipelineIndividual object at 0x1554744c62f0> 
 The 'criterion' parameter of RandomForestRegressor must be a str among {'friedman_mse', 'poisson', 'absolute_error', 'squared_error'}. Got 'mae' instead. 
 Traceback (most recent call last):
  File "/common/ketrong/tpotexp/tpot2/tpot2/utils/eval_utils.py", line 53, in objective_nan_wrapper
    value = func_timeout.func_timeout(timeout, objective_function, args=[individual], kwargs=objective_kwargs)
  File "/common/ketrong/tpotexp/env/lib/python3.10/site-packages/func_timeout/dafunc.py", line 108, in func_timeout
    raise_exception(exception)
  File "/common/ketrong/tpotexp/env/lib/python3.10/site-packages/func_timeout/py3_raise.py", line 7, in raise_exception
    raise exception[0] from None
  File "/common/ketrong/tpotexp/tpot2/tpot2/tpot_estimator/estimator.py", line 623, in objective_function
    return objective_function_generator(
  File "/common/ketrong/tpotexp/tpot2/tpot2/tpot_estimator/estimator_utils.py", line 55, in objective_function_generator
    cv_obj_scores = cross_val_score_objective(sklearn.base.clone(pipeline),x,y,scorers=scorers, cv=cv , fold=step)
  File "/common/ketrong/tpotexp/tpot2/tpot2/tpot_estimator/cross_val_utils.py", line 28, in cross_val_score_objective
    this_fold_pipeline.fit(X_train,y_train)
  File "/common/ketrong/tpotexp/env/lib/python3.10/site-packages/sklearn/base.py", line 1473, in wrapper
    return fit_method(estimator, *args, **kwargs)
  File "/common/ketrong/tpotexp/env/lib/python3.10/site-packages/sklearn/pipeline.py", line 473, in fit
    self._final_estimator.fit(Xt, y, **last_step_params["fit"])
  File "/common/ketrong/tpotexp/env/lib/python3.10/site-packages/sklearn/base.py", line 1466, in wrapper
    estimator._validate_params()
  File "/common/ketrong/tpotexp/env/lib/python3.10/site-packages/sklearn/base.py", line 666, in _validate_params
    validate_parameter_constraints(
  File "/common/ketrong/tpotexp/env/lib/python3.10/site-packages/sklearn/utils/_param_validation.py", line 95, in validate_parameter_constraints
    raise InvalidParameterError(
sklearn.utils._param_validation.InvalidParameterError: The 'criterion' parameter of RandomForestRegressor must be a str among {'friedman_mse', 'poisson', 'absolute_error', 'squared_error'}. Got 'mae' instead.

WARNING THIS INDIVIDUAL CAUSED AND EXCEPTION 
 <tpot2.search_spaces.pipelines.sequential.SequentialPipelineIndividual object at 0x155467e66800> 
 The 'criterion' parameter of RandomForestRegressor must be a str among {'friedman_mse', 'poisson', 'absolute_error', 'squared_error'}. Got 'mae' instead. 
 Traceback (most recent call last):
  File "/common/ketrong/tpotexp/tpot2/tpot2/utils/eval_utils.py", line 53, in objective_nan_wrapper
    value = func_timeout.func_timeout(timeout, objective_function, args=[individual], kwargs=objective_kwargs)
  File "/common/ketrong/tpotexp/env/lib/python3.10/site-packages/func_timeout/dafunc.py", line 108, in func_timeout
    raise_exception(exception)
  File "/common/ketrong/tpotexp/env/lib/python3.10/site-packages/func_timeout/py3_raise.py", line 7, in raise_exception
    raise exception[0] from None
  File "/common/ketrong/tpotexp/tpot2/tpot2/tpot_estimator/estimator.py", line 623, in objective_function
    return objective_function_generator(
  File "/common/ketrong/tpotexp/tpot2/tpot2/tpot_estimator/estimator_utils.py", line 55, in objective_function_generator
    cv_obj_scores = cross_val_score_objective(sklearn.base.clone(pipeline),x,y,scorers=scorers, cv=cv , fold=step)
  File "/common/ketrong/tpotexp/tpot2/tpot2/tpot_estimator/cross_val_utils.py", line 28, in cross_val_score_objective
    this_fold_pipeline.fit(X_train,y_train)
  File "/common/ketrong/tpotexp/env/lib/python3.10/site-packages/sklearn/base.py", line 1473, in wrapper
    return fit_method(estimator, *args, **kwargs)
  File "/common/ketrong/tpotexp/env/lib/python3.10/site-packages/sklearn/pipeline.py", line 473, in fit
    self._final_estimator.fit(Xt, y, **last_step_params["fit"])
  File "/common/ketrong/tpotexp/env/lib/python3.10/site-packages/sklearn/base.py", line 1466, in wrapper
    estimator._validate_params()
  File "/common/ketrong/tpotexp/env/lib/python3.10/site-packages/sklearn/base.py", line 666, in _validate_params
    validate_parameter_constraints(
  File "/common/ketrong/tpotexp/env/lib/python3.10/site-packages/sklearn/utils/_param_validation.py", line 95, in validate_parameter_constraints
    raise InvalidParameterError(
sklearn.utils._param_validation.InvalidParameterError: The 'criterion' parameter of RandomForestRegressor must be a str among {'friedman_mse', 'poisson', 'absolute_error', 'squared_error'}. Got 'mae' instead.

Generation:  4
Best root_mean_squared_error score: -30175.84746217775
Generation:  16%|        | 4/25 [22:13<2:11:15, 375.04s/it]WARNING THIS INDIVIDUAL CAUSED AND EXCEPTION 
 <tpot2.search_spaces.pipelines.sequential.SequentialPipelineIndividual object at 0x1554677ea440> 
 The 'criterion' parameter of DecisionTreeRegressor must be a str among {'friedman_mse', 'poisson', 'absolute_error', 'squared_error'}. Got 'mae' instead. 
 Traceback (most recent call last):
  File "/common/ketrong/tpotexp/tpot2/tpot2/utils/eval_utils.py", line 53, in objective_nan_wrapper
    value = func_timeout.func_timeout(timeout, objective_function, args=[individual], kwargs=objective_kwargs)
  File "/common/ketrong/tpotexp/env/lib/python3.10/site-packages/func_timeout/dafunc.py", line 108, in func_timeout
    raise_exception(exception)
  File "/common/ketrong/tpotexp/env/lib/python3.10/site-packages/func_timeout/py3_raise.py", line 7, in raise_exception
    raise exception[0] from None
  File "/common/ketrong/tpotexp/tpot2/tpot2/tpot_estimator/estimator.py", line 623, in objective_function
    return objective_function_generator(
  File "/common/ketrong/tpotexp/tpot2/tpot2/tpot_estimator/estimator_utils.py", line 55, in objective_function_generator
    cv_obj_scores = cross_val_score_objective(sklearn.base.clone(pipeline),x,y,scorers=scorers, cv=cv , fold=step)
  File "/common/ketrong/tpotexp/tpot2/tpot2/tpot_estimator/cross_val_utils.py", line 28, in cross_val_score_objective
    this_fold_pipeline.fit(X_train,y_train)
  File "/common/ketrong/tpotexp/env/lib/python3.10/site-packages/sklearn/base.py", line 1473, in wrapper
    return fit_method(estimator, *args, **kwargs)
  File "/common/ketrong/tpotexp/env/lib/python3.10/site-packages/sklearn/pipeline.py", line 473, in fit
    self._final_estimator.fit(Xt, y, **last_step_params["fit"])
  File "/common/ketrong/tpotexp/env/lib/python3.10/site-packages/sklearn/base.py", line 1466, in wrapper
    estimator._validate_params()
  File "/common/ketrong/tpotexp/env/lib/python3.10/site-packages/sklearn/base.py", line 666, in _validate_params
    validate_parameter_constraints(
  File "/common/ketrong/tpotexp/env/lib/python3.10/site-packages/sklearn/utils/_param_validation.py", line 95, in validate_parameter_constraints
    raise InvalidParameterError(
sklearn.utils._param_validation.InvalidParameterError: The 'criterion' parameter of DecisionTreeRegressor must be a str among {'friedman_mse', 'poisson', 'absolute_error', 'squared_error'}. Got 'mae' instead.

Generation:  5
Best root_mean_squared_error score: -30175.84746217775
Generation:  20%|        | 5/25 [23:17<1:27:32, 262.63s/it]WARNING THIS INDIVIDUAL CAUSED AND EXCEPTION 
 <tpot2.search_spaces.pipelines.sequential.SequentialPipelineIndividual object at 0x155467e151e0> 
 The 'criterion' parameter of ExtraTreesRegressor must be a str among {'friedman_mse', 'poisson', 'absolute_error', 'squared_error'}. Got 'mae' instead. 
 Traceback (most recent call last):
  File "/common/ketrong/tpotexp/tpot2/tpot2/utils/eval_utils.py", line 53, in objective_nan_wrapper
    value = func_timeout.func_timeout(timeout, objective_function, args=[individual], kwargs=objective_kwargs)
  File "/common/ketrong/tpotexp/env/lib/python3.10/site-packages/func_timeout/dafunc.py", line 108, in func_timeout
    raise_exception(exception)
  File "/common/ketrong/tpotexp/env/lib/python3.10/site-packages/func_timeout/py3_raise.py", line 7, in raise_exception
    raise exception[0] from None
  File "/common/ketrong/tpotexp/tpot2/tpot2/tpot_estimator/estimator.py", line 623, in objective_function
    return objective_function_generator(
  File "/common/ketrong/tpotexp/tpot2/tpot2/tpot_estimator/estimator_utils.py", line 55, in objective_function_generator
    cv_obj_scores = cross_val_score_objective(sklearn.base.clone(pipeline),x,y,scorers=scorers, cv=cv , fold=step)
  File "/common/ketrong/tpotexp/tpot2/tpot2/tpot_estimator/cross_val_utils.py", line 28, in cross_val_score_objective
    this_fold_pipeline.fit(X_train,y_train)
  File "/common/ketrong/tpotexp/env/lib/python3.10/site-packages/sklearn/base.py", line 1473, in wrapper
    return fit_method(estimator, *args, **kwargs)
  File "/common/ketrong/tpotexp/env/lib/python3.10/site-packages/sklearn/pipeline.py", line 473, in fit
    self._final_estimator.fit(Xt, y, **last_step_params["fit"])
  File "/common/ketrong/tpotexp/env/lib/python3.10/site-packages/sklearn/base.py", line 1466, in wrapper
    estimator._validate_params()
  File "/common/ketrong/tpotexp/env/lib/python3.10/site-packages/sklearn/base.py", line 666, in _validate_params
    validate_parameter_constraints(
  File "/common/ketrong/tpotexp/env/lib/python3.10/site-packages/sklearn/utils/_param_validation.py", line 95, in validate_parameter_constraints
    raise InvalidParameterError(
sklearn.utils._param_validation.InvalidParameterError: The 'criterion' parameter of ExtraTreesRegressor must be a str among {'friedman_mse', 'poisson', 'absolute_error', 'squared_error'}. Got 'mae' instead.

Generation:  6
Best root_mean_squared_error score: -30175.84746217775
Generation:  24%|       | 6/25 [25:20<1:08:07, 215.14s/it]WARNING THIS INDIVIDUAL CAUSED AND EXCEPTION 
 <tpot2.search_spaces.pipelines.sequential.SequentialPipelineIndividual object at 0x1554746ab100> 
 The 'criterion' parameter of ExtraTreesRegressor must be a str among {'friedman_mse', 'poisson', 'absolute_error', 'squared_error'}. Got 'mae' instead. 
 Traceback (most recent call last):
  File "/common/ketrong/tpotexp/tpot2/tpot2/utils/eval_utils.py", line 53, in objective_nan_wrapper
    value = func_timeout.func_timeout(timeout, objective_function, args=[individual], kwargs=objective_kwargs)
  File "/common/ketrong/tpotexp/env/lib/python3.10/site-packages/func_timeout/dafunc.py", line 108, in func_timeout
    raise_exception(exception)
  File "/common/ketrong/tpotexp/env/lib/python3.10/site-packages/func_timeout/py3_raise.py", line 7, in raise_exception
    raise exception[0] from None
  File "/common/ketrong/tpotexp/tpot2/tpot2/tpot_estimator/estimator.py", line 623, in objective_function
    return objective_function_generator(
  File "/common/ketrong/tpotexp/tpot2/tpot2/tpot_estimator/estimator_utils.py", line 55, in objective_function_generator
    cv_obj_scores = cross_val_score_objective(sklearn.base.clone(pipeline),x,y,scorers=scorers, cv=cv , fold=step)
  File "/common/ketrong/tpotexp/tpot2/tpot2/tpot_estimator/cross_val_utils.py", line 28, in cross_val_score_objective
    this_fold_pipeline.fit(X_train,y_train)
  File "/common/ketrong/tpotexp/env/lib/python3.10/site-packages/sklearn/base.py", line 1473, in wrapper
    return fit_method(estimator, *args, **kwargs)
  File "/common/ketrong/tpotexp/env/lib/python3.10/site-packages/sklearn/pipeline.py", line 473, in fit
    self._final_estimator.fit(Xt, y, **last_step_params["fit"])
  File "/common/ketrong/tpotexp/env/lib/python3.10/site-packages/sklearn/base.py", line 1466, in wrapper
    estimator._validate_params()
  File "/common/ketrong/tpotexp/env/lib/python3.10/site-packages/sklearn/base.py", line 666, in _validate_params
    validate_parameter_constraints(
  File "/common/ketrong/tpotexp/env/lib/python3.10/site-packages/sklearn/utils/_param_validation.py", line 95, in validate_parameter_constraints
    raise InvalidParameterError(
sklearn.utils._param_validation.InvalidParameterError: The 'criterion' parameter of ExtraTreesRegressor must be a str among {'friedman_mse', 'poisson', 'absolute_error', 'squared_error'}. Got 'mae' instead.

Generation:  7
Best root_mean_squared_error score: -30175.84746217775
Generation:  28%|       | 7/25 [26:31<50:29, 168.30s/it]  Generation:  8
Best root_mean_squared_error score: -30175.84746217775
Generation:  32%|      | 8/25 [27:46<39:13, 138.41s/it]WARNING THIS INDIVIDUAL CAUSED AND EXCEPTION 
 <tpot2.search_spaces.pipelines.sequential.SequentialPipelineIndividual object at 0x155467e41ea0> 
 The 'criterion' parameter of DecisionTreeRegressor must be a str among {'friedman_mse', 'poisson', 'absolute_error', 'squared_error'}. Got 'mae' instead. 
 Traceback (most recent call last):
  File "/common/ketrong/tpotexp/tpot2/tpot2/utils/eval_utils.py", line 53, in objective_nan_wrapper
    value = func_timeout.func_timeout(timeout, objective_function, args=[individual], kwargs=objective_kwargs)
  File "/common/ketrong/tpotexp/env/lib/python3.10/site-packages/func_timeout/dafunc.py", line 108, in func_timeout
    raise_exception(exception)
  File "/common/ketrong/tpotexp/env/lib/python3.10/site-packages/func_timeout/py3_raise.py", line 7, in raise_exception
    raise exception[0] from None
  File "/common/ketrong/tpotexp/tpot2/tpot2/tpot_estimator/estimator.py", line 623, in objective_function
    return objective_function_generator(
  File "/common/ketrong/tpotexp/tpot2/tpot2/tpot_estimator/estimator_utils.py", line 55, in objective_function_generator
    cv_obj_scores = cross_val_score_objective(sklearn.base.clone(pipeline),x,y,scorers=scorers, cv=cv , fold=step)
  File "/common/ketrong/tpotexp/tpot2/tpot2/tpot_estimator/cross_val_utils.py", line 28, in cross_val_score_objective
    this_fold_pipeline.fit(X_train,y_train)
  File "/common/ketrong/tpotexp/env/lib/python3.10/site-packages/sklearn/base.py", line 1473, in wrapper
    return fit_method(estimator, *args, **kwargs)
  File "/common/ketrong/tpotexp/env/lib/python3.10/site-packages/sklearn/pipeline.py", line 473, in fit
    self._final_estimator.fit(Xt, y, **last_step_params["fit"])
  File "/common/ketrong/tpotexp/env/lib/python3.10/site-packages/sklearn/base.py", line 1466, in wrapper
    estimator._validate_params()
  File "/common/ketrong/tpotexp/env/lib/python3.10/site-packages/sklearn/base.py", line 666, in _validate_params
    validate_parameter_constraints(
  File "/common/ketrong/tpotexp/env/lib/python3.10/site-packages/sklearn/utils/_param_validation.py", line 95, in validate_parameter_constraints
    raise InvalidParameterError(
sklearn.utils._param_validation.InvalidParameterError: The 'criterion' parameter of DecisionTreeRegressor must be a str among {'friedman_mse', 'poisson', 'absolute_error', 'squared_error'}. Got 'mae' instead.

Generation:  9
Best root_mean_squared_error score: -30175.84746217775
Generation:  36%|      | 9/25 [28:42<30:01, 112.58s/it]Generation:  10
Best root_mean_squared_error score: -30175.84746217775
Generation:  40%|      | 10/25 [30:10<26:17, 105.17s/it]Generation:  11
Best root_mean_squared_error score: -30175.84746217775
Generation:  44%|     | 11/25 [32:10<25:34, 109.59s/it]WARNING THIS INDIVIDUAL CAUSED AND EXCEPTION 
 <tpot2.search_spaces.pipelines.sequential.SequentialPipelineIndividual object at 0x155467d44730> 
 The 'criterion' parameter of DecisionTreeRegressor must be a str among {'friedman_mse', 'poisson', 'absolute_error', 'squared_error'}. Got 'mae' instead. 
 Traceback (most recent call last):
  File "/common/ketrong/tpotexp/tpot2/tpot2/utils/eval_utils.py", line 53, in objective_nan_wrapper
    value = func_timeout.func_timeout(timeout, objective_function, args=[individual], kwargs=objective_kwargs)
  File "/common/ketrong/tpotexp/env/lib/python3.10/site-packages/func_timeout/dafunc.py", line 108, in func_timeout
    raise_exception(exception)
  File "/common/ketrong/tpotexp/env/lib/python3.10/site-packages/func_timeout/py3_raise.py", line 7, in raise_exception
    raise exception[0] from None
  File "/common/ketrong/tpotexp/tpot2/tpot2/tpot_estimator/estimator.py", line 623, in objective_function
    return objective_function_generator(
  File "/common/ketrong/tpotexp/tpot2/tpot2/tpot_estimator/estimator_utils.py", line 55, in objective_function_generator
    cv_obj_scores = cross_val_score_objective(sklearn.base.clone(pipeline),x,y,scorers=scorers, cv=cv , fold=step)
  File "/common/ketrong/tpotexp/tpot2/tpot2/tpot_estimator/cross_val_utils.py", line 28, in cross_val_score_objective
    this_fold_pipeline.fit(X_train,y_train)
  File "/common/ketrong/tpotexp/env/lib/python3.10/site-packages/sklearn/base.py", line 1473, in wrapper
    return fit_method(estimator, *args, **kwargs)
  File "/common/ketrong/tpotexp/env/lib/python3.10/site-packages/sklearn/pipeline.py", line 473, in fit
    self._final_estimator.fit(Xt, y, **last_step_params["fit"])
  File "/common/ketrong/tpotexp/env/lib/python3.10/site-packages/sklearn/base.py", line 1466, in wrapper
    estimator._validate_params()
  File "/common/ketrong/tpotexp/env/lib/python3.10/site-packages/sklearn/base.py", line 666, in _validate_params
    validate_parameter_constraints(
  File "/common/ketrong/tpotexp/env/lib/python3.10/site-packages/sklearn/utils/_param_validation.py", line 95, in validate_parameter_constraints
    raise InvalidParameterError(
sklearn.utils._param_validation.InvalidParameterError: The 'criterion' parameter of DecisionTreeRegressor must be a str among {'friedman_mse', 'poisson', 'absolute_error', 'squared_error'}. Got 'mae' instead.

Generation:  12
Best root_mean_squared_error score: -30175.84746217775
Generation:  48%|     | 12/25 [33:57<23:35, 108.88s/it]Generation:  13
Best root_mean_squared_error score: -30175.84746217775
Generation:  52%|    | 13/25 [35:23<20:24, 102.06s/it]WARNING THIS INDIVIDUAL CAUSED AND EXCEPTION 
 <tpot2.search_spaces.pipelines.sequential.SequentialPipelineIndividual object at 0x15547469dff0> 
 The 'criterion' parameter of DecisionTreeRegressor must be a str among {'friedman_mse', 'poisson', 'absolute_error', 'squared_error'}. Got 'mae' instead. 
 Traceback (most recent call last):
  File "/common/ketrong/tpotexp/tpot2/tpot2/utils/eval_utils.py", line 53, in objective_nan_wrapper
    value = func_timeout.func_timeout(timeout, objective_function, args=[individual], kwargs=objective_kwargs)
  File "/common/ketrong/tpotexp/env/lib/python3.10/site-packages/func_timeout/dafunc.py", line 108, in func_timeout
    raise_exception(exception)
  File "/common/ketrong/tpotexp/env/lib/python3.10/site-packages/func_timeout/py3_raise.py", line 7, in raise_exception
    raise exception[0] from None
  File "/common/ketrong/tpotexp/tpot2/tpot2/tpot_estimator/estimator.py", line 623, in objective_function
    return objective_function_generator(
  File "/common/ketrong/tpotexp/tpot2/tpot2/tpot_estimator/estimator_utils.py", line 55, in objective_function_generator
    cv_obj_scores = cross_val_score_objective(sklearn.base.clone(pipeline),x,y,scorers=scorers, cv=cv , fold=step)
  File "/common/ketrong/tpotexp/tpot2/tpot2/tpot_estimator/cross_val_utils.py", line 28, in cross_val_score_objective
    this_fold_pipeline.fit(X_train,y_train)
  File "/common/ketrong/tpotexp/env/lib/python3.10/site-packages/sklearn/base.py", line 1473, in wrapper
    return fit_method(estimator, *args, **kwargs)
  File "/common/ketrong/tpotexp/env/lib/python3.10/site-packages/sklearn/pipeline.py", line 473, in fit
    self._final_estimator.fit(Xt, y, **last_step_params["fit"])
  File "/common/ketrong/tpotexp/env/lib/python3.10/site-packages/sklearn/base.py", line 1466, in wrapper
    estimator._validate_params()
  File "/common/ketrong/tpotexp/env/lib/python3.10/site-packages/sklearn/base.py", line 666, in _validate_params
    validate_parameter_constraints(
  File "/common/ketrong/tpotexp/env/lib/python3.10/site-packages/sklearn/utils/_param_validation.py", line 95, in validate_parameter_constraints
    raise InvalidParameterError(
sklearn.utils._param_validation.InvalidParameterError: The 'criterion' parameter of DecisionTreeRegressor must be a str among {'friedman_mse', 'poisson', 'absolute_error', 'squared_error'}. Got 'mae' instead.

WARNING THIS INDIVIDUAL CAUSED AND EXCEPTION 
 <tpot2.search_spaces.pipelines.sequential.SequentialPipelineIndividual object at 0x155467e58460> 
 The 'criterion' parameter of RandomForestRegressor must be a str among {'friedman_mse', 'poisson', 'absolute_error', 'squared_error'}. Got 'mse' instead. 
 Traceback (most recent call last):
  File "/common/ketrong/tpotexp/tpot2/tpot2/utils/eval_utils.py", line 53, in objective_nan_wrapper
    value = func_timeout.func_timeout(timeout, objective_function, args=[individual], kwargs=objective_kwargs)
  File "/common/ketrong/tpotexp/env/lib/python3.10/site-packages/func_timeout/dafunc.py", line 108, in func_timeout
    raise_exception(exception)
  File "/common/ketrong/tpotexp/env/lib/python3.10/site-packages/func_timeout/py3_raise.py", line 7, in raise_exception
    raise exception[0] from None
  File "/common/ketrong/tpotexp/tpot2/tpot2/tpot_estimator/estimator.py", line 623, in objective_function
    return objective_function_generator(
  File "/common/ketrong/tpotexp/tpot2/tpot2/tpot_estimator/estimator_utils.py", line 55, in objective_function_generator
    cv_obj_scores = cross_val_score_objective(sklearn.base.clone(pipeline),x,y,scorers=scorers, cv=cv , fold=step)
  File "/common/ketrong/tpotexp/tpot2/tpot2/tpot_estimator/cross_val_utils.py", line 28, in cross_val_score_objective
    this_fold_pipeline.fit(X_train,y_train)
  File "/common/ketrong/tpotexp/env/lib/python3.10/site-packages/sklearn/base.py", line 1473, in wrapper
    return fit_method(estimator, *args, **kwargs)
  File "/common/ketrong/tpotexp/env/lib/python3.10/site-packages/sklearn/pipeline.py", line 473, in fit
    self._final_estimator.fit(Xt, y, **last_step_params["fit"])
  File "/common/ketrong/tpotexp/env/lib/python3.10/site-packages/sklearn/base.py", line 1466, in wrapper
    estimator._validate_params()
  File "/common/ketrong/tpotexp/env/lib/python3.10/site-packages/sklearn/base.py", line 666, in _validate_params
    validate_parameter_constraints(
  File "/common/ketrong/tpotexp/env/lib/python3.10/site-packages/sklearn/utils/_param_validation.py", line 95, in validate_parameter_constraints
    raise InvalidParameterError(
sklearn.utils._param_validation.InvalidParameterError: The 'criterion' parameter of RandomForestRegressor must be a str among {'friedman_mse', 'poisson', 'absolute_error', 'squared_error'}. Got 'mse' instead.

Generation:  14
Best root_mean_squared_error score: -30175.84746217775
Generation:  56%|    | 14/25 [37:31<20:05, 109.61s/it]WARNING THIS INDIVIDUAL CAUSED AND EXCEPTION 
 <tpot2.search_spaces.pipelines.sequential.SequentialPipelineIndividual object at 0x155467ffd390> 
 The 'criterion' parameter of RandomForestRegressor must be a str among {'friedman_mse', 'poisson', 'absolute_error', 'squared_error'}. Got 'mae' instead. 
 Traceback (most recent call last):
  File "/common/ketrong/tpotexp/tpot2/tpot2/utils/eval_utils.py", line 53, in objective_nan_wrapper
    value = func_timeout.func_timeout(timeout, objective_function, args=[individual], kwargs=objective_kwargs)
  File "/common/ketrong/tpotexp/env/lib/python3.10/site-packages/func_timeout/dafunc.py", line 108, in func_timeout
    raise_exception(exception)
  File "/common/ketrong/tpotexp/env/lib/python3.10/site-packages/func_timeout/py3_raise.py", line 7, in raise_exception
    raise exception[0] from None
  File "/common/ketrong/tpotexp/tpot2/tpot2/tpot_estimator/estimator.py", line 623, in objective_function
    return objective_function_generator(
  File "/common/ketrong/tpotexp/tpot2/tpot2/tpot_estimator/estimator_utils.py", line 55, in objective_function_generator
    cv_obj_scores = cross_val_score_objective(sklearn.base.clone(pipeline),x,y,scorers=scorers, cv=cv , fold=step)
  File "/common/ketrong/tpotexp/tpot2/tpot2/tpot_estimator/cross_val_utils.py", line 28, in cross_val_score_objective
    this_fold_pipeline.fit(X_train,y_train)
  File "/common/ketrong/tpotexp/env/lib/python3.10/site-packages/sklearn/base.py", line 1473, in wrapper
    return fit_method(estimator, *args, **kwargs)
  File "/common/ketrong/tpotexp/env/lib/python3.10/site-packages/sklearn/pipeline.py", line 473, in fit
    self._final_estimator.fit(Xt, y, **last_step_params["fit"])
  File "/common/ketrong/tpotexp/env/lib/python3.10/site-packages/sklearn/base.py", line 1466, in wrapper
    estimator._validate_params()
  File "/common/ketrong/tpotexp/env/lib/python3.10/site-packages/sklearn/base.py", line 666, in _validate_params
    validate_parameter_constraints(
  File "/common/ketrong/tpotexp/env/lib/python3.10/site-packages/sklearn/utils/_param_validation.py", line 95, in validate_parameter_constraints
    raise InvalidParameterError(
sklearn.utils._param_validation.InvalidParameterError: The 'criterion' parameter of RandomForestRegressor must be a str among {'friedman_mse', 'poisson', 'absolute_error', 'squared_error'}. Got 'mae' instead.

WARNING AN INDIVIDUAL TIMED OUT: 
 <tpot2.search_spaces.pipelines.sequential.SequentialPipelineIndividual object at 0x1554746c5ff0> 

Generation:  15
Best root_mean_squared_error score: -30175.84746217775
Generation:  60%|    | 15/25 [48:57<47:13, 283.39s/it]WARNING THIS INDIVIDUAL CAUSED AND EXCEPTION 
 <tpot2.search_spaces.pipelines.sequential.SequentialPipelineIndividual object at 0x1554746697b0> 
 The 'criterion' parameter of RandomForestRegressor must be a str among {'friedman_mse', 'poisson', 'absolute_error', 'squared_error'}. Got 'mae' instead. 
 Traceback (most recent call last):
  File "/common/ketrong/tpotexp/tpot2/tpot2/utils/eval_utils.py", line 53, in objective_nan_wrapper
    value = func_timeout.func_timeout(timeout, objective_function, args=[individual], kwargs=objective_kwargs)
  File "/common/ketrong/tpotexp/env/lib/python3.10/site-packages/func_timeout/dafunc.py", line 108, in func_timeout
    raise_exception(exception)
  File "/common/ketrong/tpotexp/env/lib/python3.10/site-packages/func_timeout/py3_raise.py", line 7, in raise_exception
    raise exception[0] from None
  File "/common/ketrong/tpotexp/tpot2/tpot2/tpot_estimator/estimator.py", line 623, in objective_function
    return objective_function_generator(
  File "/common/ketrong/tpotexp/tpot2/tpot2/tpot_estimator/estimator_utils.py", line 55, in objective_function_generator
    cv_obj_scores = cross_val_score_objective(sklearn.base.clone(pipeline),x,y,scorers=scorers, cv=cv , fold=step)
  File "/common/ketrong/tpotexp/tpot2/tpot2/tpot_estimator/cross_val_utils.py", line 28, in cross_val_score_objective
    this_fold_pipeline.fit(X_train,y_train)
  File "/common/ketrong/tpotexp/env/lib/python3.10/site-packages/sklearn/base.py", line 1473, in wrapper
    return fit_method(estimator, *args, **kwargs)
  File "/common/ketrong/tpotexp/env/lib/python3.10/site-packages/sklearn/pipeline.py", line 473, in fit
    self._final_estimator.fit(Xt, y, **last_step_params["fit"])
  File "/common/ketrong/tpotexp/env/lib/python3.10/site-packages/sklearn/base.py", line 1466, in wrapper
    estimator._validate_params()
  File "/common/ketrong/tpotexp/env/lib/python3.10/site-packages/sklearn/base.py", line 666, in _validate_params
    validate_parameter_constraints(
  File "/common/ketrong/tpotexp/env/lib/python3.10/site-packages/sklearn/utils/_param_validation.py", line 95, in validate_parameter_constraints
    raise InvalidParameterError(
sklearn.utils._param_validation.InvalidParameterError: The 'criterion' parameter of RandomForestRegressor must be a str among {'friedman_mse', 'poisson', 'absolute_error', 'squared_error'}. Got 'mae' instead.

WARNING THIS INDIVIDUAL CAUSED AND EXCEPTION 
 <tpot2.search_spaces.pipelines.sequential.SequentialPipelineIndividual object at 0x155467ffe6b0> 
 The 'criterion' parameter of RandomForestRegressor must be a str among {'friedman_mse', 'poisson', 'absolute_error', 'squared_error'}. Got 'mae' instead. 
 Traceback (most recent call last):
  File "/common/ketrong/tpotexp/tpot2/tpot2/utils/eval_utils.py", line 53, in objective_nan_wrapper
    value = func_timeout.func_timeout(timeout, objective_function, args=[individual], kwargs=objective_kwargs)
  File "/common/ketrong/tpotexp/env/lib/python3.10/site-packages/func_timeout/dafunc.py", line 108, in func_timeout
    raise_exception(exception)
  File "/common/ketrong/tpotexp/env/lib/python3.10/site-packages/func_timeout/py3_raise.py", line 7, in raise_exception
    raise exception[0] from None
  File "/common/ketrong/tpotexp/tpot2/tpot2/tpot_estimator/estimator.py", line 623, in objective_function
    return objective_function_generator(
  File "/common/ketrong/tpotexp/tpot2/tpot2/tpot_estimator/estimator_utils.py", line 55, in objective_function_generator
    cv_obj_scores = cross_val_score_objective(sklearn.base.clone(pipeline),x,y,scorers=scorers, cv=cv , fold=step)
  File "/common/ketrong/tpotexp/tpot2/tpot2/tpot_estimator/cross_val_utils.py", line 28, in cross_val_score_objective
    this_fold_pipeline.fit(X_train,y_train)
  File "/common/ketrong/tpotexp/env/lib/python3.10/site-packages/sklearn/base.py", line 1473, in wrapper
    return fit_method(estimator, *args, **kwargs)
  File "/common/ketrong/tpotexp/env/lib/python3.10/site-packages/sklearn/pipeline.py", line 473, in fit
    self._final_estimator.fit(Xt, y, **last_step_params["fit"])
  File "/common/ketrong/tpotexp/env/lib/python3.10/site-packages/sklearn/base.py", line 1466, in wrapper
    estimator._validate_params()
  File "/common/ketrong/tpotexp/env/lib/python3.10/site-packages/sklearn/base.py", line 666, in _validate_params
    validate_parameter_constraints(
  File "/common/ketrong/tpotexp/env/lib/python3.10/site-packages/sklearn/utils/_param_validation.py", line 95, in validate_parameter_constraints
    raise InvalidParameterError(
sklearn.utils._param_validation.InvalidParameterError: The 'criterion' parameter of RandomForestRegressor must be a str among {'friedman_mse', 'poisson', 'absolute_error', 'squared_error'}. Got 'mae' instead.

Generation:  16
Best root_mean_squared_error score: -30175.84746217775
Generation:  64%|   | 16/25 [51:03<35:24, 236.10s/it]WARNING THIS INDIVIDUAL CAUSED AND EXCEPTION 
 <tpot2.search_spaces.pipelines.sequential.SequentialPipelineIndividual object at 0x15545da0d030> 
 The 'criterion' parameter of DecisionTreeRegressor must be a str among {'friedman_mse', 'poisson', 'absolute_error', 'squared_error'}. Got 'mae' instead. 
 Traceback (most recent call last):
  File "/common/ketrong/tpotexp/tpot2/tpot2/utils/eval_utils.py", line 53, in objective_nan_wrapper
    value = func_timeout.func_timeout(timeout, objective_function, args=[individual], kwargs=objective_kwargs)
  File "/common/ketrong/tpotexp/env/lib/python3.10/site-packages/func_timeout/dafunc.py", line 108, in func_timeout
    raise_exception(exception)
  File "/common/ketrong/tpotexp/env/lib/python3.10/site-packages/func_timeout/py3_raise.py", line 7, in raise_exception
    raise exception[0] from None
  File "/common/ketrong/tpotexp/tpot2/tpot2/tpot_estimator/estimator.py", line 623, in objective_function
    return objective_function_generator(
  File "/common/ketrong/tpotexp/tpot2/tpot2/tpot_estimator/estimator_utils.py", line 55, in objective_function_generator
    cv_obj_scores = cross_val_score_objective(sklearn.base.clone(pipeline),x,y,scorers=scorers, cv=cv , fold=step)
  File "/common/ketrong/tpotexp/tpot2/tpot2/tpot_estimator/cross_val_utils.py", line 28, in cross_val_score_objective
    this_fold_pipeline.fit(X_train,y_train)
  File "/common/ketrong/tpotexp/env/lib/python3.10/site-packages/sklearn/base.py", line 1473, in wrapper
    return fit_method(estimator, *args, **kwargs)
  File "/common/ketrong/tpotexp/env/lib/python3.10/site-packages/sklearn/pipeline.py", line 473, in fit
    self._final_estimator.fit(Xt, y, **last_step_params["fit"])
  File "/common/ketrong/tpotexp/env/lib/python3.10/site-packages/sklearn/base.py", line 1466, in wrapper
    estimator._validate_params()
  File "/common/ketrong/tpotexp/env/lib/python3.10/site-packages/sklearn/base.py", line 666, in _validate_params
    validate_parameter_constraints(
  File "/common/ketrong/tpotexp/env/lib/python3.10/site-packages/sklearn/utils/_param_validation.py", line 95, in validate_parameter_constraints
    raise InvalidParameterError(
sklearn.utils._param_validation.InvalidParameterError: The 'criterion' parameter of DecisionTreeRegressor must be a str among {'friedman_mse', 'poisson', 'absolute_error', 'squared_error'}. Got 'mae' instead.

WARNING THIS INDIVIDUAL CAUSED AND EXCEPTION 
 <tpot2.search_spaces.pipelines.sequential.SequentialPipelineIndividual object at 0x155467e3cc70> 
 The 'criterion' parameter of DecisionTreeRegressor must be a str among {'friedman_mse', 'poisson', 'absolute_error', 'squared_error'}. Got 'mae' instead. 
 Traceback (most recent call last):
  File "/common/ketrong/tpotexp/tpot2/tpot2/utils/eval_utils.py", line 53, in objective_nan_wrapper
    value = func_timeout.func_timeout(timeout, objective_function, args=[individual], kwargs=objective_kwargs)
  File "/common/ketrong/tpotexp/env/lib/python3.10/site-packages/func_timeout/dafunc.py", line 108, in func_timeout
    raise_exception(exception)
  File "/common/ketrong/tpotexp/env/lib/python3.10/site-packages/func_timeout/py3_raise.py", line 7, in raise_exception
    raise exception[0] from None
  File "/common/ketrong/tpotexp/tpot2/tpot2/tpot_estimator/estimator.py", line 623, in objective_function
    return objective_function_generator(
  File "/common/ketrong/tpotexp/tpot2/tpot2/tpot_estimator/estimator_utils.py", line 55, in objective_function_generator
    cv_obj_scores = cross_val_score_objective(sklearn.base.clone(pipeline),x,y,scorers=scorers, cv=cv , fold=step)
  File "/common/ketrong/tpotexp/tpot2/tpot2/tpot_estimator/cross_val_utils.py", line 28, in cross_val_score_objective
    this_fold_pipeline.fit(X_train,y_train)
  File "/common/ketrong/tpotexp/env/lib/python3.10/site-packages/sklearn/base.py", line 1473, in wrapper
    return fit_method(estimator, *args, **kwargs)
  File "/common/ketrong/tpotexp/env/lib/python3.10/site-packages/sklearn/pipeline.py", line 473, in fit
    self._final_estimator.fit(Xt, y, **last_step_params["fit"])
  File "/common/ketrong/tpotexp/env/lib/python3.10/site-packages/sklearn/base.py", line 1466, in wrapper
    estimator._validate_params()
  File "/common/ketrong/tpotexp/env/lib/python3.10/site-packages/sklearn/base.py", line 666, in _validate_params
    validate_parameter_constraints(
  File "/common/ketrong/tpotexp/env/lib/python3.10/site-packages/sklearn/utils/_param_validation.py", line 95, in validate_parameter_constraints
    raise InvalidParameterError(
sklearn.utils._param_validation.InvalidParameterError: The 'criterion' parameter of DecisionTreeRegressor must be a str among {'friedman_mse', 'poisson', 'absolute_error', 'squared_error'}. Got 'mae' instead.

Generation:  17
Best root_mean_squared_error score: -30123.714647461205
Generation:  68%|   | 17/25 [52:50<26:17, 197.21s/it]Generation:  18
Best root_mean_squared_error score: -30123.714647461205
Generation:  72%|  | 18/25 [1:00:23<31:58, 274.13s/it]Generation:  19
Best root_mean_squared_error score: -30123.714647461205
Generation:  76%|  | 19/25 [1:02:22<22:45, 227.53s/it]WARNING THIS INDIVIDUAL CAUSED AND EXCEPTION 
 <tpot2.search_spaces.pipelines.sequential.SequentialPipelineIndividual object at 0x15547465af80> 
 The 'criterion' parameter of DecisionTreeRegressor must be a str among {'friedman_mse', 'poisson', 'absolute_error', 'squared_error'}. Got 'mae' instead. 
 Traceback (most recent call last):
  File "/common/ketrong/tpotexp/tpot2/tpot2/utils/eval_utils.py", line 53, in objective_nan_wrapper
    value = func_timeout.func_timeout(timeout, objective_function, args=[individual], kwargs=objective_kwargs)
  File "/common/ketrong/tpotexp/env/lib/python3.10/site-packages/func_timeout/dafunc.py", line 108, in func_timeout
    raise_exception(exception)
  File "/common/ketrong/tpotexp/env/lib/python3.10/site-packages/func_timeout/py3_raise.py", line 7, in raise_exception
    raise exception[0] from None
  File "/common/ketrong/tpotexp/tpot2/tpot2/tpot_estimator/estimator.py", line 623, in objective_function
    return objective_function_generator(
  File "/common/ketrong/tpotexp/tpot2/tpot2/tpot_estimator/estimator_utils.py", line 55, in objective_function_generator
    cv_obj_scores = cross_val_score_objective(sklearn.base.clone(pipeline),x,y,scorers=scorers, cv=cv , fold=step)
  File "/common/ketrong/tpotexp/tpot2/tpot2/tpot_estimator/cross_val_utils.py", line 28, in cross_val_score_objective
    this_fold_pipeline.fit(X_train,y_train)
  File "/common/ketrong/tpotexp/env/lib/python3.10/site-packages/sklearn/base.py", line 1473, in wrapper
    return fit_method(estimator, *args, **kwargs)
  File "/common/ketrong/tpotexp/env/lib/python3.10/site-packages/sklearn/pipeline.py", line 473, in fit
    self._final_estimator.fit(Xt, y, **last_step_params["fit"])
  File "/common/ketrong/tpotexp/env/lib/python3.10/site-packages/sklearn/base.py", line 1466, in wrapper
    estimator._validate_params()
  File "/common/ketrong/tpotexp/env/lib/python3.10/site-packages/sklearn/base.py", line 666, in _validate_params
    validate_parameter_constraints(
  File "/common/ketrong/tpotexp/env/lib/python3.10/site-packages/sklearn/utils/_param_validation.py", line 95, in validate_parameter_constraints
    raise InvalidParameterError(
sklearn.utils._param_validation.InvalidParameterError: The 'criterion' parameter of DecisionTreeRegressor must be a str among {'friedman_mse', 'poisson', 'absolute_error', 'squared_error'}. Got 'mae' instead.

Generation:  20
Best root_mean_squared_error score: -30123.714647461205
Generation:  80%|  | 20/25 [1:04:45<16:50, 202.09s/it]WARNING THIS INDIVIDUAL CAUSED AND EXCEPTION 
 <tpot2.search_spaces.pipelines.sequential.SequentialPipelineIndividual object at 0x1554746a9270> 
 The 'criterion' parameter of ExtraTreesRegressor must be a str among {'friedman_mse', 'poisson', 'absolute_error', 'squared_error'}. Got 'mae' instead. 
 Traceback (most recent call last):
  File "/common/ketrong/tpotexp/tpot2/tpot2/utils/eval_utils.py", line 53, in objective_nan_wrapper
    value = func_timeout.func_timeout(timeout, objective_function, args=[individual], kwargs=objective_kwargs)
  File "/common/ketrong/tpotexp/env/lib/python3.10/site-packages/func_timeout/dafunc.py", line 108, in func_timeout
    raise_exception(exception)
  File "/common/ketrong/tpotexp/env/lib/python3.10/site-packages/func_timeout/py3_raise.py", line 7, in raise_exception
    raise exception[0] from None
  File "/common/ketrong/tpotexp/tpot2/tpot2/tpot_estimator/estimator.py", line 623, in objective_function
    return objective_function_generator(
  File "/common/ketrong/tpotexp/tpot2/tpot2/tpot_estimator/estimator_utils.py", line 55, in objective_function_generator
    cv_obj_scores = cross_val_score_objective(sklearn.base.clone(pipeline),x,y,scorers=scorers, cv=cv , fold=step)
  File "/common/ketrong/tpotexp/tpot2/tpot2/tpot_estimator/cross_val_utils.py", line 28, in cross_val_score_objective
    this_fold_pipeline.fit(X_train,y_train)
  File "/common/ketrong/tpotexp/env/lib/python3.10/site-packages/sklearn/base.py", line 1473, in wrapper
    return fit_method(estimator, *args, **kwargs)
  File "/common/ketrong/tpotexp/env/lib/python3.10/site-packages/sklearn/pipeline.py", line 473, in fit
    self._final_estimator.fit(Xt, y, **last_step_params["fit"])
  File "/common/ketrong/tpotexp/env/lib/python3.10/site-packages/sklearn/base.py", line 1466, in wrapper
    estimator._validate_params()
  File "/common/ketrong/tpotexp/env/lib/python3.10/site-packages/sklearn/base.py", line 666, in _validate_params
    validate_parameter_constraints(
  File "/common/ketrong/tpotexp/env/lib/python3.10/site-packages/sklearn/utils/_param_validation.py", line 95, in validate_parameter_constraints
    raise InvalidParameterError(
sklearn.utils._param_validation.InvalidParameterError: The 'criterion' parameter of ExtraTreesRegressor must be a str among {'friedman_mse', 'poisson', 'absolute_error', 'squared_error'}. Got 'mae' instead.

Generation:  21
Best root_mean_squared_error score: -30123.714647461205
Generation:  84%| | 21/25 [1:06:51<11:57, 179.37s/it]Generation:  22
Best root_mean_squared_error score: -30123.714647461205
Generation:  88%| | 22/25 [1:08:42<07:56, 158.72s/it]Generation:  23
Best root_mean_squared_error score: -30123.714647461205
Generation:  92%|| 23/25 [1:11:11<05:11, 155.83s/it]Generation:  24
Best root_mean_squared_error score: -30123.714647461205
Generation:  96%|| 24/25 [1:13:43<02:34, 154.69s/it]WARNING THIS INDIVIDUAL CAUSED AND EXCEPTION 
 <tpot2.search_spaces.pipelines.sequential.SequentialPipelineIndividual object at 0x155465492a10> 
 The 'criterion' parameter of RandomForestRegressor must be a str among {'friedman_mse', 'poisson', 'absolute_error', 'squared_error'}. Got 'mse' instead. 
 Traceback (most recent call last):
  File "/common/ketrong/tpotexp/tpot2/tpot2/utils/eval_utils.py", line 53, in objective_nan_wrapper
    value = func_timeout.func_timeout(timeout, objective_function, args=[individual], kwargs=objective_kwargs)
  File "/common/ketrong/tpotexp/env/lib/python3.10/site-packages/func_timeout/dafunc.py", line 108, in func_timeout
    raise_exception(exception)
  File "/common/ketrong/tpotexp/env/lib/python3.10/site-packages/func_timeout/py3_raise.py", line 7, in raise_exception
    raise exception[0] from None
  File "/common/ketrong/tpotexp/tpot2/tpot2/tpot_estimator/estimator.py", line 623, in objective_function
    return objective_function_generator(
  File "/common/ketrong/tpotexp/tpot2/tpot2/tpot_estimator/estimator_utils.py", line 55, in objective_function_generator
    cv_obj_scores = cross_val_score_objective(sklearn.base.clone(pipeline),x,y,scorers=scorers, cv=cv , fold=step)
  File "/common/ketrong/tpotexp/tpot2/tpot2/tpot_estimator/cross_val_utils.py", line 28, in cross_val_score_objective
    this_fold_pipeline.fit(X_train,y_train)
  File "/common/ketrong/tpotexp/env/lib/python3.10/site-packages/sklearn/base.py", line 1473, in wrapper
    return fit_method(estimator, *args, **kwargs)
  File "/common/ketrong/tpotexp/env/lib/python3.10/site-packages/sklearn/pipeline.py", line 473, in fit
    self._final_estimator.fit(Xt, y, **last_step_params["fit"])
  File "/common/ketrong/tpotexp/env/lib/python3.10/site-packages/sklearn/base.py", line 1466, in wrapper
    estimator._validate_params()
  File "/common/ketrong/tpotexp/env/lib/python3.10/site-packages/sklearn/base.py", line 666, in _validate_params
    validate_parameter_constraints(
  File "/common/ketrong/tpotexp/env/lib/python3.10/site-packages/sklearn/utils/_param_validation.py", line 95, in validate_parameter_constraints
    raise InvalidParameterError(
sklearn.utils._param_validation.InvalidParameterError: The 'criterion' parameter of RandomForestRegressor must be a str among {'friedman_mse', 'poisson', 'absolute_error', 'squared_error'}. Got 'mse' instead.

Generation:  25
Best root_mean_squared_error score: -30123.714647461205
Generation: 100%|| 25/25 [1:18:49<00:00, 200.03s/it]Generation: 100%|| 25/25 [1:19:26<00:00, 190.65s/it]
2024-09-26 00:36:32,345 - distributed.scheduler - ERROR - Removing worker 'tcp://127.0.0.1:33565' caused the cluster to lose scattered data, which can't be recovered: {'ndarray-50f2b06fb00e6f601a254f5833fe5141', 'DataFrame-4849a007d34cf0419f2cfa91df79b9dd'} (stimulus_id='handle-worker-cleanup-1727336192.3452687')
Fitted
Pipeline(steps=[('lgbmregressor',
                 LGBMRegressor(boosting_type='goss', max_depth=7,
                               n_estimators=58, n_jobs=1, num_leaves=40,
                               verbose=-1))])
score start
train score: {'explained_var': 0.7815621493675026, 'r2': 0.7815527837149002, 'rmse': 24695.07360508712}
original test score: {'explained_var': 0.6884032688826193, 'r2': 0.6883376197827422, 'rmse': 29511.74866592904}
imputed test score: {'explained_var': 0.6458212680748789, 'r2': 0.645445748783178, 'rmse': 31477.055556306565}
score end
check intended
EXP2 Finished
running experiment 3/3 - What is the best automl settings?
<tpot2.search_spaces.pipelines.sequential.SequentialPipeline object at 0x15543012f160>
Start tpot fit
Version 0.1.7a0 of tpot2 is outdated. Version 0.1.8a0 was released Tuesday September 17, 2024.
Version 0.1.7a0 of tpot2 is outdated. Version 0.1.8a0 was released Tuesday September 17, 2024.
Version 0.1.7a0 of tpot2 is outdated. Version 0.1.8a0 was released Tuesday September 17, 2024.
Version 0.1.7a0 of tpot2 is outdated. Version 0.1.8a0 was released Tuesday September 17, 2024.
Version 0.1.7a0 of tpot2 is outdated. Version 0.1.8a0 was released Tuesday September 17, 2024.
Version 0.1.7a0 of tpot2 is outdated. Version 0.1.8a0 was released Tuesday September 17, 2024.
Version 0.1.7a0 of tpot2 is outdated. Version 0.1.8a0 was released Tuesday September 17, 2024.
Version 0.1.7a0 of tpot2 is outdated. Version 0.1.8a0 was released Tuesday September 17, 2024.
Version 0.1.7a0 of tpot2 is outdated. Version 0.1.8a0 was released Tuesday September 17, 2024.
Version 0.1.7a0 of tpot2 is outdated. Version 0.1.8a0 was released Tuesday September 17, 2024.
Version 0.1.7a0 of tpot2 is outdated. Version 0.1.8a0 was released Tuesday September 17, 2024.
Version 0.1.7a0 of tpot2 is outdated. Version 0.1.8a0 was released Tuesday September 17, 2024.
Version 0.1.7a0 of tpot2 is outdated. Version 0.1.8a0 was released Tuesday September 17, 2024.
Version 0.1.7a0 of tpot2 is outdated. Version 0.1.8a0 was released Tuesday September 17, 2024.
Version 0.1.7a0 of tpot2 is outdated. Version 0.1.8a0 was released Tuesday September 17, 2024.
Version 0.1.7a0 of tpot2 is outdated. Version 0.1.8a0 was released Tuesday September 17, 2024.
  0%|          | 0/25 [00:00<?, ?it/s]Generation:   0%|          | 0/25 [00:00<?, ?it/s]WARNING THIS INDIVIDUAL CAUSED AND EXCEPTION 
 <tpot2.search_spaces.pipelines.sequential.SequentialPipelineIndividual object at 0x155474cd4d30> 
 Input X contains NaN.
SVR does not accept missing values encoded as NaN natively. For supervised learning, you might want to consider sklearn.ensemble.HistGradientBoostingClassifier and Regressor which accept missing values encoded as NaNs natively. Alternatively, it is possible to preprocess the data, for instance by using an imputer transformer in a pipeline or drop samples with missing values. See https://scikit-learn.org/stable/modules/impute.html You can find a list of all estimators that handle NaN values at the following page: https://scikit-learn.org/stable/modules/impute.html#estimators-that-handle-nan-values 
 Traceback (most recent call last):
  File "/common/ketrong/tpotexp/tpot2/tpot2/utils/eval_utils.py", line 53, in objective_nan_wrapper
    value = func_timeout.func_timeout(timeout, objective_function, args=[individual], kwargs=objective_kwargs)
  File "/common/ketrong/tpotexp/env/lib/python3.10/site-packages/func_timeout/dafunc.py", line 108, in func_timeout
    raise_exception(exception)
  File "/common/ketrong/tpotexp/env/lib/python3.10/site-packages/func_timeout/py3_raise.py", line 7, in raise_exception
    raise exception[0] from None
  File "/common/ketrong/tpotexp/tpot2/tpot2/tpot_estimator/estimator.py", line 623, in objective_function
    return objective_function_generator(
  File "/common/ketrong/tpotexp/tpot2/tpot2/tpot_estimator/estimator_utils.py", line 55, in objective_function_generator
    cv_obj_scores = cross_val_score_objective(sklearn.base.clone(pipeline),x,y,scorers=scorers, cv=cv , fold=step)
  File "/common/ketrong/tpotexp/tpot2/tpot2/tpot_estimator/cross_val_utils.py", line 28, in cross_val_score_objective
    this_fold_pipeline.fit(X_train,y_train)
  File "/common/ketrong/tpotexp/env/lib/python3.10/site-packages/sklearn/base.py", line 1473, in wrapper
    return fit_method(estimator, *args, **kwargs)
  File "/common/ketrong/tpotexp/env/lib/python3.10/site-packages/sklearn/pipeline.py", line 473, in fit
    self._final_estimator.fit(Xt, y, **last_step_params["fit"])
  File "/common/ketrong/tpotexp/env/lib/python3.10/site-packages/sklearn/base.py", line 1473, in wrapper
    return fit_method(estimator, *args, **kwargs)
  File "/common/ketrong/tpotexp/env/lib/python3.10/site-packages/sklearn/svm/_base.py", line 190, in fit
    X, y = self._validate_data(
  File "/common/ketrong/tpotexp/env/lib/python3.10/site-packages/sklearn/base.py", line 650, in _validate_data
    X, y = check_X_y(X, y, **check_params)
  File "/common/ketrong/tpotexp/env/lib/python3.10/site-packages/sklearn/utils/validation.py", line 1301, in check_X_y
    X = check_array(
  File "/common/ketrong/tpotexp/env/lib/python3.10/site-packages/sklearn/utils/validation.py", line 1064, in check_array
    _assert_all_finite(
  File "/common/ketrong/tpotexp/env/lib/python3.10/site-packages/sklearn/utils/validation.py", line 123, in _assert_all_finite
    _assert_all_finite_element_wise(
  File "/common/ketrong/tpotexp/env/lib/python3.10/site-packages/sklearn/utils/validation.py", line 172, in _assert_all_finite_element_wise
    raise ValueError(msg_err)
ValueError: Input X contains NaN.
SVR does not accept missing values encoded as NaN natively. For supervised learning, you might want to consider sklearn.ensemble.HistGradientBoostingClassifier and Regressor which accept missing values encoded as NaNs natively. Alternatively, it is possible to preprocess the data, for instance by using an imputer transformer in a pipeline or drop samples with missing values. See https://scikit-learn.org/stable/modules/impute.html You can find a list of all estimators that handle NaN values at the following page: https://scikit-learn.org/stable/modules/impute.html#estimators-that-handle-nan-values

WARNING AN INDIVIDUAL TIMED OUT: 
 <tpot2.search_spaces.pipelines.sequential.SequentialPipelineIndividual object at 0x15547507e860> 

WARNING AN INDIVIDUAL TIMED OUT: 
 <tpot2.search_spaces.pipelines.sequential.SequentialPipelineIndividual object at 0x1554746f91b0> 

WARNING AN INDIVIDUAL TIMED OUT: 
 <tpot2.search_spaces.pipelines.sequential.SequentialPipelineIndividual object at 0x1554746a5360> 

WARNING AN INDIVIDUAL TIMED OUT: 
 <tpot2.search_spaces.pipelines.sequential.SequentialPipelineIndividual object at 0x1554746a42e0> 

Generation:  1
Best root_mean_squared_error score: -34977.9816908634
Generation:   4%|         | 1/25 [10:03<4:01:27, 603.65s/it]Generation:  2
Best root_mean_squared_error score: -30795.902305198088
Generation:   8%|         | 2/25 [12:44<2:11:33, 343.19s/it]Generation:  3
Best root_mean_squared_error score: -30727.45752556005
Generation:  12%|        | 3/25 [13:39<1:17:31, 211.44s/it]WARNING THIS INDIVIDUAL CAUSED AND EXCEPTION 
 <tpot2.search_spaces.pipelines.sequential.SequentialPipelineIndividual object at 0x15545fde1450> 
 The 'criterion' parameter of DecisionTreeRegressor must be a str among {'friedman_mse', 'poisson', 'absolute_error', 'squared_error'}. Got 'mae' instead. 
 Traceback (most recent call last):
  File "/common/ketrong/tpotexp/tpot2/tpot2/utils/eval_utils.py", line 53, in objective_nan_wrapper
    value = func_timeout.func_timeout(timeout, objective_function, args=[individual], kwargs=objective_kwargs)
  File "/common/ketrong/tpotexp/env/lib/python3.10/site-packages/func_timeout/dafunc.py", line 108, in func_timeout
    raise_exception(exception)
  File "/common/ketrong/tpotexp/env/lib/python3.10/site-packages/func_timeout/py3_raise.py", line 7, in raise_exception
    raise exception[0] from None
  File "/common/ketrong/tpotexp/tpot2/tpot2/tpot_estimator/estimator.py", line 623, in objective_function
    return objective_function_generator(
  File "/common/ketrong/tpotexp/tpot2/tpot2/tpot_estimator/estimator_utils.py", line 55, in objective_function_generator
    cv_obj_scores = cross_val_score_objective(sklearn.base.clone(pipeline),x,y,scorers=scorers, cv=cv , fold=step)
  File "/common/ketrong/tpotexp/tpot2/tpot2/tpot_estimator/cross_val_utils.py", line 28, in cross_val_score_objective
    this_fold_pipeline.fit(X_train,y_train)
  File "/common/ketrong/tpotexp/env/lib/python3.10/site-packages/sklearn/base.py", line 1473, in wrapper
    return fit_method(estimator, *args, **kwargs)
  File "/common/ketrong/tpotexp/env/lib/python3.10/site-packages/sklearn/pipeline.py", line 473, in fit
    self._final_estimator.fit(Xt, y, **last_step_params["fit"])
  File "/common/ketrong/tpotexp/env/lib/python3.10/site-packages/sklearn/base.py", line 1466, in wrapper
    estimator._validate_params()
  File "/common/ketrong/tpotexp/env/lib/python3.10/site-packages/sklearn/base.py", line 666, in _validate_params
    validate_parameter_constraints(
  File "/common/ketrong/tpotexp/env/lib/python3.10/site-packages/sklearn/utils/_param_validation.py", line 95, in validate_parameter_constraints
    raise InvalidParameterError(
sklearn.utils._param_validation.InvalidParameterError: The 'criterion' parameter of DecisionTreeRegressor must be a str among {'friedman_mse', 'poisson', 'absolute_error', 'squared_error'}. Got 'mae' instead.

Generation:  4
Best root_mean_squared_error score: -30727.45752556005
Generation:  16%|        | 4/25 [15:26<59:38, 170.41s/it]  WARNING AN INDIVIDUAL TIMED OUT: 
 <tpot2.search_spaces.pipelines.sequential.SequentialPipelineIndividual object at 0x155474d3bc10> 

Generation:  5
Best root_mean_squared_error score: -30540.314402999054
Generation:  20%|        | 5/25 [25:32<1:49:06, 327.32s/it]WARNING AN INDIVIDUAL TIMED OUT: 
 <tpot2.search_spaces.pipelines.sequential.SequentialPipelineIndividual object at 0x1554746f8fa0> 

Generation:  6
Best root_mean_squared_error score: -30356.691816201503
Generation:  24%|       | 6/25 [35:38<2:13:37, 422.00s/it]WARNING AN INDIVIDUAL TIMED OUT: 
 <tpot2.search_spaces.pipelines.sequential.SequentialPipelineIndividual object at 0x15545f9c1570> 

Generation:  7
Best root_mean_squared_error score: -30356.691816201503
Generation:  28%|       | 7/25 [45:43<2:24:34, 481.91s/it]WARNING AN INDIVIDUAL TIMED OUT: 
 <tpot2.search_spaces.pipelines.sequential.SequentialPipelineIndividual object at 0x155467b75150> 

Generation:  8
Best root_mean_squared_error score: -30356.691816201503
Generation:  32%|      | 8/25 [55:49<2:27:45, 521.53s/it]WARNING THIS INDIVIDUAL CAUSED AND EXCEPTION 
 <tpot2.search_spaces.pipelines.sequential.SequentialPipelineIndividual object at 0x15545bcd6fe0> 
 The 'criterion' parameter of DecisionTreeRegressor must be a str among {'friedman_mse', 'poisson', 'absolute_error', 'squared_error'}. Got 'mae' instead. 
 Traceback (most recent call last):
  File "/common/ketrong/tpotexp/tpot2/tpot2/utils/eval_utils.py", line 53, in objective_nan_wrapper
    value = func_timeout.func_timeout(timeout, objective_function, args=[individual], kwargs=objective_kwargs)
  File "/common/ketrong/tpotexp/env/lib/python3.10/site-packages/func_timeout/dafunc.py", line 108, in func_timeout
    raise_exception(exception)
  File "/common/ketrong/tpotexp/env/lib/python3.10/site-packages/func_timeout/py3_raise.py", line 7, in raise_exception
    raise exception[0] from None
  File "/common/ketrong/tpotexp/tpot2/tpot2/tpot_estimator/estimator.py", line 623, in objective_function
    return objective_function_generator(
  File "/common/ketrong/tpotexp/tpot2/tpot2/tpot_estimator/estimator_utils.py", line 55, in objective_function_generator
    cv_obj_scores = cross_val_score_objective(sklearn.base.clone(pipeline),x,y,scorers=scorers, cv=cv , fold=step)
  File "/common/ketrong/tpotexp/tpot2/tpot2/tpot_estimator/cross_val_utils.py", line 28, in cross_val_score_objective
    this_fold_pipeline.fit(X_train,y_train)
  File "/common/ketrong/tpotexp/env/lib/python3.10/site-packages/sklearn/base.py", line 1473, in wrapper
    return fit_method(estimator, *args, **kwargs)
  File "/common/ketrong/tpotexp/env/lib/python3.10/site-packages/sklearn/pipeline.py", line 473, in fit
    self._final_estimator.fit(Xt, y, **last_step_params["fit"])
  File "/common/ketrong/tpotexp/env/lib/python3.10/site-packages/sklearn/base.py", line 1466, in wrapper
    estimator._validate_params()
  File "/common/ketrong/tpotexp/env/lib/python3.10/site-packages/sklearn/base.py", line 666, in _validate_params
    validate_parameter_constraints(
  File "/common/ketrong/tpotexp/env/lib/python3.10/site-packages/sklearn/utils/_param_validation.py", line 95, in validate_parameter_constraints
    raise InvalidParameterError(
sklearn.utils._param_validation.InvalidParameterError: The 'criterion' parameter of DecisionTreeRegressor must be a str among {'friedman_mse', 'poisson', 'absolute_error', 'squared_error'}. Got 'mae' instead.

WARNING AN INDIVIDUAL TIMED OUT: 
 <tpot2.search_spaces.pipelines.sequential.SequentialPipelineIndividual object at 0x155465ad6bf0> 

Generation:  9
Best root_mean_squared_error score: -30291.001191659412
Generation:  36%|      | 9/25 [1:05:57<2:26:17, 548.59s/it]Generation:  10
Best root_mean_squared_error score: -30253.80760714079
Generation:  40%|      | 10/25 [1:10:48<1:57:15, 469.06s/it]WARNING AN INDIVIDUAL TIMED OUT: 
 <tpot2.search_spaces.pipelines.sequential.SequentialPipelineIndividual object at 0x155467988730> 

Generation:  11
Best root_mean_squared_error score: -30253.80760714079
Generation:  44%|     | 11/25 [1:20:56<1:59:19, 511.41s/it]Generation:  12
Best root_mean_squared_error score: -30253.80760714079
Generation:  48%|     | 12/25 [1:24:52<1:32:42, 427.87s/it]Generation:  13
Best root_mean_squared_error score: -30253.80760714079
Generation:  52%|    | 13/25 [1:25:35<1:02:15, 311.25s/it]WARNING THIS INDIVIDUAL CAUSED AND EXCEPTION 
 <tpot2.search_spaces.pipelines.sequential.SequentialPipelineIndividual object at 0x155474d37a30> 
 The 'criterion' parameter of RandomForestRegressor must be a str among {'friedman_mse', 'poisson', 'absolute_error', 'squared_error'}. Got 'mse' instead. 
 Traceback (most recent call last):
  File "/common/ketrong/tpotexp/tpot2/tpot2/utils/eval_utils.py", line 53, in objective_nan_wrapper
    value = func_timeout.func_timeout(timeout, objective_function, args=[individual], kwargs=objective_kwargs)
  File "/common/ketrong/tpotexp/env/lib/python3.10/site-packages/func_timeout/dafunc.py", line 108, in func_timeout
    raise_exception(exception)
  File "/common/ketrong/tpotexp/env/lib/python3.10/site-packages/func_timeout/py3_raise.py", line 7, in raise_exception
    raise exception[0] from None
  File "/common/ketrong/tpotexp/tpot2/tpot2/tpot_estimator/estimator.py", line 623, in objective_function
    return objective_function_generator(
  File "/common/ketrong/tpotexp/tpot2/tpot2/tpot_estimator/estimator_utils.py", line 55, in objective_function_generator
    cv_obj_scores = cross_val_score_objective(sklearn.base.clone(pipeline),x,y,scorers=scorers, cv=cv , fold=step)
  File "/common/ketrong/tpotexp/tpot2/tpot2/tpot_estimator/cross_val_utils.py", line 28, in cross_val_score_objective
    this_fold_pipeline.fit(X_train,y_train)
  File "/common/ketrong/tpotexp/env/lib/python3.10/site-packages/sklearn/base.py", line 1473, in wrapper
    return fit_method(estimator, *args, **kwargs)
  File "/common/ketrong/tpotexp/env/lib/python3.10/site-packages/sklearn/pipeline.py", line 473, in fit
    self._final_estimator.fit(Xt, y, **last_step_params["fit"])
  File "/common/ketrong/tpotexp/env/lib/python3.10/site-packages/sklearn/base.py", line 1466, in wrapper
    estimator._validate_params()
  File "/common/ketrong/tpotexp/env/lib/python3.10/site-packages/sklearn/base.py", line 666, in _validate_params
    validate_parameter_constraints(
  File "/common/ketrong/tpotexp/env/lib/python3.10/site-packages/sklearn/utils/_param_validation.py", line 95, in validate_parameter_constraints
    raise InvalidParameterError(
sklearn.utils._param_validation.InvalidParameterError: The 'criterion' parameter of RandomForestRegressor must be a str among {'friedman_mse', 'poisson', 'absolute_error', 'squared_error'}. Got 'mse' instead.

WARNING THIS INDIVIDUAL CAUSED AND EXCEPTION 
 <tpot2.search_spaces.pipelines.sequential.SequentialPipelineIndividual object at 0x155467ef8f70> 
 The 'criterion' parameter of ExtraTreesRegressor must be a str among {'friedman_mse', 'poisson', 'absolute_error', 'squared_error'}. Got 'mae' instead. 
 Traceback (most recent call last):
  File "/common/ketrong/tpotexp/tpot2/tpot2/utils/eval_utils.py", line 53, in objective_nan_wrapper
    value = func_timeout.func_timeout(timeout, objective_function, args=[individual], kwargs=objective_kwargs)
  File "/common/ketrong/tpotexp/env/lib/python3.10/site-packages/func_timeout/dafunc.py", line 108, in func_timeout
    raise_exception(exception)
  File "/common/ketrong/tpotexp/env/lib/python3.10/site-packages/func_timeout/py3_raise.py", line 7, in raise_exception
    raise exception[0] from None
  File "/common/ketrong/tpotexp/tpot2/tpot2/tpot_estimator/estimator.py", line 623, in objective_function
    return objective_function_generator(
  File "/common/ketrong/tpotexp/tpot2/tpot2/tpot_estimator/estimator_utils.py", line 55, in objective_function_generator
    cv_obj_scores = cross_val_score_objective(sklearn.base.clone(pipeline),x,y,scorers=scorers, cv=cv , fold=step)
  File "/common/ketrong/tpotexp/tpot2/tpot2/tpot_estimator/cross_val_utils.py", line 28, in cross_val_score_objective
    this_fold_pipeline.fit(X_train,y_train)
  File "/common/ketrong/tpotexp/env/lib/python3.10/site-packages/sklearn/base.py", line 1473, in wrapper
    return fit_method(estimator, *args, **kwargs)
  File "/common/ketrong/tpotexp/env/lib/python3.10/site-packages/sklearn/pipeline.py", line 473, in fit
    self._final_estimator.fit(Xt, y, **last_step_params["fit"])
  File "/common/ketrong/tpotexp/env/lib/python3.10/site-packages/sklearn/base.py", line 1466, in wrapper
    estimator._validate_params()
  File "/common/ketrong/tpotexp/env/lib/python3.10/site-packages/sklearn/base.py", line 666, in _validate_params
    validate_parameter_constraints(
  File "/common/ketrong/tpotexp/env/lib/python3.10/site-packages/sklearn/utils/_param_validation.py", line 95, in validate_parameter_constraints
    raise InvalidParameterError(
sklearn.utils._param_validation.InvalidParameterError: The 'criterion' parameter of ExtraTreesRegressor must be a str among {'friedman_mse', 'poisson', 'absolute_error', 'squared_error'}. Got 'mae' instead.

WARNING AN INDIVIDUAL TIMED OUT: 
 <tpot2.search_spaces.pipelines.sequential.SequentialPipelineIndividual object at 0x155451e6fb20> 

Generation:  14
Best root_mean_squared_error score: -30186.07890484081
Generation:  56%|    | 14/25 [1:35:41<1:13:22, 400.21s/it]WARNING AN INDIVIDUAL TIMED OUT: 
 <tpot2.search_spaces.pipelines.sequential.SequentialPipelineIndividual object at 0x15548648b130> 

Generation:  15
Best root_mean_squared_error score: -30154.905666420284
Generation:  60%|    | 15/25 [1:45:47<1:17:03, 462.34s/it]Generation:  16
Best root_mean_squared_error score: -30154.905666420284
Generation:  64%|   | 16/25 [1:48:06<54:42, 364.74s/it]  Generation:  17
Best root_mean_squared_error score: -30154.905666420284
Generation:  68%|   | 17/25 [1:48:37<35:16, 264.55s/it]WARNING AN INDIVIDUAL TIMED OUT: 
 <tpot2.search_spaces.pipelines.sequential.SequentialPipelineIndividual object at 0x15540d3ac040> 

Generation:  18
Best root_mean_squared_error score: -29994.792670685903
Generation:  72%|  | 18/25 [1:58:46<42:55, 367.91s/it]WARNING THIS INDIVIDUAL CAUSED AND EXCEPTION 
 <tpot2.search_spaces.pipelines.sequential.SequentialPipelineIndividual object at 0x15543b524670> 
 The 'criterion' parameter of RandomForestRegressor must be a str among {'friedman_mse', 'poisson', 'absolute_error', 'squared_error'}. Got 'mse' instead. 
 Traceback (most recent call last):
  File "/common/ketrong/tpotexp/tpot2/tpot2/utils/eval_utils.py", line 53, in objective_nan_wrapper
    value = func_timeout.func_timeout(timeout, objective_function, args=[individual], kwargs=objective_kwargs)
  File "/common/ketrong/tpotexp/env/lib/python3.10/site-packages/func_timeout/dafunc.py", line 108, in func_timeout
    raise_exception(exception)
  File "/common/ketrong/tpotexp/env/lib/python3.10/site-packages/func_timeout/py3_raise.py", line 7, in raise_exception
    raise exception[0] from None
  File "/common/ketrong/tpotexp/tpot2/tpot2/tpot_estimator/estimator.py", line 623, in objective_function
    return objective_function_generator(
  File "/common/ketrong/tpotexp/tpot2/tpot2/tpot_estimator/estimator_utils.py", line 55, in objective_function_generator
    cv_obj_scores = cross_val_score_objective(sklearn.base.clone(pipeline),x,y,scorers=scorers, cv=cv , fold=step)
  File "/common/ketrong/tpotexp/tpot2/tpot2/tpot_estimator/cross_val_utils.py", line 28, in cross_val_score_objective
    this_fold_pipeline.fit(X_train,y_train)
  File "/common/ketrong/tpotexp/env/lib/python3.10/site-packages/sklearn/base.py", line 1473, in wrapper
    return fit_method(estimator, *args, **kwargs)
  File "/common/ketrong/tpotexp/env/lib/python3.10/site-packages/sklearn/pipeline.py", line 473, in fit
    self._final_estimator.fit(Xt, y, **last_step_params["fit"])
  File "/common/ketrong/tpotexp/env/lib/python3.10/site-packages/sklearn/base.py", line 1466, in wrapper
    estimator._validate_params()
  File "/common/ketrong/tpotexp/env/lib/python3.10/site-packages/sklearn/base.py", line 666, in _validate_params
    validate_parameter_constraints(
  File "/common/ketrong/tpotexp/env/lib/python3.10/site-packages/sklearn/utils/_param_validation.py", line 95, in validate_parameter_constraints
    raise InvalidParameterError(
sklearn.utils._param_validation.InvalidParameterError: The 'criterion' parameter of RandomForestRegressor must be a str among {'friedman_mse', 'poisson', 'absolute_error', 'squared_error'}. Got 'mse' instead.

WARNING THIS INDIVIDUAL CAUSED AND EXCEPTION 
 <tpot2.search_spaces.pipelines.sequential.SequentialPipelineIndividual object at 0x15545d8f4880> 
 The 'criterion' parameter of ExtraTreesRegressor must be a str among {'friedman_mse', 'poisson', 'absolute_error', 'squared_error'}. Got 'mae' instead. 
 Traceback (most recent call last):
  File "/common/ketrong/tpotexp/tpot2/tpot2/utils/eval_utils.py", line 53, in objective_nan_wrapper
    value = func_timeout.func_timeout(timeout, objective_function, args=[individual], kwargs=objective_kwargs)
  File "/common/ketrong/tpotexp/env/lib/python3.10/site-packages/func_timeout/dafunc.py", line 108, in func_timeout
    raise_exception(exception)
  File "/common/ketrong/tpotexp/env/lib/python3.10/site-packages/func_timeout/py3_raise.py", line 7, in raise_exception
    raise exception[0] from None
  File "/common/ketrong/tpotexp/tpot2/tpot2/tpot_estimator/estimator.py", line 623, in objective_function
    return objective_function_generator(
  File "/common/ketrong/tpotexp/tpot2/tpot2/tpot_estimator/estimator_utils.py", line 55, in objective_function_generator
    cv_obj_scores = cross_val_score_objective(sklearn.base.clone(pipeline),x,y,scorers=scorers, cv=cv , fold=step)
  File "/common/ketrong/tpotexp/tpot2/tpot2/tpot_estimator/cross_val_utils.py", line 28, in cross_val_score_objective
    this_fold_pipeline.fit(X_train,y_train)
  File "/common/ketrong/tpotexp/env/lib/python3.10/site-packages/sklearn/base.py", line 1473, in wrapper
    return fit_method(estimator, *args, **kwargs)
  File "/common/ketrong/tpotexp/env/lib/python3.10/site-packages/sklearn/pipeline.py", line 473, in fit
    self._final_estimator.fit(Xt, y, **last_step_params["fit"])
  File "/common/ketrong/tpotexp/env/lib/python3.10/site-packages/sklearn/base.py", line 1466, in wrapper
    estimator._validate_params()
  File "/common/ketrong/tpotexp/env/lib/python3.10/site-packages/sklearn/base.py", line 666, in _validate_params
    validate_parameter_constraints(
  File "/common/ketrong/tpotexp/env/lib/python3.10/site-packages/sklearn/utils/_param_validation.py", line 95, in validate_parameter_constraints
    raise InvalidParameterError(
sklearn.utils._param_validation.InvalidParameterError: The 'criterion' parameter of ExtraTreesRegressor must be a str among {'friedman_mse', 'poisson', 'absolute_error', 'squared_error'}. Got 'mae' instead.

WARNING AN INDIVIDUAL TIMED OUT: 
 <tpot2.search_spaces.pipelines.sequential.SequentialPipelineIndividual object at 0x15546425f4f0> 

Generation:  19
Best root_mean_squared_error score: -29994.792670685903
Generation:  76%|  | 19/25 [2:08:54<44:01, 440.24s/it]WARNING THIS INDIVIDUAL CAUSED AND EXCEPTION 
 <tpot2.search_spaces.pipelines.sequential.SequentialPipelineIndividual object at 0x1554524f0550> 
 The 'criterion' parameter of RandomForestRegressor must be a str among {'friedman_mse', 'poisson', 'absolute_error', 'squared_error'}. Got 'mae' instead. 
 Traceback (most recent call last):
  File "/common/ketrong/tpotexp/tpot2/tpot2/utils/eval_utils.py", line 53, in objective_nan_wrapper
    value = func_timeout.func_timeout(timeout, objective_function, args=[individual], kwargs=objective_kwargs)
  File "/common/ketrong/tpotexp/env/lib/python3.10/site-packages/func_timeout/dafunc.py", line 108, in func_timeout
    raise_exception(exception)
  File "/common/ketrong/tpotexp/env/lib/python3.10/site-packages/func_timeout/py3_raise.py", line 7, in raise_exception
    raise exception[0] from None
  File "/common/ketrong/tpotexp/tpot2/tpot2/tpot_estimator/estimator.py", line 623, in objective_function
    return objective_function_generator(
  File "/common/ketrong/tpotexp/tpot2/tpot2/tpot_estimator/estimator_utils.py", line 55, in objective_function_generator
    cv_obj_scores = cross_val_score_objective(sklearn.base.clone(pipeline),x,y,scorers=scorers, cv=cv , fold=step)
  File "/common/ketrong/tpotexp/tpot2/tpot2/tpot_estimator/cross_val_utils.py", line 28, in cross_val_score_objective
    this_fold_pipeline.fit(X_train,y_train)
  File "/common/ketrong/tpotexp/env/lib/python3.10/site-packages/sklearn/base.py", line 1473, in wrapper
    return fit_method(estimator, *args, **kwargs)
  File "/common/ketrong/tpotexp/env/lib/python3.10/site-packages/sklearn/pipeline.py", line 473, in fit
    self._final_estimator.fit(Xt, y, **last_step_params["fit"])
  File "/common/ketrong/tpotexp/env/lib/python3.10/site-packages/sklearn/base.py", line 1466, in wrapper
    estimator._validate_params()
  File "/common/ketrong/tpotexp/env/lib/python3.10/site-packages/sklearn/base.py", line 666, in _validate_params
    validate_parameter_constraints(
  File "/common/ketrong/tpotexp/env/lib/python3.10/site-packages/sklearn/utils/_param_validation.py", line 95, in validate_parameter_constraints
    raise InvalidParameterError(
sklearn.utils._param_validation.InvalidParameterError: The 'criterion' parameter of RandomForestRegressor must be a str among {'friedman_mse', 'poisson', 'absolute_error', 'squared_error'}. Got 'mae' instead.

WARNING AN INDIVIDUAL TIMED OUT: 
 <tpot2.search_spaces.pipelines.sequential.SequentialPipelineIndividual object at 0x15545b53fee0> 

Generation:  20
Best root_mean_squared_error score: -29973.756607509975
Generation:  80%|  | 20/25 [2:19:04<40:55, 491.08s/it]WARNING AN INDIVIDUAL TIMED OUT: 
 <tpot2.search_spaces.pipelines.sequential.SequentialPipelineIndividual object at 0x1554679bb790> 

WARNING AN INDIVIDUAL TIMED OUT: 
 <tpot2.search_spaces.pipelines.sequential.SequentialPipelineIndividual object at 0x155458eccc10> 

Generation:  21
Best root_mean_squared_error score: -29953.510636307823
Generation:  84%| | 21/25 [2:29:11<35:03, 525.88s/it]WARNING AN INDIVIDUAL TIMED OUT: 
 <tpot2.search_spaces.pipelines.sequential.SequentialPipelineIndividual object at 0x1554520e0970> 

WARNING AN INDIVIDUAL TIMED OUT: 
 <tpot2.search_spaces.pipelines.sequential.SequentialPipelineIndividual object at 0x15545fe72410> 

Generation:  22
Best root_mean_squared_error score: -29926.30951219704
Generation:  88%| | 22/25 [2:39:21<27:33, 551.28s/it]WARNING AN INDIVIDUAL TIMED OUT: 
 <tpot2.search_spaces.pipelines.sequential.SequentialPipelineIndividual object at 0x155474677580> 

Generation:  23
Best root_mean_squared_error score: -29926.30951219704
Generation:  92%|| 23/25 [2:49:29<18:56, 568.28s/it]WARNING AN INDIVIDUAL TIMED OUT: 
 <tpot2.search_spaces.pipelines.sequential.SequentialPipelineIndividual object at 0x1554654749d0> 

Generation:  24
Best root_mean_squared_error score: -29926.30951219704
Generation:  96%|| 24/25 [2:59:36<09:39, 579.87s/it]Generation:  25
Best root_mean_squared_error score: -29926.30951219704
Generation: 100%|| 25/25 [3:00:46<00:00, 426.87s/it]Generation: 100%|| 25/25 [3:00:46<00:00, 433.87s/it]
2024-09-26 03:43:37,030 - distributed.scheduler - ERROR - Removing worker 'tcp://127.0.0.1:41081' caused the cluster to lose scattered data, which can't be recovered: {'DataFrame-62a86c52c0956af3a2d2b67422d94def', 'DataFrame-4849a007d34cf0419f2cfa91df79b9dd'} (stimulus_id='handle-worker-cleanup-1727347417.0301213')
Fitted
Pipeline(steps=[('iterativeimputer',
                 IterativeImputer(estimator=Ridge(), imputation_order='roman',
                                  initial_strategy='constant',
                                  n_nearest_features=3)),
                ('xgbregressor',
                 XGBRegressor(base_score=None, booster=None, callbacks=None,
                              colsample_bylevel=None, colsample_bynode=None,
                              colsample_bytree=None, device=None,
                              early_stopping_rounds=None,
                              enable_categorical=False...
                              feature_types=None, gamma=4.6328414166433,
                              grow_policy=None, importance_type=None,
                              interaction_constraints=None,
                              learning_rate=0.0466681905092, max_bin=None,
                              max_cat_threshold=None, max_cat_to_onehot=None,
                              max_delta_step=None, max_depth=7, max_leaves=None,
                              min_child_weight=16, missing=nan,
                              monotone_constraints=None, multi_strategy=None,
                              n_estimators=100, n_jobs=1, nthread=1,
                              num_parallel_tree=None, ...))])
transform worked
try transform
transform worked
score start
train score: {'explained_var': 0.7777191373597452, 'r2': 0.7777191400527954, 'rmse': 24910.82645467079}
test score: {'explained_var': 0.6446715224339419, 'r2': 0.6444469690322876, 'rmse': 31521.359915495268}
original test score: {'explained_var': 0.6956382474220566, 'r2': 0.6955348253250122, 'rmse': 29169.000134700047}
score end
218
lvl
0.1
type
MAR
num_run
3
reg_full
finished
all finished
full run takes
16.585731687148414
hours
DONE
