Run: 3
/cm/local/apps/slurm/var/spool/job919597/slurm_script: line 26: 
pip install -e tpot2
pip install -r tpot2/ImputerExperiments/requirements_.txt
: No such file or directory
RunStart
starting loops
../data/r/42712/42712.pkl
       season  ...  count
0      spring  ...     16
1      spring  ...     40
2      spring  ...     32
3      spring  ...     13
4      spring  ...      1
...       ...  ...    ...
17374  spring  ...    119
17375  spring  ...     89
17376  spring  ...     90
17377  spring  ...     61
17378  spring  ...     49

[17379 rows x 13 columns]
Traceback (most recent call last):
  File "/common/ketrong/tpotexp/tpot2/ImputerExperiments/Locally_run_code/main.py", line 172, in <module>
    main()
  File "/common/ketrong/tpotexp/tpot2/ImputerExperiments/Locally_run_code/main.py", line 161, in main
    utils.loop_through_tasks(reg_experiments, regression_id_list, 
  File "/common/ketrong/tpotexp/tpot2/ImputerExperiments/Locally_run_code/utils.py", line 140, in loop_through_tasks
    X_train, y_train, X_test, y_test = load_task(base_save_folder=save_folder, task_id=taskid, r_or_c= r_or_c)
  File "/common/ketrong/tpotexp/tpot2/ImputerExperiments/Locally_run_code/utils.py", line 88, in load_task
    print(X.dtype)
  File "/common/ketrong/tpotexp/env/lib/python3.10/site-packages/pandas/core/generic.py", line 6299, in __getattr__
    return object.__getattribute__(self, name)
AttributeError: 'DataFrame' object has no attribute 'dtype'. Did you mean: 'dtypes'?
srun: error: esplhpc-cp044: task 0: Exited with exit code 1
