Run: 1
/cm/local/apps/slurm/var/spool/job995694/slurm_script: line 27: 
pip install -e tpot2
pip install -r tpot2/ImputerExperiments/requirements_.txt
: No such file or directory
RunStart
Version 0.1.7a0 of tpot2 is outdated. Version 0.1.8a0 was released Tuesday September 17, 2024.
216 5 passed: reg_full_MAR_0.01_1/
216 29 failed: reg_full_MAR_0.01_2/
[Errno 2] No such file or directory: '/common/ketrong/tpotexp/tpot2/ImputerExperiments/data/r/216/reg_full_MAR_0.01_2/tpot_space_scores.pkl'
Traceback (most recent call last):
  File "/common/ketrong/tpotexp/tpot2/ImputerExperiments/Locally_run_code/viewreg.py", line 270, in <module>
    with open(imputepath + 'tpot_space_scores.pkl', 'rb') as file:
FileNotFoundError: [Errno 2] No such file or directory: '/common/ketrong/tpotexp/tpot2/ImputerExperiments/data/r/216/reg_full_MAR_0.01_2/tpot_space_scores.pkl'

216 53 passed: reg_full_MAR_0.01_3/
216 6 passed: reg_full_MAR_0.1_1/
216 30 passed: reg_full_MAR_0.1_2/
216 54 passed: reg_full_MAR_0.1_3/
216 7 passed: reg_full_MAR_0.3_1/
216 31 passed: reg_full_MAR_0.3_2/
216 55 passed: reg_full_MAR_0.3_3/
216 8 passed: reg_full_MAR_0.5_1/
216 32 passed: reg_full_MAR_0.5_2/
216 56 passed: reg_full_MAR_0.5_3/
216 1 passed: reg_full_MCAR_0.01_1/
216 25 passed: reg_full_MCAR_0.01_2/
216 49 passed: reg_full_MCAR_0.01_3/
216 2 passed: reg_full_MCAR_0.1_1/
216 26 passed: reg_full_MCAR_0.1_2/
216 50 passed: reg_full_MCAR_0.1_3/
216 3 passed: reg_full_MCAR_0.3_1/
216 27 passed: reg_full_MCAR_0.3_2/
216 51 passed: reg_full_MCAR_0.3_3/
216 4 passed: reg_full_MCAR_0.5_1/
216 28 passed: reg_full_MCAR_0.5_2/
216 52 passed: reg_full_MCAR_0.5_3/
216 9 failed: reg_full_MNAR_0.01_1/
[Errno 2] No such file or directory: '/common/ketrong/tpotexp/tpot2/ImputerExperiments/data/r/216/reg_full_MNAR_0.01_1/all_scores.pkl'
Traceback (most recent call last):
  File "/common/ketrong/tpotexp/tpot2/ImputerExperiments/Locally_run_code/viewreg.py", line 265, in <module>
    with open(normalpath + 'all_scores.pkl', 'rb') as file:
FileNotFoundError: [Errno 2] No such file or directory: '/common/ketrong/tpotexp/tpot2/ImputerExperiments/data/r/216/reg_full_MNAR_0.01_1/all_scores.pkl'

216 33 passed: reg_full_MNAR_0.01_2/
216 57 passed: reg_full_MNAR_0.01_3/
216 10 passed: reg_full_MNAR_0.1_1/
216 34 passed: reg_full_MNAR_0.1_2/
216 58 passed: reg_full_MNAR_0.1_3/
216 11 passed: reg_full_MNAR_0.3_1/
216 35 passed: reg_full_MNAR_0.3_2/
216 59 passed: reg_full_MNAR_0.3_3/
216 12 passed: reg_full_MNAR_0.5_1/
216 36 passed: reg_full_MNAR_0.5_2/
216 60 passed: reg_full_MNAR_0.5_3/
216 17 passed: reg_simple_MAR_0.01_1/
216 41 passed: reg_simple_MAR_0.01_2/
216 65 passed: reg_simple_MAR_0.01_3/
216 18 passed: reg_simple_MAR_0.1_1/
216 42 passed: reg_simple_MAR_0.1_2/
216 66 passed: reg_simple_MAR_0.1_3/
216 19 passed: reg_simple_MAR_0.3_1/
216 43 passed: reg_simple_MAR_0.3_2/
216 67 passed: reg_simple_MAR_0.3_3/
216 20 passed: reg_simple_MAR_0.5_1/
216 44 passed: reg_simple_MAR_0.5_2/
216 68 passed: reg_simple_MAR_0.5_3/
216 13 passed: reg_simple_MCAR_0.01_1/
216 37 passed: reg_simple_MCAR_0.01_2/
216 61 passed: reg_simple_MCAR_0.01_3/
216 14 passed: reg_simple_MCAR_0.1_1/
216 38 passed: reg_simple_MCAR_0.1_2/
216 62 passed: reg_simple_MCAR_0.1_3/
216 15 passed: reg_simple_MCAR_0.3_1/
216 39 passed: reg_simple_MCAR_0.3_2/
216 63 passed: reg_simple_MCAR_0.3_3/
216 16 passed: reg_simple_MCAR_0.5_1/
216 40 passed: reg_simple_MCAR_0.5_2/
216 64 passed: reg_simple_MCAR_0.5_3/
216 21 passed: reg_simple_MNAR_0.01_1/
216 45 passed: reg_simple_MNAR_0.01_2/
216 69 passed: reg_simple_MNAR_0.01_3/
216 22 passed: reg_simple_MNAR_0.1_1/
216 46 passed: reg_simple_MNAR_0.1_2/
216 70 passed: reg_simple_MNAR_0.1_3/
216 23 passed: reg_simple_MNAR_0.3_1/
216 47 passed: reg_simple_MNAR_0.3_2/
216 71 passed: reg_simple_MNAR_0.3_3/
216 24 passed: reg_simple_MNAR_0.5_1/
216 48 passed: reg_simple_MNAR_0.5_2/
216 72 passed: reg_simple_MNAR_0.5_3/
None
216complete
1200 5 passed: reg_full_MAR_0.01_1/
1200 29 passed: reg_full_MAR_0.01_2/
1200 53 failed: reg_full_MAR_0.01_3/
[Errno 2] No such file or directory: '/common/ketrong/tpotexp/tpot2/ImputerExperiments/data/r/1200/reg_full_MAR_0.01_3/all_scores.pkl'
Traceback (most recent call last):
  File "/common/ketrong/tpotexp/tpot2/ImputerExperiments/Locally_run_code/viewreg.py", line 265, in <module>
    with open(normalpath + 'all_scores.pkl', 'rb') as file:
FileNotFoundError: [Errno 2] No such file or directory: '/common/ketrong/tpotexp/tpot2/ImputerExperiments/data/r/1200/reg_full_MAR_0.01_3/all_scores.pkl'

1200 6 passed: reg_full_MAR_0.1_1/
1200 30 failed: reg_full_MAR_0.1_2/
[Errno 2] No such file or directory: '/common/ketrong/tpotexp/tpot2/ImputerExperiments/data/r/1200/reg_full_MAR_0.1_2/all_scores.pkl'
Traceback (most recent call last):
  File "/common/ketrong/tpotexp/tpot2/ImputerExperiments/Locally_run_code/viewreg.py", line 265, in <module>
    with open(normalpath + 'all_scores.pkl', 'rb') as file:
FileNotFoundError: [Errno 2] No such file or directory: '/common/ketrong/tpotexp/tpot2/ImputerExperiments/data/r/1200/reg_full_MAR_0.1_2/all_scores.pkl'

1200 54 passed: reg_full_MAR_0.1_3/
1200 7 failed: reg_full_MAR_0.3_1/
[Errno 2] No such file or directory: '/common/ketrong/tpotexp/tpot2/ImputerExperiments/data/r/1200/reg_full_MAR_0.3_1/all_scores.pkl'
Traceback (most recent call last):
  File "/common/ketrong/tpotexp/tpot2/ImputerExperiments/Locally_run_code/viewreg.py", line 265, in <module>
    with open(normalpath + 'all_scores.pkl', 'rb') as file:
FileNotFoundError: [Errno 2] No such file or directory: '/common/ketrong/tpotexp/tpot2/ImputerExperiments/data/r/1200/reg_full_MAR_0.3_1/all_scores.pkl'

1200 31 passed: reg_full_MAR_0.3_2/
1200 55 passed: reg_full_MAR_0.3_3/
1200 8 passed: reg_full_MAR_0.5_1/
1200 32 passed: reg_full_MAR_0.5_2/
1200 56 passed: reg_full_MAR_0.5_3/
1200 1 passed: reg_full_MCAR_0.01_1/
1200 25 passed: reg_full_MCAR_0.01_2/
1200 49 passed: reg_full_MCAR_0.01_3/
1200 2 failed: reg_full_MCAR_0.1_1/
[Errno 2] No such file or directory: '/common/ketrong/tpotexp/tpot2/ImputerExperiments/data/r/1200/reg_full_MCAR_0.1_1/all_scores.pkl'
Traceback (most recent call last):
  File "/common/ketrong/tpotexp/tpot2/ImputerExperiments/Locally_run_code/viewreg.py", line 265, in <module>
    with open(normalpath + 'all_scores.pkl', 'rb') as file:
FileNotFoundError: [Errno 2] No such file or directory: '/common/ketrong/tpotexp/tpot2/ImputerExperiments/data/r/1200/reg_full_MCAR_0.1_1/all_scores.pkl'

1200 26 passed: reg_full_MCAR_0.1_2/
1200 50 passed: reg_full_MCAR_0.1_3/
1200 3 passed: reg_full_MCAR_0.3_1/
1200 27 passed: reg_full_MCAR_0.3_2/
1200 51 passed: reg_full_MCAR_0.3_3/
1200 4 passed: reg_full_MCAR_0.5_1/
1200 28 passed: reg_full_MCAR_0.5_2/
1200 52 passed: reg_full_MCAR_0.5_3/
1200 9 passed: reg_full_MNAR_0.01_1/
1200 33 failed: reg_full_MNAR_0.01_2/
[Errno 2] No such file or directory: '/common/ketrong/tpotexp/tpot2/ImputerExperiments/data/r/1200/reg_full_MNAR_0.01_2/all_scores.pkl'
Traceback (most recent call last):
  File "/common/ketrong/tpotexp/tpot2/ImputerExperiments/Locally_run_code/viewreg.py", line 265, in <module>
    with open(normalpath + 'all_scores.pkl', 'rb') as file:
FileNotFoundError: [Errno 2] No such file or directory: '/common/ketrong/tpotexp/tpot2/ImputerExperiments/data/r/1200/reg_full_MNAR_0.01_2/all_scores.pkl'

1200 57 passed: reg_full_MNAR_0.01_3/
1200 10 passed: reg_full_MNAR_0.1_1/
1200 34 passed: reg_full_MNAR_0.1_2/
1200 58 passed: reg_full_MNAR_0.1_3/
1200 11 passed: reg_full_MNAR_0.3_1/
1200 35 passed: reg_full_MNAR_0.3_2/
1200 59 passed: reg_full_MNAR_0.3_3/
1200 12 passed: reg_full_MNAR_0.5_1/
1200 36 passed: reg_full_MNAR_0.5_2/
1200 60 passed: reg_full_MNAR_0.5_3/
1200 17 passed: reg_simple_MAR_0.01_1/
1200 41 passed: reg_simple_MAR_0.01_2/
1200 65 passed: reg_simple_MAR_0.01_3/
1200 18 passed: reg_simple_MAR_0.1_1/
1200 42 passed: reg_simple_MAR_0.1_2/
1200 66 passed: reg_simple_MAR_0.1_3/
1200 19 passed: reg_simple_MAR_0.3_1/
1200 43 passed: reg_simple_MAR_0.3_2/
1200 67 passed: reg_simple_MAR_0.3_3/
1200 20 passed: reg_simple_MAR_0.5_1/
1200 44 passed: reg_simple_MAR_0.5_2/
1200 68 passed: reg_simple_MAR_0.5_3/
1200 13 passed: reg_simple_MCAR_0.01_1/
1200 37 passed: reg_simple_MCAR_0.01_2/
1200 61 passed: reg_simple_MCAR_0.01_3/
1200 14 passed: reg_simple_MCAR_0.1_1/
1200 38 passed: reg_simple_MCAR_0.1_2/
1200 62 passed: reg_simple_MCAR_0.1_3/
1200 15 passed: reg_simple_MCAR_0.3_1/
1200 39 passed: reg_simple_MCAR_0.3_2/
1200 63 passed: reg_simple_MCAR_0.3_3/
1200 16 passed: reg_simple_MCAR_0.5_1/
1200 40 passed: reg_simple_MCAR_0.5_2/
1200 64 passed: reg_simple_MCAR_0.5_3/
1200 21 passed: reg_simple_MNAR_0.01_1/
1200 45 passed: reg_simple_MNAR_0.01_2/
1200 69 passed: reg_simple_MNAR_0.01_3/
1200 22 passed: reg_simple_MNAR_0.1_1/
1200 46 passed: reg_simple_MNAR_0.1_2/
1200 70 passed: reg_simple_MNAR_0.1_3/
1200 23 passed: reg_simple_MNAR_0.3_1/
1200 47 passed: reg_simple_MNAR_0.3_2/
1200 71 passed: reg_simple_MNAR_0.3_3/
1200 24 passed: reg_simple_MNAR_0.5_1/
1200 48 passed: reg_simple_MNAR_0.5_2/
1200 72 passed: reg_simple_MNAR_0.5_3/
None
1200complete
1213 5 failed: reg_full_MAR_0.01_1/
[Errno 2] No such file or directory: '/common/ketrong/tpotexp/tpot2/ImputerExperiments/data/r/1213/reg_full_MAR_0.01_1/all_scores.pkl'
Traceback (most recent call last):
  File "/common/ketrong/tpotexp/tpot2/ImputerExperiments/Locally_run_code/viewreg.py", line 265, in <module>
    with open(normalpath + 'all_scores.pkl', 'rb') as file:
FileNotFoundError: [Errno 2] No such file or directory: '/common/ketrong/tpotexp/tpot2/ImputerExperiments/data/r/1213/reg_full_MAR_0.01_1/all_scores.pkl'

1213 29 passed: reg_full_MAR_0.01_2/
1213 53 failed: reg_full_MAR_0.01_3/
[Errno 2] No such file or directory: '/common/ketrong/tpotexp/tpot2/ImputerExperiments/data/r/1213/reg_full_MAR_0.01_3/all_scores.pkl'
Traceback (most recent call last):
  File "/common/ketrong/tpotexp/tpot2/ImputerExperiments/Locally_run_code/viewreg.py", line 265, in <module>
    with open(normalpath + 'all_scores.pkl', 'rb') as file:
FileNotFoundError: [Errno 2] No such file or directory: '/common/ketrong/tpotexp/tpot2/ImputerExperiments/data/r/1213/reg_full_MAR_0.01_3/all_scores.pkl'

1213 6 failed: reg_full_MAR_0.1_1/
[Errno 2] No such file or directory: '/common/ketrong/tpotexp/tpot2/ImputerExperiments/data/r/1213/reg_full_MAR_0.1_1/all_scores.pkl'
Traceback (most recent call last):
  File "/common/ketrong/tpotexp/tpot2/ImputerExperiments/Locally_run_code/viewreg.py", line 265, in <module>
    with open(normalpath + 'all_scores.pkl', 'rb') as file:
FileNotFoundError: [Errno 2] No such file or directory: '/common/ketrong/tpotexp/tpot2/ImputerExperiments/data/r/1213/reg_full_MAR_0.1_1/all_scores.pkl'

1213 30 failed: reg_full_MAR_0.1_2/
[Errno 2] No such file or directory: '/common/ketrong/tpotexp/tpot2/ImputerExperiments/data/r/1213/reg_full_MAR_0.1_2/all_scores.pkl'
Traceback (most recent call last):
  File "/common/ketrong/tpotexp/tpot2/ImputerExperiments/Locally_run_code/viewreg.py", line 265, in <module>
    with open(normalpath + 'all_scores.pkl', 'rb') as file:
FileNotFoundError: [Errno 2] No such file or directory: '/common/ketrong/tpotexp/tpot2/ImputerExperiments/data/r/1213/reg_full_MAR_0.1_2/all_scores.pkl'

1213 54 passed: reg_full_MAR_0.1_3/
1213 7 passed: reg_full_MAR_0.3_1/
1213 31 passed: reg_full_MAR_0.3_2/
1213 55 failed: reg_full_MAR_0.3_3/
[Errno 2] No such file or directory: '/common/ketrong/tpotexp/tpot2/ImputerExperiments/data/r/1213/reg_full_MAR_0.3_3/all_scores.pkl'
Traceback (most recent call last):
  File "/common/ketrong/tpotexp/tpot2/ImputerExperiments/Locally_run_code/viewreg.py", line 265, in <module>
    with open(normalpath + 'all_scores.pkl', 'rb') as file:
FileNotFoundError: [Errno 2] No such file or directory: '/common/ketrong/tpotexp/tpot2/ImputerExperiments/data/r/1213/reg_full_MAR_0.3_3/all_scores.pkl'

1213 8 passed: reg_full_MAR_0.5_1/
1213 32 failed: reg_full_MAR_0.5_2/
[Errno 2] No such file or directory: '/common/ketrong/tpotexp/tpot2/ImputerExperiments/data/r/1213/reg_full_MAR_0.5_2/all_scores.pkl'
Traceback (most recent call last):
  File "/common/ketrong/tpotexp/tpot2/ImputerExperiments/Locally_run_code/viewreg.py", line 265, in <module>
    with open(normalpath + 'all_scores.pkl', 'rb') as file:
FileNotFoundError: [Errno 2] No such file or directory: '/common/ketrong/tpotexp/tpot2/ImputerExperiments/data/r/1213/reg_full_MAR_0.5_2/all_scores.pkl'

1213 56 passed: reg_full_MAR_0.5_3/
1213 1 passed: reg_full_MCAR_0.01_1/
1213 25 failed: reg_full_MCAR_0.01_2/
[Errno 2] No such file or directory: '/common/ketrong/tpotexp/tpot2/ImputerExperiments/data/r/1213/reg_full_MCAR_0.01_2/all_scores.pkl'
Traceback (most recent call last):
  File "/common/ketrong/tpotexp/tpot2/ImputerExperiments/Locally_run_code/viewreg.py", line 265, in <module>
    with open(normalpath + 'all_scores.pkl', 'rb') as file:
FileNotFoundError: [Errno 2] No such file or directory: '/common/ketrong/tpotexp/tpot2/ImputerExperiments/data/r/1213/reg_full_MCAR_0.01_2/all_scores.pkl'

1213 49 failed: reg_full_MCAR_0.01_3/
[Errno 2] No such file or directory: '/common/ketrong/tpotexp/tpot2/ImputerExperiments/data/r/1213/reg_full_MCAR_0.01_3/all_scores.pkl'
Traceback (most recent call last):
  File "/common/ketrong/tpotexp/tpot2/ImputerExperiments/Locally_run_code/viewreg.py", line 265, in <module>
    with open(normalpath + 'all_scores.pkl', 'rb') as file:
FileNotFoundError: [Errno 2] No such file or directory: '/common/ketrong/tpotexp/tpot2/ImputerExperiments/data/r/1213/reg_full_MCAR_0.01_3/all_scores.pkl'

1213 2 passed: reg_full_MCAR_0.1_1/
1213 26 failed: reg_full_MCAR_0.1_2/
[Errno 2] No such file or directory: '/common/ketrong/tpotexp/tpot2/ImputerExperiments/data/r/1213/reg_full_MCAR_0.1_2/all_scores.pkl'
Traceback (most recent call last):
  File "/common/ketrong/tpotexp/tpot2/ImputerExperiments/Locally_run_code/viewreg.py", line 265, in <module>
    with open(normalpath + 'all_scores.pkl', 'rb') as file:
FileNotFoundError: [Errno 2] No such file or directory: '/common/ketrong/tpotexp/tpot2/ImputerExperiments/data/r/1213/reg_full_MCAR_0.1_2/all_scores.pkl'

1213 50 failed: reg_full_MCAR_0.1_3/
[Errno 2] No such file or directory: '/common/ketrong/tpotexp/tpot2/ImputerExperiments/data/r/1213/reg_full_MCAR_0.1_3/all_scores.pkl'
Traceback (most recent call last):
  File "/common/ketrong/tpotexp/tpot2/ImputerExperiments/Locally_run_code/viewreg.py", line 265, in <module>
    with open(normalpath + 'all_scores.pkl', 'rb') as file:
FileNotFoundError: [Errno 2] No such file or directory: '/common/ketrong/tpotexp/tpot2/ImputerExperiments/data/r/1213/reg_full_MCAR_0.1_3/all_scores.pkl'

1213 3 passed: reg_full_MCAR_0.3_1/
1213 27 passed: reg_full_MCAR_0.3_2/
1213 51 passed: reg_full_MCAR_0.3_3/
1213 4 passed: reg_full_MCAR_0.5_1/
1213 28 passed: reg_full_MCAR_0.5_2/
1213 52 passed: reg_full_MCAR_0.5_3/
1213 9 failed: reg_full_MNAR_0.01_1/
[Errno 2] No such file or directory: '/common/ketrong/tpotexp/tpot2/ImputerExperiments/data/r/1213/reg_full_MNAR_0.01_1/all_scores.pkl'
Traceback (most recent call last):
  File "/common/ketrong/tpotexp/tpot2/ImputerExperiments/Locally_run_code/viewreg.py", line 265, in <module>
    with open(normalpath + 'all_scores.pkl', 'rb') as file:
FileNotFoundError: [Errno 2] No such file or directory: '/common/ketrong/tpotexp/tpot2/ImputerExperiments/data/r/1213/reg_full_MNAR_0.01_1/all_scores.pkl'

1213 33 failed: reg_full_MNAR_0.01_2/
[Errno 2] No such file or directory: '/common/ketrong/tpotexp/tpot2/ImputerExperiments/data/r/1213/reg_full_MNAR_0.01_2/all_scores.pkl'
Traceback (most recent call last):
  File "/common/ketrong/tpotexp/tpot2/ImputerExperiments/Locally_run_code/viewreg.py", line 265, in <module>
    with open(normalpath + 'all_scores.pkl', 'rb') as file:
FileNotFoundError: [Errno 2] No such file or directory: '/common/ketrong/tpotexp/tpot2/ImputerExperiments/data/r/1213/reg_full_MNAR_0.01_2/all_scores.pkl'

1213 57 failed: reg_full_MNAR_0.01_3/
[Errno 2] No such file or directory: '/common/ketrong/tpotexp/tpot2/ImputerExperiments/data/r/1213/reg_full_MNAR_0.01_3/all_scores.pkl'
Traceback (most recent call last):
  File "/common/ketrong/tpotexp/tpot2/ImputerExperiments/Locally_run_code/viewreg.py", line 265, in <module>
    with open(normalpath + 'all_scores.pkl', 'rb') as file:
FileNotFoundError: [Errno 2] No such file or directory: '/common/ketrong/tpotexp/tpot2/ImputerExperiments/data/r/1213/reg_full_MNAR_0.01_3/all_scores.pkl'

1213 10 passed: reg_full_MNAR_0.1_1/
1213 34 passed: reg_full_MNAR_0.1_2/
1213 58 passed: reg_full_MNAR_0.1_3/
1213 11 failed: reg_full_MNAR_0.3_1/
[Errno 2] No such file or directory: '/common/ketrong/tpotexp/tpot2/ImputerExperiments/data/r/1213/reg_full_MNAR_0.3_1/all_scores.pkl'
Traceback (most recent call last):
  File "/common/ketrong/tpotexp/tpot2/ImputerExperiments/Locally_run_code/viewreg.py", line 265, in <module>
    with open(normalpath + 'all_scores.pkl', 'rb') as file:
FileNotFoundError: [Errno 2] No such file or directory: '/common/ketrong/tpotexp/tpot2/ImputerExperiments/data/r/1213/reg_full_MNAR_0.3_1/all_scores.pkl'

1213 35 passed: reg_full_MNAR_0.3_2/
1213 59 passed: reg_full_MNAR_0.3_3/
1213 12 passed: reg_full_MNAR_0.5_1/
1213 36 passed: reg_full_MNAR_0.5_2/
1213 60 passed: reg_full_MNAR_0.5_3/
1213 17 passed: reg_simple_MAR_0.01_1/
1213 41 passed: reg_simple_MAR_0.01_2/
1213 65 passed: reg_simple_MAR_0.01_3/
1213 18 passed: reg_simple_MAR_0.1_1/
1213 42 passed: reg_simple_MAR_0.1_2/
1213 66 passed: reg_simple_MAR_0.1_3/
1213 19 passed: reg_simple_MAR_0.3_1/
1213 43 passed: reg_simple_MAR_0.3_2/
1213 67 passed: reg_simple_MAR_0.3_3/
1213 20 passed: reg_simple_MAR_0.5_1/
1213 44 passed: reg_simple_MAR_0.5_2/
1213 68 passed: reg_simple_MAR_0.5_3/
1213 13 passed: reg_simple_MCAR_0.01_1/
1213 37 passed: reg_simple_MCAR_0.01_2/
1213 61 passed: reg_simple_MCAR_0.01_3/
1213 14 passed: reg_simple_MCAR_0.1_1/
1213 38 passed: reg_simple_MCAR_0.1_2/
1213 62 passed: reg_simple_MCAR_0.1_3/
1213 15 passed: reg_simple_MCAR_0.3_1/
1213 39 passed: reg_simple_MCAR_0.3_2/
1213 63 passed: reg_simple_MCAR_0.3_3/
1213 16 passed: reg_simple_MCAR_0.5_1/
1213 40 passed: reg_simple_MCAR_0.5_2/
1213 64 passed: reg_simple_MCAR_0.5_3/
1213 21 passed: reg_simple_MNAR_0.01_1/
1213 45 passed: reg_simple_MNAR_0.01_2/
1213 69 passed: reg_simple_MNAR_0.01_3/
1213 22 passed: reg_simple_MNAR_0.1_1/
1213 46 passed: reg_simple_MNAR_0.1_2/
1213 70 passed: reg_simple_MNAR_0.1_3/
1213 23 passed: reg_simple_MNAR_0.3_1/
1213 47 passed: reg_simple_MNAR_0.3_2/
1213 71 passed: reg_simple_MNAR_0.3_3/
1213 24 passed: reg_simple_MNAR_0.5_1/
1213 48 passed: reg_simple_MNAR_0.5_2/
1213 72 passed: reg_simple_MNAR_0.5_3/
None
1213complete
42225 5 passed: reg_full_MAR_0.01_1/
42225 29 passed: reg_full_MAR_0.01_2/
42225 53 passed: reg_full_MAR_0.01_3/
42225 6 passed: reg_full_MAR_0.1_1/
42225 30 passed: reg_full_MAR_0.1_2/
42225 54 passed: reg_full_MAR_0.1_3/
42225 7 passed: reg_full_MAR_0.3_1/
42225 31 failed: reg_full_MAR_0.3_2/
[Errno 2] No such file or directory: '/common/ketrong/tpotexp/tpot2/ImputerExperiments/data/r/42225/reg_full_MAR_0.3_2/tpot_space_scores.pkl'
Traceback (most recent call last):
  File "/common/ketrong/tpotexp/tpot2/ImputerExperiments/Locally_run_code/viewreg.py", line 270, in <module>
    with open(imputepath + 'tpot_space_scores.pkl', 'rb') as file:
FileNotFoundError: [Errno 2] No such file or directory: '/common/ketrong/tpotexp/tpot2/ImputerExperiments/data/r/42225/reg_full_MAR_0.3_2/tpot_space_scores.pkl'

42225 55 failed: reg_full_MAR_0.3_3/
[Errno 2] No such file or directory: '/common/ketrong/tpotexp/tpot2/ImputerExperiments/data/r/42225/reg_full_MAR_0.3_3/all_scores.pkl'
Traceback (most recent call last):
  File "/common/ketrong/tpotexp/tpot2/ImputerExperiments/Locally_run_code/viewreg.py", line 265, in <module>
    with open(normalpath + 'all_scores.pkl', 'rb') as file:
FileNotFoundError: [Errno 2] No such file or directory: '/common/ketrong/tpotexp/tpot2/ImputerExperiments/data/r/42225/reg_full_MAR_0.3_3/all_scores.pkl'

42225 8 passed: reg_full_MAR_0.5_1/
42225 32 passed: reg_full_MAR_0.5_2/
42225 56 passed: reg_full_MAR_0.5_3/
42225 1 passed: reg_full_MCAR_0.01_1/
42225 25 passed: reg_full_MCAR_0.01_2/
42225 49 passed: reg_full_MCAR_0.01_3/
42225 2 failed: reg_full_MCAR_0.1_1/
[Errno 2] No such file or directory: '/common/ketrong/tpotexp/tpot2/ImputerExperiments/data/r/42225/reg_full_MCAR_0.1_1/all_scores.pkl'
Traceback (most recent call last):
  File "/common/ketrong/tpotexp/tpot2/ImputerExperiments/Locally_run_code/viewreg.py", line 265, in <module>
    with open(normalpath + 'all_scores.pkl', 'rb') as file:
FileNotFoundError: [Errno 2] No such file or directory: '/common/ketrong/tpotexp/tpot2/ImputerExperiments/data/r/42225/reg_full_MCAR_0.1_1/all_scores.pkl'

42225 26 failed: reg_full_MCAR_0.1_2/
[Errno 2] No such file or directory: '/common/ketrong/tpotexp/tpot2/ImputerExperiments/data/r/42225/reg_full_MCAR_0.1_2/all_scores.pkl'
Traceback (most recent call last):
  File "/common/ketrong/tpotexp/tpot2/ImputerExperiments/Locally_run_code/viewreg.py", line 265, in <module>
    with open(normalpath + 'all_scores.pkl', 'rb') as file:
FileNotFoundError: [Errno 2] No such file or directory: '/common/ketrong/tpotexp/tpot2/ImputerExperiments/data/r/42225/reg_full_MCAR_0.1_2/all_scores.pkl'

42225 50 failed: reg_full_MCAR_0.1_3/
[Errno 2] No such file or directory: '/common/ketrong/tpotexp/tpot2/ImputerExperiments/data/r/42225/reg_full_MCAR_0.1_3/all_scores.pkl'
Traceback (most recent call last):
  File "/common/ketrong/tpotexp/tpot2/ImputerExperiments/Locally_run_code/viewreg.py", line 265, in <module>
    with open(normalpath + 'all_scores.pkl', 'rb') as file:
FileNotFoundError: [Errno 2] No such file or directory: '/common/ketrong/tpotexp/tpot2/ImputerExperiments/data/r/42225/reg_full_MCAR_0.1_3/all_scores.pkl'

42225 3 failed: reg_full_MCAR_0.3_1/
[Errno 2] No such file or directory: '/common/ketrong/tpotexp/tpot2/ImputerExperiments/data/r/42225/reg_full_MCAR_0.3_1/all_scores.pkl'
Traceback (most recent call last):
  File "/common/ketrong/tpotexp/tpot2/ImputerExperiments/Locally_run_code/viewreg.py", line 265, in <module>
    with open(normalpath + 'all_scores.pkl', 'rb') as file:
FileNotFoundError: [Errno 2] No such file or directory: '/common/ketrong/tpotexp/tpot2/ImputerExperiments/data/r/42225/reg_full_MCAR_0.3_1/all_scores.pkl'

42225 27 passed: reg_full_MCAR_0.3_2/
42225 51 failed: reg_full_MCAR_0.3_3/
[Errno 2] No such file or directory: '/common/ketrong/tpotexp/tpot2/ImputerExperiments/data/r/42225/reg_full_MCAR_0.3_3/all_scores.pkl'
Traceback (most recent call last):
  File "/common/ketrong/tpotexp/tpot2/ImputerExperiments/Locally_run_code/viewreg.py", line 265, in <module>
    with open(normalpath + 'all_scores.pkl', 'rb') as file:
FileNotFoundError: [Errno 2] No such file or directory: '/common/ketrong/tpotexp/tpot2/ImputerExperiments/data/r/42225/reg_full_MCAR_0.3_3/all_scores.pkl'

42225 4 passed: reg_full_MCAR_0.5_1/
42225 28 passed: reg_full_MCAR_0.5_2/
42225 52 passed: reg_full_MCAR_0.5_3/
42225 9 passed: reg_full_MNAR_0.01_1/
42225 33 passed: reg_full_MNAR_0.01_2/
42225 57 failed: reg_full_MNAR_0.01_3/
[Errno 2] No such file or directory: '/common/ketrong/tpotexp/tpot2/ImputerExperiments/data/r/42225/reg_full_MNAR_0.01_3/tpot_space_scores.pkl'
Traceback (most recent call last):
  File "/common/ketrong/tpotexp/tpot2/ImputerExperiments/Locally_run_code/viewreg.py", line 270, in <module>
    with open(imputepath + 'tpot_space_scores.pkl', 'rb') as file:
FileNotFoundError: [Errno 2] No such file or directory: '/common/ketrong/tpotexp/tpot2/ImputerExperiments/data/r/42225/reg_full_MNAR_0.01_3/tpot_space_scores.pkl'

42225 10 failed: reg_full_MNAR_0.1_1/
[Errno 2] No such file or directory: '/common/ketrong/tpotexp/tpot2/ImputerExperiments/data/r/42225/reg_full_MNAR_0.1_1/all_scores.pkl'
Traceback (most recent call last):
  File "/common/ketrong/tpotexp/tpot2/ImputerExperiments/Locally_run_code/viewreg.py", line 265, in <module>
    with open(normalpath + 'all_scores.pkl', 'rb') as file:
FileNotFoundError: [Errno 2] No such file or directory: '/common/ketrong/tpotexp/tpot2/ImputerExperiments/data/r/42225/reg_full_MNAR_0.1_1/all_scores.pkl'

42225 34 failed: reg_full_MNAR_0.1_2/
[Errno 2] No such file or directory: '/common/ketrong/tpotexp/tpot2/ImputerExperiments/data/r/42225/reg_full_MNAR_0.1_2/tpot_space_scores.pkl'
Traceback (most recent call last):
  File "/common/ketrong/tpotexp/tpot2/ImputerExperiments/Locally_run_code/viewreg.py", line 270, in <module>
    with open(imputepath + 'tpot_space_scores.pkl', 'rb') as file:
FileNotFoundError: [Errno 2] No such file or directory: '/common/ketrong/tpotexp/tpot2/ImputerExperiments/data/r/42225/reg_full_MNAR_0.1_2/tpot_space_scores.pkl'

42225 58 failed: reg_full_MNAR_0.1_3/
[Errno 2] No such file or directory: '/common/ketrong/tpotexp/tpot2/ImputerExperiments/data/r/42225/reg_full_MNAR_0.1_3/all_scores.pkl'
Traceback (most recent call last):
  File "/common/ketrong/tpotexp/tpot2/ImputerExperiments/Locally_run_code/viewreg.py", line 265, in <module>
    with open(normalpath + 'all_scores.pkl', 'rb') as file:
FileNotFoundError: [Errno 2] No such file or directory: '/common/ketrong/tpotexp/tpot2/ImputerExperiments/data/r/42225/reg_full_MNAR_0.1_3/all_scores.pkl'

42225 11 passed: reg_full_MNAR_0.3_1/
42225 35 passed: reg_full_MNAR_0.3_2/
42225 59 passed: reg_full_MNAR_0.3_3/
42225 12 passed: reg_full_MNAR_0.5_1/
42225 36 passed: reg_full_MNAR_0.5_2/
42225 60 passed: reg_full_MNAR_0.5_3/
42225 17 passed: reg_simple_MAR_0.01_1/
42225 41 passed: reg_simple_MAR_0.01_2/
42225 65 passed: reg_simple_MAR_0.01_3/
42225 18 passed: reg_simple_MAR_0.1_1/
42225 42 passed: reg_simple_MAR_0.1_2/
42225 66 passed: reg_simple_MAR_0.1_3/
42225 19 passed: reg_simple_MAR_0.3_1/
42225 43 passed: reg_simple_MAR_0.3_2/
slurmstepd: error: *** STEP 995694.0 ON esplhpc-cp041 CANCELLED AT 2024-10-10T10:33:45 ***
slurmstepd: error: *** JOB 995694 ON esplhpc-cp041 CANCELLED AT 2024-10-10T10:33:45 ***
srun: Job step aborted: Waiting up to 32 seconds for job step to finish.
