Run: 60
/cm/local/apps/slurm/var/spool/job986351/slurm_script: line 26: 
pip install -e tpot2
pip install -r tpot2/ImputerExperiments/requirements_.txt
: No such file or directory
RunStart
Version 0.1.7a0 of tpot2 is outdated. Version 0.1.8a0 was released Tuesday September 17, 2024.
starting loops
../data/r/1213/1213.pkl
working on 
../data/r/1213/reg_full_MNAR_0.5_3
1.972757339477539
running experiment 1/3 - Does large hyperparameter space improve reconstruction accuracy over simple
[I 2024-10-02 23:16:25,127] A new study created in memory with name: no-name-f4d1fd02-1670-422c-a975-fd7c7e8af5c0
running
running
running
running
running
running
running
running
running
running
running
running
running
running
running
running
[I 2024-10-02 23:16:26,005] Trial 8 finished with value: 0.4149288091240037 and parameters: {'model_name': 'SimpleImputer', 'strategy': 'constant'}. Best is trial 8 with value: 0.4149288091240037.
running
[I 2024-10-02 23:16:27,381] Trial 2 finished with value: 0.39503224488415245 and parameters: {'model_name': 'SimpleImputer', 'strategy': 'median'}. Best is trial 2 with value: 0.39503224488415245.
running
[I 2024-10-02 23:16:39,385] Trial 17 finished with value: 0.2379938166717098 and parameters: {'model_name': 'VAE', 'batch_size': 3, 'iterations': 4, 'learning_rate': 0.01572475372170785, 'p_miss': 0.29474395958535454}. Best is trial 17 with value: 0.2379938166717098.
running
[I 2024-10-02 23:16:40,847] Trial 9 finished with value: 0.24436145818590824 and parameters: {'model_name': 'VAE', 'batch_size': 137, 'iterations': 1, 'learning_rate': 0.013873515423829981, 'p_miss': 0.20096548210108356}. Best is trial 17 with value: 0.2379938166717098.
running
[I 2024-10-02 23:16:42,175] Trial 18 finished with value: 0.4149288091240037 and parameters: {'model_name': 'SimpleImputer', 'strategy': 'most_frequent'}. Best is trial 17 with value: 0.2379938166717098.
running
[I 2024-10-02 23:16:45,039] Trial 0 finished with value: 0.2782413889987335 and parameters: {'model_name': 'IterativeImputer', 'estimator': 'Ridge', 'initial_strategy': 'most_frequent', 'n_nearest_features': 1, 'imputation_order': 'roman'}. Best is trial 17 with value: 0.2379938166717098.
running
[I 2024-10-02 23:16:45,330] Trial 6 finished with value: 0.4041610253204902 and parameters: {'model_name': 'GAIN', 'batch_size': 407, 'hint_rate': 0.5400113033695331, 'alpha': 22, 'iterations': 8, 'learning_rate': 0.004683574961352332, 'p_miss': 0.15636217198431207}. Best is trial 17 with value: 0.2379938166717098.
running
[I 2024-10-02 23:16:45,879] Trial 21 finished with value: 0.4149288091240037 and parameters: {'model_name': 'SimpleImputer', 'strategy': 'constant'}. Best is trial 17 with value: 0.2379938166717098.
running
[I 2024-10-02 23:17:03,567] Trial 14 finished with value: 0.4022329286111714 and parameters: {'model_name': 'GAIN', 'batch_size': 25, 'hint_rate': 0.7496903133282893, 'alpha': 53, 'iterations': 42, 'learning_rate': 0.003788877874994974, 'p_miss': 0.1723136332906865}. Best is trial 17 with value: 0.2379938166717098.
running
[I 2024-10-02 23:17:23,853] Trial 12 finished with value: 0.27443939010616764 and parameters: {'model_name': 'IterativeImputer', 'estimator': 'Ridge', 'initial_strategy': 'most_frequent', 'n_nearest_features': 8, 'imputation_order': 'roman'}. Best is trial 17 with value: 0.2379938166717098.
running
[I 2024-10-02 23:17:40,211] Trial 10 finished with value: 0.252196927064563 and parameters: {'model_name': 'VAE', 'batch_size': 112, 'iterations': 46, 'learning_rate': 0.0017985194616740204, 'p_miss': 0.25158638157869023}. Best is trial 17 with value: 0.2379938166717098.
running
[I 2024-10-02 23:17:44,977] Trial 26 finished with value: 0.24248961571942984 and parameters: {'model_name': 'VAE', 'batch_size': 1, 'iterations': 1, 'learning_rate': 0.06761000158241103, 'p_miss': 0.28387994567152325}. Best is trial 17 with value: 0.2379938166717098.
running
[I 2024-10-02 23:17:47,612] Trial 22 finished with value: 0.3050086216462245 and parameters: {'model_name': 'VAE', 'batch_size': 3, 'iterations': 52, 'learning_rate': 0.0935742047117614, 'p_miss': 0.27780492418080416}. Best is trial 17 with value: 0.2379938166717098.
running
[I 2024-10-02 23:18:25,551] Trial 24 finished with value: 0.27336334635467774 and parameters: {'model_name': 'IterativeImputer', 'estimator': 'Bayesian', 'initial_strategy': 'most_frequent', 'n_nearest_features': 10, 'imputation_order': 'ascending', 'sample_posterior': False}. Best is trial 17 with value: 0.2379938166717098.
running
[I 2024-10-02 23:18:53,352] Trial 7 finished with value: 0.27745848296447645 and parameters: {'model_name': 'KNNImputer', 'n_neighbors': 13960, 'weights': 'uniform'}. Best is trial 17 with value: 0.2379938166717098.
running
[I 2024-10-02 23:18:58,330] Trial 30 finished with value: 0.24291554784964126 and parameters: {'model_name': 'VAE', 'batch_size': 1, 'iterations': 1, 'learning_rate': 0.0714984357199141, 'p_miss': 0.046476269211080515}. Best is trial 17 with value: 0.2379938166717098.
running
[I 2024-10-02 23:18:58,694] Trial 5 finished with value: 0.28958461887127174 and parameters: {'model_name': 'KNNImputer', 'n_neighbors': 8089, 'weights': 'distance'}. Best is trial 17 with value: 0.2379938166717098.
running
[I 2024-10-02 23:19:05,961] Trial 13 finished with value: 0.2780777163152398 and parameters: {'model_name': 'KNNImputer', 'n_neighbors': 22540, 'weights': 'uniform'}. Best is trial 17 with value: 0.2379938166717098.
running
[I 2024-10-02 23:19:14,849] Trial 31 finished with value: 0.23769633955400332 and parameters: {'model_name': 'VAE', 'batch_size': 4, 'iterations': 4, 'learning_rate': 0.00014272142523396724, 'p_miss': 0.2758103854617586}. Best is trial 31 with value: 0.23769633955400332.
running
[I 2024-10-02 23:19:21,899] Trial 19 finished with value: 0.2783089883782822 and parameters: {'model_name': 'KNNImputer', 'n_neighbors': 25214, 'weights': 'uniform'}. Best is trial 31 with value: 0.23769633955400332.
running
[I 2024-10-02 23:19:45,326] Trial 27 finished with value: 0.2770313331208355 and parameters: {'model_name': 'KNNImputer', 'n_neighbors': 9237, 'weights': 'uniform'}. Best is trial 31 with value: 0.23769633955400332.
running
[I 2024-10-02 23:19:55,423] Trial 3 finished with value: 0.2915470118114082 and parameters: {'model_name': 'KNNImputer', 'n_neighbors': 39534, 'weights': 'distance'}. Best is trial 31 with value: 0.23769633955400332.
running
[I 2024-10-02 23:19:56,081] Trial 28 finished with value: 0.289511040370865 and parameters: {'model_name': 'KNNImputer', 'n_neighbors': 7541, 'weights': 'distance'}. Best is trial 31 with value: 0.23769633955400332.
running
[I 2024-10-02 23:20:17,377] Trial 25 finished with value: 0.2921351179748001 and parameters: {'model_name': 'KNNImputer', 'n_neighbors': 48234, 'weights': 'distance'}. Best is trial 31 with value: 0.23769633955400332.
running
[I 2024-10-02 23:20:40,387] Trial 29 finished with value: 0.2921351179748001 and parameters: {'model_name': 'KNNImputer', 'n_neighbors': 57371, 'weights': 'distance'}. Best is trial 31 with value: 0.23769633955400332.
running
[I 2024-10-02 23:20:58,091] Trial 20 finished with value: 0.2364930942008082 and parameters: {'model_name': 'VAE', 'batch_size': 1, 'iterations': 155, 'learning_rate': 0.0001664009010761116, 'p_miss': 0.03537406851450311}. Best is trial 20 with value: 0.2364930942008082.
running
[I 2024-10-02 23:24:02,716] Trial 15 finished with value: 0.4066860606575201 and parameters: {'model_name': 'GAIN', 'batch_size': 21, 'hint_rate': 0.30515494487897465, 'alpha': 85, 'iterations': 453, 'learning_rate': 0.02314248328254426, 'p_miss': 0.23537964009405205}. Best is trial 20 with value: 0.2364930942008082.
running
[I 2024-10-02 23:27:35,316] Trial 16 finished with value: 0.41426132692598544 and parameters: {'model_name': 'GAIN', 'batch_size': 68, 'hint_rate': 0.11989805415813795, 'alpha': 59, 'iterations': 591, 'learning_rate': 0.016971019359520067, 'p_miss': 0.04964488155266227}. Best is trial 20 with value: 0.2364930942008082.
running
[I 2024-10-02 23:37:52,021] Trial 4 finished with value: 0.31142284852023194 and parameters: {'model_name': 'VAE', 'batch_size': 2, 'iterations': 494, 'learning_rate': 0.0103915282800153, 'p_miss': 0.2366799818800649}. Best is trial 20 with value: 0.2364930942008082.
running
[I 2024-10-02 23:38:17,124] Trial 44 finished with value: 0.23739531354579965 and parameters: {'model_name': 'VAE', 'batch_size': 9, 'iterations': 7, 'learning_rate': 0.00012937218718920264, 'p_miss': 0.09039929365637885}. Best is trial 20 with value: 0.2364930942008082.
running
[I 2024-10-03 00:20:24,371] Trial 41 finished with value: 0.2561279473581436 and parameters: {'model_name': 'VAE', 'batch_size': 7, 'iterations': 1278, 'learning_rate': 0.000108546001041235, 'p_miss': 0.050298141927811055}. Best is trial 20 with value: 0.2364930942008082.
running
[I 2024-10-03 00:20:48,929] Trial 46 finished with value: 0.23899499682828837 and parameters: {'model_name': 'VAE', 'batch_size': 5, 'iterations': 6, 'learning_rate': 0.00015368239671983435, 'p_miss': 0.10590688324127266}. Best is trial 20 with value: 0.2364930942008082.
running
[I 2024-10-03 00:21:15,450] Trial 47 finished with value: 0.23788272104802136 and parameters: {'model_name': 'VAE', 'batch_size': 10, 'iterations': 6, 'learning_rate': 0.0006002288351222716, 'p_miss': 0.09730191351323417}. Best is trial 20 with value: 0.2364930942008082.
running
[I 2024-10-03 00:22:11,911] Trial 48 finished with value: 0.23771879293559586 and parameters: {'model_name': 'VAE', 'batch_size': 12, 'iterations': 13, 'learning_rate': 0.0003680923872170578, 'p_miss': 0.11058952783260573}. Best is trial 20 with value: 0.2364930942008082.
running
[I 2024-10-03 00:23:11,726] Trial 49 finished with value: 0.23846254823802687 and parameters: {'model_name': 'VAE', 'batch_size': 15, 'iterations': 17, 'learning_rate': 0.00030949553761553625, 'p_miss': 0.09459099977214339}. Best is trial 20 with value: 0.2364930942008082.
running
[I 2024-10-03 00:27:41,873] Trial 1 finished with value: 0.3234097331702851 and parameters: {'model_name': 'VAE', 'batch_size': 2, 'iterations': 1496, 'learning_rate': 0.027992422253751915, 'p_miss': 0.2917795107226675}. Best is trial 20 with value: 0.2364930942008082.
running
[I 2024-10-03 00:34:41,169] Trial 51 finished with value: 0.23439146453126783 and parameters: {'model_name': 'VAE', 'batch_size': 31, 'iterations': 142, 'learning_rate': 0.00030994537588521976, 'p_miss': 0.015915852311206003}. Best is trial 51 with value: 0.23439146453126783.
running
[I 2024-10-03 00:36:08,365] Trial 50 finished with value: 0.238042596322721 and parameters: {'model_name': 'VAE', 'batch_size': 1, 'iterations': 193, 'learning_rate': 0.00032421731503415346, 'p_miss': 0.013000241399925856}. Best is trial 51 with value: 0.23439146453126783.
running
[I 2024-10-03 00:43:57,941] Trial 52 finished with value: 0.23552521241803737 and parameters: {'model_name': 'VAE', 'batch_size': 37, 'iterations': 163, 'learning_rate': 0.00019706892118930076, 'p_miss': 0.01877059636161843}. Best is trial 51 with value: 0.23439146453126783.
running
[I 2024-10-03 00:45:45,520] Trial 53 finished with value: 0.23448718513466718 and parameters: {'model_name': 'VAE', 'batch_size': 44, 'iterations': 179, 'learning_rate': 0.00016412000818065678, 'p_miss': 0.010600463917750522}. Best is trial 51 with value: 0.23439146453126783.
running
[I 2024-10-03 00:49:06,111] Trial 54 finished with value: 0.2551237562681735 and parameters: {'model_name': 'VAE', 'batch_size': 37, 'iterations': 119, 'learning_rate': 0.0010357547668840914, 'p_miss': 0.014270062392897395}. Best is trial 51 with value: 0.23439146453126783.
running
[I 2024-10-03 01:29:43,584] Trial 39 finished with value: 0.29169800269888096 and parameters: {'model_name': 'VAE', 'batch_size': 4, 'iterations': 2678, 'learning_rate': 0.00011841126146571373, 'p_miss': 0.2942134093141638}. Best is trial 51 with value: 0.23439146453126783.
running
[I 2024-10-03 01:49:28,080] Trial 23 finished with value: 0.2850256344382879 and parameters: {'model_name': 'IterativeImputer', 'estimator': 'RFR', 'initial_strategy': 'mean', 'n_nearest_features': 5, 'imputation_order': 'ascending'}. Best is trial 51 with value: 0.23439146453126783.
running
[I 2024-10-03 02:03:47,884] Trial 58 finished with value: 0.23961424671192733 and parameters: {'model_name': 'VAE', 'batch_size': 48, 'iterations': 242, 'learning_rate': 0.0002450241652380291, 'p_miss': 0.03225178100305591}. Best is trial 51 with value: 0.23439146453126783.
running
[I 2024-10-03 02:08:53,069] Trial 59 finished with value: 0.2345087286491141 and parameters: {'model_name': 'VAE', 'batch_size': 93, 'iterations': 109, 'learning_rate': 0.0005985943070066162, 'p_miss': 0.07397967120902318}. Best is trial 51 with value: 0.23439146453126783.
running
[I 2024-10-03 02:15:47,228] Trial 60 finished with value: 0.24511715053110267 and parameters: {'model_name': 'VAE', 'batch_size': 188, 'iterations': 104, 'learning_rate': 0.0005916764255168163, 'p_miss': 0.07236945516719495}. Best is trial 51 with value: 0.23439146453126783.
running
[I 2024-10-03 02:22:25,675] Trial 35 finished with value: 0.2900126607941511 and parameters: {'model_name': 'VAE', 'batch_size': 7, 'iterations': 3776, 'learning_rate': 0.00013113215477552413, 'p_miss': 0.29959352486344204}. Best is trial 51 with value: 0.23439146453126783.
running
[I 2024-10-03 02:22:26,683] Trial 62 finished with value: 0.28075594157428857 and parameters: {'model_name': 'SimpleImputer', 'strategy': 'mean'}. Best is trial 51 with value: 0.23439146453126783.
running
[I 2024-10-03 02:25:56,365] Trial 63 finished with value: 0.2942689383061895 and parameters: {'model_name': 'IterativeImputer', 'estimator': 'KNN', 'initial_strategy': 'constant', 'n_nearest_features': 1, 'imputation_order': 'random'}. Best is trial 51 with value: 0.23439146453126783.
running
[I 2024-10-03 02:31:30,396] Trial 64 finished with value: 0.41225735676115144 and parameters: {'model_name': 'GAIN', 'batch_size': 70, 'hint_rate': 0.9378538244328873, 'alpha': 8, 'iterations': 207, 'learning_rate': 0.0002067363447454466, 'p_miss': 0.028824909868248334}. Best is trial 51 with value: 0.23439146453126783.
running
[I 2024-10-03 02:32:55,784] Trial 55 finished with value: 0.29524149668904903 and parameters: {'model_name': 'IterativeImputer', 'estimator': 'RFR', 'initial_strategy': 'constant', 'n_nearest_features': 3, 'imputation_order': 'random'}. Best is trial 51 with value: 0.23439146453126783.
running
[I 2024-10-03 02:34:19,936] Trial 61 finished with value: 0.2477936177610931 and parameters: {'model_name': 'VAE', 'batch_size': 68, 'iterations': 236, 'learning_rate': 0.00023253563118017924, 'p_miss': 0.03006045966367967}. Best is trial 51 with value: 0.23439146453126783.
running
[I 2024-10-03 02:38:19,529] Trial 65 finished with value: 0.23708947571965427 and parameters: {'model_name': 'VAE', 'batch_size': 29, 'iterations': 94, 'learning_rate': 0.0005220392407794224, 'p_miss': 0.06624286889715743}. Best is trial 51 with value: 0.23439146453126783.
running
[I 2024-10-03 02:38:58,672] Trial 66 finished with value: 0.24175316852088882 and parameters: {'model_name': 'VAE', 'batch_size': 32, 'iterations': 91, 'learning_rate': 0.0006148526265843129, 'p_miss': 0.07078491253330296}. Best is trial 51 with value: 0.23439146453126783.
running
[I 2024-10-03 02:39:41,493] Trial 67 finished with value: 0.23446633697118893 and parameters: {'model_name': 'VAE', 'batch_size': 31, 'iterations': 88, 'learning_rate': 0.000490747598916373, 'p_miss': 0.06699117497093196}. Best is trial 51 with value: 0.23439146453126783.
running
[I 2024-10-03 02:40:35,056] Trial 69 finished with value: 0.23618339435656735 and parameters: {'model_name': 'VAE', 'batch_size': 19, 'iterations': 29, 'learning_rate': 0.0004520917055571888, 'p_miss': 0.010436121877020303}. Best is trial 51 with value: 0.23439146453126783.
running
[I 2024-10-03 02:41:30,604] Trial 70 finished with value: 0.2345470319443185 and parameters: {'model_name': 'VAE', 'batch_size': 49, 'iterations': 30, 'learning_rate': 0.0010728380996997133, 'p_miss': 0.011353246288525395}. Best is trial 51 with value: 0.23439146453126783.
running
[I 2024-10-03 02:42:21,917] Trial 71 finished with value: 0.2352655147221121 and parameters: {'model_name': 'VAE', 'batch_size': 263, 'iterations': 23, 'learning_rate': 0.0009944169010135584, 'p_miss': 0.01071868412745934}. Best is trial 51 with value: 0.23439146453126783.
running
[I 2024-10-03 02:42:24,048] Trial 73 finished with value: 0.4149288091240037 and parameters: {'model_name': 'SimpleImputer', 'strategy': 'most_frequent'}. Best is trial 51 with value: 0.23439146453126783.
running
[I 2024-10-03 02:43:29,460] Trial 34 finished with value: 0.28689397497986185 and parameters: {'model_name': 'VAE', 'batch_size': 8, 'iterations': 4130, 'learning_rate': 0.00011239603886825279, 'p_miss': 0.2333216071991364}. Best is trial 51 with value: 0.23439146453126783.
running
[I 2024-10-03 02:43:56,182] Trial 68 finished with value: 0.23732912570953285 and parameters: {'model_name': 'VAE', 'batch_size': 29, 'iterations': 77, 'learning_rate': 0.000643809250378103, 'p_miss': 0.06965128754135298}. Best is trial 51 with value: 0.23439146453126783.
running
[I 2024-10-03 02:44:23,010] Trial 74 finished with value: 0.23612444918379408 and parameters: {'model_name': 'VAE', 'batch_size': 279, 'iterations': 21, 'learning_rate': 0.0010970242368029707, 'p_miss': 0.05499623433436619}. Best is trial 51 with value: 0.23439146453126783.
running
[I 2024-10-03 02:44:37,903] Trial 75 finished with value: 0.40362584989651856 and parameters: {'model_name': 'GAIN', 'batch_size': 362, 'hint_rate': 0.021554347180600397, 'alpha': 100, 'iterations': 26, 'learning_rate': 0.0010704826332969862, 'p_miss': 0.12515949829093004}. Best is trial 51 with value: 0.23439146453126783.
running
[I 2024-10-03 02:46:10,115] Trial 76 finished with value: 0.2347550517427491 and parameters: {'model_name': 'VAE', 'batch_size': 275, 'iterations': 27, 'learning_rate': 0.0012757993982235678, 'p_miss': 0.023281436474140757}. Best is trial 51 with value: 0.23439146453126783.
running
[I 2024-10-03 02:50:12,576] Trial 79 finished with value: 0.265620416927749 and parameters: {'model_name': 'VAE', 'batch_size': 560, 'iterations': 45, 'learning_rate': 0.0020335890281232526, 'p_miss': 0.03838557218827907}. Best is trial 51 with value: 0.23439146453126783.
running
[I 2024-10-03 02:54:00,802] Trial 11 finished with value: 0.273314790171585 and parameters: {'model_name': 'IterativeImputer', 'estimator': 'RFR', 'initial_strategy': 'mean', 'n_nearest_features': 8, 'imputation_order': 'ascending'}. Best is trial 51 with value: 0.23439146453126783.
running
[I 2024-10-03 02:59:19,505] Trial 77 finished with value: 0.4147067513403016 and parameters: {'model_name': 'GAIN', 'batch_size': 882, 'hint_rate': 0.09335141886783971, 'alpha': 100, 'iterations': 380, 'learning_rate': 0.002225951920672146, 'p_miss': 0.020631355739050596}. Best is trial 51 with value: 0.23439146453126783.
running
[I 2024-10-03 03:03:05,998] Trial 82 finished with value: 0.23696392295963334 and parameters: {'model_name': 'VAE', 'batch_size': 136, 'iterations': 58, 'learning_rate': 0.0009112512650308185, 'p_miss': 0.026663476478949732}. Best is trial 51 with value: 0.23439146453126783.
running
[I 2024-10-03 03:05:42,206] Trial 83 finished with value: 0.28677082966460754 and parameters: {'model_name': 'VAE', 'batch_size': 93, 'iterations': 32, 'learning_rate': 0.007211810621245041, 'p_miss': 0.14773956098903618}. Best is trial 51 with value: 0.23439146453126783.
running
[I 2024-10-03 03:08:39,124] Trial 72 finished with value: 0.28407464978141544 and parameters: {'model_name': 'VAE', 'batch_size': 181, 'iterations': 376, 'learning_rate': 0.0011704284280512358, 'p_miss': 0.13734221006863495}. Best is trial 51 with value: 0.23439146453126783.
running
[I 2024-10-03 03:12:54,615] Trial 78 finished with value: 0.28582023517936117 and parameters: {'model_name': 'VAE', 'batch_size': 922, 'iterations': 331, 'learning_rate': 0.0021446107007510725, 'p_miss': 0.02328428349738488}. Best is trial 51 with value: 0.23439146453126783.
running
[I 2024-10-03 03:17:55,961] Trial 57 finished with value: 0.29496563973463236 and parameters: {'model_name': 'IterativeImputer', 'estimator': 'RFR', 'initial_strategy': 'constant', 'n_nearest_features': 3, 'imputation_order': 'random'}. Best is trial 51 with value: 0.23439146453126783.
running
[I 2024-10-03 03:21:25,370] Trial 86 finished with value: 0.28085176202354417 and parameters: {'model_name': 'VAE', 'batch_size': 48, 'iterations': 138, 'learning_rate': 0.001549932847590154, 'p_miss': 0.04184619204076355}. Best is trial 51 with value: 0.23439146453126783.
running
[I 2024-10-03 03:22:14,548] Trial 88 finished with value: 0.2365287635495652 and parameters: {'model_name': 'VAE', 'batch_size': 50, 'iterations': 12, 'learning_rate': 0.0008206021833590764, 'p_miss': 0.011732921347760113}. Best is trial 51 with value: 0.23439146453126783.
running
[I 2024-10-03 03:24:38,425] Trial 36 finished with value: 0.32160719481423916 and parameters: {'model_name': 'VAE', 'batch_size': 4, 'iterations': 5767, 'learning_rate': 0.00026487550523083734, 'p_miss': 0.299368243654298}. Best is trial 51 with value: 0.23439146453126783.
running
[I 2024-10-03 03:26:59,074] Trial 45 finished with value: 0.2908032606366059 and parameters: {'model_name': 'VAE', 'batch_size': 9, 'iterations': 4702, 'learning_rate': 0.0001182107004913907, 'p_miss': 0.12005043019122255}. Best is trial 51 with value: 0.23439146453126783.
running
[I 2024-10-03 03:27:00,288] Trial 91 finished with value: 0.28075594157428857 and parameters: {'model_name': 'SimpleImputer', 'strategy': 'mean'}. Best is trial 51 with value: 0.23439146453126783.
running
[I 2024-10-03 03:27:14,798] Trial 87 finished with value: 0.2813511112379239 and parameters: {'model_name': 'VAE', 'batch_size': 41, 'iterations': 136, 'learning_rate': 0.0015316479931737966, 'p_miss': 0.01016030374130929}. Best is trial 51 with value: 0.23439146453126783.
running
[I 2024-10-03 03:27:31,573] Trial 89 finished with value: 0.2799112068948224 and parameters: {'model_name': 'VAE', 'batch_size': 99, 'iterations': 62, 'learning_rate': 0.0030165924047429954, 'p_miss': 0.18597074085093335}. Best is trial 51 with value: 0.23439146453126783.
running
[I 2024-10-03 03:28:37,661] Trial 81 finished with value: 0.2843702888713641 and parameters: {'model_name': 'VAE', 'batch_size': 141, 'iterations': 408, 'learning_rate': 0.0017579318052811108, 'p_miss': 0.022151725698588816}. Best is trial 51 with value: 0.23439146453126783.
running
[I 2024-10-03 03:30:00,751] Trial 95 finished with value: 0.28075594157428857 and parameters: {'model_name': 'KNNImputer', 'n_neighbors': 62358, 'weights': 'uniform'}. Best is trial 51 with value: 0.23439146453126783.
running
[I 2024-10-03 03:31:18,535] Trial 84 finished with value: 0.28585454424704754 and parameters: {'model_name': 'VAE', 'batch_size': 243, 'iterations': 337, 'learning_rate': 0.0017027887490004168, 'p_miss': 0.04259158296523505}. Best is trial 51 with value: 0.23439146453126783.
running
[I 2024-10-03 03:31:27,838] Trial 96 finished with value: 0.23830820071812728 and parameters: {'model_name': 'VAE', 'batch_size': 324, 'iterations': 17, 'learning_rate': 0.0004310665680717575, 'p_miss': 0.05550416923201296}. Best is trial 51 with value: 0.23439146453126783.
running
[I 2024-10-03 03:32:22,985] Trial 40 finished with value: 0.31007643364709475 and parameters: {'model_name': 'VAE', 'batch_size': 3, 'iterations': 4024, 'learning_rate': 0.00026441979867324376, 'p_miss': 0.29524728964655844}. Best is trial 51 with value: 0.23439146453126783.
running
[I 2024-10-03 03:33:09,726] Trial 97 finished with value: 0.23684083510543807 and parameters: {'model_name': 'VAE', 'batch_size': 301, 'iterations': 19, 'learning_rate': 0.0004131961401298646, 'p_miss': 0.0547076082367287}. Best is trial 51 with value: 0.23439146453126783.
running
[I 2024-10-03 03:33:37,261] Trial 99 finished with value: 0.2368126781878869 and parameters: {'model_name': 'VAE', 'batch_size': 21, 'iterations': 22, 'learning_rate': 0.00017708667028567318, 'p_miss': 0.05698756996867053}. Best is trial 51 with value: 0.23439146453126783.
running
[I 2024-10-03 03:33:55,869] Trial 80 finished with value: 0.2862444913547918 and parameters: {'model_name': 'VAE', 'batch_size': 969, 'iterations': 396, 'learning_rate': 0.0017754940075841662, 'p_miss': 0.02478482504236075}. Best is trial 51 with value: 0.23439146453126783.
running
[I 2024-10-03 03:37:12,412] Trial 102 finished with value: 0.23562088466259548 and parameters: {'model_name': 'VAE', 'batch_size': 526, 'iterations': 33, 'learning_rate': 0.0007709265164365626, 'p_miss': 0.08521287797249577}. Best is trial 51 with value: 0.23439146453126783.
running
[I 2024-10-03 03:39:34,845] Trial 103 finished with value: 0.23409155269804013 and parameters: {'model_name': 'VAE', 'batch_size': 68, 'iterations': 41, 'learning_rate': 0.0007732817309418067, 'p_miss': 0.08516535218348104}. Best is trial 103 with value: 0.23409155269804013.
running
[I 2024-10-03 03:58:31,905] Trial 85 finished with value: 0.28418209357400837 and parameters: {'model_name': 'VAE', 'batch_size': 51, 'iterations': 686, 'learning_rate': 0.0013993774352476557, 'p_miss': 0.03969793837136653}. Best is trial 103 with value: 0.23409155269804013.
running
[I 2024-10-03 04:01:05,707] Trial 105 finished with value: 0.23454662842499516 and parameters: {'model_name': 'VAE', 'batch_size': 84, 'iterations': 44, 'learning_rate': 0.0007133039758242391, 'p_miss': 0.08303331816913057}. Best is trial 103 with value: 0.23409155269804013.
running
[I 2024-10-03 04:01:31,161] Trial 33 finished with value: 0.31368971673048873 and parameters: {'model_name': 'VAE', 'batch_size': 4, 'iterations': 6370, 'learning_rate': 0.00023130159202628756, 'p_miss': 0.2969461712788435}. Best is trial 103 with value: 0.23409155269804013.
running
[I 2024-10-03 04:04:02,376] Trial 106 finished with value: 0.2368995381461021 and parameters: {'model_name': 'VAE', 'batch_size': 73, 'iterations': 42, 'learning_rate': 0.0007725410528112938, 'p_miss': 0.08734003748260577}. Best is trial 103 with value: 0.23409155269804013.
running
[I 2024-10-03 04:04:05,061] Trial 107 finished with value: 0.23338333559832383 and parameters: {'model_name': 'VAE', 'batch_size': 79, 'iterations': 42, 'learning_rate': 0.0007488663448368283, 'p_miss': 0.0822667833037626}. Best is trial 107 with value: 0.23338333559832383.
running
[I 2024-10-03 04:04:40,369] Trial 98 finished with value: 0.25297798910476144 and parameters: {'model_name': 'VAE', 'batch_size': 62, 'iterations': 626, 'learning_rate': 0.00018461629685938272, 'p_miss': 0.057622513258428903}. Best is trial 107 with value: 0.23338333559832383.
running
[I 2024-10-03 04:07:26,568] Trial 108 finished with value: 0.2360982690912469 and parameters: {'model_name': 'VAE', 'batch_size': 57, 'iterations': 61, 'learning_rate': 0.0003331981490006576, 'p_miss': 0.020034411594254682}. Best is trial 107 with value: 0.23338333559832383.
running
[I 2024-10-03 04:07:39,599] Trial 110 finished with value: 0.2345737110334473 and parameters: {'model_name': 'VAE', 'batch_size': 120, 'iterations': 40, 'learning_rate': 0.000498989975180715, 'p_miss': 0.07832102446131219}. Best is trial 107 with value: 0.23338333559832383.
running
[I 2024-10-03 04:08:19,950] Trial 109 finished with value: 0.23381117990962683 and parameters: {'model_name': 'VAE', 'batch_size': 88, 'iterations': 70, 'learning_rate': 0.0005101312734796497, 'p_miss': 0.07902629814971897}. Best is trial 107 with value: 0.23338333559832383.
running
[I 2024-10-03 04:08:40,995] Trial 93 finished with value: 0.283427913795587 and parameters: {'model_name': 'VAE', 'batch_size': 20, 'iterations': 720, 'learning_rate': 0.00040729937854061657, 'p_miss': 0.05426743835741139}. Best is trial 107 with value: 0.23338333559832383.
running
[I 2024-10-03 04:09:18,515] Trial 112 finished with value: 0.2795264407476713 and parameters: {'model_name': 'KNNImputer', 'n_neighbors': 37434, 'weights': 'uniform'}. Best is trial 107 with value: 0.23338333559832383.
running
[I 2024-10-03 04:09:31,069] Trial 111 finished with value: 0.23663203978206243 and parameters: {'model_name': 'VAE', 'batch_size': 85, 'iterations': 42, 'learning_rate': 0.0004892964375862251, 'p_miss': 0.07870245443978796}. Best is trial 107 with value: 0.23338333559832383.
running
[I 2024-10-03 04:09:50,826] Trial 92 finished with value: 0.28284763363098886 and parameters: {'model_name': 'VAE', 'batch_size': 95, 'iterations': 721, 'learning_rate': 0.00043231928847667253, 'p_miss': 0.05516507263900536}. Best is trial 107 with value: 0.23338333559832383.
running
[I 2024-10-03 04:10:04,655] Trial 94 finished with value: 0.28234927528596643 and parameters: {'model_name': 'VAE', 'batch_size': 21, 'iterations': 798, 'learning_rate': 0.00041522840870316226, 'p_miss': 0.056021209005742444}. Best is trial 107 with value: 0.23338333559832383.
running
[I 2024-10-03 04:10:14,321] Trial 113 finished with value: 0.2795411320279155 and parameters: {'model_name': 'KNNImputer', 'n_neighbors': 37574, 'weights': 'uniform'}. Best is trial 107 with value: 0.23338333559832383.
running
[I 2024-10-03 04:10:50,318] Trial 90 finished with value: 0.28259802608276285 and parameters: {'model_name': 'VAE', 'batch_size': 20, 'iterations': 704, 'learning_rate': 0.00040129248764053053, 'p_miss': 0.057441580178385854}. Best is trial 107 with value: 0.23338333559832383.
running
[I 2024-10-03 04:10:58,146] Trial 101 finished with value: 0.2840776674338671 and parameters: {'model_name': 'VAE', 'batch_size': 67, 'iterations': 622, 'learning_rate': 0.0007555901882650821, 'p_miss': 0.03455098062704219}. Best is trial 107 with value: 0.23338333559832383.
running
[I 2024-10-03 04:11:29,604] Trial 114 finished with value: 0.291403847016747 and parameters: {'model_name': 'KNNImputer', 'n_neighbors': 37303, 'weights': 'distance'}. Best is trial 107 with value: 0.23338333559832383.
running
[I 2024-10-03 04:11:46,338] Trial 115 finished with value: 0.3572903416057812 and parameters: {'model_name': 'IterativeImputer', 'estimator': 'Bayesian', 'initial_strategy': 'median', 'n_nearest_features': 6, 'imputation_order': 'descending', 'sample_posterior': True}. Best is trial 107 with value: 0.23338333559832383.
running
[I 2024-10-03 04:12:01,822] Trial 116 finished with value: 0.2400603439800014 and parameters: {'model_name': 'VAE', 'batch_size': 133, 'iterations': 83, 'learning_rate': 0.0007299179384473204, 'p_miss': 0.07860165305954189}. Best is trial 107 with value: 0.23338333559832383.
running
[I 2024-10-03 04:12:22,584] Trial 117 finished with value: 0.3599987070192362 and parameters: {'model_name': 'IterativeImputer', 'estimator': 'Bayesian', 'initial_strategy': 'median', 'n_nearest_features': 7, 'imputation_order': 'descending', 'sample_posterior': True}. Best is trial 107 with value: 0.23338333559832383.
running
[I 2024-10-03 04:12:32,745] Trial 118 finished with value: 0.35728519588894103 and parameters: {'model_name': 'IterativeImputer', 'estimator': 'Bayesian', 'initial_strategy': 'median', 'n_nearest_features': 6, 'imputation_order': 'arabic', 'sample_posterior': True}. Best is trial 107 with value: 0.23338333559832383.
running
[I 2024-10-03 04:12:41,247] Trial 119 finished with value: 0.36010806527304723 and parameters: {'model_name': 'IterativeImputer', 'estimator': 'Bayesian', 'initial_strategy': 'median', 'n_nearest_features': 7, 'imputation_order': 'arabic', 'sample_posterior': True}. Best is trial 107 with value: 0.23338333559832383.
running
[I 2024-10-03 04:12:48,161] Trial 120 finished with value: 0.2367457747800396 and parameters: {'model_name': 'VAE', 'batch_size': 122, 'iterations': 76, 'learning_rate': 0.0006741698259915219, 'p_miss': 0.10226819811346217}. Best is trial 107 with value: 0.23338333559832383.
running
[I 2024-10-03 04:12:52,295] Trial 123 finished with value: 0.4057222029910987 and parameters: {'model_name': 'GAIN', 'batch_size': 124, 'hint_rate': 0.44864819208772677, 'alpha': 27, 'iterations': 81, 'learning_rate': 0.00055165095392888, 'p_miss': 0.10391383648805758}. Best is trial 107 with value: 0.23338333559832383.
running
[I 2024-10-03 04:12:53,399] Trial 129 finished with value: 0.39503224488415245 and parameters: {'model_name': 'SimpleImputer', 'strategy': 'median'}. Best is trial 107 with value: 0.23338333559832383.
running
[I 2024-10-03 04:12:54,679] Trial 124 finished with value: 0.40510169030124576 and parameters: {'model_name': 'GAIN', 'batch_size': 186, 'hint_rate': 0.5084099239185427, 'alpha': 33, 'iterations': 67, 'learning_rate': 0.0005590557531068819, 'p_miss': 0.1034810217137376}. Best is trial 107 with value: 0.23338333559832383.
running
[I 2024-10-03 04:12:59,633] Trial 126 finished with value: 0.2353867714756322 and parameters: {'model_name': 'VAE', 'batch_size': 210, 'iterations': 11, 'learning_rate': 0.0005840759290452668, 'p_miss': 0.10254358792426138}. Best is trial 107 with value: 0.23338333559832383.
running
[I 2024-10-03 04:13:04,945] Trial 128 finished with value: 0.40782506042044114 and parameters: {'model_name': 'GAIN', 'batch_size': 206, 'hint_rate': 0.5211225099006351, 'alpha': 30, 'iterations': 12, 'learning_rate': 0.0005481821537724504, 'p_miss': 0.11457533463682082}. Best is trial 107 with value: 0.23338333559832383.
running
[I 2024-10-03 04:13:10,336] Trial 121 finished with value: 0.35728519588894103 and parameters: {'model_name': 'IterativeImputer', 'estimator': 'Bayesian', 'initial_strategy': 'median', 'n_nearest_features': 6, 'imputation_order': 'arabic', 'sample_posterior': True}. Best is trial 107 with value: 0.23338333559832383.
running
[I 2024-10-03 04:13:21,134] Trial 131 finished with value: 0.23627663190280918 and parameters: {'model_name': 'VAE', 'batch_size': 37, 'iterations': 13, 'learning_rate': 0.0012023722707359434, 'p_miss': 0.07632231179542981}. Best is trial 107 with value: 0.23338333559832383.
running
[I 2024-10-03 04:13:28,100] Trial 122 finished with value: 0.35728519588894103 and parameters: {'model_name': 'IterativeImputer', 'estimator': 'Bayesian', 'initial_strategy': 'median', 'n_nearest_features': 6, 'imputation_order': 'arabic', 'sample_posterior': True}. Best is trial 107 with value: 0.23338333559832383.
running
[I 2024-10-03 04:13:56,771] Trial 127 finished with value: 0.23406018913640453 and parameters: {'model_name': 'VAE', 'batch_size': 108, 'iterations': 36, 'learning_rate': 0.000945478808005535, 'p_miss': 0.09551752387317029}. Best is trial 107 with value: 0.23338333559832383.
running
[I 2024-10-03 04:14:33,231] Trial 130 finished with value: 0.2357897631257399 and parameters: {'model_name': 'VAE', 'batch_size': 183, 'iterations': 36, 'learning_rate': 0.00028067732813591916, 'p_miss': 0.07985034906271485}. Best is trial 107 with value: 0.23338333559832383.
running
[I 2024-10-03 04:14:51,625] Trial 134 finished with value: 0.23484205888759205 and parameters: {'model_name': 'VAE', 'batch_size': 82, 'iterations': 34, 'learning_rate': 0.0009178788569462868, 'p_miss': 0.07976901922043912}. Best is trial 107 with value: 0.23338333559832383.
running
[I 2024-10-03 04:15:00,850] Trial 133 finished with value: 0.2346338568483722 and parameters: {'model_name': 'VAE', 'batch_size': 83, 'iterations': 34, 'learning_rate': 0.0012229748414870707, 'p_miss': 0.07651545162630398}. Best is trial 107 with value: 0.23338333559832383.
running
[I 2024-10-03 04:15:15,490] Trial 135 finished with value: 0.23567640160781753 and parameters: {'model_name': 'VAE', 'batch_size': 74, 'iterations': 33, 'learning_rate': 0.0002905136176250946, 'p_miss': 0.0656455880595451}. Best is trial 107 with value: 0.23338333559832383.
running
[I 2024-10-03 04:15:43,480] Trial 125 finished with value: 0.23570594130384367 and parameters: {'model_name': 'VAE', 'batch_size': 118, 'iterations': 70, 'learning_rate': 0.0005533611460280663, 'p_miss': 0.09525091878540468}. Best is trial 107 with value: 0.23338333559832383.
running
[I 2024-10-03 04:15:45,300] Trial 132 finished with value: 0.23625714224626154 and parameters: {'model_name': 'VAE', 'batch_size': 80, 'iterations': 51, 'learning_rate': 0.0009881248033273761, 'p_miss': 0.06457698212907068}. Best is trial 107 with value: 0.23338333559832383.
running
[I 2024-10-03 04:16:12,054] Trial 136 finished with value: 0.23558790220484557 and parameters: {'model_name': 'VAE', 'batch_size': 82, 'iterations': 37, 'learning_rate': 0.0009252106000581579, 'p_miss': 0.06523851330635522}. Best is trial 107 with value: 0.23338333559832383.
running
[I 2024-10-03 04:17:04,555] Trial 137 finished with value: 0.23670410739879078 and parameters: {'model_name': 'VAE', 'batch_size': 80, 'iterations': 38, 'learning_rate': 0.0009099194825700753, 'p_miss': 0.083770716093294}. Best is trial 107 with value: 0.23338333559832383.
running
[I 2024-10-03 04:17:59,272] Trial 138 finished with value: 0.23620717881039469 and parameters: {'model_name': 'VAE', 'batch_size': 83, 'iterations': 52, 'learning_rate': 0.0009390004575618212, 'p_miss': 0.06924834891609771}. Best is trial 107 with value: 0.23338333559832383.
running
[I 2024-10-03 04:18:03,587] Trial 139 finished with value: 0.23580424919593482 and parameters: {'model_name': 'VAE', 'batch_size': 81, 'iterations': 50, 'learning_rate': 0.000918880569009316, 'p_miss': 0.09129574400322954}. Best is trial 107 with value: 0.23338333559832383.
running
[I 2024-10-03 04:18:11,106] Trial 140 finished with value: 0.24059578331619064 and parameters: {'model_name': 'VAE', 'batch_size': 109, 'iterations': 51, 'learning_rate': 0.0012874003008906416, 'p_miss': 0.0925373971775806}. Best is trial 107 with value: 0.23338333559832383.
running
[I 2024-10-03 04:18:45,236] Trial 142 finished with value: 0.23639023349814509 and parameters: {'model_name': 'VAE', 'batch_size': 27, 'iterations': 52, 'learning_rate': 0.0012856435596345101, 'p_miss': 0.08886387576283059}. Best is trial 107 with value: 0.23338333559832383.
running
[I 2024-10-03 04:19:44,421] Trial 100 finished with value: 0.28551446337725567 and parameters: {'model_name': 'VAE', 'batch_size': 486, 'iterations': 723, 'learning_rate': 0.0007589744618618202, 'p_miss': 0.05783493163400337}. Best is trial 107 with value: 0.23338333559832383.
running
[I 2024-10-03 04:19:46,407] Trial 141 finished with value: 0.237565225276827 and parameters: {'model_name': 'VAE', 'batch_size': 27, 'iterations': 57, 'learning_rate': 0.0008402161853439337, 'p_miss': 0.0930218708189403}. Best is trial 107 with value: 0.23338333559832383.
running
[I 2024-10-03 04:21:05,626] Trial 151 finished with value: 0.23566735341603212 and parameters: {'model_name': 'VAE', 'batch_size': 44, 'iterations': 24, 'learning_rate': 0.0003565689449322123, 'p_miss': 0.07424034165791851}. Best is trial 107 with value: 0.23338333559832383.
running
[I 2024-10-03 04:22:42,185] Trial 144 finished with value: 0.2635400431822316 and parameters: {'model_name': 'VAE', 'batch_size': 41, 'iterations': 105, 'learning_rate': 0.0013073277258097643, 'p_miss': 0.08795252752918092}. Best is trial 107 with value: 0.23338333559832383.
running
[I 2024-10-03 04:23:52,046] Trial 143 finished with value: 0.28165048407413307 and parameters: {'model_name': 'VAE', 'batch_size': 155, 'iterations': 117, 'learning_rate': 0.0012408350983910273, 'p_miss': 0.08933131579346866}. Best is trial 107 with value: 0.23338333559832383.
running
[I 2024-10-03 04:24:24,169] Trial 146 finished with value: 0.2715978103770601 and parameters: {'model_name': 'VAE', 'batch_size': 41, 'iterations': 110, 'learning_rate': 0.0012999941993753926, 'p_miss': 0.09143596175976187}. Best is trial 107 with value: 0.23338333559832383.
running
[I 2024-10-03 04:24:25,385] Trial 155 finished with value: 0.39503224488415245 and parameters: {'model_name': 'SimpleImputer', 'strategy': 'median'}. Best is trial 107 with value: 0.23338333559832383.
running
[I 2024-10-03 04:24:32,147] Trial 147 finished with value: 0.26886076436156614 and parameters: {'model_name': 'VAE', 'batch_size': 26, 'iterations': 110, 'learning_rate': 0.0013110359021835955, 'p_miss': 0.08664892129300145}. Best is trial 107 with value: 0.23338333559832383.
running
[I 2024-10-03 04:24:54,719] Trial 145 finished with value: 0.277385943280615 and parameters: {'model_name': 'VAE', 'batch_size': 26, 'iterations': 112, 'learning_rate': 0.0013473982317560417, 'p_miss': 0.09263942912786369}. Best is trial 107 with value: 0.23338333559832383.
running
[I 2024-10-03 04:26:07,872] Trial 156 finished with value: 0.23730878509498718 and parameters: {'model_name': 'VAE', 'batch_size': 59, 'iterations': 27, 'learning_rate': 0.0006285514270222113, 'p_miss': 0.08212746187767225}. Best is trial 107 with value: 0.23338333559832383.
running
[I 2024-10-03 04:26:19,214] Trial 158 finished with value: 0.23849528365333672 and parameters: {'model_name': 'VAE', 'batch_size': 57, 'iterations': 27, 'learning_rate': 0.0006631792808687747, 'p_miss': 0.01879607978466509}. Best is trial 107 with value: 0.23338333559832383.
running
[I 2024-10-03 04:26:30,404] Trial 157 finished with value: 0.2365682078110054 and parameters: {'model_name': 'VAE', 'batch_size': 58, 'iterations': 28, 'learning_rate': 0.0006753045496993487, 'p_miss': 0.018287269502355596}. Best is trial 107 with value: 0.23338333559832383.
running
[I 2024-10-03 04:26:51,436] Trial 148 finished with value: 0.23689397968150905 and parameters: {'model_name': 'VAE', 'batch_size': 42, 'iterations': 115, 'learning_rate': 0.0003434863762982765, 'p_miss': 0.08378599366230662}. Best is trial 107 with value: 0.23338333559832383.
running
[I 2024-10-03 04:27:05,375] Trial 149 finished with value: 0.25861970484096725 and parameters: {'model_name': 'VAE', 'batch_size': 160, 'iterations': 114, 'learning_rate': 0.0006729212324222092, 'p_miss': 0.07414863466843748}. Best is trial 107 with value: 0.23338333559832383.
running
[I 2024-10-03 04:27:58,641] Trial 150 finished with value: 0.25047196953182826 and parameters: {'model_name': 'VAE', 'batch_size': 42, 'iterations': 117, 'learning_rate': 0.0006547221091617976, 'p_miss': 0.07464837843452518}. Best is trial 107 with value: 0.23338333559832383.
running
[I 2024-10-03 04:28:43,588] Trial 37 finished with value: 0.3225302572167007 and parameters: {'model_name': 'VAE', 'batch_size': 4, 'iterations': 6823, 'learning_rate': 0.00010060548786204303, 'p_miss': 0.281778098315057}. Best is trial 107 with value: 0.23338333559832383.
running
[I 2024-10-03 04:30:45,953] Trial 152 finished with value: 0.25403619073138844 and parameters: {'model_name': 'VAE', 'batch_size': 57, 'iterations': 123, 'learning_rate': 0.0006599001887020778, 'p_miss': 0.08178792897772598}. Best is trial 107 with value: 0.23338333559832383.
running
[I 2024-10-03 04:32:05,597] Trial 153 finished with value: 0.2515708378619008 and parameters: {'model_name': 'VAE', 'batch_size': 58, 'iterations': 160, 'learning_rate': 0.0006732888339120916, 'p_miss': 0.0813536690016025}. Best is trial 107 with value: 0.23338333559832383.
running
[I 2024-10-03 04:32:45,656] Trial 167 finished with value: 0.24062598611075856 and parameters: {'model_name': 'VAE', 'batch_size': 99, 'iterations': 10, 'learning_rate': 0.000471884109760829, 'p_miss': 0.09807606186485092}. Best is trial 107 with value: 0.23338333559832383.
running
[I 2024-10-03 04:35:31,810] Trial 154 finished with value: 0.2697866823409868 and parameters: {'model_name': 'VAE', 'batch_size': 99, 'iterations': 158, 'learning_rate': 0.0006740378103134454, 'p_miss': 0.08075466587321949}. Best is trial 107 with value: 0.23338333559832383.
running
[I 2024-10-03 04:36:08,906] Trial 159 finished with value: 0.2625360577104324 and parameters: {'model_name': 'VAE', 'batch_size': 111, 'iterations': 154, 'learning_rate': 0.0006689436413456032, 'p_miss': 0.01643179450439273}. Best is trial 107 with value: 0.23338333559832383.
running
[I 2024-10-03 04:36:51,281] Trial 169 finished with value: 0.2346821548163672 and parameters: {'model_name': 'VAE', 'batch_size': 33, 'iterations': 18, 'learning_rate': 0.001067013537569936, 'p_miss': 0.03206614283826864}. Best is trial 107 with value: 0.23338333559832383.
running
[I 2024-10-03 04:36:59,875] Trial 163 finished with value: 0.2802875305526138 and parameters: {'model_name': 'VAE', 'batch_size': 101, 'iterations': 164, 'learning_rate': 0.0010728518815332352, 'p_miss': 0.0489991502671611}. Best is trial 107 with value: 0.23338333559832383.
running
[I 2024-10-03 04:37:27,126] Trial 170 finished with value: 0.23568880579933427 and parameters: {'model_name': 'VAE', 'batch_size': 244, 'iterations': 17, 'learning_rate': 0.001081378863401706, 'p_miss': 0.029306373038421544}. Best is trial 107 with value: 0.23338333559832383.
running
[I 2024-10-03 04:37:46,842] Trial 161 finished with value: 0.2824061553943164 and parameters: {'model_name': 'VAE', 'batch_size': 105, 'iterations': 195, 'learning_rate': 0.0026118144641623657, 'p_miss': 0.04900716541148245}. Best is trial 107 with value: 0.23338333559832383.
running
[I 2024-10-03 04:37:54,804] Trial 162 finished with value: 0.23648822286679674 and parameters: {'model_name': 'VAE', 'batch_size': 33, 'iterations': 193, 'learning_rate': 0.00010036726728290377, 'p_miss': 0.04613436565863824}. Best is trial 107 with value: 0.23338333559832383.
running
[I 2024-10-03 04:37:57,615] Trial 171 finished with value: 0.23630243574944232 and parameters: {'model_name': 'VAE', 'batch_size': 16, 'iterations': 16, 'learning_rate': 0.001092695557635507, 'p_miss': 0.028460644490702684}. Best is trial 107 with value: 0.23338333559832383.
running
[I 2024-10-03 04:38:27,278] Trial 172 finished with value: 0.23396485397918418 and parameters: {'model_name': 'VAE', 'batch_size': 32, 'iterations': 19, 'learning_rate': 0.0008553855241743496, 'p_miss': 0.030652787860135602}. Best is trial 107 with value: 0.23338333559832383.
running
[I 2024-10-03 04:38:31,364] Trial 173 finished with value: 0.2853569059052214 and parameters: {'model_name': 'VAE', 'batch_size': 34, 'iterations': 15, 'learning_rate': 0.03523949432037853, 'p_miss': 0.011156270049855671}. Best is trial 107 with value: 0.23338333559832383.
running
[I 2024-10-03 04:38:53,317] Trial 164 finished with value: 0.2475222011718273 and parameters: {'model_name': 'VAE', 'batch_size': 106, 'iterations': 172, 'learning_rate': 0.00048607552917835525, 'p_miss': 0.045420706249138194}. Best is trial 107 with value: 0.23338333559832383.
running
[I 2024-10-03 04:39:07,193] Trial 175 finished with value: 0.24935786018546063 and parameters: {'model_name': 'VAE', 'batch_size': 35, 'iterations': 16, 'learning_rate': 0.004477196744967924, 'p_miss': 0.031448257772898655}. Best is trial 107 with value: 0.23338333559832383.
running
[I 2024-10-03 04:39:09,215] Trial 174 finished with value: 0.23779001060316363 and parameters: {'model_name': 'VAE', 'batch_size': 32, 'iterations': 21, 'learning_rate': 0.0004948549793100556, 'p_miss': 0.010234695697249446}. Best is trial 107 with value: 0.23338333559832383.
running
[I 2024-10-03 04:39:21,879] Trial 165 finished with value: 0.25116264575911423 and parameters: {'model_name': 'VAE', 'batch_size': 99, 'iterations': 189, 'learning_rate': 0.0004768048501450235, 'p_miss': 0.045794619177953355}. Best is trial 107 with value: 0.23338333559832383.
running
[I 2024-10-03 04:39:54,614] Trial 176 finished with value: 0.2813740934597885 and parameters: {'model_name': 'VAE', 'batch_size': 243, 'iterations': 20, 'learning_rate': 0.005134576367124054, 'p_miss': 0.015017730808574048}. Best is trial 107 with value: 0.23338333559832383.
running
[I 2024-10-03 04:40:05,707] Trial 178 finished with value: 0.23559695957330976 and parameters: {'model_name': 'VAE', 'batch_size': 69, 'iterations': 24, 'learning_rate': 0.0008195203783122583, 'p_miss': 0.023757747540649424}. Best is trial 107 with value: 0.23338333559832383.
running
[I 2024-10-03 04:40:11,885] Trial 177 finished with value: 0.2350947213868433 and parameters: {'model_name': 'VAE', 'batch_size': 33, 'iterations': 23, 'learning_rate': 0.0008447312951996432, 'p_miss': 0.011913062128877347}. Best is trial 107 with value: 0.23338333559832383.
running
[I 2024-10-03 04:40:12,819] Trial 185 finished with value: 0.28075594157428857 and parameters: {'model_name': 'SimpleImputer', 'strategy': 'mean'}. Best is trial 107 with value: 0.23338333559832383.
running
[I 2024-10-03 04:40:33,740] Trial 180 finished with value: 0.2370797444740548 and parameters: {'model_name': 'VAE', 'batch_size': 49, 'iterations': 22, 'learning_rate': 0.0008523809685619852, 'p_miss': 0.023500484219542938}. Best is trial 107 with value: 0.23338333559832383.
running
[I 2024-10-03 04:40:38,535] Trial 181 finished with value: 0.23615993178901165 and parameters: {'model_name': 'VAE', 'batch_size': 49, 'iterations': 23, 'learning_rate': 0.0008328693444361118, 'p_miss': 0.03575648144234881}. Best is trial 107 with value: 0.23338333559832383.
running
[I 2024-10-03 04:41:25,733] Trial 160 finished with value: 0.2834927345286695 and parameters: {'model_name': 'VAE', 'batch_size': 104, 'iterations': 244, 'learning_rate': 0.0010638271564639731, 'p_miss': 0.029682450385208954}. Best is trial 107 with value: 0.23338333559832383.
running
[I 2024-10-03 04:42:18,535] Trial 183 finished with value: 0.23386086348442384 and parameters: {'model_name': 'VAE', 'batch_size': 66, 'iterations': 42, 'learning_rate': 0.0008601694722111034, 'p_miss': 0.024080988794303204}. Best is trial 107 with value: 0.23338333559832383.
running
[I 2024-10-03 04:42:35,053] Trial 186 finished with value: 0.235808115390647 and parameters: {'model_name': 'VAE', 'batch_size': 47, 'iterations': 43, 'learning_rate': 0.0008328645333252214, 'p_miss': 0.03666783299583275}. Best is trial 107 with value: 0.23338333559832383.
running
[I 2024-10-03 04:42:50,976] Trial 187 finished with value: 0.23866718083840377 and parameters: {'model_name': 'VAE', 'batch_size': 49, 'iterations': 32, 'learning_rate': 0.0015702222544568907, 'p_miss': 0.037984399458279625}. Best is trial 107 with value: 0.23338333559832383.
running
[I 2024-10-03 04:43:15,584] Trial 188 finished with value: 0.23401810583858013 and parameters: {'model_name': 'VAE', 'batch_size': 23, 'iterations': 43, 'learning_rate': 0.000983173968237708, 'p_miss': 0.22514754256007666}. Best is trial 107 with value: 0.23338333559832383.
running
[I 2024-10-03 04:43:24,973] Trial 166 finished with value: 0.26225944569833504 and parameters: {'model_name': 'VAE', 'batch_size': 111, 'iterations': 186, 'learning_rate': 0.0004933703933603598, 'p_miss': 0.030274940310088934}. Best is trial 107 with value: 0.23338333559832383.
running
[I 2024-10-03 04:44:25,752] Trial 189 finished with value: 0.23661481367297243 and parameters: {'model_name': 'VAE', 'batch_size': 23, 'iterations': 40, 'learning_rate': 0.001007766146918299, 'p_miss': 0.016725858195040636}. Best is trial 107 with value: 0.23338333559832383.
running
[I 2024-10-03 04:44:53,131] Trial 191 finished with value: 0.239040343779856 and parameters: {'model_name': 'VAE', 'batch_size': 73, 'iterations': 33, 'learning_rate': 0.0015724676361428057, 'p_miss': 0.06255851978876642}. Best is trial 107 with value: 0.23338333559832383.
running
[I 2024-10-03 04:44:55,526] Trial 192 finished with value: 0.23477148748892515 and parameters: {'model_name': 'VAE', 'batch_size': 71, 'iterations': 38, 'learning_rate': 0.0009479169500517806, 'p_miss': 0.062077220985627714}. Best is trial 107 with value: 0.23338333559832383.
running
[I 2024-10-03 04:45:03,125] Trial 190 finished with value: 0.23801536978843213 and parameters: {'model_name': 'VAE', 'batch_size': 24, 'iterations': 44, 'learning_rate': 0.0001429927348235955, 'p_miss': 0.06161805467886071}. Best is trial 107 with value: 0.23338333559832383.
running
[I 2024-10-03 04:45:36,281] Trial 195 finished with value: 0.28741455607500765 and parameters: {'model_name': 'KNNImputer', 'n_neighbors': 414, 'weights': 'distance'}. Best is trial 107 with value: 0.23338333559832383.
running
[I 2024-10-03 04:45:41,413] Trial 193 finished with value: 0.23415280494281027 and parameters: {'model_name': 'VAE', 'batch_size': 23, 'iterations': 40, 'learning_rate': 0.0009623560142111429, 'p_miss': 0.21862487202372993}. Best is trial 107 with value: 0.23338333559832383.
[I 2024-10-03 04:45:51,573] Trial 194 finished with value: 0.23716648079240987 and parameters: {'model_name': 'VAE', 'batch_size': 68, 'iterations': 41, 'learning_rate': 0.0010472453179678916, 'p_miss': 0.1724214923046851}. Best is trial 107 with value: 0.23338333559832383.
[I 2024-10-03 04:46:44,496] Trial 168 finished with value: 0.28576918380762384 and parameters: {'model_name': 'VAE', 'batch_size': 248, 'iterations': 238, 'learning_rate': 0.0010625882450934626, 'p_miss': 0.04581347894764941}. Best is trial 107 with value: 0.23338333559832383.
[I 2024-10-03 04:48:12,720] Trial 198 finished with value: 0.23565134566154272 and parameters: {'model_name': 'VAE', 'batch_size': 64, 'iterations': 66, 'learning_rate': 0.00022790513520734893, 'p_miss': 0.17501975326763378}. Best is trial 107 with value: 0.23338333559832383.
[I 2024-10-03 04:48:18,095] Trial 196 finished with value: 0.23996215157223083 and parameters: {'model_name': 'VAE', 'batch_size': 29, 'iterations': 68, 'learning_rate': 0.0001557225185351768, 'p_miss': 0.22154616580552536}. Best is trial 107 with value: 0.23338333559832383.
[I 2024-10-03 04:48:28,208] Trial 197 finished with value: 0.2357171441661971 and parameters: {'model_name': 'VAE', 'batch_size': 17, 'iterations': 88, 'learning_rate': 0.000207646806982378, 'p_miss': 0.22192471772341574}. Best is trial 107 with value: 0.23338333559832383.
[I 2024-10-03 04:48:32,690] Trial 199 finished with value: 0.23661458643858904 and parameters: {'model_name': 'VAE', 'batch_size': 66, 'iterations': 62, 'learning_rate': 0.00020859499232597623, 'p_miss': 0.22040504171571446}. Best is trial 107 with value: 0.23338333559832383.
[I 2024-10-03 04:50:32,547] Trial 182 finished with value: 0.2814199382350028 and parameters: {'model_name': 'VAE', 'batch_size': 49, 'iterations': 256, 'learning_rate': 0.0008703325241451216, 'p_miss': 0.024773732854439488}. Best is trial 107 with value: 0.23338333559832383.
[I 2024-10-03 04:50:46,093] Trial 184 finished with value: 0.2834535563356607 and parameters: {'model_name': 'VAE', 'batch_size': 70, 'iterations': 265, 'learning_rate': 0.0015691835389913917, 'p_miss': 0.06942134797062069}. Best is trial 107 with value: 0.23338333559832383.
[I 2024-10-03 04:50:53,777] Trial 38 finished with value: 0.3157745698133871 and parameters: {'model_name': 'VAE', 'batch_size': 3, 'iterations': 7290, 'learning_rate': 0.00011176962782465538, 'p_miss': 0.2999813880367004}. Best is trial 107 with value: 0.23338333559832383.
[I 2024-10-03 04:51:42,542] Trial 179 finished with value: 0.2831820111978801 and parameters: {'model_name': 'VAE', 'batch_size': 49, 'iterations': 277, 'learning_rate': 0.0008309472481975835, 'p_miss': 0.0355702419143499}. Best is trial 107 with value: 0.23338333559832383.
[I 2024-10-03 04:53:38,738] Trial 42 finished with value: 0.30873058273597137 and parameters: {'model_name': 'VAE', 'batch_size': 4, 'iterations': 7816, 'learning_rate': 0.00010315059693668372, 'p_miss': 0.07740910986875697}. Best is trial 107 with value: 0.23338333559832383.
[I 2024-10-03 04:58:26,195] Trial 56 finished with value: 0.2838750198689878 and parameters: {'model_name': 'VAE', 'batch_size': 51, 'iterations': 6287, 'learning_rate': 0.00019480273940704318, 'p_miss': 0.03222222458619327}. Best is trial 107 with value: 0.23338333559832383.
[I 2024-10-03 05:00:46,518] Trial 32 finished with value: 0.30008211831939413 and parameters: {'model_name': 'VAE', 'batch_size': 4, 'iterations': 9131, 'learning_rate': 0.0001481551368540368, 'p_miss': 0.2945703296726163}. Best is trial 107 with value: 0.23338333559832383.
[I 2024-10-03 05:02:59,135] Trial 43 finished with value: 0.2965558916864376 and parameters: {'model_name': 'VAE', 'batch_size': 5, 'iterations': 9990, 'learning_rate': 0.0001122214164813916, 'p_miss': 0.10183230005154202}. Best is trial 107 with value: 0.23338333559832383.
[I 2024-10-03 05:08:10,695] Trial 104 finished with value: 0.28478477022262816 and parameters: {'model_name': 'VAE', 'batch_size': 67, 'iterations': 9961, 'learning_rate': 0.0003150976077041683, 'p_miss': 0.03741470289961124}. Best is trial 107 with value: 0.23338333559832383.
fit
auto fit
auto transform
0    0
1    0
2    0
3    0
4    0
5    0
6    0
7    0
8    0
9    0
dtype: int64
0    0
1    0
2    0
3    0
4    0
5    0
6    0
7    0
8    0
9    0
dtype: int64
0.23338333559832383
{'model_name': 'VAE', 'batch_size': 79, 'iterations': 42, 'learning_rate': 0.0007488663448368283, 'p_miss': 0.0822667833037626}
running experiment 2/3 - Does reconstruction give good automl predictions
Start est fit
Version 0.1.7a0 of tpot2 is outdated. Version 0.1.8a0 was released Tuesday September 17, 2024.
Version 0.1.7a0 of tpot2 is outdated. Version 0.1.8a0 was released Tuesday September 17, 2024.
Version 0.1.7a0 of tpot2 is outdated. Version 0.1.8a0 was released Tuesday September 17, 2024.
Version 0.1.7a0 of tpot2 is outdated. Version 0.1.8a0 was released Tuesday September 17, 2024.
Version 0.1.7a0 of tpot2 is outdated. Version 0.1.8a0 was released Tuesday September 17, 2024.
Version 0.1.7a0 of tpot2 is outdated. Version 0.1.8a0 was released Tuesday September 17, 2024.
Version 0.1.7a0 of tpot2 is outdated. Version 0.1.8a0 was released Tuesday September 17, 2024.
Version 0.1.7a0 of tpot2 is outdated. Version 0.1.8a0 was released Tuesday September 17, 2024.
Version 0.1.7a0 of tpot2 is outdated. Version 0.1.8a0 was released Tuesday September 17, 2024.
Version 0.1.7a0 of tpot2 is outdated. Version 0.1.8a0 was released Tuesday September 17, 2024.
Version 0.1.7a0 of tpot2 is outdated. Version 0.1.8a0 was released Tuesday September 17, 2024.
Version 0.1.7a0 of tpot2 is outdated. Version 0.1.8a0 was released Tuesday September 17, 2024.
Version 0.1.7a0 of tpot2 is outdated. Version 0.1.8a0 was released Tuesday September 17, 2024.
Version 0.1.7a0 of tpot2 is outdated. Version 0.1.8a0 was released Tuesday September 17, 2024.
Version 0.1.7a0 of tpot2 is outdated. Version 0.1.8a0 was released Tuesday September 17, 2024.
Version 0.1.7a0 of tpot2 is outdated. Version 0.1.8a0 was released Tuesday September 17, 2024.
  0%|          | 0/25 [00:00<?, ?it/s]Generation:   0%|          | 0/25 [00:00<?, ?it/s]WARNING THIS INDIVIDUAL CAUSED AND EXCEPTION 
 <tpot2.search_spaces.pipelines.sequential.SequentialPipelineIndividual object at 0x1554746a0f70> 
 The 'criterion' parameter of ExtraTreesRegressor must be a str among {'friedman_mse', 'poisson', 'absolute_error', 'squared_error'}. Got 'mae' instead. 
 Traceback (most recent call last):
  File "/common/ketrong/tpotexp/tpot2/tpot2/utils/eval_utils.py", line 53, in objective_nan_wrapper
    value = func_timeout.func_timeout(timeout, objective_function, args=[individual], kwargs=objective_kwargs)
  File "/common/ketrong/tpotexp/env/lib/python3.10/site-packages/func_timeout/dafunc.py", line 108, in func_timeout
    raise_exception(exception)
  File "/common/ketrong/tpotexp/env/lib/python3.10/site-packages/func_timeout/py3_raise.py", line 7, in raise_exception
    raise exception[0] from None
  File "/common/ketrong/tpotexp/tpot2/tpot2/tpot_estimator/estimator.py", line 623, in objective_function
    return objective_function_generator(
  File "/common/ketrong/tpotexp/tpot2/tpot2/tpot_estimator/estimator_utils.py", line 55, in objective_function_generator
    cv_obj_scores = cross_val_score_objective(sklearn.base.clone(pipeline),x,y,scorers=scorers, cv=cv , fold=step)
  File "/common/ketrong/tpotexp/tpot2/tpot2/tpot_estimator/cross_val_utils.py", line 28, in cross_val_score_objective
    this_fold_pipeline.fit(X_train,y_train)
  File "/common/ketrong/tpotexp/env/lib/python3.10/site-packages/sklearn/base.py", line 1473, in wrapper
    return fit_method(estimator, *args, **kwargs)
  File "/common/ketrong/tpotexp/env/lib/python3.10/site-packages/sklearn/pipeline.py", line 473, in fit
    self._final_estimator.fit(Xt, y, **last_step_params["fit"])
  File "/common/ketrong/tpotexp/env/lib/python3.10/site-packages/sklearn/base.py", line 1466, in wrapper
    estimator._validate_params()
  File "/common/ketrong/tpotexp/env/lib/python3.10/site-packages/sklearn/base.py", line 666, in _validate_params
    validate_parameter_constraints(
  File "/common/ketrong/tpotexp/env/lib/python3.10/site-packages/sklearn/utils/_param_validation.py", line 95, in validate_parameter_constraints
    raise InvalidParameterError(
sklearn.utils._param_validation.InvalidParameterError: The 'criterion' parameter of ExtraTreesRegressor must be a str among {'friedman_mse', 'poisson', 'absolute_error', 'squared_error'}. Got 'mae' instead.

WARNING THIS INDIVIDUAL CAUSED AND EXCEPTION 
 <tpot2.search_spaces.pipelines.sequential.SequentialPipelineIndividual object at 0x1554746a0fd0> 
 The 'criterion' parameter of DecisionTreeRegressor must be a str among {'friedman_mse', 'poisson', 'absolute_error', 'squared_error'}. Got 'mae' instead. 
 Traceback (most recent call last):
  File "/common/ketrong/tpotexp/tpot2/tpot2/utils/eval_utils.py", line 53, in objective_nan_wrapper
    value = func_timeout.func_timeout(timeout, objective_function, args=[individual], kwargs=objective_kwargs)
  File "/common/ketrong/tpotexp/env/lib/python3.10/site-packages/func_timeout/dafunc.py", line 108, in func_timeout
    raise_exception(exception)
  File "/common/ketrong/tpotexp/env/lib/python3.10/site-packages/func_timeout/py3_raise.py", line 7, in raise_exception
    raise exception[0] from None
  File "/common/ketrong/tpotexp/tpot2/tpot2/tpot_estimator/estimator.py", line 623, in objective_function
    return objective_function_generator(
  File "/common/ketrong/tpotexp/tpot2/tpot2/tpot_estimator/estimator_utils.py", line 55, in objective_function_generator
    cv_obj_scores = cross_val_score_objective(sklearn.base.clone(pipeline),x,y,scorers=scorers, cv=cv , fold=step)
  File "/common/ketrong/tpotexp/tpot2/tpot2/tpot_estimator/cross_val_utils.py", line 28, in cross_val_score_objective
    this_fold_pipeline.fit(X_train,y_train)
  File "/common/ketrong/tpotexp/env/lib/python3.10/site-packages/sklearn/base.py", line 1473, in wrapper
    return fit_method(estimator, *args, **kwargs)
  File "/common/ketrong/tpotexp/env/lib/python3.10/site-packages/sklearn/pipeline.py", line 473, in fit
    self._final_estimator.fit(Xt, y, **last_step_params["fit"])
  File "/common/ketrong/tpotexp/env/lib/python3.10/site-packages/sklearn/base.py", line 1466, in wrapper
    estimator._validate_params()
  File "/common/ketrong/tpotexp/env/lib/python3.10/site-packages/sklearn/base.py", line 666, in _validate_params
    validate_parameter_constraints(
  File "/common/ketrong/tpotexp/env/lib/python3.10/site-packages/sklearn/utils/_param_validation.py", line 95, in validate_parameter_constraints
    raise InvalidParameterError(
sklearn.utils._param_validation.InvalidParameterError: The 'criterion' parameter of DecisionTreeRegressor must be a str among {'friedman_mse', 'poisson', 'absolute_error', 'squared_error'}. Got 'mae' instead.

Generation:  1
Best root_mean_squared_error score: -10.165706407536522
Generation:   4%|         | 1/25 [05:04<2:01:57, 304.88s/it]Generation:  2
Best root_mean_squared_error score: -10.165706407536522
Generation:   8%|         | 2/25 [09:11<1:43:39, 270.41s/it]WARNING THIS INDIVIDUAL CAUSED AND EXCEPTION 
 <tpot2.search_spaces.pipelines.sequential.SequentialPipelineIndividual object at 0x15547470e080> 
 The 'criterion' parameter of DecisionTreeRegressor must be a str among {'friedman_mse', 'poisson', 'absolute_error', 'squared_error'}. Got 'mae' instead. 
 Traceback (most recent call last):
  File "/common/ketrong/tpotexp/tpot2/tpot2/utils/eval_utils.py", line 53, in objective_nan_wrapper
    value = func_timeout.func_timeout(timeout, objective_function, args=[individual], kwargs=objective_kwargs)
  File "/common/ketrong/tpotexp/env/lib/python3.10/site-packages/func_timeout/dafunc.py", line 108, in func_timeout
    raise_exception(exception)
  File "/common/ketrong/tpotexp/env/lib/python3.10/site-packages/func_timeout/py3_raise.py", line 7, in raise_exception
    raise exception[0] from None
  File "/common/ketrong/tpotexp/tpot2/tpot2/tpot_estimator/estimator.py", line 623, in objective_function
    return objective_function_generator(
  File "/common/ketrong/tpotexp/tpot2/tpot2/tpot_estimator/estimator_utils.py", line 55, in objective_function_generator
    cv_obj_scores = cross_val_score_objective(sklearn.base.clone(pipeline),x,y,scorers=scorers, cv=cv , fold=step)
  File "/common/ketrong/tpotexp/tpot2/tpot2/tpot_estimator/cross_val_utils.py", line 28, in cross_val_score_objective
    this_fold_pipeline.fit(X_train,y_train)
  File "/common/ketrong/tpotexp/env/lib/python3.10/site-packages/sklearn/base.py", line 1473, in wrapper
    return fit_method(estimator, *args, **kwargs)
  File "/common/ketrong/tpotexp/env/lib/python3.10/site-packages/sklearn/pipeline.py", line 473, in fit
    self._final_estimator.fit(Xt, y, **last_step_params["fit"])
  File "/common/ketrong/tpotexp/env/lib/python3.10/site-packages/sklearn/base.py", line 1466, in wrapper
    estimator._validate_params()
  File "/common/ketrong/tpotexp/env/lib/python3.10/site-packages/sklearn/base.py", line 666, in _validate_params
    validate_parameter_constraints(
  File "/common/ketrong/tpotexp/env/lib/python3.10/site-packages/sklearn/utils/_param_validation.py", line 95, in validate_parameter_constraints
    raise InvalidParameterError(
sklearn.utils._param_validation.InvalidParameterError: The 'criterion' parameter of DecisionTreeRegressor must be a str among {'friedman_mse', 'poisson', 'absolute_error', 'squared_error'}. Got 'mae' instead.

WARNING THIS INDIVIDUAL CAUSED AND EXCEPTION 
 <tpot2.search_spaces.pipelines.sequential.SequentialPipelineIndividual object at 0x155467e3ae30> 
 The 'criterion' parameter of DecisionTreeRegressor must be a str among {'friedman_mse', 'poisson', 'absolute_error', 'squared_error'}. Got 'mae' instead. 
 Traceback (most recent call last):
  File "/common/ketrong/tpotexp/tpot2/tpot2/utils/eval_utils.py", line 53, in objective_nan_wrapper
    value = func_timeout.func_timeout(timeout, objective_function, args=[individual], kwargs=objective_kwargs)
  File "/common/ketrong/tpotexp/env/lib/python3.10/site-packages/func_timeout/dafunc.py", line 108, in func_timeout
    raise_exception(exception)
  File "/common/ketrong/tpotexp/env/lib/python3.10/site-packages/func_timeout/py3_raise.py", line 7, in raise_exception
    raise exception[0] from None
  File "/common/ketrong/tpotexp/tpot2/tpot2/tpot_estimator/estimator.py", line 623, in objective_function
    return objective_function_generator(
  File "/common/ketrong/tpotexp/tpot2/tpot2/tpot_estimator/estimator_utils.py", line 55, in objective_function_generator
    cv_obj_scores = cross_val_score_objective(sklearn.base.clone(pipeline),x,y,scorers=scorers, cv=cv , fold=step)
  File "/common/ketrong/tpotexp/tpot2/tpot2/tpot_estimator/cross_val_utils.py", line 28, in cross_val_score_objective
    this_fold_pipeline.fit(X_train,y_train)
  File "/common/ketrong/tpotexp/env/lib/python3.10/site-packages/sklearn/base.py", line 1473, in wrapper
    return fit_method(estimator, *args, **kwargs)
  File "/common/ketrong/tpotexp/env/lib/python3.10/site-packages/sklearn/pipeline.py", line 473, in fit
    self._final_estimator.fit(Xt, y, **last_step_params["fit"])
  File "/common/ketrong/tpotexp/env/lib/python3.10/site-packages/sklearn/base.py", line 1466, in wrapper
    estimator._validate_params()
  File "/common/ketrong/tpotexp/env/lib/python3.10/site-packages/sklearn/base.py", line 666, in _validate_params
    validate_parameter_constraints(
  File "/common/ketrong/tpotexp/env/lib/python3.10/site-packages/sklearn/utils/_param_validation.py", line 95, in validate_parameter_constraints
    raise InvalidParameterError(
sklearn.utils._param_validation.InvalidParameterError: The 'criterion' parameter of DecisionTreeRegressor must be a str among {'friedman_mse', 'poisson', 'absolute_error', 'squared_error'}. Got 'mae' instead.

Generation:  3
Best root_mean_squared_error score: -10.143612280652361
Generation:  12%|        | 3/25 [13:07<1:33:27, 254.90s/it]Generation:  4
Best root_mean_squared_error score: -10.143612280652361
Generation:  16%|        | 4/25 [18:37<1:39:37, 284.66s/it]WARNING THIS INDIVIDUAL CAUSED AND EXCEPTION 
 <tpot2.search_spaces.pipelines.sequential.SequentialPipelineIndividual object at 0x155474733640> 
 The 'criterion' parameter of RandomForestRegressor must be a str among {'friedman_mse', 'poisson', 'absolute_error', 'squared_error'}. Got 'mse' instead. 
 Traceback (most recent call last):
  File "/common/ketrong/tpotexp/tpot2/tpot2/utils/eval_utils.py", line 53, in objective_nan_wrapper
    value = func_timeout.func_timeout(timeout, objective_function, args=[individual], kwargs=objective_kwargs)
  File "/common/ketrong/tpotexp/env/lib/python3.10/site-packages/func_timeout/dafunc.py", line 108, in func_timeout
    raise_exception(exception)
  File "/common/ketrong/tpotexp/env/lib/python3.10/site-packages/func_timeout/py3_raise.py", line 7, in raise_exception
    raise exception[0] from None
  File "/common/ketrong/tpotexp/tpot2/tpot2/tpot_estimator/estimator.py", line 623, in objective_function
    return objective_function_generator(
  File "/common/ketrong/tpotexp/tpot2/tpot2/tpot_estimator/estimator_utils.py", line 55, in objective_function_generator
    cv_obj_scores = cross_val_score_objective(sklearn.base.clone(pipeline),x,y,scorers=scorers, cv=cv , fold=step)
  File "/common/ketrong/tpotexp/tpot2/tpot2/tpot_estimator/cross_val_utils.py", line 28, in cross_val_score_objective
    this_fold_pipeline.fit(X_train,y_train)
  File "/common/ketrong/tpotexp/env/lib/python3.10/site-packages/sklearn/base.py", line 1473, in wrapper
    return fit_method(estimator, *args, **kwargs)
  File "/common/ketrong/tpotexp/env/lib/python3.10/site-packages/sklearn/pipeline.py", line 473, in fit
    self._final_estimator.fit(Xt, y, **last_step_params["fit"])
  File "/common/ketrong/tpotexp/env/lib/python3.10/site-packages/sklearn/base.py", line 1466, in wrapper
    estimator._validate_params()
  File "/common/ketrong/tpotexp/env/lib/python3.10/site-packages/sklearn/base.py", line 666, in _validate_params
    validate_parameter_constraints(
  File "/common/ketrong/tpotexp/env/lib/python3.10/site-packages/sklearn/utils/_param_validation.py", line 95, in validate_parameter_constraints
    raise InvalidParameterError(
sklearn.utils._param_validation.InvalidParameterError: The 'criterion' parameter of RandomForestRegressor must be a str among {'friedman_mse', 'poisson', 'absolute_error', 'squared_error'}. Got 'mse' instead.

WARNING THIS INDIVIDUAL CAUSED AND EXCEPTION 
 <tpot2.search_spaces.pipelines.sequential.SequentialPipelineIndividual object at 0x155464a8add0> 
 The 'criterion' parameter of DecisionTreeRegressor must be a str among {'friedman_mse', 'poisson', 'absolute_error', 'squared_error'}. Got 'mae' instead. 
 Traceback (most recent call last):
  File "/common/ketrong/tpotexp/tpot2/tpot2/utils/eval_utils.py", line 53, in objective_nan_wrapper
    value = func_timeout.func_timeout(timeout, objective_function, args=[individual], kwargs=objective_kwargs)
  File "/common/ketrong/tpotexp/env/lib/python3.10/site-packages/func_timeout/dafunc.py", line 108, in func_timeout
    raise_exception(exception)
  File "/common/ketrong/tpotexp/env/lib/python3.10/site-packages/func_timeout/py3_raise.py", line 7, in raise_exception
    raise exception[0] from None
  File "/common/ketrong/tpotexp/tpot2/tpot2/tpot_estimator/estimator.py", line 623, in objective_function
    return objective_function_generator(
  File "/common/ketrong/tpotexp/tpot2/tpot2/tpot_estimator/estimator_utils.py", line 55, in objective_function_generator
    cv_obj_scores = cross_val_score_objective(sklearn.base.clone(pipeline),x,y,scorers=scorers, cv=cv , fold=step)
  File "/common/ketrong/tpotexp/tpot2/tpot2/tpot_estimator/cross_val_utils.py", line 28, in cross_val_score_objective
    this_fold_pipeline.fit(X_train,y_train)
  File "/common/ketrong/tpotexp/env/lib/python3.10/site-packages/sklearn/base.py", line 1473, in wrapper
    return fit_method(estimator, *args, **kwargs)
  File "/common/ketrong/tpotexp/env/lib/python3.10/site-packages/sklearn/pipeline.py", line 473, in fit
    self._final_estimator.fit(Xt, y, **last_step_params["fit"])
  File "/common/ketrong/tpotexp/env/lib/python3.10/site-packages/sklearn/base.py", line 1466, in wrapper
    estimator._validate_params()
  File "/common/ketrong/tpotexp/env/lib/python3.10/site-packages/sklearn/base.py", line 666, in _validate_params
    validate_parameter_constraints(
  File "/common/ketrong/tpotexp/env/lib/python3.10/site-packages/sklearn/utils/_param_validation.py", line 95, in validate_parameter_constraints
    raise InvalidParameterError(
sklearn.utils._param_validation.InvalidParameterError: The 'criterion' parameter of DecisionTreeRegressor must be a str among {'friedman_mse', 'poisson', 'absolute_error', 'squared_error'}. Got 'mae' instead.

Generation:  5
Best root_mean_squared_error score: -10.136955099508732
Generation:  20%|        | 5/25 [23:58<1:39:09, 297.47s/it]WARNING THIS INDIVIDUAL CAUSED AND EXCEPTION 
 <tpot2.search_spaces.pipelines.sequential.SequentialPipelineIndividual object at 0x1554746a1e70> 
 The 'criterion' parameter of ExtraTreesRegressor must be a str among {'friedman_mse', 'poisson', 'absolute_error', 'squared_error'}. Got 'mae' instead. 
 Traceback (most recent call last):
  File "/common/ketrong/tpotexp/tpot2/tpot2/utils/eval_utils.py", line 53, in objective_nan_wrapper
    value = func_timeout.func_timeout(timeout, objective_function, args=[individual], kwargs=objective_kwargs)
  File "/common/ketrong/tpotexp/env/lib/python3.10/site-packages/func_timeout/dafunc.py", line 108, in func_timeout
    raise_exception(exception)
  File "/common/ketrong/tpotexp/env/lib/python3.10/site-packages/func_timeout/py3_raise.py", line 7, in raise_exception
    raise exception[0] from None
  File "/common/ketrong/tpotexp/tpot2/tpot2/tpot_estimator/estimator.py", line 623, in objective_function
    return objective_function_generator(
  File "/common/ketrong/tpotexp/tpot2/tpot2/tpot_estimator/estimator_utils.py", line 55, in objective_function_generator
    cv_obj_scores = cross_val_score_objective(sklearn.base.clone(pipeline),x,y,scorers=scorers, cv=cv , fold=step)
  File "/common/ketrong/tpotexp/tpot2/tpot2/tpot_estimator/cross_val_utils.py", line 28, in cross_val_score_objective
    this_fold_pipeline.fit(X_train,y_train)
  File "/common/ketrong/tpotexp/env/lib/python3.10/site-packages/sklearn/base.py", line 1473, in wrapper
    return fit_method(estimator, *args, **kwargs)
  File "/common/ketrong/tpotexp/env/lib/python3.10/site-packages/sklearn/pipeline.py", line 473, in fit
    self._final_estimator.fit(Xt, y, **last_step_params["fit"])
  File "/common/ketrong/tpotexp/env/lib/python3.10/site-packages/sklearn/base.py", line 1466, in wrapper
    estimator._validate_params()
  File "/common/ketrong/tpotexp/env/lib/python3.10/site-packages/sklearn/base.py", line 666, in _validate_params
    validate_parameter_constraints(
  File "/common/ketrong/tpotexp/env/lib/python3.10/site-packages/sklearn/utils/_param_validation.py", line 95, in validate_parameter_constraints
    raise InvalidParameterError(
sklearn.utils._param_validation.InvalidParameterError: The 'criterion' parameter of ExtraTreesRegressor must be a str among {'friedman_mse', 'poisson', 'absolute_error', 'squared_error'}. Got 'mae' instead.

Generation:  6
Best root_mean_squared_error score: -10.136955099508732
Generation:  24%|       | 6/25 [25:12<1:10:13, 221.77s/it]Generation:  7
Best root_mean_squared_error score: -10.13602793131769
Generation:  28%|       | 7/25 [27:04<55:40, 185.61s/it]  Generation:  8
Best root_mean_squared_error score: -10.13602793131769
Generation:  32%|      | 8/25 [30:49<56:12, 198.38s/it]Generation:  9
Best root_mean_squared_error score: -10.135951836086075
Generation:  36%|      | 9/25 [32:15<43:28, 163.01s/it]WARNING THIS INDIVIDUAL CAUSED AND EXCEPTION 
 <tpot2.search_spaces.pipelines.sequential.SequentialPipelineIndividual object at 0x1554679775e0> 
 The 'criterion' parameter of ExtraTreesRegressor must be a str among {'friedman_mse', 'poisson', 'absolute_error', 'squared_error'}. Got 'mae' instead. 
 Traceback (most recent call last):
  File "/common/ketrong/tpotexp/tpot2/tpot2/utils/eval_utils.py", line 53, in objective_nan_wrapper
    value = func_timeout.func_timeout(timeout, objective_function, args=[individual], kwargs=objective_kwargs)
  File "/common/ketrong/tpotexp/env/lib/python3.10/site-packages/func_timeout/dafunc.py", line 108, in func_timeout
    raise_exception(exception)
  File "/common/ketrong/tpotexp/env/lib/python3.10/site-packages/func_timeout/py3_raise.py", line 7, in raise_exception
    raise exception[0] from None
  File "/common/ketrong/tpotexp/tpot2/tpot2/tpot_estimator/estimator.py", line 623, in objective_function
    return objective_function_generator(
  File "/common/ketrong/tpotexp/tpot2/tpot2/tpot_estimator/estimator_utils.py", line 55, in objective_function_generator
    cv_obj_scores = cross_val_score_objective(sklearn.base.clone(pipeline),x,y,scorers=scorers, cv=cv , fold=step)
  File "/common/ketrong/tpotexp/tpot2/tpot2/tpot_estimator/cross_val_utils.py", line 28, in cross_val_score_objective
    this_fold_pipeline.fit(X_train,y_train)
  File "/common/ketrong/tpotexp/env/lib/python3.10/site-packages/sklearn/base.py", line 1473, in wrapper
    return fit_method(estimator, *args, **kwargs)
  File "/common/ketrong/tpotexp/env/lib/python3.10/site-packages/sklearn/pipeline.py", line 473, in fit
    self._final_estimator.fit(Xt, y, **last_step_params["fit"])
  File "/common/ketrong/tpotexp/env/lib/python3.10/site-packages/sklearn/base.py", line 1466, in wrapper
    estimator._validate_params()
  File "/common/ketrong/tpotexp/env/lib/python3.10/site-packages/sklearn/base.py", line 666, in _validate_params
    validate_parameter_constraints(
  File "/common/ketrong/tpotexp/env/lib/python3.10/site-packages/sklearn/utils/_param_validation.py", line 95, in validate_parameter_constraints
    raise InvalidParameterError(
sklearn.utils._param_validation.InvalidParameterError: The 'criterion' parameter of ExtraTreesRegressor must be a str among {'friedman_mse', 'poisson', 'absolute_error', 'squared_error'}. Got 'mae' instead.

WARNING THIS INDIVIDUAL CAUSED AND EXCEPTION 
 <tpot2.search_spaces.pipelines.sequential.SequentialPipelineIndividual object at 0x1554747178b0> 
 The 'criterion' parameter of ExtraTreesRegressor must be a str among {'friedman_mse', 'poisson', 'absolute_error', 'squared_error'}. Got 'mae' instead. 
 Traceback (most recent call last):
  File "/common/ketrong/tpotexp/tpot2/tpot2/utils/eval_utils.py", line 53, in objective_nan_wrapper
    value = func_timeout.func_timeout(timeout, objective_function, args=[individual], kwargs=objective_kwargs)
  File "/common/ketrong/tpotexp/env/lib/python3.10/site-packages/func_timeout/dafunc.py", line 108, in func_timeout
    raise_exception(exception)
  File "/common/ketrong/tpotexp/env/lib/python3.10/site-packages/func_timeout/py3_raise.py", line 7, in raise_exception
    raise exception[0] from None
  File "/common/ketrong/tpotexp/tpot2/tpot2/tpot_estimator/estimator.py", line 623, in objective_function
    return objective_function_generator(
  File "/common/ketrong/tpotexp/tpot2/tpot2/tpot_estimator/estimator_utils.py", line 55, in objective_function_generator
    cv_obj_scores = cross_val_score_objective(sklearn.base.clone(pipeline),x,y,scorers=scorers, cv=cv , fold=step)
  File "/common/ketrong/tpotexp/tpot2/tpot2/tpot_estimator/cross_val_utils.py", line 28, in cross_val_score_objective
    this_fold_pipeline.fit(X_train,y_train)
  File "/common/ketrong/tpotexp/env/lib/python3.10/site-packages/sklearn/base.py", line 1473, in wrapper
    return fit_method(estimator, *args, **kwargs)
  File "/common/ketrong/tpotexp/env/lib/python3.10/site-packages/sklearn/pipeline.py", line 473, in fit
    self._final_estimator.fit(Xt, y, **last_step_params["fit"])
  File "/common/ketrong/tpotexp/env/lib/python3.10/site-packages/sklearn/base.py", line 1466, in wrapper
    estimator._validate_params()
  File "/common/ketrong/tpotexp/env/lib/python3.10/site-packages/sklearn/base.py", line 666, in _validate_params
    validate_parameter_constraints(
  File "/common/ketrong/tpotexp/env/lib/python3.10/site-packages/sklearn/utils/_param_validation.py", line 95, in validate_parameter_constraints
    raise InvalidParameterError(
sklearn.utils._param_validation.InvalidParameterError: The 'criterion' parameter of ExtraTreesRegressor must be a str among {'friedman_mse', 'poisson', 'absolute_error', 'squared_error'}. Got 'mae' instead.

WARNING THIS INDIVIDUAL CAUSED AND EXCEPTION 
 <tpot2.search_spaces.pipelines.sequential.SequentialPipelineIndividual object at 0x15547473a200> 
 The 'criterion' parameter of RandomForestRegressor must be a str among {'friedman_mse', 'poisson', 'absolute_error', 'squared_error'}. Got 'mse' instead. 
 Traceback (most recent call last):
  File "/common/ketrong/tpotexp/tpot2/tpot2/utils/eval_utils.py", line 53, in objective_nan_wrapper
    value = func_timeout.func_timeout(timeout, objective_function, args=[individual], kwargs=objective_kwargs)
  File "/common/ketrong/tpotexp/env/lib/python3.10/site-packages/func_timeout/dafunc.py", line 108, in func_timeout
    raise_exception(exception)
  File "/common/ketrong/tpotexp/env/lib/python3.10/site-packages/func_timeout/py3_raise.py", line 7, in raise_exception
    raise exception[0] from None
  File "/common/ketrong/tpotexp/tpot2/tpot2/tpot_estimator/estimator.py", line 623, in objective_function
    return objective_function_generator(
  File "/common/ketrong/tpotexp/tpot2/tpot2/tpot_estimator/estimator_utils.py", line 55, in objective_function_generator
    cv_obj_scores = cross_val_score_objective(sklearn.base.clone(pipeline),x,y,scorers=scorers, cv=cv , fold=step)
  File "/common/ketrong/tpotexp/tpot2/tpot2/tpot_estimator/cross_val_utils.py", line 28, in cross_val_score_objective
    this_fold_pipeline.fit(X_train,y_train)
  File "/common/ketrong/tpotexp/env/lib/python3.10/site-packages/sklearn/base.py", line 1473, in wrapper
    return fit_method(estimator, *args, **kwargs)
  File "/common/ketrong/tpotexp/env/lib/python3.10/site-packages/sklearn/pipeline.py", line 473, in fit
    self._final_estimator.fit(Xt, y, **last_step_params["fit"])
  File "/common/ketrong/tpotexp/env/lib/python3.10/site-packages/sklearn/base.py", line 1466, in wrapper
    estimator._validate_params()
  File "/common/ketrong/tpotexp/env/lib/python3.10/site-packages/sklearn/base.py", line 666, in _validate_params
    validate_parameter_constraints(
  File "/common/ketrong/tpotexp/env/lib/python3.10/site-packages/sklearn/utils/_param_validation.py", line 95, in validate_parameter_constraints
    raise InvalidParameterError(
sklearn.utils._param_validation.InvalidParameterError: The 'criterion' parameter of RandomForestRegressor must be a str among {'friedman_mse', 'poisson', 'absolute_error', 'squared_error'}. Got 'mse' instead.

Generation:  10
Best root_mean_squared_error score: -10.135951836086075
Generation:  40%|      | 10/25 [35:34<43:33, 174.25s/it]Generation:  11
Best root_mean_squared_error score: -10.135951836086075
Generation:  44%|     | 11/25 [37:42<37:21, 160.12s/it]Generation:  12
Best root_mean_squared_error score: -10.135951836086075
Generation:  48%|     | 12/25 [39:37<31:43, 146.41s/it]Generation:  13
Best root_mean_squared_error score: -10.135951836086075
Generation:  52%|    | 13/25 [40:48<24:42, 123.54s/it]WARNING THIS INDIVIDUAL CAUSED AND EXCEPTION 
 <tpot2.search_spaces.pipelines.sequential.SequentialPipelineIndividual object at 0x1554656ba4d0> 
 The 'criterion' parameter of RandomForestRegressor must be a str among {'friedman_mse', 'poisson', 'absolute_error', 'squared_error'}. Got 'mse' instead. 
 Traceback (most recent call last):
  File "/common/ketrong/tpotexp/tpot2/tpot2/utils/eval_utils.py", line 53, in objective_nan_wrapper
    value = func_timeout.func_timeout(timeout, objective_function, args=[individual], kwargs=objective_kwargs)
  File "/common/ketrong/tpotexp/env/lib/python3.10/site-packages/func_timeout/dafunc.py", line 108, in func_timeout
    raise_exception(exception)
  File "/common/ketrong/tpotexp/env/lib/python3.10/site-packages/func_timeout/py3_raise.py", line 7, in raise_exception
    raise exception[0] from None
  File "/common/ketrong/tpotexp/tpot2/tpot2/tpot_estimator/estimator.py", line 623, in objective_function
    return objective_function_generator(
  File "/common/ketrong/tpotexp/tpot2/tpot2/tpot_estimator/estimator_utils.py", line 55, in objective_function_generator
    cv_obj_scores = cross_val_score_objective(sklearn.base.clone(pipeline),x,y,scorers=scorers, cv=cv , fold=step)
  File "/common/ketrong/tpotexp/tpot2/tpot2/tpot_estimator/cross_val_utils.py", line 28, in cross_val_score_objective
    this_fold_pipeline.fit(X_train,y_train)
  File "/common/ketrong/tpotexp/env/lib/python3.10/site-packages/sklearn/base.py", line 1473, in wrapper
    return fit_method(estimator, *args, **kwargs)
  File "/common/ketrong/tpotexp/env/lib/python3.10/site-packages/sklearn/pipeline.py", line 473, in fit
    self._final_estimator.fit(Xt, y, **last_step_params["fit"])
  File "/common/ketrong/tpotexp/env/lib/python3.10/site-packages/sklearn/base.py", line 1466, in wrapper
    estimator._validate_params()
  File "/common/ketrong/tpotexp/env/lib/python3.10/site-packages/sklearn/base.py", line 666, in _validate_params
    validate_parameter_constraints(
  File "/common/ketrong/tpotexp/env/lib/python3.10/site-packages/sklearn/utils/_param_validation.py", line 95, in validate_parameter_constraints
    raise InvalidParameterError(
sklearn.utils._param_validation.InvalidParameterError: The 'criterion' parameter of RandomForestRegressor must be a str among {'friedman_mse', 'poisson', 'absolute_error', 'squared_error'}. Got 'mse' instead.

Generation:  14
Best root_mean_squared_error score: -10.135778877655046
Generation:  56%|    | 14/25 [42:14<20:32, 112.08s/it]WARNING THIS INDIVIDUAL CAUSED AND EXCEPTION 
 <tpot2.search_spaces.pipelines.sequential.SequentialPipelineIndividual object at 0x155467448970> 
 The 'criterion' parameter of RandomForestRegressor must be a str among {'friedman_mse', 'poisson', 'absolute_error', 'squared_error'}. Got 'mse' instead. 
 Traceback (most recent call last):
  File "/common/ketrong/tpotexp/tpot2/tpot2/utils/eval_utils.py", line 53, in objective_nan_wrapper
    value = func_timeout.func_timeout(timeout, objective_function, args=[individual], kwargs=objective_kwargs)
  File "/common/ketrong/tpotexp/env/lib/python3.10/site-packages/func_timeout/dafunc.py", line 108, in func_timeout
    raise_exception(exception)
  File "/common/ketrong/tpotexp/env/lib/python3.10/site-packages/func_timeout/py3_raise.py", line 7, in raise_exception
    raise exception[0] from None
  File "/common/ketrong/tpotexp/tpot2/tpot2/tpot_estimator/estimator.py", line 623, in objective_function
    return objective_function_generator(
  File "/common/ketrong/tpotexp/tpot2/tpot2/tpot_estimator/estimator_utils.py", line 55, in objective_function_generator
    cv_obj_scores = cross_val_score_objective(sklearn.base.clone(pipeline),x,y,scorers=scorers, cv=cv , fold=step)
  File "/common/ketrong/tpotexp/tpot2/tpot2/tpot_estimator/cross_val_utils.py", line 28, in cross_val_score_objective
    this_fold_pipeline.fit(X_train,y_train)
  File "/common/ketrong/tpotexp/env/lib/python3.10/site-packages/sklearn/base.py", line 1473, in wrapper
    return fit_method(estimator, *args, **kwargs)
  File "/common/ketrong/tpotexp/env/lib/python3.10/site-packages/sklearn/pipeline.py", line 473, in fit
    self._final_estimator.fit(Xt, y, **last_step_params["fit"])
  File "/common/ketrong/tpotexp/env/lib/python3.10/site-packages/sklearn/base.py", line 1466, in wrapper
    estimator._validate_params()
  File "/common/ketrong/tpotexp/env/lib/python3.10/site-packages/sklearn/base.py", line 666, in _validate_params
    validate_parameter_constraints(
  File "/common/ketrong/tpotexp/env/lib/python3.10/site-packages/sklearn/utils/_param_validation.py", line 95, in validate_parameter_constraints
    raise InvalidParameterError(
sklearn.utils._param_validation.InvalidParameterError: The 'criterion' parameter of RandomForestRegressor must be a str among {'friedman_mse', 'poisson', 'absolute_error', 'squared_error'}. Got 'mse' instead.

WARNING AN INDIVIDUAL TIMED OUT: 
 <tpot2.search_spaces.pipelines.sequential.SequentialPipelineIndividual object at 0x155466bf29e0> 

Generation:  15
Best root_mean_squared_error score: -10.135778877655046
Generation:  60%|    | 15/25 [53:11<46:05, 276.59s/it]WARNING THIS INDIVIDUAL CAUSED AND EXCEPTION 
 <tpot2.search_spaces.pipelines.sequential.SequentialPipelineIndividual object at 0x155467514f40> 
 The 'criterion' parameter of DecisionTreeRegressor must be a str among {'friedman_mse', 'poisson', 'absolute_error', 'squared_error'}. Got 'mae' instead. 
 Traceback (most recent call last):
  File "/common/ketrong/tpotexp/tpot2/tpot2/utils/eval_utils.py", line 53, in objective_nan_wrapper
    value = func_timeout.func_timeout(timeout, objective_function, args=[individual], kwargs=objective_kwargs)
  File "/common/ketrong/tpotexp/env/lib/python3.10/site-packages/func_timeout/dafunc.py", line 108, in func_timeout
    raise_exception(exception)
  File "/common/ketrong/tpotexp/env/lib/python3.10/site-packages/func_timeout/py3_raise.py", line 7, in raise_exception
    raise exception[0] from None
  File "/common/ketrong/tpotexp/tpot2/tpot2/tpot_estimator/estimator.py", line 623, in objective_function
    return objective_function_generator(
  File "/common/ketrong/tpotexp/tpot2/tpot2/tpot_estimator/estimator_utils.py", line 55, in objective_function_generator
    cv_obj_scores = cross_val_score_objective(sklearn.base.clone(pipeline),x,y,scorers=scorers, cv=cv , fold=step)
  File "/common/ketrong/tpotexp/tpot2/tpot2/tpot_estimator/cross_val_utils.py", line 28, in cross_val_score_objective
    this_fold_pipeline.fit(X_train,y_train)
  File "/common/ketrong/tpotexp/env/lib/python3.10/site-packages/sklearn/base.py", line 1473, in wrapper
    return fit_method(estimator, *args, **kwargs)
  File "/common/ketrong/tpotexp/env/lib/python3.10/site-packages/sklearn/pipeline.py", line 473, in fit
    self._final_estimator.fit(Xt, y, **last_step_params["fit"])
  File "/common/ketrong/tpotexp/env/lib/python3.10/site-packages/sklearn/base.py", line 1466, in wrapper
    estimator._validate_params()
  File "/common/ketrong/tpotexp/env/lib/python3.10/site-packages/sklearn/base.py", line 666, in _validate_params
    validate_parameter_constraints(
  File "/common/ketrong/tpotexp/env/lib/python3.10/site-packages/sklearn/utils/_param_validation.py", line 95, in validate_parameter_constraints
    raise InvalidParameterError(
sklearn.utils._param_validation.InvalidParameterError: The 'criterion' parameter of DecisionTreeRegressor must be a str among {'friedman_mse', 'poisson', 'absolute_error', 'squared_error'}. Got 'mae' instead.

Generation:  16
Best root_mean_squared_error score: -10.135778877655046
Generation:  64%|   | 16/25 [59:56<47:16, 315.18s/it]WARNING THIS INDIVIDUAL CAUSED AND EXCEPTION 
 <tpot2.search_spaces.pipelines.sequential.SequentialPipelineIndividual object at 0x155465052380> 
 The 'criterion' parameter of DecisionTreeRegressor must be a str among {'friedman_mse', 'poisson', 'absolute_error', 'squared_error'}. Got 'mae' instead. 
 Traceback (most recent call last):
  File "/common/ketrong/tpotexp/tpot2/tpot2/utils/eval_utils.py", line 53, in objective_nan_wrapper
    value = func_timeout.func_timeout(timeout, objective_function, args=[individual], kwargs=objective_kwargs)
  File "/common/ketrong/tpotexp/env/lib/python3.10/site-packages/func_timeout/dafunc.py", line 108, in func_timeout
    raise_exception(exception)
  File "/common/ketrong/tpotexp/env/lib/python3.10/site-packages/func_timeout/py3_raise.py", line 7, in raise_exception
    raise exception[0] from None
  File "/common/ketrong/tpotexp/tpot2/tpot2/tpot_estimator/estimator.py", line 623, in objective_function
    return objective_function_generator(
  File "/common/ketrong/tpotexp/tpot2/tpot2/tpot_estimator/estimator_utils.py", line 55, in objective_function_generator
    cv_obj_scores = cross_val_score_objective(sklearn.base.clone(pipeline),x,y,scorers=scorers, cv=cv , fold=step)
  File "/common/ketrong/tpotexp/tpot2/tpot2/tpot_estimator/cross_val_utils.py", line 28, in cross_val_score_objective
    this_fold_pipeline.fit(X_train,y_train)
  File "/common/ketrong/tpotexp/env/lib/python3.10/site-packages/sklearn/base.py", line 1473, in wrapper
    return fit_method(estimator, *args, **kwargs)
  File "/common/ketrong/tpotexp/env/lib/python3.10/site-packages/sklearn/pipeline.py", line 473, in fit
    self._final_estimator.fit(Xt, y, **last_step_params["fit"])
  File "/common/ketrong/tpotexp/env/lib/python3.10/site-packages/sklearn/base.py", line 1466, in wrapper
    estimator._validate_params()
  File "/common/ketrong/tpotexp/env/lib/python3.10/site-packages/sklearn/base.py", line 666, in _validate_params
    validate_parameter_constraints(
  File "/common/ketrong/tpotexp/env/lib/python3.10/site-packages/sklearn/utils/_param_validation.py", line 95, in validate_parameter_constraints
    raise InvalidParameterError(
sklearn.utils._param_validation.InvalidParameterError: The 'criterion' parameter of DecisionTreeRegressor must be a str among {'friedman_mse', 'poisson', 'absolute_error', 'squared_error'}. Got 'mae' instead.

Generation:  17
Best root_mean_squared_error score: -10.135778877655046
Generation:  68%|   | 17/25 [1:06:58<46:17, 347.24s/it]WARNING THIS INDIVIDUAL CAUSED AND EXCEPTION 
 <tpot2.search_spaces.pipelines.sequential.SequentialPipelineIndividual object at 0x155467f071f0> 
 The 'criterion' parameter of DecisionTreeRegressor must be a str among {'friedman_mse', 'poisson', 'absolute_error', 'squared_error'}. Got 'mae' instead. 
 Traceback (most recent call last):
  File "/common/ketrong/tpotexp/tpot2/tpot2/utils/eval_utils.py", line 53, in objective_nan_wrapper
    value = func_timeout.func_timeout(timeout, objective_function, args=[individual], kwargs=objective_kwargs)
  File "/common/ketrong/tpotexp/env/lib/python3.10/site-packages/func_timeout/dafunc.py", line 108, in func_timeout
    raise_exception(exception)
  File "/common/ketrong/tpotexp/env/lib/python3.10/site-packages/func_timeout/py3_raise.py", line 7, in raise_exception
    raise exception[0] from None
  File "/common/ketrong/tpotexp/tpot2/tpot2/tpot_estimator/estimator.py", line 623, in objective_function
    return objective_function_generator(
  File "/common/ketrong/tpotexp/tpot2/tpot2/tpot_estimator/estimator_utils.py", line 55, in objective_function_generator
    cv_obj_scores = cross_val_score_objective(sklearn.base.clone(pipeline),x,y,scorers=scorers, cv=cv , fold=step)
  File "/common/ketrong/tpotexp/tpot2/tpot2/tpot_estimator/cross_val_utils.py", line 28, in cross_val_score_objective
    this_fold_pipeline.fit(X_train,y_train)
  File "/common/ketrong/tpotexp/env/lib/python3.10/site-packages/sklearn/base.py", line 1473, in wrapper
    return fit_method(estimator, *args, **kwargs)
  File "/common/ketrong/tpotexp/env/lib/python3.10/site-packages/sklearn/pipeline.py", line 473, in fit
    self._final_estimator.fit(Xt, y, **last_step_params["fit"])
  File "/common/ketrong/tpotexp/env/lib/python3.10/site-packages/sklearn/base.py", line 1466, in wrapper
    estimator._validate_params()
  File "/common/ketrong/tpotexp/env/lib/python3.10/site-packages/sklearn/base.py", line 666, in _validate_params
    validate_parameter_constraints(
  File "/common/ketrong/tpotexp/env/lib/python3.10/site-packages/sklearn/utils/_param_validation.py", line 95, in validate_parameter_constraints
    raise InvalidParameterError(
sklearn.utils._param_validation.InvalidParameterError: The 'criterion' parameter of DecisionTreeRegressor must be a str among {'friedman_mse', 'poisson', 'absolute_error', 'squared_error'}. Got 'mae' instead.

Generation:  18
Best root_mean_squared_error score: -10.135778877655046
Generation:  72%|  | 18/25 [1:09:03<32:42, 280.38s/it]WARNING THIS INDIVIDUAL CAUSED AND EXCEPTION 
 <tpot2.search_spaces.pipelines.sequential.SequentialPipelineIndividual object at 0x155466bbe560> 
 The 'criterion' parameter of RandomForestRegressor must be a str among {'friedman_mse', 'poisson', 'absolute_error', 'squared_error'}. Got 'mae' instead. 
 Traceback (most recent call last):
  File "/common/ketrong/tpotexp/tpot2/tpot2/utils/eval_utils.py", line 53, in objective_nan_wrapper
    value = func_timeout.func_timeout(timeout, objective_function, args=[individual], kwargs=objective_kwargs)
  File "/common/ketrong/tpotexp/env/lib/python3.10/site-packages/func_timeout/dafunc.py", line 108, in func_timeout
    raise_exception(exception)
  File "/common/ketrong/tpotexp/env/lib/python3.10/site-packages/func_timeout/py3_raise.py", line 7, in raise_exception
    raise exception[0] from None
  File "/common/ketrong/tpotexp/tpot2/tpot2/tpot_estimator/estimator.py", line 623, in objective_function
    return objective_function_generator(
  File "/common/ketrong/tpotexp/tpot2/tpot2/tpot_estimator/estimator_utils.py", line 55, in objective_function_generator
    cv_obj_scores = cross_val_score_objective(sklearn.base.clone(pipeline),x,y,scorers=scorers, cv=cv , fold=step)
  File "/common/ketrong/tpotexp/tpot2/tpot2/tpot_estimator/cross_val_utils.py", line 28, in cross_val_score_objective
    this_fold_pipeline.fit(X_train,y_train)
  File "/common/ketrong/tpotexp/env/lib/python3.10/site-packages/sklearn/base.py", line 1473, in wrapper
    return fit_method(estimator, *args, **kwargs)
  File "/common/ketrong/tpotexp/env/lib/python3.10/site-packages/sklearn/pipeline.py", line 473, in fit
    self._final_estimator.fit(Xt, y, **last_step_params["fit"])
  File "/common/ketrong/tpotexp/env/lib/python3.10/site-packages/sklearn/base.py", line 1466, in wrapper
    estimator._validate_params()
  File "/common/ketrong/tpotexp/env/lib/python3.10/site-packages/sklearn/base.py", line 666, in _validate_params
    validate_parameter_constraints(
  File "/common/ketrong/tpotexp/env/lib/python3.10/site-packages/sklearn/utils/_param_validation.py", line 95, in validate_parameter_constraints
    raise InvalidParameterError(
sklearn.utils._param_validation.InvalidParameterError: The 'criterion' parameter of RandomForestRegressor must be a str among {'friedman_mse', 'poisson', 'absolute_error', 'squared_error'}. Got 'mae' instead.

Generation:  19
Best root_mean_squared_error score: -10.135778877655046
Generation:  76%|  | 19/25 [1:11:02<23:11, 231.84s/it]WARNING THIS INDIVIDUAL CAUSED AND EXCEPTION 
 <tpot2.search_spaces.pipelines.sequential.SequentialPipelineIndividual object at 0x155464405bd0> 
 The 'criterion' parameter of RandomForestRegressor must be a str among {'friedman_mse', 'poisson', 'absolute_error', 'squared_error'}. Got 'mae' instead. 
 Traceback (most recent call last):
  File "/common/ketrong/tpotexp/tpot2/tpot2/utils/eval_utils.py", line 53, in objective_nan_wrapper
    value = func_timeout.func_timeout(timeout, objective_function, args=[individual], kwargs=objective_kwargs)
  File "/common/ketrong/tpotexp/env/lib/python3.10/site-packages/func_timeout/dafunc.py", line 108, in func_timeout
    raise_exception(exception)
  File "/common/ketrong/tpotexp/env/lib/python3.10/site-packages/func_timeout/py3_raise.py", line 7, in raise_exception
    raise exception[0] from None
  File "/common/ketrong/tpotexp/tpot2/tpot2/tpot_estimator/estimator.py", line 623, in objective_function
    return objective_function_generator(
  File "/common/ketrong/tpotexp/tpot2/tpot2/tpot_estimator/estimator_utils.py", line 55, in objective_function_generator
    cv_obj_scores = cross_val_score_objective(sklearn.base.clone(pipeline),x,y,scorers=scorers, cv=cv , fold=step)
  File "/common/ketrong/tpotexp/tpot2/tpot2/tpot_estimator/cross_val_utils.py", line 28, in cross_val_score_objective
    this_fold_pipeline.fit(X_train,y_train)
  File "/common/ketrong/tpotexp/env/lib/python3.10/site-packages/sklearn/base.py", line 1473, in wrapper
    return fit_method(estimator, *args, **kwargs)
  File "/common/ketrong/tpotexp/env/lib/python3.10/site-packages/sklearn/pipeline.py", line 473, in fit
    self._final_estimator.fit(Xt, y, **last_step_params["fit"])
  File "/common/ketrong/tpotexp/env/lib/python3.10/site-packages/sklearn/base.py", line 1466, in wrapper
    estimator._validate_params()
  File "/common/ketrong/tpotexp/env/lib/python3.10/site-packages/sklearn/base.py", line 666, in _validate_params
    validate_parameter_constraints(
  File "/common/ketrong/tpotexp/env/lib/python3.10/site-packages/sklearn/utils/_param_validation.py", line 95, in validate_parameter_constraints
    raise InvalidParameterError(
sklearn.utils._param_validation.InvalidParameterError: The 'criterion' parameter of RandomForestRegressor must be a str among {'friedman_mse', 'poisson', 'absolute_error', 'squared_error'}. Got 'mae' instead.

Generation:  20
Best root_mean_squared_error score: -10.135778877655046
Generation:  80%|  | 20/25 [1:15:31<20:15, 243.04s/it]Generation:  21
Best root_mean_squared_error score: -10.135778877655046
Generation:  84%| | 21/25 [1:19:12<15:46, 236.51s/it]WARNING THIS INDIVIDUAL CAUSED AND EXCEPTION 
 <tpot2.search_spaces.pipelines.sequential.SequentialPipelineIndividual object at 0x1554671bab90> 
 The 'criterion' parameter of DecisionTreeRegressor must be a str among {'friedman_mse', 'poisson', 'absolute_error', 'squared_error'}. Got 'mae' instead. 
 Traceback (most recent call last):
  File "/common/ketrong/tpotexp/tpot2/tpot2/utils/eval_utils.py", line 53, in objective_nan_wrapper
    value = func_timeout.func_timeout(timeout, objective_function, args=[individual], kwargs=objective_kwargs)
  File "/common/ketrong/tpotexp/env/lib/python3.10/site-packages/func_timeout/dafunc.py", line 108, in func_timeout
    raise_exception(exception)
  File "/common/ketrong/tpotexp/env/lib/python3.10/site-packages/func_timeout/py3_raise.py", line 7, in raise_exception
    raise exception[0] from None
  File "/common/ketrong/tpotexp/tpot2/tpot2/tpot_estimator/estimator.py", line 623, in objective_function
    return objective_function_generator(
  File "/common/ketrong/tpotexp/tpot2/tpot2/tpot_estimator/estimator_utils.py", line 55, in objective_function_generator
    cv_obj_scores = cross_val_score_objective(sklearn.base.clone(pipeline),x,y,scorers=scorers, cv=cv , fold=step)
  File "/common/ketrong/tpotexp/tpot2/tpot2/tpot_estimator/cross_val_utils.py", line 28, in cross_val_score_objective
    this_fold_pipeline.fit(X_train,y_train)
  File "/common/ketrong/tpotexp/env/lib/python3.10/site-packages/sklearn/base.py", line 1473, in wrapper
    return fit_method(estimator, *args, **kwargs)
  File "/common/ketrong/tpotexp/env/lib/python3.10/site-packages/sklearn/pipeline.py", line 473, in fit
    self._final_estimator.fit(Xt, y, **last_step_params["fit"])
  File "/common/ketrong/tpotexp/env/lib/python3.10/site-packages/sklearn/base.py", line 1466, in wrapper
    estimator._validate_params()
  File "/common/ketrong/tpotexp/env/lib/python3.10/site-packages/sklearn/base.py", line 666, in _validate_params
    validate_parameter_constraints(
  File "/common/ketrong/tpotexp/env/lib/python3.10/site-packages/sklearn/utils/_param_validation.py", line 95, in validate_parameter_constraints
    raise InvalidParameterError(
sklearn.utils._param_validation.InvalidParameterError: The 'criterion' parameter of DecisionTreeRegressor must be a str among {'friedman_mse', 'poisson', 'absolute_error', 'squared_error'}. Got 'mae' instead.

Generation:  22
Best root_mean_squared_error score: -10.135778877655046
Generation:  88%| | 22/25 [1:25:16<13:44, 274.80s/it]WARNING THIS INDIVIDUAL CAUSED AND EXCEPTION 
 <tpot2.search_spaces.pipelines.sequential.SequentialPipelineIndividual object at 0x1554646397b0> 
 The 'criterion' parameter of RandomForestRegressor must be a str among {'friedman_mse', 'poisson', 'absolute_error', 'squared_error'}. Got 'mse' instead. 
 Traceback (most recent call last):
  File "/common/ketrong/tpotexp/tpot2/tpot2/utils/eval_utils.py", line 53, in objective_nan_wrapper
    value = func_timeout.func_timeout(timeout, objective_function, args=[individual], kwargs=objective_kwargs)
  File "/common/ketrong/tpotexp/env/lib/python3.10/site-packages/func_timeout/dafunc.py", line 108, in func_timeout
    raise_exception(exception)
  File "/common/ketrong/tpotexp/env/lib/python3.10/site-packages/func_timeout/py3_raise.py", line 7, in raise_exception
    raise exception[0] from None
  File "/common/ketrong/tpotexp/tpot2/tpot2/tpot_estimator/estimator.py", line 623, in objective_function
    return objective_function_generator(
  File "/common/ketrong/tpotexp/tpot2/tpot2/tpot_estimator/estimator_utils.py", line 55, in objective_function_generator
    cv_obj_scores = cross_val_score_objective(sklearn.base.clone(pipeline),x,y,scorers=scorers, cv=cv , fold=step)
  File "/common/ketrong/tpotexp/tpot2/tpot2/tpot_estimator/cross_val_utils.py", line 28, in cross_val_score_objective
    this_fold_pipeline.fit(X_train,y_train)
  File "/common/ketrong/tpotexp/env/lib/python3.10/site-packages/sklearn/base.py", line 1473, in wrapper
    return fit_method(estimator, *args, **kwargs)
  File "/common/ketrong/tpotexp/env/lib/python3.10/site-packages/sklearn/pipeline.py", line 473, in fit
    self._final_estimator.fit(Xt, y, **last_step_params["fit"])
  File "/common/ketrong/tpotexp/env/lib/python3.10/site-packages/sklearn/base.py", line 1466, in wrapper
    estimator._validate_params()
  File "/common/ketrong/tpotexp/env/lib/python3.10/site-packages/sklearn/base.py", line 666, in _validate_params
    validate_parameter_constraints(
  File "/common/ketrong/tpotexp/env/lib/python3.10/site-packages/sklearn/utils/_param_validation.py", line 95, in validate_parameter_constraints
    raise InvalidParameterError(
sklearn.utils._param_validation.InvalidParameterError: The 'criterion' parameter of RandomForestRegressor must be a str among {'friedman_mse', 'poisson', 'absolute_error', 'squared_error'}. Got 'mse' instead.

Generation:  23
Best root_mean_squared_error score: -10.135778877655046
Generation:  92%|| 23/25 [1:35:31<12:33, 376.94s/it]Generation:  24
Best root_mean_squared_error score: -10.135437454812806
Generation:  96%|| 24/25 [1:42:33<06:30, 390.30s/it]WARNING THIS INDIVIDUAL CAUSED AND EXCEPTION 
 <tpot2.search_spaces.pipelines.sequential.SequentialPipelineIndividual object at 0x1554677f0ac0> 
 The 'criterion' parameter of DecisionTreeRegressor must be a str among {'friedman_mse', 'poisson', 'absolute_error', 'squared_error'}. Got 'mae' instead. 
 Traceback (most recent call last):
  File "/common/ketrong/tpotexp/tpot2/tpot2/utils/eval_utils.py", line 53, in objective_nan_wrapper
    value = func_timeout.func_timeout(timeout, objective_function, args=[individual], kwargs=objective_kwargs)
  File "/common/ketrong/tpotexp/env/lib/python3.10/site-packages/func_timeout/dafunc.py", line 108, in func_timeout
    raise_exception(exception)
  File "/common/ketrong/tpotexp/env/lib/python3.10/site-packages/func_timeout/py3_raise.py", line 7, in raise_exception
    raise exception[0] from None
  File "/common/ketrong/tpotexp/tpot2/tpot2/tpot_estimator/estimator.py", line 623, in objective_function
    return objective_function_generator(
  File "/common/ketrong/tpotexp/tpot2/tpot2/tpot_estimator/estimator_utils.py", line 55, in objective_function_generator
    cv_obj_scores = cross_val_score_objective(sklearn.base.clone(pipeline),x,y,scorers=scorers, cv=cv , fold=step)
  File "/common/ketrong/tpotexp/tpot2/tpot2/tpot_estimator/cross_val_utils.py", line 28, in cross_val_score_objective
    this_fold_pipeline.fit(X_train,y_train)
  File "/common/ketrong/tpotexp/env/lib/python3.10/site-packages/sklearn/base.py", line 1473, in wrapper
    return fit_method(estimator, *args, **kwargs)
  File "/common/ketrong/tpotexp/env/lib/python3.10/site-packages/sklearn/pipeline.py", line 473, in fit
    self._final_estimator.fit(Xt, y, **last_step_params["fit"])
  File "/common/ketrong/tpotexp/env/lib/python3.10/site-packages/sklearn/base.py", line 1466, in wrapper
    estimator._validate_params()
  File "/common/ketrong/tpotexp/env/lib/python3.10/site-packages/sklearn/base.py", line 666, in _validate_params
    validate_parameter_constraints(
  File "/common/ketrong/tpotexp/env/lib/python3.10/site-packages/sklearn/utils/_param_validation.py", line 95, in validate_parameter_constraints
    raise InvalidParameterError(
sklearn.utils._param_validation.InvalidParameterError: The 'criterion' parameter of DecisionTreeRegressor must be a str among {'friedman_mse', 'poisson', 'absolute_error', 'squared_error'}. Got 'mae' instead.

Generation:  25
Best root_mean_squared_error score: -10.135437454812806
Generation: 100%|| 25/25 [1:49:31<00:00, 398.73s/it]Generation: 100%|| 25/25 [1:49:50<00:00, 263.62s/it]
2024-10-03 06:58:15,802 - distributed.scheduler - ERROR - Removing worker 'tcp://127.0.0.1:40915' caused the cluster to lose scattered data, which can't be recovered: {'DataFrame-9b492617203538632e42fe3a58de2d85', 'ndarray-f4da213554cb8bbc0cbefdea11cb8f71'} (stimulus_id='handle-worker-cleanup-1727963895.8023658')
Fitted
Pipeline(steps=[('lgbmregressor',
                 LGBMRegressor(boosting_type='goss', max_depth=7,
                               n_estimators=85, n_jobs=1, num_leaves=4,
                               verbose=-1))])
score start
train score: {'explained_var': 0.051308468376647376, 'r2': 0.05130836604474698, 'rmse': 10.112602037588799}
original test score: {'explained_var': 0.007032483238857634, 'r2': -0.03854955314957009, 'rmse': 10.611554465849887}
imputed test score: {'explained_var': 0.0019740777891281702, 'r2': 0.0019310730004671317, 'rmse': 10.402690158644221}
score end
check intended
EXP2 Finished
running experiment 3/3 - What is the best automl settings?
<tpot2.search_spaces.pipelines.sequential.SequentialPipeline object at 0x155432667fd0>
Start tpot fit
Version 0.1.7a0 of tpot2 is outdated. Version 0.1.8a0 was released Tuesday September 17, 2024.
Version 0.1.7a0 of tpot2 is outdated. Version 0.1.8a0 was released Tuesday September 17, 2024.
Version 0.1.7a0 of tpot2 is outdated. Version 0.1.8a0 was released Tuesday September 17, 2024.
Version 0.1.7a0 of tpot2 is outdated. Version 0.1.8a0 was released Tuesday September 17, 2024.
Version 0.1.7a0 of tpot2 is outdated. Version 0.1.8a0 was released Tuesday September 17, 2024.
Version 0.1.7a0 of tpot2 is outdated. Version 0.1.8a0 was released Tuesday September 17, 2024.
Version 0.1.7a0 of tpot2 is outdated. Version 0.1.8a0 was released Tuesday September 17, 2024.
Version 0.1.7a0 of tpot2 is outdated. Version 0.1.8a0 was released Tuesday September 17, 2024.
Version 0.1.7a0 of tpot2 is outdated. Version 0.1.8a0 was released Tuesday September 17, 2024.
Version 0.1.7a0 of tpot2 is outdated. Version 0.1.8a0 was released Tuesday September 17, 2024.
Version 0.1.7a0 of tpot2 is outdated. Version 0.1.8a0 was released Tuesday September 17, 2024.
Version 0.1.7a0 of tpot2 is outdated. Version 0.1.8a0 was released Tuesday September 17, 2024.
Version 0.1.7a0 of tpot2 is outdated. Version 0.1.8a0 was released Tuesday September 17, 2024.
Version 0.1.7a0 of tpot2 is outdated. Version 0.1.8a0 was released Tuesday September 17, 2024.
Version 0.1.7a0 of tpot2 is outdated. Version 0.1.8a0 was released Tuesday September 17, 2024.
Version 0.1.7a0 of tpot2 is outdated. Version 0.1.8a0 was released Tuesday September 17, 2024.
  0%|          | 0/25 [00:00<?, ?it/s]Generation:   0%|          | 0/25 [00:00<?, ?it/s]WARNING THIS INDIVIDUAL CAUSED AND EXCEPTION 
 <tpot2.search_spaces.pipelines.sequential.SequentialPipelineIndividual object at 0x1554746a0c40> 
 The 'criterion' parameter of RandomForestRegressor must be a str among {'friedman_mse', 'poisson', 'absolute_error', 'squared_error'}. Got 'mse' instead. 
 Traceback (most recent call last):
  File "/common/ketrong/tpotexp/tpot2/tpot2/utils/eval_utils.py", line 53, in objective_nan_wrapper
    value = func_timeout.func_timeout(timeout, objective_function, args=[individual], kwargs=objective_kwargs)
  File "/common/ketrong/tpotexp/env/lib/python3.10/site-packages/func_timeout/dafunc.py", line 108, in func_timeout
    raise_exception(exception)
  File "/common/ketrong/tpotexp/env/lib/python3.10/site-packages/func_timeout/py3_raise.py", line 7, in raise_exception
    raise exception[0] from None
  File "/common/ketrong/tpotexp/tpot2/tpot2/tpot_estimator/estimator.py", line 623, in objective_function
    return objective_function_generator(
  File "/common/ketrong/tpotexp/tpot2/tpot2/tpot_estimator/estimator_utils.py", line 55, in objective_function_generator
    cv_obj_scores = cross_val_score_objective(sklearn.base.clone(pipeline),x,y,scorers=scorers, cv=cv , fold=step)
  File "/common/ketrong/tpotexp/tpot2/tpot2/tpot_estimator/cross_val_utils.py", line 28, in cross_val_score_objective
    this_fold_pipeline.fit(X_train,y_train)
  File "/common/ketrong/tpotexp/env/lib/python3.10/site-packages/sklearn/base.py", line 1473, in wrapper
    return fit_method(estimator, *args, **kwargs)
  File "/common/ketrong/tpotexp/env/lib/python3.10/site-packages/sklearn/pipeline.py", line 473, in fit
    self._final_estimator.fit(Xt, y, **last_step_params["fit"])
  File "/common/ketrong/tpotexp/env/lib/python3.10/site-packages/sklearn/base.py", line 1466, in wrapper
    estimator._validate_params()
  File "/common/ketrong/tpotexp/env/lib/python3.10/site-packages/sklearn/base.py", line 666, in _validate_params
    validate_parameter_constraints(
  File "/common/ketrong/tpotexp/env/lib/python3.10/site-packages/sklearn/utils/_param_validation.py", line 95, in validate_parameter_constraints
    raise InvalidParameterError(
sklearn.utils._param_validation.InvalidParameterError: The 'criterion' parameter of RandomForestRegressor must be a str among {'friedman_mse', 'poisson', 'absolute_error', 'squared_error'}. Got 'mse' instead.

WARNING AN INDIVIDUAL TIMED OUT: 
 <tpot2.search_spaces.pipelines.sequential.SequentialPipelineIndividual object at 0x1554746a15a0> 

WARNING AN INDIVIDUAL TIMED OUT: 
 <tpot2.search_spaces.pipelines.sequential.SequentialPipelineIndividual object at 0x1554746a1840> 

WARNING AN INDIVIDUAL TIMED OUT: 
 <tpot2.search_spaces.pipelines.sequential.SequentialPipelineIndividual object at 0x1554746a0b20> 

WARNING AN INDIVIDUAL TIMED OUT: 
 <tpot2.search_spaces.pipelines.sequential.SequentialPipelineIndividual object at 0x1554746a4a60> 

WARNING AN INDIVIDUAL TIMED OUT: 
 <tpot2.search_spaces.pipelines.sequential.SequentialPipelineIndividual object at 0x1554746a0c40> 

Generation:  1
Best root_mean_squared_error score: -9.123385894190005
Generation:   4%|         | 1/25 [10:02<4:00:54, 602.26s/it]WARNING AN INDIVIDUAL TIMED OUT: 
 <tpot2.search_spaces.pipelines.sequential.SequentialPipelineIndividual object at 0x1554746f23b0> 

WARNING AN INDIVIDUAL TIMED OUT: 
 <tpot2.search_spaces.pipelines.sequential.SequentialPipelineIndividual object at 0x155467f26b00> 

Generation:  2
Best root_mean_squared_error score: -9.123385894190005
Generation:   8%|         | 2/25 [20:06<3:51:14, 603.24s/it]WARNING THIS INDIVIDUAL CAUSED AND EXCEPTION 
 <tpot2.search_spaces.pipelines.sequential.SequentialPipelineIndividual object at 0x1554746f5780> 
 Input X contains NaN.
AdaBoostRegressor does not accept missing values encoded as NaN natively. For supervised learning, you might want to consider sklearn.ensemble.HistGradientBoostingClassifier and Regressor which accept missing values encoded as NaNs natively. Alternatively, it is possible to preprocess the data, for instance by using an imputer transformer in a pipeline or drop samples with missing values. See https://scikit-learn.org/stable/modules/impute.html You can find a list of all estimators that handle NaN values at the following page: https://scikit-learn.org/stable/modules/impute.html#estimators-that-handle-nan-values 
 Traceback (most recent call last):
  File "/common/ketrong/tpotexp/tpot2/tpot2/utils/eval_utils.py", line 53, in objective_nan_wrapper
    value = func_timeout.func_timeout(timeout, objective_function, args=[individual], kwargs=objective_kwargs)
  File "/common/ketrong/tpotexp/env/lib/python3.10/site-packages/func_timeout/dafunc.py", line 108, in func_timeout
    raise_exception(exception)
  File "/common/ketrong/tpotexp/env/lib/python3.10/site-packages/func_timeout/py3_raise.py", line 7, in raise_exception
    raise exception[0] from None
  File "/common/ketrong/tpotexp/tpot2/tpot2/tpot_estimator/estimator.py", line 623, in objective_function
    return objective_function_generator(
  File "/common/ketrong/tpotexp/tpot2/tpot2/tpot_estimator/estimator_utils.py", line 55, in objective_function_generator
    cv_obj_scores = cross_val_score_objective(sklearn.base.clone(pipeline),x,y,scorers=scorers, cv=cv , fold=step)
  File "/common/ketrong/tpotexp/tpot2/tpot2/tpot_estimator/cross_val_utils.py", line 28, in cross_val_score_objective
    this_fold_pipeline.fit(X_train,y_train)
  File "/common/ketrong/tpotexp/env/lib/python3.10/site-packages/sklearn/base.py", line 1473, in wrapper
    return fit_method(estimator, *args, **kwargs)
  File "/common/ketrong/tpotexp/env/lib/python3.10/site-packages/sklearn/pipeline.py", line 473, in fit
    self._final_estimator.fit(Xt, y, **last_step_params["fit"])
  File "/common/ketrong/tpotexp/env/lib/python3.10/site-packages/sklearn/base.py", line 1473, in wrapper
    return fit_method(estimator, *args, **kwargs)
  File "/common/ketrong/tpotexp/env/lib/python3.10/site-packages/sklearn/ensemble/_weight_boosting.py", line 133, in fit
    X, y = self._validate_data(
  File "/common/ketrong/tpotexp/env/lib/python3.10/site-packages/sklearn/base.py", line 650, in _validate_data
    X, y = check_X_y(X, y, **check_params)
  File "/common/ketrong/tpotexp/env/lib/python3.10/site-packages/sklearn/utils/validation.py", line 1301, in check_X_y
    X = check_array(
  File "/common/ketrong/tpotexp/env/lib/python3.10/site-packages/sklearn/utils/validation.py", line 1064, in check_array
    _assert_all_finite(
  File "/common/ketrong/tpotexp/env/lib/python3.10/site-packages/sklearn/utils/validation.py", line 123, in _assert_all_finite
    _assert_all_finite_element_wise(
  File "/common/ketrong/tpotexp/env/lib/python3.10/site-packages/sklearn/utils/validation.py", line 172, in _assert_all_finite_element_wise
    raise ValueError(msg_err)
ValueError: Input X contains NaN.
AdaBoostRegressor does not accept missing values encoded as NaN natively. For supervised learning, you might want to consider sklearn.ensemble.HistGradientBoostingClassifier and Regressor which accept missing values encoded as NaNs natively. Alternatively, it is possible to preprocess the data, for instance by using an imputer transformer in a pipeline or drop samples with missing values. See https://scikit-learn.org/stable/modules/impute.html You can find a list of all estimators that handle NaN values at the following page: https://scikit-learn.org/stable/modules/impute.html#estimators-that-handle-nan-values

WARNING AN INDIVIDUAL TIMED OUT: 
 <tpot2.search_spaces.pipelines.sequential.SequentialPipelineIndividual object at 0x155467d85c90> 

Generation:  3
Best root_mean_squared_error score: -9.123385894190005
Generation:  12%|        | 3/25 [30:10<3:41:18, 603.57s/it]WARNING THIS INDIVIDUAL CAUSED AND EXCEPTION 
 <tpot2.search_spaces.pipelines.sequential.SequentialPipelineIndividual object at 0x15546481ba90> 
 The 'criterion' parameter of RandomForestRegressor must be a str among {'friedman_mse', 'poisson', 'absolute_error', 'squared_error'}. Got 'mae' instead. 
 Traceback (most recent call last):
  File "/common/ketrong/tpotexp/tpot2/tpot2/utils/eval_utils.py", line 53, in objective_nan_wrapper
    value = func_timeout.func_timeout(timeout, objective_function, args=[individual], kwargs=objective_kwargs)
  File "/common/ketrong/tpotexp/env/lib/python3.10/site-packages/func_timeout/dafunc.py", line 108, in func_timeout
    raise_exception(exception)
  File "/common/ketrong/tpotexp/env/lib/python3.10/site-packages/func_timeout/py3_raise.py", line 7, in raise_exception
    raise exception[0] from None
  File "/common/ketrong/tpotexp/tpot2/tpot2/tpot_estimator/estimator.py", line 623, in objective_function
    return objective_function_generator(
  File "/common/ketrong/tpotexp/tpot2/tpot2/tpot_estimator/estimator_utils.py", line 55, in objective_function_generator
    cv_obj_scores = cross_val_score_objective(sklearn.base.clone(pipeline),x,y,scorers=scorers, cv=cv , fold=step)
  File "/common/ketrong/tpotexp/tpot2/tpot2/tpot_estimator/cross_val_utils.py", line 28, in cross_val_score_objective
    this_fold_pipeline.fit(X_train,y_train)
  File "/common/ketrong/tpotexp/env/lib/python3.10/site-packages/sklearn/base.py", line 1473, in wrapper
    return fit_method(estimator, *args, **kwargs)
  File "/common/ketrong/tpotexp/env/lib/python3.10/site-packages/sklearn/pipeline.py", line 473, in fit
    self._final_estimator.fit(Xt, y, **last_step_params["fit"])
  File "/common/ketrong/tpotexp/env/lib/python3.10/site-packages/sklearn/base.py", line 1466, in wrapper
    estimator._validate_params()
  File "/common/ketrong/tpotexp/env/lib/python3.10/site-packages/sklearn/base.py", line 666, in _validate_params
    validate_parameter_constraints(
  File "/common/ketrong/tpotexp/env/lib/python3.10/site-packages/sklearn/utils/_param_validation.py", line 95, in validate_parameter_constraints
    raise InvalidParameterError(
sklearn.utils._param_validation.InvalidParameterError: The 'criterion' parameter of RandomForestRegressor must be a str among {'friedman_mse', 'poisson', 'absolute_error', 'squared_error'}. Got 'mae' instead.

WARNING AN INDIVIDUAL TIMED OUT: 
 <tpot2.search_spaces.pipelines.sequential.SequentialPipelineIndividual object at 0x155467f04a90> 

Generation:  4
Best root_mean_squared_error score: -9.123385894190005
Generation:  16%|        | 4/25 [40:14<3:31:18, 603.75s/it]WARNING THIS INDIVIDUAL CAUSED AND EXCEPTION 
 <tpot2.search_spaces.pipelines.sequential.SequentialPipelineIndividual object at 0x15546526bee0> 
 The 'criterion' parameter of RandomForestRegressor must be a str among {'friedman_mse', 'poisson', 'absolute_error', 'squared_error'}. Got 'mae' instead. 
 Traceback (most recent call last):
  File "/common/ketrong/tpotexp/tpot2/tpot2/utils/eval_utils.py", line 53, in objective_nan_wrapper
    value = func_timeout.func_timeout(timeout, objective_function, args=[individual], kwargs=objective_kwargs)
  File "/common/ketrong/tpotexp/env/lib/python3.10/site-packages/func_timeout/dafunc.py", line 108, in func_timeout
    raise_exception(exception)
  File "/common/ketrong/tpotexp/env/lib/python3.10/site-packages/func_timeout/py3_raise.py", line 7, in raise_exception
    raise exception[0] from None
  File "/common/ketrong/tpotexp/tpot2/tpot2/tpot_estimator/estimator.py", line 623, in objective_function
    return objective_function_generator(
  File "/common/ketrong/tpotexp/tpot2/tpot2/tpot_estimator/estimator_utils.py", line 55, in objective_function_generator
    cv_obj_scores = cross_val_score_objective(sklearn.base.clone(pipeline),x,y,scorers=scorers, cv=cv , fold=step)
  File "/common/ketrong/tpotexp/tpot2/tpot2/tpot_estimator/cross_val_utils.py", line 28, in cross_val_score_objective
    this_fold_pipeline.fit(X_train,y_train)
  File "/common/ketrong/tpotexp/env/lib/python3.10/site-packages/sklearn/base.py", line 1473, in wrapper
    return fit_method(estimator, *args, **kwargs)
  File "/common/ketrong/tpotexp/env/lib/python3.10/site-packages/sklearn/pipeline.py", line 473, in fit
    self._final_estimator.fit(Xt, y, **last_step_params["fit"])
  File "/common/ketrong/tpotexp/env/lib/python3.10/site-packages/sklearn/base.py", line 1466, in wrapper
    estimator._validate_params()
  File "/common/ketrong/tpotexp/env/lib/python3.10/site-packages/sklearn/base.py", line 666, in _validate_params
    validate_parameter_constraints(
  File "/common/ketrong/tpotexp/env/lib/python3.10/site-packages/sklearn/utils/_param_validation.py", line 95, in validate_parameter_constraints
    raise InvalidParameterError(
sklearn.utils._param_validation.InvalidParameterError: The 'criterion' parameter of RandomForestRegressor must be a str among {'friedman_mse', 'poisson', 'absolute_error', 'squared_error'}. Got 'mae' instead.

WARNING THIS INDIVIDUAL CAUSED AND EXCEPTION 
 <tpot2.search_spaces.pipelines.sequential.SequentialPipelineIndividual object at 0x1554665999f0> 
 The 'criterion' parameter of DecisionTreeRegressor must be a str among {'friedman_mse', 'poisson', 'absolute_error', 'squared_error'}. Got 'mae' instead. 
 Traceback (most recent call last):
  File "/common/ketrong/tpotexp/tpot2/tpot2/utils/eval_utils.py", line 53, in objective_nan_wrapper
    value = func_timeout.func_timeout(timeout, objective_function, args=[individual], kwargs=objective_kwargs)
  File "/common/ketrong/tpotexp/env/lib/python3.10/site-packages/func_timeout/dafunc.py", line 108, in func_timeout
    raise_exception(exception)
  File "/common/ketrong/tpotexp/env/lib/python3.10/site-packages/func_timeout/py3_raise.py", line 7, in raise_exception
    raise exception[0] from None
  File "/common/ketrong/tpotexp/tpot2/tpot2/tpot_estimator/estimator.py", line 623, in objective_function
    return objective_function_generator(
  File "/common/ketrong/tpotexp/tpot2/tpot2/tpot_estimator/estimator_utils.py", line 55, in objective_function_generator
    cv_obj_scores = cross_val_score_objective(sklearn.base.clone(pipeline),x,y,scorers=scorers, cv=cv , fold=step)
  File "/common/ketrong/tpotexp/tpot2/tpot2/tpot_estimator/cross_val_utils.py", line 28, in cross_val_score_objective
    this_fold_pipeline.fit(X_train,y_train)
  File "/common/ketrong/tpotexp/env/lib/python3.10/site-packages/sklearn/base.py", line 1473, in wrapper
    return fit_method(estimator, *args, **kwargs)
  File "/common/ketrong/tpotexp/env/lib/python3.10/site-packages/sklearn/pipeline.py", line 473, in fit
    self._final_estimator.fit(Xt, y, **last_step_params["fit"])
  File "/common/ketrong/tpotexp/env/lib/python3.10/site-packages/sklearn/base.py", line 1466, in wrapper
    estimator._validate_params()
  File "/common/ketrong/tpotexp/env/lib/python3.10/site-packages/sklearn/base.py", line 666, in _validate_params
    validate_parameter_constraints(
  File "/common/ketrong/tpotexp/env/lib/python3.10/site-packages/sklearn/utils/_param_validation.py", line 95, in validate_parameter_constraints
    raise InvalidParameterError(
sklearn.utils._param_validation.InvalidParameterError: The 'criterion' parameter of DecisionTreeRegressor must be a str among {'friedman_mse', 'poisson', 'absolute_error', 'squared_error'}. Got 'mae' instead.

WARNING THIS INDIVIDUAL CAUSED AND EXCEPTION 
 <tpot2.search_spaces.pipelines.sequential.SequentialPipelineIndividual object at 0x1554643a6110> 
 The 'criterion' parameter of RandomForestRegressor must be a str among {'friedman_mse', 'poisson', 'absolute_error', 'squared_error'}. Got 'mse' instead. 
 Traceback (most recent call last):
  File "/common/ketrong/tpotexp/tpot2/tpot2/utils/eval_utils.py", line 53, in objective_nan_wrapper
    value = func_timeout.func_timeout(timeout, objective_function, args=[individual], kwargs=objective_kwargs)
  File "/common/ketrong/tpotexp/env/lib/python3.10/site-packages/func_timeout/dafunc.py", line 108, in func_timeout
    raise_exception(exception)
  File "/common/ketrong/tpotexp/env/lib/python3.10/site-packages/func_timeout/py3_raise.py", line 7, in raise_exception
    raise exception[0] from None
  File "/common/ketrong/tpotexp/tpot2/tpot2/tpot_estimator/estimator.py", line 623, in objective_function
    return objective_function_generator(
  File "/common/ketrong/tpotexp/tpot2/tpot2/tpot_estimator/estimator_utils.py", line 55, in objective_function_generator
    cv_obj_scores = cross_val_score_objective(sklearn.base.clone(pipeline),x,y,scorers=scorers, cv=cv , fold=step)
  File "/common/ketrong/tpotexp/tpot2/tpot2/tpot_estimator/cross_val_utils.py", line 28, in cross_val_score_objective
    this_fold_pipeline.fit(X_train,y_train)
  File "/common/ketrong/tpotexp/env/lib/python3.10/site-packages/sklearn/base.py", line 1473, in wrapper
    return fit_method(estimator, *args, **kwargs)
  File "/common/ketrong/tpotexp/env/lib/python3.10/site-packages/sklearn/pipeline.py", line 473, in fit
    self._final_estimator.fit(Xt, y, **last_step_params["fit"])
  File "/common/ketrong/tpotexp/env/lib/python3.10/site-packages/sklearn/base.py", line 1466, in wrapper
    estimator._validate_params()
  File "/common/ketrong/tpotexp/env/lib/python3.10/site-packages/sklearn/base.py", line 666, in _validate_params
    validate_parameter_constraints(
  File "/common/ketrong/tpotexp/env/lib/python3.10/site-packages/sklearn/utils/_param_validation.py", line 95, in validate_parameter_constraints
    raise InvalidParameterError(
sklearn.utils._param_validation.InvalidParameterError: The 'criterion' parameter of RandomForestRegressor must be a str among {'friedman_mse', 'poisson', 'absolute_error', 'squared_error'}. Got 'mse' instead.

WARNING AN INDIVIDUAL TIMED OUT: 
 <tpot2.search_spaces.pipelines.sequential.SequentialPipelineIndividual object at 0x1554109bc2b0> 

WARNING AN INDIVIDUAL TIMED OUT: 
 <tpot2.search_spaces.pipelines.sequential.SequentialPipelineIndividual object at 0x155467bface0> 

Generation:  5
Best root_mean_squared_error score: -9.123385894190005
Generation:  20%|        | 5/25 [50:18<3:21:15, 603.80s/it]WARNING AN INDIVIDUAL TIMED OUT: 
 <tpot2.search_spaces.pipelines.sequential.SequentialPipelineIndividual object at 0x1554109bdba0> 

WARNING AN INDIVIDUAL TIMED OUT: 
 <tpot2.search_spaces.pipelines.sequential.SequentialPipelineIndividual object at 0x155467d38d30> 

Generation:  6
Best root_mean_squared_error score: -9.059341912063962
Generation:  24%|       | 6/25 [1:00:21<3:11:11, 603.74s/it]WARNING AN INDIVIDUAL TIMED OUT: 
 <tpot2.search_spaces.pipelines.sequential.SequentialPipelineIndividual object at 0x155467e75c00> 

WARNING AN INDIVIDUAL TIMED OUT: 
 <tpot2.search_spaces.pipelines.sequential.SequentialPipelineIndividual object at 0x1554547e6a40> 

Generation:  7
Best root_mean_squared_error score: -8.985026066694422
Generation:  28%|       | 7/25 [1:10:25<3:01:09, 603.84s/it]WARNING AN INDIVIDUAL TIMED OUT: 
 <tpot2.search_spaces.pipelines.sequential.SequentialPipelineIndividual object at 0x155467fa6ec0> 

Generation:  8
Best root_mean_squared_error score: -8.985026066694422
Generation:  32%|      | 8/25 [1:20:29<2:51:06, 603.92s/it]WARNING AN INDIVIDUAL TIMED OUT: 
 <tpot2.search_spaces.pipelines.sequential.SequentialPipelineIndividual object at 0x15546484a800> 

WARNING AN INDIVIDUAL TIMED OUT: 
 <tpot2.search_spaces.pipelines.sequential.SequentialPipelineIndividual object at 0x1554659d1750> 

Generation:  9
Best root_mean_squared_error score: -8.985026066694422
Generation:  36%|      | 9/25 [1:30:33<2:41:00, 603.80s/it]WARNING THIS INDIVIDUAL CAUSED AND EXCEPTION 
 <tpot2.search_spaces.pipelines.sequential.SequentialPipelineIndividual object at 0x155467ce2bc0> 
 The 'criterion' parameter of RandomForestRegressor must be a str among {'friedman_mse', 'poisson', 'absolute_error', 'squared_error'}. Got 'mae' instead. 
 Traceback (most recent call last):
  File "/common/ketrong/tpotexp/tpot2/tpot2/utils/eval_utils.py", line 53, in objective_nan_wrapper
    value = func_timeout.func_timeout(timeout, objective_function, args=[individual], kwargs=objective_kwargs)
  File "/common/ketrong/tpotexp/env/lib/python3.10/site-packages/func_timeout/dafunc.py", line 108, in func_timeout
    raise_exception(exception)
  File "/common/ketrong/tpotexp/env/lib/python3.10/site-packages/func_timeout/py3_raise.py", line 7, in raise_exception
    raise exception[0] from None
  File "/common/ketrong/tpotexp/tpot2/tpot2/tpot_estimator/estimator.py", line 623, in objective_function
    return objective_function_generator(
  File "/common/ketrong/tpotexp/tpot2/tpot2/tpot_estimator/estimator_utils.py", line 55, in objective_function_generator
    cv_obj_scores = cross_val_score_objective(sklearn.base.clone(pipeline),x,y,scorers=scorers, cv=cv , fold=step)
  File "/common/ketrong/tpotexp/tpot2/tpot2/tpot_estimator/cross_val_utils.py", line 28, in cross_val_score_objective
    this_fold_pipeline.fit(X_train,y_train)
  File "/common/ketrong/tpotexp/env/lib/python3.10/site-packages/sklearn/base.py", line 1473, in wrapper
    return fit_method(estimator, *args, **kwargs)
  File "/common/ketrong/tpotexp/env/lib/python3.10/site-packages/sklearn/pipeline.py", line 473, in fit
    self._final_estimator.fit(Xt, y, **last_step_params["fit"])
  File "/common/ketrong/tpotexp/env/lib/python3.10/site-packages/sklearn/base.py", line 1466, in wrapper
    estimator._validate_params()
  File "/common/ketrong/tpotexp/env/lib/python3.10/site-packages/sklearn/base.py", line 666, in _validate_params
    validate_parameter_constraints(
  File "/common/ketrong/tpotexp/env/lib/python3.10/site-packages/sklearn/utils/_param_validation.py", line 95, in validate_parameter_constraints
    raise InvalidParameterError(
sklearn.utils._param_validation.InvalidParameterError: The 'criterion' parameter of RandomForestRegressor must be a str among {'friedman_mse', 'poisson', 'absolute_error', 'squared_error'}. Got 'mae' instead.

WARNING AN INDIVIDUAL TIMED OUT: 
 <tpot2.search_spaces.pipelines.sequential.SequentialPipelineIndividual object at 0x15546768d270> 

Generation:  10
Best root_mean_squared_error score: -8.985026066694422
Generation:  40%|      | 10/25 [1:40:38<2:31:00, 604.06s/it]WARNING AN INDIVIDUAL TIMED OUT: 
 <tpot2.search_spaces.pipelines.sequential.SequentialPipelineIndividual object at 0x155309ccf970> 

WARNING AN INDIVIDUAL TIMED OUT: 
 <tpot2.search_spaces.pipelines.sequential.SequentialPipelineIndividual object at 0x155474730b20> 

WARNING AN INDIVIDUAL TIMED OUT: 
 <tpot2.search_spaces.pipelines.sequential.SequentialPipelineIndividual object at 0x155465548460> 

WARNING AN INDIVIDUAL TIMED OUT: 
 <tpot2.search_spaces.pipelines.sequential.SequentialPipelineIndividual object at 0x1554647ea9b0> 

Generation:  11
Best root_mean_squared_error score: -8.985026066694422
Generation:  44%|     | 11/25 [1:50:41<2:20:55, 603.96s/it]WARNING AN INDIVIDUAL TIMED OUT: 
 <tpot2.search_spaces.pipelines.sequential.SequentialPipelineIndividual object at 0x1554647c8eb0> 

WARNING AN INDIVIDUAL TIMED OUT: 
 <tpot2.search_spaces.pipelines.sequential.SequentialPipelineIndividual object at 0x1554746f1a80> 

Generation:  12
Best root_mean_squared_error score: -8.981974077793362
Generation:  48%|     | 12/25 [2:00:47<2:10:57, 604.44s/it]WARNING THIS INDIVIDUAL CAUSED AND EXCEPTION 
 <tpot2.search_spaces.pipelines.sequential.SequentialPipelineIndividual object at 0x155467eb2ef0> 
 The 'criterion' parameter of ExtraTreesRegressor must be a str among {'friedman_mse', 'poisson', 'absolute_error', 'squared_error'}. Got 'mae' instead. 
 Traceback (most recent call last):
  File "/common/ketrong/tpotexp/tpot2/tpot2/utils/eval_utils.py", line 53, in objective_nan_wrapper
    value = func_timeout.func_timeout(timeout, objective_function, args=[individual], kwargs=objective_kwargs)
  File "/common/ketrong/tpotexp/env/lib/python3.10/site-packages/func_timeout/dafunc.py", line 108, in func_timeout
    raise_exception(exception)
  File "/common/ketrong/tpotexp/env/lib/python3.10/site-packages/func_timeout/py3_raise.py", line 7, in raise_exception
    raise exception[0] from None
  File "/common/ketrong/tpotexp/tpot2/tpot2/tpot_estimator/estimator.py", line 623, in objective_function
    return objective_function_generator(
  File "/common/ketrong/tpotexp/tpot2/tpot2/tpot_estimator/estimator_utils.py", line 55, in objective_function_generator
    cv_obj_scores = cross_val_score_objective(sklearn.base.clone(pipeline),x,y,scorers=scorers, cv=cv , fold=step)
  File "/common/ketrong/tpotexp/tpot2/tpot2/tpot_estimator/cross_val_utils.py", line 28, in cross_val_score_objective
    this_fold_pipeline.fit(X_train,y_train)
  File "/common/ketrong/tpotexp/env/lib/python3.10/site-packages/sklearn/base.py", line 1473, in wrapper
    return fit_method(estimator, *args, **kwargs)
  File "/common/ketrong/tpotexp/env/lib/python3.10/site-packages/sklearn/pipeline.py", line 473, in fit
    self._final_estimator.fit(Xt, y, **last_step_params["fit"])
  File "/common/ketrong/tpotexp/env/lib/python3.10/site-packages/sklearn/base.py", line 1466, in wrapper
    estimator._validate_params()
  File "/common/ketrong/tpotexp/env/lib/python3.10/site-packages/sklearn/base.py", line 666, in _validate_params
    validate_parameter_constraints(
  File "/common/ketrong/tpotexp/env/lib/python3.10/site-packages/sklearn/utils/_param_validation.py", line 95, in validate_parameter_constraints
    raise InvalidParameterError(
sklearn.utils._param_validation.InvalidParameterError: The 'criterion' parameter of ExtraTreesRegressor must be a str among {'friedman_mse', 'poisson', 'absolute_error', 'squared_error'}. Got 'mae' instead.

WARNING AN INDIVIDUAL TIMED OUT: 
 <tpot2.search_spaces.pipelines.sequential.SequentialPipelineIndividual object at 0x15546798d1e0> 

Generation:  13
Best root_mean_squared_error score: -8.981974077793362
Generation:  52%|    | 13/25 [2:10:51<2:00:51, 604.32s/it]WARNING AN INDIVIDUAL TIMED OUT: 
 <tpot2.search_spaces.pipelines.sequential.SequentialPipelineIndividual object at 0x155474731a80> 

WARNING AN INDIVIDUAL TIMED OUT: 
 <tpot2.search_spaces.pipelines.sequential.SequentialPipelineIndividual object at 0x15546651c760> 

WARNING AN INDIVIDUAL TIMED OUT: 
 <tpot2.search_spaces.pipelines.sequential.SequentialPipelineIndividual object at 0x1554524c8490> 

Generation:  14
Best root_mean_squared_error score: -8.978987671947653
Generation:  56%|    | 14/25 [2:20:57<1:50:53, 604.83s/it]WARNING THIS INDIVIDUAL CAUSED AND EXCEPTION 
 <tpot2.search_spaces.pipelines.sequential.SequentialPipelineIndividual object at 0x155467b15390> 
 The 'criterion' parameter of ExtraTreesRegressor must be a str among {'friedman_mse', 'poisson', 'absolute_error', 'squared_error'}. Got 'mae' instead. 
 Traceback (most recent call last):
  File "/common/ketrong/tpotexp/tpot2/tpot2/utils/eval_utils.py", line 53, in objective_nan_wrapper
    value = func_timeout.func_timeout(timeout, objective_function, args=[individual], kwargs=objective_kwargs)
  File "/common/ketrong/tpotexp/env/lib/python3.10/site-packages/func_timeout/dafunc.py", line 108, in func_timeout
    raise_exception(exception)
  File "/common/ketrong/tpotexp/env/lib/python3.10/site-packages/func_timeout/py3_raise.py", line 7, in raise_exception
    raise exception[0] from None
  File "/common/ketrong/tpotexp/tpot2/tpot2/tpot_estimator/estimator.py", line 623, in objective_function
    return objective_function_generator(
  File "/common/ketrong/tpotexp/tpot2/tpot2/tpot_estimator/estimator_utils.py", line 55, in objective_function_generator
    cv_obj_scores = cross_val_score_objective(sklearn.base.clone(pipeline),x,y,scorers=scorers, cv=cv , fold=step)
  File "/common/ketrong/tpotexp/tpot2/tpot2/tpot_estimator/cross_val_utils.py", line 28, in cross_val_score_objective
    this_fold_pipeline.fit(X_train,y_train)
  File "/common/ketrong/tpotexp/env/lib/python3.10/site-packages/sklearn/base.py", line 1473, in wrapper
    return fit_method(estimator, *args, **kwargs)
  File "/common/ketrong/tpotexp/env/lib/python3.10/site-packages/sklearn/pipeline.py", line 473, in fit
    self._final_estimator.fit(Xt, y, **last_step_params["fit"])
  File "/common/ketrong/tpotexp/env/lib/python3.10/site-packages/sklearn/base.py", line 1466, in wrapper
    estimator._validate_params()
  File "/common/ketrong/tpotexp/env/lib/python3.10/site-packages/sklearn/base.py", line 666, in _validate_params
    validate_parameter_constraints(
  File "/common/ketrong/tpotexp/env/lib/python3.10/site-packages/sklearn/utils/_param_validation.py", line 95, in validate_parameter_constraints
    raise InvalidParameterError(
sklearn.utils._param_validation.InvalidParameterError: The 'criterion' parameter of ExtraTreesRegressor must be a str among {'friedman_mse', 'poisson', 'absolute_error', 'squared_error'}. Got 'mae' instead.

WARNING AN INDIVIDUAL TIMED OUT: 
 <tpot2.search_spaces.pipelines.sequential.SequentialPipelineIndividual object at 0x155467ab4070> 

Generation:  15
Best root_mean_squared_error score: -8.978987671947653
Generation:  60%|    | 15/25 [2:31:01<1:40:46, 604.61s/it]WARNING AN INDIVIDUAL TIMED OUT: 
 <tpot2.search_spaces.pipelines.sequential.SequentialPipelineIndividual object at 0x155309ccc1f0> 

Generation:  16
Best root_mean_squared_error score: -8.978987671947653
Generation:  64%|   | 16/25 [2:41:06<1:30:43, 604.83s/it]WARNING THIS INDIVIDUAL CAUSED AND EXCEPTION 
 <tpot2.search_spaces.pipelines.sequential.SequentialPipelineIndividual object at 0x15546690af20> 
 The 'criterion' parameter of ExtraTreesRegressor must be a str among {'friedman_mse', 'poisson', 'absolute_error', 'squared_error'}. Got 'mae' instead. 
 Traceback (most recent call last):
  File "/common/ketrong/tpotexp/tpot2/tpot2/utils/eval_utils.py", line 53, in objective_nan_wrapper
    value = func_timeout.func_timeout(timeout, objective_function, args=[individual], kwargs=objective_kwargs)
  File "/common/ketrong/tpotexp/env/lib/python3.10/site-packages/func_timeout/dafunc.py", line 108, in func_timeout
    raise_exception(exception)
  File "/common/ketrong/tpotexp/env/lib/python3.10/site-packages/func_timeout/py3_raise.py", line 7, in raise_exception
    raise exception[0] from None
  File "/common/ketrong/tpotexp/tpot2/tpot2/tpot_estimator/estimator.py", line 623, in objective_function
    return objective_function_generator(
  File "/common/ketrong/tpotexp/tpot2/tpot2/tpot_estimator/estimator_utils.py", line 55, in objective_function_generator
    cv_obj_scores = cross_val_score_objective(sklearn.base.clone(pipeline),x,y,scorers=scorers, cv=cv , fold=step)
  File "/common/ketrong/tpotexp/tpot2/tpot2/tpot_estimator/cross_val_utils.py", line 28, in cross_val_score_objective
    this_fold_pipeline.fit(X_train,y_train)
  File "/common/ketrong/tpotexp/env/lib/python3.10/site-packages/sklearn/base.py", line 1473, in wrapper
    return fit_method(estimator, *args, **kwargs)
  File "/common/ketrong/tpotexp/env/lib/python3.10/site-packages/sklearn/pipeline.py", line 473, in fit
    self._final_estimator.fit(Xt, y, **last_step_params["fit"])
  File "/common/ketrong/tpotexp/env/lib/python3.10/site-packages/sklearn/base.py", line 1466, in wrapper
    estimator._validate_params()
  File "/common/ketrong/tpotexp/env/lib/python3.10/site-packages/sklearn/base.py", line 666, in _validate_params
    validate_parameter_constraints(
  File "/common/ketrong/tpotexp/env/lib/python3.10/site-packages/sklearn/utils/_param_validation.py", line 95, in validate_parameter_constraints
    raise InvalidParameterError(
sklearn.utils._param_validation.InvalidParameterError: The 'criterion' parameter of ExtraTreesRegressor must be a str among {'friedman_mse', 'poisson', 'absolute_error', 'squared_error'}. Got 'mae' instead.

Generation:  17
Best root_mean_squared_error score: -8.978987671947653
Generation:  68%|   | 17/25 [2:41:49<58:07, 435.92s/it]  WARNING AN INDIVIDUAL TIMED OUT: 
 <tpot2.search_spaces.pipelines.sequential.SequentialPipelineIndividual object at 0x155465b98df0> 

WARNING AN INDIVIDUAL TIMED OUT: 
 <tpot2.search_spaces.pipelines.sequential.SequentialPipelineIndividual object at 0x155467651ea0> 

Generation:  18
Best root_mean_squared_error score: -8.978705371434947
Generation:  72%|  | 18/25 [2:51:55<56:48, 486.97s/it]WARNING THIS INDIVIDUAL CAUSED AND EXCEPTION 
 <tpot2.search_spaces.pipelines.sequential.SequentialPipelineIndividual object at 0x155467118d90> 
 The 'criterion' parameter of DecisionTreeRegressor must be a str among {'friedman_mse', 'poisson', 'absolute_error', 'squared_error'}. Got 'mae' instead. 
 Traceback (most recent call last):
  File "/common/ketrong/tpotexp/tpot2/tpot2/utils/eval_utils.py", line 53, in objective_nan_wrapper
    value = func_timeout.func_timeout(timeout, objective_function, args=[individual], kwargs=objective_kwargs)
  File "/common/ketrong/tpotexp/env/lib/python3.10/site-packages/func_timeout/dafunc.py", line 108, in func_timeout
    raise_exception(exception)
  File "/common/ketrong/tpotexp/env/lib/python3.10/site-packages/func_timeout/py3_raise.py", line 7, in raise_exception
    raise exception[0] from None
  File "/common/ketrong/tpotexp/tpot2/tpot2/tpot_estimator/estimator.py", line 623, in objective_function
    return objective_function_generator(
  File "/common/ketrong/tpotexp/tpot2/tpot2/tpot_estimator/estimator_utils.py", line 55, in objective_function_generator
    cv_obj_scores = cross_val_score_objective(sklearn.base.clone(pipeline),x,y,scorers=scorers, cv=cv , fold=step)
  File "/common/ketrong/tpotexp/tpot2/tpot2/tpot_estimator/cross_val_utils.py", line 28, in cross_val_score_objective
    this_fold_pipeline.fit(X_train,y_train)
  File "/common/ketrong/tpotexp/env/lib/python3.10/site-packages/sklearn/base.py", line 1473, in wrapper
    return fit_method(estimator, *args, **kwargs)
  File "/common/ketrong/tpotexp/env/lib/python3.10/site-packages/sklearn/pipeline.py", line 473, in fit
    self._final_estimator.fit(Xt, y, **last_step_params["fit"])
  File "/common/ketrong/tpotexp/env/lib/python3.10/site-packages/sklearn/base.py", line 1466, in wrapper
    estimator._validate_params()
  File "/common/ketrong/tpotexp/env/lib/python3.10/site-packages/sklearn/base.py", line 666, in _validate_params
    validate_parameter_constraints(
  File "/common/ketrong/tpotexp/env/lib/python3.10/site-packages/sklearn/utils/_param_validation.py", line 95, in validate_parameter_constraints
    raise InvalidParameterError(
sklearn.utils._param_validation.InvalidParameterError: The 'criterion' parameter of DecisionTreeRegressor must be a str among {'friedman_mse', 'poisson', 'absolute_error', 'squared_error'}. Got 'mae' instead.

WARNING AN INDIVIDUAL TIMED OUT: 
 <tpot2.search_spaces.pipelines.sequential.SequentialPipelineIndividual object at 0x15532d563910> 

WARNING AN INDIVIDUAL TIMED OUT: 
 <tpot2.search_spaces.pipelines.sequential.SequentialPipelineIndividual object at 0x1554746f08e0> 

Generation:  19
Best root_mean_squared_error score: -8.978705371434947
Generation:  76%|  | 19/25 [3:02:01<52:16, 522.78s/it]WARNING AN INDIVIDUAL TIMED OUT: 
 <tpot2.search_spaces.pipelines.sequential.SequentialPipelineIndividual object at 0x155474712560> 

WARNING AN INDIVIDUAL TIMED OUT: 
 <tpot2.search_spaces.pipelines.sequential.SequentialPipelineIndividual object at 0x155464c12b60> 

WARNING AN INDIVIDUAL TIMED OUT: 
 <tpot2.search_spaces.pipelines.sequential.SequentialPipelineIndividual object at 0x15546539c7c0> 

WARNING AN INDIVIDUAL TIMED OUT: 
 <tpot2.search_spaces.pipelines.sequential.SequentialPipelineIndividual object at 0x1554663c5600> 

Generation:  20
Best root_mean_squared_error score: -8.978705371434947
Generation:  80%|  | 20/25 [3:12:06<45:36, 547.28s/it]WARNING AN INDIVIDUAL TIMED OUT: 
 <tpot2.search_spaces.pipelines.sequential.SequentialPipelineIndividual object at 0x155467f25030> 

Generation:  21
Best root_mean_squared_error score: -8.978705371434947
Generation:  84%| | 21/25 [3:22:09<37:36, 564.14s/it]Generation:  22
Best root_mean_squared_error score: -8.978705371434947
Generation:  88%| | 22/25 [3:22:32<20:04, 401.65s/it]WARNING THIS INDIVIDUAL CAUSED AND EXCEPTION 
 <tpot2.search_spaces.pipelines.sequential.SequentialPipelineIndividual object at 0x15545474db40> 
 The 'criterion' parameter of RandomForestRegressor must be a str among {'friedman_mse', 'poisson', 'absolute_error', 'squared_error'}. Got 'mae' instead. 
 Traceback (most recent call last):
  File "/common/ketrong/tpotexp/tpot2/tpot2/utils/eval_utils.py", line 53, in objective_nan_wrapper
    value = func_timeout.func_timeout(timeout, objective_function, args=[individual], kwargs=objective_kwargs)
  File "/common/ketrong/tpotexp/env/lib/python3.10/site-packages/func_timeout/dafunc.py", line 108, in func_timeout
    raise_exception(exception)
  File "/common/ketrong/tpotexp/env/lib/python3.10/site-packages/func_timeout/py3_raise.py", line 7, in raise_exception
    raise exception[0] from None
  File "/common/ketrong/tpotexp/tpot2/tpot2/tpot_estimator/estimator.py", line 623, in objective_function
    return objective_function_generator(
  File "/common/ketrong/tpotexp/tpot2/tpot2/tpot_estimator/estimator_utils.py", line 55, in objective_function_generator
    cv_obj_scores = cross_val_score_objective(sklearn.base.clone(pipeline),x,y,scorers=scorers, cv=cv , fold=step)
  File "/common/ketrong/tpotexp/tpot2/tpot2/tpot_estimator/cross_val_utils.py", line 28, in cross_val_score_objective
    this_fold_pipeline.fit(X_train,y_train)
  File "/common/ketrong/tpotexp/env/lib/python3.10/site-packages/sklearn/base.py", line 1473, in wrapper
    return fit_method(estimator, *args, **kwargs)
  File "/common/ketrong/tpotexp/env/lib/python3.10/site-packages/sklearn/pipeline.py", line 473, in fit
    self._final_estimator.fit(Xt, y, **last_step_params["fit"])
  File "/common/ketrong/tpotexp/env/lib/python3.10/site-packages/sklearn/base.py", line 1466, in wrapper
    estimator._validate_params()
  File "/common/ketrong/tpotexp/env/lib/python3.10/site-packages/sklearn/base.py", line 666, in _validate_params
    validate_parameter_constraints(
  File "/common/ketrong/tpotexp/env/lib/python3.10/site-packages/sklearn/utils/_param_validation.py", line 95, in validate_parameter_constraints
    raise InvalidParameterError(
sklearn.utils._param_validation.InvalidParameterError: The 'criterion' parameter of RandomForestRegressor must be a str among {'friedman_mse', 'poisson', 'absolute_error', 'squared_error'}. Got 'mae' instead.

WARNING THIS INDIVIDUAL CAUSED AND EXCEPTION 
 <tpot2.search_spaces.pipelines.sequential.SequentialPipelineIndividual object at 0x1554746f53f0> 
 The 'criterion' parameter of DecisionTreeRegressor must be a str among {'friedman_mse', 'poisson', 'absolute_error', 'squared_error'}. Got 'mae' instead. 
 Traceback (most recent call last):
  File "/common/ketrong/tpotexp/tpot2/tpot2/utils/eval_utils.py", line 53, in objective_nan_wrapper
    value = func_timeout.func_timeout(timeout, objective_function, args=[individual], kwargs=objective_kwargs)
  File "/common/ketrong/tpotexp/env/lib/python3.10/site-packages/func_timeout/dafunc.py", line 108, in func_timeout
    raise_exception(exception)
  File "/common/ketrong/tpotexp/env/lib/python3.10/site-packages/func_timeout/py3_raise.py", line 7, in raise_exception
    raise exception[0] from None
  File "/common/ketrong/tpotexp/tpot2/tpot2/tpot_estimator/estimator.py", line 623, in objective_function
    return objective_function_generator(
  File "/common/ketrong/tpotexp/tpot2/tpot2/tpot_estimator/estimator_utils.py", line 55, in objective_function_generator
    cv_obj_scores = cross_val_score_objective(sklearn.base.clone(pipeline),x,y,scorers=scorers, cv=cv , fold=step)
  File "/common/ketrong/tpotexp/tpot2/tpot2/tpot_estimator/cross_val_utils.py", line 28, in cross_val_score_objective
    this_fold_pipeline.fit(X_train,y_train)
  File "/common/ketrong/tpotexp/env/lib/python3.10/site-packages/sklearn/base.py", line 1473, in wrapper
    return fit_method(estimator, *args, **kwargs)
  File "/common/ketrong/tpotexp/env/lib/python3.10/site-packages/sklearn/pipeline.py", line 473, in fit
    self._final_estimator.fit(Xt, y, **last_step_params["fit"])
  File "/common/ketrong/tpotexp/env/lib/python3.10/site-packages/sklearn/base.py", line 1466, in wrapper
    estimator._validate_params()
  File "/common/ketrong/tpotexp/env/lib/python3.10/site-packages/sklearn/base.py", line 666, in _validate_params
    validate_parameter_constraints(
  File "/common/ketrong/tpotexp/env/lib/python3.10/site-packages/sklearn/utils/_param_validation.py", line 95, in validate_parameter_constraints
    raise InvalidParameterError(
sklearn.utils._param_validation.InvalidParameterError: The 'criterion' parameter of DecisionTreeRegressor must be a str among {'friedman_mse', 'poisson', 'absolute_error', 'squared_error'}. Got 'mae' instead.

Generation:  23
Best root_mean_squared_error score: -8.975891029458069
Generation:  92%|| 23/25 [3:24:02<10:16, 308.00s/it]WARNING THIS INDIVIDUAL CAUSED AND EXCEPTION 
 <tpot2.search_spaces.pipelines.sequential.SequentialPipelineIndividual object at 0x155467c507f0> 
 The 'criterion' parameter of ExtraTreesRegressor must be a str among {'friedman_mse', 'poisson', 'absolute_error', 'squared_error'}. Got 'mae' instead. 
 Traceback (most recent call last):
  File "/common/ketrong/tpotexp/tpot2/tpot2/utils/eval_utils.py", line 53, in objective_nan_wrapper
    value = func_timeout.func_timeout(timeout, objective_function, args=[individual], kwargs=objective_kwargs)
  File "/common/ketrong/tpotexp/env/lib/python3.10/site-packages/func_timeout/dafunc.py", line 108, in func_timeout
    raise_exception(exception)
  File "/common/ketrong/tpotexp/env/lib/python3.10/site-packages/func_timeout/py3_raise.py", line 7, in raise_exception
    raise exception[0] from None
  File "/common/ketrong/tpotexp/tpot2/tpot2/tpot_estimator/estimator.py", line 623, in objective_function
    return objective_function_generator(
  File "/common/ketrong/tpotexp/tpot2/tpot2/tpot_estimator/estimator_utils.py", line 55, in objective_function_generator
    cv_obj_scores = cross_val_score_objective(sklearn.base.clone(pipeline),x,y,scorers=scorers, cv=cv , fold=step)
  File "/common/ketrong/tpotexp/tpot2/tpot2/tpot_estimator/cross_val_utils.py", line 28, in cross_val_score_objective
    this_fold_pipeline.fit(X_train,y_train)
  File "/common/ketrong/tpotexp/env/lib/python3.10/site-packages/sklearn/base.py", line 1473, in wrapper
    return fit_method(estimator, *args, **kwargs)
  File "/common/ketrong/tpotexp/env/lib/python3.10/site-packages/sklearn/pipeline.py", line 473, in fit
    self._final_estimator.fit(Xt, y, **last_step_params["fit"])
  File "/common/ketrong/tpotexp/env/lib/python3.10/site-packages/sklearn/base.py", line 1466, in wrapper
    estimator._validate_params()
  File "/common/ketrong/tpotexp/env/lib/python3.10/site-packages/sklearn/base.py", line 666, in _validate_params
    validate_parameter_constraints(
  File "/common/ketrong/tpotexp/env/lib/python3.10/site-packages/sklearn/utils/_param_validation.py", line 95, in validate_parameter_constraints
    raise InvalidParameterError(
sklearn.utils._param_validation.InvalidParameterError: The 'criterion' parameter of ExtraTreesRegressor must be a str among {'friedman_mse', 'poisson', 'absolute_error', 'squared_error'}. Got 'mae' instead.

Generation:  24
Best root_mean_squared_error score: -8.975891029458069
Generation:  96%|| 24/25 [3:31:38<05:52, 352.70s/it]WARNING AN INDIVIDUAL TIMED OUT: 
 <tpot2.search_spaces.pipelines.sequential.SequentialPipelineIndividual object at 0x15545a695720> 

Generation:  25
Best root_mean_squared_error score: -8.975891029458069
Generation: 100%|| 25/25 [3:41:43<00:00, 428.18s/it]Generation: 100%|| 25/25 [3:41:43<00:00, 532.13s/it]
2024-10-03 10:40:10,569 - distributed.scheduler - ERROR - Removing worker 'tcp://127.0.0.1:40383' caused the cluster to lose scattered data, which can't be recovered: {'DataFrame-6fb2a11b82bb53630c4cd0ffb6c841d9', 'DataFrame-9b492617203538632e42fe3a58de2d85'} (stimulus_id='handle-worker-cleanup-1727977210.5691552')
Fitted
Pipeline(steps=[('simpleimputer', SimpleImputer()),
                ('lgbmregressor',
                 LGBMRegressor(max_depth=9, n_estimators=85, n_jobs=1,
                               num_leaves=43, verbose=-1))])
transform worked
try transform
transform worked
score start
train score: {'explained_var': 0.2999279406768366, 'r2': 0.2999279406768368, 'rmse': 8.687038649873193}
test score: {'explained_var': 0.13940516655266888, 'r2': 0.13935152695604403, 'rmse': 9.66002604155337}
original test score: {'explained_var': 0.24493604682917103, 'r2': 0.24061211877438038, 'rmse': 9.073967657478235}
score end
1213
lvl
0.5
type
MNAR
num_run
3
reg_full
finished
all finished
full run takes
11.399820659955342
hours
DONE
