Run: 57
/cm/local/apps/slurm/var/spool/job987672/slurm_script: line 26: 
pip install -e tpot2
pip install -r tpot2/ImputerExperiments/requirements_.txt
: No such file or directory
RunStart
Version 0.1.7a0 of tpot2 is outdated. Version 0.1.8a0 was released Tuesday September 17, 2024.
starting loops
../data/r/1200/1200.pkl
working on 
../data/r/1200/reg_full_MNAR_0.01_3
4.500425100326538
running experiment 1/3 - Does large hyperparameter space improve reconstruction accuracy over simple
[I 2024-10-03 22:47:21,528] A new study created in memory with name: no-name-0346a58a-fac2-4e0b-83a0-0094a129b124
running
running
running
running
running
running
running
running
running
running
running
running
running
running
running
running
[I 2024-10-03 22:47:22,240] Trial 3 finished with value: 0.20422496063214934 and parameters: {'model_name': 'SimpleImputer', 'strategy': 'mean'}. Best is trial 3 with value: 0.20422496063214934.
running
[I 2024-10-03 22:47:22,516] Trial 4 finished with value: 0.2100824452458502 and parameters: {'model_name': 'SimpleImputer', 'strategy': 'median'}. Best is trial 3 with value: 0.20422496063214934.
running
[I 2024-10-03 22:47:24,672] Trial 8 finished with value: 0.2100824452458502 and parameters: {'model_name': 'SimpleImputer', 'strategy': 'median'}. Best is trial 3 with value: 0.20422496063214934.
running
[I 2024-10-03 22:47:25,167] Trial 13 finished with value: 0.2100824452458502 and parameters: {'model_name': 'SimpleImputer', 'strategy': 'median'}. Best is trial 3 with value: 0.20422496063214934.
running
[I 2024-10-03 22:47:25,358] Trial 12 finished with value: 0.2100824452458502 and parameters: {'model_name': 'SimpleImputer', 'strategy': 'median'}. Best is trial 3 with value: 0.20422496063214934.
running
[I 2024-10-03 22:47:25,901] Trial 18 finished with value: 0.2100824452458502 and parameters: {'model_name': 'SimpleImputer', 'strategy': 'median'}. Best is trial 3 with value: 0.20422496063214934.
running
[I 2024-10-03 22:47:35,746] Trial 19 finished with value: 0.2337047677952751 and parameters: {'model_name': 'VAE', 'batch_size': 4, 'iterations': 1, 'learning_rate': 0.0001881719032896311, 'p_miss': 0.2374750717578901}. Best is trial 3 with value: 0.20422496063214934.
running
[I 2024-10-03 22:47:51,304] Trial 16 finished with value: 0.18610649922000091 and parameters: {'model_name': 'IterativeImputer', 'estimator': 'Ridge', 'initial_strategy': 'most_frequent', 'n_nearest_features': 1, 'imputation_order': 'roman'}. Best is trial 16 with value: 0.18610649922000091.
running
[I 2024-10-03 22:47:55,398] Trial 14 finished with value: 0.3709787114458394 and parameters: {'model_name': 'GAIN', 'batch_size': 103, 'hint_rate': 0.42636131001046546, 'alpha': 32, 'iterations': 25, 'learning_rate': 0.008691140050295488, 'p_miss': 0.1387057069159178}. Best is trial 16 with value: 0.18610649922000091.
running
[I 2024-10-03 22:48:33,370] Trial 2 finished with value: 0.1504548014646235 and parameters: {'model_name': 'KNNImputer', 'n_neighbors': 3461, 'weights': 'uniform'}. Best is trial 2 with value: 0.1504548014646235.
running
[I 2024-10-03 22:48:42,260] Trial 0 finished with value: 0.15722304818354335 and parameters: {'model_name': 'KNNImputer', 'n_neighbors': 7833, 'weights': 'uniform'}. Best is trial 2 with value: 0.1504548014646235.
running
[I 2024-10-03 22:48:57,184] Trial 10 finished with value: 0.17642269793534027 and parameters: {'model_name': 'KNNImputer', 'n_neighbors': 19737, 'weights': 'uniform'}. Best is trial 2 with value: 0.1504548014646235.
running
[I 2024-10-03 22:49:08,134] Trial 21 finished with value: 0.1952721721992145 and parameters: {'model_name': 'KNNImputer', 'n_neighbors': 30283, 'weights': 'uniform'}. Best is trial 2 with value: 0.1504548014646235.
running
[I 2024-10-03 22:49:09,475] Trial 11 finished with value: 0.1613409065755087 and parameters: {'model_name': 'KNNImputer', 'n_neighbors': 14126, 'weights': 'distance'}. Best is trial 2 with value: 0.1504548014646235.
running
[I 2024-10-03 22:49:15,971] Trial 5 finished with value: 0.1647371954623253 and parameters: {'model_name': 'KNNImputer', 'n_neighbors': 17075, 'weights': 'distance'}. Best is trial 2 with value: 0.1504548014646235.
running
[I 2024-10-03 22:49:29,118] Trial 24 finished with value: 0.1553912787425177 and parameters: {'model_name': 'KNNImputer', 'n_neighbors': 8754, 'weights': 'distance'}. Best is trial 2 with value: 0.1504548014646235.
running
[I 2024-10-03 22:49:34,263] Trial 22 finished with value: 0.18560339890120478 and parameters: {'model_name': 'KNNImputer', 'n_neighbors': 40214, 'weights': 'distance'}. Best is trial 2 with value: 0.1504548014646235.
running
[I 2024-10-03 22:49:48,926] Trial 25 finished with value: 0.15182907292005102 and parameters: {'model_name': 'KNNImputer', 'n_neighbors': 4298, 'weights': 'uniform'}. Best is trial 2 with value: 0.1504548014646235.
running
[I 2024-10-03 22:49:50,483] Trial 6 finished with value: 0.15741378563649605 and parameters: {'model_name': 'IterativeImputer', 'estimator': 'Bayesian', 'initial_strategy': 'most_frequent', 'n_nearest_features': 7, 'imputation_order': 'ascending', 'sample_posterior': False}. Best is trial 2 with value: 0.1504548014646235.
running
[I 2024-10-03 22:49:53,683] Trial 26 finished with value: 0.15091056120022067 and parameters: {'model_name': 'KNNImputer', 'n_neighbors': 3735, 'weights': 'uniform'}. Best is trial 2 with value: 0.1504548014646235.
running
[I 2024-10-03 22:50:00,108] Trial 27 finished with value: 0.14598901659960298 and parameters: {'model_name': 'KNNImputer', 'n_neighbors': 1276, 'weights': 'uniform'}. Best is trial 27 with value: 0.14598901659960298.
running
[I 2024-10-03 22:50:05,434] Trial 29 finished with value: 0.14363871896097843 and parameters: {'model_name': 'KNNImputer', 'n_neighbors': 615, 'weights': 'uniform'}. Best is trial 29 with value: 0.14363871896097843.
running
[I 2024-10-03 22:50:05,738] Trial 28 finished with value: 0.14472437947908923 and parameters: {'model_name': 'KNNImputer', 'n_neighbors': 876, 'weights': 'uniform'}. Best is trial 29 with value: 0.14363871896097843.
running
[I 2024-10-03 22:50:10,723] Trial 30 finished with value: 0.14342785090989746 and parameters: {'model_name': 'KNNImputer', 'n_neighbors': 560, 'weights': 'uniform'}. Best is trial 30 with value: 0.14342785090989746.
running
[I 2024-10-03 22:50:47,338] Trial 23 finished with value: 0.14976860664193556 and parameters: {'model_name': 'IterativeImputer', 'estimator': 'KNN', 'initial_strategy': 'median', 'n_nearest_features': 8, 'imputation_order': 'roman'}. Best is trial 30 with value: 0.14342785090989746.
running
[I 2024-10-03 22:51:40,775] Trial 32 finished with value: 0.149657403609124 and parameters: {'model_name': 'IterativeImputer', 'estimator': 'KNN', 'initial_strategy': 'constant', 'n_nearest_features': 9, 'imputation_order': 'random'}. Best is trial 30 with value: 0.14342785090989746.
running
[I 2024-10-03 22:54:37,017] Trial 20 finished with value: 0.3891810037033835 and parameters: {'model_name': 'GAIN', 'batch_size': 165, 'hint_rate': 0.7345935784661167, 'alpha': 69, 'iterations': 391, 'learning_rate': 0.013026386027768186, 'p_miss': 0.17432019884107325}. Best is trial 30 with value: 0.14342785090989746.
running
[I 2024-10-03 23:14:10,093] Trial 9 finished with value: 0.20495474770394423 and parameters: {'model_name': 'VAE', 'batch_size': 83, 'iterations': 509, 'learning_rate': 0.0006569269450606061, 'p_miss': 0.15370515229563597}. Best is trial 30 with value: 0.14342785090989746.
running
[I 2024-10-03 23:15:53,008] Trial 1 finished with value: 0.20563776694463426 and parameters: {'model_name': 'VAE', 'batch_size': 219, 'iterations': 440, 'learning_rate': 0.00017961697905123034, 'p_miss': 0.18790513939816264}. Best is trial 30 with value: 0.14342785090989746.
running
[I 2024-10-03 23:18:48,440] Trial 15 finished with value: 0.20443239821485998 and parameters: {'model_name': 'VAE', 'batch_size': 70, 'iterations': 712, 'learning_rate': 0.0049377685226408554, 'p_miss': 0.25318320955277557}. Best is trial 30 with value: 0.14342785090989746.
running
[I 2024-10-03 23:34:18,285] Trial 37 finished with value: inf and parameters: {'model_name': 'GAIN', 'batch_size': 1, 'hint_rate': 0.9303477025433553, 'alpha': 98, 'iterations': 9820, 'learning_rate': 0.08129643982476215, 'p_miss': 0.02202616779411204}. Best is trial 30 with value: 0.14342785090989746.
running
[I 2024-10-03 23:34:54,677] Trial 46 finished with value: 0.14341212214684765 and parameters: {'model_name': 'KNNImputer', 'n_neighbors': 555, 'weights': 'uniform'}. Best is trial 46 with value: 0.14341212214684765.
running
[I 2024-10-03 23:35:32,357] Trial 47 finished with value: 0.14737956736780697 and parameters: {'model_name': 'KNNImputer', 'n_neighbors': 1814, 'weights': 'uniform'}. Best is trial 46 with value: 0.14341212214684765.
running
[I 2024-10-03 23:36:08,810] Trial 48 finished with value: 0.14213139095629312 and parameters: {'model_name': 'KNNImputer', 'n_neighbors': 320, 'weights': 'uniform'}. Best is trial 48 with value: 0.14213139095629312.
running
[I 2024-10-03 23:36:51,868] Trial 49 finished with value: 0.15913520176072043 and parameters: {'model_name': 'KNNImputer', 'n_neighbors': 9144, 'weights': 'uniform'}. Best is trial 48 with value: 0.14213139095629312.
running
[I 2024-10-03 23:37:35,500] Trial 50 finished with value: 0.16292794995946727 and parameters: {'model_name': 'KNNImputer', 'n_neighbors': 11699, 'weights': 'uniform'}. Best is trial 48 with value: 0.14213139095629312.
running
[I 2024-10-03 23:38:17,234] Trial 51 finished with value: 0.1558585840752851 and parameters: {'model_name': 'KNNImputer', 'n_neighbors': 6903, 'weights': 'uniform'}. Best is trial 48 with value: 0.14213139095629312.
running
[I 2024-10-03 23:39:07,775] Trial 52 finished with value: 0.19153216280743895 and parameters: {'model_name': 'KNNImputer', 'n_neighbors': 28119, 'weights': 'uniform'}. Best is trial 48 with value: 0.14213139095629312.
running
[I 2024-10-03 23:39:42,522] Trial 53 finished with value: 0.1406577184101851 and parameters: {'model_name': 'KNNImputer', 'n_neighbors': 28, 'weights': 'uniform'}. Best is trial 53 with value: 0.1406577184101851.
running
[I 2024-10-03 23:40:18,834] Trial 54 finished with value: 0.14257201746764409 and parameters: {'model_name': 'KNNImputer', 'n_neighbors': 398, 'weights': 'uniform'}. Best is trial 53 with value: 0.1406577184101851.
running
[I 2024-10-03 23:40:25,010] Trial 55 finished with value: 0.2128921125497622 and parameters: {'model_name': 'VAE', 'batch_size': 7, 'iterations': 1, 'learning_rate': 0.08136334843897802, 'p_miss': 0.02008507016370667}. Best is trial 53 with value: 0.1406577184101851.
running
[I 2024-10-03 23:41:00,838] Trial 56 finished with value: 0.14234654367691396 and parameters: {'model_name': 'KNNImputer', 'n_neighbors': 357, 'weights': 'uniform'}. Best is trial 53 with value: 0.1406577184101851.
running
[I 2024-10-03 23:41:41,146] Trial 57 finished with value: 0.15431330930307735 and parameters: {'model_name': 'KNNImputer', 'n_neighbors': 5884, 'weights': 'uniform'}. Best is trial 53 with value: 0.1406577184101851.
running
[I 2024-10-03 23:42:16,622] Trial 43 finished with value: inf and parameters: {'model_name': 'GAIN', 'batch_size': 1, 'hint_rate': 0.023897839899999773, 'alpha': 99, 'iterations': 6327, 'learning_rate': 0.08274245866560517, 'p_miss': 0.047850441152838374}. Best is trial 53 with value: 0.1406577184101851.
running
[I 2024-10-03 23:42:17,196] Trial 58 finished with value: 0.14201549118033135 and parameters: {'model_name': 'KNNImputer', 'n_neighbors': 303, 'weights': 'uniform'}. Best is trial 53 with value: 0.1406577184101851.
running
[I 2024-10-03 23:42:59,568] Trial 59 finished with value: 0.15363347171880232 and parameters: {'model_name': 'KNNImputer', 'n_neighbors': 5446, 'weights': 'uniform'}. Best is trial 53 with value: 0.1406577184101851.
running
[I 2024-10-03 23:42:59,863] Trial 60 finished with value: 0.1531805213940271 and parameters: {'model_name': 'KNNImputer', 'n_neighbors': 5152, 'weights': 'uniform'}. Best is trial 53 with value: 0.1406577184101851.
running
[I 2024-10-03 23:43:09,581] Trial 44 finished with value: inf and parameters: {'model_name': 'GAIN', 'batch_size': 1, 'hint_rate': 0.019265025598592445, 'alpha': 2, 'iterations': 6453, 'learning_rate': 0.09453364382951358, 'p_miss': 0.0279722270544058}. Best is trial 53 with value: 0.1406577184101851.
running
[I 2024-10-03 23:43:44,784] Trial 61 finished with value: 0.20422496063214934 and parameters: {'model_name': 'KNNImputer', 'n_neighbors': 46478, 'weights': 'uniform'}. Best is trial 53 with value: 0.1406577184101851.
running
[I 2024-10-03 23:43:46,712] Trial 64 finished with value: 0.5393421433082924 and parameters: {'model_name': 'SimpleImputer', 'strategy': 'most_frequent'}. Best is trial 53 with value: 0.1406577184101851.
running
[I 2024-10-03 23:43:48,266] Trial 62 finished with value: 0.16240203193177166 and parameters: {'model_name': 'KNNImputer', 'n_neighbors': 11355, 'weights': 'uniform'}. Best is trial 53 with value: 0.1406577184101851.
running
[I 2024-10-03 23:43:58,960] Trial 63 finished with value: 0.16264271207483902 and parameters: {'model_name': 'KNNImputer', 'n_neighbors': 11512, 'weights': 'uniform'}. Best is trial 53 with value: 0.1406577184101851.
running
[I 2024-10-03 23:44:27,326] Trial 66 finished with value: 0.14136078074543532 and parameters: {'model_name': 'KNNImputer', 'n_neighbors': 199, 'weights': 'uniform'}. Best is trial 53 with value: 0.1406577184101851.
running
[I 2024-10-03 23:44:37,285] Trial 67 finished with value: 0.14060151127354553 and parameters: {'model_name': 'KNNImputer', 'n_neighbors': 30, 'weights': 'uniform'}. Best is trial 67 with value: 0.14060151127354553.
running
[I 2024-10-03 23:45:08,026] Trial 68 finished with value: 0.15017267356626676 and parameters: {'model_name': 'KNNImputer', 'n_neighbors': 3288, 'weights': 'uniform'}. Best is trial 67 with value: 0.14060151127354553.
running
[I 2024-10-03 23:45:48,681] Trial 69 finished with value: 0.22208249849167688 and parameters: {'model_name': 'VAE', 'batch_size': 919, 'iterations': 8, 'learning_rate': 0.0012636360903951435, 'p_miss': 0.09755905863368067}. Best is trial 67 with value: 0.14060151127354553.
running
[I 2024-10-03 23:45:53,513] Trial 70 finished with value: 0.2207418358965954 and parameters: {'model_name': 'VAE', 'batch_size': 618, 'iterations': 9, 'learning_rate': 0.0013923163195501355, 'p_miss': 0.2903951521445538}. Best is trial 67 with value: 0.14060151127354553.
running
[I 2024-10-03 23:46:31,527] Trial 71 finished with value: 0.15723595578606636 and parameters: {'model_name': 'KNNImputer', 'n_neighbors': 7842, 'weights': 'uniform'}. Best is trial 67 with value: 0.14060151127354553.
running
[I 2024-10-03 23:51:12,014] Trial 45 finished with value: inf and parameters: {'model_name': 'GAIN', 'batch_size': 1, 'hint_rate': 0.015393159119803768, 'alpha': 99, 'iterations': 7497, 'learning_rate': 0.07567109169131449, 'p_miss': 0.041151887142016286}. Best is trial 67 with value: 0.14060151127354553.
running
[I 2024-10-04 00:17:07,063] Trial 7 finished with value: 0.24930319804573314 and parameters: {'model_name': 'VAE', 'batch_size': 1, 'iterations': 1770, 'learning_rate': 0.007437108037231225, 'p_miss': 0.1252875133058279}. Best is trial 67 with value: 0.14060151127354553.
running
[I 2024-10-04 00:54:00,111] Trial 36 finished with value: 0.37957413059075057 and parameters: {'model_name': 'GAIN', 'batch_size': 581, 'hint_rate': 0.9787475554713306, 'alpha': 100, 'iterations': 4988, 'learning_rate': 0.0759459755233322, 'p_miss': 0.019969729712157824}. Best is trial 67 with value: 0.14060151127354553.
running
[I 2024-10-04 00:54:23,083] Trial 33 finished with value: 0.38061443985373333 and parameters: {'model_name': 'GAIN', 'batch_size': 433, 'hint_rate': 0.981861245807741, 'alpha': 99, 'iterations': 5119, 'learning_rate': 0.0827415441007373, 'p_miss': 0.015826165858678604}. Best is trial 67 with value: 0.14060151127354553.
running
[I 2024-10-04 00:54:36,976] Trial 76 finished with value: 0.1422275225888721 and parameters: {'model_name': 'KNNImputer', 'n_neighbors': 336, 'weights': 'uniform'}. Best is trial 67 with value: 0.14060151127354553.
running
[I 2024-10-04 00:55:00,161] Trial 77 finished with value: 0.1427512204859765 and parameters: {'model_name': 'KNNImputer', 'n_neighbors': 423, 'weights': 'uniform'}. Best is trial 67 with value: 0.14060151127354553.
running
[I 2024-10-04 01:17:43,655] Trial 17 finished with value: 0.16170473838438645 and parameters: {'model_name': 'IterativeImputer', 'estimator': 'RFR', 'initial_strategy': 'constant', 'n_nearest_features': 3, 'imputation_order': 'descending'}. Best is trial 67 with value: 0.14060151127354553.
running
[I 2024-10-04 01:18:22,873] Trial 80 finished with value: 0.15082710384074263 and parameters: {'model_name': 'KNNImputer', 'n_neighbors': 3683, 'weights': 'uniform'}. Best is trial 67 with value: 0.14060151127354553.
running
[I 2024-10-04 01:18:23,601] Trial 81 finished with value: 0.5393421433082924 and parameters: {'model_name': 'SimpleImputer', 'strategy': 'constant'}. Best is trial 67 with value: 0.14060151127354553.
running
[I 2024-10-04 01:22:46,042] Trial 34 finished with value: 0.3801971551116263 and parameters: {'model_name': 'GAIN', 'batch_size': 887, 'hint_rate': 0.9684460539899256, 'alpha': 98, 'iterations': 6133, 'learning_rate': 0.08990091798002114, 'p_miss': 0.025450308770279234}. Best is trial 67 with value: 0.14060151127354553.
running
[I 2024-10-04 01:23:52,587] Trial 83 finished with value: 0.22890373336508785 and parameters: {'model_name': 'IterativeImputer', 'estimator': 'Bayesian', 'initial_strategy': 'mean', 'n_nearest_features': 5, 'imputation_order': 'arabic', 'sample_posterior': True}. Best is trial 67 with value: 0.14060151127354553.
running
[I 2024-10-04 01:24:34,410] Trial 84 finished with value: 0.14918147498092793 and parameters: {'model_name': 'KNNImputer', 'n_neighbors': 3570, 'weights': 'distance'}. Best is trial 67 with value: 0.14060151127354553.
running
[I 2024-10-04 01:25:13,780] Trial 85 finished with value: 0.15093305629691936 and parameters: {'model_name': 'KNNImputer', 'n_neighbors': 3748, 'weights': 'uniform'}. Best is trial 67 with value: 0.14060151127354553.
running
[I 2024-10-04 01:25:50,396] Trial 86 finished with value: 0.14415145055493075 and parameters: {'model_name': 'KNNImputer', 'n_neighbors': 731, 'weights': 'uniform'}. Best is trial 67 with value: 0.14060151127354553.
running
[I 2024-10-04 01:26:28,884] Trial 87 finished with value: 0.148956513555053 and parameters: {'model_name': 'KNNImputer', 'n_neighbors': 2589, 'weights': 'uniform'}. Best is trial 67 with value: 0.14060151127354553.
running
[I 2024-10-04 01:27:06,931] Trial 88 finished with value: 0.14235906769493417 and parameters: {'model_name': 'KNNImputer', 'n_neighbors': 360, 'weights': 'uniform'}. Best is trial 67 with value: 0.14060151127354553.
running
[I 2024-10-04 01:27:40,308] Trial 89 finished with value: 0.154145624350145 and parameters: {'model_name': 'KNNImputer', 'n_neighbors': 4, 'weights': 'uniform'}. Best is trial 67 with value: 0.14060151127354553.
running
[I 2024-10-04 01:28:38,592] Trial 90 finished with value: 0.17188428343061207 and parameters: {'model_name': 'KNNImputer', 'n_neighbors': 23186, 'weights': 'distance'}. Best is trial 67 with value: 0.14060151127354553.
running
[I 2024-10-04 01:29:19,371] Trial 91 finished with value: 0.15471969272872554 and parameters: {'model_name': 'KNNImputer', 'n_neighbors': 6150, 'weights': 'uniform'}. Best is trial 67 with value: 0.14060151127354553.
running
[I 2024-10-04 01:29:58,645] Trial 92 finished with value: 0.14958175987677685 and parameters: {'model_name': 'KNNImputer', 'n_neighbors': 2941, 'weights': 'uniform'}. Best is trial 67 with value: 0.14060151127354553.
running
[I 2024-10-04 01:43:22,565] Trial 65 finished with value: 0.1788617688867579 and parameters: {'model_name': 'IterativeImputer', 'estimator': 'RFR', 'initial_strategy': 'mean', 'n_nearest_features': 2, 'imputation_order': 'arabic'}. Best is trial 67 with value: 0.14060151127354553.
running
[I 2024-10-04 01:43:41,834] Trial 31 finished with value: 0.38026813654021635 and parameters: {'model_name': 'GAIN', 'batch_size': 843, 'hint_rate': 0.9875418725081184, 'alpha': 90, 'iterations': 7716, 'learning_rate': 0.05632412229176555, 'p_miss': 0.010232028658495318}. Best is trial 67 with value: 0.14060151127354553.
running
[I 2024-10-04 01:44:02,364] Trial 94 finished with value: 0.14878995258328748 and parameters: {'model_name': 'KNNImputer', 'n_neighbors': 2500, 'weights': 'uniform'}. Best is trial 67 with value: 0.14060151127354553.
running
[I 2024-10-04 01:44:22,840] Trial 95 finished with value: 0.14980126077942194 and parameters: {'model_name': 'KNNImputer', 'n_neighbors': 3070, 'weights': 'uniform'}. Best is trial 67 with value: 0.14060151127354553.
running
[I 2024-10-04 01:44:41,559] Trial 96 finished with value: 0.14844814066931417 and parameters: {'model_name': 'KNNImputer', 'n_neighbors': 2321, 'weights': 'uniform'}. Best is trial 67 with value: 0.14060151127354553.
running
[I 2024-10-04 01:44:59,556] Trial 97 finished with value: 0.14012838690342647 and parameters: {'model_name': 'KNNImputer', 'n_neighbors': 46, 'weights': 'uniform'}. Best is trial 97 with value: 0.14012838690342647.
running
[I 2024-10-04 01:45:18,854] Trial 98 finished with value: 0.1420621667950634 and parameters: {'model_name': 'KNNImputer', 'n_neighbors': 309, 'weights': 'uniform'}. Best is trial 97 with value: 0.14012838690342647.
running
[I 2024-10-04 01:45:27,175] Trial 72 finished with value: 0.17861918552974249 and parameters: {'model_name': 'IterativeImputer', 'estimator': 'RFR', 'initial_strategy': 'mean', 'n_nearest_features': 2, 'imputation_order': 'descending'}. Best is trial 97 with value: 0.14012838690342647.
running
[I 2024-10-04 01:45:48,431] Trial 99 finished with value: 0.15308474886274331 and parameters: {'model_name': 'KNNImputer', 'n_neighbors': 5093, 'weights': 'uniform'}. Best is trial 97 with value: 0.14012838690342647.
running
[I 2024-10-04 01:45:49,906] Trial 102 finished with value: 0.5393421433082924 and parameters: {'model_name': 'SimpleImputer', 'strategy': 'most_frequent'}. Best is trial 97 with value: 0.14012838690342647.
running
[I 2024-10-04 01:46:16,097] Trial 100 finished with value: 0.1703505738483693 and parameters: {'model_name': 'KNNImputer', 'n_neighbors': 16274, 'weights': 'uniform'}. Best is trial 97 with value: 0.14012838690342647.
running
[I 2024-10-04 01:46:19,108] Trial 101 finished with value: 0.1507869281587412 and parameters: {'model_name': 'KNNImputer', 'n_neighbors': 4787, 'weights': 'distance'}. Best is trial 97 with value: 0.14012838690342647.
running
[I 2024-10-04 01:46:30,362] Trial 103 finished with value: 0.14105696705254475 and parameters: {'model_name': 'KNNImputer', 'n_neighbors': 23, 'weights': 'distance'}. Best is trial 97 with value: 0.14012838690342647.
running
[I 2024-10-04 01:46:54,212] Trial 104 finished with value: 0.14248740904307883 and parameters: {'model_name': 'KNNImputer', 'n_neighbors': 15, 'weights': 'distance'}. Best is trial 97 with value: 0.14012838690342647.
running
[I 2024-10-04 01:47:01,132] Trial 105 finished with value: 0.14808550597959785 and parameters: {'model_name': 'KNNImputer', 'n_neighbors': 2137, 'weights': 'uniform'}. Best is trial 97 with value: 0.14012838690342647.
running
[I 2024-10-04 01:47:15,319] Trial 106 finished with value: 0.14665347627498232 and parameters: {'model_name': 'KNNImputer', 'n_neighbors': 1968, 'weights': 'distance'}. Best is trial 97 with value: 0.14012838690342647.
running
[I 2024-10-04 01:47:38,403] Trial 107 finished with value: 0.14740497808429215 and parameters: {'model_name': 'KNNImputer', 'n_neighbors': 2385, 'weights': 'distance'}. Best is trial 97 with value: 0.14012838690342647.
running
[I 2024-10-04 01:47:44,584] Trial 108 finished with value: 0.1466742701002576 and parameters: {'model_name': 'KNNImputer', 'n_neighbors': 1978, 'weights': 'distance'}. Best is trial 97 with value: 0.14012838690342647.
running
[I 2024-10-04 01:47:58,818] Trial 109 finished with value: 0.14612286572635547 and parameters: {'model_name': 'KNNImputer', 'n_neighbors': 1707, 'weights': 'distance'}. Best is trial 97 with value: 0.14012838690342647.
running
[I 2024-10-04 01:48:14,234] Trial 110 finished with value: 0.16009153659773578 and parameters: {'model_name': 'KNNImputer', 'n_neighbors': 3, 'weights': 'uniform'}. Best is trial 97 with value: 0.14012838690342647.
running
[I 2024-10-04 01:48:41,471] Trial 111 finished with value: 0.19887159155691375 and parameters: {'model_name': 'KNNImputer', 'n_neighbors': 32462, 'weights': 'uniform'}. Best is trial 97 with value: 0.14012838690342647.
running
[I 2024-10-04 01:48:41,856] Trial 112 finished with value: 0.15642192551901682 and parameters: {'model_name': 'KNNImputer', 'n_neighbors': 7284, 'weights': 'uniform'}. Best is trial 97 with value: 0.14012838690342647.
running
[I 2024-10-04 01:51:15,024] Trial 74 finished with value: 0.17829364333339562 and parameters: {'model_name': 'IterativeImputer', 'estimator': 'RFR', 'initial_strategy': 'mean', 'n_nearest_features': 2, 'imputation_order': 'descending'}. Best is trial 97 with value: 0.14012838690342647.
running
[I 2024-10-04 01:51:24,380] Trial 115 finished with value: 0.20777250737526737 and parameters: {'model_name': 'VAE', 'batch_size': 18, 'iterations': 59, 'learning_rate': 0.019275256454955505, 'p_miss': 0.07877508703342627}. Best is trial 97 with value: 0.14012838690342647.
running
[I 2024-10-04 01:51:53,849] Trial 116 finished with value: 0.14625748489700183 and parameters: {'model_name': 'KNNImputer', 'n_neighbors': 1371, 'weights': 'uniform'}. Best is trial 97 with value: 0.14012838690342647.
running
[I 2024-10-04 01:52:03,270] Trial 117 finished with value: 0.1459448085441642 and parameters: {'model_name': 'KNNImputer', 'n_neighbors': 1259, 'weights': 'uniform'}. Best is trial 97 with value: 0.14012838690342647.
running
[I 2024-10-04 01:52:22,480] Trial 114 finished with value: 0.20711187138455406 and parameters: {'model_name': 'VAE', 'batch_size': 26, 'iterations': 87, 'learning_rate': 0.023366855467765586, 'p_miss': 0.09495499550836646}. Best is trial 97 with value: 0.14012838690342647.
running
[I 2024-10-04 01:52:28,420] Trial 113 finished with value: 0.2067377349905668 and parameters: {'model_name': 'VAE', 'batch_size': 30, 'iterations': 97, 'learning_rate': 0.02474504333682804, 'p_miss': 0.06917859246853963}. Best is trial 97 with value: 0.14012838690342647.
running
[I 2024-10-04 01:52:31,895] Trial 118 finished with value: 0.14109169566628482 and parameters: {'model_name': 'KNNImputer', 'n_neighbors': 164, 'weights': 'uniform'}. Best is trial 97 with value: 0.14012838690342647.
running
[I 2024-10-04 01:52:47,851] Trial 119 finished with value: 0.15199687108826854 and parameters: {'model_name': 'KNNImputer', 'n_neighbors': 4403, 'weights': 'uniform'}. Best is trial 97 with value: 0.14012838690342647.
running
[I 2024-10-04 01:52:51,972] Trial 38 finished with value: 0.3820992681361765 and parameters: {'model_name': 'GAIN', 'batch_size': 855, 'hint_rate': 0.9193438257016489, 'alpha': 99, 'iterations': 7910, 'learning_rate': 0.07022927685384002, 'p_miss': 0.032785877767750576}. Best is trial 97 with value: 0.14012838690342647.
running
[I 2024-10-04 01:53:07,732] Trial 120 finished with value: 0.1522143151996526 and parameters: {'model_name': 'KNNImputer', 'n_neighbors': 4541, 'weights': 'uniform'}. Best is trial 97 with value: 0.14012838690342647.
running
[I 2024-10-04 01:53:08,353] Trial 125 finished with value: 0.5393421433082924 and parameters: {'model_name': 'SimpleImputer', 'strategy': 'constant'}. Best is trial 97 with value: 0.14012838690342647.
running
[I 2024-10-04 01:53:16,480] Trial 121 finished with value: 0.15238356489572194 and parameters: {'model_name': 'KNNImputer', 'n_neighbors': 4648, 'weights': 'uniform'}. Best is trial 97 with value: 0.14012838690342647.
running
[I 2024-10-04 01:53:20,999] Trial 122 finished with value: 0.1523164780135515 and parameters: {'model_name': 'KNNImputer', 'n_neighbors': 4607, 'weights': 'uniform'}. Best is trial 97 with value: 0.14012838690342647.
running
[I 2024-10-04 01:53:35,207] Trial 124 finished with value: 0.14056520048173332 and parameters: {'model_name': 'KNNImputer', 'n_neighbors': 112, 'weights': 'uniform'}. Best is trial 97 with value: 0.14012838690342647.
running
[I 2024-10-04 01:53:38,574] Trial 123 finished with value: 0.15166762633523465 and parameters: {'model_name': 'KNNImputer', 'n_neighbors': 4199, 'weights': 'uniform'}. Best is trial 97 with value: 0.14012838690342647.
running
[I 2024-10-04 01:53:52,467] Trial 126 finished with value: 0.1405631478678797 and parameters: {'model_name': 'KNNImputer', 'n_neighbors': 113, 'weights': 'uniform'}. Best is trial 97 with value: 0.14012838690342647.
running
[I 2024-10-04 01:53:58,385] Trial 127 finished with value: 0.14157508192279283 and parameters: {'model_name': 'KNNImputer', 'n_neighbors': 19, 'weights': 'uniform'}. Best is trial 97 with value: 0.14012838690342647.
running
[I 2024-10-04 01:54:09,294] Trial 128 finished with value: 0.14137419985572436 and parameters: {'model_name': 'KNNImputer', 'n_neighbors': 203, 'weights': 'uniform'}. Best is trial 97 with value: 0.14012838690342647.
running
[I 2024-10-04 01:54:22,213] Trial 129 finished with value: 0.14044118497898433 and parameters: {'model_name': 'KNNImputer', 'n_neighbors': 33, 'weights': 'uniform'}. Best is trial 97 with value: 0.14012838690342647.
running
[I 2024-10-04 01:54:25,840] Trial 130 finished with value: 0.14095662892743183 and parameters: {'model_name': 'KNNImputer', 'n_neighbors': 149, 'weights': 'uniform'}. Best is trial 97 with value: 0.14012838690342647.
running
[I 2024-10-04 01:54:42,304] Trial 131 finished with value: 0.14660339666239414 and parameters: {'model_name': 'KNNImputer', 'n_neighbors': 1491, 'weights': 'uniform'}. Best is trial 97 with value: 0.14012838690342647.
running
[I 2024-10-04 01:54:48,233] Trial 132 finished with value: 0.146785005827952 and parameters: {'model_name': 'KNNImputer', 'n_neighbors': 1565, 'weights': 'uniform'}. Best is trial 97 with value: 0.14012838690342647.
running
[I 2024-10-04 01:54:54,817] Trial 133 finished with value: 0.14702291282058572 and parameters: {'model_name': 'KNNImputer', 'n_neighbors': 1660, 'weights': 'uniform'}. Best is trial 97 with value: 0.14012838690342647.
running
[I 2024-10-04 01:55:07,845] Trial 134 finished with value: 0.1482433003273756 and parameters: {'model_name': 'KNNImputer', 'n_neighbors': 2214, 'weights': 'uniform'}. Best is trial 97 with value: 0.14012838690342647.
running
[I 2024-10-04 01:55:13,647] Trial 135 finished with value: 0.1483427137329312 and parameters: {'model_name': 'KNNImputer', 'n_neighbors': 2267, 'weights': 'uniform'}. Best is trial 97 with value: 0.14012838690342647.
running
[I 2024-10-04 01:55:28,597] Trial 136 finished with value: 0.1471080746574765 and parameters: {'model_name': 'KNNImputer', 'n_neighbors': 1696, 'weights': 'uniform'}. Best is trial 97 with value: 0.14012838690342647.
running
[I 2024-10-04 01:55:33,639] Trial 137 finished with value: 0.1498336169424233 and parameters: {'model_name': 'KNNImputer', 'n_neighbors': 3088, 'weights': 'uniform'}. Best is trial 97 with value: 0.14012838690342647.
running
[I 2024-10-04 01:55:41,920] Trial 138 finished with value: 0.1498124090919097 and parameters: {'model_name': 'KNNImputer', 'n_neighbors': 3076, 'weights': 'uniform'}. Best is trial 97 with value: 0.14012838690342647.
running
[I 2024-10-04 01:55:54,076] Trial 139 finished with value: 0.14999128373967488 and parameters: {'model_name': 'KNNImputer', 'n_neighbors': 3182, 'weights': 'uniform'}. Best is trial 97 with value: 0.14012838690342647.
running
[I 2024-10-04 01:56:02,731] Trial 140 finished with value: 0.1503969994324851 and parameters: {'model_name': 'KNNImputer', 'n_neighbors': 3424, 'weights': 'uniform'}. Best is trial 97 with value: 0.14012838690342647.
running
[I 2024-10-04 01:56:11,964] Trial 141 finished with value: 0.1403337313462938 and parameters: {'model_name': 'KNNImputer', 'n_neighbors': 34, 'weights': 'uniform'}. Best is trial 97 with value: 0.14012838690342647.
running
[I 2024-10-04 01:56:18,781] Trial 142 finished with value: 0.1450915465552411 and parameters: {'model_name': 'KNNImputer', 'n_neighbors': 983, 'weights': 'uniform'}. Best is trial 97 with value: 0.14012838690342647.
running
[I 2024-10-04 01:56:25,930] Trial 143 finished with value: 0.141733861917816 and parameters: {'model_name': 'KNNImputer', 'n_neighbors': 256, 'weights': 'uniform'}. Best is trial 97 with value: 0.14012838690342647.
running
[I 2024-10-04 01:56:38,182] Trial 144 finished with value: 0.1406577184101851 and parameters: {'model_name': 'KNNImputer', 'n_neighbors': 28, 'weights': 'uniform'}. Best is trial 97 with value: 0.14012838690342647.
running
[I 2024-10-04 01:56:46,968] Trial 145 finished with value: 0.14012838690342647 and parameters: {'model_name': 'KNNImputer', 'n_neighbors': 46, 'weights': 'uniform'}. Best is trial 97 with value: 0.14012838690342647.
running
[I 2024-10-04 01:56:57,321] Trial 146 finished with value: 0.14046446132520232 and parameters: {'model_name': 'KNNImputer', 'n_neighbors': 105, 'weights': 'uniform'}. Best is trial 97 with value: 0.14012838690342647.
running
[I 2024-10-04 01:57:03,637] Trial 147 finished with value: 0.14191448762555203 and parameters: {'model_name': 'KNNImputer', 'n_neighbors': 17, 'weights': 'uniform'}. Best is trial 97 with value: 0.14012838690342647.
running
[I 2024-10-04 01:57:08,315] Trial 152 finished with value: 0.3621260983073933 and parameters: {'model_name': 'GAIN', 'batch_size': 3, 'hint_rate': 0.270157611689266, 'alpha': 37, 'iterations': 3, 'learning_rate': 0.00037436991582068686, 'p_miss': 0.22194593589361253}. Best is trial 97 with value: 0.14012838690342647.
running
[I 2024-10-04 01:57:14,619] Trial 148 finished with value: 0.140930755074614 and parameters: {'model_name': 'KNNImputer', 'n_neighbors': 147, 'weights': 'uniform'}. Best is trial 97 with value: 0.14012838690342647.
running
[I 2024-10-04 01:57:30,507] Trial 149 finished with value: 0.14539713105050134 and parameters: {'model_name': 'KNNImputer', 'n_neighbors': 1077, 'weights': 'uniform'}. Best is trial 97 with value: 0.14012838690342647.
running
[I 2024-10-04 01:57:35,920] Trial 151 finished with value: 0.1601001352443095 and parameters: {'model_name': 'IterativeImputer', 'estimator': 'Ridge', 'initial_strategy': 'median', 'n_nearest_features': 5, 'imputation_order': 'ascending'}. Best is trial 97 with value: 0.14012838690342647.
running
[I 2024-10-04 01:57:43,971] Trial 150 finished with value: 0.14548463202892054 and parameters: {'model_name': 'KNNImputer', 'n_neighbors': 1109, 'weights': 'uniform'}. Best is trial 97 with value: 0.14012838690342647.
running
[I 2024-10-04 01:57:48,650] Trial 153 finished with value: 0.1601001352443095 and parameters: {'model_name': 'IterativeImputer', 'estimator': 'Ridge', 'initial_strategy': 'median', 'n_nearest_features': 5, 'imputation_order': 'ascending'}. Best is trial 97 with value: 0.14012838690342647.
running
[I 2024-10-04 01:57:56,429] Trial 154 finished with value: 0.1601001352443095 and parameters: {'model_name': 'IterativeImputer', 'estimator': 'Ridge', 'initial_strategy': 'median', 'n_nearest_features': 5, 'imputation_order': 'ascending'}. Best is trial 97 with value: 0.14012838690342647.
running
[I 2024-10-04 01:58:26,181] Trial 155 finished with value: 0.15470472195223686 and parameters: {'model_name': 'KNNImputer', 'n_neighbors': 6140, 'weights': 'uniform'}. Best is trial 97 with value: 0.14012838690342647.
running
[I 2024-10-04 01:58:27,170] Trial 156 finished with value: 0.14555451138700587 and parameters: {'model_name': 'KNNImputer', 'n_neighbors': 1133, 'weights': 'uniform'}. Best is trial 97 with value: 0.14012838690342647.
running
[I 2024-10-04 01:58:34,339] Trial 157 finished with value: 0.14515558140506962 and parameters: {'model_name': 'KNNImputer', 'n_neighbors': 1004, 'weights': 'uniform'}. Best is trial 97 with value: 0.14012838690342647.
running
[I 2024-10-04 01:58:37,581] Trial 158 finished with value: 0.14618006129673225 and parameters: {'model_name': 'KNNImputer', 'n_neighbors': 1341, 'weights': 'uniform'}. Best is trial 97 with value: 0.14012838690342647.
running
[I 2024-10-04 01:58:38,306] Trial 163 finished with value: 0.20422496063214934 and parameters: {'model_name': 'SimpleImputer', 'strategy': 'mean'}. Best is trial 97 with value: 0.14012838690342647.
running
[I 2024-10-04 01:58:41,028] Trial 159 finished with value: 0.14528805488130733 and parameters: {'model_name': 'KNNImputer', 'n_neighbors': 1043, 'weights': 'uniform'}. Best is trial 97 with value: 0.14012838690342647.
running
[I 2024-10-04 01:59:09,500] Trial 160 finished with value: 0.14573832475889165 and parameters: {'model_name': 'KNNImputer', 'n_neighbors': 1194, 'weights': 'uniform'}. Best is trial 97 with value: 0.14012838690342647.
running
[I 2024-10-04 01:59:25,241] Trial 162 finished with value: 0.1475975710218182 and parameters: {'model_name': 'KNNImputer', 'n_neighbors': 2503, 'weights': 'distance'}. Best is trial 97 with value: 0.14012838690342647.
running
[I 2024-10-04 01:59:27,010] Trial 164 finished with value: 0.1477287742610373 and parameters: {'model_name': 'KNNImputer', 'n_neighbors': 2583, 'weights': 'distance'}. Best is trial 97 with value: 0.14012838690342647.
running
[I 2024-10-04 01:59:28,989] Trial 165 finished with value: 0.1477005269052471 and parameters: {'model_name': 'KNNImputer', 'n_neighbors': 2566, 'weights': 'distance'}. Best is trial 97 with value: 0.14012838690342647.
running
[I 2024-10-04 01:59:32,623] Trial 41 finished with value: 0.3807980896468296 and parameters: {'model_name': 'GAIN', 'batch_size': 866, 'hint_rate': 0.01833569636543969, 'alpha': 89, 'iterations': 8230, 'learning_rate': 0.09776241060585539, 'p_miss': 0.024162003924606462}. Best is trial 97 with value: 0.14012838690342647.
running
[I 2024-10-04 01:59:35,547] Trial 161 finished with value: 0.20308525697348623 and parameters: {'model_name': 'KNNImputer', 'n_neighbors': 35148, 'weights': 'uniform'}. Best is trial 97 with value: 0.14012838690342647.
running
[I 2024-10-04 02:00:00,347] Trial 166 finished with value: 0.1477719757957864 and parameters: {'model_name': 'KNNImputer', 'n_neighbors': 2610, 'weights': 'distance'}. Best is trial 97 with value: 0.14012838690342647.
running
[I 2024-10-04 02:00:10,193] Trial 167 finished with value: 0.14024972306821692 and parameters: {'model_name': 'KNNImputer', 'n_neighbors': 37, 'weights': 'uniform'}. Best is trial 97 with value: 0.14012838690342647.
running
[I 2024-10-04 02:00:16,719] Trial 170 finished with value: 0.14144823955314398 and parameters: {'model_name': 'KNNImputer', 'n_neighbors': 213, 'weights': 'uniform'}. Best is trial 97 with value: 0.14012838690342647.
running
[I 2024-10-04 02:00:21,785] Trial 171 finished with value: 0.14060151127354553 and parameters: {'model_name': 'KNNImputer', 'n_neighbors': 30, 'weights': 'uniform'}. Best is trial 97 with value: 0.14012838690342647.
running
[I 2024-10-04 02:00:34,110] Trial 169 finished with value: 0.17819354385332206 and parameters: {'model_name': 'KNNImputer', 'n_neighbors': 20726, 'weights': 'uniform'}. Best is trial 97 with value: 0.14012838690342647.
running
[I 2024-10-04 02:00:37,768] Trial 168 finished with value: 0.20043691268882075 and parameters: {'model_name': 'KNNImputer', 'n_neighbors': 33443, 'weights': 'uniform'}. Best is trial 97 with value: 0.14012838690342647.
running
[I 2024-10-04 02:00:45,622] Trial 172 finished with value: 0.1402218625102006 and parameters: {'model_name': 'KNNImputer', 'n_neighbors': 78, 'weights': 'uniform'}. Best is trial 97 with value: 0.14012838690342647.
running
[I 2024-10-04 02:01:08,172] Trial 174 finished with value: 0.1510612826866832 and parameters: {'model_name': 'KNNImputer', 'n_neighbors': 3829, 'weights': 'uniform'}. Best is trial 97 with value: 0.14012838690342647.
running
[I 2024-10-04 02:01:18,566] Trial 176 finished with value: 0.14514212699451504 and parameters: {'model_name': 'KNNImputer', 'n_neighbors': 9, 'weights': 'uniform'}. Best is trial 97 with value: 0.14012838690342647.
running
[I 2024-10-04 02:01:19,255] Trial 173 finished with value: 0.17689055575863524 and parameters: {'model_name': 'KNNImputer', 'n_neighbors': 19998, 'weights': 'uniform'}. Best is trial 97 with value: 0.14012838690342647.
running
[I 2024-10-04 02:01:22,676] Trial 177 finished with value: 0.1429609340638728 and parameters: {'model_name': 'KNNImputer', 'n_neighbors': 13, 'weights': 'uniform'}. Best is trial 97 with value: 0.14012838690342647.
running
[I 2024-10-04 02:01:29,270] Trial 175 finished with value: 0.18137425863947232 and parameters: {'model_name': 'KNNImputer', 'n_neighbors': 22489, 'weights': 'uniform'}. Best is trial 97 with value: 0.14012838690342647.
running
[I 2024-10-04 02:01:29,874] Trial 178 finished with value: 0.14075475536175602 and parameters: {'model_name': 'KNNImputer', 'n_neighbors': 27, 'weights': 'uniform'}. Best is trial 97 with value: 0.14012838690342647.
running
[I 2024-10-04 02:01:53,693] Trial 179 finished with value: 0.16009153659773578 and parameters: {'model_name': 'KNNImputer', 'n_neighbors': 3, 'weights': 'uniform'}. Best is trial 97 with value: 0.14012838690342647.
running
[I 2024-10-04 02:02:06,457] Trial 180 finished with value: 0.14557121714401175 and parameters: {'model_name': 'KNNImputer', 'n_neighbors': 1138, 'weights': 'uniform'}. Best is trial 97 with value: 0.14012838690342647.
running
[I 2024-10-04 02:02:09,743] Trial 182 finished with value: 0.14650133569911789 and parameters: {'model_name': 'KNNImputer', 'n_neighbors': 1451, 'weights': 'uniform'}. Best is trial 97 with value: 0.14012838690342647.
running
[I 2024-10-04 02:02:12,079] Trial 181 finished with value: 0.14737745168195218 and parameters: {'model_name': 'KNNImputer', 'n_neighbors': 1813, 'weights': 'uniform'}. Best is trial 97 with value: 0.14012838690342647.
running
[I 2024-10-04 02:02:18,296] Trial 184 finished with value: 0.147544570254336 and parameters: {'model_name': 'KNNImputer', 'n_neighbors': 1884, 'weights': 'uniform'}. Best is trial 97 with value: 0.14012838690342647.
running
[I 2024-10-04 02:02:39,189] Trial 183 finished with value: 0.18954194773274738 and parameters: {'model_name': 'KNNImputer', 'n_neighbors': 26999, 'weights': 'uniform'}. Best is trial 97 with value: 0.14012838690342647.
running
[I 2024-10-04 02:02:42,378] Trial 185 finished with value: 0.14741450635481945 and parameters: {'model_name': 'KNNImputer', 'n_neighbors': 1830, 'weights': 'uniform'}. Best is trial 97 with value: 0.14012838690342647.
running
[I 2024-10-04 02:02:55,065] Trial 186 finished with value: 0.14719797539908275 and parameters: {'model_name': 'KNNImputer', 'n_neighbors': 1739, 'weights': 'uniform'}. Best is trial 97 with value: 0.14012838690342647.
running
[I 2024-10-04 02:02:57,982] Trial 187 finished with value: 0.14760521549721112 and parameters: {'model_name': 'KNNImputer', 'n_neighbors': 1910, 'weights': 'uniform'}. Best is trial 97 with value: 0.14012838690342647.
running
[I 2024-10-04 02:02:58,558] Trial 193 finished with value: 0.20422496063214934 and parameters: {'model_name': 'SimpleImputer', 'strategy': 'mean'}. Best is trial 97 with value: 0.14012838690342647.
running
[I 2024-10-04 02:03:00,983] Trial 188 finished with value: 0.1448563912976167 and parameters: {'model_name': 'KNNImputer', 'n_neighbors': 915, 'weights': 'uniform'}. Best is trial 97 with value: 0.14012838690342647.
running
[I 2024-10-04 02:03:05,175] Trial 189 finished with value: 0.1448935975353662 and parameters: {'model_name': 'KNNImputer', 'n_neighbors': 925, 'weights': 'uniform'}. Best is trial 97 with value: 0.14012838690342647.
running
[I 2024-10-04 02:03:25,152] Trial 190 finished with value: 0.14388448108694804 and parameters: {'model_name': 'KNNImputer', 'n_neighbors': 668, 'weights': 'uniform'}. Best is trial 97 with value: 0.14012838690342647.
running
[I 2024-10-04 02:03:29,666] Trial 191 finished with value: 0.1447123183349635 and parameters: {'model_name': 'KNNImputer', 'n_neighbors': 872, 'weights': 'uniform'}. Best is trial 97 with value: 0.14012838690342647.
running
[I 2024-10-04 02:03:39,618] Trial 192 finished with value: 0.14456148431300705 and parameters: {'model_name': 'KNNImputer', 'n_neighbors': 833, 'weights': 'uniform'}. Best is trial 97 with value: 0.14012838690342647.
running
[I 2024-10-04 02:03:46,037] Trial 195 finished with value: 0.1442879232130815 and parameters: {'model_name': 'KNNImputer', 'n_neighbors': 764, 'weights': 'uniform'}. Best is trial 97 with value: 0.14012838690342647.
[I 2024-10-04 02:03:47,116] Trial 199 finished with value: 0.3612116095696093 and parameters: {'model_name': 'GAIN', 'batch_size': 9, 'hint_rate': 0.6119748508009372, 'alpha': 2, 'iterations': 3, 'learning_rate': 0.00010494947715248513, 'p_miss': 0.2929456532127489}. Best is trial 97 with value: 0.14012838690342647.
[I 2024-10-04 02:03:55,788] Trial 196 finished with value: 0.20422496063214934 and parameters: {'model_name': 'KNNImputer', 'n_neighbors': 46050, 'weights': 'uniform'}. Best is trial 97 with value: 0.14012838690342647.
[I 2024-10-04 02:04:03,690] Trial 197 finished with value: 0.1429609340638728 and parameters: {'model_name': 'KNNImputer', 'n_neighbors': 13, 'weights': 'uniform'}. Best is trial 97 with value: 0.14012838690342647.
[I 2024-10-04 02:07:41,739] Trial 194 finished with value: 0.21099417115364455 and parameters: {'model_name': 'VAE', 'batch_size': 10, 'iterations': 211, 'learning_rate': 0.002153663393317711, 'p_miss': 0.2932832415716774}. Best is trial 97 with value: 0.14012838690342647.
[I 2024-10-04 02:08:31,605] Trial 198 finished with value: 0.2100993528237504 and parameters: {'model_name': 'VAE', 'batch_size': 12, 'iterations': 211, 'learning_rate': 0.0025788640452579143, 'p_miss': 0.28557519151415617}. Best is trial 97 with value: 0.14012838690342647.
[I 2024-10-04 02:18:33,251] Trial 73 finished with value: 0.1606722433020486 and parameters: {'model_name': 'IterativeImputer', 'estimator': 'RFR', 'initial_strategy': 'mean', 'n_nearest_features': 3, 'imputation_order': 'descending'}. Best is trial 97 with value: 0.14012838690342647.
[I 2024-10-04 02:19:09,882] Trial 75 finished with value: 0.17827873555599988 and parameters: {'model_name': 'IterativeImputer', 'estimator': 'RFR', 'initial_strategy': 'mean', 'n_nearest_features': 2, 'imputation_order': 'descending'}. Best is trial 97 with value: 0.14012838690342647.
[I 2024-10-04 02:31:00,844] Trial 42 finished with value: 0.23142905771736869 and parameters: {'model_name': 'VAE', 'batch_size': 1, 'iterations': 6414, 'learning_rate': 0.07838361488367543, 'p_miss': 0.010430783302306623}. Best is trial 97 with value: 0.14012838690342647.
[I 2024-10-04 02:51:45,107] Trial 78 finished with value: 0.17837421827908956 and parameters: {'model_name': 'IterativeImputer', 'estimator': 'RFR', 'initial_strategy': 'mean', 'n_nearest_features': 2, 'imputation_order': 'descending'}. Best is trial 97 with value: 0.14012838690342647.
[I 2024-10-04 02:52:55,950] Trial 79 finished with value: 0.178423221464624 and parameters: {'model_name': 'IterativeImputer', 'estimator': 'RFR', 'initial_strategy': 'mean', 'n_nearest_features': 2, 'imputation_order': 'descending'}. Best is trial 97 with value: 0.14012838690342647.
[I 2024-10-04 03:06:19,356] Trial 39 finished with value: 0.2041399122373122 and parameters: {'model_name': 'VAE', 'batch_size': 961, 'iterations': 8212, 'learning_rate': 0.046936336853488185, 'p_miss': 0.017878376397652107}. Best is trial 97 with value: 0.14012838690342647.
[I 2024-10-04 03:06:48,063] Trial 35 finished with value: 0.20425861937969342 and parameters: {'model_name': 'VAE', 'batch_size': 672, 'iterations': 9939, 'learning_rate': 0.06705081674302357, 'p_miss': 0.01609910302353773}. Best is trial 97 with value: 0.14012838690342647.
[I 2024-10-04 03:15:42,991] Trial 40 finished with value: 0.20438774894981998 and parameters: {'model_name': 'VAE', 'batch_size': 960, 'iterations': 9662, 'learning_rate': 0.08901678460915842, 'p_miss': 0.04276528317475797}. Best is trial 97 with value: 0.14012838690342647.
[I 2024-10-04 04:32:43,765] Trial 82 finished with value: 0.14668638024461686 and parameters: {'model_name': 'IterativeImputer', 'estimator': 'RFR', 'initial_strategy': 'mean', 'n_nearest_features': 5, 'imputation_order': 'arabic'}. Best is trial 97 with value: 0.14012838690342647.
[I 2024-10-04 04:41:54,801] Trial 93 finished with value: 0.14658642680963918 and parameters: {'model_name': 'IterativeImputer', 'estimator': 'RFR', 'initial_strategy': 'mean', 'n_nearest_features': 5, 'imputation_order': 'arabic'}. Best is trial 97 with value: 0.14012838690342647.
fit
auto fit
auto transform
0    0
1    0
2    0
3    0
4    0
5    0
6    0
7    0
8    0
dtype: int64
0    0
1    0
2    0
3    0
4    0
5    0
6    0
7    0
8    0
dtype: int64
0.14012838690342647
{'model_name': 'KNNImputer', 'n_neighbors': 46, 'weights': 'uniform'}
running experiment 2/3 - Does reconstruction give good automl predictions
Start est fit
Version 0.1.7a0 of tpot2 is outdated. Version 0.1.8a0 was released Tuesday September 17, 2024.
Version 0.1.7a0 of tpot2 is outdated. Version 0.1.8a0 was released Tuesday September 17, 2024.
Version 0.1.7a0 of tpot2 is outdated. Version 0.1.8a0 was released Tuesday September 17, 2024.
Version 0.1.7a0 of tpot2 is outdated. Version 0.1.8a0 was released Tuesday September 17, 2024.
Version 0.1.7a0 of tpot2 is outdated. Version 0.1.8a0 was released Tuesday September 17, 2024.
Version 0.1.7a0 of tpot2 is outdated. Version 0.1.8a0 was released Tuesday September 17, 2024.
Version 0.1.7a0 of tpot2 is outdated. Version 0.1.8a0 was released Tuesday September 17, 2024.
Version 0.1.7a0 of tpot2 is outdated. Version 0.1.8a0 was released Tuesday September 17, 2024.
Version 0.1.7a0 of tpot2 is outdated. Version 0.1.8a0 was released Tuesday September 17, 2024.
Version 0.1.7a0 of tpot2 is outdated. Version 0.1.8a0 was released Tuesday September 17, 2024.
Version 0.1.7a0 of tpot2 is outdated. Version 0.1.8a0 was released Tuesday September 17, 2024.
Version 0.1.7a0 of tpot2 is outdated. Version 0.1.8a0 was released Tuesday September 17, 2024.
Version 0.1.7a0 of tpot2 is outdated. Version 0.1.8a0 was released Tuesday September 17, 2024.
Version 0.1.7a0 of tpot2 is outdated. Version 0.1.8a0 was released Tuesday September 17, 2024.
Version 0.1.7a0 of tpot2 is outdated. Version 0.1.8a0 was released Tuesday September 17, 2024.
Version 0.1.7a0 of tpot2 is outdated. Version 0.1.8a0 was released Tuesday September 17, 2024.
  0%|          | 0/25 [00:00<?, ?it/s]Generation:   0%|          | 0/25 [00:00<?, ?it/s]WARNING THIS INDIVIDUAL CAUSED AND EXCEPTION 
 <tpot2.search_spaces.pipelines.sequential.SequentialPipelineIndividual object at 0x1554746a10c0> 
 The 'criterion' parameter of ExtraTreesRegressor must be a str among {'friedman_mse', 'poisson', 'absolute_error', 'squared_error'}. Got 'mae' instead. 
 Traceback (most recent call last):
  File "/common/ketrong/tpotexp/tpot2/tpot2/utils/eval_utils.py", line 53, in objective_nan_wrapper
    value = func_timeout.func_timeout(timeout, objective_function, args=[individual], kwargs=objective_kwargs)
  File "/common/ketrong/tpotexp/env/lib/python3.10/site-packages/func_timeout/dafunc.py", line 108, in func_timeout
    raise_exception(exception)
  File "/common/ketrong/tpotexp/env/lib/python3.10/site-packages/func_timeout/py3_raise.py", line 7, in raise_exception
    raise exception[0] from None
  File "/common/ketrong/tpotexp/tpot2/tpot2/tpot_estimator/estimator.py", line 623, in objective_function
    return objective_function_generator(
  File "/common/ketrong/tpotexp/tpot2/tpot2/tpot_estimator/estimator_utils.py", line 55, in objective_function_generator
    cv_obj_scores = cross_val_score_objective(sklearn.base.clone(pipeline),x,y,scorers=scorers, cv=cv , fold=step)
  File "/common/ketrong/tpotexp/tpot2/tpot2/tpot_estimator/cross_val_utils.py", line 28, in cross_val_score_objective
    this_fold_pipeline.fit(X_train,y_train)
  File "/common/ketrong/tpotexp/env/lib/python3.10/site-packages/sklearn/base.py", line 1473, in wrapper
    return fit_method(estimator, *args, **kwargs)
  File "/common/ketrong/tpotexp/env/lib/python3.10/site-packages/sklearn/pipeline.py", line 473, in fit
    self._final_estimator.fit(Xt, y, **last_step_params["fit"])
  File "/common/ketrong/tpotexp/env/lib/python3.10/site-packages/sklearn/base.py", line 1466, in wrapper
    estimator._validate_params()
  File "/common/ketrong/tpotexp/env/lib/python3.10/site-packages/sklearn/base.py", line 666, in _validate_params
    validate_parameter_constraints(
  File "/common/ketrong/tpotexp/env/lib/python3.10/site-packages/sklearn/utils/_param_validation.py", line 95, in validate_parameter_constraints
    raise InvalidParameterError(
sklearn.utils._param_validation.InvalidParameterError: The 'criterion' parameter of ExtraTreesRegressor must be a str among {'friedman_mse', 'poisson', 'absolute_error', 'squared_error'}. Got 'mae' instead.

Generation:  1
Best root_mean_squared_error score: -2.9101728177484043
Generation:   4%|         | 1/25 [03:43<1:29:35, 224.00s/it]WARNING THIS INDIVIDUAL CAUSED AND EXCEPTION 
 <tpot2.search_spaces.pipelines.sequential.SequentialPipelineIndividual object at 0x1554746eabc0> 
 The 'criterion' parameter of RandomForestRegressor must be a str among {'friedman_mse', 'poisson', 'absolute_error', 'squared_error'}. Got 'mae' instead. 
 Traceback (most recent call last):
  File "/common/ketrong/tpotexp/tpot2/tpot2/utils/eval_utils.py", line 53, in objective_nan_wrapper
    value = func_timeout.func_timeout(timeout, objective_function, args=[individual], kwargs=objective_kwargs)
  File "/common/ketrong/tpotexp/env/lib/python3.10/site-packages/func_timeout/dafunc.py", line 108, in func_timeout
    raise_exception(exception)
  File "/common/ketrong/tpotexp/env/lib/python3.10/site-packages/func_timeout/py3_raise.py", line 7, in raise_exception
    raise exception[0] from None
  File "/common/ketrong/tpotexp/tpot2/tpot2/tpot_estimator/estimator.py", line 623, in objective_function
    return objective_function_generator(
  File "/common/ketrong/tpotexp/tpot2/tpot2/tpot_estimator/estimator_utils.py", line 55, in objective_function_generator
    cv_obj_scores = cross_val_score_objective(sklearn.base.clone(pipeline),x,y,scorers=scorers, cv=cv , fold=step)
  File "/common/ketrong/tpotexp/tpot2/tpot2/tpot_estimator/cross_val_utils.py", line 28, in cross_val_score_objective
    this_fold_pipeline.fit(X_train,y_train)
  File "/common/ketrong/tpotexp/env/lib/python3.10/site-packages/sklearn/base.py", line 1473, in wrapper
    return fit_method(estimator, *args, **kwargs)
  File "/common/ketrong/tpotexp/env/lib/python3.10/site-packages/sklearn/pipeline.py", line 473, in fit
    self._final_estimator.fit(Xt, y, **last_step_params["fit"])
  File "/common/ketrong/tpotexp/env/lib/python3.10/site-packages/sklearn/base.py", line 1466, in wrapper
    estimator._validate_params()
  File "/common/ketrong/tpotexp/env/lib/python3.10/site-packages/sklearn/base.py", line 666, in _validate_params
    validate_parameter_constraints(
  File "/common/ketrong/tpotexp/env/lib/python3.10/site-packages/sklearn/utils/_param_validation.py", line 95, in validate_parameter_constraints
    raise InvalidParameterError(
sklearn.utils._param_validation.InvalidParameterError: The 'criterion' parameter of RandomForestRegressor must be a str among {'friedman_mse', 'poisson', 'absolute_error', 'squared_error'}. Got 'mae' instead.

WARNING THIS INDIVIDUAL CAUSED AND EXCEPTION 
 <tpot2.search_spaces.pipelines.sequential.SequentialPipelineIndividual object at 0x1554746ea2c0> 
 The 'criterion' parameter of ExtraTreesRegressor must be a str among {'friedman_mse', 'poisson', 'absolute_error', 'squared_error'}. Got 'mae' instead. 
 Traceback (most recent call last):
  File "/common/ketrong/tpotexp/tpot2/tpot2/utils/eval_utils.py", line 53, in objective_nan_wrapper
    value = func_timeout.func_timeout(timeout, objective_function, args=[individual], kwargs=objective_kwargs)
  File "/common/ketrong/tpotexp/env/lib/python3.10/site-packages/func_timeout/dafunc.py", line 108, in func_timeout
    raise_exception(exception)
  File "/common/ketrong/tpotexp/env/lib/python3.10/site-packages/func_timeout/py3_raise.py", line 7, in raise_exception
    raise exception[0] from None
  File "/common/ketrong/tpotexp/tpot2/tpot2/tpot_estimator/estimator.py", line 623, in objective_function
    return objective_function_generator(
  File "/common/ketrong/tpotexp/tpot2/tpot2/tpot_estimator/estimator_utils.py", line 55, in objective_function_generator
    cv_obj_scores = cross_val_score_objective(sklearn.base.clone(pipeline),x,y,scorers=scorers, cv=cv , fold=step)
  File "/common/ketrong/tpotexp/tpot2/tpot2/tpot_estimator/cross_val_utils.py", line 28, in cross_val_score_objective
    this_fold_pipeline.fit(X_train,y_train)
  File "/common/ketrong/tpotexp/env/lib/python3.10/site-packages/sklearn/base.py", line 1473, in wrapper
    return fit_method(estimator, *args, **kwargs)
  File "/common/ketrong/tpotexp/env/lib/python3.10/site-packages/sklearn/pipeline.py", line 473, in fit
    self._final_estimator.fit(Xt, y, **last_step_params["fit"])
  File "/common/ketrong/tpotexp/env/lib/python3.10/site-packages/sklearn/base.py", line 1466, in wrapper
    estimator._validate_params()
  File "/common/ketrong/tpotexp/env/lib/python3.10/site-packages/sklearn/base.py", line 666, in _validate_params
    validate_parameter_constraints(
  File "/common/ketrong/tpotexp/env/lib/python3.10/site-packages/sklearn/utils/_param_validation.py", line 95, in validate_parameter_constraints
    raise InvalidParameterError(
sklearn.utils._param_validation.InvalidParameterError: The 'criterion' parameter of ExtraTreesRegressor must be a str among {'friedman_mse', 'poisson', 'absolute_error', 'squared_error'}. Got 'mae' instead.

Generation:  2
Best root_mean_squared_error score: -2.9101728177484043
Generation:   8%|         | 2/25 [08:15<1:36:28, 251.69s/it]WARNING THIS INDIVIDUAL CAUSED AND EXCEPTION 
 <tpot2.search_spaces.pipelines.sequential.SequentialPipelineIndividual object at 0x155474705f90> 
 The 'criterion' parameter of RandomForestRegressor must be a str among {'friedman_mse', 'poisson', 'absolute_error', 'squared_error'}. Got 'mse' instead. 
 Traceback (most recent call last):
  File "/common/ketrong/tpotexp/tpot2/tpot2/utils/eval_utils.py", line 53, in objective_nan_wrapper
    value = func_timeout.func_timeout(timeout, objective_function, args=[individual], kwargs=objective_kwargs)
  File "/common/ketrong/tpotexp/env/lib/python3.10/site-packages/func_timeout/dafunc.py", line 108, in func_timeout
    raise_exception(exception)
  File "/common/ketrong/tpotexp/env/lib/python3.10/site-packages/func_timeout/py3_raise.py", line 7, in raise_exception
    raise exception[0] from None
  File "/common/ketrong/tpotexp/tpot2/tpot2/tpot_estimator/estimator.py", line 623, in objective_function
    return objective_function_generator(
  File "/common/ketrong/tpotexp/tpot2/tpot2/tpot_estimator/estimator_utils.py", line 55, in objective_function_generator
    cv_obj_scores = cross_val_score_objective(sklearn.base.clone(pipeline),x,y,scorers=scorers, cv=cv , fold=step)
  File "/common/ketrong/tpotexp/tpot2/tpot2/tpot_estimator/cross_val_utils.py", line 28, in cross_val_score_objective
    this_fold_pipeline.fit(X_train,y_train)
  File "/common/ketrong/tpotexp/env/lib/python3.10/site-packages/sklearn/base.py", line 1473, in wrapper
    return fit_method(estimator, *args, **kwargs)
  File "/common/ketrong/tpotexp/env/lib/python3.10/site-packages/sklearn/pipeline.py", line 473, in fit
    self._final_estimator.fit(Xt, y, **last_step_params["fit"])
  File "/common/ketrong/tpotexp/env/lib/python3.10/site-packages/sklearn/base.py", line 1466, in wrapper
    estimator._validate_params()
  File "/common/ketrong/tpotexp/env/lib/python3.10/site-packages/sklearn/base.py", line 666, in _validate_params
    validate_parameter_constraints(
  File "/common/ketrong/tpotexp/env/lib/python3.10/site-packages/sklearn/utils/_param_validation.py", line 95, in validate_parameter_constraints
    raise InvalidParameterError(
sklearn.utils._param_validation.InvalidParameterError: The 'criterion' parameter of RandomForestRegressor must be a str among {'friedman_mse', 'poisson', 'absolute_error', 'squared_error'}. Got 'mse' instead.

WARNING THIS INDIVIDUAL CAUSED AND EXCEPTION 
 <tpot2.search_spaces.pipelines.sequential.SequentialPipelineIndividual object at 0x15545b144670> 
 The 'criterion' parameter of ExtraTreesRegressor must be a str among {'friedman_mse', 'poisson', 'absolute_error', 'squared_error'}. Got 'mae' instead. 
 Traceback (most recent call last):
  File "/common/ketrong/tpotexp/tpot2/tpot2/utils/eval_utils.py", line 53, in objective_nan_wrapper
    value = func_timeout.func_timeout(timeout, objective_function, args=[individual], kwargs=objective_kwargs)
  File "/common/ketrong/tpotexp/env/lib/python3.10/site-packages/func_timeout/dafunc.py", line 108, in func_timeout
    raise_exception(exception)
  File "/common/ketrong/tpotexp/env/lib/python3.10/site-packages/func_timeout/py3_raise.py", line 7, in raise_exception
    raise exception[0] from None
  File "/common/ketrong/tpotexp/tpot2/tpot2/tpot_estimator/estimator.py", line 623, in objective_function
    return objective_function_generator(
  File "/common/ketrong/tpotexp/tpot2/tpot2/tpot_estimator/estimator_utils.py", line 55, in objective_function_generator
    cv_obj_scores = cross_val_score_objective(sklearn.base.clone(pipeline),x,y,scorers=scorers, cv=cv , fold=step)
  File "/common/ketrong/tpotexp/tpot2/tpot2/tpot_estimator/cross_val_utils.py", line 28, in cross_val_score_objective
    this_fold_pipeline.fit(X_train,y_train)
  File "/common/ketrong/tpotexp/env/lib/python3.10/site-packages/sklearn/base.py", line 1473, in wrapper
    return fit_method(estimator, *args, **kwargs)
  File "/common/ketrong/tpotexp/env/lib/python3.10/site-packages/sklearn/pipeline.py", line 473, in fit
    self._final_estimator.fit(Xt, y, **last_step_params["fit"])
  File "/common/ketrong/tpotexp/env/lib/python3.10/site-packages/sklearn/base.py", line 1466, in wrapper
    estimator._validate_params()
  File "/common/ketrong/tpotexp/env/lib/python3.10/site-packages/sklearn/base.py", line 666, in _validate_params
    validate_parameter_constraints(
  File "/common/ketrong/tpotexp/env/lib/python3.10/site-packages/sklearn/utils/_param_validation.py", line 95, in validate_parameter_constraints
    raise InvalidParameterError(
sklearn.utils._param_validation.InvalidParameterError: The 'criterion' parameter of ExtraTreesRegressor must be a str among {'friedman_mse', 'poisson', 'absolute_error', 'squared_error'}. Got 'mae' instead.

WARNING AN INDIVIDUAL TIMED OUT: 
 <tpot2.search_spaces.pipelines.sequential.SequentialPipelineIndividual object at 0x155474727760> 

Generation:  3
Best root_mean_squared_error score: -2.9101728177484043
Generation:  12%|        | 3/25 [18:18<2:31:07, 412.15s/it]WARNING THIS INDIVIDUAL CAUSED AND EXCEPTION 
 <tpot2.search_spaces.pipelines.sequential.SequentialPipelineIndividual object at 0x155474727910> 
 The 'criterion' parameter of ExtraTreesRegressor must be a str among {'friedman_mse', 'poisson', 'absolute_error', 'squared_error'}. Got 'mae' instead. 
 Traceback (most recent call last):
  File "/common/ketrong/tpotexp/tpot2/tpot2/utils/eval_utils.py", line 53, in objective_nan_wrapper
    value = func_timeout.func_timeout(timeout, objective_function, args=[individual], kwargs=objective_kwargs)
  File "/common/ketrong/tpotexp/env/lib/python3.10/site-packages/func_timeout/dafunc.py", line 108, in func_timeout
    raise_exception(exception)
  File "/common/ketrong/tpotexp/env/lib/python3.10/site-packages/func_timeout/py3_raise.py", line 7, in raise_exception
    raise exception[0] from None
  File "/common/ketrong/tpotexp/tpot2/tpot2/tpot_estimator/estimator.py", line 623, in objective_function
    return objective_function_generator(
  File "/common/ketrong/tpotexp/tpot2/tpot2/tpot_estimator/estimator_utils.py", line 55, in objective_function_generator
    cv_obj_scores = cross_val_score_objective(sklearn.base.clone(pipeline),x,y,scorers=scorers, cv=cv , fold=step)
  File "/common/ketrong/tpotexp/tpot2/tpot2/tpot_estimator/cross_val_utils.py", line 28, in cross_val_score_objective
    this_fold_pipeline.fit(X_train,y_train)
  File "/common/ketrong/tpotexp/env/lib/python3.10/site-packages/sklearn/base.py", line 1473, in wrapper
    return fit_method(estimator, *args, **kwargs)
  File "/common/ketrong/tpotexp/env/lib/python3.10/site-packages/sklearn/pipeline.py", line 473, in fit
    self._final_estimator.fit(Xt, y, **last_step_params["fit"])
  File "/common/ketrong/tpotexp/env/lib/python3.10/site-packages/sklearn/base.py", line 1466, in wrapper
    estimator._validate_params()
  File "/common/ketrong/tpotexp/env/lib/python3.10/site-packages/sklearn/base.py", line 666, in _validate_params
    validate_parameter_constraints(
  File "/common/ketrong/tpotexp/env/lib/python3.10/site-packages/sklearn/utils/_param_validation.py", line 95, in validate_parameter_constraints
    raise InvalidParameterError(
sklearn.utils._param_validation.InvalidParameterError: The 'criterion' parameter of ExtraTreesRegressor must be a str among {'friedman_mse', 'poisson', 'absolute_error', 'squared_error'}. Got 'mae' instead.

WARNING AN INDIVIDUAL TIMED OUT: 
 <tpot2.search_spaces.pipelines.sequential.SequentialPipelineIndividual object at 0x1554648c8b20> 

Generation:  4
Best root_mean_squared_error score: -2.9101728177484043
Generation:  16%|        | 4/25 [28:21<2:50:41, 487.70s/it]WARNING AN INDIVIDUAL TIMED OUT: 
 <tpot2.search_spaces.pipelines.sequential.SequentialPipelineIndividual object at 0x1554648acee0> 

Generation:  5
Best root_mean_squared_error score: -2.90958109338117
Generation:  20%|        | 5/25 [38:25<2:56:30, 529.54s/it]WARNING THIS INDIVIDUAL CAUSED AND EXCEPTION 
 <tpot2.search_spaces.pipelines.sequential.SequentialPipelineIndividual object at 0x155464907880> 
 The 'criterion' parameter of ExtraTreesRegressor must be a str among {'friedman_mse', 'poisson', 'absolute_error', 'squared_error'}. Got 'mae' instead. 
 Traceback (most recent call last):
  File "/common/ketrong/tpotexp/tpot2/tpot2/utils/eval_utils.py", line 53, in objective_nan_wrapper
    value = func_timeout.func_timeout(timeout, objective_function, args=[individual], kwargs=objective_kwargs)
  File "/common/ketrong/tpotexp/env/lib/python3.10/site-packages/func_timeout/dafunc.py", line 108, in func_timeout
    raise_exception(exception)
  File "/common/ketrong/tpotexp/env/lib/python3.10/site-packages/func_timeout/py3_raise.py", line 7, in raise_exception
    raise exception[0] from None
  File "/common/ketrong/tpotexp/tpot2/tpot2/tpot_estimator/estimator.py", line 623, in objective_function
    return objective_function_generator(
  File "/common/ketrong/tpotexp/tpot2/tpot2/tpot_estimator/estimator_utils.py", line 55, in objective_function_generator
    cv_obj_scores = cross_val_score_objective(sklearn.base.clone(pipeline),x,y,scorers=scorers, cv=cv , fold=step)
  File "/common/ketrong/tpotexp/tpot2/tpot2/tpot_estimator/cross_val_utils.py", line 28, in cross_val_score_objective
    this_fold_pipeline.fit(X_train,y_train)
  File "/common/ketrong/tpotexp/env/lib/python3.10/site-packages/sklearn/base.py", line 1473, in wrapper
    return fit_method(estimator, *args, **kwargs)
  File "/common/ketrong/tpotexp/env/lib/python3.10/site-packages/sklearn/pipeline.py", line 473, in fit
    self._final_estimator.fit(Xt, y, **last_step_params["fit"])
  File "/common/ketrong/tpotexp/env/lib/python3.10/site-packages/sklearn/base.py", line 1466, in wrapper
    estimator._validate_params()
  File "/common/ketrong/tpotexp/env/lib/python3.10/site-packages/sklearn/base.py", line 666, in _validate_params
    validate_parameter_constraints(
  File "/common/ketrong/tpotexp/env/lib/python3.10/site-packages/sklearn/utils/_param_validation.py", line 95, in validate_parameter_constraints
    raise InvalidParameterError(
sklearn.utils._param_validation.InvalidParameterError: The 'criterion' parameter of ExtraTreesRegressor must be a str among {'friedman_mse', 'poisson', 'absolute_error', 'squared_error'}. Got 'mae' instead.

WARNING THIS INDIVIDUAL CAUSED AND EXCEPTION 
 <tpot2.search_spaces.pipelines.sequential.SequentialPipelineIndividual object at 0x1554643f3d30> 
 The 'criterion' parameter of ExtraTreesRegressor must be a str among {'friedman_mse', 'poisson', 'absolute_error', 'squared_error'}. Got 'mae' instead. 
 Traceback (most recent call last):
  File "/common/ketrong/tpotexp/tpot2/tpot2/utils/eval_utils.py", line 53, in objective_nan_wrapper
    value = func_timeout.func_timeout(timeout, objective_function, args=[individual], kwargs=objective_kwargs)
  File "/common/ketrong/tpotexp/env/lib/python3.10/site-packages/func_timeout/dafunc.py", line 108, in func_timeout
    raise_exception(exception)
  File "/common/ketrong/tpotexp/env/lib/python3.10/site-packages/func_timeout/py3_raise.py", line 7, in raise_exception
    raise exception[0] from None
  File "/common/ketrong/tpotexp/tpot2/tpot2/tpot_estimator/estimator.py", line 623, in objective_function
    return objective_function_generator(
  File "/common/ketrong/tpotexp/tpot2/tpot2/tpot_estimator/estimator_utils.py", line 55, in objective_function_generator
    cv_obj_scores = cross_val_score_objective(sklearn.base.clone(pipeline),x,y,scorers=scorers, cv=cv , fold=step)
  File "/common/ketrong/tpotexp/tpot2/tpot2/tpot_estimator/cross_val_utils.py", line 28, in cross_val_score_objective
    this_fold_pipeline.fit(X_train,y_train)
  File "/common/ketrong/tpotexp/env/lib/python3.10/site-packages/sklearn/base.py", line 1473, in wrapper
    return fit_method(estimator, *args, **kwargs)
  File "/common/ketrong/tpotexp/env/lib/python3.10/site-packages/sklearn/pipeline.py", line 473, in fit
    self._final_estimator.fit(Xt, y, **last_step_params["fit"])
  File "/common/ketrong/tpotexp/env/lib/python3.10/site-packages/sklearn/base.py", line 1466, in wrapper
    estimator._validate_params()
  File "/common/ketrong/tpotexp/env/lib/python3.10/site-packages/sklearn/base.py", line 666, in _validate_params
    validate_parameter_constraints(
  File "/common/ketrong/tpotexp/env/lib/python3.10/site-packages/sklearn/utils/_param_validation.py", line 95, in validate_parameter_constraints
    raise InvalidParameterError(
sklearn.utils._param_validation.InvalidParameterError: The 'criterion' parameter of ExtraTreesRegressor must be a str among {'friedman_mse', 'poisson', 'absolute_error', 'squared_error'}. Got 'mae' instead.

WARNING THIS INDIVIDUAL CAUSED AND EXCEPTION 
 <tpot2.search_spaces.pipelines.sequential.SequentialPipelineIndividual object at 0x155474726200> 
 The 'criterion' parameter of ExtraTreesRegressor must be a str among {'friedman_mse', 'poisson', 'absolute_error', 'squared_error'}. Got 'mae' instead. 
 Traceback (most recent call last):
  File "/common/ketrong/tpotexp/tpot2/tpot2/utils/eval_utils.py", line 53, in objective_nan_wrapper
    value = func_timeout.func_timeout(timeout, objective_function, args=[individual], kwargs=objective_kwargs)
  File "/common/ketrong/tpotexp/env/lib/python3.10/site-packages/func_timeout/dafunc.py", line 108, in func_timeout
    raise_exception(exception)
  File "/common/ketrong/tpotexp/env/lib/python3.10/site-packages/func_timeout/py3_raise.py", line 7, in raise_exception
    raise exception[0] from None
  File "/common/ketrong/tpotexp/tpot2/tpot2/tpot_estimator/estimator.py", line 623, in objective_function
    return objective_function_generator(
  File "/common/ketrong/tpotexp/tpot2/tpot2/tpot_estimator/estimator_utils.py", line 55, in objective_function_generator
    cv_obj_scores = cross_val_score_objective(sklearn.base.clone(pipeline),x,y,scorers=scorers, cv=cv , fold=step)
  File "/common/ketrong/tpotexp/tpot2/tpot2/tpot_estimator/cross_val_utils.py", line 28, in cross_val_score_objective
    this_fold_pipeline.fit(X_train,y_train)
  File "/common/ketrong/tpotexp/env/lib/python3.10/site-packages/sklearn/base.py", line 1473, in wrapper
    return fit_method(estimator, *args, **kwargs)
  File "/common/ketrong/tpotexp/env/lib/python3.10/site-packages/sklearn/pipeline.py", line 473, in fit
    self._final_estimator.fit(Xt, y, **last_step_params["fit"])
  File "/common/ketrong/tpotexp/env/lib/python3.10/site-packages/sklearn/base.py", line 1466, in wrapper
    estimator._validate_params()
  File "/common/ketrong/tpotexp/env/lib/python3.10/site-packages/sklearn/base.py", line 666, in _validate_params
    validate_parameter_constraints(
  File "/common/ketrong/tpotexp/env/lib/python3.10/site-packages/sklearn/utils/_param_validation.py", line 95, in validate_parameter_constraints
    raise InvalidParameterError(
sklearn.utils._param_validation.InvalidParameterError: The 'criterion' parameter of ExtraTreesRegressor must be a str among {'friedman_mse', 'poisson', 'absolute_error', 'squared_error'}. Got 'mae' instead.

Generation:  6
Best root_mean_squared_error score: -2.8944334264246687
Generation:  24%|       | 6/25 [38:47<1:53:06, 357.16s/it]WARNING THIS INDIVIDUAL CAUSED AND EXCEPTION 
 <tpot2.search_spaces.pipelines.sequential.SequentialPipelineIndividual object at 0x155467e0c340> 
 The 'criterion' parameter of ExtraTreesRegressor must be a str among {'friedman_mse', 'poisson', 'absolute_error', 'squared_error'}. Got 'mae' instead. 
 Traceback (most recent call last):
  File "/common/ketrong/tpotexp/tpot2/tpot2/utils/eval_utils.py", line 53, in objective_nan_wrapper
    value = func_timeout.func_timeout(timeout, objective_function, args=[individual], kwargs=objective_kwargs)
  File "/common/ketrong/tpotexp/env/lib/python3.10/site-packages/func_timeout/dafunc.py", line 108, in func_timeout
    raise_exception(exception)
  File "/common/ketrong/tpotexp/env/lib/python3.10/site-packages/func_timeout/py3_raise.py", line 7, in raise_exception
    raise exception[0] from None
  File "/common/ketrong/tpotexp/tpot2/tpot2/tpot_estimator/estimator.py", line 623, in objective_function
    return objective_function_generator(
  File "/common/ketrong/tpotexp/tpot2/tpot2/tpot_estimator/estimator_utils.py", line 55, in objective_function_generator
    cv_obj_scores = cross_val_score_objective(sklearn.base.clone(pipeline),x,y,scorers=scorers, cv=cv , fold=step)
  File "/common/ketrong/tpotexp/tpot2/tpot2/tpot_estimator/cross_val_utils.py", line 28, in cross_val_score_objective
    this_fold_pipeline.fit(X_train,y_train)
  File "/common/ketrong/tpotexp/env/lib/python3.10/site-packages/sklearn/base.py", line 1473, in wrapper
    return fit_method(estimator, *args, **kwargs)
  File "/common/ketrong/tpotexp/env/lib/python3.10/site-packages/sklearn/pipeline.py", line 473, in fit
    self._final_estimator.fit(Xt, y, **last_step_params["fit"])
  File "/common/ketrong/tpotexp/env/lib/python3.10/site-packages/sklearn/base.py", line 1466, in wrapper
    estimator._validate_params()
  File "/common/ketrong/tpotexp/env/lib/python3.10/site-packages/sklearn/base.py", line 666, in _validate_params
    validate_parameter_constraints(
  File "/common/ketrong/tpotexp/env/lib/python3.10/site-packages/sklearn/utils/_param_validation.py", line 95, in validate_parameter_constraints
    raise InvalidParameterError(
sklearn.utils._param_validation.InvalidParameterError: The 'criterion' parameter of ExtraTreesRegressor must be a str among {'friedman_mse', 'poisson', 'absolute_error', 'squared_error'}. Got 'mae' instead.

WARNING THIS INDIVIDUAL CAUSED AND EXCEPTION 
 <tpot2.search_spaces.pipelines.sequential.SequentialPipelineIndividual object at 0x155474726b60> 
 The 'criterion' parameter of RandomForestRegressor must be a str among {'friedman_mse', 'poisson', 'absolute_error', 'squared_error'}. Got 'mse' instead. 
 Traceback (most recent call last):
  File "/common/ketrong/tpotexp/tpot2/tpot2/utils/eval_utils.py", line 53, in objective_nan_wrapper
    value = func_timeout.func_timeout(timeout, objective_function, args=[individual], kwargs=objective_kwargs)
  File "/common/ketrong/tpotexp/env/lib/python3.10/site-packages/func_timeout/dafunc.py", line 108, in func_timeout
    raise_exception(exception)
  File "/common/ketrong/tpotexp/env/lib/python3.10/site-packages/func_timeout/py3_raise.py", line 7, in raise_exception
    raise exception[0] from None
  File "/common/ketrong/tpotexp/tpot2/tpot2/tpot_estimator/estimator.py", line 623, in objective_function
    return objective_function_generator(
  File "/common/ketrong/tpotexp/tpot2/tpot2/tpot_estimator/estimator_utils.py", line 55, in objective_function_generator
    cv_obj_scores = cross_val_score_objective(sklearn.base.clone(pipeline),x,y,scorers=scorers, cv=cv , fold=step)
  File "/common/ketrong/tpotexp/tpot2/tpot2/tpot_estimator/cross_val_utils.py", line 28, in cross_val_score_objective
    this_fold_pipeline.fit(X_train,y_train)
  File "/common/ketrong/tpotexp/env/lib/python3.10/site-packages/sklearn/base.py", line 1473, in wrapper
    return fit_method(estimator, *args, **kwargs)
  File "/common/ketrong/tpotexp/env/lib/python3.10/site-packages/sklearn/pipeline.py", line 473, in fit
    self._final_estimator.fit(Xt, y, **last_step_params["fit"])
  File "/common/ketrong/tpotexp/env/lib/python3.10/site-packages/sklearn/base.py", line 1466, in wrapper
    estimator._validate_params()
  File "/common/ketrong/tpotexp/env/lib/python3.10/site-packages/sklearn/base.py", line 666, in _validate_params
    validate_parameter_constraints(
  File "/common/ketrong/tpotexp/env/lib/python3.10/site-packages/sklearn/utils/_param_validation.py", line 95, in validate_parameter_constraints
    raise InvalidParameterError(
sklearn.utils._param_validation.InvalidParameterError: The 'criterion' parameter of RandomForestRegressor must be a str among {'friedman_mse', 'poisson', 'absolute_error', 'squared_error'}. Got 'mse' instead.

WARNING AN INDIVIDUAL TIMED OUT: 
 <tpot2.search_spaces.pipelines.sequential.SequentialPipelineIndividual object at 0x155466e71de0> 

Generation:  7
Best root_mean_squared_error score: -2.8944334264246687
Generation:  28%|       | 7/25 [48:53<2:11:28, 438.24s/it]WARNING THIS INDIVIDUAL CAUSED AND EXCEPTION 
 <tpot2.search_spaces.pipelines.sequential.SequentialPipelineIndividual object at 0x155467ce1090> 
 The 'criterion' parameter of DecisionTreeRegressor must be a str among {'friedman_mse', 'poisson', 'absolute_error', 'squared_error'}. Got 'mae' instead. 
 Traceback (most recent call last):
  File "/common/ketrong/tpotexp/tpot2/tpot2/utils/eval_utils.py", line 53, in objective_nan_wrapper
    value = func_timeout.func_timeout(timeout, objective_function, args=[individual], kwargs=objective_kwargs)
  File "/common/ketrong/tpotexp/env/lib/python3.10/site-packages/func_timeout/dafunc.py", line 108, in func_timeout
    raise_exception(exception)
  File "/common/ketrong/tpotexp/env/lib/python3.10/site-packages/func_timeout/py3_raise.py", line 7, in raise_exception
    raise exception[0] from None
  File "/common/ketrong/tpotexp/tpot2/tpot2/tpot_estimator/estimator.py", line 623, in objective_function
    return objective_function_generator(
  File "/common/ketrong/tpotexp/tpot2/tpot2/tpot_estimator/estimator_utils.py", line 55, in objective_function_generator
    cv_obj_scores = cross_val_score_objective(sklearn.base.clone(pipeline),x,y,scorers=scorers, cv=cv , fold=step)
  File "/common/ketrong/tpotexp/tpot2/tpot2/tpot_estimator/cross_val_utils.py", line 28, in cross_val_score_objective
    this_fold_pipeline.fit(X_train,y_train)
  File "/common/ketrong/tpotexp/env/lib/python3.10/site-packages/sklearn/base.py", line 1473, in wrapper
    return fit_method(estimator, *args, **kwargs)
  File "/common/ketrong/tpotexp/env/lib/python3.10/site-packages/sklearn/pipeline.py", line 473, in fit
    self._final_estimator.fit(Xt, y, **last_step_params["fit"])
  File "/common/ketrong/tpotexp/env/lib/python3.10/site-packages/sklearn/base.py", line 1466, in wrapper
    estimator._validate_params()
  File "/common/ketrong/tpotexp/env/lib/python3.10/site-packages/sklearn/base.py", line 666, in _validate_params
    validate_parameter_constraints(
  File "/common/ketrong/tpotexp/env/lib/python3.10/site-packages/sklearn/utils/_param_validation.py", line 95, in validate_parameter_constraints
    raise InvalidParameterError(
sklearn.utils._param_validation.InvalidParameterError: The 'criterion' parameter of DecisionTreeRegressor must be a str among {'friedman_mse', 'poisson', 'absolute_error', 'squared_error'}. Got 'mae' instead.

WARNING THIS INDIVIDUAL CAUSED AND EXCEPTION 
 <tpot2.search_spaces.pipelines.sequential.SequentialPipelineIndividual object at 0x1554746a1ab0> 
 The 'criterion' parameter of RandomForestRegressor must be a str among {'friedman_mse', 'poisson', 'absolute_error', 'squared_error'}. Got 'mse' instead. 
 Traceback (most recent call last):
  File "/common/ketrong/tpotexp/tpot2/tpot2/utils/eval_utils.py", line 53, in objective_nan_wrapper
    value = func_timeout.func_timeout(timeout, objective_function, args=[individual], kwargs=objective_kwargs)
  File "/common/ketrong/tpotexp/env/lib/python3.10/site-packages/func_timeout/dafunc.py", line 108, in func_timeout
    raise_exception(exception)
  File "/common/ketrong/tpotexp/env/lib/python3.10/site-packages/func_timeout/py3_raise.py", line 7, in raise_exception
    raise exception[0] from None
  File "/common/ketrong/tpotexp/tpot2/tpot2/tpot_estimator/estimator.py", line 623, in objective_function
    return objective_function_generator(
  File "/common/ketrong/tpotexp/tpot2/tpot2/tpot_estimator/estimator_utils.py", line 55, in objective_function_generator
    cv_obj_scores = cross_val_score_objective(sklearn.base.clone(pipeline),x,y,scorers=scorers, cv=cv , fold=step)
  File "/common/ketrong/tpotexp/tpot2/tpot2/tpot_estimator/cross_val_utils.py", line 28, in cross_val_score_objective
    this_fold_pipeline.fit(X_train,y_train)
  File "/common/ketrong/tpotexp/env/lib/python3.10/site-packages/sklearn/base.py", line 1473, in wrapper
    return fit_method(estimator, *args, **kwargs)
  File "/common/ketrong/tpotexp/env/lib/python3.10/site-packages/sklearn/pipeline.py", line 473, in fit
    self._final_estimator.fit(Xt, y, **last_step_params["fit"])
  File "/common/ketrong/tpotexp/env/lib/python3.10/site-packages/sklearn/base.py", line 1466, in wrapper
    estimator._validate_params()
  File "/common/ketrong/tpotexp/env/lib/python3.10/site-packages/sklearn/base.py", line 666, in _validate_params
    validate_parameter_constraints(
  File "/common/ketrong/tpotexp/env/lib/python3.10/site-packages/sklearn/utils/_param_validation.py", line 95, in validate_parameter_constraints
    raise InvalidParameterError(
sklearn.utils._param_validation.InvalidParameterError: The 'criterion' parameter of RandomForestRegressor must be a str among {'friedman_mse', 'poisson', 'absolute_error', 'squared_error'}. Got 'mse' instead.

WARNING AN INDIVIDUAL TIMED OUT: 
 <tpot2.search_spaces.pipelines.sequential.SequentialPipelineIndividual object at 0x155467e50ac0> 

Generation:  8
Best root_mean_squared_error score: -2.8944334264246687
Generation:  32%|      | 8/25 [58:58<2:19:12, 491.33s/it]Generation:  9
Best root_mean_squared_error score: -2.8944334264246687
Generation:  36%|      | 9/25 [1:00:06<1:35:46, 359.13s/it]WARNING THIS INDIVIDUAL CAUSED AND EXCEPTION 
 <tpot2.search_spaces.pipelines.sequential.SequentialPipelineIndividual object at 0x155474707a00> 
 The 'criterion' parameter of ExtraTreesRegressor must be a str among {'friedman_mse', 'poisson', 'absolute_error', 'squared_error'}. Got 'mae' instead. 
 Traceback (most recent call last):
  File "/common/ketrong/tpotexp/tpot2/tpot2/utils/eval_utils.py", line 53, in objective_nan_wrapper
    value = func_timeout.func_timeout(timeout, objective_function, args=[individual], kwargs=objective_kwargs)
  File "/common/ketrong/tpotexp/env/lib/python3.10/site-packages/func_timeout/dafunc.py", line 108, in func_timeout
    raise_exception(exception)
  File "/common/ketrong/tpotexp/env/lib/python3.10/site-packages/func_timeout/py3_raise.py", line 7, in raise_exception
    raise exception[0] from None
  File "/common/ketrong/tpotexp/tpot2/tpot2/tpot_estimator/estimator.py", line 623, in objective_function
    return objective_function_generator(
  File "/common/ketrong/tpotexp/tpot2/tpot2/tpot_estimator/estimator_utils.py", line 55, in objective_function_generator
    cv_obj_scores = cross_val_score_objective(sklearn.base.clone(pipeline),x,y,scorers=scorers, cv=cv , fold=step)
  File "/common/ketrong/tpotexp/tpot2/tpot2/tpot_estimator/cross_val_utils.py", line 28, in cross_val_score_objective
    this_fold_pipeline.fit(X_train,y_train)
  File "/common/ketrong/tpotexp/env/lib/python3.10/site-packages/sklearn/base.py", line 1473, in wrapper
    return fit_method(estimator, *args, **kwargs)
  File "/common/ketrong/tpotexp/env/lib/python3.10/site-packages/sklearn/pipeline.py", line 473, in fit
    self._final_estimator.fit(Xt, y, **last_step_params["fit"])
  File "/common/ketrong/tpotexp/env/lib/python3.10/site-packages/sklearn/base.py", line 1466, in wrapper
    estimator._validate_params()
  File "/common/ketrong/tpotexp/env/lib/python3.10/site-packages/sklearn/base.py", line 666, in _validate_params
    validate_parameter_constraints(
  File "/common/ketrong/tpotexp/env/lib/python3.10/site-packages/sklearn/utils/_param_validation.py", line 95, in validate_parameter_constraints
    raise InvalidParameterError(
sklearn.utils._param_validation.InvalidParameterError: The 'criterion' parameter of ExtraTreesRegressor must be a str among {'friedman_mse', 'poisson', 'absolute_error', 'squared_error'}. Got 'mae' instead.

Generation:  10
Best root_mean_squared_error score: -2.8944334264246687
Generation:  40%|      | 10/25 [1:00:34<1:04:12, 256.85s/it]WARNING THIS INDIVIDUAL CAUSED AND EXCEPTION 
 <tpot2.search_spaces.pipelines.sequential.SequentialPipelineIndividual object at 0x15545b1763b0> 
 The 'criterion' parameter of RandomForestRegressor must be a str among {'friedman_mse', 'poisson', 'absolute_error', 'squared_error'}. Got 'mse' instead. 
 Traceback (most recent call last):
  File "/common/ketrong/tpotexp/tpot2/tpot2/utils/eval_utils.py", line 53, in objective_nan_wrapper
    value = func_timeout.func_timeout(timeout, objective_function, args=[individual], kwargs=objective_kwargs)
  File "/common/ketrong/tpotexp/env/lib/python3.10/site-packages/func_timeout/dafunc.py", line 108, in func_timeout
    raise_exception(exception)
  File "/common/ketrong/tpotexp/env/lib/python3.10/site-packages/func_timeout/py3_raise.py", line 7, in raise_exception
    raise exception[0] from None
  File "/common/ketrong/tpotexp/tpot2/tpot2/tpot_estimator/estimator.py", line 623, in objective_function
    return objective_function_generator(
  File "/common/ketrong/tpotexp/tpot2/tpot2/tpot_estimator/estimator_utils.py", line 55, in objective_function_generator
    cv_obj_scores = cross_val_score_objective(sklearn.base.clone(pipeline),x,y,scorers=scorers, cv=cv , fold=step)
  File "/common/ketrong/tpotexp/tpot2/tpot2/tpot_estimator/cross_val_utils.py", line 28, in cross_val_score_objective
    this_fold_pipeline.fit(X_train,y_train)
  File "/common/ketrong/tpotexp/env/lib/python3.10/site-packages/sklearn/base.py", line 1473, in wrapper
    return fit_method(estimator, *args, **kwargs)
  File "/common/ketrong/tpotexp/env/lib/python3.10/site-packages/sklearn/pipeline.py", line 473, in fit
    self._final_estimator.fit(Xt, y, **last_step_params["fit"])
  File "/common/ketrong/tpotexp/env/lib/python3.10/site-packages/sklearn/base.py", line 1466, in wrapper
    estimator._validate_params()
  File "/common/ketrong/tpotexp/env/lib/python3.10/site-packages/sklearn/base.py", line 666, in _validate_params
    validate_parameter_constraints(
  File "/common/ketrong/tpotexp/env/lib/python3.10/site-packages/sklearn/utils/_param_validation.py", line 95, in validate_parameter_constraints
    raise InvalidParameterError(
sklearn.utils._param_validation.InvalidParameterError: The 'criterion' parameter of RandomForestRegressor must be a str among {'friedman_mse', 'poisson', 'absolute_error', 'squared_error'}. Got 'mse' instead.

WARNING THIS INDIVIDUAL CAUSED AND EXCEPTION 
 <tpot2.search_spaces.pipelines.sequential.SequentialPipelineIndividual object at 0x1554746a0a90> 
 The 'criterion' parameter of RandomForestRegressor must be a str among {'friedman_mse', 'poisson', 'absolute_error', 'squared_error'}. Got 'mse' instead. 
 Traceback (most recent call last):
  File "/common/ketrong/tpotexp/tpot2/tpot2/utils/eval_utils.py", line 53, in objective_nan_wrapper
    value = func_timeout.func_timeout(timeout, objective_function, args=[individual], kwargs=objective_kwargs)
  File "/common/ketrong/tpotexp/env/lib/python3.10/site-packages/func_timeout/dafunc.py", line 108, in func_timeout
    raise_exception(exception)
  File "/common/ketrong/tpotexp/env/lib/python3.10/site-packages/func_timeout/py3_raise.py", line 7, in raise_exception
    raise exception[0] from None
  File "/common/ketrong/tpotexp/tpot2/tpot2/tpot_estimator/estimator.py", line 623, in objective_function
    return objective_function_generator(
  File "/common/ketrong/tpotexp/tpot2/tpot2/tpot_estimator/estimator_utils.py", line 55, in objective_function_generator
    cv_obj_scores = cross_val_score_objective(sklearn.base.clone(pipeline),x,y,scorers=scorers, cv=cv , fold=step)
  File "/common/ketrong/tpotexp/tpot2/tpot2/tpot_estimator/cross_val_utils.py", line 28, in cross_val_score_objective
    this_fold_pipeline.fit(X_train,y_train)
  File "/common/ketrong/tpotexp/env/lib/python3.10/site-packages/sklearn/base.py", line 1473, in wrapper
    return fit_method(estimator, *args, **kwargs)
  File "/common/ketrong/tpotexp/env/lib/python3.10/site-packages/sklearn/pipeline.py", line 473, in fit
    self._final_estimator.fit(Xt, y, **last_step_params["fit"])
  File "/common/ketrong/tpotexp/env/lib/python3.10/site-packages/sklearn/base.py", line 1466, in wrapper
    estimator._validate_params()
  File "/common/ketrong/tpotexp/env/lib/python3.10/site-packages/sklearn/base.py", line 666, in _validate_params
    validate_parameter_constraints(
  File "/common/ketrong/tpotexp/env/lib/python3.10/site-packages/sklearn/utils/_param_validation.py", line 95, in validate_parameter_constraints
    raise InvalidParameterError(
sklearn.utils._param_validation.InvalidParameterError: The 'criterion' parameter of RandomForestRegressor must be a str among {'friedman_mse', 'poisson', 'absolute_error', 'squared_error'}. Got 'mse' instead.

WARNING THIS INDIVIDUAL CAUSED AND EXCEPTION 
 <tpot2.search_spaces.pipelines.sequential.SequentialPipelineIndividual object at 0x1554597d2a10> 
 The 'criterion' parameter of RandomForestRegressor must be a str among {'friedman_mse', 'poisson', 'absolute_error', 'squared_error'}. Got 'mae' instead. 
 Traceback (most recent call last):
  File "/common/ketrong/tpotexp/tpot2/tpot2/utils/eval_utils.py", line 53, in objective_nan_wrapper
    value = func_timeout.func_timeout(timeout, objective_function, args=[individual], kwargs=objective_kwargs)
  File "/common/ketrong/tpotexp/env/lib/python3.10/site-packages/func_timeout/dafunc.py", line 108, in func_timeout
    raise_exception(exception)
  File "/common/ketrong/tpotexp/env/lib/python3.10/site-packages/func_timeout/py3_raise.py", line 7, in raise_exception
    raise exception[0] from None
  File "/common/ketrong/tpotexp/tpot2/tpot2/tpot_estimator/estimator.py", line 623, in objective_function
    return objective_function_generator(
  File "/common/ketrong/tpotexp/tpot2/tpot2/tpot_estimator/estimator_utils.py", line 55, in objective_function_generator
    cv_obj_scores = cross_val_score_objective(sklearn.base.clone(pipeline),x,y,scorers=scorers, cv=cv , fold=step)
  File "/common/ketrong/tpotexp/tpot2/tpot2/tpot_estimator/cross_val_utils.py", line 28, in cross_val_score_objective
    this_fold_pipeline.fit(X_train,y_train)
  File "/common/ketrong/tpotexp/env/lib/python3.10/site-packages/sklearn/base.py", line 1473, in wrapper
    return fit_method(estimator, *args, **kwargs)
  File "/common/ketrong/tpotexp/env/lib/python3.10/site-packages/sklearn/pipeline.py", line 473, in fit
    self._final_estimator.fit(Xt, y, **last_step_params["fit"])
  File "/common/ketrong/tpotexp/env/lib/python3.10/site-packages/sklearn/base.py", line 1466, in wrapper
    estimator._validate_params()
  File "/common/ketrong/tpotexp/env/lib/python3.10/site-packages/sklearn/base.py", line 666, in _validate_params
    validate_parameter_constraints(
  File "/common/ketrong/tpotexp/env/lib/python3.10/site-packages/sklearn/utils/_param_validation.py", line 95, in validate_parameter_constraints
    raise InvalidParameterError(
sklearn.utils._param_validation.InvalidParameterError: The 'criterion' parameter of RandomForestRegressor must be a str among {'friedman_mse', 'poisson', 'absolute_error', 'squared_error'}. Got 'mae' instead.

Generation:  11
Best root_mean_squared_error score: -2.8944334264246687
Generation:  44%|     | 11/25 [1:01:48<46:51, 200.84s/it]  WARNING THIS INDIVIDUAL CAUSED AND EXCEPTION 
 <tpot2.search_spaces.pipelines.sequential.SequentialPipelineIndividual object at 0x1554643dbdf0> 
 The 'criterion' parameter of ExtraTreesRegressor must be a str among {'friedman_mse', 'poisson', 'absolute_error', 'squared_error'}. Got 'mae' instead. 
 Traceback (most recent call last):
  File "/common/ketrong/tpotexp/tpot2/tpot2/utils/eval_utils.py", line 53, in objective_nan_wrapper
    value = func_timeout.func_timeout(timeout, objective_function, args=[individual], kwargs=objective_kwargs)
  File "/common/ketrong/tpotexp/env/lib/python3.10/site-packages/func_timeout/dafunc.py", line 108, in func_timeout
    raise_exception(exception)
  File "/common/ketrong/tpotexp/env/lib/python3.10/site-packages/func_timeout/py3_raise.py", line 7, in raise_exception
    raise exception[0] from None
  File "/common/ketrong/tpotexp/tpot2/tpot2/tpot_estimator/estimator.py", line 623, in objective_function
    return objective_function_generator(
  File "/common/ketrong/tpotexp/tpot2/tpot2/tpot_estimator/estimator_utils.py", line 55, in objective_function_generator
    cv_obj_scores = cross_val_score_objective(sklearn.base.clone(pipeline),x,y,scorers=scorers, cv=cv , fold=step)
  File "/common/ketrong/tpotexp/tpot2/tpot2/tpot_estimator/cross_val_utils.py", line 28, in cross_val_score_objective
    this_fold_pipeline.fit(X_train,y_train)
  File "/common/ketrong/tpotexp/env/lib/python3.10/site-packages/sklearn/base.py", line 1473, in wrapper
    return fit_method(estimator, *args, **kwargs)
  File "/common/ketrong/tpotexp/env/lib/python3.10/site-packages/sklearn/pipeline.py", line 473, in fit
    self._final_estimator.fit(Xt, y, **last_step_params["fit"])
  File "/common/ketrong/tpotexp/env/lib/python3.10/site-packages/sklearn/base.py", line 1466, in wrapper
    estimator._validate_params()
  File "/common/ketrong/tpotexp/env/lib/python3.10/site-packages/sklearn/base.py", line 666, in _validate_params
    validate_parameter_constraints(
  File "/common/ketrong/tpotexp/env/lib/python3.10/site-packages/sklearn/utils/_param_validation.py", line 95, in validate_parameter_constraints
    raise InvalidParameterError(
sklearn.utils._param_validation.InvalidParameterError: The 'criterion' parameter of ExtraTreesRegressor must be a str among {'friedman_mse', 'poisson', 'absolute_error', 'squared_error'}. Got 'mae' instead.

Generation:  12
Best root_mean_squared_error score: -2.8778596342897904
Generation:  48%|     | 12/25 [1:02:20<32:24, 149.60s/it]WARNING THIS INDIVIDUAL CAUSED AND EXCEPTION 
 <tpot2.search_spaces.pipelines.sequential.SequentialPipelineIndividual object at 0x1554674ed2d0> 
 The 'criterion' parameter of ExtraTreesRegressor must be a str among {'friedman_mse', 'poisson', 'absolute_error', 'squared_error'}. Got 'mae' instead. 
 Traceback (most recent call last):
  File "/common/ketrong/tpotexp/tpot2/tpot2/utils/eval_utils.py", line 53, in objective_nan_wrapper
    value = func_timeout.func_timeout(timeout, objective_function, args=[individual], kwargs=objective_kwargs)
  File "/common/ketrong/tpotexp/env/lib/python3.10/site-packages/func_timeout/dafunc.py", line 108, in func_timeout
    raise_exception(exception)
  File "/common/ketrong/tpotexp/env/lib/python3.10/site-packages/func_timeout/py3_raise.py", line 7, in raise_exception
    raise exception[0] from None
  File "/common/ketrong/tpotexp/tpot2/tpot2/tpot_estimator/estimator.py", line 623, in objective_function
    return objective_function_generator(
  File "/common/ketrong/tpotexp/tpot2/tpot2/tpot_estimator/estimator_utils.py", line 55, in objective_function_generator
    cv_obj_scores = cross_val_score_objective(sklearn.base.clone(pipeline),x,y,scorers=scorers, cv=cv , fold=step)
  File "/common/ketrong/tpotexp/tpot2/tpot2/tpot_estimator/cross_val_utils.py", line 28, in cross_val_score_objective
    this_fold_pipeline.fit(X_train,y_train)
  File "/common/ketrong/tpotexp/env/lib/python3.10/site-packages/sklearn/base.py", line 1473, in wrapper
    return fit_method(estimator, *args, **kwargs)
  File "/common/ketrong/tpotexp/env/lib/python3.10/site-packages/sklearn/pipeline.py", line 473, in fit
    self._final_estimator.fit(Xt, y, **last_step_params["fit"])
  File "/common/ketrong/tpotexp/env/lib/python3.10/site-packages/sklearn/base.py", line 1466, in wrapper
    estimator._validate_params()
  File "/common/ketrong/tpotexp/env/lib/python3.10/site-packages/sklearn/base.py", line 666, in _validate_params
    validate_parameter_constraints(
  File "/common/ketrong/tpotexp/env/lib/python3.10/site-packages/sklearn/utils/_param_validation.py", line 95, in validate_parameter_constraints
    raise InvalidParameterError(
sklearn.utils._param_validation.InvalidParameterError: The 'criterion' parameter of ExtraTreesRegressor must be a str among {'friedman_mse', 'poisson', 'absolute_error', 'squared_error'}. Got 'mae' instead.

Generation:  13
Best root_mean_squared_error score: -2.8778596342897904
Generation:  52%|    | 13/25 [1:03:54<26:30, 132.57s/it]Generation:  14
Best root_mean_squared_error score: -2.8778596342897904
Generation:  56%|    | 14/25 [1:07:24<28:37, 156.13s/it]Generation:  15
Best root_mean_squared_error score: -2.8778596342897904
Generation:  60%|    | 15/25 [1:08:10<20:27, 122.76s/it]WARNING THIS INDIVIDUAL CAUSED AND EXCEPTION 
 <tpot2.search_spaces.pipelines.sequential.SequentialPipelineIndividual object at 0x155466dbef20> 
 The 'criterion' parameter of ExtraTreesRegressor must be a str among {'friedman_mse', 'poisson', 'absolute_error', 'squared_error'}. Got 'mae' instead. 
 Traceback (most recent call last):
  File "/common/ketrong/tpotexp/tpot2/tpot2/utils/eval_utils.py", line 53, in objective_nan_wrapper
    value = func_timeout.func_timeout(timeout, objective_function, args=[individual], kwargs=objective_kwargs)
  File "/common/ketrong/tpotexp/env/lib/python3.10/site-packages/func_timeout/dafunc.py", line 108, in func_timeout
    raise_exception(exception)
  File "/common/ketrong/tpotexp/env/lib/python3.10/site-packages/func_timeout/py3_raise.py", line 7, in raise_exception
    raise exception[0] from None
  File "/common/ketrong/tpotexp/tpot2/tpot2/tpot_estimator/estimator.py", line 623, in objective_function
    return objective_function_generator(
  File "/common/ketrong/tpotexp/tpot2/tpot2/tpot_estimator/estimator_utils.py", line 55, in objective_function_generator
    cv_obj_scores = cross_val_score_objective(sklearn.base.clone(pipeline),x,y,scorers=scorers, cv=cv , fold=step)
  File "/common/ketrong/tpotexp/tpot2/tpot2/tpot_estimator/cross_val_utils.py", line 28, in cross_val_score_objective
    this_fold_pipeline.fit(X_train,y_train)
  File "/common/ketrong/tpotexp/env/lib/python3.10/site-packages/sklearn/base.py", line 1473, in wrapper
    return fit_method(estimator, *args, **kwargs)
  File "/common/ketrong/tpotexp/env/lib/python3.10/site-packages/sklearn/pipeline.py", line 473, in fit
    self._final_estimator.fit(Xt, y, **last_step_params["fit"])
  File "/common/ketrong/tpotexp/env/lib/python3.10/site-packages/sklearn/base.py", line 1466, in wrapper
    estimator._validate_params()
  File "/common/ketrong/tpotexp/env/lib/python3.10/site-packages/sklearn/base.py", line 666, in _validate_params
    validate_parameter_constraints(
  File "/common/ketrong/tpotexp/env/lib/python3.10/site-packages/sklearn/utils/_param_validation.py", line 95, in validate_parameter_constraints
    raise InvalidParameterError(
sklearn.utils._param_validation.InvalidParameterError: The 'criterion' parameter of ExtraTreesRegressor must be a str among {'friedman_mse', 'poisson', 'absolute_error', 'squared_error'}. Got 'mae' instead.

WARNING AN INDIVIDUAL TIMED OUT: 
 <tpot2.search_spaces.pipelines.sequential.SequentialPipelineIndividual object at 0x15546750c760> 

Generation:  16
Best root_mean_squared_error score: -2.8778596342897904
Generation:  64%|   | 16/25 [1:18:17<40:18, 268.72s/it]Generation:  17
Best root_mean_squared_error score: -2.8778596342897904
Generation:  68%|   | 17/25 [1:23:08<36:43, 275.44s/it]WARNING THIS INDIVIDUAL CAUSED AND EXCEPTION 
 <tpot2.search_spaces.pipelines.sequential.SequentialPipelineIndividual object at 0x1554678b82e0> 
 The 'criterion' parameter of RandomForestRegressor must be a str among {'friedman_mse', 'poisson', 'absolute_error', 'squared_error'}. Got 'mse' instead. 
 Traceback (most recent call last):
  File "/common/ketrong/tpotexp/tpot2/tpot2/utils/eval_utils.py", line 53, in objective_nan_wrapper
    value = func_timeout.func_timeout(timeout, objective_function, args=[individual], kwargs=objective_kwargs)
  File "/common/ketrong/tpotexp/env/lib/python3.10/site-packages/func_timeout/dafunc.py", line 108, in func_timeout
    raise_exception(exception)
  File "/common/ketrong/tpotexp/env/lib/python3.10/site-packages/func_timeout/py3_raise.py", line 7, in raise_exception
    raise exception[0] from None
  File "/common/ketrong/tpotexp/tpot2/tpot2/tpot_estimator/estimator.py", line 623, in objective_function
    return objective_function_generator(
  File "/common/ketrong/tpotexp/tpot2/tpot2/tpot_estimator/estimator_utils.py", line 55, in objective_function_generator
    cv_obj_scores = cross_val_score_objective(sklearn.base.clone(pipeline),x,y,scorers=scorers, cv=cv , fold=step)
  File "/common/ketrong/tpotexp/tpot2/tpot2/tpot_estimator/cross_val_utils.py", line 28, in cross_val_score_objective
    this_fold_pipeline.fit(X_train,y_train)
  File "/common/ketrong/tpotexp/env/lib/python3.10/site-packages/sklearn/base.py", line 1473, in wrapper
    return fit_method(estimator, *args, **kwargs)
  File "/common/ketrong/tpotexp/env/lib/python3.10/site-packages/sklearn/pipeline.py", line 473, in fit
    self._final_estimator.fit(Xt, y, **last_step_params["fit"])
  File "/common/ketrong/tpotexp/env/lib/python3.10/site-packages/sklearn/base.py", line 1466, in wrapper
    estimator._validate_params()
  File "/common/ketrong/tpotexp/env/lib/python3.10/site-packages/sklearn/base.py", line 666, in _validate_params
    validate_parameter_constraints(
  File "/common/ketrong/tpotexp/env/lib/python3.10/site-packages/sklearn/utils/_param_validation.py", line 95, in validate_parameter_constraints
    raise InvalidParameterError(
sklearn.utils._param_validation.InvalidParameterError: The 'criterion' parameter of RandomForestRegressor must be a str among {'friedman_mse', 'poisson', 'absolute_error', 'squared_error'}. Got 'mse' instead.

WARNING THIS INDIVIDUAL CAUSED AND EXCEPTION 
 <tpot2.search_spaces.pipelines.sequential.SequentialPipelineIndividual object at 0x1554671e2e00> 
 The 'criterion' parameter of RandomForestRegressor must be a str among {'friedman_mse', 'poisson', 'absolute_error', 'squared_error'}. Got 'mae' instead. 
 Traceback (most recent call last):
  File "/common/ketrong/tpotexp/tpot2/tpot2/utils/eval_utils.py", line 53, in objective_nan_wrapper
    value = func_timeout.func_timeout(timeout, objective_function, args=[individual], kwargs=objective_kwargs)
  File "/common/ketrong/tpotexp/env/lib/python3.10/site-packages/func_timeout/dafunc.py", line 108, in func_timeout
    raise_exception(exception)
  File "/common/ketrong/tpotexp/env/lib/python3.10/site-packages/func_timeout/py3_raise.py", line 7, in raise_exception
    raise exception[0] from None
  File "/common/ketrong/tpotexp/tpot2/tpot2/tpot_estimator/estimator.py", line 623, in objective_function
    return objective_function_generator(
  File "/common/ketrong/tpotexp/tpot2/tpot2/tpot_estimator/estimator_utils.py", line 55, in objective_function_generator
    cv_obj_scores = cross_val_score_objective(sklearn.base.clone(pipeline),x,y,scorers=scorers, cv=cv , fold=step)
  File "/common/ketrong/tpotexp/tpot2/tpot2/tpot_estimator/cross_val_utils.py", line 28, in cross_val_score_objective
    this_fold_pipeline.fit(X_train,y_train)
  File "/common/ketrong/tpotexp/env/lib/python3.10/site-packages/sklearn/base.py", line 1473, in wrapper
    return fit_method(estimator, *args, **kwargs)
  File "/common/ketrong/tpotexp/env/lib/python3.10/site-packages/sklearn/pipeline.py", line 473, in fit
    self._final_estimator.fit(Xt, y, **last_step_params["fit"])
  File "/common/ketrong/tpotexp/env/lib/python3.10/site-packages/sklearn/base.py", line 1466, in wrapper
    estimator._validate_params()
  File "/common/ketrong/tpotexp/env/lib/python3.10/site-packages/sklearn/base.py", line 666, in _validate_params
    validate_parameter_constraints(
  File "/common/ketrong/tpotexp/env/lib/python3.10/site-packages/sklearn/utils/_param_validation.py", line 95, in validate_parameter_constraints
    raise InvalidParameterError(
sklearn.utils._param_validation.InvalidParameterError: The 'criterion' parameter of RandomForestRegressor must be a str among {'friedman_mse', 'poisson', 'absolute_error', 'squared_error'}. Got 'mae' instead.

Generation:  18
Best root_mean_squared_error score: -2.8778596342897904
Generation:  72%|  | 18/25 [1:26:00<28:29, 244.23s/it]Generation:  19
Best root_mean_squared_error score: -2.8778596342897904
Generation:  76%|  | 19/25 [1:26:53<18:41, 186.99s/it]WARNING THIS INDIVIDUAL CAUSED AND EXCEPTION 
 <tpot2.search_spaces.pipelines.sequential.SequentialPipelineIndividual object at 0x1554747262f0> 
 The 'criterion' parameter of RandomForestRegressor must be a str among {'friedman_mse', 'poisson', 'absolute_error', 'squared_error'}. Got 'mse' instead. 
 Traceback (most recent call last):
  File "/common/ketrong/tpotexp/tpot2/tpot2/utils/eval_utils.py", line 53, in objective_nan_wrapper
    value = func_timeout.func_timeout(timeout, objective_function, args=[individual], kwargs=objective_kwargs)
  File "/common/ketrong/tpotexp/env/lib/python3.10/site-packages/func_timeout/dafunc.py", line 108, in func_timeout
    raise_exception(exception)
  File "/common/ketrong/tpotexp/env/lib/python3.10/site-packages/func_timeout/py3_raise.py", line 7, in raise_exception
    raise exception[0] from None
  File "/common/ketrong/tpotexp/tpot2/tpot2/tpot_estimator/estimator.py", line 623, in objective_function
    return objective_function_generator(
  File "/common/ketrong/tpotexp/tpot2/tpot2/tpot_estimator/estimator_utils.py", line 55, in objective_function_generator
    cv_obj_scores = cross_val_score_objective(sklearn.base.clone(pipeline),x,y,scorers=scorers, cv=cv , fold=step)
  File "/common/ketrong/tpotexp/tpot2/tpot2/tpot_estimator/cross_val_utils.py", line 28, in cross_val_score_objective
    this_fold_pipeline.fit(X_train,y_train)
  File "/common/ketrong/tpotexp/env/lib/python3.10/site-packages/sklearn/base.py", line 1473, in wrapper
    return fit_method(estimator, *args, **kwargs)
  File "/common/ketrong/tpotexp/env/lib/python3.10/site-packages/sklearn/pipeline.py", line 473, in fit
    self._final_estimator.fit(Xt, y, **last_step_params["fit"])
  File "/common/ketrong/tpotexp/env/lib/python3.10/site-packages/sklearn/base.py", line 1466, in wrapper
    estimator._validate_params()
  File "/common/ketrong/tpotexp/env/lib/python3.10/site-packages/sklearn/base.py", line 666, in _validate_params
    validate_parameter_constraints(
  File "/common/ketrong/tpotexp/env/lib/python3.10/site-packages/sklearn/utils/_param_validation.py", line 95, in validate_parameter_constraints
    raise InvalidParameterError(
sklearn.utils._param_validation.InvalidParameterError: The 'criterion' parameter of RandomForestRegressor must be a str among {'friedman_mse', 'poisson', 'absolute_error', 'squared_error'}. Got 'mse' instead.

WARNING AN INDIVIDUAL TIMED OUT: 
 <tpot2.search_spaces.pipelines.sequential.SequentialPipelineIndividual object at 0x1554746a25f0> 

Generation:  20
Best root_mean_squared_error score: -2.8778596342897904
Generation:  80%|  | 20/25 [1:37:03<26:09, 313.86s/it]WARNING THIS INDIVIDUAL CAUSED AND EXCEPTION 
 <tpot2.search_spaces.pipelines.sequential.SequentialPipelineIndividual object at 0x15546717da50> 
 The 'criterion' parameter of RandomForestRegressor must be a str among {'friedman_mse', 'poisson', 'absolute_error', 'squared_error'}. Got 'mse' instead. 
 Traceback (most recent call last):
  File "/common/ketrong/tpotexp/tpot2/tpot2/utils/eval_utils.py", line 53, in objective_nan_wrapper
    value = func_timeout.func_timeout(timeout, objective_function, args=[individual], kwargs=objective_kwargs)
  File "/common/ketrong/tpotexp/env/lib/python3.10/site-packages/func_timeout/dafunc.py", line 108, in func_timeout
    raise_exception(exception)
  File "/common/ketrong/tpotexp/env/lib/python3.10/site-packages/func_timeout/py3_raise.py", line 7, in raise_exception
    raise exception[0] from None
  File "/common/ketrong/tpotexp/tpot2/tpot2/tpot_estimator/estimator.py", line 623, in objective_function
    return objective_function_generator(
  File "/common/ketrong/tpotexp/tpot2/tpot2/tpot_estimator/estimator_utils.py", line 55, in objective_function_generator
    cv_obj_scores = cross_val_score_objective(sklearn.base.clone(pipeline),x,y,scorers=scorers, cv=cv , fold=step)
  File "/common/ketrong/tpotexp/tpot2/tpot2/tpot_estimator/cross_val_utils.py", line 28, in cross_val_score_objective
    this_fold_pipeline.fit(X_train,y_train)
  File "/common/ketrong/tpotexp/env/lib/python3.10/site-packages/sklearn/base.py", line 1473, in wrapper
    return fit_method(estimator, *args, **kwargs)
  File "/common/ketrong/tpotexp/env/lib/python3.10/site-packages/sklearn/pipeline.py", line 473, in fit
    self._final_estimator.fit(Xt, y, **last_step_params["fit"])
  File "/common/ketrong/tpotexp/env/lib/python3.10/site-packages/sklearn/base.py", line 1466, in wrapper
    estimator._validate_params()
  File "/common/ketrong/tpotexp/env/lib/python3.10/site-packages/sklearn/base.py", line 666, in _validate_params
    validate_parameter_constraints(
  File "/common/ketrong/tpotexp/env/lib/python3.10/site-packages/sklearn/utils/_param_validation.py", line 95, in validate_parameter_constraints
    raise InvalidParameterError(
sklearn.utils._param_validation.InvalidParameterError: The 'criterion' parameter of RandomForestRegressor must be a str among {'friedman_mse', 'poisson', 'absolute_error', 'squared_error'}. Got 'mse' instead.

WARNING THIS INDIVIDUAL CAUSED AND EXCEPTION 
 <tpot2.search_spaces.pipelines.sequential.SequentialPipelineIndividual object at 0x1554678b8eb0> 
 The 'criterion' parameter of RandomForestRegressor must be a str among {'friedman_mse', 'poisson', 'absolute_error', 'squared_error'}. Got 'mse' instead. 
 Traceback (most recent call last):
  File "/common/ketrong/tpotexp/tpot2/tpot2/utils/eval_utils.py", line 53, in objective_nan_wrapper
    value = func_timeout.func_timeout(timeout, objective_function, args=[individual], kwargs=objective_kwargs)
  File "/common/ketrong/tpotexp/env/lib/python3.10/site-packages/func_timeout/dafunc.py", line 108, in func_timeout
    raise_exception(exception)
  File "/common/ketrong/tpotexp/env/lib/python3.10/site-packages/func_timeout/py3_raise.py", line 7, in raise_exception
    raise exception[0] from None
  File "/common/ketrong/tpotexp/tpot2/tpot2/tpot_estimator/estimator.py", line 623, in objective_function
    return objective_function_generator(
  File "/common/ketrong/tpotexp/tpot2/tpot2/tpot_estimator/estimator_utils.py", line 55, in objective_function_generator
    cv_obj_scores = cross_val_score_objective(sklearn.base.clone(pipeline),x,y,scorers=scorers, cv=cv , fold=step)
  File "/common/ketrong/tpotexp/tpot2/tpot2/tpot_estimator/cross_val_utils.py", line 28, in cross_val_score_objective
    this_fold_pipeline.fit(X_train,y_train)
  File "/common/ketrong/tpotexp/env/lib/python3.10/site-packages/sklearn/base.py", line 1473, in wrapper
    return fit_method(estimator, *args, **kwargs)
  File "/common/ketrong/tpotexp/env/lib/python3.10/site-packages/sklearn/pipeline.py", line 473, in fit
    self._final_estimator.fit(Xt, y, **last_step_params["fit"])
  File "/common/ketrong/tpotexp/env/lib/python3.10/site-packages/sklearn/base.py", line 1466, in wrapper
    estimator._validate_params()
  File "/common/ketrong/tpotexp/env/lib/python3.10/site-packages/sklearn/base.py", line 666, in _validate_params
    validate_parameter_constraints(
  File "/common/ketrong/tpotexp/env/lib/python3.10/site-packages/sklearn/utils/_param_validation.py", line 95, in validate_parameter_constraints
    raise InvalidParameterError(
sklearn.utils._param_validation.InvalidParameterError: The 'criterion' parameter of RandomForestRegressor must be a str among {'friedman_mse', 'poisson', 'absolute_error', 'squared_error'}. Got 'mse' instead.

Generation:  21
Best root_mean_squared_error score: -2.8778596342897904
Generation:  84%| | 21/25 [1:43:21<22:11, 332.96s/it]Generation:  22
Best root_mean_squared_error score: -2.8778596342897904
Generation:  88%| | 22/25 [1:45:36<13:41, 273.70s/it]Generation:  23
Best root_mean_squared_error score: -2.8778596342897904
Generation:  92%|| 23/25 [1:47:00<07:13, 216.63s/it]WARNING THIS INDIVIDUAL CAUSED AND EXCEPTION 
 <tpot2.search_spaces.pipelines.sequential.SequentialPipelineIndividual object at 0x1554746e90c0> 
 The 'criterion' parameter of RandomForestRegressor must be a str among {'friedman_mse', 'poisson', 'absolute_error', 'squared_error'}. Got 'mse' instead. 
 Traceback (most recent call last):
  File "/common/ketrong/tpotexp/tpot2/tpot2/utils/eval_utils.py", line 53, in objective_nan_wrapper
    value = func_timeout.func_timeout(timeout, objective_function, args=[individual], kwargs=objective_kwargs)
  File "/common/ketrong/tpotexp/env/lib/python3.10/site-packages/func_timeout/dafunc.py", line 108, in func_timeout
    raise_exception(exception)
  File "/common/ketrong/tpotexp/env/lib/python3.10/site-packages/func_timeout/py3_raise.py", line 7, in raise_exception
    raise exception[0] from None
  File "/common/ketrong/tpotexp/tpot2/tpot2/tpot_estimator/estimator.py", line 623, in objective_function
    return objective_function_generator(
  File "/common/ketrong/tpotexp/tpot2/tpot2/tpot_estimator/estimator_utils.py", line 55, in objective_function_generator
    cv_obj_scores = cross_val_score_objective(sklearn.base.clone(pipeline),x,y,scorers=scorers, cv=cv , fold=step)
  File "/common/ketrong/tpotexp/tpot2/tpot2/tpot_estimator/cross_val_utils.py", line 28, in cross_val_score_objective
    this_fold_pipeline.fit(X_train,y_train)
  File "/common/ketrong/tpotexp/env/lib/python3.10/site-packages/sklearn/base.py", line 1473, in wrapper
    return fit_method(estimator, *args, **kwargs)
  File "/common/ketrong/tpotexp/env/lib/python3.10/site-packages/sklearn/pipeline.py", line 473, in fit
    self._final_estimator.fit(Xt, y, **last_step_params["fit"])
  File "/common/ketrong/tpotexp/env/lib/python3.10/site-packages/sklearn/base.py", line 1466, in wrapper
    estimator._validate_params()
  File "/common/ketrong/tpotexp/env/lib/python3.10/site-packages/sklearn/base.py", line 666, in _validate_params
    validate_parameter_constraints(
  File "/common/ketrong/tpotexp/env/lib/python3.10/site-packages/sklearn/utils/_param_validation.py", line 95, in validate_parameter_constraints
    raise InvalidParameterError(
sklearn.utils._param_validation.InvalidParameterError: The 'criterion' parameter of RandomForestRegressor must be a str among {'friedman_mse', 'poisson', 'absolute_error', 'squared_error'}. Got 'mse' instead.

WARNING THIS INDIVIDUAL CAUSED AND EXCEPTION 
 <tpot2.search_spaces.pipelines.sequential.SequentialPipelineIndividual object at 0x155474726bc0> 
 The 'criterion' parameter of RandomForestRegressor must be a str among {'friedman_mse', 'poisson', 'absolute_error', 'squared_error'}. Got 'mse' instead. 
 Traceback (most recent call last):
  File "/common/ketrong/tpotexp/tpot2/tpot2/utils/eval_utils.py", line 53, in objective_nan_wrapper
    value = func_timeout.func_timeout(timeout, objective_function, args=[individual], kwargs=objective_kwargs)
  File "/common/ketrong/tpotexp/env/lib/python3.10/site-packages/func_timeout/dafunc.py", line 108, in func_timeout
    raise_exception(exception)
  File "/common/ketrong/tpotexp/env/lib/python3.10/site-packages/func_timeout/py3_raise.py", line 7, in raise_exception
    raise exception[0] from None
  File "/common/ketrong/tpotexp/tpot2/tpot2/tpot_estimator/estimator.py", line 623, in objective_function
    return objective_function_generator(
  File "/common/ketrong/tpotexp/tpot2/tpot2/tpot_estimator/estimator_utils.py", line 55, in objective_function_generator
    cv_obj_scores = cross_val_score_objective(sklearn.base.clone(pipeline),x,y,scorers=scorers, cv=cv , fold=step)
  File "/common/ketrong/tpotexp/tpot2/tpot2/tpot_estimator/cross_val_utils.py", line 28, in cross_val_score_objective
    this_fold_pipeline.fit(X_train,y_train)
  File "/common/ketrong/tpotexp/env/lib/python3.10/site-packages/sklearn/base.py", line 1473, in wrapper
    return fit_method(estimator, *args, **kwargs)
  File "/common/ketrong/tpotexp/env/lib/python3.10/site-packages/sklearn/pipeline.py", line 473, in fit
    self._final_estimator.fit(Xt, y, **last_step_params["fit"])
  File "/common/ketrong/tpotexp/env/lib/python3.10/site-packages/sklearn/base.py", line 1466, in wrapper
    estimator._validate_params()
  File "/common/ketrong/tpotexp/env/lib/python3.10/site-packages/sklearn/base.py", line 666, in _validate_params
    validate_parameter_constraints(
  File "/common/ketrong/tpotexp/env/lib/python3.10/site-packages/sklearn/utils/_param_validation.py", line 95, in validate_parameter_constraints
    raise InvalidParameterError(
sklearn.utils._param_validation.InvalidParameterError: The 'criterion' parameter of RandomForestRegressor must be a str among {'friedman_mse', 'poisson', 'absolute_error', 'squared_error'}. Got 'mse' instead.

Generation:  24
Best root_mean_squared_error score: -2.8778596342897904
Generation:  96%|| 24/25 [1:52:30<04:10, 250.87s/it]Generation:  25
Best root_mean_squared_error score: -2.8778596342897904
Generation: 100%|| 25/25 [1:53:44<00:00, 197.81s/it]Generation: 100%|| 25/25 [1:53:47<00:00, 273.09s/it]
2024-10-04 06:36:09,266 - distributed.scheduler - ERROR - Removing worker 'tcp://127.0.0.1:39291' caused the cluster to lose scattered data, which can't be recovered: {'ndarray-894b8de514bf02389d736c601609b5f2', 'DataFrame-edee9f7d9e8d9a17dcfe6b777e771f31'} (stimulus_id='handle-worker-cleanup-1728048969.2664723')
Fitted
Pipeline(steps=[('histgradientboostingregressor',
                 HistGradientBoostingRegressor(early_stopping=True,
                                               l2_regularization=1.239e-10,
                                               learning_rate=0.0371510766122,
                                               max_features=0.200798839277,
                                               max_leaf_nodes=767,
                                               min_samples_leaf=4,
                                               n_iter_no_change=18, tol=0.0001,
                                               validation_fraction=None))])
score start
train score: {'explained_var': 0.919306744842917, 'r2': 0.919306744842917, 'rmse': 1.85580424291945}
original test score: {'explained_var': 0.8097649971712398, 'r2': 0.8097573262512614, 'rmse': 2.8571665012476144}
imputed test score: {'explained_var': 0.8048642553391938, 'r2': 0.8048519810066475, 'rmse': 2.893767618679965}
score end
check intended
EXP2 Finished
running experiment 3/3 - What is the best automl settings?
<tpot2.search_spaces.pipelines.sequential.SequentialPipeline object at 0x1551cb3862f0>
Start tpot fit
Version 0.1.7a0 of tpot2 is outdated. Version 0.1.8a0 was released Tuesday September 17, 2024.
Version 0.1.7a0 of tpot2 is outdated. Version 0.1.8a0 was released Tuesday September 17, 2024.
Version 0.1.7a0 of tpot2 is outdated. Version 0.1.8a0 was released Tuesday September 17, 2024.
Version 0.1.7a0 of tpot2 is outdated. Version 0.1.8a0 was released Tuesday September 17, 2024.
Version 0.1.7a0 of tpot2 is outdated. Version 0.1.8a0 was released Tuesday September 17, 2024.
Version 0.1.7a0 of tpot2 is outdated. Version 0.1.8a0 was released Tuesday September 17, 2024.
Version 0.1.7a0 of tpot2 is outdated. Version 0.1.8a0 was released Tuesday September 17, 2024.
Version 0.1.7a0 of tpot2 is outdated. Version 0.1.8a0 was released Tuesday September 17, 2024.
Version 0.1.7a0 of tpot2 is outdated. Version 0.1.8a0 was released Tuesday September 17, 2024.
Version 0.1.7a0 of tpot2 is outdated. Version 0.1.8a0 was released Tuesday September 17, 2024.
Version 0.1.7a0 of tpot2 is outdated. Version 0.1.8a0 was released Tuesday September 17, 2024.
Version 0.1.7a0 of tpot2 is outdated. Version 0.1.8a0 was released Tuesday September 17, 2024.
Version 0.1.7a0 of tpot2 is outdated. Version 0.1.8a0 was released Tuesday September 17, 2024.
Version 0.1.7a0 of tpot2 is outdated. Version 0.1.8a0 was released Tuesday September 17, 2024.
Version 0.1.7a0 of tpot2 is outdated. Version 0.1.8a0 was released Tuesday September 17, 2024.
Version 0.1.7a0 of tpot2 is outdated. Version 0.1.8a0 was released Tuesday September 17, 2024.
  0%|          | 0/25 [00:00<?, ?it/s]Generation:   0%|          | 0/25 [00:00<?, ?it/s]WARNING THIS INDIVIDUAL CAUSED AND EXCEPTION 
 <tpot2.search_spaces.pipelines.sequential.SequentialPipelineIndividual object at 0x1554746a0ac0> 
 The 'criterion' parameter of DecisionTreeRegressor must be a str among {'friedman_mse', 'poisson', 'absolute_error', 'squared_error'}. Got 'mae' instead. 
 Traceback (most recent call last):
  File "/common/ketrong/tpotexp/tpot2/tpot2/utils/eval_utils.py", line 53, in objective_nan_wrapper
    value = func_timeout.func_timeout(timeout, objective_function, args=[individual], kwargs=objective_kwargs)
  File "/common/ketrong/tpotexp/env/lib/python3.10/site-packages/func_timeout/dafunc.py", line 108, in func_timeout
    raise_exception(exception)
  File "/common/ketrong/tpotexp/env/lib/python3.10/site-packages/func_timeout/py3_raise.py", line 7, in raise_exception
    raise exception[0] from None
  File "/common/ketrong/tpotexp/tpot2/tpot2/tpot_estimator/estimator.py", line 623, in objective_function
    return objective_function_generator(
  File "/common/ketrong/tpotexp/tpot2/tpot2/tpot_estimator/estimator_utils.py", line 55, in objective_function_generator
    cv_obj_scores = cross_val_score_objective(sklearn.base.clone(pipeline),x,y,scorers=scorers, cv=cv , fold=step)
  File "/common/ketrong/tpotexp/tpot2/tpot2/tpot_estimator/cross_val_utils.py", line 28, in cross_val_score_objective
    this_fold_pipeline.fit(X_train,y_train)
  File "/common/ketrong/tpotexp/env/lib/python3.10/site-packages/sklearn/base.py", line 1473, in wrapper
    return fit_method(estimator, *args, **kwargs)
  File "/common/ketrong/tpotexp/env/lib/python3.10/site-packages/sklearn/pipeline.py", line 473, in fit
    self._final_estimator.fit(Xt, y, **last_step_params["fit"])
  File "/common/ketrong/tpotexp/env/lib/python3.10/site-packages/sklearn/base.py", line 1466, in wrapper
    estimator._validate_params()
  File "/common/ketrong/tpotexp/env/lib/python3.10/site-packages/sklearn/base.py", line 666, in _validate_params
    validate_parameter_constraints(
  File "/common/ketrong/tpotexp/env/lib/python3.10/site-packages/sklearn/utils/_param_validation.py", line 95, in validate_parameter_constraints
    raise InvalidParameterError(
sklearn.utils._param_validation.InvalidParameterError: The 'criterion' parameter of DecisionTreeRegressor must be a str among {'friedman_mse', 'poisson', 'absolute_error', 'squared_error'}. Got 'mae' instead.

WARNING THIS INDIVIDUAL CAUSED AND EXCEPTION 
 <tpot2.search_spaces.pipelines.sequential.SequentialPipelineIndividual object at 0x1554746a0d00> 
 Input X contains NaN.
SVR does not accept missing values encoded as NaN natively. For supervised learning, you might want to consider sklearn.ensemble.HistGradientBoostingClassifier and Regressor which accept missing values encoded as NaNs natively. Alternatively, it is possible to preprocess the data, for instance by using an imputer transformer in a pipeline or drop samples with missing values. See https://scikit-learn.org/stable/modules/impute.html You can find a list of all estimators that handle NaN values at the following page: https://scikit-learn.org/stable/modules/impute.html#estimators-that-handle-nan-values 
 Traceback (most recent call last):
  File "/common/ketrong/tpotexp/tpot2/tpot2/utils/eval_utils.py", line 53, in objective_nan_wrapper
    value = func_timeout.func_timeout(timeout, objective_function, args=[individual], kwargs=objective_kwargs)
  File "/common/ketrong/tpotexp/env/lib/python3.10/site-packages/func_timeout/dafunc.py", line 108, in func_timeout
    raise_exception(exception)
  File "/common/ketrong/tpotexp/env/lib/python3.10/site-packages/func_timeout/py3_raise.py", line 7, in raise_exception
    raise exception[0] from None
  File "/common/ketrong/tpotexp/tpot2/tpot2/tpot_estimator/estimator.py", line 623, in objective_function
    return objective_function_generator(
  File "/common/ketrong/tpotexp/tpot2/tpot2/tpot_estimator/estimator_utils.py", line 55, in objective_function_generator
    cv_obj_scores = cross_val_score_objective(sklearn.base.clone(pipeline),x,y,scorers=scorers, cv=cv , fold=step)
  File "/common/ketrong/tpotexp/tpot2/tpot2/tpot_estimator/cross_val_utils.py", line 28, in cross_val_score_objective
    this_fold_pipeline.fit(X_train,y_train)
  File "/common/ketrong/tpotexp/env/lib/python3.10/site-packages/sklearn/base.py", line 1473, in wrapper
    return fit_method(estimator, *args, **kwargs)
  File "/common/ketrong/tpotexp/env/lib/python3.10/site-packages/sklearn/pipeline.py", line 473, in fit
    self._final_estimator.fit(Xt, y, **last_step_params["fit"])
  File "/common/ketrong/tpotexp/env/lib/python3.10/site-packages/sklearn/base.py", line 1473, in wrapper
    return fit_method(estimator, *args, **kwargs)
  File "/common/ketrong/tpotexp/env/lib/python3.10/site-packages/sklearn/svm/_base.py", line 190, in fit
    X, y = self._validate_data(
  File "/common/ketrong/tpotexp/env/lib/python3.10/site-packages/sklearn/base.py", line 650, in _validate_data
    X, y = check_X_y(X, y, **check_params)
  File "/common/ketrong/tpotexp/env/lib/python3.10/site-packages/sklearn/utils/validation.py", line 1301, in check_X_y
    X = check_array(
  File "/common/ketrong/tpotexp/env/lib/python3.10/site-packages/sklearn/utils/validation.py", line 1064, in check_array
    _assert_all_finite(
  File "/common/ketrong/tpotexp/env/lib/python3.10/site-packages/sklearn/utils/validation.py", line 123, in _assert_all_finite
    _assert_all_finite_element_wise(
  File "/common/ketrong/tpotexp/env/lib/python3.10/site-packages/sklearn/utils/validation.py", line 172, in _assert_all_finite_element_wise
    raise ValueError(msg_err)
ValueError: Input X contains NaN.
SVR does not accept missing values encoded as NaN natively. For supervised learning, you might want to consider sklearn.ensemble.HistGradientBoostingClassifier and Regressor which accept missing values encoded as NaNs natively. Alternatively, it is possible to preprocess the data, for instance by using an imputer transformer in a pipeline or drop samples with missing values. See https://scikit-learn.org/stable/modules/impute.html You can find a list of all estimators that handle NaN values at the following page: https://scikit-learn.org/stable/modules/impute.html#estimators-that-handle-nan-values

Generation:  1
Best root_mean_squared_error score: -2.967161967799176
Generation:   4%|         | 1/25 [03:04<1:13:54, 184.78s/it]WARNING AN INDIVIDUAL TIMED OUT: 
 <tpot2.search_spaces.pipelines.sequential.SequentialPipelineIndividual object at 0x1554746ee650> 

Generation:  2
Best root_mean_squared_error score: -2.967161967799176
Generation:   8%|         | 2/25 [13:09<2:45:28, 431.67s/it]WARNING THIS INDIVIDUAL CAUSED AND EXCEPTION 
 <tpot2.search_spaces.pipelines.sequential.SequentialPipelineIndividual object at 0x155467f1f730> 
 Input X contains NaN.
MLPRegressor does not accept missing values encoded as NaN natively. For supervised learning, you might want to consider sklearn.ensemble.HistGradientBoostingClassifier and Regressor which accept missing values encoded as NaNs natively. Alternatively, it is possible to preprocess the data, for instance by using an imputer transformer in a pipeline or drop samples with missing values. See https://scikit-learn.org/stable/modules/impute.html You can find a list of all estimators that handle NaN values at the following page: https://scikit-learn.org/stable/modules/impute.html#estimators-that-handle-nan-values 
 Traceback (most recent call last):
  File "/common/ketrong/tpotexp/tpot2/tpot2/utils/eval_utils.py", line 53, in objective_nan_wrapper
    value = func_timeout.func_timeout(timeout, objective_function, args=[individual], kwargs=objective_kwargs)
  File "/common/ketrong/tpotexp/env/lib/python3.10/site-packages/func_timeout/dafunc.py", line 108, in func_timeout
    raise_exception(exception)
  File "/common/ketrong/tpotexp/env/lib/python3.10/site-packages/func_timeout/py3_raise.py", line 7, in raise_exception
    raise exception[0] from None
  File "/common/ketrong/tpotexp/tpot2/tpot2/tpot_estimator/estimator.py", line 623, in objective_function
    return objective_function_generator(
  File "/common/ketrong/tpotexp/tpot2/tpot2/tpot_estimator/estimator_utils.py", line 55, in objective_function_generator
    cv_obj_scores = cross_val_score_objective(sklearn.base.clone(pipeline),x,y,scorers=scorers, cv=cv , fold=step)
  File "/common/ketrong/tpotexp/tpot2/tpot2/tpot_estimator/cross_val_utils.py", line 28, in cross_val_score_objective
    this_fold_pipeline.fit(X_train,y_train)
  File "/common/ketrong/tpotexp/env/lib/python3.10/site-packages/sklearn/base.py", line 1473, in wrapper
    return fit_method(estimator, *args, **kwargs)
  File "/common/ketrong/tpotexp/env/lib/python3.10/site-packages/sklearn/pipeline.py", line 473, in fit
    self._final_estimator.fit(Xt, y, **last_step_params["fit"])
  File "/common/ketrong/tpotexp/env/lib/python3.10/site-packages/sklearn/base.py", line 1473, in wrapper
    return fit_method(estimator, *args, **kwargs)
  File "/common/ketrong/tpotexp/env/lib/python3.10/site-packages/sklearn/neural_network/_multilayer_perceptron.py", line 751, in fit
    return self._fit(X, y, incremental=False)
  File "/common/ketrong/tpotexp/env/lib/python3.10/site-packages/sklearn/neural_network/_multilayer_perceptron.py", line 441, in _fit
    X, y = self._validate_input(X, y, incremental, reset=first_pass)
  File "/common/ketrong/tpotexp/env/lib/python3.10/site-packages/sklearn/neural_network/_multilayer_perceptron.py", line 1621, in _validate_input
    X, y = self._validate_data(
  File "/common/ketrong/tpotexp/env/lib/python3.10/site-packages/sklearn/base.py", line 650, in _validate_data
    X, y = check_X_y(X, y, **check_params)
  File "/common/ketrong/tpotexp/env/lib/python3.10/site-packages/sklearn/utils/validation.py", line 1301, in check_X_y
    X = check_array(
  File "/common/ketrong/tpotexp/env/lib/python3.10/site-packages/sklearn/utils/validation.py", line 1064, in check_array
    _assert_all_finite(
  File "/common/ketrong/tpotexp/env/lib/python3.10/site-packages/sklearn/utils/validation.py", line 123, in _assert_all_finite
    _assert_all_finite_element_wise(
  File "/common/ketrong/tpotexp/env/lib/python3.10/site-packages/sklearn/utils/validation.py", line 172, in _assert_all_finite_element_wise
    raise ValueError(msg_err)
ValueError: Input X contains NaN.
MLPRegressor does not accept missing values encoded as NaN natively. For supervised learning, you might want to consider sklearn.ensemble.HistGradientBoostingClassifier and Regressor which accept missing values encoded as NaNs natively. Alternatively, it is possible to preprocess the data, for instance by using an imputer transformer in a pipeline or drop samples with missing values. See https://scikit-learn.org/stable/modules/impute.html You can find a list of all estimators that handle NaN values at the following page: https://scikit-learn.org/stable/modules/impute.html#estimators-that-handle-nan-values

WARNING AN INDIVIDUAL TIMED OUT: 
 <tpot2.search_spaces.pipelines.sequential.SequentialPipelineIndividual object at 0x155467f03640> 

WARNING AN INDIVIDUAL TIMED OUT: 
 <tpot2.search_spaces.pipelines.sequential.SequentialPipelineIndividual object at 0x155464f5cf40> 

WARNING AN INDIVIDUAL TIMED OUT: 
 <tpot2.search_spaces.pipelines.sequential.SequentialPipelineIndividual object at 0x155467f07b50> 

Generation:  3
Best root_mean_squared_error score: -2.967161967799176
Generation:  12%|        | 3/25 [23:13<3:07:08, 510.39s/it]WARNING AN INDIVIDUAL TIMED OUT: 
 <tpot2.search_spaces.pipelines.sequential.SequentialPipelineIndividual object at 0x1554670e85b0> 

Generation:  4
Best root_mean_squared_error score: -2.967161967799176
Generation:  16%|        | 4/25 [33:18<3:11:41, 547.67s/it]Generation:  5
Best root_mean_squared_error score: -2.9012135678258097
Generation:  20%|        | 5/25 [35:31<2:12:46, 398.32s/it]WARNING THIS INDIVIDUAL CAUSED AND EXCEPTION 
 <tpot2.search_spaces.pipelines.sequential.SequentialPipelineIndividual object at 0x1554746f4f40> 
 The 'criterion' parameter of ExtraTreesRegressor must be a str among {'friedman_mse', 'poisson', 'absolute_error', 'squared_error'}. Got 'mae' instead. 
 Traceback (most recent call last):
  File "/common/ketrong/tpotexp/tpot2/tpot2/utils/eval_utils.py", line 53, in objective_nan_wrapper
    value = func_timeout.func_timeout(timeout, objective_function, args=[individual], kwargs=objective_kwargs)
  File "/common/ketrong/tpotexp/env/lib/python3.10/site-packages/func_timeout/dafunc.py", line 108, in func_timeout
    raise_exception(exception)
  File "/common/ketrong/tpotexp/env/lib/python3.10/site-packages/func_timeout/py3_raise.py", line 7, in raise_exception
    raise exception[0] from None
  File "/common/ketrong/tpotexp/tpot2/tpot2/tpot_estimator/estimator.py", line 623, in objective_function
    return objective_function_generator(
  File "/common/ketrong/tpotexp/tpot2/tpot2/tpot_estimator/estimator_utils.py", line 55, in objective_function_generator
    cv_obj_scores = cross_val_score_objective(sklearn.base.clone(pipeline),x,y,scorers=scorers, cv=cv , fold=step)
  File "/common/ketrong/tpotexp/tpot2/tpot2/tpot_estimator/cross_val_utils.py", line 28, in cross_val_score_objective
    this_fold_pipeline.fit(X_train,y_train)
  File "/common/ketrong/tpotexp/env/lib/python3.10/site-packages/sklearn/base.py", line 1473, in wrapper
    return fit_method(estimator, *args, **kwargs)
  File "/common/ketrong/tpotexp/env/lib/python3.10/site-packages/sklearn/pipeline.py", line 473, in fit
    self._final_estimator.fit(Xt, y, **last_step_params["fit"])
  File "/common/ketrong/tpotexp/env/lib/python3.10/site-packages/sklearn/base.py", line 1466, in wrapper
    estimator._validate_params()
  File "/common/ketrong/tpotexp/env/lib/python3.10/site-packages/sklearn/base.py", line 666, in _validate_params
    validate_parameter_constraints(
  File "/common/ketrong/tpotexp/env/lib/python3.10/site-packages/sklearn/utils/_param_validation.py", line 95, in validate_parameter_constraints
    raise InvalidParameterError(
sklearn.utils._param_validation.InvalidParameterError: The 'criterion' parameter of ExtraTreesRegressor must be a str among {'friedman_mse', 'poisson', 'absolute_error', 'squared_error'}. Got 'mae' instead.

WARNING THIS INDIVIDUAL CAUSED AND EXCEPTION 
 <tpot2.search_spaces.pipelines.sequential.SequentialPipelineIndividual object at 0x1554746a3100> 
 The 'criterion' parameter of RandomForestRegressor must be a str among {'friedman_mse', 'poisson', 'absolute_error', 'squared_error'}. Got 'mse' instead. 
 Traceback (most recent call last):
  File "/common/ketrong/tpotexp/tpot2/tpot2/utils/eval_utils.py", line 53, in objective_nan_wrapper
    value = func_timeout.func_timeout(timeout, objective_function, args=[individual], kwargs=objective_kwargs)
  File "/common/ketrong/tpotexp/env/lib/python3.10/site-packages/func_timeout/dafunc.py", line 108, in func_timeout
    raise_exception(exception)
  File "/common/ketrong/tpotexp/env/lib/python3.10/site-packages/func_timeout/py3_raise.py", line 7, in raise_exception
    raise exception[0] from None
  File "/common/ketrong/tpotexp/tpot2/tpot2/tpot_estimator/estimator.py", line 623, in objective_function
    return objective_function_generator(
  File "/common/ketrong/tpotexp/tpot2/tpot2/tpot_estimator/estimator_utils.py", line 55, in objective_function_generator
    cv_obj_scores = cross_val_score_objective(sklearn.base.clone(pipeline),x,y,scorers=scorers, cv=cv , fold=step)
  File "/common/ketrong/tpotexp/tpot2/tpot2/tpot_estimator/cross_val_utils.py", line 28, in cross_val_score_objective
    this_fold_pipeline.fit(X_train,y_train)
  File "/common/ketrong/tpotexp/env/lib/python3.10/site-packages/sklearn/base.py", line 1473, in wrapper
    return fit_method(estimator, *args, **kwargs)
  File "/common/ketrong/tpotexp/env/lib/python3.10/site-packages/sklearn/pipeline.py", line 473, in fit
    self._final_estimator.fit(Xt, y, **last_step_params["fit"])
  File "/common/ketrong/tpotexp/env/lib/python3.10/site-packages/sklearn/base.py", line 1466, in wrapper
    estimator._validate_params()
  File "/common/ketrong/tpotexp/env/lib/python3.10/site-packages/sklearn/base.py", line 666, in _validate_params
    validate_parameter_constraints(
  File "/common/ketrong/tpotexp/env/lib/python3.10/site-packages/sklearn/utils/_param_validation.py", line 95, in validate_parameter_constraints
    raise InvalidParameterError(
sklearn.utils._param_validation.InvalidParameterError: The 'criterion' parameter of RandomForestRegressor must be a str among {'friedman_mse', 'poisson', 'absolute_error', 'squared_error'}. Got 'mse' instead.

Generation:  6
Best root_mean_squared_error score: -2.9012135678258097
Generation:  24%|       | 6/25 [37:25<1:35:29, 301.53s/it]WARNING THIS INDIVIDUAL CAUSED AND EXCEPTION 
 <tpot2.search_spaces.pipelines.sequential.SequentialPipelineIndividual object at 0x155464f1a140> 
 The 'criterion' parameter of RandomForestRegressor must be a str among {'friedman_mse', 'poisson', 'absolute_error', 'squared_error'}. Got 'mse' instead. 
 Traceback (most recent call last):
  File "/common/ketrong/tpotexp/tpot2/tpot2/utils/eval_utils.py", line 53, in objective_nan_wrapper
    value = func_timeout.func_timeout(timeout, objective_function, args=[individual], kwargs=objective_kwargs)
  File "/common/ketrong/tpotexp/env/lib/python3.10/site-packages/func_timeout/dafunc.py", line 108, in func_timeout
    raise_exception(exception)
  File "/common/ketrong/tpotexp/env/lib/python3.10/site-packages/func_timeout/py3_raise.py", line 7, in raise_exception
    raise exception[0] from None
  File "/common/ketrong/tpotexp/tpot2/tpot2/tpot_estimator/estimator.py", line 623, in objective_function
    return objective_function_generator(
  File "/common/ketrong/tpotexp/tpot2/tpot2/tpot_estimator/estimator_utils.py", line 55, in objective_function_generator
    cv_obj_scores = cross_val_score_objective(sklearn.base.clone(pipeline),x,y,scorers=scorers, cv=cv , fold=step)
  File "/common/ketrong/tpotexp/tpot2/tpot2/tpot_estimator/cross_val_utils.py", line 28, in cross_val_score_objective
    this_fold_pipeline.fit(X_train,y_train)
  File "/common/ketrong/tpotexp/env/lib/python3.10/site-packages/sklearn/base.py", line 1473, in wrapper
    return fit_method(estimator, *args, **kwargs)
  File "/common/ketrong/tpotexp/env/lib/python3.10/site-packages/sklearn/pipeline.py", line 473, in fit
    self._final_estimator.fit(Xt, y, **last_step_params["fit"])
  File "/common/ketrong/tpotexp/env/lib/python3.10/site-packages/sklearn/base.py", line 1466, in wrapper
    estimator._validate_params()
  File "/common/ketrong/tpotexp/env/lib/python3.10/site-packages/sklearn/base.py", line 666, in _validate_params
    validate_parameter_constraints(
  File "/common/ketrong/tpotexp/env/lib/python3.10/site-packages/sklearn/utils/_param_validation.py", line 95, in validate_parameter_constraints
    raise InvalidParameterError(
sklearn.utils._param_validation.InvalidParameterError: The 'criterion' parameter of RandomForestRegressor must be a str among {'friedman_mse', 'poisson', 'absolute_error', 'squared_error'}. Got 'mse' instead.

WARNING THIS INDIVIDUAL CAUSED AND EXCEPTION 
 <tpot2.search_spaces.pipelines.sequential.SequentialPipelineIndividual object at 0x15547472abf0> 
 The 'criterion' parameter of RandomForestRegressor must be a str among {'friedman_mse', 'poisson', 'absolute_error', 'squared_error'}. Got 'mae' instead. 
 Traceback (most recent call last):
  File "/common/ketrong/tpotexp/tpot2/tpot2/utils/eval_utils.py", line 53, in objective_nan_wrapper
    value = func_timeout.func_timeout(timeout, objective_function, args=[individual], kwargs=objective_kwargs)
  File "/common/ketrong/tpotexp/env/lib/python3.10/site-packages/func_timeout/dafunc.py", line 108, in func_timeout
    raise_exception(exception)
  File "/common/ketrong/tpotexp/env/lib/python3.10/site-packages/func_timeout/py3_raise.py", line 7, in raise_exception
    raise exception[0] from None
  File "/common/ketrong/tpotexp/tpot2/tpot2/tpot_estimator/estimator.py", line 623, in objective_function
    return objective_function_generator(
  File "/common/ketrong/tpotexp/tpot2/tpot2/tpot_estimator/estimator_utils.py", line 55, in objective_function_generator
    cv_obj_scores = cross_val_score_objective(sklearn.base.clone(pipeline),x,y,scorers=scorers, cv=cv , fold=step)
  File "/common/ketrong/tpotexp/tpot2/tpot2/tpot_estimator/cross_val_utils.py", line 28, in cross_val_score_objective
    this_fold_pipeline.fit(X_train,y_train)
  File "/common/ketrong/tpotexp/env/lib/python3.10/site-packages/sklearn/base.py", line 1473, in wrapper
    return fit_method(estimator, *args, **kwargs)
  File "/common/ketrong/tpotexp/env/lib/python3.10/site-packages/sklearn/pipeline.py", line 473, in fit
    self._final_estimator.fit(Xt, y, **last_step_params["fit"])
  File "/common/ketrong/tpotexp/env/lib/python3.10/site-packages/sklearn/base.py", line 1466, in wrapper
    estimator._validate_params()
  File "/common/ketrong/tpotexp/env/lib/python3.10/site-packages/sklearn/base.py", line 666, in _validate_params
    validate_parameter_constraints(
  File "/common/ketrong/tpotexp/env/lib/python3.10/site-packages/sklearn/utils/_param_validation.py", line 95, in validate_parameter_constraints
    raise InvalidParameterError(
sklearn.utils._param_validation.InvalidParameterError: The 'criterion' parameter of RandomForestRegressor must be a str among {'friedman_mse', 'poisson', 'absolute_error', 'squared_error'}. Got 'mae' instead.

Generation:  7
Best root_mean_squared_error score: -2.9012135678258097
Generation:  28%|       | 7/25 [38:45<1:08:42, 229.05s/it]WARNING AN INDIVIDUAL TIMED OUT: 
 <tpot2.search_spaces.pipelines.sequential.SequentialPipelineIndividual object at 0x155467e11630> 

WARNING AN INDIVIDUAL TIMED OUT: 
 <tpot2.search_spaces.pipelines.sequential.SequentialPipelineIndividual object at 0x15547472b8b0> 

Generation:  8
Best root_mean_squared_error score: -2.9012135678258097
Generation:  32%|      | 8/25 [48:50<1:38:51, 348.91s/it]WARNING AN INDIVIDUAL TIMED OUT: 
 <tpot2.search_spaces.pipelines.sequential.SequentialPipelineIndividual object at 0x155467e4d840> 

Generation:  9
Best root_mean_squared_error score: -2.9012135678258097
Generation:  36%|      | 9/25 [58:56<1:54:27, 429.20s/it]Generation:  10
Best root_mean_squared_error score: -2.9012135678258097
Generation:  40%|      | 10/25 [1:01:20<1:25:17, 341.14s/it]Generation:  11
Best root_mean_squared_error score: -2.9012135678258097
Generation:  44%|     | 11/25 [1:03:44<1:05:32, 280.86s/it]Generation:  12
Best root_mean_squared_error score: -2.9012135678258097
Generation:  48%|     | 12/25 [1:04:42<46:10, 213.13s/it]  Generation:  13
Best root_mean_squared_error score: -2.9012135678258097
Generation:  52%|    | 13/25 [1:06:09<34:57, 174.76s/it]WARNING THIS INDIVIDUAL CAUSED AND EXCEPTION 
 <tpot2.search_spaces.pipelines.sequential.SequentialPipelineIndividual object at 0x155466d49870> 
 The 'criterion' parameter of ExtraTreesRegressor must be a str among {'friedman_mse', 'poisson', 'absolute_error', 'squared_error'}. Got 'mae' instead. 
 Traceback (most recent call last):
  File "/common/ketrong/tpotexp/tpot2/tpot2/utils/eval_utils.py", line 53, in objective_nan_wrapper
    value = func_timeout.func_timeout(timeout, objective_function, args=[individual], kwargs=objective_kwargs)
  File "/common/ketrong/tpotexp/env/lib/python3.10/site-packages/func_timeout/dafunc.py", line 108, in func_timeout
    raise_exception(exception)
  File "/common/ketrong/tpotexp/env/lib/python3.10/site-packages/func_timeout/py3_raise.py", line 7, in raise_exception
    raise exception[0] from None
  File "/common/ketrong/tpotexp/tpot2/tpot2/tpot_estimator/estimator.py", line 623, in objective_function
    return objective_function_generator(
  File "/common/ketrong/tpotexp/tpot2/tpot2/tpot_estimator/estimator_utils.py", line 55, in objective_function_generator
    cv_obj_scores = cross_val_score_objective(sklearn.base.clone(pipeline),x,y,scorers=scorers, cv=cv , fold=step)
  File "/common/ketrong/tpotexp/tpot2/tpot2/tpot_estimator/cross_val_utils.py", line 28, in cross_val_score_objective
    this_fold_pipeline.fit(X_train,y_train)
  File "/common/ketrong/tpotexp/env/lib/python3.10/site-packages/sklearn/base.py", line 1473, in wrapper
    return fit_method(estimator, *args, **kwargs)
  File "/common/ketrong/tpotexp/env/lib/python3.10/site-packages/sklearn/pipeline.py", line 473, in fit
    self._final_estimator.fit(Xt, y, **last_step_params["fit"])
  File "/common/ketrong/tpotexp/env/lib/python3.10/site-packages/sklearn/base.py", line 1466, in wrapper
    estimator._validate_params()
  File "/common/ketrong/tpotexp/env/lib/python3.10/site-packages/sklearn/base.py", line 666, in _validate_params
    validate_parameter_constraints(
  File "/common/ketrong/tpotexp/env/lib/python3.10/site-packages/sklearn/utils/_param_validation.py", line 95, in validate_parameter_constraints
    raise InvalidParameterError(
sklearn.utils._param_validation.InvalidParameterError: The 'criterion' parameter of ExtraTreesRegressor must be a str among {'friedman_mse', 'poisson', 'absolute_error', 'squared_error'}. Got 'mae' instead.

Generation:  14
Best root_mean_squared_error score: -2.891072283260174
Generation:  56%|    | 14/25 [1:07:19<26:15, 143.25s/it]Generation:  15
Best root_mean_squared_error score: -2.891072283260174
Generation:  60%|    | 15/25 [1:08:50<21:13, 127.36s/it]WARNING AN INDIVIDUAL TIMED OUT: 
 <tpot2.search_spaces.pipelines.sequential.SequentialPipelineIndividual object at 0x155452268280> 

Generation:  16
Best root_mean_squared_error score: -2.891072283260174
Generation:  64%|   | 16/25 [1:18:55<40:40, 271.21s/it]WARNING THIS INDIVIDUAL CAUSED AND EXCEPTION 
 <tpot2.search_spaces.pipelines.sequential.SequentialPipelineIndividual object at 0x155464aee5c0> 
 The 'criterion' parameter of DecisionTreeRegressor must be a str among {'friedman_mse', 'poisson', 'absolute_error', 'squared_error'}. Got 'mae' instead. 
 Traceback (most recent call last):
  File "/common/ketrong/tpotexp/tpot2/tpot2/utils/eval_utils.py", line 53, in objective_nan_wrapper
    value = func_timeout.func_timeout(timeout, objective_function, args=[individual], kwargs=objective_kwargs)
  File "/common/ketrong/tpotexp/env/lib/python3.10/site-packages/func_timeout/dafunc.py", line 108, in func_timeout
    raise_exception(exception)
  File "/common/ketrong/tpotexp/env/lib/python3.10/site-packages/func_timeout/py3_raise.py", line 7, in raise_exception
    raise exception[0] from None
  File "/common/ketrong/tpotexp/tpot2/tpot2/tpot_estimator/estimator.py", line 623, in objective_function
    return objective_function_generator(
  File "/common/ketrong/tpotexp/tpot2/tpot2/tpot_estimator/estimator_utils.py", line 55, in objective_function_generator
    cv_obj_scores = cross_val_score_objective(sklearn.base.clone(pipeline),x,y,scorers=scorers, cv=cv , fold=step)
  File "/common/ketrong/tpotexp/tpot2/tpot2/tpot_estimator/cross_val_utils.py", line 28, in cross_val_score_objective
    this_fold_pipeline.fit(X_train,y_train)
  File "/common/ketrong/tpotexp/env/lib/python3.10/site-packages/sklearn/base.py", line 1473, in wrapper
    return fit_method(estimator, *args, **kwargs)
  File "/common/ketrong/tpotexp/env/lib/python3.10/site-packages/sklearn/pipeline.py", line 473, in fit
    self._final_estimator.fit(Xt, y, **last_step_params["fit"])
  File "/common/ketrong/tpotexp/env/lib/python3.10/site-packages/sklearn/base.py", line 1466, in wrapper
    estimator._validate_params()
  File "/common/ketrong/tpotexp/env/lib/python3.10/site-packages/sklearn/base.py", line 666, in _validate_params
    validate_parameter_constraints(
  File "/common/ketrong/tpotexp/env/lib/python3.10/site-packages/sklearn/utils/_param_validation.py", line 95, in validate_parameter_constraints
    raise InvalidParameterError(
sklearn.utils._param_validation.InvalidParameterError: The 'criterion' parameter of DecisionTreeRegressor must be a str among {'friedman_mse', 'poisson', 'absolute_error', 'squared_error'}. Got 'mae' instead.

Generation:  17
Best root_mean_squared_error score: -2.891072283260174
Generation:  68%|   | 17/25 [1:20:04<28:03, 210.48s/it]WARNING THIS INDIVIDUAL CAUSED AND EXCEPTION 
 <tpot2.search_spaces.pipelines.sequential.SequentialPipelineIndividual object at 0x155452617be0> 
 The 'criterion' parameter of RandomForestRegressor must be a str among {'friedman_mse', 'poisson', 'absolute_error', 'squared_error'}. Got 'mse' instead. 
 Traceback (most recent call last):
  File "/common/ketrong/tpotexp/tpot2/tpot2/utils/eval_utils.py", line 53, in objective_nan_wrapper
    value = func_timeout.func_timeout(timeout, objective_function, args=[individual], kwargs=objective_kwargs)
  File "/common/ketrong/tpotexp/env/lib/python3.10/site-packages/func_timeout/dafunc.py", line 108, in func_timeout
    raise_exception(exception)
  File "/common/ketrong/tpotexp/env/lib/python3.10/site-packages/func_timeout/py3_raise.py", line 7, in raise_exception
    raise exception[0] from None
  File "/common/ketrong/tpotexp/tpot2/tpot2/tpot_estimator/estimator.py", line 623, in objective_function
    return objective_function_generator(
  File "/common/ketrong/tpotexp/tpot2/tpot2/tpot_estimator/estimator_utils.py", line 55, in objective_function_generator
    cv_obj_scores = cross_val_score_objective(sklearn.base.clone(pipeline),x,y,scorers=scorers, cv=cv , fold=step)
  File "/common/ketrong/tpotexp/tpot2/tpot2/tpot_estimator/cross_val_utils.py", line 28, in cross_val_score_objective
    this_fold_pipeline.fit(X_train,y_train)
  File "/common/ketrong/tpotexp/env/lib/python3.10/site-packages/sklearn/base.py", line 1473, in wrapper
    return fit_method(estimator, *args, **kwargs)
  File "/common/ketrong/tpotexp/env/lib/python3.10/site-packages/sklearn/pipeline.py", line 473, in fit
    self._final_estimator.fit(Xt, y, **last_step_params["fit"])
  File "/common/ketrong/tpotexp/env/lib/python3.10/site-packages/sklearn/base.py", line 1466, in wrapper
    estimator._validate_params()
  File "/common/ketrong/tpotexp/env/lib/python3.10/site-packages/sklearn/base.py", line 666, in _validate_params
    validate_parameter_constraints(
  File "/common/ketrong/tpotexp/env/lib/python3.10/site-packages/sklearn/utils/_param_validation.py", line 95, in validate_parameter_constraints
    raise InvalidParameterError(
sklearn.utils._param_validation.InvalidParameterError: The 'criterion' parameter of RandomForestRegressor must be a str among {'friedman_mse', 'poisson', 'absolute_error', 'squared_error'}. Got 'mse' instead.

Generation:  18
Best root_mean_squared_error score: -2.890984920922585
Generation:  72%|  | 18/25 [1:22:51<23:00, 197.19s/it]WARNING AN INDIVIDUAL TIMED OUT: 
 <tpot2.search_spaces.pipelines.sequential.SequentialPipelineIndividual object at 0x155416a660e0> 

Generation:  19
Best root_mean_squared_error score: -2.890984920922585
Generation:  76%|  | 19/25 [1:32:54<31:55, 319.30s/it]WARNING THIS INDIVIDUAL CAUSED AND EXCEPTION 
 <tpot2.search_spaces.pipelines.sequential.SequentialPipelineIndividual object at 0x155464c5b7f0> 
 The 'criterion' parameter of RandomForestRegressor must be a str among {'friedman_mse', 'poisson', 'absolute_error', 'squared_error'}. Got 'mae' instead. 
 Traceback (most recent call last):
  File "/common/ketrong/tpotexp/tpot2/tpot2/utils/eval_utils.py", line 53, in objective_nan_wrapper
    value = func_timeout.func_timeout(timeout, objective_function, args=[individual], kwargs=objective_kwargs)
  File "/common/ketrong/tpotexp/env/lib/python3.10/site-packages/func_timeout/dafunc.py", line 108, in func_timeout
    raise_exception(exception)
  File "/common/ketrong/tpotexp/env/lib/python3.10/site-packages/func_timeout/py3_raise.py", line 7, in raise_exception
    raise exception[0] from None
  File "/common/ketrong/tpotexp/tpot2/tpot2/tpot_estimator/estimator.py", line 623, in objective_function
    return objective_function_generator(
  File "/common/ketrong/tpotexp/tpot2/tpot2/tpot_estimator/estimator_utils.py", line 55, in objective_function_generator
    cv_obj_scores = cross_val_score_objective(sklearn.base.clone(pipeline),x,y,scorers=scorers, cv=cv , fold=step)
  File "/common/ketrong/tpotexp/tpot2/tpot2/tpot_estimator/cross_val_utils.py", line 28, in cross_val_score_objective
    this_fold_pipeline.fit(X_train,y_train)
  File "/common/ketrong/tpotexp/env/lib/python3.10/site-packages/sklearn/base.py", line 1473, in wrapper
    return fit_method(estimator, *args, **kwargs)
  File "/common/ketrong/tpotexp/env/lib/python3.10/site-packages/sklearn/pipeline.py", line 473, in fit
    self._final_estimator.fit(Xt, y, **last_step_params["fit"])
  File "/common/ketrong/tpotexp/env/lib/python3.10/site-packages/sklearn/base.py", line 1466, in wrapper
    estimator._validate_params()
  File "/common/ketrong/tpotexp/env/lib/python3.10/site-packages/sklearn/base.py", line 666, in _validate_params
    validate_parameter_constraints(
  File "/common/ketrong/tpotexp/env/lib/python3.10/site-packages/sklearn/utils/_param_validation.py", line 95, in validate_parameter_constraints
    raise InvalidParameterError(
sklearn.utils._param_validation.InvalidParameterError: The 'criterion' parameter of RandomForestRegressor must be a str among {'friedman_mse', 'poisson', 'absolute_error', 'squared_error'}. Got 'mae' instead.

Generation:  20
Best root_mean_squared_error score: -2.890984920922585
Generation:  80%|  | 20/25 [1:34:17<20:41, 248.23s/it]WARNING THIS INDIVIDUAL CAUSED AND EXCEPTION 
 <tpot2.search_spaces.pipelines.sequential.SequentialPipelineIndividual object at 0x1554677842b0> 
 The 'criterion' parameter of DecisionTreeRegressor must be a str among {'friedman_mse', 'poisson', 'absolute_error', 'squared_error'}. Got 'mae' instead. 
 Traceback (most recent call last):
  File "/common/ketrong/tpotexp/tpot2/tpot2/utils/eval_utils.py", line 53, in objective_nan_wrapper
    value = func_timeout.func_timeout(timeout, objective_function, args=[individual], kwargs=objective_kwargs)
  File "/common/ketrong/tpotexp/env/lib/python3.10/site-packages/func_timeout/dafunc.py", line 108, in func_timeout
    raise_exception(exception)
  File "/common/ketrong/tpotexp/env/lib/python3.10/site-packages/func_timeout/py3_raise.py", line 7, in raise_exception
    raise exception[0] from None
  File "/common/ketrong/tpotexp/tpot2/tpot2/tpot_estimator/estimator.py", line 623, in objective_function
    return objective_function_generator(
  File "/common/ketrong/tpotexp/tpot2/tpot2/tpot_estimator/estimator_utils.py", line 55, in objective_function_generator
    cv_obj_scores = cross_val_score_objective(sklearn.base.clone(pipeline),x,y,scorers=scorers, cv=cv , fold=step)
  File "/common/ketrong/tpotexp/tpot2/tpot2/tpot_estimator/cross_val_utils.py", line 28, in cross_val_score_objective
    this_fold_pipeline.fit(X_train,y_train)
  File "/common/ketrong/tpotexp/env/lib/python3.10/site-packages/sklearn/base.py", line 1473, in wrapper
    return fit_method(estimator, *args, **kwargs)
  File "/common/ketrong/tpotexp/env/lib/python3.10/site-packages/sklearn/pipeline.py", line 473, in fit
    self._final_estimator.fit(Xt, y, **last_step_params["fit"])
  File "/common/ketrong/tpotexp/env/lib/python3.10/site-packages/sklearn/base.py", line 1466, in wrapper
    estimator._validate_params()
  File "/common/ketrong/tpotexp/env/lib/python3.10/site-packages/sklearn/base.py", line 666, in _validate_params
    validate_parameter_constraints(
  File "/common/ketrong/tpotexp/env/lib/python3.10/site-packages/sklearn/utils/_param_validation.py", line 95, in validate_parameter_constraints
    raise InvalidParameterError(
sklearn.utils._param_validation.InvalidParameterError: The 'criterion' parameter of DecisionTreeRegressor must be a str among {'friedman_mse', 'poisson', 'absolute_error', 'squared_error'}. Got 'mae' instead.

Generation:  21
Best root_mean_squared_error score: -2.890984920922585
Generation:  84%| | 21/25 [1:36:25<14:08, 212.08s/it]WARNING THIS INDIVIDUAL CAUSED AND EXCEPTION 
 <tpot2.search_spaces.pipelines.sequential.SequentialPipelineIndividual object at 0x155467764b80> 
 The 'criterion' parameter of DecisionTreeRegressor must be a str among {'friedman_mse', 'poisson', 'absolute_error', 'squared_error'}. Got 'mae' instead. 
 Traceback (most recent call last):
  File "/common/ketrong/tpotexp/tpot2/tpot2/utils/eval_utils.py", line 53, in objective_nan_wrapper
    value = func_timeout.func_timeout(timeout, objective_function, args=[individual], kwargs=objective_kwargs)
  File "/common/ketrong/tpotexp/env/lib/python3.10/site-packages/func_timeout/dafunc.py", line 108, in func_timeout
    raise_exception(exception)
  File "/common/ketrong/tpotexp/env/lib/python3.10/site-packages/func_timeout/py3_raise.py", line 7, in raise_exception
    raise exception[0] from None
  File "/common/ketrong/tpotexp/tpot2/tpot2/tpot_estimator/estimator.py", line 623, in objective_function
    return objective_function_generator(
  File "/common/ketrong/tpotexp/tpot2/tpot2/tpot_estimator/estimator_utils.py", line 55, in objective_function_generator
    cv_obj_scores = cross_val_score_objective(sklearn.base.clone(pipeline),x,y,scorers=scorers, cv=cv , fold=step)
  File "/common/ketrong/tpotexp/tpot2/tpot2/tpot_estimator/cross_val_utils.py", line 28, in cross_val_score_objective
    this_fold_pipeline.fit(X_train,y_train)
  File "/common/ketrong/tpotexp/env/lib/python3.10/site-packages/sklearn/base.py", line 1473, in wrapper
    return fit_method(estimator, *args, **kwargs)
  File "/common/ketrong/tpotexp/env/lib/python3.10/site-packages/sklearn/pipeline.py", line 473, in fit
    self._final_estimator.fit(Xt, y, **last_step_params["fit"])
  File "/common/ketrong/tpotexp/env/lib/python3.10/site-packages/sklearn/base.py", line 1466, in wrapper
    estimator._validate_params()
  File "/common/ketrong/tpotexp/env/lib/python3.10/site-packages/sklearn/base.py", line 666, in _validate_params
    validate_parameter_constraints(
  File "/common/ketrong/tpotexp/env/lib/python3.10/site-packages/sklearn/utils/_param_validation.py", line 95, in validate_parameter_constraints
    raise InvalidParameterError(
sklearn.utils._param_validation.InvalidParameterError: The 'criterion' parameter of DecisionTreeRegressor must be a str among {'friedman_mse', 'poisson', 'absolute_error', 'squared_error'}. Got 'mae' instead.

WARNING THIS INDIVIDUAL CAUSED AND EXCEPTION 
 <tpot2.search_spaces.pipelines.sequential.SequentialPipelineIndividual object at 0x155467852c20> 
 The 'criterion' parameter of RandomForestRegressor must be a str among {'friedman_mse', 'poisson', 'absolute_error', 'squared_error'}. Got 'mse' instead. 
 Traceback (most recent call last):
  File "/common/ketrong/tpotexp/tpot2/tpot2/utils/eval_utils.py", line 53, in objective_nan_wrapper
    value = func_timeout.func_timeout(timeout, objective_function, args=[individual], kwargs=objective_kwargs)
  File "/common/ketrong/tpotexp/env/lib/python3.10/site-packages/func_timeout/dafunc.py", line 108, in func_timeout
    raise_exception(exception)
  File "/common/ketrong/tpotexp/env/lib/python3.10/site-packages/func_timeout/py3_raise.py", line 7, in raise_exception
    raise exception[0] from None
  File "/common/ketrong/tpotexp/tpot2/tpot2/tpot_estimator/estimator.py", line 623, in objective_function
    return objective_function_generator(
  File "/common/ketrong/tpotexp/tpot2/tpot2/tpot_estimator/estimator_utils.py", line 55, in objective_function_generator
    cv_obj_scores = cross_val_score_objective(sklearn.base.clone(pipeline),x,y,scorers=scorers, cv=cv , fold=step)
  File "/common/ketrong/tpotexp/tpot2/tpot2/tpot_estimator/cross_val_utils.py", line 28, in cross_val_score_objective
    this_fold_pipeline.fit(X_train,y_train)
  File "/common/ketrong/tpotexp/env/lib/python3.10/site-packages/sklearn/base.py", line 1473, in wrapper
    return fit_method(estimator, *args, **kwargs)
  File "/common/ketrong/tpotexp/env/lib/python3.10/site-packages/sklearn/pipeline.py", line 473, in fit
    self._final_estimator.fit(Xt, y, **last_step_params["fit"])
  File "/common/ketrong/tpotexp/env/lib/python3.10/site-packages/sklearn/base.py", line 1466, in wrapper
    estimator._validate_params()
  File "/common/ketrong/tpotexp/env/lib/python3.10/site-packages/sklearn/base.py", line 666, in _validate_params
    validate_parameter_constraints(
  File "/common/ketrong/tpotexp/env/lib/python3.10/site-packages/sklearn/utils/_param_validation.py", line 95, in validate_parameter_constraints
    raise InvalidParameterError(
sklearn.utils._param_validation.InvalidParameterError: The 'criterion' parameter of RandomForestRegressor must be a str among {'friedman_mse', 'poisson', 'absolute_error', 'squared_error'}. Got 'mse' instead.

WARNING AN INDIVIDUAL TIMED OUT: 
 <tpot2.search_spaces.pipelines.sequential.SequentialPipelineIndividual object at 0x1554672c36a0> 

WARNING AN INDIVIDUAL TIMED OUT: 
 <tpot2.search_spaces.pipelines.sequential.SequentialPipelineIndividual object at 0x155464998c40> 

Generation:  22
Best root_mean_squared_error score: -2.888802153078467
Generation:  88%| | 22/25 [1:46:28<16:28, 329.49s/it]WARNING THIS INDIVIDUAL CAUSED AND EXCEPTION 
 <tpot2.search_spaces.pipelines.sequential.SequentialPipelineIndividual object at 0x155466e335b0> 
 The 'criterion' parameter of RandomForestRegressor must be a str among {'friedman_mse', 'poisson', 'absolute_error', 'squared_error'}. Got 'mae' instead. 
 Traceback (most recent call last):
  File "/common/ketrong/tpotexp/tpot2/tpot2/utils/eval_utils.py", line 53, in objective_nan_wrapper
    value = func_timeout.func_timeout(timeout, objective_function, args=[individual], kwargs=objective_kwargs)
  File "/common/ketrong/tpotexp/env/lib/python3.10/site-packages/func_timeout/dafunc.py", line 108, in func_timeout
    raise_exception(exception)
  File "/common/ketrong/tpotexp/env/lib/python3.10/site-packages/func_timeout/py3_raise.py", line 7, in raise_exception
    raise exception[0] from None
  File "/common/ketrong/tpotexp/tpot2/tpot2/tpot_estimator/estimator.py", line 623, in objective_function
    return objective_function_generator(
  File "/common/ketrong/tpotexp/tpot2/tpot2/tpot_estimator/estimator_utils.py", line 55, in objective_function_generator
    cv_obj_scores = cross_val_score_objective(sklearn.base.clone(pipeline),x,y,scorers=scorers, cv=cv , fold=step)
  File "/common/ketrong/tpotexp/tpot2/tpot2/tpot_estimator/cross_val_utils.py", line 28, in cross_val_score_objective
    this_fold_pipeline.fit(X_train,y_train)
  File "/common/ketrong/tpotexp/env/lib/python3.10/site-packages/sklearn/base.py", line 1473, in wrapper
    return fit_method(estimator, *args, **kwargs)
  File "/common/ketrong/tpotexp/env/lib/python3.10/site-packages/sklearn/pipeline.py", line 473, in fit
    self._final_estimator.fit(Xt, y, **last_step_params["fit"])
  File "/common/ketrong/tpotexp/env/lib/python3.10/site-packages/sklearn/base.py", line 1466, in wrapper
    estimator._validate_params()
  File "/common/ketrong/tpotexp/env/lib/python3.10/site-packages/sklearn/base.py", line 666, in _validate_params
    validate_parameter_constraints(
  File "/common/ketrong/tpotexp/env/lib/python3.10/site-packages/sklearn/utils/_param_validation.py", line 95, in validate_parameter_constraints
    raise InvalidParameterError(
sklearn.utils._param_validation.InvalidParameterError: The 'criterion' parameter of RandomForestRegressor must be a str among {'friedman_mse', 'poisson', 'absolute_error', 'squared_error'}. Got 'mae' instead.

Generation:  23
Best root_mean_squared_error score: -2.888802153078467
Generation:  92%|| 23/25 [1:53:25<11:51, 355.87s/it]Generation:  24
Best root_mean_squared_error score: -2.888802153078467
Generation:  96%|| 24/25 [1:54:40<04:31, 271.42s/it]Generation:  25
Best root_mean_squared_error score: -2.888802153078467
Generation: 100%|| 25/25 [1:57:08<00:00, 234.47s/it]Generation: 100%|| 25/25 [1:57:08<00:00, 281.14s/it]
2024-10-04 08:33:37,401 - distributed.scheduler - ERROR - Removing worker 'tcp://127.0.0.1:34119' caused the cluster to lose scattered data, which can't be recovered: {'DataFrame-caedea5bc90ad0793fb412956bed741b', 'DataFrame-edee9f7d9e8d9a17dcfe6b777e771f31'} (stimulus_id='handle-worker-cleanup-1728056017.4012065')
Fitted
Pipeline(steps=[('iterativeimputer',
                 IterativeImputer(estimator=KNeighborsRegressor(),
                                  initial_strategy='constant',
                                  n_nearest_features=78)),
                ('xgbregressor',
                 XGBRegressor(base_score=None, booster=None, callbacks=None,
                              colsample_bylevel=None, colsample_bynode=None,
                              colsample_bytree=None, device=None,
                              early_stopping_rounds=None,
                              enable_categorical=False, eval_metr...
                              feature_types=None, gamma=0.0859034197999,
                              grow_policy=None, importance_type=None,
                              interaction_constraints=None,
                              learning_rate=0.0386073793456, max_bin=None,
                              max_cat_threshold=None, max_cat_to_onehot=None,
                              max_delta_step=None, max_depth=18,
                              max_leaves=None, min_child_weight=20, missing=nan,
                              monotone_constraints=None, multi_strategy=None,
                              n_estimators=100, n_jobs=1, nthread=1,
                              num_parallel_tree=None, ...))])
transform worked
try transform
transform worked
score start
train score: {'explained_var': 0.8931821808173499, 'r2': 0.8931821584701538, 'rmse': 2.135184508666925}
test score: {'explained_var': 0.8033558404746425, 'r2': 0.8033521175384521, 'rmse': 2.904867101180796}
original test score: {'explained_var': 0.8083266385320624, 'r2': 0.8083223104476929, 'rmse': 2.867922324158849}
score end
1200
lvl
0.01
type
MNAR
num_run
3
reg_full
finished
all finished
full run takes
9.779745267298486
hours
DONE
