Run: 9
/cm/local/apps/slurm/var/spool/job967913/slurm_script: line 26: 
pip install -e tpot2
pip install -r tpot2/ImputerExperiments/requirements_.txt
: No such file or directory
RunStart
Version 0.1.7a0 of tpot2 is outdated. Version 0.1.8a0 was released 5 days ago.
starting loops
../data/r/215/215.pkl
working on 
../data/r/215/reg_full_MNAR_0.01_1
2.823634386062622
running experiment 1/3 - Does large hyperparameter space improve reconstruction accuracy over simple
[I 2024-09-22 22:14:35,675] A new study created in memory with name: no-name-9d29ab6a-f91b-4e7d-b64a-90da6156f630
running
running
running
running
running
running
running
running
running
running
running
running
running
running
running
running
[I 2024-09-22 22:14:36,956] Trial 7 finished with value: 0.6504942853733829 and parameters: {'model_name': 'SimpleImputer', 'strategy': 'constant'}. Best is trial 7 with value: 0.6504942853733829.
[I 2024-09-22 22:14:36,957] Trial 15 finished with value: 0.6504942853733829 and parameters: {'model_name': 'SimpleImputer', 'strategy': 'constant'}. Best is trial 7 with value: 0.6504942853733829.
running
running
[I 2024-09-22 22:14:37,753] Trial 1 finished with value: 0.41565358483644294 and parameters: {'model_name': 'SimpleImputer', 'strategy': 'mean'}. Best is trial 1 with value: 0.41565358483644294.
running
[I 2024-09-22 22:14:38,006] Trial 0 finished with value: 0.6501141950612599 and parameters: {'model_name': 'SimpleImputer', 'strategy': 'most_frequent'}. Best is trial 1 with value: 0.41565358483644294.
running
[I 2024-09-22 22:14:38,221] Trial 9 finished with value: 0.6501141950612599 and parameters: {'model_name': 'SimpleImputer', 'strategy': 'most_frequent'}. Best is trial 1 with value: 0.41565358483644294.
running
[I 2024-09-22 22:14:38,395] Trial 18 finished with value: 0.41565358483644294 and parameters: {'model_name': 'SimpleImputer', 'strategy': 'mean'}. Best is trial 1 with value: 0.41565358483644294.
running
[I 2024-09-22 22:14:38,587] Trial 13 finished with value: 0.6501141950612599 and parameters: {'model_name': 'SimpleImputer', 'strategy': 'most_frequent'}. Best is trial 1 with value: 0.41565358483644294.
running
[I 2024-09-22 22:14:44,131] Trial 8 finished with value: 0.4156751400086668 and parameters: {'model_name': 'IterativeImputer', 'estimator': 'Ridge', 'initial_strategy': 'median', 'n_nearest_features': 9, 'imputation_order': 'arabic'}. Best is trial 1 with value: 0.41565358483644294.
running
[I 2024-09-22 22:14:48,360] Trial 19 finished with value: 0.4230753549920556 and parameters: {'model_name': 'VAE', 'batch_size': 35, 'iterations': 1, 'learning_rate': 0.0004548941678592947, 'p_miss': 0.2999962468605444}. Best is trial 1 with value: 0.41565358483644294.
running
[I 2024-09-22 22:14:48,620] Trial 2 finished with value: inf and parameters: {'model_name': 'GAIN', 'batch_size': 1, 'hint_rate': 0.43250442523364535, 'alpha': 25, 'iterations': 8, 'learning_rate': 0.011533241874762753, 'p_miss': 0.17144091103730436}. Best is trial 1 with value: 0.41565358483644294.
running
[I 2024-09-22 22:14:51,654] Trial 16 finished with value: 0.6508176867726463 and parameters: {'model_name': 'GAIN', 'batch_size': 6, 'hint_rate': 0.5557758903380926, 'alpha': 4, 'iterations': 4, 'learning_rate': 0.03657390452872065, 'p_miss': 0.10577935123053527}. Best is trial 1 with value: 0.41565358483644294.
running
[I 2024-09-22 22:14:53,922] Trial 21 finished with value: 0.6501206459235557 and parameters: {'model_name': 'GAIN', 'batch_size': 40, 'hint_rate': 0.6253779579372044, 'alpha': 1, 'iterations': 4, 'learning_rate': 0.000545904882853414, 'p_miss': 0.047809149222765815}. Best is trial 1 with value: 0.41565358483644294.
running
[I 2024-09-22 22:15:23,554] Trial 3 finished with value: 0.41561823933108233 and parameters: {'model_name': 'KNNImputer', 'n_neighbors': 11655, 'weights': 'uniform'}. Best is trial 3 with value: 0.41561823933108233.
running
[I 2024-09-22 22:15:24,316] Trial 5 finished with value: 0.41565358483644294 and parameters: {'model_name': 'KNNImputer', 'n_neighbors': 29740, 'weights': 'uniform'}. Best is trial 3 with value: 0.41561823933108233.
running
[I 2024-09-22 22:15:26,917] Trial 6 finished with value: 0.415619540069772 and parameters: {'model_name': 'KNNImputer', 'n_neighbors': 9831, 'weights': 'uniform'}. Best is trial 3 with value: 0.41561823933108233.
running
[I 2024-09-22 22:15:33,095] Trial 14 finished with value: 0.4654855768381697 and parameters: {'model_name': 'KNNImputer', 'n_neighbors': 8737, 'weights': 'distance'}. Best is trial 3 with value: 0.41561823933108233.
running
[I 2024-09-22 22:15:38,580] Trial 23 finished with value: 0.41569350022177476 and parameters: {'model_name': 'IterativeImputer', 'estimator': 'Ridge', 'initial_strategy': 'median', 'n_nearest_features': 5, 'imputation_order': 'arabic'}. Best is trial 3 with value: 0.41561823933108233.
running
[I 2024-09-22 22:15:40,721] Trial 25 finished with value: 0.4654935334185589 and parameters: {'model_name': 'KNNImputer', 'n_neighbors': 4456, 'weights': 'distance'}. Best is trial 3 with value: 0.41561823933108233.
running
[I 2024-09-22 22:15:43,806] Trial 4 finished with value: 0.4654859299626807 and parameters: {'model_name': 'KNNImputer', 'n_neighbors': 29762, 'weights': 'distance'}. Best is trial 3 with value: 0.41561823933108233.
running
[I 2024-09-22 22:15:54,953] Trial 26 finished with value: 0.4654872433799729 and parameters: {'model_name': 'KNNImputer', 'n_neighbors': 12781, 'weights': 'distance'}. Best is trial 3 with value: 0.41561823933108233.
running
[I 2024-09-22 22:16:11,669] Trial 29 finished with value: 0.46549416397993565 and parameters: {'model_name': 'KNNImputer', 'n_neighbors': 3065, 'weights': 'distance'}. Best is trial 3 with value: 0.41561823933108233.
running
[I 2024-09-22 22:16:12,760] Trial 28 finished with value: 0.4156315226834694 and parameters: {'model_name': 'KNNImputer', 'n_neighbors': 11145, 'weights': 'uniform'}. Best is trial 3 with value: 0.41561823933108233.
running
[I 2024-09-22 22:16:13,063] Trial 30 finished with value: 0.41568419117166366 and parameters: {'model_name': 'KNNImputer', 'n_neighbors': 6996, 'weights': 'uniform'}. Best is trial 3 with value: 0.41561823933108233.
running
[I 2024-09-22 22:16:18,982] Trial 31 finished with value: 0.4156216507746796 and parameters: {'model_name': 'KNNImputer', 'n_neighbors': 9985, 'weights': 'uniform'}. Best is trial 3 with value: 0.41561823933108233.
running
[I 2024-09-22 22:16:25,618] Trial 32 finished with value: 0.4156156781756889 and parameters: {'model_name': 'KNNImputer', 'n_neighbors': 11748, 'weights': 'uniform'}. Best is trial 32 with value: 0.4156156781756889.
running
[I 2024-09-22 22:16:29,615] Trial 33 finished with value: 0.4156209347237939 and parameters: {'model_name': 'KNNImputer', 'n_neighbors': 16233, 'weights': 'uniform'}. Best is trial 32 with value: 0.4156156781756889.
running
[I 2024-09-22 22:16:34,003] Trial 34 finished with value: 0.4156256603812717 and parameters: {'model_name': 'KNNImputer', 'n_neighbors': 15478, 'weights': 'uniform'}. Best is trial 32 with value: 0.4156156781756889.
running
[I 2024-09-22 22:16:40,633] Trial 24 finished with value: 0.45633182499545777 and parameters: {'model_name': 'IterativeImputer', 'estimator': 'KNN', 'initial_strategy': 'constant', 'n_nearest_features': 6, 'imputation_order': 'random'}. Best is trial 32 with value: 0.4156156781756889.
running
[I 2024-09-22 22:16:55,033] Trial 37 finished with value: 0.41563701213606236 and parameters: {'model_name': 'KNNImputer', 'n_neighbors': 17246, 'weights': 'uniform'}. Best is trial 32 with value: 0.4156156781756889.
running
[I 2024-09-22 22:17:14,167] Trial 17 finished with value: 0.41565067517632476 and parameters: {'model_name': 'IterativeImputer', 'estimator': 'Bayesian', 'initial_strategy': 'most_frequent', 'n_nearest_features': 8, 'imputation_order': 'descending', 'sample_posterior': False}. Best is trial 32 with value: 0.4156156781756889.
running
[I 2024-09-22 22:31:22,013] Trial 10 finished with value: 0.4238218794832962 and parameters: {'model_name': 'VAE', 'batch_size': 11, 'iterations': 343, 'learning_rate': 0.0009493882761035902, 'p_miss': 0.26220404224889393}. Best is trial 32 with value: 0.4156156781756889.
running
[I 2024-09-22 22:31:54,865] Trial 46 finished with value: 0.41563512271469333 and parameters: {'model_name': 'KNNImputer', 'n_neighbors': 19701, 'weights': 'uniform'}. Best is trial 32 with value: 0.4156156781756889.
running
[I 2024-09-22 22:32:27,114] Trial 47 finished with value: 0.4156350972965453 and parameters: {'model_name': 'KNNImputer', 'n_neighbors': 22081, 'weights': 'uniform'}. Best is trial 32 with value: 0.4156156781756889.
running
[I 2024-09-22 22:41:55,069] Trial 27 finished with value: 0.4165151794093573 and parameters: {'model_name': 'IterativeImputer', 'estimator': 'RFR', 'initial_strategy': 'mean', 'n_nearest_features': 1, 'imputation_order': 'random'}. Best is trial 32 with value: 0.4156156781756889.
running
[I 2024-09-22 22:43:44,287] Trial 11 finished with value: 0.6526388382258352 and parameters: {'model_name': 'GAIN', 'batch_size': 303, 'hint_rate': 0.9047610952501078, 'alpha': 44, 'iterations': 980, 'learning_rate': 0.0043968396367690355, 'p_miss': 0.19481683767730307}. Best is trial 32 with value: 0.4156156781756889.
running
[I 2024-09-22 22:44:16,007] Trial 50 finished with value: 0.41563200778470666 and parameters: {'model_name': 'KNNImputer', 'n_neighbors': 14127, 'weights': 'uniform'}. Best is trial 32 with value: 0.4156156781756889.
running
[I 2024-09-22 23:18:11,225] Trial 12 finished with value: 0.6480435804711397 and parameters: {'model_name': 'GAIN', 'batch_size': 12, 'hint_rate': 0.7561308116924702, 'alpha': 46, 'iterations': 2290, 'learning_rate': 0.00047679722397607726, 'p_miss': 0.1292429115431357}. Best is trial 32 with value: 0.4156156781756889.
running
[I 2024-09-22 23:25:20,545] Trial 52 finished with value: 0.4201465957997925 and parameters: {'model_name': 'VAE', 'batch_size': 586, 'iterations': 73, 'learning_rate': 0.00011020982811599346, 'p_miss': 0.019913769334331338}. Best is trial 32 with value: 0.4156156781756889.
running
[I 2024-09-22 23:25:54,855] Trial 53 finished with value: 0.41564089478511174 and parameters: {'model_name': 'KNNImputer', 'n_neighbors': 22618, 'weights': 'uniform'}. Best is trial 32 with value: 0.4156156781756889.
running
[I 2024-09-22 23:26:24,255] Trial 54 finished with value: 0.4156857042318329 and parameters: {'model_name': 'KNNImputer', 'n_neighbors': 6980, 'weights': 'uniform'}. Best is trial 32 with value: 0.4156156781756889.
running
[I 2024-09-22 23:26:57,345] Trial 55 finished with value: 0.41563645698516644 and parameters: {'model_name': 'KNNImputer', 'n_neighbors': 17544, 'weights': 'uniform'}. Best is trial 32 with value: 0.4156156781756889.
running
[I 2024-09-22 23:27:28,333] Trial 56 finished with value: 0.41562915632178016 and parameters: {'model_name': 'KNNImputer', 'n_neighbors': 10969, 'weights': 'uniform'}. Best is trial 32 with value: 0.4156156781756889.
running
[I 2024-09-22 23:27:58,081] Trial 57 finished with value: 0.41563085224266183 and parameters: {'model_name': 'KNNImputer', 'n_neighbors': 10084, 'weights': 'uniform'}. Best is trial 32 with value: 0.4156156781756889.
running
[I 2024-09-22 23:28:29,806] Trial 58 finished with value: 0.415633080319285 and parameters: {'model_name': 'KNNImputer', 'n_neighbors': 13311, 'weights': 'uniform'}. Best is trial 32 with value: 0.4156156781756889.
running
[I 2024-09-22 23:28:54,157] Trial 59 finished with value: 0.41646606774081263 and parameters: {'model_name': 'KNNImputer', 'n_neighbors': 466, 'weights': 'uniform'}. Best is trial 32 with value: 0.4156156781756889.
running
[I 2024-09-22 23:37:06,056] Trial 20 finished with value: 0.42524672717931056 and parameters: {'model_name': 'VAE', 'batch_size': 8, 'iterations': 1283, 'learning_rate': 0.0014735365541671903, 'p_miss': 0.22178285723424845}. Best is trial 32 with value: 0.4156156781756889.
running
[I 2024-09-22 23:37:35,949] Trial 61 finished with value: 0.415655017073154 and parameters: {'model_name': 'KNNImputer', 'n_neighbors': 8185, 'weights': 'uniform'}. Best is trial 32 with value: 0.4156156781756889.
running
[I 2024-09-22 23:38:07,106] Trial 62 finished with value: 0.41562082066903283 and parameters: {'model_name': 'KNNImputer', 'n_neighbors': 12023, 'weights': 'uniform'}. Best is trial 32 with value: 0.4156156781756889.
running
[I 2024-09-22 23:38:38,009] Trial 63 finished with value: 0.41563418609334934 and parameters: {'model_name': 'KNNImputer', 'n_neighbors': 12854, 'weights': 'uniform'}. Best is trial 32 with value: 0.4156156781756889.
running
[I 2024-09-23 00:17:51,947] Trial 64 finished with value: inf and parameters: {'model_name': 'GAIN', 'batch_size': 1, 'hint_rate': 0.060944275842761186, 'alpha': 100, 'iterations': 6861, 'learning_rate': 0.07875971148794568, 'p_miss': 0.07389129042605432}. Best is trial 32 with value: 0.4156156781756889.
running
[I 2024-09-23 00:17:53,614] Trial 65 finished with value: 0.44287816025114246 and parameters: {'model_name': 'SimpleImputer', 'strategy': 'median'}. Best is trial 32 with value: 0.4156156781756889.
running
[I 2024-09-23 00:18:24,207] Trial 66 finished with value: 0.41563105232145653 and parameters: {'model_name': 'KNNImputer', 'n_neighbors': 11515, 'weights': 'uniform'}. Best is trial 32 with value: 0.4156156781756889.
running
[I 2024-09-23 00:18:54,116] Trial 67 finished with value: 0.4156395895883939 and parameters: {'model_name': 'KNNImputer', 'n_neighbors': 9017, 'weights': 'uniform'}. Best is trial 32 with value: 0.4156156781756889.
running
[I 2024-09-23 00:19:26,644] Trial 68 finished with value: 0.41562753738965325 and parameters: {'model_name': 'KNNImputer', 'n_neighbors': 15343, 'weights': 'uniform'}. Best is trial 32 with value: 0.4156156781756889.
running
[I 2024-09-23 00:22:14,643] Trial 69 finished with value: 0.41970190932524193 and parameters: {'model_name': 'VAE', 'batch_size': 128, 'iterations': 40, 'learning_rate': 0.0001303930015534371, 'p_miss': 0.23138497659396556}. Best is trial 32 with value: 0.4156156781756889.
running
[I 2024-09-23 00:22:45,049] Trial 70 finished with value: 0.41564448582577074 and parameters: {'model_name': 'KNNImputer', 'n_neighbors': 10523, 'weights': 'uniform'}. Best is trial 32 with value: 0.4156156781756889.
running
[I 2024-09-23 00:23:13,535] Trial 71 finished with value: 0.41575204535483506 and parameters: {'model_name': 'KNNImputer', 'n_neighbors': 5461, 'weights': 'uniform'}. Best is trial 32 with value: 0.4156156781756889.
running
[I 2024-09-23 00:24:04,452] Trial 72 finished with value: inf and parameters: {'model_name': 'GAIN', 'batch_size': 3, 'hint_rate': 0.027915565237431994, 'alpha': 96, 'iterations': 136, 'learning_rate': 0.008627967816955807, 'p_miss': 0.13441463632908357}. Best is trial 32 with value: 0.4156156781756889.
running
[I 2024-09-23 00:24:05,766] Trial 73 finished with value: 0.44287816025114246 and parameters: {'model_name': 'SimpleImputer', 'strategy': 'median'}. Best is trial 32 with value: 0.4156156781756889.
running
[I 2024-09-23 00:25:30,031] Trial 74 finished with value: 0.4456293826004127 and parameters: {'model_name': 'IterativeImputer', 'estimator': 'KNN', 'initial_strategy': 'most_frequent', 'n_nearest_features': 1, 'imputation_order': 'ascending'}. Best is trial 32 with value: 0.4156156781756889.
running
[I 2024-09-23 00:26:02,863] Trial 75 finished with value: 0.4156355655400361 and parameters: {'model_name': 'KNNImputer', 'n_neighbors': 14337, 'weights': 'uniform'}. Best is trial 32 with value: 0.4156156781756889.
running
[I 2024-09-23 00:26:36,036] Trial 76 finished with value: 0.4156332711745788 and parameters: {'model_name': 'KNNImputer', 'n_neighbors': 16886, 'weights': 'uniform'}. Best is trial 32 with value: 0.4156156781756889.
running
[I 2024-09-23 00:27:07,697] Trial 77 finished with value: 0.41562575237266614 and parameters: {'model_name': 'KNNImputer', 'n_neighbors': 15406, 'weights': 'uniform'}. Best is trial 32 with value: 0.4156156781756889.
running
[I 2024-09-23 00:27:38,694] Trial 78 finished with value: 0.41562622834440444 and parameters: {'model_name': 'KNNImputer', 'n_neighbors': 12126, 'weights': 'uniform'}. Best is trial 32 with value: 0.4156156781756889.
running
[I 2024-09-23 00:28:07,591] Trial 79 finished with value: 0.41565358483644294 and parameters: {'model_name': 'KNNImputer', 'n_neighbors': 31619, 'weights': 'uniform'}. Best is trial 32 with value: 0.4156156781756889.
running
[I 2024-09-23 00:28:52,116] Trial 80 finished with value: 0.4654855404846804 and parameters: {'model_name': 'KNNImputer', 'n_neighbors': 20105, 'weights': 'distance'}. Best is trial 32 with value: 0.4156156781756889.
running
[I 2024-09-23 00:30:42,660] Trial 81 finished with value: 0.4179287427968103 and parameters: {'model_name': 'VAE', 'batch_size': 110, 'iterations': 21, 'learning_rate': 0.024603714412747706, 'p_miss': 0.29940199198884226}. Best is trial 32 with value: 0.4156156781756889.
running
[I 2024-09-23 00:31:12,035] Trial 82 finished with value: 0.4156295285900685 and parameters: {'model_name': 'KNNImputer', 'n_neighbors': 9095, 'weights': 'uniform'}. Best is trial 32 with value: 0.4156156781756889.
running
[I 2024-09-23 00:31:52,050] Trial 83 finished with value: 0.46548726877129243 and parameters: {'model_name': 'KNNImputer', 'n_neighbors': 13071, 'weights': 'distance'}. Best is trial 32 with value: 0.4156156781756889.
running
[I 2024-09-23 00:33:15,391] Trial 84 finished with value: 0.5909547472084474 and parameters: {'model_name': 'IterativeImputer', 'estimator': 'Bayesian', 'initial_strategy': 'constant', 'n_nearest_features': 4, 'imputation_order': 'roman', 'sample_posterior': True}. Best is trial 32 with value: 0.4156156781756889.
running
[I 2024-09-23 00:33:47,570] Trial 85 finished with value: 0.4156255121047615 and parameters: {'model_name': 'KNNImputer', 'n_neighbors': 15526, 'weights': 'uniform'}. Best is trial 32 with value: 0.4156156781756889.
running
[I 2024-09-23 00:34:21,292] Trial 86 finished with value: 0.41563717390290356 and parameters: {'model_name': 'KNNImputer', 'n_neighbors': 19105, 'weights': 'uniform'}. Best is trial 32 with value: 0.4156156781756889.
running
[I 2024-09-23 00:34:54,393] Trial 87 finished with value: 0.41563252504521353 and parameters: {'model_name': 'KNNImputer', 'n_neighbors': 15152, 'weights': 'uniform'}. Best is trial 32 with value: 0.4156156781756889.
running
[I 2024-09-23 00:35:24,318] Trial 88 finished with value: 0.4156290938542503 and parameters: {'model_name': 'KNNImputer', 'n_neighbors': 12281, 'weights': 'uniform'}. Best is trial 32 with value: 0.4156156781756889.
running
[I 2024-09-23 00:35:56,622] Trial 89 finished with value: 0.4156237260079913 and parameters: {'model_name': 'KNNImputer', 'n_neighbors': 16320, 'weights': 'uniform'}. Best is trial 32 with value: 0.4156156781756889.
running
[I 2024-09-23 00:36:25,705] Trial 90 finished with value: 0.41568262808344086 and parameters: {'model_name': 'KNNImputer', 'n_neighbors': 7523, 'weights': 'uniform'}. Best is trial 32 with value: 0.4156156781756889.
running
[I 2024-09-23 00:36:36,364] Trial 91 finished with value: 0.6500463634770289 and parameters: {'model_name': 'GAIN', 'batch_size': 799, 'hint_rate': 0.2760153278834868, 'alpha': 76, 'iterations': 1, 'learning_rate': 0.002814310403913981, 'p_miss': 0.08413124925393016}. Best is trial 32 with value: 0.4156156781756889.
running
[I 2024-09-23 00:36:37,243] Trial 92 finished with value: 0.6504942853733829 and parameters: {'model_name': 'SimpleImputer', 'strategy': 'constant'}. Best is trial 32 with value: 0.4156156781756889.
running
[I 2024-09-23 00:37:14,129] Trial 93 finished with value: 0.46548706554952146 and parameters: {'model_name': 'KNNImputer', 'n_neighbors': 10116, 'weights': 'distance'}. Best is trial 32 with value: 0.4156156781756889.
running
[I 2024-09-23 00:37:46,895] Trial 94 finished with value: 0.4156358009855861 and parameters: {'model_name': 'KNNImputer', 'n_neighbors': 18418, 'weights': 'uniform'}. Best is trial 32 with value: 0.4156156781756889.
running
[I 2024-09-23 00:38:20,018] Trial 95 finished with value: 0.4156279381357767 and parameters: {'model_name': 'KNNImputer', 'n_neighbors': 16555, 'weights': 'uniform'}. Best is trial 32 with value: 0.4156156781756889.
running
[I 2024-09-23 00:38:52,104] Trial 96 finished with value: 0.4156315831018539 and parameters: {'model_name': 'KNNImputer', 'n_neighbors': 14133, 'weights': 'uniform'}. Best is trial 32 with value: 0.4156156781756889.
running
[I 2024-09-23 00:39:25,440] Trial 97 finished with value: 0.4156331488833397 and parameters: {'model_name': 'KNNImputer', 'n_neighbors': 20916, 'weights': 'uniform'}. Best is trial 32 with value: 0.4156156781756889.
running
[I 2024-09-23 00:39:58,240] Trial 98 finished with value: 0.41561784572373134 and parameters: {'model_name': 'KNNImputer', 'n_neighbors': 15991, 'weights': 'uniform'}. Best is trial 32 with value: 0.4156156781756889.
running
[I 2024-09-23 00:40:25,949] Trial 99 finished with value: 0.41565358483644294 and parameters: {'model_name': 'KNNImputer', 'n_neighbors': 25196, 'weights': 'uniform'}. Best is trial 32 with value: 0.4156156781756889.
running
[I 2024-09-23 00:40:58,913] Trial 100 finished with value: 0.415635792802407 and parameters: {'model_name': 'KNNImputer', 'n_neighbors': 17944, 'weights': 'uniform'}. Best is trial 32 with value: 0.4156156781756889.
running
[I 2024-09-23 01:43:39,441] Trial 22 finished with value: 0.6498708820148649 and parameters: {'model_name': 'GAIN', 'batch_size': 679, 'hint_rate': 0.15705937396055192, 'alpha': 89, 'iterations': 6346, 'learning_rate': 0.0017458483940018836, 'p_miss': 0.21810018263273792}. Best is trial 32 with value: 0.4156156781756889.
running
[I 2024-09-23 01:44:12,917] Trial 102 finished with value: 0.41562483149032864 and parameters: {'model_name': 'KNNImputer', 'n_neighbors': 16370, 'weights': 'uniform'}. Best is trial 32 with value: 0.4156156781756889.
running
[I 2024-09-23 02:03:54,664] Trial 103 finished with value: 0.43916143238265837 and parameters: {'model_name': 'VAE', 'batch_size': 3, 'iterations': 288, 'learning_rate': 0.09375058544644434, 'p_miss': 0.012494790264087896}. Best is trial 32 with value: 0.4156156781756889.
running
[I 2024-09-23 02:04:25,313] Trial 104 finished with value: 0.4156320524258416 and parameters: {'model_name': 'KNNImputer', 'n_neighbors': 11470, 'weights': 'uniform'}. Best is trial 32 with value: 0.4156156781756889.
running
[I 2024-09-23 02:04:53,605] Trial 105 finished with value: 0.41571662165329026 and parameters: {'model_name': 'KNNImputer', 'n_neighbors': 6289, 'weights': 'uniform'}. Best is trial 32 with value: 0.4156156781756889.
running
[I 2024-09-23 02:05:26,710] Trial 106 finished with value: 0.4156138470142633 and parameters: {'model_name': 'KNNImputer', 'n_neighbors': 15810, 'weights': 'uniform'}. Best is trial 106 with value: 0.4156138470142633.
running
[I 2024-09-23 02:05:59,040] Trial 107 finished with value: 0.41562866952329963 and parameters: {'model_name': 'KNNImputer', 'n_neighbors': 13874, 'weights': 'uniform'}. Best is trial 106 with value: 0.4156138470142633.
running
[I 2024-09-23 02:06:31,588] Trial 108 finished with value: 0.4156323114336276 and parameters: {'model_name': 'KNNImputer', 'n_neighbors': 16752, 'weights': 'uniform'}. Best is trial 106 with value: 0.4156138470142633.
running
[I 2024-09-23 02:07:01,729] Trial 109 finished with value: 0.41562340434027656 and parameters: {'model_name': 'KNNImputer', 'n_neighbors': 9314, 'weights': 'uniform'}. Best is trial 106 with value: 0.4156138470142633.
running
[I 2024-09-23 02:46:06,523] Trial 110 finished with value: 0.42223540086320754 and parameters: {'model_name': 'IterativeImputer', 'estimator': 'RFR', 'initial_strategy': 'mean', 'n_nearest_features': 3, 'imputation_order': 'roman'}. Best is trial 106 with value: 0.4156138470142633.
running
[I 2024-09-23 02:46:36,169] Trial 111 finished with value: 0.41561753940595 and parameters: {'model_name': 'KNNImputer', 'n_neighbors': 9385, 'weights': 'uniform'}. Best is trial 106 with value: 0.4156138470142633.
running
[I 2024-09-23 02:46:37,667] Trial 112 finished with value: 0.44287816025114246 and parameters: {'model_name': 'SimpleImputer', 'strategy': 'median'}. Best is trial 106 with value: 0.4156138470142633.
running
[I 2024-09-23 02:47:06,713] Trial 113 finished with value: 0.4156422081119704 and parameters: {'model_name': 'KNNImputer', 'n_neighbors': 8967, 'weights': 'uniform'}. Best is trial 106 with value: 0.4156138470142633.
running
[I 2024-09-23 02:47:43,869] Trial 114 finished with value: 0.46548593332453514 and parameters: {'model_name': 'KNNImputer', 'n_neighbors': 9410, 'weights': 'distance'}. Best is trial 106 with value: 0.4156138470142633.
running
[I 2024-09-23 02:48:14,031] Trial 115 finished with value: 0.4156424789508001 and parameters: {'model_name': 'KNNImputer', 'n_neighbors': 10475, 'weights': 'uniform'}. Best is trial 106 with value: 0.4156138470142633.
running
[I 2024-09-23 02:48:42,676] Trial 116 finished with value: 0.41565667727725025 and parameters: {'model_name': 'KNNImputer', 'n_neighbors': 7924, 'weights': 'uniform'}. Best is trial 106 with value: 0.4156138470142633.
running
[I 2024-09-23 02:49:12,661] Trial 117 finished with value: 0.4156305481622045 and parameters: {'model_name': 'KNNImputer', 'n_neighbors': 11455, 'weights': 'uniform'}. Best is trial 106 with value: 0.4156138470142633.
running
[I 2024-09-23 02:49:42,496] Trial 118 finished with value: 0.4156171638049976 and parameters: {'model_name': 'KNNImputer', 'n_neighbors': 9766, 'weights': 'uniform'}. Best is trial 106 with value: 0.4156138470142633.
running
[I 2024-09-23 02:50:12,318] Trial 119 finished with value: 0.4156206557984114 and parameters: {'model_name': 'KNNImputer', 'n_neighbors': 9997, 'weights': 'uniform'}. Best is trial 106 with value: 0.4156138470142633.
running
[I 2024-09-23 02:50:43,675] Trial 120 finished with value: 0.415628823261392 and parameters: {'model_name': 'KNNImputer', 'n_neighbors': 12247, 'weights': 'uniform'}. Best is trial 106 with value: 0.4156138470142633.
running
[I 2024-09-23 02:51:32,953] Trial 121 finished with value: 0.6498924383373597 and parameters: {'model_name': 'GAIN', 'batch_size': 124, 'hint_rate': 0.9728135385611586, 'alpha': 70, 'iterations': 23, 'learning_rate': 0.00022990284939684586, 'p_miss': 0.16823490682508704}. Best is trial 106 with value: 0.4156138470142633.
running
[I 2024-09-23 02:52:03,662] Trial 122 finished with value: 0.4156355323946648 and parameters: {'model_name': 'KNNImputer', 'n_neighbors': 10700, 'weights': 'uniform'}. Best is trial 106 with value: 0.4156138470142633.
running
[I 2024-09-23 02:52:31,431] Trial 123 finished with value: 0.4207721814374087 and parameters: {'model_name': 'VAE', 'batch_size': 2, 'iterations': 7, 'learning_rate': 0.00700886083146761, 'p_miss': 0.25512472479572285}. Best is trial 106 with value: 0.4156138470142633.
running
[I 2024-09-23 02:53:00,119] Trial 124 finished with value: 0.4157182898960835 and parameters: {'model_name': 'KNNImputer', 'n_neighbors': 6260, 'weights': 'uniform'}. Best is trial 106 with value: 0.4156138470142633.
running
[I 2024-09-23 02:53:28,990] Trial 125 finished with value: 0.41564886705825066 and parameters: {'model_name': 'KNNImputer', 'n_neighbors': 8325, 'weights': 'uniform'}. Best is trial 106 with value: 0.4156138470142633.
running
[I 2024-09-23 02:53:59,107] Trial 126 finished with value: 0.4156183689072823 and parameters: {'model_name': 'KNNImputer', 'n_neighbors': 9933, 'weights': 'uniform'}. Best is trial 106 with value: 0.4156138470142633.
running
[I 2024-09-23 02:54:28,680] Trial 127 finished with value: 0.4156190443470402 and parameters: {'model_name': 'KNNImputer', 'n_neighbors': 9786, 'weights': 'uniform'}. Best is trial 106 with value: 0.4156138470142633.
running
[I 2024-09-23 02:54:58,309] Trial 128 finished with value: 0.41563046206872134 and parameters: {'model_name': 'KNNImputer', 'n_neighbors': 10168, 'weights': 'uniform'}. Best is trial 106 with value: 0.4156138470142633.
running
[I 2024-09-23 02:55:29,938] Trial 129 finished with value: 0.41563761883168215 and parameters: {'model_name': 'KNNImputer', 'n_neighbors': 13206, 'weights': 'uniform'}. Best is trial 106 with value: 0.4156138470142633.
running
[I 2024-09-23 02:56:01,154] Trial 130 finished with value: 0.41563024137471577 and parameters: {'model_name': 'KNNImputer', 'n_neighbors': 11329, 'weights': 'uniform'}. Best is trial 106 with value: 0.4156138470142633.
running
[I 2024-09-23 02:56:30,929] Trial 131 finished with value: 0.41561604232106647 and parameters: {'model_name': 'KNNImputer', 'n_neighbors': 9889, 'weights': 'uniform'}. Best is trial 106 with value: 0.4156138470142633.
running
[I 2024-09-23 02:57:00,003] Trial 132 finished with value: 0.4156820318245849 and parameters: {'model_name': 'KNNImputer', 'n_neighbors': 7321, 'weights': 'uniform'}. Best is trial 106 with value: 0.4156138470142633.
running
[I 2024-09-23 02:57:26,838] Trial 133 finished with value: 0.41582068238745123 and parameters: {'model_name': 'KNNImputer', 'n_neighbors': 3795, 'weights': 'uniform'}. Best is trial 106 with value: 0.4156138470142633.
running
[I 2024-09-23 04:01:23,979] Trial 48 finished with value: 0.41671995806867834 and parameters: {'model_name': 'VAE', 'batch_size': 903, 'iterations': 4073, 'learning_rate': 0.00010140231722193049, 'p_miss': 0.011712934731246877}. Best is trial 106 with value: 0.4156138470142633.
running
[I 2024-09-23 04:09:48,685] Trial 60 finished with value: 0.5172222913075435 and parameters: {'model_name': 'VAE', 'batch_size': 1, 'iterations': 4649, 'learning_rate': 0.09495383592312401, 'p_miss': 0.2209855731356775}. Best is trial 106 with value: 0.4156138470142633.
running
[I 2024-09-23 04:10:19,649] Trial 136 finished with value: 0.4156251698486325 and parameters: {'model_name': 'KNNImputer', 'n_neighbors': 12074, 'weights': 'uniform'}. Best is trial 106 with value: 0.4156138470142633.
running
[I 2024-09-23 04:10:49,341] Trial 137 finished with value: 0.4156511750839189 and parameters: {'model_name': 'KNNImputer', 'n_neighbors': 8497, 'weights': 'uniform'}. Best is trial 106 with value: 0.4156138470142633.
running
[I 2024-09-23 04:11:19,321] Trial 138 finished with value: 0.4156133523796693 and parameters: {'model_name': 'KNNImputer', 'n_neighbors': 9684, 'weights': 'uniform'}. Best is trial 138 with value: 0.4156133523796693.
running
[I 2024-09-23 04:11:56,078] Trial 139 finished with value: 0.41564922410789046 and parameters: {'model_name': 'IterativeImputer', 'estimator': 'Bayesian', 'initial_strategy': 'most_frequent', 'n_nearest_features': 10, 'imputation_order': 'ascending', 'sample_posterior': False}. Best is trial 138 with value: 0.4156133523796693.
running
[I 2024-09-23 04:12:25,709] Trial 140 finished with value: 0.41561304496510154 and parameters: {'model_name': 'KNNImputer', 'n_neighbors': 9659, 'weights': 'uniform'}. Best is trial 140 with value: 0.41561304496510154.
running
[I 2024-09-23 04:12:56,208] Trial 141 finished with value: 0.4156128668815858 and parameters: {'model_name': 'KNNImputer', 'n_neighbors': 9674, 'weights': 'uniform'}. Best is trial 141 with value: 0.4156128668815858.
running
[I 2024-09-23 04:13:25,328] Trial 142 finished with value: 0.4156177724482807 and parameters: {'model_name': 'KNNImputer', 'n_neighbors': 9479, 'weights': 'uniform'}. Best is trial 141 with value: 0.4156128668815858.
running
[I 2024-09-23 04:13:47,169] Trial 40 finished with value: 0.4167381753914773 and parameters: {'model_name': 'VAE', 'batch_size': 705, 'iterations': 3990, 'learning_rate': 0.00011312988999636382, 'p_miss': 0.2969262112250538}. Best is trial 141 with value: 0.4156128668815858.
running
[I 2024-09-23 04:13:56,328] Trial 143 finished with value: 0.41561496489213107 and parameters: {'model_name': 'KNNImputer', 'n_neighbors': 9715, 'weights': 'uniform'}. Best is trial 141 with value: 0.4156128668815858.
running
[I 2024-09-23 04:14:17,229] Trial 144 finished with value: 0.4156149199464182 and parameters: {'model_name': 'KNNImputer', 'n_neighbors': 9438, 'weights': 'uniform'}. Best is trial 141 with value: 0.4156128668815858.
running
[I 2024-09-23 04:14:26,798] Trial 145 finished with value: 0.41565036368009134 and parameters: {'model_name': 'KNNImputer', 'n_neighbors': 8629, 'weights': 'uniform'}. Best is trial 141 with value: 0.4156128668815858.
running
[I 2024-09-23 04:14:47,829] Trial 146 finished with value: 0.415646278856288 and parameters: {'model_name': 'KNNImputer', 'n_neighbors': 8760, 'weights': 'uniform'}. Best is trial 141 with value: 0.4156128668815858.
running
[I 2024-09-23 04:14:56,951] Trial 147 finished with value: 0.415695782898052 and parameters: {'model_name': 'KNNImputer', 'n_neighbors': 6742, 'weights': 'uniform'}. Best is trial 141 with value: 0.4156128668815858.
running
[I 2024-09-23 04:15:19,213] Trial 148 finished with value: 0.41563112523938167 and parameters: {'model_name': 'KNNImputer', 'n_neighbors': 10849, 'weights': 'uniform'}. Best is trial 141 with value: 0.4156128668815858.
running
[I 2024-09-23 04:15:28,254] Trial 149 finished with value: 0.4156320747080313 and parameters: {'model_name': 'KNNImputer', 'n_neighbors': 10997, 'weights': 'uniform'}. Best is trial 141 with value: 0.4156128668815858.
running
[I 2024-09-23 04:15:29,498] Trial 151 finished with value: 0.41565358483644294 and parameters: {'model_name': 'SimpleImputer', 'strategy': 'mean'}. Best is trial 141 with value: 0.4156128668815858.
running
[I 2024-09-23 04:15:56,868] Trial 150 finished with value: 0.4654862538983169 and parameters: {'model_name': 'KNNImputer', 'n_neighbors': 9702, 'weights': 'distance'}. Best is trial 141 with value: 0.4156128668815858.
running
[I 2024-09-23 04:16:06,313] Trial 152 finished with value: 0.4654873986635278 and parameters: {'model_name': 'KNNImputer', 'n_neighbors': 7754, 'weights': 'distance'}. Best is trial 141 with value: 0.4156128668815858.
running
[I 2024-09-23 04:16:25,583] Trial 153 finished with value: 0.4156578951371759 and parameters: {'model_name': 'KNNImputer', 'n_neighbors': 7928, 'weights': 'uniform'}. Best is trial 141 with value: 0.4156128668815858.
running
[I 2024-09-23 04:18:04,889] Trial 134 finished with value: 0.45866168389465595 and parameters: {'model_name': 'IterativeImputer', 'estimator': 'RFR', 'initial_strategy': 'mean', 'n_nearest_features': 10, 'imputation_order': 'descending'}. Best is trial 141 with value: 0.4156128668815858.
running
[I 2024-09-23 04:18:34,002] Trial 156 finished with value: 0.41561908703333605 and parameters: {'model_name': 'KNNImputer', 'n_neighbors': 9498, 'weights': 'uniform'}. Best is trial 141 with value: 0.4156128668815858.
running
[I 2024-09-23 04:19:02,634] Trial 157 finished with value: 0.4156134710778657 and parameters: {'model_name': 'KNNImputer', 'n_neighbors': 9677, 'weights': 'uniform'}. Best is trial 141 with value: 0.4156128668815858.
running
[I 2024-09-23 04:19:31,652] Trial 158 finished with value: 0.41564348527830913 and parameters: {'model_name': 'KNNImputer', 'n_neighbors': 10499, 'weights': 'uniform'}. Best is trial 141 with value: 0.4156128668815858.
running
[I 2024-09-23 04:20:00,047] Trial 159 finished with value: 0.41563064343913014 and parameters: {'model_name': 'KNNImputer', 'n_neighbors': 9117, 'weights': 'uniform'}. Best is trial 141 with value: 0.4156128668815858.
running
[I 2024-09-23 04:27:59,021] Trial 155 finished with value: 0.6505922025206508 and parameters: {'model_name': 'GAIN', 'batch_size': 28, 'hint_rate': 0.34975249579468964, 'alpha': 26, 'iterations': 440, 'learning_rate': 0.0202891008818667, 'p_miss': 0.056665778428416747}. Best is trial 141 with value: 0.4156128668815858.
running
[I 2024-09-23 04:28:26,148] Trial 161 finished with value: 0.41576135614141985 and parameters: {'model_name': 'KNNImputer', 'n_neighbors': 5330, 'weights': 'uniform'}. Best is trial 141 with value: 0.4156128668815858.
running
[I 2024-09-23 04:28:55,826] Trial 162 finished with value: 0.4156184544647722 and parameters: {'model_name': 'KNNImputer', 'n_neighbors': 11695, 'weights': 'uniform'}. Best is trial 141 with value: 0.4156128668815858.
running
[I 2024-09-23 04:29:24,687] Trial 163 finished with value: 0.4156206847363716 and parameters: {'model_name': 'KNNImputer', 'n_neighbors': 9994, 'weights': 'uniform'}. Best is trial 141 with value: 0.4156128668815858.
running
[I 2024-09-23 04:29:55,143] Trial 164 finished with value: 0.41563427379013423 and parameters: {'model_name': 'KNNImputer', 'n_neighbors': 12867, 'weights': 'uniform'}. Best is trial 141 with value: 0.4156128668815858.
running
[I 2024-09-23 04:30:23,955] Trial 165 finished with value: 0.41565570105623095 and parameters: {'model_name': 'KNNImputer', 'n_neighbors': 8380, 'weights': 'uniform'}. Best is trial 141 with value: 0.4156128668815858.
running
[I 2024-09-23 04:30:54,349] Trial 166 finished with value: 0.41562971972958146 and parameters: {'model_name': 'KNNImputer', 'n_neighbors': 11273, 'weights': 'uniform'}. Best is trial 141 with value: 0.4156128668815858.
running
[I 2024-09-23 04:31:24,835] Trial 167 finished with value: 0.41561975934004936 and parameters: {'model_name': 'KNNImputer', 'n_neighbors': 11852, 'weights': 'uniform'}. Best is trial 141 with value: 0.4156128668815858.
running
[I 2024-09-23 04:31:32,971] Trial 154 finished with value: 0.6496980857850099 and parameters: {'model_name': 'GAIN', 'batch_size': 59, 'hint_rate': 0.36392699366670134, 'alpha': 26, 'iterations': 566, 'learning_rate': 0.021586905423718272, 'p_miss': 0.05040539348508939}. Best is trial 141 with value: 0.4156128668815858.
running
[I 2024-09-23 04:31:55,144] Trial 168 finished with value: 0.415642109625713 and parameters: {'model_name': 'KNNImputer', 'n_neighbors': 10473, 'weights': 'uniform'}. Best is trial 141 with value: 0.4156128668815858.
running
[I 2024-09-23 04:32:03,569] Trial 169 finished with value: 0.4156228388421819 and parameters: {'model_name': 'KNNImputer', 'n_neighbors': 9286, 'weights': 'uniform'}. Best is trial 141 with value: 0.4156128668815858.
running
[I 2024-09-23 04:32:27,537] Trial 170 finished with value: 0.41563623031700414 and parameters: {'model_name': 'KNNImputer', 'n_neighbors': 14786, 'weights': 'uniform'}. Best is trial 141 with value: 0.4156128668815858.
running
[I 2024-09-23 04:32:35,239] Trial 171 finished with value: 0.41563033510964864 and parameters: {'model_name': 'KNNImputer', 'n_neighbors': 12458, 'weights': 'uniform'}. Best is trial 141 with value: 0.4156128668815858.
running
[I 2024-09-23 04:32:59,272] Trial 172 finished with value: 0.4156269268508538 and parameters: {'model_name': 'KNNImputer', 'n_neighbors': 13687, 'weights': 'uniform'}. Best is trial 141 with value: 0.4156128668815858.
running
[I 2024-09-23 04:33:07,742] Trial 173 finished with value: 0.4156291415289882 and parameters: {'model_name': 'KNNImputer', 'n_neighbors': 13471, 'weights': 'uniform'}. Best is trial 141 with value: 0.4156128668815858.
running
[I 2024-09-23 04:33:29,039] Trial 174 finished with value: 0.41563094719152743 and parameters: {'model_name': 'KNNImputer', 'n_neighbors': 10987, 'weights': 'uniform'}. Best is trial 141 with value: 0.4156128668815858.
running
[I 2024-09-23 04:33:37,824] Trial 175 finished with value: 0.4156299569029046 and parameters: {'model_name': 'KNNImputer', 'n_neighbors': 10840, 'weights': 'uniform'}. Best is trial 141 with value: 0.4156128668815858.
running
[I 2024-09-23 04:33:58,581] Trial 176 finished with value: 0.41561618268816447 and parameters: {'model_name': 'KNNImputer', 'n_neighbors': 9871, 'weights': 'uniform'}. Best is trial 141 with value: 0.4156128668815858.
running
[I 2024-09-23 04:34:08,056] Trial 177 finished with value: 0.41563153422696625 and parameters: {'model_name': 'KNNImputer', 'n_neighbors': 10124, 'weights': 'uniform'}. Best is trial 141 with value: 0.4156128668815858.
running
[I 2024-09-23 04:34:28,978] Trial 178 finished with value: 0.415614826851922 and parameters: {'model_name': 'KNNImputer', 'n_neighbors': 9619, 'weights': 'uniform'}. Best is trial 141 with value: 0.4156128668815858.
running
[I 2024-09-23 04:34:39,028] Trial 179 finished with value: 0.4156178351601468 and parameters: {'model_name': 'KNNImputer', 'n_neighbors': 11710, 'weights': 'uniform'}. Best is trial 141 with value: 0.4156128668815858.
running
[I 2024-09-23 04:34:40,498] Trial 181 finished with value: 0.44287816025114246 and parameters: {'model_name': 'SimpleImputer', 'strategy': 'median'}. Best is trial 141 with value: 0.4156128668815858.
running
[I 2024-09-23 04:34:58,193] Trial 180 finished with value: 0.41562952548479526 and parameters: {'model_name': 'KNNImputer', 'n_neighbors': 9092, 'weights': 'uniform'}. Best is trial 141 with value: 0.4156128668815858.
running
[I 2024-09-23 04:35:10,634] Trial 182 finished with value: 0.41562608046938065 and parameters: {'model_name': 'KNNImputer', 'n_neighbors': 9150, 'weights': 'uniform'}. Best is trial 141 with value: 0.4156128668815858.
running
[I 2024-09-23 04:35:26,599] Trial 183 finished with value: 0.4156443045244078 and parameters: {'model_name': 'KNNImputer', 'n_neighbors': 8586, 'weights': 'uniform'}. Best is trial 141 with value: 0.4156128668815858.
running
[I 2024-09-23 04:35:40,179] Trial 184 finished with value: 0.41568261446163035 and parameters: {'model_name': 'KNNImputer', 'n_neighbors': 7392, 'weights': 'uniform'}. Best is trial 141 with value: 0.4156128668815858.
running
[I 2024-09-23 04:35:55,640] Trial 185 finished with value: 0.41567909838525735 and parameters: {'model_name': 'KNNImputer', 'n_neighbors': 7540, 'weights': 'uniform'}. Best is trial 141 with value: 0.4156128668815858.
running
[I 2024-09-23 04:36:10,934] Trial 186 finished with value: 0.41561662100328023 and parameters: {'model_name': 'KNNImputer', 'n_neighbors': 9865, 'weights': 'uniform'}. Best is trial 141 with value: 0.4156128668815858.
running
[I 2024-09-23 04:36:23,371] Trial 160 finished with value: 0.6499517763425817 and parameters: {'model_name': 'GAIN', 'batch_size': 59, 'hint_rate': 0.37747031836165845, 'alpha': 25, 'iterations': 645, 'learning_rate': 0.019461701495036815, 'p_miss': 0.04908882314582097}. Best is trial 141 with value: 0.4156128668815858.
running
[I 2024-09-23 04:36:25,783] Trial 187 finished with value: 0.4156190443470402 and parameters: {'model_name': 'KNNImputer', 'n_neighbors': 9786, 'weights': 'uniform'}. Best is trial 141 with value: 0.4156128668815858.
running
[I 2024-09-23 04:36:43,275] Trial 188 finished with value: 0.4156375639027939 and parameters: {'model_name': 'KNNImputer', 'n_neighbors': 10345, 'weights': 'uniform'}. Best is trial 141 with value: 0.4156128668815858.
running
[I 2024-09-23 04:36:54,110] Trial 189 finished with value: 0.41561031964024925 and parameters: {'model_name': 'KNNImputer', 'n_neighbors': 9648, 'weights': 'uniform'}. Best is trial 189 with value: 0.41561031964024925.
running
[I 2024-09-23 04:36:56,444] Trial 190 finished with value: 0.4156410413252568 and parameters: {'model_name': 'KNNImputer', 'n_neighbors': 10468, 'weights': 'uniform'}. Best is trial 189 with value: 0.41561031964024925.
running
[I 2024-09-23 04:37:14,589] Trial 191 finished with value: 0.41561901143768054 and parameters: {'model_name': 'KNNImputer', 'n_neighbors': 9525, 'weights': 'uniform'}. Best is trial 189 with value: 0.41561031964024925.
running
[I 2024-09-23 04:37:24,068] Trial 192 finished with value: 0.4156551612386698 and parameters: {'model_name': 'KNNImputer', 'n_neighbors': 8407, 'weights': 'uniform'}. Best is trial 189 with value: 0.41561031964024925.
running
[I 2024-09-23 04:37:26,886] Trial 193 finished with value: 0.4156184268680151 and parameters: {'model_name': 'KNNImputer', 'n_neighbors': 9532, 'weights': 'uniform'}. Best is trial 189 with value: 0.41561031964024925.
running
[I 2024-09-23 04:37:45,114] Trial 194 finished with value: 0.415654882198626 and parameters: {'model_name': 'KNNImputer', 'n_neighbors': 8203, 'weights': 'uniform'}. Best is trial 189 with value: 0.41561031964024925.
running
[I 2024-09-23 04:37:56,534] Trial 196 finished with value: 0.4156311649125821 and parameters: {'model_name': 'KNNImputer', 'n_neighbors': 11424, 'weights': 'uniform'}. Best is trial 189 with value: 0.41561031964024925.
running
[I 2024-09-23 04:38:15,852] Trial 197 finished with value: 0.4156288342704101 and parameters: {'model_name': 'KNNImputer', 'n_neighbors': 11305, 'weights': 'uniform'}. Best is trial 189 with value: 0.41561031964024925.
running
[I 2024-09-23 04:38:47,585] Trial 199 finished with value: 0.41561642344611316 and parameters: {'model_name': 'KNNImputer', 'n_neighbors': 15769, 'weights': 'uniform'}. Best is trial 189 with value: 0.41561031964024925.
[I 2024-09-23 04:44:02,099] Trial 195 finished with value: 0.41756173568254285 and parameters: {'model_name': 'VAE', 'batch_size': 270, 'iterations': 96, 'learning_rate': 0.048444224225127556, 'p_miss': 0.14053470566170004}. Best is trial 189 with value: 0.41561031964024925.
[I 2024-09-23 04:45:45,451] Trial 198 finished with value: 0.4172397592002467 and parameters: {'model_name': 'VAE', 'batch_size': 290, 'iterations': 136, 'learning_rate': 0.04668536937711977, 'p_miss': 0.14280676970895492}. Best is trial 189 with value: 0.41561031964024925.
[I 2024-09-23 05:17:10,146] Trial 135 finished with value: 0.4584892372064533 and parameters: {'model_name': 'IterativeImputer', 'estimator': 'RFR', 'initial_strategy': 'median', 'n_nearest_features': 10, 'imputation_order': 'descending'}. Best is trial 189 with value: 0.41561031964024925.
[I 2024-09-23 06:45:05,484] Trial 49 finished with value: 0.41675115568964943 and parameters: {'model_name': 'VAE', 'batch_size': 834, 'iterations': 6435, 'learning_rate': 0.00011792307135946586, 'p_miss': 0.18071013080337583}. Best is trial 189 with value: 0.41561031964024925.
[I 2024-09-23 06:47:38,675] Trial 44 finished with value: 0.4168292193068992 and parameters: {'model_name': 'VAE', 'batch_size': 581, 'iterations': 7871, 'learning_rate': 0.00012467100631613373, 'p_miss': 0.2998180972646006}. Best is trial 189 with value: 0.41561031964024925.
[I 2024-09-23 06:51:34,317] Trial 41 finished with value: 0.416850957704819 and parameters: {'model_name': 'VAE', 'batch_size': 712, 'iterations': 7256, 'learning_rate': 0.00011400400300344291, 'p_miss': 0.2799204515712327}. Best is trial 189 with value: 0.41561031964024925.
[I 2024-09-23 07:18:00,880] Trial 101 finished with value: 0.45002184418136393 and parameters: {'model_name': 'VAE', 'batch_size': 2, 'iterations': 6973, 'learning_rate': 0.07398526116038134, 'p_miss': 0.023159685297698795}. Best is trial 189 with value: 0.41561031964024925.
[I 2024-09-23 07:32:18,601] Trial 35 finished with value: 0.41667833043511193 and parameters: {'model_name': 'VAE', 'batch_size': 737, 'iterations': 8177, 'learning_rate': 0.0001225336402288836, 'p_miss': 0.2897704241622286}. Best is trial 189 with value: 0.41561031964024925.
[I 2024-09-23 07:32:40,971] Trial 51 finished with value: 0.41669767891212944 and parameters: {'model_name': 'VAE', 'batch_size': 858, 'iterations': 7452, 'learning_rate': 0.06807255488726173, 'p_miss': 0.03557591304591806}. Best is trial 189 with value: 0.41561031964024925.
[I 2024-09-23 07:40:40,056] Trial 42 finished with value: 0.41671782040615807 and parameters: {'model_name': 'VAE', 'batch_size': 788, 'iterations': 8306, 'learning_rate': 0.0034103439974691335, 'p_miss': 0.2880765008179683}. Best is trial 189 with value: 0.41561031964024925.
[I 2024-09-23 07:42:23,125] Trial 39 finished with value: 0.41688491477477163 and parameters: {'model_name': 'VAE', 'batch_size': 511, 'iterations': 8503, 'learning_rate': 0.00012348596242073978, 'p_miss': 0.2955910808990713}. Best is trial 189 with value: 0.41561031964024925.
[I 2024-09-23 07:45:53,408] Trial 36 finished with value: 0.41675682118617596 and parameters: {'model_name': 'VAE', 'batch_size': 653, 'iterations': 8178, 'learning_rate': 0.00010459959341526133, 'p_miss': 0.2975753476479837}. Best is trial 189 with value: 0.41561031964024925.
[I 2024-09-23 07:51:15,251] Trial 43 finished with value: 0.41673594852746404 and parameters: {'model_name': 'VAE', 'batch_size': 812, 'iterations': 8989, 'learning_rate': 0.00010939623561473647, 'p_miss': 0.2730876966109028}. Best is trial 189 with value: 0.41561031964024925.
[I 2024-09-23 07:52:47,324] Trial 38 finished with value: 0.4167362234320409 and parameters: {'model_name': 'VAE', 'batch_size': 982, 'iterations': 8911, 'learning_rate': 0.0001313354301277054, 'p_miss': 0.29487669369594166}. Best is trial 189 with value: 0.41561031964024925.
[I 2024-09-23 07:53:38,942] Trial 45 finished with value: 0.4170702667027403 and parameters: {'model_name': 'VAE', 'batch_size': 868, 'iterations': 8510, 'learning_rate': 0.09739936871947494, 'p_miss': 0.29920503687548916}. Best is trial 189 with value: 0.41561031964024925.
fit
auto fit
auto transform
0    0
1    0
2    0
3    0
4    0
5    0
6    0
7    0
8    0
9    0
dtype: int64
0    0
1    0
2    0
3    0
4    0
5    0
6    0
7    0
8    0
9    0
dtype: int64
0.41561031964024925
{'model_name': 'KNNImputer', 'n_neighbors': 9648, 'weights': 'uniform'}
running experiment 2/3 - Does reconstruction give good automl predictions
Start est fit
Version 0.1.7a0 of tpot2 is outdated. Version 0.1.8a0 was released 5 days ago.
Version 0.1.7a0 of tpot2 is outdated. Version 0.1.8a0 was released 5 days ago.
Version 0.1.7a0 of tpot2 is outdated. Version 0.1.8a0 was released 5 days ago.
Version 0.1.7a0 of tpot2 is outdated. Version 0.1.8a0 was released 5 days ago.
Version 0.1.7a0 of tpot2 is outdated. Version 0.1.8a0 was released 5 days ago.
Version 0.1.7a0 of tpot2 is outdated. Version 0.1.8a0 was released 5 days ago.
Version 0.1.7a0 of tpot2 is outdated. Version 0.1.8a0 was released 5 days ago.
Version 0.1.7a0 of tpot2 is outdated. Version 0.1.8a0 was released 5 days ago.
Version 0.1.7a0 of tpot2 is outdated. Version 0.1.8a0 was released 5 days ago.
Version 0.1.7a0 of tpot2 is outdated. Version 0.1.8a0 was released 5 days ago.
Version 0.1.7a0 of tpot2 is outdated. Version 0.1.8a0 was released 5 days ago.
Version 0.1.7a0 of tpot2 is outdated. Version 0.1.8a0 was released 5 days ago.
Version 0.1.7a0 of tpot2 is outdated. Version 0.1.8a0 was released 5 days ago.
Version 0.1.7a0 of tpot2 is outdated. Version 0.1.8a0 was released 5 days ago.
Version 0.1.7a0 of tpot2 is outdated. Version 0.1.8a0 was released 5 days ago.
Version 0.1.7a0 of tpot2 is outdated. Version 0.1.8a0 was released 5 days ago.
  0%|          | 0/25 [00:00<?, ?it/s]Generation:   0%|          | 0/25 [00:00<?, ?it/s]WARNING THIS INDIVIDUAL CAUSED AND EXCEPTION 
 <tpot2.search_spaces.pipelines.sequential.SequentialPipelineIndividual object at 0x1554746ebf70> 
 The 'criterion' parameter of ExtraTreesRegressor must be a str among {'friedman_mse', 'poisson', 'absolute_error', 'squared_error'}. Got 'mae' instead. 
 Traceback (most recent call last):
  File "/common/ketrong/tpotexp/tpot2/tpot2/utils/eval_utils.py", line 53, in objective_nan_wrapper
    value = func_timeout.func_timeout(timeout, objective_function, args=[individual], kwargs=objective_kwargs)
  File "/common/ketrong/tpotexp/env/lib/python3.10/site-packages/func_timeout/dafunc.py", line 108, in func_timeout
    raise_exception(exception)
  File "/common/ketrong/tpotexp/env/lib/python3.10/site-packages/func_timeout/py3_raise.py", line 7, in raise_exception
    raise exception[0] from None
  File "/common/ketrong/tpotexp/tpot2/tpot2/tpot_estimator/estimator.py", line 623, in objective_function
    return objective_function_generator(
  File "/common/ketrong/tpotexp/tpot2/tpot2/tpot_estimator/estimator_utils.py", line 55, in objective_function_generator
    cv_obj_scores = cross_val_score_objective(sklearn.base.clone(pipeline),x,y,scorers=scorers, cv=cv , fold=step)
  File "/common/ketrong/tpotexp/tpot2/tpot2/tpot_estimator/cross_val_utils.py", line 28, in cross_val_score_objective
    this_fold_pipeline.fit(X_train,y_train)
  File "/common/ketrong/tpotexp/env/lib/python3.10/site-packages/sklearn/base.py", line 1473, in wrapper
    return fit_method(estimator, *args, **kwargs)
  File "/common/ketrong/tpotexp/env/lib/python3.10/site-packages/sklearn/pipeline.py", line 473, in fit
    self._final_estimator.fit(Xt, y, **last_step_params["fit"])
  File "/common/ketrong/tpotexp/env/lib/python3.10/site-packages/sklearn/base.py", line 1466, in wrapper
    estimator._validate_params()
  File "/common/ketrong/tpotexp/env/lib/python3.10/site-packages/sklearn/base.py", line 666, in _validate_params
    validate_parameter_constraints(
  File "/common/ketrong/tpotexp/env/lib/python3.10/site-packages/sklearn/utils/_param_validation.py", line 95, in validate_parameter_constraints
    raise InvalidParameterError(
sklearn.utils._param_validation.InvalidParameterError: The 'criterion' parameter of ExtraTreesRegressor must be a str among {'friedman_mse', 'poisson', 'absolute_error', 'squared_error'}. Got 'mae' instead.

Generation:  1
Best root_mean_squared_error score: -1.1362230021433426
Generation:   4%|         | 1/25 [00:48<19:18, 48.27s/it]Generation:  2
Best root_mean_squared_error score: -1.1362230021433426
Generation:   8%|         | 2/25 [08:25<1:50:42, 288.82s/it]WARNING THIS INDIVIDUAL CAUSED AND EXCEPTION 
 <tpot2.search_spaces.pipelines.sequential.SequentialPipelineIndividual object at 0x155474729ff0> 
 The 'criterion' parameter of DecisionTreeRegressor must be a str among {'friedman_mse', 'poisson', 'absolute_error', 'squared_error'}. Got 'mae' instead. 
 Traceback (most recent call last):
  File "/common/ketrong/tpotexp/tpot2/tpot2/utils/eval_utils.py", line 53, in objective_nan_wrapper
    value = func_timeout.func_timeout(timeout, objective_function, args=[individual], kwargs=objective_kwargs)
  File "/common/ketrong/tpotexp/env/lib/python3.10/site-packages/func_timeout/dafunc.py", line 108, in func_timeout
    raise_exception(exception)
  File "/common/ketrong/tpotexp/env/lib/python3.10/site-packages/func_timeout/py3_raise.py", line 7, in raise_exception
    raise exception[0] from None
  File "/common/ketrong/tpotexp/tpot2/tpot2/tpot_estimator/estimator.py", line 623, in objective_function
    return objective_function_generator(
  File "/common/ketrong/tpotexp/tpot2/tpot2/tpot_estimator/estimator_utils.py", line 55, in objective_function_generator
    cv_obj_scores = cross_val_score_objective(sklearn.base.clone(pipeline),x,y,scorers=scorers, cv=cv , fold=step)
  File "/common/ketrong/tpotexp/tpot2/tpot2/tpot_estimator/cross_val_utils.py", line 28, in cross_val_score_objective
    this_fold_pipeline.fit(X_train,y_train)
  File "/common/ketrong/tpotexp/env/lib/python3.10/site-packages/sklearn/base.py", line 1473, in wrapper
    return fit_method(estimator, *args, **kwargs)
  File "/common/ketrong/tpotexp/env/lib/python3.10/site-packages/sklearn/pipeline.py", line 473, in fit
    self._final_estimator.fit(Xt, y, **last_step_params["fit"])
  File "/common/ketrong/tpotexp/env/lib/python3.10/site-packages/sklearn/base.py", line 1466, in wrapper
    estimator._validate_params()
  File "/common/ketrong/tpotexp/env/lib/python3.10/site-packages/sklearn/base.py", line 666, in _validate_params
    validate_parameter_constraints(
  File "/common/ketrong/tpotexp/env/lib/python3.10/site-packages/sklearn/utils/_param_validation.py", line 95, in validate_parameter_constraints
    raise InvalidParameterError(
sklearn.utils._param_validation.InvalidParameterError: The 'criterion' parameter of DecisionTreeRegressor must be a str among {'friedman_mse', 'poisson', 'absolute_error', 'squared_error'}. Got 'mae' instead.

WARNING THIS INDIVIDUAL CAUSED AND EXCEPTION 
 <tpot2.search_spaces.pipelines.sequential.SequentialPipelineIndividual object at 0x155467f9c640> 
 The 'criterion' parameter of DecisionTreeRegressor must be a str among {'friedman_mse', 'poisson', 'absolute_error', 'squared_error'}. Got 'mae' instead. 
 Traceback (most recent call last):
  File "/common/ketrong/tpotexp/tpot2/tpot2/utils/eval_utils.py", line 53, in objective_nan_wrapper
    value = func_timeout.func_timeout(timeout, objective_function, args=[individual], kwargs=objective_kwargs)
  File "/common/ketrong/tpotexp/env/lib/python3.10/site-packages/func_timeout/dafunc.py", line 108, in func_timeout
    raise_exception(exception)
  File "/common/ketrong/tpotexp/env/lib/python3.10/site-packages/func_timeout/py3_raise.py", line 7, in raise_exception
    raise exception[0] from None
  File "/common/ketrong/tpotexp/tpot2/tpot2/tpot_estimator/estimator.py", line 623, in objective_function
    return objective_function_generator(
  File "/common/ketrong/tpotexp/tpot2/tpot2/tpot_estimator/estimator_utils.py", line 55, in objective_function_generator
    cv_obj_scores = cross_val_score_objective(sklearn.base.clone(pipeline),x,y,scorers=scorers, cv=cv , fold=step)
  File "/common/ketrong/tpotexp/tpot2/tpot2/tpot_estimator/cross_val_utils.py", line 28, in cross_val_score_objective
    this_fold_pipeline.fit(X_train,y_train)
  File "/common/ketrong/tpotexp/env/lib/python3.10/site-packages/sklearn/base.py", line 1473, in wrapper
    return fit_method(estimator, *args, **kwargs)
  File "/common/ketrong/tpotexp/env/lib/python3.10/site-packages/sklearn/pipeline.py", line 473, in fit
    self._final_estimator.fit(Xt, y, **last_step_params["fit"])
  File "/common/ketrong/tpotexp/env/lib/python3.10/site-packages/sklearn/base.py", line 1466, in wrapper
    estimator._validate_params()
  File "/common/ketrong/tpotexp/env/lib/python3.10/site-packages/sklearn/base.py", line 666, in _validate_params
    validate_parameter_constraints(
  File "/common/ketrong/tpotexp/env/lib/python3.10/site-packages/sklearn/utils/_param_validation.py", line 95, in validate_parameter_constraints
    raise InvalidParameterError(
sklearn.utils._param_validation.InvalidParameterError: The 'criterion' parameter of DecisionTreeRegressor must be a str among {'friedman_mse', 'poisson', 'absolute_error', 'squared_error'}. Got 'mae' instead.

WARNING AN INDIVIDUAL TIMED OUT: 
 <tpot2.search_spaces.pipelines.sequential.SequentialPipelineIndividual object at 0x155467ec95a0> 

Generation:  3
Best root_mean_squared_error score: -1.1321468838116064
Generation:  12%|        | 3/25 [18:29<2:38:36, 432.57s/it]WARNING AN INDIVIDUAL TIMED OUT: 
 <tpot2.search_spaces.pipelines.sequential.SequentialPipelineIndividual object at 0x1554746ea710> 

Generation:  4
Best root_mean_squared_error score: -1.1321468838116064
Generation:  16%|        | 4/25 [28:33<2:55:06, 500.29s/it]WARNING THIS INDIVIDUAL CAUSED AND EXCEPTION 
 <tpot2.search_spaces.pipelines.sequential.SequentialPipelineIndividual object at 0x1554653f8ee0> 
 The 'criterion' parameter of ExtraTreesRegressor must be a str among {'friedman_mse', 'poisson', 'absolute_error', 'squared_error'}. Got 'mae' instead. 
 Traceback (most recent call last):
  File "/common/ketrong/tpotexp/tpot2/tpot2/utils/eval_utils.py", line 53, in objective_nan_wrapper
    value = func_timeout.func_timeout(timeout, objective_function, args=[individual], kwargs=objective_kwargs)
  File "/common/ketrong/tpotexp/env/lib/python3.10/site-packages/func_timeout/dafunc.py", line 108, in func_timeout
    raise_exception(exception)
  File "/common/ketrong/tpotexp/env/lib/python3.10/site-packages/func_timeout/py3_raise.py", line 7, in raise_exception
    raise exception[0] from None
  File "/common/ketrong/tpotexp/tpot2/tpot2/tpot_estimator/estimator.py", line 623, in objective_function
    return objective_function_generator(
  File "/common/ketrong/tpotexp/tpot2/tpot2/tpot_estimator/estimator_utils.py", line 55, in objective_function_generator
    cv_obj_scores = cross_val_score_objective(sklearn.base.clone(pipeline),x,y,scorers=scorers, cv=cv , fold=step)
  File "/common/ketrong/tpotexp/tpot2/tpot2/tpot_estimator/cross_val_utils.py", line 28, in cross_val_score_objective
    this_fold_pipeline.fit(X_train,y_train)
  File "/common/ketrong/tpotexp/env/lib/python3.10/site-packages/sklearn/base.py", line 1473, in wrapper
    return fit_method(estimator, *args, **kwargs)
  File "/common/ketrong/tpotexp/env/lib/python3.10/site-packages/sklearn/pipeline.py", line 473, in fit
    self._final_estimator.fit(Xt, y, **last_step_params["fit"])
  File "/common/ketrong/tpotexp/env/lib/python3.10/site-packages/sklearn/base.py", line 1466, in wrapper
    estimator._validate_params()
  File "/common/ketrong/tpotexp/env/lib/python3.10/site-packages/sklearn/base.py", line 666, in _validate_params
    validate_parameter_constraints(
  File "/common/ketrong/tpotexp/env/lib/python3.10/site-packages/sklearn/utils/_param_validation.py", line 95, in validate_parameter_constraints
    raise InvalidParameterError(
sklearn.utils._param_validation.InvalidParameterError: The 'criterion' parameter of ExtraTreesRegressor must be a str among {'friedman_mse', 'poisson', 'absolute_error', 'squared_error'}. Got 'mae' instead.

WARNING AN INDIVIDUAL TIMED OUT: 
 <tpot2.search_spaces.pipelines.sequential.SequentialPipelineIndividual object at 0x1554746eca60> 

WARNING AN INDIVIDUAL TIMED OUT: 
 <tpot2.search_spaces.pipelines.sequential.SequentialPipelineIndividual object at 0x155467f014b0> 

Generation:  5
Best root_mean_squared_error score: -1.1321468838116064
Generation:  20%|        | 5/25 [38:37<2:59:16, 537.84s/it]WARNING THIS INDIVIDUAL CAUSED AND EXCEPTION 
 <tpot2.search_spaces.pipelines.sequential.SequentialPipelineIndividual object at 0x155467fc5060> 
 The 'criterion' parameter of ExtraTreesRegressor must be a str among {'friedman_mse', 'poisson', 'absolute_error', 'squared_error'}. Got 'mae' instead. 
 Traceback (most recent call last):
  File "/common/ketrong/tpotexp/tpot2/tpot2/utils/eval_utils.py", line 53, in objective_nan_wrapper
    value = func_timeout.func_timeout(timeout, objective_function, args=[individual], kwargs=objective_kwargs)
  File "/common/ketrong/tpotexp/env/lib/python3.10/site-packages/func_timeout/dafunc.py", line 108, in func_timeout
    raise_exception(exception)
  File "/common/ketrong/tpotexp/env/lib/python3.10/site-packages/func_timeout/py3_raise.py", line 7, in raise_exception
    raise exception[0] from None
  File "/common/ketrong/tpotexp/tpot2/tpot2/tpot_estimator/estimator.py", line 623, in objective_function
    return objective_function_generator(
  File "/common/ketrong/tpotexp/tpot2/tpot2/tpot_estimator/estimator_utils.py", line 55, in objective_function_generator
    cv_obj_scores = cross_val_score_objective(sklearn.base.clone(pipeline),x,y,scorers=scorers, cv=cv , fold=step)
  File "/common/ketrong/tpotexp/tpot2/tpot2/tpot_estimator/cross_val_utils.py", line 28, in cross_val_score_objective
    this_fold_pipeline.fit(X_train,y_train)
  File "/common/ketrong/tpotexp/env/lib/python3.10/site-packages/sklearn/base.py", line 1473, in wrapper
    return fit_method(estimator, *args, **kwargs)
  File "/common/ketrong/tpotexp/env/lib/python3.10/site-packages/sklearn/pipeline.py", line 473, in fit
    self._final_estimator.fit(Xt, y, **last_step_params["fit"])
  File "/common/ketrong/tpotexp/env/lib/python3.10/site-packages/sklearn/base.py", line 1466, in wrapper
    estimator._validate_params()
  File "/common/ketrong/tpotexp/env/lib/python3.10/site-packages/sklearn/base.py", line 666, in _validate_params
    validate_parameter_constraints(
  File "/common/ketrong/tpotexp/env/lib/python3.10/site-packages/sklearn/utils/_param_validation.py", line 95, in validate_parameter_constraints
    raise InvalidParameterError(
sklearn.utils._param_validation.InvalidParameterError: The 'criterion' parameter of ExtraTreesRegressor must be a str among {'friedman_mse', 'poisson', 'absolute_error', 'squared_error'}. Got 'mae' instead.

WARNING THIS INDIVIDUAL CAUSED AND EXCEPTION 
 <tpot2.search_spaces.pipelines.sequential.SequentialPipelineIndividual object at 0x155464f0ae60> 
 The 'criterion' parameter of ExtraTreesRegressor must be a str among {'friedman_mse', 'poisson', 'absolute_error', 'squared_error'}. Got 'mae' instead. 
 Traceback (most recent call last):
  File "/common/ketrong/tpotexp/tpot2/tpot2/utils/eval_utils.py", line 53, in objective_nan_wrapper
    value = func_timeout.func_timeout(timeout, objective_function, args=[individual], kwargs=objective_kwargs)
  File "/common/ketrong/tpotexp/env/lib/python3.10/site-packages/func_timeout/dafunc.py", line 108, in func_timeout
    raise_exception(exception)
  File "/common/ketrong/tpotexp/env/lib/python3.10/site-packages/func_timeout/py3_raise.py", line 7, in raise_exception
    raise exception[0] from None
  File "/common/ketrong/tpotexp/tpot2/tpot2/tpot_estimator/estimator.py", line 623, in objective_function
    return objective_function_generator(
  File "/common/ketrong/tpotexp/tpot2/tpot2/tpot_estimator/estimator_utils.py", line 55, in objective_function_generator
    cv_obj_scores = cross_val_score_objective(sklearn.base.clone(pipeline),x,y,scorers=scorers, cv=cv , fold=step)
  File "/common/ketrong/tpotexp/tpot2/tpot2/tpot_estimator/cross_val_utils.py", line 28, in cross_val_score_objective
    this_fold_pipeline.fit(X_train,y_train)
  File "/common/ketrong/tpotexp/env/lib/python3.10/site-packages/sklearn/base.py", line 1473, in wrapper
    return fit_method(estimator, *args, **kwargs)
  File "/common/ketrong/tpotexp/env/lib/python3.10/site-packages/sklearn/pipeline.py", line 473, in fit
    self._final_estimator.fit(Xt, y, **last_step_params["fit"])
  File "/common/ketrong/tpotexp/env/lib/python3.10/site-packages/sklearn/base.py", line 1466, in wrapper
    estimator._validate_params()
  File "/common/ketrong/tpotexp/env/lib/python3.10/site-packages/sklearn/base.py", line 666, in _validate_params
    validate_parameter_constraints(
  File "/common/ketrong/tpotexp/env/lib/python3.10/site-packages/sklearn/utils/_param_validation.py", line 95, in validate_parameter_constraints
    raise InvalidParameterError(
sklearn.utils._param_validation.InvalidParameterError: The 'criterion' parameter of ExtraTreesRegressor must be a str among {'friedman_mse', 'poisson', 'absolute_error', 'squared_error'}. Got 'mae' instead.

WARNING THIS INDIVIDUAL CAUSED AND EXCEPTION 
 <tpot2.search_spaces.pipelines.sequential.SequentialPipelineIndividual object at 0x155467ecae90> 
 The 'criterion' parameter of ExtraTreesRegressor must be a str among {'friedman_mse', 'poisson', 'absolute_error', 'squared_error'}. Got 'mae' instead. 
 Traceback (most recent call last):
  File "/common/ketrong/tpotexp/tpot2/tpot2/utils/eval_utils.py", line 53, in objective_nan_wrapper
    value = func_timeout.func_timeout(timeout, objective_function, args=[individual], kwargs=objective_kwargs)
  File "/common/ketrong/tpotexp/env/lib/python3.10/site-packages/func_timeout/dafunc.py", line 108, in func_timeout
    raise_exception(exception)
  File "/common/ketrong/tpotexp/env/lib/python3.10/site-packages/func_timeout/py3_raise.py", line 7, in raise_exception
    raise exception[0] from None
  File "/common/ketrong/tpotexp/tpot2/tpot2/tpot_estimator/estimator.py", line 623, in objective_function
    return objective_function_generator(
  File "/common/ketrong/tpotexp/tpot2/tpot2/tpot_estimator/estimator_utils.py", line 55, in objective_function_generator
    cv_obj_scores = cross_val_score_objective(sklearn.base.clone(pipeline),x,y,scorers=scorers, cv=cv , fold=step)
  File "/common/ketrong/tpotexp/tpot2/tpot2/tpot_estimator/cross_val_utils.py", line 28, in cross_val_score_objective
    this_fold_pipeline.fit(X_train,y_train)
  File "/common/ketrong/tpotexp/env/lib/python3.10/site-packages/sklearn/base.py", line 1473, in wrapper
    return fit_method(estimator, *args, **kwargs)
  File "/common/ketrong/tpotexp/env/lib/python3.10/site-packages/sklearn/pipeline.py", line 473, in fit
    self._final_estimator.fit(Xt, y, **last_step_params["fit"])
  File "/common/ketrong/tpotexp/env/lib/python3.10/site-packages/sklearn/base.py", line 1466, in wrapper
    estimator._validate_params()
  File "/common/ketrong/tpotexp/env/lib/python3.10/site-packages/sklearn/base.py", line 666, in _validate_params
    validate_parameter_constraints(
  File "/common/ketrong/tpotexp/env/lib/python3.10/site-packages/sklearn/utils/_param_validation.py", line 95, in validate_parameter_constraints
    raise InvalidParameterError(
sklearn.utils._param_validation.InvalidParameterError: The 'criterion' parameter of ExtraTreesRegressor must be a str among {'friedman_mse', 'poisson', 'absolute_error', 'squared_error'}. Got 'mae' instead.

WARNING AN INDIVIDUAL TIMED OUT: 
 <tpot2.search_spaces.pipelines.sequential.SequentialPipelineIndividual object at 0x15547470b640> 

Generation:  6
Best root_mean_squared_error score: -1.1321468838116064
Generation:  24%|       | 6/25 [48:42<2:57:30, 560.56s/it]WARNING AN INDIVIDUAL TIMED OUT: 
 <tpot2.search_spaces.pipelines.sequential.SequentialPipelineIndividual object at 0x155467721660> 

Generation:  7
Best root_mean_squared_error score: -1.1321468838116064
Generation:  28%|       | 7/25 [58:47<2:52:30, 575.03s/it]Generation:  8
Best root_mean_squared_error score: -1.1321468838116064
Generation:  32%|      | 8/25 [1:02:08<2:09:11, 455.96s/it]WARNING AN INDIVIDUAL TIMED OUT: 
 <tpot2.search_spaces.pipelines.sequential.SequentialPipelineIndividual object at 0x155474745e70> 

WARNING AN INDIVIDUAL TIMED OUT: 
 <tpot2.search_spaces.pipelines.sequential.SequentialPipelineIndividual object at 0x1554746a7d00> 

WARNING AN INDIVIDUAL TIMED OUT: 
 <tpot2.search_spaces.pipelines.sequential.SequentialPipelineIndividual object at 0x1554746acc40> 

Generation:  9
Best root_mean_squared_error score: -1.131664318190896
Generation:  36%|      | 9/25 [1:12:13<2:14:01, 502.62s/it]WARNING AN INDIVIDUAL TIMED OUT: 
 <tpot2.search_spaces.pipelines.sequential.SequentialPipelineIndividual object at 0x15546796be20> 

WARNING AN INDIVIDUAL TIMED OUT: 
 <tpot2.search_spaces.pipelines.sequential.SequentialPipelineIndividual object at 0x155467fecd60> 

WARNING AN INDIVIDUAL TIMED OUT: 
 <tpot2.search_spaces.pipelines.sequential.SequentialPipelineIndividual object at 0x1554679e3310> 

Generation:  10
Best root_mean_squared_error score: -1.131664318190896
Generation:  40%|      | 10/25 [1:22:18<2:13:36, 534.42s/it]WARNING THIS INDIVIDUAL CAUSED AND EXCEPTION 
 <tpot2.search_spaces.pipelines.sequential.SequentialPipelineIndividual object at 0x155464eb9fc0> 
 The 'criterion' parameter of ExtraTreesRegressor must be a str among {'friedman_mse', 'poisson', 'absolute_error', 'squared_error'}. Got 'mae' instead. 
 Traceback (most recent call last):
  File "/common/ketrong/tpotexp/tpot2/tpot2/utils/eval_utils.py", line 53, in objective_nan_wrapper
    value = func_timeout.func_timeout(timeout, objective_function, args=[individual], kwargs=objective_kwargs)
  File "/common/ketrong/tpotexp/env/lib/python3.10/site-packages/func_timeout/dafunc.py", line 108, in func_timeout
    raise_exception(exception)
  File "/common/ketrong/tpotexp/env/lib/python3.10/site-packages/func_timeout/py3_raise.py", line 7, in raise_exception
    raise exception[0] from None
  File "/common/ketrong/tpotexp/tpot2/tpot2/tpot_estimator/estimator.py", line 623, in objective_function
    return objective_function_generator(
  File "/common/ketrong/tpotexp/tpot2/tpot2/tpot_estimator/estimator_utils.py", line 55, in objective_function_generator
    cv_obj_scores = cross_val_score_objective(sklearn.base.clone(pipeline),x,y,scorers=scorers, cv=cv , fold=step)
  File "/common/ketrong/tpotexp/tpot2/tpot2/tpot_estimator/cross_val_utils.py", line 28, in cross_val_score_objective
    this_fold_pipeline.fit(X_train,y_train)
  File "/common/ketrong/tpotexp/env/lib/python3.10/site-packages/sklearn/base.py", line 1473, in wrapper
    return fit_method(estimator, *args, **kwargs)
  File "/common/ketrong/tpotexp/env/lib/python3.10/site-packages/sklearn/pipeline.py", line 473, in fit
    self._final_estimator.fit(Xt, y, **last_step_params["fit"])
  File "/common/ketrong/tpotexp/env/lib/python3.10/site-packages/sklearn/base.py", line 1466, in wrapper
    estimator._validate_params()
  File "/common/ketrong/tpotexp/env/lib/python3.10/site-packages/sklearn/base.py", line 666, in _validate_params
    validate_parameter_constraints(
  File "/common/ketrong/tpotexp/env/lib/python3.10/site-packages/sklearn/utils/_param_validation.py", line 95, in validate_parameter_constraints
    raise InvalidParameterError(
sklearn.utils._param_validation.InvalidParameterError: The 'criterion' parameter of ExtraTreesRegressor must be a str among {'friedman_mse', 'poisson', 'absolute_error', 'squared_error'}. Got 'mae' instead.

WARNING THIS INDIVIDUAL CAUSED AND EXCEPTION 
 <tpot2.search_spaces.pipelines.sequential.SequentialPipelineIndividual object at 0x155467c69c30> 
 The 'criterion' parameter of RandomForestRegressor must be a str among {'friedman_mse', 'poisson', 'absolute_error', 'squared_error'}. Got 'mse' instead. 
 Traceback (most recent call last):
  File "/common/ketrong/tpotexp/tpot2/tpot2/utils/eval_utils.py", line 53, in objective_nan_wrapper
    value = func_timeout.func_timeout(timeout, objective_function, args=[individual], kwargs=objective_kwargs)
  File "/common/ketrong/tpotexp/env/lib/python3.10/site-packages/func_timeout/dafunc.py", line 108, in func_timeout
    raise_exception(exception)
  File "/common/ketrong/tpotexp/env/lib/python3.10/site-packages/func_timeout/py3_raise.py", line 7, in raise_exception
    raise exception[0] from None
  File "/common/ketrong/tpotexp/tpot2/tpot2/tpot_estimator/estimator.py", line 623, in objective_function
    return objective_function_generator(
  File "/common/ketrong/tpotexp/tpot2/tpot2/tpot_estimator/estimator_utils.py", line 55, in objective_function_generator
    cv_obj_scores = cross_val_score_objective(sklearn.base.clone(pipeline),x,y,scorers=scorers, cv=cv , fold=step)
  File "/common/ketrong/tpotexp/tpot2/tpot2/tpot_estimator/cross_val_utils.py", line 28, in cross_val_score_objective
    this_fold_pipeline.fit(X_train,y_train)
  File "/common/ketrong/tpotexp/env/lib/python3.10/site-packages/sklearn/base.py", line 1473, in wrapper
    return fit_method(estimator, *args, **kwargs)
  File "/common/ketrong/tpotexp/env/lib/python3.10/site-packages/sklearn/pipeline.py", line 473, in fit
    self._final_estimator.fit(Xt, y, **last_step_params["fit"])
  File "/common/ketrong/tpotexp/env/lib/python3.10/site-packages/sklearn/base.py", line 1466, in wrapper
    estimator._validate_params()
  File "/common/ketrong/tpotexp/env/lib/python3.10/site-packages/sklearn/base.py", line 666, in _validate_params
    validate_parameter_constraints(
  File "/common/ketrong/tpotexp/env/lib/python3.10/site-packages/sklearn/utils/_param_validation.py", line 95, in validate_parameter_constraints
    raise InvalidParameterError(
sklearn.utils._param_validation.InvalidParameterError: The 'criterion' parameter of RandomForestRegressor must be a str among {'friedman_mse', 'poisson', 'absolute_error', 'squared_error'}. Got 'mse' instead.

WARNING AN INDIVIDUAL TIMED OUT: 
 <tpot2.search_spaces.pipelines.sequential.SequentialPipelineIndividual object at 0x155474725c00> 

WARNING AN INDIVIDUAL TIMED OUT: 
 <tpot2.search_spaces.pipelines.sequential.SequentialPipelineIndividual object at 0x155464f29120> 

WARNING AN INDIVIDUAL TIMED OUT: 
 <tpot2.search_spaces.pipelines.sequential.SequentialPipelineIndividual object at 0x1554678a9540> 

WARNING AN INDIVIDUAL TIMED OUT: 
 <tpot2.search_spaces.pipelines.sequential.SequentialPipelineIndividual object at 0x1554746a9450> 

Generation:  11
Best root_mean_squared_error score: -1.131664318190896
Generation:  44%|     | 11/25 [1:32:25<2:09:50, 556.48s/it]WARNING THIS INDIVIDUAL CAUSED AND EXCEPTION 
 <tpot2.search_spaces.pipelines.sequential.SequentialPipelineIndividual object at 0x155474729390> 
 The 'criterion' parameter of RandomForestRegressor must be a str among {'friedman_mse', 'poisson', 'absolute_error', 'squared_error'}. Got 'mse' instead. 
 Traceback (most recent call last):
  File "/common/ketrong/tpotexp/tpot2/tpot2/utils/eval_utils.py", line 53, in objective_nan_wrapper
    value = func_timeout.func_timeout(timeout, objective_function, args=[individual], kwargs=objective_kwargs)
  File "/common/ketrong/tpotexp/env/lib/python3.10/site-packages/func_timeout/dafunc.py", line 108, in func_timeout
    raise_exception(exception)
  File "/common/ketrong/tpotexp/env/lib/python3.10/site-packages/func_timeout/py3_raise.py", line 7, in raise_exception
    raise exception[0] from None
  File "/common/ketrong/tpotexp/tpot2/tpot2/tpot_estimator/estimator.py", line 623, in objective_function
    return objective_function_generator(
  File "/common/ketrong/tpotexp/tpot2/tpot2/tpot_estimator/estimator_utils.py", line 55, in objective_function_generator
    cv_obj_scores = cross_val_score_objective(sklearn.base.clone(pipeline),x,y,scorers=scorers, cv=cv , fold=step)
  File "/common/ketrong/tpotexp/tpot2/tpot2/tpot_estimator/cross_val_utils.py", line 28, in cross_val_score_objective
    this_fold_pipeline.fit(X_train,y_train)
  File "/common/ketrong/tpotexp/env/lib/python3.10/site-packages/sklearn/base.py", line 1473, in wrapper
    return fit_method(estimator, *args, **kwargs)
  File "/common/ketrong/tpotexp/env/lib/python3.10/site-packages/sklearn/pipeline.py", line 473, in fit
    self._final_estimator.fit(Xt, y, **last_step_params["fit"])
  File "/common/ketrong/tpotexp/env/lib/python3.10/site-packages/sklearn/base.py", line 1466, in wrapper
    estimator._validate_params()
  File "/common/ketrong/tpotexp/env/lib/python3.10/site-packages/sklearn/base.py", line 666, in _validate_params
    validate_parameter_constraints(
  File "/common/ketrong/tpotexp/env/lib/python3.10/site-packages/sklearn/utils/_param_validation.py", line 95, in validate_parameter_constraints
    raise InvalidParameterError(
sklearn.utils._param_validation.InvalidParameterError: The 'criterion' parameter of RandomForestRegressor must be a str among {'friedman_mse', 'poisson', 'absolute_error', 'squared_error'}. Got 'mse' instead.

Generation:  12
Best root_mean_squared_error score: -1.131664318190896
Generation:  48%|     | 12/25 [1:39:19<1:51:10, 513.09s/it]WARNING AN INDIVIDUAL TIMED OUT: 
 <tpot2.search_spaces.pipelines.sequential.SequentialPipelineIndividual object at 0x1554649c5de0> 

WARNING AN INDIVIDUAL TIMED OUT: 
 <tpot2.search_spaces.pipelines.sequential.SequentialPipelineIndividual object at 0x1554599d3280> 

WARNING AN INDIVIDUAL TIMED OUT: 
 <tpot2.search_spaces.pipelines.sequential.SequentialPipelineIndividual object at 0x155467b3a9e0> 

Generation:  13
Best root_mean_squared_error score: -1.131664318190896
Generation:  52%|    | 13/25 [1:49:26<1:48:20, 541.72s/it]WARNING THIS INDIVIDUAL CAUSED AND EXCEPTION 
 <tpot2.search_spaces.pipelines.sequential.SequentialPipelineIndividual object at 0x155464a6d630> 
 The 'criterion' parameter of ExtraTreesRegressor must be a str among {'friedman_mse', 'poisson', 'absolute_error', 'squared_error'}. Got 'mae' instead. 
 Traceback (most recent call last):
  File "/common/ketrong/tpotexp/tpot2/tpot2/utils/eval_utils.py", line 53, in objective_nan_wrapper
    value = func_timeout.func_timeout(timeout, objective_function, args=[individual], kwargs=objective_kwargs)
  File "/common/ketrong/tpotexp/env/lib/python3.10/site-packages/func_timeout/dafunc.py", line 108, in func_timeout
    raise_exception(exception)
  File "/common/ketrong/tpotexp/env/lib/python3.10/site-packages/func_timeout/py3_raise.py", line 7, in raise_exception
    raise exception[0] from None
  File "/common/ketrong/tpotexp/tpot2/tpot2/tpot_estimator/estimator.py", line 623, in objective_function
    return objective_function_generator(
  File "/common/ketrong/tpotexp/tpot2/tpot2/tpot_estimator/estimator_utils.py", line 55, in objective_function_generator
    cv_obj_scores = cross_val_score_objective(sklearn.base.clone(pipeline),x,y,scorers=scorers, cv=cv , fold=step)
  File "/common/ketrong/tpotexp/tpot2/tpot2/tpot_estimator/cross_val_utils.py", line 28, in cross_val_score_objective
    this_fold_pipeline.fit(X_train,y_train)
  File "/common/ketrong/tpotexp/env/lib/python3.10/site-packages/sklearn/base.py", line 1473, in wrapper
    return fit_method(estimator, *args, **kwargs)
  File "/common/ketrong/tpotexp/env/lib/python3.10/site-packages/sklearn/pipeline.py", line 473, in fit
    self._final_estimator.fit(Xt, y, **last_step_params["fit"])
  File "/common/ketrong/tpotexp/env/lib/python3.10/site-packages/sklearn/base.py", line 1466, in wrapper
    estimator._validate_params()
  File "/common/ketrong/tpotexp/env/lib/python3.10/site-packages/sklearn/base.py", line 666, in _validate_params
    validate_parameter_constraints(
  File "/common/ketrong/tpotexp/env/lib/python3.10/site-packages/sklearn/utils/_param_validation.py", line 95, in validate_parameter_constraints
    raise InvalidParameterError(
sklearn.utils._param_validation.InvalidParameterError: The 'criterion' parameter of ExtraTreesRegressor must be a str among {'friedman_mse', 'poisson', 'absolute_error', 'squared_error'}. Got 'mae' instead.

WARNING AN INDIVIDUAL TIMED OUT: 
 <tpot2.search_spaces.pipelines.sequential.SequentialPipelineIndividual object at 0x155464ebacb0> 

WARNING AN INDIVIDUAL TIMED OUT: 
 <tpot2.search_spaces.pipelines.sequential.SequentialPipelineIndividual object at 0x1554746a5c90> 

WARNING AN INDIVIDUAL TIMED OUT: 
 <tpot2.search_spaces.pipelines.sequential.SequentialPipelineIndividual object at 0x155467d3f340> 

WARNING AN INDIVIDUAL TIMED OUT: 
 <tpot2.search_spaces.pipelines.sequential.SequentialPipelineIndividual object at 0x15546714d0f0> 

Generation:  14
Best root_mean_squared_error score: -1.131664318190896
Generation:  56%|    | 14/25 [1:59:34<1:42:56, 561.52s/it]WARNING AN INDIVIDUAL TIMED OUT: 
 <tpot2.search_spaces.pipelines.sequential.SequentialPipelineIndividual object at 0x1554747073d0> 

Generation:  15
Best root_mean_squared_error score: -1.131664318190896
Generation:  60%|    | 15/25 [2:09:41<1:35:53, 575.34s/it]WARNING THIS INDIVIDUAL CAUSED AND EXCEPTION 
 <tpot2.search_spaces.pipelines.sequential.SequentialPipelineIndividual object at 0x155464ce07c0> 
 The 'criterion' parameter of RandomForestRegressor must be a str among {'friedman_mse', 'poisson', 'absolute_error', 'squared_error'}. Got 'mae' instead. 
 Traceback (most recent call last):
  File "/common/ketrong/tpotexp/tpot2/tpot2/utils/eval_utils.py", line 53, in objective_nan_wrapper
    value = func_timeout.func_timeout(timeout, objective_function, args=[individual], kwargs=objective_kwargs)
  File "/common/ketrong/tpotexp/env/lib/python3.10/site-packages/func_timeout/dafunc.py", line 108, in func_timeout
    raise_exception(exception)
  File "/common/ketrong/tpotexp/env/lib/python3.10/site-packages/func_timeout/py3_raise.py", line 7, in raise_exception
    raise exception[0] from None
  File "/common/ketrong/tpotexp/tpot2/tpot2/tpot_estimator/estimator.py", line 623, in objective_function
    return objective_function_generator(
  File "/common/ketrong/tpotexp/tpot2/tpot2/tpot_estimator/estimator_utils.py", line 55, in objective_function_generator
    cv_obj_scores = cross_val_score_objective(sklearn.base.clone(pipeline),x,y,scorers=scorers, cv=cv , fold=step)
  File "/common/ketrong/tpotexp/tpot2/tpot2/tpot_estimator/cross_val_utils.py", line 28, in cross_val_score_objective
    this_fold_pipeline.fit(X_train,y_train)
  File "/common/ketrong/tpotexp/env/lib/python3.10/site-packages/sklearn/base.py", line 1473, in wrapper
    return fit_method(estimator, *args, **kwargs)
  File "/common/ketrong/tpotexp/env/lib/python3.10/site-packages/sklearn/pipeline.py", line 473, in fit
    self._final_estimator.fit(Xt, y, **last_step_params["fit"])
  File "/common/ketrong/tpotexp/env/lib/python3.10/site-packages/sklearn/base.py", line 1466, in wrapper
    estimator._validate_params()
  File "/common/ketrong/tpotexp/env/lib/python3.10/site-packages/sklearn/base.py", line 666, in _validate_params
    validate_parameter_constraints(
  File "/common/ketrong/tpotexp/env/lib/python3.10/site-packages/sklearn/utils/_param_validation.py", line 95, in validate_parameter_constraints
    raise InvalidParameterError(
sklearn.utils._param_validation.InvalidParameterError: The 'criterion' parameter of RandomForestRegressor must be a str among {'friedman_mse', 'poisson', 'absolute_error', 'squared_error'}. Got 'mae' instead.

WARNING THIS INDIVIDUAL CAUSED AND EXCEPTION 
 <tpot2.search_spaces.pipelines.sequential.SequentialPipelineIndividual object at 0x1554746a4ee0> 
 The 'criterion' parameter of ExtraTreesRegressor must be a str among {'friedman_mse', 'poisson', 'absolute_error', 'squared_error'}. Got 'mae' instead. 
 Traceback (most recent call last):
  File "/common/ketrong/tpotexp/tpot2/tpot2/utils/eval_utils.py", line 53, in objective_nan_wrapper
    value = func_timeout.func_timeout(timeout, objective_function, args=[individual], kwargs=objective_kwargs)
  File "/common/ketrong/tpotexp/env/lib/python3.10/site-packages/func_timeout/dafunc.py", line 108, in func_timeout
    raise_exception(exception)
  File "/common/ketrong/tpotexp/env/lib/python3.10/site-packages/func_timeout/py3_raise.py", line 7, in raise_exception
    raise exception[0] from None
  File "/common/ketrong/tpotexp/tpot2/tpot2/tpot_estimator/estimator.py", line 623, in objective_function
    return objective_function_generator(
  File "/common/ketrong/tpotexp/tpot2/tpot2/tpot_estimator/estimator_utils.py", line 55, in objective_function_generator
    cv_obj_scores = cross_val_score_objective(sklearn.base.clone(pipeline),x,y,scorers=scorers, cv=cv , fold=step)
  File "/common/ketrong/tpotexp/tpot2/tpot2/tpot_estimator/cross_val_utils.py", line 28, in cross_val_score_objective
    this_fold_pipeline.fit(X_train,y_train)
  File "/common/ketrong/tpotexp/env/lib/python3.10/site-packages/sklearn/base.py", line 1473, in wrapper
    return fit_method(estimator, *args, **kwargs)
  File "/common/ketrong/tpotexp/env/lib/python3.10/site-packages/sklearn/pipeline.py", line 473, in fit
    self._final_estimator.fit(Xt, y, **last_step_params["fit"])
  File "/common/ketrong/tpotexp/env/lib/python3.10/site-packages/sklearn/base.py", line 1466, in wrapper
    estimator._validate_params()
  File "/common/ketrong/tpotexp/env/lib/python3.10/site-packages/sklearn/base.py", line 666, in _validate_params
    validate_parameter_constraints(
  File "/common/ketrong/tpotexp/env/lib/python3.10/site-packages/sklearn/utils/_param_validation.py", line 95, in validate_parameter_constraints
    raise InvalidParameterError(
sklearn.utils._param_validation.InvalidParameterError: The 'criterion' parameter of ExtraTreesRegressor must be a str among {'friedman_mse', 'poisson', 'absolute_error', 'squared_error'}. Got 'mae' instead.

WARNING AN INDIVIDUAL TIMED OUT: 
 <tpot2.search_spaces.pipelines.sequential.SequentialPipelineIndividual object at 0x1554746afac0> 

WARNING AN INDIVIDUAL TIMED OUT: 
 <tpot2.search_spaces.pipelines.sequential.SequentialPipelineIndividual object at 0x155467ec9de0> 

Generation:  16
Best root_mean_squared_error score: -1.131664318190896
Generation:  64%|   | 16/25 [2:19:49<1:27:46, 585.22s/it]WARNING THIS INDIVIDUAL CAUSED AND EXCEPTION 
 <tpot2.search_spaces.pipelines.sequential.SequentialPipelineIndividual object at 0x1554746ec610> 
 The 'criterion' parameter of RandomForestRegressor must be a str among {'friedman_mse', 'poisson', 'absolute_error', 'squared_error'}. Got 'mae' instead. 
 Traceback (most recent call last):
  File "/common/ketrong/tpotexp/tpot2/tpot2/utils/eval_utils.py", line 53, in objective_nan_wrapper
    value = func_timeout.func_timeout(timeout, objective_function, args=[individual], kwargs=objective_kwargs)
  File "/common/ketrong/tpotexp/env/lib/python3.10/site-packages/func_timeout/dafunc.py", line 108, in func_timeout
    raise_exception(exception)
  File "/common/ketrong/tpotexp/env/lib/python3.10/site-packages/func_timeout/py3_raise.py", line 7, in raise_exception
    raise exception[0] from None
  File "/common/ketrong/tpotexp/tpot2/tpot2/tpot_estimator/estimator.py", line 623, in objective_function
    return objective_function_generator(
  File "/common/ketrong/tpotexp/tpot2/tpot2/tpot_estimator/estimator_utils.py", line 55, in objective_function_generator
    cv_obj_scores = cross_val_score_objective(sklearn.base.clone(pipeline),x,y,scorers=scorers, cv=cv , fold=step)
  File "/common/ketrong/tpotexp/tpot2/tpot2/tpot_estimator/cross_val_utils.py", line 28, in cross_val_score_objective
    this_fold_pipeline.fit(X_train,y_train)
  File "/common/ketrong/tpotexp/env/lib/python3.10/site-packages/sklearn/base.py", line 1473, in wrapper
    return fit_method(estimator, *args, **kwargs)
  File "/common/ketrong/tpotexp/env/lib/python3.10/site-packages/sklearn/pipeline.py", line 473, in fit
    self._final_estimator.fit(Xt, y, **last_step_params["fit"])
  File "/common/ketrong/tpotexp/env/lib/python3.10/site-packages/sklearn/base.py", line 1466, in wrapper
    estimator._validate_params()
  File "/common/ketrong/tpotexp/env/lib/python3.10/site-packages/sklearn/base.py", line 666, in _validate_params
    validate_parameter_constraints(
  File "/common/ketrong/tpotexp/env/lib/python3.10/site-packages/sklearn/utils/_param_validation.py", line 95, in validate_parameter_constraints
    raise InvalidParameterError(
sklearn.utils._param_validation.InvalidParameterError: The 'criterion' parameter of RandomForestRegressor must be a str among {'friedman_mse', 'poisson', 'absolute_error', 'squared_error'}. Got 'mae' instead.

WARNING THIS INDIVIDUAL CAUSED AND EXCEPTION 
 <tpot2.search_spaces.pipelines.sequential.SequentialPipelineIndividual object at 0x155467eb8400> 
 The 'criterion' parameter of RandomForestRegressor must be a str among {'friedman_mse', 'poisson', 'absolute_error', 'squared_error'}. Got 'mae' instead. 
 Traceback (most recent call last):
  File "/common/ketrong/tpotexp/tpot2/tpot2/utils/eval_utils.py", line 53, in objective_nan_wrapper
    value = func_timeout.func_timeout(timeout, objective_function, args=[individual], kwargs=objective_kwargs)
  File "/common/ketrong/tpotexp/env/lib/python3.10/site-packages/func_timeout/dafunc.py", line 108, in func_timeout
    raise_exception(exception)
  File "/common/ketrong/tpotexp/env/lib/python3.10/site-packages/func_timeout/py3_raise.py", line 7, in raise_exception
    raise exception[0] from None
  File "/common/ketrong/tpotexp/tpot2/tpot2/tpot_estimator/estimator.py", line 623, in objective_function
    return objective_function_generator(
  File "/common/ketrong/tpotexp/tpot2/tpot2/tpot_estimator/estimator_utils.py", line 55, in objective_function_generator
    cv_obj_scores = cross_val_score_objective(sklearn.base.clone(pipeline),x,y,scorers=scorers, cv=cv , fold=step)
  File "/common/ketrong/tpotexp/tpot2/tpot2/tpot_estimator/cross_val_utils.py", line 28, in cross_val_score_objective
    this_fold_pipeline.fit(X_train,y_train)
  File "/common/ketrong/tpotexp/env/lib/python3.10/site-packages/sklearn/base.py", line 1473, in wrapper
    return fit_method(estimator, *args, **kwargs)
  File "/common/ketrong/tpotexp/env/lib/python3.10/site-packages/sklearn/pipeline.py", line 473, in fit
    self._final_estimator.fit(Xt, y, **last_step_params["fit"])
  File "/common/ketrong/tpotexp/env/lib/python3.10/site-packages/sklearn/base.py", line 1466, in wrapper
    estimator._validate_params()
  File "/common/ketrong/tpotexp/env/lib/python3.10/site-packages/sklearn/base.py", line 666, in _validate_params
    validate_parameter_constraints(
  File "/common/ketrong/tpotexp/env/lib/python3.10/site-packages/sklearn/utils/_param_validation.py", line 95, in validate_parameter_constraints
    raise InvalidParameterError(
sklearn.utils._param_validation.InvalidParameterError: The 'criterion' parameter of RandomForestRegressor must be a str among {'friedman_mse', 'poisson', 'absolute_error', 'squared_error'}. Got 'mae' instead.

WARNING AN INDIVIDUAL TIMED OUT: 
 <tpot2.search_spaces.pipelines.sequential.SequentialPipelineIndividual object at 0x1554747464a0> 

WARNING AN INDIVIDUAL TIMED OUT: 
 <tpot2.search_spaces.pipelines.sequential.SequentialPipelineIndividual object at 0x15547472b460> 

WARNING AN INDIVIDUAL TIMED OUT: 
 <tpot2.search_spaces.pipelines.sequential.SequentialPipelineIndividual object at 0x15546785fa30> 

Generation:  17
Best root_mean_squared_error score: -1.131664318190896
Generation:  68%|   | 17/25 [2:29:57<1:18:55, 591.94s/it]WARNING THIS INDIVIDUAL CAUSED AND EXCEPTION 
 <tpot2.search_spaces.pipelines.sequential.SequentialPipelineIndividual object at 0x155467775ba0> 
 The 'criterion' parameter of RandomForestRegressor must be a str among {'friedman_mse', 'poisson', 'absolute_error', 'squared_error'}. Got 'mse' instead. 
 Traceback (most recent call last):
  File "/common/ketrong/tpotexp/tpot2/tpot2/utils/eval_utils.py", line 53, in objective_nan_wrapper
    value = func_timeout.func_timeout(timeout, objective_function, args=[individual], kwargs=objective_kwargs)
  File "/common/ketrong/tpotexp/env/lib/python3.10/site-packages/func_timeout/dafunc.py", line 108, in func_timeout
    raise_exception(exception)
  File "/common/ketrong/tpotexp/env/lib/python3.10/site-packages/func_timeout/py3_raise.py", line 7, in raise_exception
    raise exception[0] from None
  File "/common/ketrong/tpotexp/tpot2/tpot2/tpot_estimator/estimator.py", line 623, in objective_function
    return objective_function_generator(
  File "/common/ketrong/tpotexp/tpot2/tpot2/tpot_estimator/estimator_utils.py", line 55, in objective_function_generator
    cv_obj_scores = cross_val_score_objective(sklearn.base.clone(pipeline),x,y,scorers=scorers, cv=cv , fold=step)
  File "/common/ketrong/tpotexp/tpot2/tpot2/tpot_estimator/cross_val_utils.py", line 28, in cross_val_score_objective
    this_fold_pipeline.fit(X_train,y_train)
  File "/common/ketrong/tpotexp/env/lib/python3.10/site-packages/sklearn/base.py", line 1473, in wrapper
    return fit_method(estimator, *args, **kwargs)
  File "/common/ketrong/tpotexp/env/lib/python3.10/site-packages/sklearn/pipeline.py", line 473, in fit
    self._final_estimator.fit(Xt, y, **last_step_params["fit"])
  File "/common/ketrong/tpotexp/env/lib/python3.10/site-packages/sklearn/base.py", line 1466, in wrapper
    estimator._validate_params()
  File "/common/ketrong/tpotexp/env/lib/python3.10/site-packages/sklearn/base.py", line 666, in _validate_params
    validate_parameter_constraints(
  File "/common/ketrong/tpotexp/env/lib/python3.10/site-packages/sklearn/utils/_param_validation.py", line 95, in validate_parameter_constraints
    raise InvalidParameterError(
sklearn.utils._param_validation.InvalidParameterError: The 'criterion' parameter of RandomForestRegressor must be a str among {'friedman_mse', 'poisson', 'absolute_error', 'squared_error'}. Got 'mse' instead.

WARNING AN INDIVIDUAL TIMED OUT: 
 <tpot2.search_spaces.pipelines.sequential.SequentialPipelineIndividual object at 0x1554679586a0> 

Generation:  18
Best root_mean_squared_error score: -1.131664318190896
Generation:  72%|  | 18/25 [2:40:05<1:09:37, 596.80s/it]WARNING AN INDIVIDUAL TIMED OUT: 
 <tpot2.search_spaces.pipelines.sequential.SequentialPipelineIndividual object at 0x1554677f0430> 

Generation:  19
Best root_mean_squared_error score: -1.131664318190896
Generation:  76%|  | 19/25 [2:50:14<1:00:02, 600.46s/it]WARNING THIS INDIVIDUAL CAUSED AND EXCEPTION 
 <tpot2.search_spaces.pipelines.sequential.SequentialPipelineIndividual object at 0x1554679c6bf0> 
 The 'criterion' parameter of DecisionTreeRegressor must be a str among {'friedman_mse', 'poisson', 'absolute_error', 'squared_error'}. Got 'mae' instead. 
 Traceback (most recent call last):
  File "/common/ketrong/tpotexp/tpot2/tpot2/utils/eval_utils.py", line 53, in objective_nan_wrapper
    value = func_timeout.func_timeout(timeout, objective_function, args=[individual], kwargs=objective_kwargs)
  File "/common/ketrong/tpotexp/env/lib/python3.10/site-packages/func_timeout/dafunc.py", line 108, in func_timeout
    raise_exception(exception)
  File "/common/ketrong/tpotexp/env/lib/python3.10/site-packages/func_timeout/py3_raise.py", line 7, in raise_exception
    raise exception[0] from None
  File "/common/ketrong/tpotexp/tpot2/tpot2/tpot_estimator/estimator.py", line 623, in objective_function
    return objective_function_generator(
  File "/common/ketrong/tpotexp/tpot2/tpot2/tpot_estimator/estimator_utils.py", line 55, in objective_function_generator
    cv_obj_scores = cross_val_score_objective(sklearn.base.clone(pipeline),x,y,scorers=scorers, cv=cv , fold=step)
  File "/common/ketrong/tpotexp/tpot2/tpot2/tpot_estimator/cross_val_utils.py", line 28, in cross_val_score_objective
    this_fold_pipeline.fit(X_train,y_train)
  File "/common/ketrong/tpotexp/env/lib/python3.10/site-packages/sklearn/base.py", line 1473, in wrapper
    return fit_method(estimator, *args, **kwargs)
  File "/common/ketrong/tpotexp/env/lib/python3.10/site-packages/sklearn/pipeline.py", line 473, in fit
    self._final_estimator.fit(Xt, y, **last_step_params["fit"])
  File "/common/ketrong/tpotexp/env/lib/python3.10/site-packages/sklearn/base.py", line 1466, in wrapper
    estimator._validate_params()
  File "/common/ketrong/tpotexp/env/lib/python3.10/site-packages/sklearn/base.py", line 666, in _validate_params
    validate_parameter_constraints(
  File "/common/ketrong/tpotexp/env/lib/python3.10/site-packages/sklearn/utils/_param_validation.py", line 95, in validate_parameter_constraints
    raise InvalidParameterError(
sklearn.utils._param_validation.InvalidParameterError: The 'criterion' parameter of DecisionTreeRegressor must be a str among {'friedman_mse', 'poisson', 'absolute_error', 'squared_error'}. Got 'mae' instead.

WARNING AN INDIVIDUAL TIMED OUT: 
 <tpot2.search_spaces.pipelines.sequential.SequentialPipelineIndividual object at 0x155477284580> 

Generation:  20
Best root_mean_squared_error score: -1.131664318190896
Generation:  80%|  | 20/25 [3:00:24<50:16, 603.24s/it]  WARNING AN INDIVIDUAL TIMED OUT: 
 <tpot2.search_spaces.pipelines.sequential.SequentialPipelineIndividual object at 0x155466ea8d60> 

Generation:  21
Best root_mean_squared_error score: -1.131664318190896
Generation:  84%| | 21/25 [3:10:33<40:19, 604.96s/it]WARNING THIS INDIVIDUAL CAUSED AND EXCEPTION 
 <tpot2.search_spaces.pipelines.sequential.SequentialPipelineIndividual object at 0x155474708490> 
 The 'criterion' parameter of DecisionTreeRegressor must be a str among {'friedman_mse', 'poisson', 'absolute_error', 'squared_error'}. Got 'mae' instead. 
 Traceback (most recent call last):
  File "/common/ketrong/tpotexp/tpot2/tpot2/utils/eval_utils.py", line 53, in objective_nan_wrapper
    value = func_timeout.func_timeout(timeout, objective_function, args=[individual], kwargs=objective_kwargs)
  File "/common/ketrong/tpotexp/env/lib/python3.10/site-packages/func_timeout/dafunc.py", line 108, in func_timeout
    raise_exception(exception)
  File "/common/ketrong/tpotexp/env/lib/python3.10/site-packages/func_timeout/py3_raise.py", line 7, in raise_exception
    raise exception[0] from None
  File "/common/ketrong/tpotexp/tpot2/tpot2/tpot_estimator/estimator.py", line 623, in objective_function
    return objective_function_generator(
  File "/common/ketrong/tpotexp/tpot2/tpot2/tpot_estimator/estimator_utils.py", line 55, in objective_function_generator
    cv_obj_scores = cross_val_score_objective(sklearn.base.clone(pipeline),x,y,scorers=scorers, cv=cv , fold=step)
  File "/common/ketrong/tpotexp/tpot2/tpot2/tpot_estimator/cross_val_utils.py", line 28, in cross_val_score_objective
    this_fold_pipeline.fit(X_train,y_train)
  File "/common/ketrong/tpotexp/env/lib/python3.10/site-packages/sklearn/base.py", line 1473, in wrapper
    return fit_method(estimator, *args, **kwargs)
  File "/common/ketrong/tpotexp/env/lib/python3.10/site-packages/sklearn/pipeline.py", line 473, in fit
    self._final_estimator.fit(Xt, y, **last_step_params["fit"])
  File "/common/ketrong/tpotexp/env/lib/python3.10/site-packages/sklearn/base.py", line 1466, in wrapper
    estimator._validate_params()
  File "/common/ketrong/tpotexp/env/lib/python3.10/site-packages/sklearn/base.py", line 666, in _validate_params
    validate_parameter_constraints(
  File "/common/ketrong/tpotexp/env/lib/python3.10/site-packages/sklearn/utils/_param_validation.py", line 95, in validate_parameter_constraints
    raise InvalidParameterError(
sklearn.utils._param_validation.InvalidParameterError: The 'criterion' parameter of DecisionTreeRegressor must be a str among {'friedman_mse', 'poisson', 'absolute_error', 'squared_error'}. Got 'mae' instead.

WARNING AN INDIVIDUAL TIMED OUT: 
 <tpot2.search_spaces.pipelines.sequential.SequentialPipelineIndividual object at 0x15546554b0a0> 

Generation:  22
Best root_mean_squared_error score: -1.131664318190896
Generation:  88%| | 22/25 [3:20:42<30:18, 606.32s/it]WARNING THIS INDIVIDUAL CAUSED AND EXCEPTION 
 <tpot2.search_spaces.pipelines.sequential.SequentialPipelineIndividual object at 0x1554746ed3f0> 
 The 'criterion' parameter of RandomForestRegressor must be a str among {'friedman_mse', 'poisson', 'absolute_error', 'squared_error'}. Got 'mse' instead. 
 Traceback (most recent call last):
  File "/common/ketrong/tpotexp/tpot2/tpot2/utils/eval_utils.py", line 53, in objective_nan_wrapper
    value = func_timeout.func_timeout(timeout, objective_function, args=[individual], kwargs=objective_kwargs)
  File "/common/ketrong/tpotexp/env/lib/python3.10/site-packages/func_timeout/dafunc.py", line 108, in func_timeout
    raise_exception(exception)
  File "/common/ketrong/tpotexp/env/lib/python3.10/site-packages/func_timeout/py3_raise.py", line 7, in raise_exception
    raise exception[0] from None
  File "/common/ketrong/tpotexp/tpot2/tpot2/tpot_estimator/estimator.py", line 623, in objective_function
    return objective_function_generator(
  File "/common/ketrong/tpotexp/tpot2/tpot2/tpot_estimator/estimator_utils.py", line 55, in objective_function_generator
    cv_obj_scores = cross_val_score_objective(sklearn.base.clone(pipeline),x,y,scorers=scorers, cv=cv , fold=step)
  File "/common/ketrong/tpotexp/tpot2/tpot2/tpot_estimator/cross_val_utils.py", line 28, in cross_val_score_objective
    this_fold_pipeline.fit(X_train,y_train)
  File "/common/ketrong/tpotexp/env/lib/python3.10/site-packages/sklearn/base.py", line 1473, in wrapper
    return fit_method(estimator, *args, **kwargs)
  File "/common/ketrong/tpotexp/env/lib/python3.10/site-packages/sklearn/pipeline.py", line 473, in fit
    self._final_estimator.fit(Xt, y, **last_step_params["fit"])
  File "/common/ketrong/tpotexp/env/lib/python3.10/site-packages/sklearn/base.py", line 1466, in wrapper
    estimator._validate_params()
  File "/common/ketrong/tpotexp/env/lib/python3.10/site-packages/sklearn/base.py", line 666, in _validate_params
    validate_parameter_constraints(
  File "/common/ketrong/tpotexp/env/lib/python3.10/site-packages/sklearn/utils/_param_validation.py", line 95, in validate_parameter_constraints
    raise InvalidParameterError(
sklearn.utils._param_validation.InvalidParameterError: The 'criterion' parameter of RandomForestRegressor must be a str among {'friedman_mse', 'poisson', 'absolute_error', 'squared_error'}. Got 'mse' instead.

WARNING AN INDIVIDUAL TIMED OUT: 
 <tpot2.search_spaces.pipelines.sequential.SequentialPipelineIndividual object at 0x155467c84970> 

WARNING AN INDIVIDUAL TIMED OUT: 
 <tpot2.search_spaces.pipelines.sequential.SequentialPipelineIndividual object at 0x15547470d930> 

Generation:  23
Best root_mean_squared_error score: -1.131664318190896
Generation:  92%|| 23/25 [3:30:51<20:14, 607.18s/it]WARNING AN INDIVIDUAL TIMED OUT: 
 <tpot2.search_spaces.pipelines.sequential.SequentialPipelineIndividual object at 0x1554653b6290> 

WARNING AN INDIVIDUAL TIMED OUT: 
 <tpot2.search_spaces.pipelines.sequential.SequentialPipelineIndividual object at 0x155465102530> 

WARNING AN INDIVIDUAL TIMED OUT: 
 <tpot2.search_spaces.pipelines.sequential.SequentialPipelineIndividual object at 0x155464c3dff0> 

WARNING AN INDIVIDUAL TIMED OUT: 
 <tpot2.search_spaces.pipelines.sequential.SequentialPipelineIndividual object at 0x1554645b4730> 

WARNING AN INDIVIDUAL TIMED OUT: 
 <tpot2.search_spaces.pipelines.sequential.SequentialPipelineIndividual object at 0x155467cf8550> 

Generation:  24
Best root_mean_squared_error score: -1.131664318190896
Generation:  96%|| 24/25 [3:41:02<10:08, 608.10s/it]WARNING AN INDIVIDUAL TIMED OUT: 
 <tpot2.search_spaces.pipelines.sequential.SequentialPipelineIndividual object at 0x155464f2a110> 

WARNING AN INDIVIDUAL TIMED OUT: 
 <tpot2.search_spaces.pipelines.sequential.SequentialPipelineIndividual object at 0x1554678f35e0> 

WARNING AN INDIVIDUAL TIMED OUT: 
 <tpot2.search_spaces.pipelines.sequential.SequentialPipelineIndividual object at 0x155464db7910> 

Generation:  25
Best root_mean_squared_error score: -1.1313185329171926
Generation: 100%|| 25/25 [3:51:11<00:00, 608.66s/it]Generation: 100%|| 25/25 [3:51:14<00:00, 554.98s/it]
2024-09-23 11:45:18,699 - distributed.scheduler - ERROR - Removing worker 'tcp://127.0.0.1:38249' caused the cluster to lose scattered data, which can't be recovered: {'DataFrame-6dc4b2072bc5167c39418ceaedc62078', 'ndarray-4b17039be29f64325da095e3f1b06822'} (stimulus_id='handle-worker-cleanup-1727117118.6998572')
Fitted
Pipeline(steps=[('mlpregressor',
                 MLPRegressor(alpha=7.049348e-07, early_stopping=True,
                              hidden_layer_sizes=[368],
                              learning_rate_init=0.0003722019756,
                              n_iter_no_change=32))])
score start
train score: {'explained_var': 0.9350384698490074, 'r2': 0.9350276028814937, 'rmse': 1.1198085241905407}
original test score: {'explained_var': 0.9478232286117012, 'r2': 0.9478088798810722, 'rmse': 1.0029234390051902}
imputed test score: {'explained_var': 0.9375341477197507, 'r2': 0.9375153050917163, 'rmse': 1.0973781259537292}
score end
check intended
EXP2 Finished
running experiment 3/3 - What is the best automl settings?
<tpot2.search_spaces.pipelines.sequential.SequentialPipeline object at 0x15534feef070>
Start tpot fit
Version 0.1.7a0 of tpot2 is outdated. Version 0.1.8a0 was released 5 days ago.
Version 0.1.7a0 of tpot2 is outdated. Version 0.1.8a0 was released 5 days ago.
Version 0.1.7a0 of tpot2 is outdated. Version 0.1.8a0 was released 5 days ago.
Version 0.1.7a0 of tpot2 is outdated. Version 0.1.8a0 was released 5 days ago.
Version 0.1.7a0 of tpot2 is outdated. Version 0.1.8a0 was released 5 days ago.
Version 0.1.7a0 of tpot2 is outdated. Version 0.1.8a0 was released 5 days ago.
Version 0.1.7a0 of tpot2 is outdated. Version 0.1.8a0 was released 5 days ago.
Version 0.1.7a0 of tpot2 is outdated. Version 0.1.8a0 was released 5 days ago.
Version 0.1.7a0 of tpot2 is outdated. Version 0.1.8a0 was released 5 days ago.
Version 0.1.7a0 of tpot2 is outdated. Version 0.1.8a0 was released 5 days ago.
Version 0.1.7a0 of tpot2 is outdated. Version 0.1.8a0 was released 5 days ago.
Version 0.1.7a0 of tpot2 is outdated. Version 0.1.8a0 was released 5 days ago.
Version 0.1.7a0 of tpot2 is outdated. Version 0.1.8a0 was released 5 days ago.
Version 0.1.7a0 of tpot2 is outdated. Version 0.1.8a0 was released 5 days ago.
Version 0.1.7a0 of tpot2 is outdated. Version 0.1.8a0 was released 5 days ago.
Version 0.1.7a0 of tpot2 is outdated. Version 0.1.8a0 was released 5 days ago.
  0%|          | 0/25 [00:00<?, ?it/s]Generation:   0%|          | 0/25 [00:00<?, ?it/s]WARNING THIS INDIVIDUAL CAUSED AND EXCEPTION 
 <tpot2.search_spaces.pipelines.sequential.SequentialPipelineIndividual object at 0x1554746a4a90> 
 The 'criterion' parameter of DecisionTreeRegressor must be a str among {'friedman_mse', 'poisson', 'absolute_error', 'squared_error'}. Got 'mae' instead. 
 Traceback (most recent call last):
  File "/common/ketrong/tpotexp/tpot2/tpot2/utils/eval_utils.py", line 53, in objective_nan_wrapper
    value = func_timeout.func_timeout(timeout, objective_function, args=[individual], kwargs=objective_kwargs)
  File "/common/ketrong/tpotexp/env/lib/python3.10/site-packages/func_timeout/dafunc.py", line 108, in func_timeout
    raise_exception(exception)
  File "/common/ketrong/tpotexp/env/lib/python3.10/site-packages/func_timeout/py3_raise.py", line 7, in raise_exception
    raise exception[0] from None
  File "/common/ketrong/tpotexp/tpot2/tpot2/tpot_estimator/estimator.py", line 623, in objective_function
    return objective_function_generator(
  File "/common/ketrong/tpotexp/tpot2/tpot2/tpot_estimator/estimator_utils.py", line 55, in objective_function_generator
    cv_obj_scores = cross_val_score_objective(sklearn.base.clone(pipeline),x,y,scorers=scorers, cv=cv , fold=step)
  File "/common/ketrong/tpotexp/tpot2/tpot2/tpot_estimator/cross_val_utils.py", line 28, in cross_val_score_objective
    this_fold_pipeline.fit(X_train,y_train)
  File "/common/ketrong/tpotexp/env/lib/python3.10/site-packages/sklearn/base.py", line 1473, in wrapper
    return fit_method(estimator, *args, **kwargs)
  File "/common/ketrong/tpotexp/env/lib/python3.10/site-packages/sklearn/pipeline.py", line 473, in fit
    self._final_estimator.fit(Xt, y, **last_step_params["fit"])
  File "/common/ketrong/tpotexp/env/lib/python3.10/site-packages/sklearn/base.py", line 1466, in wrapper
    estimator._validate_params()
  File "/common/ketrong/tpotexp/env/lib/python3.10/site-packages/sklearn/base.py", line 666, in _validate_params
    validate_parameter_constraints(
  File "/common/ketrong/tpotexp/env/lib/python3.10/site-packages/sklearn/utils/_param_validation.py", line 95, in validate_parameter_constraints
    raise InvalidParameterError(
sklearn.utils._param_validation.InvalidParameterError: The 'criterion' parameter of DecisionTreeRegressor must be a str among {'friedman_mse', 'poisson', 'absolute_error', 'squared_error'}. Got 'mae' instead.

WARNING THIS INDIVIDUAL CAUSED AND EXCEPTION 
 <tpot2.search_spaces.pipelines.sequential.SequentialPipelineIndividual object at 0x1554747106a0> 
 The 'criterion' parameter of RandomForestRegressor must be a str among {'friedman_mse', 'poisson', 'absolute_error', 'squared_error'}. Got 'mse' instead. 
 Traceback (most recent call last):
  File "/common/ketrong/tpotexp/tpot2/tpot2/utils/eval_utils.py", line 53, in objective_nan_wrapper
    value = func_timeout.func_timeout(timeout, objective_function, args=[individual], kwargs=objective_kwargs)
  File "/common/ketrong/tpotexp/env/lib/python3.10/site-packages/func_timeout/dafunc.py", line 108, in func_timeout
    raise_exception(exception)
  File "/common/ketrong/tpotexp/env/lib/python3.10/site-packages/func_timeout/py3_raise.py", line 7, in raise_exception
    raise exception[0] from None
  File "/common/ketrong/tpotexp/tpot2/tpot2/tpot_estimator/estimator.py", line 623, in objective_function
    return objective_function_generator(
  File "/common/ketrong/tpotexp/tpot2/tpot2/tpot_estimator/estimator_utils.py", line 55, in objective_function_generator
    cv_obj_scores = cross_val_score_objective(sklearn.base.clone(pipeline),x,y,scorers=scorers, cv=cv , fold=step)
  File "/common/ketrong/tpotexp/tpot2/tpot2/tpot_estimator/cross_val_utils.py", line 28, in cross_val_score_objective
    this_fold_pipeline.fit(X_train,y_train)
  File "/common/ketrong/tpotexp/env/lib/python3.10/site-packages/sklearn/base.py", line 1473, in wrapper
    return fit_method(estimator, *args, **kwargs)
  File "/common/ketrong/tpotexp/env/lib/python3.10/site-packages/sklearn/pipeline.py", line 473, in fit
    self._final_estimator.fit(Xt, y, **last_step_params["fit"])
  File "/common/ketrong/tpotexp/env/lib/python3.10/site-packages/sklearn/base.py", line 1466, in wrapper
    estimator._validate_params()
  File "/common/ketrong/tpotexp/env/lib/python3.10/site-packages/sklearn/base.py", line 666, in _validate_params
    validate_parameter_constraints(
  File "/common/ketrong/tpotexp/env/lib/python3.10/site-packages/sklearn/utils/_param_validation.py", line 95, in validate_parameter_constraints
    raise InvalidParameterError(
sklearn.utils._param_validation.InvalidParameterError: The 'criterion' parameter of RandomForestRegressor must be a str among {'friedman_mse', 'poisson', 'absolute_error', 'squared_error'}. Got 'mse' instead.

Generation:  1
Best root_mean_squared_error score: -1.1681699142248476
Generation:   4%|         | 1/25 [02:17<54:59, 137.49s/it]WARNING THIS INDIVIDUAL CAUSED AND EXCEPTION 
 <tpot2.search_spaces.pipelines.sequential.SequentialPipelineIndividual object at 0x155467f10fa0> 
 The 'criterion' parameter of ExtraTreesRegressor must be a str among {'friedman_mse', 'poisson', 'absolute_error', 'squared_error'}. Got 'mae' instead. 
 Traceback (most recent call last):
  File "/common/ketrong/tpotexp/tpot2/tpot2/utils/eval_utils.py", line 53, in objective_nan_wrapper
    value = func_timeout.func_timeout(timeout, objective_function, args=[individual], kwargs=objective_kwargs)
  File "/common/ketrong/tpotexp/env/lib/python3.10/site-packages/func_timeout/dafunc.py", line 108, in func_timeout
    raise_exception(exception)
  File "/common/ketrong/tpotexp/env/lib/python3.10/site-packages/func_timeout/py3_raise.py", line 7, in raise_exception
    raise exception[0] from None
  File "/common/ketrong/tpotexp/tpot2/tpot2/tpot_estimator/estimator.py", line 623, in objective_function
    return objective_function_generator(
  File "/common/ketrong/tpotexp/tpot2/tpot2/tpot_estimator/estimator_utils.py", line 55, in objective_function_generator
    cv_obj_scores = cross_val_score_objective(sklearn.base.clone(pipeline),x,y,scorers=scorers, cv=cv , fold=step)
  File "/common/ketrong/tpotexp/tpot2/tpot2/tpot_estimator/cross_val_utils.py", line 28, in cross_val_score_objective
    this_fold_pipeline.fit(X_train,y_train)
  File "/common/ketrong/tpotexp/env/lib/python3.10/site-packages/sklearn/base.py", line 1473, in wrapper
    return fit_method(estimator, *args, **kwargs)
  File "/common/ketrong/tpotexp/env/lib/python3.10/site-packages/sklearn/pipeline.py", line 473, in fit
    self._final_estimator.fit(Xt, y, **last_step_params["fit"])
  File "/common/ketrong/tpotexp/env/lib/python3.10/site-packages/sklearn/base.py", line 1466, in wrapper
    estimator._validate_params()
  File "/common/ketrong/tpotexp/env/lib/python3.10/site-packages/sklearn/base.py", line 666, in _validate_params
    validate_parameter_constraints(
  File "/common/ketrong/tpotexp/env/lib/python3.10/site-packages/sklearn/utils/_param_validation.py", line 95, in validate_parameter_constraints
    raise InvalidParameterError(
sklearn.utils._param_validation.InvalidParameterError: The 'criterion' parameter of ExtraTreesRegressor must be a str among {'friedman_mse', 'poisson', 'absolute_error', 'squared_error'}. Got 'mae' instead.

WARNING AN INDIVIDUAL TIMED OUT: 
 <tpot2.search_spaces.pipelines.sequential.SequentialPipelineIndividual object at 0x155467f04850> 

Generation:  2
Best root_mean_squared_error score: -1.1681699142248476
Generation:   8%|         | 2/25 [12:20<2:37:46, 411.60s/it]WARNING AN INDIVIDUAL TIMED OUT: 
 <tpot2.search_spaces.pipelines.sequential.SequentialPipelineIndividual object at 0x1554747127a0> 

Generation:  3
Best root_mean_squared_error score: -1.1343889447434257
Generation:  12%|        | 3/25 [22:25<3:03:18, 499.92s/it]WARNING THIS INDIVIDUAL CAUSED AND EXCEPTION 
 <tpot2.search_spaces.pipelines.sequential.SequentialPipelineIndividual object at 0x1554746f2a70> 
 The 'criterion' parameter of DecisionTreeRegressor must be a str among {'friedman_mse', 'poisson', 'absolute_error', 'squared_error'}. Got 'mae' instead. 
 Traceback (most recent call last):
  File "/common/ketrong/tpotexp/tpot2/tpot2/utils/eval_utils.py", line 53, in objective_nan_wrapper
    value = func_timeout.func_timeout(timeout, objective_function, args=[individual], kwargs=objective_kwargs)
  File "/common/ketrong/tpotexp/env/lib/python3.10/site-packages/func_timeout/dafunc.py", line 108, in func_timeout
    raise_exception(exception)
  File "/common/ketrong/tpotexp/env/lib/python3.10/site-packages/func_timeout/py3_raise.py", line 7, in raise_exception
    raise exception[0] from None
  File "/common/ketrong/tpotexp/tpot2/tpot2/tpot_estimator/estimator.py", line 623, in objective_function
    return objective_function_generator(
  File "/common/ketrong/tpotexp/tpot2/tpot2/tpot_estimator/estimator_utils.py", line 55, in objective_function_generator
    cv_obj_scores = cross_val_score_objective(sklearn.base.clone(pipeline),x,y,scorers=scorers, cv=cv , fold=step)
  File "/common/ketrong/tpotexp/tpot2/tpot2/tpot_estimator/cross_val_utils.py", line 28, in cross_val_score_objective
    this_fold_pipeline.fit(X_train,y_train)
  File "/common/ketrong/tpotexp/env/lib/python3.10/site-packages/sklearn/base.py", line 1473, in wrapper
    return fit_method(estimator, *args, **kwargs)
  File "/common/ketrong/tpotexp/env/lib/python3.10/site-packages/sklearn/pipeline.py", line 473, in fit
    self._final_estimator.fit(Xt, y, **last_step_params["fit"])
  File "/common/ketrong/tpotexp/env/lib/python3.10/site-packages/sklearn/base.py", line 1466, in wrapper
    estimator._validate_params()
  File "/common/ketrong/tpotexp/env/lib/python3.10/site-packages/sklearn/base.py", line 666, in _validate_params
    validate_parameter_constraints(
  File "/common/ketrong/tpotexp/env/lib/python3.10/site-packages/sklearn/utils/_param_validation.py", line 95, in validate_parameter_constraints
    raise InvalidParameterError(
sklearn.utils._param_validation.InvalidParameterError: The 'criterion' parameter of DecisionTreeRegressor must be a str among {'friedman_mse', 'poisson', 'absolute_error', 'squared_error'}. Got 'mae' instead.

Generation:  4
Best root_mean_squared_error score: -1.1343889447434257
Generation:  16%|        | 4/25 [25:32<2:11:37, 376.09s/it]WARNING THIS INDIVIDUAL CAUSED AND EXCEPTION 
 <tpot2.search_spaces.pipelines.sequential.SequentialPipelineIndividual object at 0x1554679fa4d0> 
 The 'criterion' parameter of RandomForestRegressor must be a str among {'friedman_mse', 'poisson', 'absolute_error', 'squared_error'}. Got 'mse' instead. 
 Traceback (most recent call last):
  File "/common/ketrong/tpotexp/tpot2/tpot2/utils/eval_utils.py", line 53, in objective_nan_wrapper
    value = func_timeout.func_timeout(timeout, objective_function, args=[individual], kwargs=objective_kwargs)
  File "/common/ketrong/tpotexp/env/lib/python3.10/site-packages/func_timeout/dafunc.py", line 108, in func_timeout
    raise_exception(exception)
  File "/common/ketrong/tpotexp/env/lib/python3.10/site-packages/func_timeout/py3_raise.py", line 7, in raise_exception
    raise exception[0] from None
  File "/common/ketrong/tpotexp/tpot2/tpot2/tpot_estimator/estimator.py", line 623, in objective_function
    return objective_function_generator(
  File "/common/ketrong/tpotexp/tpot2/tpot2/tpot_estimator/estimator_utils.py", line 55, in objective_function_generator
    cv_obj_scores = cross_val_score_objective(sklearn.base.clone(pipeline),x,y,scorers=scorers, cv=cv , fold=step)
  File "/common/ketrong/tpotexp/tpot2/tpot2/tpot_estimator/cross_val_utils.py", line 28, in cross_val_score_objective
    this_fold_pipeline.fit(X_train,y_train)
  File "/common/ketrong/tpotexp/env/lib/python3.10/site-packages/sklearn/base.py", line 1473, in wrapper
    return fit_method(estimator, *args, **kwargs)
  File "/common/ketrong/tpotexp/env/lib/python3.10/site-packages/sklearn/pipeline.py", line 473, in fit
    self._final_estimator.fit(Xt, y, **last_step_params["fit"])
  File "/common/ketrong/tpotexp/env/lib/python3.10/site-packages/sklearn/base.py", line 1466, in wrapper
    estimator._validate_params()
  File "/common/ketrong/tpotexp/env/lib/python3.10/site-packages/sklearn/base.py", line 666, in _validate_params
    validate_parameter_constraints(
  File "/common/ketrong/tpotexp/env/lib/python3.10/site-packages/sklearn/utils/_param_validation.py", line 95, in validate_parameter_constraints
    raise InvalidParameterError(
sklearn.utils._param_validation.InvalidParameterError: The 'criterion' parameter of RandomForestRegressor must be a str among {'friedman_mse', 'poisson', 'absolute_error', 'squared_error'}. Got 'mse' instead.

WARNING AN INDIVIDUAL TIMED OUT: 
 <tpot2.search_spaces.pipelines.sequential.SequentialPipelineIndividual object at 0x15547472fb80> 

Generation:  5
Best root_mean_squared_error score: -1.1340505396010958
Generation:  20%|        | 5/25 [35:37<2:32:51, 458.58s/it]WARNING THIS INDIVIDUAL CAUSED AND EXCEPTION 
 <tpot2.search_spaces.pipelines.sequential.SequentialPipelineIndividual object at 0x155465474fa0> 
 Input X contains NaN.
MLPRegressor does not accept missing values encoded as NaN natively. For supervised learning, you might want to consider sklearn.ensemble.HistGradientBoostingClassifier and Regressor which accept missing values encoded as NaNs natively. Alternatively, it is possible to preprocess the data, for instance by using an imputer transformer in a pipeline or drop samples with missing values. See https://scikit-learn.org/stable/modules/impute.html You can find a list of all estimators that handle NaN values at the following page: https://scikit-learn.org/stable/modules/impute.html#estimators-that-handle-nan-values 
 Traceback (most recent call last):
  File "/common/ketrong/tpotexp/tpot2/tpot2/utils/eval_utils.py", line 53, in objective_nan_wrapper
    value = func_timeout.func_timeout(timeout, objective_function, args=[individual], kwargs=objective_kwargs)
  File "/common/ketrong/tpotexp/env/lib/python3.10/site-packages/func_timeout/dafunc.py", line 108, in func_timeout
    raise_exception(exception)
  File "/common/ketrong/tpotexp/env/lib/python3.10/site-packages/func_timeout/py3_raise.py", line 7, in raise_exception
    raise exception[0] from None
  File "/common/ketrong/tpotexp/tpot2/tpot2/tpot_estimator/estimator.py", line 623, in objective_function
    return objective_function_generator(
  File "/common/ketrong/tpotexp/tpot2/tpot2/tpot_estimator/estimator_utils.py", line 55, in objective_function_generator
    cv_obj_scores = cross_val_score_objective(sklearn.base.clone(pipeline),x,y,scorers=scorers, cv=cv , fold=step)
  File "/common/ketrong/tpotexp/tpot2/tpot2/tpot_estimator/cross_val_utils.py", line 28, in cross_val_score_objective
    this_fold_pipeline.fit(X_train,y_train)
  File "/common/ketrong/tpotexp/env/lib/python3.10/site-packages/sklearn/base.py", line 1473, in wrapper
    return fit_method(estimator, *args, **kwargs)
  File "/common/ketrong/tpotexp/env/lib/python3.10/site-packages/sklearn/pipeline.py", line 473, in fit
    self._final_estimator.fit(Xt, y, **last_step_params["fit"])
  File "/common/ketrong/tpotexp/env/lib/python3.10/site-packages/sklearn/base.py", line 1473, in wrapper
    return fit_method(estimator, *args, **kwargs)
  File "/common/ketrong/tpotexp/env/lib/python3.10/site-packages/sklearn/neural_network/_multilayer_perceptron.py", line 751, in fit
    return self._fit(X, y, incremental=False)
  File "/common/ketrong/tpotexp/env/lib/python3.10/site-packages/sklearn/neural_network/_multilayer_perceptron.py", line 441, in _fit
    X, y = self._validate_input(X, y, incremental, reset=first_pass)
  File "/common/ketrong/tpotexp/env/lib/python3.10/site-packages/sklearn/neural_network/_multilayer_perceptron.py", line 1621, in _validate_input
    X, y = self._validate_data(
  File "/common/ketrong/tpotexp/env/lib/python3.10/site-packages/sklearn/base.py", line 650, in _validate_data
    X, y = check_X_y(X, y, **check_params)
  File "/common/ketrong/tpotexp/env/lib/python3.10/site-packages/sklearn/utils/validation.py", line 1301, in check_X_y
    X = check_array(
  File "/common/ketrong/tpotexp/env/lib/python3.10/site-packages/sklearn/utils/validation.py", line 1064, in check_array
    _assert_all_finite(
  File "/common/ketrong/tpotexp/env/lib/python3.10/site-packages/sklearn/utils/validation.py", line 123, in _assert_all_finite
    _assert_all_finite_element_wise(
  File "/common/ketrong/tpotexp/env/lib/python3.10/site-packages/sklearn/utils/validation.py", line 172, in _assert_all_finite_element_wise
    raise ValueError(msg_err)
ValueError: Input X contains NaN.
MLPRegressor does not accept missing values encoded as NaN natively. For supervised learning, you might want to consider sklearn.ensemble.HistGradientBoostingClassifier and Regressor which accept missing values encoded as NaNs natively. Alternatively, it is possible to preprocess the data, for instance by using an imputer transformer in a pipeline or drop samples with missing values. See https://scikit-learn.org/stable/modules/impute.html You can find a list of all estimators that handle NaN values at the following page: https://scikit-learn.org/stable/modules/impute.html#estimators-that-handle-nan-values

WARNING AN INDIVIDUAL TIMED OUT: 
 <tpot2.search_spaces.pipelines.sequential.SequentialPipelineIndividual object at 0x15546545ad10> 

WARNING AN INDIVIDUAL TIMED OUT: 
 <tpot2.search_spaces.pipelines.sequential.SequentialPipelineIndividual object at 0x155467e5c940> 

Generation:  6
Best root_mean_squared_error score: -1.1340505396010958
Generation:  24%|       | 6/25 [45:42<2:41:01, 508.52s/it]WARNING AN INDIVIDUAL TIMED OUT: 
 <tpot2.search_spaces.pipelines.sequential.SequentialPipelineIndividual object at 0x155467a1eec0> 

Generation:  7
Best root_mean_squared_error score: -1.133392822972389
Generation:  28%|       | 7/25 [55:48<2:42:04, 540.26s/it]Generation:  8
Best root_mean_squared_error score: -1.133392822972389
Generation:  32%|      | 8/25 [1:04:04<2:29:08, 526.39s/it]WARNING AN INDIVIDUAL TIMED OUT: 
 <tpot2.search_spaces.pipelines.sequential.SequentialPipelineIndividual object at 0x15546799a4d0> 

Generation:  9
Best root_mean_squared_error score: -1.133392822972389
Generation:  36%|      | 9/25 [1:14:11<2:27:01, 551.34s/it]WARNING AN INDIVIDUAL TIMED OUT: 
 <tpot2.search_spaces.pipelines.sequential.SequentialPipelineIndividual object at 0x155467d65510> 

WARNING AN INDIVIDUAL TIMED OUT: 
 <tpot2.search_spaces.pipelines.sequential.SequentialPipelineIndividual object at 0x1554644d5360> 

Generation:  10
Best root_mean_squared_error score: -1.1325700332327808
Generation:  40%|      | 10/25 [1:24:17<2:22:06, 568.45s/it]WARNING THIS INDIVIDUAL CAUSED AND EXCEPTION 
 <tpot2.search_spaces.pipelines.sequential.SequentialPipelineIndividual object at 0x155467f07d00> 
 The 'criterion' parameter of RandomForestRegressor must be a str among {'friedman_mse', 'poisson', 'absolute_error', 'squared_error'}. Got 'mae' instead. 
 Traceback (most recent call last):
  File "/common/ketrong/tpotexp/tpot2/tpot2/utils/eval_utils.py", line 53, in objective_nan_wrapper
    value = func_timeout.func_timeout(timeout, objective_function, args=[individual], kwargs=objective_kwargs)
  File "/common/ketrong/tpotexp/env/lib/python3.10/site-packages/func_timeout/dafunc.py", line 108, in func_timeout
    raise_exception(exception)
  File "/common/ketrong/tpotexp/env/lib/python3.10/site-packages/func_timeout/py3_raise.py", line 7, in raise_exception
    raise exception[0] from None
  File "/common/ketrong/tpotexp/tpot2/tpot2/tpot_estimator/estimator.py", line 623, in objective_function
    return objective_function_generator(
  File "/common/ketrong/tpotexp/tpot2/tpot2/tpot_estimator/estimator_utils.py", line 55, in objective_function_generator
    cv_obj_scores = cross_val_score_objective(sklearn.base.clone(pipeline),x,y,scorers=scorers, cv=cv , fold=step)
  File "/common/ketrong/tpotexp/tpot2/tpot2/tpot_estimator/cross_val_utils.py", line 28, in cross_val_score_objective
    this_fold_pipeline.fit(X_train,y_train)
  File "/common/ketrong/tpotexp/env/lib/python3.10/site-packages/sklearn/base.py", line 1473, in wrapper
    return fit_method(estimator, *args, **kwargs)
  File "/common/ketrong/tpotexp/env/lib/python3.10/site-packages/sklearn/pipeline.py", line 473, in fit
    self._final_estimator.fit(Xt, y, **last_step_params["fit"])
  File "/common/ketrong/tpotexp/env/lib/python3.10/site-packages/sklearn/base.py", line 1466, in wrapper
    estimator._validate_params()
  File "/common/ketrong/tpotexp/env/lib/python3.10/site-packages/sklearn/base.py", line 666, in _validate_params
    validate_parameter_constraints(
  File "/common/ketrong/tpotexp/env/lib/python3.10/site-packages/sklearn/utils/_param_validation.py", line 95, in validate_parameter_constraints
    raise InvalidParameterError(
sklearn.utils._param_validation.InvalidParameterError: The 'criterion' parameter of RandomForestRegressor must be a str among {'friedman_mse', 'poisson', 'absolute_error', 'squared_error'}. Got 'mae' instead.

WARNING AN INDIVIDUAL TIMED OUT: 
 <tpot2.search_spaces.pipelines.sequential.SequentialPipelineIndividual object at 0x1554655cc280> 

WARNING AN INDIVIDUAL TIMED OUT: 
 <tpot2.search_spaces.pipelines.sequential.SequentialPipelineIndividual object at 0x155467f227d0> 

Generation:  11
Best root_mean_squared_error score: -1.1321066583631552
Generation:  44%|     | 11/25 [1:34:23<2:15:19, 579.95s/it]WARNING AN INDIVIDUAL TIMED OUT: 
 <tpot2.search_spaces.pipelines.sequential.SequentialPipelineIndividual object at 0x1554657f6170> 

WARNING AN INDIVIDUAL TIMED OUT: 
 <tpot2.search_spaces.pipelines.sequential.SequentialPipelineIndividual object at 0x15545390abf0> 

Generation:  12
Best root_mean_squared_error score: -1.1321066583631552
Generation:  48%|     | 12/25 [1:44:29<2:07:21, 587.82s/it]WARNING AN INDIVIDUAL TIMED OUT: 
 <tpot2.search_spaces.pipelines.sequential.SequentialPipelineIndividual object at 0x155467d6af50> 

WARNING AN INDIVIDUAL TIMED OUT: 
 <tpot2.search_spaces.pipelines.sequential.SequentialPipelineIndividual object at 0x155466fda6e0> 

Generation:  13
Best root_mean_squared_error score: -1.1321066583631552
Generation:  52%|    | 13/25 [1:54:36<1:58:42, 593.58s/it]WARNING AN INDIVIDUAL TIMED OUT: 
 <tpot2.search_spaces.pipelines.sequential.SequentialPipelineIndividual object at 0x155467e22530> 

WARNING AN INDIVIDUAL TIMED OUT: 
 <tpot2.search_spaces.pipelines.sequential.SequentialPipelineIndividual object at 0x1554746a7220> 

Generation:  14
Best root_mean_squared_error score: -1.1321066583631552
Generation:  56%|    | 14/25 [2:04:43<1:49:33, 597.56s/it]WARNING AN INDIVIDUAL TIMED OUT: 
 <tpot2.search_spaces.pipelines.sequential.SequentialPipelineIndividual object at 0x1554645046a0> 

Generation:  15
Best root_mean_squared_error score: -1.1321066583631552
Generation:  60%|    | 15/25 [2:14:49<1:40:00, 600.08s/it]WARNING AN INDIVIDUAL TIMED OUT: 
 <tpot2.search_spaces.pipelines.sequential.SequentialPipelineIndividual object at 0x155467150ee0> 

Generation:  16
Best root_mean_squared_error score: -1.1321066583631552
Generation:  64%|   | 16/25 [2:24:56<1:30:20, 602.31s/it]WARNING THIS INDIVIDUAL CAUSED AND EXCEPTION 
 <tpot2.search_spaces.pipelines.sequential.SequentialPipelineIndividual object at 0x155464118100> 
 The 'criterion' parameter of DecisionTreeRegressor must be a str among {'friedman_mse', 'poisson', 'absolute_error', 'squared_error'}. Got 'mae' instead. 
 Traceback (most recent call last):
  File "/common/ketrong/tpotexp/tpot2/tpot2/utils/eval_utils.py", line 53, in objective_nan_wrapper
    value = func_timeout.func_timeout(timeout, objective_function, args=[individual], kwargs=objective_kwargs)
  File "/common/ketrong/tpotexp/env/lib/python3.10/site-packages/func_timeout/dafunc.py", line 108, in func_timeout
    raise_exception(exception)
  File "/common/ketrong/tpotexp/env/lib/python3.10/site-packages/func_timeout/py3_raise.py", line 7, in raise_exception
    raise exception[0] from None
  File "/common/ketrong/tpotexp/tpot2/tpot2/tpot_estimator/estimator.py", line 623, in objective_function
    return objective_function_generator(
  File "/common/ketrong/tpotexp/tpot2/tpot2/tpot_estimator/estimator_utils.py", line 55, in objective_function_generator
    cv_obj_scores = cross_val_score_objective(sklearn.base.clone(pipeline),x,y,scorers=scorers, cv=cv , fold=step)
  File "/common/ketrong/tpotexp/tpot2/tpot2/tpot_estimator/cross_val_utils.py", line 28, in cross_val_score_objective
    this_fold_pipeline.fit(X_train,y_train)
  File "/common/ketrong/tpotexp/env/lib/python3.10/site-packages/sklearn/base.py", line 1473, in wrapper
    return fit_method(estimator, *args, **kwargs)
  File "/common/ketrong/tpotexp/env/lib/python3.10/site-packages/sklearn/pipeline.py", line 473, in fit
    self._final_estimator.fit(Xt, y, **last_step_params["fit"])
  File "/common/ketrong/tpotexp/env/lib/python3.10/site-packages/sklearn/base.py", line 1466, in wrapper
    estimator._validate_params()
  File "/common/ketrong/tpotexp/env/lib/python3.10/site-packages/sklearn/base.py", line 666, in _validate_params
    validate_parameter_constraints(
  File "/common/ketrong/tpotexp/env/lib/python3.10/site-packages/sklearn/utils/_param_validation.py", line 95, in validate_parameter_constraints
    raise InvalidParameterError(
sklearn.utils._param_validation.InvalidParameterError: The 'criterion' parameter of DecisionTreeRegressor must be a str among {'friedman_mse', 'poisson', 'absolute_error', 'squared_error'}. Got 'mae' instead.

WARNING AN INDIVIDUAL TIMED OUT: 
 <tpot2.search_spaces.pipelines.sequential.SequentialPipelineIndividual object at 0x155446c2f850> 

WARNING AN INDIVIDUAL TIMED OUT: 
 <tpot2.search_spaces.pipelines.sequential.SequentialPipelineIndividual object at 0x155466d96f80> 

WARNING AN INDIVIDUAL TIMED OUT: 
 <tpot2.search_spaces.pipelines.sequential.SequentialPipelineIndividual object at 0x15546410aef0> 

WARNING AN INDIVIDUAL TIMED OUT: 
 <tpot2.search_spaces.pipelines.sequential.SequentialPipelineIndividual object at 0x155431a30d30> 

Generation:  17
Best root_mean_squared_error score: -1.1314215640949767
Generation:  68%|   | 17/25 [2:35:04<1:20:30, 603.83s/it]WARNING THIS INDIVIDUAL CAUSED AND EXCEPTION 
 <tpot2.search_spaces.pipelines.sequential.SequentialPipelineIndividual object at 0x1554640d38e0> 
 The 'criterion' parameter of RandomForestRegressor must be a str among {'friedman_mse', 'poisson', 'absolute_error', 'squared_error'}. Got 'mse' instead. 
 Traceback (most recent call last):
  File "/common/ketrong/tpotexp/tpot2/tpot2/utils/eval_utils.py", line 53, in objective_nan_wrapper
    value = func_timeout.func_timeout(timeout, objective_function, args=[individual], kwargs=objective_kwargs)
  File "/common/ketrong/tpotexp/env/lib/python3.10/site-packages/func_timeout/dafunc.py", line 108, in func_timeout
    raise_exception(exception)
  File "/common/ketrong/tpotexp/env/lib/python3.10/site-packages/func_timeout/py3_raise.py", line 7, in raise_exception
    raise exception[0] from None
  File "/common/ketrong/tpotexp/tpot2/tpot2/tpot_estimator/estimator.py", line 623, in objective_function
    return objective_function_generator(
  File "/common/ketrong/tpotexp/tpot2/tpot2/tpot_estimator/estimator_utils.py", line 55, in objective_function_generator
    cv_obj_scores = cross_val_score_objective(sklearn.base.clone(pipeline),x,y,scorers=scorers, cv=cv , fold=step)
  File "/common/ketrong/tpotexp/tpot2/tpot2/tpot_estimator/cross_val_utils.py", line 28, in cross_val_score_objective
    this_fold_pipeline.fit(X_train,y_train)
  File "/common/ketrong/tpotexp/env/lib/python3.10/site-packages/sklearn/base.py", line 1473, in wrapper
    return fit_method(estimator, *args, **kwargs)
  File "/common/ketrong/tpotexp/env/lib/python3.10/site-packages/sklearn/pipeline.py", line 473, in fit
    self._final_estimator.fit(Xt, y, **last_step_params["fit"])
  File "/common/ketrong/tpotexp/env/lib/python3.10/site-packages/sklearn/base.py", line 1466, in wrapper
    estimator._validate_params()
  File "/common/ketrong/tpotexp/env/lib/python3.10/site-packages/sklearn/base.py", line 666, in _validate_params
    validate_parameter_constraints(
  File "/common/ketrong/tpotexp/env/lib/python3.10/site-packages/sklearn/utils/_param_validation.py", line 95, in validate_parameter_constraints
    raise InvalidParameterError(
sklearn.utils._param_validation.InvalidParameterError: The 'criterion' parameter of RandomForestRegressor must be a str among {'friedman_mse', 'poisson', 'absolute_error', 'squared_error'}. Got 'mse' instead.

Generation:  18
Best root_mean_squared_error score: -1.1308563299597751
Generation:  72%|  | 18/25 [2:38:46<57:04, 489.23s/it]  WARNING THIS INDIVIDUAL CAUSED AND EXCEPTION 
 <tpot2.search_spaces.pipelines.sequential.SequentialPipelineIndividual object at 0x1554671b0670> 
 The 'criterion' parameter of ExtraTreesRegressor must be a str among {'friedman_mse', 'poisson', 'absolute_error', 'squared_error'}. Got 'mae' instead. 
 Traceback (most recent call last):
  File "/common/ketrong/tpotexp/tpot2/tpot2/utils/eval_utils.py", line 53, in objective_nan_wrapper
    value = func_timeout.func_timeout(timeout, objective_function, args=[individual], kwargs=objective_kwargs)
  File "/common/ketrong/tpotexp/env/lib/python3.10/site-packages/func_timeout/dafunc.py", line 108, in func_timeout
    raise_exception(exception)
  File "/common/ketrong/tpotexp/env/lib/python3.10/site-packages/func_timeout/py3_raise.py", line 7, in raise_exception
    raise exception[0] from None
  File "/common/ketrong/tpotexp/tpot2/tpot2/tpot_estimator/estimator.py", line 623, in objective_function
    return objective_function_generator(
  File "/common/ketrong/tpotexp/tpot2/tpot2/tpot_estimator/estimator_utils.py", line 55, in objective_function_generator
    cv_obj_scores = cross_val_score_objective(sklearn.base.clone(pipeline),x,y,scorers=scorers, cv=cv , fold=step)
  File "/common/ketrong/tpotexp/tpot2/tpot2/tpot_estimator/cross_val_utils.py", line 28, in cross_val_score_objective
    this_fold_pipeline.fit(X_train,y_train)
  File "/common/ketrong/tpotexp/env/lib/python3.10/site-packages/sklearn/base.py", line 1473, in wrapper
    return fit_method(estimator, *args, **kwargs)
  File "/common/ketrong/tpotexp/env/lib/python3.10/site-packages/sklearn/pipeline.py", line 473, in fit
    self._final_estimator.fit(Xt, y, **last_step_params["fit"])
  File "/common/ketrong/tpotexp/env/lib/python3.10/site-packages/sklearn/base.py", line 1466, in wrapper
    estimator._validate_params()
  File "/common/ketrong/tpotexp/env/lib/python3.10/site-packages/sklearn/base.py", line 666, in _validate_params
    validate_parameter_constraints(
  File "/common/ketrong/tpotexp/env/lib/python3.10/site-packages/sklearn/utils/_param_validation.py", line 95, in validate_parameter_constraints
    raise InvalidParameterError(
sklearn.utils._param_validation.InvalidParameterError: The 'criterion' parameter of ExtraTreesRegressor must be a str among {'friedman_mse', 'poisson', 'absolute_error', 'squared_error'}. Got 'mae' instead.

Generation:  19
Best root_mean_squared_error score: -1.1308563299597751
Generation:  76%|  | 19/25 [2:39:36<35:44, 357.43s/it]WARNING AN INDIVIDUAL TIMED OUT: 
 <tpot2.search_spaces.pipelines.sequential.SequentialPipelineIndividual object at 0x155466018790> 

WARNING AN INDIVIDUAL TIMED OUT: 
 <tpot2.search_spaces.pipelines.sequential.SequentialPipelineIndividual object at 0x155464cd2530> 

Generation:  20
Best root_mean_squared_error score: -1.1308563299597751
Generation:  80%|  | 20/25 [2:49:43<36:01, 432.28s/it]Generation:  21
Best root_mean_squared_error score: -1.1308563299597751
Generation:  84%| | 21/25 [2:50:09<20:40, 310.17s/it]WARNING AN INDIVIDUAL TIMED OUT: 
 <tpot2.search_spaces.pipelines.sequential.SequentialPipelineIndividual object at 0x155459eee620> 

Generation:  22
Best root_mean_squared_error score: -1.1307386780604536
Generation:  88%| | 22/25 [3:00:17<19:58, 399.56s/it]WARNING AN INDIVIDUAL TIMED OUT: 
 <tpot2.search_spaces.pipelines.sequential.SequentialPipelineIndividual object at 0x1554597d0ca0> 

WARNING AN INDIVIDUAL TIMED OUT: 
 <tpot2.search_spaces.pipelines.sequential.SequentialPipelineIndividual object at 0x155467f25f00> 

WARNING AN INDIVIDUAL TIMED OUT: 
 <tpot2.search_spaces.pipelines.sequential.SequentialPipelineIndividual object at 0x15546428b6d0> 

Generation:  23
Best root_mean_squared_error score: -1.1307386780604536
Generation:  92%|| 23/25 [3:10:21<15:22, 461.16s/it]WARNING THIS INDIVIDUAL CAUSED AND EXCEPTION 
 <tpot2.search_spaces.pipelines.sequential.SequentialPipelineIndividual object at 0x155477284490> 
 The 'criterion' parameter of RandomForestRegressor must be a str among {'friedman_mse', 'poisson', 'absolute_error', 'squared_error'}. Got 'mae' instead. 
 Traceback (most recent call last):
  File "/common/ketrong/tpotexp/tpot2/tpot2/utils/eval_utils.py", line 53, in objective_nan_wrapper
    value = func_timeout.func_timeout(timeout, objective_function, args=[individual], kwargs=objective_kwargs)
  File "/common/ketrong/tpotexp/env/lib/python3.10/site-packages/func_timeout/dafunc.py", line 108, in func_timeout
    raise_exception(exception)
  File "/common/ketrong/tpotexp/env/lib/python3.10/site-packages/func_timeout/py3_raise.py", line 7, in raise_exception
    raise exception[0] from None
  File "/common/ketrong/tpotexp/tpot2/tpot2/tpot_estimator/estimator.py", line 623, in objective_function
    return objective_function_generator(
  File "/common/ketrong/tpotexp/tpot2/tpot2/tpot_estimator/estimator_utils.py", line 55, in objective_function_generator
    cv_obj_scores = cross_val_score_objective(sklearn.base.clone(pipeline),x,y,scorers=scorers, cv=cv , fold=step)
  File "/common/ketrong/tpotexp/tpot2/tpot2/tpot_estimator/cross_val_utils.py", line 28, in cross_val_score_objective
    this_fold_pipeline.fit(X_train,y_train)
  File "/common/ketrong/tpotexp/env/lib/python3.10/site-packages/sklearn/base.py", line 1473, in wrapper
    return fit_method(estimator, *args, **kwargs)
  File "/common/ketrong/tpotexp/env/lib/python3.10/site-packages/sklearn/pipeline.py", line 473, in fit
    self._final_estimator.fit(Xt, y, **last_step_params["fit"])
  File "/common/ketrong/tpotexp/env/lib/python3.10/site-packages/sklearn/base.py", line 1466, in wrapper
    estimator._validate_params()
  File "/common/ketrong/tpotexp/env/lib/python3.10/site-packages/sklearn/base.py", line 666, in _validate_params
    validate_parameter_constraints(
  File "/common/ketrong/tpotexp/env/lib/python3.10/site-packages/sklearn/utils/_param_validation.py", line 95, in validate_parameter_constraints
    raise InvalidParameterError(
sklearn.utils._param_validation.InvalidParameterError: The 'criterion' parameter of RandomForestRegressor must be a str among {'friedman_mse', 'poisson', 'absolute_error', 'squared_error'}. Got 'mae' instead.

WARNING AN INDIVIDUAL TIMED OUT: 
 <tpot2.search_spaces.pipelines.sequential.SequentialPipelineIndividual object at 0x1554671ea920> 

Generation:  24
Best root_mean_squared_error score: -1.1307386780604536
Generation:  96%|| 24/25 [3:20:28<08:24, 504.71s/it]WARNING THIS INDIVIDUAL CAUSED AND EXCEPTION 
 <tpot2.search_spaces.pipelines.sequential.SequentialPipelineIndividual object at 0x15547470c100> 
 The 'criterion' parameter of ExtraTreesRegressor must be a str among {'friedman_mse', 'poisson', 'absolute_error', 'squared_error'}. Got 'mae' instead. 
 Traceback (most recent call last):
  File "/common/ketrong/tpotexp/tpot2/tpot2/utils/eval_utils.py", line 53, in objective_nan_wrapper
    value = func_timeout.func_timeout(timeout, objective_function, args=[individual], kwargs=objective_kwargs)
  File "/common/ketrong/tpotexp/env/lib/python3.10/site-packages/func_timeout/dafunc.py", line 108, in func_timeout
    raise_exception(exception)
  File "/common/ketrong/tpotexp/env/lib/python3.10/site-packages/func_timeout/py3_raise.py", line 7, in raise_exception
    raise exception[0] from None
  File "/common/ketrong/tpotexp/tpot2/tpot2/tpot_estimator/estimator.py", line 623, in objective_function
    return objective_function_generator(
  File "/common/ketrong/tpotexp/tpot2/tpot2/tpot_estimator/estimator_utils.py", line 55, in objective_function_generator
    cv_obj_scores = cross_val_score_objective(sklearn.base.clone(pipeline),x,y,scorers=scorers, cv=cv , fold=step)
  File "/common/ketrong/tpotexp/tpot2/tpot2/tpot_estimator/cross_val_utils.py", line 28, in cross_val_score_objective
    this_fold_pipeline.fit(X_train,y_train)
  File "/common/ketrong/tpotexp/env/lib/python3.10/site-packages/sklearn/base.py", line 1473, in wrapper
    return fit_method(estimator, *args, **kwargs)
  File "/common/ketrong/tpotexp/env/lib/python3.10/site-packages/sklearn/pipeline.py", line 473, in fit
    self._final_estimator.fit(Xt, y, **last_step_params["fit"])
  File "/common/ketrong/tpotexp/env/lib/python3.10/site-packages/sklearn/base.py", line 1466, in wrapper
    estimator._validate_params()
  File "/common/ketrong/tpotexp/env/lib/python3.10/site-packages/sklearn/base.py", line 666, in _validate_params
    validate_parameter_constraints(
  File "/common/ketrong/tpotexp/env/lib/python3.10/site-packages/sklearn/utils/_param_validation.py", line 95, in validate_parameter_constraints
    raise InvalidParameterError(
sklearn.utils._param_validation.InvalidParameterError: The 'criterion' parameter of ExtraTreesRegressor must be a str among {'friedman_mse', 'poisson', 'absolute_error', 'squared_error'}. Got 'mae' instead.

Generation:  25
Best root_mean_squared_error score: -1.1307386780604536
Generation: 100%|| 25/25 [3:20:56<00:00, 361.69s/it]Generation: 100%|| 25/25 [3:20:56<00:00, 482.25s/it]
2024-09-23 15:06:24,626 - distributed.scheduler - ERROR - Removing worker 'tcp://127.0.0.1:38269' caused the cluster to lose scattered data, which can't be recovered: {'DataFrame-6dc4b2072bc5167c39418ceaedc62078', 'DataFrame-92374763a6aec816ed71ab42e566f02e'} (stimulus_id='handle-worker-cleanup-1727129184.62645')
Fitted
Pipeline(steps=[('iterativeimputer',
                 IterativeImputer(estimator=BayesianRidge(),
                                  n_nearest_features=40)),
                ('lgbmregressor',
                 LGBMRegressor(max_depth=4, n_estimators=95, n_jobs=1,
                               num_leaves=207, verbose=-1))])
transform worked
try transform
transform worked
score start
train score: {'explained_var': 0.9380700153898891, 'r2': 0.9380700153898891, 'rmse': 1.0932759891198063}
test score: {'explained_var': 0.9367406061169414, 'r2': 0.9367398747663674, 'rmse': 1.1041663203084064}
original test score: {'explained_var': 0.9480743629860904, 'r2': 0.9480742895571366, 'rmse': 1.0003700845377177}
score end
215
lvl
0.01
type
MNAR
num_run
1
reg_full
finished
all finished
full run takes
16.86689973625872
hours
DONE
