Run: 26
/cm/local/apps/slurm/var/spool/job970436/slurm_script: line 26: 
pip install -e tpot2
pip install -r tpot2/ImputerExperiments/requirements_.txt
: No such file or directory
RunStart
Version 0.1.7a0 of tpot2 is outdated. Version 0.1.8a0 was released 7 days ago.
starting loops
../data/r/218/218.pkl
working on 
../data/r/218/reg_full_MCAR_0.1_2
1.1795072555541992
running experiment 1/3 - Does large hyperparameter space improve reconstruction accuracy over simple
[I 2024-09-25 03:47:17,283] A new study created in memory with name: no-name-6551718d-5448-4066-818b-47273adec5ee
running
running
running
running
running
running
running
running
running
running
running
running
running
running
running
running
[I 2024-09-25 03:47:17,472] Trial 0 finished with value: 0.14551841878915767 and parameters: {'model_name': 'SimpleImputer', 'strategy': 'mean'}. Best is trial 0 with value: 0.14551841878915767.
running
[I 2024-09-25 03:47:17,776] Trial 12 finished with value: 0.14310198018815026 and parameters: {'model_name': 'SimpleImputer', 'strategy': 'median'}. Best is trial 12 with value: 0.14310198018815026.
running
[I 2024-09-25 03:47:22,751] Trial 11 finished with value: 0.140357622971382 and parameters: {'model_name': 'KNNImputer', 'n_neighbors': 1969, 'weights': 'uniform'}. Best is trial 11 with value: 0.140357622971382.
running
[I 2024-09-25 03:47:25,124] Trial 17 finished with value: 0.1441919196279627 and parameters: {'model_name': 'KNNImputer', 'n_neighbors': 6326, 'weights': 'distance'}. Best is trial 11 with value: 0.140357622971382.
running
[I 2024-09-25 03:47:25,696] Trial 4 finished with value: 0.1449388620259461 and parameters: {'model_name': 'KNNImputer', 'n_neighbors': 8628, 'weights': 'distance'}. Best is trial 11 with value: 0.140357622971382.
running
[I 2024-09-25 03:47:26,433] Trial 18 finished with value: 0.22032056226529018 and parameters: {'model_name': 'IterativeImputer', 'estimator': 'Bayesian', 'initial_strategy': 'mean', 'n_nearest_features': 2, 'imputation_order': 'random', 'sample_posterior': True}. Best is trial 11 with value: 0.140357622971382.
running
[I 2024-09-25 03:48:03,799] Trial 5 finished with value: 0.384849783930399 and parameters: {'model_name': 'GAIN', 'batch_size': 638, 'hint_rate': 0.42839454702135626, 'alpha': 10, 'iterations': 1, 'learning_rate': 0.03974905986253962, 'p_miss': 0.10125258990438486}. Best is trial 11 with value: 0.140357622971382.
running
[I 2024-09-25 03:48:06,749] Trial 19 finished with value: 0.3732219797931809 and parameters: {'model_name': 'GAIN', 'batch_size': 532, 'hint_rate': 0.07500801931759264, 'alpha': 13, 'iterations': 3, 'learning_rate': 0.0028889989764471187, 'p_miss': 0.2546869716664294}. Best is trial 11 with value: 0.140357622971382.
running
[I 2024-09-25 03:48:07,075] Trial 2 finished with value: 0.386445192092005 and parameters: {'model_name': 'GAIN', 'batch_size': 25, 'hint_rate': 0.3401757147756701, 'alpha': 3, 'iterations': 3, 'learning_rate': 0.032377798927112816, 'p_miss': 0.09033939817341825}. Best is trial 11 with value: 0.140357622971382.
running
[I 2024-09-25 03:48:07,472] Trial 23 finished with value: 0.3928489974906596 and parameters: {'model_name': 'SimpleImputer', 'strategy': 'constant'}. Best is trial 11 with value: 0.140357622971382.
running
[I 2024-09-25 03:48:07,916] Trial 24 finished with value: 0.3928489974906596 and parameters: {'model_name': 'SimpleImputer', 'strategy': 'constant'}. Best is trial 11 with value: 0.140357622971382.
running
[I 2024-09-25 03:48:17,496] Trial 16 finished with value: 0.38400507615758905 and parameters: {'model_name': 'GAIN', 'batch_size': 82, 'hint_rate': 0.45870329936205856, 'alpha': 1, 'iterations': 10, 'learning_rate': 0.014157252746816994, 'p_miss': 0.12836894970357368}. Best is trial 11 with value: 0.140357622971382.
running
[I 2024-09-25 03:48:29,015] Trial 22 finished with value: 0.16077370280113487 and parameters: {'model_name': 'IterativeImputer', 'estimator': 'KNN', 'initial_strategy': 'constant', 'n_nearest_features': 2, 'imputation_order': 'descending'}. Best is trial 11 with value: 0.140357622971382.
running
[I 2024-09-25 03:48:30,248] Trial 15 finished with value: 0.16307241725282579 and parameters: {'model_name': 'VAE', 'batch_size': 5, 'iterations': 9, 'learning_rate': 0.036758652400740076, 'p_miss': 0.17596514241938943}. Best is trial 11 with value: 0.140357622971382.
running
[I 2024-09-25 03:48:39,380] Trial 29 finished with value: 0.1392905773850409 and parameters: {'model_name': 'KNNImputer', 'n_neighbors': 1210, 'weights': 'uniform'}. Best is trial 29 with value: 0.1392905773850409.
running
[I 2024-09-25 03:48:47,632] Trial 30 finished with value: 0.13720653416664028 and parameters: {'model_name': 'KNNImputer', 'n_neighbors': 373, 'weights': 'uniform'}. Best is trial 30 with value: 0.13720653416664028.
running
[I 2024-09-25 03:48:54,660] Trial 31 finished with value: 0.1359951739986891 and parameters: {'model_name': 'KNNImputer', 'n_neighbors': 105, 'weights': 'uniform'}. Best is trial 31 with value: 0.1359951739986891.
running
[I 2024-09-25 03:49:03,967] Trial 32 finished with value: 0.14551841878915767 and parameters: {'model_name': 'KNNImputer', 'n_neighbors': 17471, 'weights': 'uniform'}. Best is trial 31 with value: 0.1359951739986891.
running
[I 2024-09-25 03:49:17,744] Trial 7 finished with value: 0.3862059739682646 and parameters: {'model_name': 'GAIN', 'batch_size': 94, 'hint_rate': 0.18647641920941596, 'alpha': 91, 'iterations': 56, 'learning_rate': 0.024060239906188555, 'p_miss': 0.18660567251083446}. Best is trial 31 with value: 0.1359951739986891.
running
[I 2024-09-25 03:50:13,177] Trial 10 finished with value: 0.3343735646946775 and parameters: {'model_name': 'VAE', 'batch_size': 71, 'iterations': 41, 'learning_rate': 0.00031065541018743313, 'p_miss': 0.19213036646800707}. Best is trial 31 with value: 0.1359951739986891.
running
[I 2024-09-25 03:50:20,447] Trial 35 finished with value: 0.13628827601517943 and parameters: {'model_name': 'KNNImputer', 'n_neighbors': 174, 'weights': 'uniform'}. Best is trial 31 with value: 0.1359951739986891.
running
[I 2024-09-25 03:50:28,482] Trial 36 finished with value: 0.13741482585706322 and parameters: {'model_name': 'KNNImputer', 'n_neighbors': 433, 'weights': 'uniform'}. Best is trial 31 with value: 0.1359951739986891.
running
[I 2024-09-25 03:50:35,376] Trial 37 finished with value: 0.13770691513704675 and parameters: {'model_name': 'KNNImputer', 'n_neighbors': 18, 'weights': 'uniform'}. Best is trial 31 with value: 0.1359951739986891.
running
[I 2024-09-25 03:50:44,989] Trial 38 finished with value: 0.1423578772649489 and parameters: {'model_name': 'KNNImputer', 'n_neighbors': 4544, 'weights': 'uniform'}. Best is trial 31 with value: 0.1359951739986891.
running
[I 2024-09-25 03:50:55,557] Trial 39 finished with value: 0.14528210195773075 and parameters: {'model_name': 'KNNImputer', 'n_neighbors': 12590, 'weights': 'uniform'}. Best is trial 31 with value: 0.1359951739986891.
running
[I 2024-09-25 03:51:05,854] Trial 40 finished with value: 0.14175648921221878 and parameters: {'model_name': 'KNNImputer', 'n_neighbors': 3626, 'weights': 'uniform'}. Best is trial 31 with value: 0.1359951739986891.
running
[I 2024-09-25 03:51:16,153] Trial 41 finished with value: 0.14223935811293048 and parameters: {'model_name': 'KNNImputer', 'n_neighbors': 4341, 'weights': 'uniform'}. Best is trial 31 with value: 0.1359951739986891.
running
[I 2024-09-25 03:51:24,063] Trial 42 finished with value: 0.14215808203852415 and parameters: {'model_name': 'IterativeImputer', 'estimator': 'Ridge', 'initial_strategy': 'median', 'n_nearest_features': 8, 'imputation_order': 'arabic'}. Best is trial 31 with value: 0.1359951739986891.
running
[I 2024-09-25 03:51:45,805] Trial 13 finished with value: 0.39331558074800066 and parameters: {'model_name': 'GAIN', 'batch_size': 63, 'hint_rate': 0.6589785970205448, 'alpha': 76, 'iterations': 184, 'learning_rate': 0.04349629347825174, 'p_miss': 0.06497113826206265}. Best is trial 31 with value: 0.1359951739986891.
running
[I 2024-09-25 03:58:49,451] Trial 14 finished with value: 0.3632036448168833 and parameters: {'model_name': 'GAIN', 'batch_size': 13, 'hint_rate': 0.9689310653959061, 'alpha': 96, 'iterations': 448, 'learning_rate': 0.00048422194499890173, 'p_miss': 0.19982433469817346}. Best is trial 31 with value: 0.1359951739986891.
running
[I 2024-09-25 04:01:20,625] Trial 1 finished with value: 0.41032887736892293 and parameters: {'model_name': 'GAIN', 'batch_size': 412, 'hint_rate': 0.830767208133216, 'alpha': 20, 'iterations': 499, 'learning_rate': 0.0030696245609689267, 'p_miss': 0.10385500700429966}. Best is trial 31 with value: 0.1359951739986891.
running
[I 2024-09-25 04:01:28,026] Trial 46 finished with value: 0.13613206154757004 and parameters: {'model_name': 'KNNImputer', 'n_neighbors': 123, 'weights': 'uniform'}. Best is trial 31 with value: 0.1359951739986891.
running
[I 2024-09-25 04:01:33,633] Trial 9 finished with value: 0.15775244971895597 and parameters: {'model_name': 'VAE', 'batch_size': 9, 'iterations': 281, 'learning_rate': 0.002587562377295688, 'p_miss': 0.08934618217310973}. Best is trial 31 with value: 0.1359951739986891.
running
[I 2024-09-25 04:01:34,714] Trial 47 finished with value: 0.15595055074754638 and parameters: {'model_name': 'KNNImputer', 'n_neighbors': 4, 'weights': 'uniform'}. Best is trial 31 with value: 0.1359951739986891.
running
[I 2024-09-25 04:01:41,253] Trial 48 finished with value: 0.13614927467954518 and parameters: {'model_name': 'KNNImputer', 'n_neighbors': 134, 'weights': 'uniform'}. Best is trial 31 with value: 0.1359951739986891.
running
[I 2024-09-25 04:01:44,418] Trial 49 finished with value: 0.1408880460154926 and parameters: {'model_name': 'KNNImputer', 'n_neighbors': 2568, 'weights': 'uniform'}. Best is trial 31 with value: 0.1359951739986891.
running
[I 2024-09-25 04:01:50,561] Trial 50 finished with value: 0.1412483551405656 and parameters: {'model_name': 'KNNImputer', 'n_neighbors': 2941, 'weights': 'uniform'}. Best is trial 31 with value: 0.1359951739986891.
running
[I 2024-09-25 04:01:55,388] Trial 51 finished with value: 0.14248372879128965 and parameters: {'model_name': 'KNNImputer', 'n_neighbors': 2605, 'weights': 'distance'}. Best is trial 31 with value: 0.1359951739986891.
running
[I 2024-09-25 04:02:00,832] Trial 52 finished with value: 0.1422439877894836 and parameters: {'model_name': 'KNNImputer', 'n_neighbors': 2225, 'weights': 'distance'}. Best is trial 31 with value: 0.1359951739986891.
running
[I 2024-09-25 04:02:10,597] Trial 54 finished with value: 0.14298160618247713 and parameters: {'model_name': 'KNNImputer', 'n_neighbors': 5657, 'weights': 'uniform'}. Best is trial 31 with value: 0.1359951739986891.
running
[I 2024-09-25 04:14:42,043] Trial 3 finished with value: 0.15832067402115915 and parameters: {'model_name': 'IterativeImputer', 'estimator': 'RFR', 'initial_strategy': 'constant', 'n_nearest_features': 1, 'imputation_order': 'descending'}. Best is trial 31 with value: 0.1359951739986891.
running
[I 2024-09-25 04:14:48,935] Trial 56 finished with value: 0.14373605610987777 and parameters: {'model_name': 'KNNImputer', 'n_neighbors': 8, 'weights': 'uniform'}. Best is trial 31 with value: 0.1359951739986891.
running
[I 2024-09-25 04:15:20,054] Trial 21 finished with value: 0.16348899234137554 and parameters: {'model_name': 'IterativeImputer', 'estimator': 'RFR', 'initial_strategy': 'most_frequent', 'n_nearest_features': 1, 'imputation_order': 'random'}. Best is trial 31 with value: 0.1359951739986891.
running
[I 2024-09-25 04:24:17,194] Trial 6 finished with value: 0.1553547808917101 and parameters: {'model_name': 'VAE', 'batch_size': 9, 'iterations': 634, 'learning_rate': 0.008212005705168524, 'p_miss': 0.01564868548000579}. Best is trial 31 with value: 0.1359951739986891.
running
[I 2024-09-25 04:24:25,426] Trial 59 finished with value: 0.13976620411342638 and parameters: {'model_name': 'KNNImputer', 'n_neighbors': 1459, 'weights': 'uniform'}. Best is trial 31 with value: 0.1359951739986891.
running
[I 2024-09-25 04:24:33,166] Trial 60 finished with value: 0.1393306155506028 and parameters: {'model_name': 'KNNImputer', 'n_neighbors': 1231, 'weights': 'uniform'}. Best is trial 31 with value: 0.1359951739986891.
running
[I 2024-09-25 04:50:07,208] Trial 20 finished with value: 0.13939703303389245 and parameters: {'model_name': 'IterativeImputer', 'estimator': 'RFR', 'initial_strategy': 'constant', 'n_nearest_features': 5, 'imputation_order': 'roman'}. Best is trial 31 with value: 0.1359951739986891.
running
[I 2024-09-25 07:32:46,248] Trial 28 finished with value: 0.1955642535089584 and parameters: {'model_name': 'VAE', 'batch_size': 1, 'iterations': 5242, 'learning_rate': 0.00013587427461143894, 'p_miss': 0.2932988917653889}. Best is trial 31 with value: 0.1359951739986891.
running
[I 2024-09-25 07:32:56,758] Trial 63 finished with value: 0.14519704929422955 and parameters: {'model_name': 'KNNImputer', 'n_neighbors': 11694, 'weights': 'uniform'}. Best is trial 31 with value: 0.1359951739986891.
running
[I 2024-09-25 07:32:57,998] Trial 64 finished with value: 0.3928489974906596 and parameters: {'model_name': 'SimpleImputer', 'strategy': 'most_frequent'}. Best is trial 31 with value: 0.1359951739986891.
running
[I 2024-09-25 07:38:41,596] Trial 8 finished with value: 0.15992095116402597 and parameters: {'model_name': 'VAE', 'batch_size': 2, 'iterations': 4326, 'learning_rate': 0.000626754666187032, 'p_miss': 0.06252110486076125}. Best is trial 31 with value: 0.1359951739986891.
running
[I 2024-09-25 07:38:47,955] Trial 66 finished with value: 0.13561773260422375 and parameters: {'model_name': 'KNNImputer', 'n_neighbors': 57, 'weights': 'uniform'}. Best is trial 66 with value: 0.13561773260422375.
running
[I 2024-09-25 07:38:54,976] Trial 67 finished with value: 0.13594814703758737 and parameters: {'model_name': 'KNNImputer', 'n_neighbors': 100, 'weights': 'uniform'}. Best is trial 66 with value: 0.13561773260422375.
running
[I 2024-09-25 07:39:03,226] Trial 68 finished with value: 0.13996026948906642 and parameters: {'model_name': 'KNNImputer', 'n_neighbors': 1588, 'weights': 'uniform'}. Best is trial 66 with value: 0.13561773260422375.
running
[I 2024-09-25 07:39:11,197] Trial 69 finished with value: 0.1396235392343288 and parameters: {'model_name': 'KNNImputer', 'n_neighbors': 1384, 'weights': 'uniform'}. Best is trial 66 with value: 0.13561773260422375.
running
[I 2024-09-25 07:39:17,626] Trial 70 finished with value: 0.13549090462623195 and parameters: {'model_name': 'KNNImputer', 'n_neighbors': 60, 'weights': 'uniform'}. Best is trial 70 with value: 0.13549090462623195.
running
[I 2024-09-25 08:29:28,866] Trial 43 finished with value: 0.2073738538253433 and parameters: {'model_name': 'VAE', 'batch_size': 1, 'iterations': 6450, 'learning_rate': 0.00012229917148760615, 'p_miss': 0.010565748384597118}. Best is trial 70 with value: 0.13549090462623195.
running
[I 2024-09-25 08:29:37,752] Trial 72 finished with value: 0.13972812353049774 and parameters: {'model_name': 'KNNImputer', 'n_neighbors': 1439, 'weights': 'uniform'}. Best is trial 70 with value: 0.13549090462623195.
running
[I 2024-09-25 08:35:18,693] Trial 27 finished with value: 0.20689939914422117 and parameters: {'model_name': 'VAE', 'batch_size': 1, 'iterations': 6797, 'learning_rate': 0.00012779014963005603, 'p_miss': 0.01166607307914383}. Best is trial 70 with value: 0.13549090462623195.
running
[I 2024-09-25 08:54:47,759] Trial 45 finished with value: 0.17576018380273245 and parameters: {'model_name': 'VAE', 'batch_size': 2, 'iterations': 5594, 'learning_rate': 0.0001216613942771753, 'p_miss': 0.2886156495557135}. Best is trial 70 with value: 0.13549090462623195.
running
[I 2024-09-25 09:01:47,772] Trial 71 finished with value: 0.2097977714647469 and parameters: {'model_name': 'VAE', 'batch_size': 1, 'iterations': 1881, 'learning_rate': 0.0991423614783235, 'p_miss': 0.23118015583017115}. Best is trial 70 with value: 0.13549090462623195.
running
[I 2024-09-25 09:01:54,082] Trial 76 finished with value: 0.1357498053477795 and parameters: {'model_name': 'KNNImputer', 'n_neighbors': 85, 'weights': 'uniform'}. Best is trial 70 with value: 0.13549090462623195.
running
[I 2024-09-25 09:02:01,965] Trial 77 finished with value: 0.1390098422265705 and parameters: {'model_name': 'KNNImputer', 'n_neighbors': 1070, 'weights': 'uniform'}. Best is trial 70 with value: 0.13549090462623195.
running
[I 2024-09-25 09:02:07,054] Trial 78 finished with value: 0.3831862644031775 and parameters: {'model_name': 'GAIN', 'batch_size': 269, 'hint_rate': 0.6564058923785567, 'alpha': 48, 'iterations': 1, 'learning_rate': 0.007553739235973921, 'p_miss': 0.15824538768666524}. Best is trial 70 with value: 0.13549090462623195.
running
[I 2024-09-25 09:02:13,469] Trial 79 finished with value: 0.13609831869012912 and parameters: {'model_name': 'KNNImputer', 'n_neighbors': 121, 'weights': 'uniform'}. Best is trial 70 with value: 0.13549090462623195.
running
[I 2024-09-25 09:02:14,573] Trial 80 finished with value: 0.3928489974906596 and parameters: {'model_name': 'SimpleImputer', 'strategy': 'most_frequent'}. Best is trial 70 with value: 0.13549090462623195.
running
[I 2024-09-25 09:02:23,061] Trial 81 finished with value: 0.14069358350235986 and parameters: {'model_name': 'KNNImputer', 'n_neighbors': 2333, 'weights': 'uniform'}. Best is trial 70 with value: 0.13549090462623195.
running
[I 2024-09-25 09:02:34,454] Trial 82 finished with value: 0.1447588951533155 and parameters: {'model_name': 'KNNImputer', 'n_neighbors': 7995, 'weights': 'distance'}. Best is trial 70 with value: 0.13549090462623195.
running
[I 2024-09-25 09:02:42,796] Trial 83 finished with value: 0.13932414574533852 and parameters: {'model_name': 'KNNImputer', 'n_neighbors': 1227, 'weights': 'uniform'}. Best is trial 70 with value: 0.13549090462623195.
running
[I 2024-09-25 09:03:12,871] Trial 84 finished with value: 0.3728643112875418 and parameters: {'model_name': 'GAIN', 'batch_size': 208, 'hint_rate': 0.22968674174203352, 'alpha': 42, 'iterations': 20, 'learning_rate': 0.0007802407880645612, 'p_miss': 0.22803620477667658}. Best is trial 70 with value: 0.13549090462623195.
running
[I 2024-09-25 09:03:21,816] Trial 85 finished with value: 0.1415596437015665 and parameters: {'model_name': 'KNNImputer', 'n_neighbors': 3343, 'weights': 'uniform'}. Best is trial 70 with value: 0.13549090462623195.
running
[I 2024-09-25 09:03:28,277] Trial 86 finished with value: 0.13577924949997366 and parameters: {'model_name': 'KNNImputer', 'n_neighbors': 82, 'weights': 'uniform'}. Best is trial 70 with value: 0.13549090462623195.
running
[I 2024-09-25 09:03:35,891] Trial 87 finished with value: 0.13852978869223948 and parameters: {'model_name': 'KNNImputer', 'n_neighbors': 840, 'weights': 'uniform'}. Best is trial 70 with value: 0.13549090462623195.
running
[I 2024-09-25 09:03:43,271] Trial 88 finished with value: 0.1385113900383051 and parameters: {'model_name': 'KNNImputer', 'n_neighbors': 821, 'weights': 'uniform'}. Best is trial 70 with value: 0.13549090462623195.
running
[I 2024-09-25 09:03:49,202] Trial 89 finished with value: 0.1421580797807134 and parameters: {'model_name': 'IterativeImputer', 'estimator': 'Ridge', 'initial_strategy': 'mean', 'n_nearest_features': 8, 'imputation_order': 'ascending'}. Best is trial 70 with value: 0.13549090462623195.
running
[I 2024-09-25 09:03:55,752] Trial 90 finished with value: 0.13552378317025573 and parameters: {'model_name': 'KNNImputer', 'n_neighbors': 54, 'weights': 'uniform'}. Best is trial 70 with value: 0.13549090462623195.
running
[I 2024-09-25 09:04:04,048] Trial 91 finished with value: 0.14551841878915767 and parameters: {'model_name': 'KNNImputer', 'n_neighbors': 18118, 'weights': 'uniform'}. Best is trial 70 with value: 0.13549090462623195.
running
[I 2024-09-25 09:04:12,199] Trial 92 finished with value: 0.14029465194785246 and parameters: {'model_name': 'KNNImputer', 'n_neighbors': 1888, 'weights': 'uniform'}. Best is trial 70 with value: 0.13549090462623195.
running
[I 2024-09-25 09:04:20,569] Trial 93 finished with value: 0.1407931474699668 and parameters: {'model_name': 'KNNImputer', 'n_neighbors': 767, 'weights': 'distance'}. Best is trial 70 with value: 0.13549090462623195.
running
[I 2024-09-25 09:04:21,116] Trial 94 finished with value: 0.14310198018815026 and parameters: {'model_name': 'SimpleImputer', 'strategy': 'median'}. Best is trial 70 with value: 0.13549090462623195.
running
[I 2024-09-25 09:04:28,732] Trial 95 finished with value: 0.1382613201401766 and parameters: {'model_name': 'KNNImputer', 'n_neighbors': 724, 'weights': 'uniform'}. Best is trial 70 with value: 0.13549090462623195.
running
[I 2024-09-25 09:04:35,232] Trial 96 finished with value: 0.13618849357071355 and parameters: {'model_name': 'KNNImputer', 'n_neighbors': 27, 'weights': 'uniform'}. Best is trial 70 with value: 0.13549090462623195.
running
[I 2024-09-25 09:04:41,301] Trial 97 finished with value: 0.13552021667339803 and parameters: {'model_name': 'KNNImputer', 'n_neighbors': 53, 'weights': 'uniform'}. Best is trial 70 with value: 0.13549090462623195.
running
[I 2024-09-25 09:04:43,383] Trial 73 finished with value: 0.41572728855844254 and parameters: {'model_name': 'GAIN', 'batch_size': 229, 'hint_rate': 0.6583317268353482, 'alpha': 47, 'iterations': 1507, 'learning_rate': 0.0867611086228327, 'p_miss': 0.23582476730677873}. Best is trial 70 with value: 0.13549090462623195.
running
[I 2024-09-25 09:04:49,850] Trial 98 finished with value: 0.14034454735723872 and parameters: {'model_name': 'KNNImputer', 'n_neighbors': 1936, 'weights': 'uniform'}. Best is trial 70 with value: 0.13549090462623195.
running
[I 2024-09-25 09:04:51,641] Trial 99 finished with value: 0.13829032197578034 and parameters: {'model_name': 'KNNImputer', 'n_neighbors': 731, 'weights': 'uniform'}. Best is trial 70 with value: 0.13549090462623195.
running
[I 2024-09-25 09:04:57,787] Trial 100 finished with value: 0.13839851793013577 and parameters: {'model_name': 'KNNImputer', 'n_neighbors': 775, 'weights': 'uniform'}. Best is trial 70 with value: 0.13549090462623195.
running
[I 2024-09-25 09:05:01,052] Trial 101 finished with value: 0.14551841878915767 and parameters: {'model_name': 'KNNImputer', 'n_neighbors': 14286, 'weights': 'uniform'}. Best is trial 70 with value: 0.13549090462623195.
running
[I 2024-09-25 09:05:32,920] Trial 103 finished with value: 0.14239021261800183 and parameters: {'model_name': 'IterativeImputer', 'estimator': 'Bayesian', 'initial_strategy': 'median', 'n_nearest_features': 5, 'imputation_order': 'arabic', 'sample_posterior': False}. Best is trial 70 with value: 0.13549090462623195.
running
[I 2024-09-25 09:05:40,376] Trial 104 finished with value: 0.13620430363214037 and parameters: {'model_name': 'KNNImputer', 'n_neighbors': 159, 'weights': 'uniform'}. Best is trial 70 with value: 0.13549090462623195.
running
[I 2024-09-25 09:05:45,647] Trial 102 finished with value: 0.15053786349982978 and parameters: {'model_name': 'IterativeImputer', 'estimator': 'KNN', 'initial_strategy': 'median', 'n_nearest_features': 5, 'imputation_order': 'arabic'}. Best is trial 70 with value: 0.13549090462623195.
running
[I 2024-09-25 09:05:49,617] Trial 105 finished with value: 0.14035518578225203 and parameters: {'model_name': 'KNNImputer', 'n_neighbors': 1955, 'weights': 'uniform'}. Best is trial 70 with value: 0.13549090462623195.
running
[I 2024-09-25 09:05:52,730] Trial 106 finished with value: 0.13561250033568634 and parameters: {'model_name': 'KNNImputer', 'n_neighbors': 72, 'weights': 'uniform'}. Best is trial 70 with value: 0.13549090462623195.
running
[I 2024-09-25 09:05:56,988] Trial 107 finished with value: 0.13628211464705828 and parameters: {'model_name': 'KNNImputer', 'n_neighbors': 175, 'weights': 'uniform'}. Best is trial 70 with value: 0.13549090462623195.
running
[I 2024-09-25 09:06:00,098] Trial 108 finished with value: 0.1356655069773344 and parameters: {'model_name': 'KNNImputer', 'n_neighbors': 73, 'weights': 'uniform'}. Best is trial 70 with value: 0.13549090462623195.
running
[I 2024-09-25 09:06:05,112] Trial 109 finished with value: 0.1380198209616355 and parameters: {'model_name': 'KNNImputer', 'n_neighbors': 635, 'weights': 'uniform'}. Best is trial 70 with value: 0.13549090462623195.
running
[I 2024-09-25 09:06:07,892] Trial 110 finished with value: 0.1383504469544295 and parameters: {'model_name': 'KNNImputer', 'n_neighbors': 754, 'weights': 'uniform'}. Best is trial 70 with value: 0.13549090462623195.
running
[I 2024-09-25 09:06:14,117] Trial 111 finished with value: 0.1388145700430113 and parameters: {'model_name': 'KNNImputer', 'n_neighbors': 980, 'weights': 'uniform'}. Best is trial 70 with value: 0.13549090462623195.
running
[I 2024-09-25 09:06:14,630] Trial 112 finished with value: 0.1470822886228185 and parameters: {'model_name': 'KNNImputer', 'n_neighbors': 6, 'weights': 'uniform'}. Best is trial 70 with value: 0.13549090462623195.
running
[I 2024-09-25 09:06:23,209] Trial 113 finished with value: 0.14019246073876143 and parameters: {'model_name': 'KNNImputer', 'n_neighbors': 1805, 'weights': 'uniform'}. Best is trial 70 with value: 0.13549090462623195.
running
[I 2024-09-25 09:06:23,374] Trial 114 finished with value: 0.14027188607767171 and parameters: {'model_name': 'KNNImputer', 'n_neighbors': 1865, 'weights': 'uniform'}. Best is trial 70 with value: 0.13549090462623195.
running
[I 2024-09-25 09:06:29,817] Trial 116 finished with value: 0.13552378317025573 and parameters: {'model_name': 'KNNImputer', 'n_neighbors': 54, 'weights': 'uniform'}. Best is trial 70 with value: 0.13549090462623195.
running
[I 2024-09-25 09:06:34,316] Trial 115 finished with value: 0.3412311947689595 and parameters: {'model_name': 'VAE', 'batch_size': 28, 'iterations': 4, 'learning_rate': 0.0014357702565939866, 'p_miss': 0.14877384094998727}. Best is trial 70 with value: 0.13549090462623195.
running
[I 2024-09-25 09:06:37,621] Trial 117 finished with value: 0.13813041733400616 and parameters: {'model_name': 'KNNImputer', 'n_neighbors': 679, 'weights': 'uniform'}. Best is trial 70 with value: 0.13549090462623195.
running
[I 2024-09-25 09:06:42,457] Trial 118 finished with value: 0.13781285632236465 and parameters: {'model_name': 'KNNImputer', 'n_neighbors': 567, 'weights': 'uniform'}. Best is trial 70 with value: 0.13549090462623195.
running
[I 2024-09-25 09:06:46,089] Trial 119 finished with value: 0.13962074175013936 and parameters: {'model_name': 'KNNImputer', 'n_neighbors': 1380, 'weights': 'uniform'}. Best is trial 70 with value: 0.13549090462623195.
running
[I 2024-09-25 09:06:52,173] Trial 120 finished with value: 0.1416368658063809 and parameters: {'model_name': 'KNNImputer', 'n_neighbors': 1460, 'weights': 'distance'}. Best is trial 70 with value: 0.13549090462623195.
running
[I 2024-09-25 09:06:52,749] Trial 122 finished with value: 0.14551841878915767 and parameters: {'model_name': 'SimpleImputer', 'strategy': 'mean'}. Best is trial 70 with value: 0.13549090462623195.
running
[I 2024-09-25 09:06:57,163] Trial 121 finished with value: 0.1425542348643112 and parameters: {'model_name': 'KNNImputer', 'n_neighbors': 2713, 'weights': 'distance'}. Best is trial 70 with value: 0.13549090462623195.
running
[I 2024-09-25 09:07:01,440] Trial 123 finished with value: 0.14093326467810585 and parameters: {'model_name': 'KNNImputer', 'n_neighbors': 2613, 'weights': 'uniform'}. Best is trial 70 with value: 0.13549090462623195.
running
[I 2024-09-25 09:07:04,782] Trial 124 finished with value: 0.1373270961517344 and parameters: {'model_name': 'KNNImputer', 'n_neighbors': 393, 'weights': 'uniform'}. Best is trial 70 with value: 0.13549090462623195.
running
[I 2024-09-25 09:07:08,622] Trial 125 finished with value: 0.13922237563290518 and parameters: {'model_name': 'KNNImputer', 'n_neighbors': 13, 'weights': 'uniform'}. Best is trial 70 with value: 0.13549090462623195.
running
[I 2024-09-25 09:07:12,419] Trial 126 finished with value: 0.13666619255559292 and parameters: {'model_name': 'KNNImputer', 'n_neighbors': 252, 'weights': 'uniform'}. Best is trial 70 with value: 0.13549090462623195.
running
[I 2024-09-25 09:07:15,446] Trial 127 finished with value: 0.13603321079550604 and parameters: {'model_name': 'KNNImputer', 'n_neighbors': 34, 'weights': 'uniform'}. Best is trial 70 with value: 0.13549090462623195.
running
[I 2024-09-25 09:07:54,765] Trial 129 finished with value: inf and parameters: {'model_name': 'GAIN', 'batch_size': 4, 'hint_rate': 0.03763872327527745, 'alpha': 71, 'iterations': 148, 'learning_rate': 0.0054827066814618205, 'p_miss': 0.04922177513473873}. Best is trial 70 with value: 0.13549090462623195.
running
[I 2024-09-25 09:08:02,777] Trial 130 finished with value: 0.13887921520062058 and parameters: {'model_name': 'KNNImputer', 'n_neighbors': 1016, 'weights': 'uniform'}. Best is trial 70 with value: 0.13549090462623195.
running
[I 2024-09-25 09:08:11,522] Trial 128 finished with value: inf and parameters: {'model_name': 'GAIN', 'batch_size': 3, 'hint_rate': 0.013194586454543356, 'alpha': 66, 'iterations': 127, 'learning_rate': 0.001363247256483246, 'p_miss': 0.2664722822077453}. Best is trial 70 with value: 0.13549090462623195.
running
[I 2024-09-25 09:08:12,171] Trial 131 finished with value: 0.14406269833766244 and parameters: {'model_name': 'KNNImputer', 'n_neighbors': 7710, 'weights': 'uniform'}. Best is trial 70 with value: 0.13549090462623195.
running
[I 2024-09-25 09:08:21,416] Trial 132 finished with value: 0.14398109745626922 and parameters: {'model_name': 'KNNImputer', 'n_neighbors': 7549, 'weights': 'uniform'}. Best is trial 70 with value: 0.13549090462623195.
running
[I 2024-09-25 09:08:22,573] Trial 133 finished with value: 0.14507549171397355 and parameters: {'model_name': 'KNNImputer', 'n_neighbors': 10682, 'weights': 'uniform'}. Best is trial 70 with value: 0.13549090462623195.
running
[I 2024-09-25 09:08:29,919] Trial 134 finished with value: 0.1393932854640693 and parameters: {'model_name': 'KNNImputer', 'n_neighbors': 1265, 'weights': 'uniform'}. Best is trial 70 with value: 0.13549090462623195.
running
[I 2024-09-25 09:08:31,347] Trial 135 finished with value: 0.13923617665196714 and parameters: {'model_name': 'KNNImputer', 'n_neighbors': 1171, 'weights': 'uniform'}. Best is trial 70 with value: 0.13549090462623195.
running
[I 2024-09-25 09:08:37,855] Trial 136 finished with value: 0.13747009716287886 and parameters: {'model_name': 'KNNImputer', 'n_neighbors': 467, 'weights': 'uniform'}. Best is trial 70 with value: 0.13549090462623195.
running
[I 2024-09-25 09:08:39,702] Trial 137 finished with value: 0.13713613353948068 and parameters: {'model_name': 'KNNImputer', 'n_neighbors': 347, 'weights': 'uniform'}. Best is trial 70 with value: 0.13549090462623195.
running
[I 2024-09-25 09:08:44,578] Trial 138 finished with value: 0.141329413189822 and parameters: {'model_name': 'KNNImputer', 'n_neighbors': 10, 'weights': 'uniform'}. Best is trial 70 with value: 0.13549090462623195.
running
[I 2024-09-25 09:08:46,780] Trial 139 finished with value: 0.16388805645159404 and parameters: {'model_name': 'KNNImputer', 'n_neighbors': 3, 'weights': 'uniform'}. Best is trial 70 with value: 0.13549090462623195.
running
[I 2024-09-25 09:08:52,904] Trial 140 finished with value: 0.13759837557839597 and parameters: {'model_name': 'KNNImputer', 'n_neighbors': 513, 'weights': 'uniform'}. Best is trial 70 with value: 0.13549090462623195.
running
[I 2024-09-25 09:08:54,283] Trial 141 finished with value: 0.13774623341802833 and parameters: {'model_name': 'KNNImputer', 'n_neighbors': 551, 'weights': 'uniform'}. Best is trial 70 with value: 0.13549090462623195.
running
[I 2024-09-25 09:08:54,851] Trial 143 finished with value: 0.14551841878915767 and parameters: {'model_name': 'SimpleImputer', 'strategy': 'mean'}. Best is trial 70 with value: 0.13549090462623195.
running
[I 2024-09-25 09:09:04,734] Trial 74 finished with value: 0.44105231324839644 and parameters: {'model_name': 'GAIN', 'batch_size': 269, 'hint_rate': 0.6805411633940683, 'alpha': 47, 'iterations': 1529, 'learning_rate': 0.0011091031995087326, 'p_miss': 0.24271454486165311}. Best is trial 70 with value: 0.13549090462623195.
running
[I 2024-09-25 09:10:45,555] Trial 145 finished with value: 0.3401426585621131 and parameters: {'model_name': 'VAE', 'batch_size': 890, 'iterations': 22, 'learning_rate': 0.00021840701542713602, 'p_miss': 0.1282264961308469}. Best is trial 70 with value: 0.13549090462623195.
running
[I 2024-09-25 09:10:53,939] Trial 146 finished with value: 0.1391002282485918 and parameters: {'model_name': 'KNNImputer', 'n_neighbors': 1103, 'weights': 'uniform'}. Best is trial 70 with value: 0.13549090462623195.
running
[I 2024-09-25 09:11:01,811] Trial 147 finished with value: 0.13753623719189395 and parameters: {'model_name': 'KNNImputer', 'n_neighbors': 495, 'weights': 'uniform'}. Best is trial 70 with value: 0.13549090462623195.
running
[I 2024-09-25 09:11:09,982] Trial 148 finished with value: 0.13872187908940592 and parameters: {'model_name': 'KNNImputer', 'n_neighbors': 938, 'weights': 'uniform'}. Best is trial 70 with value: 0.13549090462623195.
running
[I 2024-09-25 09:11:18,589] Trial 149 finished with value: 0.14000336507734945 and parameters: {'model_name': 'KNNImputer', 'n_neighbors': 1626, 'weights': 'uniform'}. Best is trial 70 with value: 0.13549090462623195.
running
[I 2024-09-25 09:11:27,939] Trial 150 finished with value: 0.14258114750722045 and parameters: {'model_name': 'KNNImputer', 'n_neighbors': 4966, 'weights': 'uniform'}. Best is trial 70 with value: 0.13549090462623195.
running
[I 2024-09-25 09:12:04,945] Trial 151 finished with value: 0.15008205627955612 and parameters: {'model_name': 'IterativeImputer', 'estimator': 'KNN', 'initial_strategy': 'most_frequent', 'n_nearest_features': 7, 'imputation_order': 'ascending'}. Best is trial 70 with value: 0.13549090462623195.
running
[I 2024-09-25 09:12:12,401] Trial 152 finished with value: 0.13738716369087547 and parameters: {'model_name': 'KNNImputer', 'n_neighbors': 417, 'weights': 'uniform'}. Best is trial 70 with value: 0.13549090462623195.
running
[I 2024-09-25 09:12:21,116] Trial 153 finished with value: 0.14551841878915767 and parameters: {'model_name': 'KNNImputer', 'n_neighbors': 15373, 'weights': 'uniform'}. Best is trial 70 with value: 0.13549090462623195.
running
[I 2024-09-25 09:12:29,175] Trial 154 finished with value: 0.1389757296603094 and parameters: {'model_name': 'KNNImputer', 'n_neighbors': 1049, 'weights': 'uniform'}. Best is trial 70 with value: 0.13549090462623195.
running
[I 2024-09-25 09:12:36,912] Trial 155 finished with value: 0.1371082733041524 and parameters: {'model_name': 'KNNImputer', 'n_neighbors': 346, 'weights': 'uniform'}. Best is trial 70 with value: 0.13549090462623195.
running
[I 2024-09-25 09:12:44,116] Trial 156 finished with value: 0.13549090462623195 and parameters: {'model_name': 'KNNImputer', 'n_neighbors': 60, 'weights': 'uniform'}. Best is trial 70 with value: 0.13549090462623195.
running
[I 2024-09-25 09:12:51,302] Trial 157 finished with value: 0.1359277349128388 and parameters: {'model_name': 'KNNImputer', 'n_neighbors': 33, 'weights': 'uniform'}. Best is trial 70 with value: 0.13549090462623195.
running
[I 2024-09-25 09:12:58,359] Trial 158 finished with value: 0.13552378317025573 and parameters: {'model_name': 'KNNImputer', 'n_neighbors': 54, 'weights': 'uniform'}. Best is trial 70 with value: 0.13549090462623195.
running
[I 2024-09-25 09:13:05,544] Trial 159 finished with value: 0.13559595865095964 and parameters: {'model_name': 'KNNImputer', 'n_neighbors': 47, 'weights': 'uniform'}. Best is trial 70 with value: 0.13549090462623195.
running
[I 2024-09-25 09:13:13,338] Trial 160 finished with value: 0.1385188817006817 and parameters: {'model_name': 'KNNImputer', 'n_neighbors': 826, 'weights': 'uniform'}. Best is trial 70 with value: 0.13549090462623195.
running
[I 2024-09-25 09:13:20,820] Trial 161 finished with value: 0.1375156939527858 and parameters: {'model_name': 'KNNImputer', 'n_neighbors': 489, 'weights': 'uniform'}. Best is trial 70 with value: 0.13549090462623195.
running
[I 2024-09-25 09:13:31,168] Trial 162 finished with value: 0.14221374456643934 and parameters: {'model_name': 'KNNImputer', 'n_neighbors': 2184, 'weights': 'distance'}. Best is trial 70 with value: 0.13549090462623195.
running
[I 2024-09-25 09:13:39,597] Trial 163 finished with value: 0.1398590418394561 and parameters: {'model_name': 'KNNImputer', 'n_neighbors': 1530, 'weights': 'uniform'}. Best is trial 70 with value: 0.13549090462623195.
running
[I 2024-09-25 09:13:47,128] Trial 164 finished with value: 0.13859949584563136 and parameters: {'model_name': 'KNNImputer', 'n_neighbors': 876, 'weights': 'uniform'}. Best is trial 70 with value: 0.13549090462623195.
running
[I 2024-09-25 09:13:53,503] Trial 165 finished with value: 0.14040582373180105 and parameters: {'model_name': 'KNNImputer', 'n_neighbors': 11, 'weights': 'uniform'}. Best is trial 70 with value: 0.13549090462623195.
running
[I 2024-09-25 09:14:01,033] Trial 166 finished with value: 0.13728802209269791 and parameters: {'model_name': 'KNNImputer', 'n_neighbors': 391, 'weights': 'uniform'}. Best is trial 70 with value: 0.13549090462623195.
running
[I 2024-09-25 09:14:07,610] Trial 167 finished with value: 0.13810030482539484 and parameters: {'model_name': 'KNNImputer', 'n_neighbors': 17, 'weights': 'uniform'}. Best is trial 70 with value: 0.13549090462623195.
running
[I 2024-09-25 09:14:15,338] Trial 168 finished with value: 0.13728675517681857 and parameters: {'model_name': 'KNNImputer', 'n_neighbors': 386, 'weights': 'uniform'}. Best is trial 70 with value: 0.13549090462623195.
running
[I 2024-09-25 09:14:23,642] Trial 169 finished with value: 0.1392625134651272 and parameters: {'model_name': 'KNNImputer', 'n_neighbors': 1190, 'weights': 'uniform'}. Best is trial 70 with value: 0.13549090462623195.
running
[I 2024-09-25 09:14:31,237] Trial 170 finished with value: 0.13831082042330295 and parameters: {'model_name': 'KNNImputer', 'n_neighbors': 737, 'weights': 'uniform'}. Best is trial 70 with value: 0.13549090462623195.
running
[I 2024-09-25 09:14:38,778] Trial 171 finished with value: 0.13708005883702815 and parameters: {'model_name': 'KNNImputer', 'n_neighbors': 341, 'weights': 'uniform'}. Best is trial 70 with value: 0.13549090462623195.
running
[I 2024-09-25 09:18:35,003] Trial 58 finished with value: 0.20812535627503634 and parameters: {'model_name': 'VAE', 'batch_size': 1, 'iterations': 7724, 'learning_rate': 0.00012248004434472622, 'p_miss': 0.013874448188926108}. Best is trial 70 with value: 0.13549090462623195.
running
[I 2024-09-25 09:18:43,065] Trial 173 finished with value: 0.13861414330827676 and parameters: {'model_name': 'KNNImputer', 'n_neighbors': 882, 'weights': 'uniform'}. Best is trial 70 with value: 0.13549090462623195.
running
[I 2024-09-25 09:18:50,797] Trial 75 finished with value: 0.42014642196270324 and parameters: {'model_name': 'GAIN', 'batch_size': 215, 'hint_rate': 0.6916801728399058, 'alpha': 47, 'iterations': 1204, 'learning_rate': 0.09946270853889906, 'p_miss': 0.23164561633288394}. Best is trial 70 with value: 0.13549090462623195.
running
[I 2024-09-25 09:18:52,353] Trial 174 finished with value: 0.13981127323277973 and parameters: {'model_name': 'KNNImputer', 'n_neighbors': 1490, 'weights': 'uniform'}. Best is trial 70 with value: 0.13549090462623195.
running
[I 2024-09-25 09:18:59,752] Trial 175 finished with value: 0.14040582373180105 and parameters: {'model_name': 'KNNImputer', 'n_neighbors': 11, 'weights': 'uniform'}. Best is trial 70 with value: 0.13549090462623195.
running
[I 2024-09-25 09:19:01,110] Trial 176 finished with value: 0.13618849357071355 and parameters: {'model_name': 'KNNImputer', 'n_neighbors': 27, 'weights': 'uniform'}. Best is trial 70 with value: 0.13549090462623195.
running
[I 2024-09-25 09:19:09,582] Trial 177 finished with value: 0.13709564769389335 and parameters: {'model_name': 'KNNImputer', 'n_neighbors': 342, 'weights': 'uniform'}. Best is trial 70 with value: 0.13549090462623195.
running
[I 2024-09-25 09:19:11,915] Trial 178 finished with value: 0.13797272595631882 and parameters: {'model_name': 'KNNImputer', 'n_neighbors': 616, 'weights': 'uniform'}. Best is trial 70 with value: 0.13549090462623195.
running
[I 2024-09-25 09:19:20,208] Trial 179 finished with value: 0.13836574660996634 and parameters: {'model_name': 'KNNImputer', 'n_neighbors': 760, 'weights': 'uniform'}. Best is trial 70 with value: 0.13549090462623195.
running
[I 2024-09-25 09:19:20,844] Trial 181 finished with value: 0.3928489974906596 and parameters: {'model_name': 'SimpleImputer', 'strategy': 'constant'}. Best is trial 70 with value: 0.13549090462623195.
running
[I 2024-09-25 09:19:23,142] Trial 180 finished with value: 0.13919255536858338 and parameters: {'model_name': 'KNNImputer', 'n_neighbors': 1153, 'weights': 'uniform'}. Best is trial 70 with value: 0.13549090462623195.
running
[I 2024-09-25 09:19:31,299] Trial 182 finished with value: 0.1393331091487099 and parameters: {'model_name': 'KNNImputer', 'n_neighbors': 1229, 'weights': 'uniform'}. Best is trial 70 with value: 0.13549090462623195.
running
[I 2024-09-25 09:19:40,964] Trial 183 finished with value: 0.1429375155200451 and parameters: {'model_name': 'IterativeImputer', 'estimator': 'Ridge', 'initial_strategy': 'most_frequent', 'n_nearest_features': 3, 'imputation_order': 'roman'}. Best is trial 70 with value: 0.13549090462623195.
running
[I 2024-09-25 09:19:55,066] Trial 185 finished with value: 0.14021845758232948 and parameters: {'model_name': 'KNNImputer', 'n_neighbors': 370, 'weights': 'distance'}. Best is trial 70 with value: 0.13549090462623195.
running
[I 2024-09-25 09:20:06,158] Trial 186 finished with value: 0.13700349179229881 and parameters: {'model_name': 'KNNImputer', 'n_neighbors': 309, 'weights': 'uniform'}. Best is trial 70 with value: 0.13549090462623195.
running
[I 2024-09-25 09:20:18,334] Trial 187 finished with value: 0.1383648374619872 and parameters: {'model_name': 'KNNImputer', 'n_neighbors': 15, 'weights': 'uniform'}. Best is trial 70 with value: 0.13549090462623195.
running
[I 2024-09-25 09:20:23,358] Trial 184 finished with value: 0.14219729279082913 and parameters: {'model_name': 'IterativeImputer', 'estimator': 'Bayesian', 'initial_strategy': 'most_frequent', 'n_nearest_features': 6, 'imputation_order': 'roman', 'sample_posterior': False}. Best is trial 70 with value: 0.13549090462623195.
running
[I 2024-09-25 09:20:28,812] Trial 188 finished with value: 0.13825496762716102 and parameters: {'model_name': 'KNNImputer', 'n_neighbors': 718, 'weights': 'uniform'}. Best is trial 70 with value: 0.13549090462623195.
running
[I 2024-09-25 09:20:35,128] Trial 189 finished with value: 0.1434585463677393 and parameters: {'model_name': 'KNNImputer', 'n_neighbors': 6558, 'weights': 'uniform'}. Best is trial 70 with value: 0.13549090462623195.
running
[I 2024-09-25 09:20:38,032] Trial 190 finished with value: 0.13712649000365165 and parameters: {'model_name': 'KNNImputer', 'n_neighbors': 349, 'weights': 'uniform'}. Best is trial 70 with value: 0.13549090462623195.
running
[I 2024-09-25 09:20:46,300] Trial 191 finished with value: 0.30487888998655305 and parameters: {'model_name': 'VAE', 'batch_size': 35, 'iterations': 2, 'learning_rate': 0.01711371365584112, 'p_miss': 0.21246538192812034}. Best is trial 70 with value: 0.13549090462623195.
running
[I 2024-09-25 09:20:49,225] Trial 192 finished with value: 0.3308400286674361 and parameters: {'model_name': 'VAE', 'batch_size': 33, 'iterations': 2, 'learning_rate': 0.004715921865122196, 'p_miss': 0.21343477629665336}. Best is trial 70 with value: 0.13549090462623195.
running
[I 2024-09-25 09:20:55,911] Trial 193 finished with value: 0.13811691647304386 and parameters: {'model_name': 'KNNImputer', 'n_neighbors': 666, 'weights': 'uniform'}. Best is trial 70 with value: 0.13549090462623195.
running
[I 2024-09-25 09:20:57,082] Trial 194 finished with value: 0.13922237563290518 and parameters: {'model_name': 'KNNImputer', 'n_neighbors': 13, 'weights': 'uniform'}. Best is trial 70 with value: 0.13549090462623195.
running
[I 2024-09-25 09:21:04,869] Trial 195 finished with value: 0.13684746373805554 and parameters: {'model_name': 'KNNImputer', 'n_neighbors': 283, 'weights': 'uniform'}. Best is trial 70 with value: 0.13549090462623195.
running
[I 2024-09-25 09:21:09,576] Trial 196 finished with value: 0.14480393327222757 and parameters: {'model_name': 'KNNImputer', 'n_neighbors': 9550, 'weights': 'uniform'}. Best is trial 70 with value: 0.13549090462623195.
running
[I 2024-09-25 09:21:14,978] Trial 197 finished with value: 0.13861790333901106 and parameters: {'model_name': 'KNNImputer', 'n_neighbors': 891, 'weights': 'uniform'}. Best is trial 70 with value: 0.13549090462623195.
running
[I 2024-09-25 09:21:18,076] Trial 198 finished with value: 0.1387352805265592 and parameters: {'model_name': 'KNNImputer', 'n_neighbors': 941, 'weights': 'uniform'}. Best is trial 70 with value: 0.13549090462623195.
[I 2024-09-25 09:21:21,508] Trial 199 finished with value: 0.16388805645159404 and parameters: {'model_name': 'KNNImputer', 'n_neighbors': 3, 'weights': 'uniform'}. Best is trial 70 with value: 0.13549090462623195.
[I 2024-09-25 09:31:15,337] Trial 33 finished with value: 0.20820748039305811 and parameters: {'model_name': 'VAE', 'batch_size': 1, 'iterations': 8071, 'learning_rate': 0.00010749948643217307, 'p_miss': 0.01612123729831283}. Best is trial 70 with value: 0.13549090462623195.
[I 2024-09-25 09:36:37,992] Trial 61 finished with value: 0.16037266829549232 and parameters: {'model_name': 'VAE', 'batch_size': 2, 'iterations': 5691, 'learning_rate': 0.00013414694537518837, 'p_miss': 0.299982057947052}. Best is trial 70 with value: 0.13549090462623195.
[I 2024-09-25 09:36:40,256] Trial 57 finished with value: 0.2221497515079137 and parameters: {'model_name': 'VAE', 'batch_size': 1, 'iterations': 6746, 'learning_rate': 0.00014569099313270883, 'p_miss': 0.2913333104581231}. Best is trial 70 with value: 0.13549090462623195.
[I 2024-09-25 09:38:20,155] Trial 25 finished with value: 0.2058823056268889 and parameters: {'model_name': 'VAE', 'batch_size': 1, 'iterations': 8262, 'learning_rate': 0.00010086480757558375, 'p_miss': 0.27268673158204393}. Best is trial 70 with value: 0.13549090462623195.
[I 2024-09-25 09:38:20,538] Trial 44 finished with value: 0.1999083123451289 and parameters: {'model_name': 'VAE', 'batch_size': 1, 'iterations': 9266, 'learning_rate': 0.00012312426980741665, 'p_miss': 0.01825316816761316}. Best is trial 70 with value: 0.13549090462623195.
[I 2024-09-25 09:38:47,641] Trial 53 finished with value: 0.20416039577288642 and parameters: {'model_name': 'VAE', 'batch_size': 1, 'iterations': 8466, 'learning_rate': 0.00012897371223986482, 'p_miss': 0.03136557887477555}. Best is trial 70 with value: 0.13549090462623195.
[I 2024-09-25 09:45:28,246] Trial 26 finished with value: 0.22527540035051669 and parameters: {'model_name': 'VAE', 'batch_size': 1, 'iterations': 8768, 'learning_rate': 0.00010551832231134173, 'p_miss': 0.286932318723525}. Best is trial 70 with value: 0.13549090462623195.
[I 2024-09-25 09:45:57,754] Trial 172 finished with value: 0.15354193365128288 and parameters: {'model_name': 'VAE', 'batch_size': 39, 'iterations': 963, 'learning_rate': 0.01841039582378154, 'p_miss': 0.21294942482679824}. Best is trial 70 with value: 0.13549090462623195.
[I 2024-09-25 09:48:04,784] Trial 62 finished with value: 0.23189326225464962 and parameters: {'model_name': 'VAE', 'batch_size': 1, 'iterations': 6933, 'learning_rate': 0.00015791687418111549, 'p_miss': 0.2974681477177467}. Best is trial 70 with value: 0.13549090462623195.
[I 2024-09-25 09:48:43,789] Trial 34 finished with value: 0.20748872815537975 and parameters: {'model_name': 'VAE', 'batch_size': 1, 'iterations': 9545, 'learning_rate': 0.00010804886005274498, 'p_miss': 0.022489170519181534}. Best is trial 70 with value: 0.13549090462623195.
[I 2024-09-25 09:50:23,432] Trial 55 finished with value: 0.21040638287651184 and parameters: {'model_name': 'VAE', 'batch_size': 1, 'iterations': 9519, 'learning_rate': 0.00013850911139059029, 'p_miss': 0.02091324857075677}. Best is trial 70 with value: 0.13549090462623195.
[I 2024-09-25 09:50:33,650] Trial 144 finished with value: 0.15352755900553397 and parameters: {'model_name': 'VAE', 'batch_size': 40, 'iterations': 1654, 'learning_rate': 0.0002814409021428006, 'p_miss': 0.12553043320530952}. Best is trial 70 with value: 0.13549090462623195.
[I 2024-09-25 09:52:10,950] Trial 142 finished with value: 0.15103954965110988 and parameters: {'model_name': 'VAE', 'batch_size': 898, 'iterations': 1747, 'learning_rate': 0.016847190508905062, 'p_miss': 0.12586802028910807}. Best is trial 70 with value: 0.13549090462623195.
[I 2024-09-25 09:52:31,728] Trial 65 finished with value: 0.20949099274546815 and parameters: {'model_name': 'VAE', 'batch_size': 1, 'iterations': 6707, 'learning_rate': 0.0008403490357897001, 'p_miss': 0.02093214517299824}. Best is trial 70 with value: 0.13549090462623195.
fit
auto fit
auto transform
0    0
1    0
2    0
3    0
4    0
5    0
6    0
7    0
dtype: int64
0    0
1    0
2    0
3    0
4    0
5    0
6    0
7    0
dtype: int64
0.13549090462623195
{'model_name': 'KNNImputer', 'n_neighbors': 60, 'weights': 'uniform'}
running experiment 2/3 - Does reconstruction give good automl predictions
Start est fit
Version 0.1.7a0 of tpot2 is outdated. Version 0.1.8a0 was released 7 days ago.
Version 0.1.7a0 of tpot2 is outdated. Version 0.1.8a0 was released 7 days ago.
Version 0.1.7a0 of tpot2 is outdated. Version 0.1.8a0 was released 7 days ago.
Version 0.1.7a0 of tpot2 is outdated. Version 0.1.8a0 was released 7 days ago.
Version 0.1.7a0 of tpot2 is outdated. Version 0.1.8a0 was released 7 days ago.
Version 0.1.7a0 of tpot2 is outdated. Version 0.1.8a0 was released 7 days ago.
Version 0.1.7a0 of tpot2 is outdated. Version 0.1.8a0 was released 7 days ago.
Version 0.1.7a0 of tpot2 is outdated. Version 0.1.8a0 was released 7 days ago.
Version 0.1.7a0 of tpot2 is outdated. Version 0.1.8a0 was released 7 days ago.
Version 0.1.7a0 of tpot2 is outdated. Version 0.1.8a0 was released 7 days ago.
Version 0.1.7a0 of tpot2 is outdated. Version 0.1.8a0 was released 7 days ago.
Version 0.1.7a0 of tpot2 is outdated. Version 0.1.8a0 was released 7 days ago.
Version 0.1.7a0 of tpot2 is outdated. Version 0.1.8a0 was released 7 days ago.
Version 0.1.7a0 of tpot2 is outdated. Version 0.1.8a0 was released 7 days ago.
Version 0.1.7a0 of tpot2 is outdated. Version 0.1.8a0 was released 7 days ago.
Version 0.1.7a0 of tpot2 is outdated. Version 0.1.8a0 was released 7 days ago.
  0%|          | 0/25 [00:00<?, ?it/s]Generation:   0%|          | 0/25 [00:00<?, ?it/s]WARNING THIS INDIVIDUAL CAUSED AND EXCEPTION 
 <tpot2.search_spaces.pipelines.sequential.SequentialPipelineIndividual object at 0x155474cd4ca0> 
 The 'criterion' parameter of DecisionTreeRegressor must be a str among {'friedman_mse', 'poisson', 'absolute_error', 'squared_error'}. Got 'mae' instead. 
 Traceback (most recent call last):
  File "/common/ketrong/tpotexp/tpot2/tpot2/utils/eval_utils.py", line 53, in objective_nan_wrapper
    value = func_timeout.func_timeout(timeout, objective_function, args=[individual], kwargs=objective_kwargs)
  File "/common/ketrong/tpotexp/env/lib/python3.10/site-packages/func_timeout/dafunc.py", line 108, in func_timeout
    raise_exception(exception)
  File "/common/ketrong/tpotexp/env/lib/python3.10/site-packages/func_timeout/py3_raise.py", line 7, in raise_exception
    raise exception[0] from None
  File "/common/ketrong/tpotexp/tpot2/tpot2/tpot_estimator/estimator.py", line 623, in objective_function
    return objective_function_generator(
  File "/common/ketrong/tpotexp/tpot2/tpot2/tpot_estimator/estimator_utils.py", line 55, in objective_function_generator
    cv_obj_scores = cross_val_score_objective(sklearn.base.clone(pipeline),x,y,scorers=scorers, cv=cv , fold=step)
  File "/common/ketrong/tpotexp/tpot2/tpot2/tpot_estimator/cross_val_utils.py", line 28, in cross_val_score_objective
    this_fold_pipeline.fit(X_train,y_train)
  File "/common/ketrong/tpotexp/env/lib/python3.10/site-packages/sklearn/base.py", line 1473, in wrapper
    return fit_method(estimator, *args, **kwargs)
  File "/common/ketrong/tpotexp/env/lib/python3.10/site-packages/sklearn/pipeline.py", line 473, in fit
    self._final_estimator.fit(Xt, y, **last_step_params["fit"])
  File "/common/ketrong/tpotexp/env/lib/python3.10/site-packages/sklearn/base.py", line 1466, in wrapper
    estimator._validate_params()
  File "/common/ketrong/tpotexp/env/lib/python3.10/site-packages/sklearn/base.py", line 666, in _validate_params
    validate_parameter_constraints(
  File "/common/ketrong/tpotexp/env/lib/python3.10/site-packages/sklearn/utils/_param_validation.py", line 95, in validate_parameter_constraints
    raise InvalidParameterError(
sklearn.utils._param_validation.InvalidParameterError: The 'criterion' parameter of DecisionTreeRegressor must be a str among {'friedman_mse', 'poisson', 'absolute_error', 'squared_error'}. Got 'mae' instead.

WARNING THIS INDIVIDUAL CAUSED AND EXCEPTION 
 <tpot2.search_spaces.pipelines.sequential.SequentialPipelineIndividual object at 0x15547470dc30> 
 The 'criterion' parameter of DecisionTreeRegressor must be a str among {'friedman_mse', 'poisson', 'absolute_error', 'squared_error'}. Got 'mae' instead. 
 Traceback (most recent call last):
  File "/common/ketrong/tpotexp/tpot2/tpot2/utils/eval_utils.py", line 53, in objective_nan_wrapper
    value = func_timeout.func_timeout(timeout, objective_function, args=[individual], kwargs=objective_kwargs)
  File "/common/ketrong/tpotexp/env/lib/python3.10/site-packages/func_timeout/dafunc.py", line 108, in func_timeout
    raise_exception(exception)
  File "/common/ketrong/tpotexp/env/lib/python3.10/site-packages/func_timeout/py3_raise.py", line 7, in raise_exception
    raise exception[0] from None
  File "/common/ketrong/tpotexp/tpot2/tpot2/tpot_estimator/estimator.py", line 623, in objective_function
    return objective_function_generator(
  File "/common/ketrong/tpotexp/tpot2/tpot2/tpot_estimator/estimator_utils.py", line 55, in objective_function_generator
    cv_obj_scores = cross_val_score_objective(sklearn.base.clone(pipeline),x,y,scorers=scorers, cv=cv , fold=step)
  File "/common/ketrong/tpotexp/tpot2/tpot2/tpot_estimator/cross_val_utils.py", line 28, in cross_val_score_objective
    this_fold_pipeline.fit(X_train,y_train)
  File "/common/ketrong/tpotexp/env/lib/python3.10/site-packages/sklearn/base.py", line 1473, in wrapper
    return fit_method(estimator, *args, **kwargs)
  File "/common/ketrong/tpotexp/env/lib/python3.10/site-packages/sklearn/pipeline.py", line 473, in fit
    self._final_estimator.fit(Xt, y, **last_step_params["fit"])
  File "/common/ketrong/tpotexp/env/lib/python3.10/site-packages/sklearn/base.py", line 1466, in wrapper
    estimator._validate_params()
  File "/common/ketrong/tpotexp/env/lib/python3.10/site-packages/sklearn/base.py", line 666, in _validate_params
    validate_parameter_constraints(
  File "/common/ketrong/tpotexp/env/lib/python3.10/site-packages/sklearn/utils/_param_validation.py", line 95, in validate_parameter_constraints
    raise InvalidParameterError(
sklearn.utils._param_validation.InvalidParameterError: The 'criterion' parameter of DecisionTreeRegressor must be a str among {'friedman_mse', 'poisson', 'absolute_error', 'squared_error'}. Got 'mae' instead.

WARNING THIS INDIVIDUAL CAUSED AND EXCEPTION 
 <tpot2.search_spaces.pipelines.sequential.SequentialPipelineIndividual object at 0x155474cd4940> 
 The 'criterion' parameter of DecisionTreeRegressor must be a str among {'friedman_mse', 'poisson', 'absolute_error', 'squared_error'}. Got 'mae' instead. 
 Traceback (most recent call last):
  File "/common/ketrong/tpotexp/tpot2/tpot2/utils/eval_utils.py", line 53, in objective_nan_wrapper
    value = func_timeout.func_timeout(timeout, objective_function, args=[individual], kwargs=objective_kwargs)
  File "/common/ketrong/tpotexp/env/lib/python3.10/site-packages/func_timeout/dafunc.py", line 108, in func_timeout
    raise_exception(exception)
  File "/common/ketrong/tpotexp/env/lib/python3.10/site-packages/func_timeout/py3_raise.py", line 7, in raise_exception
    raise exception[0] from None
  File "/common/ketrong/tpotexp/tpot2/tpot2/tpot_estimator/estimator.py", line 623, in objective_function
    return objective_function_generator(
  File "/common/ketrong/tpotexp/tpot2/tpot2/tpot_estimator/estimator_utils.py", line 55, in objective_function_generator
    cv_obj_scores = cross_val_score_objective(sklearn.base.clone(pipeline),x,y,scorers=scorers, cv=cv , fold=step)
  File "/common/ketrong/tpotexp/tpot2/tpot2/tpot_estimator/cross_val_utils.py", line 28, in cross_val_score_objective
    this_fold_pipeline.fit(X_train,y_train)
  File "/common/ketrong/tpotexp/env/lib/python3.10/site-packages/sklearn/base.py", line 1473, in wrapper
    return fit_method(estimator, *args, **kwargs)
  File "/common/ketrong/tpotexp/env/lib/python3.10/site-packages/sklearn/pipeline.py", line 473, in fit
    self._final_estimator.fit(Xt, y, **last_step_params["fit"])
  File "/common/ketrong/tpotexp/env/lib/python3.10/site-packages/sklearn/base.py", line 1466, in wrapper
    estimator._validate_params()
  File "/common/ketrong/tpotexp/env/lib/python3.10/site-packages/sklearn/base.py", line 666, in _validate_params
    validate_parameter_constraints(
  File "/common/ketrong/tpotexp/env/lib/python3.10/site-packages/sklearn/utils/_param_validation.py", line 95, in validate_parameter_constraints
    raise InvalidParameterError(
sklearn.utils._param_validation.InvalidParameterError: The 'criterion' parameter of DecisionTreeRegressor must be a str among {'friedman_mse', 'poisson', 'absolute_error', 'squared_error'}. Got 'mae' instead.

WARNING THIS INDIVIDUAL CAUSED AND EXCEPTION 
 <tpot2.search_spaces.pipelines.sequential.SequentialPipelineIndividual object at 0x155474d16350> 
 The 'criterion' parameter of ExtraTreesRegressor must be a str among {'friedman_mse', 'poisson', 'absolute_error', 'squared_error'}. Got 'mae' instead. 
 Traceback (most recent call last):
  File "/common/ketrong/tpotexp/tpot2/tpot2/utils/eval_utils.py", line 53, in objective_nan_wrapper
    value = func_timeout.func_timeout(timeout, objective_function, args=[individual], kwargs=objective_kwargs)
  File "/common/ketrong/tpotexp/env/lib/python3.10/site-packages/func_timeout/dafunc.py", line 108, in func_timeout
    raise_exception(exception)
  File "/common/ketrong/tpotexp/env/lib/python3.10/site-packages/func_timeout/py3_raise.py", line 7, in raise_exception
    raise exception[0] from None
  File "/common/ketrong/tpotexp/tpot2/tpot2/tpot_estimator/estimator.py", line 623, in objective_function
    return objective_function_generator(
  File "/common/ketrong/tpotexp/tpot2/tpot2/tpot_estimator/estimator_utils.py", line 55, in objective_function_generator
    cv_obj_scores = cross_val_score_objective(sklearn.base.clone(pipeline),x,y,scorers=scorers, cv=cv , fold=step)
  File "/common/ketrong/tpotexp/tpot2/tpot2/tpot_estimator/cross_val_utils.py", line 28, in cross_val_score_objective
    this_fold_pipeline.fit(X_train,y_train)
  File "/common/ketrong/tpotexp/env/lib/python3.10/site-packages/sklearn/base.py", line 1473, in wrapper
    return fit_method(estimator, *args, **kwargs)
  File "/common/ketrong/tpotexp/env/lib/python3.10/site-packages/sklearn/pipeline.py", line 473, in fit
    self._final_estimator.fit(Xt, y, **last_step_params["fit"])
  File "/common/ketrong/tpotexp/env/lib/python3.10/site-packages/sklearn/base.py", line 1466, in wrapper
    estimator._validate_params()
  File "/common/ketrong/tpotexp/env/lib/python3.10/site-packages/sklearn/base.py", line 666, in _validate_params
    validate_parameter_constraints(
  File "/common/ketrong/tpotexp/env/lib/python3.10/site-packages/sklearn/utils/_param_validation.py", line 95, in validate_parameter_constraints
    raise InvalidParameterError(
sklearn.utils._param_validation.InvalidParameterError: The 'criterion' parameter of ExtraTreesRegressor must be a str among {'friedman_mse', 'poisson', 'absolute_error', 'squared_error'}. Got 'mae' instead.

Generation:  1
Best root_mean_squared_error score: -32766.502954825748
Generation:   4%|         | 1/25 [01:50<44:22, 110.92s/it]WARNING THIS INDIVIDUAL CAUSED AND EXCEPTION 
 <tpot2.search_spaces.pipelines.sequential.SequentialPipelineIndividual object at 0x155474d4e710> 
 The 'criterion' parameter of RandomForestRegressor must be a str among {'friedman_mse', 'poisson', 'absolute_error', 'squared_error'}. Got 'mae' instead. 
 Traceback (most recent call last):
  File "/common/ketrong/tpotexp/tpot2/tpot2/utils/eval_utils.py", line 53, in objective_nan_wrapper
    value = func_timeout.func_timeout(timeout, objective_function, args=[individual], kwargs=objective_kwargs)
  File "/common/ketrong/tpotexp/env/lib/python3.10/site-packages/func_timeout/dafunc.py", line 108, in func_timeout
    raise_exception(exception)
  File "/common/ketrong/tpotexp/env/lib/python3.10/site-packages/func_timeout/py3_raise.py", line 7, in raise_exception
    raise exception[0] from None
  File "/common/ketrong/tpotexp/tpot2/tpot2/tpot_estimator/estimator.py", line 623, in objective_function
    return objective_function_generator(
  File "/common/ketrong/tpotexp/tpot2/tpot2/tpot_estimator/estimator_utils.py", line 55, in objective_function_generator
    cv_obj_scores = cross_val_score_objective(sklearn.base.clone(pipeline),x,y,scorers=scorers, cv=cv , fold=step)
  File "/common/ketrong/tpotexp/tpot2/tpot2/tpot_estimator/cross_val_utils.py", line 28, in cross_val_score_objective
    this_fold_pipeline.fit(X_train,y_train)
  File "/common/ketrong/tpotexp/env/lib/python3.10/site-packages/sklearn/base.py", line 1473, in wrapper
    return fit_method(estimator, *args, **kwargs)
  File "/common/ketrong/tpotexp/env/lib/python3.10/site-packages/sklearn/pipeline.py", line 473, in fit
    self._final_estimator.fit(Xt, y, **last_step_params["fit"])
  File "/common/ketrong/tpotexp/env/lib/python3.10/site-packages/sklearn/base.py", line 1466, in wrapper
    estimator._validate_params()
  File "/common/ketrong/tpotexp/env/lib/python3.10/site-packages/sklearn/base.py", line 666, in _validate_params
    validate_parameter_constraints(
  File "/common/ketrong/tpotexp/env/lib/python3.10/site-packages/sklearn/utils/_param_validation.py", line 95, in validate_parameter_constraints
    raise InvalidParameterError(
sklearn.utils._param_validation.InvalidParameterError: The 'criterion' parameter of RandomForestRegressor must be a str among {'friedman_mse', 'poisson', 'absolute_error', 'squared_error'}. Got 'mae' instead.

Generation:  2
Best root_mean_squared_error score: -32532.78012965896
Generation:   8%|         | 2/25 [05:13<1:03:07, 164.67s/it]WARNING THIS INDIVIDUAL CAUSED AND EXCEPTION 
 <tpot2.search_spaces.pipelines.sequential.SequentialPipelineIndividual object at 0x155474d2f280> 
 The 'criterion' parameter of RandomForestRegressor must be a str among {'friedman_mse', 'poisson', 'absolute_error', 'squared_error'}. Got 'mse' instead. 
 Traceback (most recent call last):
  File "/common/ketrong/tpotexp/tpot2/tpot2/utils/eval_utils.py", line 53, in objective_nan_wrapper
    value = func_timeout.func_timeout(timeout, objective_function, args=[individual], kwargs=objective_kwargs)
  File "/common/ketrong/tpotexp/env/lib/python3.10/site-packages/func_timeout/dafunc.py", line 108, in func_timeout
    raise_exception(exception)
  File "/common/ketrong/tpotexp/env/lib/python3.10/site-packages/func_timeout/py3_raise.py", line 7, in raise_exception
    raise exception[0] from None
  File "/common/ketrong/tpotexp/tpot2/tpot2/tpot_estimator/estimator.py", line 623, in objective_function
    return objective_function_generator(
  File "/common/ketrong/tpotexp/tpot2/tpot2/tpot_estimator/estimator_utils.py", line 55, in objective_function_generator
    cv_obj_scores = cross_val_score_objective(sklearn.base.clone(pipeline),x,y,scorers=scorers, cv=cv , fold=step)
  File "/common/ketrong/tpotexp/tpot2/tpot2/tpot_estimator/cross_val_utils.py", line 28, in cross_val_score_objective
    this_fold_pipeline.fit(X_train,y_train)
  File "/common/ketrong/tpotexp/env/lib/python3.10/site-packages/sklearn/base.py", line 1473, in wrapper
    return fit_method(estimator, *args, **kwargs)
  File "/common/ketrong/tpotexp/env/lib/python3.10/site-packages/sklearn/pipeline.py", line 473, in fit
    self._final_estimator.fit(Xt, y, **last_step_params["fit"])
  File "/common/ketrong/tpotexp/env/lib/python3.10/site-packages/sklearn/base.py", line 1466, in wrapper
    estimator._validate_params()
  File "/common/ketrong/tpotexp/env/lib/python3.10/site-packages/sklearn/base.py", line 666, in _validate_params
    validate_parameter_constraints(
  File "/common/ketrong/tpotexp/env/lib/python3.10/site-packages/sklearn/utils/_param_validation.py", line 95, in validate_parameter_constraints
    raise InvalidParameterError(
sklearn.utils._param_validation.InvalidParameterError: The 'criterion' parameter of RandomForestRegressor must be a str among {'friedman_mse', 'poisson', 'absolute_error', 'squared_error'}. Got 'mse' instead.

WARNING AN INDIVIDUAL TIMED OUT: 
 <tpot2.search_spaces.pipelines.sequential.SequentialPipelineIndividual object at 0x155474d52860> 

Generation:  3
Best root_mean_squared_error score: -32487.102818650194
Generation:  12%|        | 3/25 [15:33<2:16:36, 372.58s/it]WARNING THIS INDIVIDUAL CAUSED AND EXCEPTION 
 <tpot2.search_spaces.pipelines.sequential.SequentialPipelineIndividual object at 0x155467a0fb80> 
 The 'criterion' parameter of RandomForestRegressor must be a str among {'friedman_mse', 'poisson', 'absolute_error', 'squared_error'}. Got 'mse' instead. 
 Traceback (most recent call last):
  File "/common/ketrong/tpotexp/tpot2/tpot2/utils/eval_utils.py", line 53, in objective_nan_wrapper
    value = func_timeout.func_timeout(timeout, objective_function, args=[individual], kwargs=objective_kwargs)
  File "/common/ketrong/tpotexp/env/lib/python3.10/site-packages/func_timeout/dafunc.py", line 108, in func_timeout
    raise_exception(exception)
  File "/common/ketrong/tpotexp/env/lib/python3.10/site-packages/func_timeout/py3_raise.py", line 7, in raise_exception
    raise exception[0] from None
  File "/common/ketrong/tpotexp/tpot2/tpot2/tpot_estimator/estimator.py", line 623, in objective_function
    return objective_function_generator(
  File "/common/ketrong/tpotexp/tpot2/tpot2/tpot_estimator/estimator_utils.py", line 55, in objective_function_generator
    cv_obj_scores = cross_val_score_objective(sklearn.base.clone(pipeline),x,y,scorers=scorers, cv=cv , fold=step)
  File "/common/ketrong/tpotexp/tpot2/tpot2/tpot_estimator/cross_val_utils.py", line 28, in cross_val_score_objective
    this_fold_pipeline.fit(X_train,y_train)
  File "/common/ketrong/tpotexp/env/lib/python3.10/site-packages/sklearn/base.py", line 1473, in wrapper
    return fit_method(estimator, *args, **kwargs)
  File "/common/ketrong/tpotexp/env/lib/python3.10/site-packages/sklearn/pipeline.py", line 473, in fit
    self._final_estimator.fit(Xt, y, **last_step_params["fit"])
  File "/common/ketrong/tpotexp/env/lib/python3.10/site-packages/sklearn/base.py", line 1466, in wrapper
    estimator._validate_params()
  File "/common/ketrong/tpotexp/env/lib/python3.10/site-packages/sklearn/base.py", line 666, in _validate_params
    validate_parameter_constraints(
  File "/common/ketrong/tpotexp/env/lib/python3.10/site-packages/sklearn/utils/_param_validation.py", line 95, in validate_parameter_constraints
    raise InvalidParameterError(
sklearn.utils._param_validation.InvalidParameterError: The 'criterion' parameter of RandomForestRegressor must be a str among {'friedman_mse', 'poisson', 'absolute_error', 'squared_error'}. Got 'mse' instead.

WARNING THIS INDIVIDUAL CAUSED AND EXCEPTION 
 <tpot2.search_spaces.pipelines.sequential.SequentialPipelineIndividual object at 0x155474d14130> 
 The 'criterion' parameter of ExtraTreesRegressor must be a str among {'friedman_mse', 'poisson', 'absolute_error', 'squared_error'}. Got 'mae' instead. 
 Traceback (most recent call last):
  File "/common/ketrong/tpotexp/tpot2/tpot2/utils/eval_utils.py", line 53, in objective_nan_wrapper
    value = func_timeout.func_timeout(timeout, objective_function, args=[individual], kwargs=objective_kwargs)
  File "/common/ketrong/tpotexp/env/lib/python3.10/site-packages/func_timeout/dafunc.py", line 108, in func_timeout
    raise_exception(exception)
  File "/common/ketrong/tpotexp/env/lib/python3.10/site-packages/func_timeout/py3_raise.py", line 7, in raise_exception
    raise exception[0] from None
  File "/common/ketrong/tpotexp/tpot2/tpot2/tpot_estimator/estimator.py", line 623, in objective_function
    return objective_function_generator(
  File "/common/ketrong/tpotexp/tpot2/tpot2/tpot_estimator/estimator_utils.py", line 55, in objective_function_generator
    cv_obj_scores = cross_val_score_objective(sklearn.base.clone(pipeline),x,y,scorers=scorers, cv=cv , fold=step)
  File "/common/ketrong/tpotexp/tpot2/tpot2/tpot_estimator/cross_val_utils.py", line 28, in cross_val_score_objective
    this_fold_pipeline.fit(X_train,y_train)
  File "/common/ketrong/tpotexp/env/lib/python3.10/site-packages/sklearn/base.py", line 1473, in wrapper
    return fit_method(estimator, *args, **kwargs)
  File "/common/ketrong/tpotexp/env/lib/python3.10/site-packages/sklearn/pipeline.py", line 473, in fit
    self._final_estimator.fit(Xt, y, **last_step_params["fit"])
  File "/common/ketrong/tpotexp/env/lib/python3.10/site-packages/sklearn/base.py", line 1466, in wrapper
    estimator._validate_params()
  File "/common/ketrong/tpotexp/env/lib/python3.10/site-packages/sklearn/base.py", line 666, in _validate_params
    validate_parameter_constraints(
  File "/common/ketrong/tpotexp/env/lib/python3.10/site-packages/sklearn/utils/_param_validation.py", line 95, in validate_parameter_constraints
    raise InvalidParameterError(
sklearn.utils._param_validation.InvalidParameterError: The 'criterion' parameter of ExtraTreesRegressor must be a str among {'friedman_mse', 'poisson', 'absolute_error', 'squared_error'}. Got 'mae' instead.

WARNING THIS INDIVIDUAL CAUSED AND EXCEPTION 
 <tpot2.search_spaces.pipelines.sequential.SequentialPipelineIndividual object at 0x155474cd6ce0> 
 The 'criterion' parameter of RandomForestRegressor must be a str among {'friedman_mse', 'poisson', 'absolute_error', 'squared_error'}. Got 'mae' instead. 
 Traceback (most recent call last):
  File "/common/ketrong/tpotexp/tpot2/tpot2/utils/eval_utils.py", line 53, in objective_nan_wrapper
    value = func_timeout.func_timeout(timeout, objective_function, args=[individual], kwargs=objective_kwargs)
  File "/common/ketrong/tpotexp/env/lib/python3.10/site-packages/func_timeout/dafunc.py", line 108, in func_timeout
    raise_exception(exception)
  File "/common/ketrong/tpotexp/env/lib/python3.10/site-packages/func_timeout/py3_raise.py", line 7, in raise_exception
    raise exception[0] from None
  File "/common/ketrong/tpotexp/tpot2/tpot2/tpot_estimator/estimator.py", line 623, in objective_function
    return objective_function_generator(
  File "/common/ketrong/tpotexp/tpot2/tpot2/tpot_estimator/estimator_utils.py", line 55, in objective_function_generator
    cv_obj_scores = cross_val_score_objective(sklearn.base.clone(pipeline),x,y,scorers=scorers, cv=cv , fold=step)
  File "/common/ketrong/tpotexp/tpot2/tpot2/tpot_estimator/cross_val_utils.py", line 28, in cross_val_score_objective
    this_fold_pipeline.fit(X_train,y_train)
  File "/common/ketrong/tpotexp/env/lib/python3.10/site-packages/sklearn/base.py", line 1473, in wrapper
    return fit_method(estimator, *args, **kwargs)
  File "/common/ketrong/tpotexp/env/lib/python3.10/site-packages/sklearn/pipeline.py", line 473, in fit
    self._final_estimator.fit(Xt, y, **last_step_params["fit"])
  File "/common/ketrong/tpotexp/env/lib/python3.10/site-packages/sklearn/base.py", line 1466, in wrapper
    estimator._validate_params()
  File "/common/ketrong/tpotexp/env/lib/python3.10/site-packages/sklearn/base.py", line 666, in _validate_params
    validate_parameter_constraints(
  File "/common/ketrong/tpotexp/env/lib/python3.10/site-packages/sklearn/utils/_param_validation.py", line 95, in validate_parameter_constraints
    raise InvalidParameterError(
sklearn.utils._param_validation.InvalidParameterError: The 'criterion' parameter of RandomForestRegressor must be a str among {'friedman_mse', 'poisson', 'absolute_error', 'squared_error'}. Got 'mae' instead.

WARNING THIS INDIVIDUAL CAUSED AND EXCEPTION 
 <tpot2.search_spaces.pipelines.sequential.SequentialPipelineIndividual object at 0x1554746f53f0> 
 The 'criterion' parameter of ExtraTreesRegressor must be a str among {'friedman_mse', 'poisson', 'absolute_error', 'squared_error'}. Got 'mae' instead. 
 Traceback (most recent call last):
  File "/common/ketrong/tpotexp/tpot2/tpot2/utils/eval_utils.py", line 53, in objective_nan_wrapper
    value = func_timeout.func_timeout(timeout, objective_function, args=[individual], kwargs=objective_kwargs)
  File "/common/ketrong/tpotexp/env/lib/python3.10/site-packages/func_timeout/dafunc.py", line 108, in func_timeout
    raise_exception(exception)
  File "/common/ketrong/tpotexp/env/lib/python3.10/site-packages/func_timeout/py3_raise.py", line 7, in raise_exception
    raise exception[0] from None
  File "/common/ketrong/tpotexp/tpot2/tpot2/tpot_estimator/estimator.py", line 623, in objective_function
    return objective_function_generator(
  File "/common/ketrong/tpotexp/tpot2/tpot2/tpot_estimator/estimator_utils.py", line 55, in objective_function_generator
    cv_obj_scores = cross_val_score_objective(sklearn.base.clone(pipeline),x,y,scorers=scorers, cv=cv , fold=step)
  File "/common/ketrong/tpotexp/tpot2/tpot2/tpot_estimator/cross_val_utils.py", line 28, in cross_val_score_objective
    this_fold_pipeline.fit(X_train,y_train)
  File "/common/ketrong/tpotexp/env/lib/python3.10/site-packages/sklearn/base.py", line 1473, in wrapper
    return fit_method(estimator, *args, **kwargs)
  File "/common/ketrong/tpotexp/env/lib/python3.10/site-packages/sklearn/pipeline.py", line 473, in fit
    self._final_estimator.fit(Xt, y, **last_step_params["fit"])
  File "/common/ketrong/tpotexp/env/lib/python3.10/site-packages/sklearn/base.py", line 1466, in wrapper
    estimator._validate_params()
  File "/common/ketrong/tpotexp/env/lib/python3.10/site-packages/sklearn/base.py", line 666, in _validate_params
    validate_parameter_constraints(
  File "/common/ketrong/tpotexp/env/lib/python3.10/site-packages/sklearn/utils/_param_validation.py", line 95, in validate_parameter_constraints
    raise InvalidParameterError(
sklearn.utils._param_validation.InvalidParameterError: The 'criterion' parameter of ExtraTreesRegressor must be a str among {'friedman_mse', 'poisson', 'absolute_error', 'squared_error'}. Got 'mae' instead.

Generation:  4
Best root_mean_squared_error score: -32277.01010985137
Generation:  16%|        | 4/25 [17:08<1:32:05, 263.11s/it]WARNING THIS INDIVIDUAL CAUSED AND EXCEPTION 
 <tpot2.search_spaces.pipelines.sequential.SequentialPipelineIndividual object at 0x15545feb1c60> 
 The 'criterion' parameter of ExtraTreesRegressor must be a str among {'friedman_mse', 'poisson', 'absolute_error', 'squared_error'}. Got 'mae' instead. 
 Traceback (most recent call last):
  File "/common/ketrong/tpotexp/tpot2/tpot2/utils/eval_utils.py", line 53, in objective_nan_wrapper
    value = func_timeout.func_timeout(timeout, objective_function, args=[individual], kwargs=objective_kwargs)
  File "/common/ketrong/tpotexp/env/lib/python3.10/site-packages/func_timeout/dafunc.py", line 108, in func_timeout
    raise_exception(exception)
  File "/common/ketrong/tpotexp/env/lib/python3.10/site-packages/func_timeout/py3_raise.py", line 7, in raise_exception
    raise exception[0] from None
  File "/common/ketrong/tpotexp/tpot2/tpot2/tpot_estimator/estimator.py", line 623, in objective_function
    return objective_function_generator(
  File "/common/ketrong/tpotexp/tpot2/tpot2/tpot_estimator/estimator_utils.py", line 55, in objective_function_generator
    cv_obj_scores = cross_val_score_objective(sklearn.base.clone(pipeline),x,y,scorers=scorers, cv=cv , fold=step)
  File "/common/ketrong/tpotexp/tpot2/tpot2/tpot_estimator/cross_val_utils.py", line 28, in cross_val_score_objective
    this_fold_pipeline.fit(X_train,y_train)
  File "/common/ketrong/tpotexp/env/lib/python3.10/site-packages/sklearn/base.py", line 1473, in wrapper
    return fit_method(estimator, *args, **kwargs)
  File "/common/ketrong/tpotexp/env/lib/python3.10/site-packages/sklearn/pipeline.py", line 473, in fit
    self._final_estimator.fit(Xt, y, **last_step_params["fit"])
  File "/common/ketrong/tpotexp/env/lib/python3.10/site-packages/sklearn/base.py", line 1466, in wrapper
    estimator._validate_params()
  File "/common/ketrong/tpotexp/env/lib/python3.10/site-packages/sklearn/base.py", line 666, in _validate_params
    validate_parameter_constraints(
  File "/common/ketrong/tpotexp/env/lib/python3.10/site-packages/sklearn/utils/_param_validation.py", line 95, in validate_parameter_constraints
    raise InvalidParameterError(
sklearn.utils._param_validation.InvalidParameterError: The 'criterion' parameter of ExtraTreesRegressor must be a str among {'friedman_mse', 'poisson', 'absolute_error', 'squared_error'}. Got 'mae' instead.

WARNING THIS INDIVIDUAL CAUSED AND EXCEPTION 
 <tpot2.search_spaces.pipelines.sequential.SequentialPipelineIndividual object at 0x15545dd352a0> 
 The 'criterion' parameter of RandomForestRegressor must be a str among {'friedman_mse', 'poisson', 'absolute_error', 'squared_error'}. Got 'mse' instead. 
 Traceback (most recent call last):
  File "/common/ketrong/tpotexp/tpot2/tpot2/utils/eval_utils.py", line 53, in objective_nan_wrapper
    value = func_timeout.func_timeout(timeout, objective_function, args=[individual], kwargs=objective_kwargs)
  File "/common/ketrong/tpotexp/env/lib/python3.10/site-packages/func_timeout/dafunc.py", line 108, in func_timeout
    raise_exception(exception)
  File "/common/ketrong/tpotexp/env/lib/python3.10/site-packages/func_timeout/py3_raise.py", line 7, in raise_exception
    raise exception[0] from None
  File "/common/ketrong/tpotexp/tpot2/tpot2/tpot_estimator/estimator.py", line 623, in objective_function
    return objective_function_generator(
  File "/common/ketrong/tpotexp/tpot2/tpot2/tpot_estimator/estimator_utils.py", line 55, in objective_function_generator
    cv_obj_scores = cross_val_score_objective(sklearn.base.clone(pipeline),x,y,scorers=scorers, cv=cv , fold=step)
  File "/common/ketrong/tpotexp/tpot2/tpot2/tpot_estimator/cross_val_utils.py", line 28, in cross_val_score_objective
    this_fold_pipeline.fit(X_train,y_train)
  File "/common/ketrong/tpotexp/env/lib/python3.10/site-packages/sklearn/base.py", line 1473, in wrapper
    return fit_method(estimator, *args, **kwargs)
  File "/common/ketrong/tpotexp/env/lib/python3.10/site-packages/sklearn/pipeline.py", line 473, in fit
    self._final_estimator.fit(Xt, y, **last_step_params["fit"])
  File "/common/ketrong/tpotexp/env/lib/python3.10/site-packages/sklearn/base.py", line 1466, in wrapper
    estimator._validate_params()
  File "/common/ketrong/tpotexp/env/lib/python3.10/site-packages/sklearn/base.py", line 666, in _validate_params
    validate_parameter_constraints(
  File "/common/ketrong/tpotexp/env/lib/python3.10/site-packages/sklearn/utils/_param_validation.py", line 95, in validate_parameter_constraints
    raise InvalidParameterError(
sklearn.utils._param_validation.InvalidParameterError: The 'criterion' parameter of RandomForestRegressor must be a str among {'friedman_mse', 'poisson', 'absolute_error', 'squared_error'}. Got 'mse' instead.

Generation:  5
Best root_mean_squared_error score: -32277.01010985137
Generation:  20%|        | 5/25 [23:14<1:40:07, 300.36s/it]WARNING AN INDIVIDUAL TIMED OUT: 
 <tpot2.search_spaces.pipelines.sequential.SequentialPipelineIndividual object at 0x155474733ee0> 

Generation:  6
Best root_mean_squared_error score: -32190.72606596602
Generation:  24%|       | 6/25 [33:43<2:10:26, 411.91s/it]WARNING THIS INDIVIDUAL CAUSED AND EXCEPTION 
 <tpot2.search_spaces.pipelines.sequential.SequentialPipelineIndividual object at 0x155474d17190> 
 The 'criterion' parameter of RandomForestRegressor must be a str among {'friedman_mse', 'poisson', 'absolute_error', 'squared_error'}. Got 'mse' instead. 
 Traceback (most recent call last):
  File "/common/ketrong/tpotexp/tpot2/tpot2/utils/eval_utils.py", line 53, in objective_nan_wrapper
    value = func_timeout.func_timeout(timeout, objective_function, args=[individual], kwargs=objective_kwargs)
  File "/common/ketrong/tpotexp/env/lib/python3.10/site-packages/func_timeout/dafunc.py", line 108, in func_timeout
    raise_exception(exception)
  File "/common/ketrong/tpotexp/env/lib/python3.10/site-packages/func_timeout/py3_raise.py", line 7, in raise_exception
    raise exception[0] from None
  File "/common/ketrong/tpotexp/tpot2/tpot2/tpot_estimator/estimator.py", line 623, in objective_function
    return objective_function_generator(
  File "/common/ketrong/tpotexp/tpot2/tpot2/tpot_estimator/estimator_utils.py", line 55, in objective_function_generator
    cv_obj_scores = cross_val_score_objective(sklearn.base.clone(pipeline),x,y,scorers=scorers, cv=cv , fold=step)
  File "/common/ketrong/tpotexp/tpot2/tpot2/tpot_estimator/cross_val_utils.py", line 28, in cross_val_score_objective
    this_fold_pipeline.fit(X_train,y_train)
  File "/common/ketrong/tpotexp/env/lib/python3.10/site-packages/sklearn/base.py", line 1473, in wrapper
    return fit_method(estimator, *args, **kwargs)
  File "/common/ketrong/tpotexp/env/lib/python3.10/site-packages/sklearn/pipeline.py", line 473, in fit
    self._final_estimator.fit(Xt, y, **last_step_params["fit"])
  File "/common/ketrong/tpotexp/env/lib/python3.10/site-packages/sklearn/base.py", line 1466, in wrapper
    estimator._validate_params()
  File "/common/ketrong/tpotexp/env/lib/python3.10/site-packages/sklearn/base.py", line 666, in _validate_params
    validate_parameter_constraints(
  File "/common/ketrong/tpotexp/env/lib/python3.10/site-packages/sklearn/utils/_param_validation.py", line 95, in validate_parameter_constraints
    raise InvalidParameterError(
sklearn.utils._param_validation.InvalidParameterError: The 'criterion' parameter of RandomForestRegressor must be a str among {'friedman_mse', 'poisson', 'absolute_error', 'squared_error'}. Got 'mse' instead.

Generation:  7
Best root_mean_squared_error score: -32190.72606596602
Generation:  28%|       | 7/25 [34:54<1:30:11, 300.66s/it]WARNING THIS INDIVIDUAL CAUSED AND EXCEPTION 
 <tpot2.search_spaces.pipelines.sequential.SequentialPipelineIndividual object at 0x155474d70760> 
 The 'criterion' parameter of RandomForestRegressor must be a str among {'friedman_mse', 'poisson', 'absolute_error', 'squared_error'}. Got 'mae' instead. 
 Traceback (most recent call last):
  File "/common/ketrong/tpotexp/tpot2/tpot2/utils/eval_utils.py", line 53, in objective_nan_wrapper
    value = func_timeout.func_timeout(timeout, objective_function, args=[individual], kwargs=objective_kwargs)
  File "/common/ketrong/tpotexp/env/lib/python3.10/site-packages/func_timeout/dafunc.py", line 108, in func_timeout
    raise_exception(exception)
  File "/common/ketrong/tpotexp/env/lib/python3.10/site-packages/func_timeout/py3_raise.py", line 7, in raise_exception
    raise exception[0] from None
  File "/common/ketrong/tpotexp/tpot2/tpot2/tpot_estimator/estimator.py", line 623, in objective_function
    return objective_function_generator(
  File "/common/ketrong/tpotexp/tpot2/tpot2/tpot_estimator/estimator_utils.py", line 55, in objective_function_generator
    cv_obj_scores = cross_val_score_objective(sklearn.base.clone(pipeline),x,y,scorers=scorers, cv=cv , fold=step)
  File "/common/ketrong/tpotexp/tpot2/tpot2/tpot_estimator/cross_val_utils.py", line 28, in cross_val_score_objective
    this_fold_pipeline.fit(X_train,y_train)
  File "/common/ketrong/tpotexp/env/lib/python3.10/site-packages/sklearn/base.py", line 1473, in wrapper
    return fit_method(estimator, *args, **kwargs)
  File "/common/ketrong/tpotexp/env/lib/python3.10/site-packages/sklearn/pipeline.py", line 473, in fit
    self._final_estimator.fit(Xt, y, **last_step_params["fit"])
  File "/common/ketrong/tpotexp/env/lib/python3.10/site-packages/sklearn/base.py", line 1466, in wrapper
    estimator._validate_params()
  File "/common/ketrong/tpotexp/env/lib/python3.10/site-packages/sklearn/base.py", line 666, in _validate_params
    validate_parameter_constraints(
  File "/common/ketrong/tpotexp/env/lib/python3.10/site-packages/sklearn/utils/_param_validation.py", line 95, in validate_parameter_constraints
    raise InvalidParameterError(
sklearn.utils._param_validation.InvalidParameterError: The 'criterion' parameter of RandomForestRegressor must be a str among {'friedman_mse', 'poisson', 'absolute_error', 'squared_error'}. Got 'mae' instead.

WARNING THIS INDIVIDUAL CAUSED AND EXCEPTION 
 <tpot2.search_spaces.pipelines.sequential.SequentialPipelineIndividual object at 0x155474d4fd90> 
 The 'criterion' parameter of DecisionTreeRegressor must be a str among {'friedman_mse', 'poisson', 'absolute_error', 'squared_error'}. Got 'mae' instead. 
 Traceback (most recent call last):
  File "/common/ketrong/tpotexp/tpot2/tpot2/utils/eval_utils.py", line 53, in objective_nan_wrapper
    value = func_timeout.func_timeout(timeout, objective_function, args=[individual], kwargs=objective_kwargs)
  File "/common/ketrong/tpotexp/env/lib/python3.10/site-packages/func_timeout/dafunc.py", line 108, in func_timeout
    raise_exception(exception)
  File "/common/ketrong/tpotexp/env/lib/python3.10/site-packages/func_timeout/py3_raise.py", line 7, in raise_exception
    raise exception[0] from None
  File "/common/ketrong/tpotexp/tpot2/tpot2/tpot_estimator/estimator.py", line 623, in objective_function
    return objective_function_generator(
  File "/common/ketrong/tpotexp/tpot2/tpot2/tpot_estimator/estimator_utils.py", line 55, in objective_function_generator
    cv_obj_scores = cross_val_score_objective(sklearn.base.clone(pipeline),x,y,scorers=scorers, cv=cv , fold=step)
  File "/common/ketrong/tpotexp/tpot2/tpot2/tpot_estimator/cross_val_utils.py", line 28, in cross_val_score_objective
    this_fold_pipeline.fit(X_train,y_train)
  File "/common/ketrong/tpotexp/env/lib/python3.10/site-packages/sklearn/base.py", line 1473, in wrapper
    return fit_method(estimator, *args, **kwargs)
  File "/common/ketrong/tpotexp/env/lib/python3.10/site-packages/sklearn/pipeline.py", line 473, in fit
    self._final_estimator.fit(Xt, y, **last_step_params["fit"])
  File "/common/ketrong/tpotexp/env/lib/python3.10/site-packages/sklearn/base.py", line 1466, in wrapper
    estimator._validate_params()
  File "/common/ketrong/tpotexp/env/lib/python3.10/site-packages/sklearn/base.py", line 666, in _validate_params
    validate_parameter_constraints(
  File "/common/ketrong/tpotexp/env/lib/python3.10/site-packages/sklearn/utils/_param_validation.py", line 95, in validate_parameter_constraints
    raise InvalidParameterError(
sklearn.utils._param_validation.InvalidParameterError: The 'criterion' parameter of DecisionTreeRegressor must be a str among {'friedman_mse', 'poisson', 'absolute_error', 'squared_error'}. Got 'mae' instead.

WARNING THIS INDIVIDUAL CAUSED AND EXCEPTION 
 <tpot2.search_spaces.pipelines.sequential.SequentialPipelineIndividual object at 0x15545fe39ab0> 
 The 'criterion' parameter of RandomForestRegressor must be a str among {'friedman_mse', 'poisson', 'absolute_error', 'squared_error'}. Got 'mae' instead. 
 Traceback (most recent call last):
  File "/common/ketrong/tpotexp/tpot2/tpot2/utils/eval_utils.py", line 53, in objective_nan_wrapper
    value = func_timeout.func_timeout(timeout, objective_function, args=[individual], kwargs=objective_kwargs)
  File "/common/ketrong/tpotexp/env/lib/python3.10/site-packages/func_timeout/dafunc.py", line 108, in func_timeout
    raise_exception(exception)
  File "/common/ketrong/tpotexp/env/lib/python3.10/site-packages/func_timeout/py3_raise.py", line 7, in raise_exception
    raise exception[0] from None
  File "/common/ketrong/tpotexp/tpot2/tpot2/tpot_estimator/estimator.py", line 623, in objective_function
    return objective_function_generator(
  File "/common/ketrong/tpotexp/tpot2/tpot2/tpot_estimator/estimator_utils.py", line 55, in objective_function_generator
    cv_obj_scores = cross_val_score_objective(sklearn.base.clone(pipeline),x,y,scorers=scorers, cv=cv , fold=step)
  File "/common/ketrong/tpotexp/tpot2/tpot2/tpot_estimator/cross_val_utils.py", line 28, in cross_val_score_objective
    this_fold_pipeline.fit(X_train,y_train)
  File "/common/ketrong/tpotexp/env/lib/python3.10/site-packages/sklearn/base.py", line 1473, in wrapper
    return fit_method(estimator, *args, **kwargs)
  File "/common/ketrong/tpotexp/env/lib/python3.10/site-packages/sklearn/pipeline.py", line 473, in fit
    self._final_estimator.fit(Xt, y, **last_step_params["fit"])
  File "/common/ketrong/tpotexp/env/lib/python3.10/site-packages/sklearn/base.py", line 1466, in wrapper
    estimator._validate_params()
  File "/common/ketrong/tpotexp/env/lib/python3.10/site-packages/sklearn/base.py", line 666, in _validate_params
    validate_parameter_constraints(
  File "/common/ketrong/tpotexp/env/lib/python3.10/site-packages/sklearn/utils/_param_validation.py", line 95, in validate_parameter_constraints
    raise InvalidParameterError(
sklearn.utils._param_validation.InvalidParameterError: The 'criterion' parameter of RandomForestRegressor must be a str among {'friedman_mse', 'poisson', 'absolute_error', 'squared_error'}. Got 'mae' instead.

Generation:  8
Best root_mean_squared_error score: -32190.72606596602
Generation:  32%|      | 8/25 [36:55<1:08:56, 243.34s/it]Generation:  9
Best root_mean_squared_error score: -32017.453789684176
Generation:  36%|      | 9/25 [37:50<49:10, 184.38s/it]  WARNING THIS INDIVIDUAL CAUSED AND EXCEPTION 
 <tpot2.search_spaces.pipelines.sequential.SequentialPipelineIndividual object at 0x15547470d390> 
 The 'criterion' parameter of RandomForestRegressor must be a str among {'friedman_mse', 'poisson', 'absolute_error', 'squared_error'}. Got 'mse' instead. 
 Traceback (most recent call last):
  File "/common/ketrong/tpotexp/tpot2/tpot2/utils/eval_utils.py", line 53, in objective_nan_wrapper
    value = func_timeout.func_timeout(timeout, objective_function, args=[individual], kwargs=objective_kwargs)
  File "/common/ketrong/tpotexp/env/lib/python3.10/site-packages/func_timeout/dafunc.py", line 108, in func_timeout
    raise_exception(exception)
  File "/common/ketrong/tpotexp/env/lib/python3.10/site-packages/func_timeout/py3_raise.py", line 7, in raise_exception
    raise exception[0] from None
  File "/common/ketrong/tpotexp/tpot2/tpot2/tpot_estimator/estimator.py", line 623, in objective_function
    return objective_function_generator(
  File "/common/ketrong/tpotexp/tpot2/tpot2/tpot_estimator/estimator_utils.py", line 55, in objective_function_generator
    cv_obj_scores = cross_val_score_objective(sklearn.base.clone(pipeline),x,y,scorers=scorers, cv=cv , fold=step)
  File "/common/ketrong/tpotexp/tpot2/tpot2/tpot_estimator/cross_val_utils.py", line 28, in cross_val_score_objective
    this_fold_pipeline.fit(X_train,y_train)
  File "/common/ketrong/tpotexp/env/lib/python3.10/site-packages/sklearn/base.py", line 1473, in wrapper
    return fit_method(estimator, *args, **kwargs)
  File "/common/ketrong/tpotexp/env/lib/python3.10/site-packages/sklearn/pipeline.py", line 473, in fit
    self._final_estimator.fit(Xt, y, **last_step_params["fit"])
  File "/common/ketrong/tpotexp/env/lib/python3.10/site-packages/sklearn/base.py", line 1466, in wrapper
    estimator._validate_params()
  File "/common/ketrong/tpotexp/env/lib/python3.10/site-packages/sklearn/base.py", line 666, in _validate_params
    validate_parameter_constraints(
  File "/common/ketrong/tpotexp/env/lib/python3.10/site-packages/sklearn/utils/_param_validation.py", line 95, in validate_parameter_constraints
    raise InvalidParameterError(
sklearn.utils._param_validation.InvalidParameterError: The 'criterion' parameter of RandomForestRegressor must be a str among {'friedman_mse', 'poisson', 'absolute_error', 'squared_error'}. Got 'mse' instead.

Generation:  10
Best root_mean_squared_error score: -31920.967966810837
Generation:  40%|      | 10/25 [38:42<35:55, 143.69s/it]WARNING THIS INDIVIDUAL CAUSED AND EXCEPTION 
 <tpot2.search_spaces.pipelines.sequential.SequentialPipelineIndividual object at 0x1554744dcb80> 
 The 'criterion' parameter of RandomForestRegressor must be a str among {'friedman_mse', 'poisson', 'absolute_error', 'squared_error'}. Got 'mae' instead. 
 Traceback (most recent call last):
  File "/common/ketrong/tpotexp/tpot2/tpot2/utils/eval_utils.py", line 53, in objective_nan_wrapper
    value = func_timeout.func_timeout(timeout, objective_function, args=[individual], kwargs=objective_kwargs)
  File "/common/ketrong/tpotexp/env/lib/python3.10/site-packages/func_timeout/dafunc.py", line 108, in func_timeout
    raise_exception(exception)
  File "/common/ketrong/tpotexp/env/lib/python3.10/site-packages/func_timeout/py3_raise.py", line 7, in raise_exception
    raise exception[0] from None
  File "/common/ketrong/tpotexp/tpot2/tpot2/tpot_estimator/estimator.py", line 623, in objective_function
    return objective_function_generator(
  File "/common/ketrong/tpotexp/tpot2/tpot2/tpot_estimator/estimator_utils.py", line 55, in objective_function_generator
    cv_obj_scores = cross_val_score_objective(sklearn.base.clone(pipeline),x,y,scorers=scorers, cv=cv , fold=step)
  File "/common/ketrong/tpotexp/tpot2/tpot2/tpot_estimator/cross_val_utils.py", line 28, in cross_val_score_objective
    this_fold_pipeline.fit(X_train,y_train)
  File "/common/ketrong/tpotexp/env/lib/python3.10/site-packages/sklearn/base.py", line 1473, in wrapper
    return fit_method(estimator, *args, **kwargs)
  File "/common/ketrong/tpotexp/env/lib/python3.10/site-packages/sklearn/pipeline.py", line 473, in fit
    self._final_estimator.fit(Xt, y, **last_step_params["fit"])
  File "/common/ketrong/tpotexp/env/lib/python3.10/site-packages/sklearn/base.py", line 1466, in wrapper
    estimator._validate_params()
  File "/common/ketrong/tpotexp/env/lib/python3.10/site-packages/sklearn/base.py", line 666, in _validate_params
    validate_parameter_constraints(
  File "/common/ketrong/tpotexp/env/lib/python3.10/site-packages/sklearn/utils/_param_validation.py", line 95, in validate_parameter_constraints
    raise InvalidParameterError(
sklearn.utils._param_validation.InvalidParameterError: The 'criterion' parameter of RandomForestRegressor must be a str among {'friedman_mse', 'poisson', 'absolute_error', 'squared_error'}. Got 'mae' instead.

WARNING THIS INDIVIDUAL CAUSED AND EXCEPTION 
 <tpot2.search_spaces.pipelines.sequential.SequentialPipelineIndividual object at 0x155465699330> 
 The 'criterion' parameter of RandomForestRegressor must be a str among {'friedman_mse', 'poisson', 'absolute_error', 'squared_error'}. Got 'mse' instead. 
 Traceback (most recent call last):
  File "/common/ketrong/tpotexp/tpot2/tpot2/utils/eval_utils.py", line 53, in objective_nan_wrapper
    value = func_timeout.func_timeout(timeout, objective_function, args=[individual], kwargs=objective_kwargs)
  File "/common/ketrong/tpotexp/env/lib/python3.10/site-packages/func_timeout/dafunc.py", line 108, in func_timeout
    raise_exception(exception)
  File "/common/ketrong/tpotexp/env/lib/python3.10/site-packages/func_timeout/py3_raise.py", line 7, in raise_exception
    raise exception[0] from None
  File "/common/ketrong/tpotexp/tpot2/tpot2/tpot_estimator/estimator.py", line 623, in objective_function
    return objective_function_generator(
  File "/common/ketrong/tpotexp/tpot2/tpot2/tpot_estimator/estimator_utils.py", line 55, in objective_function_generator
    cv_obj_scores = cross_val_score_objective(sklearn.base.clone(pipeline),x,y,scorers=scorers, cv=cv , fold=step)
  File "/common/ketrong/tpotexp/tpot2/tpot2/tpot_estimator/cross_val_utils.py", line 28, in cross_val_score_objective
    this_fold_pipeline.fit(X_train,y_train)
  File "/common/ketrong/tpotexp/env/lib/python3.10/site-packages/sklearn/base.py", line 1473, in wrapper
    return fit_method(estimator, *args, **kwargs)
  File "/common/ketrong/tpotexp/env/lib/python3.10/site-packages/sklearn/pipeline.py", line 473, in fit
    self._final_estimator.fit(Xt, y, **last_step_params["fit"])
  File "/common/ketrong/tpotexp/env/lib/python3.10/site-packages/sklearn/base.py", line 1466, in wrapper
    estimator._validate_params()
  File "/common/ketrong/tpotexp/env/lib/python3.10/site-packages/sklearn/base.py", line 666, in _validate_params
    validate_parameter_constraints(
  File "/common/ketrong/tpotexp/env/lib/python3.10/site-packages/sklearn/utils/_param_validation.py", line 95, in validate_parameter_constraints
    raise InvalidParameterError(
sklearn.utils._param_validation.InvalidParameterError: The 'criterion' parameter of RandomForestRegressor must be a str among {'friedman_mse', 'poisson', 'absolute_error', 'squared_error'}. Got 'mse' instead.

Generation:  11
Best root_mean_squared_error score: -31920.967966810837
Generation:  44%|     | 11/25 [40:14<29:47, 127.69s/it]WARNING THIS INDIVIDUAL CAUSED AND EXCEPTION 
 <tpot2.search_spaces.pipelines.sequential.SequentialPipelineIndividual object at 0x155467e7b850> 
 The 'criterion' parameter of RandomForestRegressor must be a str among {'friedman_mse', 'poisson', 'absolute_error', 'squared_error'}. Got 'mae' instead. 
 Traceback (most recent call last):
  File "/common/ketrong/tpotexp/tpot2/tpot2/utils/eval_utils.py", line 53, in objective_nan_wrapper
    value = func_timeout.func_timeout(timeout, objective_function, args=[individual], kwargs=objective_kwargs)
  File "/common/ketrong/tpotexp/env/lib/python3.10/site-packages/func_timeout/dafunc.py", line 108, in func_timeout
    raise_exception(exception)
  File "/common/ketrong/tpotexp/env/lib/python3.10/site-packages/func_timeout/py3_raise.py", line 7, in raise_exception
    raise exception[0] from None
  File "/common/ketrong/tpotexp/tpot2/tpot2/tpot_estimator/estimator.py", line 623, in objective_function
    return objective_function_generator(
  File "/common/ketrong/tpotexp/tpot2/tpot2/tpot_estimator/estimator_utils.py", line 55, in objective_function_generator
    cv_obj_scores = cross_val_score_objective(sklearn.base.clone(pipeline),x,y,scorers=scorers, cv=cv , fold=step)
  File "/common/ketrong/tpotexp/tpot2/tpot2/tpot_estimator/cross_val_utils.py", line 28, in cross_val_score_objective
    this_fold_pipeline.fit(X_train,y_train)
  File "/common/ketrong/tpotexp/env/lib/python3.10/site-packages/sklearn/base.py", line 1473, in wrapper
    return fit_method(estimator, *args, **kwargs)
  File "/common/ketrong/tpotexp/env/lib/python3.10/site-packages/sklearn/pipeline.py", line 473, in fit
    self._final_estimator.fit(Xt, y, **last_step_params["fit"])
  File "/common/ketrong/tpotexp/env/lib/python3.10/site-packages/sklearn/base.py", line 1466, in wrapper
    estimator._validate_params()
  File "/common/ketrong/tpotexp/env/lib/python3.10/site-packages/sklearn/base.py", line 666, in _validate_params
    validate_parameter_constraints(
  File "/common/ketrong/tpotexp/env/lib/python3.10/site-packages/sklearn/utils/_param_validation.py", line 95, in validate_parameter_constraints
    raise InvalidParameterError(
sklearn.utils._param_validation.InvalidParameterError: The 'criterion' parameter of RandomForestRegressor must be a str among {'friedman_mse', 'poisson', 'absolute_error', 'squared_error'}. Got 'mae' instead.

Generation:  12
Best root_mean_squared_error score: -31904.231484321313
Generation:  48%|     | 12/25 [42:02<26:21, 121.64s/it]Generation:  13
Best root_mean_squared_error score: -31904.231484321313
Generation:  52%|    | 13/25 [43:29<22:15, 111.32s/it]WARNING THIS INDIVIDUAL CAUSED AND EXCEPTION 
 <tpot2.search_spaces.pipelines.sequential.SequentialPipelineIndividual object at 0x15545fce35b0> 
 The 'criterion' parameter of DecisionTreeRegressor must be a str among {'friedman_mse', 'poisson', 'absolute_error', 'squared_error'}. Got 'mae' instead. 
 Traceback (most recent call last):
  File "/common/ketrong/tpotexp/tpot2/tpot2/utils/eval_utils.py", line 53, in objective_nan_wrapper
    value = func_timeout.func_timeout(timeout, objective_function, args=[individual], kwargs=objective_kwargs)
  File "/common/ketrong/tpotexp/env/lib/python3.10/site-packages/func_timeout/dafunc.py", line 108, in func_timeout
    raise_exception(exception)
  File "/common/ketrong/tpotexp/env/lib/python3.10/site-packages/func_timeout/py3_raise.py", line 7, in raise_exception
    raise exception[0] from None
  File "/common/ketrong/tpotexp/tpot2/tpot2/tpot_estimator/estimator.py", line 623, in objective_function
    return objective_function_generator(
  File "/common/ketrong/tpotexp/tpot2/tpot2/tpot_estimator/estimator_utils.py", line 55, in objective_function_generator
    cv_obj_scores = cross_val_score_objective(sklearn.base.clone(pipeline),x,y,scorers=scorers, cv=cv , fold=step)
  File "/common/ketrong/tpotexp/tpot2/tpot2/tpot_estimator/cross_val_utils.py", line 28, in cross_val_score_objective
    this_fold_pipeline.fit(X_train,y_train)
  File "/common/ketrong/tpotexp/env/lib/python3.10/site-packages/sklearn/base.py", line 1473, in wrapper
    return fit_method(estimator, *args, **kwargs)
  File "/common/ketrong/tpotexp/env/lib/python3.10/site-packages/sklearn/pipeline.py", line 473, in fit
    self._final_estimator.fit(Xt, y, **last_step_params["fit"])
  File "/common/ketrong/tpotexp/env/lib/python3.10/site-packages/sklearn/base.py", line 1466, in wrapper
    estimator._validate_params()
  File "/common/ketrong/tpotexp/env/lib/python3.10/site-packages/sklearn/base.py", line 666, in _validate_params
    validate_parameter_constraints(
  File "/common/ketrong/tpotexp/env/lib/python3.10/site-packages/sklearn/utils/_param_validation.py", line 95, in validate_parameter_constraints
    raise InvalidParameterError(
sklearn.utils._param_validation.InvalidParameterError: The 'criterion' parameter of DecisionTreeRegressor must be a str among {'friedman_mse', 'poisson', 'absolute_error', 'squared_error'}. Got 'mae' instead.

WARNING THIS INDIVIDUAL CAUSED AND EXCEPTION 
 <tpot2.search_spaces.pipelines.sequential.SequentialPipelineIndividual object at 0x15547409d480> 
 The 'criterion' parameter of RandomForestRegressor must be a str among {'friedman_mse', 'poisson', 'absolute_error', 'squared_error'}. Got 'mae' instead. 
 Traceback (most recent call last):
  File "/common/ketrong/tpotexp/tpot2/tpot2/utils/eval_utils.py", line 53, in objective_nan_wrapper
    value = func_timeout.func_timeout(timeout, objective_function, args=[individual], kwargs=objective_kwargs)
  File "/common/ketrong/tpotexp/env/lib/python3.10/site-packages/func_timeout/dafunc.py", line 108, in func_timeout
    raise_exception(exception)
  File "/common/ketrong/tpotexp/env/lib/python3.10/site-packages/func_timeout/py3_raise.py", line 7, in raise_exception
    raise exception[0] from None
  File "/common/ketrong/tpotexp/tpot2/tpot2/tpot_estimator/estimator.py", line 623, in objective_function
    return objective_function_generator(
  File "/common/ketrong/tpotexp/tpot2/tpot2/tpot_estimator/estimator_utils.py", line 55, in objective_function_generator
    cv_obj_scores = cross_val_score_objective(sklearn.base.clone(pipeline),x,y,scorers=scorers, cv=cv , fold=step)
  File "/common/ketrong/tpotexp/tpot2/tpot2/tpot_estimator/cross_val_utils.py", line 28, in cross_val_score_objective
    this_fold_pipeline.fit(X_train,y_train)
  File "/common/ketrong/tpotexp/env/lib/python3.10/site-packages/sklearn/base.py", line 1473, in wrapper
    return fit_method(estimator, *args, **kwargs)
  File "/common/ketrong/tpotexp/env/lib/python3.10/site-packages/sklearn/pipeline.py", line 473, in fit
    self._final_estimator.fit(Xt, y, **last_step_params["fit"])
  File "/common/ketrong/tpotexp/env/lib/python3.10/site-packages/sklearn/base.py", line 1466, in wrapper
    estimator._validate_params()
  File "/common/ketrong/tpotexp/env/lib/python3.10/site-packages/sklearn/base.py", line 666, in _validate_params
    validate_parameter_constraints(
  File "/common/ketrong/tpotexp/env/lib/python3.10/site-packages/sklearn/utils/_param_validation.py", line 95, in validate_parameter_constraints
    raise InvalidParameterError(
sklearn.utils._param_validation.InvalidParameterError: The 'criterion' parameter of RandomForestRegressor must be a str among {'friedman_mse', 'poisson', 'absolute_error', 'squared_error'}. Got 'mae' instead.

Generation:  14
Best root_mean_squared_error score: -31904.231484321313
Generation:  56%|    | 14/25 [45:00<19:17, 105.25s/it]WARNING THIS INDIVIDUAL CAUSED AND EXCEPTION 
 <tpot2.search_spaces.pipelines.sequential.SequentialPipelineIndividual object at 0x15545db2c9a0> 
 The 'criterion' parameter of ExtraTreesRegressor must be a str among {'friedman_mse', 'poisson', 'absolute_error', 'squared_error'}. Got 'mae' instead. 
 Traceback (most recent call last):
  File "/common/ketrong/tpotexp/tpot2/tpot2/utils/eval_utils.py", line 53, in objective_nan_wrapper
    value = func_timeout.func_timeout(timeout, objective_function, args=[individual], kwargs=objective_kwargs)
  File "/common/ketrong/tpotexp/env/lib/python3.10/site-packages/func_timeout/dafunc.py", line 108, in func_timeout
    raise_exception(exception)
  File "/common/ketrong/tpotexp/env/lib/python3.10/site-packages/func_timeout/py3_raise.py", line 7, in raise_exception
    raise exception[0] from None
  File "/common/ketrong/tpotexp/tpot2/tpot2/tpot_estimator/estimator.py", line 623, in objective_function
    return objective_function_generator(
  File "/common/ketrong/tpotexp/tpot2/tpot2/tpot_estimator/estimator_utils.py", line 55, in objective_function_generator
    cv_obj_scores = cross_val_score_objective(sklearn.base.clone(pipeline),x,y,scorers=scorers, cv=cv , fold=step)
  File "/common/ketrong/tpotexp/tpot2/tpot2/tpot_estimator/cross_val_utils.py", line 28, in cross_val_score_objective
    this_fold_pipeline.fit(X_train,y_train)
  File "/common/ketrong/tpotexp/env/lib/python3.10/site-packages/sklearn/base.py", line 1473, in wrapper
    return fit_method(estimator, *args, **kwargs)
  File "/common/ketrong/tpotexp/env/lib/python3.10/site-packages/sklearn/pipeline.py", line 473, in fit
    self._final_estimator.fit(Xt, y, **last_step_params["fit"])
  File "/common/ketrong/tpotexp/env/lib/python3.10/site-packages/sklearn/base.py", line 1466, in wrapper
    estimator._validate_params()
  File "/common/ketrong/tpotexp/env/lib/python3.10/site-packages/sklearn/base.py", line 666, in _validate_params
    validate_parameter_constraints(
  File "/common/ketrong/tpotexp/env/lib/python3.10/site-packages/sklearn/utils/_param_validation.py", line 95, in validate_parameter_constraints
    raise InvalidParameterError(
sklearn.utils._param_validation.InvalidParameterError: The 'criterion' parameter of ExtraTreesRegressor must be a str among {'friedman_mse', 'poisson', 'absolute_error', 'squared_error'}. Got 'mae' instead.

WARNING THIS INDIVIDUAL CAUSED AND EXCEPTION 
 <tpot2.search_spaces.pipelines.sequential.SequentialPipelineIndividual object at 0x155465223850> 
 The 'criterion' parameter of RandomForestRegressor must be a str among {'friedman_mse', 'poisson', 'absolute_error', 'squared_error'}. Got 'mse' instead. 
 Traceback (most recent call last):
  File "/common/ketrong/tpotexp/tpot2/tpot2/utils/eval_utils.py", line 53, in objective_nan_wrapper
    value = func_timeout.func_timeout(timeout, objective_function, args=[individual], kwargs=objective_kwargs)
  File "/common/ketrong/tpotexp/env/lib/python3.10/site-packages/func_timeout/dafunc.py", line 108, in func_timeout
    raise_exception(exception)
  File "/common/ketrong/tpotexp/env/lib/python3.10/site-packages/func_timeout/py3_raise.py", line 7, in raise_exception
    raise exception[0] from None
  File "/common/ketrong/tpotexp/tpot2/tpot2/tpot_estimator/estimator.py", line 623, in objective_function
    return objective_function_generator(
  File "/common/ketrong/tpotexp/tpot2/tpot2/tpot_estimator/estimator_utils.py", line 55, in objective_function_generator
    cv_obj_scores = cross_val_score_objective(sklearn.base.clone(pipeline),x,y,scorers=scorers, cv=cv , fold=step)
  File "/common/ketrong/tpotexp/tpot2/tpot2/tpot_estimator/cross_val_utils.py", line 28, in cross_val_score_objective
    this_fold_pipeline.fit(X_train,y_train)
  File "/common/ketrong/tpotexp/env/lib/python3.10/site-packages/sklearn/base.py", line 1473, in wrapper
    return fit_method(estimator, *args, **kwargs)
  File "/common/ketrong/tpotexp/env/lib/python3.10/site-packages/sklearn/pipeline.py", line 473, in fit
    self._final_estimator.fit(Xt, y, **last_step_params["fit"])
  File "/common/ketrong/tpotexp/env/lib/python3.10/site-packages/sklearn/base.py", line 1466, in wrapper
    estimator._validate_params()
  File "/common/ketrong/tpotexp/env/lib/python3.10/site-packages/sklearn/base.py", line 666, in _validate_params
    validate_parameter_constraints(
  File "/common/ketrong/tpotexp/env/lib/python3.10/site-packages/sklearn/utils/_param_validation.py", line 95, in validate_parameter_constraints
    raise InvalidParameterError(
sklearn.utils._param_validation.InvalidParameterError: The 'criterion' parameter of RandomForestRegressor must be a str among {'friedman_mse', 'poisson', 'absolute_error', 'squared_error'}. Got 'mse' instead.

Generation:  15
Best root_mean_squared_error score: -31904.231484321313
Generation:  60%|    | 15/25 [46:11<15:48, 94.82s/it] Generation:  16
Best root_mean_squared_error score: -31904.231484321313
Generation:  64%|   | 16/25 [47:49<14:21, 95.67s/it]WARNING THIS INDIVIDUAL CAUSED AND EXCEPTION 
 <tpot2.search_spaces.pipelines.sequential.SequentialPipelineIndividual object at 0x15545fce04c0> 
 The 'criterion' parameter of RandomForestRegressor must be a str among {'friedman_mse', 'poisson', 'absolute_error', 'squared_error'}. Got 'mae' instead. 
 Traceback (most recent call last):
  File "/common/ketrong/tpotexp/tpot2/tpot2/utils/eval_utils.py", line 53, in objective_nan_wrapper
    value = func_timeout.func_timeout(timeout, objective_function, args=[individual], kwargs=objective_kwargs)
  File "/common/ketrong/tpotexp/env/lib/python3.10/site-packages/func_timeout/dafunc.py", line 108, in func_timeout
    raise_exception(exception)
  File "/common/ketrong/tpotexp/env/lib/python3.10/site-packages/func_timeout/py3_raise.py", line 7, in raise_exception
    raise exception[0] from None
  File "/common/ketrong/tpotexp/tpot2/tpot2/tpot_estimator/estimator.py", line 623, in objective_function
    return objective_function_generator(
  File "/common/ketrong/tpotexp/tpot2/tpot2/tpot_estimator/estimator_utils.py", line 55, in objective_function_generator
    cv_obj_scores = cross_val_score_objective(sklearn.base.clone(pipeline),x,y,scorers=scorers, cv=cv , fold=step)
  File "/common/ketrong/tpotexp/tpot2/tpot2/tpot_estimator/cross_val_utils.py", line 28, in cross_val_score_objective
    this_fold_pipeline.fit(X_train,y_train)
  File "/common/ketrong/tpotexp/env/lib/python3.10/site-packages/sklearn/base.py", line 1473, in wrapper
    return fit_method(estimator, *args, **kwargs)
  File "/common/ketrong/tpotexp/env/lib/python3.10/site-packages/sklearn/pipeline.py", line 473, in fit
    self._final_estimator.fit(Xt, y, **last_step_params["fit"])
  File "/common/ketrong/tpotexp/env/lib/python3.10/site-packages/sklearn/base.py", line 1466, in wrapper
    estimator._validate_params()
  File "/common/ketrong/tpotexp/env/lib/python3.10/site-packages/sklearn/base.py", line 666, in _validate_params
    validate_parameter_constraints(
  File "/common/ketrong/tpotexp/env/lib/python3.10/site-packages/sklearn/utils/_param_validation.py", line 95, in validate_parameter_constraints
    raise InvalidParameterError(
sklearn.utils._param_validation.InvalidParameterError: The 'criterion' parameter of RandomForestRegressor must be a str among {'friedman_mse', 'poisson', 'absolute_error', 'squared_error'}. Got 'mae' instead.

Generation:  17
Best root_mean_squared_error score: -31904.231484321313
Generation:  68%|   | 17/25 [58:25<34:25, 258.24s/it]WARNING THIS INDIVIDUAL CAUSED AND EXCEPTION 
 <tpot2.search_spaces.pipelines.sequential.SequentialPipelineIndividual object at 0x15545ff15660> 
 The 'criterion' parameter of ExtraTreesRegressor must be a str among {'friedman_mse', 'poisson', 'absolute_error', 'squared_error'}. Got 'mae' instead. 
 Traceback (most recent call last):
  File "/common/ketrong/tpotexp/tpot2/tpot2/utils/eval_utils.py", line 53, in objective_nan_wrapper
    value = func_timeout.func_timeout(timeout, objective_function, args=[individual], kwargs=objective_kwargs)
  File "/common/ketrong/tpotexp/env/lib/python3.10/site-packages/func_timeout/dafunc.py", line 108, in func_timeout
    raise_exception(exception)
  File "/common/ketrong/tpotexp/env/lib/python3.10/site-packages/func_timeout/py3_raise.py", line 7, in raise_exception
    raise exception[0] from None
  File "/common/ketrong/tpotexp/tpot2/tpot2/tpot_estimator/estimator.py", line 623, in objective_function
    return objective_function_generator(
  File "/common/ketrong/tpotexp/tpot2/tpot2/tpot_estimator/estimator_utils.py", line 55, in objective_function_generator
    cv_obj_scores = cross_val_score_objective(sklearn.base.clone(pipeline),x,y,scorers=scorers, cv=cv , fold=step)
  File "/common/ketrong/tpotexp/tpot2/tpot2/tpot_estimator/cross_val_utils.py", line 28, in cross_val_score_objective
    this_fold_pipeline.fit(X_train,y_train)
  File "/common/ketrong/tpotexp/env/lib/python3.10/site-packages/sklearn/base.py", line 1473, in wrapper
    return fit_method(estimator, *args, **kwargs)
  File "/common/ketrong/tpotexp/env/lib/python3.10/site-packages/sklearn/pipeline.py", line 473, in fit
    self._final_estimator.fit(Xt, y, **last_step_params["fit"])
  File "/common/ketrong/tpotexp/env/lib/python3.10/site-packages/sklearn/base.py", line 1466, in wrapper
    estimator._validate_params()
  File "/common/ketrong/tpotexp/env/lib/python3.10/site-packages/sklearn/base.py", line 666, in _validate_params
    validate_parameter_constraints(
  File "/common/ketrong/tpotexp/env/lib/python3.10/site-packages/sklearn/utils/_param_validation.py", line 95, in validate_parameter_constraints
    raise InvalidParameterError(
sklearn.utils._param_validation.InvalidParameterError: The 'criterion' parameter of ExtraTreesRegressor must be a str among {'friedman_mse', 'poisson', 'absolute_error', 'squared_error'}. Got 'mae' instead.

WARNING THIS INDIVIDUAL CAUSED AND EXCEPTION 
 <tpot2.search_spaces.pipelines.sequential.SequentialPipelineIndividual object at 0x155467f41810> 
 The 'criterion' parameter of DecisionTreeRegressor must be a str among {'friedman_mse', 'poisson', 'absolute_error', 'squared_error'}. Got 'mae' instead. 
 Traceback (most recent call last):
  File "/common/ketrong/tpotexp/tpot2/tpot2/utils/eval_utils.py", line 53, in objective_nan_wrapper
    value = func_timeout.func_timeout(timeout, objective_function, args=[individual], kwargs=objective_kwargs)
  File "/common/ketrong/tpotexp/env/lib/python3.10/site-packages/func_timeout/dafunc.py", line 108, in func_timeout
    raise_exception(exception)
  File "/common/ketrong/tpotexp/env/lib/python3.10/site-packages/func_timeout/py3_raise.py", line 7, in raise_exception
    raise exception[0] from None
  File "/common/ketrong/tpotexp/tpot2/tpot2/tpot_estimator/estimator.py", line 623, in objective_function
    return objective_function_generator(
  File "/common/ketrong/tpotexp/tpot2/tpot2/tpot_estimator/estimator_utils.py", line 55, in objective_function_generator
    cv_obj_scores = cross_val_score_objective(sklearn.base.clone(pipeline),x,y,scorers=scorers, cv=cv , fold=step)
  File "/common/ketrong/tpotexp/tpot2/tpot2/tpot_estimator/cross_val_utils.py", line 28, in cross_val_score_objective
    this_fold_pipeline.fit(X_train,y_train)
  File "/common/ketrong/tpotexp/env/lib/python3.10/site-packages/sklearn/base.py", line 1473, in wrapper
    return fit_method(estimator, *args, **kwargs)
  File "/common/ketrong/tpotexp/env/lib/python3.10/site-packages/sklearn/pipeline.py", line 473, in fit
    self._final_estimator.fit(Xt, y, **last_step_params["fit"])
  File "/common/ketrong/tpotexp/env/lib/python3.10/site-packages/sklearn/base.py", line 1466, in wrapper
    estimator._validate_params()
  File "/common/ketrong/tpotexp/env/lib/python3.10/site-packages/sklearn/base.py", line 666, in _validate_params
    validate_parameter_constraints(
  File "/common/ketrong/tpotexp/env/lib/python3.10/site-packages/sklearn/utils/_param_validation.py", line 95, in validate_parameter_constraints
    raise InvalidParameterError(
sklearn.utils._param_validation.InvalidParameterError: The 'criterion' parameter of DecisionTreeRegressor must be a str among {'friedman_mse', 'poisson', 'absolute_error', 'squared_error'}. Got 'mae' instead.

Generation:  18
Best root_mean_squared_error score: -31904.231484321313
Generation:  72%|  | 18/25 [1:00:58<26:26, 226.58s/it]Generation:  19
Best root_mean_squared_error score: -31852.487935693887
Generation:  76%|  | 19/25 [1:03:11<19:50, 198.40s/it]WARNING THIS INDIVIDUAL CAUSED AND EXCEPTION 
 <tpot2.search_spaces.pipelines.sequential.SequentialPipelineIndividual object at 0x15545d987c70> 
 The 'criterion' parameter of DecisionTreeRegressor must be a str among {'friedman_mse', 'poisson', 'absolute_error', 'squared_error'}. Got 'mae' instead. 
 Traceback (most recent call last):
  File "/common/ketrong/tpotexp/tpot2/tpot2/utils/eval_utils.py", line 53, in objective_nan_wrapper
    value = func_timeout.func_timeout(timeout, objective_function, args=[individual], kwargs=objective_kwargs)
  File "/common/ketrong/tpotexp/env/lib/python3.10/site-packages/func_timeout/dafunc.py", line 108, in func_timeout
    raise_exception(exception)
  File "/common/ketrong/tpotexp/env/lib/python3.10/site-packages/func_timeout/py3_raise.py", line 7, in raise_exception
    raise exception[0] from None
  File "/common/ketrong/tpotexp/tpot2/tpot2/tpot_estimator/estimator.py", line 623, in objective_function
    return objective_function_generator(
  File "/common/ketrong/tpotexp/tpot2/tpot2/tpot_estimator/estimator_utils.py", line 55, in objective_function_generator
    cv_obj_scores = cross_val_score_objective(sklearn.base.clone(pipeline),x,y,scorers=scorers, cv=cv , fold=step)
  File "/common/ketrong/tpotexp/tpot2/tpot2/tpot_estimator/cross_val_utils.py", line 28, in cross_val_score_objective
    this_fold_pipeline.fit(X_train,y_train)
  File "/common/ketrong/tpotexp/env/lib/python3.10/site-packages/sklearn/base.py", line 1473, in wrapper
    return fit_method(estimator, *args, **kwargs)
  File "/common/ketrong/tpotexp/env/lib/python3.10/site-packages/sklearn/pipeline.py", line 473, in fit
    self._final_estimator.fit(Xt, y, **last_step_params["fit"])
  File "/common/ketrong/tpotexp/env/lib/python3.10/site-packages/sklearn/base.py", line 1466, in wrapper
    estimator._validate_params()
  File "/common/ketrong/tpotexp/env/lib/python3.10/site-packages/sklearn/base.py", line 666, in _validate_params
    validate_parameter_constraints(
  File "/common/ketrong/tpotexp/env/lib/python3.10/site-packages/sklearn/utils/_param_validation.py", line 95, in validate_parameter_constraints
    raise InvalidParameterError(
sklearn.utils._param_validation.InvalidParameterError: The 'criterion' parameter of DecisionTreeRegressor must be a str among {'friedman_mse', 'poisson', 'absolute_error', 'squared_error'}. Got 'mae' instead.

WARNING THIS INDIVIDUAL CAUSED AND EXCEPTION 
 <tpot2.search_spaces.pipelines.sequential.SequentialPipelineIndividual object at 0x155474d71f00> 
 The 'criterion' parameter of RandomForestRegressor must be a str among {'friedman_mse', 'poisson', 'absolute_error', 'squared_error'}. Got 'mse' instead. 
 Traceback (most recent call last):
  File "/common/ketrong/tpotexp/tpot2/tpot2/utils/eval_utils.py", line 53, in objective_nan_wrapper
    value = func_timeout.func_timeout(timeout, objective_function, args=[individual], kwargs=objective_kwargs)
  File "/common/ketrong/tpotexp/env/lib/python3.10/site-packages/func_timeout/dafunc.py", line 108, in func_timeout
    raise_exception(exception)
  File "/common/ketrong/tpotexp/env/lib/python3.10/site-packages/func_timeout/py3_raise.py", line 7, in raise_exception
    raise exception[0] from None
  File "/common/ketrong/tpotexp/tpot2/tpot2/tpot_estimator/estimator.py", line 623, in objective_function
    return objective_function_generator(
  File "/common/ketrong/tpotexp/tpot2/tpot2/tpot_estimator/estimator_utils.py", line 55, in objective_function_generator
    cv_obj_scores = cross_val_score_objective(sklearn.base.clone(pipeline),x,y,scorers=scorers, cv=cv , fold=step)
  File "/common/ketrong/tpotexp/tpot2/tpot2/tpot_estimator/cross_val_utils.py", line 28, in cross_val_score_objective
    this_fold_pipeline.fit(X_train,y_train)
  File "/common/ketrong/tpotexp/env/lib/python3.10/site-packages/sklearn/base.py", line 1473, in wrapper
    return fit_method(estimator, *args, **kwargs)
  File "/common/ketrong/tpotexp/env/lib/python3.10/site-packages/sklearn/pipeline.py", line 473, in fit
    self._final_estimator.fit(Xt, y, **last_step_params["fit"])
  File "/common/ketrong/tpotexp/env/lib/python3.10/site-packages/sklearn/base.py", line 1466, in wrapper
    estimator._validate_params()
  File "/common/ketrong/tpotexp/env/lib/python3.10/site-packages/sklearn/base.py", line 666, in _validate_params
    validate_parameter_constraints(
  File "/common/ketrong/tpotexp/env/lib/python3.10/site-packages/sklearn/utils/_param_validation.py", line 95, in validate_parameter_constraints
    raise InvalidParameterError(
sklearn.utils._param_validation.InvalidParameterError: The 'criterion' parameter of RandomForestRegressor must be a str among {'friedman_mse', 'poisson', 'absolute_error', 'squared_error'}. Got 'mse' instead.

Generation:  20
Best root_mean_squared_error score: -31852.487935693887
Generation:  80%|  | 20/25 [1:12:48<26:01, 312.30s/it]Generation:  21
Best root_mean_squared_error score: -31852.487935693887
Generation:  84%| | 21/25 [1:16:15<18:42, 280.60s/it]Generation:  22
Best root_mean_squared_error score: -31852.487935693887
Generation:  88%| | 22/25 [1:18:34<11:54, 238.14s/it]WARNING THIS INDIVIDUAL CAUSED AND EXCEPTION 
 <tpot2.search_spaces.pipelines.sequential.SequentialPipelineIndividual object at 0x15545ff24d60> 
 The 'criterion' parameter of ExtraTreesRegressor must be a str among {'friedman_mse', 'poisson', 'absolute_error', 'squared_error'}. Got 'mae' instead. 
 Traceback (most recent call last):
  File "/common/ketrong/tpotexp/tpot2/tpot2/utils/eval_utils.py", line 53, in objective_nan_wrapper
    value = func_timeout.func_timeout(timeout, objective_function, args=[individual], kwargs=objective_kwargs)
  File "/common/ketrong/tpotexp/env/lib/python3.10/site-packages/func_timeout/dafunc.py", line 108, in func_timeout
    raise_exception(exception)
  File "/common/ketrong/tpotexp/env/lib/python3.10/site-packages/func_timeout/py3_raise.py", line 7, in raise_exception
    raise exception[0] from None
  File "/common/ketrong/tpotexp/tpot2/tpot2/tpot_estimator/estimator.py", line 623, in objective_function
    return objective_function_generator(
  File "/common/ketrong/tpotexp/tpot2/tpot2/tpot_estimator/estimator_utils.py", line 55, in objective_function_generator
    cv_obj_scores = cross_val_score_objective(sklearn.base.clone(pipeline),x,y,scorers=scorers, cv=cv , fold=step)
  File "/common/ketrong/tpotexp/tpot2/tpot2/tpot_estimator/cross_val_utils.py", line 28, in cross_val_score_objective
    this_fold_pipeline.fit(X_train,y_train)
  File "/common/ketrong/tpotexp/env/lib/python3.10/site-packages/sklearn/base.py", line 1473, in wrapper
    return fit_method(estimator, *args, **kwargs)
  File "/common/ketrong/tpotexp/env/lib/python3.10/site-packages/sklearn/pipeline.py", line 473, in fit
    self._final_estimator.fit(Xt, y, **last_step_params["fit"])
  File "/common/ketrong/tpotexp/env/lib/python3.10/site-packages/sklearn/base.py", line 1466, in wrapper
    estimator._validate_params()
  File "/common/ketrong/tpotexp/env/lib/python3.10/site-packages/sklearn/base.py", line 666, in _validate_params
    validate_parameter_constraints(
  File "/common/ketrong/tpotexp/env/lib/python3.10/site-packages/sklearn/utils/_param_validation.py", line 95, in validate_parameter_constraints
    raise InvalidParameterError(
sklearn.utils._param_validation.InvalidParameterError: The 'criterion' parameter of ExtraTreesRegressor must be a str among {'friedman_mse', 'poisson', 'absolute_error', 'squared_error'}. Got 'mae' instead.

Generation:  23
Best root_mean_squared_error score: -31852.487935693887
Generation:  92%|| 23/25 [1:21:33<07:20, 220.20s/it]Generation:  24
Best root_mean_squared_error score: -31852.487935693887
Generation:  96%|| 24/25 [1:23:42<03:12, 192.82s/it]Generation:  25
Best root_mean_squared_error score: -31852.487935693887
Generation: 100%|| 25/25 [1:26:17<00:00, 181.67s/it]Generation: 100%|| 25/25 [1:26:57<00:00, 208.70s/it]
2024-09-25 11:20:40,897 - distributed.scheduler - ERROR - Removing worker 'tcp://127.0.0.1:32831' caused the cluster to lose scattered data, which can't be recovered: {'DataFrame-4849a007d34cf0419f2cfa91df79b9dd', 'ndarray-be3b66e760dace7bcc5dc9a06581cca0'} (stimulus_id='handle-worker-cleanup-1727288440.8977995')
Fitted
Pipeline(steps=[('histgradientboostingregressor',
                 HistGradientBoostingRegressor(early_stopping=True,
                                               l2_regularization=0.2383482981079,
                                               learning_rate=0.0385112716016,
                                               max_features=0.4826594061629,
                                               max_leaf_nodes=1880,
                                               min_samples_leaf=51, tol=0.0001,
                                               validation_fraction=None))])
score start
train score: {'explained_var': 0.7506702094957389, 'r2': 0.7506702094619927, 'rmse': 26382.99855256859}
original test score: {'explained_var': 0.6722965296335028, 'r2': 0.6722909080350155, 'rmse': 30261.956130379145}
imputed test score: {'explained_var': 0.6354200813878813, 'r2': 0.635279118205816, 'rmse': 31925.158834111255}
score end
check intended
EXP2 Finished
running experiment 3/3 - What is the best automl settings?
<tpot2.search_spaces.pipelines.sequential.SequentialPipeline object at 0x15543006c970>
Start tpot fit
Version 0.1.7a0 of tpot2 is outdated. Version 0.1.8a0 was released 7 days ago.
Version 0.1.7a0 of tpot2 is outdated. Version 0.1.8a0 was released 7 days ago.
Version 0.1.7a0 of tpot2 is outdated. Version 0.1.8a0 was released 7 days ago.
Version 0.1.7a0 of tpot2 is outdated. Version 0.1.8a0 was released 7 days ago.
Version 0.1.7a0 of tpot2 is outdated. Version 0.1.8a0 was released 7 days ago.
Version 0.1.7a0 of tpot2 is outdated. Version 0.1.8a0 was released 7 days ago.
Version 0.1.7a0 of tpot2 is outdated. Version 0.1.8a0 was released 7 days ago.
Version 0.1.7a0 of tpot2 is outdated. Version 0.1.8a0 was released 7 days ago.
Version 0.1.7a0 of tpot2 is outdated. Version 0.1.8a0 was released 7 days ago.
Version 0.1.7a0 of tpot2 is outdated. Version 0.1.8a0 was released 7 days ago.
Version 0.1.7a0 of tpot2 is outdated. Version 0.1.8a0 was released 7 days ago.
Version 0.1.7a0 of tpot2 is outdated. Version 0.1.8a0 was released 7 days ago.
Version 0.1.7a0 of tpot2 is outdated. Version 0.1.8a0 was released 7 days ago.
Version 0.1.7a0 of tpot2 is outdated. Version 0.1.8a0 was released 7 days ago.
Version 0.1.7a0 of tpot2 is outdated. Version 0.1.8a0 was released 7 days ago.
Version 0.1.7a0 of tpot2 is outdated. Version 0.1.8a0 was released 7 days ago.
  0%|          | 0/25 [00:00<?, ?it/s]Generation:   0%|          | 0/25 [00:00<?, ?it/s]WARNING THIS INDIVIDUAL CAUSED AND EXCEPTION 
 <tpot2.search_spaces.pipelines.sequential.SequentialPipelineIndividual object at 0x155474cd4970> 
 The 'criterion' parameter of RandomForestRegressor must be a str among {'friedman_mse', 'poisson', 'absolute_error', 'squared_error'}. Got 'mae' instead. 
 Traceback (most recent call last):
  File "/common/ketrong/tpotexp/tpot2/tpot2/utils/eval_utils.py", line 53, in objective_nan_wrapper
    value = func_timeout.func_timeout(timeout, objective_function, args=[individual], kwargs=objective_kwargs)
  File "/common/ketrong/tpotexp/env/lib/python3.10/site-packages/func_timeout/dafunc.py", line 108, in func_timeout
    raise_exception(exception)
  File "/common/ketrong/tpotexp/env/lib/python3.10/site-packages/func_timeout/py3_raise.py", line 7, in raise_exception
    raise exception[0] from None
  File "/common/ketrong/tpotexp/tpot2/tpot2/tpot_estimator/estimator.py", line 623, in objective_function
    return objective_function_generator(
  File "/common/ketrong/tpotexp/tpot2/tpot2/tpot_estimator/estimator_utils.py", line 55, in objective_function_generator
    cv_obj_scores = cross_val_score_objective(sklearn.base.clone(pipeline),x,y,scorers=scorers, cv=cv , fold=step)
  File "/common/ketrong/tpotexp/tpot2/tpot2/tpot_estimator/cross_val_utils.py", line 28, in cross_val_score_objective
    this_fold_pipeline.fit(X_train,y_train)
  File "/common/ketrong/tpotexp/env/lib/python3.10/site-packages/sklearn/base.py", line 1473, in wrapper
    return fit_method(estimator, *args, **kwargs)
  File "/common/ketrong/tpotexp/env/lib/python3.10/site-packages/sklearn/pipeline.py", line 473, in fit
    self._final_estimator.fit(Xt, y, **last_step_params["fit"])
  File "/common/ketrong/tpotexp/env/lib/python3.10/site-packages/sklearn/base.py", line 1466, in wrapper
    estimator._validate_params()
  File "/common/ketrong/tpotexp/env/lib/python3.10/site-packages/sklearn/base.py", line 666, in _validate_params
    validate_parameter_constraints(
  File "/common/ketrong/tpotexp/env/lib/python3.10/site-packages/sklearn/utils/_param_validation.py", line 95, in validate_parameter_constraints
    raise InvalidParameterError(
sklearn.utils._param_validation.InvalidParameterError: The 'criterion' parameter of RandomForestRegressor must be a str among {'friedman_mse', 'poisson', 'absolute_error', 'squared_error'}. Got 'mae' instead.

WARNING THIS INDIVIDUAL CAUSED AND EXCEPTION 
 <tpot2.search_spaces.pipelines.sequential.SequentialPipelineIndividual object at 0x155474cd4be0> 
 The 'criterion' parameter of DecisionTreeRegressor must be a str among {'friedman_mse', 'poisson', 'absolute_error', 'squared_error'}. Got 'mae' instead. 
 Traceback (most recent call last):
  File "/common/ketrong/tpotexp/tpot2/tpot2/utils/eval_utils.py", line 53, in objective_nan_wrapper
    value = func_timeout.func_timeout(timeout, objective_function, args=[individual], kwargs=objective_kwargs)
  File "/common/ketrong/tpotexp/env/lib/python3.10/site-packages/func_timeout/dafunc.py", line 108, in func_timeout
    raise_exception(exception)
  File "/common/ketrong/tpotexp/env/lib/python3.10/site-packages/func_timeout/py3_raise.py", line 7, in raise_exception
    raise exception[0] from None
  File "/common/ketrong/tpotexp/tpot2/tpot2/tpot_estimator/estimator.py", line 623, in objective_function
    return objective_function_generator(
  File "/common/ketrong/tpotexp/tpot2/tpot2/tpot_estimator/estimator_utils.py", line 55, in objective_function_generator
    cv_obj_scores = cross_val_score_objective(sklearn.base.clone(pipeline),x,y,scorers=scorers, cv=cv , fold=step)
  File "/common/ketrong/tpotexp/tpot2/tpot2/tpot_estimator/cross_val_utils.py", line 28, in cross_val_score_objective
    this_fold_pipeline.fit(X_train,y_train)
  File "/common/ketrong/tpotexp/env/lib/python3.10/site-packages/sklearn/base.py", line 1473, in wrapper
    return fit_method(estimator, *args, **kwargs)
  File "/common/ketrong/tpotexp/env/lib/python3.10/site-packages/sklearn/pipeline.py", line 473, in fit
    self._final_estimator.fit(Xt, y, **last_step_params["fit"])
  File "/common/ketrong/tpotexp/env/lib/python3.10/site-packages/sklearn/base.py", line 1466, in wrapper
    estimator._validate_params()
  File "/common/ketrong/tpotexp/env/lib/python3.10/site-packages/sklearn/base.py", line 666, in _validate_params
    validate_parameter_constraints(
  File "/common/ketrong/tpotexp/env/lib/python3.10/site-packages/sklearn/utils/_param_validation.py", line 95, in validate_parameter_constraints
    raise InvalidParameterError(
sklearn.utils._param_validation.InvalidParameterError: The 'criterion' parameter of DecisionTreeRegressor must be a str among {'friedman_mse', 'poisson', 'absolute_error', 'squared_error'}. Got 'mae' instead.

WARNING AN INDIVIDUAL TIMED OUT: 
 <tpot2.search_spaces.pipelines.sequential.SequentialPipelineIndividual object at 0x155474cd5270> 

WARNING AN INDIVIDUAL TIMED OUT: 
 <tpot2.search_spaces.pipelines.sequential.SequentialPipelineIndividual object at 0x155474cd52d0> 

WARNING AN INDIVIDUAL TIMED OUT: 
 <tpot2.search_spaces.pipelines.sequential.SequentialPipelineIndividual object at 0x155474cd4a00> 

Generation:  1
Best root_mean_squared_error score: -37936.95037121067
Generation:   4%|         | 1/25 [10:03<4:01:20, 603.34s/it]WARNING THIS INDIVIDUAL CAUSED AND EXCEPTION 
 <tpot2.search_spaces.pipelines.sequential.SequentialPipelineIndividual object at 0x155474d37430> 
 Input X contains NaN.
LinearSVR does not accept missing values encoded as NaN natively. For supervised learning, you might want to consider sklearn.ensemble.HistGradientBoostingClassifier and Regressor which accept missing values encoded as NaNs natively. Alternatively, it is possible to preprocess the data, for instance by using an imputer transformer in a pipeline or drop samples with missing values. See https://scikit-learn.org/stable/modules/impute.html You can find a list of all estimators that handle NaN values at the following page: https://scikit-learn.org/stable/modules/impute.html#estimators-that-handle-nan-values 
 Traceback (most recent call last):
  File "/common/ketrong/tpotexp/tpot2/tpot2/utils/eval_utils.py", line 53, in objective_nan_wrapper
    value = func_timeout.func_timeout(timeout, objective_function, args=[individual], kwargs=objective_kwargs)
  File "/common/ketrong/tpotexp/env/lib/python3.10/site-packages/func_timeout/dafunc.py", line 108, in func_timeout
    raise_exception(exception)
  File "/common/ketrong/tpotexp/env/lib/python3.10/site-packages/func_timeout/py3_raise.py", line 7, in raise_exception
    raise exception[0] from None
  File "/common/ketrong/tpotexp/tpot2/tpot2/tpot_estimator/estimator.py", line 623, in objective_function
    return objective_function_generator(
  File "/common/ketrong/tpotexp/tpot2/tpot2/tpot_estimator/estimator_utils.py", line 55, in objective_function_generator
    cv_obj_scores = cross_val_score_objective(sklearn.base.clone(pipeline),x,y,scorers=scorers, cv=cv , fold=step)
  File "/common/ketrong/tpotexp/tpot2/tpot2/tpot_estimator/cross_val_utils.py", line 28, in cross_val_score_objective
    this_fold_pipeline.fit(X_train,y_train)
  File "/common/ketrong/tpotexp/env/lib/python3.10/site-packages/sklearn/base.py", line 1473, in wrapper
    return fit_method(estimator, *args, **kwargs)
  File "/common/ketrong/tpotexp/env/lib/python3.10/site-packages/sklearn/pipeline.py", line 473, in fit
    self._final_estimator.fit(Xt, y, **last_step_params["fit"])
  File "/common/ketrong/tpotexp/env/lib/python3.10/site-packages/sklearn/base.py", line 1473, in wrapper
    return fit_method(estimator, *args, **kwargs)
  File "/common/ketrong/tpotexp/env/lib/python3.10/site-packages/sklearn/svm/_classes.py", line 569, in fit
    X, y = self._validate_data(
  File "/common/ketrong/tpotexp/env/lib/python3.10/site-packages/sklearn/base.py", line 650, in _validate_data
    X, y = check_X_y(X, y, **check_params)
  File "/common/ketrong/tpotexp/env/lib/python3.10/site-packages/sklearn/utils/validation.py", line 1301, in check_X_y
    X = check_array(
  File "/common/ketrong/tpotexp/env/lib/python3.10/site-packages/sklearn/utils/validation.py", line 1064, in check_array
    _assert_all_finite(
  File "/common/ketrong/tpotexp/env/lib/python3.10/site-packages/sklearn/utils/validation.py", line 123, in _assert_all_finite
    _assert_all_finite_element_wise(
  File "/common/ketrong/tpotexp/env/lib/python3.10/site-packages/sklearn/utils/validation.py", line 172, in _assert_all_finite_element_wise
    raise ValueError(msg_err)
ValueError: Input X contains NaN.
LinearSVR does not accept missing values encoded as NaN natively. For supervised learning, you might want to consider sklearn.ensemble.HistGradientBoostingClassifier and Regressor which accept missing values encoded as NaNs natively. Alternatively, it is possible to preprocess the data, for instance by using an imputer transformer in a pipeline or drop samples with missing values. See https://scikit-learn.org/stable/modules/impute.html You can find a list of all estimators that handle NaN values at the following page: https://scikit-learn.org/stable/modules/impute.html#estimators-that-handle-nan-values

WARNING AN INDIVIDUAL TIMED OUT: 
 <tpot2.search_spaces.pipelines.sequential.SequentialPipelineIndividual object at 0x155474d4dff0> 

Generation:  2
Best root_mean_squared_error score: -31931.13180638351
Generation:   8%|         | 2/25 [20:07<3:51:21, 603.56s/it]WARNING AN INDIVIDUAL TIMED OUT: 
 <tpot2.search_spaces.pipelines.sequential.SequentialPipelineIndividual object at 0x155474d4d060> 

WARNING AN INDIVIDUAL TIMED OUT: 
 <tpot2.search_spaces.pipelines.sequential.SequentialPipelineIndividual object at 0x155474d4e410> 

WARNING AN INDIVIDUAL TIMED OUT: 
 <tpot2.search_spaces.pipelines.sequential.SequentialPipelineIndividual object at 0x155474d1b700> 

Generation:  3
Best root_mean_squared_error score: -31931.13180638351
Generation:  12%|        | 3/25 [30:11<3:41:30, 604.11s/it]WARNING AN INDIVIDUAL TIMED OUT: 
 <tpot2.search_spaces.pipelines.sequential.SequentialPipelineIndividual object at 0x155474d34520> 

WARNING AN INDIVIDUAL TIMED OUT: 
 <tpot2.search_spaces.pipelines.sequential.SequentialPipelineIndividual object at 0x155474d53760> 

Generation:  4
Best root_mean_squared_error score: -31931.13180638351
Generation:  16%|        | 4/25 [40:16<3:31:30, 604.31s/it]WARNING THIS INDIVIDUAL CAUSED AND EXCEPTION 
 <tpot2.search_spaces.pipelines.sequential.SequentialPipelineIndividual object at 0x155474cd6d10> 
 The 'criterion' parameter of RandomForestRegressor must be a str among {'friedman_mse', 'poisson', 'absolute_error', 'squared_error'}. Got 'mse' instead. 
 Traceback (most recent call last):
  File "/common/ketrong/tpotexp/tpot2/tpot2/utils/eval_utils.py", line 53, in objective_nan_wrapper
    value = func_timeout.func_timeout(timeout, objective_function, args=[individual], kwargs=objective_kwargs)
  File "/common/ketrong/tpotexp/env/lib/python3.10/site-packages/func_timeout/dafunc.py", line 108, in func_timeout
    raise_exception(exception)
  File "/common/ketrong/tpotexp/env/lib/python3.10/site-packages/func_timeout/py3_raise.py", line 7, in raise_exception
    raise exception[0] from None
  File "/common/ketrong/tpotexp/tpot2/tpot2/tpot_estimator/estimator.py", line 623, in objective_function
    return objective_function_generator(
  File "/common/ketrong/tpotexp/tpot2/tpot2/tpot_estimator/estimator_utils.py", line 55, in objective_function_generator
    cv_obj_scores = cross_val_score_objective(sklearn.base.clone(pipeline),x,y,scorers=scorers, cv=cv , fold=step)
  File "/common/ketrong/tpotexp/tpot2/tpot2/tpot_estimator/cross_val_utils.py", line 28, in cross_val_score_objective
    this_fold_pipeline.fit(X_train,y_train)
  File "/common/ketrong/tpotexp/env/lib/python3.10/site-packages/sklearn/base.py", line 1473, in wrapper
    return fit_method(estimator, *args, **kwargs)
  File "/common/ketrong/tpotexp/env/lib/python3.10/site-packages/sklearn/pipeline.py", line 473, in fit
    self._final_estimator.fit(Xt, y, **last_step_params["fit"])
  File "/common/ketrong/tpotexp/env/lib/python3.10/site-packages/sklearn/base.py", line 1466, in wrapper
    estimator._validate_params()
  File "/common/ketrong/tpotexp/env/lib/python3.10/site-packages/sklearn/base.py", line 666, in _validate_params
    validate_parameter_constraints(
  File "/common/ketrong/tpotexp/env/lib/python3.10/site-packages/sklearn/utils/_param_validation.py", line 95, in validate_parameter_constraints
    raise InvalidParameterError(
sklearn.utils._param_validation.InvalidParameterError: The 'criterion' parameter of RandomForestRegressor must be a str among {'friedman_mse', 'poisson', 'absolute_error', 'squared_error'}. Got 'mse' instead.

WARNING AN INDIVIDUAL TIMED OUT: 
 <tpot2.search_spaces.pipelines.sequential.SequentialPipelineIndividual object at 0x155456bef130> 

WARNING AN INDIVIDUAL TIMED OUT: 
 <tpot2.search_spaces.pipelines.sequential.SequentialPipelineIndividual object at 0x1554546e4580> 

Generation:  5
Best root_mean_squared_error score: -31931.13180638351
Generation:  20%|        | 5/25 [50:22<3:21:39, 604.98s/it]WARNING AN INDIVIDUAL TIMED OUT: 
 <tpot2.search_spaces.pipelines.sequential.SequentialPipelineIndividual object at 0x15545fa3b6a0> 

Generation:  6
Best root_mean_squared_error score: -31931.13180638351
Generation:  24%|       | 6/25 [1:00:27<3:11:33, 604.91s/it]WARNING AN INDIVIDUAL TIMED OUT: 
 <tpot2.search_spaces.pipelines.sequential.SequentialPipelineIndividual object at 0x15545f698f10> 

Generation:  7
Best root_mean_squared_error score: -31931.13180638351
Generation:  28%|       | 7/25 [1:10:31<3:01:26, 604.78s/it]WARNING THIS INDIVIDUAL CAUSED AND EXCEPTION 
 <tpot2.search_spaces.pipelines.sequential.SequentialPipelineIndividual object at 0x15545ce0aa10> 
 The 'criterion' parameter of RandomForestRegressor must be a str among {'friedman_mse', 'poisson', 'absolute_error', 'squared_error'}. Got 'mae' instead. 
 Traceback (most recent call last):
  File "/common/ketrong/tpotexp/tpot2/tpot2/utils/eval_utils.py", line 53, in objective_nan_wrapper
    value = func_timeout.func_timeout(timeout, objective_function, args=[individual], kwargs=objective_kwargs)
  File "/common/ketrong/tpotexp/env/lib/python3.10/site-packages/func_timeout/dafunc.py", line 108, in func_timeout
    raise_exception(exception)
  File "/common/ketrong/tpotexp/env/lib/python3.10/site-packages/func_timeout/py3_raise.py", line 7, in raise_exception
    raise exception[0] from None
  File "/common/ketrong/tpotexp/tpot2/tpot2/tpot_estimator/estimator.py", line 623, in objective_function
    return objective_function_generator(
  File "/common/ketrong/tpotexp/tpot2/tpot2/tpot_estimator/estimator_utils.py", line 55, in objective_function_generator
    cv_obj_scores = cross_val_score_objective(sklearn.base.clone(pipeline),x,y,scorers=scorers, cv=cv , fold=step)
  File "/common/ketrong/tpotexp/tpot2/tpot2/tpot_estimator/cross_val_utils.py", line 28, in cross_val_score_objective
    this_fold_pipeline.fit(X_train,y_train)
  File "/common/ketrong/tpotexp/env/lib/python3.10/site-packages/sklearn/base.py", line 1473, in wrapper
    return fit_method(estimator, *args, **kwargs)
  File "/common/ketrong/tpotexp/env/lib/python3.10/site-packages/sklearn/pipeline.py", line 473, in fit
    self._final_estimator.fit(Xt, y, **last_step_params["fit"])
  File "/common/ketrong/tpotexp/env/lib/python3.10/site-packages/sklearn/base.py", line 1466, in wrapper
    estimator._validate_params()
  File "/common/ketrong/tpotexp/env/lib/python3.10/site-packages/sklearn/base.py", line 666, in _validate_params
    validate_parameter_constraints(
  File "/common/ketrong/tpotexp/env/lib/python3.10/site-packages/sklearn/utils/_param_validation.py", line 95, in validate_parameter_constraints
    raise InvalidParameterError(
sklearn.utils._param_validation.InvalidParameterError: The 'criterion' parameter of RandomForestRegressor must be a str among {'friedman_mse', 'poisson', 'absolute_error', 'squared_error'}. Got 'mae' instead.

Generation:  8
Best root_mean_squared_error score: -31906.706933697347
Generation:  32%|      | 8/25 [1:15:21<2:22:57, 504.58s/it]WARNING THIS INDIVIDUAL CAUSED AND EXCEPTION 
 <tpot2.search_spaces.pipelines.sequential.SequentialPipelineIndividual object at 0x155474d4c130> 
 The 'criterion' parameter of DecisionTreeRegressor must be a str among {'friedman_mse', 'poisson', 'absolute_error', 'squared_error'}. Got 'mae' instead. 
 Traceback (most recent call last):
  File "/common/ketrong/tpotexp/tpot2/tpot2/utils/eval_utils.py", line 53, in objective_nan_wrapper
    value = func_timeout.func_timeout(timeout, objective_function, args=[individual], kwargs=objective_kwargs)
  File "/common/ketrong/tpotexp/env/lib/python3.10/site-packages/func_timeout/dafunc.py", line 108, in func_timeout
    raise_exception(exception)
  File "/common/ketrong/tpotexp/env/lib/python3.10/site-packages/func_timeout/py3_raise.py", line 7, in raise_exception
    raise exception[0] from None
  File "/common/ketrong/tpotexp/tpot2/tpot2/tpot_estimator/estimator.py", line 623, in objective_function
    return objective_function_generator(
  File "/common/ketrong/tpotexp/tpot2/tpot2/tpot_estimator/estimator_utils.py", line 55, in objective_function_generator
    cv_obj_scores = cross_val_score_objective(sklearn.base.clone(pipeline),x,y,scorers=scorers, cv=cv , fold=step)
  File "/common/ketrong/tpotexp/tpot2/tpot2/tpot_estimator/cross_val_utils.py", line 28, in cross_val_score_objective
    this_fold_pipeline.fit(X_train,y_train)
  File "/common/ketrong/tpotexp/env/lib/python3.10/site-packages/sklearn/base.py", line 1473, in wrapper
    return fit_method(estimator, *args, **kwargs)
  File "/common/ketrong/tpotexp/env/lib/python3.10/site-packages/sklearn/pipeline.py", line 473, in fit
    self._final_estimator.fit(Xt, y, **last_step_params["fit"])
  File "/common/ketrong/tpotexp/env/lib/python3.10/site-packages/sklearn/base.py", line 1466, in wrapper
    estimator._validate_params()
  File "/common/ketrong/tpotexp/env/lib/python3.10/site-packages/sklearn/base.py", line 666, in _validate_params
    validate_parameter_constraints(
  File "/common/ketrong/tpotexp/env/lib/python3.10/site-packages/sklearn/utils/_param_validation.py", line 95, in validate_parameter_constraints
    raise InvalidParameterError(
sklearn.utils._param_validation.InvalidParameterError: The 'criterion' parameter of DecisionTreeRegressor must be a str among {'friedman_mse', 'poisson', 'absolute_error', 'squared_error'}. Got 'mae' instead.

WARNING AN INDIVIDUAL TIMED OUT: 
 <tpot2.search_spaces.pipelines.sequential.SequentialPipelineIndividual object at 0x1554546b12a0> 

Generation:  9
Best root_mean_squared_error score: -31906.706933697347
Generation:  36%|      | 9/25 [1:25:28<2:23:02, 536.40s/it]WARNING AN INDIVIDUAL TIMED OUT: 
 <tpot2.search_spaces.pipelines.sequential.SequentialPipelineIndividual object at 0x155456f17820> 

Generation:  10
Best root_mean_squared_error score: -31786.983468569444
Generation:  40%|      | 10/25 [1:35:34<2:19:30, 558.06s/it]WARNING THIS INDIVIDUAL CAUSED AND EXCEPTION 
 <tpot2.search_spaces.pipelines.sequential.SequentialPipelineIndividual object at 0x1553e109c940> 
 The 'criterion' parameter of RandomForestRegressor must be a str among {'friedman_mse', 'poisson', 'absolute_error', 'squared_error'}. Got 'mse' instead. 
 Traceback (most recent call last):
  File "/common/ketrong/tpotexp/tpot2/tpot2/utils/eval_utils.py", line 53, in objective_nan_wrapper
    value = func_timeout.func_timeout(timeout, objective_function, args=[individual], kwargs=objective_kwargs)
  File "/common/ketrong/tpotexp/env/lib/python3.10/site-packages/func_timeout/dafunc.py", line 108, in func_timeout
    raise_exception(exception)
  File "/common/ketrong/tpotexp/env/lib/python3.10/site-packages/func_timeout/py3_raise.py", line 7, in raise_exception
    raise exception[0] from None
  File "/common/ketrong/tpotexp/tpot2/tpot2/tpot_estimator/estimator.py", line 623, in objective_function
    return objective_function_generator(
  File "/common/ketrong/tpotexp/tpot2/tpot2/tpot_estimator/estimator_utils.py", line 55, in objective_function_generator
    cv_obj_scores = cross_val_score_objective(sklearn.base.clone(pipeline),x,y,scorers=scorers, cv=cv , fold=step)
  File "/common/ketrong/tpotexp/tpot2/tpot2/tpot_estimator/cross_val_utils.py", line 28, in cross_val_score_objective
    this_fold_pipeline.fit(X_train,y_train)
  File "/common/ketrong/tpotexp/env/lib/python3.10/site-packages/sklearn/base.py", line 1473, in wrapper
    return fit_method(estimator, *args, **kwargs)
  File "/common/ketrong/tpotexp/env/lib/python3.10/site-packages/sklearn/pipeline.py", line 473, in fit
    self._final_estimator.fit(Xt, y, **last_step_params["fit"])
  File "/common/ketrong/tpotexp/env/lib/python3.10/site-packages/sklearn/base.py", line 1466, in wrapper
    estimator._validate_params()
  File "/common/ketrong/tpotexp/env/lib/python3.10/site-packages/sklearn/base.py", line 666, in _validate_params
    validate_parameter_constraints(
  File "/common/ketrong/tpotexp/env/lib/python3.10/site-packages/sklearn/utils/_param_validation.py", line 95, in validate_parameter_constraints
    raise InvalidParameterError(
sklearn.utils._param_validation.InvalidParameterError: The 'criterion' parameter of RandomForestRegressor must be a str among {'friedman_mse', 'poisson', 'absolute_error', 'squared_error'}. Got 'mse' instead.

WARNING AN INDIVIDUAL TIMED OUT: 
 <tpot2.search_spaces.pipelines.sequential.SequentialPipelineIndividual object at 0x155474d1cbb0> 

Generation:  11
Best root_mean_squared_error score: -31786.983468569444
Generation:  44%|     | 11/25 [1:45:41<2:13:41, 572.94s/it]WARNING THIS INDIVIDUAL CAUSED AND EXCEPTION 
 <tpot2.search_spaces.pipelines.sequential.SequentialPipelineIndividual object at 0x155456c5a860> 
 The 'criterion' parameter of DecisionTreeRegressor must be a str among {'friedman_mse', 'poisson', 'absolute_error', 'squared_error'}. Got 'mae' instead. 
 Traceback (most recent call last):
  File "/common/ketrong/tpotexp/tpot2/tpot2/utils/eval_utils.py", line 53, in objective_nan_wrapper
    value = func_timeout.func_timeout(timeout, objective_function, args=[individual], kwargs=objective_kwargs)
  File "/common/ketrong/tpotexp/env/lib/python3.10/site-packages/func_timeout/dafunc.py", line 108, in func_timeout
    raise_exception(exception)
  File "/common/ketrong/tpotexp/env/lib/python3.10/site-packages/func_timeout/py3_raise.py", line 7, in raise_exception
    raise exception[0] from None
  File "/common/ketrong/tpotexp/tpot2/tpot2/tpot_estimator/estimator.py", line 623, in objective_function
    return objective_function_generator(
  File "/common/ketrong/tpotexp/tpot2/tpot2/tpot_estimator/estimator_utils.py", line 55, in objective_function_generator
    cv_obj_scores = cross_val_score_objective(sklearn.base.clone(pipeline),x,y,scorers=scorers, cv=cv , fold=step)
  File "/common/ketrong/tpotexp/tpot2/tpot2/tpot_estimator/cross_val_utils.py", line 28, in cross_val_score_objective
    this_fold_pipeline.fit(X_train,y_train)
  File "/common/ketrong/tpotexp/env/lib/python3.10/site-packages/sklearn/base.py", line 1473, in wrapper
    return fit_method(estimator, *args, **kwargs)
  File "/common/ketrong/tpotexp/env/lib/python3.10/site-packages/sklearn/pipeline.py", line 473, in fit
    self._final_estimator.fit(Xt, y, **last_step_params["fit"])
  File "/common/ketrong/tpotexp/env/lib/python3.10/site-packages/sklearn/base.py", line 1466, in wrapper
    estimator._validate_params()
  File "/common/ketrong/tpotexp/env/lib/python3.10/site-packages/sklearn/base.py", line 666, in _validate_params
    validate_parameter_constraints(
  File "/common/ketrong/tpotexp/env/lib/python3.10/site-packages/sklearn/utils/_param_validation.py", line 95, in validate_parameter_constraints
    raise InvalidParameterError(
sklearn.utils._param_validation.InvalidParameterError: The 'criterion' parameter of DecisionTreeRegressor must be a str among {'friedman_mse', 'poisson', 'absolute_error', 'squared_error'}. Got 'mae' instead.

Generation:  12
Best root_mean_squared_error score: -31786.983468569444
Generation:  48%|     | 12/25 [1:46:27<1:29:23, 412.55s/it]WARNING THIS INDIVIDUAL CAUSED AND EXCEPTION 
 <tpot2.search_spaces.pipelines.sequential.SequentialPipelineIndividual object at 0x15537a9dece0> 
 ForestRegressor.predict() got an unexpected keyword argument 'return_std' 
 Traceback (most recent call last):
  File "/common/ketrong/tpotexp/tpot2/tpot2/utils/eval_utils.py", line 53, in objective_nan_wrapper
    value = func_timeout.func_timeout(timeout, objective_function, args=[individual], kwargs=objective_kwargs)
  File "/common/ketrong/tpotexp/env/lib/python3.10/site-packages/func_timeout/dafunc.py", line 108, in func_timeout
    raise_exception(exception)
  File "/common/ketrong/tpotexp/env/lib/python3.10/site-packages/func_timeout/py3_raise.py", line 7, in raise_exception
    raise exception[0] from None
  File "/common/ketrong/tpotexp/tpot2/tpot2/tpot_estimator/estimator.py", line 623, in objective_function
    return objective_function_generator(
  File "/common/ketrong/tpotexp/tpot2/tpot2/tpot_estimator/estimator_utils.py", line 55, in objective_function_generator
    cv_obj_scores = cross_val_score_objective(sklearn.base.clone(pipeline),x,y,scorers=scorers, cv=cv , fold=step)
  File "/common/ketrong/tpotexp/tpot2/tpot2/tpot_estimator/cross_val_utils.py", line 28, in cross_val_score_objective
    this_fold_pipeline.fit(X_train,y_train)
  File "/common/ketrong/tpotexp/env/lib/python3.10/site-packages/sklearn/base.py", line 1473, in wrapper
    return fit_method(estimator, *args, **kwargs)
  File "/common/ketrong/tpotexp/env/lib/python3.10/site-packages/sklearn/pipeline.py", line 469, in fit
    Xt = self._fit(X, y, routed_params)
  File "/common/ketrong/tpotexp/env/lib/python3.10/site-packages/sklearn/pipeline.py", line 406, in _fit
    X, fitted_transformer = fit_transform_one_cached(
  File "/common/ketrong/tpotexp/env/lib/python3.10/site-packages/joblib/memory.py", line 312, in __call__
    return self.func(*args, **kwargs)
  File "/common/ketrong/tpotexp/env/lib/python3.10/site-packages/sklearn/pipeline.py", line 1310, in _fit_transform_one
    res = transformer.fit_transform(X, y, **params.get("fit_transform", {}))
  File "/common/ketrong/tpotexp/env/lib/python3.10/site-packages/sklearn/utils/_set_output.py", line 313, in wrapped
    data_to_wrap = f(self, X, *args, **kwargs)
  File "/common/ketrong/tpotexp/env/lib/python3.10/site-packages/sklearn/base.py", line 1473, in wrapper
    return fit_method(estimator, *args, **kwargs)
  File "/common/ketrong/tpotexp/env/lib/python3.10/site-packages/sklearn/impute/_iterative.py", line 789, in fit_transform
    Xt, estimator = self._impute_one_feature(
  File "/common/ketrong/tpotexp/env/lib/python3.10/site-packages/sklearn/impute/_iterative.py", line 431, in _impute_one_feature
    mus, sigmas = estimator.predict(X_test, return_std=True)
TypeError: ForestRegressor.predict() got an unexpected keyword argument 'return_std'

WARNING AN INDIVIDUAL TIMED OUT: 
 <tpot2.search_spaces.pipelines.sequential.SequentialPipelineIndividual object at 0x1554570569e0> 

Generation:  13
Best root_mean_squared_error score: -31786.983468569444
Generation:  52%|    | 13/25 [1:56:33<1:34:15, 471.29s/it]WARNING THIS INDIVIDUAL CAUSED AND EXCEPTION 
 <tpot2.search_spaces.pipelines.sequential.SequentialPipelineIndividual object at 0x1554744cc1f0> 
 The 'criterion' parameter of RandomForestRegressor must be a str among {'friedman_mse', 'poisson', 'absolute_error', 'squared_error'}. Got 'mae' instead. 
 Traceback (most recent call last):
  File "/common/ketrong/tpotexp/tpot2/tpot2/utils/eval_utils.py", line 53, in objective_nan_wrapper
    value = func_timeout.func_timeout(timeout, objective_function, args=[individual], kwargs=objective_kwargs)
  File "/common/ketrong/tpotexp/env/lib/python3.10/site-packages/func_timeout/dafunc.py", line 108, in func_timeout
    raise_exception(exception)
  File "/common/ketrong/tpotexp/env/lib/python3.10/site-packages/func_timeout/py3_raise.py", line 7, in raise_exception
    raise exception[0] from None
  File "/common/ketrong/tpotexp/tpot2/tpot2/tpot_estimator/estimator.py", line 623, in objective_function
    return objective_function_generator(
  File "/common/ketrong/tpotexp/tpot2/tpot2/tpot_estimator/estimator_utils.py", line 55, in objective_function_generator
    cv_obj_scores = cross_val_score_objective(sklearn.base.clone(pipeline),x,y,scorers=scorers, cv=cv , fold=step)
  File "/common/ketrong/tpotexp/tpot2/tpot2/tpot_estimator/cross_val_utils.py", line 28, in cross_val_score_objective
    this_fold_pipeline.fit(X_train,y_train)
  File "/common/ketrong/tpotexp/env/lib/python3.10/site-packages/sklearn/base.py", line 1473, in wrapper
    return fit_method(estimator, *args, **kwargs)
  File "/common/ketrong/tpotexp/env/lib/python3.10/site-packages/sklearn/pipeline.py", line 473, in fit
    self._final_estimator.fit(Xt, y, **last_step_params["fit"])
  File "/common/ketrong/tpotexp/env/lib/python3.10/site-packages/sklearn/base.py", line 1466, in wrapper
    estimator._validate_params()
  File "/common/ketrong/tpotexp/env/lib/python3.10/site-packages/sklearn/base.py", line 666, in _validate_params
    validate_parameter_constraints(
  File "/common/ketrong/tpotexp/env/lib/python3.10/site-packages/sklearn/utils/_param_validation.py", line 95, in validate_parameter_constraints
    raise InvalidParameterError(
sklearn.utils._param_validation.InvalidParameterError: The 'criterion' parameter of RandomForestRegressor must be a str among {'friedman_mse', 'poisson', 'absolute_error', 'squared_error'}. Got 'mae' instead.

Generation:  14
Best root_mean_squared_error score: -31779.76102366097
Generation:  56%|    | 14/25 [1:57:24<1:03:08, 344.37s/it]Generation:  15
Best root_mean_squared_error score: -31779.76102366097
Generation:  60%|    | 15/25 [2:04:11<1:00:30, 363.07s/it]WARNING THIS INDIVIDUAL CAUSED AND EXCEPTION 
 <tpot2.search_spaces.pipelines.sequential.SequentialPipelineIndividual object at 0x15545431fe80> 
 The 'criterion' parameter of ExtraTreesRegressor must be a str among {'friedman_mse', 'poisson', 'absolute_error', 'squared_error'}. Got 'mae' instead. 
 Traceback (most recent call last):
  File "/common/ketrong/tpotexp/tpot2/tpot2/utils/eval_utils.py", line 53, in objective_nan_wrapper
    value = func_timeout.func_timeout(timeout, objective_function, args=[individual], kwargs=objective_kwargs)
  File "/common/ketrong/tpotexp/env/lib/python3.10/site-packages/func_timeout/dafunc.py", line 108, in func_timeout
    raise_exception(exception)
  File "/common/ketrong/tpotexp/env/lib/python3.10/site-packages/func_timeout/py3_raise.py", line 7, in raise_exception
    raise exception[0] from None
  File "/common/ketrong/tpotexp/tpot2/tpot2/tpot_estimator/estimator.py", line 623, in objective_function
    return objective_function_generator(
  File "/common/ketrong/tpotexp/tpot2/tpot2/tpot_estimator/estimator_utils.py", line 55, in objective_function_generator
    cv_obj_scores = cross_val_score_objective(sklearn.base.clone(pipeline),x,y,scorers=scorers, cv=cv , fold=step)
  File "/common/ketrong/tpotexp/tpot2/tpot2/tpot_estimator/cross_val_utils.py", line 28, in cross_val_score_objective
    this_fold_pipeline.fit(X_train,y_train)
  File "/common/ketrong/tpotexp/env/lib/python3.10/site-packages/sklearn/base.py", line 1473, in wrapper
    return fit_method(estimator, *args, **kwargs)
  File "/common/ketrong/tpotexp/env/lib/python3.10/site-packages/sklearn/pipeline.py", line 473, in fit
    self._final_estimator.fit(Xt, y, **last_step_params["fit"])
  File "/common/ketrong/tpotexp/env/lib/python3.10/site-packages/sklearn/base.py", line 1466, in wrapper
    estimator._validate_params()
  File "/common/ketrong/tpotexp/env/lib/python3.10/site-packages/sklearn/base.py", line 666, in _validate_params
    validate_parameter_constraints(
  File "/common/ketrong/tpotexp/env/lib/python3.10/site-packages/sklearn/utils/_param_validation.py", line 95, in validate_parameter_constraints
    raise InvalidParameterError(
sklearn.utils._param_validation.InvalidParameterError: The 'criterion' parameter of ExtraTreesRegressor must be a str among {'friedman_mse', 'poisson', 'absolute_error', 'squared_error'}. Got 'mae' instead.

Generation:  16
Best root_mean_squared_error score: -31750.37741263142
Generation:  64%|   | 16/25 [2:05:13<40:53, 272.60s/it]  Generation:  17
Best root_mean_squared_error score: -31750.37741263142
Generation:  68%|   | 17/25 [2:05:57<27:09, 203.66s/it]WARNING AN INDIVIDUAL TIMED OUT: 
 <tpot2.search_spaces.pipelines.sequential.SequentialPipelineIndividual object at 0x15536bd33e50> 

Generation:  18
Best root_mean_squared_error score: -31750.37741263142
Generation:  72%|  | 18/25 [2:16:03<37:52, 324.60s/it]WARNING AN INDIVIDUAL TIMED OUT: 
 <tpot2.search_spaces.pipelines.sequential.SequentialPipelineIndividual object at 0x1554541edea0> 

WARNING AN INDIVIDUAL TIMED OUT: 
 <tpot2.search_spaces.pipelines.sequential.SequentialPipelineIndividual object at 0x1553b8713220> 

Generation:  19
Best root_mean_squared_error score: -31750.37741263142
Generation:  76%|  | 19/25 [2:26:10<40:56, 409.41s/it]WARNING AN INDIVIDUAL TIMED OUT: 
 <tpot2.search_spaces.pipelines.sequential.SequentialPipelineIndividual object at 0x155474d4f8e0> 

Generation:  20
Best root_mean_squared_error score: -31750.37741263142
Generation:  80%|  | 20/25 [2:36:17<39:04, 468.99s/it]Generation:  21
Best root_mean_squared_error score: -31750.37741263142
Generation:  84%| | 21/25 [2:37:19<23:06, 346.58s/it]WARNING THIS INDIVIDUAL CAUSED AND EXCEPTION 
 <tpot2.search_spaces.pipelines.sequential.SequentialPipelineIndividual object at 0x15547419d4e0> 
 The 'criterion' parameter of ExtraTreesRegressor must be a str among {'friedman_mse', 'poisson', 'absolute_error', 'squared_error'}. Got 'mae' instead. 
 Traceback (most recent call last):
  File "/common/ketrong/tpotexp/tpot2/tpot2/utils/eval_utils.py", line 53, in objective_nan_wrapper
    value = func_timeout.func_timeout(timeout, objective_function, args=[individual], kwargs=objective_kwargs)
  File "/common/ketrong/tpotexp/env/lib/python3.10/site-packages/func_timeout/dafunc.py", line 108, in func_timeout
    raise_exception(exception)
  File "/common/ketrong/tpotexp/env/lib/python3.10/site-packages/func_timeout/py3_raise.py", line 7, in raise_exception
    raise exception[0] from None
  File "/common/ketrong/tpotexp/tpot2/tpot2/tpot_estimator/estimator.py", line 623, in objective_function
    return objective_function_generator(
  File "/common/ketrong/tpotexp/tpot2/tpot2/tpot_estimator/estimator_utils.py", line 55, in objective_function_generator
    cv_obj_scores = cross_val_score_objective(sklearn.base.clone(pipeline),x,y,scorers=scorers, cv=cv , fold=step)
  File "/common/ketrong/tpotexp/tpot2/tpot2/tpot_estimator/cross_val_utils.py", line 28, in cross_val_score_objective
    this_fold_pipeline.fit(X_train,y_train)
  File "/common/ketrong/tpotexp/env/lib/python3.10/site-packages/sklearn/base.py", line 1473, in wrapper
    return fit_method(estimator, *args, **kwargs)
  File "/common/ketrong/tpotexp/env/lib/python3.10/site-packages/sklearn/pipeline.py", line 473, in fit
    self._final_estimator.fit(Xt, y, **last_step_params["fit"])
  File "/common/ketrong/tpotexp/env/lib/python3.10/site-packages/sklearn/base.py", line 1466, in wrapper
    estimator._validate_params()
  File "/common/ketrong/tpotexp/env/lib/python3.10/site-packages/sklearn/base.py", line 666, in _validate_params
    validate_parameter_constraints(
  File "/common/ketrong/tpotexp/env/lib/python3.10/site-packages/sklearn/utils/_param_validation.py", line 95, in validate_parameter_constraints
    raise InvalidParameterError(
sklearn.utils._param_validation.InvalidParameterError: The 'criterion' parameter of ExtraTreesRegressor must be a str among {'friedman_mse', 'poisson', 'absolute_error', 'squared_error'}. Got 'mae' instead.

Generation:  22
Best root_mean_squared_error score: -31750.37741263142
Generation:  88%| | 22/25 [2:38:05<12:49, 256.55s/it]WARNING AN INDIVIDUAL TIMED OUT: 
 <tpot2.search_spaces.pipelines.sequential.SequentialPipelineIndividual object at 0x155474d61a50> 

WARNING AN INDIVIDUAL TIMED OUT: 
 <tpot2.search_spaces.pipelines.sequential.SequentialPipelineIndividual object at 0x1554543626e0> 

Generation:  23
Best root_mean_squared_error score: -31750.37741263142
Generation:  92%|| 23/25 [2:48:10<12:02, 361.10s/it]WARNING AN INDIVIDUAL TIMED OUT: 
 <tpot2.search_spaces.pipelines.sequential.SequentialPipelineIndividual object at 0x155370087b20> 

WARNING AN INDIVIDUAL TIMED OUT: 
 <tpot2.search_spaces.pipelines.sequential.SequentialPipelineIndividual object at 0x155457024580> 

Generation:  24
Best root_mean_squared_error score: -31723.212584612204
Generation:  96%|| 24/25 [2:58:18<07:15, 435.19s/it]WARNING THIS INDIVIDUAL CAUSED AND EXCEPTION 
 <tpot2.search_spaces.pipelines.sequential.SequentialPipelineIndividual object at 0x1554571c1780> 
 The 'criterion' parameter of DecisionTreeRegressor must be a str among {'friedman_mse', 'poisson', 'absolute_error', 'squared_error'}. Got 'mae' instead. 
 Traceback (most recent call last):
  File "/common/ketrong/tpotexp/tpot2/tpot2/utils/eval_utils.py", line 53, in objective_nan_wrapper
    value = func_timeout.func_timeout(timeout, objective_function, args=[individual], kwargs=objective_kwargs)
  File "/common/ketrong/tpotexp/env/lib/python3.10/site-packages/func_timeout/dafunc.py", line 108, in func_timeout
    raise_exception(exception)
  File "/common/ketrong/tpotexp/env/lib/python3.10/site-packages/func_timeout/py3_raise.py", line 7, in raise_exception
    raise exception[0] from None
  File "/common/ketrong/tpotexp/tpot2/tpot2/tpot_estimator/estimator.py", line 623, in objective_function
    return objective_function_generator(
  File "/common/ketrong/tpotexp/tpot2/tpot2/tpot_estimator/estimator_utils.py", line 55, in objective_function_generator
    cv_obj_scores = cross_val_score_objective(sklearn.base.clone(pipeline),x,y,scorers=scorers, cv=cv , fold=step)
  File "/common/ketrong/tpotexp/tpot2/tpot2/tpot_estimator/cross_val_utils.py", line 28, in cross_val_score_objective
    this_fold_pipeline.fit(X_train,y_train)
  File "/common/ketrong/tpotexp/env/lib/python3.10/site-packages/sklearn/base.py", line 1473, in wrapper
    return fit_method(estimator, *args, **kwargs)
  File "/common/ketrong/tpotexp/env/lib/python3.10/site-packages/sklearn/pipeline.py", line 473, in fit
    self._final_estimator.fit(Xt, y, **last_step_params["fit"])
  File "/common/ketrong/tpotexp/env/lib/python3.10/site-packages/sklearn/base.py", line 1466, in wrapper
    estimator._validate_params()
  File "/common/ketrong/tpotexp/env/lib/python3.10/site-packages/sklearn/base.py", line 666, in _validate_params
    validate_parameter_constraints(
  File "/common/ketrong/tpotexp/env/lib/python3.10/site-packages/sklearn/utils/_param_validation.py", line 95, in validate_parameter_constraints
    raise InvalidParameterError(
sklearn.utils._param_validation.InvalidParameterError: The 'criterion' parameter of DecisionTreeRegressor must be a str among {'friedman_mse', 'poisson', 'absolute_error', 'squared_error'}. Got 'mae' instead.

WARNING AN INDIVIDUAL TIMED OUT: 
 <tpot2.search_spaces.pipelines.sequential.SequentialPipelineIndividual object at 0x155454930a30> 

WARNING AN INDIVIDUAL TIMED OUT: 
 <tpot2.search_spaces.pipelines.sequential.SequentialPipelineIndividual object at 0x15545ddb65f0> 

WARNING AN INDIVIDUAL TIMED OUT: 
 <tpot2.search_spaces.pipelines.sequential.SequentialPipelineIndividual object at 0x155467520a30> 

Generation:  25
Best root_mean_squared_error score: -31723.212584612204
Generation: 100%|| 25/25 [3:08:24<00:00, 486.23s/it]Generation: 100%|| 25/25 [3:08:24<00:00, 452.16s/it]
2024-09-25 14:32:07,696 - distributed.scheduler - ERROR - Removing worker 'tcp://127.0.0.1:43685' caused the cluster to lose scattered data, which can't be recovered: {'DataFrame-fad786107e6cdcfb1fe82adef38facb6', 'DataFrame-4849a007d34cf0419f2cfa91df79b9dd'} (stimulus_id='handle-worker-cleanup-1727299927.6959443')
Fitted
Pipeline(steps=[('iterativeimputer',
                 IterativeImputer(estimator=KNeighborsRegressor(),
                                  imputation_order='arabic',
                                  initial_strategy='constant',
                                  n_nearest_features=16)),
                ('lgbmregressor',
                 LGBMRegressor(boosting_type='goss', max_depth=5,
                               n_estimators=99, n_jobs=1, num_leaves=248,
                               verbose=-1))])
transform worked
try transform
transform worked
score start
train score: {'explained_var': 0.7344065854927027, 'r2': 0.7344045740303042, 'rmse': 27229.982564715912}
test score: {'explained_var': 0.647393929712938, 'r2': 0.6472513397586304, 'rmse': 31396.80376030322}
original test score: {'explained_var': 0.6893606066971676, 'r2': 0.6893511716987161, 'rmse': 29463.722260189843}
score end
218
lvl
0.1
type
MCAR
num_run
2
reg_full
finished
all finished
full run takes
10.79834171394507
hours
DONE
