Run: 27
/cm/local/apps/slurm/var/spool/job931374/slurm_script: line 26: 
pip install -e tpot2
pip install -r tpot2/ImputerExperiments/requirements_.txt
: No such file or directory
RunStart
starting loops
../data/r/215/215.pkl
working on 
../data/r/215/reg_full_MCAR_0.3_2
2.0792458057403564
running experiment 1/3 - Does large hyperparameter space improve reconstruction accuracy over simple
[I 2024-08-26 17:30:24,214] A new study created in memory with name: no-name-a284c4e1-c5b6-4e24-8d98-334432cc2d9c
running
running
running
running
running
running
running
running
running
running
running
running
running
running
running
running
[I 2024-08-26 17:30:25,215] Trial 5 finished with value: 0.2668774574872745 and parameters: {'model_name': 'SimpleImputer', 'strategy': 'constant'}. Best is trial 5 with value: 0.2668774574872745.
running
[I 2024-08-26 17:30:25,558] Trial 12 finished with value: 0.2668774574872745 and parameters: {'model_name': 'SimpleImputer', 'strategy': 'constant'}. Best is trial 5 with value: 0.2668774574872745.
running
[I 2024-08-26 17:30:25,869] Trial 0 finished with value: 0.26687748044414766 and parameters: {'model_name': 'SimpleImputer', 'strategy': 'mean'}. Best is trial 5 with value: 0.2668774574872745.
running
[I 2024-08-26 17:30:26,466] Trial 16 finished with value: 0.2668774574872745 and parameters: {'model_name': 'SimpleImputer', 'strategy': 'constant'}. Best is trial 5 with value: 0.2668774574872745.
running
[I 2024-08-26 17:30:26,968] Trial 8 finished with value: 0.2668774574872745 and parameters: {'model_name': 'SimpleImputer', 'strategy': 'median'}. Best is trial 5 with value: 0.2668774574872745.
running
[I 2024-08-26 17:30:27,083] Trial 7 finished with value: 0.2668774574872745 and parameters: {'model_name': 'SimpleImputer', 'strategy': 'median'}. Best is trial 5 with value: 0.2668774574872745.
running
[I 2024-08-26 17:30:27,214] Trial 1 finished with value: 0.2668774574872745 and parameters: {'model_name': 'SimpleImputer', 'strategy': 'median'}. Best is trial 5 with value: 0.2668774574872745.
running
[I 2024-08-26 17:30:40,635] Trial 15 finished with value: inf and parameters: {'model_name': 'GAIN', 'batch_size': 2, 'hint_rate': 0.6529829371173046, 'alpha': 42, 'iterations': 1, 'learning_rate': 0.08532124548589633, 'p_miss': 0.029582780575382293}. Best is trial 5 with value: 0.2668774574872745.
running
[I 2024-08-26 17:30:42,325] Trial 21 finished with value: inf and parameters: {'model_name': 'GAIN', 'batch_size': 3, 'hint_rate': 0.8503040298133646, 'alpha': 19, 'iterations': 6, 'learning_rate': 0.004908767080276888, 'p_miss': 0.032053050871887985}. Best is trial 5 with value: 0.2668774574872745.
running
[I 2024-08-26 17:30:43,576] Trial 23 finished with value: 0.2668774574872745 and parameters: {'model_name': 'SimpleImputer', 'strategy': 'median'}. Best is trial 5 with value: 0.2668774574872745.
running
[I 2024-08-26 17:30:44,529] Trial 24 finished with value: 0.26687748044414766 and parameters: {'model_name': 'SimpleImputer', 'strategy': 'mean'}. Best is trial 5 with value: 0.2668774574872745.
running
[I 2024-08-26 17:30:56,352] Trial 13 finished with value: 0.30270606694776214 and parameters: {'model_name': 'GAIN', 'batch_size': 4, 'hint_rate': 0.5430288701239169, 'alpha': 60, 'iterations': 2, 'learning_rate': 0.0004310745856718925, 'p_miss': 0.20421065759580562}. Best is trial 5 with value: 0.2668774574872745.
running
[I 2024-08-26 17:31:36,353] Trial 2 finished with value: 0.2668731426665897 and parameters: {'model_name': 'KNNImputer', 'n_neighbors': 7164, 'weights': 'uniform'}. Best is trial 2 with value: 0.2668731426665897.
running
[I 2024-08-26 17:31:40,837] Trial 18 finished with value: 0.26687510557188565 and parameters: {'model_name': 'KNNImputer', 'n_neighbors': 7089, 'weights': 'uniform'}. Best is trial 2 with value: 0.2668731426665897.
running
[I 2024-08-26 17:31:46,264] Trial 6 finished with value: 0.2668845971516974 and parameters: {'model_name': 'KNNImputer', 'n_neighbors': 12984, 'weights': 'uniform'}. Best is trial 2 with value: 0.2668731426665897.
running
[I 2024-08-26 17:31:51,471] Trial 14 finished with value: 0.2963957903107401 and parameters: {'model_name': 'GAIN', 'batch_size': 15, 'hint_rate': 0.7396115765214444, 'alpha': 44, 'iterations': 27, 'learning_rate': 0.0006320332502660962, 'p_miss': 0.19255946990775136}. Best is trial 2 with value: 0.2668731426665897.
running
[I 2024-08-26 17:31:54,173] Trial 4 finished with value: 0.29828343209844826 and parameters: {'model_name': 'KNNImputer', 'n_neighbors': 9863, 'weights': 'distance'}. Best is trial 2 with value: 0.2668731426665897.
running
[I 2024-08-26 17:32:48,987] Trial 25 finished with value: 0.2982728109680622 and parameters: {'model_name': 'KNNImputer', 'n_neighbors': 24839, 'weights': 'distance'}. Best is trial 2 with value: 0.2668731426665897.
running
[I 2024-08-26 17:32:49,677] Trial 28 finished with value: 0.266890451222385 and parameters: {'model_name': 'KNNImputer', 'n_neighbors': 4241, 'weights': 'uniform'}. Best is trial 2 with value: 0.2668731426665897.
running
[I 2024-08-26 17:32:56,653] Trial 30 finished with value: 0.2669056844795065 and parameters: {'model_name': 'KNNImputer', 'n_neighbors': 2203, 'weights': 'uniform'}. Best is trial 2 with value: 0.2668731426665897.
running
[I 2024-08-26 17:32:57,413] Trial 27 finished with value: 0.2669113909434294 and parameters: {'model_name': 'IterativeImputer', 'estimator': 'Ridge', 'initial_strategy': 'median', 'n_nearest_features': 2, 'imputation_order': 'arabic'}. Best is trial 2 with value: 0.2668731426665897.
running
[I 2024-08-26 17:32:57,799] Trial 29 finished with value: 0.26687401547773215 and parameters: {'model_name': 'KNNImputer', 'n_neighbors': 6580, 'weights': 'uniform'}. Best is trial 2 with value: 0.2668731426665897.
running
[I 2024-08-26 17:33:00,968] Trial 32 finished with value: 0.26692310478483344 and parameters: {'model_name': 'KNNImputer', 'n_neighbors': 1965, 'weights': 'uniform'}. Best is trial 2 with value: 0.2668731426665897.
running
[I 2024-08-26 17:33:01,379] Trial 31 finished with value: 0.2669163563519642 and parameters: {'model_name': 'KNNImputer', 'n_neighbors': 1847, 'weights': 'uniform'}. Best is trial 2 with value: 0.2668731426665897.
running
[I 2024-08-26 17:34:13,804] Trial 37 finished with value: 0.2668847537770641 and parameters: {'model_name': 'KNNImputer', 'n_neighbors': 11754, 'weights': 'uniform'}. Best is trial 2 with value: 0.2668731426665897.
running
[I 2024-08-26 17:34:16,081] Trial 38 finished with value: 0.2668852237244986 and parameters: {'model_name': 'KNNImputer', 'n_neighbors': 13916, 'weights': 'uniform'}. Best is trial 2 with value: 0.2668731426665897.
running
[I 2024-08-26 17:35:07,427] Trial 9 finished with value: 0.2847758673178177 and parameters: {'model_name': 'IterativeImputer', 'estimator': 'KNN', 'initial_strategy': 'median', 'n_nearest_features': 2, 'imputation_order': 'roman'}. Best is trial 2 with value: 0.2668731426665897.
running
[I 2024-08-26 17:35:10,388] Trial 17 finished with value: 0.2863041927387388 and parameters: {'model_name': 'IterativeImputer', 'estimator': 'KNN', 'initial_strategy': 'median', 'n_nearest_features': 2, 'imputation_order': 'random'}. Best is trial 2 with value: 0.2668731426665897.
running
[I 2024-08-26 17:35:29,293] Trial 35 finished with value: 0.26695005249890935 and parameters: {'model_name': 'IterativeImputer', 'estimator': 'Ridge', 'initial_strategy': 'most_frequent', 'n_nearest_features': 7, 'imputation_order': 'descending'}. Best is trial 2 with value: 0.2668731426665897.
running
[I 2024-08-26 17:36:26,847] Trial 42 finished with value: 0.26687748044414766 and parameters: {'model_name': 'KNNImputer', 'n_neighbors': 35170, 'weights': 'uniform'}. Best is trial 2 with value: 0.2668731426665897.
running
[I 2024-08-26 17:36:40,641] Trial 43 finished with value: 0.2668712960684398 and parameters: {'model_name': 'KNNImputer', 'n_neighbors': 21677, 'weights': 'uniform'}. Best is trial 43 with value: 0.2668712960684398.
running
[I 2024-08-26 17:37:00,002] Trial 22 finished with value: 0.28876428320692776 and parameters: {'model_name': 'GAIN', 'batch_size': 346, 'hint_rate': 0.7205806046133586, 'alpha': 42, 'iterations': 130, 'learning_rate': 0.005803273071079391, 'p_miss': 0.07912748406161711}. Best is trial 43 with value: 0.2668712960684398.
running
[I 2024-08-26 17:37:04,761] Trial 44 finished with value: 0.266869862681534 and parameters: {'model_name': 'KNNImputer', 'n_neighbors': 21368, 'weights': 'uniform'}. Best is trial 44 with value: 0.266869862681534.
running
[I 2024-08-26 17:37:45,533] Trial 45 finished with value: 0.26687676580219477 and parameters: {'model_name': 'KNNImputer', 'n_neighbors': 7916, 'weights': 'uniform'}. Best is trial 44 with value: 0.266869862681534.
running
[I 2024-08-26 17:37:50,760] Trial 19 finished with value: 0.3456147544019771 and parameters: {'model_name': 'IterativeImputer', 'estimator': 'Bayesian', 'initial_strategy': 'median', 'n_nearest_features': 6, 'imputation_order': 'random', 'sample_posterior': True}. Best is trial 44 with value: 0.266869862681534.
running
[I 2024-08-26 17:38:10,227] Trial 33 finished with value: 0.2867301859979421 and parameters: {'model_name': 'IterativeImputer', 'estimator': 'KNN', 'initial_strategy': 'most_frequent', 'n_nearest_features': 6, 'imputation_order': 'roman'}. Best is trial 44 with value: 0.266869862681534.
running
[I 2024-08-26 17:38:21,186] Trial 46 finished with value: 0.2668719495478029 and parameters: {'model_name': 'KNNImputer', 'n_neighbors': 23270, 'weights': 'uniform'}. Best is trial 44 with value: 0.266869862681534.
running
[I 2024-08-26 17:38:28,115] Trial 11 finished with value: 0.3457893040525373 and parameters: {'model_name': 'IterativeImputer', 'estimator': 'Bayesian', 'initial_strategy': 'constant', 'n_nearest_features': 10, 'imputation_order': 'roman', 'sample_posterior': True}. Best is trial 44 with value: 0.266869862681534.
running
[I 2024-08-26 17:38:43,133] Trial 47 finished with value: 0.26687206409830033 and parameters: {'model_name': 'KNNImputer', 'n_neighbors': 23562, 'weights': 'uniform'}. Best is trial 44 with value: 0.266869862681534.
running
[I 2024-08-26 17:38:47,180] Trial 48 finished with value: 0.2668694218928588 and parameters: {'model_name': 'KNNImputer', 'n_neighbors': 22066, 'weights': 'uniform'}. Best is trial 48 with value: 0.2668694218928588.
running
[I 2024-08-26 17:38:51,457] Trial 26 finished with value: 0.3457893040525373 and parameters: {'model_name': 'IterativeImputer', 'estimator': 'Bayesian', 'initial_strategy': 'mean', 'n_nearest_features': 10, 'imputation_order': 'roman', 'sample_posterior': True}. Best is trial 48 with value: 0.2668694218928588.
running
[I 2024-08-26 17:39:23,988] Trial 49 finished with value: 0.26687268930415164 and parameters: {'model_name': 'KNNImputer', 'n_neighbors': 21759, 'weights': 'uniform'}. Best is trial 48 with value: 0.2668694218928588.
running
[I 2024-08-26 17:39:33,521] Trial 50 finished with value: 0.26687089115225016 and parameters: {'model_name': 'KNNImputer', 'n_neighbors': 21556, 'weights': 'uniform'}. Best is trial 48 with value: 0.2668694218928588.
running
[I 2024-08-26 17:39:49,545] Trial 51 finished with value: 0.2668726936752594 and parameters: {'model_name': 'KNNImputer', 'n_neighbors': 21817, 'weights': 'uniform'}. Best is trial 48 with value: 0.2668694218928588.
running
[I 2024-08-26 17:40:02,399] Trial 52 finished with value: 0.2668689159992242 and parameters: {'model_name': 'KNNImputer', 'n_neighbors': 22110, 'weights': 'uniform'}. Best is trial 52 with value: 0.2668689159992242.
running
[I 2024-08-26 17:40:09,535] Trial 53 finished with value: 0.26687066803070947 and parameters: {'model_name': 'KNNImputer', 'n_neighbors': 22653, 'weights': 'uniform'}. Best is trial 52 with value: 0.2668689159992242.
running
[I 2024-08-26 17:40:35,502] Trial 56 finished with value: 0.26687065285911166 and parameters: {'model_name': 'KNNImputer', 'n_neighbors': 22846, 'weights': 'uniform'}. Best is trial 52 with value: 0.2668689159992242.
running
[I 2024-08-26 17:40:54,855] Trial 54 finished with value: 0.2982728950311667 and parameters: {'model_name': 'KNNImputer', 'n_neighbors': 22603, 'weights': 'distance'}. Best is trial 52 with value: 0.2668689159992242.
running
[I 2024-08-26 17:41:00,589] Trial 55 finished with value: 0.29827283697756646 and parameters: {'model_name': 'KNNImputer', 'n_neighbors': 22078, 'weights': 'distance'}. Best is trial 52 with value: 0.2668689159992242.
running
[I 2024-08-26 17:41:09,150] Trial 57 finished with value: 0.266874285610348 and parameters: {'model_name': 'KNNImputer', 'n_neighbors': 25649, 'weights': 'uniform'}. Best is trial 52 with value: 0.2668689159992242.
running
[I 2024-08-26 17:41:39,407] Trial 58 finished with value: 0.2982750367341954 and parameters: {'model_name': 'KNNImputer', 'n_neighbors': 19495, 'weights': 'distance'}. Best is trial 52 with value: 0.2668689159992242.
running
[I 2024-08-26 17:42:07,310] Trial 60 finished with value: 0.2982755464114739 and parameters: {'model_name': 'KNNImputer', 'n_neighbors': 17652, 'weights': 'distance'}. Best is trial 52 with value: 0.2668689159992242.
running
[I 2024-08-26 17:42:11,948] Trial 59 finished with value: 0.29827355411509826 and parameters: {'model_name': 'KNNImputer', 'n_neighbors': 27384, 'weights': 'distance'}. Best is trial 52 with value: 0.2668689159992242.
running
[I 2024-08-26 17:42:13,745] Trial 36 finished with value: 0.34689948292609724 and parameters: {'model_name': 'IterativeImputer', 'estimator': 'Bayesian', 'initial_strategy': 'most_frequent', 'n_nearest_features': 10, 'imputation_order': 'descending', 'sample_posterior': True}. Best is trial 52 with value: 0.2668689159992242.
running
[I 2024-08-26 17:42:32,885] Trial 61 finished with value: 0.29827342469423923 and parameters: {'model_name': 'KNNImputer', 'n_neighbors': 28209, 'weights': 'distance'}. Best is trial 52 with value: 0.2668689159992242.
running
[I 2024-08-26 17:42:41,317] Trial 63 finished with value: 0.2668747704629886 and parameters: {'model_name': 'KNNImputer', 'n_neighbors': 28659, 'weights': 'uniform'}. Best is trial 52 with value: 0.2668689159992242.
running
[I 2024-08-26 17:42:43,857] Trial 65 finished with value: 0.2668756461624676 and parameters: {'model_name': 'KNNImputer', 'n_neighbors': 17399, 'weights': 'uniform'}. Best is trial 52 with value: 0.2668689159992242.
running
[I 2024-08-26 17:42:48,876] Trial 64 finished with value: 0.2668741416092126 and parameters: {'model_name': 'KNNImputer', 'n_neighbors': 27674, 'weights': 'uniform'}. Best is trial 52 with value: 0.2668689159992242.
running
[I 2024-08-26 17:42:58,712] Trial 62 finished with value: 0.2982736398048821 and parameters: {'model_name': 'KNNImputer', 'n_neighbors': 27999, 'weights': 'distance'}. Best is trial 52 with value: 0.2668689159992242.
running
[I 2024-08-26 17:43:12,750] Trial 40 finished with value: 0.34695460074751366 and parameters: {'model_name': 'IterativeImputer', 'estimator': 'Bayesian', 'initial_strategy': 'constant', 'n_nearest_features': 10, 'imputation_order': 'random', 'sample_posterior': True}. Best is trial 52 with value: 0.2668689159992242.
running
[I 2024-08-26 17:43:17,226] Trial 66 finished with value: 0.2668741292284681 and parameters: {'model_name': 'KNNImputer', 'n_neighbors': 27685, 'weights': 'uniform'}. Best is trial 52 with value: 0.2668689159992242.
running
[I 2024-08-26 17:43:20,139] Trial 76 finished with value: 0.2668774574872745 and parameters: {'model_name': 'SimpleImputer', 'strategy': 'most_frequent'}. Best is trial 52 with value: 0.2668689159992242.
running
[I 2024-08-26 17:43:31,122] Trial 67 finished with value: 0.2668730328613487 and parameters: {'model_name': 'KNNImputer', 'n_neighbors': 28417, 'weights': 'uniform'}. Best is trial 52 with value: 0.2668689159992242.
running
[I 2024-08-26 17:43:32,324] Trial 68 finished with value: 0.2668774354812476 and parameters: {'model_name': 'KNNImputer', 'n_neighbors': 28914, 'weights': 'uniform'}. Best is trial 52 with value: 0.2668689159992242.
running
[I 2024-08-26 17:43:34,427] Trial 69 finished with value: 0.2668731582088003 and parameters: {'model_name': 'KNNImputer', 'n_neighbors': 28419, 'weights': 'uniform'}. Best is trial 52 with value: 0.2668689159992242.
running
[I 2024-08-26 17:43:38,166] Trial 70 finished with value: 0.2668767831744544 and parameters: {'model_name': 'KNNImputer', 'n_neighbors': 17618, 'weights': 'uniform'}. Best is trial 52 with value: 0.2668689159992242.
running
[I 2024-08-26 18:20:54,931] Trial 20 finished with value: 0.2690136712543203 and parameters: {'model_name': 'IterativeImputer', 'estimator': 'RFR', 'initial_strategy': 'most_frequent', 'n_nearest_features': 1, 'imputation_order': 'random'}. Best is trial 52 with value: 0.2668689159992242.
running
[I 2024-08-26 18:33:03,443] Trial 3 finished with value: 0.26892426683772 and parameters: {'model_name': 'IterativeImputer', 'estimator': 'RFR', 'initial_strategy': 'median', 'n_nearest_features': 2, 'imputation_order': 'descending'}. Best is trial 52 with value: 0.2668689159992242.
running
[I 2024-08-26 19:04:01,337] Trial 10 finished with value: 0.337991344076574 and parameters: {'model_name': 'GAIN', 'batch_size': 17, 'hint_rate': 0.8861445806867873, 'alpha': 47, 'iterations': 2831, 'learning_rate': 0.0016406165399938267, 'p_miss': 0.22973234909428422}. Best is trial 52 with value: 0.2668689159992242.
running
[I 2024-08-26 19:14:31,938] Trial 81 finished with value: 0.32621946616646 and parameters: {'model_name': 'GAIN', 'batch_size': 445, 'hint_rate': 0.02333936122300434, 'alpha': 97, 'iterations': 2187, 'learning_rate': 0.00010579347076894921, 'p_miss': 0.27886056727354636}. Best is trial 52 with value: 0.2668689159992242.
running
[I 2024-08-26 19:25:27,460] Trial 85 finished with value: 0.29078212019652017 and parameters: {'model_name': 'GAIN', 'batch_size': 102, 'hint_rate': 0.2234037858318808, 'alpha': 1, 'iterations': 297, 'learning_rate': 0.08514459727801052, 'p_miss': 0.12037714544926678}. Best is trial 52 with value: 0.2668689159992242.
running
[I 2024-08-26 19:26:08,447] Trial 86 finished with value: 0.26687535908582816 and parameters: {'model_name': 'KNNImputer', 'n_neighbors': 19682, 'weights': 'uniform'}. Best is trial 52 with value: 0.2668689159992242.
running
[I 2024-08-26 19:26:51,477] Trial 87 finished with value: 0.26687398158284725 and parameters: {'model_name': 'KNNImputer', 'n_neighbors': 25003, 'weights': 'uniform'}. Best is trial 52 with value: 0.2668689159992242.
running
[I 2024-08-26 19:27:32,951] Trial 88 finished with value: 0.2668700474676235 and parameters: {'model_name': 'KNNImputer', 'n_neighbors': 20746, 'weights': 'uniform'}. Best is trial 52 with value: 0.2668689159992242.
running
[I 2024-08-26 19:28:13,785] Trial 89 finished with value: 0.26687250945712915 and parameters: {'model_name': 'KNNImputer', 'n_neighbors': 20235, 'weights': 'uniform'}. Best is trial 52 with value: 0.2668689159992242.
running
[I 2024-08-26 19:28:16,113] Trial 90 finished with value: 0.2668774574872745 and parameters: {'model_name': 'SimpleImputer', 'strategy': 'most_frequent'}. Best is trial 52 with value: 0.2668689159992242.
running
[I 2024-08-26 19:28:57,184] Trial 91 finished with value: 0.26687193141499865 and parameters: {'model_name': 'KNNImputer', 'n_neighbors': 20592, 'weights': 'uniform'}. Best is trial 52 with value: 0.2668689159992242.
running
[I 2024-08-26 19:29:37,605] Trial 92 finished with value: 0.2668816573268511 and parameters: {'model_name': 'KNNImputer', 'n_neighbors': 15748, 'weights': 'uniform'}. Best is trial 52 with value: 0.2668689159992242.
running
[I 2024-08-26 19:30:21,238] Trial 93 finished with value: 0.266874248425702 and parameters: {'model_name': 'KNNImputer', 'n_neighbors': 23965, 'weights': 'uniform'}. Best is trial 52 with value: 0.2668689159992242.
running
[I 2024-08-26 19:31:03,205] Trial 94 finished with value: 0.2668701657283888 and parameters: {'model_name': 'KNNImputer', 'n_neighbors': 20900, 'weights': 'uniform'}. Best is trial 52 with value: 0.2668689159992242.
running
[I 2024-08-26 19:31:47,145] Trial 95 finished with value: 0.266875505889529 and parameters: {'model_name': 'KNNImputer', 'n_neighbors': 25507, 'weights': 'uniform'}. Best is trial 52 with value: 0.2668689159992242.
running
[I 2024-08-26 19:32:29,695] Trial 96 finished with value: 0.26687036911601253 and parameters: {'model_name': 'KNNImputer', 'n_neighbors': 20898, 'weights': 'uniform'}. Best is trial 52 with value: 0.2668689159992242.
running
[I 2024-08-26 19:33:10,985] Trial 97 finished with value: 0.26687549035878977 and parameters: {'model_name': 'KNNImputer', 'n_neighbors': 19039, 'weights': 'uniform'}. Best is trial 52 with value: 0.2668689159992242.
running
[I 2024-08-26 19:33:53,149] Trial 98 finished with value: 0.26687161178290797 and parameters: {'model_name': 'KNNImputer', 'n_neighbors': 20569, 'weights': 'uniform'}. Best is trial 52 with value: 0.2668689159992242.
running
[I 2024-08-26 19:34:34,201] Trial 99 finished with value: 0.2668837201611508 and parameters: {'model_name': 'KNNImputer', 'n_neighbors': 15923, 'weights': 'uniform'}. Best is trial 52 with value: 0.2668689159992242.
running
[I 2024-08-26 19:35:17,599] Trial 100 finished with value: 0.26687414463951525 and parameters: {'model_name': 'KNNImputer', 'n_neighbors': 23929, 'weights': 'uniform'}. Best is trial 52 with value: 0.2668689159992242.
running
[I 2024-08-26 19:35:59,987] Trial 101 finished with value: 0.26687174589813684 and parameters: {'model_name': 'KNNImputer', 'n_neighbors': 21237, 'weights': 'uniform'}. Best is trial 52 with value: 0.2668689159992242.
running
[I 2024-08-26 20:13:10,473] Trial 71 finished with value: 0.3356041133761219 and parameters: {'model_name': 'GAIN', 'batch_size': 823, 'hint_rate': 0.06820316749266331, 'alpha': 93, 'iterations': 3421, 'learning_rate': 0.00010615583231165982, 'p_miss': 0.2704789046732358}. Best is trial 52 with value: 0.2668689159992242.
running
[I 2024-08-26 20:13:53,963] Trial 103 finished with value: 0.26687045694134487 and parameters: {'model_name': 'KNNImputer', 'n_neighbors': 22726, 'weights': 'uniform'}. Best is trial 52 with value: 0.2668689159992242.
running
[I 2024-08-26 20:13:55,250] Trial 104 finished with value: 0.26687748044414766 and parameters: {'model_name': 'SimpleImputer', 'strategy': 'mean'}. Best is trial 52 with value: 0.2668689159992242.
running
[I 2024-08-26 20:14:38,168] Trial 105 finished with value: 0.2668722251819966 and parameters: {'model_name': 'KNNImputer', 'n_neighbors': 22992, 'weights': 'uniform'}. Best is trial 52 with value: 0.2668689159992242.
running
[I 2024-08-26 20:15:21,006] Trial 106 finished with value: 0.26687059694004855 and parameters: {'model_name': 'KNNImputer', 'n_neighbors': 22650, 'weights': 'uniform'}. Best is trial 52 with value: 0.2668689159992242.
running
[I 2024-08-26 20:16:02,768] Trial 107 finished with value: 0.26687748836453895 and parameters: {'model_name': 'KNNImputer', 'n_neighbors': 18885, 'weights': 'uniform'}. Best is trial 52 with value: 0.2668689159992242.
running
[I 2024-08-26 20:16:45,171] Trial 108 finished with value: 0.26687390459714083 and parameters: {'model_name': 'KNNImputer', 'n_neighbors': 24417, 'weights': 'uniform'}. Best is trial 52 with value: 0.2668689159992242.
running
[I 2024-08-26 20:17:27,508] Trial 109 finished with value: 0.26687065285911166 and parameters: {'model_name': 'KNNImputer', 'n_neighbors': 22846, 'weights': 'uniform'}. Best is trial 52 with value: 0.2668689159992242.
running
[I 2024-08-26 20:18:11,222] Trial 110 finished with value: 0.2668741267868702 and parameters: {'model_name': 'KNNImputer', 'n_neighbors': 25675, 'weights': 'uniform'}. Best is trial 52 with value: 0.2668689159992242.
running
[I 2024-08-26 20:18:53,966] Trial 111 finished with value: 0.26687085143200395 and parameters: {'model_name': 'KNNImputer', 'n_neighbors': 22859, 'weights': 'uniform'}. Best is trial 52 with value: 0.2668689159992242.
running
[I 2024-08-26 20:19:36,354] Trial 112 finished with value: 0.2668711938175704 and parameters: {'model_name': 'KNNImputer', 'n_neighbors': 21072, 'weights': 'uniform'}. Best is trial 52 with value: 0.2668689159992242.
running
[I 2024-08-26 20:20:18,328] Trial 113 finished with value: 0.26687026725654966 and parameters: {'model_name': 'KNNImputer', 'n_neighbors': 22029, 'weights': 'uniform'}. Best is trial 52 with value: 0.2668689159992242.
running
[I 2024-08-26 20:21:01,650] Trial 114 finished with value: 0.26687026138946235 and parameters: {'model_name': 'KNNImputer', 'n_neighbors': 20741, 'weights': 'uniform'}. Best is trial 52 with value: 0.2668689159992242.
running
[I 2024-08-26 20:21:43,935] Trial 115 finished with value: 0.2668820900012617 and parameters: {'model_name': 'KNNImputer', 'n_neighbors': 16560, 'weights': 'uniform'}. Best is trial 52 with value: 0.2668689159992242.
running
[I 2024-08-26 20:22:27,081] Trial 116 finished with value: 0.2668730859579593 and parameters: {'model_name': 'KNNImputer', 'n_neighbors': 20184, 'weights': 'uniform'}. Best is trial 52 with value: 0.2668689159992242.
running
[I 2024-08-26 20:23:10,738] Trial 117 finished with value: 0.2668709141717008 and parameters: {'model_name': 'KNNImputer', 'n_neighbors': 21646, 'weights': 'uniform'}. Best is trial 52 with value: 0.2668689159992242.
running
[I 2024-08-26 20:23:53,001] Trial 118 finished with value: 0.2668761705583545 and parameters: {'model_name': 'KNNImputer', 'n_neighbors': 18324, 'weights': 'uniform'}. Best is trial 52 with value: 0.2668689159992242.
running
[I 2024-08-26 20:24:36,934] Trial 119 finished with value: 0.26687254252316506 and parameters: {'model_name': 'KNNImputer', 'n_neighbors': 26273, 'weights': 'uniform'}. Best is trial 52 with value: 0.2668689159992242.
running
[I 2024-08-26 20:25:19,703] Trial 120 finished with value: 0.26687127265307636 and parameters: {'model_name': 'KNNImputer', 'n_neighbors': 21970, 'weights': 'uniform'}. Best is trial 52 with value: 0.2668689159992242.
running
[I 2024-08-26 20:37:05,486] Trial 75 finished with value: 0.3392869155063115 and parameters: {'model_name': 'GAIN', 'batch_size': 827, 'hint_rate': 0.13627138732178334, 'alpha': 100, 'iterations': 3929, 'learning_rate': 0.00011823404182251071, 'p_miss': 0.25929382436304116}. Best is trial 52 with value: 0.2668689159992242.
running
[I 2024-08-26 20:54:15,560] Trial 34 finished with value: 0.2850260223891171 and parameters: {'model_name': 'IterativeImputer', 'estimator': 'RFR', 'initial_strategy': 'median', 'n_nearest_features': 8, 'imputation_order': 'ascending'}. Best is trial 52 with value: 0.2668689159992242.
running
[I 2024-08-26 20:54:57,854] Trial 123 finished with value: 0.26687446939545156 and parameters: {'model_name': 'KNNImputer', 'n_neighbors': 23941, 'weights': 'uniform'}. Best is trial 52 with value: 0.2668689159992242.
running
[I 2024-08-26 20:55:38,474] Trial 124 finished with value: 0.2668751504912737 and parameters: {'model_name': 'KNNImputer', 'n_neighbors': 19629, 'weights': 'uniform'}. Best is trial 52 with value: 0.2668689159992242.
running
[I 2024-08-26 20:56:21,501] Trial 125 finished with value: 0.2668787307163006 and parameters: {'model_name': 'KNNImputer', 'n_neighbors': 30597, 'weights': 'uniform'}. Best is trial 52 with value: 0.2668689159992242.
running
[I 2024-08-26 20:57:03,507] Trial 126 finished with value: 0.26686985161761234 and parameters: {'model_name': 'KNNImputer', 'n_neighbors': 22525, 'weights': 'uniform'}. Best is trial 52 with value: 0.2668689159992242.
running
[I 2024-08-26 20:57:45,488] Trial 127 finished with value: 0.26686931714253564 and parameters: {'model_name': 'KNNImputer', 'n_neighbors': 22235, 'weights': 'uniform'}. Best is trial 52 with value: 0.2668689159992242.
running
[I 2024-08-26 20:58:27,587] Trial 128 finished with value: 0.2668711137421936 and parameters: {'model_name': 'KNNImputer', 'n_neighbors': 21998, 'weights': 'uniform'}. Best is trial 52 with value: 0.2668689159992242.
running
[I 2024-08-26 20:59:09,022] Trial 129 finished with value: 0.26687262622158003 and parameters: {'model_name': 'KNNImputer', 'n_neighbors': 20450, 'weights': 'uniform'}. Best is trial 52 with value: 0.2668689159992242.
running
[I 2024-08-26 20:59:51,470] Trial 130 finished with value: 0.26687210020817775 and parameters: {'model_name': 'KNNImputer', 'n_neighbors': 21202, 'weights': 'uniform'}. Best is trial 52 with value: 0.2668689159992242.
running
[I 2024-08-26 21:00:35,244] Trial 131 finished with value: 0.2669136949698691 and parameters: {'model_name': 'IterativeImputer', 'estimator': 'Ridge', 'initial_strategy': 'mean', 'n_nearest_features': 4, 'imputation_order': 'arabic'}. Best is trial 52 with value: 0.2668689159992242.
running
[I 2024-08-26 21:01:16,032] Trial 132 finished with value: 0.2668768890719077 and parameters: {'model_name': 'KNNImputer', 'n_neighbors': 18380, 'weights': 'uniform'}. Best is trial 52 with value: 0.2668689159992242.
running
[I 2024-08-26 21:01:18,602] Trial 133 finished with value: 0.2668774574872745 and parameters: {'model_name': 'SimpleImputer', 'strategy': 'most_frequent'}. Best is trial 52 with value: 0.2668689159992242.
running
[I 2024-08-26 21:02:00,188] Trial 134 finished with value: 0.26687238762505894 and parameters: {'model_name': 'KNNImputer', 'n_neighbors': 23590, 'weights': 'uniform'}. Best is trial 52 with value: 0.2668689159992242.
running
[I 2024-08-26 21:02:42,263] Trial 135 finished with value: 0.26686929010236743 and parameters: {'model_name': 'KNNImputer', 'n_neighbors': 22331, 'weights': 'uniform'}. Best is trial 52 with value: 0.2668689159992242.
running
[I 2024-08-26 21:03:24,263] Trial 136 finished with value: 0.26686972890873845 and parameters: {'model_name': 'KNNImputer', 'n_neighbors': 22386, 'weights': 'uniform'}. Best is trial 52 with value: 0.2668689159992242.
running
[I 2024-08-26 21:04:06,413] Trial 137 finished with value: 0.26687020403933154 and parameters: {'model_name': 'KNNImputer', 'n_neighbors': 22040, 'weights': 'uniform'}. Best is trial 52 with value: 0.2668689159992242.
running
[I 2024-08-26 21:04:48,201] Trial 138 finished with value: 0.26687614003225174 and parameters: {'model_name': 'KNNImputer', 'n_neighbors': 24742, 'weights': 'uniform'}. Best is trial 52 with value: 0.2668689159992242.
running
[I 2024-08-26 21:05:29,863] Trial 139 finished with value: 0.26687544174470934 and parameters: {'model_name': 'KNNImputer', 'n_neighbors': 19733, 'weights': 'uniform'}. Best is trial 52 with value: 0.2668689159992242.
running
[I 2024-08-26 21:06:11,246] Trial 140 finished with value: 0.2668728898061203 and parameters: {'model_name': 'KNNImputer', 'n_neighbors': 21746, 'weights': 'uniform'}. Best is trial 52 with value: 0.2668689159992242.
running
[I 2024-08-26 21:07:03,162] Trial 141 finished with value: 0.2982726556989565 and parameters: {'model_name': 'KNNImputer', 'n_neighbors': 20971, 'weights': 'distance'}. Best is trial 52 with value: 0.2668689159992242.
running
[I 2024-08-26 21:07:44,543] Trial 142 finished with value: 0.26687304168349296 and parameters: {'model_name': 'KNNImputer', 'n_neighbors': 23630, 'weights': 'uniform'}. Best is trial 52 with value: 0.2668689159992242.
running
[I 2024-08-26 21:08:39,922] Trial 143 finished with value: 0.28213313414065355 and parameters: {'model_name': 'GAIN', 'batch_size': 83, 'hint_rate': 0.34500430820848565, 'alpha': 72, 'iterations': 20, 'learning_rate': 0.020661341933135173, 'p_miss': 0.14525445645367133}. Best is trial 52 with value: 0.2668689159992242.
running
[I 2024-08-26 21:09:21,394] Trial 144 finished with value: 0.2668778967249416 and parameters: {'model_name': 'KNNImputer', 'n_neighbors': 18842, 'weights': 'uniform'}. Best is trial 52 with value: 0.2668689159992242.
running
[I 2024-08-26 21:10:03,169] Trial 145 finished with value: 0.26686950030390294 and parameters: {'model_name': 'KNNImputer', 'n_neighbors': 22141, 'weights': 'uniform'}. Best is trial 52 with value: 0.2668689159992242.
running
[I 2024-08-26 21:10:45,175] Trial 146 finished with value: 0.2668692815079342 and parameters: {'model_name': 'KNNImputer', 'n_neighbors': 22366, 'weights': 'uniform'}. Best is trial 52 with value: 0.2668689159992242.
running
[I 2024-08-26 21:11:26,811] Trial 147 finished with value: 0.26687005653120077 and parameters: {'model_name': 'KNNImputer', 'n_neighbors': 22435, 'weights': 'uniform'}. Best is trial 52 with value: 0.2668689159992242.
running
[I 2024-08-26 21:12:08,984] Trial 148 finished with value: 0.2668764732044086 and parameters: {'model_name': 'KNNImputer', 'n_neighbors': 24714, 'weights': 'uniform'}. Best is trial 52 with value: 0.2668689159992242.
running
[I 2024-08-26 21:12:50,999] Trial 149 finished with value: 0.26686931714253564 and parameters: {'model_name': 'KNNImputer', 'n_neighbors': 22235, 'weights': 'uniform'}. Best is trial 52 with value: 0.2668689159992242.
running
[I 2024-08-26 21:13:31,517] Trial 150 finished with value: 0.2668724972750975 and parameters: {'model_name': 'KNNImputer', 'n_neighbors': 23234, 'weights': 'uniform'}. Best is trial 52 with value: 0.2668689159992242.
running
[I 2024-08-26 21:13:41,676] Trial 39 finished with value: 0.2839320283102553 and parameters: {'model_name': 'IterativeImputer', 'estimator': 'RFR', 'initial_strategy': 'constant', 'n_nearest_features': 10, 'imputation_order': 'random'}. Best is trial 52 with value: 0.2668689159992242.
running
[I 2024-08-26 21:14:04,472] Trial 151 finished with value: 0.26702616775962223 and parameters: {'model_name': 'KNNImputer', 'n_neighbors': 832, 'weights': 'uniform'}. Best is trial 52 with value: 0.2668689159992242.
running
[I 2024-08-26 21:14:25,071] Trial 152 finished with value: 0.26686863618911444 and parameters: {'model_name': 'KNNImputer', 'n_neighbors': 22303, 'weights': 'uniform'}. Best is trial 152 with value: 0.26686863618911444.
running
[I 2024-08-26 21:14:47,014] Trial 153 finished with value: 0.2668700122847411 and parameters: {'model_name': 'KNNImputer', 'n_neighbors': 22621, 'weights': 'uniform'}. Best is trial 152 with value: 0.26686863618911444.
running
[I 2024-08-26 21:15:08,121] Trial 154 finished with value: 0.26686987087531844 and parameters: {'model_name': 'KNNImputer', 'n_neighbors': 22405, 'weights': 'uniform'}. Best is trial 152 with value: 0.26686863618911444.
running
[I 2024-08-26 21:15:30,623] Trial 155 finished with value: 0.2668739070046538 and parameters: {'model_name': 'KNNImputer', 'n_neighbors': 24209, 'weights': 'uniform'}. Best is trial 152 with value: 0.26686863618911444.
running
[I 2024-08-26 21:15:39,503] Trial 41 finished with value: 0.2840846554981622 and parameters: {'model_name': 'IterativeImputer', 'estimator': 'RFR', 'initial_strategy': 'most_frequent', 'n_nearest_features': 10, 'imputation_order': 'ascending'}. Best is trial 152 with value: 0.26686863618911444.
running
[I 2024-08-26 21:15:52,307] Trial 156 finished with value: 0.26686989095400715 and parameters: {'model_name': 'KNNImputer', 'n_neighbors': 22543, 'weights': 'uniform'}. Best is trial 152 with value: 0.26686863618911444.
running
[I 2024-08-26 21:16:15,355] Trial 157 finished with value: 0.26687019967941117 and parameters: {'model_name': 'KNNImputer', 'n_neighbors': 22636, 'weights': 'uniform'}. Best is trial 152 with value: 0.26686863618911444.
running
[I 2024-08-26 21:16:26,344] Trial 158 finished with value: 0.2668697040904927 and parameters: {'model_name': 'KNNImputer', 'n_neighbors': 22567, 'weights': 'uniform'}. Best is trial 152 with value: 0.26686863618911444.
running
[I 2024-08-26 21:16:38,029] Trial 159 finished with value: 0.26687205099003125 and parameters: {'model_name': 'KNNImputer', 'n_neighbors': 23354, 'weights': 'uniform'}. Best is trial 152 with value: 0.26686863618911444.
running
[I 2024-08-26 21:16:40,189] Trial 162 finished with value: 0.2668774574872745 and parameters: {'model_name': 'SimpleImputer', 'strategy': 'most_frequent'}. Best is trial 152 with value: 0.26686863618911444.
running
[I 2024-08-26 21:17:01,466] Trial 160 finished with value: 0.2668738442170361 and parameters: {'model_name': 'KNNImputer', 'n_neighbors': 25290, 'weights': 'uniform'}. Best is trial 152 with value: 0.26686863618911444.
running
[I 2024-08-26 21:17:25,205] Trial 161 finished with value: 0.298272971934586 and parameters: {'model_name': 'KNNImputer', 'n_neighbors': 25187, 'weights': 'distance'}. Best is trial 152 with value: 0.26686863618911444.
running
[I 2024-08-26 21:17:26,892] Trial 163 finished with value: 0.2668725056578406 and parameters: {'model_name': 'KNNImputer', 'n_neighbors': 26274, 'weights': 'uniform'}. Best is trial 152 with value: 0.26686863618911444.
running
[I 2024-08-26 21:18:01,709] Trial 164 finished with value: 0.2982733395602465 and parameters: {'model_name': 'KNNImputer', 'n_neighbors': 26841, 'weights': 'distance'}. Best is trial 152 with value: 0.26686863618911444.
running
[I 2024-08-26 21:18:11,955] Trial 166 finished with value: 0.26687028549164504 and parameters: {'model_name': 'KNNImputer', 'n_neighbors': 21481, 'weights': 'uniform'}. Best is trial 152 with value: 0.26686863618911444.
running
[I 2024-08-26 21:18:12,194] Trial 165 finished with value: 0.2668726395634457 and parameters: {'model_name': 'KNNImputer', 'n_neighbors': 26651, 'weights': 'uniform'}. Best is trial 152 with value: 0.26686863618911444.
running
[I 2024-08-26 21:18:47,525] Trial 167 finished with value: 0.26686994868982755 and parameters: {'model_name': 'KNNImputer', 'n_neighbors': 21500, 'weights': 'uniform'}. Best is trial 152 with value: 0.26686863618911444.
running
[I 2024-08-26 21:18:57,154] Trial 168 finished with value: 0.26687565168714783 and parameters: {'model_name': 'KNNImputer', 'n_neighbors': 20041, 'weights': 'uniform'}. Best is trial 152 with value: 0.26686863618911444.
running
[I 2024-08-26 21:18:58,812] Trial 169 finished with value: 0.2668724984218205 and parameters: {'model_name': 'KNNImputer', 'n_neighbors': 23316, 'weights': 'uniform'}. Best is trial 152 with value: 0.26686863618911444.
running
[I 2024-08-26 21:19:32,527] Trial 170 finished with value: 0.26687226038973044 and parameters: {'model_name': 'KNNImputer', 'n_neighbors': 23459, 'weights': 'uniform'}. Best is trial 152 with value: 0.26686863618911444.
running
[I 2024-08-26 21:19:42,156] Trial 171 finished with value: 0.2668722113554198 and parameters: {'model_name': 'KNNImputer', 'n_neighbors': 23328, 'weights': 'uniform'}. Best is trial 152 with value: 0.26686863618911444.
running
[I 2024-08-26 21:19:44,183] Trial 172 finished with value: 0.2668698749408971 and parameters: {'model_name': 'KNNImputer', 'n_neighbors': 22414, 'weights': 'uniform'}. Best is trial 152 with value: 0.26686863618911444.
running
[I 2024-08-26 21:21:19,771] Trial 173 finished with value: inf and parameters: {'model_name': 'GAIN', 'batch_size': 1, 'hint_rate': 0.3959710040545401, 'alpha': 18, 'iterations': 434, 'learning_rate': 0.015416791198575412, 'p_miss': 0.08571233130739957}. Best is trial 152 with value: 0.26686863618911444.
running
[I 2024-08-26 21:21:44,121] Trial 175 finished with value: 0.28441474783358 and parameters: {'model_name': 'IterativeImputer', 'estimator': 'KNN', 'initial_strategy': 'mean', 'n_nearest_features': 4, 'imputation_order': 'arabic'}. Best is trial 152 with value: 0.26686863618911444.
running
[I 2024-08-26 21:21:55,106] Trial 174 finished with value: inf and parameters: {'model_name': 'GAIN', 'batch_size': 1, 'hint_rate': 0.384127501189288, 'alpha': 21, 'iterations': 574, 'learning_rate': 0.016278998914876035, 'p_miss': 0.09616136460698699}. Best is trial 152 with value: 0.26686863618911444.
running
[I 2024-08-26 21:22:05,111] Trial 176 finished with value: 0.2668699862853633 and parameters: {'model_name': 'KNNImputer', 'n_neighbors': 22049, 'weights': 'uniform'}. Best is trial 152 with value: 0.26686863618911444.
running
[I 2024-08-26 21:22:29,850] Trial 177 finished with value: 0.2668693347916898 and parameters: {'model_name': 'KNNImputer', 'n_neighbors': 22199, 'weights': 'uniform'}. Best is trial 152 with value: 0.26686863618911444.
running
[I 2024-08-26 21:22:40,205] Trial 178 finished with value: 0.2668693071344389 and parameters: {'model_name': 'KNNImputer', 'n_neighbors': 22209, 'weights': 'uniform'}. Best is trial 152 with value: 0.26686863618911444.
running
[I 2024-08-26 21:22:50,760] Trial 179 finished with value: 0.26686913826339664 and parameters: {'model_name': 'KNNImputer', 'n_neighbors': 22232, 'weights': 'uniform'}. Best is trial 152 with value: 0.26686863618911444.
running
[I 2024-08-26 21:23:15,479] Trial 180 finished with value: 0.2668717021536679 and parameters: {'model_name': 'KNNImputer', 'n_neighbors': 21274, 'weights': 'uniform'}. Best is trial 152 with value: 0.26686863618911444.
running
[I 2024-08-26 21:23:26,485] Trial 181 finished with value: 0.26687309028207384 and parameters: {'model_name': 'KNNImputer', 'n_neighbors': 24299, 'weights': 'uniform'}. Best is trial 152 with value: 0.26686863618911444.
running
[I 2024-08-26 21:23:36,916] Trial 182 finished with value: 0.26687349188029796 and parameters: {'model_name': 'KNNImputer', 'n_neighbors': 24097, 'weights': 'uniform'}. Best is trial 152 with value: 0.26686863618911444.
running
[I 2024-08-26 21:24:02,040] Trial 183 finished with value: 0.2668731492333423 and parameters: {'model_name': 'KNNImputer', 'n_neighbors': 24074, 'weights': 'uniform'}. Best is trial 152 with value: 0.26686863618911444.
running
[I 2024-08-26 21:24:03,937] Trial 184 finished with value: 0.2668868567025881 and parameters: {'model_name': 'KNNImputer', 'n_neighbors': 4480, 'weights': 'uniform'}. Best is trial 152 with value: 0.26686863618911444.
running
[I 2024-08-26 21:24:22,295] Trial 185 finished with value: 0.26687223406442834 and parameters: {'model_name': 'KNNImputer', 'n_neighbors': 20430, 'weights': 'uniform'}. Best is trial 152 with value: 0.26686863618911444.
running
[I 2024-08-26 21:24:47,880] Trial 186 finished with value: 0.2668702632861159 and parameters: {'model_name': 'KNNImputer', 'n_neighbors': 22499, 'weights': 'uniform'}. Best is trial 152 with value: 0.26686863618911444.
running
[I 2024-08-26 21:24:48,571] Trial 187 finished with value: 0.2668691837650766 and parameters: {'model_name': 'KNNImputer', 'n_neighbors': 22179, 'weights': 'uniform'}. Best is trial 152 with value: 0.26686863618911444.
running
[I 2024-08-26 21:25:08,030] Trial 188 finished with value: 0.26686987296567427 and parameters: {'model_name': 'KNNImputer', 'n_neighbors': 22520, 'weights': 'uniform'}. Best is trial 152 with value: 0.26686863618911444.
running
[I 2024-08-26 21:25:32,540] Trial 189 finished with value: 0.2668693347916898 and parameters: {'model_name': 'KNNImputer', 'n_neighbors': 22199, 'weights': 'uniform'}. Best is trial 152 with value: 0.26686863618911444.
running
[I 2024-08-26 21:25:33,291] Trial 190 finished with value: 0.2668714916122335 and parameters: {'model_name': 'KNNImputer', 'n_neighbors': 21944, 'weights': 'uniform'}. Best is trial 152 with value: 0.26686863618911444.
running
[I 2024-08-26 21:25:53,743] Trial 191 finished with value: 0.2668710368852971 and parameters: {'model_name': 'KNNImputer', 'n_neighbors': 21566, 'weights': 'uniform'}. Best is trial 152 with value: 0.26686863618911444.
running
[I 2024-08-26 21:26:18,155] Trial 193 finished with value: 0.26687173227597455 and parameters: {'model_name': 'KNNImputer', 'n_neighbors': 21231, 'weights': 'uniform'}. Best is trial 152 with value: 0.26686863618911444.
running
[I 2024-08-26 21:26:18,318] Trial 192 finished with value: 0.2668703116824969 and parameters: {'model_name': 'KNNImputer', 'n_neighbors': 21510, 'weights': 'uniform'}. Best is trial 152 with value: 0.26686863618911444.
running
[I 2024-08-26 21:26:39,234] Trial 194 finished with value: 0.26687463459092486 and parameters: {'model_name': 'KNNImputer', 'n_neighbors': 19546, 'weights': 'uniform'}. Best is trial 152 with value: 0.26686863618911444.
running
[I 2024-08-26 21:27:03,189] Trial 195 finished with value: 0.26687457075540777 and parameters: {'model_name': 'KNNImputer', 'n_neighbors': 19405, 'weights': 'uniform'}. Best is trial 152 with value: 0.26686863618911444.
running
[I 2024-08-26 21:27:03,960] Trial 196 finished with value: 0.26687221905608216 and parameters: {'model_name': 'KNNImputer', 'n_neighbors': 23327, 'weights': 'uniform'}. Best is trial 152 with value: 0.26686863618911444.
running
[I 2024-08-26 21:27:25,152] Trial 197 finished with value: 0.26687223083924266 and parameters: {'model_name': 'KNNImputer', 'n_neighbors': 22929, 'weights': 'uniform'}. Best is trial 152 with value: 0.26686863618911444.
[I 2024-08-26 21:27:46,941] Trial 198 finished with value: 0.26687207167123683 and parameters: {'model_name': 'KNNImputer', 'n_neighbors': 23030, 'weights': 'uniform'}. Best is trial 152 with value: 0.26686863618911444.
[I 2024-08-26 21:27:47,976] Trial 199 finished with value: 0.2668714526771541 and parameters: {'model_name': 'KNNImputer', 'n_neighbors': 20565, 'weights': 'uniform'}. Best is trial 152 with value: 0.26686863618911444.
[I 2024-08-26 22:03:09,572] Trial 121 finished with value: 0.27242294375907994 and parameters: {'model_name': 'IterativeImputer', 'estimator': 'RFR', 'initial_strategy': 'mean', 'n_nearest_features': 4, 'imputation_order': 'ascending'}. Best is trial 152 with value: 0.26686863618911444.
[I 2024-08-26 22:14:06,193] Trial 122 finished with value: 0.2726146280025411 and parameters: {'model_name': 'IterativeImputer', 'estimator': 'RFR', 'initial_strategy': 'mean', 'n_nearest_features': 4, 'imputation_order': 'ascending'}. Best is trial 152 with value: 0.26686863618911444.
[I 2024-08-26 22:51:30,550] Trial 83 finished with value: 0.3349297256738996 and parameters: {'model_name': 'GAIN', 'batch_size': 777, 'hint_rate': 0.13533915094869575, 'alpha': 98, 'iterations': 6983, 'learning_rate': 0.09942746734465473, 'p_miss': 0.2922384426562551}. Best is trial 152 with value: 0.26686863618911444.
[I 2024-08-26 22:56:41,809] Trial 84 finished with value: 0.2940134390362587 and parameters: {'model_name': 'GAIN', 'batch_size': 795, 'hint_rate': 0.02279703093715174, 'alpha': 100, 'iterations': 6437, 'learning_rate': 0.00010412618930551279, 'p_miss': 0.13488951350743628}. Best is trial 152 with value: 0.26686863618911444.
[I 2024-08-26 22:58:50,771] Trial 82 finished with value: 0.3295929992470735 and parameters: {'model_name': 'GAIN', 'batch_size': 879, 'hint_rate': 0.07001593994092131, 'alpha': 96, 'iterations': 7117, 'learning_rate': 0.06981773730709774, 'p_miss': 0.28763067534956543}. Best is trial 152 with value: 0.26686863618911444.
[I 2024-08-26 22:59:07,363] Trial 73 finished with value: 0.333307057194497 and parameters: {'model_name': 'GAIN', 'batch_size': 788, 'hint_rate': 0.16814910919286907, 'alpha': 97, 'iterations': 8367, 'learning_rate': 0.00010326050576450409, 'p_miss': 0.2848544699782962}. Best is trial 152 with value: 0.26686863618911444.
[I 2024-08-26 23:00:50,662] Trial 72 finished with value: 0.3270863702076815 and parameters: {'model_name': 'GAIN', 'batch_size': 930, 'hint_rate': 0.02031710341988041, 'alpha': 99, 'iterations': 7896, 'learning_rate': 0.07800055448289091, 'p_miss': 0.28770354407108034}. Best is trial 152 with value: 0.26686863618911444.
[I 2024-08-26 23:11:22,294] Trial 80 finished with value: 0.3290595671232271 and parameters: {'model_name': 'GAIN', 'batch_size': 850, 'hint_rate': 0.044541160035062755, 'alpha': 81, 'iterations': 8827, 'learning_rate': 0.09793490235210169, 'p_miss': 0.29969898327914346}. Best is trial 152 with value: 0.26686863618911444.
[I 2024-08-26 23:13:21,372] Trial 78 finished with value: 0.2872957245139604 and parameters: {'model_name': 'GAIN', 'batch_size': 654, 'hint_rate': 0.07959489345071391, 'alpha': 99, 'iterations': 9403, 'learning_rate': 0.08737526413986713, 'p_miss': 0.12168546547445029}. Best is trial 152 with value: 0.26686863618911444.
[I 2024-08-26 23:13:31,410] Trial 79 finished with value: 0.3326746694387982 and parameters: {'model_name': 'GAIN', 'batch_size': 906, 'hint_rate': 0.25352030779674484, 'alpha': 100, 'iterations': 9231, 'learning_rate': 0.00011444330807837806, 'p_miss': 0.2886458650328716}. Best is trial 152 with value: 0.26686863618911444.
[I 2024-08-26 23:14:02,993] Trial 74 finished with value: 0.3355208944570826 and parameters: {'model_name': 'GAIN', 'batch_size': 868, 'hint_rate': 0.010077427984579335, 'alpha': 100, 'iterations': 9377, 'learning_rate': 0.0527044072523356, 'p_miss': 0.29797891345091215}. Best is trial 152 with value: 0.26686863618911444.
[I 2024-08-26 23:14:41,517] Trial 77 finished with value: 0.32510075194962124 and parameters: {'model_name': 'GAIN', 'batch_size': 790, 'hint_rate': 0.052397979041426845, 'alpha': 100, 'iterations': 9915, 'learning_rate': 0.08827257922308687, 'p_miss': 0.27747323255035466}. Best is trial 152 with value: 0.26686863618911444.
[I 2024-08-26 23:14:50,594] Trial 102 finished with value: 0.2951839527706122 and parameters: {'model_name': 'GAIN', 'batch_size': 65, 'hint_rate': 0.3637874213530742, 'alpha': 99, 'iterations': 9467, 'learning_rate': 0.02031730968955696, 'p_miss': 0.11653200933138824}. Best is trial 152 with value: 0.26686863618911444.
fit
auto fit
auto transform
0    0
1    0
2    0
3    0
4    0
5    0
6    0
7    0
8    0
9    0
dtype: int64
0    0
1    0
2    0
3    0
4    0
5    0
6    0
7    0
8    0
9    0
dtype: int64
0.26686863618911444
{'model_name': 'KNNImputer', 'n_neighbors': 22303, 'weights': 'uniform'}
running experiment 2/3 - Does reconstruction give good automl predictions
Start est fit
  0%|          | 0/25 [00:00<?, ?it/s]Generation:   0%|          | 0/25 [00:00<?, ?it/s]WARNING THIS INDIVIDUAL CAUSED AND EXCEPTION 
 <tpot2.search_spaces.pipelines.sequential.SequentialPipelineIndividual object at 0x155475eeadd0> 
 The 'criterion' parameter of ExtraTreesRegressor must be a str among {'friedman_mse', 'poisson', 'absolute_error', 'squared_error'}. Got 'mae' instead. 
 Traceback (most recent call last):
  File "/common/ketrong/tpotexp/tpot2/tpot2/utils/eval_utils.py", line 53, in objective_nan_wrapper
    value = func_timeout.func_timeout(timeout, objective_function, args=[individual], kwargs=objective_kwargs)
  File "/common/ketrong/tpotexp/env/lib/python3.10/site-packages/func_timeout/dafunc.py", line 108, in func_timeout
    raise_exception(exception)
  File "/common/ketrong/tpotexp/env/lib/python3.10/site-packages/func_timeout/py3_raise.py", line 7, in raise_exception
    raise exception[0] from None
  File "/common/ketrong/tpotexp/tpot2/tpot2/tpot_estimator/estimator.py", line 623, in objective_function
    return objective_function_generator(
  File "/common/ketrong/tpotexp/tpot2/tpot2/tpot_estimator/estimator_utils.py", line 55, in objective_function_generator
    cv_obj_scores = cross_val_score_objective(sklearn.base.clone(pipeline),x,y,scorers=scorers, cv=cv , fold=step)
  File "/common/ketrong/tpotexp/tpot2/tpot2/tpot_estimator/cross_val_utils.py", line 28, in cross_val_score_objective
    this_fold_pipeline.fit(X_train,y_train)
  File "/common/ketrong/tpotexp/env/lib/python3.10/site-packages/sklearn/base.py", line 1473, in wrapper
    return fit_method(estimator, *args, **kwargs)
  File "/common/ketrong/tpotexp/env/lib/python3.10/site-packages/sklearn/pipeline.py", line 473, in fit
    self._final_estimator.fit(Xt, y, **last_step_params["fit"])
  File "/common/ketrong/tpotexp/env/lib/python3.10/site-packages/sklearn/base.py", line 1466, in wrapper
    estimator._validate_params()
  File "/common/ketrong/tpotexp/env/lib/python3.10/site-packages/sklearn/base.py", line 666, in _validate_params
    validate_parameter_constraints(
  File "/common/ketrong/tpotexp/env/lib/python3.10/site-packages/sklearn/utils/_param_validation.py", line 95, in validate_parameter_constraints
    raise InvalidParameterError(
sklearn.utils._param_validation.InvalidParameterError: The 'criterion' parameter of ExtraTreesRegressor must be a str among {'friedman_mse', 'poisson', 'absolute_error', 'squared_error'}. Got 'mae' instead.

WARNING THIS INDIVIDUAL CAUSED AND EXCEPTION 
 <tpot2.search_spaces.pipelines.sequential.SequentialPipelineIndividual object at 0x155475eea5f0> 
 The 'criterion' parameter of DecisionTreeRegressor must be a str among {'friedman_mse', 'poisson', 'absolute_error', 'squared_error'}. Got 'mae' instead. 
 Traceback (most recent call last):
  File "/common/ketrong/tpotexp/tpot2/tpot2/utils/eval_utils.py", line 53, in objective_nan_wrapper
    value = func_timeout.func_timeout(timeout, objective_function, args=[individual], kwargs=objective_kwargs)
  File "/common/ketrong/tpotexp/env/lib/python3.10/site-packages/func_timeout/dafunc.py", line 108, in func_timeout
    raise_exception(exception)
  File "/common/ketrong/tpotexp/env/lib/python3.10/site-packages/func_timeout/py3_raise.py", line 7, in raise_exception
    raise exception[0] from None
  File "/common/ketrong/tpotexp/tpot2/tpot2/tpot_estimator/estimator.py", line 623, in objective_function
    return objective_function_generator(
  File "/common/ketrong/tpotexp/tpot2/tpot2/tpot_estimator/estimator_utils.py", line 55, in objective_function_generator
    cv_obj_scores = cross_val_score_objective(sklearn.base.clone(pipeline),x,y,scorers=scorers, cv=cv , fold=step)
  File "/common/ketrong/tpotexp/tpot2/tpot2/tpot_estimator/cross_val_utils.py", line 28, in cross_val_score_objective
    this_fold_pipeline.fit(X_train,y_train)
  File "/common/ketrong/tpotexp/env/lib/python3.10/site-packages/sklearn/base.py", line 1473, in wrapper
    return fit_method(estimator, *args, **kwargs)
  File "/common/ketrong/tpotexp/env/lib/python3.10/site-packages/sklearn/pipeline.py", line 473, in fit
    self._final_estimator.fit(Xt, y, **last_step_params["fit"])
  File "/common/ketrong/tpotexp/env/lib/python3.10/site-packages/sklearn/base.py", line 1466, in wrapper
    estimator._validate_params()
  File "/common/ketrong/tpotexp/env/lib/python3.10/site-packages/sklearn/base.py", line 666, in _validate_params
    validate_parameter_constraints(
  File "/common/ketrong/tpotexp/env/lib/python3.10/site-packages/sklearn/utils/_param_validation.py", line 95, in validate_parameter_constraints
    raise InvalidParameterError(
sklearn.utils._param_validation.InvalidParameterError: The 'criterion' parameter of DecisionTreeRegressor must be a str among {'friedman_mse', 'poisson', 'absolute_error', 'squared_error'}. Got 'mae' instead.

WARNING THIS INDIVIDUAL CAUSED AND EXCEPTION 
 <tpot2.search_spaces.pipelines.sequential.SequentialPipelineIndividual object at 0x155475eeab90> 
 The 'criterion' parameter of RandomForestRegressor must be a str among {'friedman_mse', 'poisson', 'absolute_error', 'squared_error'}. Got 'mae' instead. 
 Traceback (most recent call last):
  File "/common/ketrong/tpotexp/tpot2/tpot2/utils/eval_utils.py", line 53, in objective_nan_wrapper
    value = func_timeout.func_timeout(timeout, objective_function, args=[individual], kwargs=objective_kwargs)
  File "/common/ketrong/tpotexp/env/lib/python3.10/site-packages/func_timeout/dafunc.py", line 108, in func_timeout
    raise_exception(exception)
  File "/common/ketrong/tpotexp/env/lib/python3.10/site-packages/func_timeout/py3_raise.py", line 7, in raise_exception
    raise exception[0] from None
  File "/common/ketrong/tpotexp/tpot2/tpot2/tpot_estimator/estimator.py", line 623, in objective_function
    return objective_function_generator(
  File "/common/ketrong/tpotexp/tpot2/tpot2/tpot_estimator/estimator_utils.py", line 55, in objective_function_generator
    cv_obj_scores = cross_val_score_objective(sklearn.base.clone(pipeline),x,y,scorers=scorers, cv=cv , fold=step)
  File "/common/ketrong/tpotexp/tpot2/tpot2/tpot_estimator/cross_val_utils.py", line 28, in cross_val_score_objective
    this_fold_pipeline.fit(X_train,y_train)
  File "/common/ketrong/tpotexp/env/lib/python3.10/site-packages/sklearn/base.py", line 1473, in wrapper
    return fit_method(estimator, *args, **kwargs)
  File "/common/ketrong/tpotexp/env/lib/python3.10/site-packages/sklearn/pipeline.py", line 473, in fit
    self._final_estimator.fit(Xt, y, **last_step_params["fit"])
  File "/common/ketrong/tpotexp/env/lib/python3.10/site-packages/sklearn/base.py", line 1466, in wrapper
    estimator._validate_params()
  File "/common/ketrong/tpotexp/env/lib/python3.10/site-packages/sklearn/base.py", line 666, in _validate_params
    validate_parameter_constraints(
  File "/common/ketrong/tpotexp/env/lib/python3.10/site-packages/sklearn/utils/_param_validation.py", line 95, in validate_parameter_constraints
    raise InvalidParameterError(
sklearn.utils._param_validation.InvalidParameterError: The 'criterion' parameter of RandomForestRegressor must be a str among {'friedman_mse', 'poisson', 'absolute_error', 'squared_error'}. Got 'mae' instead.

Generation:  1
Best root_mean_squared_error score: -2.8109930712276663
Generation:   4%|         | 1/25 [02:07<51:04, 127.69s/it]WARNING AN INDIVIDUAL TIMED OUT: 
 <tpot2.search_spaces.pipelines.sequential.SequentialPipelineIndividual object at 0x155475753cd0> 

Generation:  2
Best root_mean_squared_error score: -2.729955093890024
Generation:   8%|         | 2/25 [12:09<2:35:53, 406.65s/it]WARNING THIS INDIVIDUAL CAUSED AND EXCEPTION 
 <tpot2.search_spaces.pipelines.sequential.SequentialPipelineIndividual object at 0x155475765ff0> 
 The 'criterion' parameter of RandomForestRegressor must be a str among {'friedman_mse', 'poisson', 'absolute_error', 'squared_error'}. Got 'mse' instead. 
 Traceback (most recent call last):
  File "/common/ketrong/tpotexp/tpot2/tpot2/utils/eval_utils.py", line 53, in objective_nan_wrapper
    value = func_timeout.func_timeout(timeout, objective_function, args=[individual], kwargs=objective_kwargs)
  File "/common/ketrong/tpotexp/env/lib/python3.10/site-packages/func_timeout/dafunc.py", line 108, in func_timeout
    raise_exception(exception)
  File "/common/ketrong/tpotexp/env/lib/python3.10/site-packages/func_timeout/py3_raise.py", line 7, in raise_exception
    raise exception[0] from None
  File "/common/ketrong/tpotexp/tpot2/tpot2/tpot_estimator/estimator.py", line 623, in objective_function
    return objective_function_generator(
  File "/common/ketrong/tpotexp/tpot2/tpot2/tpot_estimator/estimator_utils.py", line 55, in objective_function_generator
    cv_obj_scores = cross_val_score_objective(sklearn.base.clone(pipeline),x,y,scorers=scorers, cv=cv , fold=step)
  File "/common/ketrong/tpotexp/tpot2/tpot2/tpot_estimator/cross_val_utils.py", line 28, in cross_val_score_objective
    this_fold_pipeline.fit(X_train,y_train)
  File "/common/ketrong/tpotexp/env/lib/python3.10/site-packages/sklearn/base.py", line 1473, in wrapper
    return fit_method(estimator, *args, **kwargs)
  File "/common/ketrong/tpotexp/env/lib/python3.10/site-packages/sklearn/pipeline.py", line 473, in fit
    self._final_estimator.fit(Xt, y, **last_step_params["fit"])
  File "/common/ketrong/tpotexp/env/lib/python3.10/site-packages/sklearn/base.py", line 1466, in wrapper
    estimator._validate_params()
  File "/common/ketrong/tpotexp/env/lib/python3.10/site-packages/sklearn/base.py", line 666, in _validate_params
    validate_parameter_constraints(
  File "/common/ketrong/tpotexp/env/lib/python3.10/site-packages/sklearn/utils/_param_validation.py", line 95, in validate_parameter_constraints
    raise InvalidParameterError(
sklearn.utils._param_validation.InvalidParameterError: The 'criterion' parameter of RandomForestRegressor must be a str among {'friedman_mse', 'poisson', 'absolute_error', 'squared_error'}. Got 'mse' instead.

WARNING THIS INDIVIDUAL CAUSED AND EXCEPTION 
 <tpot2.search_spaces.pipelines.sequential.SequentialPipelineIndividual object at 0x155475eeae90> 
 The 'criterion' parameter of DecisionTreeRegressor must be a str among {'friedman_mse', 'poisson', 'absolute_error', 'squared_error'}. Got 'mae' instead. 
 Traceback (most recent call last):
  File "/common/ketrong/tpotexp/tpot2/tpot2/utils/eval_utils.py", line 53, in objective_nan_wrapper
    value = func_timeout.func_timeout(timeout, objective_function, args=[individual], kwargs=objective_kwargs)
  File "/common/ketrong/tpotexp/env/lib/python3.10/site-packages/func_timeout/dafunc.py", line 108, in func_timeout
    raise_exception(exception)
  File "/common/ketrong/tpotexp/env/lib/python3.10/site-packages/func_timeout/py3_raise.py", line 7, in raise_exception
    raise exception[0] from None
  File "/common/ketrong/tpotexp/tpot2/tpot2/tpot_estimator/estimator.py", line 623, in objective_function
    return objective_function_generator(
  File "/common/ketrong/tpotexp/tpot2/tpot2/tpot_estimator/estimator_utils.py", line 55, in objective_function_generator
    cv_obj_scores = cross_val_score_objective(sklearn.base.clone(pipeline),x,y,scorers=scorers, cv=cv , fold=step)
  File "/common/ketrong/tpotexp/tpot2/tpot2/tpot_estimator/cross_val_utils.py", line 28, in cross_val_score_objective
    this_fold_pipeline.fit(X_train,y_train)
  File "/common/ketrong/tpotexp/env/lib/python3.10/site-packages/sklearn/base.py", line 1473, in wrapper
    return fit_method(estimator, *args, **kwargs)
  File "/common/ketrong/tpotexp/env/lib/python3.10/site-packages/sklearn/pipeline.py", line 473, in fit
    self._final_estimator.fit(Xt, y, **last_step_params["fit"])
  File "/common/ketrong/tpotexp/env/lib/python3.10/site-packages/sklearn/base.py", line 1466, in wrapper
    estimator._validate_params()
  File "/common/ketrong/tpotexp/env/lib/python3.10/site-packages/sklearn/base.py", line 666, in _validate_params
    validate_parameter_constraints(
  File "/common/ketrong/tpotexp/env/lib/python3.10/site-packages/sklearn/utils/_param_validation.py", line 95, in validate_parameter_constraints
    raise InvalidParameterError(
sklearn.utils._param_validation.InvalidParameterError: The 'criterion' parameter of DecisionTreeRegressor must be a str among {'friedman_mse', 'poisson', 'absolute_error', 'squared_error'}. Got 'mae' instead.

WARNING AN INDIVIDUAL TIMED OUT: 
 <tpot2.search_spaces.pipelines.sequential.SequentialPipelineIndividual object at 0x155474b18250> 

Generation:  3
Best root_mean_squared_error score: -2.729955093890024
Generation:  12%|        | 3/25 [22:12<3:02:01, 496.42s/it]WARNING AN INDIVIDUAL TIMED OUT: 
 <tpot2.search_spaces.pipelines.sequential.SequentialPipelineIndividual object at 0x155457cf3730> 

Generation:  4
Best root_mean_squared_error score: -2.729955093890024
Generation:  16%|        | 4/25 [32:15<3:08:27, 538.44s/it]WARNING AN INDIVIDUAL TIMED OUT: 
 <tpot2.search_spaces.pipelines.sequential.SequentialPipelineIndividual object at 0x1554752cda80> 

WARNING AN INDIVIDUAL TIMED OUT: 
 <tpot2.search_spaces.pipelines.sequential.SequentialPipelineIndividual object at 0x1554757ca6b0> 

Generation:  5
Best root_mean_squared_error score: -2.729955093890024
Generation:  20%|        | 5/25 [42:19<3:07:20, 562.03s/it]WARNING THIS INDIVIDUAL CAUSED AND EXCEPTION 
 <tpot2.search_spaces.pipelines.sequential.SequentialPipelineIndividual object at 0x15547574d120> 
 The 'criterion' parameter of RandomForestRegressor must be a str among {'friedman_mse', 'poisson', 'absolute_error', 'squared_error'}. Got 'mse' instead. 
 Traceback (most recent call last):
  File "/common/ketrong/tpotexp/tpot2/tpot2/utils/eval_utils.py", line 53, in objective_nan_wrapper
    value = func_timeout.func_timeout(timeout, objective_function, args=[individual], kwargs=objective_kwargs)
  File "/common/ketrong/tpotexp/env/lib/python3.10/site-packages/func_timeout/dafunc.py", line 108, in func_timeout
    raise_exception(exception)
  File "/common/ketrong/tpotexp/env/lib/python3.10/site-packages/func_timeout/py3_raise.py", line 7, in raise_exception
    raise exception[0] from None
  File "/common/ketrong/tpotexp/tpot2/tpot2/tpot_estimator/estimator.py", line 623, in objective_function
    return objective_function_generator(
  File "/common/ketrong/tpotexp/tpot2/tpot2/tpot_estimator/estimator_utils.py", line 55, in objective_function_generator
    cv_obj_scores = cross_val_score_objective(sklearn.base.clone(pipeline),x,y,scorers=scorers, cv=cv , fold=step)
  File "/common/ketrong/tpotexp/tpot2/tpot2/tpot_estimator/cross_val_utils.py", line 28, in cross_val_score_objective
    this_fold_pipeline.fit(X_train,y_train)
  File "/common/ketrong/tpotexp/env/lib/python3.10/site-packages/sklearn/base.py", line 1473, in wrapper
    return fit_method(estimator, *args, **kwargs)
  File "/common/ketrong/tpotexp/env/lib/python3.10/site-packages/sklearn/pipeline.py", line 473, in fit
    self._final_estimator.fit(Xt, y, **last_step_params["fit"])
  File "/common/ketrong/tpotexp/env/lib/python3.10/site-packages/sklearn/base.py", line 1466, in wrapper
    estimator._validate_params()
  File "/common/ketrong/tpotexp/env/lib/python3.10/site-packages/sklearn/base.py", line 666, in _validate_params
    validate_parameter_constraints(
  File "/common/ketrong/tpotexp/env/lib/python3.10/site-packages/sklearn/utils/_param_validation.py", line 95, in validate_parameter_constraints
    raise InvalidParameterError(
sklearn.utils._param_validation.InvalidParameterError: The 'criterion' parameter of RandomForestRegressor must be a str among {'friedman_mse', 'poisson', 'absolute_error', 'squared_error'}. Got 'mse' instead.

WARNING AN INDIVIDUAL TIMED OUT: 
 <tpot2.search_spaces.pipelines.sequential.SequentialPipelineIndividual object at 0x1554757f3070> 

WARNING AN INDIVIDUAL TIMED OUT: 
 <tpot2.search_spaces.pipelines.sequential.SequentialPipelineIndividual object at 0x15545de6c610> 

WARNING AN INDIVIDUAL TIMED OUT: 
 <tpot2.search_spaces.pipelines.sequential.SequentialPipelineIndividual object at 0x155474b73a30> 

WARNING AN INDIVIDUAL TIMED OUT: 
 <tpot2.search_spaces.pipelines.sequential.SequentialPipelineIndividual object at 0x15545bf0df60> 

WARNING AN INDIVIDUAL TIMED OUT: 
 <tpot2.search_spaces.pipelines.sequential.SequentialPipelineIndividual object at 0x1554757c7070> 

Generation:  6
Best root_mean_squared_error score: -2.729955093890024
Generation:  24%|       | 6/25 [52:23<3:02:30, 576.35s/it]WARNING AN INDIVIDUAL TIMED OUT: 
 <tpot2.search_spaces.pipelines.sequential.SequentialPipelineIndividual object at 0x1554757eeaa0> 

WARNING AN INDIVIDUAL TIMED OUT: 
 <tpot2.search_spaces.pipelines.sequential.SequentialPipelineIndividual object at 0x1554757f10c0> 

Generation:  7
Best root_mean_squared_error score: -2.727832600622153
Generation:  28%|       | 7/25 [1:02:28<2:55:40, 585.60s/it]WARNING AN INDIVIDUAL TIMED OUT: 
 <tpot2.search_spaces.pipelines.sequential.SequentialPipelineIndividual object at 0x15545d103340> 

WARNING AN INDIVIDUAL TIMED OUT: 
 <tpot2.search_spaces.pipelines.sequential.SequentialPipelineIndividual object at 0x155475769b70> 

WARNING AN INDIVIDUAL TIMED OUT: 
 <tpot2.search_spaces.pipelines.sequential.SequentialPipelineIndividual object at 0x155475786d10> 

WARNING AN INDIVIDUAL TIMED OUT: 
 <tpot2.search_spaces.pipelines.sequential.SequentialPipelineIndividual object at 0x155474c18af0> 

Generation:  8
Best root_mean_squared_error score: -2.727832600622153
Generation:  32%|      | 8/25 [1:12:33<2:47:39, 591.75s/it]WARNING THIS INDIVIDUAL CAUSED AND EXCEPTION 
 <tpot2.search_spaces.pipelines.sequential.SequentialPipelineIndividual object at 0x155474c355d0> 
 The 'criterion' parameter of ExtraTreesRegressor must be a str among {'friedman_mse', 'poisson', 'absolute_error', 'squared_error'}. Got 'mae' instead. 
 Traceback (most recent call last):
  File "/common/ketrong/tpotexp/tpot2/tpot2/utils/eval_utils.py", line 53, in objective_nan_wrapper
    value = func_timeout.func_timeout(timeout, objective_function, args=[individual], kwargs=objective_kwargs)
  File "/common/ketrong/tpotexp/env/lib/python3.10/site-packages/func_timeout/dafunc.py", line 108, in func_timeout
    raise_exception(exception)
  File "/common/ketrong/tpotexp/env/lib/python3.10/site-packages/func_timeout/py3_raise.py", line 7, in raise_exception
    raise exception[0] from None
  File "/common/ketrong/tpotexp/tpot2/tpot2/tpot_estimator/estimator.py", line 623, in objective_function
    return objective_function_generator(
  File "/common/ketrong/tpotexp/tpot2/tpot2/tpot_estimator/estimator_utils.py", line 55, in objective_function_generator
    cv_obj_scores = cross_val_score_objective(sklearn.base.clone(pipeline),x,y,scorers=scorers, cv=cv , fold=step)
  File "/common/ketrong/tpotexp/tpot2/tpot2/tpot_estimator/cross_val_utils.py", line 28, in cross_val_score_objective
    this_fold_pipeline.fit(X_train,y_train)
  File "/common/ketrong/tpotexp/env/lib/python3.10/site-packages/sklearn/base.py", line 1473, in wrapper
    return fit_method(estimator, *args, **kwargs)
  File "/common/ketrong/tpotexp/env/lib/python3.10/site-packages/sklearn/pipeline.py", line 473, in fit
    self._final_estimator.fit(Xt, y, **last_step_params["fit"])
  File "/common/ketrong/tpotexp/env/lib/python3.10/site-packages/sklearn/base.py", line 1466, in wrapper
    estimator._validate_params()
  File "/common/ketrong/tpotexp/env/lib/python3.10/site-packages/sklearn/base.py", line 666, in _validate_params
    validate_parameter_constraints(
  File "/common/ketrong/tpotexp/env/lib/python3.10/site-packages/sklearn/utils/_param_validation.py", line 95, in validate_parameter_constraints
    raise InvalidParameterError(
sklearn.utils._param_validation.InvalidParameterError: The 'criterion' parameter of ExtraTreesRegressor must be a str among {'friedman_mse', 'poisson', 'absolute_error', 'squared_error'}. Got 'mae' instead.

WARNING AN INDIVIDUAL TIMED OUT: 
 <tpot2.search_spaces.pipelines.sequential.SequentialPipelineIndividual object at 0x155475787c70> 

Generation:  9
Best root_mean_squared_error score: -2.727832600622153
Generation:  36%|      | 9/25 [1:22:38<2:38:54, 595.92s/it]WARNING THIS INDIVIDUAL CAUSED AND EXCEPTION 
 <tpot2.search_spaces.pipelines.sequential.SequentialPipelineIndividual object at 0x1554757a3bb0> 
 The 'criterion' parameter of RandomForestRegressor must be a str among {'friedman_mse', 'poisson', 'absolute_error', 'squared_error'}. Got 'mae' instead. 
 Traceback (most recent call last):
  File "/common/ketrong/tpotexp/tpot2/tpot2/utils/eval_utils.py", line 53, in objective_nan_wrapper
    value = func_timeout.func_timeout(timeout, objective_function, args=[individual], kwargs=objective_kwargs)
  File "/common/ketrong/tpotexp/env/lib/python3.10/site-packages/func_timeout/dafunc.py", line 108, in func_timeout
    raise_exception(exception)
  File "/common/ketrong/tpotexp/env/lib/python3.10/site-packages/func_timeout/py3_raise.py", line 7, in raise_exception
    raise exception[0] from None
  File "/common/ketrong/tpotexp/tpot2/tpot2/tpot_estimator/estimator.py", line 623, in objective_function
    return objective_function_generator(
  File "/common/ketrong/tpotexp/tpot2/tpot2/tpot_estimator/estimator_utils.py", line 55, in objective_function_generator
    cv_obj_scores = cross_val_score_objective(sklearn.base.clone(pipeline),x,y,scorers=scorers, cv=cv , fold=step)
  File "/common/ketrong/tpotexp/tpot2/tpot2/tpot_estimator/cross_val_utils.py", line 28, in cross_val_score_objective
    this_fold_pipeline.fit(X_train,y_train)
  File "/common/ketrong/tpotexp/env/lib/python3.10/site-packages/sklearn/base.py", line 1473, in wrapper
    return fit_method(estimator, *args, **kwargs)
  File "/common/ketrong/tpotexp/env/lib/python3.10/site-packages/sklearn/pipeline.py", line 473, in fit
    self._final_estimator.fit(Xt, y, **last_step_params["fit"])
  File "/common/ketrong/tpotexp/env/lib/python3.10/site-packages/sklearn/base.py", line 1466, in wrapper
    estimator._validate_params()
  File "/common/ketrong/tpotexp/env/lib/python3.10/site-packages/sklearn/base.py", line 666, in _validate_params
    validate_parameter_constraints(
  File "/common/ketrong/tpotexp/env/lib/python3.10/site-packages/sklearn/utils/_param_validation.py", line 95, in validate_parameter_constraints
    raise InvalidParameterError(
sklearn.utils._param_validation.InvalidParameterError: The 'criterion' parameter of RandomForestRegressor must be a str among {'friedman_mse', 'poisson', 'absolute_error', 'squared_error'}. Got 'mae' instead.

WARNING AN INDIVIDUAL TIMED OUT: 
 <tpot2.search_spaces.pipelines.sequential.SequentialPipelineIndividual object at 0x155475769720> 

WARNING AN INDIVIDUAL TIMED OUT: 
 <tpot2.search_spaces.pipelines.sequential.SequentialPipelineIndividual object at 0x15545c5f4760> 

WARNING AN INDIVIDUAL TIMED OUT: 
 <tpot2.search_spaces.pipelines.sequential.SequentialPipelineIndividual object at 0x15547574f580> 

WARNING AN INDIVIDUAL TIMED OUT: 
 <tpot2.search_spaces.pipelines.sequential.SequentialPipelineIndividual object at 0x15547576a320> 

WARNING AN INDIVIDUAL TIMED OUT: 
 <tpot2.search_spaces.pipelines.sequential.SequentialPipelineIndividual object at 0x1554757620e0> 

WARNING AN INDIVIDUAL TIMED OUT: 
 <tpot2.search_spaces.pipelines.sequential.SequentialPipelineIndividual object at 0x1554757f3790> 

Generation:  10
Best root_mean_squared_error score: -2.727832600622153
Generation:  40%|      | 10/25 [1:32:43<2:29:42, 598.85s/it]WARNING AN INDIVIDUAL TIMED OUT: 
 <tpot2.search_spaces.pipelines.sequential.SequentialPipelineIndividual object at 0x1554757660e0> 

Generation:  11
Best root_mean_squared_error score: -2.727832600622153
Generation:  44%|     | 11/25 [1:42:48<2:20:10, 600.73s/it]WARNING THIS INDIVIDUAL CAUSED AND EXCEPTION 
 <tpot2.search_spaces.pipelines.sequential.SequentialPipelineIndividual object at 0x15545ae884c0> 
 The 'criterion' parameter of RandomForestRegressor must be a str among {'friedman_mse', 'poisson', 'absolute_error', 'squared_error'}. Got 'mae' instead. 
 Traceback (most recent call last):
  File "/common/ketrong/tpotexp/tpot2/tpot2/utils/eval_utils.py", line 53, in objective_nan_wrapper
    value = func_timeout.func_timeout(timeout, objective_function, args=[individual], kwargs=objective_kwargs)
  File "/common/ketrong/tpotexp/env/lib/python3.10/site-packages/func_timeout/dafunc.py", line 108, in func_timeout
    raise_exception(exception)
  File "/common/ketrong/tpotexp/env/lib/python3.10/site-packages/func_timeout/py3_raise.py", line 7, in raise_exception
    raise exception[0] from None
  File "/common/ketrong/tpotexp/tpot2/tpot2/tpot_estimator/estimator.py", line 623, in objective_function
    return objective_function_generator(
  File "/common/ketrong/tpotexp/tpot2/tpot2/tpot_estimator/estimator_utils.py", line 55, in objective_function_generator
    cv_obj_scores = cross_val_score_objective(sklearn.base.clone(pipeline),x,y,scorers=scorers, cv=cv , fold=step)
  File "/common/ketrong/tpotexp/tpot2/tpot2/tpot_estimator/cross_val_utils.py", line 28, in cross_val_score_objective
    this_fold_pipeline.fit(X_train,y_train)
  File "/common/ketrong/tpotexp/env/lib/python3.10/site-packages/sklearn/base.py", line 1473, in wrapper
    return fit_method(estimator, *args, **kwargs)
  File "/common/ketrong/tpotexp/env/lib/python3.10/site-packages/sklearn/pipeline.py", line 473, in fit
    self._final_estimator.fit(Xt, y, **last_step_params["fit"])
  File "/common/ketrong/tpotexp/env/lib/python3.10/site-packages/sklearn/base.py", line 1466, in wrapper
    estimator._validate_params()
  File "/common/ketrong/tpotexp/env/lib/python3.10/site-packages/sklearn/base.py", line 666, in _validate_params
    validate_parameter_constraints(
  File "/common/ketrong/tpotexp/env/lib/python3.10/site-packages/sklearn/utils/_param_validation.py", line 95, in validate_parameter_constraints
    raise InvalidParameterError(
sklearn.utils._param_validation.InvalidParameterError: The 'criterion' parameter of RandomForestRegressor must be a str among {'friedman_mse', 'poisson', 'absolute_error', 'squared_error'}. Got 'mae' instead.

WARNING AN INDIVIDUAL TIMED OUT: 
 <tpot2.search_spaces.pipelines.sequential.SequentialPipelineIndividual object at 0x155475eeb670> 

WARNING AN INDIVIDUAL TIMED OUT: 
 <tpot2.search_spaces.pipelines.sequential.SequentialPipelineIndividual object at 0x15545c59e020> 

WARNING AN INDIVIDUAL TIMED OUT: 
 <tpot2.search_spaces.pipelines.sequential.SequentialPipelineIndividual object at 0x1554757ef700> 

Generation:  12
Best root_mean_squared_error score: -2.727832600622153
Generation:  48%|     | 12/25 [1:52:54<2:10:30, 602.38s/it]WARNING THIS INDIVIDUAL CAUSED AND EXCEPTION 
 <tpot2.search_spaces.pipelines.sequential.SequentialPipelineIndividual object at 0x15545d6fe320> 
 The 'criterion' parameter of RandomForestRegressor must be a str among {'friedman_mse', 'poisson', 'absolute_error', 'squared_error'}. Got 'mae' instead. 
 Traceback (most recent call last):
  File "/common/ketrong/tpotexp/tpot2/tpot2/utils/eval_utils.py", line 53, in objective_nan_wrapper
    value = func_timeout.func_timeout(timeout, objective_function, args=[individual], kwargs=objective_kwargs)
  File "/common/ketrong/tpotexp/env/lib/python3.10/site-packages/func_timeout/dafunc.py", line 108, in func_timeout
    raise_exception(exception)
  File "/common/ketrong/tpotexp/env/lib/python3.10/site-packages/func_timeout/py3_raise.py", line 7, in raise_exception
    raise exception[0] from None
  File "/common/ketrong/tpotexp/tpot2/tpot2/tpot_estimator/estimator.py", line 623, in objective_function
    return objective_function_generator(
  File "/common/ketrong/tpotexp/tpot2/tpot2/tpot_estimator/estimator_utils.py", line 55, in objective_function_generator
    cv_obj_scores = cross_val_score_objective(sklearn.base.clone(pipeline),x,y,scorers=scorers, cv=cv , fold=step)
  File "/common/ketrong/tpotexp/tpot2/tpot2/tpot_estimator/cross_val_utils.py", line 28, in cross_val_score_objective
    this_fold_pipeline.fit(X_train,y_train)
  File "/common/ketrong/tpotexp/env/lib/python3.10/site-packages/sklearn/base.py", line 1473, in wrapper
    return fit_method(estimator, *args, **kwargs)
  File "/common/ketrong/tpotexp/env/lib/python3.10/site-packages/sklearn/pipeline.py", line 473, in fit
    self._final_estimator.fit(Xt, y, **last_step_params["fit"])
  File "/common/ketrong/tpotexp/env/lib/python3.10/site-packages/sklearn/base.py", line 1466, in wrapper
    estimator._validate_params()
  File "/common/ketrong/tpotexp/env/lib/python3.10/site-packages/sklearn/base.py", line 666, in _validate_params
    validate_parameter_constraints(
  File "/common/ketrong/tpotexp/env/lib/python3.10/site-packages/sklearn/utils/_param_validation.py", line 95, in validate_parameter_constraints
    raise InvalidParameterError(
sklearn.utils._param_validation.InvalidParameterError: The 'criterion' parameter of RandomForestRegressor must be a str among {'friedman_mse', 'poisson', 'absolute_error', 'squared_error'}. Got 'mae' instead.

WARNING AN INDIVIDUAL TIMED OUT: 
 <tpot2.search_spaces.pipelines.sequential.SequentialPipelineIndividual object at 0x155474b660b0> 

Generation:  13
Best root_mean_squared_error score: -2.727832600622153
Generation:  52%|    | 13/25 [2:03:01<2:00:42, 603.51s/it]WARNING AN INDIVIDUAL TIMED OUT: 
 <tpot2.search_spaces.pipelines.sequential.SequentialPipelineIndividual object at 0x155475766290> 

WARNING AN INDIVIDUAL TIMED OUT: 
 <tpot2.search_spaces.pipelines.sequential.SequentialPipelineIndividual object at 0x15547527d630> 

WARNING AN INDIVIDUAL TIMED OUT: 
 <tpot2.search_spaces.pipelines.sequential.SequentialPipelineIndividual object at 0x1554757689a0> 

WARNING AN INDIVIDUAL TIMED OUT: 
 <tpot2.search_spaces.pipelines.sequential.SequentialPipelineIndividual object at 0x155474abbb50> 

WARNING AN INDIVIDUAL TIMED OUT: 
 <tpot2.search_spaces.pipelines.sequential.SequentialPipelineIndividual object at 0x15547578d690> 

Generation:  14
Best root_mean_squared_error score: -2.7277274512949345
Generation:  56%|    | 14/25 [2:13:07<1:50:48, 604.40s/it]WARNING AN INDIVIDUAL TIMED OUT: 
 <tpot2.search_spaces.pipelines.sequential.SequentialPipelineIndividual object at 0x155474c34e50> 

WARNING AN INDIVIDUAL TIMED OUT: 
 <tpot2.search_spaces.pipelines.sequential.SequentialPipelineIndividual object at 0x155475eeb790> 

Generation:  15
Best root_mean_squared_error score: -2.7277274512949345
Generation:  60%|    | 15/25 [2:23:13<1:40:49, 604.97s/it]WARNING AN INDIVIDUAL TIMED OUT: 
 <tpot2.search_spaces.pipelines.sequential.SequentialPipelineIndividual object at 0x155475770c10> 

WARNING AN INDIVIDUAL TIMED OUT: 
 <tpot2.search_spaces.pipelines.sequential.SequentialPipelineIndividual object at 0x15545f131450> 

WARNING AN INDIVIDUAL TIMED OUT: 
 <tpot2.search_spaces.pipelines.sequential.SequentialPipelineIndividual object at 0x15547574e740> 

WARNING AN INDIVIDUAL TIMED OUT: 
 <tpot2.search_spaces.pipelines.sequential.SequentialPipelineIndividual object at 0x15545af52e30> 

Generation:  16
Best root_mean_squared_error score: -2.7277274512949345
Generation:  64%|   | 16/25 [2:33:21<1:30:51, 605.69s/it]WARNING AN INDIVIDUAL TIMED OUT: 
 <tpot2.search_spaces.pipelines.sequential.SequentialPipelineIndividual object at 0x155474b47c40> 

Generation:  17
Best root_mean_squared_error score: -2.7277274512949345
Generation:  68%|   | 17/25 [2:43:28<1:20:50, 606.26s/it]WARNING THIS INDIVIDUAL CAUSED AND EXCEPTION 
 <tpot2.search_spaces.pipelines.sequential.SequentialPipelineIndividual object at 0x155474e78a00> 
 The 'criterion' parameter of DecisionTreeRegressor must be a str among {'friedman_mse', 'poisson', 'absolute_error', 'squared_error'}. Got 'mae' instead. 
 Traceback (most recent call last):
  File "/common/ketrong/tpotexp/tpot2/tpot2/utils/eval_utils.py", line 53, in objective_nan_wrapper
    value = func_timeout.func_timeout(timeout, objective_function, args=[individual], kwargs=objective_kwargs)
  File "/common/ketrong/tpotexp/env/lib/python3.10/site-packages/func_timeout/dafunc.py", line 108, in func_timeout
    raise_exception(exception)
  File "/common/ketrong/tpotexp/env/lib/python3.10/site-packages/func_timeout/py3_raise.py", line 7, in raise_exception
    raise exception[0] from None
  File "/common/ketrong/tpotexp/tpot2/tpot2/tpot_estimator/estimator.py", line 623, in objective_function
    return objective_function_generator(
  File "/common/ketrong/tpotexp/tpot2/tpot2/tpot_estimator/estimator_utils.py", line 55, in objective_function_generator
    cv_obj_scores = cross_val_score_objective(sklearn.base.clone(pipeline),x,y,scorers=scorers, cv=cv , fold=step)
  File "/common/ketrong/tpotexp/tpot2/tpot2/tpot_estimator/cross_val_utils.py", line 28, in cross_val_score_objective
    this_fold_pipeline.fit(X_train,y_train)
  File "/common/ketrong/tpotexp/env/lib/python3.10/site-packages/sklearn/base.py", line 1473, in wrapper
    return fit_method(estimator, *args, **kwargs)
  File "/common/ketrong/tpotexp/env/lib/python3.10/site-packages/sklearn/pipeline.py", line 473, in fit
    self._final_estimator.fit(Xt, y, **last_step_params["fit"])
  File "/common/ketrong/tpotexp/env/lib/python3.10/site-packages/sklearn/base.py", line 1466, in wrapper
    estimator._validate_params()
  File "/common/ketrong/tpotexp/env/lib/python3.10/site-packages/sklearn/base.py", line 666, in _validate_params
    validate_parameter_constraints(
  File "/common/ketrong/tpotexp/env/lib/python3.10/site-packages/sklearn/utils/_param_validation.py", line 95, in validate_parameter_constraints
    raise InvalidParameterError(
sklearn.utils._param_validation.InvalidParameterError: The 'criterion' parameter of DecisionTreeRegressor must be a str among {'friedman_mse', 'poisson', 'absolute_error', 'squared_error'}. Got 'mae' instead.

WARNING AN INDIVIDUAL TIMED OUT: 
 <tpot2.search_spaces.pipelines.sequential.SequentialPipelineIndividual object at 0x15547574efe0> 

WARNING AN INDIVIDUAL TIMED OUT: 
 <tpot2.search_spaces.pipelines.sequential.SequentialPipelineIndividual object at 0x155475369360> 

WARNING AN INDIVIDUAL TIMED OUT: 
 <tpot2.search_spaces.pipelines.sequential.SequentialPipelineIndividual object at 0x15545af50070> 

WARNING AN INDIVIDUAL TIMED OUT: 
 <tpot2.search_spaces.pipelines.sequential.SequentialPipelineIndividual object at 0x15545d470f10> 

WARNING AN INDIVIDUAL TIMED OUT: 
 <tpot2.search_spaces.pipelines.sequential.SequentialPipelineIndividual object at 0x15545ae8a5f0> 

WARNING AN INDIVIDUAL TIMED OUT: 
 <tpot2.search_spaces.pipelines.sequential.SequentialPipelineIndividual object at 0x1554752ed720> 

WARNING AN INDIVIDUAL TIMED OUT: 
 <tpot2.search_spaces.pipelines.sequential.SequentialPipelineIndividual object at 0x1554747bbd90> 

Generation:  18
Best root_mean_squared_error score: -2.7277274512949345
Generation:  72%|  | 18/25 [2:53:36<1:10:47, 606.76s/it]WARNING AN INDIVIDUAL TIMED OUT: 
 <tpot2.search_spaces.pipelines.sequential.SequentialPipelineIndividual object at 0x15545df11600> 

WARNING AN INDIVIDUAL TIMED OUT: 
 <tpot2.search_spaces.pipelines.sequential.SequentialPipelineIndividual object at 0x1554744cb190> 

WARNING AN INDIVIDUAL TIMED OUT: 
 <tpot2.search_spaces.pipelines.sequential.SequentialPipelineIndividual object at 0x15545db51990> 

WARNING AN INDIVIDUAL TIMED OUT: 
 <tpot2.search_spaces.pipelines.sequential.SequentialPipelineIndividual object at 0x15545db40b20> 

WARNING AN INDIVIDUAL TIMED OUT: 
 <tpot2.search_spaces.pipelines.sequential.SequentialPipelineIndividual object at 0x1554757abd30> 

WARNING AN INDIVIDUAL TIMED OUT: 
 <tpot2.search_spaces.pipelines.sequential.SequentialPipelineIndividual object at 0x15547529a8c0> 

Generation:  19
Best root_mean_squared_error score: -2.7277274512949345
Generation:  76%|  | 19/25 [3:03:44<1:00:41, 607.00s/it]WARNING AN INDIVIDUAL TIMED OUT: 
 <tpot2.search_spaces.pipelines.sequential.SequentialPipelineIndividual object at 0x15547521a650> 

WARNING AN INDIVIDUAL TIMED OUT: 
 <tpot2.search_spaces.pipelines.sequential.SequentialPipelineIndividual object at 0x155457542320> 

WARNING AN INDIVIDUAL TIMED OUT: 
 <tpot2.search_spaces.pipelines.sequential.SequentialPipelineIndividual object at 0x155474881540> 

WARNING AN INDIVIDUAL TIMED OUT: 
 <tpot2.search_spaces.pipelines.sequential.SequentialPipelineIndividual object at 0x1554753c8dc0> 

WARNING AN INDIVIDUAL TIMED OUT: 
 <tpot2.search_spaces.pipelines.sequential.SequentialPipelineIndividual object at 0x1554749e3bb0> 

Generation:  20
Best root_mean_squared_error score: -2.7277274512949345
Generation:  80%|  | 20/25 [3:13:52<50:37, 607.47s/it]  WARNING AN INDIVIDUAL TIMED OUT: 
 <tpot2.search_spaces.pipelines.sequential.SequentialPipelineIndividual object at 0x155475767640> 

WARNING AN INDIVIDUAL TIMED OUT: 
 <tpot2.search_spaces.pipelines.sequential.SequentialPipelineIndividual object at 0x1554745ad4b0> 

Generation:  21
Best root_mean_squared_error score: -2.7270923019808393
Generation:  84%| | 21/25 [3:24:01<40:31, 607.98s/it]WARNING AN INDIVIDUAL TIMED OUT: 
 <tpot2.search_spaces.pipelines.sequential.SequentialPipelineIndividual object at 0x1554752cf7c0> 

WARNING AN INDIVIDUAL TIMED OUT: 
 <tpot2.search_spaces.pipelines.sequential.SequentialPipelineIndividual object at 0x15545e81e8c0> 

WARNING AN INDIVIDUAL TIMED OUT: 
 <tpot2.search_spaces.pipelines.sequential.SequentialPipelineIndividual object at 0x15545d98be80> 

WARNING AN INDIVIDUAL TIMED OUT: 
 <tpot2.search_spaces.pipelines.sequential.SequentialPipelineIndividual object at 0x1554757c6350> 

WARNING AN INDIVIDUAL TIMED OUT: 
 <tpot2.search_spaces.pipelines.sequential.SequentialPipelineIndividual object at 0x15545dcc4550> 

WARNING AN INDIVIDUAL TIMED OUT: 
 <tpot2.search_spaces.pipelines.sequential.SequentialPipelineIndividual object at 0x1554753fe290> 

Generation:  22
Best root_mean_squared_error score: -2.7270923019808393
Generation:  88%| | 22/25 [3:34:10<30:24, 608.16s/it]WARNING AN INDIVIDUAL TIMED OUT: 
 <tpot2.search_spaces.pipelines.sequential.SequentialPipelineIndividual object at 0x15547574e260> 

WARNING AN INDIVIDUAL TIMED OUT: 
 <tpot2.search_spaces.pipelines.sequential.SequentialPipelineIndividual object at 0x155474bb6ce0> 

Generation:  23
Best root_mean_squared_error score: -2.7270923019808393
Generation:  92%|| 23/25 [3:44:20<20:17, 608.63s/it]WARNING THIS INDIVIDUAL CAUSED AND EXCEPTION 
 <tpot2.search_spaces.pipelines.sequential.SequentialPipelineIndividual object at 0x1554752245e0> 
 The 'criterion' parameter of RandomForestRegressor must be a str among {'friedman_mse', 'poisson', 'absolute_error', 'squared_error'}. Got 'mse' instead. 
 Traceback (most recent call last):
  File "/common/ketrong/tpotexp/tpot2/tpot2/utils/eval_utils.py", line 53, in objective_nan_wrapper
    value = func_timeout.func_timeout(timeout, objective_function, args=[individual], kwargs=objective_kwargs)
  File "/common/ketrong/tpotexp/env/lib/python3.10/site-packages/func_timeout/dafunc.py", line 108, in func_timeout
    raise_exception(exception)
  File "/common/ketrong/tpotexp/env/lib/python3.10/site-packages/func_timeout/py3_raise.py", line 7, in raise_exception
    raise exception[0] from None
  File "/common/ketrong/tpotexp/tpot2/tpot2/tpot_estimator/estimator.py", line 623, in objective_function
    return objective_function_generator(
  File "/common/ketrong/tpotexp/tpot2/tpot2/tpot_estimator/estimator_utils.py", line 55, in objective_function_generator
    cv_obj_scores = cross_val_score_objective(sklearn.base.clone(pipeline),x,y,scorers=scorers, cv=cv , fold=step)
  File "/common/ketrong/tpotexp/tpot2/tpot2/tpot_estimator/cross_val_utils.py", line 28, in cross_val_score_objective
    this_fold_pipeline.fit(X_train,y_train)
  File "/common/ketrong/tpotexp/env/lib/python3.10/site-packages/sklearn/base.py", line 1473, in wrapper
    return fit_method(estimator, *args, **kwargs)
  File "/common/ketrong/tpotexp/env/lib/python3.10/site-packages/sklearn/pipeline.py", line 473, in fit
    self._final_estimator.fit(Xt, y, **last_step_params["fit"])
  File "/common/ketrong/tpotexp/env/lib/python3.10/site-packages/sklearn/base.py", line 1466, in wrapper
    estimator._validate_params()
  File "/common/ketrong/tpotexp/env/lib/python3.10/site-packages/sklearn/base.py", line 666, in _validate_params
    validate_parameter_constraints(
  File "/common/ketrong/tpotexp/env/lib/python3.10/site-packages/sklearn/utils/_param_validation.py", line 95, in validate_parameter_constraints
    raise InvalidParameterError(
sklearn.utils._param_validation.InvalidParameterError: The 'criterion' parameter of RandomForestRegressor must be a str among {'friedman_mse', 'poisson', 'absolute_error', 'squared_error'}. Got 'mse' instead.

WARNING AN INDIVIDUAL TIMED OUT: 
 <tpot2.search_spaces.pipelines.sequential.SequentialPipelineIndividual object at 0x1554752fcac0> 

Generation:  24
Best root_mean_squared_error score: -2.7270923019808393
Generation:  96%|| 24/25 [3:54:30<10:09, 609.14s/it]WARNING THIS INDIVIDUAL CAUSED AND EXCEPTION 
 <tpot2.search_spaces.pipelines.sequential.SequentialPipelineIndividual object at 0x15545cafcdf0> 
 The 'criterion' parameter of ExtraTreesRegressor must be a str among {'friedman_mse', 'poisson', 'absolute_error', 'squared_error'}. Got 'mae' instead. 
 Traceback (most recent call last):
  File "/common/ketrong/tpotexp/tpot2/tpot2/utils/eval_utils.py", line 53, in objective_nan_wrapper
    value = func_timeout.func_timeout(timeout, objective_function, args=[individual], kwargs=objective_kwargs)
  File "/common/ketrong/tpotexp/env/lib/python3.10/site-packages/func_timeout/dafunc.py", line 108, in func_timeout
    raise_exception(exception)
  File "/common/ketrong/tpotexp/env/lib/python3.10/site-packages/func_timeout/py3_raise.py", line 7, in raise_exception
    raise exception[0] from None
  File "/common/ketrong/tpotexp/tpot2/tpot2/tpot_estimator/estimator.py", line 623, in objective_function
    return objective_function_generator(
  File "/common/ketrong/tpotexp/tpot2/tpot2/tpot_estimator/estimator_utils.py", line 55, in objective_function_generator
    cv_obj_scores = cross_val_score_objective(sklearn.base.clone(pipeline),x,y,scorers=scorers, cv=cv , fold=step)
  File "/common/ketrong/tpotexp/tpot2/tpot2/tpot_estimator/cross_val_utils.py", line 28, in cross_val_score_objective
    this_fold_pipeline.fit(X_train,y_train)
  File "/common/ketrong/tpotexp/env/lib/python3.10/site-packages/sklearn/base.py", line 1473, in wrapper
    return fit_method(estimator, *args, **kwargs)
  File "/common/ketrong/tpotexp/env/lib/python3.10/site-packages/sklearn/pipeline.py", line 473, in fit
    self._final_estimator.fit(Xt, y, **last_step_params["fit"])
  File "/common/ketrong/tpotexp/env/lib/python3.10/site-packages/sklearn/base.py", line 1466, in wrapper
    estimator._validate_params()
  File "/common/ketrong/tpotexp/env/lib/python3.10/site-packages/sklearn/base.py", line 666, in _validate_params
    validate_parameter_constraints(
  File "/common/ketrong/tpotexp/env/lib/python3.10/site-packages/sklearn/utils/_param_validation.py", line 95, in validate_parameter_constraints
    raise InvalidParameterError(
sklearn.utils._param_validation.InvalidParameterError: The 'criterion' parameter of ExtraTreesRegressor must be a str among {'friedman_mse', 'poisson', 'absolute_error', 'squared_error'}. Got 'mae' instead.

WARNING AN INDIVIDUAL TIMED OUT: 
 <tpot2.search_spaces.pipelines.sequential.SequentialPipelineIndividual object at 0x1554752d87c0> 

WARNING AN INDIVIDUAL TIMED OUT: 
 <tpot2.search_spaces.pipelines.sequential.SequentialPipelineIndividual object at 0x155474a62830> 

Generation:  25
Best root_mean_squared_error score: -2.7270923019808393
Generation: 100%|| 25/25 [4:04:40<00:00, 609.38s/it]Generation: 100%|| 25/25 [4:04:43<00:00, 587.35s/it]
2024-08-27 03:21:57,502 - distributed.scheduler - ERROR - Removing worker 'tcp://127.0.0.1:32827' caused the cluster to lose scattered data, which can't be recovered: {'DataFrame-4f525155b0aa986c71f0c103cfaa5d45', 'ndarray-e145eb3f1d847f8725f2b3c610dfc11c'} (stimulus_id='handle-worker-cleanup-1724754117.5022507')
Fitted
Pipeline(steps=[('mlpregressor',
                 MLPRegressor(activation='tanh', alpha=0.0003667184039,
                              early_stopping=True, hidden_layer_sizes=[25, 25],
                              learning_rate='invscaling',
                              learning_rate_init=0.0006796363326,
                              n_iter_no_change=32))])
score start
train score: {'explained_var': 0.618619545891281, 'r2': 0.6185376751486762, 'rmse': 2.714727198359276}
original test score: {'explained_var': 0.9417877322132562, 'r2': 0.9417733210230275, 'rmse': 1.0536794592954233}
imputed test score: {'explained_var': 0.589559719777733, 'r2': 0.5895041364347646, 'rmse': 2.7977048538612816}
score end
check intended
EXP2 Finished
running experiment 3/3 - What is the best automl settings?
<tpot2.search_spaces.pipelines.sequential.SequentialPipeline object at 0x1554302ab2e0>
Start tpot fit
  0%|          | 0/25 [00:00<?, ?it/s]Generation:   0%|          | 0/25 [00:00<?, ?it/s]WARNING THIS INDIVIDUAL CAUSED AND EXCEPTION 
 <tpot2.search_spaces.pipelines.sequential.SequentialPipelineIndividual object at 0x155475eeab90> 
 The 'criterion' parameter of RandomForestRegressor must be a str among {'friedman_mse', 'poisson', 'absolute_error', 'squared_error'}. Got 'mse' instead. 
 Traceback (most recent call last):
  File "/common/ketrong/tpotexp/tpot2/tpot2/utils/eval_utils.py", line 53, in objective_nan_wrapper
    value = func_timeout.func_timeout(timeout, objective_function, args=[individual], kwargs=objective_kwargs)
  File "/common/ketrong/tpotexp/env/lib/python3.10/site-packages/func_timeout/dafunc.py", line 108, in func_timeout
    raise_exception(exception)
  File "/common/ketrong/tpotexp/env/lib/python3.10/site-packages/func_timeout/py3_raise.py", line 7, in raise_exception
    raise exception[0] from None
  File "/common/ketrong/tpotexp/tpot2/tpot2/tpot_estimator/estimator.py", line 623, in objective_function
    return objective_function_generator(
  File "/common/ketrong/tpotexp/tpot2/tpot2/tpot_estimator/estimator_utils.py", line 55, in objective_function_generator
    cv_obj_scores = cross_val_score_objective(sklearn.base.clone(pipeline),x,y,scorers=scorers, cv=cv , fold=step)
  File "/common/ketrong/tpotexp/tpot2/tpot2/tpot_estimator/cross_val_utils.py", line 28, in cross_val_score_objective
    this_fold_pipeline.fit(X_train,y_train)
  File "/common/ketrong/tpotexp/env/lib/python3.10/site-packages/sklearn/base.py", line 1473, in wrapper
    return fit_method(estimator, *args, **kwargs)
  File "/common/ketrong/tpotexp/env/lib/python3.10/site-packages/sklearn/pipeline.py", line 473, in fit
    self._final_estimator.fit(Xt, y, **last_step_params["fit"])
  File "/common/ketrong/tpotexp/env/lib/python3.10/site-packages/sklearn/base.py", line 1466, in wrapper
    estimator._validate_params()
  File "/common/ketrong/tpotexp/env/lib/python3.10/site-packages/sklearn/base.py", line 666, in _validate_params
    validate_parameter_constraints(
  File "/common/ketrong/tpotexp/env/lib/python3.10/site-packages/sklearn/utils/_param_validation.py", line 95, in validate_parameter_constraints
    raise InvalidParameterError(
sklearn.utils._param_validation.InvalidParameterError: The 'criterion' parameter of RandomForestRegressor must be a str among {'friedman_mse', 'poisson', 'absolute_error', 'squared_error'}. Got 'mse' instead.

WARNING THIS INDIVIDUAL CAUSED AND EXCEPTION 
 <tpot2.search_spaces.pipelines.sequential.SequentialPipelineIndividual object at 0x155475eeaa10> 
 Input X contains NaN.
SGDRegressor does not accept missing values encoded as NaN natively. For supervised learning, you might want to consider sklearn.ensemble.HistGradientBoostingClassifier and Regressor which accept missing values encoded as NaNs natively. Alternatively, it is possible to preprocess the data, for instance by using an imputer transformer in a pipeline or drop samples with missing values. See https://scikit-learn.org/stable/modules/impute.html You can find a list of all estimators that handle NaN values at the following page: https://scikit-learn.org/stable/modules/impute.html#estimators-that-handle-nan-values 
 Traceback (most recent call last):
  File "/common/ketrong/tpotexp/tpot2/tpot2/utils/eval_utils.py", line 53, in objective_nan_wrapper
    value = func_timeout.func_timeout(timeout, objective_function, args=[individual], kwargs=objective_kwargs)
  File "/common/ketrong/tpotexp/env/lib/python3.10/site-packages/func_timeout/dafunc.py", line 108, in func_timeout
    raise_exception(exception)
  File "/common/ketrong/tpotexp/env/lib/python3.10/site-packages/func_timeout/py3_raise.py", line 7, in raise_exception
    raise exception[0] from None
  File "/common/ketrong/tpotexp/tpot2/tpot2/tpot_estimator/estimator.py", line 623, in objective_function
    return objective_function_generator(
  File "/common/ketrong/tpotexp/tpot2/tpot2/tpot_estimator/estimator_utils.py", line 55, in objective_function_generator
    cv_obj_scores = cross_val_score_objective(sklearn.base.clone(pipeline),x,y,scorers=scorers, cv=cv , fold=step)
  File "/common/ketrong/tpotexp/tpot2/tpot2/tpot_estimator/cross_val_utils.py", line 28, in cross_val_score_objective
    this_fold_pipeline.fit(X_train,y_train)
  File "/common/ketrong/tpotexp/env/lib/python3.10/site-packages/sklearn/base.py", line 1473, in wrapper
    return fit_method(estimator, *args, **kwargs)
  File "/common/ketrong/tpotexp/env/lib/python3.10/site-packages/sklearn/pipeline.py", line 473, in fit
    self._final_estimator.fit(Xt, y, **last_step_params["fit"])
  File "/common/ketrong/tpotexp/env/lib/python3.10/site-packages/sklearn/base.py", line 1473, in wrapper
    return fit_method(estimator, *args, **kwargs)
  File "/common/ketrong/tpotexp/env/lib/python3.10/site-packages/sklearn/linear_model/_stochastic_gradient.py", line 1655, in fit
    return self._fit(
  File "/common/ketrong/tpotexp/env/lib/python3.10/site-packages/sklearn/linear_model/_stochastic_gradient.py", line 1598, in _fit
    self._partial_fit(
  File "/common/ketrong/tpotexp/env/lib/python3.10/site-packages/sklearn/linear_model/_stochastic_gradient.py", line 1476, in _partial_fit
    X, y = self._validate_data(
  File "/common/ketrong/tpotexp/env/lib/python3.10/site-packages/sklearn/base.py", line 650, in _validate_data
    X, y = check_X_y(X, y, **check_params)
  File "/common/ketrong/tpotexp/env/lib/python3.10/site-packages/sklearn/utils/validation.py", line 1301, in check_X_y
    X = check_array(
  File "/common/ketrong/tpotexp/env/lib/python3.10/site-packages/sklearn/utils/validation.py", line 1064, in check_array
    _assert_all_finite(
  File "/common/ketrong/tpotexp/env/lib/python3.10/site-packages/sklearn/utils/validation.py", line 123, in _assert_all_finite
    _assert_all_finite_element_wise(
  File "/common/ketrong/tpotexp/env/lib/python3.10/site-packages/sklearn/utils/validation.py", line 172, in _assert_all_finite_element_wise
    raise ValueError(msg_err)
ValueError: Input X contains NaN.
SGDRegressor does not accept missing values encoded as NaN natively. For supervised learning, you might want to consider sklearn.ensemble.HistGradientBoostingClassifier and Regressor which accept missing values encoded as NaNs natively. Alternatively, it is possible to preprocess the data, for instance by using an imputer transformer in a pipeline or drop samples with missing values. See https://scikit-learn.org/stable/modules/impute.html You can find a list of all estimators that handle NaN values at the following page: https://scikit-learn.org/stable/modules/impute.html#estimators-that-handle-nan-values

WARNING THIS INDIVIDUAL CAUSED AND EXCEPTION 
 <tpot2.search_spaces.pipelines.sequential.SequentialPipelineIndividual object at 0x1554573ba7d0> 
 Input X contains NaN.
MLPRegressor does not accept missing values encoded as NaN natively. For supervised learning, you might want to consider sklearn.ensemble.HistGradientBoostingClassifier and Regressor which accept missing values encoded as NaNs natively. Alternatively, it is possible to preprocess the data, for instance by using an imputer transformer in a pipeline or drop samples with missing values. See https://scikit-learn.org/stable/modules/impute.html You can find a list of all estimators that handle NaN values at the following page: https://scikit-learn.org/stable/modules/impute.html#estimators-that-handle-nan-values 
 Traceback (most recent call last):
  File "/common/ketrong/tpotexp/tpot2/tpot2/utils/eval_utils.py", line 53, in objective_nan_wrapper
    value = func_timeout.func_timeout(timeout, objective_function, args=[individual], kwargs=objective_kwargs)
  File "/common/ketrong/tpotexp/env/lib/python3.10/site-packages/func_timeout/dafunc.py", line 108, in func_timeout
    raise_exception(exception)
  File "/common/ketrong/tpotexp/env/lib/python3.10/site-packages/func_timeout/py3_raise.py", line 7, in raise_exception
    raise exception[0] from None
  File "/common/ketrong/tpotexp/tpot2/tpot2/tpot_estimator/estimator.py", line 623, in objective_function
    return objective_function_generator(
  File "/common/ketrong/tpotexp/tpot2/tpot2/tpot_estimator/estimator_utils.py", line 55, in objective_function_generator
    cv_obj_scores = cross_val_score_objective(sklearn.base.clone(pipeline),x,y,scorers=scorers, cv=cv , fold=step)
  File "/common/ketrong/tpotexp/tpot2/tpot2/tpot_estimator/cross_val_utils.py", line 28, in cross_val_score_objective
    this_fold_pipeline.fit(X_train,y_train)
  File "/common/ketrong/tpotexp/env/lib/python3.10/site-packages/sklearn/base.py", line 1473, in wrapper
    return fit_method(estimator, *args, **kwargs)
  File "/common/ketrong/tpotexp/env/lib/python3.10/site-packages/sklearn/pipeline.py", line 473, in fit
    self._final_estimator.fit(Xt, y, **last_step_params["fit"])
  File "/common/ketrong/tpotexp/env/lib/python3.10/site-packages/sklearn/base.py", line 1473, in wrapper
    return fit_method(estimator, *args, **kwargs)
  File "/common/ketrong/tpotexp/env/lib/python3.10/site-packages/sklearn/neural_network/_multilayer_perceptron.py", line 751, in fit
    return self._fit(X, y, incremental=False)
  File "/common/ketrong/tpotexp/env/lib/python3.10/site-packages/sklearn/neural_network/_multilayer_perceptron.py", line 441, in _fit
    X, y = self._validate_input(X, y, incremental, reset=first_pass)
  File "/common/ketrong/tpotexp/env/lib/python3.10/site-packages/sklearn/neural_network/_multilayer_perceptron.py", line 1621, in _validate_input
    X, y = self._validate_data(
  File "/common/ketrong/tpotexp/env/lib/python3.10/site-packages/sklearn/base.py", line 650, in _validate_data
    X, y = check_X_y(X, y, **check_params)
  File "/common/ketrong/tpotexp/env/lib/python3.10/site-packages/sklearn/utils/validation.py", line 1301, in check_X_y
    X = check_array(
  File "/common/ketrong/tpotexp/env/lib/python3.10/site-packages/sklearn/utils/validation.py", line 1064, in check_array
    _assert_all_finite(
  File "/common/ketrong/tpotexp/env/lib/python3.10/site-packages/sklearn/utils/validation.py", line 123, in _assert_all_finite
    _assert_all_finite_element_wise(
  File "/common/ketrong/tpotexp/env/lib/python3.10/site-packages/sklearn/utils/validation.py", line 172, in _assert_all_finite_element_wise
    raise ValueError(msg_err)
ValueError: Input X contains NaN.
MLPRegressor does not accept missing values encoded as NaN natively. For supervised learning, you might want to consider sklearn.ensemble.HistGradientBoostingClassifier and Regressor which accept missing values encoded as NaNs natively. Alternatively, it is possible to preprocess the data, for instance by using an imputer transformer in a pipeline or drop samples with missing values. See https://scikit-learn.org/stable/modules/impute.html You can find a list of all estimators that handle NaN values at the following page: https://scikit-learn.org/stable/modules/impute.html#estimators-that-handle-nan-values

WARNING AN INDIVIDUAL TIMED OUT: 
 <tpot2.search_spaces.pipelines.sequential.SequentialPipelineIndividual object at 0x155475eea5c0> 

WARNING AN INDIVIDUAL TIMED OUT: 
 <tpot2.search_spaces.pipelines.sequential.SequentialPipelineIndividual object at 0x155475eea920> 

WARNING AN INDIVIDUAL TIMED OUT: 
 <tpot2.search_spaces.pipelines.sequential.SequentialPipelineIndividual object at 0x155475eea800> 

WARNING AN INDIVIDUAL TIMED OUT: 
 <tpot2.search_spaces.pipelines.sequential.SequentialPipelineIndividual object at 0x155475eea5f0> 

WARNING AN INDIVIDUAL TIMED OUT: 
 <tpot2.search_spaces.pipelines.sequential.SequentialPipelineIndividual object at 0x155475eea410> 

Generation:  1
Best root_mean_squared_error score: -2.7527971647919287
Generation:   4%|         | 1/25 [10:01<4:00:44, 601.84s/it]WARNING THIS INDIVIDUAL CAUSED AND EXCEPTION 
 <tpot2.search_spaces.pipelines.sequential.SequentialPipelineIndividual object at 0x1554757a90c0> 
 The 'criterion' parameter of ExtraTreesRegressor must be a str among {'friedman_mse', 'poisson', 'absolute_error', 'squared_error'}. Got 'mae' instead. 
 Traceback (most recent call last):
  File "/common/ketrong/tpotexp/tpot2/tpot2/utils/eval_utils.py", line 53, in objective_nan_wrapper
    value = func_timeout.func_timeout(timeout, objective_function, args=[individual], kwargs=objective_kwargs)
  File "/common/ketrong/tpotexp/env/lib/python3.10/site-packages/func_timeout/dafunc.py", line 108, in func_timeout
    raise_exception(exception)
  File "/common/ketrong/tpotexp/env/lib/python3.10/site-packages/func_timeout/py3_raise.py", line 7, in raise_exception
    raise exception[0] from None
  File "/common/ketrong/tpotexp/tpot2/tpot2/tpot_estimator/estimator.py", line 623, in objective_function
    return objective_function_generator(
  File "/common/ketrong/tpotexp/tpot2/tpot2/tpot_estimator/estimator_utils.py", line 55, in objective_function_generator
    cv_obj_scores = cross_val_score_objective(sklearn.base.clone(pipeline),x,y,scorers=scorers, cv=cv , fold=step)
  File "/common/ketrong/tpotexp/tpot2/tpot2/tpot_estimator/cross_val_utils.py", line 28, in cross_val_score_objective
    this_fold_pipeline.fit(X_train,y_train)
  File "/common/ketrong/tpotexp/env/lib/python3.10/site-packages/sklearn/base.py", line 1473, in wrapper
    return fit_method(estimator, *args, **kwargs)
  File "/common/ketrong/tpotexp/env/lib/python3.10/site-packages/sklearn/pipeline.py", line 473, in fit
    self._final_estimator.fit(Xt, y, **last_step_params["fit"])
  File "/common/ketrong/tpotexp/env/lib/python3.10/site-packages/sklearn/base.py", line 1466, in wrapper
    estimator._validate_params()
  File "/common/ketrong/tpotexp/env/lib/python3.10/site-packages/sklearn/base.py", line 666, in _validate_params
    validate_parameter_constraints(
  File "/common/ketrong/tpotexp/env/lib/python3.10/site-packages/sklearn/utils/_param_validation.py", line 95, in validate_parameter_constraints
    raise InvalidParameterError(
sklearn.utils._param_validation.InvalidParameterError: The 'criterion' parameter of ExtraTreesRegressor must be a str among {'friedman_mse', 'poisson', 'absolute_error', 'squared_error'}. Got 'mae' instead.

WARNING THIS INDIVIDUAL CAUSED AND EXCEPTION 
 <tpot2.search_spaces.pipelines.sequential.SequentialPipelineIndividual object at 0x15547578b4f0> 
 The 'criterion' parameter of ExtraTreesRegressor must be a str among {'friedman_mse', 'poisson', 'absolute_error', 'squared_error'}. Got 'mae' instead. 
 Traceback (most recent call last):
  File "/common/ketrong/tpotexp/tpot2/tpot2/utils/eval_utils.py", line 53, in objective_nan_wrapper
    value = func_timeout.func_timeout(timeout, objective_function, args=[individual], kwargs=objective_kwargs)
  File "/common/ketrong/tpotexp/env/lib/python3.10/site-packages/func_timeout/dafunc.py", line 108, in func_timeout
    raise_exception(exception)
  File "/common/ketrong/tpotexp/env/lib/python3.10/site-packages/func_timeout/py3_raise.py", line 7, in raise_exception
    raise exception[0] from None
  File "/common/ketrong/tpotexp/tpot2/tpot2/tpot_estimator/estimator.py", line 623, in objective_function
    return objective_function_generator(
  File "/common/ketrong/tpotexp/tpot2/tpot2/tpot_estimator/estimator_utils.py", line 55, in objective_function_generator
    cv_obj_scores = cross_val_score_objective(sklearn.base.clone(pipeline),x,y,scorers=scorers, cv=cv , fold=step)
  File "/common/ketrong/tpotexp/tpot2/tpot2/tpot_estimator/cross_val_utils.py", line 28, in cross_val_score_objective
    this_fold_pipeline.fit(X_train,y_train)
  File "/common/ketrong/tpotexp/env/lib/python3.10/site-packages/sklearn/base.py", line 1473, in wrapper
    return fit_method(estimator, *args, **kwargs)
  File "/common/ketrong/tpotexp/env/lib/python3.10/site-packages/sklearn/pipeline.py", line 473, in fit
    self._final_estimator.fit(Xt, y, **last_step_params["fit"])
  File "/common/ketrong/tpotexp/env/lib/python3.10/site-packages/sklearn/base.py", line 1466, in wrapper
    estimator._validate_params()
  File "/common/ketrong/tpotexp/env/lib/python3.10/site-packages/sklearn/base.py", line 666, in _validate_params
    validate_parameter_constraints(
  File "/common/ketrong/tpotexp/env/lib/python3.10/site-packages/sklearn/utils/_param_validation.py", line 95, in validate_parameter_constraints
    raise InvalidParameterError(
sklearn.utils._param_validation.InvalidParameterError: The 'criterion' parameter of ExtraTreesRegressor must be a str among {'friedman_mse', 'poisson', 'absolute_error', 'squared_error'}. Got 'mae' instead.

WARNING AN INDIVIDUAL TIMED OUT: 
 <tpot2.search_spaces.pipelines.sequential.SequentialPipelineIndividual object at 0x155474b4f400> 

WARNING AN INDIVIDUAL TIMED OUT: 
 <tpot2.search_spaces.pipelines.sequential.SequentialPipelineIndividual object at 0x155475777220> 

Generation:  2
Best root_mean_squared_error score: -2.7324454597923804
Generation:   8%|         | 2/25 [20:03<3:50:36, 601.57s/it]WARNING THIS INDIVIDUAL CAUSED AND EXCEPTION 
 <tpot2.search_spaces.pipelines.sequential.SequentialPipelineIndividual object at 0x155475752b00> 
 The 'criterion' parameter of ExtraTreesRegressor must be a str among {'friedman_mse', 'poisson', 'absolute_error', 'squared_error'}. Got 'mae' instead. 
 Traceback (most recent call last):
  File "/common/ketrong/tpotexp/tpot2/tpot2/utils/eval_utils.py", line 53, in objective_nan_wrapper
    value = func_timeout.func_timeout(timeout, objective_function, args=[individual], kwargs=objective_kwargs)
  File "/common/ketrong/tpotexp/env/lib/python3.10/site-packages/func_timeout/dafunc.py", line 108, in func_timeout
    raise_exception(exception)
  File "/common/ketrong/tpotexp/env/lib/python3.10/site-packages/func_timeout/py3_raise.py", line 7, in raise_exception
    raise exception[0] from None
  File "/common/ketrong/tpotexp/tpot2/tpot2/tpot_estimator/estimator.py", line 623, in objective_function
    return objective_function_generator(
  File "/common/ketrong/tpotexp/tpot2/tpot2/tpot_estimator/estimator_utils.py", line 55, in objective_function_generator
    cv_obj_scores = cross_val_score_objective(sklearn.base.clone(pipeline),x,y,scorers=scorers, cv=cv , fold=step)
  File "/common/ketrong/tpotexp/tpot2/tpot2/tpot_estimator/cross_val_utils.py", line 28, in cross_val_score_objective
    this_fold_pipeline.fit(X_train,y_train)
  File "/common/ketrong/tpotexp/env/lib/python3.10/site-packages/sklearn/base.py", line 1473, in wrapper
    return fit_method(estimator, *args, **kwargs)
  File "/common/ketrong/tpotexp/env/lib/python3.10/site-packages/sklearn/pipeline.py", line 473, in fit
    self._final_estimator.fit(Xt, y, **last_step_params["fit"])
  File "/common/ketrong/tpotexp/env/lib/python3.10/site-packages/sklearn/base.py", line 1466, in wrapper
    estimator._validate_params()
  File "/common/ketrong/tpotexp/env/lib/python3.10/site-packages/sklearn/base.py", line 666, in _validate_params
    validate_parameter_constraints(
  File "/common/ketrong/tpotexp/env/lib/python3.10/site-packages/sklearn/utils/_param_validation.py", line 95, in validate_parameter_constraints
    raise InvalidParameterError(
sklearn.utils._param_validation.InvalidParameterError: The 'criterion' parameter of ExtraTreesRegressor must be a str among {'friedman_mse', 'poisson', 'absolute_error', 'squared_error'}. Got 'mae' instead.

WARNING AN INDIVIDUAL TIMED OUT: 
 <tpot2.search_spaces.pipelines.sequential.SequentialPipelineIndividual object at 0x15547575cdf0> 

WARNING AN INDIVIDUAL TIMED OUT: 
 <tpot2.search_spaces.pipelines.sequential.SequentialPipelineIndividual object at 0x155475784b50> 

Generation:  3
Best root_mean_squared_error score: -2.7324454597923804
Generation:  12%|        | 3/25 [30:05<3:40:37, 601.72s/it]WARNING THIS INDIVIDUAL CAUSED AND EXCEPTION 
 <tpot2.search_spaces.pipelines.sequential.SequentialPipelineIndividual object at 0x155475eeace0> 
 The 'criterion' parameter of ExtraTreesRegressor must be a str among {'friedman_mse', 'poisson', 'absolute_error', 'squared_error'}. Got 'mae' instead. 
 Traceback (most recent call last):
  File "/common/ketrong/tpotexp/tpot2/tpot2/utils/eval_utils.py", line 53, in objective_nan_wrapper
    value = func_timeout.func_timeout(timeout, objective_function, args=[individual], kwargs=objective_kwargs)
  File "/common/ketrong/tpotexp/env/lib/python3.10/site-packages/func_timeout/dafunc.py", line 108, in func_timeout
    raise_exception(exception)
  File "/common/ketrong/tpotexp/env/lib/python3.10/site-packages/func_timeout/py3_raise.py", line 7, in raise_exception
    raise exception[0] from None
  File "/common/ketrong/tpotexp/tpot2/tpot2/tpot_estimator/estimator.py", line 623, in objective_function
    return objective_function_generator(
  File "/common/ketrong/tpotexp/tpot2/tpot2/tpot_estimator/estimator_utils.py", line 55, in objective_function_generator
    cv_obj_scores = cross_val_score_objective(sklearn.base.clone(pipeline),x,y,scorers=scorers, cv=cv , fold=step)
  File "/common/ketrong/tpotexp/tpot2/tpot2/tpot_estimator/cross_val_utils.py", line 28, in cross_val_score_objective
    this_fold_pipeline.fit(X_train,y_train)
  File "/common/ketrong/tpotexp/env/lib/python3.10/site-packages/sklearn/base.py", line 1473, in wrapper
    return fit_method(estimator, *args, **kwargs)
  File "/common/ketrong/tpotexp/env/lib/python3.10/site-packages/sklearn/pipeline.py", line 473, in fit
    self._final_estimator.fit(Xt, y, **last_step_params["fit"])
  File "/common/ketrong/tpotexp/env/lib/python3.10/site-packages/sklearn/base.py", line 1466, in wrapper
    estimator._validate_params()
  File "/common/ketrong/tpotexp/env/lib/python3.10/site-packages/sklearn/base.py", line 666, in _validate_params
    validate_parameter_constraints(
  File "/common/ketrong/tpotexp/env/lib/python3.10/site-packages/sklearn/utils/_param_validation.py", line 95, in validate_parameter_constraints
    raise InvalidParameterError(
sklearn.utils._param_validation.InvalidParameterError: The 'criterion' parameter of ExtraTreesRegressor must be a str among {'friedman_mse', 'poisson', 'absolute_error', 'squared_error'}. Got 'mae' instead.

2024-08-27 03:52:52,824 - distributed.utils_perf - WARNING - full garbage collections took 12% CPU time recently (threshold: 10%)
2024-08-27 03:52:54,229 - distributed.utils_perf - WARNING - full garbage collections took 11% CPU time recently (threshold: 10%)
2024-08-27 03:52:55,639 - distributed.utils_perf - WARNING - full garbage collections took 11% CPU time recently (threshold: 10%)
2024-08-27 03:52:56,980 - distributed.utils_perf - WARNING - full garbage collections took 11% CPU time recently (threshold: 10%)
2024-08-27 03:52:58,327 - distributed.utils_perf - WARNING - full garbage collections took 11% CPU time recently (threshold: 10%)
2024-08-27 03:52:59,618 - distributed.utils_perf - WARNING - full garbage collections took 11% CPU time recently (threshold: 10%)
2024-08-27 03:53:00,909 - distributed.utils_perf - WARNING - full garbage collections took 11% CPU time recently (threshold: 10%)
2024-08-27 03:53:02,256 - distributed.utils_perf - WARNING - full garbage collections took 11% CPU time recently (threshold: 10%)
2024-08-27 03:53:03,659 - distributed.utils_perf - WARNING - full garbage collections took 11% CPU time recently (threshold: 10%)
2024-08-27 03:53:04,892 - distributed.utils_perf - WARNING - full garbage collections took 11% CPU time recently (threshold: 10%)
2024-08-27 03:53:06,114 - distributed.utils_perf - WARNING - full garbage collections took 11% CPU time recently (threshold: 10%)
2024-08-27 03:53:07,381 - distributed.utils_perf - WARNING - full garbage collections took 11% CPU time recently (threshold: 10%)
2024-08-27 03:53:08,667 - distributed.utils_perf - WARNING - full garbage collections took 11% CPU time recently (threshold: 10%)
2024-08-27 03:53:09,984 - distributed.utils_perf - WARNING - full garbage collections took 11% CPU time recently (threshold: 10%)
2024-08-27 03:53:11,269 - distributed.utils_perf - WARNING - full garbage collections took 11% CPU time recently (threshold: 10%)
2024-08-27 03:53:12,680 - distributed.utils_perf - WARNING - full garbage collections took 11% CPU time recently (threshold: 10%)
2024-08-27 03:53:13,849 - distributed.utils_perf - WARNING - full garbage collections took 11% CPU time recently (threshold: 10%)
2024-08-27 03:53:15,283 - distributed.utils_perf - WARNING - full garbage collections took 11% CPU time recently (threshold: 10%)
2024-08-27 03:53:16,560 - distributed.utils_perf - WARNING - full garbage collections took 11% CPU time recently (threshold: 10%)
2024-08-27 03:53:17,882 - distributed.utils_perf - WARNING - full garbage collections took 11% CPU time recently (threshold: 10%)
2024-08-27 03:53:19,155 - distributed.utils_perf - WARNING - full garbage collections took 11% CPU time recently (threshold: 10%)
2024-08-27 03:53:20,441 - distributed.utils_perf - WARNING - full garbage collections took 11% CPU time recently (threshold: 10%)
2024-08-27 03:53:21,898 - distributed.utils_perf - WARNING - full garbage collections took 11% CPU time recently (threshold: 10%)
2024-08-27 03:53:23,120 - distributed.utils_perf - WARNING - full garbage collections took 11% CPU time recently (threshold: 10%)
2024-08-27 03:53:24,296 - distributed.utils_perf - WARNING - full garbage collections took 11% CPU time recently (threshold: 10%)
2024-08-27 03:53:25,561 - distributed.utils_perf - WARNING - full garbage collections took 11% CPU time recently (threshold: 10%)
2024-08-27 03:53:26,871 - distributed.utils_perf - WARNING - full garbage collections took 11% CPU time recently (threshold: 10%)
2024-08-27 03:53:28,146 - distributed.utils_perf - WARNING - full garbage collections took 11% CPU time recently (threshold: 10%)
2024-08-27 03:53:29,496 - distributed.utils_perf - WARNING - full garbage collections took 11% CPU time recently (threshold: 10%)
2024-08-27 03:53:30,839 - distributed.utils_perf - WARNING - full garbage collections took 11% CPU time recently (threshold: 10%)
2024-08-27 03:53:32,205 - distributed.utils_perf - WARNING - full garbage collections took 11% CPU time recently (threshold: 10%)
2024-08-27 03:53:33,428 - distributed.utils_perf - WARNING - full garbage collections took 11% CPU time recently (threshold: 10%)
2024-08-27 03:53:34,741 - distributed.utils_perf - WARNING - full garbage collections took 11% CPU time recently (threshold: 10%)
2024-08-27 03:53:35,980 - distributed.utils_perf - WARNING - full garbage collections took 11% CPU time recently (threshold: 10%)
2024-08-27 03:53:37,309 - distributed.utils_perf - WARNING - full garbage collections took 11% CPU time recently (threshold: 10%)
2024-08-27 03:53:38,647 - distributed.utils_perf - WARNING - full garbage collections took 11% CPU time recently (threshold: 10%)
2024-08-27 03:53:39,963 - distributed.utils_perf - WARNING - full garbage collections took 11% CPU time recently (threshold: 10%)
2024-08-27 03:53:41,416 - distributed.utils_perf - WARNING - full garbage collections took 11% CPU time recently (threshold: 10%)
2024-08-27 03:53:42,736 - distributed.utils_perf - WARNING - full garbage collections took 11% CPU time recently (threshold: 10%)
2024-08-27 03:53:44,000 - distributed.utils_perf - WARNING - full garbage collections took 11% CPU time recently (threshold: 10%)
2024-08-27 03:53:45,363 - distributed.utils_perf - WARNING - full garbage collections took 11% CPU time recently (threshold: 10%)
2024-08-27 03:53:46,625 - distributed.utils_perf - WARNING - full garbage collections took 11% CPU time recently (threshold: 10%)
2024-08-27 03:53:47,904 - distributed.utils_perf - WARNING - full garbage collections took 11% CPU time recently (threshold: 10%)
2024-08-27 03:53:49,180 - distributed.utils_perf - WARNING - full garbage collections took 11% CPU time recently (threshold: 10%)
WARNING AN INDIVIDUAL TIMED OUT: 
 <tpot2.search_spaces.pipelines.sequential.SequentialPipelineIndividual object at 0x155475eeb4c0> 

WARNING AN INDIVIDUAL TIMED OUT: 
 <tpot2.search_spaces.pipelines.sequential.SequentialPipelineIndividual object at 0x15547574d210> 

Generation:  4
Best root_mean_squared_error score: -2.727970121414698
Generation:  16%|        | 4/25 [40:07<3:30:38, 601.85s/it]WARNING AN INDIVIDUAL TIMED OUT: 
 <tpot2.search_spaces.pipelines.sequential.SequentialPipelineIndividual object at 0x15547527edd0> 

Generation:  5
Best root_mean_squared_error score: -2.727970121414698
Generation:  20%|        | 5/25 [50:09<3:20:42, 602.11s/it]WARNING AN INDIVIDUAL TIMED OUT: 
 <tpot2.search_spaces.pipelines.sequential.SequentialPipelineIndividual object at 0x1554757712a0> 

WARNING AN INDIVIDUAL TIMED OUT: 
 <tpot2.search_spaces.pipelines.sequential.SequentialPipelineIndividual object at 0x1552eb05dcf0> 

WARNING AN INDIVIDUAL TIMED OUT: 
 <tpot2.search_spaces.pipelines.sequential.SequentialPipelineIndividual object at 0x155475783820> 

WARNING AN INDIVIDUAL TIMED OUT: 
 <tpot2.search_spaces.pipelines.sequential.SequentialPipelineIndividual object at 0x155475787d30> 

WARNING AN INDIVIDUAL TIMED OUT: 
 <tpot2.search_spaces.pipelines.sequential.SequentialPipelineIndividual object at 0x155475750070> 

Generation:  6
Best root_mean_squared_error score: -2.727970121414698
Generation:  24%|       | 6/25 [1:00:13<3:10:51, 602.71s/it]Generation:  7
Best root_mean_squared_error score: -2.7272124908920814
Generation:  28%|       | 7/25 [1:06:10<2:36:40, 522.28s/it]WARNING AN INDIVIDUAL TIMED OUT: 
 <tpot2.search_spaces.pipelines.sequential.SequentialPipelineIndividual object at 0x1554757b5a80> 

Generation:  8
Best root_mean_squared_error score: -2.7272124908920814
Generation:  32%|      | 8/25 [1:16:14<2:35:20, 548.27s/it]WARNING THIS INDIVIDUAL CAUSED AND EXCEPTION 
 <tpot2.search_spaces.pipelines.sequential.SequentialPipelineIndividual object at 0x15545fbfafb0> 
 The 'criterion' parameter of RandomForestRegressor must be a str among {'friedman_mse', 'poisson', 'absolute_error', 'squared_error'}. Got 'mse' instead. 
 Traceback (most recent call last):
  File "/common/ketrong/tpotexp/tpot2/tpot2/utils/eval_utils.py", line 53, in objective_nan_wrapper
    value = func_timeout.func_timeout(timeout, objective_function, args=[individual], kwargs=objective_kwargs)
  File "/common/ketrong/tpotexp/env/lib/python3.10/site-packages/func_timeout/dafunc.py", line 108, in func_timeout
    raise_exception(exception)
  File "/common/ketrong/tpotexp/env/lib/python3.10/site-packages/func_timeout/py3_raise.py", line 7, in raise_exception
    raise exception[0] from None
  File "/common/ketrong/tpotexp/tpot2/tpot2/tpot_estimator/estimator.py", line 623, in objective_function
    return objective_function_generator(
  File "/common/ketrong/tpotexp/tpot2/tpot2/tpot_estimator/estimator_utils.py", line 55, in objective_function_generator
    cv_obj_scores = cross_val_score_objective(sklearn.base.clone(pipeline),x,y,scorers=scorers, cv=cv , fold=step)
  File "/common/ketrong/tpotexp/tpot2/tpot2/tpot_estimator/cross_val_utils.py", line 28, in cross_val_score_objective
    this_fold_pipeline.fit(X_train,y_train)
  File "/common/ketrong/tpotexp/env/lib/python3.10/site-packages/sklearn/base.py", line 1473, in wrapper
    return fit_method(estimator, *args, **kwargs)
  File "/common/ketrong/tpotexp/env/lib/python3.10/site-packages/sklearn/pipeline.py", line 473, in fit
    self._final_estimator.fit(Xt, y, **last_step_params["fit"])
  File "/common/ketrong/tpotexp/env/lib/python3.10/site-packages/sklearn/base.py", line 1466, in wrapper
    estimator._validate_params()
  File "/common/ketrong/tpotexp/env/lib/python3.10/site-packages/sklearn/base.py", line 666, in _validate_params
    validate_parameter_constraints(
  File "/common/ketrong/tpotexp/env/lib/python3.10/site-packages/sklearn/utils/_param_validation.py", line 95, in validate_parameter_constraints
    raise InvalidParameterError(
sklearn.utils._param_validation.InvalidParameterError: The 'criterion' parameter of RandomForestRegressor must be a str among {'friedman_mse', 'poisson', 'absolute_error', 'squared_error'}. Got 'mse' instead.

WARNING AN INDIVIDUAL TIMED OUT: 
 <tpot2.search_spaces.pipelines.sequential.SequentialPipelineIndividual object at 0x155475753610> 

Generation:  9
Best root_mean_squared_error score: -2.7272124908920814
Generation:  36%|      | 9/25 [1:26:17<2:30:47, 565.48s/it]WARNING AN INDIVIDUAL TIMED OUT: 
 <tpot2.search_spaces.pipelines.sequential.SequentialPipelineIndividual object at 0x155474ae11b0> 

Generation:  10
Best root_mean_squared_error score: -2.7272124908920814
Generation:  40%|      | 10/25 [1:36:20<2:24:17, 577.18s/it]WARNING AN INDIVIDUAL TIMED OUT: 
 <tpot2.search_spaces.pipelines.sequential.SequentialPipelineIndividual object at 0x1554580db0a0> 

WARNING AN INDIVIDUAL TIMED OUT: 
 <tpot2.search_spaces.pipelines.sequential.SequentialPipelineIndividual object at 0x1554757865f0> 

Generation:  11
Best root_mean_squared_error score: -2.7272124908920814
Generation:  44%|     | 11/25 [1:46:23<2:16:30, 585.02s/it]WARNING AN INDIVIDUAL TIMED OUT: 
 <tpot2.search_spaces.pipelines.sequential.SequentialPipelineIndividual object at 0x15545999b940> 

Generation:  12
Best root_mean_squared_error score: -2.7272124908920814
Generation:  48%|     | 12/25 [1:56:27<2:07:58, 590.64s/it]WARNING THIS INDIVIDUAL CAUSED AND EXCEPTION 
 <tpot2.search_spaces.pipelines.sequential.SequentialPipelineIndividual object at 0x1554599b9150> 
 The 'criterion' parameter of RandomForestRegressor must be a str among {'friedman_mse', 'poisson', 'absolute_error', 'squared_error'}. Got 'mse' instead. 
 Traceback (most recent call last):
  File "/common/ketrong/tpotexp/tpot2/tpot2/utils/eval_utils.py", line 53, in objective_nan_wrapper
    value = func_timeout.func_timeout(timeout, objective_function, args=[individual], kwargs=objective_kwargs)
  File "/common/ketrong/tpotexp/env/lib/python3.10/site-packages/func_timeout/dafunc.py", line 108, in func_timeout
    raise_exception(exception)
  File "/common/ketrong/tpotexp/env/lib/python3.10/site-packages/func_timeout/py3_raise.py", line 7, in raise_exception
    raise exception[0] from None
  File "/common/ketrong/tpotexp/tpot2/tpot2/tpot_estimator/estimator.py", line 623, in objective_function
    return objective_function_generator(
  File "/common/ketrong/tpotexp/tpot2/tpot2/tpot_estimator/estimator_utils.py", line 55, in objective_function_generator
    cv_obj_scores = cross_val_score_objective(sklearn.base.clone(pipeline),x,y,scorers=scorers, cv=cv , fold=step)
  File "/common/ketrong/tpotexp/tpot2/tpot2/tpot_estimator/cross_val_utils.py", line 28, in cross_val_score_objective
    this_fold_pipeline.fit(X_train,y_train)
  File "/common/ketrong/tpotexp/env/lib/python3.10/site-packages/sklearn/base.py", line 1473, in wrapper
    return fit_method(estimator, *args, **kwargs)
  File "/common/ketrong/tpotexp/env/lib/python3.10/site-packages/sklearn/pipeline.py", line 473, in fit
    self._final_estimator.fit(Xt, y, **last_step_params["fit"])
  File "/common/ketrong/tpotexp/env/lib/python3.10/site-packages/sklearn/base.py", line 1466, in wrapper
    estimator._validate_params()
  File "/common/ketrong/tpotexp/env/lib/python3.10/site-packages/sklearn/base.py", line 666, in _validate_params
    validate_parameter_constraints(
  File "/common/ketrong/tpotexp/env/lib/python3.10/site-packages/sklearn/utils/_param_validation.py", line 95, in validate_parameter_constraints
    raise InvalidParameterError(
sklearn.utils._param_validation.InvalidParameterError: The 'criterion' parameter of RandomForestRegressor must be a str among {'friedman_mse', 'poisson', 'absolute_error', 'squared_error'}. Got 'mse' instead.

WARNING THIS INDIVIDUAL CAUSED AND EXCEPTION 
 <tpot2.search_spaces.pipelines.sequential.SequentialPipelineIndividual object at 0x1554754d3040> 
 The 'criterion' parameter of ExtraTreesRegressor must be a str among {'friedman_mse', 'poisson', 'absolute_error', 'squared_error'}. Got 'mae' instead. 
 Traceback (most recent call last):
  File "/common/ketrong/tpotexp/tpot2/tpot2/utils/eval_utils.py", line 53, in objective_nan_wrapper
    value = func_timeout.func_timeout(timeout, objective_function, args=[individual], kwargs=objective_kwargs)
  File "/common/ketrong/tpotexp/env/lib/python3.10/site-packages/func_timeout/dafunc.py", line 108, in func_timeout
    raise_exception(exception)
  File "/common/ketrong/tpotexp/env/lib/python3.10/site-packages/func_timeout/py3_raise.py", line 7, in raise_exception
    raise exception[0] from None
  File "/common/ketrong/tpotexp/tpot2/tpot2/tpot_estimator/estimator.py", line 623, in objective_function
    return objective_function_generator(
  File "/common/ketrong/tpotexp/tpot2/tpot2/tpot_estimator/estimator_utils.py", line 55, in objective_function_generator
    cv_obj_scores = cross_val_score_objective(sklearn.base.clone(pipeline),x,y,scorers=scorers, cv=cv , fold=step)
  File "/common/ketrong/tpotexp/tpot2/tpot2/tpot_estimator/cross_val_utils.py", line 28, in cross_val_score_objective
    this_fold_pipeline.fit(X_train,y_train)
  File "/common/ketrong/tpotexp/env/lib/python3.10/site-packages/sklearn/base.py", line 1473, in wrapper
    return fit_method(estimator, *args, **kwargs)
  File "/common/ketrong/tpotexp/env/lib/python3.10/site-packages/sklearn/pipeline.py", line 473, in fit
    self._final_estimator.fit(Xt, y, **last_step_params["fit"])
  File "/common/ketrong/tpotexp/env/lib/python3.10/site-packages/sklearn/base.py", line 1466, in wrapper
    estimator._validate_params()
  File "/common/ketrong/tpotexp/env/lib/python3.10/site-packages/sklearn/base.py", line 666, in _validate_params
    validate_parameter_constraints(
  File "/common/ketrong/tpotexp/env/lib/python3.10/site-packages/sklearn/utils/_param_validation.py", line 95, in validate_parameter_constraints
    raise InvalidParameterError(
sklearn.utils._param_validation.InvalidParameterError: The 'criterion' parameter of ExtraTreesRegressor must be a str among {'friedman_mse', 'poisson', 'absolute_error', 'squared_error'}. Got 'mae' instead.

Generation:  13
Best root_mean_squared_error score: -2.7272124908920814
Generation:  52%|    | 13/25 [1:57:05<1:24:40, 423.36s/it]WARNING AN INDIVIDUAL TIMED OUT: 
 <tpot2.search_spaces.pipelines.sequential.SequentialPipelineIndividual object at 0x15545f01a710> 

WARNING AN INDIVIDUAL TIMED OUT: 
 <tpot2.search_spaces.pipelines.sequential.SequentialPipelineIndividual object at 0x155475787ee0> 

Generation:  14
Best root_mean_squared_error score: -2.7272124908920814
Generation:  56%|    | 14/25 [2:07:09<1:27:37, 477.92s/it]WARNING AN INDIVIDUAL TIMED OUT: 
 <tpot2.search_spaces.pipelines.sequential.SequentialPipelineIndividual object at 0x1554757b77f0> 

Generation:  15
Best root_mean_squared_error score: -2.7264411906274413
Generation:  60%|    | 15/25 [2:17:12<1:25:55, 515.56s/it]WARNING AN INDIVIDUAL TIMED OUT: 
 <tpot2.search_spaces.pipelines.sequential.SequentialPipelineIndividual object at 0x155475242320> 

WARNING AN INDIVIDUAL TIMED OUT: 
 <tpot2.search_spaces.pipelines.sequential.SequentialPipelineIndividual object at 0x1554757a5cc0> 

WARNING AN INDIVIDUAL TIMED OUT: 
 <tpot2.search_spaces.pipelines.sequential.SequentialPipelineIndividual object at 0x1554744822f0> 

Generation:  16
Best root_mean_squared_error score: -2.7264411906274413
Generation:  64%|   | 16/25 [2:27:15<1:21:16, 541.87s/it]WARNING THIS INDIVIDUAL CAUSED AND EXCEPTION 
 <tpot2.search_spaces.pipelines.sequential.SequentialPipelineIndividual object at 0x155456d06c80> 
 The 'criterion' parameter of ExtraTreesRegressor must be a str among {'friedman_mse', 'poisson', 'absolute_error', 'squared_error'}. Got 'mae' instead. 
 Traceback (most recent call last):
  File "/common/ketrong/tpotexp/tpot2/tpot2/utils/eval_utils.py", line 53, in objective_nan_wrapper
    value = func_timeout.func_timeout(timeout, objective_function, args=[individual], kwargs=objective_kwargs)
  File "/common/ketrong/tpotexp/env/lib/python3.10/site-packages/func_timeout/dafunc.py", line 108, in func_timeout
    raise_exception(exception)
  File "/common/ketrong/tpotexp/env/lib/python3.10/site-packages/func_timeout/py3_raise.py", line 7, in raise_exception
    raise exception[0] from None
  File "/common/ketrong/tpotexp/tpot2/tpot2/tpot_estimator/estimator.py", line 623, in objective_function
    return objective_function_generator(
  File "/common/ketrong/tpotexp/tpot2/tpot2/tpot_estimator/estimator_utils.py", line 55, in objective_function_generator
    cv_obj_scores = cross_val_score_objective(sklearn.base.clone(pipeline),x,y,scorers=scorers, cv=cv , fold=step)
  File "/common/ketrong/tpotexp/tpot2/tpot2/tpot_estimator/cross_val_utils.py", line 28, in cross_val_score_objective
    this_fold_pipeline.fit(X_train,y_train)
  File "/common/ketrong/tpotexp/env/lib/python3.10/site-packages/sklearn/base.py", line 1473, in wrapper
    return fit_method(estimator, *args, **kwargs)
  File "/common/ketrong/tpotexp/env/lib/python3.10/site-packages/sklearn/pipeline.py", line 473, in fit
    self._final_estimator.fit(Xt, y, **last_step_params["fit"])
  File "/common/ketrong/tpotexp/env/lib/python3.10/site-packages/sklearn/base.py", line 1466, in wrapper
    estimator._validate_params()
  File "/common/ketrong/tpotexp/env/lib/python3.10/site-packages/sklearn/base.py", line 666, in _validate_params
    validate_parameter_constraints(
  File "/common/ketrong/tpotexp/env/lib/python3.10/site-packages/sklearn/utils/_param_validation.py", line 95, in validate_parameter_constraints
    raise InvalidParameterError(
sklearn.utils._param_validation.InvalidParameterError: The 'criterion' parameter of ExtraTreesRegressor must be a str among {'friedman_mse', 'poisson', 'absolute_error', 'squared_error'}. Got 'mae' instead.

Generation:  17
Best root_mean_squared_error score: -2.7264411906274413
Generation:  68%|   | 17/25 [2:28:19<53:06, 398.34s/it]  WARNING THIS INDIVIDUAL CAUSED AND EXCEPTION 
 <tpot2.search_spaces.pipelines.sequential.SequentialPipelineIndividual object at 0x155457562410> 
 The 'criterion' parameter of RandomForestRegressor must be a str among {'friedman_mse', 'poisson', 'absolute_error', 'squared_error'}. Got 'mse' instead. 
 Traceback (most recent call last):
  File "/common/ketrong/tpotexp/tpot2/tpot2/utils/eval_utils.py", line 53, in objective_nan_wrapper
    value = func_timeout.func_timeout(timeout, objective_function, args=[individual], kwargs=objective_kwargs)
  File "/common/ketrong/tpotexp/env/lib/python3.10/site-packages/func_timeout/dafunc.py", line 108, in func_timeout
    raise_exception(exception)
  File "/common/ketrong/tpotexp/env/lib/python3.10/site-packages/func_timeout/py3_raise.py", line 7, in raise_exception
    raise exception[0] from None
  File "/common/ketrong/tpotexp/tpot2/tpot2/tpot_estimator/estimator.py", line 623, in objective_function
    return objective_function_generator(
  File "/common/ketrong/tpotexp/tpot2/tpot2/tpot_estimator/estimator_utils.py", line 55, in objective_function_generator
    cv_obj_scores = cross_val_score_objective(sklearn.base.clone(pipeline),x,y,scorers=scorers, cv=cv , fold=step)
  File "/common/ketrong/tpotexp/tpot2/tpot2/tpot_estimator/cross_val_utils.py", line 28, in cross_val_score_objective
    this_fold_pipeline.fit(X_train,y_train)
  File "/common/ketrong/tpotexp/env/lib/python3.10/site-packages/sklearn/base.py", line 1473, in wrapper
    return fit_method(estimator, *args, **kwargs)
  File "/common/ketrong/tpotexp/env/lib/python3.10/site-packages/sklearn/pipeline.py", line 473, in fit
    self._final_estimator.fit(Xt, y, **last_step_params["fit"])
  File "/common/ketrong/tpotexp/env/lib/python3.10/site-packages/sklearn/base.py", line 1466, in wrapper
    estimator._validate_params()
  File "/common/ketrong/tpotexp/env/lib/python3.10/site-packages/sklearn/base.py", line 666, in _validate_params
    validate_parameter_constraints(
  File "/common/ketrong/tpotexp/env/lib/python3.10/site-packages/sklearn/utils/_param_validation.py", line 95, in validate_parameter_constraints
    raise InvalidParameterError(
sklearn.utils._param_validation.InvalidParameterError: The 'criterion' parameter of RandomForestRegressor must be a str among {'friedman_mse', 'poisson', 'absolute_error', 'squared_error'}. Got 'mse' instead.

WARNING AN INDIVIDUAL TIMED OUT: 
 <tpot2.search_spaces.pipelines.sequential.SequentialPipelineIndividual object at 0x1554747a44c0> 

WARNING AN INDIVIDUAL TIMED OUT: 
 <tpot2.search_spaces.pipelines.sequential.SequentialPipelineIndividual object at 0x15545a998520> 

Generation:  18
Best root_mean_squared_error score: -2.7264411906274413
Generation:  72%|  | 18/25 [2:38:22<53:37, 459.59s/it]WARNING AN INDIVIDUAL TIMED OUT: 
 <tpot2.search_spaces.pipelines.sequential.SequentialPipelineIndividual object at 0x1554747af820> 

WARNING AN INDIVIDUAL TIMED OUT: 
 <tpot2.search_spaces.pipelines.sequential.SequentialPipelineIndividual object at 0x15545ff35840> 

Generation:  19
Best root_mean_squared_error score: -2.7264411906274413
Generation:  76%|  | 19/25 [2:48:24<50:15, 502.61s/it]WARNING THIS INDIVIDUAL CAUSED AND EXCEPTION 
 <tpot2.search_spaces.pipelines.sequential.SequentialPipelineIndividual object at 0x15547481e980> 
 The 'criterion' parameter of RandomForestRegressor must be a str among {'friedman_mse', 'poisson', 'absolute_error', 'squared_error'}. Got 'mse' instead. 
 Traceback (most recent call last):
  File "/common/ketrong/tpotexp/tpot2/tpot2/utils/eval_utils.py", line 53, in objective_nan_wrapper
    value = func_timeout.func_timeout(timeout, objective_function, args=[individual], kwargs=objective_kwargs)
  File "/common/ketrong/tpotexp/env/lib/python3.10/site-packages/func_timeout/dafunc.py", line 108, in func_timeout
    raise_exception(exception)
  File "/common/ketrong/tpotexp/env/lib/python3.10/site-packages/func_timeout/py3_raise.py", line 7, in raise_exception
    raise exception[0] from None
  File "/common/ketrong/tpotexp/tpot2/tpot2/tpot_estimator/estimator.py", line 623, in objective_function
    return objective_function_generator(
  File "/common/ketrong/tpotexp/tpot2/tpot2/tpot_estimator/estimator_utils.py", line 55, in objective_function_generator
    cv_obj_scores = cross_val_score_objective(sklearn.base.clone(pipeline),x,y,scorers=scorers, cv=cv , fold=step)
  File "/common/ketrong/tpotexp/tpot2/tpot2/tpot_estimator/cross_val_utils.py", line 28, in cross_val_score_objective
    this_fold_pipeline.fit(X_train,y_train)
  File "/common/ketrong/tpotexp/env/lib/python3.10/site-packages/sklearn/base.py", line 1473, in wrapper
    return fit_method(estimator, *args, **kwargs)
  File "/common/ketrong/tpotexp/env/lib/python3.10/site-packages/sklearn/pipeline.py", line 473, in fit
    self._final_estimator.fit(Xt, y, **last_step_params["fit"])
  File "/common/ketrong/tpotexp/env/lib/python3.10/site-packages/sklearn/base.py", line 1466, in wrapper
    estimator._validate_params()
  File "/common/ketrong/tpotexp/env/lib/python3.10/site-packages/sklearn/base.py", line 666, in _validate_params
    validate_parameter_constraints(
  File "/common/ketrong/tpotexp/env/lib/python3.10/site-packages/sklearn/utils/_param_validation.py", line 95, in validate_parameter_constraints
    raise InvalidParameterError(
sklearn.utils._param_validation.InvalidParameterError: The 'criterion' parameter of RandomForestRegressor must be a str among {'friedman_mse', 'poisson', 'absolute_error', 'squared_error'}. Got 'mse' instead.

WARNING AN INDIVIDUAL TIMED OUT: 
 <tpot2.search_spaces.pipelines.sequential.SequentialPipelineIndividual object at 0x15545f5fff10> 

WARNING AN INDIVIDUAL TIMED OUT: 
 <tpot2.search_spaces.pipelines.sequential.SequentialPipelineIndividual object at 0x1554748dcbb0> 

WARNING AN INDIVIDUAL TIMED OUT: 
 <tpot2.search_spaces.pipelines.sequential.SequentialPipelineIndividual object at 0x1553772de590> 

WARNING AN INDIVIDUAL TIMED OUT: 
 <tpot2.search_spaces.pipelines.sequential.SequentialPipelineIndividual object at 0x15545727e7d0> 

Generation:  20
Best root_mean_squared_error score: -2.7264411906274413
Generation:  80%|  | 20/25 [2:58:29<44:25, 533.17s/it]WARNING AN INDIVIDUAL TIMED OUT: 
 <tpot2.search_spaces.pipelines.sequential.SequentialPipelineIndividual object at 0x15547578b340> 

WARNING AN INDIVIDUAL TIMED OUT: 
 <tpot2.search_spaces.pipelines.sequential.SequentialPipelineIndividual object at 0x15545a248af0> 

WARNING AN INDIVIDUAL TIMED OUT: 
 <tpot2.search_spaces.pipelines.sequential.SequentialPipelineIndividual object at 0x15544e413f10> 

Generation:  21
Best root_mean_squared_error score: -2.7264411906274413
Generation:  84%| | 21/25 [3:08:32<36:56, 554.13s/it]WARNING AN INDIVIDUAL TIMED OUT: 
 <tpot2.search_spaces.pipelines.sequential.SequentialPipelineIndividual object at 0x15547574e5c0> 

WARNING AN INDIVIDUAL TIMED OUT: 
 <tpot2.search_spaces.pipelines.sequential.SequentialPipelineIndividual object at 0x1554744a1f60> 

Generation:  22
Best root_mean_squared_error score: -2.7264411906274413
Generation:  88%| | 22/25 [3:18:35<28:26, 568.75s/it]WARNING THIS INDIVIDUAL CAUSED AND EXCEPTION 
 <tpot2.search_spaces.pipelines.sequential.SequentialPipelineIndividual object at 0x1554577bbca0> 
 The 'criterion' parameter of RandomForestRegressor must be a str among {'friedman_mse', 'poisson', 'absolute_error', 'squared_error'}. Got 'mae' instead. 
 Traceback (most recent call last):
  File "/common/ketrong/tpotexp/tpot2/tpot2/utils/eval_utils.py", line 53, in objective_nan_wrapper
    value = func_timeout.func_timeout(timeout, objective_function, args=[individual], kwargs=objective_kwargs)
  File "/common/ketrong/tpotexp/env/lib/python3.10/site-packages/func_timeout/dafunc.py", line 108, in func_timeout
    raise_exception(exception)
  File "/common/ketrong/tpotexp/env/lib/python3.10/site-packages/func_timeout/py3_raise.py", line 7, in raise_exception
    raise exception[0] from None
  File "/common/ketrong/tpotexp/tpot2/tpot2/tpot_estimator/estimator.py", line 623, in objective_function
    return objective_function_generator(
  File "/common/ketrong/tpotexp/tpot2/tpot2/tpot_estimator/estimator_utils.py", line 55, in objective_function_generator
    cv_obj_scores = cross_val_score_objective(sklearn.base.clone(pipeline),x,y,scorers=scorers, cv=cv , fold=step)
  File "/common/ketrong/tpotexp/tpot2/tpot2/tpot_estimator/cross_val_utils.py", line 28, in cross_val_score_objective
    this_fold_pipeline.fit(X_train,y_train)
  File "/common/ketrong/tpotexp/env/lib/python3.10/site-packages/sklearn/base.py", line 1473, in wrapper
    return fit_method(estimator, *args, **kwargs)
  File "/common/ketrong/tpotexp/env/lib/python3.10/site-packages/sklearn/pipeline.py", line 473, in fit
    self._final_estimator.fit(Xt, y, **last_step_params["fit"])
  File "/common/ketrong/tpotexp/env/lib/python3.10/site-packages/sklearn/base.py", line 1466, in wrapper
    estimator._validate_params()
  File "/common/ketrong/tpotexp/env/lib/python3.10/site-packages/sklearn/base.py", line 666, in _validate_params
    validate_parameter_constraints(
  File "/common/ketrong/tpotexp/env/lib/python3.10/site-packages/sklearn/utils/_param_validation.py", line 95, in validate_parameter_constraints
    raise InvalidParameterError(
sklearn.utils._param_validation.InvalidParameterError: The 'criterion' parameter of RandomForestRegressor must be a str among {'friedman_mse', 'poisson', 'absolute_error', 'squared_error'}. Got 'mae' instead.

WARNING AN INDIVIDUAL TIMED OUT: 
 <tpot2.search_spaces.pipelines.sequential.SequentialPipelineIndividual object at 0x15545443dc30> 

Generation:  23
Best root_mean_squared_error score: -2.7264411906274413
Generation:  92%|| 23/25 [3:28:38<19:18, 579.22s/it]WARNING THIS INDIVIDUAL CAUSED AND EXCEPTION 
 <tpot2.search_spaces.pipelines.sequential.SequentialPipelineIndividual object at 0x1554757cf8e0> 
 The 'criterion' parameter of ExtraTreesRegressor must be a str among {'friedman_mse', 'poisson', 'absolute_error', 'squared_error'}. Got 'mae' instead. 
 Traceback (most recent call last):
  File "/common/ketrong/tpotexp/tpot2/tpot2/utils/eval_utils.py", line 53, in objective_nan_wrapper
    value = func_timeout.func_timeout(timeout, objective_function, args=[individual], kwargs=objective_kwargs)
  File "/common/ketrong/tpotexp/env/lib/python3.10/site-packages/func_timeout/dafunc.py", line 108, in func_timeout
    raise_exception(exception)
  File "/common/ketrong/tpotexp/env/lib/python3.10/site-packages/func_timeout/py3_raise.py", line 7, in raise_exception
    raise exception[0] from None
  File "/common/ketrong/tpotexp/tpot2/tpot2/tpot_estimator/estimator.py", line 623, in objective_function
    return objective_function_generator(
  File "/common/ketrong/tpotexp/tpot2/tpot2/tpot_estimator/estimator_utils.py", line 55, in objective_function_generator
    cv_obj_scores = cross_val_score_objective(sklearn.base.clone(pipeline),x,y,scorers=scorers, cv=cv , fold=step)
  File "/common/ketrong/tpotexp/tpot2/tpot2/tpot_estimator/cross_val_utils.py", line 28, in cross_val_score_objective
    this_fold_pipeline.fit(X_train,y_train)
  File "/common/ketrong/tpotexp/env/lib/python3.10/site-packages/sklearn/base.py", line 1473, in wrapper
    return fit_method(estimator, *args, **kwargs)
  File "/common/ketrong/tpotexp/env/lib/python3.10/site-packages/sklearn/pipeline.py", line 473, in fit
    self._final_estimator.fit(Xt, y, **last_step_params["fit"])
  File "/common/ketrong/tpotexp/env/lib/python3.10/site-packages/sklearn/base.py", line 1466, in wrapper
    estimator._validate_params()
  File "/common/ketrong/tpotexp/env/lib/python3.10/site-packages/sklearn/base.py", line 666, in _validate_params
    validate_parameter_constraints(
  File "/common/ketrong/tpotexp/env/lib/python3.10/site-packages/sklearn/utils/_param_validation.py", line 95, in validate_parameter_constraints
    raise InvalidParameterError(
sklearn.utils._param_validation.InvalidParameterError: The 'criterion' parameter of ExtraTreesRegressor must be a str among {'friedman_mse', 'poisson', 'absolute_error', 'squared_error'}. Got 'mae' instead.

WARNING AN INDIVIDUAL TIMED OUT: 
 <tpot2.search_spaces.pipelines.sequential.SequentialPipelineIndividual object at 0x15545de58e20> 

Generation:  24
Best root_mean_squared_error score: -2.7264411906274413
Generation:  96%|| 24/25 [3:38:42<09:46, 586.45s/it]WARNING AN INDIVIDUAL TIMED OUT: 
 <tpot2.search_spaces.pipelines.sequential.SequentialPipelineIndividual object at 0x155453148dc0> 

WARNING AN INDIVIDUAL TIMED OUT: 
 <tpot2.search_spaces.pipelines.sequential.SequentialPipelineIndividual object at 0x15545d89e950> 

WARNING AN INDIVIDUAL TIMED OUT: 
 <tpot2.search_spaces.pipelines.sequential.SequentialPipelineIndividual object at 0x15547408b4f0> 

Generation:  25
Best root_mean_squared_error score: -2.7264411906274413
Generation: 100%|| 25/25 [3:48:45<00:00, 591.38s/it]Generation: 100%|| 25/25 [3:48:45<00:00, 549.00s/it]
2024-08-27 07:10:51,149 - distributed.scheduler - ERROR - Removing worker 'tcp://127.0.0.1:38885' caused the cluster to lose scattered data, which can't be recovered: {'DataFrame-7934d0eb98d53e690a4623aa4d3f65f5', 'DataFrame-4f525155b0aa986c71f0c103cfaa5d45'} (stimulus_id='handle-worker-cleanup-1724767851.149561')
Fitted
Pipeline(steps=[('simpleimputer', SimpleImputer(strategy='constant')),
                ('lgbmregressor',
                 LGBMRegressor(max_depth=4, n_estimators=98, n_jobs=1,
                               num_leaves=102, verbose=-1))])
transform worked
try transform
transform worked
score start
train score: {'explained_var': 0.6230707422560318, 'r2': 0.6230707422560315, 'rmse': 2.6985489049891407}
test score: {'explained_var': 0.5919147725789478, 'r2': 0.5919136660906289, 'rmse': 2.7894817816432695}
original test score: {'explained_var': 0.9439654928335497, 'r2': 0.9439549252477574, 'rmse': 1.033751684125489}
score end
215
lvl
0.3
type
MCAR
num_run
2
reg_full
finished
all finished
full run takes
13.677445058557723
hours
DONE
