Run: 32
/cm/local/apps/slurm/var/spool/job995717/slurm_script: line 27: 
pip install -e tpot2
pip install -r tpot2/ImputerExperiments/requirements_.txt
: No such file or directory
RunStart
Version 0.1.7a0 of tpot2 is outdated. Version 0.1.8a0 was released Tuesday September 17, 2024.
starting loops
../data/r/1213/1213.pkl
working on 
../data/r/1213/reg_full_MAR_0.5_2
4.036253929138184
running experiment 1/3 - Does large hyperparameter space improve reconstruction accuracy over simple
[I 2024-10-10 10:47:55,022] A new study created in memory with name: no-name-b8cc54d3-1cd8-4702-8ec0-5e837a3e6fd6
running
running
running
running
running
running
running
running
running
running
running
running
running
running
running
running
[I 2024-10-10 10:47:55,725] Trial 7 finished with value: 0.42682271199825383 and parameters: {'model_name': 'SimpleImputer', 'strategy': 'constant'}. Best is trial 7 with value: 0.42682271199825383.
running
[I 2024-10-10 10:47:55,930] Trial 9 finished with value: 0.42682271199825383 and parameters: {'model_name': 'SimpleImputer', 'strategy': 'constant'}. Best is trial 7 with value: 0.42682271199825383.
running
[I 2024-10-10 10:47:56,734] Trial 1 finished with value: 0.36434145817064306 and parameters: {'model_name': 'SimpleImputer', 'strategy': 'median'}. Best is trial 1 with value: 0.36434145817064306.
running
[I 2024-10-10 10:48:00,707] Trial 3 finished with value: inf and parameters: {'model_name': 'GAIN', 'batch_size': 1, 'hint_rate': 0.054680675732332366, 'alpha': 67, 'iterations': 8, 'learning_rate': 0.02910635304095554, 'p_miss': 0.0696412805433676}. Best is trial 1 with value: 0.36434145817064306.
running
[I 2024-10-10 10:48:05,681] Trial 4 finished with value: 0.41943663540470943 and parameters: {'model_name': 'GAIN', 'batch_size': 33, 'hint_rate': 0.9363365190835927, 'alpha': 0, 'iterations': 4, 'learning_rate': 0.004850977752282098, 'p_miss': 0.22573265620016975}. Best is trial 1 with value: 0.36434145817064306.
running
[I 2024-10-10 10:48:06,684] Trial 0 finished with value: 0.28954724486421746 and parameters: {'model_name': 'VAE', 'batch_size': 75, 'iterations': 1, 'learning_rate': 0.032018232352605445, 'p_miss': 0.27387976757748095}. Best is trial 0 with value: 0.28954724486421746.
running
[I 2024-10-10 10:48:21,774] Trial 17 finished with value: 0.3041111112911673 and parameters: {'model_name': 'VAE', 'batch_size': 31, 'iterations': 14, 'learning_rate': 0.022782835288307178, 'p_miss': 0.18630771032388163}. Best is trial 0 with value: 0.28954724486421746.
running
[I 2024-10-10 10:48:51,137] Trial 16 finished with value: 0.30180979301124156 and parameters: {'model_name': 'IterativeImputer', 'estimator': 'Ridge', 'initial_strategy': 'median', 'n_nearest_features': 8, 'imputation_order': 'arabic'}. Best is trial 0 with value: 0.28954724486421746.
running
[I 2024-10-10 10:49:00,561] Trial 6 finished with value: 0.28501798266694545 and parameters: {'model_name': 'VAE', 'batch_size': 243, 'iterations': 30, 'learning_rate': 0.0020478029735173154, 'p_miss': 0.11411714363178498}. Best is trial 6 with value: 0.28501798266694545.
running
[I 2024-10-10 10:49:27,841] Trial 5 finished with value: 0.34606144081814916 and parameters: {'model_name': 'VAE', 'batch_size': 1, 'iterations': 94, 'learning_rate': 0.026865825072708856, 'p_miss': 0.29489217467640216}. Best is trial 6 with value: 0.28501798266694545.
running
[I 2024-10-10 10:49:43,420] Trial 11 finished with value: 0.2988198657984892 and parameters: {'model_name': 'KNNImputer', 'n_neighbors': 57740, 'weights': 'distance'}. Best is trial 6 with value: 0.28501798266694545.
running
[I 2024-10-10 10:49:46,866] Trial 21 finished with value: 0.4001208374175856 and parameters: {'model_name': 'IterativeImputer', 'estimator': 'Bayesian', 'initial_strategy': 'mean', 'n_nearest_features': 3, 'imputation_order': 'random', 'sample_posterior': True}. Best is trial 6 with value: 0.28501798266694545.
running
[I 2024-10-10 10:49:51,420] Trial 18 finished with value: 0.29881834100343563 and parameters: {'model_name': 'KNNImputer', 'n_neighbors': 47884, 'weights': 'distance'}. Best is trial 6 with value: 0.28501798266694545.
running
[I 2024-10-10 10:50:00,947] Trial 14 finished with value: 0.40274339165087164 and parameters: {'model_name': 'IterativeImputer', 'estimator': 'Bayesian', 'initial_strategy': 'median', 'n_nearest_features': 6, 'imputation_order': 'ascending', 'sample_posterior': True}. Best is trial 6 with value: 0.28501798266694545.
running
[I 2024-10-10 10:50:01,181] Trial 8 finished with value: 0.2987711590050755 and parameters: {'model_name': 'KNNImputer', 'n_neighbors': 45940, 'weights': 'distance'}. Best is trial 6 with value: 0.28501798266694545.
running
[I 2024-10-10 10:50:08,261] Trial 20 finished with value: 0.2987642082471842 and parameters: {'model_name': 'KNNImputer', 'n_neighbors': 44941, 'weights': 'distance'}. Best is trial 6 with value: 0.28501798266694545.
running
[I 2024-10-10 10:50:50,186] Trial 25 finished with value: 0.29955240256713017 and parameters: {'model_name': 'KNNImputer', 'n_neighbors': 16417, 'weights': 'distance'}. Best is trial 6 with value: 0.28501798266694545.
running
[I 2024-10-10 10:51:06,301] Trial 24 finished with value: 0.39870755627609633 and parameters: {'model_name': 'IterativeImputer', 'estimator': 'Bayesian', 'initial_strategy': 'mean', 'n_nearest_features': 6, 'imputation_order': 'roman', 'sample_posterior': True}. Best is trial 6 with value: 0.28501798266694545.
running
[I 2024-10-10 10:56:48,500] Trial 19 finished with value: 0.42412173930885383 and parameters: {'model_name': 'GAIN', 'batch_size': 43, 'hint_rate': 0.9285361565922539, 'alpha': 9, 'iterations': 465, 'learning_rate': 0.0008600653153608647, 'p_miss': 0.1437322183942815}. Best is trial 6 with value: 0.28501798266694545.
running
[I 2024-10-10 10:56:57,500] Trial 34 finished with value: 0.295445719949422 and parameters: {'model_name': 'VAE', 'batch_size': 297, 'iterations': 1, 'learning_rate': 0.00013345959723709932, 'p_miss': 0.08119889380364945}. Best is trial 6 with value: 0.28501798266694545.
running
[I 2024-10-10 11:02:08,290] Trial 23 finished with value: 0.30302796944554455 and parameters: {'model_name': 'VAE', 'batch_size': 156, 'iterations': 213, 'learning_rate': 0.010257190280980155, 'p_miss': 0.2890220378774845}. Best is trial 6 with value: 0.28501798266694545.
running
[I 2024-10-10 11:02:19,108] Trial 36 finished with value: 0.2998173006002586 and parameters: {'model_name': 'VAE', 'batch_size': 944, 'iterations': 1, 'learning_rate': 0.00010191152494240565, 'p_miss': 0.07053942269490754}. Best is trial 6 with value: 0.28501798266694545.
running
[I 2024-10-10 12:36:08,003] Trial 33 finished with value: 0.30194655936045633 and parameters: {'model_name': 'VAE', 'batch_size': 840, 'iterations': 1166, 'learning_rate': 0.000226002845275448, 'p_miss': 0.088327668176656}. Best is trial 6 with value: 0.28501798266694545.
running
[I 2024-10-10 12:36:17,032] Trial 38 finished with value: 0.29030396062188196 and parameters: {'model_name': 'VAE', 'batch_size': 166, 'iterations': 1, 'learning_rate': 0.09777434861697029, 'p_miss': 0.1256378736110536}. Best is trial 6 with value: 0.28501798266694545.
running
[I 2024-10-10 14:07:32,349] Trial 12 finished with value: 0.44529255126837974 and parameters: {'model_name': 'GAIN', 'batch_size': 484, 'hint_rate': 0.561468226074129, 'alpha': 100, 'iterations': 6362, 'learning_rate': 0.0028297288807116773, 'p_miss': 0.23712004458049785}. Best is trial 6 with value: 0.28501798266694545.
running
[I 2024-10-10 14:09:40,163] Trial 40 finished with value: 0.30264328541493557 and parameters: {'model_name': 'VAE', 'batch_size': 129, 'iterations': 27, 'learning_rate': 0.09055832426666104, 'p_miss': 0.135761961703306}. Best is trial 6 with value: 0.28501798266694545.
running
[I 2024-10-10 14:09:54,935] Trial 41 finished with value: 0.3061255083615467 and parameters: {'model_name': 'VAE', 'batch_size': 7, 'iterations': 2, 'learning_rate': 0.08892699467878405, 'p_miss': 0.12474204862004114}. Best is trial 6 with value: 0.28501798266694545.
running
[I 2024-10-10 14:10:14,814] Trial 42 finished with value: 0.2923460671984638 and parameters: {'model_name': 'VAE', 'batch_size': 124, 'iterations': 4, 'learning_rate': 0.0013012591094663738, 'p_miss': 0.0352841515600608}. Best is trial 6 with value: 0.28501798266694545.
running
[I 2024-10-10 14:12:48,209] Trial 43 finished with value: 0.3019530669341319 and parameters: {'model_name': 'VAE', 'batch_size': 71, 'iterations': 33, 'learning_rate': 0.05382246477084193, 'p_miss': 0.18164553275051806}. Best is trial 6 with value: 0.28501798266694545.
running
[I 2024-10-10 14:12:56,354] Trial 44 finished with value: 0.29348719012044533 and parameters: {'model_name': 'VAE', 'batch_size': 5, 'iterations': 1, 'learning_rate': 0.007626693676666131, 'p_miss': 0.11154569950387004}. Best is trial 6 with value: 0.28501798266694545.
running
[I 2024-10-10 14:12:58,960] Trial 45 finished with value: 0.38961422718434036 and parameters: {'model_name': 'SimpleImputer', 'strategy': 'most_frequent'}. Best is trial 6 with value: 0.28501798266694545.
running
[I 2024-10-10 14:13:20,558] Trial 46 finished with value: 0.29292396147214067 and parameters: {'model_name': 'VAE', 'batch_size': 140, 'iterations': 5, 'learning_rate': 0.0015473040723651124, 'p_miss': 0.010029558643966392}. Best is trial 6 with value: 0.28501798266694545.
running
[I 2024-10-10 14:13:38,343] Trial 47 finished with value: 0.297355903338787 and parameters: {'model_name': 'VAE', 'batch_size': 230, 'iterations': 3, 'learning_rate': 0.000838078839911029, 'p_miss': 0.022115637262788354}. Best is trial 6 with value: 0.28501798266694545.
running
[I 2024-10-10 14:13:48,187] Trial 48 finished with value: 0.29391553036253476 and parameters: {'model_name': 'VAE', 'batch_size': 72, 'iterations': 1, 'learning_rate': 0.0018746765258383638, 'p_miss': 0.04508972449823655}. Best is trial 6 with value: 0.28501798266694545.
running
[I 2024-10-10 14:14:44,540] Trial 49 finished with value: 0.29645733924701884 and parameters: {'model_name': 'VAE', 'batch_size': 353, 'iterations': 11, 'learning_rate': 0.00045923811781629843, 'p_miss': 0.1682422394415085}. Best is trial 6 with value: 0.28501798266694545.
running
[I 2024-10-10 14:14:45,582] Trial 22 finished with value: 0.31131455627698185 and parameters: {'model_name': 'IterativeImputer', 'estimator': 'RFR', 'initial_strategy': 'mean', 'n_nearest_features': 5, 'imputation_order': 'random'}. Best is trial 6 with value: 0.28501798266694545.
running
[I 2024-10-10 14:14:57,173] Trial 50 finished with value: 0.29610578784622027 and parameters: {'model_name': 'VAE', 'batch_size': 78, 'iterations': 2, 'learning_rate': 0.0010190787355116387, 'p_miss': 0.10881105246890102}. Best is trial 6 with value: 0.28501798266694545.
running
[I 2024-10-10 14:15:11,564] Trial 51 finished with value: 0.2892017544982411 and parameters: {'model_name': 'VAE', 'batch_size': 77, 'iterations': 2, 'learning_rate': 0.015472260028796215, 'p_miss': 0.10290220931005628}. Best is trial 6 with value: 0.28501798266694545.
running
[I 2024-10-10 14:15:12,911] Trial 53 finished with value: 0.29905777219386087 and parameters: {'model_name': 'SimpleImputer', 'strategy': 'mean'}. Best is trial 6 with value: 0.28501798266694545.
running
[I 2024-10-10 14:15:28,875] Trial 54 finished with value: 0.420243201356571 and parameters: {'model_name': 'GAIN', 'batch_size': 12, 'hint_rate': 0.019487653604851274, 'alpha': 43, 'iterations': 2, 'learning_rate': 0.011436075291775762, 'p_miss': 0.1522174985590285}. Best is trial 6 with value: 0.28501798266694545.
running
[I 2024-10-10 14:16:09,895] Trial 52 finished with value: 0.4107294495543431 and parameters: {'model_name': 'GAIN', 'batch_size': 15, 'hint_rate': 0.06994764914212714, 'alpha': 45, 'iterations': 38, 'learning_rate': 0.0035634250027907484, 'p_miss': 0.225439093089537}. Best is trial 6 with value: 0.28501798266694545.
running
[I 2024-10-10 14:16:54,792] Trial 56 finished with value: 0.2991119238381445 and parameters: {'model_name': 'VAE', 'batch_size': 99, 'iterations': 6, 'learning_rate': 0.04349454857015227, 'p_miss': 0.10027729059163425}. Best is trial 6 with value: 0.28501798266694545.
running
[I 2024-10-10 14:17:11,495] Trial 57 finished with value: 0.2958503405524423 and parameters: {'model_name': 'VAE', 'batch_size': 205, 'iterations': 2, 'learning_rate': 0.05158535499290948, 'p_miss': 0.05433658666921589}. Best is trial 6 with value: 0.28501798266694545.
running
[I 2024-10-10 14:17:21,334] Trial 55 finished with value: 0.3019958424283279 and parameters: {'model_name': 'VAE', 'batch_size': 17, 'iterations': 27, 'learning_rate': 0.04994949819900517, 'p_miss': 0.09873554492598652}. Best is trial 6 with value: 0.28501798266694545.
running
[I 2024-10-10 14:17:22,700] Trial 58 finished with value: 0.28912519837853035 and parameters: {'model_name': 'VAE', 'batch_size': 56, 'iterations': 1, 'learning_rate': 0.016471907885487056, 'p_miss': 0.04284675437291671}. Best is trial 6 with value: 0.28501798266694545.
running
[I 2024-10-10 14:17:33,685] Trial 60 finished with value: 0.28790350827929934 and parameters: {'model_name': 'VAE', 'batch_size': 47, 'iterations': 1, 'learning_rate': 0.0178716748070253, 'p_miss': 0.1301668726807025}. Best is trial 6 with value: 0.28501798266694545.
running
[I 2024-10-10 14:17:36,691] Trial 61 finished with value: 0.38961422718434036 and parameters: {'model_name': 'SimpleImputer', 'strategy': 'most_frequent'}. Best is trial 6 with value: 0.28501798266694545.
running
[I 2024-10-10 14:17:47,370] Trial 62 finished with value: 0.2914168523147037 and parameters: {'model_name': 'VAE', 'batch_size': 45, 'iterations': 1, 'learning_rate': 0.01675125332542453, 'p_miss': 0.05471641633785503}. Best is trial 6 with value: 0.28501798266694545.
running
[I 2024-10-10 14:17:53,192] Trial 59 finished with value: 0.29133336538488436 and parameters: {'model_name': 'VAE', 'batch_size': 485, 'iterations': 1, 'learning_rate': 0.01644254561651159, 'p_miss': 0.12187804577925238}. Best is trial 6 with value: 0.28501798266694545.
running
[I 2024-10-10 14:18:08,254] Trial 63 finished with value: 0.28499653557986876 and parameters: {'model_name': 'VAE', 'batch_size': 53, 'iterations': 2, 'learning_rate': 0.014630471194374727, 'p_miss': 0.06992405929666765}. Best is trial 63 with value: 0.28499653557986876.
running
[I 2024-10-10 14:18:38,371] Trial 64 finished with value: 0.3014714994604256 and parameters: {'model_name': 'KNNImputer', 'n_neighbors': 6728, 'weights': 'uniform'}. Best is trial 63 with value: 0.28499653557986876.
running
[I 2024-10-10 14:18:50,596] Trial 65 finished with value: 0.2855401485213981 and parameters: {'model_name': 'VAE', 'batch_size': 50, 'iterations': 9, 'learning_rate': 0.005843300045219664, 'p_miss': 0.07053739298182474}. Best is trial 63 with value: 0.28499653557986876.
running
[I 2024-10-10 14:18:58,618] Trial 66 finished with value: 0.2878295417861464 and parameters: {'model_name': 'VAE', 'batch_size': 48, 'iterations': 3, 'learning_rate': 0.006426819273618706, 'p_miss': 0.07065437338805468}. Best is trial 63 with value: 0.28499653557986876.
running
[I 2024-10-10 14:19:49,187] Trial 67 finished with value: 0.28464633109546966 and parameters: {'model_name': 'VAE', 'batch_size': 53, 'iterations': 15, 'learning_rate': 0.0062384822477897115, 'p_miss': 0.07175165822568469}. Best is trial 67 with value: 0.28464633109546966.
running
[I 2024-10-10 14:19:57,014] Trial 68 finished with value: 0.2847587689447434 and parameters: {'model_name': 'VAE', 'batch_size': 26, 'iterations': 12, 'learning_rate': 0.00505942401961737, 'p_miss': 0.06888732367292802}. Best is trial 67 with value: 0.28464633109546966.
running
[I 2024-10-10 14:20:55,657] Trial 70 finished with value: 0.285197753416246 and parameters: {'model_name': 'VAE', 'batch_size': 26, 'iterations': 12, 'learning_rate': 0.00602851484351168, 'p_miss': 0.07015173004067207}. Best is trial 67 with value: 0.28464633109546966.
running
[I 2024-10-10 14:20:59,278] Trial 69 finished with value: 0.2866913196536902 and parameters: {'model_name': 'VAE', 'batch_size': 23, 'iterations': 15, 'learning_rate': 0.005872713770651507, 'p_miss': 0.07004511414045167}. Best is trial 67 with value: 0.28464633109546966.
running
[I 2024-10-10 14:22:40,127] Trial 15 finished with value: 0.3288699849394531 and parameters: {'model_name': 'VAE', 'batch_size': 2, 'iterations': 4103, 'learning_rate': 0.0003445517363974707, 'p_miss': 0.12255167759211053}. Best is trial 67 with value: 0.28464633109546966.
running
[I 2024-10-10 14:22:41,225] Trial 71 finished with value: 0.3140163995241082 and parameters: {'model_name': 'IterativeImputer', 'estimator': 'KNN', 'initial_strategy': 'most_frequent', 'n_nearest_features': 1, 'imputation_order': 'descending'}. Best is trial 67 with value: 0.28464633109546966.
running
[I 2024-10-10 14:23:43,128] Trial 10 finished with value: 0.42740944031611844 and parameters: {'model_name': 'GAIN', 'batch_size': 774, 'hint_rate': 0.7407875810128886, 'alpha': 63, 'iterations': 6234, 'learning_rate': 0.00015575569271054248, 'p_miss': 0.01193509421299075}. Best is trial 67 with value: 0.28464633109546966.
running
[I 2024-10-10 14:23:55,174] Trial 72 finished with value: 0.42137680477661743 and parameters: {'model_name': 'GAIN', 'batch_size': 31, 'hint_rate': 0.4429183050352417, 'alpha': 99, 'iterations': 101, 'learning_rate': 0.003704401126197436, 'p_miss': 0.08155033711738313}. Best is trial 67 with value: 0.28464633109546966.
running
[I 2024-10-10 14:24:25,778] Trial 73 finished with value: 0.31336720768339577 and parameters: {'model_name': 'IterativeImputer', 'estimator': 'KNN', 'initial_strategy': 'constant', 'n_nearest_features': 1, 'imputation_order': 'descending'}. Best is trial 67 with value: 0.28464633109546966.
running
[I 2024-10-10 14:24:58,941] Trial 76 finished with value: 0.285018596498154 and parameters: {'model_name': 'VAE', 'batch_size': 23, 'iterations': 15, 'learning_rate': 0.005909929920605974, 'p_miss': 0.06061569234036326}. Best is trial 67 with value: 0.28464633109546966.
running
[I 2024-10-10 14:25:31,739] Trial 78 finished with value: 0.28857193827395544 and parameters: {'model_name': 'VAE', 'batch_size': 24, 'iterations': 8, 'learning_rate': 0.0025374862502966938, 'p_miss': 0.0573500860704666}. Best is trial 67 with value: 0.28464633109546966.
running
[I 2024-10-10 14:25:35,559] Trial 77 finished with value: 0.28481237949620714 and parameters: {'model_name': 'VAE', 'batch_size': 22, 'iterations': 17, 'learning_rate': 0.005483572660598427, 'p_miss': 0.060202410088664414}. Best is trial 67 with value: 0.28464633109546966.
running
[I 2024-10-10 14:26:03,199] Trial 74 finished with value: 0.4213902547166448 and parameters: {'model_name': 'GAIN', 'batch_size': 27, 'hint_rate': 0.4368241114831155, 'alpha': 97, 'iterations': 112, 'learning_rate': 0.004112903659706727, 'p_miss': 0.08624106310445778}. Best is trial 67 with value: 0.28464633109546966.
running
[I 2024-10-10 14:26:39,132] Trial 79 finished with value: 0.2958013236695642 and parameters: {'model_name': 'VAE', 'batch_size': 10, 'iterations': 17, 'learning_rate': 0.008933059070305801, 'p_miss': 0.08745141520046887}. Best is trial 67 with value: 0.28464633109546966.
running
[I 2024-10-10 14:27:12,485] Trial 81 finished with value: 0.29663778181336153 and parameters: {'model_name': 'VAE', 'batch_size': 10, 'iterations': 18, 'learning_rate': 0.009380088132457474, 'p_miss': 0.028774328951522925}. Best is trial 67 with value: 0.28464633109546966.
running
[I 2024-10-10 14:27:32,599] Trial 82 finished with value: 0.2989635731988161 and parameters: {'model_name': 'KNNImputer', 'n_neighbors': 24712, 'weights': 'uniform'}. Best is trial 67 with value: 0.28464633109546966.
running
[I 2024-10-10 14:28:07,355] Trial 83 finished with value: 0.2989565088904378 and parameters: {'model_name': 'KNNImputer', 'n_neighbors': 25374, 'weights': 'uniform'}. Best is trial 67 with value: 0.28464633109546966.
running
[I 2024-10-10 14:28:18,306] Trial 75 finished with value: 0.2992211564584659 and parameters: {'model_name': 'VAE', 'batch_size': 22, 'iterations': 77, 'learning_rate': 0.0037660182827888395, 'p_miss': 0.08571646596962545}. Best is trial 67 with value: 0.28464633109546966.
running
[I 2024-10-10 14:29:18,071] Trial 80 finished with value: 0.298583218749111 and parameters: {'model_name': 'VAE', 'batch_size': 8, 'iterations': 55, 'learning_rate': 0.004352217887707854, 'p_miss': 0.028133139145498087}. Best is trial 67 with value: 0.28464633109546966.
running
[I 2024-10-10 14:30:05,164] Trial 87 finished with value: 0.29013632143772405 and parameters: {'model_name': 'VAE', 'batch_size': 33, 'iterations': 9, 'learning_rate': 0.002414961423037165, 'p_miss': 0.061438496544813107}. Best is trial 67 with value: 0.28464633109546966.
running
[I 2024-10-10 14:30:30,626] Trial 84 finished with value: 0.2912473533281322 and parameters: {'model_name': 'VAE', 'batch_size': 18, 'iterations': 48, 'learning_rate': 0.0025674940504856205, 'p_miss': 0.059505578137909916}. Best is trial 67 with value: 0.28464633109546966.
running
[I 2024-10-10 14:31:32,844] Trial 88 finished with value: 0.2880780575189676 and parameters: {'model_name': 'VAE', 'batch_size': 18, 'iterations': 22, 'learning_rate': 0.005676947970620489, 'p_miss': 0.06869726131106457}. Best is trial 67 with value: 0.28464633109546966.
running
[I 2024-10-10 14:31:33,343] Trial 85 finished with value: 0.2886838341485261 and parameters: {'model_name': 'VAE', 'batch_size': 18, 'iterations': 55, 'learning_rate': 0.0022655121874188555, 'p_miss': 0.06137016073321908}. Best is trial 67 with value: 0.28464633109546966.
running
[I 2024-10-10 14:31:51,747] Trial 86 finished with value: 0.30030243137605117 and parameters: {'model_name': 'VAE', 'batch_size': 35, 'iterations': 53, 'learning_rate': 0.005109680891416064, 'p_miss': 0.062072487365623014}. Best is trial 67 with value: 0.28464633109546966.
running
[I 2024-10-10 14:31:53,900] Trial 92 finished with value: 0.36434145817064306 and parameters: {'model_name': 'SimpleImputer', 'strategy': 'median'}. Best is trial 67 with value: 0.28464633109546966.
running
[I 2024-10-10 14:31:57,521] Trial 89 finished with value: 0.29562994076904253 and parameters: {'model_name': 'VAE', 'batch_size': 35, 'iterations': 18, 'learning_rate': 0.007051716598059864, 'p_miss': 0.07302681874641076}. Best is trial 67 with value: 0.28464633109546966.
running
[I 2024-10-10 14:32:33,631] Trial 90 finished with value: 0.28991465926248067 and parameters: {'model_name': 'VAE', 'batch_size': 36, 'iterations': 12, 'learning_rate': 0.0071293139803956145, 'p_miss': 0.04114924410570869}. Best is trial 67 with value: 0.28464633109546966.
running
[I 2024-10-10 14:32:34,280] Trial 91 finished with value: 0.29099644602054686 and parameters: {'model_name': 'VAE', 'batch_size': 35, 'iterations': 10, 'learning_rate': 0.007353236155397704, 'p_miss': 0.047171202093375705}. Best is trial 67 with value: 0.28464633109546966.
running
[I 2024-10-10 14:32:47,757] Trial 93 finished with value: 0.28757450981619836 and parameters: {'model_name': 'VAE', 'batch_size': 39, 'iterations': 10, 'learning_rate': 0.00710510597008399, 'p_miss': 0.037499815965106084}. Best is trial 67 with value: 0.28464633109546966.
running
[I 2024-10-10 14:32:50,834] Trial 94 finished with value: 0.30116736037460157 and parameters: {'model_name': 'VAE', 'batch_size': 58, 'iterations': 12, 'learning_rate': 0.012206105999565548, 'p_miss': 0.044366700735648655}. Best is trial 67 with value: 0.28464633109546966.
running
[I 2024-10-10 14:33:15,275] Trial 96 finished with value: 0.28299213572712156 and parameters: {'model_name': 'VAE', 'batch_size': 24, 'iterations': 7, 'learning_rate': 0.011051805407316933, 'p_miss': 0.07402839725598911}. Best is trial 96 with value: 0.28299213572712156.
running
[I 2024-10-10 14:33:17,779] Trial 98 finished with value: 0.2893572234005694 and parameters: {'model_name': 'VAE', 'batch_size': 25, 'iterations': 6, 'learning_rate': 0.0050930080232415255, 'p_miss': 0.07733707480720639}. Best is trial 96 with value: 0.28299213572712156.
running
[I 2024-10-10 14:33:22,402] Trial 97 finished with value: 0.2902033297594285 and parameters: {'model_name': 'VAE', 'batch_size': 4, 'iterations': 7, 'learning_rate': 0.005681259952812747, 'p_miss': 0.07783058662840134}. Best is trial 96 with value: 0.28299213572712156.
running
[I 2024-10-10 14:33:26,719] Trial 95 finished with value: 0.299668836684142 and parameters: {'model_name': 'VAE', 'batch_size': 97, 'iterations': 7, 'learning_rate': 0.012041553476392727, 'p_miss': 0.049582338481160476}. Best is trial 96 with value: 0.28299213572712156.
running
[I 2024-10-10 14:33:46,096] Trial 101 finished with value: 0.28609959606315644 and parameters: {'model_name': 'VAE', 'batch_size': 14, 'iterations': 4, 'learning_rate': 0.01227834939436625, 'p_miss': 0.09397683317682687}. Best is trial 96 with value: 0.28299213572712156.
running
[I 2024-10-10 14:33:53,190] Trial 102 finished with value: 0.2864657466490196 and parameters: {'model_name': 'VAE', 'batch_size': 13, 'iterations': 4, 'learning_rate': 0.022500161661630054, 'p_miss': 0.10070539936544179}. Best is trial 96 with value: 0.28299213572712156.
running
[I 2024-10-10 14:33:54,500] Trial 104 finished with value: 0.29905777219386087 and parameters: {'model_name': 'SimpleImputer', 'strategy': 'mean'}. Best is trial 96 with value: 0.28299213572712156.
running
[I 2024-10-10 14:33:56,138] Trial 99 finished with value: 0.3035538149252042 and parameters: {'model_name': 'VAE', 'batch_size': 13, 'iterations': 7, 'learning_rate': 0.024950358601417796, 'p_miss': 0.092412918183887}. Best is trial 96 with value: 0.28299213572712156.
running
[I 2024-10-10 14:34:15,444] Trial 105 finished with value: 0.30157296848204884 and parameters: {'model_name': 'IterativeImputer', 'estimator': 'Ridge', 'initial_strategy': 'constant', 'n_nearest_features': 10, 'imputation_order': 'ascending'}. Best is trial 96 with value: 0.28299213572712156.
running
[I 2024-10-10 14:34:31,100] Trial 100 finished with value: 0.30668368712728916 and parameters: {'model_name': 'VAE', 'batch_size': 4, 'iterations': 26, 'learning_rate': 0.022901867891164523, 'p_miss': 0.09653590600681076}. Best is trial 96 with value: 0.28299213572712156.
running
[I 2024-10-10 14:34:55,256] Trial 108 finished with value: 0.2862223100410354 and parameters: {'model_name': 'VAE', 'batch_size': 21, 'iterations': 4, 'learning_rate': 0.008955678290857293, 'p_miss': 0.11083070543801417}. Best is trial 96 with value: 0.28299213572712156.
running
[I 2024-10-10 14:35:04,846] Trial 103 finished with value: 0.2853783566292053 and parameters: {'model_name': 'VAE', 'batch_size': 56, 'iterations': 24, 'learning_rate': 0.003057864902194407, 'p_miss': 0.11688430986311237}. Best is trial 96 with value: 0.28299213572712156.
running
[I 2024-10-10 14:35:31,518] Trial 106 finished with value: 0.3025448528687238 and parameters: {'model_name': 'VAE', 'batch_size': 61, 'iterations': 25, 'learning_rate': 0.009800101548361941, 'p_miss': 0.11341275914493805}. Best is trial 96 with value: 0.28299213572712156.
running
[I 2024-10-10 14:35:41,119] Trial 107 finished with value: 0.28767570627996253 and parameters: {'model_name': 'VAE', 'batch_size': 20, 'iterations': 23, 'learning_rate': 0.0030451646483100714, 'p_miss': 0.09334883904786467}. Best is trial 96 with value: 0.28299213572712156.
running
[I 2024-10-10 14:37:00,270] Trial 109 finished with value: 0.28667830660226645 and parameters: {'model_name': 'VAE', 'batch_size': 56, 'iterations': 34, 'learning_rate': 0.003120572255983737, 'p_miss': 0.06585737098875546}. Best is trial 96 with value: 0.28299213572712156.
running
[I 2024-10-10 14:37:40,690] Trial 110 finished with value: 0.29429662097735043 and parameters: {'model_name': 'VAE', 'batch_size': 59, 'iterations': 36, 'learning_rate': 0.0032521265349469987, 'p_miss': 0.14281673719791796}. Best is trial 96 with value: 0.28299213572712156.
running
[I 2024-10-10 14:37:49,535] Trial 113 finished with value: 0.29095384954554604 and parameters: {'model_name': 'VAE', 'batch_size': 26, 'iterations': 13, 'learning_rate': 0.001897250533345183, 'p_miss': 0.0758734503652862}. Best is trial 96 with value: 0.28299213572712156.
running
[I 2024-10-10 14:38:25,288] Trial 111 finished with value: 0.2967636584247618 and parameters: {'model_name': 'VAE', 'batch_size': 87, 'iterations': 37, 'learning_rate': 0.003197246729841025, 'p_miss': 0.14584529868397644}. Best is trial 96 with value: 0.28299213572712156.
running
[I 2024-10-10 14:38:45,338] Trial 112 finished with value: 0.28520566024101257 and parameters: {'model_name': 'VAE', 'batch_size': 106, 'iterations': 34, 'learning_rate': 0.0018003009366114944, 'p_miss': 0.06571660990366185}. Best is trial 96 with value: 0.28299213572712156.
running
[I 2024-10-10 14:38:50,053] Trial 114 finished with value: 0.2857593042648741 and parameters: {'model_name': 'VAE', 'batch_size': 104, 'iterations': 15, 'learning_rate': 0.0018306619297558289, 'p_miss': 0.07838314198417767}. Best is trial 96 with value: 0.28299213572712156.
running
[I 2024-10-10 14:39:05,085] Trial 116 finished with value: 0.2884838534662638 and parameters: {'model_name': 'VAE', 'batch_size': 556, 'iterations': 3, 'learning_rate': 0.0045826238971746975, 'p_miss': 0.08154474850496125}. Best is trial 96 with value: 0.28299213572712156.
running
[I 2024-10-10 14:39:51,056] Trial 119 finished with value: 0.4269361411308198 and parameters: {'model_name': 'GAIN', 'batch_size': 167, 'hint_rate': 0.25816353978903156, 'alpha': 24, 'iterations': 19, 'learning_rate': 0.0011902848622697443, 'p_miss': 0.05436642968075947}. Best is trial 96 with value: 0.28299213572712156.
running
[I 2024-10-10 14:40:13,726] Trial 117 finished with value: 0.2840507384967356 and parameters: {'model_name': 'VAE', 'batch_size': 106, 'iterations': 16, 'learning_rate': 0.0019353413628925538, 'p_miss': 0.051078778832981786}. Best is trial 96 with value: 0.28299213572712156.
running
[I 2024-10-10 14:41:01,375] Trial 121 finished with value: 0.29905777219386087 and parameters: {'model_name': 'KNNImputer', 'n_neighbors': 62872, 'weights': 'uniform'}. Best is trial 96 with value: 0.28299213572712156.
running
[I 2024-10-10 14:42:35,447] Trial 120 finished with value: 0.2872443939781067 and parameters: {'model_name': 'VAE', 'batch_size': 216, 'iterations': 30, 'learning_rate': 0.001646194304084084, 'p_miss': 0.1681821757161673}. Best is trial 96 with value: 0.28299213572712156.
running
[I 2024-10-10 14:43:42,309] Trial 123 finished with value: 0.29065031079326803 and parameters: {'model_name': 'VAE', 'batch_size': 120, 'iterations': 14, 'learning_rate': 0.0007889583244928017, 'p_miss': 0.05225929646304012}. Best is trial 96 with value: 0.28299213572712156.
running
[I 2024-10-10 14:49:19,964] Trial 118 finished with value: 0.30069274883031555 and parameters: {'model_name': 'VAE', 'batch_size': 188, 'iterations': 151, 'learning_rate': 0.001240602957540795, 'p_miss': 0.054697384259163595}. Best is trial 96 with value: 0.28299213572712156.
running
[I 2024-10-10 15:52:25,014] Trial 13 finished with value: 0.3020031851555295 and parameters: {'model_name': 'IterativeImputer', 'estimator': 'RFR', 'initial_strategy': 'most_frequent', 'n_nearest_features': 10, 'imputation_order': 'descending'}. Best is trial 96 with value: 0.28299213572712156.
running
[I 2024-10-10 16:42:14,249] Trial 115 finished with value: 0.3014037345592693 and parameters: {'model_name': 'VAE', 'batch_size': 99, 'iterations': 1759, 'learning_rate': 0.0045066589726579925, 'p_miss': 0.05169195222920575}. Best is trial 96 with value: 0.28299213572712156.
running
[I 2024-10-10 16:43:56,516] Trial 127 finished with value: 0.2888396334439604 and parameters: {'model_name': 'VAE', 'batch_size': 262, 'iterations': 19, 'learning_rate': 0.003859253819222198, 'p_miss': 0.06896568711346912}. Best is trial 96 with value: 0.28299213572712156.
running
[I 2024-10-10 16:44:45,044] Trial 128 finished with value: 0.2891143712263605 and parameters: {'model_name': 'VAE', 'batch_size': 47, 'iterations': 9, 'learning_rate': 0.008493857449121288, 'p_miss': 0.029371837474836605}. Best is trial 96 with value: 0.28299213572712156.
running
[I 2024-10-10 16:48:11,718] Trial 129 finished with value: 0.3008648509688333 and parameters: {'model_name': 'VAE', 'batch_size': 67, 'iterations': 46, 'learning_rate': 0.006022727004544726, 'p_miss': 0.06468317443805764}. Best is trial 96 with value: 0.28299213572712156.
running
[I 2024-10-10 16:49:09,907] Trial 130 finished with value: 0.30299126268315746 and parameters: {'model_name': 'VAE', 'batch_size': 333, 'iterations': 5, 'learning_rate': 0.014197174924998153, 'p_miss': 0.07112481921411752}. Best is trial 96 with value: 0.28299213572712156.
running
[I 2024-10-10 16:50:33,519] Trial 131 finished with value: 0.288120458224867 and parameters: {'model_name': 'VAE', 'batch_size': 27, 'iterations': 22, 'learning_rate': 0.0015029531399198082, 'p_miss': 0.24521420293473678}. Best is trial 96 with value: 0.28299213572712156.
running
[I 2024-10-10 16:51:39,932] Trial 132 finished with value: 0.3196777803942342 and parameters: {'model_name': 'IterativeImputer', 'estimator': 'KNN', 'initial_strategy': 'most_frequent', 'n_nearest_features': 4, 'imputation_order': 'arabic'}. Best is trial 96 with value: 0.28299213572712156.
running
[I 2024-10-10 16:51:42,283] Trial 133 finished with value: 0.38961422718434036 and parameters: {'model_name': 'SimpleImputer', 'strategy': 'most_frequent'}. Best is trial 96 with value: 0.28299213572712156.
running
[I 2024-10-10 16:52:11,444] Trial 122 finished with value: 0.3025175643524279 and parameters: {'model_name': 'VAE', 'batch_size': 284, 'iterations': 1895, 'learning_rate': 0.0014097196238373048, 'p_miss': 0.022146737562967034}. Best is trial 96 with value: 0.28299213572712156.
running
[I 2024-10-10 16:52:55,046] Trial 135 finished with value: 0.28946534272384533 and parameters: {'model_name': 'VAE', 'batch_size': 44, 'iterations': 11, 'learning_rate': 0.002067262532654766, 'p_miss': 0.085343246841958}. Best is trial 96 with value: 0.28299213572712156.
running
[I 2024-10-10 16:54:01,239] Trial 136 finished with value: 0.2920625401332695 and parameters: {'model_name': 'VAE', 'batch_size': 110, 'iterations': 17, 'learning_rate': 0.0009951285543421948, 'p_miss': 0.07603104599605041}. Best is trial 96 with value: 0.28299213572712156.
running
[I 2024-10-10 16:55:08,205] Trial 137 finished with value: 0.2890671760139214 and parameters: {'model_name': 'VAE', 'batch_size': 87, 'iterations': 14, 'learning_rate': 0.0016791759867568088, 'p_miss': 0.05860950494289851}. Best is trial 96 with value: 0.28299213572712156.
running
[I 2024-10-10 16:55:46,719] Trial 134 finished with value: 0.29211274783613206 and parameters: {'model_name': 'VAE', 'batch_size': 29, 'iterations': 71, 'learning_rate': 0.0021544526966745456, 'p_miss': 0.01669999094089756}. Best is trial 96 with value: 0.28299213572712156.
running
[I 2024-10-10 16:56:20,659] Trial 138 finished with value: 0.283999370500909 and parameters: {'model_name': 'VAE', 'batch_size': 152, 'iterations': 15, 'learning_rate': 0.0027124679412155995, 'p_miss': 0.06398973299914272}. Best is trial 96 with value: 0.28299213572712156.
running
[I 2024-10-10 16:56:56,222] Trial 139 finished with value: 0.28466042636795086 and parameters: {'model_name': 'VAE', 'batch_size': 133, 'iterations': 14, 'learning_rate': 0.0027962352516830505, 'p_miss': 0.06517437048093842}. Best is trial 96 with value: 0.28299213572712156.
running
[I 2024-10-10 16:58:57,332] Trial 141 finished with value: 0.2855969727307837 and parameters: {'model_name': 'VAE', 'batch_size': 144, 'iterations': 29, 'learning_rate': 0.0026889453202117064, 'p_miss': 0.03832390590704381}. Best is trial 96 with value: 0.28299213572712156.
running
[I 2024-10-10 16:59:42,429] Trial 142 finished with value: 0.4243210026506186 and parameters: {'model_name': 'GAIN', 'batch_size': 165, 'hint_rate': 0.6227533370495538, 'alpha': 76, 'iterations': 21, 'learning_rate': 0.0035437422895065736, 'p_miss': 0.04638109162093011}. Best is trial 96 with value: 0.28299213572712156.
running
[I 2024-10-10 17:00:56,903] Trial 143 finished with value: 0.2865169670700026 and parameters: {'model_name': 'VAE', 'batch_size': 135, 'iterations': 16, 'learning_rate': 0.0023121502031227758, 'p_miss': 0.05997693026471056}. Best is trial 96 with value: 0.28299213572712156.
running
[I 2024-10-10 17:01:56,083] Trial 144 finished with value: 0.2869137998619459 and parameters: {'model_name': 'VAE', 'batch_size': 83, 'iterations': 12, 'learning_rate': 0.0027008693162389, 'p_miss': 0.06459367562697811}. Best is trial 96 with value: 0.28299213572712156.
running
[I 2024-10-10 17:02:27,680] Trial 145 finished with value: 0.2872331065731464 and parameters: {'model_name': 'VAE', 'batch_size': 16, 'iterations': 8, 'learning_rate': 0.004995356499879767, 'p_miss': 0.08796916573526897}. Best is trial 96 with value: 0.28299213572712156.
running
[I 2024-10-10 17:03:24,117] Trial 146 finished with value: 0.2911616686435484 and parameters: {'model_name': 'VAE', 'batch_size': 73, 'iterations': 10, 'learning_rate': 0.008036807063529302, 'p_miss': 0.07073304954700044}. Best is trial 96 with value: 0.28299213572712156.
running
[I 2024-10-10 17:06:18,982] Trial 147 finished with value: 0.2994814726927837 and parameters: {'model_name': 'VAE', 'batch_size': 49, 'iterations': 43, 'learning_rate': 0.006543790477149076, 'p_miss': 0.08163455751190027}. Best is trial 96 with value: 0.28299213572712156.
running
[I 2024-10-10 17:06:52,784] Trial 148 finished with value: 0.28636093156748493 and parameters: {'model_name': 'VAE', 'batch_size': 40, 'iterations': 6, 'learning_rate': 0.010706999792125065, 'p_miss': 0.11786120045781641}. Best is trial 96 with value: 0.28299213572712156.
running
[I 2024-10-10 17:08:49,706] Trial 149 finished with value: 0.2937277712866873 and parameters: {'model_name': 'VAE', 'batch_size': 31, 'iterations': 26, 'learning_rate': 0.004142659802685112, 'p_miss': 0.06416349651626091}. Best is trial 96 with value: 0.28299213572712156.
running
[I 2024-10-10 17:09:28,390] Trial 150 finished with value: 0.30158084628908666 and parameters: {'model_name': 'KNNImputer', 'n_neighbors': 1362, 'weights': 'uniform'}. Best is trial 96 with value: 0.28299213572712156.
running
[I 2024-10-10 17:09:37,643] Trial 27 finished with value: 0.3019251523641915 and parameters: {'model_name': 'VAE', 'batch_size': 917, 'iterations': 5143, 'learning_rate': 0.00015889784714675118, 'p_miss': 0.09175112464950848}. Best is trial 96 with value: 0.28299213572712156.
running
[I 2024-10-10 17:10:00,580] Trial 151 finished with value: 0.2843136709122037 and parameters: {'model_name': 'VAE', 'batch_size': 23, 'iterations': 8, 'learning_rate': 0.00550908250944224, 'p_miss': 0.20812311937376543}. Best is trial 96 with value: 0.28299213572712156.
running
[I 2024-10-10 17:10:35,131] Trial 28 finished with value: 0.3018954304358102 and parameters: {'model_name': 'VAE', 'batch_size': 924, 'iterations': 4776, 'learning_rate': 0.00024873075855305903, 'p_miss': 0.08479682849578274}. Best is trial 96 with value: 0.28299213572712156.
running
[I 2024-10-10 17:10:50,839] Trial 153 finished with value: 0.2875428959107656 and parameters: {'model_name': 'VAE', 'batch_size': 20, 'iterations': 14, 'learning_rate': 0.005241645090094473, 'p_miss': 0.29081138204062096}. Best is trial 96 with value: 0.28299213572712156.
running
[I 2024-10-10 17:10:56,012] Trial 152 finished with value: 0.29114324965583643 and parameters: {'model_name': 'VAE', 'batch_size': 246, 'iterations': 13, 'learning_rate': 0.005161795165202914, 'p_miss': 0.04843629575611668}. Best is trial 96 with value: 0.28299213572712156.
running
[I 2024-10-10 17:10:59,683] Trial 154 finished with value: 0.28865945473889265 and parameters: {'model_name': 'VAE', 'batch_size': 23, 'iterations': 5, 'learning_rate': 0.01933485247352113, 'p_miss': 0.19988806343928187}. Best is trial 96 with value: 0.28299213572712156.
running
[I 2024-10-10 17:11:34,873] Trial 155 finished with value: 0.3035426489028161 and parameters: {'model_name': 'VAE', 'batch_size': 179, 'iterations': 5, 'learning_rate': 0.031478148697881944, 'p_miss': 0.22891180903236436}. Best is trial 96 with value: 0.28299213572712156.
running
[I 2024-10-10 17:11:35,502] Trial 156 finished with value: 0.2845632981909326 and parameters: {'model_name': 'VAE', 'batch_size': 52, 'iterations': 9, 'learning_rate': 0.0062131034612983695, 'p_miss': 0.18554969364956492}. Best is trial 96 with value: 0.28299213572712156.
running
[I 2024-10-10 17:11:41,674] Trial 157 finished with value: 0.2880257544804177 and parameters: {'model_name': 'VAE', 'batch_size': 121, 'iterations': 8, 'learning_rate': 0.002838822726915619, 'p_miss': 0.07477477135280453}. Best is trial 96 with value: 0.28299213572712156.
running
[I 2024-10-10 17:12:14,603] Trial 159 finished with value: 0.28842159997384875 and parameters: {'model_name': 'VAE', 'batch_size': 40, 'iterations': 10, 'learning_rate': 0.0034692529849314276, 'p_miss': 0.20571213568926391}. Best is trial 96 with value: 0.28299213572712156.
running
[I 2024-10-10 17:12:18,255] Trial 158 finished with value: 0.28697160716371883 and parameters: {'model_name': 'VAE', 'batch_size': 11, 'iterations': 10, 'learning_rate': 0.0065432588010688976, 'p_miss': 0.13302078261655897}. Best is trial 96 with value: 0.28299213572712156.
running
[I 2024-10-10 17:13:03,496] Trial 160 finished with value: 0.2844246208786049 and parameters: {'model_name': 'VAE', 'batch_size': 64, 'iterations': 20, 'learning_rate': 0.0034269984703492913, 'p_miss': 0.20379855554829948}. Best is trial 96 with value: 0.28299213572712156.
running
[I 2024-10-10 17:13:12,775] Trial 161 finished with value: 0.28560416899755114 and parameters: {'model_name': 'VAE', 'batch_size': 30, 'iterations': 21, 'learning_rate': 0.00413975819033215, 'p_miss': 0.20539513175727808}. Best is trial 96 with value: 0.28299213572712156.
running
[I 2024-10-10 17:13:17,707] Trial 162 finished with value: 0.3012079898568509 and parameters: {'model_name': 'VAE', 'batch_size': 29, 'iterations': 20, 'learning_rate': 0.014358583867386586, 'p_miss': 0.20177474611809065}. Best is trial 96 with value: 0.28299213572712156.
running
[I 2024-10-10 17:13:42,595] Trial 163 finished with value: 0.3017365242091064 and parameters: {'model_name': 'IterativeImputer', 'estimator': 'Ridge', 'initial_strategy': 'constant', 'n_nearest_features': 8, 'imputation_order': 'roman'}. Best is trial 96 with value: 0.28299213572712156.
running
[I 2024-10-10 17:13:49,110] Trial 32 finished with value: 0.3023779662562604 and parameters: {'model_name': 'VAE', 'batch_size': 520, 'iterations': 4883, 'learning_rate': 0.00025541301059303, 'p_miss': 0.08056898403652138}. Best is trial 96 with value: 0.28299213572712156.
running
[I 2024-10-10 17:13:53,567] Trial 164 finished with value: 0.3017365242091064 and parameters: {'model_name': 'IterativeImputer', 'estimator': 'Ridge', 'initial_strategy': 'constant', 'n_nearest_features': 8, 'imputation_order': 'roman'}. Best is trial 96 with value: 0.28299213572712156.
running
[I 2024-10-10 17:13:58,829] Trial 165 finished with value: 0.3017365242091064 and parameters: {'model_name': 'IterativeImputer', 'estimator': 'Ridge', 'initial_strategy': 'constant', 'n_nearest_features': 8, 'imputation_order': 'roman'}. Best is trial 96 with value: 0.28299213572712156.
running
[I 2024-10-10 17:14:17,811] Trial 166 finished with value: 0.28713022844102287 and parameters: {'model_name': 'VAE', 'batch_size': 53, 'iterations': 17, 'learning_rate': 0.0021161929223872202, 'p_miss': 0.18942896479818222}. Best is trial 96 with value: 0.28299213572712156.
running
[I 2024-10-10 17:14:47,390] Trial 168 finished with value: 0.28812191837291395 and parameters: {'model_name': 'VAE', 'batch_size': 66, 'iterations': 18, 'learning_rate': 0.0019905000525932324, 'p_miss': 0.16126971326747241}. Best is trial 96 with value: 0.28299213572712156.
running
[I 2024-10-10 17:14:48,316] Trial 171 finished with value: 0.42682271199825383 and parameters: {'model_name': 'SimpleImputer', 'strategy': 'constant'}. Best is trial 96 with value: 0.28299213572712156.
running
[I 2024-10-10 17:14:51,390] Trial 167 finished with value: 0.28681086137896533 and parameters: {'model_name': 'VAE', 'batch_size': 65, 'iterations': 18, 'learning_rate': 0.0019874749378729, 'p_miss': 0.19000230253968697}. Best is trial 96 with value: 0.28299213572712156.
running
[I 2024-10-10 17:15:05,967] Trial 169 finished with value: 0.2874951235036824 and parameters: {'model_name': 'VAE', 'batch_size': 64, 'iterations': 16, 'learning_rate': 0.001956456982016874, 'p_miss': 0.1906774471989725}. Best is trial 96 with value: 0.28299213572712156.
running
[I 2024-10-10 17:16:07,232] Trial 174 finished with value: 0.2923638354477804 and parameters: {'model_name': 'VAE', 'batch_size': 79, 'iterations': 12, 'learning_rate': 0.007621287515550679, 'p_miss': 0.22016980398664307}. Best is trial 96 with value: 0.28299213572712156.
running
[I 2024-10-10 17:16:25,589] Trial 170 finished with value: 0.3012700991376195 and parameters: {'model_name': 'VAE', 'batch_size': 65, 'iterations': 32, 'learning_rate': 0.007838795843427452, 'p_miss': 0.2104550815757217}. Best is trial 96 with value: 0.28299213572712156.
running
[I 2024-10-10 17:16:27,160] Trial 172 finished with value: 0.29470793395059725 and parameters: {'model_name': 'VAE', 'batch_size': 77, 'iterations': 29, 'learning_rate': 0.0046207677685193875, 'p_miss': 0.19663575426522029}. Best is trial 96 with value: 0.28299213572712156.
running
[I 2024-10-10 17:16:51,507] Trial 176 finished with value: 0.28622900833445686 and parameters: {'model_name': 'VAE', 'batch_size': 51, 'iterations': 7, 'learning_rate': 0.006088112255782312, 'p_miss': 0.1793182073471065}. Best is trial 96 with value: 0.28299213572712156.
running
[I 2024-10-10 17:17:05,006] Trial 173 finished with value: 0.3026875436582999 and parameters: {'model_name': 'VAE', 'batch_size': 77, 'iterations': 31, 'learning_rate': 0.007890983896404672, 'p_miss': 0.22082538463756582}. Best is trial 96 with value: 0.28299213572712156.
running
[I 2024-10-10 17:17:05,419] Trial 177 finished with value: 0.2850042045400224 and parameters: {'model_name': 'VAE', 'batch_size': 52, 'iterations': 8, 'learning_rate': 0.005839370238947356, 'p_miss': 0.06709527696908013}. Best is trial 96 with value: 0.28299213572712156.
running
[I 2024-10-10 17:17:32,513] Trial 178 finished with value: 0.2858475221046846 and parameters: {'model_name': 'VAE', 'batch_size': 19, 'iterations': 9, 'learning_rate': 0.005422127812579047, 'p_miss': 0.21584689560343073}. Best is trial 96 with value: 0.28299213572712156.
running
[I 2024-10-10 17:18:33,819] Trial 180 finished with value: 0.2836368413312796 and parameters: {'model_name': 'VAE', 'batch_size': 36, 'iterations': 24, 'learning_rate': 0.002975736409021197, 'p_miss': 0.05675813915951404}. Best is trial 96 with value: 0.28299213572712156.
running
[I 2024-10-10 17:18:38,939] Trial 181 finished with value: 0.28897212524849947 and parameters: {'model_name': 'VAE', 'batch_size': 1, 'iterations': 24, 'learning_rate': 0.003965798166720991, 'p_miss': 0.05719335934188585}. Best is trial 96 with value: 0.28299213572712156.
running
[I 2024-10-10 17:18:48,834] Trial 179 finished with value: 0.2979215646831758 and parameters: {'model_name': 'VAE', 'batch_size': 37, 'iterations': 25, 'learning_rate': 0.005766968982223464, 'p_miss': 0.21316553140145691}. Best is trial 96 with value: 0.28299213572712156.
running
[I 2024-10-10 17:19:01,443] Trial 175 finished with value: 0.3025523398025321 and parameters: {'model_name': 'VAE', 'batch_size': 412, 'iterations': 31, 'learning_rate': 0.004728916780183638, 'p_miss': 0.17127959955609395}. Best is trial 96 with value: 0.28299213572712156.
running
[I 2024-10-10 17:19:05,006] Trial 183 finished with value: 0.4236120563459472 and parameters: {'model_name': 'GAIN', 'batch_size': 40, 'hint_rate': 0.26628520048885884, 'alpha': 26, 'iterations': 12, 'learning_rate': 0.0024803598851961435, 'p_miss': 0.06581550462043922}. Best is trial 96 with value: 0.28299213572712156.
running
[I 2024-10-10 17:19:15,811] Trial 184 finished with value: 0.4224245277861508 and parameters: {'model_name': 'GAIN', 'batch_size': 25, 'hint_rate': 0.29216876422983745, 'alpha': 28, 'iterations': 12, 'learning_rate': 0.009627640341516988, 'p_miss': 0.06814170970174846}. Best is trial 96 with value: 0.28299213572712156.
running
[I 2024-10-10 17:19:30,913] Trial 182 finished with value: 0.2858611470933277 and parameters: {'model_name': 'VAE', 'batch_size': 36, 'iterations': 12, 'learning_rate': 0.003737496497221292, 'p_miss': 0.05761878645270397}. Best is trial 96 with value: 0.28299213572712156.
running
[I 2024-10-10 17:19:54,225] Trial 186 finished with value: 0.2841059162042317 and parameters: {'model_name': 'VAE', 'batch_size': 24, 'iterations': 14, 'learning_rate': 0.0029896223144776283, 'p_miss': 0.0590258364236043}. Best is trial 96 with value: 0.28299213572712156.
running
[I 2024-10-10 17:20:22,206] Trial 187 finished with value: 0.28477817197987976 and parameters: {'model_name': 'VAE', 'batch_size': 96, 'iterations': 15, 'learning_rate': 0.003081227670942597, 'p_miss': 0.058658581789869366}. Best is trial 96 with value: 0.28299213572712156.
running
[I 2024-10-10 17:20:55,536] Trial 189 finished with value: 0.28569724525429896 and parameters: {'model_name': 'VAE', 'batch_size': 23, 'iterations': 15, 'learning_rate': 0.003378792468207353, 'p_miss': 0.0627326608974861}. Best is trial 96 with value: 0.28299213572712156.
running
[I 2024-10-10 17:21:04,260] Trial 190 finished with value: 0.29127792940640773 and parameters: {'model_name': 'VAE', 'batch_size': 16, 'iterations': 15, 'learning_rate': 0.0029082049066909135, 'p_miss': 0.04269574478788366}. Best is trial 96 with value: 0.28299213572712156.
running
[I 2024-10-10 17:21:56,862] Trial 191 finished with value: 0.2988619678627961 and parameters: {'model_name': 'KNNImputer', 'n_neighbors': 36184, 'weights': 'distance'}. Best is trial 96 with value: 0.28299213572712156.
running
[I 2024-10-10 17:21:58,287] Trial 192 finished with value: 0.2886352422946753 and parameters: {'model_name': 'VAE', 'batch_size': 146, 'iterations': 9, 'learning_rate': 0.0067023311857854675, 'p_miss': 0.04977957769286538}. Best is trial 96 with value: 0.28299213572712156.
running
[I 2024-10-10 17:22:23,033] Trial 194 finished with value: 0.2929584950826534 and parameters: {'model_name': 'VAE', 'batch_size': 27, 'iterations': 6, 'learning_rate': 0.0024653098640017384, 'p_miss': 0.07446772831512867}. Best is trial 96 with value: 0.28299213572712156.
running
[I 2024-10-10 17:22:32,015] Trial 193 finished with value: 0.28880560488991025 and parameters: {'model_name': 'VAE', 'batch_size': 27, 'iterations': 8, 'learning_rate': 0.0024220488746234813, 'p_miss': 0.052802539301677255}. Best is trial 96 with value: 0.28299213572712156.
running
[I 2024-10-10 17:22:59,952] Trial 195 finished with value: 0.2913541096343123 and parameters: {'model_name': 'VAE', 'batch_size': 32, 'iterations': 8, 'learning_rate': 0.003049471740783362, 'p_miss': 0.0344981273762785}. Best is trial 96 with value: 0.28299213572712156.
running
[I 2024-10-10 17:23:24,167] Trial 196 finished with value: 0.28589169401512626 and parameters: {'model_name': 'VAE', 'batch_size': 33, 'iterations': 14, 'learning_rate': 0.0029153439595453814, 'p_miss': 0.05847433559980994}. Best is trial 96 with value: 0.28299213572712156.
running
[I 2024-10-10 17:25:03,062] Trial 198 finished with value: 0.2934703795200818 and parameters: {'model_name': 'VAE', 'batch_size': 98, 'iterations': 21, 'learning_rate': 0.004374142108471388, 'p_miss': 0.06806069665814811}. Best is trial 96 with value: 0.28299213572712156.
running
[I 2024-10-10 17:26:30,010] Trial 199 finished with value: 0.28726801578795846 and parameters: {'model_name': 'VAE', 'batch_size': 199, 'iterations': 16, 'learning_rate': 0.0015526093752414748, 'p_miss': 0.07999188190891235}. Best is trial 96 with value: 0.28299213572712156.
[I 2024-10-10 17:37:56,568] Trial 188 finished with value: 0.3013535415581844 and parameters: {'model_name': 'VAE', 'batch_size': 95, 'iterations': 345, 'learning_rate': 0.003269598802833366, 'p_miss': 0.06157933066666353}. Best is trial 96 with value: 0.28299213572712156.
[I 2024-10-10 17:45:43,554] Trial 30 finished with value: 0.3019396487488101 and parameters: {'model_name': 'VAE', 'batch_size': 945, 'iterations': 5567, 'learning_rate': 0.00044970788980432786, 'p_miss': 0.0634608121096702}. Best is trial 96 with value: 0.28299213572712156.
[I 2024-10-10 17:48:54,862] Trial 197 finished with value: 0.3019703133192727 and parameters: {'model_name': 'VAE', 'batch_size': 123, 'iterations': 523, 'learning_rate': 0.001694178601459024, 'p_miss': 0.061031308794702734}. Best is trial 96 with value: 0.28299213572712156.
[I 2024-10-10 18:01:13,741] Trial 37 finished with value: 0.3028162144723895 and parameters: {'model_name': 'VAE', 'batch_size': 311, 'iterations': 6763, 'learning_rate': 0.0008754688347330346, 'p_miss': 0.10880060234161096}. Best is trial 96 with value: 0.28299213572712156.
[I 2024-10-10 18:15:42,753] Trial 126 finished with value: 0.3024008994149453 and parameters: {'model_name': 'VAE', 'batch_size': 350, 'iterations': 2511, 'learning_rate': 0.004507705513746116, 'p_miss': 0.06752541492282717}. Best is trial 96 with value: 0.28299213572712156.
[I 2024-10-10 18:16:51,787] Trial 31 finished with value: 0.30198517701852773 and parameters: {'model_name': 'VAE', 'batch_size': 998, 'iterations': 6325, 'learning_rate': 0.00035985588712186985, 'p_miss': 0.10941192958921479}. Best is trial 96 with value: 0.28299213572712156.
[I 2024-10-10 18:27:22,125] Trial 26 finished with value: 0.30190620065916796 and parameters: {'model_name': 'VAE', 'batch_size': 631, 'iterations': 6412, 'learning_rate': 0.0003736388197052068, 'p_miss': 0.07965672024607182}. Best is trial 96 with value: 0.28299213572712156.
[I 2024-10-10 18:50:46,453] Trial 2 finished with value: 0.3002360730019541 and parameters: {'model_name': 'VAE', 'batch_size': 33, 'iterations': 8193, 'learning_rate': 0.03345621800198359, 'p_miss': 0.18179381051284194}. Best is trial 96 with value: 0.28299213572712156.
[I 2024-10-10 18:53:35,207] Trial 185 finished with value: 0.4295726724773086 and parameters: {'model_name': 'GAIN', 'batch_size': 26, 'hint_rate': 0.26640726296583633, 'alpha': 27, 'iterations': 8094, 'learning_rate': 0.002882475150043447, 'p_miss': 0.06547769970190037}. Best is trial 96 with value: 0.28299213572712156.
[I 2024-10-10 19:05:43,504] Trial 29 finished with value: 0.30193721164646903 and parameters: {'model_name': 'VAE', 'batch_size': 850, 'iterations': 8100, 'learning_rate': 0.00032753396845902676, 'p_miss': 0.08619491844418145}. Best is trial 96 with value: 0.28299213572712156.
[I 2024-10-10 19:10:05,350] Trial 39 finished with value: 0.3026789049893726 and parameters: {'model_name': 'VAE', 'batch_size': 143, 'iterations': 9746, 'learning_rate': 0.09616001573813128, 'p_miss': 0.14121464823613583}. Best is trial 96 with value: 0.28299213572712156.
[I 2024-10-10 19:17:33,819] Trial 35 finished with value: 0.3018365598564325 and parameters: {'model_name': 'VAE', 'batch_size': 943, 'iterations': 9507, 'learning_rate': 0.00256446155840769, 'p_miss': 0.2944911770996522}. Best is trial 96 with value: 0.28299213572712156.
[I 2024-10-10 19:22:01,222] Trial 140 finished with value: 0.30232782458177854 and parameters: {'model_name': 'VAE', 'batch_size': 168, 'iterations': 10000, 'learning_rate': 0.0026288882417092128, 'p_miss': 0.06414226215960113}. Best is trial 96 with value: 0.28299213572712156.
[I 2024-10-10 19:27:51,838] Trial 124 finished with value: 0.30199984332947405 and parameters: {'model_name': 'IterativeImputer', 'estimator': 'RFR', 'initial_strategy': 'most_frequent', 'n_nearest_features': 10, 'imputation_order': 'arabic'}. Best is trial 96 with value: 0.28299213572712156.
[I 2024-10-10 19:32:02,397] Trial 125 finished with value: 0.3025839842936109 and parameters: {'model_name': 'IterativeImputer', 'estimator': 'RFR', 'initial_strategy': 'most_frequent', 'n_nearest_features': 10, 'imputation_order': 'arabic'}. Best is trial 96 with value: 0.28299213572712156.
fit
auto fit
auto transform
0    0
1    0
2    0
3    0
4    0
5    0
6    0
7    0
8    0
9    0
dtype: int64
0    0
1    0
2    0
3    0
4    0
5    0
6    0
7    0
8    0
9    0
dtype: int64
0.28299213572712156
{'model_name': 'VAE', 'batch_size': 24, 'iterations': 7, 'learning_rate': 0.011051805407316933, 'p_miss': 0.07402839725598911}
running experiment 2/3 - Does reconstruction give good automl predictions
Start est fit
Version 0.1.7a0 of tpot2 is outdated. Version 0.1.8a0 was released Tuesday September 17, 2024.
Version 0.1.7a0 of tpot2 is outdated. Version 0.1.8a0 was released Tuesday September 17, 2024.
Version 0.1.7a0 of tpot2 is outdated. Version 0.1.8a0 was released Tuesday September 17, 2024.
Version 0.1.7a0 of tpot2 is outdated. Version 0.1.8a0 was released Tuesday September 17, 2024.
Version 0.1.7a0 of tpot2 is outdated. Version 0.1.8a0 was released Tuesday September 17, 2024.
Version 0.1.7a0 of tpot2 is outdated. Version 0.1.8a0 was released Tuesday September 17, 2024.
Version 0.1.7a0 of tpot2 is outdated. Version 0.1.8a0 was released Tuesday September 17, 2024.
Version 0.1.7a0 of tpot2 is outdated. Version 0.1.8a0 was released Tuesday September 17, 2024.
Version 0.1.7a0 of tpot2 is outdated. Version 0.1.8a0 was released Tuesday September 17, 2024.
Version 0.1.7a0 of tpot2 is outdated. Version 0.1.8a0 was released Tuesday September 17, 2024.
Version 0.1.7a0 of tpot2 is outdated. Version 0.1.8a0 was released Tuesday September 17, 2024.
Version 0.1.7a0 of tpot2 is outdated. Version 0.1.8a0 was released Tuesday September 17, 2024.
Version 0.1.7a0 of tpot2 is outdated. Version 0.1.8a0 was released Tuesday September 17, 2024.
Version 0.1.7a0 of tpot2 is outdated. Version 0.1.8a0 was released Tuesday September 17, 2024.
Version 0.1.7a0 of tpot2 is outdated. Version 0.1.8a0 was released Tuesday September 17, 2024.
Version 0.1.7a0 of tpot2 is outdated. Version 0.1.8a0 was released Tuesday September 17, 2024.
  0%|          | 0/25 [00:00<?, ?it/s]Generation:   0%|          | 0/25 [00:00<?, ?it/s]WARNING THIS INDIVIDUAL CAUSED AND EXCEPTION 
 <tpot2.search_spaces.pipelines.sequential.SequentialPipelineIndividual object at 0x1554746a1930> 
 The 'criterion' parameter of ExtraTreesRegressor must be a str among {'friedman_mse', 'poisson', 'absolute_error', 'squared_error'}. Got 'mae' instead. 
 Traceback (most recent call last):
  File "/common/ketrong/tpotexp/tpot2/tpot2/utils/eval_utils.py", line 53, in objective_nan_wrapper
    value = func_timeout.func_timeout(timeout, objective_function, args=[individual], kwargs=objective_kwargs)
  File "/common/ketrong/tpotexp/env/lib/python3.10/site-packages/func_timeout/dafunc.py", line 108, in func_timeout
    raise_exception(exception)
  File "/common/ketrong/tpotexp/env/lib/python3.10/site-packages/func_timeout/py3_raise.py", line 7, in raise_exception
    raise exception[0] from None
  File "/common/ketrong/tpotexp/tpot2/tpot2/tpot_estimator/estimator.py", line 623, in objective_function
    return objective_function_generator(
  File "/common/ketrong/tpotexp/tpot2/tpot2/tpot_estimator/estimator_utils.py", line 55, in objective_function_generator
    cv_obj_scores = cross_val_score_objective(sklearn.base.clone(pipeline),x,y,scorers=scorers, cv=cv , fold=step)
  File "/common/ketrong/tpotexp/tpot2/tpot2/tpot_estimator/cross_val_utils.py", line 28, in cross_val_score_objective
    this_fold_pipeline.fit(X_train,y_train)
  File "/common/ketrong/tpotexp/env/lib/python3.10/site-packages/sklearn/base.py", line 1473, in wrapper
    return fit_method(estimator, *args, **kwargs)
  File "/common/ketrong/tpotexp/env/lib/python3.10/site-packages/sklearn/pipeline.py", line 473, in fit
    self._final_estimator.fit(Xt, y, **last_step_params["fit"])
  File "/common/ketrong/tpotexp/env/lib/python3.10/site-packages/sklearn/base.py", line 1466, in wrapper
    estimator._validate_params()
  File "/common/ketrong/tpotexp/env/lib/python3.10/site-packages/sklearn/base.py", line 666, in _validate_params
    validate_parameter_constraints(
  File "/common/ketrong/tpotexp/env/lib/python3.10/site-packages/sklearn/utils/_param_validation.py", line 95, in validate_parameter_constraints
    raise InvalidParameterError(
sklearn.utils._param_validation.InvalidParameterError: The 'criterion' parameter of ExtraTreesRegressor must be a str among {'friedman_mse', 'poisson', 'absolute_error', 'squared_error'}. Got 'mae' instead.

WARNING THIS INDIVIDUAL CAUSED AND EXCEPTION 
 <tpot2.search_spaces.pipelines.sequential.SequentialPipelineIndividual object at 0x1554746a42e0> 
 The 'criterion' parameter of RandomForestRegressor must be a str among {'friedman_mse', 'poisson', 'absolute_error', 'squared_error'}. Got 'mse' instead. 
 Traceback (most recent call last):
  File "/common/ketrong/tpotexp/tpot2/tpot2/utils/eval_utils.py", line 53, in objective_nan_wrapper
    value = func_timeout.func_timeout(timeout, objective_function, args=[individual], kwargs=objective_kwargs)
  File "/common/ketrong/tpotexp/env/lib/python3.10/site-packages/func_timeout/dafunc.py", line 108, in func_timeout
    raise_exception(exception)
  File "/common/ketrong/tpotexp/env/lib/python3.10/site-packages/func_timeout/py3_raise.py", line 7, in raise_exception
    raise exception[0] from None
  File "/common/ketrong/tpotexp/tpot2/tpot2/tpot_estimator/estimator.py", line 623, in objective_function
    return objective_function_generator(
  File "/common/ketrong/tpotexp/tpot2/tpot2/tpot_estimator/estimator_utils.py", line 55, in objective_function_generator
    cv_obj_scores = cross_val_score_objective(sklearn.base.clone(pipeline),x,y,scorers=scorers, cv=cv , fold=step)
  File "/common/ketrong/tpotexp/tpot2/tpot2/tpot_estimator/cross_val_utils.py", line 28, in cross_val_score_objective
    this_fold_pipeline.fit(X_train,y_train)
  File "/common/ketrong/tpotexp/env/lib/python3.10/site-packages/sklearn/base.py", line 1473, in wrapper
    return fit_method(estimator, *args, **kwargs)
  File "/common/ketrong/tpotexp/env/lib/python3.10/site-packages/sklearn/pipeline.py", line 473, in fit
    self._final_estimator.fit(Xt, y, **last_step_params["fit"])
  File "/common/ketrong/tpotexp/env/lib/python3.10/site-packages/sklearn/base.py", line 1466, in wrapper
    estimator._validate_params()
  File "/common/ketrong/tpotexp/env/lib/python3.10/site-packages/sklearn/base.py", line 666, in _validate_params
    validate_parameter_constraints(
  File "/common/ketrong/tpotexp/env/lib/python3.10/site-packages/sklearn/utils/_param_validation.py", line 95, in validate_parameter_constraints
    raise InvalidParameterError(
sklearn.utils._param_validation.InvalidParameterError: The 'criterion' parameter of RandomForestRegressor must be a str among {'friedman_mse', 'poisson', 'absolute_error', 'squared_error'}. Got 'mse' instead.

WARNING THIS INDIVIDUAL CAUSED AND EXCEPTION 
 <tpot2.search_spaces.pipelines.sequential.SequentialPipelineIndividual object at 0x1554746edff0> 
 The 'criterion' parameter of RandomForestRegressor must be a str among {'friedman_mse', 'poisson', 'absolute_error', 'squared_error'}. Got 'mse' instead. 
 Traceback (most recent call last):
  File "/common/ketrong/tpotexp/tpot2/tpot2/utils/eval_utils.py", line 53, in objective_nan_wrapper
    value = func_timeout.func_timeout(timeout, objective_function, args=[individual], kwargs=objective_kwargs)
  File "/common/ketrong/tpotexp/env/lib/python3.10/site-packages/func_timeout/dafunc.py", line 108, in func_timeout
    raise_exception(exception)
  File "/common/ketrong/tpotexp/env/lib/python3.10/site-packages/func_timeout/py3_raise.py", line 7, in raise_exception
    raise exception[0] from None
  File "/common/ketrong/tpotexp/tpot2/tpot2/tpot_estimator/estimator.py", line 623, in objective_function
    return objective_function_generator(
  File "/common/ketrong/tpotexp/tpot2/tpot2/tpot_estimator/estimator_utils.py", line 55, in objective_function_generator
    cv_obj_scores = cross_val_score_objective(sklearn.base.clone(pipeline),x,y,scorers=scorers, cv=cv , fold=step)
  File "/common/ketrong/tpotexp/tpot2/tpot2/tpot_estimator/cross_val_utils.py", line 28, in cross_val_score_objective
    this_fold_pipeline.fit(X_train,y_train)
  File "/common/ketrong/tpotexp/env/lib/python3.10/site-packages/sklearn/base.py", line 1473, in wrapper
    return fit_method(estimator, *args, **kwargs)
  File "/common/ketrong/tpotexp/env/lib/python3.10/site-packages/sklearn/pipeline.py", line 473, in fit
    self._final_estimator.fit(Xt, y, **last_step_params["fit"])
  File "/common/ketrong/tpotexp/env/lib/python3.10/site-packages/sklearn/base.py", line 1466, in wrapper
    estimator._validate_params()
  File "/common/ketrong/tpotexp/env/lib/python3.10/site-packages/sklearn/base.py", line 666, in _validate_params
    validate_parameter_constraints(
  File "/common/ketrong/tpotexp/env/lib/python3.10/site-packages/sklearn/utils/_param_validation.py", line 95, in validate_parameter_constraints
    raise InvalidParameterError(
sklearn.utils._param_validation.InvalidParameterError: The 'criterion' parameter of RandomForestRegressor must be a str among {'friedman_mse', 'poisson', 'absolute_error', 'squared_error'}. Got 'mse' instead.

WARNING THIS INDIVIDUAL CAUSED AND EXCEPTION 
 <tpot2.search_spaces.pipelines.sequential.SequentialPipelineIndividual object at 0x1554746a0c10> 
 The 'criterion' parameter of ExtraTreesRegressor must be a str among {'friedman_mse', 'poisson', 'absolute_error', 'squared_error'}. Got 'mae' instead. 
 Traceback (most recent call last):
  File "/common/ketrong/tpotexp/tpot2/tpot2/utils/eval_utils.py", line 53, in objective_nan_wrapper
    value = func_timeout.func_timeout(timeout, objective_function, args=[individual], kwargs=objective_kwargs)
  File "/common/ketrong/tpotexp/env/lib/python3.10/site-packages/func_timeout/dafunc.py", line 108, in func_timeout
    raise_exception(exception)
  File "/common/ketrong/tpotexp/env/lib/python3.10/site-packages/func_timeout/py3_raise.py", line 7, in raise_exception
    raise exception[0] from None
  File "/common/ketrong/tpotexp/tpot2/tpot2/tpot_estimator/estimator.py", line 623, in objective_function
    return objective_function_generator(
  File "/common/ketrong/tpotexp/tpot2/tpot2/tpot_estimator/estimator_utils.py", line 55, in objective_function_generator
    cv_obj_scores = cross_val_score_objective(sklearn.base.clone(pipeline),x,y,scorers=scorers, cv=cv , fold=step)
  File "/common/ketrong/tpotexp/tpot2/tpot2/tpot_estimator/cross_val_utils.py", line 28, in cross_val_score_objective
    this_fold_pipeline.fit(X_train,y_train)
  File "/common/ketrong/tpotexp/env/lib/python3.10/site-packages/sklearn/base.py", line 1473, in wrapper
    return fit_method(estimator, *args, **kwargs)
  File "/common/ketrong/tpotexp/env/lib/python3.10/site-packages/sklearn/pipeline.py", line 473, in fit
    self._final_estimator.fit(Xt, y, **last_step_params["fit"])
  File "/common/ketrong/tpotexp/env/lib/python3.10/site-packages/sklearn/base.py", line 1466, in wrapper
    estimator._validate_params()
  File "/common/ketrong/tpotexp/env/lib/python3.10/site-packages/sklearn/base.py", line 666, in _validate_params
    validate_parameter_constraints(
  File "/common/ketrong/tpotexp/env/lib/python3.10/site-packages/sklearn/utils/_param_validation.py", line 95, in validate_parameter_constraints
    raise InvalidParameterError(
sklearn.utils._param_validation.InvalidParameterError: The 'criterion' parameter of ExtraTreesRegressor must be a str among {'friedman_mse', 'poisson', 'absolute_error', 'squared_error'}. Got 'mae' instead.

WARNING AN INDIVIDUAL TIMED OUT: 
 <tpot2.search_spaces.pipelines.sequential.SequentialPipelineIndividual object at 0x155474709bd0> 

Generation:  1
Best root_mean_squared_error score: -10.191241863744896
Generation:   4%|         | 1/25 [10:02<4:01:03, 602.65s/it]WARNING THIS INDIVIDUAL CAUSED AND EXCEPTION 
 <tpot2.search_spaces.pipelines.sequential.SequentialPipelineIndividual object at 0x1554746a5cf0> 
 The 'criterion' parameter of RandomForestRegressor must be a str among {'friedman_mse', 'poisson', 'absolute_error', 'squared_error'}. Got 'mae' instead. 
 Traceback (most recent call last):
  File "/common/ketrong/tpotexp/tpot2/tpot2/utils/eval_utils.py", line 53, in objective_nan_wrapper
    value = func_timeout.func_timeout(timeout, objective_function, args=[individual], kwargs=objective_kwargs)
  File "/common/ketrong/tpotexp/env/lib/python3.10/site-packages/func_timeout/dafunc.py", line 108, in func_timeout
    raise_exception(exception)
  File "/common/ketrong/tpotexp/env/lib/python3.10/site-packages/func_timeout/py3_raise.py", line 7, in raise_exception
    raise exception[0] from None
  File "/common/ketrong/tpotexp/tpot2/tpot2/tpot_estimator/estimator.py", line 623, in objective_function
    return objective_function_generator(
  File "/common/ketrong/tpotexp/tpot2/tpot2/tpot_estimator/estimator_utils.py", line 55, in objective_function_generator
    cv_obj_scores = cross_val_score_objective(sklearn.base.clone(pipeline),x,y,scorers=scorers, cv=cv , fold=step)
  File "/common/ketrong/tpotexp/tpot2/tpot2/tpot_estimator/cross_val_utils.py", line 28, in cross_val_score_objective
    this_fold_pipeline.fit(X_train,y_train)
  File "/common/ketrong/tpotexp/env/lib/python3.10/site-packages/sklearn/base.py", line 1473, in wrapper
    return fit_method(estimator, *args, **kwargs)
  File "/common/ketrong/tpotexp/env/lib/python3.10/site-packages/sklearn/pipeline.py", line 473, in fit
    self._final_estimator.fit(Xt, y, **last_step_params["fit"])
  File "/common/ketrong/tpotexp/env/lib/python3.10/site-packages/sklearn/base.py", line 1466, in wrapper
    estimator._validate_params()
  File "/common/ketrong/tpotexp/env/lib/python3.10/site-packages/sklearn/base.py", line 666, in _validate_params
    validate_parameter_constraints(
  File "/common/ketrong/tpotexp/env/lib/python3.10/site-packages/sklearn/utils/_param_validation.py", line 95, in validate_parameter_constraints
    raise InvalidParameterError(
sklearn.utils._param_validation.InvalidParameterError: The 'criterion' parameter of RandomForestRegressor must be a str among {'friedman_mse', 'poisson', 'absolute_error', 'squared_error'}. Got 'mae' instead.

Generation:  2
Best root_mean_squared_error score: -10.189646065400193
Generation:   8%|         | 2/25 [16:38<3:04:29, 481.30s/it]Generation:  3
Best root_mean_squared_error score: -10.185242294975358
Generation:  12%|        | 3/25 [22:03<2:30:12, 409.68s/it]WARNING THIS INDIVIDUAL CAUSED AND EXCEPTION 
 <tpot2.search_spaces.pipelines.sequential.SequentialPipelineIndividual object at 0x155474726ad0> 
 The 'criterion' parameter of ExtraTreesRegressor must be a str among {'friedman_mse', 'poisson', 'absolute_error', 'squared_error'}. Got 'mae' instead. 
 Traceback (most recent call last):
  File "/common/ketrong/tpotexp/tpot2/tpot2/utils/eval_utils.py", line 53, in objective_nan_wrapper
    value = func_timeout.func_timeout(timeout, objective_function, args=[individual], kwargs=objective_kwargs)
  File "/common/ketrong/tpotexp/env/lib/python3.10/site-packages/func_timeout/dafunc.py", line 108, in func_timeout
    raise_exception(exception)
  File "/common/ketrong/tpotexp/env/lib/python3.10/site-packages/func_timeout/py3_raise.py", line 7, in raise_exception
    raise exception[0] from None
  File "/common/ketrong/tpotexp/tpot2/tpot2/tpot_estimator/estimator.py", line 623, in objective_function
    return objective_function_generator(
  File "/common/ketrong/tpotexp/tpot2/tpot2/tpot_estimator/estimator_utils.py", line 55, in objective_function_generator
    cv_obj_scores = cross_val_score_objective(sklearn.base.clone(pipeline),x,y,scorers=scorers, cv=cv , fold=step)
  File "/common/ketrong/tpotexp/tpot2/tpot2/tpot_estimator/cross_val_utils.py", line 28, in cross_val_score_objective
    this_fold_pipeline.fit(X_train,y_train)
  File "/common/ketrong/tpotexp/env/lib/python3.10/site-packages/sklearn/base.py", line 1473, in wrapper
    return fit_method(estimator, *args, **kwargs)
  File "/common/ketrong/tpotexp/env/lib/python3.10/site-packages/sklearn/pipeline.py", line 473, in fit
    self._final_estimator.fit(Xt, y, **last_step_params["fit"])
  File "/common/ketrong/tpotexp/env/lib/python3.10/site-packages/sklearn/base.py", line 1466, in wrapper
    estimator._validate_params()
  File "/common/ketrong/tpotexp/env/lib/python3.10/site-packages/sklearn/base.py", line 666, in _validate_params
    validate_parameter_constraints(
  File "/common/ketrong/tpotexp/env/lib/python3.10/site-packages/sklearn/utils/_param_validation.py", line 95, in validate_parameter_constraints
    raise InvalidParameterError(
sklearn.utils._param_validation.InvalidParameterError: The 'criterion' parameter of ExtraTreesRegressor must be a str among {'friedman_mse', 'poisson', 'absolute_error', 'squared_error'}. Got 'mae' instead.

WARNING AN INDIVIDUAL TIMED OUT: 
 <tpot2.search_spaces.pipelines.sequential.SequentialPipelineIndividual object at 0x1554746a1ab0> 

Generation:  4
Best root_mean_squared_error score: -10.185242294975358
Generation:  16%|        | 4/25 [32:07<2:50:11, 486.26s/it]WARNING THIS INDIVIDUAL CAUSED AND EXCEPTION 
 <tpot2.search_spaces.pipelines.sequential.SequentialPipelineIndividual object at 0x155467d6bc70> 
 The 'criterion' parameter of DecisionTreeRegressor must be a str among {'friedman_mse', 'poisson', 'absolute_error', 'squared_error'}. Got 'mae' instead. 
 Traceback (most recent call last):
  File "/common/ketrong/tpotexp/tpot2/tpot2/utils/eval_utils.py", line 53, in objective_nan_wrapper
    value = func_timeout.func_timeout(timeout, objective_function, args=[individual], kwargs=objective_kwargs)
  File "/common/ketrong/tpotexp/env/lib/python3.10/site-packages/func_timeout/dafunc.py", line 108, in func_timeout
    raise_exception(exception)
  File "/common/ketrong/tpotexp/env/lib/python3.10/site-packages/func_timeout/py3_raise.py", line 7, in raise_exception
    raise exception[0] from None
  File "/common/ketrong/tpotexp/tpot2/tpot2/tpot_estimator/estimator.py", line 623, in objective_function
    return objective_function_generator(
  File "/common/ketrong/tpotexp/tpot2/tpot2/tpot_estimator/estimator_utils.py", line 55, in objective_function_generator
    cv_obj_scores = cross_val_score_objective(sklearn.base.clone(pipeline),x,y,scorers=scorers, cv=cv , fold=step)
  File "/common/ketrong/tpotexp/tpot2/tpot2/tpot_estimator/cross_val_utils.py", line 28, in cross_val_score_objective
    this_fold_pipeline.fit(X_train,y_train)
  File "/common/ketrong/tpotexp/env/lib/python3.10/site-packages/sklearn/base.py", line 1473, in wrapper
    return fit_method(estimator, *args, **kwargs)
  File "/common/ketrong/tpotexp/env/lib/python3.10/site-packages/sklearn/pipeline.py", line 473, in fit
    self._final_estimator.fit(Xt, y, **last_step_params["fit"])
  File "/common/ketrong/tpotexp/env/lib/python3.10/site-packages/sklearn/base.py", line 1466, in wrapper
    estimator._validate_params()
  File "/common/ketrong/tpotexp/env/lib/python3.10/site-packages/sklearn/base.py", line 666, in _validate_params
    validate_parameter_constraints(
  File "/common/ketrong/tpotexp/env/lib/python3.10/site-packages/sklearn/utils/_param_validation.py", line 95, in validate_parameter_constraints
    raise InvalidParameterError(
sklearn.utils._param_validation.InvalidParameterError: The 'criterion' parameter of DecisionTreeRegressor must be a str among {'friedman_mse', 'poisson', 'absolute_error', 'squared_error'}. Got 'mae' instead.

Generation:  5
Best root_mean_squared_error score: -10.185242294975358
Generation:  20%|        | 5/25 [34:52<2:03:31, 370.58s/it]Generation:  6
Best root_mean_squared_error score: -10.185242294975358
Generation:  24%|       | 6/25 [37:22<1:33:33, 295.46s/it]Generation:  7
Best root_mean_squared_error score: -10.185242294975358
Generation:  28%|       | 7/25 [38:06<1:04:03, 213.50s/it]WARNING THIS INDIVIDUAL CAUSED AND EXCEPTION 
 <tpot2.search_spaces.pipelines.sequential.SequentialPipelineIndividual object at 0x155467da3700> 
 The 'criterion' parameter of DecisionTreeRegressor must be a str among {'friedman_mse', 'poisson', 'absolute_error', 'squared_error'}. Got 'mae' instead. 
 Traceback (most recent call last):
  File "/common/ketrong/tpotexp/tpot2/tpot2/utils/eval_utils.py", line 53, in objective_nan_wrapper
    value = func_timeout.func_timeout(timeout, objective_function, args=[individual], kwargs=objective_kwargs)
  File "/common/ketrong/tpotexp/env/lib/python3.10/site-packages/func_timeout/dafunc.py", line 108, in func_timeout
    raise_exception(exception)
  File "/common/ketrong/tpotexp/env/lib/python3.10/site-packages/func_timeout/py3_raise.py", line 7, in raise_exception
    raise exception[0] from None
  File "/common/ketrong/tpotexp/tpot2/tpot2/tpot_estimator/estimator.py", line 623, in objective_function
    return objective_function_generator(
  File "/common/ketrong/tpotexp/tpot2/tpot2/tpot_estimator/estimator_utils.py", line 55, in objective_function_generator
    cv_obj_scores = cross_val_score_objective(sklearn.base.clone(pipeline),x,y,scorers=scorers, cv=cv , fold=step)
  File "/common/ketrong/tpotexp/tpot2/tpot2/tpot_estimator/cross_val_utils.py", line 28, in cross_val_score_objective
    this_fold_pipeline.fit(X_train,y_train)
  File "/common/ketrong/tpotexp/env/lib/python3.10/site-packages/sklearn/base.py", line 1473, in wrapper
    return fit_method(estimator, *args, **kwargs)
  File "/common/ketrong/tpotexp/env/lib/python3.10/site-packages/sklearn/pipeline.py", line 473, in fit
    self._final_estimator.fit(Xt, y, **last_step_params["fit"])
  File "/common/ketrong/tpotexp/env/lib/python3.10/site-packages/sklearn/base.py", line 1466, in wrapper
    estimator._validate_params()
  File "/common/ketrong/tpotexp/env/lib/python3.10/site-packages/sklearn/base.py", line 666, in _validate_params
    validate_parameter_constraints(
  File "/common/ketrong/tpotexp/env/lib/python3.10/site-packages/sklearn/utils/_param_validation.py", line 95, in validate_parameter_constraints
    raise InvalidParameterError(
sklearn.utils._param_validation.InvalidParameterError: The 'criterion' parameter of DecisionTreeRegressor must be a str among {'friedman_mse', 'poisson', 'absolute_error', 'squared_error'}. Got 'mae' instead.

Generation:  8
Best root_mean_squared_error score: -10.183939687315489
Generation:  32%|      | 8/25 [41:01<56:56, 200.96s/it]  WARNING THIS INDIVIDUAL CAUSED AND EXCEPTION 
 <tpot2.search_spaces.pipelines.sequential.SequentialPipelineIndividual object at 0x1554746ebf70> 
 The 'criterion' parameter of ExtraTreesRegressor must be a str among {'friedman_mse', 'poisson', 'absolute_error', 'squared_error'}. Got 'mae' instead. 
 Traceback (most recent call last):
  File "/common/ketrong/tpotexp/tpot2/tpot2/utils/eval_utils.py", line 53, in objective_nan_wrapper
    value = func_timeout.func_timeout(timeout, objective_function, args=[individual], kwargs=objective_kwargs)
  File "/common/ketrong/tpotexp/env/lib/python3.10/site-packages/func_timeout/dafunc.py", line 108, in func_timeout
    raise_exception(exception)
  File "/common/ketrong/tpotexp/env/lib/python3.10/site-packages/func_timeout/py3_raise.py", line 7, in raise_exception
    raise exception[0] from None
  File "/common/ketrong/tpotexp/tpot2/tpot2/tpot_estimator/estimator.py", line 623, in objective_function
    return objective_function_generator(
  File "/common/ketrong/tpotexp/tpot2/tpot2/tpot_estimator/estimator_utils.py", line 55, in objective_function_generator
    cv_obj_scores = cross_val_score_objective(sklearn.base.clone(pipeline),x,y,scorers=scorers, cv=cv , fold=step)
  File "/common/ketrong/tpotexp/tpot2/tpot2/tpot_estimator/cross_val_utils.py", line 28, in cross_val_score_objective
    this_fold_pipeline.fit(X_train,y_train)
  File "/common/ketrong/tpotexp/env/lib/python3.10/site-packages/sklearn/base.py", line 1473, in wrapper
    return fit_method(estimator, *args, **kwargs)
  File "/common/ketrong/tpotexp/env/lib/python3.10/site-packages/sklearn/pipeline.py", line 473, in fit
    self._final_estimator.fit(Xt, y, **last_step_params["fit"])
  File "/common/ketrong/tpotexp/env/lib/python3.10/site-packages/sklearn/base.py", line 1466, in wrapper
    estimator._validate_params()
  File "/common/ketrong/tpotexp/env/lib/python3.10/site-packages/sklearn/base.py", line 666, in _validate_params
    validate_parameter_constraints(
  File "/common/ketrong/tpotexp/env/lib/python3.10/site-packages/sklearn/utils/_param_validation.py", line 95, in validate_parameter_constraints
    raise InvalidParameterError(
sklearn.utils._param_validation.InvalidParameterError: The 'criterion' parameter of ExtraTreesRegressor must be a str among {'friedman_mse', 'poisson', 'absolute_error', 'squared_error'}. Got 'mae' instead.

WARNING AN INDIVIDUAL TIMED OUT: 
 <tpot2.search_spaces.pipelines.sequential.SequentialPipelineIndividual object at 0x155467dfcbb0> 

Generation:  9
Best root_mean_squared_error score: -10.183623941460782
Generation:  36%|      | 9/25 [51:06<1:27:18, 327.38s/it]WARNING THIS INDIVIDUAL CAUSED AND EXCEPTION 
 <tpot2.search_spaces.pipelines.sequential.SequentialPipelineIndividual object at 0x155464510940> 
 The 'criterion' parameter of ExtraTreesRegressor must be a str among {'friedman_mse', 'poisson', 'absolute_error', 'squared_error'}. Got 'mae' instead. 
 Traceback (most recent call last):
  File "/common/ketrong/tpotexp/tpot2/tpot2/utils/eval_utils.py", line 53, in objective_nan_wrapper
    value = func_timeout.func_timeout(timeout, objective_function, args=[individual], kwargs=objective_kwargs)
  File "/common/ketrong/tpotexp/env/lib/python3.10/site-packages/func_timeout/dafunc.py", line 108, in func_timeout
    raise_exception(exception)
  File "/common/ketrong/tpotexp/env/lib/python3.10/site-packages/func_timeout/py3_raise.py", line 7, in raise_exception
    raise exception[0] from None
  File "/common/ketrong/tpotexp/tpot2/tpot2/tpot_estimator/estimator.py", line 623, in objective_function
    return objective_function_generator(
  File "/common/ketrong/tpotexp/tpot2/tpot2/tpot_estimator/estimator_utils.py", line 55, in objective_function_generator
    cv_obj_scores = cross_val_score_objective(sklearn.base.clone(pipeline),x,y,scorers=scorers, cv=cv , fold=step)
  File "/common/ketrong/tpotexp/tpot2/tpot2/tpot_estimator/cross_val_utils.py", line 28, in cross_val_score_objective
    this_fold_pipeline.fit(X_train,y_train)
  File "/common/ketrong/tpotexp/env/lib/python3.10/site-packages/sklearn/base.py", line 1473, in wrapper
    return fit_method(estimator, *args, **kwargs)
  File "/common/ketrong/tpotexp/env/lib/python3.10/site-packages/sklearn/pipeline.py", line 473, in fit
    self._final_estimator.fit(Xt, y, **last_step_params["fit"])
  File "/common/ketrong/tpotexp/env/lib/python3.10/site-packages/sklearn/base.py", line 1466, in wrapper
    estimator._validate_params()
  File "/common/ketrong/tpotexp/env/lib/python3.10/site-packages/sklearn/base.py", line 666, in _validate_params
    validate_parameter_constraints(
  File "/common/ketrong/tpotexp/env/lib/python3.10/site-packages/sklearn/utils/_param_validation.py", line 95, in validate_parameter_constraints
    raise InvalidParameterError(
sklearn.utils._param_validation.InvalidParameterError: The 'criterion' parameter of ExtraTreesRegressor must be a str among {'friedman_mse', 'poisson', 'absolute_error', 'squared_error'}. Got 'mae' instead.

WARNING THIS INDIVIDUAL CAUSED AND EXCEPTION 
 <tpot2.search_spaces.pipelines.sequential.SequentialPipelineIndividual object at 0x1554746a2c50> 
 The 'criterion' parameter of DecisionTreeRegressor must be a str among {'friedman_mse', 'poisson', 'absolute_error', 'squared_error'}. Got 'mae' instead. 
 Traceback (most recent call last):
  File "/common/ketrong/tpotexp/tpot2/tpot2/utils/eval_utils.py", line 53, in objective_nan_wrapper
    value = func_timeout.func_timeout(timeout, objective_function, args=[individual], kwargs=objective_kwargs)
  File "/common/ketrong/tpotexp/env/lib/python3.10/site-packages/func_timeout/dafunc.py", line 108, in func_timeout
    raise_exception(exception)
  File "/common/ketrong/tpotexp/env/lib/python3.10/site-packages/func_timeout/py3_raise.py", line 7, in raise_exception
    raise exception[0] from None
  File "/common/ketrong/tpotexp/tpot2/tpot2/tpot_estimator/estimator.py", line 623, in objective_function
    return objective_function_generator(
  File "/common/ketrong/tpotexp/tpot2/tpot2/tpot_estimator/estimator_utils.py", line 55, in objective_function_generator
    cv_obj_scores = cross_val_score_objective(sklearn.base.clone(pipeline),x,y,scorers=scorers, cv=cv , fold=step)
  File "/common/ketrong/tpotexp/tpot2/tpot2/tpot_estimator/cross_val_utils.py", line 28, in cross_val_score_objective
    this_fold_pipeline.fit(X_train,y_train)
  File "/common/ketrong/tpotexp/env/lib/python3.10/site-packages/sklearn/base.py", line 1473, in wrapper
    return fit_method(estimator, *args, **kwargs)
  File "/common/ketrong/tpotexp/env/lib/python3.10/site-packages/sklearn/pipeline.py", line 473, in fit
    self._final_estimator.fit(Xt, y, **last_step_params["fit"])
  File "/common/ketrong/tpotexp/env/lib/python3.10/site-packages/sklearn/base.py", line 1466, in wrapper
    estimator._validate_params()
  File "/common/ketrong/tpotexp/env/lib/python3.10/site-packages/sklearn/base.py", line 666, in _validate_params
    validate_parameter_constraints(
  File "/common/ketrong/tpotexp/env/lib/python3.10/site-packages/sklearn/utils/_param_validation.py", line 95, in validate_parameter_constraints
    raise InvalidParameterError(
sklearn.utils._param_validation.InvalidParameterError: The 'criterion' parameter of DecisionTreeRegressor must be a str among {'friedman_mse', 'poisson', 'absolute_error', 'squared_error'}. Got 'mae' instead.

Generation:  10
Best root_mean_squared_error score: -10.183623941460782
Generation:  40%|      | 10/25 [52:33<1:03:19, 253.31s/it]WARNING THIS INDIVIDUAL CAUSED AND EXCEPTION 
 <tpot2.search_spaces.pipelines.sequential.SequentialPipelineIndividual object at 0x1554746fa860> 
 The 'criterion' parameter of ExtraTreesRegressor must be a str among {'friedman_mse', 'poisson', 'absolute_error', 'squared_error'}. Got 'mae' instead. 
 Traceback (most recent call last):
  File "/common/ketrong/tpotexp/tpot2/tpot2/utils/eval_utils.py", line 53, in objective_nan_wrapper
    value = func_timeout.func_timeout(timeout, objective_function, args=[individual], kwargs=objective_kwargs)
  File "/common/ketrong/tpotexp/env/lib/python3.10/site-packages/func_timeout/dafunc.py", line 108, in func_timeout
    raise_exception(exception)
  File "/common/ketrong/tpotexp/env/lib/python3.10/site-packages/func_timeout/py3_raise.py", line 7, in raise_exception
    raise exception[0] from None
  File "/common/ketrong/tpotexp/tpot2/tpot2/tpot_estimator/estimator.py", line 623, in objective_function
    return objective_function_generator(
  File "/common/ketrong/tpotexp/tpot2/tpot2/tpot_estimator/estimator_utils.py", line 55, in objective_function_generator
    cv_obj_scores = cross_val_score_objective(sklearn.base.clone(pipeline),x,y,scorers=scorers, cv=cv , fold=step)
  File "/common/ketrong/tpotexp/tpot2/tpot2/tpot_estimator/cross_val_utils.py", line 28, in cross_val_score_objective
    this_fold_pipeline.fit(X_train,y_train)
  File "/common/ketrong/tpotexp/env/lib/python3.10/site-packages/sklearn/base.py", line 1473, in wrapper
    return fit_method(estimator, *args, **kwargs)
  File "/common/ketrong/tpotexp/env/lib/python3.10/site-packages/sklearn/pipeline.py", line 473, in fit
    self._final_estimator.fit(Xt, y, **last_step_params["fit"])
  File "/common/ketrong/tpotexp/env/lib/python3.10/site-packages/sklearn/base.py", line 1466, in wrapper
    estimator._validate_params()
  File "/common/ketrong/tpotexp/env/lib/python3.10/site-packages/sklearn/base.py", line 666, in _validate_params
    validate_parameter_constraints(
  File "/common/ketrong/tpotexp/env/lib/python3.10/site-packages/sklearn/utils/_param_validation.py", line 95, in validate_parameter_constraints
    raise InvalidParameterError(
sklearn.utils._param_validation.InvalidParameterError: The 'criterion' parameter of ExtraTreesRegressor must be a str among {'friedman_mse', 'poisson', 'absolute_error', 'squared_error'}. Got 'mae' instead.

WARNING THIS INDIVIDUAL CAUSED AND EXCEPTION 
 <tpot2.search_spaces.pipelines.sequential.SequentialPipelineIndividual object at 0x15547471b430> 
 The 'criterion' parameter of RandomForestRegressor must be a str among {'friedman_mse', 'poisson', 'absolute_error', 'squared_error'}. Got 'mse' instead. 
 Traceback (most recent call last):
  File "/common/ketrong/tpotexp/tpot2/tpot2/utils/eval_utils.py", line 53, in objective_nan_wrapper
    value = func_timeout.func_timeout(timeout, objective_function, args=[individual], kwargs=objective_kwargs)
  File "/common/ketrong/tpotexp/env/lib/python3.10/site-packages/func_timeout/dafunc.py", line 108, in func_timeout
    raise_exception(exception)
  File "/common/ketrong/tpotexp/env/lib/python3.10/site-packages/func_timeout/py3_raise.py", line 7, in raise_exception
    raise exception[0] from None
  File "/common/ketrong/tpotexp/tpot2/tpot2/tpot_estimator/estimator.py", line 623, in objective_function
    return objective_function_generator(
  File "/common/ketrong/tpotexp/tpot2/tpot2/tpot_estimator/estimator_utils.py", line 55, in objective_function_generator
    cv_obj_scores = cross_val_score_objective(sklearn.base.clone(pipeline),x,y,scorers=scorers, cv=cv , fold=step)
  File "/common/ketrong/tpotexp/tpot2/tpot2/tpot_estimator/cross_val_utils.py", line 28, in cross_val_score_objective
    this_fold_pipeline.fit(X_train,y_train)
  File "/common/ketrong/tpotexp/env/lib/python3.10/site-packages/sklearn/base.py", line 1473, in wrapper
    return fit_method(estimator, *args, **kwargs)
  File "/common/ketrong/tpotexp/env/lib/python3.10/site-packages/sklearn/pipeline.py", line 473, in fit
    self._final_estimator.fit(Xt, y, **last_step_params["fit"])
  File "/common/ketrong/tpotexp/env/lib/python3.10/site-packages/sklearn/base.py", line 1466, in wrapper
    estimator._validate_params()
  File "/common/ketrong/tpotexp/env/lib/python3.10/site-packages/sklearn/base.py", line 666, in _validate_params
    validate_parameter_constraints(
  File "/common/ketrong/tpotexp/env/lib/python3.10/site-packages/sklearn/utils/_param_validation.py", line 95, in validate_parameter_constraints
    raise InvalidParameterError(
sklearn.utils._param_validation.InvalidParameterError: The 'criterion' parameter of RandomForestRegressor must be a str among {'friedman_mse', 'poisson', 'absolute_error', 'squared_error'}. Got 'mse' instead.

Generation:  11
Best root_mean_squared_error score: -10.183623941460782
Generation:  44%|     | 11/25 [54:32<49:27, 211.98s/it]  WARNING THIS INDIVIDUAL CAUSED AND EXCEPTION 
 <tpot2.search_spaces.pipelines.sequential.SequentialPipelineIndividual object at 0x155467ffed10> 
 The 'criterion' parameter of ExtraTreesRegressor must be a str among {'friedman_mse', 'poisson', 'absolute_error', 'squared_error'}. Got 'mae' instead. 
 Traceback (most recent call last):
  File "/common/ketrong/tpotexp/tpot2/tpot2/utils/eval_utils.py", line 53, in objective_nan_wrapper
    value = func_timeout.func_timeout(timeout, objective_function, args=[individual], kwargs=objective_kwargs)
  File "/common/ketrong/tpotexp/env/lib/python3.10/site-packages/func_timeout/dafunc.py", line 108, in func_timeout
    raise_exception(exception)
  File "/common/ketrong/tpotexp/env/lib/python3.10/site-packages/func_timeout/py3_raise.py", line 7, in raise_exception
    raise exception[0] from None
  File "/common/ketrong/tpotexp/tpot2/tpot2/tpot_estimator/estimator.py", line 623, in objective_function
    return objective_function_generator(
  File "/common/ketrong/tpotexp/tpot2/tpot2/tpot_estimator/estimator_utils.py", line 55, in objective_function_generator
    cv_obj_scores = cross_val_score_objective(sklearn.base.clone(pipeline),x,y,scorers=scorers, cv=cv , fold=step)
  File "/common/ketrong/tpotexp/tpot2/tpot2/tpot_estimator/cross_val_utils.py", line 28, in cross_val_score_objective
    this_fold_pipeline.fit(X_train,y_train)
  File "/common/ketrong/tpotexp/env/lib/python3.10/site-packages/sklearn/base.py", line 1473, in wrapper
    return fit_method(estimator, *args, **kwargs)
  File "/common/ketrong/tpotexp/env/lib/python3.10/site-packages/sklearn/pipeline.py", line 473, in fit
    self._final_estimator.fit(Xt, y, **last_step_params["fit"])
  File "/common/ketrong/tpotexp/env/lib/python3.10/site-packages/sklearn/base.py", line 1466, in wrapper
    estimator._validate_params()
  File "/common/ketrong/tpotexp/env/lib/python3.10/site-packages/sklearn/base.py", line 666, in _validate_params
    validate_parameter_constraints(
  File "/common/ketrong/tpotexp/env/lib/python3.10/site-packages/sklearn/utils/_param_validation.py", line 95, in validate_parameter_constraints
    raise InvalidParameterError(
sklearn.utils._param_validation.InvalidParameterError: The 'criterion' parameter of ExtraTreesRegressor must be a str among {'friedman_mse', 'poisson', 'absolute_error', 'squared_error'}. Got 'mae' instead.

Generation:  12
Best root_mean_squared_error score: -10.183623941460782
Generation:  48%|     | 12/25 [57:29<43:38, 201.41s/it]WARNING THIS INDIVIDUAL CAUSED AND EXCEPTION 
 <tpot2.search_spaces.pipelines.sequential.SequentialPipelineIndividual object at 0x1554647cf700> 
 The 'criterion' parameter of RandomForestRegressor must be a str among {'friedman_mse', 'poisson', 'absolute_error', 'squared_error'}. Got 'mae' instead. 
 Traceback (most recent call last):
  File "/common/ketrong/tpotexp/tpot2/tpot2/utils/eval_utils.py", line 53, in objective_nan_wrapper
    value = func_timeout.func_timeout(timeout, objective_function, args=[individual], kwargs=objective_kwargs)
  File "/common/ketrong/tpotexp/env/lib/python3.10/site-packages/func_timeout/dafunc.py", line 108, in func_timeout
    raise_exception(exception)
  File "/common/ketrong/tpotexp/env/lib/python3.10/site-packages/func_timeout/py3_raise.py", line 7, in raise_exception
    raise exception[0] from None
  File "/common/ketrong/tpotexp/tpot2/tpot2/tpot_estimator/estimator.py", line 623, in objective_function
    return objective_function_generator(
  File "/common/ketrong/tpotexp/tpot2/tpot2/tpot_estimator/estimator_utils.py", line 55, in objective_function_generator
    cv_obj_scores = cross_val_score_objective(sklearn.base.clone(pipeline),x,y,scorers=scorers, cv=cv , fold=step)
  File "/common/ketrong/tpotexp/tpot2/tpot2/tpot_estimator/cross_val_utils.py", line 28, in cross_val_score_objective
    this_fold_pipeline.fit(X_train,y_train)
  File "/common/ketrong/tpotexp/env/lib/python3.10/site-packages/sklearn/base.py", line 1473, in wrapper
    return fit_method(estimator, *args, **kwargs)
  File "/common/ketrong/tpotexp/env/lib/python3.10/site-packages/sklearn/pipeline.py", line 473, in fit
    self._final_estimator.fit(Xt, y, **last_step_params["fit"])
  File "/common/ketrong/tpotexp/env/lib/python3.10/site-packages/sklearn/base.py", line 1466, in wrapper
    estimator._validate_params()
  File "/common/ketrong/tpotexp/env/lib/python3.10/site-packages/sklearn/base.py", line 666, in _validate_params
    validate_parameter_constraints(
  File "/common/ketrong/tpotexp/env/lib/python3.10/site-packages/sklearn/utils/_param_validation.py", line 95, in validate_parameter_constraints
    raise InvalidParameterError(
sklearn.utils._param_validation.InvalidParameterError: The 'criterion' parameter of RandomForestRegressor must be a str among {'friedman_mse', 'poisson', 'absolute_error', 'squared_error'}. Got 'mae' instead.

WARNING THIS INDIVIDUAL CAUSED AND EXCEPTION 
 <tpot2.search_spaces.pipelines.sequential.SequentialPipelineIndividual object at 0x155467647b80> 
 The 'criterion' parameter of DecisionTreeRegressor must be a str among {'friedman_mse', 'poisson', 'absolute_error', 'squared_error'}. Got 'mae' instead. 
 Traceback (most recent call last):
  File "/common/ketrong/tpotexp/tpot2/tpot2/utils/eval_utils.py", line 53, in objective_nan_wrapper
    value = func_timeout.func_timeout(timeout, objective_function, args=[individual], kwargs=objective_kwargs)
  File "/common/ketrong/tpotexp/env/lib/python3.10/site-packages/func_timeout/dafunc.py", line 108, in func_timeout
    raise_exception(exception)
  File "/common/ketrong/tpotexp/env/lib/python3.10/site-packages/func_timeout/py3_raise.py", line 7, in raise_exception
    raise exception[0] from None
  File "/common/ketrong/tpotexp/tpot2/tpot2/tpot_estimator/estimator.py", line 623, in objective_function
    return objective_function_generator(
  File "/common/ketrong/tpotexp/tpot2/tpot2/tpot_estimator/estimator_utils.py", line 55, in objective_function_generator
    cv_obj_scores = cross_val_score_objective(sklearn.base.clone(pipeline),x,y,scorers=scorers, cv=cv , fold=step)
  File "/common/ketrong/tpotexp/tpot2/tpot2/tpot_estimator/cross_val_utils.py", line 28, in cross_val_score_objective
    this_fold_pipeline.fit(X_train,y_train)
  File "/common/ketrong/tpotexp/env/lib/python3.10/site-packages/sklearn/base.py", line 1473, in wrapper
    return fit_method(estimator, *args, **kwargs)
  File "/common/ketrong/tpotexp/env/lib/python3.10/site-packages/sklearn/pipeline.py", line 473, in fit
    self._final_estimator.fit(Xt, y, **last_step_params["fit"])
  File "/common/ketrong/tpotexp/env/lib/python3.10/site-packages/sklearn/base.py", line 1466, in wrapper
    estimator._validate_params()
  File "/common/ketrong/tpotexp/env/lib/python3.10/site-packages/sklearn/base.py", line 666, in _validate_params
    validate_parameter_constraints(
  File "/common/ketrong/tpotexp/env/lib/python3.10/site-packages/sklearn/utils/_param_validation.py", line 95, in validate_parameter_constraints
    raise InvalidParameterError(
sklearn.utils._param_validation.InvalidParameterError: The 'criterion' parameter of DecisionTreeRegressor must be a str among {'friedman_mse', 'poisson', 'absolute_error', 'squared_error'}. Got 'mae' instead.

Generation:  13
Best root_mean_squared_error score: -10.183623941460782
Generation:  52%|    | 13/25 [57:45<29:04, 145.38s/it]Generation:  14
Best root_mean_squared_error score: -10.183623941460782
Generation:  56%|    | 14/25 [59:11<23:20, 127.35s/it]Generation:  15
Best root_mean_squared_error score: -10.183623941460782
Generation:  60%|    | 15/25 [59:27<15:38, 93.88s/it] Generation:  16
Best root_mean_squared_error score: -10.183556929668296
Generation:  64%|   | 16/25 [1:03:45<21:28, 143.13s/it]WARNING THIS INDIVIDUAL CAUSED AND EXCEPTION 
 <tpot2.search_spaces.pipelines.sequential.SequentialPipelineIndividual object at 0x15547473ffd0> 
 The 'criterion' parameter of DecisionTreeRegressor must be a str among {'friedman_mse', 'poisson', 'absolute_error', 'squared_error'}. Got 'mae' instead. 
 Traceback (most recent call last):
  File "/common/ketrong/tpotexp/tpot2/tpot2/utils/eval_utils.py", line 53, in objective_nan_wrapper
    value = func_timeout.func_timeout(timeout, objective_function, args=[individual], kwargs=objective_kwargs)
  File "/common/ketrong/tpotexp/env/lib/python3.10/site-packages/func_timeout/dafunc.py", line 108, in func_timeout
    raise_exception(exception)
  File "/common/ketrong/tpotexp/env/lib/python3.10/site-packages/func_timeout/py3_raise.py", line 7, in raise_exception
    raise exception[0] from None
  File "/common/ketrong/tpotexp/tpot2/tpot2/tpot_estimator/estimator.py", line 623, in objective_function
    return objective_function_generator(
  File "/common/ketrong/tpotexp/tpot2/tpot2/tpot_estimator/estimator_utils.py", line 55, in objective_function_generator
    cv_obj_scores = cross_val_score_objective(sklearn.base.clone(pipeline),x,y,scorers=scorers, cv=cv , fold=step)
  File "/common/ketrong/tpotexp/tpot2/tpot2/tpot_estimator/cross_val_utils.py", line 28, in cross_val_score_objective
    this_fold_pipeline.fit(X_train,y_train)
  File "/common/ketrong/tpotexp/env/lib/python3.10/site-packages/sklearn/base.py", line 1473, in wrapper
    return fit_method(estimator, *args, **kwargs)
  File "/common/ketrong/tpotexp/env/lib/python3.10/site-packages/sklearn/pipeline.py", line 473, in fit
    self._final_estimator.fit(Xt, y, **last_step_params["fit"])
  File "/common/ketrong/tpotexp/env/lib/python3.10/site-packages/sklearn/base.py", line 1466, in wrapper
    estimator._validate_params()
  File "/common/ketrong/tpotexp/env/lib/python3.10/site-packages/sklearn/base.py", line 666, in _validate_params
    validate_parameter_constraints(
  File "/common/ketrong/tpotexp/env/lib/python3.10/site-packages/sklearn/utils/_param_validation.py", line 95, in validate_parameter_constraints
    raise InvalidParameterError(
sklearn.utils._param_validation.InvalidParameterError: The 'criterion' parameter of DecisionTreeRegressor must be a str among {'friedman_mse', 'poisson', 'absolute_error', 'squared_error'}. Got 'mae' instead.

Generation:  17
Best root_mean_squared_error score: -10.183556929668296
Generation:  68%|   | 17/25 [1:12:09<33:32, 251.56s/it]Generation:  18
Best root_mean_squared_error score: -10.183556929668296
Generation:  72%|  | 18/25 [1:18:43<34:22, 294.61s/it]WARNING THIS INDIVIDUAL CAUSED AND EXCEPTION 
 <tpot2.search_spaces.pipelines.sequential.SequentialPipelineIndividual object at 0x155464546bf0> 
 The 'criterion' parameter of ExtraTreesRegressor must be a str among {'friedman_mse', 'poisson', 'absolute_error', 'squared_error'}. Got 'mae' instead. 
 Traceback (most recent call last):
  File "/common/ketrong/tpotexp/tpot2/tpot2/utils/eval_utils.py", line 53, in objective_nan_wrapper
    value = func_timeout.func_timeout(timeout, objective_function, args=[individual], kwargs=objective_kwargs)
  File "/common/ketrong/tpotexp/env/lib/python3.10/site-packages/func_timeout/dafunc.py", line 108, in func_timeout
    raise_exception(exception)
  File "/common/ketrong/tpotexp/env/lib/python3.10/site-packages/func_timeout/py3_raise.py", line 7, in raise_exception
    raise exception[0] from None
  File "/common/ketrong/tpotexp/tpot2/tpot2/tpot_estimator/estimator.py", line 623, in objective_function
    return objective_function_generator(
  File "/common/ketrong/tpotexp/tpot2/tpot2/tpot_estimator/estimator_utils.py", line 55, in objective_function_generator
    cv_obj_scores = cross_val_score_objective(sklearn.base.clone(pipeline),x,y,scorers=scorers, cv=cv , fold=step)
  File "/common/ketrong/tpotexp/tpot2/tpot2/tpot_estimator/cross_val_utils.py", line 28, in cross_val_score_objective
    this_fold_pipeline.fit(X_train,y_train)
  File "/common/ketrong/tpotexp/env/lib/python3.10/site-packages/sklearn/base.py", line 1473, in wrapper
    return fit_method(estimator, *args, **kwargs)
  File "/common/ketrong/tpotexp/env/lib/python3.10/site-packages/sklearn/pipeline.py", line 473, in fit
    self._final_estimator.fit(Xt, y, **last_step_params["fit"])
  File "/common/ketrong/tpotexp/env/lib/python3.10/site-packages/sklearn/base.py", line 1466, in wrapper
    estimator._validate_params()
  File "/common/ketrong/tpotexp/env/lib/python3.10/site-packages/sklearn/base.py", line 666, in _validate_params
    validate_parameter_constraints(
  File "/common/ketrong/tpotexp/env/lib/python3.10/site-packages/sklearn/utils/_param_validation.py", line 95, in validate_parameter_constraints
    raise InvalidParameterError(
sklearn.utils._param_validation.InvalidParameterError: The 'criterion' parameter of ExtraTreesRegressor must be a str among {'friedman_mse', 'poisson', 'absolute_error', 'squared_error'}. Got 'mae' instead.

WARNING THIS INDIVIDUAL CAUSED AND EXCEPTION 
 <tpot2.search_spaces.pipelines.sequential.SequentialPipelineIndividual object at 0x1554676be860> 
 The 'criterion' parameter of RandomForestRegressor must be a str among {'friedman_mse', 'poisson', 'absolute_error', 'squared_error'}. Got 'mse' instead. 
 Traceback (most recent call last):
  File "/common/ketrong/tpotexp/tpot2/tpot2/utils/eval_utils.py", line 53, in objective_nan_wrapper
    value = func_timeout.func_timeout(timeout, objective_function, args=[individual], kwargs=objective_kwargs)
  File "/common/ketrong/tpotexp/env/lib/python3.10/site-packages/func_timeout/dafunc.py", line 108, in func_timeout
    raise_exception(exception)
  File "/common/ketrong/tpotexp/env/lib/python3.10/site-packages/func_timeout/py3_raise.py", line 7, in raise_exception
    raise exception[0] from None
  File "/common/ketrong/tpotexp/tpot2/tpot2/tpot_estimator/estimator.py", line 623, in objective_function
    return objective_function_generator(
  File "/common/ketrong/tpotexp/tpot2/tpot2/tpot_estimator/estimator_utils.py", line 55, in objective_function_generator
    cv_obj_scores = cross_val_score_objective(sklearn.base.clone(pipeline),x,y,scorers=scorers, cv=cv , fold=step)
  File "/common/ketrong/tpotexp/tpot2/tpot2/tpot_estimator/cross_val_utils.py", line 28, in cross_val_score_objective
    this_fold_pipeline.fit(X_train,y_train)
  File "/common/ketrong/tpotexp/env/lib/python3.10/site-packages/sklearn/base.py", line 1473, in wrapper
    return fit_method(estimator, *args, **kwargs)
  File "/common/ketrong/tpotexp/env/lib/python3.10/site-packages/sklearn/pipeline.py", line 473, in fit
    self._final_estimator.fit(Xt, y, **last_step_params["fit"])
  File "/common/ketrong/tpotexp/env/lib/python3.10/site-packages/sklearn/base.py", line 1466, in wrapper
    estimator._validate_params()
  File "/common/ketrong/tpotexp/env/lib/python3.10/site-packages/sklearn/base.py", line 666, in _validate_params
    validate_parameter_constraints(
  File "/common/ketrong/tpotexp/env/lib/python3.10/site-packages/sklearn/utils/_param_validation.py", line 95, in validate_parameter_constraints
    raise InvalidParameterError(
sklearn.utils._param_validation.InvalidParameterError: The 'criterion' parameter of RandomForestRegressor must be a str among {'friedman_mse', 'poisson', 'absolute_error', 'squared_error'}. Got 'mse' instead.

Generation:  19
Best root_mean_squared_error score: -10.183556929668296
Generation:  76%|  | 19/25 [1:19:57<22:49, 228.19s/it]WARNING THIS INDIVIDUAL CAUSED AND EXCEPTION 
 <tpot2.search_spaces.pipelines.sequential.SequentialPipelineIndividual object at 0x155467de56c0> 
 The 'criterion' parameter of DecisionTreeRegressor must be a str among {'friedman_mse', 'poisson', 'absolute_error', 'squared_error'}. Got 'mae' instead. 
 Traceback (most recent call last):
  File "/common/ketrong/tpotexp/tpot2/tpot2/utils/eval_utils.py", line 53, in objective_nan_wrapper
    value = func_timeout.func_timeout(timeout, objective_function, args=[individual], kwargs=objective_kwargs)
  File "/common/ketrong/tpotexp/env/lib/python3.10/site-packages/func_timeout/dafunc.py", line 108, in func_timeout
    raise_exception(exception)
  File "/common/ketrong/tpotexp/env/lib/python3.10/site-packages/func_timeout/py3_raise.py", line 7, in raise_exception
    raise exception[0] from None
  File "/common/ketrong/tpotexp/tpot2/tpot2/tpot_estimator/estimator.py", line 623, in objective_function
    return objective_function_generator(
  File "/common/ketrong/tpotexp/tpot2/tpot2/tpot_estimator/estimator_utils.py", line 55, in objective_function_generator
    cv_obj_scores = cross_val_score_objective(sklearn.base.clone(pipeline),x,y,scorers=scorers, cv=cv , fold=step)
  File "/common/ketrong/tpotexp/tpot2/tpot2/tpot_estimator/cross_val_utils.py", line 28, in cross_val_score_objective
    this_fold_pipeline.fit(X_train,y_train)
  File "/common/ketrong/tpotexp/env/lib/python3.10/site-packages/sklearn/base.py", line 1473, in wrapper
    return fit_method(estimator, *args, **kwargs)
  File "/common/ketrong/tpotexp/env/lib/python3.10/site-packages/sklearn/pipeline.py", line 473, in fit
    self._final_estimator.fit(Xt, y, **last_step_params["fit"])
  File "/common/ketrong/tpotexp/env/lib/python3.10/site-packages/sklearn/base.py", line 1466, in wrapper
    estimator._validate_params()
  File "/common/ketrong/tpotexp/env/lib/python3.10/site-packages/sklearn/base.py", line 666, in _validate_params
    validate_parameter_constraints(
  File "/common/ketrong/tpotexp/env/lib/python3.10/site-packages/sklearn/utils/_param_validation.py", line 95, in validate_parameter_constraints
    raise InvalidParameterError(
sklearn.utils._param_validation.InvalidParameterError: The 'criterion' parameter of DecisionTreeRegressor must be a str among {'friedman_mse', 'poisson', 'absolute_error', 'squared_error'}. Got 'mae' instead.

Generation:  20
Best root_mean_squared_error score: -10.183556929668296
Generation:  80%|  | 20/25 [1:23:01<17:54, 214.95s/it]WARNING THIS INDIVIDUAL CAUSED AND EXCEPTION 
 <tpot2.search_spaces.pipelines.sequential.SequentialPipelineIndividual object at 0x155467d7cd90> 
 The 'criterion' parameter of RandomForestRegressor must be a str among {'friedman_mse', 'poisson', 'absolute_error', 'squared_error'}. Got 'mse' instead. 
 Traceback (most recent call last):
  File "/common/ketrong/tpotexp/tpot2/tpot2/utils/eval_utils.py", line 53, in objective_nan_wrapper
    value = func_timeout.func_timeout(timeout, objective_function, args=[individual], kwargs=objective_kwargs)
  File "/common/ketrong/tpotexp/env/lib/python3.10/site-packages/func_timeout/dafunc.py", line 108, in func_timeout
    raise_exception(exception)
  File "/common/ketrong/tpotexp/env/lib/python3.10/site-packages/func_timeout/py3_raise.py", line 7, in raise_exception
    raise exception[0] from None
  File "/common/ketrong/tpotexp/tpot2/tpot2/tpot_estimator/estimator.py", line 623, in objective_function
    return objective_function_generator(
  File "/common/ketrong/tpotexp/tpot2/tpot2/tpot_estimator/estimator_utils.py", line 55, in objective_function_generator
    cv_obj_scores = cross_val_score_objective(sklearn.base.clone(pipeline),x,y,scorers=scorers, cv=cv , fold=step)
  File "/common/ketrong/tpotexp/tpot2/tpot2/tpot_estimator/cross_val_utils.py", line 28, in cross_val_score_objective
    this_fold_pipeline.fit(X_train,y_train)
  File "/common/ketrong/tpotexp/env/lib/python3.10/site-packages/sklearn/base.py", line 1473, in wrapper
    return fit_method(estimator, *args, **kwargs)
  File "/common/ketrong/tpotexp/env/lib/python3.10/site-packages/sklearn/pipeline.py", line 473, in fit
    self._final_estimator.fit(Xt, y, **last_step_params["fit"])
  File "/common/ketrong/tpotexp/env/lib/python3.10/site-packages/sklearn/base.py", line 1466, in wrapper
    estimator._validate_params()
  File "/common/ketrong/tpotexp/env/lib/python3.10/site-packages/sklearn/base.py", line 666, in _validate_params
    validate_parameter_constraints(
  File "/common/ketrong/tpotexp/env/lib/python3.10/site-packages/sklearn/utils/_param_validation.py", line 95, in validate_parameter_constraints
    raise InvalidParameterError(
sklearn.utils._param_validation.InvalidParameterError: The 'criterion' parameter of RandomForestRegressor must be a str among {'friedman_mse', 'poisson', 'absolute_error', 'squared_error'}. Got 'mse' instead.

Generation:  21
Best root_mean_squared_error score: -10.183556929668296
Generation:  84%| | 21/25 [1:31:05<19:42, 295.60s/it]Generation:  22
Best root_mean_squared_error score: -10.183556929668296
Generation:  88%| | 22/25 [1:38:06<16:40, 333.45s/it]Generation:  23
Best root_mean_squared_error score: -10.183556929668296
Generation:  92%|| 23/25 [1:43:44<11:09, 334.65s/it]WARNING THIS INDIVIDUAL CAUSED AND EXCEPTION 
 <tpot2.search_spaces.pipelines.sequential.SequentialPipelineIndividual object at 0x155467e425f0> 
 The 'criterion' parameter of DecisionTreeRegressor must be a str among {'friedman_mse', 'poisson', 'absolute_error', 'squared_error'}. Got 'mae' instead. 
 Traceback (most recent call last):
  File "/common/ketrong/tpotexp/tpot2/tpot2/utils/eval_utils.py", line 53, in objective_nan_wrapper
    value = func_timeout.func_timeout(timeout, objective_function, args=[individual], kwargs=objective_kwargs)
  File "/common/ketrong/tpotexp/env/lib/python3.10/site-packages/func_timeout/dafunc.py", line 108, in func_timeout
    raise_exception(exception)
  File "/common/ketrong/tpotexp/env/lib/python3.10/site-packages/func_timeout/py3_raise.py", line 7, in raise_exception
    raise exception[0] from None
  File "/common/ketrong/tpotexp/tpot2/tpot2/tpot_estimator/estimator.py", line 623, in objective_function
    return objective_function_generator(
  File "/common/ketrong/tpotexp/tpot2/tpot2/tpot_estimator/estimator_utils.py", line 55, in objective_function_generator
    cv_obj_scores = cross_val_score_objective(sklearn.base.clone(pipeline),x,y,scorers=scorers, cv=cv , fold=step)
  File "/common/ketrong/tpotexp/tpot2/tpot2/tpot_estimator/cross_val_utils.py", line 28, in cross_val_score_objective
    this_fold_pipeline.fit(X_train,y_train)
  File "/common/ketrong/tpotexp/env/lib/python3.10/site-packages/sklearn/base.py", line 1473, in wrapper
    return fit_method(estimator, *args, **kwargs)
  File "/common/ketrong/tpotexp/env/lib/python3.10/site-packages/sklearn/pipeline.py", line 473, in fit
    self._final_estimator.fit(Xt, y, **last_step_params["fit"])
  File "/common/ketrong/tpotexp/env/lib/python3.10/site-packages/sklearn/base.py", line 1466, in wrapper
    estimator._validate_params()
  File "/common/ketrong/tpotexp/env/lib/python3.10/site-packages/sklearn/base.py", line 666, in _validate_params
    validate_parameter_constraints(
  File "/common/ketrong/tpotexp/env/lib/python3.10/site-packages/sklearn/utils/_param_validation.py", line 95, in validate_parameter_constraints
    raise InvalidParameterError(
sklearn.utils._param_validation.InvalidParameterError: The 'criterion' parameter of DecisionTreeRegressor must be a str among {'friedman_mse', 'poisson', 'absolute_error', 'squared_error'}. Got 'mae' instead.

WARNING THIS INDIVIDUAL CAUSED AND EXCEPTION 
 <tpot2.search_spaces.pipelines.sequential.SequentialPipelineIndividual object at 0x1554672f1000> 
 The 'criterion' parameter of RandomForestRegressor must be a str among {'friedman_mse', 'poisson', 'absolute_error', 'squared_error'}. Got 'mse' instead. 
 Traceback (most recent call last):
  File "/common/ketrong/tpotexp/tpot2/tpot2/utils/eval_utils.py", line 53, in objective_nan_wrapper
    value = func_timeout.func_timeout(timeout, objective_function, args=[individual], kwargs=objective_kwargs)
  File "/common/ketrong/tpotexp/env/lib/python3.10/site-packages/func_timeout/dafunc.py", line 108, in func_timeout
    raise_exception(exception)
  File "/common/ketrong/tpotexp/env/lib/python3.10/site-packages/func_timeout/py3_raise.py", line 7, in raise_exception
    raise exception[0] from None
  File "/common/ketrong/tpotexp/tpot2/tpot2/tpot_estimator/estimator.py", line 623, in objective_function
    return objective_function_generator(
  File "/common/ketrong/tpotexp/tpot2/tpot2/tpot_estimator/estimator_utils.py", line 55, in objective_function_generator
    cv_obj_scores = cross_val_score_objective(sklearn.base.clone(pipeline),x,y,scorers=scorers, cv=cv , fold=step)
  File "/common/ketrong/tpotexp/tpot2/tpot2/tpot_estimator/cross_val_utils.py", line 28, in cross_val_score_objective
    this_fold_pipeline.fit(X_train,y_train)
  File "/common/ketrong/tpotexp/env/lib/python3.10/site-packages/sklearn/base.py", line 1473, in wrapper
    return fit_method(estimator, *args, **kwargs)
  File "/common/ketrong/tpotexp/env/lib/python3.10/site-packages/sklearn/pipeline.py", line 473, in fit
    self._final_estimator.fit(Xt, y, **last_step_params["fit"])
  File "/common/ketrong/tpotexp/env/lib/python3.10/site-packages/sklearn/base.py", line 1466, in wrapper
    estimator._validate_params()
  File "/common/ketrong/tpotexp/env/lib/python3.10/site-packages/sklearn/base.py", line 666, in _validate_params
    validate_parameter_constraints(
  File "/common/ketrong/tpotexp/env/lib/python3.10/site-packages/sklearn/utils/_param_validation.py", line 95, in validate_parameter_constraints
    raise InvalidParameterError(
sklearn.utils._param_validation.InvalidParameterError: The 'criterion' parameter of RandomForestRegressor must be a str among {'friedman_mse', 'poisson', 'absolute_error', 'squared_error'}. Got 'mse' instead.

Generation:  24
Best root_mean_squared_error score: -10.183556929668296
Generation:  96%|| 24/25 [1:46:19<04:40, 280.71s/it]Generation:  25
Best root_mean_squared_error score: -10.183556929668296
Generation: 100%|| 25/25 [1:53:32<00:00, 326.60s/it]Generation: 100%|| 25/25 [1:53:36<00:00, 272.65s/it]
2024-10-10 21:25:47,169 - distributed.scheduler - ERROR - Removing worker 'tcp://127.0.0.1:41311' caused the cluster to lose scattered data, which can't be recovered: {'DataFrame-9b492617203538632e42fe3a58de2d85', 'ndarray-bf720ec1b0eda1cb7c17fd2ab7821ff7'} (stimulus_id='handle-worker-cleanup-1728620747.169488')
Fitted
Pipeline(steps=[('lgbmregressor',
                 LGBMRegressor(max_depth=7, n_estimators=80, n_jobs=1,
                               num_leaves=5, verbose=-1))])
score start
train score: {'explained_var': 0.0439641084099649, 'r2': 0.0439641084099649, 'rmse': 10.151669721482092}
original test score: {'explained_var': 0.0067546247981231655, 'r2': 0.0057157710439752485, 'rmse': 10.382947816752717}
imputed test score: {'explained_var': -0.0020337578207720863, 'r2': -0.0025801742392674853, 'rmse': 10.426173605478022}
score end
check intended
EXP2 Finished
running experiment 3/3 - What is the best automl settings?
<tpot2.search_spaces.pipelines.sequential.SequentialPipeline object at 0x1552b8574e80>
Start tpot fit
Version 0.1.7a0 of tpot2 is outdated. Version 0.1.8a0 was released Tuesday September 17, 2024.
Version 0.1.7a0 of tpot2 is outdated. Version 0.1.8a0 was released Tuesday September 17, 2024.
Version 0.1.7a0 of tpot2 is outdated. Version 0.1.8a0 was released Tuesday September 17, 2024.
Version 0.1.7a0 of tpot2 is outdated. Version 0.1.8a0 was released Tuesday September 17, 2024.
Version 0.1.7a0 of tpot2 is outdated. Version 0.1.8a0 was released Tuesday September 17, 2024.
Version 0.1.7a0 of tpot2 is outdated. Version 0.1.8a0 was released Tuesday September 17, 2024.
Version 0.1.7a0 of tpot2 is outdated. Version 0.1.8a0 was released Tuesday September 17, 2024.
Version 0.1.7a0 of tpot2 is outdated. Version 0.1.8a0 was released Tuesday September 17, 2024.
Version 0.1.7a0 of tpot2 is outdated. Version 0.1.8a0 was released Tuesday September 17, 2024.
Version 0.1.7a0 of tpot2 is outdated. Version 0.1.8a0 was released Tuesday September 17, 2024.
Version 0.1.7a0 of tpot2 is outdated. Version 0.1.8a0 was released Tuesday September 17, 2024.
Version 0.1.7a0 of tpot2 is outdated. Version 0.1.8a0 was released Tuesday September 17, 2024.
Version 0.1.7a0 of tpot2 is outdated. Version 0.1.8a0 was released Tuesday September 17, 2024.
Version 0.1.7a0 of tpot2 is outdated. Version 0.1.8a0 was released Tuesday September 17, 2024.
Version 0.1.7a0 of tpot2 is outdated. Version 0.1.8a0 was released Tuesday September 17, 2024.
Version 0.1.7a0 of tpot2 is outdated. Version 0.1.8a0 was released Tuesday September 17, 2024.
  0%|          | 0/25 [00:00<?, ?it/s]Generation:   0%|          | 0/25 [00:00<?, ?it/s]WARNING AN INDIVIDUAL TIMED OUT: 
 <tpot2.search_spaces.pipelines.sequential.SequentialPipelineIndividual object at 0x15547469d480> 

WARNING AN INDIVIDUAL TIMED OUT: 
 <tpot2.search_spaces.pipelines.sequential.SequentialPipelineIndividual object at 0x1554746a0a90> 

WARNING AN INDIVIDUAL TIMED OUT: 
 <tpot2.search_spaces.pipelines.sequential.SequentialPipelineIndividual object at 0x1554746a0be0> 

WARNING AN INDIVIDUAL TIMED OUT: 
 <tpot2.search_spaces.pipelines.sequential.SequentialPipelineIndividual object at 0x1554746a0be0> 

WARNING AN INDIVIDUAL TIMED OUT: 
 <tpot2.search_spaces.pipelines.sequential.SequentialPipelineIndividual object at 0x1554746a1120> 

Generation:  1
Best root_mean_squared_error score: -8.756857319218408
Generation:   4%|         | 1/25 [10:02<4:01:09, 602.91s/it]WARNING THIS INDIVIDUAL CAUSED AND EXCEPTION 
 <tpot2.search_spaces.pipelines.sequential.SequentialPipelineIndividual object at 0x155467f04190> 
 Input X contains NaN.
SGDRegressor does not accept missing values encoded as NaN natively. For supervised learning, you might want to consider sklearn.ensemble.HistGradientBoostingClassifier and Regressor which accept missing values encoded as NaNs natively. Alternatively, it is possible to preprocess the data, for instance by using an imputer transformer in a pipeline or drop samples with missing values. See https://scikit-learn.org/stable/modules/impute.html You can find a list of all estimators that handle NaN values at the following page: https://scikit-learn.org/stable/modules/impute.html#estimators-that-handle-nan-values 
 Traceback (most recent call last):
  File "/common/ketrong/tpotexp/tpot2/tpot2/utils/eval_utils.py", line 53, in objective_nan_wrapper
    value = func_timeout.func_timeout(timeout, objective_function, args=[individual], kwargs=objective_kwargs)
  File "/common/ketrong/tpotexp/env/lib/python3.10/site-packages/func_timeout/dafunc.py", line 108, in func_timeout
    raise_exception(exception)
  File "/common/ketrong/tpotexp/env/lib/python3.10/site-packages/func_timeout/py3_raise.py", line 7, in raise_exception
    raise exception[0] from None
  File "/common/ketrong/tpotexp/tpot2/tpot2/tpot_estimator/estimator.py", line 623, in objective_function
    return objective_function_generator(
  File "/common/ketrong/tpotexp/tpot2/tpot2/tpot_estimator/estimator_utils.py", line 55, in objective_function_generator
    cv_obj_scores = cross_val_score_objective(sklearn.base.clone(pipeline),x,y,scorers=scorers, cv=cv , fold=step)
  File "/common/ketrong/tpotexp/tpot2/tpot2/tpot_estimator/cross_val_utils.py", line 28, in cross_val_score_objective
    this_fold_pipeline.fit(X_train,y_train)
  File "/common/ketrong/tpotexp/env/lib/python3.10/site-packages/sklearn/base.py", line 1473, in wrapper
    return fit_method(estimator, *args, **kwargs)
  File "/common/ketrong/tpotexp/env/lib/python3.10/site-packages/sklearn/pipeline.py", line 473, in fit
    self._final_estimator.fit(Xt, y, **last_step_params["fit"])
  File "/common/ketrong/tpotexp/env/lib/python3.10/site-packages/sklearn/base.py", line 1473, in wrapper
    return fit_method(estimator, *args, **kwargs)
  File "/common/ketrong/tpotexp/env/lib/python3.10/site-packages/sklearn/linear_model/_stochastic_gradient.py", line 1655, in fit
    return self._fit(
  File "/common/ketrong/tpotexp/env/lib/python3.10/site-packages/sklearn/linear_model/_stochastic_gradient.py", line 1598, in _fit
    self._partial_fit(
  File "/common/ketrong/tpotexp/env/lib/python3.10/site-packages/sklearn/linear_model/_stochastic_gradient.py", line 1476, in _partial_fit
    X, y = self._validate_data(
  File "/common/ketrong/tpotexp/env/lib/python3.10/site-packages/sklearn/base.py", line 650, in _validate_data
    X, y = check_X_y(X, y, **check_params)
  File "/common/ketrong/tpotexp/env/lib/python3.10/site-packages/sklearn/utils/validation.py", line 1301, in check_X_y
    X = check_array(
  File "/common/ketrong/tpotexp/env/lib/python3.10/site-packages/sklearn/utils/validation.py", line 1064, in check_array
    _assert_all_finite(
  File "/common/ketrong/tpotexp/env/lib/python3.10/site-packages/sklearn/utils/validation.py", line 123, in _assert_all_finite
    _assert_all_finite_element_wise(
  File "/common/ketrong/tpotexp/env/lib/python3.10/site-packages/sklearn/utils/validation.py", line 172, in _assert_all_finite_element_wise
    raise ValueError(msg_err)
ValueError: Input X contains NaN.
SGDRegressor does not accept missing values encoded as NaN natively. For supervised learning, you might want to consider sklearn.ensemble.HistGradientBoostingClassifier and Regressor which accept missing values encoded as NaNs natively. Alternatively, it is possible to preprocess the data, for instance by using an imputer transformer in a pipeline or drop samples with missing values. See https://scikit-learn.org/stable/modules/impute.html You can find a list of all estimators that handle NaN values at the following page: https://scikit-learn.org/stable/modules/impute.html#estimators-that-handle-nan-values

WARNING THIS INDIVIDUAL CAUSED AND EXCEPTION 
 <tpot2.search_spaces.pipelines.sequential.SequentialPipelineIndividual object at 0x155467f06bc0> 
 The 'criterion' parameter of RandomForestRegressor must be a str among {'friedman_mse', 'poisson', 'absolute_error', 'squared_error'}. Got 'mae' instead. 
 Traceback (most recent call last):
  File "/common/ketrong/tpotexp/tpot2/tpot2/utils/eval_utils.py", line 53, in objective_nan_wrapper
    value = func_timeout.func_timeout(timeout, objective_function, args=[individual], kwargs=objective_kwargs)
  File "/common/ketrong/tpotexp/env/lib/python3.10/site-packages/func_timeout/dafunc.py", line 108, in func_timeout
    raise_exception(exception)
  File "/common/ketrong/tpotexp/env/lib/python3.10/site-packages/func_timeout/py3_raise.py", line 7, in raise_exception
    raise exception[0] from None
  File "/common/ketrong/tpotexp/tpot2/tpot2/tpot_estimator/estimator.py", line 623, in objective_function
    return objective_function_generator(
  File "/common/ketrong/tpotexp/tpot2/tpot2/tpot_estimator/estimator_utils.py", line 55, in objective_function_generator
    cv_obj_scores = cross_val_score_objective(sklearn.base.clone(pipeline),x,y,scorers=scorers, cv=cv , fold=step)
  File "/common/ketrong/tpotexp/tpot2/tpot2/tpot_estimator/cross_val_utils.py", line 28, in cross_val_score_objective
    this_fold_pipeline.fit(X_train,y_train)
  File "/common/ketrong/tpotexp/env/lib/python3.10/site-packages/sklearn/base.py", line 1473, in wrapper
    return fit_method(estimator, *args, **kwargs)
  File "/common/ketrong/tpotexp/env/lib/python3.10/site-packages/sklearn/pipeline.py", line 473, in fit
    self._final_estimator.fit(Xt, y, **last_step_params["fit"])
  File "/common/ketrong/tpotexp/env/lib/python3.10/site-packages/sklearn/base.py", line 1466, in wrapper
    estimator._validate_params()
  File "/common/ketrong/tpotexp/env/lib/python3.10/site-packages/sklearn/base.py", line 666, in _validate_params
    validate_parameter_constraints(
  File "/common/ketrong/tpotexp/env/lib/python3.10/site-packages/sklearn/utils/_param_validation.py", line 95, in validate_parameter_constraints
    raise InvalidParameterError(
sklearn.utils._param_validation.InvalidParameterError: The 'criterion' parameter of RandomForestRegressor must be a str among {'friedman_mse', 'poisson', 'absolute_error', 'squared_error'}. Got 'mae' instead.

WARNING THIS INDIVIDUAL CAUSED AND EXCEPTION 
 <tpot2.search_spaces.pipelines.sequential.SequentialPipelineIndividual object at 0x1554747023b0> 
 The 'criterion' parameter of ExtraTreesRegressor must be a str among {'friedman_mse', 'poisson', 'absolute_error', 'squared_error'}. Got 'mae' instead. 
 Traceback (most recent call last):
  File "/common/ketrong/tpotexp/tpot2/tpot2/utils/eval_utils.py", line 53, in objective_nan_wrapper
    value = func_timeout.func_timeout(timeout, objective_function, args=[individual], kwargs=objective_kwargs)
  File "/common/ketrong/tpotexp/env/lib/python3.10/site-packages/func_timeout/dafunc.py", line 108, in func_timeout
    raise_exception(exception)
  File "/common/ketrong/tpotexp/env/lib/python3.10/site-packages/func_timeout/py3_raise.py", line 7, in raise_exception
    raise exception[0] from None
  File "/common/ketrong/tpotexp/tpot2/tpot2/tpot_estimator/estimator.py", line 623, in objective_function
    return objective_function_generator(
  File "/common/ketrong/tpotexp/tpot2/tpot2/tpot_estimator/estimator_utils.py", line 55, in objective_function_generator
    cv_obj_scores = cross_val_score_objective(sklearn.base.clone(pipeline),x,y,scorers=scorers, cv=cv , fold=step)
  File "/common/ketrong/tpotexp/tpot2/tpot2/tpot_estimator/cross_val_utils.py", line 28, in cross_val_score_objective
    this_fold_pipeline.fit(X_train,y_train)
  File "/common/ketrong/tpotexp/env/lib/python3.10/site-packages/sklearn/base.py", line 1473, in wrapper
    return fit_method(estimator, *args, **kwargs)
  File "/common/ketrong/tpotexp/env/lib/python3.10/site-packages/sklearn/pipeline.py", line 473, in fit
    self._final_estimator.fit(Xt, y, **last_step_params["fit"])
  File "/common/ketrong/tpotexp/env/lib/python3.10/site-packages/sklearn/base.py", line 1466, in wrapper
    estimator._validate_params()
  File "/common/ketrong/tpotexp/env/lib/python3.10/site-packages/sklearn/base.py", line 666, in _validate_params
    validate_parameter_constraints(
  File "/common/ketrong/tpotexp/env/lib/python3.10/site-packages/sklearn/utils/_param_validation.py", line 95, in validate_parameter_constraints
    raise InvalidParameterError(
sklearn.utils._param_validation.InvalidParameterError: The 'criterion' parameter of ExtraTreesRegressor must be a str among {'friedman_mse', 'poisson', 'absolute_error', 'squared_error'}. Got 'mae' instead.

WARNING AN INDIVIDUAL TIMED OUT: 
 <tpot2.search_spaces.pipelines.sequential.SequentialPipelineIndividual object at 0x155467f07850> 

Generation:  2
Best root_mean_squared_error score: -8.756857319218408
Generation:   8%|         | 2/25 [20:06<3:51:10, 603.08s/it]WARNING THIS INDIVIDUAL CAUSED AND EXCEPTION 
 <tpot2.search_spaces.pipelines.sequential.SequentialPipelineIndividual object at 0x15546483f4f0> 
 The 'criterion' parameter of RandomForestRegressor must be a str among {'friedman_mse', 'poisson', 'absolute_error', 'squared_error'}. Got 'mse' instead. 
 Traceback (most recent call last):
  File "/common/ketrong/tpotexp/tpot2/tpot2/utils/eval_utils.py", line 53, in objective_nan_wrapper
    value = func_timeout.func_timeout(timeout, objective_function, args=[individual], kwargs=objective_kwargs)
  File "/common/ketrong/tpotexp/env/lib/python3.10/site-packages/func_timeout/dafunc.py", line 108, in func_timeout
    raise_exception(exception)
  File "/common/ketrong/tpotexp/env/lib/python3.10/site-packages/func_timeout/py3_raise.py", line 7, in raise_exception
    raise exception[0] from None
  File "/common/ketrong/tpotexp/tpot2/tpot2/tpot_estimator/estimator.py", line 623, in objective_function
    return objective_function_generator(
  File "/common/ketrong/tpotexp/tpot2/tpot2/tpot_estimator/estimator_utils.py", line 55, in objective_function_generator
    cv_obj_scores = cross_val_score_objective(sklearn.base.clone(pipeline),x,y,scorers=scorers, cv=cv , fold=step)
  File "/common/ketrong/tpotexp/tpot2/tpot2/tpot_estimator/cross_val_utils.py", line 28, in cross_val_score_objective
    this_fold_pipeline.fit(X_train,y_train)
  File "/common/ketrong/tpotexp/env/lib/python3.10/site-packages/sklearn/base.py", line 1473, in wrapper
    return fit_method(estimator, *args, **kwargs)
  File "/common/ketrong/tpotexp/env/lib/python3.10/site-packages/sklearn/pipeline.py", line 473, in fit
    self._final_estimator.fit(Xt, y, **last_step_params["fit"])
  File "/common/ketrong/tpotexp/env/lib/python3.10/site-packages/sklearn/base.py", line 1466, in wrapper
    estimator._validate_params()
  File "/common/ketrong/tpotexp/env/lib/python3.10/site-packages/sklearn/base.py", line 666, in _validate_params
    validate_parameter_constraints(
  File "/common/ketrong/tpotexp/env/lib/python3.10/site-packages/sklearn/utils/_param_validation.py", line 95, in validate_parameter_constraints
    raise InvalidParameterError(
sklearn.utils._param_validation.InvalidParameterError: The 'criterion' parameter of RandomForestRegressor must be a str among {'friedman_mse', 'poisson', 'absolute_error', 'squared_error'}. Got 'mse' instead.

WARNING THIS INDIVIDUAL CAUSED AND EXCEPTION 
 <tpot2.search_spaces.pipelines.sequential.SequentialPipelineIndividual object at 0x155474713010> 
 Input X contains NaN.
ExtraTreesRegressor does not accept missing values encoded as NaN natively. For supervised learning, you might want to consider sklearn.ensemble.HistGradientBoostingClassifier and Regressor which accept missing values encoded as NaNs natively. Alternatively, it is possible to preprocess the data, for instance by using an imputer transformer in a pipeline or drop samples with missing values. See https://scikit-learn.org/stable/modules/impute.html You can find a list of all estimators that handle NaN values at the following page: https://scikit-learn.org/stable/modules/impute.html#estimators-that-handle-nan-values 
 Traceback (most recent call last):
  File "/common/ketrong/tpotexp/tpot2/tpot2/utils/eval_utils.py", line 53, in objective_nan_wrapper
    value = func_timeout.func_timeout(timeout, objective_function, args=[individual], kwargs=objective_kwargs)
  File "/common/ketrong/tpotexp/env/lib/python3.10/site-packages/func_timeout/dafunc.py", line 108, in func_timeout
    raise_exception(exception)
  File "/common/ketrong/tpotexp/env/lib/python3.10/site-packages/func_timeout/py3_raise.py", line 7, in raise_exception
    raise exception[0] from None
  File "/common/ketrong/tpotexp/tpot2/tpot2/tpot_estimator/estimator.py", line 623, in objective_function
    return objective_function_generator(
  File "/common/ketrong/tpotexp/tpot2/tpot2/tpot_estimator/estimator_utils.py", line 55, in objective_function_generator
    cv_obj_scores = cross_val_score_objective(sklearn.base.clone(pipeline),x,y,scorers=scorers, cv=cv , fold=step)
  File "/common/ketrong/tpotexp/tpot2/tpot2/tpot_estimator/cross_val_utils.py", line 28, in cross_val_score_objective
    this_fold_pipeline.fit(X_train,y_train)
  File "/common/ketrong/tpotexp/env/lib/python3.10/site-packages/sklearn/base.py", line 1473, in wrapper
    return fit_method(estimator, *args, **kwargs)
  File "/common/ketrong/tpotexp/env/lib/python3.10/site-packages/sklearn/pipeline.py", line 473, in fit
    self._final_estimator.fit(Xt, y, **last_step_params["fit"])
  File "/common/ketrong/tpotexp/env/lib/python3.10/site-packages/sklearn/base.py", line 1473, in wrapper
    return fit_method(estimator, *args, **kwargs)
  File "/common/ketrong/tpotexp/env/lib/python3.10/site-packages/sklearn/ensemble/_forest.py", line 377, in fit
    estimator._compute_missing_values_in_feature_mask(
  File "/common/ketrong/tpotexp/env/lib/python3.10/site-packages/sklearn/tree/_classes.py", line 214, in _compute_missing_values_in_feature_mask
    assert_all_finite(X, **common_kwargs)
  File "/common/ketrong/tpotexp/env/lib/python3.10/site-packages/sklearn/utils/validation.py", line 213, in assert_all_finite
    _assert_all_finite(
  File "/common/ketrong/tpotexp/env/lib/python3.10/site-packages/sklearn/utils/validation.py", line 123, in _assert_all_finite
    _assert_all_finite_element_wise(
  File "/common/ketrong/tpotexp/env/lib/python3.10/site-packages/sklearn/utils/validation.py", line 172, in _assert_all_finite_element_wise
    raise ValueError(msg_err)
ValueError: Input X contains NaN.
ExtraTreesRegressor does not accept missing values encoded as NaN natively. For supervised learning, you might want to consider sklearn.ensemble.HistGradientBoostingClassifier and Regressor which accept missing values encoded as NaNs natively. Alternatively, it is possible to preprocess the data, for instance by using an imputer transformer in a pipeline or drop samples with missing values. See https://scikit-learn.org/stable/modules/impute.html You can find a list of all estimators that handle NaN values at the following page: https://scikit-learn.org/stable/modules/impute.html#estimators-that-handle-nan-values

WARNING AN INDIVIDUAL TIMED OUT: 
 <tpot2.search_spaces.pipelines.sequential.SequentialPipelineIndividual object at 0x1554661db7c0> 

WARNING AN INDIVIDUAL TIMED OUT: 
 <tpot2.search_spaces.pipelines.sequential.SequentialPipelineIndividual object at 0x155467ee74f0> 

WARNING AN INDIVIDUAL TIMED OUT: 
 <tpot2.search_spaces.pipelines.sequential.SequentialPipelineIndividual object at 0x155467f1ddb0> 

Generation:  3
Best root_mean_squared_error score: -8.73028394314584
Generation:  12%|        | 3/25 [30:11<3:41:26, 603.92s/it]WARNING THIS INDIVIDUAL CAUSED AND EXCEPTION 
 <tpot2.search_spaces.pipelines.sequential.SequentialPipelineIndividual object at 0x15545b102890> 
 The 'criterion' parameter of ExtraTreesRegressor must be a str among {'friedman_mse', 'poisson', 'absolute_error', 'squared_error'}. Got 'mae' instead. 
 Traceback (most recent call last):
  File "/common/ketrong/tpotexp/tpot2/tpot2/utils/eval_utils.py", line 53, in objective_nan_wrapper
    value = func_timeout.func_timeout(timeout, objective_function, args=[individual], kwargs=objective_kwargs)
  File "/common/ketrong/tpotexp/env/lib/python3.10/site-packages/func_timeout/dafunc.py", line 108, in func_timeout
    raise_exception(exception)
  File "/common/ketrong/tpotexp/env/lib/python3.10/site-packages/func_timeout/py3_raise.py", line 7, in raise_exception
    raise exception[0] from None
  File "/common/ketrong/tpotexp/tpot2/tpot2/tpot_estimator/estimator.py", line 623, in objective_function
    return objective_function_generator(
  File "/common/ketrong/tpotexp/tpot2/tpot2/tpot_estimator/estimator_utils.py", line 55, in objective_function_generator
    cv_obj_scores = cross_val_score_objective(sklearn.base.clone(pipeline),x,y,scorers=scorers, cv=cv , fold=step)
  File "/common/ketrong/tpotexp/tpot2/tpot2/tpot_estimator/cross_val_utils.py", line 28, in cross_val_score_objective
    this_fold_pipeline.fit(X_train,y_train)
  File "/common/ketrong/tpotexp/env/lib/python3.10/site-packages/sklearn/base.py", line 1473, in wrapper
    return fit_method(estimator, *args, **kwargs)
  File "/common/ketrong/tpotexp/env/lib/python3.10/site-packages/sklearn/pipeline.py", line 473, in fit
    self._final_estimator.fit(Xt, y, **last_step_params["fit"])
  File "/common/ketrong/tpotexp/env/lib/python3.10/site-packages/sklearn/base.py", line 1466, in wrapper
    estimator._validate_params()
  File "/common/ketrong/tpotexp/env/lib/python3.10/site-packages/sklearn/base.py", line 666, in _validate_params
    validate_parameter_constraints(
  File "/common/ketrong/tpotexp/env/lib/python3.10/site-packages/sklearn/utils/_param_validation.py", line 95, in validate_parameter_constraints
    raise InvalidParameterError(
sklearn.utils._param_validation.InvalidParameterError: The 'criterion' parameter of ExtraTreesRegressor must be a str among {'friedman_mse', 'poisson', 'absolute_error', 'squared_error'}. Got 'mae' instead.

WARNING THIS INDIVIDUAL CAUSED AND EXCEPTION 
 <tpot2.search_spaces.pipelines.sequential.SequentialPipelineIndividual object at 0x15546481b5e0> 
 The 'criterion' parameter of ExtraTreesRegressor must be a str among {'friedman_mse', 'poisson', 'absolute_error', 'squared_error'}. Got 'mae' instead. 
 Traceback (most recent call last):
  File "/common/ketrong/tpotexp/tpot2/tpot2/utils/eval_utils.py", line 53, in objective_nan_wrapper
    value = func_timeout.func_timeout(timeout, objective_function, args=[individual], kwargs=objective_kwargs)
  File "/common/ketrong/tpotexp/env/lib/python3.10/site-packages/func_timeout/dafunc.py", line 108, in func_timeout
    raise_exception(exception)
  File "/common/ketrong/tpotexp/env/lib/python3.10/site-packages/func_timeout/py3_raise.py", line 7, in raise_exception
    raise exception[0] from None
  File "/common/ketrong/tpotexp/tpot2/tpot2/tpot_estimator/estimator.py", line 623, in objective_function
    return objective_function_generator(
  File "/common/ketrong/tpotexp/tpot2/tpot2/tpot_estimator/estimator_utils.py", line 55, in objective_function_generator
    cv_obj_scores = cross_val_score_objective(sklearn.base.clone(pipeline),x,y,scorers=scorers, cv=cv , fold=step)
  File "/common/ketrong/tpotexp/tpot2/tpot2/tpot_estimator/cross_val_utils.py", line 28, in cross_val_score_objective
    this_fold_pipeline.fit(X_train,y_train)
  File "/common/ketrong/tpotexp/env/lib/python3.10/site-packages/sklearn/base.py", line 1473, in wrapper
    return fit_method(estimator, *args, **kwargs)
  File "/common/ketrong/tpotexp/env/lib/python3.10/site-packages/sklearn/pipeline.py", line 473, in fit
    self._final_estimator.fit(Xt, y, **last_step_params["fit"])
  File "/common/ketrong/tpotexp/env/lib/python3.10/site-packages/sklearn/base.py", line 1466, in wrapper
    estimator._validate_params()
  File "/common/ketrong/tpotexp/env/lib/python3.10/site-packages/sklearn/base.py", line 666, in _validate_params
    validate_parameter_constraints(
  File "/common/ketrong/tpotexp/env/lib/python3.10/site-packages/sklearn/utils/_param_validation.py", line 95, in validate_parameter_constraints
    raise InvalidParameterError(
sklearn.utils._param_validation.InvalidParameterError: The 'criterion' parameter of ExtraTreesRegressor must be a str among {'friedman_mse', 'poisson', 'absolute_error', 'squared_error'}. Got 'mae' instead.

WARNING AN INDIVIDUAL TIMED OUT: 
 <tpot2.search_spaces.pipelines.sequential.SequentialPipelineIndividual object at 0x155474710160> 

WARNING AN INDIVIDUAL TIMED OUT: 
 <tpot2.search_spaces.pipelines.sequential.SequentialPipelineIndividual object at 0x155452f453f0> 

Generation:  4
Best root_mean_squared_error score: -8.725997953762345
Generation:  16%|        | 4/25 [40:14<3:31:22, 603.92s/it]WARNING THIS INDIVIDUAL CAUSED AND EXCEPTION 
 <tpot2.search_spaces.pipelines.sequential.SequentialPipelineIndividual object at 0x1554540fdb10> 
 The 'criterion' parameter of ExtraTreesRegressor must be a str among {'friedman_mse', 'poisson', 'absolute_error', 'squared_error'}. Got 'mae' instead. 
 Traceback (most recent call last):
  File "/common/ketrong/tpotexp/tpot2/tpot2/utils/eval_utils.py", line 53, in objective_nan_wrapper
    value = func_timeout.func_timeout(timeout, objective_function, args=[individual], kwargs=objective_kwargs)
  File "/common/ketrong/tpotexp/env/lib/python3.10/site-packages/func_timeout/dafunc.py", line 108, in func_timeout
    raise_exception(exception)
  File "/common/ketrong/tpotexp/env/lib/python3.10/site-packages/func_timeout/py3_raise.py", line 7, in raise_exception
    raise exception[0] from None
  File "/common/ketrong/tpotexp/tpot2/tpot2/tpot_estimator/estimator.py", line 623, in objective_function
    return objective_function_generator(
  File "/common/ketrong/tpotexp/tpot2/tpot2/tpot_estimator/estimator_utils.py", line 55, in objective_function_generator
    cv_obj_scores = cross_val_score_objective(sklearn.base.clone(pipeline),x,y,scorers=scorers, cv=cv , fold=step)
  File "/common/ketrong/tpotexp/tpot2/tpot2/tpot_estimator/cross_val_utils.py", line 28, in cross_val_score_objective
    this_fold_pipeline.fit(X_train,y_train)
  File "/common/ketrong/tpotexp/env/lib/python3.10/site-packages/sklearn/base.py", line 1473, in wrapper
    return fit_method(estimator, *args, **kwargs)
  File "/common/ketrong/tpotexp/env/lib/python3.10/site-packages/sklearn/pipeline.py", line 473, in fit
    self._final_estimator.fit(Xt, y, **last_step_params["fit"])
  File "/common/ketrong/tpotexp/env/lib/python3.10/site-packages/sklearn/base.py", line 1466, in wrapper
    estimator._validate_params()
  File "/common/ketrong/tpotexp/env/lib/python3.10/site-packages/sklearn/base.py", line 666, in _validate_params
    validate_parameter_constraints(
  File "/common/ketrong/tpotexp/env/lib/python3.10/site-packages/sklearn/utils/_param_validation.py", line 95, in validate_parameter_constraints
    raise InvalidParameterError(
sklearn.utils._param_validation.InvalidParameterError: The 'criterion' parameter of ExtraTreesRegressor must be a str among {'friedman_mse', 'poisson', 'absolute_error', 'squared_error'}. Got 'mae' instead.

WARNING THIS INDIVIDUAL CAUSED AND EXCEPTION 
 <tpot2.search_spaces.pipelines.sequential.SequentialPipelineIndividual object at 0x1554660ae980> 
 The 'criterion' parameter of ExtraTreesRegressor must be a str among {'friedman_mse', 'poisson', 'absolute_error', 'squared_error'}. Got 'mae' instead. 
 Traceback (most recent call last):
  File "/common/ketrong/tpotexp/tpot2/tpot2/utils/eval_utils.py", line 53, in objective_nan_wrapper
    value = func_timeout.func_timeout(timeout, objective_function, args=[individual], kwargs=objective_kwargs)
  File "/common/ketrong/tpotexp/env/lib/python3.10/site-packages/func_timeout/dafunc.py", line 108, in func_timeout
    raise_exception(exception)
  File "/common/ketrong/tpotexp/env/lib/python3.10/site-packages/func_timeout/py3_raise.py", line 7, in raise_exception
    raise exception[0] from None
  File "/common/ketrong/tpotexp/tpot2/tpot2/tpot_estimator/estimator.py", line 623, in objective_function
    return objective_function_generator(
  File "/common/ketrong/tpotexp/tpot2/tpot2/tpot_estimator/estimator_utils.py", line 55, in objective_function_generator
    cv_obj_scores = cross_val_score_objective(sklearn.base.clone(pipeline),x,y,scorers=scorers, cv=cv , fold=step)
  File "/common/ketrong/tpotexp/tpot2/tpot2/tpot_estimator/cross_val_utils.py", line 28, in cross_val_score_objective
    this_fold_pipeline.fit(X_train,y_train)
  File "/common/ketrong/tpotexp/env/lib/python3.10/site-packages/sklearn/base.py", line 1473, in wrapper
    return fit_method(estimator, *args, **kwargs)
  File "/common/ketrong/tpotexp/env/lib/python3.10/site-packages/sklearn/pipeline.py", line 473, in fit
    self._final_estimator.fit(Xt, y, **last_step_params["fit"])
  File "/common/ketrong/tpotexp/env/lib/python3.10/site-packages/sklearn/base.py", line 1466, in wrapper
    estimator._validate_params()
  File "/common/ketrong/tpotexp/env/lib/python3.10/site-packages/sklearn/base.py", line 666, in _validate_params
    validate_parameter_constraints(
  File "/common/ketrong/tpotexp/env/lib/python3.10/site-packages/sklearn/utils/_param_validation.py", line 95, in validate_parameter_constraints
    raise InvalidParameterError(
sklearn.utils._param_validation.InvalidParameterError: The 'criterion' parameter of ExtraTreesRegressor must be a str among {'friedman_mse', 'poisson', 'absolute_error', 'squared_error'}. Got 'mae' instead.

WARNING THIS INDIVIDUAL CAUSED AND EXCEPTION 
 <tpot2.search_spaces.pipelines.sequential.SequentialPipelineIndividual object at 0x155453db4880> 
 The 'criterion' parameter of ExtraTreesRegressor must be a str among {'friedman_mse', 'poisson', 'absolute_error', 'squared_error'}. Got 'mae' instead. 
 Traceback (most recent call last):
  File "/common/ketrong/tpotexp/tpot2/tpot2/utils/eval_utils.py", line 53, in objective_nan_wrapper
    value = func_timeout.func_timeout(timeout, objective_function, args=[individual], kwargs=objective_kwargs)
  File "/common/ketrong/tpotexp/env/lib/python3.10/site-packages/func_timeout/dafunc.py", line 108, in func_timeout
    raise_exception(exception)
  File "/common/ketrong/tpotexp/env/lib/python3.10/site-packages/func_timeout/py3_raise.py", line 7, in raise_exception
    raise exception[0] from None
  File "/common/ketrong/tpotexp/tpot2/tpot2/tpot_estimator/estimator.py", line 623, in objective_function
    return objective_function_generator(
  File "/common/ketrong/tpotexp/tpot2/tpot2/tpot_estimator/estimator_utils.py", line 55, in objective_function_generator
    cv_obj_scores = cross_val_score_objective(sklearn.base.clone(pipeline),x,y,scorers=scorers, cv=cv , fold=step)
  File "/common/ketrong/tpotexp/tpot2/tpot2/tpot_estimator/cross_val_utils.py", line 28, in cross_val_score_objective
    this_fold_pipeline.fit(X_train,y_train)
  File "/common/ketrong/tpotexp/env/lib/python3.10/site-packages/sklearn/base.py", line 1473, in wrapper
    return fit_method(estimator, *args, **kwargs)
  File "/common/ketrong/tpotexp/env/lib/python3.10/site-packages/sklearn/pipeline.py", line 473, in fit
    self._final_estimator.fit(Xt, y, **last_step_params["fit"])
  File "/common/ketrong/tpotexp/env/lib/python3.10/site-packages/sklearn/base.py", line 1466, in wrapper
    estimator._validate_params()
  File "/common/ketrong/tpotexp/env/lib/python3.10/site-packages/sklearn/base.py", line 666, in _validate_params
    validate_parameter_constraints(
  File "/common/ketrong/tpotexp/env/lib/python3.10/site-packages/sklearn/utils/_param_validation.py", line 95, in validate_parameter_constraints
    raise InvalidParameterError(
sklearn.utils._param_validation.InvalidParameterError: The 'criterion' parameter of ExtraTreesRegressor must be a str among {'friedman_mse', 'poisson', 'absolute_error', 'squared_error'}. Got 'mae' instead.

WARNING AN INDIVIDUAL TIMED OUT: 
 <tpot2.search_spaces.pipelines.sequential.SequentialPipelineIndividual object at 0x155467ebff10> 

WARNING AN INDIVIDUAL TIMED OUT: 
 <tpot2.search_spaces.pipelines.sequential.SequentialPipelineIndividual object at 0x155467ec2b00> 

Generation:  5
Best root_mean_squared_error score: -8.725997953762345
Generation:  20%|        | 5/25 [50:19<3:21:22, 604.11s/it]WARNING THIS INDIVIDUAL CAUSED AND EXCEPTION 
 <tpot2.search_spaces.pipelines.sequential.SequentialPipelineIndividual object at 0x15547472c1c0> 
 The 'criterion' parameter of ExtraTreesRegressor must be a str among {'friedman_mse', 'poisson', 'absolute_error', 'squared_error'}. Got 'mae' instead. 
 Traceback (most recent call last):
  File "/common/ketrong/tpotexp/tpot2/tpot2/utils/eval_utils.py", line 53, in objective_nan_wrapper
    value = func_timeout.func_timeout(timeout, objective_function, args=[individual], kwargs=objective_kwargs)
  File "/common/ketrong/tpotexp/env/lib/python3.10/site-packages/func_timeout/dafunc.py", line 108, in func_timeout
    raise_exception(exception)
  File "/common/ketrong/tpotexp/env/lib/python3.10/site-packages/func_timeout/py3_raise.py", line 7, in raise_exception
    raise exception[0] from None
  File "/common/ketrong/tpotexp/tpot2/tpot2/tpot_estimator/estimator.py", line 623, in objective_function
    return objective_function_generator(
  File "/common/ketrong/tpotexp/tpot2/tpot2/tpot_estimator/estimator_utils.py", line 55, in objective_function_generator
    cv_obj_scores = cross_val_score_objective(sklearn.base.clone(pipeline),x,y,scorers=scorers, cv=cv , fold=step)
  File "/common/ketrong/tpotexp/tpot2/tpot2/tpot_estimator/cross_val_utils.py", line 28, in cross_val_score_objective
    this_fold_pipeline.fit(X_train,y_train)
  File "/common/ketrong/tpotexp/env/lib/python3.10/site-packages/sklearn/base.py", line 1473, in wrapper
    return fit_method(estimator, *args, **kwargs)
  File "/common/ketrong/tpotexp/env/lib/python3.10/site-packages/sklearn/pipeline.py", line 473, in fit
    self._final_estimator.fit(Xt, y, **last_step_params["fit"])
  File "/common/ketrong/tpotexp/env/lib/python3.10/site-packages/sklearn/base.py", line 1466, in wrapper
    estimator._validate_params()
  File "/common/ketrong/tpotexp/env/lib/python3.10/site-packages/sklearn/base.py", line 666, in _validate_params
    validate_parameter_constraints(
  File "/common/ketrong/tpotexp/env/lib/python3.10/site-packages/sklearn/utils/_param_validation.py", line 95, in validate_parameter_constraints
    raise InvalidParameterError(
sklearn.utils._param_validation.InvalidParameterError: The 'criterion' parameter of ExtraTreesRegressor must be a str among {'friedman_mse', 'poisson', 'absolute_error', 'squared_error'}. Got 'mae' instead.

Generation:  6
Best root_mean_squared_error score: -8.725997953762345
Generation:  24%|       | 6/25 [53:54<2:29:22, 471.73s/it]WARNING THIS INDIVIDUAL CAUSED AND EXCEPTION 
 <tpot2.search_spaces.pipelines.sequential.SequentialPipelineIndividual object at 0x15546605eb30> 
 The 'criterion' parameter of ExtraTreesRegressor must be a str among {'friedman_mse', 'poisson', 'absolute_error', 'squared_error'}. Got 'mae' instead. 
 Traceback (most recent call last):
  File "/common/ketrong/tpotexp/tpot2/tpot2/utils/eval_utils.py", line 53, in objective_nan_wrapper
    value = func_timeout.func_timeout(timeout, objective_function, args=[individual], kwargs=objective_kwargs)
  File "/common/ketrong/tpotexp/env/lib/python3.10/site-packages/func_timeout/dafunc.py", line 108, in func_timeout
    raise_exception(exception)
  File "/common/ketrong/tpotexp/env/lib/python3.10/site-packages/func_timeout/py3_raise.py", line 7, in raise_exception
    raise exception[0] from None
  File "/common/ketrong/tpotexp/tpot2/tpot2/tpot_estimator/estimator.py", line 623, in objective_function
    return objective_function_generator(
  File "/common/ketrong/tpotexp/tpot2/tpot2/tpot_estimator/estimator_utils.py", line 55, in objective_function_generator
    cv_obj_scores = cross_val_score_objective(sklearn.base.clone(pipeline),x,y,scorers=scorers, cv=cv , fold=step)
  File "/common/ketrong/tpotexp/tpot2/tpot2/tpot_estimator/cross_val_utils.py", line 28, in cross_val_score_objective
    this_fold_pipeline.fit(X_train,y_train)
  File "/common/ketrong/tpotexp/env/lib/python3.10/site-packages/sklearn/base.py", line 1473, in wrapper
    return fit_method(estimator, *args, **kwargs)
  File "/common/ketrong/tpotexp/env/lib/python3.10/site-packages/sklearn/pipeline.py", line 473, in fit
    self._final_estimator.fit(Xt, y, **last_step_params["fit"])
  File "/common/ketrong/tpotexp/env/lib/python3.10/site-packages/sklearn/base.py", line 1466, in wrapper
    estimator._validate_params()
  File "/common/ketrong/tpotexp/env/lib/python3.10/site-packages/sklearn/base.py", line 666, in _validate_params
    validate_parameter_constraints(
  File "/common/ketrong/tpotexp/env/lib/python3.10/site-packages/sklearn/utils/_param_validation.py", line 95, in validate_parameter_constraints
    raise InvalidParameterError(
sklearn.utils._param_validation.InvalidParameterError: The 'criterion' parameter of ExtraTreesRegressor must be a str among {'friedman_mse', 'poisson', 'absolute_error', 'squared_error'}. Got 'mae' instead.

Generation:  7
Best root_mean_squared_error score: -8.725997953762345
Generation:  28%|       | 7/25 [58:36<2:02:58, 409.92s/it]WARNING THIS INDIVIDUAL CAUSED AND EXCEPTION 
 <tpot2.search_spaces.pipelines.sequential.SequentialPipelineIndividual object at 0x155466af6920> 
 The 'criterion' parameter of ExtraTreesRegressor must be a str among {'friedman_mse', 'poisson', 'absolute_error', 'squared_error'}. Got 'mae' instead. 
 Traceback (most recent call last):
  File "/common/ketrong/tpotexp/tpot2/tpot2/utils/eval_utils.py", line 53, in objective_nan_wrapper
    value = func_timeout.func_timeout(timeout, objective_function, args=[individual], kwargs=objective_kwargs)
  File "/common/ketrong/tpotexp/env/lib/python3.10/site-packages/func_timeout/dafunc.py", line 108, in func_timeout
    raise_exception(exception)
  File "/common/ketrong/tpotexp/env/lib/python3.10/site-packages/func_timeout/py3_raise.py", line 7, in raise_exception
    raise exception[0] from None
  File "/common/ketrong/tpotexp/tpot2/tpot2/tpot_estimator/estimator.py", line 623, in objective_function
    return objective_function_generator(
  File "/common/ketrong/tpotexp/tpot2/tpot2/tpot_estimator/estimator_utils.py", line 55, in objective_function_generator
    cv_obj_scores = cross_val_score_objective(sklearn.base.clone(pipeline),x,y,scorers=scorers, cv=cv , fold=step)
  File "/common/ketrong/tpotexp/tpot2/tpot2/tpot_estimator/cross_val_utils.py", line 28, in cross_val_score_objective
    this_fold_pipeline.fit(X_train,y_train)
  File "/common/ketrong/tpotexp/env/lib/python3.10/site-packages/sklearn/base.py", line 1473, in wrapper
    return fit_method(estimator, *args, **kwargs)
  File "/common/ketrong/tpotexp/env/lib/python3.10/site-packages/sklearn/pipeline.py", line 473, in fit
    self._final_estimator.fit(Xt, y, **last_step_params["fit"])
  File "/common/ketrong/tpotexp/env/lib/python3.10/site-packages/sklearn/base.py", line 1466, in wrapper
    estimator._validate_params()
  File "/common/ketrong/tpotexp/env/lib/python3.10/site-packages/sklearn/base.py", line 666, in _validate_params
    validate_parameter_constraints(
  File "/common/ketrong/tpotexp/env/lib/python3.10/site-packages/sklearn/utils/_param_validation.py", line 95, in validate_parameter_constraints
    raise InvalidParameterError(
sklearn.utils._param_validation.InvalidParameterError: The 'criterion' parameter of ExtraTreesRegressor must be a str among {'friedman_mse', 'poisson', 'absolute_error', 'squared_error'}. Got 'mae' instead.

WARNING AN INDIVIDUAL TIMED OUT: 
 <tpot2.search_spaces.pipelines.sequential.SequentialPipelineIndividual object at 0x15546451ad70> 

WARNING AN INDIVIDUAL TIMED OUT: 
 <tpot2.search_spaces.pipelines.sequential.SequentialPipelineIndividual object at 0x1554647e6aa0> 

WARNING AN INDIVIDUAL TIMED OUT: 
 <tpot2.search_spaces.pipelines.sequential.SequentialPipelineIndividual object at 0x1554746f2980> 

Generation:  8
Best root_mean_squared_error score: -8.725997953762345
Generation:  32%|      | 8/25 [1:08:41<2:13:41, 471.87s/it]WARNING THIS INDIVIDUAL CAUSED AND EXCEPTION 
 <tpot2.search_spaces.pipelines.sequential.SequentialPipelineIndividual object at 0x1554641a0c10> 
 The 'criterion' parameter of DecisionTreeRegressor must be a str among {'friedman_mse', 'poisson', 'absolute_error', 'squared_error'}. Got 'mae' instead. 
 Traceback (most recent call last):
  File "/common/ketrong/tpotexp/tpot2/tpot2/utils/eval_utils.py", line 53, in objective_nan_wrapper
    value = func_timeout.func_timeout(timeout, objective_function, args=[individual], kwargs=objective_kwargs)
  File "/common/ketrong/tpotexp/env/lib/python3.10/site-packages/func_timeout/dafunc.py", line 108, in func_timeout
    raise_exception(exception)
  File "/common/ketrong/tpotexp/env/lib/python3.10/site-packages/func_timeout/py3_raise.py", line 7, in raise_exception
    raise exception[0] from None
  File "/common/ketrong/tpotexp/tpot2/tpot2/tpot_estimator/estimator.py", line 623, in objective_function
    return objective_function_generator(
  File "/common/ketrong/tpotexp/tpot2/tpot2/tpot_estimator/estimator_utils.py", line 55, in objective_function_generator
    cv_obj_scores = cross_val_score_objective(sklearn.base.clone(pipeline),x,y,scorers=scorers, cv=cv , fold=step)
  File "/common/ketrong/tpotexp/tpot2/tpot2/tpot_estimator/cross_val_utils.py", line 28, in cross_val_score_objective
    this_fold_pipeline.fit(X_train,y_train)
  File "/common/ketrong/tpotexp/env/lib/python3.10/site-packages/sklearn/base.py", line 1473, in wrapper
    return fit_method(estimator, *args, **kwargs)
  File "/common/ketrong/tpotexp/env/lib/python3.10/site-packages/sklearn/pipeline.py", line 473, in fit
    self._final_estimator.fit(Xt, y, **last_step_params["fit"])
  File "/common/ketrong/tpotexp/env/lib/python3.10/site-packages/sklearn/base.py", line 1466, in wrapper
    estimator._validate_params()
  File "/common/ketrong/tpotexp/env/lib/python3.10/site-packages/sklearn/base.py", line 666, in _validate_params
    validate_parameter_constraints(
  File "/common/ketrong/tpotexp/env/lib/python3.10/site-packages/sklearn/utils/_param_validation.py", line 95, in validate_parameter_constraints
    raise InvalidParameterError(
sklearn.utils._param_validation.InvalidParameterError: The 'criterion' parameter of DecisionTreeRegressor must be a str among {'friedman_mse', 'poisson', 'absolute_error', 'squared_error'}. Got 'mae' instead.

WARNING AN INDIVIDUAL TIMED OUT: 
 <tpot2.search_spaces.pipelines.sequential.SequentialPipelineIndividual object at 0x1554657c5e40> 

Generation:  9
Best root_mean_squared_error score: -8.724478356134597
Generation:  36%|      | 9/25 [1:18:44<2:16:45, 512.83s/it]WARNING THIS INDIVIDUAL CAUSED AND EXCEPTION 
 <tpot2.search_spaces.pipelines.sequential.SequentialPipelineIndividual object at 0x15547469eb30> 
 The 'criterion' parameter of ExtraTreesRegressor must be a str among {'friedman_mse', 'poisson', 'absolute_error', 'squared_error'}. Got 'mae' instead. 
 Traceback (most recent call last):
  File "/common/ketrong/tpotexp/tpot2/tpot2/utils/eval_utils.py", line 53, in objective_nan_wrapper
    value = func_timeout.func_timeout(timeout, objective_function, args=[individual], kwargs=objective_kwargs)
  File "/common/ketrong/tpotexp/env/lib/python3.10/site-packages/func_timeout/dafunc.py", line 108, in func_timeout
    raise_exception(exception)
  File "/common/ketrong/tpotexp/env/lib/python3.10/site-packages/func_timeout/py3_raise.py", line 7, in raise_exception
    raise exception[0] from None
  File "/common/ketrong/tpotexp/tpot2/tpot2/tpot_estimator/estimator.py", line 623, in objective_function
    return objective_function_generator(
  File "/common/ketrong/tpotexp/tpot2/tpot2/tpot_estimator/estimator_utils.py", line 55, in objective_function_generator
    cv_obj_scores = cross_val_score_objective(sklearn.base.clone(pipeline),x,y,scorers=scorers, cv=cv , fold=step)
  File "/common/ketrong/tpotexp/tpot2/tpot2/tpot_estimator/cross_val_utils.py", line 28, in cross_val_score_objective
    this_fold_pipeline.fit(X_train,y_train)
  File "/common/ketrong/tpotexp/env/lib/python3.10/site-packages/sklearn/base.py", line 1473, in wrapper
    return fit_method(estimator, *args, **kwargs)
  File "/common/ketrong/tpotexp/env/lib/python3.10/site-packages/sklearn/pipeline.py", line 473, in fit
    self._final_estimator.fit(Xt, y, **last_step_params["fit"])
  File "/common/ketrong/tpotexp/env/lib/python3.10/site-packages/sklearn/base.py", line 1466, in wrapper
    estimator._validate_params()
  File "/common/ketrong/tpotexp/env/lib/python3.10/site-packages/sklearn/base.py", line 666, in _validate_params
    validate_parameter_constraints(
  File "/common/ketrong/tpotexp/env/lib/python3.10/site-packages/sklearn/utils/_param_validation.py", line 95, in validate_parameter_constraints
    raise InvalidParameterError(
sklearn.utils._param_validation.InvalidParameterError: The 'criterion' parameter of ExtraTreesRegressor must be a str among {'friedman_mse', 'poisson', 'absolute_error', 'squared_error'}. Got 'mae' instead.

WARNING THIS INDIVIDUAL CAUSED AND EXCEPTION 
 <tpot2.search_spaces.pipelines.sequential.SequentialPipelineIndividual object at 0x155467f1dc00> 
 The 'criterion' parameter of ExtraTreesRegressor must be a str among {'friedman_mse', 'poisson', 'absolute_error', 'squared_error'}. Got 'mae' instead. 
 Traceback (most recent call last):
  File "/common/ketrong/tpotexp/tpot2/tpot2/utils/eval_utils.py", line 53, in objective_nan_wrapper
    value = func_timeout.func_timeout(timeout, objective_function, args=[individual], kwargs=objective_kwargs)
  File "/common/ketrong/tpotexp/env/lib/python3.10/site-packages/func_timeout/dafunc.py", line 108, in func_timeout
    raise_exception(exception)
  File "/common/ketrong/tpotexp/env/lib/python3.10/site-packages/func_timeout/py3_raise.py", line 7, in raise_exception
    raise exception[0] from None
  File "/common/ketrong/tpotexp/tpot2/tpot2/tpot_estimator/estimator.py", line 623, in objective_function
    return objective_function_generator(
  File "/common/ketrong/tpotexp/tpot2/tpot2/tpot_estimator/estimator_utils.py", line 55, in objective_function_generator
    cv_obj_scores = cross_val_score_objective(sklearn.base.clone(pipeline),x,y,scorers=scorers, cv=cv , fold=step)
  File "/common/ketrong/tpotexp/tpot2/tpot2/tpot_estimator/cross_val_utils.py", line 28, in cross_val_score_objective
    this_fold_pipeline.fit(X_train,y_train)
  File "/common/ketrong/tpotexp/env/lib/python3.10/site-packages/sklearn/base.py", line 1473, in wrapper
    return fit_method(estimator, *args, **kwargs)
  File "/common/ketrong/tpotexp/env/lib/python3.10/site-packages/sklearn/pipeline.py", line 473, in fit
    self._final_estimator.fit(Xt, y, **last_step_params["fit"])
  File "/common/ketrong/tpotexp/env/lib/python3.10/site-packages/sklearn/base.py", line 1466, in wrapper
    estimator._validate_params()
  File "/common/ketrong/tpotexp/env/lib/python3.10/site-packages/sklearn/base.py", line 666, in _validate_params
    validate_parameter_constraints(
  File "/common/ketrong/tpotexp/env/lib/python3.10/site-packages/sklearn/utils/_param_validation.py", line 95, in validate_parameter_constraints
    raise InvalidParameterError(
sklearn.utils._param_validation.InvalidParameterError: The 'criterion' parameter of ExtraTreesRegressor must be a str among {'friedman_mse', 'poisson', 'absolute_error', 'squared_error'}. Got 'mae' instead.

WARNING AN INDIVIDUAL TIMED OUT: 
 <tpot2.search_spaces.pipelines.sequential.SequentialPipelineIndividual object at 0x1554644854b0> 

Generation:  10
Best root_mean_squared_error score: -8.724478356134597
Generation:  40%|      | 10/25 [1:28:47<2:15:13, 540.90s/it]WARNING THIS INDIVIDUAL CAUSED AND EXCEPTION 
 <tpot2.search_spaces.pipelines.sequential.SequentialPipelineIndividual object at 0x1554641da5f0> 
 Input X contains NaN.
ExtraTreesRegressor does not accept missing values encoded as NaN natively. For supervised learning, you might want to consider sklearn.ensemble.HistGradientBoostingClassifier and Regressor which accept missing values encoded as NaNs natively. Alternatively, it is possible to preprocess the data, for instance by using an imputer transformer in a pipeline or drop samples with missing values. See https://scikit-learn.org/stable/modules/impute.html You can find a list of all estimators that handle NaN values at the following page: https://scikit-learn.org/stable/modules/impute.html#estimators-that-handle-nan-values 
 Traceback (most recent call last):
  File "/common/ketrong/tpotexp/tpot2/tpot2/utils/eval_utils.py", line 53, in objective_nan_wrapper
    value = func_timeout.func_timeout(timeout, objective_function, args=[individual], kwargs=objective_kwargs)
  File "/common/ketrong/tpotexp/env/lib/python3.10/site-packages/func_timeout/dafunc.py", line 108, in func_timeout
    raise_exception(exception)
  File "/common/ketrong/tpotexp/env/lib/python3.10/site-packages/func_timeout/py3_raise.py", line 7, in raise_exception
    raise exception[0] from None
  File "/common/ketrong/tpotexp/tpot2/tpot2/tpot_estimator/estimator.py", line 623, in objective_function
    return objective_function_generator(
  File "/common/ketrong/tpotexp/tpot2/tpot2/tpot_estimator/estimator_utils.py", line 55, in objective_function_generator
    cv_obj_scores = cross_val_score_objective(sklearn.base.clone(pipeline),x,y,scorers=scorers, cv=cv , fold=step)
  File "/common/ketrong/tpotexp/tpot2/tpot2/tpot_estimator/cross_val_utils.py", line 28, in cross_val_score_objective
    this_fold_pipeline.fit(X_train,y_train)
  File "/common/ketrong/tpotexp/env/lib/python3.10/site-packages/sklearn/base.py", line 1473, in wrapper
    return fit_method(estimator, *args, **kwargs)
  File "/common/ketrong/tpotexp/env/lib/python3.10/site-packages/sklearn/pipeline.py", line 473, in fit
    self._final_estimator.fit(Xt, y, **last_step_params["fit"])
  File "/common/ketrong/tpotexp/env/lib/python3.10/site-packages/sklearn/base.py", line 1473, in wrapper
    return fit_method(estimator, *args, **kwargs)
  File "/common/ketrong/tpotexp/env/lib/python3.10/site-packages/sklearn/ensemble/_forest.py", line 377, in fit
    estimator._compute_missing_values_in_feature_mask(
  File "/common/ketrong/tpotexp/env/lib/python3.10/site-packages/sklearn/tree/_classes.py", line 214, in _compute_missing_values_in_feature_mask
    assert_all_finite(X, **common_kwargs)
  File "/common/ketrong/tpotexp/env/lib/python3.10/site-packages/sklearn/utils/validation.py", line 213, in assert_all_finite
    _assert_all_finite(
  File "/common/ketrong/tpotexp/env/lib/python3.10/site-packages/sklearn/utils/validation.py", line 123, in _assert_all_finite
    _assert_all_finite_element_wise(
  File "/common/ketrong/tpotexp/env/lib/python3.10/site-packages/sklearn/utils/validation.py", line 172, in _assert_all_finite_element_wise
    raise ValueError(msg_err)
ValueError: Input X contains NaN.
ExtraTreesRegressor does not accept missing values encoded as NaN natively. For supervised learning, you might want to consider sklearn.ensemble.HistGradientBoostingClassifier and Regressor which accept missing values encoded as NaNs natively. Alternatively, it is possible to preprocess the data, for instance by using an imputer transformer in a pipeline or drop samples with missing values. See https://scikit-learn.org/stable/modules/impute.html You can find a list of all estimators that handle NaN values at the following page: https://scikit-learn.org/stable/modules/impute.html#estimators-that-handle-nan-values

WARNING AN INDIVIDUAL TIMED OUT: 
 <tpot2.search_spaces.pipelines.sequential.SequentialPipelineIndividual object at 0x15545bfbc370> 

Generation:  11
Best root_mean_squared_error score: -8.724478356134597
Generation:  44%|     | 11/25 [1:38:51<2:10:40, 560.05s/it]WARNING THIS INDIVIDUAL CAUSED AND EXCEPTION 
 <tpot2.search_spaces.pipelines.sequential.SequentialPipelineIndividual object at 0x155466b0b1c0> 
 Input X contains NaN.
ExtraTreesRegressor does not accept missing values encoded as NaN natively. For supervised learning, you might want to consider sklearn.ensemble.HistGradientBoostingClassifier and Regressor which accept missing values encoded as NaNs natively. Alternatively, it is possible to preprocess the data, for instance by using an imputer transformer in a pipeline or drop samples with missing values. See https://scikit-learn.org/stable/modules/impute.html You can find a list of all estimators that handle NaN values at the following page: https://scikit-learn.org/stable/modules/impute.html#estimators-that-handle-nan-values 
 Traceback (most recent call last):
  File "/common/ketrong/tpotexp/tpot2/tpot2/utils/eval_utils.py", line 53, in objective_nan_wrapper
    value = func_timeout.func_timeout(timeout, objective_function, args=[individual], kwargs=objective_kwargs)
  File "/common/ketrong/tpotexp/env/lib/python3.10/site-packages/func_timeout/dafunc.py", line 108, in func_timeout
    raise_exception(exception)
  File "/common/ketrong/tpotexp/env/lib/python3.10/site-packages/func_timeout/py3_raise.py", line 7, in raise_exception
    raise exception[0] from None
  File "/common/ketrong/tpotexp/tpot2/tpot2/tpot_estimator/estimator.py", line 623, in objective_function
    return objective_function_generator(
  File "/common/ketrong/tpotexp/tpot2/tpot2/tpot_estimator/estimator_utils.py", line 55, in objective_function_generator
    cv_obj_scores = cross_val_score_objective(sklearn.base.clone(pipeline),x,y,scorers=scorers, cv=cv , fold=step)
  File "/common/ketrong/tpotexp/tpot2/tpot2/tpot_estimator/cross_val_utils.py", line 28, in cross_val_score_objective
    this_fold_pipeline.fit(X_train,y_train)
  File "/common/ketrong/tpotexp/env/lib/python3.10/site-packages/sklearn/base.py", line 1473, in wrapper
    return fit_method(estimator, *args, **kwargs)
  File "/common/ketrong/tpotexp/env/lib/python3.10/site-packages/sklearn/pipeline.py", line 473, in fit
    self._final_estimator.fit(Xt, y, **last_step_params["fit"])
  File "/common/ketrong/tpotexp/env/lib/python3.10/site-packages/sklearn/base.py", line 1473, in wrapper
    return fit_method(estimator, *args, **kwargs)
  File "/common/ketrong/tpotexp/env/lib/python3.10/site-packages/sklearn/ensemble/_forest.py", line 377, in fit
    estimator._compute_missing_values_in_feature_mask(
  File "/common/ketrong/tpotexp/env/lib/python3.10/site-packages/sklearn/tree/_classes.py", line 214, in _compute_missing_values_in_feature_mask
    assert_all_finite(X, **common_kwargs)
  File "/common/ketrong/tpotexp/env/lib/python3.10/site-packages/sklearn/utils/validation.py", line 213, in assert_all_finite
    _assert_all_finite(
  File "/common/ketrong/tpotexp/env/lib/python3.10/site-packages/sklearn/utils/validation.py", line 123, in _assert_all_finite
    _assert_all_finite_element_wise(
  File "/common/ketrong/tpotexp/env/lib/python3.10/site-packages/sklearn/utils/validation.py", line 172, in _assert_all_finite_element_wise
    raise ValueError(msg_err)
ValueError: Input X contains NaN.
ExtraTreesRegressor does not accept missing values encoded as NaN natively. For supervised learning, you might want to consider sklearn.ensemble.HistGradientBoostingClassifier and Regressor which accept missing values encoded as NaNs natively. Alternatively, it is possible to preprocess the data, for instance by using an imputer transformer in a pipeline or drop samples with missing values. See https://scikit-learn.org/stable/modules/impute.html You can find a list of all estimators that handle NaN values at the following page: https://scikit-learn.org/stable/modules/impute.html#estimators-that-handle-nan-values

WARNING AN INDIVIDUAL TIMED OUT: 
 <tpot2.search_spaces.pipelines.sequential.SequentialPipelineIndividual object at 0x155465b29810> 

WARNING AN INDIVIDUAL TIMED OUT: 
 <tpot2.search_spaces.pipelines.sequential.SequentialPipelineIndividual object at 0x155467ab55a0> 

Generation:  12
Best root_mean_squared_error score: -8.724478356134597
Generation:  48%|     | 12/25 [1:48:55<2:04:16, 573.59s/it]WARNING THIS INDIVIDUAL CAUSED AND EXCEPTION 
 <tpot2.search_spaces.pipelines.sequential.SequentialPipelineIndividual object at 0x1554644853f0> 
 The 'criterion' parameter of ExtraTreesRegressor must be a str among {'friedman_mse', 'poisson', 'absolute_error', 'squared_error'}. Got 'mae' instead. 
 Traceback (most recent call last):
  File "/common/ketrong/tpotexp/tpot2/tpot2/utils/eval_utils.py", line 53, in objective_nan_wrapper
    value = func_timeout.func_timeout(timeout, objective_function, args=[individual], kwargs=objective_kwargs)
  File "/common/ketrong/tpotexp/env/lib/python3.10/site-packages/func_timeout/dafunc.py", line 108, in func_timeout
    raise_exception(exception)
  File "/common/ketrong/tpotexp/env/lib/python3.10/site-packages/func_timeout/py3_raise.py", line 7, in raise_exception
    raise exception[0] from None
  File "/common/ketrong/tpotexp/tpot2/tpot2/tpot_estimator/estimator.py", line 623, in objective_function
    return objective_function_generator(
  File "/common/ketrong/tpotexp/tpot2/tpot2/tpot_estimator/estimator_utils.py", line 55, in objective_function_generator
    cv_obj_scores = cross_val_score_objective(sklearn.base.clone(pipeline),x,y,scorers=scorers, cv=cv , fold=step)
  File "/common/ketrong/tpotexp/tpot2/tpot2/tpot_estimator/cross_val_utils.py", line 28, in cross_val_score_objective
    this_fold_pipeline.fit(X_train,y_train)
  File "/common/ketrong/tpotexp/env/lib/python3.10/site-packages/sklearn/base.py", line 1473, in wrapper
    return fit_method(estimator, *args, **kwargs)
  File "/common/ketrong/tpotexp/env/lib/python3.10/site-packages/sklearn/pipeline.py", line 473, in fit
    self._final_estimator.fit(Xt, y, **last_step_params["fit"])
  File "/common/ketrong/tpotexp/env/lib/python3.10/site-packages/sklearn/base.py", line 1466, in wrapper
    estimator._validate_params()
  File "/common/ketrong/tpotexp/env/lib/python3.10/site-packages/sklearn/base.py", line 666, in _validate_params
    validate_parameter_constraints(
  File "/common/ketrong/tpotexp/env/lib/python3.10/site-packages/sklearn/utils/_param_validation.py", line 95, in validate_parameter_constraints
    raise InvalidParameterError(
sklearn.utils._param_validation.InvalidParameterError: The 'criterion' parameter of ExtraTreesRegressor must be a str among {'friedman_mse', 'poisson', 'absolute_error', 'squared_error'}. Got 'mae' instead.

WARNING AN INDIVIDUAL TIMED OUT: 
 <tpot2.search_spaces.pipelines.sequential.SequentialPipelineIndividual object at 0x155474700070> 

WARNING AN INDIVIDUAL TIMED OUT: 
 <tpot2.search_spaces.pipelines.sequential.SequentialPipelineIndividual object at 0x1554660ac310> 

Generation:  13
Best root_mean_squared_error score: -8.724478356134597
Generation:  52%|    | 13/25 [1:59:00<1:56:34, 582.85s/it]WARNING THIS INDIVIDUAL CAUSED AND EXCEPTION 
 <tpot2.search_spaces.pipelines.sequential.SequentialPipelineIndividual object at 0x155467419120> 
 The 'criterion' parameter of ExtraTreesRegressor must be a str among {'friedman_mse', 'poisson', 'absolute_error', 'squared_error'}. Got 'mae' instead. 
 Traceback (most recent call last):
  File "/common/ketrong/tpotexp/tpot2/tpot2/utils/eval_utils.py", line 53, in objective_nan_wrapper
    value = func_timeout.func_timeout(timeout, objective_function, args=[individual], kwargs=objective_kwargs)
  File "/common/ketrong/tpotexp/env/lib/python3.10/site-packages/func_timeout/dafunc.py", line 108, in func_timeout
    raise_exception(exception)
  File "/common/ketrong/tpotexp/env/lib/python3.10/site-packages/func_timeout/py3_raise.py", line 7, in raise_exception
    raise exception[0] from None
  File "/common/ketrong/tpotexp/tpot2/tpot2/tpot_estimator/estimator.py", line 623, in objective_function
    return objective_function_generator(
  File "/common/ketrong/tpotexp/tpot2/tpot2/tpot_estimator/estimator_utils.py", line 55, in objective_function_generator
    cv_obj_scores = cross_val_score_objective(sklearn.base.clone(pipeline),x,y,scorers=scorers, cv=cv , fold=step)
  File "/common/ketrong/tpotexp/tpot2/tpot2/tpot_estimator/cross_val_utils.py", line 28, in cross_val_score_objective
    this_fold_pipeline.fit(X_train,y_train)
  File "/common/ketrong/tpotexp/env/lib/python3.10/site-packages/sklearn/base.py", line 1473, in wrapper
    return fit_method(estimator, *args, **kwargs)
  File "/common/ketrong/tpotexp/env/lib/python3.10/site-packages/sklearn/pipeline.py", line 473, in fit
    self._final_estimator.fit(Xt, y, **last_step_params["fit"])
  File "/common/ketrong/tpotexp/env/lib/python3.10/site-packages/sklearn/base.py", line 1466, in wrapper
    estimator._validate_params()
  File "/common/ketrong/tpotexp/env/lib/python3.10/site-packages/sklearn/base.py", line 666, in _validate_params
    validate_parameter_constraints(
  File "/common/ketrong/tpotexp/env/lib/python3.10/site-packages/sklearn/utils/_param_validation.py", line 95, in validate_parameter_constraints
    raise InvalidParameterError(
sklearn.utils._param_validation.InvalidParameterError: The 'criterion' parameter of ExtraTreesRegressor must be a str among {'friedman_mse', 'poisson', 'absolute_error', 'squared_error'}. Got 'mae' instead.

WARNING AN INDIVIDUAL TIMED OUT: 
 <tpot2.search_spaces.pipelines.sequential.SequentialPipelineIndividual object at 0x15547471e8f0> 

WARNING AN INDIVIDUAL TIMED OUT: 
 <tpot2.search_spaces.pipelines.sequential.SequentialPipelineIndividual object at 0x1554644d5450> 

Generation:  14
Best root_mean_squared_error score: -8.724478356134597
Generation:  56%|    | 14/25 [2:09:04<1:48:04, 589.46s/it]WARNING THIS INDIVIDUAL CAUSED AND EXCEPTION 
 <tpot2.search_spaces.pipelines.sequential.SequentialPipelineIndividual object at 0x155467f22bc0> 
 The 'criterion' parameter of ExtraTreesRegressor must be a str among {'friedman_mse', 'poisson', 'absolute_error', 'squared_error'}. Got 'mae' instead. 
 Traceback (most recent call last):
  File "/common/ketrong/tpotexp/tpot2/tpot2/utils/eval_utils.py", line 53, in objective_nan_wrapper
    value = func_timeout.func_timeout(timeout, objective_function, args=[individual], kwargs=objective_kwargs)
  File "/common/ketrong/tpotexp/env/lib/python3.10/site-packages/func_timeout/dafunc.py", line 108, in func_timeout
    raise_exception(exception)
  File "/common/ketrong/tpotexp/env/lib/python3.10/site-packages/func_timeout/py3_raise.py", line 7, in raise_exception
    raise exception[0] from None
  File "/common/ketrong/tpotexp/tpot2/tpot2/tpot_estimator/estimator.py", line 623, in objective_function
    return objective_function_generator(
  File "/common/ketrong/tpotexp/tpot2/tpot2/tpot_estimator/estimator_utils.py", line 55, in objective_function_generator
    cv_obj_scores = cross_val_score_objective(sklearn.base.clone(pipeline),x,y,scorers=scorers, cv=cv , fold=step)
  File "/common/ketrong/tpotexp/tpot2/tpot2/tpot_estimator/cross_val_utils.py", line 28, in cross_val_score_objective
    this_fold_pipeline.fit(X_train,y_train)
  File "/common/ketrong/tpotexp/env/lib/python3.10/site-packages/sklearn/base.py", line 1473, in wrapper
    return fit_method(estimator, *args, **kwargs)
  File "/common/ketrong/tpotexp/env/lib/python3.10/site-packages/sklearn/pipeline.py", line 473, in fit
    self._final_estimator.fit(Xt, y, **last_step_params["fit"])
  File "/common/ketrong/tpotexp/env/lib/python3.10/site-packages/sklearn/base.py", line 1466, in wrapper
    estimator._validate_params()
  File "/common/ketrong/tpotexp/env/lib/python3.10/site-packages/sklearn/base.py", line 666, in _validate_params
    validate_parameter_constraints(
  File "/common/ketrong/tpotexp/env/lib/python3.10/site-packages/sklearn/utils/_param_validation.py", line 95, in validate_parameter_constraints
    raise InvalidParameterError(
sklearn.utils._param_validation.InvalidParameterError: The 'criterion' parameter of ExtraTreesRegressor must be a str among {'friedman_mse', 'poisson', 'absolute_error', 'squared_error'}. Got 'mae' instead.

WARNING AN INDIVIDUAL TIMED OUT: 
 <tpot2.search_spaces.pipelines.sequential.SequentialPipelineIndividual object at 0x155467eca6b0> 

Generation:  15
Best root_mean_squared_error score: -8.724478356134597
Generation:  60%|    | 15/25 [2:19:07<1:38:55, 593.50s/it]WARNING AN INDIVIDUAL TIMED OUT: 
 <tpot2.search_spaces.pipelines.sequential.SequentialPipelineIndividual object at 0x15546601bbe0> 

WARNING AN INDIVIDUAL TIMED OUT: 
 <tpot2.search_spaces.pipelines.sequential.SequentialPipelineIndividual object at 0x155465c695a0> 

WARNING AN INDIVIDUAL TIMED OUT: 
 <tpot2.search_spaces.pipelines.sequential.SequentialPipelineIndividual object at 0x15547472cc10> 

WARNING AN INDIVIDUAL TIMED OUT: 
 <tpot2.search_spaces.pipelines.sequential.SequentialPipelineIndividual object at 0x155467078340> 

Generation:  16
Best root_mean_squared_error score: -8.715367109258773
Generation:  64%|   | 16/25 [2:29:13<1:29:35, 597.28s/it]WARNING THIS INDIVIDUAL CAUSED AND EXCEPTION 
 <tpot2.search_spaces.pipelines.sequential.SequentialPipelineIndividual object at 0x1554669e46d0> 
 The 'criterion' parameter of DecisionTreeRegressor must be a str among {'friedman_mse', 'poisson', 'absolute_error', 'squared_error'}. Got 'mae' instead. 
 Traceback (most recent call last):
  File "/common/ketrong/tpotexp/tpot2/tpot2/utils/eval_utils.py", line 53, in objective_nan_wrapper
    value = func_timeout.func_timeout(timeout, objective_function, args=[individual], kwargs=objective_kwargs)
  File "/common/ketrong/tpotexp/env/lib/python3.10/site-packages/func_timeout/dafunc.py", line 108, in func_timeout
    raise_exception(exception)
  File "/common/ketrong/tpotexp/env/lib/python3.10/site-packages/func_timeout/py3_raise.py", line 7, in raise_exception
    raise exception[0] from None
  File "/common/ketrong/tpotexp/tpot2/tpot2/tpot_estimator/estimator.py", line 623, in objective_function
    return objective_function_generator(
  File "/common/ketrong/tpotexp/tpot2/tpot2/tpot_estimator/estimator_utils.py", line 55, in objective_function_generator
    cv_obj_scores = cross_val_score_objective(sklearn.base.clone(pipeline),x,y,scorers=scorers, cv=cv , fold=step)
  File "/common/ketrong/tpotexp/tpot2/tpot2/tpot_estimator/cross_val_utils.py", line 28, in cross_val_score_objective
    this_fold_pipeline.fit(X_train,y_train)
  File "/common/ketrong/tpotexp/env/lib/python3.10/site-packages/sklearn/base.py", line 1473, in wrapper
    return fit_method(estimator, *args, **kwargs)
  File "/common/ketrong/tpotexp/env/lib/python3.10/site-packages/sklearn/pipeline.py", line 473, in fit
    self._final_estimator.fit(Xt, y, **last_step_params["fit"])
  File "/common/ketrong/tpotexp/env/lib/python3.10/site-packages/sklearn/base.py", line 1466, in wrapper
    estimator._validate_params()
  File "/common/ketrong/tpotexp/env/lib/python3.10/site-packages/sklearn/base.py", line 666, in _validate_params
    validate_parameter_constraints(
  File "/common/ketrong/tpotexp/env/lib/python3.10/site-packages/sklearn/utils/_param_validation.py", line 95, in validate_parameter_constraints
    raise InvalidParameterError(
sklearn.utils._param_validation.InvalidParameterError: The 'criterion' parameter of DecisionTreeRegressor must be a str among {'friedman_mse', 'poisson', 'absolute_error', 'squared_error'}. Got 'mae' instead.

WARNING AN INDIVIDUAL TIMED OUT: 
 <tpot2.search_spaces.pipelines.sequential.SequentialPipelineIndividual object at 0x155467ee7c40> 

Generation:  17
Best root_mean_squared_error score: -8.715367109258773
Generation:  68%|   | 17/25 [2:39:17<1:19:54, 599.33s/it]WARNING THIS INDIVIDUAL CAUSED AND EXCEPTION 
 <tpot2.search_spaces.pipelines.sequential.SequentialPipelineIndividual object at 0x1554531356c0> 
 The 'criterion' parameter of RandomForestRegressor must be a str among {'friedman_mse', 'poisson', 'absolute_error', 'squared_error'}. Got 'mae' instead. 
 Traceback (most recent call last):
  File "/common/ketrong/tpotexp/tpot2/tpot2/utils/eval_utils.py", line 53, in objective_nan_wrapper
    value = func_timeout.func_timeout(timeout, objective_function, args=[individual], kwargs=objective_kwargs)
  File "/common/ketrong/tpotexp/env/lib/python3.10/site-packages/func_timeout/dafunc.py", line 108, in func_timeout
    raise_exception(exception)
  File "/common/ketrong/tpotexp/env/lib/python3.10/site-packages/func_timeout/py3_raise.py", line 7, in raise_exception
    raise exception[0] from None
  File "/common/ketrong/tpotexp/tpot2/tpot2/tpot_estimator/estimator.py", line 623, in objective_function
    return objective_function_generator(
  File "/common/ketrong/tpotexp/tpot2/tpot2/tpot_estimator/estimator_utils.py", line 55, in objective_function_generator
    cv_obj_scores = cross_val_score_objective(sklearn.base.clone(pipeline),x,y,scorers=scorers, cv=cv , fold=step)
  File "/common/ketrong/tpotexp/tpot2/tpot2/tpot_estimator/cross_val_utils.py", line 28, in cross_val_score_objective
    this_fold_pipeline.fit(X_train,y_train)
  File "/common/ketrong/tpotexp/env/lib/python3.10/site-packages/sklearn/base.py", line 1473, in wrapper
    return fit_method(estimator, *args, **kwargs)
  File "/common/ketrong/tpotexp/env/lib/python3.10/site-packages/sklearn/pipeline.py", line 473, in fit
    self._final_estimator.fit(Xt, y, **last_step_params["fit"])
  File "/common/ketrong/tpotexp/env/lib/python3.10/site-packages/sklearn/base.py", line 1466, in wrapper
    estimator._validate_params()
  File "/common/ketrong/tpotexp/env/lib/python3.10/site-packages/sklearn/base.py", line 666, in _validate_params
    validate_parameter_constraints(
  File "/common/ketrong/tpotexp/env/lib/python3.10/site-packages/sklearn/utils/_param_validation.py", line 95, in validate_parameter_constraints
    raise InvalidParameterError(
sklearn.utils._param_validation.InvalidParameterError: The 'criterion' parameter of RandomForestRegressor must be a str among {'friedman_mse', 'poisson', 'absolute_error', 'squared_error'}. Got 'mae' instead.

WARNING AN INDIVIDUAL TIMED OUT: 
 <tpot2.search_spaces.pipelines.sequential.SequentialPipelineIndividual object at 0x155467f06740> 

WARNING AN INDIVIDUAL TIMED OUT: 
 <tpot2.search_spaces.pipelines.sequential.SequentialPipelineIndividual object at 0x1554664f28f0> 

WARNING AN INDIVIDUAL TIMED OUT: 
 <tpot2.search_spaces.pipelines.sequential.SequentialPipelineIndividual object at 0x1554655b0130> 

Generation:  18
Best root_mean_squared_error score: -8.715367109258773
Generation:  72%|  | 18/25 [2:49:23<1:10:09, 601.35s/it]WARNING THIS INDIVIDUAL CAUSED AND EXCEPTION 
 <tpot2.search_spaces.pipelines.sequential.SequentialPipelineIndividual object at 0x155466bbdd80> 
 The 'criterion' parameter of RandomForestRegressor must be a str among {'friedman_mse', 'poisson', 'absolute_error', 'squared_error'}. Got 'mae' instead. 
 Traceback (most recent call last):
  File "/common/ketrong/tpotexp/tpot2/tpot2/utils/eval_utils.py", line 53, in objective_nan_wrapper
    value = func_timeout.func_timeout(timeout, objective_function, args=[individual], kwargs=objective_kwargs)
  File "/common/ketrong/tpotexp/env/lib/python3.10/site-packages/func_timeout/dafunc.py", line 108, in func_timeout
    raise_exception(exception)
  File "/common/ketrong/tpotexp/env/lib/python3.10/site-packages/func_timeout/py3_raise.py", line 7, in raise_exception
    raise exception[0] from None
  File "/common/ketrong/tpotexp/tpot2/tpot2/tpot_estimator/estimator.py", line 623, in objective_function
    return objective_function_generator(
  File "/common/ketrong/tpotexp/tpot2/tpot2/tpot_estimator/estimator_utils.py", line 55, in objective_function_generator
    cv_obj_scores = cross_val_score_objective(sklearn.base.clone(pipeline),x,y,scorers=scorers, cv=cv , fold=step)
  File "/common/ketrong/tpotexp/tpot2/tpot2/tpot_estimator/cross_val_utils.py", line 28, in cross_val_score_objective
    this_fold_pipeline.fit(X_train,y_train)
  File "/common/ketrong/tpotexp/env/lib/python3.10/site-packages/sklearn/base.py", line 1473, in wrapper
    return fit_method(estimator, *args, **kwargs)
  File "/common/ketrong/tpotexp/env/lib/python3.10/site-packages/sklearn/pipeline.py", line 473, in fit
    self._final_estimator.fit(Xt, y, **last_step_params["fit"])
  File "/common/ketrong/tpotexp/env/lib/python3.10/site-packages/sklearn/base.py", line 1466, in wrapper
    estimator._validate_params()
  File "/common/ketrong/tpotexp/env/lib/python3.10/site-packages/sklearn/base.py", line 666, in _validate_params
    validate_parameter_constraints(
  File "/common/ketrong/tpotexp/env/lib/python3.10/site-packages/sklearn/utils/_param_validation.py", line 95, in validate_parameter_constraints
    raise InvalidParameterError(
sklearn.utils._param_validation.InvalidParameterError: The 'criterion' parameter of RandomForestRegressor must be a str among {'friedman_mse', 'poisson', 'absolute_error', 'squared_error'}. Got 'mae' instead.

WARNING AN INDIVIDUAL TIMED OUT: 
 <tpot2.search_spaces.pipelines.sequential.SequentialPipelineIndividual object at 0x155466fa0580> 

Generation:  19
Best root_mean_squared_error score: -8.703413224921633
Generation:  76%|  | 19/25 [2:59:27<1:00:12, 602.00s/it]WARNING THIS INDIVIDUAL CAUSED AND EXCEPTION 
 <tpot2.search_spaces.pipelines.sequential.SequentialPipelineIndividual object at 0x155464fcea70> 
 The 'criterion' parameter of ExtraTreesRegressor must be a str among {'friedman_mse', 'poisson', 'absolute_error', 'squared_error'}. Got 'mae' instead. 
 Traceback (most recent call last):
  File "/common/ketrong/tpotexp/tpot2/tpot2/utils/eval_utils.py", line 53, in objective_nan_wrapper
    value = func_timeout.func_timeout(timeout, objective_function, args=[individual], kwargs=objective_kwargs)
  File "/common/ketrong/tpotexp/env/lib/python3.10/site-packages/func_timeout/dafunc.py", line 108, in func_timeout
    raise_exception(exception)
  File "/common/ketrong/tpotexp/env/lib/python3.10/site-packages/func_timeout/py3_raise.py", line 7, in raise_exception
    raise exception[0] from None
  File "/common/ketrong/tpotexp/tpot2/tpot2/tpot_estimator/estimator.py", line 623, in objective_function
    return objective_function_generator(
  File "/common/ketrong/tpotexp/tpot2/tpot2/tpot_estimator/estimator_utils.py", line 55, in objective_function_generator
    cv_obj_scores = cross_val_score_objective(sklearn.base.clone(pipeline),x,y,scorers=scorers, cv=cv , fold=step)
  File "/common/ketrong/tpotexp/tpot2/tpot2/tpot_estimator/cross_val_utils.py", line 28, in cross_val_score_objective
    this_fold_pipeline.fit(X_train,y_train)
  File "/common/ketrong/tpotexp/env/lib/python3.10/site-packages/sklearn/base.py", line 1473, in wrapper
    return fit_method(estimator, *args, **kwargs)
  File "/common/ketrong/tpotexp/env/lib/python3.10/site-packages/sklearn/pipeline.py", line 473, in fit
    self._final_estimator.fit(Xt, y, **last_step_params["fit"])
  File "/common/ketrong/tpotexp/env/lib/python3.10/site-packages/sklearn/base.py", line 1466, in wrapper
    estimator._validate_params()
  File "/common/ketrong/tpotexp/env/lib/python3.10/site-packages/sklearn/base.py", line 666, in _validate_params
    validate_parameter_constraints(
  File "/common/ketrong/tpotexp/env/lib/python3.10/site-packages/sklearn/utils/_param_validation.py", line 95, in validate_parameter_constraints
    raise InvalidParameterError(
sklearn.utils._param_validation.InvalidParameterError: The 'criterion' parameter of ExtraTreesRegressor must be a str among {'friedman_mse', 'poisson', 'absolute_error', 'squared_error'}. Got 'mae' instead.

WARNING AN INDIVIDUAL TIMED OUT: 
 <tpot2.search_spaces.pipelines.sequential.SequentialPipelineIndividual object at 0x15546579b9a0> 

WARNING AN INDIVIDUAL TIMED OUT: 
 <tpot2.search_spaces.pipelines.sequential.SequentialPipelineIndividual object at 0x1554660af490> 

Generation:  20
Best root_mean_squared_error score: -8.703413224921633
Generation:  80%|  | 20/25 [3:09:31<50:12, 602.54s/it]  WARNING AN INDIVIDUAL TIMED OUT: 
 <tpot2.search_spaces.pipelines.sequential.SequentialPipelineIndividual object at 0x15546452f490> 

Generation:  21
Best root_mean_squared_error score: -8.703413224921633
Generation:  84%| | 21/25 [3:19:37<40:14, 603.60s/it]WARNING THIS INDIVIDUAL CAUSED AND EXCEPTION 
 <tpot2.search_spaces.pipelines.sequential.SequentialPipelineIndividual object at 0x155464e2f5b0> 
 The 'criterion' parameter of RandomForestRegressor must be a str among {'friedman_mse', 'poisson', 'absolute_error', 'squared_error'}. Got 'mae' instead. 
 Traceback (most recent call last):
  File "/common/ketrong/tpotexp/tpot2/tpot2/utils/eval_utils.py", line 53, in objective_nan_wrapper
    value = func_timeout.func_timeout(timeout, objective_function, args=[individual], kwargs=objective_kwargs)
  File "/common/ketrong/tpotexp/env/lib/python3.10/site-packages/func_timeout/dafunc.py", line 108, in func_timeout
    raise_exception(exception)
  File "/common/ketrong/tpotexp/env/lib/python3.10/site-packages/func_timeout/py3_raise.py", line 7, in raise_exception
    raise exception[0] from None
  File "/common/ketrong/tpotexp/tpot2/tpot2/tpot_estimator/estimator.py", line 623, in objective_function
    return objective_function_generator(
  File "/common/ketrong/tpotexp/tpot2/tpot2/tpot_estimator/estimator_utils.py", line 55, in objective_function_generator
    cv_obj_scores = cross_val_score_objective(sklearn.base.clone(pipeline),x,y,scorers=scorers, cv=cv , fold=step)
  File "/common/ketrong/tpotexp/tpot2/tpot2/tpot_estimator/cross_val_utils.py", line 28, in cross_val_score_objective
    this_fold_pipeline.fit(X_train,y_train)
  File "/common/ketrong/tpotexp/env/lib/python3.10/site-packages/sklearn/base.py", line 1473, in wrapper
    return fit_method(estimator, *args, **kwargs)
  File "/common/ketrong/tpotexp/env/lib/python3.10/site-packages/sklearn/pipeline.py", line 473, in fit
    self._final_estimator.fit(Xt, y, **last_step_params["fit"])
  File "/common/ketrong/tpotexp/env/lib/python3.10/site-packages/sklearn/base.py", line 1466, in wrapper
    estimator._validate_params()
  File "/common/ketrong/tpotexp/env/lib/python3.10/site-packages/sklearn/base.py", line 666, in _validate_params
    validate_parameter_constraints(
  File "/common/ketrong/tpotexp/env/lib/python3.10/site-packages/sklearn/utils/_param_validation.py", line 95, in validate_parameter_constraints
    raise InvalidParameterError(
sklearn.utils._param_validation.InvalidParameterError: The 'criterion' parameter of RandomForestRegressor must be a str among {'friedman_mse', 'poisson', 'absolute_error', 'squared_error'}. Got 'mae' instead.

WARNING THIS INDIVIDUAL CAUSED AND EXCEPTION 
 <tpot2.search_spaces.pipelines.sequential.SequentialPipelineIndividual object at 0x15546588d9f0> 
 The 'criterion' parameter of DecisionTreeRegressor must be a str among {'friedman_mse', 'poisson', 'absolute_error', 'squared_error'}. Got 'mae' instead. 
 Traceback (most recent call last):
  File "/common/ketrong/tpotexp/tpot2/tpot2/utils/eval_utils.py", line 53, in objective_nan_wrapper
    value = func_timeout.func_timeout(timeout, objective_function, args=[individual], kwargs=objective_kwargs)
  File "/common/ketrong/tpotexp/env/lib/python3.10/site-packages/func_timeout/dafunc.py", line 108, in func_timeout
    raise_exception(exception)
  File "/common/ketrong/tpotexp/env/lib/python3.10/site-packages/func_timeout/py3_raise.py", line 7, in raise_exception
    raise exception[0] from None
  File "/common/ketrong/tpotexp/tpot2/tpot2/tpot_estimator/estimator.py", line 623, in objective_function
    return objective_function_generator(
  File "/common/ketrong/tpotexp/tpot2/tpot2/tpot_estimator/estimator_utils.py", line 55, in objective_function_generator
    cv_obj_scores = cross_val_score_objective(sklearn.base.clone(pipeline),x,y,scorers=scorers, cv=cv , fold=step)
  File "/common/ketrong/tpotexp/tpot2/tpot2/tpot_estimator/cross_val_utils.py", line 28, in cross_val_score_objective
    this_fold_pipeline.fit(X_train,y_train)
  File "/common/ketrong/tpotexp/env/lib/python3.10/site-packages/sklearn/base.py", line 1473, in wrapper
    return fit_method(estimator, *args, **kwargs)
  File "/common/ketrong/tpotexp/env/lib/python3.10/site-packages/sklearn/pipeline.py", line 473, in fit
    self._final_estimator.fit(Xt, y, **last_step_params["fit"])
  File "/common/ketrong/tpotexp/env/lib/python3.10/site-packages/sklearn/base.py", line 1466, in wrapper
    estimator._validate_params()
  File "/common/ketrong/tpotexp/env/lib/python3.10/site-packages/sklearn/base.py", line 666, in _validate_params
    validate_parameter_constraints(
  File "/common/ketrong/tpotexp/env/lib/python3.10/site-packages/sklearn/utils/_param_validation.py", line 95, in validate_parameter_constraints
    raise InvalidParameterError(
sklearn.utils._param_validation.InvalidParameterError: The 'criterion' parameter of DecisionTreeRegressor must be a str among {'friedman_mse', 'poisson', 'absolute_error', 'squared_error'}. Got 'mae' instead.

WARNING AN INDIVIDUAL TIMED OUT: 
 <tpot2.search_spaces.pipelines.sequential.SequentialPipelineIndividual object at 0x155464498850> 

WARNING AN INDIVIDUAL TIMED OUT: 
 <tpot2.search_spaces.pipelines.sequential.SequentialPipelineIndividual object at 0x15545413f130> 

Generation:  22
Best root_mean_squared_error score: -8.701191313888312
Generation:  88%| | 22/25 [3:29:40<30:10, 603.50s/it]WARNING THIS INDIVIDUAL CAUSED AND EXCEPTION 
 <tpot2.search_spaces.pipelines.sequential.SequentialPipelineIndividual object at 0x155465bb6a40> 
 The 'criterion' parameter of RandomForestRegressor must be a str among {'friedman_mse', 'poisson', 'absolute_error', 'squared_error'}. Got 'mae' instead. 
 Traceback (most recent call last):
  File "/common/ketrong/tpotexp/tpot2/tpot2/utils/eval_utils.py", line 53, in objective_nan_wrapper
    value = func_timeout.func_timeout(timeout, objective_function, args=[individual], kwargs=objective_kwargs)
  File "/common/ketrong/tpotexp/env/lib/python3.10/site-packages/func_timeout/dafunc.py", line 108, in func_timeout
    raise_exception(exception)
  File "/common/ketrong/tpotexp/env/lib/python3.10/site-packages/func_timeout/py3_raise.py", line 7, in raise_exception
    raise exception[0] from None
  File "/common/ketrong/tpotexp/tpot2/tpot2/tpot_estimator/estimator.py", line 623, in objective_function
    return objective_function_generator(
  File "/common/ketrong/tpotexp/tpot2/tpot2/tpot_estimator/estimator_utils.py", line 55, in objective_function_generator
    cv_obj_scores = cross_val_score_objective(sklearn.base.clone(pipeline),x,y,scorers=scorers, cv=cv , fold=step)
  File "/common/ketrong/tpotexp/tpot2/tpot2/tpot_estimator/cross_val_utils.py", line 28, in cross_val_score_objective
    this_fold_pipeline.fit(X_train,y_train)
  File "/common/ketrong/tpotexp/env/lib/python3.10/site-packages/sklearn/base.py", line 1473, in wrapper
    return fit_method(estimator, *args, **kwargs)
  File "/common/ketrong/tpotexp/env/lib/python3.10/site-packages/sklearn/pipeline.py", line 473, in fit
    self._final_estimator.fit(Xt, y, **last_step_params["fit"])
  File "/common/ketrong/tpotexp/env/lib/python3.10/site-packages/sklearn/base.py", line 1466, in wrapper
    estimator._validate_params()
  File "/common/ketrong/tpotexp/env/lib/python3.10/site-packages/sklearn/base.py", line 666, in _validate_params
    validate_parameter_constraints(
  File "/common/ketrong/tpotexp/env/lib/python3.10/site-packages/sklearn/utils/_param_validation.py", line 95, in validate_parameter_constraints
    raise InvalidParameterError(
sklearn.utils._param_validation.InvalidParameterError: The 'criterion' parameter of RandomForestRegressor must be a str among {'friedman_mse', 'poisson', 'absolute_error', 'squared_error'}. Got 'mae' instead.

WARNING AN INDIVIDUAL TIMED OUT: 
 <tpot2.search_spaces.pipelines.sequential.SequentialPipelineIndividual object at 0x15546596c2b0> 

Generation:  23
Best root_mean_squared_error score: -8.701191313888312
Generation:  92%|| 23/25 [3:39:45<20:07, 603.77s/it]WARNING THIS INDIVIDUAL CAUSED AND EXCEPTION 
 <tpot2.search_spaces.pipelines.sequential.SequentialPipelineIndividual object at 0x1554746f6560> 
 The 'criterion' parameter of RandomForestRegressor must be a str among {'friedman_mse', 'poisson', 'absolute_error', 'squared_error'}. Got 'mse' instead. 
 Traceback (most recent call last):
  File "/common/ketrong/tpotexp/tpot2/tpot2/utils/eval_utils.py", line 53, in objective_nan_wrapper
    value = func_timeout.func_timeout(timeout, objective_function, args=[individual], kwargs=objective_kwargs)
  File "/common/ketrong/tpotexp/env/lib/python3.10/site-packages/func_timeout/dafunc.py", line 108, in func_timeout
    raise_exception(exception)
  File "/common/ketrong/tpotexp/env/lib/python3.10/site-packages/func_timeout/py3_raise.py", line 7, in raise_exception
    raise exception[0] from None
  File "/common/ketrong/tpotexp/tpot2/tpot2/tpot_estimator/estimator.py", line 623, in objective_function
    return objective_function_generator(
  File "/common/ketrong/tpotexp/tpot2/tpot2/tpot_estimator/estimator_utils.py", line 55, in objective_function_generator
    cv_obj_scores = cross_val_score_objective(sklearn.base.clone(pipeline),x,y,scorers=scorers, cv=cv , fold=step)
  File "/common/ketrong/tpotexp/tpot2/tpot2/tpot_estimator/cross_val_utils.py", line 28, in cross_val_score_objective
    this_fold_pipeline.fit(X_train,y_train)
  File "/common/ketrong/tpotexp/env/lib/python3.10/site-packages/sklearn/base.py", line 1473, in wrapper
    return fit_method(estimator, *args, **kwargs)
  File "/common/ketrong/tpotexp/env/lib/python3.10/site-packages/sklearn/pipeline.py", line 473, in fit
    self._final_estimator.fit(Xt, y, **last_step_params["fit"])
  File "/common/ketrong/tpotexp/env/lib/python3.10/site-packages/sklearn/base.py", line 1466, in wrapper
    estimator._validate_params()
  File "/common/ketrong/tpotexp/env/lib/python3.10/site-packages/sklearn/base.py", line 666, in _validate_params
    validate_parameter_constraints(
  File "/common/ketrong/tpotexp/env/lib/python3.10/site-packages/sklearn/utils/_param_validation.py", line 95, in validate_parameter_constraints
    raise InvalidParameterError(
sklearn.utils._param_validation.InvalidParameterError: The 'criterion' parameter of RandomForestRegressor must be a str among {'friedman_mse', 'poisson', 'absolute_error', 'squared_error'}. Got 'mse' instead.

WARNING AN INDIVIDUAL TIMED OUT: 
 <tpot2.search_spaces.pipelines.sequential.SequentialPipelineIndividual object at 0x1554676f1240> 

Generation:  24
Best root_mean_squared_error score: -8.698494784460244
Generation:  96%|| 24/25 [3:49:49<10:03, 603.87s/it]WARNING AN INDIVIDUAL TIMED OUT: 
 <tpot2.search_spaces.pipelines.sequential.SequentialPipelineIndividual object at 0x15546596ea40> 

WARNING AN INDIVIDUAL TIMED OUT: 
 <tpot2.search_spaces.pipelines.sequential.SequentialPipelineIndividual object at 0x155464674940> 

Generation:  25
Best root_mean_squared_error score: -8.698494784460244
Generation: 100%|| 25/25 [3:59:55<00:00, 604.55s/it]Generation: 100%|| 25/25 [3:59:55<00:00, 575.81s/it]
2024-10-11 01:25:50,647 - distributed.scheduler - ERROR - Removing worker 'tcp://127.0.0.1:36301' caused the cluster to lose scattered data, which can't be recovered: {'DataFrame-9b492617203538632e42fe3a58de2d85', 'DataFrame-70dc4b4a96ffd02f40ab83f3d78e4b30'} (stimulus_id='handle-worker-cleanup-1728635150.647423')
Fitted
Pipeline(steps=[('simpleimputer', SimpleImputer(strategy='constant')),
                ('lgbmregressor',
                 LGBMRegressor(max_depth=8, n_estimators=70, n_jobs=1,
                               num_leaves=24, verbose=-1))])
transform worked
try transform
transform worked
score start
train score: {'explained_var': 0.31954873401945216, 'r2': 0.31954873401945216, 'rmse': 8.564438489222338}
test score: {'explained_var': 0.09367517604238951, 'r2': 0.08820543295662708, 'rmse': 9.942918874452713}
original test score: {'explained_var': 0.2586022384775658, 'r2': 0.25574980928848867, 'rmse': 8.983071847171175}
score end
1213
lvl
0.5
type
MAR
num_run
2
reg_full
finished
all finished
full run takes
14.636466118163533
hours
DONE
