Run: 39
/cm/local/apps/slurm/var/spool/job1025272/slurm_script: line 26: 
pip install -e tpot2
pip install -r tpot2/ImputerExperiments/requirements_.txt
: No such file or directory
RunStart
Version 0.1.7a0 of tpot2 is outdated. Version 0.1.8a0 was released Tuesday September 17, 2024.
starting loops
../data/c/737/737.pkl
working on 
../data/c/737/class_simple_MCAR_0.3_2
1.8087167739868164
running experiment 1/3 - Does large hyperparameter space improve reconstruction accuracy over simple
[I 2024-10-26 09:33:51,251] A new study created in memory with name: no-name-4d90dfc8-fb4e-421d-a3e2-59678fc6720a
running
running
running
running
running
running
running
running
running
running
running
running
running
[I 2024-10-26 09:33:51,443] Trial 6 finished with value: 0.17417029594704508 and parameters: {'model_name': 'SimpleImputer', 'strategy': 'mean'}. Best is trial 6 with value: 0.17417029594704508.
running
[I 2024-10-26 09:33:51,571] Trial 4 finished with value: 0.46613205930118545 and parameters: {'model_name': 'SimpleImputer', 'strategy': 'constant'}. Best is trial 6 with value: 0.17417029594704508.
running
[I 2024-10-26 09:33:51,688] Trial 2 finished with value: 0.46613205930118545 and parameters: {'model_name': 'SimpleImputer', 'strategy': 'constant'}. Best is trial 6 with value: 0.17417029594704508.
running
[I 2024-10-26 09:33:51,787] Trial 3 finished with value: 0.12404395593296429 and parameters: {'model_name': 'SimpleImputer', 'strategy': 'median'}. Best is trial 3 with value: 0.12404395593296429.
[I 2024-10-26 09:33:51,934] Trial 9 finished with value: 0.17417029594704508 and parameters: {'model_name': 'SimpleImputer', 'strategy': 'mean'}. Best is trial 3 with value: 0.12404395593296429.
[I 2024-10-26 09:33:52,026] Trial 8 finished with value: 0.46613205930118545 and parameters: {'model_name': 'SimpleImputer', 'strategy': 'constant'}. Best is trial 3 with value: 0.12404395593296429.
running
[I 2024-10-26 09:33:52,131] Trial 5 finished with value: 0.17417029594704508 and parameters: {'model_name': 'SimpleImputer', 'strategy': 'mean'}. Best is trial 3 with value: 0.12404395593296429.
running
running
running
running
[I 2024-10-26 09:33:52,293] Trial 7 finished with value: 0.17417029594704508 and parameters: {'model_name': 'SimpleImputer', 'strategy': 'mean'}. Best is trial 3 with value: 0.12404395593296429.
running
running
running
[I 2024-10-26 09:33:52,494] Trial 20 finished with value: 0.46613205930118545 and parameters: {'model_name': 'SimpleImputer', 'strategy': 'constant'}. Best is trial 3 with value: 0.12404395593296429.
[I 2024-10-26 09:33:52,656] Trial 17 finished with value: 0.17417029594704508 and parameters: {'model_name': 'SimpleImputer', 'strategy': 'mean'}. Best is trial 3 with value: 0.12404395593296429.
[I 2024-10-26 09:33:52,769] Trial 16 finished with value: 0.17417029594704508 and parameters: {'model_name': 'SimpleImputer', 'strategy': 'mean'}. Best is trial 3 with value: 0.12404395593296429.
running
[I 2024-10-26 09:33:52,893] Trial 13 finished with value: 0.46613205930118545 and parameters: {'model_name': 'SimpleImputer', 'strategy': 'most_frequent'}. Best is trial 3 with value: 0.12404395593296429.
running
running
[I 2024-10-26 09:33:53,020] Trial 22 finished with value: 0.46613205930118545 and parameters: {'model_name': 'SimpleImputer', 'strategy': 'constant'}. Best is trial 3 with value: 0.12404395593296429.
running
[I 2024-10-26 09:33:53,155] Trial 18 finished with value: 0.46613205930118545 and parameters: {'model_name': 'SimpleImputer', 'strategy': 'constant'}. Best is trial 3 with value: 0.12404395593296429.
running
[I 2024-10-26 09:33:53,258] Trial 14 finished with value: 0.12404395593296429 and parameters: {'model_name': 'SimpleImputer', 'strategy': 'median'}. Best is trial 3 with value: 0.12404395593296429.
[I 2024-10-26 09:33:53,259] Trial 0 finished with value: 0.46613205930118545 and parameters: {'model_name': 'SimpleImputer', 'strategy': 'most_frequent'}. Best is trial 3 with value: 0.12404395593296429.
[I 2024-10-26 09:33:53,351] Trial 10 finished with value: 0.17417029594704508 and parameters: {'model_name': 'SimpleImputer', 'strategy': 'mean'}. Best is trial 3 with value: 0.12404395593296429.
running
[I 2024-10-26 09:33:53,442] Trial 11 finished with value: 0.12404395593296429 and parameters: {'model_name': 'SimpleImputer', 'strategy': 'median'}. Best is trial 3 with value: 0.12404395593296429.
[I 2024-10-26 09:33:53,548] Trial 15 finished with value: 0.17417029594704508 and parameters: {'model_name': 'SimpleImputer', 'strategy': 'mean'}. Best is trial 3 with value: 0.12404395593296429.
running
[I 2024-10-26 09:33:53,757] Trial 12 finished with value: 0.12404395593296429 and parameters: {'model_name': 'SimpleImputer', 'strategy': 'median'}. Best is trial 3 with value: 0.12404395593296429.
running
running
running
[I 2024-10-26 09:33:53,929] Trial 1 finished with value: 0.46613205930118545 and parameters: {'model_name': 'SimpleImputer', 'strategy': 'most_frequent'}. Best is trial 3 with value: 0.12404395593296429.
running
[I 2024-10-26 09:33:54,078] Trial 21 finished with value: 0.46613205930118545 and parameters: {'model_name': 'SimpleImputer', 'strategy': 'most_frequent'}. Best is trial 3 with value: 0.12404395593296429.
[I 2024-10-26 09:33:54,082] Trial 23 finished with value: 0.46613205930118545 and parameters: {'model_name': 'SimpleImputer', 'strategy': 'most_frequent'}. Best is trial 3 with value: 0.12404395593296429.
[I 2024-10-26 09:33:54,092] Trial 19 finished with value: 0.46613205930118545 and parameters: {'model_name': 'SimpleImputer', 'strategy': 'most_frequent'}. Best is trial 3 with value: 0.12404395593296429.
running
running
running
running
running
[I 2024-10-26 09:33:54,523] Trial 27 finished with value: 0.12404395593296429 and parameters: {'model_name': 'SimpleImputer', 'strategy': 'median'}. Best is trial 3 with value: 0.12404395593296429.
[I 2024-10-26 09:33:54,620] Trial 26 finished with value: 0.12404395593296429 and parameters: {'model_name': 'SimpleImputer', 'strategy': 'median'}. Best is trial 3 with value: 0.12404395593296429.
running
[I 2024-10-26 09:33:54,629] Trial 28 finished with value: 0.12404395593296429 and parameters: {'model_name': 'SimpleImputer', 'strategy': 'median'}. Best is trial 3 with value: 0.12404395593296429.
[I 2024-10-26 09:33:54,748] Trial 34 finished with value: 0.12404395593296429 and parameters: {'model_name': 'SimpleImputer', 'strategy': 'median'}. Best is trial 3 with value: 0.12404395593296429.
[I 2024-10-26 09:33:54,937] Trial 24 finished with value: 0.12404395593296429 and parameters: {'model_name': 'SimpleImputer', 'strategy': 'median'}. Best is trial 3 with value: 0.12404395593296429.
running
running
[I 2024-10-26 09:33:55,066] Trial 25 finished with value: 0.12404395593296429 and parameters: {'model_name': 'SimpleImputer', 'strategy': 'median'}. Best is trial 3 with value: 0.12404395593296429.
running
running
running
[I 2024-10-26 09:33:55,192] Trial 33 finished with value: 0.12404395593296429 and parameters: {'model_name': 'SimpleImputer', 'strategy': 'median'}. Best is trial 3 with value: 0.12404395593296429.
running
[I 2024-10-26 09:33:55,403] Trial 32 finished with value: 0.12404395593296429 and parameters: {'model_name': 'SimpleImputer', 'strategy': 'median'}. Best is trial 3 with value: 0.12404395593296429.
running
[I 2024-10-26 09:33:55,589] Trial 30 finished with value: 0.12404395593296429 and parameters: {'model_name': 'SimpleImputer', 'strategy': 'median'}. Best is trial 3 with value: 0.12404395593296429.
running
[I 2024-10-26 09:33:55,725] Trial 35 finished with value: 0.12404395593296429 and parameters: {'model_name': 'SimpleImputer', 'strategy': 'median'}. Best is trial 3 with value: 0.12404395593296429.
[I 2024-10-26 09:33:55,820] Trial 36 finished with value: 0.12404395593296429 and parameters: {'model_name': 'SimpleImputer', 'strategy': 'median'}. Best is trial 3 with value: 0.12404395593296429.
[I 2024-10-26 09:33:55,916] Trial 40 finished with value: 0.12404395593296429 and parameters: {'model_name': 'SimpleImputer', 'strategy': 'median'}. Best is trial 3 with value: 0.12404395593296429.
[I 2024-10-26 09:33:56,032] Trial 41 finished with value: 0.12404395593296429 and parameters: {'model_name': 'SimpleImputer', 'strategy': 'median'}. Best is trial 3 with value: 0.12404395593296429.
running
running
running
[I 2024-10-26 09:33:56,040] Trial 42 finished with value: 0.12404395593296429 and parameters: {'model_name': 'SimpleImputer', 'strategy': 'median'}. Best is trial 3 with value: 0.12404395593296429.
running
[I 2024-10-26 09:33:56,041] Trial 31 finished with value: 0.12404395593296429 and parameters: {'model_name': 'SimpleImputer', 'strategy': 'median'}. Best is trial 3 with value: 0.12404395593296429.
[I 2024-10-26 09:33:56,085] Trial 37 finished with value: 0.12404395593296429 and parameters: {'model_name': 'SimpleImputer', 'strategy': 'median'}. Best is trial 3 with value: 0.12404395593296429.
running
running
running
[I 2024-10-26 09:33:56,308] Trial 39 finished with value: 0.12404395593296429 and parameters: {'model_name': 'SimpleImputer', 'strategy': 'median'}. Best is trial 3 with value: 0.12404395593296429.
[I 2024-10-26 09:33:56,502] Trial 44 finished with value: 0.12404395593296429 and parameters: {'model_name': 'SimpleImputer', 'strategy': 'median'}. Best is trial 3 with value: 0.12404395593296429.
running
[I 2024-10-26 09:33:56,516] Trial 38 finished with value: 0.12404395593296429 and parameters: {'model_name': 'SimpleImputer', 'strategy': 'median'}. Best is trial 3 with value: 0.12404395593296429.
running
running
[I 2024-10-26 09:33:56,723] Trial 29 finished with value: 0.12404395593296429 and parameters: {'model_name': 'SimpleImputer', 'strategy': 'median'}. Best is trial 3 with value: 0.12404395593296429.
[I 2024-10-26 09:33:56,965] Trial 46 finished with value: 0.12404395593296429 and parameters: {'model_name': 'SimpleImputer', 'strategy': 'median'}. Best is trial 3 with value: 0.12404395593296429.
running
[I 2024-10-26 09:33:56,975] Trial 43 finished with value: 0.12404395593296429 and parameters: {'model_name': 'SimpleImputer', 'strategy': 'median'}. Best is trial 3 with value: 0.12404395593296429.
[I 2024-10-26 09:33:56,995] Trial 45 finished with value: 0.12404395593296429 and parameters: {'model_name': 'SimpleImputer', 'strategy': 'median'}. Best is trial 3 with value: 0.12404395593296429.
[I 2024-10-26 09:33:57,318] Trial 47 finished with value: 0.12404395593296429 and parameters: {'model_name': 'SimpleImputer', 'strategy': 'median'}. Best is trial 3 with value: 0.12404395593296429.
running
running
running
[I 2024-10-26 09:33:57,490] Trial 49 finished with value: 0.12404395593296429 and parameters: {'model_name': 'SimpleImputer', 'strategy': 'median'}. Best is trial 3 with value: 0.12404395593296429.
running
[I 2024-10-26 09:33:57,602] Trial 53 finished with value: 0.12404395593296429 and parameters: {'model_name': 'SimpleImputer', 'strategy': 'median'}. Best is trial 3 with value: 0.12404395593296429.
[I 2024-10-26 09:33:57,722] Trial 51 finished with value: 0.12404395593296429 and parameters: {'model_name': 'SimpleImputer', 'strategy': 'median'}. Best is trial 3 with value: 0.12404395593296429.
running
running
running
[I 2024-10-26 09:33:57,890] Trial 58 finished with value: 0.12404395593296429 and parameters: {'model_name': 'SimpleImputer', 'strategy': 'median'}. Best is trial 3 with value: 0.12404395593296429.
[I 2024-10-26 09:33:58,010] Trial 63 finished with value: 0.46613205930118545 and parameters: {'model_name': 'SimpleImputer', 'strategy': 'constant'}. Best is trial 3 with value: 0.12404395593296429.
[I 2024-10-26 09:33:58,112] Trial 48 finished with value: 0.12404395593296429 and parameters: {'model_name': 'SimpleImputer', 'strategy': 'median'}. Best is trial 3 with value: 0.12404395593296429.
[I 2024-10-26 09:33:58,203] Trial 60 finished with value: 0.46613205930118545 and parameters: {'model_name': 'SimpleImputer', 'strategy': 'constant'}. Best is trial 3 with value: 0.12404395593296429.
running
running
running
[I 2024-10-26 09:33:58,333] Trial 54 finished with value: 0.12404395593296429 and parameters: {'model_name': 'SimpleImputer', 'strategy': 'median'}. Best is trial 3 with value: 0.12404395593296429.
[I 2024-10-26 09:33:58,429] Trial 61 finished with value: 0.46613205930118545 and parameters: {'model_name': 'SimpleImputer', 'strategy': 'constant'}. Best is trial 3 with value: 0.12404395593296429.
[I 2024-10-26 09:33:58,522] Trial 50 finished with value: 0.12404395593296429 and parameters: {'model_name': 'SimpleImputer', 'strategy': 'median'}. Best is trial 3 with value: 0.12404395593296429.
running
running
running
running
[I 2024-10-26 09:33:58,674] Trial 52 finished with value: 0.12404395593296429 and parameters: {'model_name': 'SimpleImputer', 'strategy': 'median'}. Best is trial 3 with value: 0.12404395593296429.
[I 2024-10-26 09:33:58,800] Trial 57 finished with value: 0.12404395593296429 and parameters: {'model_name': 'SimpleImputer', 'strategy': 'median'}. Best is trial 3 with value: 0.12404395593296429.
running
running
[I 2024-10-26 09:33:58,999] Trial 55 finished with value: 0.12404395593296429 and parameters: {'model_name': 'SimpleImputer', 'strategy': 'median'}. Best is trial 3 with value: 0.12404395593296429.
[I 2024-10-26 09:33:59,111] Trial 56 finished with value: 0.12404395593296429 and parameters: {'model_name': 'SimpleImputer', 'strategy': 'median'}. Best is trial 3 with value: 0.12404395593296429.
running
running
[I 2024-10-26 09:33:59,247] Trial 59 finished with value: 0.12404395593296429 and parameters: {'model_name': 'SimpleImputer', 'strategy': 'median'}. Best is trial 3 with value: 0.12404395593296429.
running
[I 2024-10-26 09:33:59,374] Trial 65 finished with value: 0.46613205930118545 and parameters: {'model_name': 'SimpleImputer', 'strategy': 'constant'}. Best is trial 3 with value: 0.12404395593296429.
running
[I 2024-10-26 09:33:59,613] Trial 66 finished with value: 0.46613205930118545 and parameters: {'model_name': 'SimpleImputer', 'strategy': 'constant'}. Best is trial 3 with value: 0.12404395593296429.
running
[I 2024-10-26 09:33:59,975] Trial 62 finished with value: 0.46613205930118545 and parameters: {'model_name': 'SimpleImputer', 'strategy': 'most_frequent'}. Best is trial 3 with value: 0.12404395593296429.
running
[I 2024-10-26 09:34:00,105] Trial 71 finished with value: 0.46613205930118545 and parameters: {'model_name': 'SimpleImputer', 'strategy': 'most_frequent'}. Best is trial 3 with value: 0.12404395593296429.
[I 2024-10-26 09:34:00,206] Trial 70 finished with value: 0.46613205930118545 and parameters: {'model_name': 'SimpleImputer', 'strategy': 'most_frequent'}. Best is trial 3 with value: 0.12404395593296429.
running
[I 2024-10-26 09:34:00,335] Trial 67 finished with value: 0.46613205930118545 and parameters: {'model_name': 'SimpleImputer', 'strategy': 'most_frequent'}. Best is trial 3 with value: 0.12404395593296429.
running
[I 2024-10-26 09:34:00,449] Trial 73 finished with value: 0.46613205930118545 and parameters: {'model_name': 'SimpleImputer', 'strategy': 'most_frequent'}. Best is trial 3 with value: 0.12404395593296429.
running
[I 2024-10-26 09:34:00,589] Trial 72 finished with value: 0.46613205930118545 and parameters: {'model_name': 'SimpleImputer', 'strategy': 'most_frequent'}. Best is trial 3 with value: 0.12404395593296429.
running
[I 2024-10-26 09:34:00,723] Trial 80 finished with value: 0.17417029594704508 and parameters: {'model_name': 'SimpleImputer', 'strategy': 'mean'}. Best is trial 3 with value: 0.12404395593296429.
running
running
[I 2024-10-26 09:34:00,876] Trial 68 finished with value: 0.46613205930118545 and parameters: {'model_name': 'SimpleImputer', 'strategy': 'most_frequent'}. Best is trial 3 with value: 0.12404395593296429.
[I 2024-10-26 09:34:00,994] Trial 64 finished with value: 0.46613205930118545 and parameters: {'model_name': 'SimpleImputer', 'strategy': 'most_frequent'}. Best is trial 3 with value: 0.12404395593296429.
running
running
[I 2024-10-26 09:34:01,163] Trial 69 finished with value: 0.46613205930118545 and parameters: {'model_name': 'SimpleImputer', 'strategy': 'most_frequent'}. Best is trial 3 with value: 0.12404395593296429.
running
[I 2024-10-26 09:34:01,274] Trial 85 finished with value: 0.17417029594704508 and parameters: {'model_name': 'SimpleImputer', 'strategy': 'mean'}. Best is trial 3 with value: 0.12404395593296429.
[I 2024-10-26 09:34:01,388] Trial 79 finished with value: 0.46613205930118545 and parameters: {'model_name': 'SimpleImputer', 'strategy': 'most_frequent'}. Best is trial 3 with value: 0.12404395593296429.
[I 2024-10-26 09:34:01,402] Trial 75 finished with value: 0.46613205930118545 and parameters: {'model_name': 'SimpleImputer', 'strategy': 'most_frequent'}. Best is trial 3 with value: 0.12404395593296429.
running
running
[I 2024-10-26 09:34:01,672] Trial 82 finished with value: 0.17417029594704508 and parameters: {'model_name': 'SimpleImputer', 'strategy': 'mean'}. Best is trial 3 with value: 0.12404395593296429.
[I 2024-10-26 09:34:01,787] Trial 81 finished with value: 0.17417029594704508 and parameters: {'model_name': 'SimpleImputer', 'strategy': 'mean'}. Best is trial 3 with value: 0.12404395593296429.
[I 2024-10-26 09:34:01,878] Trial 86 finished with value: 0.17417029594704508 and parameters: {'model_name': 'SimpleImputer', 'strategy': 'mean'}. Best is trial 3 with value: 0.12404395593296429.
running
running
[I 2024-10-26 09:34:01,988] Trial 90 finished with value: 0.17417029594704508 and parameters: {'model_name': 'SimpleImputer', 'strategy': 'mean'}. Best is trial 3 with value: 0.12404395593296429.
running
running
[I 2024-10-26 09:34:02,147] Trial 91 finished with value: 0.12404395593296429 and parameters: {'model_name': 'SimpleImputer', 'strategy': 'median'}. Best is trial 3 with value: 0.12404395593296429.
running
[I 2024-10-26 09:34:02,248] Trial 87 finished with value: 0.17417029594704508 and parameters: {'model_name': 'SimpleImputer', 'strategy': 'mean'}. Best is trial 3 with value: 0.12404395593296429.
[I 2024-10-26 09:34:02,381] Trial 84 finished with value: 0.17417029594704508 and parameters: {'model_name': 'SimpleImputer', 'strategy': 'mean'}. Best is trial 3 with value: 0.12404395593296429.
[I 2024-10-26 09:34:02,476] Trial 89 finished with value: 0.17417029594704508 and parameters: {'model_name': 'SimpleImputer', 'strategy': 'mean'}. Best is trial 3 with value: 0.12404395593296429.
running
[I 2024-10-26 09:34:02,608] Trial 83 finished with value: 0.12404395593296429 and parameters: {'model_name': 'SimpleImputer', 'strategy': 'median'}. Best is trial 3 with value: 0.12404395593296429.
[I 2024-10-26 09:34:02,699] Trial 78 finished with value: 0.46613205930118545 and parameters: {'model_name': 'SimpleImputer', 'strategy': 'most_frequent'}. Best is trial 3 with value: 0.12404395593296429.
[I 2024-10-26 09:34:02,795] Trial 74 finished with value: 0.46613205930118545 and parameters: {'model_name': 'SimpleImputer', 'strategy': 'most_frequent'}. Best is trial 3 with value: 0.12404395593296429.
running
running
[I 2024-10-26 09:34:02,911] Trial 77 finished with value: 0.46613205930118545 and parameters: {'model_name': 'SimpleImputer', 'strategy': 'most_frequent'}. Best is trial 3 with value: 0.12404395593296429.
[I 2024-10-26 09:34:03,008] Trial 88 finished with value: 0.17417029594704508 and parameters: {'model_name': 'SimpleImputer', 'strategy': 'mean'}. Best is trial 3 with value: 0.12404395593296429.
running
running
running
running
[I 2024-10-26 09:34:03,175] Trial 93 finished with value: 0.12404395593296429 and parameters: {'model_name': 'SimpleImputer', 'strategy': 'median'}. Best is trial 3 with value: 0.12404395593296429.
[I 2024-10-26 09:34:03,282] Trial 76 finished with value: 0.46613205930118545 and parameters: {'model_name': 'SimpleImputer', 'strategy': 'most_frequent'}. Best is trial 3 with value: 0.12404395593296429.
running
running
[I 2024-10-26 09:34:03,448] Trial 97 finished with value: 0.12404395593296429 and parameters: {'model_name': 'SimpleImputer', 'strategy': 'median'}. Best is trial 3 with value: 0.12404395593296429.
running
running
[I 2024-10-26 09:34:03,605] Trial 92 finished with value: 0.12404395593296429 and parameters: {'model_name': 'SimpleImputer', 'strategy': 'median'}. Best is trial 3 with value: 0.12404395593296429.
running
[I 2024-10-26 09:34:03,801] Trial 94 finished with value: 0.12404395593296429 and parameters: {'model_name': 'SimpleImputer', 'strategy': 'median'}. Best is trial 3 with value: 0.12404395593296429.
running
[I 2024-10-26 09:34:03,956] Trial 96 finished with value: 0.12404395593296429 and parameters: {'model_name': 'SimpleImputer', 'strategy': 'median'}. Best is trial 3 with value: 0.12404395593296429.
running
[I 2024-10-26 09:34:04,104] Trial 95 finished with value: 0.12404395593296429 and parameters: {'model_name': 'SimpleImputer', 'strategy': 'median'}. Best is trial 3 with value: 0.12404395593296429.
running
running
[I 2024-10-26 09:34:04,255] Trial 104 finished with value: 0.12404395593296429 and parameters: {'model_name': 'SimpleImputer', 'strategy': 'median'}. Best is trial 3 with value: 0.12404395593296429.
[I 2024-10-26 09:34:04,348] Trial 106 finished with value: 0.12404395593296429 and parameters: {'model_name': 'SimpleImputer', 'strategy': 'median'}. Best is trial 3 with value: 0.12404395593296429.
[I 2024-10-26 09:34:04,477] Trial 99 finished with value: 0.12404395593296429 and parameters: {'model_name': 'SimpleImputer', 'strategy': 'median'}. Best is trial 3 with value: 0.12404395593296429.
running
running
[I 2024-10-26 09:34:04,587] Trial 103 finished with value: 0.12404395593296429 and parameters: {'model_name': 'SimpleImputer', 'strategy': 'median'}. Best is trial 3 with value: 0.12404395593296429.
[I 2024-10-26 09:34:04,680] Trial 101 finished with value: 0.12404395593296429 and parameters: {'model_name': 'SimpleImputer', 'strategy': 'median'}. Best is trial 3 with value: 0.12404395593296429.
running
running
[I 2024-10-26 09:34:04,773] Trial 100 finished with value: 0.12404395593296429 and parameters: {'model_name': 'SimpleImputer', 'strategy': 'median'}. Best is trial 3 with value: 0.12404395593296429.
running
running
[I 2024-10-26 09:34:04,933] Trial 98 finished with value: 0.12404395593296429 and parameters: {'model_name': 'SimpleImputer', 'strategy': 'median'}. Best is trial 3 with value: 0.12404395593296429.
running
[I 2024-10-26 09:34:05,038] Trial 102 finished with value: 0.12404395593296429 and parameters: {'model_name': 'SimpleImputer', 'strategy': 'median'}. Best is trial 3 with value: 0.12404395593296429.
[I 2024-10-26 09:34:05,161] Trial 109 finished with value: 0.12404395593296429 and parameters: {'model_name': 'SimpleImputer', 'strategy': 'median'}. Best is trial 3 with value: 0.12404395593296429.
running
[I 2024-10-26 09:34:05,301] Trial 110 finished with value: 0.12404395593296429 and parameters: {'model_name': 'SimpleImputer', 'strategy': 'median'}. Best is trial 3 with value: 0.12404395593296429.
running
[I 2024-10-26 09:34:05,328] Trial 107 finished with value: 0.12404395593296429 and parameters: {'model_name': 'SimpleImputer', 'strategy': 'median'}. Best is trial 3 with value: 0.12404395593296429.
[I 2024-10-26 09:34:05,541] Trial 108 finished with value: 0.12404395593296429 and parameters: {'model_name': 'SimpleImputer', 'strategy': 'median'}. Best is trial 3 with value: 0.12404395593296429.
[I 2024-10-26 09:34:05,647] Trial 105 finished with value: 0.12404395593296429 and parameters: {'model_name': 'SimpleImputer', 'strategy': 'median'}. Best is trial 3 with value: 0.12404395593296429.
running
running
running
[I 2024-10-26 09:34:05,800] Trial 112 finished with value: 0.12404395593296429 and parameters: {'model_name': 'SimpleImputer', 'strategy': 'median'}. Best is trial 3 with value: 0.12404395593296429.
[I 2024-10-26 09:34:05,928] Trial 113 finished with value: 0.12404395593296429 and parameters: {'model_name': 'SimpleImputer', 'strategy': 'median'}. Best is trial 3 with value: 0.12404395593296429.
running
running
[I 2024-10-26 09:34:06,100] Trial 118 finished with value: 0.12404395593296429 and parameters: {'model_name': 'SimpleImputer', 'strategy': 'median'}. Best is trial 3 with value: 0.12404395593296429.
running
running
[I 2024-10-26 09:34:06,253] Trial 111 finished with value: 0.12404395593296429 and parameters: {'model_name': 'SimpleImputer', 'strategy': 'median'}. Best is trial 3 with value: 0.12404395593296429.
[I 2024-10-26 09:34:06,363] Trial 121 finished with value: 0.12404395593296429 and parameters: {'model_name': 'SimpleImputer', 'strategy': 'median'}. Best is trial 3 with value: 0.12404395593296429.
[I 2024-10-26 09:34:06,469] Trial 115 finished with value: 0.12404395593296429 and parameters: {'model_name': 'SimpleImputer', 'strategy': 'median'}. Best is trial 3 with value: 0.12404395593296429.
[I 2024-10-26 09:34:06,573] Trial 123 finished with value: 0.12404395593296429 and parameters: {'model_name': 'SimpleImputer', 'strategy': 'median'}. Best is trial 3 with value: 0.12404395593296429.
[I 2024-10-26 09:34:06,668] Trial 116 finished with value: 0.12404395593296429 and parameters: {'model_name': 'SimpleImputer', 'strategy': 'median'}. Best is trial 3 with value: 0.12404395593296429.
running
running
running
[I 2024-10-26 09:34:06,839] Trial 117 finished with value: 0.12404395593296429 and parameters: {'model_name': 'SimpleImputer', 'strategy': 'median'}. Best is trial 3 with value: 0.12404395593296429.
[I 2024-10-26 09:34:06,934] Trial 128 finished with value: 0.12404395593296429 and parameters: {'model_name': 'SimpleImputer', 'strategy': 'median'}. Best is trial 3 with value: 0.12404395593296429.
running
[I 2024-10-26 09:34:07,033] Trial 114 finished with value: 0.12404395593296429 and parameters: {'model_name': 'SimpleImputer', 'strategy': 'median'}. Best is trial 3 with value: 0.12404395593296429.
[I 2024-10-26 09:34:07,147] Trial 119 finished with value: 0.12404395593296429 and parameters: {'model_name': 'SimpleImputer', 'strategy': 'median'}. Best is trial 3 with value: 0.12404395593296429.
running
[I 2024-10-26 09:34:07,247] Trial 120 finished with value: 0.12404395593296429 and parameters: {'model_name': 'SimpleImputer', 'strategy': 'median'}. Best is trial 3 with value: 0.12404395593296429.
running
running
running
[I 2024-10-26 09:34:07,377] Trial 125 finished with value: 0.12404395593296429 and parameters: {'model_name': 'SimpleImputer', 'strategy': 'median'}. Best is trial 3 with value: 0.12404395593296429.
running
running
[I 2024-10-26 09:34:07,522] Trial 126 finished with value: 0.12404395593296429 and parameters: {'model_name': 'SimpleImputer', 'strategy': 'median'}. Best is trial 3 with value: 0.12404395593296429.
running
[I 2024-10-26 09:34:07,646] Trial 122 finished with value: 0.12404395593296429 and parameters: {'model_name': 'SimpleImputer', 'strategy': 'median'}. Best is trial 3 with value: 0.12404395593296429.
[I 2024-10-26 09:34:07,744] Trial 129 finished with value: 0.12404395593296429 and parameters: {'model_name': 'SimpleImputer', 'strategy': 'median'}. Best is trial 3 with value: 0.12404395593296429.
running
running
[I 2024-10-26 09:34:07,915] Trial 132 finished with value: 0.12404395593296429 and parameters: {'model_name': 'SimpleImputer', 'strategy': 'median'}. Best is trial 3 with value: 0.12404395593296429.
running
[I 2024-10-26 09:34:08,029] Trial 127 finished with value: 0.12404395593296429 and parameters: {'model_name': 'SimpleImputer', 'strategy': 'median'}. Best is trial 3 with value: 0.12404395593296429.
[I 2024-10-26 09:34:08,146] Trial 124 finished with value: 0.12404395593296429 and parameters: {'model_name': 'SimpleImputer', 'strategy': 'median'}. Best is trial 3 with value: 0.12404395593296429.
running
running
running
[I 2024-10-26 09:34:08,333] Trial 138 finished with value: 0.12404395593296429 and parameters: {'model_name': 'SimpleImputer', 'strategy': 'median'}. Best is trial 3 with value: 0.12404395593296429.
[I 2024-10-26 09:34:08,480] Trial 130 finished with value: 0.12404395593296429 and parameters: {'model_name': 'SimpleImputer', 'strategy': 'median'}. Best is trial 3 with value: 0.12404395593296429.
running
[I 2024-10-26 09:34:08,636] Trial 139 finished with value: 0.12404395593296429 and parameters: {'model_name': 'SimpleImputer', 'strategy': 'median'}. Best is trial 3 with value: 0.12404395593296429.
[I 2024-10-26 09:34:08,750] Trial 134 finished with value: 0.12404395593296429 and parameters: {'model_name': 'SimpleImputer', 'strategy': 'median'}. Best is trial 3 with value: 0.12404395593296429.
[I 2024-10-26 09:34:08,905] Trial 133 finished with value: 0.12404395593296429 and parameters: {'model_name': 'SimpleImputer', 'strategy': 'median'}. Best is trial 3 with value: 0.12404395593296429.
running
[I 2024-10-26 09:34:09,036] Trial 137 finished with value: 0.12404395593296429 and parameters: {'model_name': 'SimpleImputer', 'strategy': 'median'}. Best is trial 3 with value: 0.12404395593296429.
running
[I 2024-10-26 09:34:09,176] Trial 141 finished with value: 0.12404395593296429 and parameters: {'model_name': 'SimpleImputer', 'strategy': 'median'}. Best is trial 3 with value: 0.12404395593296429.
running
[I 2024-10-26 09:34:09,316] Trial 131 finished with value: 0.12404395593296429 and parameters: {'model_name': 'SimpleImputer', 'strategy': 'median'}. Best is trial 3 with value: 0.12404395593296429.
running
running
[I 2024-10-26 09:34:09,520] Trial 140 finished with value: 0.12404395593296429 and parameters: {'model_name': 'SimpleImputer', 'strategy': 'median'}. Best is trial 3 with value: 0.12404395593296429.
[I 2024-10-26 09:34:09,641] Trial 147 finished with value: 0.46613205930118545 and parameters: {'model_name': 'SimpleImputer', 'strategy': 'constant'}. Best is trial 3 with value: 0.12404395593296429.
[I 2024-10-26 09:34:09,758] Trial 135 finished with value: 0.12404395593296429 and parameters: {'model_name': 'SimpleImputer', 'strategy': 'median'}. Best is trial 3 with value: 0.12404395593296429.
running
running
running
[I 2024-10-26 09:34:09,900] Trial 136 finished with value: 0.12404395593296429 and parameters: {'model_name': 'SimpleImputer', 'strategy': 'median'}. Best is trial 3 with value: 0.12404395593296429.
[I 2024-10-26 09:34:10,046] Trial 142 finished with value: 0.12404395593296429 and parameters: {'model_name': 'SimpleImputer', 'strategy': 'median'}. Best is trial 3 with value: 0.12404395593296429.
[I 2024-10-26 09:34:10,174] Trial 150 finished with value: 0.46613205930118545 and parameters: {'model_name': 'SimpleImputer', 'strategy': 'constant'}. Best is trial 3 with value: 0.12404395593296429.
running
running
running
[I 2024-10-26 09:34:10,324] Trial 145 finished with value: 0.12404395593296429 and parameters: {'model_name': 'SimpleImputer', 'strategy': 'median'}. Best is trial 3 with value: 0.12404395593296429.
running
[I 2024-10-26 09:34:10,457] Trial 149 finished with value: 0.46613205930118545 and parameters: {'model_name': 'SimpleImputer', 'strategy': 'constant'}. Best is trial 3 with value: 0.12404395593296429.
[I 2024-10-26 09:34:10,570] Trial 146 finished with value: 0.12404395593296429 and parameters: {'model_name': 'SimpleImputer', 'strategy': 'median'}. Best is trial 3 with value: 0.12404395593296429.
running
[I 2024-10-26 09:34:10,696] Trial 148 finished with value: 0.12404395593296429 and parameters: {'model_name': 'SimpleImputer', 'strategy': 'median'}. Best is trial 3 with value: 0.12404395593296429.
[I 2024-10-26 09:34:10,806] Trial 152 finished with value: 0.46613205930118545 and parameters: {'model_name': 'SimpleImputer', 'strategy': 'constant'}. Best is trial 3 with value: 0.12404395593296429.
running
[I 2024-10-26 09:34:10,946] Trial 143 finished with value: 0.12404395593296429 and parameters: {'model_name': 'SimpleImputer', 'strategy': 'median'}. Best is trial 3 with value: 0.12404395593296429.
[I 2024-10-26 09:34:11,039] Trial 144 finished with value: 0.12404395593296429 and parameters: {'model_name': 'SimpleImputer', 'strategy': 'median'}. Best is trial 3 with value: 0.12404395593296429.
running
running
running
running
running
[I 2024-10-26 09:34:11,238] Trial 151 finished with value: 0.12404395593296429 and parameters: {'model_name': 'SimpleImputer', 'strategy': 'median'}. Best is trial 3 with value: 0.12404395593296429.
[I 2024-10-26 09:34:11,426] Trial 156 finished with value: 0.12404395593296429 and parameters: {'model_name': 'SimpleImputer', 'strategy': 'median'}. Best is trial 3 with value: 0.12404395593296429.
running
running
[I 2024-10-26 09:34:11,572] Trial 157 finished with value: 0.12404395593296429 and parameters: {'model_name': 'SimpleImputer', 'strategy': 'median'}. Best is trial 3 with value: 0.12404395593296429.
[I 2024-10-26 09:34:11,677] Trial 154 finished with value: 0.12404395593296429 and parameters: {'model_name': 'SimpleImputer', 'strategy': 'median'}. Best is trial 3 with value: 0.12404395593296429.
running
running
[I 2024-10-26 09:34:11,828] Trial 155 finished with value: 0.12404395593296429 and parameters: {'model_name': 'SimpleImputer', 'strategy': 'median'}. Best is trial 3 with value: 0.12404395593296429.
running
running
[I 2024-10-26 09:34:11,968] Trial 158 finished with value: 0.12404395593296429 and parameters: {'model_name': 'SimpleImputer', 'strategy': 'median'}. Best is trial 3 with value: 0.12404395593296429.
running
[I 2024-10-26 09:34:12,089] Trial 153 finished with value: 0.12404395593296429 and parameters: {'model_name': 'SimpleImputer', 'strategy': 'median'}. Best is trial 3 with value: 0.12404395593296429.
[I 2024-10-26 09:34:12,321] Trial 159 finished with value: 0.12404395593296429 and parameters: {'model_name': 'SimpleImputer', 'strategy': 'median'}. Best is trial 3 with value: 0.12404395593296429.
[I 2024-10-26 09:34:12,424] Trial 160 finished with value: 0.12404395593296429 and parameters: {'model_name': 'SimpleImputer', 'strategy': 'median'}. Best is trial 3 with value: 0.12404395593296429.
running
running
[I 2024-10-26 09:34:12,530] Trial 161 finished with value: 0.12404395593296429 and parameters: {'model_name': 'SimpleImputer', 'strategy': 'median'}. Best is trial 3 with value: 0.12404395593296429.
running
running
[I 2024-10-26 09:34:12,745] Trial 162 finished with value: 0.12404395593296429 and parameters: {'model_name': 'SimpleImputer', 'strategy': 'median'}. Best is trial 3 with value: 0.12404395593296429.
[I 2024-10-26 09:34:12,868] Trial 170 finished with value: 0.12404395593296429 and parameters: {'model_name': 'SimpleImputer', 'strategy': 'median'}. Best is trial 3 with value: 0.12404395593296429.
[I 2024-10-26 09:34:12,973] Trial 171 finished with value: 0.12404395593296429 and parameters: {'model_name': 'SimpleImputer', 'strategy': 'median'}. Best is trial 3 with value: 0.12404395593296429.
running
[I 2024-10-26 09:34:13,118] Trial 166 finished with value: 0.12404395593296429 and parameters: {'model_name': 'SimpleImputer', 'strategy': 'median'}. Best is trial 3 with value: 0.12404395593296429.
[I 2024-10-26 09:34:13,227] Trial 164 finished with value: 0.12404395593296429 and parameters: {'model_name': 'SimpleImputer', 'strategy': 'median'}. Best is trial 3 with value: 0.12404395593296429.
[I 2024-10-26 09:34:13,336] Trial 169 finished with value: 0.12404395593296429 and parameters: {'model_name': 'SimpleImputer', 'strategy': 'median'}. Best is trial 3 with value: 0.12404395593296429.
running
running
[I 2024-10-26 09:34:13,496] Trial 168 finished with value: 0.12404395593296429 and parameters: {'model_name': 'SimpleImputer', 'strategy': 'median'}. Best is trial 3 with value: 0.12404395593296429.
running
running
running
[I 2024-10-26 09:34:13,626] Trial 174 finished with value: 0.12404395593296429 and parameters: {'model_name': 'SimpleImputer', 'strategy': 'median'}. Best is trial 3 with value: 0.12404395593296429.
running
running
[I 2024-10-26 09:34:13,837] Trial 175 finished with value: 0.12404395593296429 and parameters: {'model_name': 'SimpleImputer', 'strategy': 'median'}. Best is trial 3 with value: 0.12404395593296429.
[I 2024-10-26 09:34:13,950] Trial 172 finished with value: 0.12404395593296429 and parameters: {'model_name': 'SimpleImputer', 'strategy': 'median'}. Best is trial 3 with value: 0.12404395593296429.
[I 2024-10-26 09:34:14,050] Trial 167 finished with value: 0.12404395593296429 and parameters: {'model_name': 'SimpleImputer', 'strategy': 'median'}. Best is trial 3 with value: 0.12404395593296429.
[I 2024-10-26 09:34:14,179] Trial 163 finished with value: 0.12404395593296429 and parameters: {'model_name': 'SimpleImputer', 'strategy': 'median'}. Best is trial 3 with value: 0.12404395593296429.
[I 2024-10-26 09:34:14,288] Trial 173 finished with value: 0.12404395593296429 and parameters: {'model_name': 'SimpleImputer', 'strategy': 'median'}. Best is trial 3 with value: 0.12404395593296429.
[I 2024-10-26 09:34:14,386] Trial 165 finished with value: 0.12404395593296429 and parameters: {'model_name': 'SimpleImputer', 'strategy': 'median'}. Best is trial 3 with value: 0.12404395593296429.
running
running
[I 2024-10-26 09:34:14,534] Trial 176 finished with value: 0.12404395593296429 and parameters: {'model_name': 'SimpleImputer', 'strategy': 'median'}. Best is trial 3 with value: 0.12404395593296429.
running
running
running
running
[I 2024-10-26 09:34:14,673] Trial 177 finished with value: 0.12404395593296429 and parameters: {'model_name': 'SimpleImputer', 'strategy': 'median'}. Best is trial 3 with value: 0.12404395593296429.
running
[I 2024-10-26 09:34:14,837] Trial 178 finished with value: 0.12404395593296429 and parameters: {'model_name': 'SimpleImputer', 'strategy': 'median'}. Best is trial 3 with value: 0.12404395593296429.
[I 2024-10-26 09:34:14,942] Trial 182 finished with value: 0.12404395593296429 and parameters: {'model_name': 'SimpleImputer', 'strategy': 'median'}. Best is trial 3 with value: 0.12404395593296429.
running
running
[I 2024-10-26 09:34:15,072] Trial 180 finished with value: 0.12404395593296429 and parameters: {'model_name': 'SimpleImputer', 'strategy': 'median'}. Best is trial 3 with value: 0.12404395593296429.
running
[I 2024-10-26 09:34:15,188] Trial 181 finished with value: 0.12404395593296429 and parameters: {'model_name': 'SimpleImputer', 'strategy': 'median'}. Best is trial 3 with value: 0.12404395593296429.
[I 2024-10-26 09:34:15,283] Trial 179 finished with value: 0.12404395593296429 and parameters: {'model_name': 'SimpleImputer', 'strategy': 'median'}. Best is trial 3 with value: 0.12404395593296429.
running
running
running
[I 2024-10-26 09:34:15,441] Trial 183 finished with value: 0.12404395593296429 and parameters: {'model_name': 'SimpleImputer', 'strategy': 'median'}. Best is trial 3 with value: 0.12404395593296429.
[I 2024-10-26 09:34:15,557] Trial 184 finished with value: 0.12404395593296429 and parameters: {'model_name': 'SimpleImputer', 'strategy': 'median'}. Best is trial 3 with value: 0.12404395593296429.
running
[I 2024-10-26 09:34:15,755] Trial 185 finished with value: 0.12404395593296429 and parameters: {'model_name': 'SimpleImputer', 'strategy': 'median'}. Best is trial 3 with value: 0.12404395593296429.
[I 2024-10-26 09:34:15,870] Trial 186 finished with value: 0.12404395593296429 and parameters: {'model_name': 'SimpleImputer', 'strategy': 'median'}. Best is trial 3 with value: 0.12404395593296429.
[I 2024-10-26 09:34:15,966] Trial 190 finished with value: 0.12404395593296429 and parameters: {'model_name': 'SimpleImputer', 'strategy': 'median'}. Best is trial 3 with value: 0.12404395593296429.
[I 2024-10-26 09:34:16,072] Trial 187 finished with value: 0.12404395593296429 and parameters: {'model_name': 'SimpleImputer', 'strategy': 'median'}. Best is trial 3 with value: 0.12404395593296429.
[I 2024-10-26 09:34:16,210] Trial 189 finished with value: 0.12404395593296429 and parameters: {'model_name': 'SimpleImputer', 'strategy': 'median'}. Best is trial 3 with value: 0.12404395593296429.
[I 2024-10-26 09:34:16,312] Trial 192 finished with value: 0.12404395593296429 and parameters: {'model_name': 'SimpleImputer', 'strategy': 'median'}. Best is trial 3 with value: 0.12404395593296429.
[I 2024-10-26 09:34:16,456] Trial 197 finished with value: 0.12404395593296429 and parameters: {'model_name': 'SimpleImputer', 'strategy': 'median'}. Best is trial 3 with value: 0.12404395593296429.
[I 2024-10-26 09:34:16,546] Trial 199 finished with value: 0.12404395593296429 and parameters: {'model_name': 'SimpleImputer', 'strategy': 'median'}. Best is trial 3 with value: 0.12404395593296429.
[I 2024-10-26 09:34:16,647] Trial 198 finished with value: 0.12404395593296429 and parameters: {'model_name': 'SimpleImputer', 'strategy': 'median'}. Best is trial 3 with value: 0.12404395593296429.
[I 2024-10-26 09:34:16,742] Trial 191 finished with value: 0.12404395593296429 and parameters: {'model_name': 'SimpleImputer', 'strategy': 'median'}. Best is trial 3 with value: 0.12404395593296429.
[I 2024-10-26 09:34:16,841] Trial 193 finished with value: 0.12404395593296429 and parameters: {'model_name': 'SimpleImputer', 'strategy': 'median'}. Best is trial 3 with value: 0.12404395593296429.
[I 2024-10-26 09:34:16,936] Trial 195 finished with value: 0.12404395593296429 and parameters: {'model_name': 'SimpleImputer', 'strategy': 'median'}. Best is trial 3 with value: 0.12404395593296429.
[I 2024-10-26 09:34:17,040] Trial 196 finished with value: 0.12404395593296429 and parameters: {'model_name': 'SimpleImputer', 'strategy': 'median'}. Best is trial 3 with value: 0.12404395593296429.
[I 2024-10-26 09:34:17,136] Trial 194 finished with value: 0.12404395593296429 and parameters: {'model_name': 'SimpleImputer', 'strategy': 'median'}. Best is trial 3 with value: 0.12404395593296429.
[I 2024-10-26 09:34:17,228] Trial 188 finished with value: 0.12404395593296429 and parameters: {'model_name': 'SimpleImputer', 'strategy': 'median'}. Best is trial 3 with value: 0.12404395593296429.
fit
simple fit
simple transform
0    0
1    0
2    0
3    0
4    0
5    0
dtype: int64
0    0
1    0
2    0
3    0
4    0
5    0
dtype: int64
0.12404395593296429
{'model_name': 'SimpleImputer', 'strategy': 'median'}
running experiment 2/3 - Does reconstruction give good automl predictions
Start est fit
Version 0.1.7a0 of tpot2 is outdated. Version 0.1.8a0 was released Tuesday September 17, 2024.
Version 0.1.7a0 of tpot2 is outdated. Version 0.1.8a0 was released Tuesday September 17, 2024.
Version 0.1.7a0 of tpot2 is outdated. Version 0.1.8a0 was released Tuesday September 17, 2024.
Version 0.1.7a0 of tpot2 is outdated. Version 0.1.8a0 was released Tuesday September 17, 2024.
Version 0.1.7a0 of tpot2 is outdated. Version 0.1.8a0 was released Tuesday September 17, 2024.
Version 0.1.7a0 of tpot2 is outdated. Version 0.1.8a0 was released Tuesday September 17, 2024.
Version 0.1.7a0 of tpot2 is outdated. Version 0.1.8a0 was released Tuesday September 17, 2024.
Version 0.1.7a0 of tpot2 is outdated. Version 0.1.8a0 was released Tuesday September 17, 2024.
Version 0.1.7a0 of tpot2 is outdated. Version 0.1.8a0 was released Tuesday September 17, 2024.
Version 0.1.7a0 of tpot2 is outdated. Version 0.1.8a0 was released Tuesday September 17, 2024.
Version 0.1.7a0 of tpot2 is outdated. Version 0.1.8a0 was released Tuesday September 17, 2024.
Version 0.1.7a0 of tpot2 is outdated. Version 0.1.8a0 was released Tuesday September 17, 2024.
Version 0.1.7a0 of tpot2 is outdated. Version 0.1.8a0 was released Tuesday September 17, 2024.
Version 0.1.7a0 of tpot2 is outdated. Version 0.1.8a0 was released Tuesday September 17, 2024.
Version 0.1.7a0 of tpot2 is outdated. Version 0.1.8a0 was released Tuesday September 17, 2024.
Version 0.1.7a0 of tpot2 is outdated. Version 0.1.8a0 was released Tuesday September 17, 2024.
  0%|          | 0/25 [00:00<?, ?it/s]Generation:   0%|          | 0/25 [00:00<?, ?it/s]Generation:  1
Best f1_score score: 0.7303705289601827
Generation:   4%|▍         | 1/25 [00:05<02:20,  5.84s/it]Generation:  2
Best f1_score score: 0.7484665062666946
Generation:   8%|▊         | 2/25 [00:25<05:21, 13.96s/it]Generation:  3
Best f1_score score: 0.7484665062666946
Generation:  12%|█▏        | 3/25 [00:50<06:57, 18.98s/it]Generation:  4
Best f1_score score: 0.755688866881901
Generation:  16%|█▌        | 4/25 [00:56<04:51, 13.89s/it]Generation:  5
Best f1_score score: 0.755688866881901
Generation:  20%|██        | 5/25 [01:02<03:44, 11.21s/it]Generation:  6
Best f1_score score: 0.755688866881901
Generation:  24%|██▍       | 6/25 [01:11<03:15, 10.31s/it]Generation:  7
Best f1_score score: 0.755688866881901
Generation:  28%|██▊       | 7/25 [01:28<03:43, 12.43s/it]Generation:  8
Best f1_score score: 0.755688866881901
Generation:  32%|███▏      | 8/25 [02:12<06:20, 22.40s/it]Generation:  9
Best f1_score score: 0.755688866881901
Generation:  36%|███▌      | 9/25 [02:22<04:59, 18.74s/it]Generation:  10
Best f1_score score: 0.755688866881901
Generation:  40%|████      | 10/25 [02:32<04:01, 16.08s/it]Generation:  11
Best f1_score score: 0.755688866881901
Generation:  44%|████▍     | 11/25 [02:45<03:32, 15.16s/it]Generation:  12
Best f1_score score: 0.755688866881901
Generation:  48%|████▊     | 12/25 [03:00<03:15, 15.04s/it]Generation:  13
Best f1_score score: 0.755688866881901
Generation:  52%|█████▏    | 13/25 [03:13<02:53, 14.43s/it]Generation:  14
Best f1_score score: 0.755688866881901
Generation:  56%|█████▌    | 14/25 [03:26<02:32, 13.85s/it]Generation:  15
Best f1_score score: 0.755688866881901
Generation:  60%|██████    | 15/25 [04:09<03:46, 22.67s/it]Generation:  16
Best f1_score score: 0.755688866881901
Generation:  64%|██████▍   | 16/25 [04:27<03:12, 21.36s/it]Generation:  17
Best f1_score score: 0.755688866881901
Generation:  68%|██████▊   | 17/25 [04:49<02:52, 21.59s/it]Generation:  18
Best f1_score score: 0.755688866881901
Generation:  72%|███████▏  | 18/25 [05:14<02:37, 22.48s/it]Generation:  19
Best f1_score score: 0.755688866881901
Generation:  76%|███████▌  | 19/25 [05:35<02:12, 22.04s/it]Generation:  20
Best f1_score score: 0.7605379254125769
Generation:  80%|████████  | 20/25 [05:54<01:45, 21.14s/it]Generation:  21
Best f1_score score: 0.7605379254125769
Generation:  84%|████████▍ | 21/25 [06:17<01:26, 21.67s/it]Generation:  22
Best f1_score score: 0.7605379254125769
Generation:  88%|████████▊ | 22/25 [07:07<01:30, 30.07s/it]Generation:  23
Best f1_score score: 0.7605379254125769
Generation:  92%|█████████▏| 23/25 [07:34<00:58, 29.21s/it]Generation:  24
Best f1_score score: 0.7605379254125769
Generation:  96%|█████████▌| 24/25 [08:07<00:30, 30.34s/it]Generation:  25
Best f1_score score: 0.7605379254125769
Generation: 100%|██████████| 25/25 [08:46<00:00, 32.93s/it]Generation: 100%|██████████| 25/25 [08:50<00:00, 21.21s/it]
2024-10-26 09:43:16,557 - distributed.worker - ERROR - Failed to communicate with scheduler during heartbeat.
Traceback (most recent call last):
  File "/common/ketrong/tpotexp/env/lib/python3.10/site-packages/distributed/comm/tcp.py", line 225, in read
    frames_nosplit_nbytes_bin = await stream.read_bytes(fmt_size)
tornado.iostream.StreamClosedError: Stream is closed

The above exception was the direct cause of the following exception:

Traceback (most recent call last):
  File "/common/ketrong/tpotexp/env/lib/python3.10/site-packages/distributed/worker.py", line 1250, in heartbeat
    response = await retry_operation(
  File "/common/ketrong/tpotexp/env/lib/python3.10/site-packages/distributed/utils_comm.py", line 459, in retry_operation
    return await retry(
  File "/common/ketrong/tpotexp/env/lib/python3.10/site-packages/distributed/utils_comm.py", line 438, in retry
    return await coro()
  File "/common/ketrong/tpotexp/env/lib/python3.10/site-packages/distributed/core.py", line 1256, in send_recv_from_rpc
    return await send_recv(comm=comm, op=key, **kwargs)
  File "/common/ketrong/tpotexp/env/lib/python3.10/site-packages/distributed/core.py", line 1015, in send_recv
    response = await comm.read(deserializers=deserializers)
  File "/common/ketrong/tpotexp/env/lib/python3.10/site-packages/distributed/comm/tcp.py", line 236, in read
    convert_stream_closed_error(self, e)
  File "/common/ketrong/tpotexp/env/lib/python3.10/site-packages/distributed/comm/tcp.py", line 142, in convert_stream_closed_error
    raise CommClosedError(f"in {obj}: {exc}") from exc
distributed.comm.core.CommClosedError: in <TCP (closed) ConnectionPool.heartbeat_worker local=tcp://127.0.0.1:37320 remote=tcp://127.0.0.1:43611>: Stream is closed
2024-10-26 09:43:16,557 - distributed.worker - ERROR - Failed to communicate with scheduler during heartbeat.
Traceback (most recent call last):
  File "/common/ketrong/tpotexp/env/lib/python3.10/site-packages/distributed/comm/tcp.py", line 225, in read
    frames_nosplit_nbytes_bin = await stream.read_bytes(fmt_size)
tornado.iostream.StreamClosedError: Stream is closed

The above exception was the direct cause of the following exception:

Traceback (most recent call last):
  File "/common/ketrong/tpotexp/env/lib/python3.10/site-packages/distributed/worker.py", line 1250, in heartbeat
    response = await retry_operation(
  File "/common/ketrong/tpotexp/env/lib/python3.10/site-packages/distributed/utils_comm.py", line 459, in retry_operation
    return await retry(
  File "/common/ketrong/tpotexp/env/lib/python3.10/site-packages/distributed/utils_comm.py", line 438, in retry
    return await coro()
  File "/common/ketrong/tpotexp/env/lib/python3.10/site-packages/distributed/core.py", line 1256, in send_recv_from_rpc
    return await send_recv(comm=comm, op=key, **kwargs)
  File "/common/ketrong/tpotexp/env/lib/python3.10/site-packages/distributed/core.py", line 1015, in send_recv
    response = await comm.read(deserializers=deserializers)
  File "/common/ketrong/tpotexp/env/lib/python3.10/site-packages/distributed/comm/tcp.py", line 236, in read
    convert_stream_closed_error(self, e)
  File "/common/ketrong/tpotexp/env/lib/python3.10/site-packages/distributed/comm/tcp.py", line 142, in convert_stream_closed_error
    raise CommClosedError(f"in {obj}: {exc}") from exc
distributed.comm.core.CommClosedError: in <TCP (closed) ConnectionPool.heartbeat_worker local=tcp://127.0.0.1:37350 remote=tcp://127.0.0.1:43611>: Stream is closed
2024-10-26 09:43:16,555 - distributed.worker - ERROR - Failed to communicate with scheduler during heartbeat.
Traceback (most recent call last):
  File "/common/ketrong/tpotexp/env/lib/python3.10/site-packages/distributed/comm/tcp.py", line 225, in read
    frames_nosplit_nbytes_bin = await stream.read_bytes(fmt_size)
tornado.iostream.StreamClosedError: Stream is closed

The above exception was the direct cause of the following exception:

Traceback (most recent call last):
  File "/common/ketrong/tpotexp/env/lib/python3.10/site-packages/distributed/worker.py", line 1250, in heartbeat
    response = await retry_operation(
  File "/common/ketrong/tpotexp/env/lib/python3.10/site-packages/distributed/utils_comm.py", line 459, in retry_operation
    return await retry(
  File "/common/ketrong/tpotexp/env/lib/python3.10/site-packages/distributed/utils_comm.py", line 438, in retry
    return await coro()
  File "/common/ketrong/tpotexp/env/lib/python3.10/site-packages/distributed/core.py", line 1256, in send_recv_from_rpc
    return await send_recv(comm=comm, op=key, **kwargs)
  File "/common/ketrong/tpotexp/env/lib/python3.10/site-packages/distributed/core.py", line 1015, in send_recv
    response = await comm.read(deserializers=deserializers)
  File "/common/ketrong/tpotexp/env/lib/python3.10/site-packages/distributed/comm/tcp.py", line 236, in read
    convert_stream_closed_error(self, e)
  File "/common/ketrong/tpotexp/env/lib/python3.10/site-packages/distributed/comm/tcp.py", line 142, in convert_stream_closed_error
    raise CommClosedError(f"in {obj}: {exc}") from exc
distributed.comm.core.CommClosedError: in <TCP (closed) ConnectionPool.heartbeat_worker local=tcp://127.0.0.1:37326 remote=tcp://127.0.0.1:43611>: Stream is closed
2024-10-26 09:43:16,557 - distributed.worker - ERROR - Failed to communicate with scheduler during heartbeat.
Traceback (most recent call last):
  File "/common/ketrong/tpotexp/env/lib/python3.10/site-packages/distributed/comm/tcp.py", line 225, in read
    frames_nosplit_nbytes_bin = await stream.read_bytes(fmt_size)
tornado.iostream.StreamClosedError: Stream is closed

The above exception was the direct cause of the following exception:

Traceback (most recent call last):
  File "/common/ketrong/tpotexp/env/lib/python3.10/site-packages/distributed/worker.py", line 1250, in heartbeat
    response = await retry_operation(
  File "/common/ketrong/tpotexp/env/lib/python3.10/site-packages/distributed/utils_comm.py", line 459, in retry_operation
    return await retry(
  File "/common/ketrong/tpotexp/env/lib/python3.10/site-packages/distributed/utils_comm.py", line 438, in retry
    return await coro()
  File "/common/ketrong/tpotexp/env/lib/python3.10/site-packages/distributed/core.py", line 1256, in send_recv_from_rpc
    return await send_recv(comm=comm, op=key, **kwargs)
  File "/common/ketrong/tpotexp/env/lib/python3.10/site-packages/distributed/core.py", line 1015, in send_recv
    response = await comm.read(deserializers=deserializers)
  File "/common/ketrong/tpotexp/env/lib/python3.10/site-packages/distributed/comm/tcp.py", line 236, in read
    convert_stream_closed_error(self, e)
  File "/common/ketrong/tpotexp/env/lib/python3.10/site-packages/distributed/comm/tcp.py", line 142, in convert_stream_closed_error
    raise CommClosedError(f"in {obj}: {exc}") from exc
distributed.comm.core.CommClosedError: in <TCP (closed) ConnectionPool.heartbeat_worker local=tcp://127.0.0.1:37310 remote=tcp://127.0.0.1:43611>: Stream is closed
2024-10-26 09:43:16,552 - distributed.worker - ERROR - Failed to communicate with scheduler during heartbeat.
Traceback (most recent call last):
  File "/common/ketrong/tpotexp/env/lib/python3.10/site-packages/distributed/comm/tcp.py", line 225, in read
    frames_nosplit_nbytes_bin = await stream.read_bytes(fmt_size)
tornado.iostream.StreamClosedError: Stream is closed

The above exception was the direct cause of the following exception:

Traceback (most recent call last):
  File "/common/ketrong/tpotexp/env/lib/python3.10/site-packages/distributed/worker.py", line 1250, in heartbeat
    response = await retry_operation(
  File "/common/ketrong/tpotexp/env/lib/python3.10/site-packages/distributed/utils_comm.py", line 459, in retry_operation
    return await retry(
  File "/common/ketrong/tpotexp/env/lib/python3.10/site-packages/distributed/utils_comm.py", line 438, in retry
    return await coro()
  File "/common/ketrong/tpotexp/env/lib/python3.10/site-packages/distributed/core.py", line 1256, in send_recv_from_rpc
    return await send_recv(comm=comm, op=key, **kwargs)
  File "/common/ketrong/tpotexp/env/lib/python3.10/site-packages/distributed/core.py", line 1015, in send_recv
    response = await comm.read(deserializers=deserializers)
  File "/common/ketrong/tpotexp/env/lib/python3.10/site-packages/distributed/comm/tcp.py", line 236, in read
    convert_stream_closed_error(self, e)
  File "/common/ketrong/tpotexp/env/lib/python3.10/site-packages/distributed/comm/tcp.py", line 142, in convert_stream_closed_error
    raise CommClosedError(f"in {obj}: {exc}") from exc
distributed.comm.core.CommClosedError: in <TCP (closed) ConnectionPool.heartbeat_worker local=tcp://127.0.0.1:37312 remote=tcp://127.0.0.1:43611>: Stream is closed
2024-10-26 09:43:16,557 - distributed.worker - ERROR - Failed to communicate with scheduler during heartbeat.
Traceback (most recent call last):
  File "/common/ketrong/tpotexp/env/lib/python3.10/site-packages/distributed/comm/tcp.py", line 225, in read
    frames_nosplit_nbytes_bin = await stream.read_bytes(fmt_size)
tornado.iostream.StreamClosedError: Stream is closed

The above exception was the direct cause of the following exception:

Traceback (most recent call last):
  File "/common/ketrong/tpotexp/env/lib/python3.10/site-packages/distributed/worker.py", line 1250, in heartbeat
    response = await retry_operation(
  File "/common/ketrong/tpotexp/env/lib/python3.10/site-packages/distributed/utils_comm.py", line 459, in retry_operation
    return await retry(
  File "/common/ketrong/tpotexp/env/lib/python3.10/site-packages/distributed/utils_comm.py", line 438, in retry
    return await coro()
  File "/common/ketrong/tpotexp/env/lib/python3.10/site-packages/distributed/core.py", line 1256, in send_recv_from_rpc
    return await send_recv(comm=comm, op=key, **kwargs)
  File "/common/ketrong/tpotexp/env/lib/python3.10/site-packages/distributed/core.py", line 1015, in send_recv
    response = await comm.read(deserializers=deserializers)
  File "/common/ketrong/tpotexp/env/lib/python3.10/site-packages/distributed/comm/tcp.py", line 236, in read
    convert_stream_closed_error(self, e)
  File "/common/ketrong/tpotexp/env/lib/python3.10/site-packages/distributed/comm/tcp.py", line 142, in convert_stream_closed_error
    raise CommClosedError(f"in {obj}: {exc}") from exc
distributed.comm.core.CommClosedError: in <TCP (closed) ConnectionPool.heartbeat_worker local=tcp://127.0.0.1:37316 remote=tcp://127.0.0.1:43611>: Stream is closed
2024-10-26 09:43:16,557 - distributed.worker - ERROR - Failed to communicate with scheduler during heartbeat.
Traceback (most recent call last):
  File "/common/ketrong/tpotexp/env/lib/python3.10/site-packages/distributed/comm/tcp.py", line 225, in read
    frames_nosplit_nbytes_bin = await stream.read_bytes(fmt_size)
tornado.iostream.StreamClosedError: Stream is closed

The above exception was the direct cause of the following exception:

Traceback (most recent call last):
  File "/common/ketrong/tpotexp/env/lib/python3.10/site-packages/distributed/worker.py", line 1250, in heartbeat
    response = await retry_operation(
  File "/common/ketrong/tpotexp/env/lib/python3.10/site-packages/distributed/utils_comm.py", line 459, in retry_operation
    return await retry(
  File "/common/ketrong/tpotexp/env/lib/python3.10/site-packages/distributed/utils_comm.py", line 438, in retry
    return await coro()
  File "/common/ketrong/tpotexp/env/lib/python3.10/site-packages/distributed/core.py", line 1256, in send_recv_from_rpc
    return await send_recv(comm=comm, op=key, **kwargs)
  File "/common/ketrong/tpotexp/env/lib/python3.10/site-packages/distributed/core.py", line 1015, in send_recv
    response = await comm.read(deserializers=deserializers)
  File "/common/ketrong/tpotexp/env/lib/python3.10/site-packages/distributed/comm/tcp.py", line 236, in read
    convert_stream_closed_error(self, e)
  File "/common/ketrong/tpotexp/env/lib/python3.10/site-packages/distributed/comm/tcp.py", line 142, in convert_stream_closed_error
    raise CommClosedError(f"in {obj}: {exc}") from exc
distributed.comm.core.CommClosedError: in <TCP (closed) ConnectionPool.heartbeat_worker local=tcp://127.0.0.1:37318 remote=tcp://127.0.0.1:43611>: Stream is closed
2024-10-26 09:43:16,557 - distributed.worker - ERROR - Failed to communicate with scheduler during heartbeat.
Traceback (most recent call last):
  File "/common/ketrong/tpotexp/env/lib/python3.10/site-packages/distributed/comm/tcp.py", line 225, in read
    frames_nosplit_nbytes_bin = await stream.read_bytes(fmt_size)
tornado.iostream.StreamClosedError: Stream is closed

The above exception was the direct cause of the following exception:

Traceback (most recent call last):
  File "/common/ketrong/tpotexp/env/lib/python3.10/site-packages/distributed/worker.py", line 1250, in heartbeat
    response = await retry_operation(
  File "/common/ketrong/tpotexp/env/lib/python3.10/site-packages/distributed/utils_comm.py", line 459, in retry_operation
    return await retry(
  File "/common/ketrong/tpotexp/env/lib/python3.10/site-packages/distributed/utils_comm.py", line 438, in retry
    return await coro()
  File "/common/ketrong/tpotexp/env/lib/python3.10/site-packages/distributed/core.py", line 1256, in send_recv_from_rpc
    return await send_recv(comm=comm, op=key, **kwargs)
  File "/common/ketrong/tpotexp/env/lib/python3.10/site-packages/distributed/core.py", line 1015, in send_recv
    response = await comm.read(deserializers=deserializers)
  File "/common/ketrong/tpotexp/env/lib/python3.10/site-packages/distributed/comm/tcp.py", line 236, in read
    convert_stream_closed_error(self, e)
  File "/common/ketrong/tpotexp/env/lib/python3.10/site-packages/distributed/comm/tcp.py", line 142, in convert_stream_closed_error
    raise CommClosedError(f"in {obj}: {exc}") from exc
distributed.comm.core.CommClosedError: in <TCP (closed) ConnectionPool.heartbeat_worker local=tcp://127.0.0.1:37324 remote=tcp://127.0.0.1:43611>: Stream is closed
2024-10-26 09:43:16,599 - distributed.scheduler - ERROR - Removing worker 'tcp://127.0.0.1:38963' caused the cluster to lose scattered data, which can't be recovered: {'ndarray-bc1ee22df90b340c13f4c4b70d48b351', 'ndarray-3ec4365eff153c8bda42b0ee5b585d69'} (stimulus_id='handle-worker-cleanup-1729960996.5995312')
2024-10-26 09:43:20,550 - distributed.nanny - WARNING - Worker process still alive after 4.0 seconds, killing
2024-10-26 09:43:20,550 - distributed.nanny - WARNING - Worker process still alive after 4.0 seconds, killing
2024-10-26 09:43:20,550 - distributed.nanny - WARNING - Worker process still alive after 4.0 seconds, killing
2024-10-26 09:43:20,551 - distributed.nanny - WARNING - Worker process still alive after 4.0 seconds, killing
2024-10-26 09:43:20,551 - distributed.nanny - WARNING - Worker process still alive after 4.0 seconds, killing
2024-10-26 09:43:20,552 - distributed.nanny - WARNING - Worker process still alive after 4.0 seconds, killing
2024-10-26 09:43:20,553 - distributed.nanny - WARNING - Worker process still alive after 4.0 seconds, killing
2024-10-26 09:43:20,553 - distributed.nanny - WARNING - Worker process still alive after 4.0 seconds, killing
2024-10-26 09:43:20,553 - distributed.nanny - WARNING - Worker process still alive after 4.0 seconds, killing
2024-10-26 09:43:20,554 - distributed.nanny - WARNING - Worker process still alive after 4.0 seconds, killing
2024-10-26 09:43:20,554 - distributed.nanny - WARNING - Worker process still alive after 4.0 seconds, killing
2024-10-26 09:43:20,555 - distributed.nanny - WARNING - Worker process still alive after 4.0 seconds, killing
2024-10-26 09:43:20,555 - distributed.nanny - WARNING - Worker process still alive after 4.0 seconds, killing
2024-10-26 09:43:20,555 - distributed.nanny - WARNING - Worker process still alive after 4.0 seconds, killing
2024-10-26 09:43:20,577 - distributed.nanny - WARNING - Worker process still alive after 4.0 seconds, killing
2024-10-26 09:43:20,577 - distributed.nanny - WARNING - Worker process still alive after 4.0 seconds, killing
Fitted
Pipeline(steps=[('randomforestclassifier',
                 RandomForestClassifier(criterion='entropy',
                                        max_features=0.8845022621782,
                                        min_samples_leaf=6, min_samples_split=6,
                                        n_estimators=128))])
score start
train score: {'auroc': 0.967684146565819, 'accuracy': 0.8925553319919517, 'balanced_accuracy': 0.8924290478300413, 'logloss': 0.315899878580825, 'f1': 0.8924967688027972}
original test score: {'auroc': 0.8807490280420217, 'accuracy': 0.8167202572347267, 'balanced_accuracy': 0.8162689221606418, 'logloss': 0.44445873395840657, 'f1': 0.8161709805873569}
imputed test score: {'auroc': 0.8217801306973281, 'accuracy': 0.747588424437299, 'balanced_accuracy': 0.7475494250971959, 'logloss': 0.5175664436477275, 'f1': 0.7475564517171405}
score end
check intended
EXP2 Finished
running experiment 3/3 - What is the best automl settings?
<tpot2.search_spaces.pipelines.sequential.SequentialPipeline object at 0x15543504f9d0>
Start tpot fit
Version 0.1.7a0 of tpot2 is outdated. Version 0.1.8a0 was released Tuesday September 17, 2024.
Version 0.1.7a0 of tpot2 is outdated. Version 0.1.8a0 was released Tuesday September 17, 2024.
Version 0.1.7a0 of tpot2 is outdated. Version 0.1.8a0 was released Tuesday September 17, 2024.
Version 0.1.7a0 of tpot2 is outdated. Version 0.1.8a0 was released Tuesday September 17, 2024.
Version 0.1.7a0 of tpot2 is outdated. Version 0.1.8a0 was released Tuesday September 17, 2024.
Version 0.1.7a0 of tpot2 is outdated. Version 0.1.8a0 was released Tuesday September 17, 2024.
Version 0.1.7a0 of tpot2 is outdated. Version 0.1.8a0 was released Tuesday September 17, 2024.
Version 0.1.7a0 of tpot2 is outdated. Version 0.1.8a0 was released Tuesday September 17, 2024.
Version 0.1.7a0 of tpot2 is outdated. Version 0.1.8a0 was released Tuesday September 17, 2024.
Version 0.1.7a0 of tpot2 is outdated. Version 0.1.8a0 was released Tuesday September 17, 2024.
Version 0.1.7a0 of tpot2 is outdated. Version 0.1.8a0 was released Tuesday September 17, 2024.
Version 0.1.7a0 of tpot2 is outdated. Version 0.1.8a0 was released Tuesday September 17, 2024.
Version 0.1.7a0 of tpot2 is outdated. Version 0.1.8a0 was released Tuesday September 17, 2024.
Version 0.1.7a0 of tpot2 is outdated. Version 0.1.8a0 was released Tuesday September 17, 2024.
Version 0.1.7a0 of tpot2 is outdated. Version 0.1.8a0 was released Tuesday September 17, 2024.
Version 0.1.7a0 of tpot2 is outdated. Version 0.1.8a0 was released Tuesday September 17, 2024.
  0%|          | 0/25 [00:00<?, ?it/s]Generation:   0%|          | 0/25 [00:00<?, ?it/s]Generation:  1
Best f1_score score: 0.7288694448686026
Generation:   4%|▍         | 1/25 [00:05<02:14,  5.60s/it]Generation:  2
Best f1_score score: 0.7303148323948901
Generation:   8%|▊         | 2/25 [00:09<01:51,  4.84s/it]Generation:  3
Best f1_score score: 0.7476350030413877
Generation:  12%|█▏        | 3/25 [00:18<02:22,  6.50s/it]Generation:  4
Best f1_score score: 0.7548482200716855
Generation:  16%|█▌        | 4/25 [01:00<07:15, 20.74s/it]Generation:  5
Best f1_score score: 0.7589366880431415
Generation:  20%|██        | 5/25 [01:11<05:40, 17.01s/it]Generation:  6
Best f1_score score: 0.7589366880431415
Generation:  24%|██▍       | 6/25 [01:51<07:52, 24.88s/it]Generation:  7
Best f1_score score: 0.7589366880431415
Generation:  28%|██▊       | 7/25 [01:59<05:48, 19.37s/it]Generation:  8
Best f1_score score: 0.7589366880431415
Generation:  32%|███▏      | 8/25 [02:10<04:44, 16.73s/it]Generation:  9
Best f1_score score: 0.7589366880431415
Generation:  36%|███▌      | 9/25 [03:35<10:09, 38.08s/it]Generation:  10
Best f1_score score: 0.7589366880431415
Generation:  40%|████      | 10/25 [03:46<07:26, 29.75s/it]Generation:  11
Best f1_score score: 0.7589366880431415
Generation:  44%|████▍     | 11/25 [03:56<05:30, 23.63s/it]Generation:  12
Best f1_score score: 0.7628546807859722
Generation:  48%|████▊     | 12/25 [04:05<04:11, 19.32s/it]Generation:  13
Best f1_score score: 0.7628546807859722
Generation:  52%|█████▏    | 13/25 [04:15<03:16, 16.40s/it]Generation:  14
Best f1_score score: 0.7628546807859722
Generation:  56%|█████▌    | 14/25 [04:25<02:40, 14.58s/it]Generation:  15
Best f1_score score: 0.7628546807859722
Generation:  60%|██████    | 15/25 [04:33<02:05, 12.56s/it]Generation:  16
Best f1_score score: 0.7628546807859722
Generation:  64%|██████▍   | 16/25 [04:45<01:49, 12.17s/it]Generation:  17
Best f1_score score: 0.7628546807859722
Generation:  68%|██████▊   | 17/25 [04:57<01:37, 12.16s/it]Generation:  18
Best f1_score score: 0.7648953821318958
Generation:  72%|███████▏  | 18/25 [05:09<01:24, 12.06s/it]Generation:  19
Best f1_score score: 0.7648953821318958
Generation:  76%|███████▌  | 19/25 [05:24<01:17, 12.95s/it]Generation:  20
Best f1_score score: 0.7648953821318958
Generation:  80%|████████  | 20/25 [05:55<01:31, 18.36s/it]Generation:  21
Best f1_score score: 0.7648953821318958
Generation:  84%|████████▍ | 21/25 [06:04<01:02, 15.64s/it]Generation:  22
Best f1_score score: 0.7648953821318958
Generation:  88%|████████▊ | 22/25 [06:14<00:41, 13.95s/it]Generation:  23
Best f1_score score: 0.7648953821318958
Generation:  92%|█████████▏| 23/25 [06:42<00:36, 18.07s/it]Generation:  24
Best f1_score score: 0.7648953821318958
Generation:  96%|█████████▌| 24/25 [06:51<00:15, 15.55s/it]Generation:  25
Best f1_score score: 0.7648953821318958
Generation: 100%|██████████| 25/25 [07:02<00:00, 14.16s/it]Generation: 100%|██████████| 25/25 [07:02<00:00, 16.91s/it]
2024-10-26 09:50:31,752 - distributed.scheduler - ERROR - Removing worker 'tcp://127.0.0.1:36537' caused the cluster to lose scattered data, which can't be recovered: {'ndarray-bc1ee22df90b340c13f4c4b70d48b351', 'DataFrame-f293e4e30baa652f4123f1b65cebbdab'} (stimulus_id='handle-worker-cleanup-1729961431.7529204')
2024-10-26 09:50:35,743 - distributed.nanny - WARNING - Worker process still alive after 4.0 seconds, killing
2024-10-26 09:50:35,743 - distributed.nanny - WARNING - Worker process still alive after 4.0 seconds, killing
2024-10-26 09:50:35,743 - distributed.nanny - WARNING - Worker process still alive after 4.0 seconds, killing
2024-10-26 09:50:35,744 - distributed.nanny - WARNING - Worker process still alive after 4.0 seconds, killing
2024-10-26 09:50:35,744 - distributed.nanny - WARNING - Worker process still alive after 4.0 seconds, killing
2024-10-26 09:50:35,744 - distributed.nanny - WARNING - Worker process still alive after 4.0 seconds, killing
2024-10-26 09:50:35,744 - distributed.nanny - WARNING - Worker process still alive after 4.0 seconds, killing
2024-10-26 09:50:35,746 - distributed.nanny - WARNING - Worker process still alive after 4.0 seconds, killing
2024-10-26 09:50:35,746 - distributed.nanny - WARNING - Worker process still alive after 4.0 seconds, killing
2024-10-26 09:50:35,746 - distributed.nanny - WARNING - Worker process still alive after 4.0 seconds, killing
2024-10-26 09:50:35,747 - distributed.nanny - WARNING - Worker process still alive after 4.0 seconds, killing
2024-10-26 09:50:35,747 - distributed.nanny - WARNING - Worker process still alive after 4.0 seconds, killing
2024-10-26 09:50:35,747 - distributed.nanny - WARNING - Worker process still alive after 4.0 seconds, killing
2024-10-26 09:50:35,748 - distributed.nanny - WARNING - Worker process still alive after 4.0 seconds, killing
2024-10-26 09:50:35,748 - distributed.nanny - WARNING - Worker process still alive after 4.0 seconds, killing
2024-10-26 09:50:35,748 - distributed.nanny - WARNING - Worker process still alive after 4.0 seconds, killing
Fitted
Pipeline(steps=[('simpleimputer', SimpleImputer(strategy='median')),
                ('baggingclassifier',
                 BaggingClassifier(max_features=0.6762137090019,
                                   max_samples=0.6719108335469, n_estimators=99,
                                   n_jobs=1))])
transform worked
try transform
transform worked
score start
train score: {'auroc': 0.9999919026556698, 'accuracy': 0.9987927565392354, 'balanced_accuracy': 0.9987957629512164, 'logloss': 0.2173615683611566, 'f1': 0.9987926931945954}
test score: {'auroc': 0.8286510464058234, 'accuracy': 0.7604501607717041, 'balanced_accuracy': 0.7604433782777732, 'logloss': 0.5207037262829057, 'f1': 0.7604346803357296}
original test score: {'auroc': 0.8849367193316238, 'accuracy': 0.8167202572347267, 'balanced_accuracy': 0.8162068822896849, 'logloss': 0.4532745556373236, 'f1': 0.8160336239103363}
score end
737
lvl
0.3
type
MCAR
num_run
2
class_simple
finished
all finished
full run takes
0.28200656208727093
hours
DONE
