Run: 36
/cm/local/apps/slurm/var/spool/job931383/slurm_script: line 26: 
pip install -e tpot2
pip install -r tpot2/ImputerExperiments/requirements_.txt
: No such file or directory
RunStart
starting loops
../data/r/215/215.pkl
working on 
../data/r/215/reg_full_MNAR_0.5_2
3.04827880859375
running experiment 1/3 - Does large hyperparameter space improve reconstruction accuracy over simple
[I 2024-08-26 17:30:27,339] A new study created in memory with name: no-name-9c2e9b24-1064-4e7b-a25a-ba8d6895a290
running
running
running
running
running
running
running
running
running
running
running
running
running
running
running
running
[I 2024-08-26 17:30:29,516] Trial 9 finished with value: 0.22598771522237188 and parameters: {'model_name': 'SimpleImputer', 'strategy': 'mean'}. Best is trial 9 with value: 0.22598771522237188.
running
[I 2024-08-26 17:30:30,374] Trial 0 finished with value: 0.22598133809976545 and parameters: {'model_name': 'SimpleImputer', 'strategy': 'most_frequent'}. Best is trial 0 with value: 0.22598133809976545.
running
[I 2024-08-26 17:30:58,459] Trial 12 finished with value: 0.22598090753270283 and parameters: {'model_name': 'IterativeImputer', 'estimator': 'Ridge', 'initial_strategy': 'mean', 'n_nearest_features': 9, 'imputation_order': 'descending'}. Best is trial 12 with value: 0.22598090753270283.
running
[I 2024-08-26 17:31:00,058] Trial 13 finished with value: 0.25715027587190487 and parameters: {'model_name': 'GAIN', 'batch_size': 110, 'hint_rate': 0.6931374720366461, 'alpha': 3, 'iterations': 1, 'learning_rate': 0.002444388018298251, 'p_miss': 0.2926173732356877}. Best is trial 12 with value: 0.22598090753270283.
running
[I 2024-08-26 17:31:27,513] Trial 17 finished with value: 0.22406875487641745 and parameters: {'model_name': 'KNNImputer', 'n_neighbors': 1400, 'weights': 'uniform'}. Best is trial 17 with value: 0.22406875487641745.
running
[I 2024-08-26 17:31:37,952] Trial 8 finished with value: 0.2256594979555035 and parameters: {'model_name': 'KNNImputer', 'n_neighbors': 10152, 'weights': 'uniform'}. Best is trial 17 with value: 0.22406875487641745.
running
[I 2024-08-26 17:31:41,840] Trial 11 finished with value: 0.22610919186891748 and parameters: {'model_name': 'KNNImputer', 'n_neighbors': 19905, 'weights': 'uniform'}. Best is trial 17 with value: 0.22406875487641745.
running
[I 2024-08-26 17:31:50,188] Trial 4 finished with value: 0.2366150976707831 and parameters: {'model_name': 'KNNImputer', 'n_neighbors': 12466, 'weights': 'distance'}. Best is trial 17 with value: 0.22406875487641745.
running
[I 2024-08-26 17:31:51,763] Trial 23 finished with value: 0.22598133809976545 and parameters: {'model_name': 'SimpleImputer', 'strategy': 'constant'}. Best is trial 17 with value: 0.22406875487641745.
running
[I 2024-08-26 17:31:52,079] Trial 14 finished with value: 0.22599486471622782 and parameters: {'model_name': 'KNNImputer', 'n_neighbors': 31209, 'weights': 'uniform'}. Best is trial 17 with value: 0.22406875487641745.
running
[I 2024-08-26 17:31:56,720] Trial 3 finished with value: 0.24670268007123405 and parameters: {'model_name': 'GAIN', 'batch_size': 77, 'hint_rate': 0.20811515926355997, 'alpha': 42, 'iterations': 23, 'learning_rate': 0.006524461271626592, 'p_miss': 0.22615029160645303}. Best is trial 17 with value: 0.22406875487641745.
running
[I 2024-08-26 17:31:59,123] Trial 20 finished with value: 0.24633849158167878 and parameters: {'model_name': 'GAIN', 'batch_size': 175, 'hint_rate': 0.06541006613707645, 'alpha': 40, 'iterations': 7, 'learning_rate': 0.0009727216571189821, 'p_miss': 0.10416936302075859}. Best is trial 17 with value: 0.22406875487641745.
running
[I 2024-08-26 17:31:59,629] Trial 7 finished with value: 0.23661649577984342 and parameters: {'model_name': 'KNNImputer', 'n_neighbors': 18392, 'weights': 'distance'}. Best is trial 17 with value: 0.22406875487641745.
running
[I 2024-08-26 17:32:00,776] Trial 18 finished with value: inf and parameters: {'model_name': 'GAIN', 'batch_size': 4, 'hint_rate': 0.032332609153708544, 'alpha': 65, 'iterations': 250, 'learning_rate': 0.00020367086619187342, 'p_miss': 0.1284308400025377}. Best is trial 17 with value: 0.22406875487641745.
running
[I 2024-08-26 17:32:04,365] Trial 1 finished with value: 0.23660801496805917 and parameters: {'model_name': 'KNNImputer', 'n_neighbors': 35954, 'weights': 'distance'}. Best is trial 17 with value: 0.22406875487641745.
running
[I 2024-08-26 17:32:12,125] Trial 10 finished with value: 0.2259979304180948 and parameters: {'model_name': 'IterativeImputer', 'estimator': 'Ridge', 'initial_strategy': 'most_frequent', 'n_nearest_features': 3, 'imputation_order': 'random'}. Best is trial 17 with value: 0.22406875487641745.
running
[I 2024-08-26 17:32:53,312] Trial 19 finished with value: 0.23661405038166117 and parameters: {'model_name': 'KNNImputer', 'n_neighbors': 27864, 'weights': 'distance'}. Best is trial 17 with value: 0.22406875487641745.
running
[I 2024-08-26 17:32:57,658] Trial 28 finished with value: 0.22367965221381308 and parameters: {'model_name': 'KNNImputer', 'n_neighbors': 673, 'weights': 'uniform'}. Best is trial 28 with value: 0.22367965221381308.
running
[I 2024-08-26 17:33:00,192] Trial 27 finished with value: 0.2233235063535342 and parameters: {'model_name': 'KNNImputer', 'n_neighbors': 272, 'weights': 'uniform'}. Best is trial 27 with value: 0.2233235063535342.
running
[I 2024-08-26 17:33:03,437] Trial 29 finished with value: 0.22370260771008726 and parameters: {'model_name': 'KNNImputer', 'n_neighbors': 700, 'weights': 'uniform'}. Best is trial 27 with value: 0.2233235063535342.
running
[I 2024-08-26 17:33:03,588] Trial 24 finished with value: 0.22598771522237188 and parameters: {'model_name': 'KNNImputer', 'n_neighbors': 35145, 'weights': 'uniform'}. Best is trial 27 with value: 0.2233235063535342.
running
[I 2024-08-26 17:33:04,901] Trial 26 finished with value: 0.22449554353739515 and parameters: {'model_name': 'KNNImputer', 'n_neighbors': 2704, 'weights': 'uniform'}. Best is trial 27 with value: 0.2233235063535342.
running
[I 2024-08-26 17:33:14,995] Trial 31 finished with value: 0.223579444027212 and parameters: {'model_name': 'KNNImputer', 'n_neighbors': 587, 'weights': 'uniform'}. Best is trial 27 with value: 0.2233235063535342.
running
[I 2024-08-26 17:33:28,305] Trial 22 finished with value: 0.22596583766508763 and parameters: {'model_name': 'IterativeImputer', 'estimator': 'Ridge', 'initial_strategy': 'median', 'n_nearest_features': 4, 'imputation_order': 'roman'}. Best is trial 27 with value: 0.2233235063535342.
running
[I 2024-08-26 17:33:51,944] Trial 32 finished with value: 0.22332164861095224 and parameters: {'model_name': 'KNNImputer', 'n_neighbors': 133, 'weights': 'uniform'}. Best is trial 32 with value: 0.22332164861095224.
running
[I 2024-08-26 17:33:52,784] Trial 33 finished with value: 0.22357066294278102 and parameters: {'model_name': 'KNNImputer', 'n_neighbors': 578, 'weights': 'uniform'}. Best is trial 32 with value: 0.22332164861095224.
running
[I 2024-08-26 17:34:00,665] Trial 36 finished with value: 0.2239312042559145 and parameters: {'model_name': 'KNNImputer', 'n_neighbors': 1083, 'weights': 'uniform'}. Best is trial 32 with value: 0.22332164861095224.
running
[I 2024-08-26 17:34:01,867] Trial 35 finished with value: 0.22335056342952023 and parameters: {'model_name': 'KNNImputer', 'n_neighbors': 179, 'weights': 'uniform'}. Best is trial 32 with value: 0.22332164861095224.
running
[I 2024-08-26 17:34:04,307] Trial 43 finished with value: 0.22598133809976545 and parameters: {'model_name': 'SimpleImputer', 'strategy': 'median'}. Best is trial 32 with value: 0.22332164861095224.
running
[I 2024-08-26 17:34:32,567] Trial 39 finished with value: 0.22532880213775547 and parameters: {'model_name': 'KNNImputer', 'n_neighbors': 7378, 'weights': 'uniform'}. Best is trial 32 with value: 0.22332164861095224.
running
[I 2024-08-26 17:34:53,353] Trial 41 finished with value: 0.22531020957129427 and parameters: {'model_name': 'KNNImputer', 'n_neighbors': 7275, 'weights': 'uniform'}. Best is trial 32 with value: 0.22332164861095224.
running
[I 2024-08-26 17:34:54,642] Trial 40 finished with value: 0.2253575697432341 and parameters: {'model_name': 'KNNImputer', 'n_neighbors': 7605, 'weights': 'uniform'}. Best is trial 32 with value: 0.22332164861095224.
running
[I 2024-08-26 17:35:47,953] Trial 30 finished with value: 0.22598359139017266 and parameters: {'model_name': 'IterativeImputer', 'estimator': 'Bayesian', 'initial_strategy': 'median', 'n_nearest_features': 1, 'imputation_order': 'arabic', 'sample_posterior': False}. Best is trial 32 with value: 0.22332164861095224.
running
[I 2024-08-26 17:35:49,396] Trial 46 finished with value: 0.22499554934406577 and parameters: {'model_name': 'KNNImputer', 'n_neighbors': 5190, 'weights': 'uniform'}. Best is trial 32 with value: 0.22332164861095224.
running
[I 2024-08-26 17:35:52,565] Trial 49 finished with value: 0.22598133809976545 and parameters: {'model_name': 'SimpleImputer', 'strategy': 'median'}. Best is trial 32 with value: 0.22332164861095224.
running
[I 2024-08-26 17:36:36,324] Trial 48 finished with value: 0.22491521819349042 and parameters: {'model_name': 'KNNImputer', 'n_neighbors': 4730, 'weights': 'uniform'}. Best is trial 32 with value: 0.22332164861095224.
running
[I 2024-08-26 17:36:39,989] Trial 50 finished with value: 0.22497931181600217 and parameters: {'model_name': 'KNNImputer', 'n_neighbors': 5099, 'weights': 'uniform'}. Best is trial 32 with value: 0.22332164861095224.
running
[I 2024-08-26 17:36:40,513] Trial 21 finished with value: 0.2348144332839209 and parameters: {'model_name': 'IterativeImputer', 'estimator': 'KNN', 'initial_strategy': 'constant', 'n_nearest_features': 5, 'imputation_order': 'ascending'}. Best is trial 32 with value: 0.22332164861095224.
running
[I 2024-08-26 17:37:26,794] Trial 51 finished with value: 0.22598220395741114 and parameters: {'model_name': 'KNNImputer', 'n_neighbors': 14309, 'weights': 'uniform'}. Best is trial 32 with value: 0.22332164861095224.
running
[I 2024-08-26 17:37:55,810] Trial 2 finished with value: 0.2439910832542036 and parameters: {'model_name': 'GAIN', 'batch_size': 349, 'hint_rate': 0.01624232365362316, 'alpha': 3, 'iterations': 151, 'learning_rate': 0.00019671728731586495, 'p_miss': 0.09802710724224918}. Best is trial 32 with value: 0.22332164861095224.
running
[I 2024-08-26 17:38:02,330] Trial 6 finished with value: 0.23410385524899913 and parameters: {'model_name': 'IterativeImputer', 'estimator': 'KNN', 'initial_strategy': 'constant', 'n_nearest_features': 10, 'imputation_order': 'arabic'}. Best is trial 32 with value: 0.22332164861095224.
running
[I 2024-08-26 17:38:24,365] Trial 38 finished with value: 0.23756950495437942 and parameters: {'model_name': 'IterativeImputer', 'estimator': 'KNN', 'initial_strategy': 'constant', 'n_nearest_features': 1, 'imputation_order': 'roman'}. Best is trial 32 with value: 0.22332164861095224.
running
[I 2024-08-26 17:38:39,253] Trial 56 finished with value: 0.22342110436602464 and parameters: {'model_name': 'KNNImputer', 'n_neighbors': 360, 'weights': 'uniform'}. Best is trial 32 with value: 0.22332164861095224.
running
[I 2024-08-26 17:39:08,111] Trial 57 finished with value: 0.22468403145139076 and parameters: {'model_name': 'KNNImputer', 'n_neighbors': 3572, 'weights': 'uniform'}. Best is trial 32 with value: 0.22332164861095224.
running
[I 2024-08-26 17:39:16,086] Trial 16 finished with value: 0.24350449778342337 and parameters: {'model_name': 'GAIN', 'batch_size': 34, 'hint_rate': 0.1005960238760338, 'alpha': 87, 'iterations': 220, 'learning_rate': 0.00023851529610235413, 'p_miss': 0.17166711369454746}. Best is trial 32 with value: 0.22332164861095224.
running
[I 2024-08-26 17:39:23,250] Trial 58 finished with value: 0.22467992331996656 and parameters: {'model_name': 'KNNImputer', 'n_neighbors': 3554, 'weights': 'uniform'}. Best is trial 32 with value: 0.22332164861095224.
running
[I 2024-08-26 17:39:44,067] Trial 34 finished with value: 0.2343676496789711 and parameters: {'model_name': 'IterativeImputer', 'estimator': 'KNN', 'initial_strategy': 'constant', 'n_nearest_features': 10, 'imputation_order': 'ascending'}. Best is trial 32 with value: 0.22332164861095224.
running
[I 2024-08-26 17:39:54,123] Trial 60 finished with value: 0.2233294227834433 and parameters: {'model_name': 'KNNImputer', 'n_neighbors': 138, 'weights': 'uniform'}. Best is trial 32 with value: 0.22332164861095224.
running
[I 2024-08-26 17:39:55,033] Trial 59 finished with value: 0.2247283316225563 and parameters: {'model_name': 'KNNImputer', 'n_neighbors': 3740, 'weights': 'uniform'}. Best is trial 32 with value: 0.22332164861095224.
running
[I 2024-08-26 17:40:00,932] Trial 61 finished with value: 0.22376851200959075 and parameters: {'model_name': 'KNNImputer', 'n_neighbors': 64, 'weights': 'uniform'}. Best is trial 32 with value: 0.22332164861095224.
running
[I 2024-08-26 17:40:04,936] Trial 65 finished with value: 0.22598133809976545 and parameters: {'model_name': 'SimpleImputer', 'strategy': 'most_frequent'}. Best is trial 32 with value: 0.22332164861095224.
running
[I 2024-08-26 17:40:27,411] Trial 44 finished with value: 0.2343676496789711 and parameters: {'model_name': 'IterativeImputer', 'estimator': 'KNN', 'initial_strategy': 'constant', 'n_nearest_features': 10, 'imputation_order': 'ascending'}. Best is trial 32 with value: 0.22332164861095224.
running
[I 2024-08-26 17:40:31,446] Trial 64 finished with value: 0.22388263379722823 and parameters: {'model_name': 'KNNImputer', 'n_neighbors': 46, 'weights': 'uniform'}. Best is trial 32 with value: 0.22332164861095224.
running
[I 2024-08-26 17:40:40,314] Trial 62 finished with value: 0.22611348716927782 and parameters: {'model_name': 'KNNImputer', 'n_neighbors': 22551, 'weights': 'uniform'}. Best is trial 32 with value: 0.22332164861095224.
running
[I 2024-08-26 17:40:42,581] Trial 63 finished with value: 0.22489121953638005 and parameters: {'model_name': 'KNNImputer', 'n_neighbors': 4595, 'weights': 'uniform'}. Best is trial 32 with value: 0.22332164861095224.
running
[I 2024-08-26 17:40:44,120] Trial 66 finished with value: 0.22339104321897313 and parameters: {'model_name': 'KNNImputer', 'n_neighbors': 308, 'weights': 'uniform'}. Best is trial 32 with value: 0.22332164861095224.
running
[I 2024-08-26 17:40:48,276] Trial 45 finished with value: 0.2343676496789711 and parameters: {'model_name': 'IterativeImputer', 'estimator': 'KNN', 'initial_strategy': 'constant', 'n_nearest_features': 10, 'imputation_order': 'ascending'}. Best is trial 32 with value: 0.22332164861095224.
running
[I 2024-08-26 17:40:57,056] Trial 47 finished with value: 0.2343676496789711 and parameters: {'model_name': 'IterativeImputer', 'estimator': 'KNN', 'initial_strategy': 'constant', 'n_nearest_features': 10, 'imputation_order': 'ascending'}. Best is trial 32 with value: 0.22332164861095224.
running
[I 2024-08-26 17:41:02,313] Trial 67 finished with value: 0.22335355794422473 and parameters: {'model_name': 'KNNImputer', 'n_neighbors': 156, 'weights': 'uniform'}. Best is trial 32 with value: 0.22332164861095224.
running
[I 2024-08-26 17:41:15,110] Trial 68 finished with value: 0.23650907673864455 and parameters: {'model_name': 'KNNImputer', 'n_neighbors': 3466, 'weights': 'distance'}. Best is trial 32 with value: 0.22332164861095224.
running
[I 2024-08-26 17:48:03,030] Trial 70 finished with value: inf and parameters: {'model_name': 'GAIN', 'batch_size': 1, 'hint_rate': 0.9656436408541342, 'alpha': 97, 'iterations': 1773, 'learning_rate': 0.07673803260500288, 'p_miss': 0.020452624386886664}. Best is trial 32 with value: 0.22332164861095224.
running
[I 2024-08-26 17:48:42,877] Trial 76 finished with value: 0.23647892437012347 and parameters: {'model_name': 'KNNImputer', 'n_neighbors': 2422, 'weights': 'distance'}. Best is trial 32 with value: 0.22332164861095224.
running
[I 2024-08-26 17:49:18,456] Trial 77 finished with value: 0.22438618359859727 and parameters: {'model_name': 'KNNImputer', 'n_neighbors': 2289, 'weights': 'uniform'}. Best is trial 32 with value: 0.22332164861095224.
running
[I 2024-08-26 17:49:54,989] Trial 78 finished with value: 0.22522217375812806 and parameters: {'model_name': 'KNNImputer', 'n_neighbors': 6604, 'weights': 'uniform'}. Best is trial 32 with value: 0.22332164861095224.
running
[I 2024-08-26 17:50:29,880] Trial 79 finished with value: 0.22438345551801975 and parameters: {'model_name': 'KNNImputer', 'n_neighbors': 2252, 'weights': 'uniform'}. Best is trial 32 with value: 0.22332164861095224.
running
[I 2024-08-26 18:04:48,051] Trial 72 finished with value: inf and parameters: {'model_name': 'GAIN', 'batch_size': 1, 'hint_rate': 0.9563467780695085, 'alpha': 98, 'iterations': 5929, 'learning_rate': 0.06514487876265064, 'p_miss': 0.02205401433903703}. Best is trial 32 with value: 0.22332164861095224.
running
[I 2024-08-26 18:05:36,201] Trial 81 finished with value: 0.23661458652264603 and parameters: {'model_name': 'KNNImputer', 'n_neighbors': 11744, 'weights': 'distance'}. Best is trial 32 with value: 0.22332164861095224.
running
[I 2024-08-26 18:06:11,466] Trial 82 finished with value: 0.22441925324992384 and parameters: {'model_name': 'KNNImputer', 'n_neighbors': 2414, 'weights': 'uniform'}. Best is trial 32 with value: 0.22332164861095224.
running
[I 2024-08-26 18:06:50,594] Trial 83 finished with value: 0.2256531833718288 and parameters: {'model_name': 'KNNImputer', 'n_neighbors': 10086, 'weights': 'uniform'}. Best is trial 32 with value: 0.22332164861095224.
running
[I 2024-08-26 18:07:25,284] Trial 84 finished with value: 0.22425668640546287 and parameters: {'model_name': 'KNNImputer', 'n_neighbors': 1822, 'weights': 'uniform'}. Best is trial 32 with value: 0.22332164861095224.
running
[I 2024-08-26 18:08:03,869] Trial 85 finished with value: 0.22513860168676839 and parameters: {'model_name': 'KNNImputer', 'n_neighbors': 6091, 'weights': 'uniform'}. Best is trial 32 with value: 0.22332164861095224.
running
[I 2024-08-26 18:08:35,240] Trial 86 finished with value: 0.22337943853642445 and parameters: {'model_name': 'KNNImputer', 'n_neighbors': 296, 'weights': 'uniform'}. Best is trial 32 with value: 0.22332164861095224.
running
[I 2024-08-26 18:08:49,323] Trial 25 finished with value: inf and parameters: {'model_name': 'GAIN', 'batch_size': 1, 'hint_rate': 0.04626225164254455, 'alpha': 93, 'iterations': 9653, 'learning_rate': 0.08209618405080224, 'p_miss': 0.02011836156437838}. Best is trial 32 with value: 0.22332164861095224.
running
[I 2024-08-26 18:09:08,541] Trial 87 finished with value: 0.22331853454386413 and parameters: {'model_name': 'KNNImputer', 'n_neighbors': 256, 'weights': 'uniform'}. Best is trial 87 with value: 0.22331853454386413.
running
[I 2024-08-26 18:09:18,266] Trial 54 finished with value: inf and parameters: {'model_name': 'GAIN', 'batch_size': 1, 'hint_rate': 0.8912527283895968, 'alpha': 93, 'iterations': 7750, 'learning_rate': 0.07053518124977826, 'p_miss': 0.02846553671437782}. Best is trial 87 with value: 0.22331853454386413.
running
[I 2024-08-26 18:09:23,220] Trial 88 finished with value: 0.22342433203109718 and parameters: {'model_name': 'KNNImputer', 'n_neighbors': 148, 'weights': 'uniform'}. Best is trial 87 with value: 0.22331853454386413.
running
[I 2024-08-26 18:09:41,103] Trial 89 finished with value: 0.2371972020428737 and parameters: {'model_name': 'KNNImputer', 'n_neighbors': 4, 'weights': 'uniform'}. Best is trial 87 with value: 0.22331853454386413.
running
[I 2024-08-26 18:09:42,426] Trial 92 finished with value: 0.22598133809976545 and parameters: {'model_name': 'SimpleImputer', 'strategy': 'constant'}. Best is trial 87 with value: 0.22331853454386413.
running
[I 2024-08-26 18:09:58,062] Trial 90 finished with value: 0.22431034455575846 and parameters: {'model_name': 'KNNImputer', 'n_neighbors': 2018, 'weights': 'uniform'}. Best is trial 87 with value: 0.22331853454386413.
running
[I 2024-08-26 18:10:03,012] Trial 91 finished with value: 0.22436038263768157 and parameters: {'model_name': 'KNNImputer', 'n_neighbors': 2208, 'weights': 'uniform'}. Best is trial 87 with value: 0.22331853454386413.
running
[I 2024-08-26 18:10:22,147] Trial 93 finished with value: 0.2242512424502756 and parameters: {'model_name': 'KNNImputer', 'n_neighbors': 1800, 'weights': 'uniform'}. Best is trial 87 with value: 0.22331853454386413.
running
[I 2024-08-26 18:10:43,734] Trial 80 finished with value: inf and parameters: {'model_name': 'GAIN', 'batch_size': 6, 'hint_rate': 0.4273817719945739, 'alpha': 25, 'iterations': 4996, 'learning_rate': 0.0996938940641796, 'p_miss': 0.0177268478110211}. Best is trial 87 with value: 0.22331853454386413.
running
[I 2024-08-26 18:10:55,761] Trial 96 finished with value: 0.22362886852837072 and parameters: {'model_name': 'KNNImputer', 'n_neighbors': 80, 'weights': 'uniform'}. Best is trial 87 with value: 0.22331853454386413.
running
[I 2024-08-26 18:11:01,136] Trial 95 finished with value: 0.2366166528374459 and parameters: {'model_name': 'KNNImputer', 'n_neighbors': 16233, 'weights': 'distance'}. Best is trial 87 with value: 0.22331853454386413.
running
[I 2024-08-26 18:11:05,028] Trial 94 finished with value: 0.23661719568787865 and parameters: {'model_name': 'KNNImputer', 'n_neighbors': 25238, 'weights': 'distance'}. Best is trial 87 with value: 0.22331853454386413.
running
[I 2024-08-26 18:11:14,082] Trial 75 finished with value: inf and parameters: {'model_name': 'GAIN', 'batch_size': 1, 'hint_rate': 0.9333156888540796, 'alpha': 97, 'iterations': 7820, 'learning_rate': 0.08970431923318742, 'p_miss': 0.023753379423474136}. Best is trial 87 with value: 0.22331853454386413.
running
[I 2024-08-26 18:11:21,713] Trial 97 finished with value: 0.22393158801045027 and parameters: {'model_name': 'KNNImputer', 'n_neighbors': 1111, 'weights': 'uniform'}. Best is trial 87 with value: 0.22331853454386413.
running
[I 2024-08-26 18:11:36,568] Trial 98 finished with value: 0.22408154855616996 and parameters: {'model_name': 'KNNImputer', 'n_neighbors': 1414, 'weights': 'uniform'}. Best is trial 87 with value: 0.22331853454386413.
running
[I 2024-08-26 18:11:41,277] Trial 99 finished with value: 0.2240686037694511 and parameters: {'model_name': 'KNNImputer', 'n_neighbors': 1364, 'weights': 'uniform'}. Best is trial 87 with value: 0.22331853454386413.
running
[I 2024-08-26 18:11:43,866] Trial 100 finished with value: 0.22398716680559252 and parameters: {'model_name': 'KNNImputer', 'n_neighbors': 1223, 'weights': 'uniform'}. Best is trial 87 with value: 0.22331853454386413.
running
[I 2024-08-26 18:11:55,307] Trial 101 finished with value: 0.2240660382560538 and parameters: {'model_name': 'KNNImputer', 'n_neighbors': 1346, 'weights': 'uniform'}. Best is trial 87 with value: 0.22331853454386413.
running
[I 2024-08-26 18:12:04,447] Trial 102 finished with value: 0.22469155871433544 and parameters: {'model_name': 'KNNImputer', 'n_neighbors': 3617, 'weights': 'uniform'}. Best is trial 87 with value: 0.22331853454386413.
running
[I 2024-08-26 18:12:10,167] Trial 53 finished with value: inf and parameters: {'model_name': 'GAIN', 'batch_size': 1, 'hint_rate': 0.9540429440031962, 'alpha': 100, 'iterations': 9048, 'learning_rate': 0.07498294195624645, 'p_miss': 0.013839954011433647}. Best is trial 87 with value: 0.22331853454386413.
running
[I 2024-08-26 18:12:21,551] Trial 103 finished with value: 0.22478672649732684 and parameters: {'model_name': 'KNNImputer', 'n_neighbors': 3978, 'weights': 'uniform'}. Best is trial 87 with value: 0.22331853454386413.
running
[I 2024-08-26 18:12:25,761] Trial 104 finished with value: 0.22469505601888917 and parameters: {'model_name': 'KNNImputer', 'n_neighbors': 3631, 'weights': 'uniform'}. Best is trial 87 with value: 0.22331853454386413.
running
[I 2024-08-26 18:12:27,109] Trial 105 finished with value: 0.22476632718282125 and parameters: {'model_name': 'KNNImputer', 'n_neighbors': 3878, 'weights': 'uniform'}. Best is trial 87 with value: 0.22331853454386413.
running
[I 2024-08-26 18:12:41,029] Trial 106 finished with value: 0.2246786260090544 and parameters: {'model_name': 'KNNImputer', 'n_neighbors': 3537, 'weights': 'uniform'}. Best is trial 87 with value: 0.22331853454386413.
running
[I 2024-08-26 18:12:41,945] Trial 107 finished with value: 0.22390555121516006 and parameters: {'model_name': 'KNNImputer', 'n_neighbors': 58, 'weights': 'uniform'}. Best is trial 87 with value: 0.22331853454386413.
running
[I 2024-08-26 18:12:42,429] Trial 112 finished with value: 0.22598771522237188 and parameters: {'model_name': 'SimpleImputer', 'strategy': 'mean'}. Best is trial 87 with value: 0.22331853454386413.
running
[I 2024-08-26 18:12:43,503] Trial 113 finished with value: 0.22598771522237188 and parameters: {'model_name': 'SimpleImputer', 'strategy': 'mean'}. Best is trial 87 with value: 0.22331853454386413.
running
[I 2024-08-26 18:12:50,299] Trial 108 finished with value: 0.22382580101752855 and parameters: {'model_name': 'KNNImputer', 'n_neighbors': 62, 'weights': 'uniform'}. Best is trial 87 with value: 0.22331853454386413.
running
[I 2024-08-26 18:13:04,294] Trial 111 finished with value: 0.22371657792522304 and parameters: {'model_name': 'KNNImputer', 'n_neighbors': 73, 'weights': 'uniform'}. Best is trial 87 with value: 0.22331853454386413.
running
[I 2024-08-26 18:13:04,461] Trial 110 finished with value: 0.2239644699739871 and parameters: {'model_name': 'KNNImputer', 'n_neighbors': 44, 'weights': 'uniform'}. Best is trial 87 with value: 0.22331853454386413.
running
[I 2024-08-26 18:13:14,129] Trial 109 finished with value: 0.22598771522237188 and parameters: {'model_name': 'KNNImputer', 'n_neighbors': 33281, 'weights': 'uniform'}. Best is trial 87 with value: 0.22331853454386413.
running
[I 2024-08-26 18:13:32,988] Trial 114 finished with value: 0.22598771522237188 and parameters: {'model_name': 'KNNImputer', 'n_neighbors': 34252, 'weights': 'uniform'}. Best is trial 87 with value: 0.22331853454386413.
running
[I 2024-08-26 18:13:33,645] Trial 115 finished with value: 0.22598771522237188 and parameters: {'model_name': 'KNNImputer', 'n_neighbors': 35438, 'weights': 'uniform'}. Best is trial 87 with value: 0.22331853454386413.
running
[I 2024-08-26 18:13:41,403] Trial 116 finished with value: 0.22598771522237188 and parameters: {'model_name': 'KNNImputer', 'n_neighbors': 32809, 'weights': 'uniform'}. Best is trial 87 with value: 0.22331853454386413.
running
[I 2024-08-26 18:13:45,924] Trial 117 finished with value: 0.22396455478165417 and parameters: {'model_name': 'KNNImputer', 'n_neighbors': 1150, 'weights': 'uniform'}. Best is trial 87 with value: 0.22331853454386413.
running
[I 2024-08-26 18:13:48,988] Trial 52 finished with value: inf and parameters: {'model_name': 'GAIN', 'batch_size': 1, 'hint_rate': 0.9273257935682405, 'alpha': 91, 'iterations': 9233, 'learning_rate': 0.0839303440272043, 'p_miss': 0.03737775728770103}. Best is trial 87 with value: 0.22331853454386413.
running
[I 2024-08-26 18:13:52,636] Trial 118 finished with value: 0.22598771522237188 and parameters: {'model_name': 'KNNImputer', 'n_neighbors': 32994, 'weights': 'uniform'}. Best is trial 87 with value: 0.22331853454386413.
running
[I 2024-08-26 18:13:56,477] Trial 119 finished with value: 0.22448852924016993 and parameters: {'model_name': 'KNNImputer', 'n_neighbors': 2666, 'weights': 'uniform'}. Best is trial 87 with value: 0.22331853454386413.
running
[I 2024-08-26 18:14:11,208] Trial 120 finished with value: 0.22448525951421344 and parameters: {'model_name': 'KNNImputer', 'n_neighbors': 2630, 'weights': 'uniform'}. Best is trial 87 with value: 0.22331853454386413.
running
[I 2024-08-26 18:14:11,789] Trial 121 finished with value: 0.2244855396559371 and parameters: {'model_name': 'KNNImputer', 'n_neighbors': 2632, 'weights': 'uniform'}. Best is trial 87 with value: 0.22331853454386413.
running
[I 2024-08-26 18:14:46,363] Trial 55 finished with value: inf and parameters: {'model_name': 'GAIN', 'batch_size': 1, 'hint_rate': 0.9634078313857262, 'alpha': 99, 'iterations': 9434, 'learning_rate': 0.07232025950615657, 'p_miss': 0.01802748470900631}. Best is trial 87 with value: 0.22331853454386413.
running
[I 2024-08-26 18:15:16,457] Trial 74 finished with value: inf and parameters: {'model_name': 'GAIN', 'batch_size': 1, 'hint_rate': 0.888869943089845, 'alpha': 94, 'iterations': 8862, 'learning_rate': 0.08339536317722902, 'p_miss': 0.012022328241749952}. Best is trial 87 with value: 0.22331853454386413.
running
[I 2024-08-26 18:15:49,191] Trial 69 finished with value: inf and parameters: {'model_name': 'GAIN', 'batch_size': 1, 'hint_rate': 0.961020125182855, 'alpha': 97, 'iterations': 9201, 'learning_rate': 0.09336449150504988, 'p_miss': 0.018140255670864913}. Best is trial 87 with value: 0.22331853454386413.
running
[I 2024-08-26 18:16:04,362] Trial 73 finished with value: inf and parameters: {'model_name': 'GAIN', 'batch_size': 1, 'hint_rate': 0.9593186768572528, 'alpha': 91, 'iterations': 9646, 'learning_rate': 0.07831973618146054, 'p_miss': 0.012063161814236584}. Best is trial 87 with value: 0.22331853454386413.
running
[I 2024-08-26 18:16:31,719] Trial 71 finished with value: inf and parameters: {'model_name': 'GAIN', 'batch_size': 1, 'hint_rate': 0.9752582596002622, 'alpha': 98, 'iterations': 9887, 'learning_rate': 0.060501527452384865, 'p_miss': 0.016213706172484604}. Best is trial 87 with value: 0.22331853454386413.
running
[I 2024-08-26 18:16:44,611] Trial 37 finished with value: 0.2261693492562374 and parameters: {'model_name': 'IterativeImputer', 'estimator': 'RFR', 'initial_strategy': 'median', 'n_nearest_features': 1, 'imputation_order': 'arabic'}. Best is trial 87 with value: 0.22331853454386413.
running
[I 2024-08-26 18:17:08,628] Trial 134 finished with value: 0.22396455478165417 and parameters: {'model_name': 'KNNImputer', 'n_neighbors': 1150, 'weights': 'uniform'}. Best is trial 87 with value: 0.22331853454386413.
running
[I 2024-08-26 18:22:39,051] Trial 5 finished with value: 0.25039630916312927 and parameters: {'model_name': 'GAIN', 'batch_size': 52, 'hint_rate': 0.2984133642703256, 'alpha': 45, 'iterations': 6984, 'learning_rate': 0.005011318992862068, 'p_miss': 0.10392175247384554}. Best is trial 87 with value: 0.22331853454386413.
running
[I 2024-08-26 18:23:03,106] Trial 136 finished with value: 0.22355783073558805 and parameters: {'model_name': 'KNNImputer', 'n_neighbors': 560, 'weights': 'uniform'}. Best is trial 87 with value: 0.22331853454386413.
running
[I 2024-08-26 18:23:27,685] Trial 137 finished with value: 0.22383119833007684 and parameters: {'model_name': 'KNNImputer', 'n_neighbors': 895, 'weights': 'uniform'}. Best is trial 87 with value: 0.22331853454386413.
running
[I 2024-08-26 18:23:52,155] Trial 138 finished with value: 0.22384007912526313 and parameters: {'model_name': 'KNNImputer', 'n_neighbors': 904, 'weights': 'uniform'}. Best is trial 87 with value: 0.22331853454386413.
running
[I 2024-08-26 18:24:17,708] Trial 139 finished with value: 0.22421733567669205 and parameters: {'model_name': 'KNNImputer', 'n_neighbors': 1731, 'weights': 'uniform'}. Best is trial 87 with value: 0.22331853454386413.
running
[I 2024-08-26 18:24:42,378] Trial 140 finished with value: 0.22371057598066643 and parameters: {'model_name': 'KNNImputer', 'n_neighbors': 714, 'weights': 'uniform'}. Best is trial 87 with value: 0.22331853454386413.
running
[I 2024-08-26 19:53:40,110] Trial 123 finished with value: 0.23018199940315998 and parameters: {'model_name': 'IterativeImputer', 'estimator': 'RFR', 'initial_strategy': 'most_frequent', 'n_nearest_features': 7, 'imputation_order': 'random'}. Best is trial 87 with value: 0.22331853454386413.
running
[I 2024-08-26 19:53:56,832] Trial 125 finished with value: 0.2303166943547236 and parameters: {'model_name': 'IterativeImputer', 'estimator': 'RFR', 'initial_strategy': 'most_frequent', 'n_nearest_features': 7, 'imputation_order': 'random'}. Best is trial 87 with value: 0.22331853454386413.
running
[I 2024-08-26 19:54:06,365] Trial 142 finished with value: 0.22446497011533056 and parameters: {'model_name': 'KNNImputer', 'n_neighbors': 2547, 'weights': 'uniform'}. Best is trial 87 with value: 0.22331853454386413.
running
[I 2024-08-26 19:54:25,016] Trial 143 finished with value: 0.22448029024890684 and parameters: {'model_name': 'KNNImputer', 'n_neighbors': 2606, 'weights': 'uniform'}. Best is trial 87 with value: 0.22331853454386413.
running
[I 2024-08-26 19:54:35,646] Trial 144 finished with value: 0.22502597414789477 and parameters: {'model_name': 'KNNImputer', 'n_neighbors': 5354, 'weights': 'uniform'}. Best is trial 87 with value: 0.22331853454386413.
running
[I 2024-08-26 19:54:36,872] Trial 122 finished with value: 0.22999065362440124 and parameters: {'model_name': 'IterativeImputer', 'estimator': 'RFR', 'initial_strategy': 'mean', 'n_nearest_features': 7, 'imputation_order': 'random'}. Best is trial 87 with value: 0.22331853454386413.
running
[I 2024-08-26 19:54:49,742] Trial 126 finished with value: 0.23009818130920703 and parameters: {'model_name': 'IterativeImputer', 'estimator': 'RFR', 'initial_strategy': 'mean', 'n_nearest_features': 7, 'imputation_order': 'random'}. Best is trial 87 with value: 0.22331853454386413.
running
[I 2024-08-26 19:54:50,343] Trial 124 finished with value: 0.23040583333386994 and parameters: {'model_name': 'IterativeImputer', 'estimator': 'RFR', 'initial_strategy': 'mean', 'n_nearest_features': 7, 'imputation_order': 'random'}. Best is trial 87 with value: 0.22331853454386413.
running
[I 2024-08-26 19:55:00,091] Trial 145 finished with value: 0.2249787818206948 and parameters: {'model_name': 'KNNImputer', 'n_neighbors': 5079, 'weights': 'uniform'}. Best is trial 87 with value: 0.22331853454386413.
running
[I 2024-08-26 19:55:03,688] Trial 127 finished with value: 0.22998610537355318 and parameters: {'model_name': 'IterativeImputer', 'estimator': 'RFR', 'initial_strategy': 'mean', 'n_nearest_features': 7, 'imputation_order': 'random'}. Best is trial 87 with value: 0.22331853454386413.
running
[I 2024-08-26 19:55:10,755] Trial 146 finished with value: 0.22374091909583255 and parameters: {'model_name': 'KNNImputer', 'n_neighbors': 764, 'weights': 'uniform'}. Best is trial 87 with value: 0.22331853454386413.
running
[I 2024-08-26 19:55:11,157] Trial 147 finished with value: 0.22373509796508279 and parameters: {'model_name': 'KNNImputer', 'n_neighbors': 748, 'weights': 'uniform'}. Best is trial 87 with value: 0.22331853454386413.
running
[I 2024-08-26 19:55:14,732] Trial 128 finished with value: 0.23039410753558398 and parameters: {'model_name': 'IterativeImputer', 'estimator': 'RFR', 'initial_strategy': 'mean', 'n_nearest_features': 7, 'imputation_order': 'random'}. Best is trial 87 with value: 0.22331853454386413.
running
[I 2024-08-26 19:55:25,650] Trial 129 finished with value: 0.23015619026805076 and parameters: {'model_name': 'IterativeImputer', 'estimator': 'RFR', 'initial_strategy': 'mean', 'n_nearest_features': 7, 'imputation_order': 'random'}. Best is trial 87 with value: 0.22331853454386413.
running
[I 2024-08-26 19:55:29,061] Trial 148 finished with value: 0.22478393684491643 and parameters: {'model_name': 'KNNImputer', 'n_neighbors': 26, 'weights': 'uniform'}. Best is trial 87 with value: 0.22331853454386413.
running
[I 2024-08-26 19:55:31,796] Trial 149 finished with value: 0.22364383442174463 and parameters: {'model_name': 'KNNImputer', 'n_neighbors': 640, 'weights': 'uniform'}. Best is trial 87 with value: 0.22331853454386413.
running
[I 2024-08-26 19:55:43,367] Trial 150 finished with value: 0.22358156245202526 and parameters: {'model_name': 'KNNImputer', 'n_neighbors': 592, 'weights': 'uniform'}. Best is trial 87 with value: 0.22331853454386413.
running
[I 2024-08-26 19:55:45,000] Trial 131 finished with value: 0.23040894646757243 and parameters: {'model_name': 'IterativeImputer', 'estimator': 'RFR', 'initial_strategy': 'most_frequent', 'n_nearest_features': 7, 'imputation_order': 'random'}. Best is trial 87 with value: 0.22331853454386413.
running
[I 2024-08-26 19:55:47,578] Trial 151 finished with value: 0.22370260771008726 and parameters: {'model_name': 'KNNImputer', 'n_neighbors': 700, 'weights': 'uniform'}. Best is trial 87 with value: 0.22331853454386413.
running
[I 2024-08-26 19:55:52,175] Trial 152 finished with value: 0.24968375362916784 and parameters: {'model_name': 'KNNImputer', 'n_neighbors': 2, 'weights': 'uniform'}. Best is trial 87 with value: 0.22331853454386413.
running
[I 2024-08-26 19:55:58,566] Trial 153 finished with value: 0.22422983033965754 and parameters: {'model_name': 'KNNImputer', 'n_neighbors': 1761, 'weights': 'uniform'}. Best is trial 87 with value: 0.22331853454386413.
running
[I 2024-08-26 19:56:00,960] Trial 154 finished with value: 0.22421003756074726 and parameters: {'model_name': 'KNNImputer', 'n_neighbors': 37, 'weights': 'uniform'}. Best is trial 87 with value: 0.22331853454386413.
running
[I 2024-08-26 19:56:12,982] Trial 155 finished with value: 0.2237158626294804 and parameters: {'model_name': 'KNNImputer', 'n_neighbors': 75, 'weights': 'uniform'}. Best is trial 87 with value: 0.22331853454386413.
running
[I 2024-08-26 19:56:17,381] Trial 156 finished with value: 0.2242610804256017 and parameters: {'model_name': 'KNNImputer', 'n_neighbors': 1860, 'weights': 'uniform'}. Best is trial 87 with value: 0.22331853454386413.
running
[I 2024-08-26 19:56:20,619] Trial 157 finished with value: 0.2242621377730145 and parameters: {'model_name': 'KNNImputer', 'n_neighbors': 1859, 'weights': 'uniform'}. Best is trial 87 with value: 0.22331853454386413.
running
[I 2024-08-26 19:56:25,545] Trial 130 finished with value: 0.23024421404694245 and parameters: {'model_name': 'IterativeImputer', 'estimator': 'RFR', 'initial_strategy': 'mean', 'n_nearest_features': 7, 'imputation_order': 'random'}. Best is trial 87 with value: 0.22331853454386413.
running
[I 2024-08-26 19:56:33,720] Trial 158 finished with value: 0.22426119439289938 and parameters: {'model_name': 'KNNImputer', 'n_neighbors': 1853, 'weights': 'uniform'}. Best is trial 87 with value: 0.22331853454386413.
running
[I 2024-08-26 19:56:36,924] Trial 159 finished with value: 0.22426277297151218 and parameters: {'model_name': 'KNNImputer', 'n_neighbors': 1863, 'weights': 'uniform'}. Best is trial 87 with value: 0.22331853454386413.
running
[I 2024-08-26 19:56:40,501] Trial 160 finished with value: 0.23645457999825742 and parameters: {'model_name': 'KNNImputer', 'n_neighbors': 1932, 'weights': 'distance'}. Best is trial 87 with value: 0.22331853454386413.
running
[I 2024-08-26 19:56:45,663] Trial 161 finished with value: 0.23645474002670852 and parameters: {'model_name': 'KNNImputer', 'n_neighbors': 1898, 'weights': 'distance'}. Best is trial 87 with value: 0.22331853454386413.
running
[I 2024-08-26 19:56:51,609] Trial 162 finished with value: 0.23644811829102547 and parameters: {'model_name': 'KNNImputer', 'n_neighbors': 1625, 'weights': 'distance'}. Best is trial 87 with value: 0.22331853454386413.
running
[I 2024-08-26 19:56:54,304] Trial 163 finished with value: 0.23645647692623295 and parameters: {'model_name': 'KNNImputer', 'n_neighbors': 1830, 'weights': 'distance'}. Best is trial 87 with value: 0.22331853454386413.
running
[I 2024-08-26 19:57:05,546] Trial 164 finished with value: 0.22427303982103694 and parameters: {'model_name': 'KNNImputer', 'n_neighbors': 1935, 'weights': 'uniform'}. Best is trial 87 with value: 0.22331853454386413.
running
[I 2024-08-26 19:57:12,051] Trial 165 finished with value: 0.23645290982901765 and parameters: {'model_name': 'KNNImputer', 'n_neighbors': 1684, 'weights': 'distance'}. Best is trial 87 with value: 0.22331853454386413.
running
[I 2024-08-26 19:57:15,354] Trial 166 finished with value: 0.23643739625809954 and parameters: {'model_name': 'KNNImputer', 'n_neighbors': 1362, 'weights': 'distance'}. Best is trial 87 with value: 0.22331853454386413.
running
[I 2024-08-26 19:57:17,539] Trial 167 finished with value: 0.23643833059896902 and parameters: {'model_name': 'KNNImputer', 'n_neighbors': 1364, 'weights': 'distance'}. Best is trial 87 with value: 0.22331853454386413.
running
[I 2024-08-26 19:57:28,973] Trial 169 finished with value: 0.23642646501634984 and parameters: {'model_name': 'KNNImputer', 'n_neighbors': 969, 'weights': 'distance'}. Best is trial 87 with value: 0.22331853454386413.
running
[I 2024-08-26 19:57:29,835] Trial 168 finished with value: 0.23649894017813536 and parameters: {'model_name': 'KNNImputer', 'n_neighbors': 3134, 'weights': 'distance'}. Best is trial 87 with value: 0.22331853454386413.
running
[I 2024-08-26 19:57:31,076] Trial 179 finished with value: 0.22598133809976545 and parameters: {'model_name': 'SimpleImputer', 'strategy': 'most_frequent'}. Best is trial 87 with value: 0.22331853454386413.
running
[I 2024-08-26 19:57:35,875] Trial 170 finished with value: 0.22457668116503746 and parameters: {'model_name': 'KNNImputer', 'n_neighbors': 3049, 'weights': 'uniform'}. Best is trial 87 with value: 0.22331853454386413.
running
[I 2024-08-26 19:57:36,853] Trial 171 finished with value: 0.22386498538864635 and parameters: {'model_name': 'KNNImputer', 'n_neighbors': 947, 'weights': 'uniform'}. Best is trial 87 with value: 0.22331853454386413.
running
[I 2024-08-26 19:57:44,103] Trial 172 finished with value: 0.22460624955006253 and parameters: {'model_name': 'KNNImputer', 'n_neighbors': 3182, 'weights': 'uniform'}. Best is trial 87 with value: 0.22331853454386413.
running
[I 2024-08-26 19:57:48,933] Trial 173 finished with value: 0.2246106330676667 and parameters: {'model_name': 'KNNImputer', 'n_neighbors': 3212, 'weights': 'uniform'}. Best is trial 87 with value: 0.22331853454386413.
running
[I 2024-08-26 19:57:59,637] Trial 174 finished with value: 0.22462330682779136 and parameters: {'model_name': 'KNNImputer', 'n_neighbors': 3269, 'weights': 'uniform'}. Best is trial 87 with value: 0.22331853454386413.
running
[I 2024-08-26 19:58:02,635] Trial 132 finished with value: 0.23053385626533243 and parameters: {'model_name': 'IterativeImputer', 'estimator': 'RFR', 'initial_strategy': 'mean', 'n_nearest_features': 7, 'imputation_order': 'random'}. Best is trial 87 with value: 0.22331853454386413.
running
[I 2024-08-26 19:58:05,301] Trial 176 finished with value: 0.2237266523907905 and parameters: {'model_name': 'KNNImputer', 'n_neighbors': 727, 'weights': 'uniform'}. Best is trial 87 with value: 0.22331853454386413.
running
[I 2024-08-26 19:58:07,907] Trial 175 finished with value: 0.22459041180463385 and parameters: {'model_name': 'KNNImputer', 'n_neighbors': 3079, 'weights': 'uniform'}. Best is trial 87 with value: 0.22331853454386413.
running
[I 2024-08-26 19:58:12,533] Trial 177 finished with value: 0.22459779332001534 and parameters: {'model_name': 'KNNImputer', 'n_neighbors': 3141, 'weights': 'uniform'}. Best is trial 87 with value: 0.22331853454386413.
running
[I 2024-08-26 19:58:22,256] Trial 180 finished with value: 0.22359054827706976 and parameters: {'model_name': 'KNNImputer', 'n_neighbors': 618, 'weights': 'uniform'}. Best is trial 87 with value: 0.22331853454386413.
running
[I 2024-08-26 19:58:25,845] Trial 178 finished with value: 0.22456812488698227 and parameters: {'model_name': 'KNNImputer', 'n_neighbors': 3010, 'weights': 'uniform'}. Best is trial 87 with value: 0.22331853454386413.
running
[I 2024-08-26 19:58:26,042] Trial 181 finished with value: 0.22341027823680698 and parameters: {'model_name': 'KNNImputer', 'n_neighbors': 357, 'weights': 'uniform'}. Best is trial 87 with value: 0.22331853454386413.
running
[I 2024-08-26 19:58:29,442] Trial 182 finished with value: 0.2235732480640622 and parameters: {'model_name': 'KNNImputer', 'n_neighbors': 588, 'weights': 'uniform'}. Best is trial 87 with value: 0.22331853454386413.
running
[I 2024-08-26 19:58:34,663] Trial 183 finished with value: 0.22370113789229928 and parameters: {'model_name': 'KNNImputer', 'n_neighbors': 693, 'weights': 'uniform'}. Best is trial 87 with value: 0.22331853454386413.
running
[I 2024-08-26 19:58:41,131] Trial 184 finished with value: 0.2236619730660115 and parameters: {'model_name': 'KNNImputer', 'n_neighbors': 654, 'weights': 'uniform'}. Best is trial 87 with value: 0.22331853454386413.
running
[I 2024-08-26 19:58:52,660] Trial 185 finished with value: 0.22355631191006728 and parameters: {'model_name': 'KNNImputer', 'n_neighbors': 570, 'weights': 'uniform'}. Best is trial 87 with value: 0.22331853454386413.
running
[I 2024-08-26 19:58:53,505] Trial 135 finished with value: 0.22991255927092688 and parameters: {'model_name': 'IterativeImputer', 'estimator': 'RFR', 'initial_strategy': 'most_frequent', 'n_nearest_features': 7, 'imputation_order': 'random'}. Best is trial 87 with value: 0.22331853454386413.
running
[I 2024-08-26 19:58:55,127] Trial 186 finished with value: 0.22374995125799707 and parameters: {'model_name': 'KNNImputer', 'n_neighbors': 772, 'weights': 'uniform'}. Best is trial 87 with value: 0.22331853454386413.
running
[I 2024-08-26 19:59:14,525] Trial 190 finished with value: 0.22355593872722773 and parameters: {'model_name': 'KNNImputer', 'n_neighbors': 569, 'weights': 'uniform'}. Best is trial 87 with value: 0.22331853454386413.
running
[I 2024-08-26 19:59:17,594] Trial 189 finished with value: 0.2255092354022356 and parameters: {'model_name': 'KNNImputer', 'n_neighbors': 8792, 'weights': 'uniform'}. Best is trial 87 with value: 0.22331853454386413.
[I 2024-08-26 19:59:17,857] Trial 191 finished with value: 0.2235163258012264 and parameters: {'model_name': 'KNNImputer', 'n_neighbors': 517, 'weights': 'uniform'}. Best is trial 87 with value: 0.22331853454386413.
[I 2024-08-26 19:59:18,742] Trial 192 finished with value: 0.22345333669190715 and parameters: {'model_name': 'KNNImputer', 'n_neighbors': 404, 'weights': 'uniform'}. Best is trial 87 with value: 0.22331853454386413.
[I 2024-08-26 19:59:20,868] Trial 187 finished with value: 0.2261121097842595 and parameters: {'model_name': 'KNNImputer', 'n_neighbors': 20552, 'weights': 'uniform'}. Best is trial 87 with value: 0.22331853454386413.
[I 2024-08-26 19:59:22,404] Trial 188 finished with value: 0.2261004368728526 and parameters: {'model_name': 'KNNImputer', 'n_neighbors': 19238, 'weights': 'uniform'}. Best is trial 87 with value: 0.22331853454386413.
[I 2024-08-26 19:59:24,694] Trial 194 finished with value: 0.2235408116892002 and parameters: {'model_name': 'KNNImputer', 'n_neighbors': 533, 'weights': 'uniform'}. Best is trial 87 with value: 0.22331853454386413.
[I 2024-08-26 19:59:27,201] Trial 195 finished with value: 0.22355197649788763 and parameters: {'model_name': 'KNNImputer', 'n_neighbors': 86, 'weights': 'uniform'}. Best is trial 87 with value: 0.22331853454386413.
[I 2024-08-26 19:59:35,749] Trial 197 finished with value: 0.22349473964015804 and parameters: {'model_name': 'KNNImputer', 'n_neighbors': 464, 'weights': 'uniform'}. Best is trial 87 with value: 0.22331853454386413.
[I 2024-08-26 19:59:37,706] Trial 193 finished with value: 0.22603865041657728 and parameters: {'model_name': 'KNNImputer', 'n_neighbors': 29507, 'weights': 'uniform'}. Best is trial 87 with value: 0.22331853454386413.
[I 2024-08-26 19:59:41,774] Trial 198 finished with value: 0.2254657124406371 and parameters: {'model_name': 'KNNImputer', 'n_neighbors': 8411, 'weights': 'uniform'}. Best is trial 87 with value: 0.22331853454386413.
[I 2024-08-26 19:59:45,253] Trial 199 finished with value: 0.22393543610486924 and parameters: {'model_name': 'KNNImputer', 'n_neighbors': 55, 'weights': 'uniform'}. Best is trial 87 with value: 0.22331853454386413.
[I 2024-08-26 19:59:45,681] Trial 196 finished with value: 0.22609630145867338 and parameters: {'model_name': 'KNNImputer', 'n_neighbors': 18528, 'weights': 'uniform'}. Best is trial 87 with value: 0.22331853454386413.
[I 2024-08-26 20:03:47,054] Trial 15 finished with value: 0.23061383696944918 and parameters: {'model_name': 'IterativeImputer', 'estimator': 'RFR', 'initial_strategy': 'most_frequent', 'n_nearest_features': 10, 'imputation_order': 'random'}. Best is trial 87 with value: 0.22331853454386413.
[I 2024-08-26 20:05:17,821] Trial 42 finished with value: 0.23123545003733903 and parameters: {'model_name': 'IterativeImputer', 'estimator': 'RFR', 'initial_strategy': 'constant', 'n_nearest_features': 10, 'imputation_order': 'arabic'}. Best is trial 87 with value: 0.22331853454386413.
[I 2024-08-26 20:06:20,790] Trial 141 finished with value: 0.2294298167945402 and parameters: {'model_name': 'IterativeImputer', 'estimator': 'RFR', 'initial_strategy': 'most_frequent', 'n_nearest_features': 7, 'imputation_order': 'descending'}. Best is trial 87 with value: 0.22331853454386413.
[I 2024-08-26 20:16:03,877] Trial 133 finished with value: 0.2309870225440338 and parameters: {'model_name': 'IterativeImputer', 'estimator': 'RFR', 'initial_strategy': 'most_frequent', 'n_nearest_features': 8, 'imputation_order': 'random'}. Best is trial 87 with value: 0.22331853454386413.
fit
auto fit
auto transform
0    0
1    0
2    0
3    0
4    0
5    0
6    0
7    0
8    0
9    0
dtype: int64
0    0
1    0
2    0
3    0
4    0
5    0
6    0
7    0
8    0
9    0
dtype: int64
0.22331853454386413
{'model_name': 'KNNImputer', 'n_neighbors': 256, 'weights': 'uniform'}
running experiment 2/3 - Does reconstruction give good automl predictions
Start est fit
  0%|          | 0/25 [00:00<?, ?it/s]Generation:   0%|          | 0/25 [00:00<?, ?it/s]WARNING THIS INDIVIDUAL CAUSED AND EXCEPTION 
 <tpot2.search_spaces.pipelines.sequential.SequentialPipelineIndividual object at 0x155475eea9b0> 
 The 'criterion' parameter of RandomForestRegressor must be a str among {'friedman_mse', 'poisson', 'absolute_error', 'squared_error'}. Got 'mse' instead. 
 Traceback (most recent call last):
  File "/common/ketrong/tpotexp/tpot2/tpot2/utils/eval_utils.py", line 53, in objective_nan_wrapper
    value = func_timeout.func_timeout(timeout, objective_function, args=[individual], kwargs=objective_kwargs)
  File "/common/ketrong/tpotexp/env/lib/python3.10/site-packages/func_timeout/dafunc.py", line 108, in func_timeout
    raise_exception(exception)
  File "/common/ketrong/tpotexp/env/lib/python3.10/site-packages/func_timeout/py3_raise.py", line 7, in raise_exception
    raise exception[0] from None
  File "/common/ketrong/tpotexp/tpot2/tpot2/tpot_estimator/estimator.py", line 623, in objective_function
    return objective_function_generator(
  File "/common/ketrong/tpotexp/tpot2/tpot2/tpot_estimator/estimator_utils.py", line 55, in objective_function_generator
    cv_obj_scores = cross_val_score_objective(sklearn.base.clone(pipeline),x,y,scorers=scorers, cv=cv , fold=step)
  File "/common/ketrong/tpotexp/tpot2/tpot2/tpot_estimator/cross_val_utils.py", line 28, in cross_val_score_objective
    this_fold_pipeline.fit(X_train,y_train)
  File "/common/ketrong/tpotexp/env/lib/python3.10/site-packages/sklearn/base.py", line 1473, in wrapper
    return fit_method(estimator, *args, **kwargs)
  File "/common/ketrong/tpotexp/env/lib/python3.10/site-packages/sklearn/pipeline.py", line 473, in fit
    self._final_estimator.fit(Xt, y, **last_step_params["fit"])
  File "/common/ketrong/tpotexp/env/lib/python3.10/site-packages/sklearn/base.py", line 1466, in wrapper
    estimator._validate_params()
  File "/common/ketrong/tpotexp/env/lib/python3.10/site-packages/sklearn/base.py", line 666, in _validate_params
    validate_parameter_constraints(
  File "/common/ketrong/tpotexp/env/lib/python3.10/site-packages/sklearn/utils/_param_validation.py", line 95, in validate_parameter_constraints
    raise InvalidParameterError(
sklearn.utils._param_validation.InvalidParameterError: The 'criterion' parameter of RandomForestRegressor must be a str among {'friedman_mse', 'poisson', 'absolute_error', 'squared_error'}. Got 'mse' instead.

WARNING THIS INDIVIDUAL CAUSED AND EXCEPTION 
 <tpot2.search_spaces.pipelines.sequential.SequentialPipelineIndividual object at 0x155475eea9b0> 
 The 'criterion' parameter of DecisionTreeRegressor must be a str among {'friedman_mse', 'poisson', 'absolute_error', 'squared_error'}. Got 'mae' instead. 
 Traceback (most recent call last):
  File "/common/ketrong/tpotexp/tpot2/tpot2/utils/eval_utils.py", line 53, in objective_nan_wrapper
    value = func_timeout.func_timeout(timeout, objective_function, args=[individual], kwargs=objective_kwargs)
  File "/common/ketrong/tpotexp/env/lib/python3.10/site-packages/func_timeout/dafunc.py", line 108, in func_timeout
    raise_exception(exception)
  File "/common/ketrong/tpotexp/env/lib/python3.10/site-packages/func_timeout/py3_raise.py", line 7, in raise_exception
    raise exception[0] from None
  File "/common/ketrong/tpotexp/tpot2/tpot2/tpot_estimator/estimator.py", line 623, in objective_function
    return objective_function_generator(
  File "/common/ketrong/tpotexp/tpot2/tpot2/tpot_estimator/estimator_utils.py", line 55, in objective_function_generator
    cv_obj_scores = cross_val_score_objective(sklearn.base.clone(pipeline),x,y,scorers=scorers, cv=cv , fold=step)
  File "/common/ketrong/tpotexp/tpot2/tpot2/tpot_estimator/cross_val_utils.py", line 28, in cross_val_score_objective
    this_fold_pipeline.fit(X_train,y_train)
  File "/common/ketrong/tpotexp/env/lib/python3.10/site-packages/sklearn/base.py", line 1473, in wrapper
    return fit_method(estimator, *args, **kwargs)
  File "/common/ketrong/tpotexp/env/lib/python3.10/site-packages/sklearn/pipeline.py", line 473, in fit
    self._final_estimator.fit(Xt, y, **last_step_params["fit"])
  File "/common/ketrong/tpotexp/env/lib/python3.10/site-packages/sklearn/base.py", line 1466, in wrapper
    estimator._validate_params()
  File "/common/ketrong/tpotexp/env/lib/python3.10/site-packages/sklearn/base.py", line 666, in _validate_params
    validate_parameter_constraints(
  File "/common/ketrong/tpotexp/env/lib/python3.10/site-packages/sklearn/utils/_param_validation.py", line 95, in validate_parameter_constraints
    raise InvalidParameterError(
sklearn.utils._param_validation.InvalidParameterError: The 'criterion' parameter of DecisionTreeRegressor must be a str among {'friedman_mse', 'poisson', 'absolute_error', 'squared_error'}. Got 'mae' instead.

Generation:  1
Best root_mean_squared_error score: -3.0751660544399475
Generation:   4%|         | 1/25 [02:35<1:02:21, 155.91s/it]WARNING THIS INDIVIDUAL CAUSED AND EXCEPTION 
 <tpot2.search_spaces.pipelines.sequential.SequentialPipelineIndividual object at 0x15547574bb50> 
 The 'criterion' parameter of DecisionTreeRegressor must be a str among {'friedman_mse', 'poisson', 'absolute_error', 'squared_error'}. Got 'mae' instead. 
 Traceback (most recent call last):
  File "/common/ketrong/tpotexp/tpot2/tpot2/utils/eval_utils.py", line 53, in objective_nan_wrapper
    value = func_timeout.func_timeout(timeout, objective_function, args=[individual], kwargs=objective_kwargs)
  File "/common/ketrong/tpotexp/env/lib/python3.10/site-packages/func_timeout/dafunc.py", line 108, in func_timeout
    raise_exception(exception)
  File "/common/ketrong/tpotexp/env/lib/python3.10/site-packages/func_timeout/py3_raise.py", line 7, in raise_exception
    raise exception[0] from None
  File "/common/ketrong/tpotexp/tpot2/tpot2/tpot_estimator/estimator.py", line 623, in objective_function
    return objective_function_generator(
  File "/common/ketrong/tpotexp/tpot2/tpot2/tpot_estimator/estimator_utils.py", line 55, in objective_function_generator
    cv_obj_scores = cross_val_score_objective(sklearn.base.clone(pipeline),x,y,scorers=scorers, cv=cv , fold=step)
  File "/common/ketrong/tpotexp/tpot2/tpot2/tpot_estimator/cross_val_utils.py", line 28, in cross_val_score_objective
    this_fold_pipeline.fit(X_train,y_train)
  File "/common/ketrong/tpotexp/env/lib/python3.10/site-packages/sklearn/base.py", line 1473, in wrapper
    return fit_method(estimator, *args, **kwargs)
  File "/common/ketrong/tpotexp/env/lib/python3.10/site-packages/sklearn/pipeline.py", line 473, in fit
    self._final_estimator.fit(Xt, y, **last_step_params["fit"])
  File "/common/ketrong/tpotexp/env/lib/python3.10/site-packages/sklearn/base.py", line 1466, in wrapper
    estimator._validate_params()
  File "/common/ketrong/tpotexp/env/lib/python3.10/site-packages/sklearn/base.py", line 666, in _validate_params
    validate_parameter_constraints(
  File "/common/ketrong/tpotexp/env/lib/python3.10/site-packages/sklearn/utils/_param_validation.py", line 95, in validate_parameter_constraints
    raise InvalidParameterError(
sklearn.utils._param_validation.InvalidParameterError: The 'criterion' parameter of DecisionTreeRegressor must be a str among {'friedman_mse', 'poisson', 'absolute_error', 'squared_error'}. Got 'mae' instead.

WARNING THIS INDIVIDUAL CAUSED AND EXCEPTION 
 <tpot2.search_spaces.pipelines.sequential.SequentialPipelineIndividual object at 0x15547577fb50> 
 The 'criterion' parameter of DecisionTreeRegressor must be a str among {'friedman_mse', 'poisson', 'absolute_error', 'squared_error'}. Got 'mae' instead. 
 Traceback (most recent call last):
  File "/common/ketrong/tpotexp/tpot2/tpot2/utils/eval_utils.py", line 53, in objective_nan_wrapper
    value = func_timeout.func_timeout(timeout, objective_function, args=[individual], kwargs=objective_kwargs)
  File "/common/ketrong/tpotexp/env/lib/python3.10/site-packages/func_timeout/dafunc.py", line 108, in func_timeout
    raise_exception(exception)
  File "/common/ketrong/tpotexp/env/lib/python3.10/site-packages/func_timeout/py3_raise.py", line 7, in raise_exception
    raise exception[0] from None
  File "/common/ketrong/tpotexp/tpot2/tpot2/tpot_estimator/estimator.py", line 623, in objective_function
    return objective_function_generator(
  File "/common/ketrong/tpotexp/tpot2/tpot2/tpot_estimator/estimator_utils.py", line 55, in objective_function_generator
    cv_obj_scores = cross_val_score_objective(sklearn.base.clone(pipeline),x,y,scorers=scorers, cv=cv , fold=step)
  File "/common/ketrong/tpotexp/tpot2/tpot2/tpot_estimator/cross_val_utils.py", line 28, in cross_val_score_objective
    this_fold_pipeline.fit(X_train,y_train)
  File "/common/ketrong/tpotexp/env/lib/python3.10/site-packages/sklearn/base.py", line 1473, in wrapper
    return fit_method(estimator, *args, **kwargs)
  File "/common/ketrong/tpotexp/env/lib/python3.10/site-packages/sklearn/pipeline.py", line 473, in fit
    self._final_estimator.fit(Xt, y, **last_step_params["fit"])
  File "/common/ketrong/tpotexp/env/lib/python3.10/site-packages/sklearn/base.py", line 1466, in wrapper
    estimator._validate_params()
  File "/common/ketrong/tpotexp/env/lib/python3.10/site-packages/sklearn/base.py", line 666, in _validate_params
    validate_parameter_constraints(
  File "/common/ketrong/tpotexp/env/lib/python3.10/site-packages/sklearn/utils/_param_validation.py", line 95, in validate_parameter_constraints
    raise InvalidParameterError(
sklearn.utils._param_validation.InvalidParameterError: The 'criterion' parameter of DecisionTreeRegressor must be a str among {'friedman_mse', 'poisson', 'absolute_error', 'squared_error'}. Got 'mae' instead.

WARNING THIS INDIVIDUAL CAUSED AND EXCEPTION 
 <tpot2.search_spaces.pipelines.sequential.SequentialPipelineIndividual object at 0x155475eea890> 
 The 'criterion' parameter of ExtraTreesRegressor must be a str among {'friedman_mse', 'poisson', 'absolute_error', 'squared_error'}. Got 'mae' instead. 
 Traceback (most recent call last):
  File "/common/ketrong/tpotexp/tpot2/tpot2/utils/eval_utils.py", line 53, in objective_nan_wrapper
    value = func_timeout.func_timeout(timeout, objective_function, args=[individual], kwargs=objective_kwargs)
  File "/common/ketrong/tpotexp/env/lib/python3.10/site-packages/func_timeout/dafunc.py", line 108, in func_timeout
    raise_exception(exception)
  File "/common/ketrong/tpotexp/env/lib/python3.10/site-packages/func_timeout/py3_raise.py", line 7, in raise_exception
    raise exception[0] from None
  File "/common/ketrong/tpotexp/tpot2/tpot2/tpot_estimator/estimator.py", line 623, in objective_function
    return objective_function_generator(
  File "/common/ketrong/tpotexp/tpot2/tpot2/tpot_estimator/estimator_utils.py", line 55, in objective_function_generator
    cv_obj_scores = cross_val_score_objective(sklearn.base.clone(pipeline),x,y,scorers=scorers, cv=cv , fold=step)
  File "/common/ketrong/tpotexp/tpot2/tpot2/tpot_estimator/cross_val_utils.py", line 28, in cross_val_score_objective
    this_fold_pipeline.fit(X_train,y_train)
  File "/common/ketrong/tpotexp/env/lib/python3.10/site-packages/sklearn/base.py", line 1473, in wrapper
    return fit_method(estimator, *args, **kwargs)
  File "/common/ketrong/tpotexp/env/lib/python3.10/site-packages/sklearn/pipeline.py", line 473, in fit
    self._final_estimator.fit(Xt, y, **last_step_params["fit"])
  File "/common/ketrong/tpotexp/env/lib/python3.10/site-packages/sklearn/base.py", line 1466, in wrapper
    estimator._validate_params()
  File "/common/ketrong/tpotexp/env/lib/python3.10/site-packages/sklearn/base.py", line 666, in _validate_params
    validate_parameter_constraints(
  File "/common/ketrong/tpotexp/env/lib/python3.10/site-packages/sklearn/utils/_param_validation.py", line 95, in validate_parameter_constraints
    raise InvalidParameterError(
sklearn.utils._param_validation.InvalidParameterError: The 'criterion' parameter of ExtraTreesRegressor must be a str among {'friedman_mse', 'poisson', 'absolute_error', 'squared_error'}. Got 'mae' instead.

WARNING AN INDIVIDUAL TIMED OUT: 
 <tpot2.search_spaces.pipelines.sequential.SequentialPipelineIndividual object at 0x1554749c4940> 

Generation:  2
Best root_mean_squared_error score: -3.0751660544399475
Generation:   8%|         | 2/25 [12:38<2:40:28, 418.63s/it]WARNING THIS INDIVIDUAL CAUSED AND EXCEPTION 
 <tpot2.search_spaces.pipelines.sequential.SequentialPipelineIndividual object at 0x15547575c8e0> 
 The 'criterion' parameter of DecisionTreeRegressor must be a str among {'friedman_mse', 'poisson', 'absolute_error', 'squared_error'}. Got 'mae' instead. 
 Traceback (most recent call last):
  File "/common/ketrong/tpotexp/tpot2/tpot2/utils/eval_utils.py", line 53, in objective_nan_wrapper
    value = func_timeout.func_timeout(timeout, objective_function, args=[individual], kwargs=objective_kwargs)
  File "/common/ketrong/tpotexp/env/lib/python3.10/site-packages/func_timeout/dafunc.py", line 108, in func_timeout
    raise_exception(exception)
  File "/common/ketrong/tpotexp/env/lib/python3.10/site-packages/func_timeout/py3_raise.py", line 7, in raise_exception
    raise exception[0] from None
  File "/common/ketrong/tpotexp/tpot2/tpot2/tpot_estimator/estimator.py", line 623, in objective_function
    return objective_function_generator(
  File "/common/ketrong/tpotexp/tpot2/tpot2/tpot_estimator/estimator_utils.py", line 55, in objective_function_generator
    cv_obj_scores = cross_val_score_objective(sklearn.base.clone(pipeline),x,y,scorers=scorers, cv=cv , fold=step)
  File "/common/ketrong/tpotexp/tpot2/tpot2/tpot_estimator/cross_val_utils.py", line 28, in cross_val_score_objective
    this_fold_pipeline.fit(X_train,y_train)
  File "/common/ketrong/tpotexp/env/lib/python3.10/site-packages/sklearn/base.py", line 1473, in wrapper
    return fit_method(estimator, *args, **kwargs)
  File "/common/ketrong/tpotexp/env/lib/python3.10/site-packages/sklearn/pipeline.py", line 473, in fit
    self._final_estimator.fit(Xt, y, **last_step_params["fit"])
  File "/common/ketrong/tpotexp/env/lib/python3.10/site-packages/sklearn/base.py", line 1466, in wrapper
    estimator._validate_params()
  File "/common/ketrong/tpotexp/env/lib/python3.10/site-packages/sklearn/base.py", line 666, in _validate_params
    validate_parameter_constraints(
  File "/common/ketrong/tpotexp/env/lib/python3.10/site-packages/sklearn/utils/_param_validation.py", line 95, in validate_parameter_constraints
    raise InvalidParameterError(
sklearn.utils._param_validation.InvalidParameterError: The 'criterion' parameter of DecisionTreeRegressor must be a str among {'friedman_mse', 'poisson', 'absolute_error', 'squared_error'}. Got 'mae' instead.

WARNING THIS INDIVIDUAL CAUSED AND EXCEPTION 
 <tpot2.search_spaces.pipelines.sequential.SequentialPipelineIndividual object at 0x155475772cb0> 
 The 'criterion' parameter of ExtraTreesRegressor must be a str among {'friedman_mse', 'poisson', 'absolute_error', 'squared_error'}. Got 'mae' instead. 
 Traceback (most recent call last):
  File "/common/ketrong/tpotexp/tpot2/tpot2/utils/eval_utils.py", line 53, in objective_nan_wrapper
    value = func_timeout.func_timeout(timeout, objective_function, args=[individual], kwargs=objective_kwargs)
  File "/common/ketrong/tpotexp/env/lib/python3.10/site-packages/func_timeout/dafunc.py", line 108, in func_timeout
    raise_exception(exception)
  File "/common/ketrong/tpotexp/env/lib/python3.10/site-packages/func_timeout/py3_raise.py", line 7, in raise_exception
    raise exception[0] from None
  File "/common/ketrong/tpotexp/tpot2/tpot2/tpot_estimator/estimator.py", line 623, in objective_function
    return objective_function_generator(
  File "/common/ketrong/tpotexp/tpot2/tpot2/tpot_estimator/estimator_utils.py", line 55, in objective_function_generator
    cv_obj_scores = cross_val_score_objective(sklearn.base.clone(pipeline),x,y,scorers=scorers, cv=cv , fold=step)
  File "/common/ketrong/tpotexp/tpot2/tpot2/tpot_estimator/cross_val_utils.py", line 28, in cross_val_score_objective
    this_fold_pipeline.fit(X_train,y_train)
  File "/common/ketrong/tpotexp/env/lib/python3.10/site-packages/sklearn/base.py", line 1473, in wrapper
    return fit_method(estimator, *args, **kwargs)
  File "/common/ketrong/tpotexp/env/lib/python3.10/site-packages/sklearn/pipeline.py", line 473, in fit
    self._final_estimator.fit(Xt, y, **last_step_params["fit"])
  File "/common/ketrong/tpotexp/env/lib/python3.10/site-packages/sklearn/base.py", line 1466, in wrapper
    estimator._validate_params()
  File "/common/ketrong/tpotexp/env/lib/python3.10/site-packages/sklearn/base.py", line 666, in _validate_params
    validate_parameter_constraints(
  File "/common/ketrong/tpotexp/env/lib/python3.10/site-packages/sklearn/utils/_param_validation.py", line 95, in validate_parameter_constraints
    raise InvalidParameterError(
sklearn.utils._param_validation.InvalidParameterError: The 'criterion' parameter of ExtraTreesRegressor must be a str among {'friedman_mse', 'poisson', 'absolute_error', 'squared_error'}. Got 'mae' instead.

WARNING THIS INDIVIDUAL CAUSED AND EXCEPTION 
 <tpot2.search_spaces.pipelines.sequential.SequentialPipelineIndividual object at 0x1554757bda80> 
 The 'criterion' parameter of RandomForestRegressor must be a str among {'friedman_mse', 'poisson', 'absolute_error', 'squared_error'}. Got 'mae' instead. 
 Traceback (most recent call last):
  File "/common/ketrong/tpotexp/tpot2/tpot2/utils/eval_utils.py", line 53, in objective_nan_wrapper
    value = func_timeout.func_timeout(timeout, objective_function, args=[individual], kwargs=objective_kwargs)
  File "/common/ketrong/tpotexp/env/lib/python3.10/site-packages/func_timeout/dafunc.py", line 108, in func_timeout
    raise_exception(exception)
  File "/common/ketrong/tpotexp/env/lib/python3.10/site-packages/func_timeout/py3_raise.py", line 7, in raise_exception
    raise exception[0] from None
  File "/common/ketrong/tpotexp/tpot2/tpot2/tpot_estimator/estimator.py", line 623, in objective_function
    return objective_function_generator(
  File "/common/ketrong/tpotexp/tpot2/tpot2/tpot_estimator/estimator_utils.py", line 55, in objective_function_generator
    cv_obj_scores = cross_val_score_objective(sklearn.base.clone(pipeline),x,y,scorers=scorers, cv=cv , fold=step)
  File "/common/ketrong/tpotexp/tpot2/tpot2/tpot_estimator/cross_val_utils.py", line 28, in cross_val_score_objective
    this_fold_pipeline.fit(X_train,y_train)
  File "/common/ketrong/tpotexp/env/lib/python3.10/site-packages/sklearn/base.py", line 1473, in wrapper
    return fit_method(estimator, *args, **kwargs)
  File "/common/ketrong/tpotexp/env/lib/python3.10/site-packages/sklearn/pipeline.py", line 473, in fit
    self._final_estimator.fit(Xt, y, **last_step_params["fit"])
  File "/common/ketrong/tpotexp/env/lib/python3.10/site-packages/sklearn/base.py", line 1466, in wrapper
    estimator._validate_params()
  File "/common/ketrong/tpotexp/env/lib/python3.10/site-packages/sklearn/base.py", line 666, in _validate_params
    validate_parameter_constraints(
  File "/common/ketrong/tpotexp/env/lib/python3.10/site-packages/sklearn/utils/_param_validation.py", line 95, in validate_parameter_constraints
    raise InvalidParameterError(
sklearn.utils._param_validation.InvalidParameterError: The 'criterion' parameter of RandomForestRegressor must be a str among {'friedman_mse', 'poisson', 'absolute_error', 'squared_error'}. Got 'mae' instead.

Generation:  3
Best root_mean_squared_error score: -3.0751660544399475
Generation:  12%|        | 3/25 [17:21<2:10:43, 356.50s/it]WARNING THIS INDIVIDUAL CAUSED AND EXCEPTION 
 <tpot2.search_spaces.pipelines.sequential.SequentialPipelineIndividual object at 0x155475eeb160> 
 The 'criterion' parameter of DecisionTreeRegressor must be a str among {'friedman_mse', 'poisson', 'absolute_error', 'squared_error'}. Got 'mae' instead. 
 Traceback (most recent call last):
  File "/common/ketrong/tpotexp/tpot2/tpot2/utils/eval_utils.py", line 53, in objective_nan_wrapper
    value = func_timeout.func_timeout(timeout, objective_function, args=[individual], kwargs=objective_kwargs)
  File "/common/ketrong/tpotexp/env/lib/python3.10/site-packages/func_timeout/dafunc.py", line 108, in func_timeout
    raise_exception(exception)
  File "/common/ketrong/tpotexp/env/lib/python3.10/site-packages/func_timeout/py3_raise.py", line 7, in raise_exception
    raise exception[0] from None
  File "/common/ketrong/tpotexp/tpot2/tpot2/tpot_estimator/estimator.py", line 623, in objective_function
    return objective_function_generator(
  File "/common/ketrong/tpotexp/tpot2/tpot2/tpot_estimator/estimator_utils.py", line 55, in objective_function_generator
    cv_obj_scores = cross_val_score_objective(sklearn.base.clone(pipeline),x,y,scorers=scorers, cv=cv , fold=step)
  File "/common/ketrong/tpotexp/tpot2/tpot2/tpot_estimator/cross_val_utils.py", line 28, in cross_val_score_objective
    this_fold_pipeline.fit(X_train,y_train)
  File "/common/ketrong/tpotexp/env/lib/python3.10/site-packages/sklearn/base.py", line 1473, in wrapper
    return fit_method(estimator, *args, **kwargs)
  File "/common/ketrong/tpotexp/env/lib/python3.10/site-packages/sklearn/pipeline.py", line 473, in fit
    self._final_estimator.fit(Xt, y, **last_step_params["fit"])
  File "/common/ketrong/tpotexp/env/lib/python3.10/site-packages/sklearn/base.py", line 1466, in wrapper
    estimator._validate_params()
  File "/common/ketrong/tpotexp/env/lib/python3.10/site-packages/sklearn/base.py", line 666, in _validate_params
    validate_parameter_constraints(
  File "/common/ketrong/tpotexp/env/lib/python3.10/site-packages/sklearn/utils/_param_validation.py", line 95, in validate_parameter_constraints
    raise InvalidParameterError(
sklearn.utils._param_validation.InvalidParameterError: The 'criterion' parameter of DecisionTreeRegressor must be a str among {'friedman_mse', 'poisson', 'absolute_error', 'squared_error'}. Got 'mae' instead.

Generation:  4
Best root_mean_squared_error score: -3.0751660544399475
Generation:  16%|        | 4/25 [24:04<2:11:15, 375.02s/it]WARNING THIS INDIVIDUAL CAUSED AND EXCEPTION 
 <tpot2.search_spaces.pipelines.sequential.SequentialPipelineIndividual object at 0x1554757485b0> 
 The 'criterion' parameter of DecisionTreeRegressor must be a str among {'friedman_mse', 'poisson', 'absolute_error', 'squared_error'}. Got 'mae' instead. 
 Traceback (most recent call last):
  File "/common/ketrong/tpotexp/tpot2/tpot2/utils/eval_utils.py", line 53, in objective_nan_wrapper
    value = func_timeout.func_timeout(timeout, objective_function, args=[individual], kwargs=objective_kwargs)
  File "/common/ketrong/tpotexp/env/lib/python3.10/site-packages/func_timeout/dafunc.py", line 108, in func_timeout
    raise_exception(exception)
  File "/common/ketrong/tpotexp/env/lib/python3.10/site-packages/func_timeout/py3_raise.py", line 7, in raise_exception
    raise exception[0] from None
  File "/common/ketrong/tpotexp/tpot2/tpot2/tpot_estimator/estimator.py", line 623, in objective_function
    return objective_function_generator(
  File "/common/ketrong/tpotexp/tpot2/tpot2/tpot_estimator/estimator_utils.py", line 55, in objective_function_generator
    cv_obj_scores = cross_val_score_objective(sklearn.base.clone(pipeline),x,y,scorers=scorers, cv=cv , fold=step)
  File "/common/ketrong/tpotexp/tpot2/tpot2/tpot_estimator/cross_val_utils.py", line 28, in cross_val_score_objective
    this_fold_pipeline.fit(X_train,y_train)
  File "/common/ketrong/tpotexp/env/lib/python3.10/site-packages/sklearn/base.py", line 1473, in wrapper
    return fit_method(estimator, *args, **kwargs)
  File "/common/ketrong/tpotexp/env/lib/python3.10/site-packages/sklearn/pipeline.py", line 473, in fit
    self._final_estimator.fit(Xt, y, **last_step_params["fit"])
  File "/common/ketrong/tpotexp/env/lib/python3.10/site-packages/sklearn/base.py", line 1466, in wrapper
    estimator._validate_params()
  File "/common/ketrong/tpotexp/env/lib/python3.10/site-packages/sklearn/base.py", line 666, in _validate_params
    validate_parameter_constraints(
  File "/common/ketrong/tpotexp/env/lib/python3.10/site-packages/sklearn/utils/_param_validation.py", line 95, in validate_parameter_constraints
    raise InvalidParameterError(
sklearn.utils._param_validation.InvalidParameterError: The 'criterion' parameter of DecisionTreeRegressor must be a str among {'friedman_mse', 'poisson', 'absolute_error', 'squared_error'}. Got 'mae' instead.

WARNING AN INDIVIDUAL TIMED OUT: 
 <tpot2.search_spaces.pipelines.sequential.SequentialPipelineIndividual object at 0x15547575c760> 

Generation:  5
Best root_mean_squared_error score: -3.0751660544399475
Generation:  20%|        | 5/25 [34:08<2:32:29, 457.48s/it]WARNING THIS INDIVIDUAL CAUSED AND EXCEPTION 
 <tpot2.search_spaces.pipelines.sequential.SequentialPipelineIndividual object at 0x155474aea980> 
 The 'criterion' parameter of ExtraTreesRegressor must be a str among {'friedman_mse', 'poisson', 'absolute_error', 'squared_error'}. Got 'mae' instead. 
 Traceback (most recent call last):
  File "/common/ketrong/tpotexp/tpot2/tpot2/utils/eval_utils.py", line 53, in objective_nan_wrapper
    value = func_timeout.func_timeout(timeout, objective_function, args=[individual], kwargs=objective_kwargs)
  File "/common/ketrong/tpotexp/env/lib/python3.10/site-packages/func_timeout/dafunc.py", line 108, in func_timeout
    raise_exception(exception)
  File "/common/ketrong/tpotexp/env/lib/python3.10/site-packages/func_timeout/py3_raise.py", line 7, in raise_exception
    raise exception[0] from None
  File "/common/ketrong/tpotexp/tpot2/tpot2/tpot_estimator/estimator.py", line 623, in objective_function
    return objective_function_generator(
  File "/common/ketrong/tpotexp/tpot2/tpot2/tpot_estimator/estimator_utils.py", line 55, in objective_function_generator
    cv_obj_scores = cross_val_score_objective(sklearn.base.clone(pipeline),x,y,scorers=scorers, cv=cv , fold=step)
  File "/common/ketrong/tpotexp/tpot2/tpot2/tpot_estimator/cross_val_utils.py", line 28, in cross_val_score_objective
    this_fold_pipeline.fit(X_train,y_train)
  File "/common/ketrong/tpotexp/env/lib/python3.10/site-packages/sklearn/base.py", line 1473, in wrapper
    return fit_method(estimator, *args, **kwargs)
  File "/common/ketrong/tpotexp/env/lib/python3.10/site-packages/sklearn/pipeline.py", line 473, in fit
    self._final_estimator.fit(Xt, y, **last_step_params["fit"])
  File "/common/ketrong/tpotexp/env/lib/python3.10/site-packages/sklearn/base.py", line 1466, in wrapper
    estimator._validate_params()
  File "/common/ketrong/tpotexp/env/lib/python3.10/site-packages/sklearn/base.py", line 666, in _validate_params
    validate_parameter_constraints(
  File "/common/ketrong/tpotexp/env/lib/python3.10/site-packages/sklearn/utils/_param_validation.py", line 95, in validate_parameter_constraints
    raise InvalidParameterError(
sklearn.utils._param_validation.InvalidParameterError: The 'criterion' parameter of ExtraTreesRegressor must be a str among {'friedman_mse', 'poisson', 'absolute_error', 'squared_error'}. Got 'mae' instead.

WARNING THIS INDIVIDUAL CAUSED AND EXCEPTION 
 <tpot2.search_spaces.pipelines.sequential.SequentialPipelineIndividual object at 0x15547575f940> 
 The 'criterion' parameter of DecisionTreeRegressor must be a str among {'friedman_mse', 'poisson', 'absolute_error', 'squared_error'}. Got 'mae' instead. 
 Traceback (most recent call last):
  File "/common/ketrong/tpotexp/tpot2/tpot2/utils/eval_utils.py", line 53, in objective_nan_wrapper
    value = func_timeout.func_timeout(timeout, objective_function, args=[individual], kwargs=objective_kwargs)
  File "/common/ketrong/tpotexp/env/lib/python3.10/site-packages/func_timeout/dafunc.py", line 108, in func_timeout
    raise_exception(exception)
  File "/common/ketrong/tpotexp/env/lib/python3.10/site-packages/func_timeout/py3_raise.py", line 7, in raise_exception
    raise exception[0] from None
  File "/common/ketrong/tpotexp/tpot2/tpot2/tpot_estimator/estimator.py", line 623, in objective_function
    return objective_function_generator(
  File "/common/ketrong/tpotexp/tpot2/tpot2/tpot_estimator/estimator_utils.py", line 55, in objective_function_generator
    cv_obj_scores = cross_val_score_objective(sklearn.base.clone(pipeline),x,y,scorers=scorers, cv=cv , fold=step)
  File "/common/ketrong/tpotexp/tpot2/tpot2/tpot_estimator/cross_val_utils.py", line 28, in cross_val_score_objective
    this_fold_pipeline.fit(X_train,y_train)
  File "/common/ketrong/tpotexp/env/lib/python3.10/site-packages/sklearn/base.py", line 1473, in wrapper
    return fit_method(estimator, *args, **kwargs)
  File "/common/ketrong/tpotexp/env/lib/python3.10/site-packages/sklearn/pipeline.py", line 473, in fit
    self._final_estimator.fit(Xt, y, **last_step_params["fit"])
  File "/common/ketrong/tpotexp/env/lib/python3.10/site-packages/sklearn/base.py", line 1466, in wrapper
    estimator._validate_params()
  File "/common/ketrong/tpotexp/env/lib/python3.10/site-packages/sklearn/base.py", line 666, in _validate_params
    validate_parameter_constraints(
  File "/common/ketrong/tpotexp/env/lib/python3.10/site-packages/sklearn/utils/_param_validation.py", line 95, in validate_parameter_constraints
    raise InvalidParameterError(
sklearn.utils._param_validation.InvalidParameterError: The 'criterion' parameter of DecisionTreeRegressor must be a str among {'friedman_mse', 'poisson', 'absolute_error', 'squared_error'}. Got 'mae' instead.

WARNING AN INDIVIDUAL TIMED OUT: 
 <tpot2.search_spaces.pipelines.sequential.SequentialPipelineIndividual object at 0x15545b68e800> 

Generation:  6
Best root_mean_squared_error score: -3.0751660544399475
Generation:  24%|       | 6/25 [44:11<2:40:35, 507.12s/it]Generation:  7
Best root_mean_squared_error score: -3.0751660544399475
Generation:  28%|       | 7/25 [45:10<1:48:08, 360.47s/it]Generation:  8
Best root_mean_squared_error score: -3.0751660544399475
Generation:  32%|      | 8/25 [46:16<1:15:37, 266.92s/it]Generation:  9
Best root_mean_squared_error score: -3.074206304351141
Generation:  36%|      | 9/25 [47:49<56:40, 212.53s/it]  Generation:  10
Best root_mean_squared_error score: -3.074206304351141
Generation:  40%|      | 10/25 [52:17<57:23, 229.56s/it]WARNING THIS INDIVIDUAL CAUSED AND EXCEPTION 
 <tpot2.search_spaces.pipelines.sequential.SequentialPipelineIndividual object at 0x15547576a5c0> 
 The 'criterion' parameter of RandomForestRegressor must be a str among {'friedman_mse', 'poisson', 'absolute_error', 'squared_error'}. Got 'mae' instead. 
 Traceback (most recent call last):
  File "/common/ketrong/tpotexp/tpot2/tpot2/utils/eval_utils.py", line 53, in objective_nan_wrapper
    value = func_timeout.func_timeout(timeout, objective_function, args=[individual], kwargs=objective_kwargs)
  File "/common/ketrong/tpotexp/env/lib/python3.10/site-packages/func_timeout/dafunc.py", line 108, in func_timeout
    raise_exception(exception)
  File "/common/ketrong/tpotexp/env/lib/python3.10/site-packages/func_timeout/py3_raise.py", line 7, in raise_exception
    raise exception[0] from None
  File "/common/ketrong/tpotexp/tpot2/tpot2/tpot_estimator/estimator.py", line 623, in objective_function
    return objective_function_generator(
  File "/common/ketrong/tpotexp/tpot2/tpot2/tpot_estimator/estimator_utils.py", line 55, in objective_function_generator
    cv_obj_scores = cross_val_score_objective(sklearn.base.clone(pipeline),x,y,scorers=scorers, cv=cv , fold=step)
  File "/common/ketrong/tpotexp/tpot2/tpot2/tpot_estimator/cross_val_utils.py", line 28, in cross_val_score_objective
    this_fold_pipeline.fit(X_train,y_train)
  File "/common/ketrong/tpotexp/env/lib/python3.10/site-packages/sklearn/base.py", line 1473, in wrapper
    return fit_method(estimator, *args, **kwargs)
  File "/common/ketrong/tpotexp/env/lib/python3.10/site-packages/sklearn/pipeline.py", line 473, in fit
    self._final_estimator.fit(Xt, y, **last_step_params["fit"])
  File "/common/ketrong/tpotexp/env/lib/python3.10/site-packages/sklearn/base.py", line 1466, in wrapper
    estimator._validate_params()
  File "/common/ketrong/tpotexp/env/lib/python3.10/site-packages/sklearn/base.py", line 666, in _validate_params
    validate_parameter_constraints(
  File "/common/ketrong/tpotexp/env/lib/python3.10/site-packages/sklearn/utils/_param_validation.py", line 95, in validate_parameter_constraints
    raise InvalidParameterError(
sklearn.utils._param_validation.InvalidParameterError: The 'criterion' parameter of RandomForestRegressor must be a str among {'friedman_mse', 'poisson', 'absolute_error', 'squared_error'}. Got 'mae' instead.

Generation:  11
Best root_mean_squared_error score: -3.0734277939910326
Generation:  44%|     | 11/25 [53:56<44:15, 189.71s/it]Generation:  12
Best root_mean_squared_error score: -3.0734277939910326
Generation:  48%|     | 12/25 [54:36<31:13, 144.14s/it]WARNING THIS INDIVIDUAL CAUSED AND EXCEPTION 
 <tpot2.search_spaces.pipelines.sequential.SequentialPipelineIndividual object at 0x1554757708b0> 
 The 'criterion' parameter of RandomForestRegressor must be a str among {'friedman_mse', 'poisson', 'absolute_error', 'squared_error'}. Got 'mse' instead. 
 Traceback (most recent call last):
  File "/common/ketrong/tpotexp/tpot2/tpot2/utils/eval_utils.py", line 53, in objective_nan_wrapper
    value = func_timeout.func_timeout(timeout, objective_function, args=[individual], kwargs=objective_kwargs)
  File "/common/ketrong/tpotexp/env/lib/python3.10/site-packages/func_timeout/dafunc.py", line 108, in func_timeout
    raise_exception(exception)
  File "/common/ketrong/tpotexp/env/lib/python3.10/site-packages/func_timeout/py3_raise.py", line 7, in raise_exception
    raise exception[0] from None
  File "/common/ketrong/tpotexp/tpot2/tpot2/tpot_estimator/estimator.py", line 623, in objective_function
    return objective_function_generator(
  File "/common/ketrong/tpotexp/tpot2/tpot2/tpot_estimator/estimator_utils.py", line 55, in objective_function_generator
    cv_obj_scores = cross_val_score_objective(sklearn.base.clone(pipeline),x,y,scorers=scorers, cv=cv , fold=step)
  File "/common/ketrong/tpotexp/tpot2/tpot2/tpot_estimator/cross_val_utils.py", line 28, in cross_val_score_objective
    this_fold_pipeline.fit(X_train,y_train)
  File "/common/ketrong/tpotexp/env/lib/python3.10/site-packages/sklearn/base.py", line 1473, in wrapper
    return fit_method(estimator, *args, **kwargs)
  File "/common/ketrong/tpotexp/env/lib/python3.10/site-packages/sklearn/pipeline.py", line 473, in fit
    self._final_estimator.fit(Xt, y, **last_step_params["fit"])
  File "/common/ketrong/tpotexp/env/lib/python3.10/site-packages/sklearn/base.py", line 1466, in wrapper
    estimator._validate_params()
  File "/common/ketrong/tpotexp/env/lib/python3.10/site-packages/sklearn/base.py", line 666, in _validate_params
    validate_parameter_constraints(
  File "/common/ketrong/tpotexp/env/lib/python3.10/site-packages/sklearn/utils/_param_validation.py", line 95, in validate_parameter_constraints
    raise InvalidParameterError(
sklearn.utils._param_validation.InvalidParameterError: The 'criterion' parameter of RandomForestRegressor must be a str among {'friedman_mse', 'poisson', 'absolute_error', 'squared_error'}. Got 'mse' instead.

WARNING THIS INDIVIDUAL CAUSED AND EXCEPTION 
 <tpot2.search_spaces.pipelines.sequential.SequentialPipelineIndividual object at 0x15547575c5e0> 
 The 'criterion' parameter of RandomForestRegressor must be a str among {'friedman_mse', 'poisson', 'absolute_error', 'squared_error'}. Got 'mse' instead. 
 Traceback (most recent call last):
  File "/common/ketrong/tpotexp/tpot2/tpot2/utils/eval_utils.py", line 53, in objective_nan_wrapper
    value = func_timeout.func_timeout(timeout, objective_function, args=[individual], kwargs=objective_kwargs)
  File "/common/ketrong/tpotexp/env/lib/python3.10/site-packages/func_timeout/dafunc.py", line 108, in func_timeout
    raise_exception(exception)
  File "/common/ketrong/tpotexp/env/lib/python3.10/site-packages/func_timeout/py3_raise.py", line 7, in raise_exception
    raise exception[0] from None
  File "/common/ketrong/tpotexp/tpot2/tpot2/tpot_estimator/estimator.py", line 623, in objective_function
    return objective_function_generator(
  File "/common/ketrong/tpotexp/tpot2/tpot2/tpot_estimator/estimator_utils.py", line 55, in objective_function_generator
    cv_obj_scores = cross_val_score_objective(sklearn.base.clone(pipeline),x,y,scorers=scorers, cv=cv , fold=step)
  File "/common/ketrong/tpotexp/tpot2/tpot2/tpot_estimator/cross_val_utils.py", line 28, in cross_val_score_objective
    this_fold_pipeline.fit(X_train,y_train)
  File "/common/ketrong/tpotexp/env/lib/python3.10/site-packages/sklearn/base.py", line 1473, in wrapper
    return fit_method(estimator, *args, **kwargs)
  File "/common/ketrong/tpotexp/env/lib/python3.10/site-packages/sklearn/pipeline.py", line 473, in fit
    self._final_estimator.fit(Xt, y, **last_step_params["fit"])
  File "/common/ketrong/tpotexp/env/lib/python3.10/site-packages/sklearn/base.py", line 1466, in wrapper
    estimator._validate_params()
  File "/common/ketrong/tpotexp/env/lib/python3.10/site-packages/sklearn/base.py", line 666, in _validate_params
    validate_parameter_constraints(
  File "/common/ketrong/tpotexp/env/lib/python3.10/site-packages/sklearn/utils/_param_validation.py", line 95, in validate_parameter_constraints
    raise InvalidParameterError(
sklearn.utils._param_validation.InvalidParameterError: The 'criterion' parameter of RandomForestRegressor must be a str among {'friedman_mse', 'poisson', 'absolute_error', 'squared_error'}. Got 'mse' instead.

Generation:  13
Best root_mean_squared_error score: -3.0734277939910326
Generation:  52%|    | 13/25 [57:56<32:12, 161.07s/it]WARNING AN INDIVIDUAL TIMED OUT: 
 <tpot2.search_spaces.pipelines.sequential.SequentialPipelineIndividual object at 0x15547493afb0> 

Generation:  14
Best root_mean_squared_error score: -3.0734277939910326
Generation:  56%|    | 14/25 [1:08:02<54:08, 295.33s/it]WARNING THIS INDIVIDUAL CAUSED AND EXCEPTION 
 <tpot2.search_spaces.pipelines.sequential.SequentialPipelineIndividual object at 0x155474c9add0> 
 The 'criterion' parameter of DecisionTreeRegressor must be a str among {'friedman_mse', 'poisson', 'absolute_error', 'squared_error'}. Got 'mae' instead. 
 Traceback (most recent call last):
  File "/common/ketrong/tpotexp/tpot2/tpot2/utils/eval_utils.py", line 53, in objective_nan_wrapper
    value = func_timeout.func_timeout(timeout, objective_function, args=[individual], kwargs=objective_kwargs)
  File "/common/ketrong/tpotexp/env/lib/python3.10/site-packages/func_timeout/dafunc.py", line 108, in func_timeout
    raise_exception(exception)
  File "/common/ketrong/tpotexp/env/lib/python3.10/site-packages/func_timeout/py3_raise.py", line 7, in raise_exception
    raise exception[0] from None
  File "/common/ketrong/tpotexp/tpot2/tpot2/tpot_estimator/estimator.py", line 623, in objective_function
    return objective_function_generator(
  File "/common/ketrong/tpotexp/tpot2/tpot2/tpot_estimator/estimator_utils.py", line 55, in objective_function_generator
    cv_obj_scores = cross_val_score_objective(sklearn.base.clone(pipeline),x,y,scorers=scorers, cv=cv , fold=step)
  File "/common/ketrong/tpotexp/tpot2/tpot2/tpot_estimator/cross_val_utils.py", line 28, in cross_val_score_objective
    this_fold_pipeline.fit(X_train,y_train)
  File "/common/ketrong/tpotexp/env/lib/python3.10/site-packages/sklearn/base.py", line 1473, in wrapper
    return fit_method(estimator, *args, **kwargs)
  File "/common/ketrong/tpotexp/env/lib/python3.10/site-packages/sklearn/pipeline.py", line 473, in fit
    self._final_estimator.fit(Xt, y, **last_step_params["fit"])
  File "/common/ketrong/tpotexp/env/lib/python3.10/site-packages/sklearn/base.py", line 1466, in wrapper
    estimator._validate_params()
  File "/common/ketrong/tpotexp/env/lib/python3.10/site-packages/sklearn/base.py", line 666, in _validate_params
    validate_parameter_constraints(
  File "/common/ketrong/tpotexp/env/lib/python3.10/site-packages/sklearn/utils/_param_validation.py", line 95, in validate_parameter_constraints
    raise InvalidParameterError(
sklearn.utils._param_validation.InvalidParameterError: The 'criterion' parameter of DecisionTreeRegressor must be a str among {'friedman_mse', 'poisson', 'absolute_error', 'squared_error'}. Got 'mae' instead.

WARNING THIS INDIVIDUAL CAUSED AND EXCEPTION 
 <tpot2.search_spaces.pipelines.sequential.SequentialPipelineIndividual object at 0x155474b6c280> 
 The 'criterion' parameter of DecisionTreeRegressor must be a str among {'friedman_mse', 'poisson', 'absolute_error', 'squared_error'}. Got 'mae' instead. 
 Traceback (most recent call last):
  File "/common/ketrong/tpotexp/tpot2/tpot2/utils/eval_utils.py", line 53, in objective_nan_wrapper
    value = func_timeout.func_timeout(timeout, objective_function, args=[individual], kwargs=objective_kwargs)
  File "/common/ketrong/tpotexp/env/lib/python3.10/site-packages/func_timeout/dafunc.py", line 108, in func_timeout
    raise_exception(exception)
  File "/common/ketrong/tpotexp/env/lib/python3.10/site-packages/func_timeout/py3_raise.py", line 7, in raise_exception
    raise exception[0] from None
  File "/common/ketrong/tpotexp/tpot2/tpot2/tpot_estimator/estimator.py", line 623, in objective_function
    return objective_function_generator(
  File "/common/ketrong/tpotexp/tpot2/tpot2/tpot_estimator/estimator_utils.py", line 55, in objective_function_generator
    cv_obj_scores = cross_val_score_objective(sklearn.base.clone(pipeline),x,y,scorers=scorers, cv=cv , fold=step)
  File "/common/ketrong/tpotexp/tpot2/tpot2/tpot_estimator/cross_val_utils.py", line 28, in cross_val_score_objective
    this_fold_pipeline.fit(X_train,y_train)
  File "/common/ketrong/tpotexp/env/lib/python3.10/site-packages/sklearn/base.py", line 1473, in wrapper
    return fit_method(estimator, *args, **kwargs)
  File "/common/ketrong/tpotexp/env/lib/python3.10/site-packages/sklearn/pipeline.py", line 473, in fit
    self._final_estimator.fit(Xt, y, **last_step_params["fit"])
  File "/common/ketrong/tpotexp/env/lib/python3.10/site-packages/sklearn/base.py", line 1466, in wrapper
    estimator._validate_params()
  File "/common/ketrong/tpotexp/env/lib/python3.10/site-packages/sklearn/base.py", line 666, in _validate_params
    validate_parameter_constraints(
  File "/common/ketrong/tpotexp/env/lib/python3.10/site-packages/sklearn/utils/_param_validation.py", line 95, in validate_parameter_constraints
    raise InvalidParameterError(
sklearn.utils._param_validation.InvalidParameterError: The 'criterion' parameter of DecisionTreeRegressor must be a str among {'friedman_mse', 'poisson', 'absolute_error', 'squared_error'}. Got 'mae' instead.

WARNING AN INDIVIDUAL TIMED OUT: 
 <tpot2.search_spaces.pipelines.sequential.SequentialPipelineIndividual object at 0x15547574a950> 

Generation:  15
Best root_mean_squared_error score: -3.0734277939910326
Generation:  60%|    | 15/25 [1:18:08<1:04:49, 388.93s/it]Generation:  16
Best root_mean_squared_error score: -3.073123812640599
Generation:  64%|   | 16/25 [1:25:57<1:01:58, 413.12s/it]WARNING THIS INDIVIDUAL CAUSED AND EXCEPTION 
 <tpot2.search_spaces.pipelines.sequential.SequentialPipelineIndividual object at 0x1554757725c0> 
 The 'criterion' parameter of RandomForestRegressor must be a str among {'friedman_mse', 'poisson', 'absolute_error', 'squared_error'}. Got 'mse' instead. 
 Traceback (most recent call last):
  File "/common/ketrong/tpotexp/tpot2/tpot2/utils/eval_utils.py", line 53, in objective_nan_wrapper
    value = func_timeout.func_timeout(timeout, objective_function, args=[individual], kwargs=objective_kwargs)
  File "/common/ketrong/tpotexp/env/lib/python3.10/site-packages/func_timeout/dafunc.py", line 108, in func_timeout
    raise_exception(exception)
  File "/common/ketrong/tpotexp/env/lib/python3.10/site-packages/func_timeout/py3_raise.py", line 7, in raise_exception
    raise exception[0] from None
  File "/common/ketrong/tpotexp/tpot2/tpot2/tpot_estimator/estimator.py", line 623, in objective_function
    return objective_function_generator(
  File "/common/ketrong/tpotexp/tpot2/tpot2/tpot_estimator/estimator_utils.py", line 55, in objective_function_generator
    cv_obj_scores = cross_val_score_objective(sklearn.base.clone(pipeline),x,y,scorers=scorers, cv=cv , fold=step)
  File "/common/ketrong/tpotexp/tpot2/tpot2/tpot_estimator/cross_val_utils.py", line 28, in cross_val_score_objective
    this_fold_pipeline.fit(X_train,y_train)
  File "/common/ketrong/tpotexp/env/lib/python3.10/site-packages/sklearn/base.py", line 1473, in wrapper
    return fit_method(estimator, *args, **kwargs)
  File "/common/ketrong/tpotexp/env/lib/python3.10/site-packages/sklearn/pipeline.py", line 473, in fit
    self._final_estimator.fit(Xt, y, **last_step_params["fit"])
  File "/common/ketrong/tpotexp/env/lib/python3.10/site-packages/sklearn/base.py", line 1466, in wrapper
    estimator._validate_params()
  File "/common/ketrong/tpotexp/env/lib/python3.10/site-packages/sklearn/base.py", line 666, in _validate_params
    validate_parameter_constraints(
  File "/common/ketrong/tpotexp/env/lib/python3.10/site-packages/sklearn/utils/_param_validation.py", line 95, in validate_parameter_constraints
    raise InvalidParameterError(
sklearn.utils._param_validation.InvalidParameterError: The 'criterion' parameter of RandomForestRegressor must be a str among {'friedman_mse', 'poisson', 'absolute_error', 'squared_error'}. Got 'mse' instead.

Generation:  17
Best root_mean_squared_error score: -3.073123812640599
Generation:  68%|   | 17/25 [1:26:32<39:55, 299.44s/it]  Generation:  18
Best root_mean_squared_error score: -3.073123812640599
Generation:  72%|  | 18/25 [1:28:55<29:26, 252.42s/it]WARNING THIS INDIVIDUAL CAUSED AND EXCEPTION 
 <tpot2.search_spaces.pipelines.sequential.SequentialPipelineIndividual object at 0x155475344d60> 
 The 'criterion' parameter of DecisionTreeRegressor must be a str among {'friedman_mse', 'poisson', 'absolute_error', 'squared_error'}. Got 'mae' instead. 
 Traceback (most recent call last):
  File "/common/ketrong/tpotexp/tpot2/tpot2/utils/eval_utils.py", line 53, in objective_nan_wrapper
    value = func_timeout.func_timeout(timeout, objective_function, args=[individual], kwargs=objective_kwargs)
  File "/common/ketrong/tpotexp/env/lib/python3.10/site-packages/func_timeout/dafunc.py", line 108, in func_timeout
    raise_exception(exception)
  File "/common/ketrong/tpotexp/env/lib/python3.10/site-packages/func_timeout/py3_raise.py", line 7, in raise_exception
    raise exception[0] from None
  File "/common/ketrong/tpotexp/tpot2/tpot2/tpot_estimator/estimator.py", line 623, in objective_function
    return objective_function_generator(
  File "/common/ketrong/tpotexp/tpot2/tpot2/tpot_estimator/estimator_utils.py", line 55, in objective_function_generator
    cv_obj_scores = cross_val_score_objective(sklearn.base.clone(pipeline),x,y,scorers=scorers, cv=cv , fold=step)
  File "/common/ketrong/tpotexp/tpot2/tpot2/tpot_estimator/cross_val_utils.py", line 28, in cross_val_score_objective
    this_fold_pipeline.fit(X_train,y_train)
  File "/common/ketrong/tpotexp/env/lib/python3.10/site-packages/sklearn/base.py", line 1473, in wrapper
    return fit_method(estimator, *args, **kwargs)
  File "/common/ketrong/tpotexp/env/lib/python3.10/site-packages/sklearn/pipeline.py", line 473, in fit
    self._final_estimator.fit(Xt, y, **last_step_params["fit"])
  File "/common/ketrong/tpotexp/env/lib/python3.10/site-packages/sklearn/base.py", line 1466, in wrapper
    estimator._validate_params()
  File "/common/ketrong/tpotexp/env/lib/python3.10/site-packages/sklearn/base.py", line 666, in _validate_params
    validate_parameter_constraints(
  File "/common/ketrong/tpotexp/env/lib/python3.10/site-packages/sklearn/utils/_param_validation.py", line 95, in validate_parameter_constraints
    raise InvalidParameterError(
sklearn.utils._param_validation.InvalidParameterError: The 'criterion' parameter of DecisionTreeRegressor must be a str among {'friedman_mse', 'poisson', 'absolute_error', 'squared_error'}. Got 'mae' instead.

Generation:  19
Best root_mean_squared_error score: -3.073123812640599
Generation:  76%|  | 19/25 [1:31:54<23:02, 230.45s/it]Generation:  20
Best root_mean_squared_error score: -3.073123812640599
Generation:  80%|  | 20/25 [1:34:34<17:26, 209.36s/it]Generation:  21
Best root_mean_squared_error score: -3.073123812640599
Generation:  84%| | 21/25 [1:38:30<14:28, 217.10s/it]Generation:  22
Best root_mean_squared_error score: -3.073123812640599
Generation:  88%| | 22/25 [1:40:04<09:00, 180.31s/it]WARNING AN INDIVIDUAL TIMED OUT: 
 <tpot2.search_spaces.pipelines.sequential.SequentialPipelineIndividual object at 0x155475781cf0> 

WARNING AN INDIVIDUAL TIMED OUT: 
 <tpot2.search_spaces.pipelines.sequential.SequentialPipelineIndividual object at 0x155474bc2890> 

Generation:  23
Best root_mean_squared_error score: -3.073123812640599
Generation:  92%|| 23/25 [1:50:13<10:17, 308.87s/it]WARNING THIS INDIVIDUAL CAUSED AND EXCEPTION 
 <tpot2.search_spaces.pipelines.sequential.SequentialPipelineIndividual object at 0x155475298d00> 
 The 'criterion' parameter of RandomForestRegressor must be a str among {'friedman_mse', 'poisson', 'absolute_error', 'squared_error'}. Got 'mse' instead. 
 Traceback (most recent call last):
  File "/common/ketrong/tpotexp/tpot2/tpot2/utils/eval_utils.py", line 53, in objective_nan_wrapper
    value = func_timeout.func_timeout(timeout, objective_function, args=[individual], kwargs=objective_kwargs)
  File "/common/ketrong/tpotexp/env/lib/python3.10/site-packages/func_timeout/dafunc.py", line 108, in func_timeout
    raise_exception(exception)
  File "/common/ketrong/tpotexp/env/lib/python3.10/site-packages/func_timeout/py3_raise.py", line 7, in raise_exception
    raise exception[0] from None
  File "/common/ketrong/tpotexp/tpot2/tpot2/tpot_estimator/estimator.py", line 623, in objective_function
    return objective_function_generator(
  File "/common/ketrong/tpotexp/tpot2/tpot2/tpot_estimator/estimator_utils.py", line 55, in objective_function_generator
    cv_obj_scores = cross_val_score_objective(sklearn.base.clone(pipeline),x,y,scorers=scorers, cv=cv , fold=step)
  File "/common/ketrong/tpotexp/tpot2/tpot2/tpot_estimator/cross_val_utils.py", line 28, in cross_val_score_objective
    this_fold_pipeline.fit(X_train,y_train)
  File "/common/ketrong/tpotexp/env/lib/python3.10/site-packages/sklearn/base.py", line 1473, in wrapper
    return fit_method(estimator, *args, **kwargs)
  File "/common/ketrong/tpotexp/env/lib/python3.10/site-packages/sklearn/pipeline.py", line 473, in fit
    self._final_estimator.fit(Xt, y, **last_step_params["fit"])
  File "/common/ketrong/tpotexp/env/lib/python3.10/site-packages/sklearn/base.py", line 1466, in wrapper
    estimator._validate_params()
  File "/common/ketrong/tpotexp/env/lib/python3.10/site-packages/sklearn/base.py", line 666, in _validate_params
    validate_parameter_constraints(
  File "/common/ketrong/tpotexp/env/lib/python3.10/site-packages/sklearn/utils/_param_validation.py", line 95, in validate_parameter_constraints
    raise InvalidParameterError(
sklearn.utils._param_validation.InvalidParameterError: The 'criterion' parameter of RandomForestRegressor must be a str among {'friedman_mse', 'poisson', 'absolute_error', 'squared_error'}. Got 'mse' instead.

Generation:  24
Best root_mean_squared_error score: -3.073123812640599
Generation:  96%|| 24/25 [1:53:06<04:28, 268.06s/it]WARNING THIS INDIVIDUAL CAUSED AND EXCEPTION 
 <tpot2.search_spaces.pipelines.sequential.SequentialPipelineIndividual object at 0x15545df888e0> 
 The 'criterion' parameter of RandomForestRegressor must be a str among {'friedman_mse', 'poisson', 'absolute_error', 'squared_error'}. Got 'mae' instead. 
 Traceback (most recent call last):
  File "/common/ketrong/tpotexp/tpot2/tpot2/utils/eval_utils.py", line 53, in objective_nan_wrapper
    value = func_timeout.func_timeout(timeout, objective_function, args=[individual], kwargs=objective_kwargs)
  File "/common/ketrong/tpotexp/env/lib/python3.10/site-packages/func_timeout/dafunc.py", line 108, in func_timeout
    raise_exception(exception)
  File "/common/ketrong/tpotexp/env/lib/python3.10/site-packages/func_timeout/py3_raise.py", line 7, in raise_exception
    raise exception[0] from None
  File "/common/ketrong/tpotexp/tpot2/tpot2/tpot_estimator/estimator.py", line 623, in objective_function
    return objective_function_generator(
  File "/common/ketrong/tpotexp/tpot2/tpot2/tpot_estimator/estimator_utils.py", line 55, in objective_function_generator
    cv_obj_scores = cross_val_score_objective(sklearn.base.clone(pipeline),x,y,scorers=scorers, cv=cv , fold=step)
  File "/common/ketrong/tpotexp/tpot2/tpot2/tpot_estimator/cross_val_utils.py", line 28, in cross_val_score_objective
    this_fold_pipeline.fit(X_train,y_train)
  File "/common/ketrong/tpotexp/env/lib/python3.10/site-packages/sklearn/base.py", line 1473, in wrapper
    return fit_method(estimator, *args, **kwargs)
  File "/common/ketrong/tpotexp/env/lib/python3.10/site-packages/sklearn/pipeline.py", line 473, in fit
    self._final_estimator.fit(Xt, y, **last_step_params["fit"])
  File "/common/ketrong/tpotexp/env/lib/python3.10/site-packages/sklearn/base.py", line 1466, in wrapper
    estimator._validate_params()
  File "/common/ketrong/tpotexp/env/lib/python3.10/site-packages/sklearn/base.py", line 666, in _validate_params
    validate_parameter_constraints(
  File "/common/ketrong/tpotexp/env/lib/python3.10/site-packages/sklearn/utils/_param_validation.py", line 95, in validate_parameter_constraints
    raise InvalidParameterError(
sklearn.utils._param_validation.InvalidParameterError: The 'criterion' parameter of RandomForestRegressor must be a str among {'friedman_mse', 'poisson', 'absolute_error', 'squared_error'}. Got 'mae' instead.

WARNING AN INDIVIDUAL TIMED OUT: 
 <tpot2.search_spaces.pipelines.sequential.SequentialPipelineIndividual object at 0x155454f86920> 

Generation:  25
Best root_mean_squared_error score: -3.073123812640599
Generation: 100%|| 25/25 [2:03:14<00:00, 370.14s/it]Generation: 100%|| 25/25 [2:03:16<00:00, 295.87s/it]
2024-08-26 22:21:44,982 - distributed.scheduler - ERROR - Removing worker 'tcp://127.0.0.1:35373' caused the cluster to lose scattered data, which can't be recovered: {'ndarray-3ff11553f9defc399e3869877b89ddc2', 'DataFrame-4f525155b0aa986c71f0c103cfaa5d45'} (stimulus_id='handle-worker-cleanup-1724736104.982731')
Fitted
Pipeline(steps=[('histgradientboostingregressor',
                 HistGradientBoostingRegressor(early_stopping=False,
                                               l2_regularization=1.8898448e-06,
                                               learning_rate=0.0577986360009,
                                               max_features=0.3993635607716,
                                               max_leaf_nodes=85,
                                               min_samples_leaf=136,
                                               tol=0.0001))])
score start
train score: {'explained_var': 0.5755064860466652, 'r2': 0.575506486046665, 'rmse': 2.8637552465121434}
original test score: {'explained_var': 0.9232820532627712, 'r2': 0.9232808578819997, 'rmse': 1.209481897622298}
imputed test score: {'explained_var': 0.38863615930920103, 'r2': 0.38863300633075404, 'rmse': 3.414274998783293}
score end
check intended
EXP2 Finished
running experiment 3/3 - What is the best automl settings?
<tpot2.search_spaces.pipelines.sequential.SequentialPipeline object at 0x155433d46aa0>
Start tpot fit
  0%|          | 0/25 [00:00<?, ?it/s]Generation:   0%|          | 0/25 [00:00<?, ?it/s]WARNING THIS INDIVIDUAL CAUSED AND EXCEPTION 
 <tpot2.search_spaces.pipelines.sequential.SequentialPipelineIndividual object at 0x1554757702e0> 
 The 'criterion' parameter of RandomForestRegressor must be a str among {'friedman_mse', 'poisson', 'absolute_error', 'squared_error'}. Got 'mae' instead. 
 Traceback (most recent call last):
  File "/common/ketrong/tpotexp/tpot2/tpot2/utils/eval_utils.py", line 53, in objective_nan_wrapper
    value = func_timeout.func_timeout(timeout, objective_function, args=[individual], kwargs=objective_kwargs)
  File "/common/ketrong/tpotexp/env/lib/python3.10/site-packages/func_timeout/dafunc.py", line 108, in func_timeout
    raise_exception(exception)
  File "/common/ketrong/tpotexp/env/lib/python3.10/site-packages/func_timeout/py3_raise.py", line 7, in raise_exception
    raise exception[0] from None
  File "/common/ketrong/tpotexp/tpot2/tpot2/tpot_estimator/estimator.py", line 623, in objective_function
    return objective_function_generator(
  File "/common/ketrong/tpotexp/tpot2/tpot2/tpot_estimator/estimator_utils.py", line 55, in objective_function_generator
    cv_obj_scores = cross_val_score_objective(sklearn.base.clone(pipeline),x,y,scorers=scorers, cv=cv , fold=step)
  File "/common/ketrong/tpotexp/tpot2/tpot2/tpot_estimator/cross_val_utils.py", line 28, in cross_val_score_objective
    this_fold_pipeline.fit(X_train,y_train)
  File "/common/ketrong/tpotexp/env/lib/python3.10/site-packages/sklearn/base.py", line 1473, in wrapper
    return fit_method(estimator, *args, **kwargs)
  File "/common/ketrong/tpotexp/env/lib/python3.10/site-packages/sklearn/pipeline.py", line 473, in fit
    self._final_estimator.fit(Xt, y, **last_step_params["fit"])
  File "/common/ketrong/tpotexp/env/lib/python3.10/site-packages/sklearn/base.py", line 1466, in wrapper
    estimator._validate_params()
  File "/common/ketrong/tpotexp/env/lib/python3.10/site-packages/sklearn/base.py", line 666, in _validate_params
    validate_parameter_constraints(
  File "/common/ketrong/tpotexp/env/lib/python3.10/site-packages/sklearn/utils/_param_validation.py", line 95, in validate_parameter_constraints
    raise InvalidParameterError(
sklearn.utils._param_validation.InvalidParameterError: The 'criterion' parameter of RandomForestRegressor must be a str among {'friedman_mse', 'poisson', 'absolute_error', 'squared_error'}. Got 'mae' instead.

WARNING THIS INDIVIDUAL CAUSED AND EXCEPTION 
 <tpot2.search_spaces.pipelines.sequential.SequentialPipelineIndividual object at 0x1554757cb8b0> 
 The 'criterion' parameter of RandomForestRegressor must be a str among {'friedman_mse', 'poisson', 'absolute_error', 'squared_error'}. Got 'mse' instead. 
 Traceback (most recent call last):
  File "/common/ketrong/tpotexp/tpot2/tpot2/utils/eval_utils.py", line 53, in objective_nan_wrapper
    value = func_timeout.func_timeout(timeout, objective_function, args=[individual], kwargs=objective_kwargs)
  File "/common/ketrong/tpotexp/env/lib/python3.10/site-packages/func_timeout/dafunc.py", line 108, in func_timeout
    raise_exception(exception)
  File "/common/ketrong/tpotexp/env/lib/python3.10/site-packages/func_timeout/py3_raise.py", line 7, in raise_exception
    raise exception[0] from None
  File "/common/ketrong/tpotexp/tpot2/tpot2/tpot_estimator/estimator.py", line 623, in objective_function
    return objective_function_generator(
  File "/common/ketrong/tpotexp/tpot2/tpot2/tpot_estimator/estimator_utils.py", line 55, in objective_function_generator
    cv_obj_scores = cross_val_score_objective(sklearn.base.clone(pipeline),x,y,scorers=scorers, cv=cv , fold=step)
  File "/common/ketrong/tpotexp/tpot2/tpot2/tpot_estimator/cross_val_utils.py", line 28, in cross_val_score_objective
    this_fold_pipeline.fit(X_train,y_train)
  File "/common/ketrong/tpotexp/env/lib/python3.10/site-packages/sklearn/base.py", line 1473, in wrapper
    return fit_method(estimator, *args, **kwargs)
  File "/common/ketrong/tpotexp/env/lib/python3.10/site-packages/sklearn/pipeline.py", line 473, in fit
    self._final_estimator.fit(Xt, y, **last_step_params["fit"])
  File "/common/ketrong/tpotexp/env/lib/python3.10/site-packages/sklearn/base.py", line 1466, in wrapper
    estimator._validate_params()
  File "/common/ketrong/tpotexp/env/lib/python3.10/site-packages/sklearn/base.py", line 666, in _validate_params
    validate_parameter_constraints(
  File "/common/ketrong/tpotexp/env/lib/python3.10/site-packages/sklearn/utils/_param_validation.py", line 95, in validate_parameter_constraints
    raise InvalidParameterError(
sklearn.utils._param_validation.InvalidParameterError: The 'criterion' parameter of RandomForestRegressor must be a str among {'friedman_mse', 'poisson', 'absolute_error', 'squared_error'}. Got 'mse' instead.

WARNING AN INDIVIDUAL TIMED OUT: 
 <tpot2.search_spaces.pipelines.sequential.SequentialPipelineIndividual object at 0x155475eeace0> 

WARNING AN INDIVIDUAL TIMED OUT: 
 <tpot2.search_spaces.pipelines.sequential.SequentialPipelineIndividual object at 0x15547576c2e0> 

WARNING AN INDIVIDUAL TIMED OUT: 
 <tpot2.search_spaces.pipelines.sequential.SequentialPipelineIndividual object at 0x155475eea740> 

WARNING AN INDIVIDUAL TIMED OUT: 
 <tpot2.search_spaces.pipelines.sequential.SequentialPipelineIndividual object at 0x155475eea7a0> 

WARNING AN INDIVIDUAL TIMED OUT: 
 <tpot2.search_spaces.pipelines.sequential.SequentialPipelineIndividual object at 0x155475eea4d0> 

WARNING AN INDIVIDUAL TIMED OUT: 
 <tpot2.search_spaces.pipelines.sequential.SequentialPipelineIndividual object at 0x155475ee9ae0> 

Generation:  1
Best root_mean_squared_error score: -3.1354845686330153
Generation:   4%|         | 1/25 [10:02<4:01:11, 602.99s/it]WARNING THIS INDIVIDUAL CAUSED AND EXCEPTION 
 <tpot2.search_spaces.pipelines.sequential.SequentialPipelineIndividual object at 0x155475788f70> 
 The 'criterion' parameter of RandomForestRegressor must be a str among {'friedman_mse', 'poisson', 'absolute_error', 'squared_error'}. Got 'mse' instead. 
 Traceback (most recent call last):
  File "/common/ketrong/tpotexp/tpot2/tpot2/utils/eval_utils.py", line 53, in objective_nan_wrapper
    value = func_timeout.func_timeout(timeout, objective_function, args=[individual], kwargs=objective_kwargs)
  File "/common/ketrong/tpotexp/env/lib/python3.10/site-packages/func_timeout/dafunc.py", line 108, in func_timeout
    raise_exception(exception)
  File "/common/ketrong/tpotexp/env/lib/python3.10/site-packages/func_timeout/py3_raise.py", line 7, in raise_exception
    raise exception[0] from None
  File "/common/ketrong/tpotexp/tpot2/tpot2/tpot_estimator/estimator.py", line 623, in objective_function
    return objective_function_generator(
  File "/common/ketrong/tpotexp/tpot2/tpot2/tpot_estimator/estimator_utils.py", line 55, in objective_function_generator
    cv_obj_scores = cross_val_score_objective(sklearn.base.clone(pipeline),x,y,scorers=scorers, cv=cv , fold=step)
  File "/common/ketrong/tpotexp/tpot2/tpot2/tpot_estimator/cross_val_utils.py", line 28, in cross_val_score_objective
    this_fold_pipeline.fit(X_train,y_train)
  File "/common/ketrong/tpotexp/env/lib/python3.10/site-packages/sklearn/base.py", line 1473, in wrapper
    return fit_method(estimator, *args, **kwargs)
  File "/common/ketrong/tpotexp/env/lib/python3.10/site-packages/sklearn/pipeline.py", line 473, in fit
    self._final_estimator.fit(Xt, y, **last_step_params["fit"])
  File "/common/ketrong/tpotexp/env/lib/python3.10/site-packages/sklearn/base.py", line 1466, in wrapper
    estimator._validate_params()
  File "/common/ketrong/tpotexp/env/lib/python3.10/site-packages/sklearn/base.py", line 666, in _validate_params
    validate_parameter_constraints(
  File "/common/ketrong/tpotexp/env/lib/python3.10/site-packages/sklearn/utils/_param_validation.py", line 95, in validate_parameter_constraints
    raise InvalidParameterError(
sklearn.utils._param_validation.InvalidParameterError: The 'criterion' parameter of RandomForestRegressor must be a str among {'friedman_mse', 'poisson', 'absolute_error', 'squared_error'}. Got 'mse' instead.

WARNING THIS INDIVIDUAL CAUSED AND EXCEPTION 
 <tpot2.search_spaces.pipelines.sequential.SequentialPipelineIndividual object at 0x155475775ff0> 
 Input X contains NaN.
AdaBoostRegressor does not accept missing values encoded as NaN natively. For supervised learning, you might want to consider sklearn.ensemble.HistGradientBoostingClassifier and Regressor which accept missing values encoded as NaNs natively. Alternatively, it is possible to preprocess the data, for instance by using an imputer transformer in a pipeline or drop samples with missing values. See https://scikit-learn.org/stable/modules/impute.html You can find a list of all estimators that handle NaN values at the following page: https://scikit-learn.org/stable/modules/impute.html#estimators-that-handle-nan-values 
 Traceback (most recent call last):
  File "/common/ketrong/tpotexp/tpot2/tpot2/utils/eval_utils.py", line 53, in objective_nan_wrapper
    value = func_timeout.func_timeout(timeout, objective_function, args=[individual], kwargs=objective_kwargs)
  File "/common/ketrong/tpotexp/env/lib/python3.10/site-packages/func_timeout/dafunc.py", line 108, in func_timeout
    raise_exception(exception)
  File "/common/ketrong/tpotexp/env/lib/python3.10/site-packages/func_timeout/py3_raise.py", line 7, in raise_exception
    raise exception[0] from None
  File "/common/ketrong/tpotexp/tpot2/tpot2/tpot_estimator/estimator.py", line 623, in objective_function
    return objective_function_generator(
  File "/common/ketrong/tpotexp/tpot2/tpot2/tpot_estimator/estimator_utils.py", line 55, in objective_function_generator
    cv_obj_scores = cross_val_score_objective(sklearn.base.clone(pipeline),x,y,scorers=scorers, cv=cv , fold=step)
  File "/common/ketrong/tpotexp/tpot2/tpot2/tpot_estimator/cross_val_utils.py", line 28, in cross_val_score_objective
    this_fold_pipeline.fit(X_train,y_train)
  File "/common/ketrong/tpotexp/env/lib/python3.10/site-packages/sklearn/base.py", line 1473, in wrapper
    return fit_method(estimator, *args, **kwargs)
  File "/common/ketrong/tpotexp/env/lib/python3.10/site-packages/sklearn/pipeline.py", line 473, in fit
    self._final_estimator.fit(Xt, y, **last_step_params["fit"])
  File "/common/ketrong/tpotexp/env/lib/python3.10/site-packages/sklearn/base.py", line 1473, in wrapper
    return fit_method(estimator, *args, **kwargs)
  File "/common/ketrong/tpotexp/env/lib/python3.10/site-packages/sklearn/ensemble/_weight_boosting.py", line 133, in fit
    X, y = self._validate_data(
  File "/common/ketrong/tpotexp/env/lib/python3.10/site-packages/sklearn/base.py", line 650, in _validate_data
    X, y = check_X_y(X, y, **check_params)
  File "/common/ketrong/tpotexp/env/lib/python3.10/site-packages/sklearn/utils/validation.py", line 1301, in check_X_y
    X = check_array(
  File "/common/ketrong/tpotexp/env/lib/python3.10/site-packages/sklearn/utils/validation.py", line 1064, in check_array
    _assert_all_finite(
  File "/common/ketrong/tpotexp/env/lib/python3.10/site-packages/sklearn/utils/validation.py", line 123, in _assert_all_finite
    _assert_all_finite_element_wise(
  File "/common/ketrong/tpotexp/env/lib/python3.10/site-packages/sklearn/utils/validation.py", line 172, in _assert_all_finite_element_wise
    raise ValueError(msg_err)
ValueError: Input X contains NaN.
AdaBoostRegressor does not accept missing values encoded as NaN natively. For supervised learning, you might want to consider sklearn.ensemble.HistGradientBoostingClassifier and Regressor which accept missing values encoded as NaNs natively. Alternatively, it is possible to preprocess the data, for instance by using an imputer transformer in a pipeline or drop samples with missing values. See https://scikit-learn.org/stable/modules/impute.html You can find a list of all estimators that handle NaN values at the following page: https://scikit-learn.org/stable/modules/impute.html#estimators-that-handle-nan-values

WARNING AN INDIVIDUAL TIMED OUT: 
 <tpot2.search_spaces.pipelines.sequential.SequentialPipelineIndividual object at 0x1554757ea680> 

Generation:  2
Best root_mean_squared_error score: -3.1354845686330153
Generation:   8%|         | 2/25 [20:04<3:50:55, 602.41s/it]WARNING AN INDIVIDUAL TIMED OUT: 
 <tpot2.search_spaces.pipelines.sequential.SequentialPipelineIndividual object at 0x155475eeae90> 

Generation:  3
Best root_mean_squared_error score: -3.0369999775044336
Generation:  12%|        | 3/25 [30:07<3:40:51, 602.35s/it]WARNING AN INDIVIDUAL TIMED OUT: 
 <tpot2.search_spaces.pipelines.sequential.SequentialPipelineIndividual object at 0x155475447dc0> 

Generation:  4
Best root_mean_squared_error score: -3.0369999775044336
Generation:  16%|        | 4/25 [40:10<3:31:00, 602.87s/it]WARNING THIS INDIVIDUAL CAUSED AND EXCEPTION 
 <tpot2.search_spaces.pipelines.sequential.SequentialPipelineIndividual object at 0x155457633730> 
 The 'criterion' parameter of RandomForestRegressor must be a str among {'friedman_mse', 'poisson', 'absolute_error', 'squared_error'}. Got 'mae' instead. 
 Traceback (most recent call last):
  File "/common/ketrong/tpotexp/tpot2/tpot2/utils/eval_utils.py", line 53, in objective_nan_wrapper
    value = func_timeout.func_timeout(timeout, objective_function, args=[individual], kwargs=objective_kwargs)
  File "/common/ketrong/tpotexp/env/lib/python3.10/site-packages/func_timeout/dafunc.py", line 108, in func_timeout
    raise_exception(exception)
  File "/common/ketrong/tpotexp/env/lib/python3.10/site-packages/func_timeout/py3_raise.py", line 7, in raise_exception
    raise exception[0] from None
  File "/common/ketrong/tpotexp/tpot2/tpot2/tpot_estimator/estimator.py", line 623, in objective_function
    return objective_function_generator(
  File "/common/ketrong/tpotexp/tpot2/tpot2/tpot_estimator/estimator_utils.py", line 55, in objective_function_generator
    cv_obj_scores = cross_val_score_objective(sklearn.base.clone(pipeline),x,y,scorers=scorers, cv=cv , fold=step)
  File "/common/ketrong/tpotexp/tpot2/tpot2/tpot_estimator/cross_val_utils.py", line 28, in cross_val_score_objective
    this_fold_pipeline.fit(X_train,y_train)
  File "/common/ketrong/tpotexp/env/lib/python3.10/site-packages/sklearn/base.py", line 1473, in wrapper
    return fit_method(estimator, *args, **kwargs)
  File "/common/ketrong/tpotexp/env/lib/python3.10/site-packages/sklearn/pipeline.py", line 473, in fit
    self._final_estimator.fit(Xt, y, **last_step_params["fit"])
  File "/common/ketrong/tpotexp/env/lib/python3.10/site-packages/sklearn/base.py", line 1466, in wrapper
    estimator._validate_params()
  File "/common/ketrong/tpotexp/env/lib/python3.10/site-packages/sklearn/base.py", line 666, in _validate_params
    validate_parameter_constraints(
  File "/common/ketrong/tpotexp/env/lib/python3.10/site-packages/sklearn/utils/_param_validation.py", line 95, in validate_parameter_constraints
    raise InvalidParameterError(
sklearn.utils._param_validation.InvalidParameterError: The 'criterion' parameter of RandomForestRegressor must be a str among {'friedman_mse', 'poisson', 'absolute_error', 'squared_error'}. Got 'mae' instead.

WARNING AN INDIVIDUAL TIMED OUT: 
 <tpot2.search_spaces.pipelines.sequential.SequentialPipelineIndividual object at 0x155474eaf880> 

WARNING AN INDIVIDUAL TIMED OUT: 
 <tpot2.search_spaces.pipelines.sequential.SequentialPipelineIndividual object at 0x15545e4d70a0> 

WARNING AN INDIVIDUAL TIMED OUT: 
 <tpot2.search_spaces.pipelines.sequential.SequentialPipelineIndividual object at 0x1553dd893bb0> 

Generation:  5
Best root_mean_squared_error score: -3.0369999775044336
Generation:  20%|        | 5/25 [50:13<3:20:57, 602.90s/it]WARNING AN INDIVIDUAL TIMED OUT: 
 <tpot2.search_spaces.pipelines.sequential.SequentialPipelineIndividual object at 0x1554757901c0> 

WARNING AN INDIVIDUAL TIMED OUT: 
 <tpot2.search_spaces.pipelines.sequential.SequentialPipelineIndividual object at 0x15547578cfa0> 

Generation:  6
Best root_mean_squared_error score: -3.0369999775044336
Generation:  24%|       | 6/25 [1:00:17<3:11:00, 603.21s/it]WARNING AN INDIVIDUAL TIMED OUT: 
 <tpot2.search_spaces.pipelines.sequential.SequentialPipelineIndividual object at 0x1554757cd060> 

Generation:  7
Best root_mean_squared_error score: -3.0369999775044336
Generation:  28%|       | 7/25 [1:10:19<3:00:51, 602.89s/it]WARNING THIS INDIVIDUAL CAUSED AND EXCEPTION 
 <tpot2.search_spaces.pipelines.sequential.SequentialPipelineIndividual object at 0x155475366200> 
 The 'criterion' parameter of RandomForestRegressor must be a str among {'friedman_mse', 'poisson', 'absolute_error', 'squared_error'}. Got 'mse' instead. 
 Traceback (most recent call last):
  File "/common/ketrong/tpotexp/tpot2/tpot2/utils/eval_utils.py", line 53, in objective_nan_wrapper
    value = func_timeout.func_timeout(timeout, objective_function, args=[individual], kwargs=objective_kwargs)
  File "/common/ketrong/tpotexp/env/lib/python3.10/site-packages/func_timeout/dafunc.py", line 108, in func_timeout
    raise_exception(exception)
  File "/common/ketrong/tpotexp/env/lib/python3.10/site-packages/func_timeout/py3_raise.py", line 7, in raise_exception
    raise exception[0] from None
  File "/common/ketrong/tpotexp/tpot2/tpot2/tpot_estimator/estimator.py", line 623, in objective_function
    return objective_function_generator(
  File "/common/ketrong/tpotexp/tpot2/tpot2/tpot_estimator/estimator_utils.py", line 55, in objective_function_generator
    cv_obj_scores = cross_val_score_objective(sklearn.base.clone(pipeline),x,y,scorers=scorers, cv=cv , fold=step)
  File "/common/ketrong/tpotexp/tpot2/tpot2/tpot_estimator/cross_val_utils.py", line 28, in cross_val_score_objective
    this_fold_pipeline.fit(X_train,y_train)
  File "/common/ketrong/tpotexp/env/lib/python3.10/site-packages/sklearn/base.py", line 1473, in wrapper
    return fit_method(estimator, *args, **kwargs)
  File "/common/ketrong/tpotexp/env/lib/python3.10/site-packages/sklearn/pipeline.py", line 473, in fit
    self._final_estimator.fit(Xt, y, **last_step_params["fit"])
  File "/common/ketrong/tpotexp/env/lib/python3.10/site-packages/sklearn/base.py", line 1466, in wrapper
    estimator._validate_params()
  File "/common/ketrong/tpotexp/env/lib/python3.10/site-packages/sklearn/base.py", line 666, in _validate_params
    validate_parameter_constraints(
  File "/common/ketrong/tpotexp/env/lib/python3.10/site-packages/sklearn/utils/_param_validation.py", line 95, in validate_parameter_constraints
    raise InvalidParameterError(
sklearn.utils._param_validation.InvalidParameterError: The 'criterion' parameter of RandomForestRegressor must be a str among {'friedman_mse', 'poisson', 'absolute_error', 'squared_error'}. Got 'mse' instead.

WARNING THIS INDIVIDUAL CAUSED AND EXCEPTION 
 <tpot2.search_spaces.pipelines.sequential.SequentialPipelineIndividual object at 0x155475783970> 
 The 'criterion' parameter of ExtraTreesRegressor must be a str among {'friedman_mse', 'poisson', 'absolute_error', 'squared_error'}. Got 'mae' instead. 
 Traceback (most recent call last):
  File "/common/ketrong/tpotexp/tpot2/tpot2/utils/eval_utils.py", line 53, in objective_nan_wrapper
    value = func_timeout.func_timeout(timeout, objective_function, args=[individual], kwargs=objective_kwargs)
  File "/common/ketrong/tpotexp/env/lib/python3.10/site-packages/func_timeout/dafunc.py", line 108, in func_timeout
    raise_exception(exception)
  File "/common/ketrong/tpotexp/env/lib/python3.10/site-packages/func_timeout/py3_raise.py", line 7, in raise_exception
    raise exception[0] from None
  File "/common/ketrong/tpotexp/tpot2/tpot2/tpot_estimator/estimator.py", line 623, in objective_function
    return objective_function_generator(
  File "/common/ketrong/tpotexp/tpot2/tpot2/tpot_estimator/estimator_utils.py", line 55, in objective_function_generator
    cv_obj_scores = cross_val_score_objective(sklearn.base.clone(pipeline),x,y,scorers=scorers, cv=cv , fold=step)
  File "/common/ketrong/tpotexp/tpot2/tpot2/tpot_estimator/cross_val_utils.py", line 28, in cross_val_score_objective
    this_fold_pipeline.fit(X_train,y_train)
  File "/common/ketrong/tpotexp/env/lib/python3.10/site-packages/sklearn/base.py", line 1473, in wrapper
    return fit_method(estimator, *args, **kwargs)
  File "/common/ketrong/tpotexp/env/lib/python3.10/site-packages/sklearn/pipeline.py", line 473, in fit
    self._final_estimator.fit(Xt, y, **last_step_params["fit"])
  File "/common/ketrong/tpotexp/env/lib/python3.10/site-packages/sklearn/base.py", line 1466, in wrapper
    estimator._validate_params()
  File "/common/ketrong/tpotexp/env/lib/python3.10/site-packages/sklearn/base.py", line 666, in _validate_params
    validate_parameter_constraints(
  File "/common/ketrong/tpotexp/env/lib/python3.10/site-packages/sklearn/utils/_param_validation.py", line 95, in validate_parameter_constraints
    raise InvalidParameterError(
sklearn.utils._param_validation.InvalidParameterError: The 'criterion' parameter of ExtraTreesRegressor must be a str among {'friedman_mse', 'poisson', 'absolute_error', 'squared_error'}. Got 'mae' instead.

WARNING AN INDIVIDUAL TIMED OUT: 
 <tpot2.search_spaces.pipelines.sequential.SequentialPipelineIndividual object at 0x155475421450> 

Generation:  8
Best root_mean_squared_error score: -3.0369999775044336
Generation:  32%|      | 8/25 [1:20:24<2:50:56, 603.35s/it]WARNING AN INDIVIDUAL TIMED OUT: 
 <tpot2.search_spaces.pipelines.sequential.SequentialPipelineIndividual object at 0x155475772680> 

Generation:  9
Best root_mean_squared_error score: -3.0369999775044336
Generation:  36%|      | 9/25 [1:30:26<2:40:49, 603.12s/it]WARNING AN INDIVIDUAL TIMED OUT: 
 <tpot2.search_spaces.pipelines.sequential.SequentialPipelineIndividual object at 0x155475751360> 

WARNING AN INDIVIDUAL TIMED OUT: 
 <tpot2.search_spaces.pipelines.sequential.SequentialPipelineIndividual object at 0x15545abf0970> 

WARNING AN INDIVIDUAL TIMED OUT: 
 <tpot2.search_spaces.pipelines.sequential.SequentialPipelineIndividual object at 0x155451fd3a90> 

Generation:  10
Best root_mean_squared_error score: -3.0334514566861417
Generation:  40%|      | 10/25 [1:40:31<2:30:52, 603.52s/it]WARNING THIS INDIVIDUAL CAUSED AND EXCEPTION 
 <tpot2.search_spaces.pipelines.sequential.SequentialPipelineIndividual object at 0x1554757573d0> 
 The 'criterion' parameter of RandomForestRegressor must be a str among {'friedman_mse', 'poisson', 'absolute_error', 'squared_error'}. Got 'mae' instead. 
 Traceback (most recent call last):
  File "/common/ketrong/tpotexp/tpot2/tpot2/utils/eval_utils.py", line 53, in objective_nan_wrapper
    value = func_timeout.func_timeout(timeout, objective_function, args=[individual], kwargs=objective_kwargs)
  File "/common/ketrong/tpotexp/env/lib/python3.10/site-packages/func_timeout/dafunc.py", line 108, in func_timeout
    raise_exception(exception)
  File "/common/ketrong/tpotexp/env/lib/python3.10/site-packages/func_timeout/py3_raise.py", line 7, in raise_exception
    raise exception[0] from None
  File "/common/ketrong/tpotexp/tpot2/tpot2/tpot_estimator/estimator.py", line 623, in objective_function
    return objective_function_generator(
  File "/common/ketrong/tpotexp/tpot2/tpot2/tpot_estimator/estimator_utils.py", line 55, in objective_function_generator
    cv_obj_scores = cross_val_score_objective(sklearn.base.clone(pipeline),x,y,scorers=scorers, cv=cv , fold=step)
  File "/common/ketrong/tpotexp/tpot2/tpot2/tpot_estimator/cross_val_utils.py", line 28, in cross_val_score_objective
    this_fold_pipeline.fit(X_train,y_train)
  File "/common/ketrong/tpotexp/env/lib/python3.10/site-packages/sklearn/base.py", line 1473, in wrapper
    return fit_method(estimator, *args, **kwargs)
  File "/common/ketrong/tpotexp/env/lib/python3.10/site-packages/sklearn/pipeline.py", line 473, in fit
    self._final_estimator.fit(Xt, y, **last_step_params["fit"])
  File "/common/ketrong/tpotexp/env/lib/python3.10/site-packages/sklearn/base.py", line 1466, in wrapper
    estimator._validate_params()
  File "/common/ketrong/tpotexp/env/lib/python3.10/site-packages/sklearn/base.py", line 666, in _validate_params
    validate_parameter_constraints(
  File "/common/ketrong/tpotexp/env/lib/python3.10/site-packages/sklearn/utils/_param_validation.py", line 95, in validate_parameter_constraints
    raise InvalidParameterError(
sklearn.utils._param_validation.InvalidParameterError: The 'criterion' parameter of RandomForestRegressor must be a str among {'friedman_mse', 'poisson', 'absolute_error', 'squared_error'}. Got 'mae' instead.

WARNING AN INDIVIDUAL TIMED OUT: 
 <tpot2.search_spaces.pipelines.sequential.SequentialPipelineIndividual object at 0x155474d31ed0> 

Generation:  11
Best root_mean_squared_error score: -3.0334514566861417
Generation:  44%|     | 11/25 [1:50:33<2:20:44, 603.15s/it]WARNING AN INDIVIDUAL TIMED OUT: 
 <tpot2.search_spaces.pipelines.sequential.SequentialPipelineIndividual object at 0x155475eeb010> 

WARNING AN INDIVIDUAL TIMED OUT: 
 <tpot2.search_spaces.pipelines.sequential.SequentialPipelineIndividual object at 0x155474e97490> 

Generation:  12
Best root_mean_squared_error score: -3.0334514566861417
Generation:  48%|     | 12/25 [2:00:36<2:10:39, 603.04s/it]Generation:  13
Best root_mean_squared_error score: -3.0334514566861417
Generation:  52%|    | 13/25 [2:01:22<1:26:50, 434.18s/it]WARNING THIS INDIVIDUAL CAUSED AND EXCEPTION 
 <tpot2.search_spaces.pipelines.sequential.SequentialPipelineIndividual object at 0x155474729090> 
 The 'criterion' parameter of RandomForestRegressor must be a str among {'friedman_mse', 'poisson', 'absolute_error', 'squared_error'}. Got 'mse' instead. 
 Traceback (most recent call last):
  File "/common/ketrong/tpotexp/tpot2/tpot2/utils/eval_utils.py", line 53, in objective_nan_wrapper
    value = func_timeout.func_timeout(timeout, objective_function, args=[individual], kwargs=objective_kwargs)
  File "/common/ketrong/tpotexp/env/lib/python3.10/site-packages/func_timeout/dafunc.py", line 108, in func_timeout
    raise_exception(exception)
  File "/common/ketrong/tpotexp/env/lib/python3.10/site-packages/func_timeout/py3_raise.py", line 7, in raise_exception
    raise exception[0] from None
  File "/common/ketrong/tpotexp/tpot2/tpot2/tpot_estimator/estimator.py", line 623, in objective_function
    return objective_function_generator(
  File "/common/ketrong/tpotexp/tpot2/tpot2/tpot_estimator/estimator_utils.py", line 55, in objective_function_generator
    cv_obj_scores = cross_val_score_objective(sklearn.base.clone(pipeline),x,y,scorers=scorers, cv=cv , fold=step)
  File "/common/ketrong/tpotexp/tpot2/tpot2/tpot_estimator/cross_val_utils.py", line 28, in cross_val_score_objective
    this_fold_pipeline.fit(X_train,y_train)
  File "/common/ketrong/tpotexp/env/lib/python3.10/site-packages/sklearn/base.py", line 1473, in wrapper
    return fit_method(estimator, *args, **kwargs)
  File "/common/ketrong/tpotexp/env/lib/python3.10/site-packages/sklearn/pipeline.py", line 473, in fit
    self._final_estimator.fit(Xt, y, **last_step_params["fit"])
  File "/common/ketrong/tpotexp/env/lib/python3.10/site-packages/sklearn/base.py", line 1466, in wrapper
    estimator._validate_params()
  File "/common/ketrong/tpotexp/env/lib/python3.10/site-packages/sklearn/base.py", line 666, in _validate_params
    validate_parameter_constraints(
  File "/common/ketrong/tpotexp/env/lib/python3.10/site-packages/sklearn/utils/_param_validation.py", line 95, in validate_parameter_constraints
    raise InvalidParameterError(
sklearn.utils._param_validation.InvalidParameterError: The 'criterion' parameter of RandomForestRegressor must be a str among {'friedman_mse', 'poisson', 'absolute_error', 'squared_error'}. Got 'mse' instead.

WARNING THIS INDIVIDUAL CAUSED AND EXCEPTION 
 <tpot2.search_spaces.pipelines.sequential.SequentialPipelineIndividual object at 0x1555544848e0> 
 The 'criterion' parameter of ExtraTreesRegressor must be a str among {'friedman_mse', 'poisson', 'absolute_error', 'squared_error'}. Got 'mae' instead. 
 Traceback (most recent call last):
  File "/common/ketrong/tpotexp/tpot2/tpot2/utils/eval_utils.py", line 53, in objective_nan_wrapper
    value = func_timeout.func_timeout(timeout, objective_function, args=[individual], kwargs=objective_kwargs)
  File "/common/ketrong/tpotexp/env/lib/python3.10/site-packages/func_timeout/dafunc.py", line 108, in func_timeout
    raise_exception(exception)
  File "/common/ketrong/tpotexp/env/lib/python3.10/site-packages/func_timeout/py3_raise.py", line 7, in raise_exception
    raise exception[0] from None
  File "/common/ketrong/tpotexp/tpot2/tpot2/tpot_estimator/estimator.py", line 623, in objective_function
    return objective_function_generator(
  File "/common/ketrong/tpotexp/tpot2/tpot2/tpot_estimator/estimator_utils.py", line 55, in objective_function_generator
    cv_obj_scores = cross_val_score_objective(sklearn.base.clone(pipeline),x,y,scorers=scorers, cv=cv , fold=step)
  File "/common/ketrong/tpotexp/tpot2/tpot2/tpot_estimator/cross_val_utils.py", line 28, in cross_val_score_objective
    this_fold_pipeline.fit(X_train,y_train)
  File "/common/ketrong/tpotexp/env/lib/python3.10/site-packages/sklearn/base.py", line 1473, in wrapper
    return fit_method(estimator, *args, **kwargs)
  File "/common/ketrong/tpotexp/env/lib/python3.10/site-packages/sklearn/pipeline.py", line 473, in fit
    self._final_estimator.fit(Xt, y, **last_step_params["fit"])
  File "/common/ketrong/tpotexp/env/lib/python3.10/site-packages/sklearn/base.py", line 1466, in wrapper
    estimator._validate_params()
  File "/common/ketrong/tpotexp/env/lib/python3.10/site-packages/sklearn/base.py", line 666, in _validate_params
    validate_parameter_constraints(
  File "/common/ketrong/tpotexp/env/lib/python3.10/site-packages/sklearn/utils/_param_validation.py", line 95, in validate_parameter_constraints
    raise InvalidParameterError(
sklearn.utils._param_validation.InvalidParameterError: The 'criterion' parameter of ExtraTreesRegressor must be a str among {'friedman_mse', 'poisson', 'absolute_error', 'squared_error'}. Got 'mae' instead.

WARNING THIS INDIVIDUAL CAUSED AND EXCEPTION 
 <tpot2.search_spaces.pipelines.sequential.SequentialPipelineIndividual object at 0x15547578ec50> 
 The 'criterion' parameter of DecisionTreeRegressor must be a str among {'friedman_mse', 'poisson', 'absolute_error', 'squared_error'}. Got 'mae' instead. 
 Traceback (most recent call last):
  File "/common/ketrong/tpotexp/tpot2/tpot2/utils/eval_utils.py", line 53, in objective_nan_wrapper
    value = func_timeout.func_timeout(timeout, objective_function, args=[individual], kwargs=objective_kwargs)
  File "/common/ketrong/tpotexp/env/lib/python3.10/site-packages/func_timeout/dafunc.py", line 108, in func_timeout
    raise_exception(exception)
  File "/common/ketrong/tpotexp/env/lib/python3.10/site-packages/func_timeout/py3_raise.py", line 7, in raise_exception
    raise exception[0] from None
  File "/common/ketrong/tpotexp/tpot2/tpot2/tpot_estimator/estimator.py", line 623, in objective_function
    return objective_function_generator(
  File "/common/ketrong/tpotexp/tpot2/tpot2/tpot_estimator/estimator_utils.py", line 55, in objective_function_generator
    cv_obj_scores = cross_val_score_objective(sklearn.base.clone(pipeline),x,y,scorers=scorers, cv=cv , fold=step)
  File "/common/ketrong/tpotexp/tpot2/tpot2/tpot_estimator/cross_val_utils.py", line 28, in cross_val_score_objective
    this_fold_pipeline.fit(X_train,y_train)
  File "/common/ketrong/tpotexp/env/lib/python3.10/site-packages/sklearn/base.py", line 1473, in wrapper
    return fit_method(estimator, *args, **kwargs)
  File "/common/ketrong/tpotexp/env/lib/python3.10/site-packages/sklearn/pipeline.py", line 473, in fit
    self._final_estimator.fit(Xt, y, **last_step_params["fit"])
  File "/common/ketrong/tpotexp/env/lib/python3.10/site-packages/sklearn/base.py", line 1466, in wrapper
    estimator._validate_params()
  File "/common/ketrong/tpotexp/env/lib/python3.10/site-packages/sklearn/base.py", line 666, in _validate_params
    validate_parameter_constraints(
  File "/common/ketrong/tpotexp/env/lib/python3.10/site-packages/sklearn/utils/_param_validation.py", line 95, in validate_parameter_constraints
    raise InvalidParameterError(
sklearn.utils._param_validation.InvalidParameterError: The 'criterion' parameter of DecisionTreeRegressor must be a str among {'friedman_mse', 'poisson', 'absolute_error', 'squared_error'}. Got 'mae' instead.

WARNING AN INDIVIDUAL TIMED OUT: 
 <tpot2.search_spaces.pipelines.sequential.SequentialPipelineIndividual object at 0x15545f88df30> 

Generation:  14
Best root_mean_squared_error score: -3.0334514566861417
Generation:  56%|    | 14/25 [2:11:24<1:28:56, 485.15s/it]WARNING AN INDIVIDUAL TIMED OUT: 
 <tpot2.search_spaces.pipelines.sequential.SequentialPipelineIndividual object at 0x1554757a13c0> 

Generation:  15
Best root_mean_squared_error score: -3.0334514566861417
Generation:  60%|    | 15/25 [2:21:28<1:26:47, 520.80s/it]WARNING AN INDIVIDUAL TIMED OUT: 
 <tpot2.search_spaces.pipelines.sequential.SequentialPipelineIndividual object at 0x155475eebe20> 

WARNING AN INDIVIDUAL TIMED OUT: 
 <tpot2.search_spaces.pipelines.sequential.SequentialPipelineIndividual object at 0x155475754550> 

WARNING AN INDIVIDUAL TIMED OUT: 
 <tpot2.search_spaces.pipelines.sequential.SequentialPipelineIndividual object at 0x15545f994310> 

Generation:  16
Best root_mean_squared_error score: -3.0334514566861417
Generation:  64%|   | 16/25 [2:31:31<1:21:49, 545.51s/it]WARNING THIS INDIVIDUAL CAUSED AND EXCEPTION 
 <tpot2.search_spaces.pipelines.sequential.SequentialPipelineIndividual object at 0x15545fd00730> 
 The 'criterion' parameter of RandomForestRegressor must be a str among {'friedman_mse', 'poisson', 'absolute_error', 'squared_error'}. Got 'mse' instead. 
 Traceback (most recent call last):
  File "/common/ketrong/tpotexp/tpot2/tpot2/utils/eval_utils.py", line 53, in objective_nan_wrapper
    value = func_timeout.func_timeout(timeout, objective_function, args=[individual], kwargs=objective_kwargs)
  File "/common/ketrong/tpotexp/env/lib/python3.10/site-packages/func_timeout/dafunc.py", line 108, in func_timeout
    raise_exception(exception)
  File "/common/ketrong/tpotexp/env/lib/python3.10/site-packages/func_timeout/py3_raise.py", line 7, in raise_exception
    raise exception[0] from None
  File "/common/ketrong/tpotexp/tpot2/tpot2/tpot_estimator/estimator.py", line 623, in objective_function
    return objective_function_generator(
  File "/common/ketrong/tpotexp/tpot2/tpot2/tpot_estimator/estimator_utils.py", line 55, in objective_function_generator
    cv_obj_scores = cross_val_score_objective(sklearn.base.clone(pipeline),x,y,scorers=scorers, cv=cv , fold=step)
  File "/common/ketrong/tpotexp/tpot2/tpot2/tpot_estimator/cross_val_utils.py", line 28, in cross_val_score_objective
    this_fold_pipeline.fit(X_train,y_train)
  File "/common/ketrong/tpotexp/env/lib/python3.10/site-packages/sklearn/base.py", line 1473, in wrapper
    return fit_method(estimator, *args, **kwargs)
  File "/common/ketrong/tpotexp/env/lib/python3.10/site-packages/sklearn/pipeline.py", line 473, in fit
    self._final_estimator.fit(Xt, y, **last_step_params["fit"])
  File "/common/ketrong/tpotexp/env/lib/python3.10/site-packages/sklearn/base.py", line 1466, in wrapper
    estimator._validate_params()
  File "/common/ketrong/tpotexp/env/lib/python3.10/site-packages/sklearn/base.py", line 666, in _validate_params
    validate_parameter_constraints(
  File "/common/ketrong/tpotexp/env/lib/python3.10/site-packages/sklearn/utils/_param_validation.py", line 95, in validate_parameter_constraints
    raise InvalidParameterError(
sklearn.utils._param_validation.InvalidParameterError: The 'criterion' parameter of RandomForestRegressor must be a str among {'friedman_mse', 'poisson', 'absolute_error', 'squared_error'}. Got 'mse' instead.

WARNING AN INDIVIDUAL TIMED OUT: 
 <tpot2.search_spaces.pipelines.sequential.SequentialPipelineIndividual object at 0x15547577b3a0> 

WARNING AN INDIVIDUAL TIMED OUT: 
 <tpot2.search_spaces.pipelines.sequential.SequentialPipelineIndividual object at 0x155475439120> 

WARNING AN INDIVIDUAL TIMED OUT: 
 <tpot2.search_spaces.pipelines.sequential.SequentialPipelineIndividual object at 0x155475ee9a20> 

WARNING AN INDIVIDUAL TIMED OUT: 
 <tpot2.search_spaces.pipelines.sequential.SequentialPipelineIndividual object at 0x155474db4490> 

WARNING AN INDIVIDUAL TIMED OUT: 
 <tpot2.search_spaces.pipelines.sequential.SequentialPipelineIndividual object at 0x15545e4d5180> 

Generation:  17
Best root_mean_squared_error score: -3.0334514566861417
Generation:  68%|   | 17/25 [2:41:34<1:15:03, 562.91s/it]WARNING AN INDIVIDUAL TIMED OUT: 
 <tpot2.search_spaces.pipelines.sequential.SequentialPipelineIndividual object at 0x15545f996110> 

WARNING AN INDIVIDUAL TIMED OUT: 
 <tpot2.search_spaces.pipelines.sequential.SequentialPipelineIndividual object at 0x155475eeb190> 

WARNING AN INDIVIDUAL TIMED OUT: 
 <tpot2.search_spaces.pipelines.sequential.SequentialPipelineIndividual object at 0x15545ac239d0> 

Generation:  18
Best root_mean_squared_error score: -3.0334514566861417
Generation:  72%|  | 18/25 [2:51:38<1:07:07, 575.37s/it]WARNING THIS INDIVIDUAL CAUSED AND EXCEPTION 
 <tpot2.search_spaces.pipelines.sequential.SequentialPipelineIndividual object at 0x155451b88af0> 
 The 'criterion' parameter of RandomForestRegressor must be a str among {'friedman_mse', 'poisson', 'absolute_error', 'squared_error'}. Got 'mae' instead. 
 Traceback (most recent call last):
  File "/common/ketrong/tpotexp/tpot2/tpot2/utils/eval_utils.py", line 53, in objective_nan_wrapper
    value = func_timeout.func_timeout(timeout, objective_function, args=[individual], kwargs=objective_kwargs)
  File "/common/ketrong/tpotexp/env/lib/python3.10/site-packages/func_timeout/dafunc.py", line 108, in func_timeout
    raise_exception(exception)
  File "/common/ketrong/tpotexp/env/lib/python3.10/site-packages/func_timeout/py3_raise.py", line 7, in raise_exception
    raise exception[0] from None
  File "/common/ketrong/tpotexp/tpot2/tpot2/tpot_estimator/estimator.py", line 623, in objective_function
    return objective_function_generator(
  File "/common/ketrong/tpotexp/tpot2/tpot2/tpot_estimator/estimator_utils.py", line 55, in objective_function_generator
    cv_obj_scores = cross_val_score_objective(sklearn.base.clone(pipeline),x,y,scorers=scorers, cv=cv , fold=step)
  File "/common/ketrong/tpotexp/tpot2/tpot2/tpot_estimator/cross_val_utils.py", line 28, in cross_val_score_objective
    this_fold_pipeline.fit(X_train,y_train)
  File "/common/ketrong/tpotexp/env/lib/python3.10/site-packages/sklearn/base.py", line 1473, in wrapper
    return fit_method(estimator, *args, **kwargs)
  File "/common/ketrong/tpotexp/env/lib/python3.10/site-packages/sklearn/pipeline.py", line 473, in fit
    self._final_estimator.fit(Xt, y, **last_step_params["fit"])
  File "/common/ketrong/tpotexp/env/lib/python3.10/site-packages/sklearn/base.py", line 1466, in wrapper
    estimator._validate_params()
  File "/common/ketrong/tpotexp/env/lib/python3.10/site-packages/sklearn/base.py", line 666, in _validate_params
    validate_parameter_constraints(
  File "/common/ketrong/tpotexp/env/lib/python3.10/site-packages/sklearn/utils/_param_validation.py", line 95, in validate_parameter_constraints
    raise InvalidParameterError(
sklearn.utils._param_validation.InvalidParameterError: The 'criterion' parameter of RandomForestRegressor must be a str among {'friedman_mse', 'poisson', 'absolute_error', 'squared_error'}. Got 'mae' instead.

WARNING AN INDIVIDUAL TIMED OUT: 
 <tpot2.search_spaces.pipelines.sequential.SequentialPipelineIndividual object at 0x1554757d1900> 

Generation:  19
Best root_mean_squared_error score: -3.0334514566861417
Generation:  76%|  | 19/25 [3:01:41<58:21, 583.63s/it]  WARNING AN INDIVIDUAL TIMED OUT: 
 <tpot2.search_spaces.pipelines.sequential.SequentialPipelineIndividual object at 0x155474d31b40> 

WARNING AN INDIVIDUAL TIMED OUT: 
 <tpot2.search_spaces.pipelines.sequential.SequentialPipelineIndividual object at 0x155474e9f850> 

WARNING AN INDIVIDUAL TIMED OUT: 
 <tpot2.search_spaces.pipelines.sequential.SequentialPipelineIndividual object at 0x1554757a35b0> 

WARNING AN INDIVIDUAL TIMED OUT: 
 <tpot2.search_spaces.pipelines.sequential.SequentialPipelineIndividual object at 0x15545fa28160> 

WARNING AN INDIVIDUAL TIMED OUT: 
 <tpot2.search_spaces.pipelines.sequential.SequentialPipelineIndividual object at 0x155459f8a020> 

Generation:  20
Best root_mean_squared_error score: -3.0334514566861417
Generation:  80%|  | 20/25 [3:11:46<49:09, 589.90s/it]WARNING THIS INDIVIDUAL CAUSED AND EXCEPTION 
 <tpot2.search_spaces.pipelines.sequential.SequentialPipelineIndividual object at 0x15545f0d0520> 
 The 'criterion' parameter of DecisionTreeRegressor must be a str among {'friedman_mse', 'poisson', 'absolute_error', 'squared_error'}. Got 'mae' instead. 
 Traceback (most recent call last):
  File "/common/ketrong/tpotexp/tpot2/tpot2/utils/eval_utils.py", line 53, in objective_nan_wrapper
    value = func_timeout.func_timeout(timeout, objective_function, args=[individual], kwargs=objective_kwargs)
  File "/common/ketrong/tpotexp/env/lib/python3.10/site-packages/func_timeout/dafunc.py", line 108, in func_timeout
    raise_exception(exception)
  File "/common/ketrong/tpotexp/env/lib/python3.10/site-packages/func_timeout/py3_raise.py", line 7, in raise_exception
    raise exception[0] from None
  File "/common/ketrong/tpotexp/tpot2/tpot2/tpot_estimator/estimator.py", line 623, in objective_function
    return objective_function_generator(
  File "/common/ketrong/tpotexp/tpot2/tpot2/tpot_estimator/estimator_utils.py", line 55, in objective_function_generator
    cv_obj_scores = cross_val_score_objective(sklearn.base.clone(pipeline),x,y,scorers=scorers, cv=cv , fold=step)
  File "/common/ketrong/tpotexp/tpot2/tpot2/tpot_estimator/cross_val_utils.py", line 28, in cross_val_score_objective
    this_fold_pipeline.fit(X_train,y_train)
  File "/common/ketrong/tpotexp/env/lib/python3.10/site-packages/sklearn/base.py", line 1473, in wrapper
    return fit_method(estimator, *args, **kwargs)
  File "/common/ketrong/tpotexp/env/lib/python3.10/site-packages/sklearn/pipeline.py", line 473, in fit
    self._final_estimator.fit(Xt, y, **last_step_params["fit"])
  File "/common/ketrong/tpotexp/env/lib/python3.10/site-packages/sklearn/base.py", line 1466, in wrapper
    estimator._validate_params()
  File "/common/ketrong/tpotexp/env/lib/python3.10/site-packages/sklearn/base.py", line 666, in _validate_params
    validate_parameter_constraints(
  File "/common/ketrong/tpotexp/env/lib/python3.10/site-packages/sklearn/utils/_param_validation.py", line 95, in validate_parameter_constraints
    raise InvalidParameterError(
sklearn.utils._param_validation.InvalidParameterError: The 'criterion' parameter of DecisionTreeRegressor must be a str among {'friedman_mse', 'poisson', 'absolute_error', 'squared_error'}. Got 'mae' instead.

Generation:  21
Best root_mean_squared_error score: -3.0334514566861417
Generation:  84%| | 21/25 [3:13:35<29:42, 445.72s/it]WARNING AN INDIVIDUAL TIMED OUT: 
 <tpot2.search_spaces.pipelines.sequential.SequentialPipelineIndividual object at 0x15545f9c9960> 

Generation:  22
Best root_mean_squared_error score: -3.0334514566861417
Generation:  88%| | 22/25 [3:23:39<24:39, 493.02s/it]WARNING THIS INDIVIDUAL CAUSED AND EXCEPTION 
 <tpot2.search_spaces.pipelines.sequential.SequentialPipelineIndividual object at 0x15545ef22860> 
 The 'criterion' parameter of DecisionTreeRegressor must be a str among {'friedman_mse', 'poisson', 'absolute_error', 'squared_error'}. Got 'mae' instead. 
 Traceback (most recent call last):
  File "/common/ketrong/tpotexp/tpot2/tpot2/utils/eval_utils.py", line 53, in objective_nan_wrapper
    value = func_timeout.func_timeout(timeout, objective_function, args=[individual], kwargs=objective_kwargs)
  File "/common/ketrong/tpotexp/env/lib/python3.10/site-packages/func_timeout/dafunc.py", line 108, in func_timeout
    raise_exception(exception)
  File "/common/ketrong/tpotexp/env/lib/python3.10/site-packages/func_timeout/py3_raise.py", line 7, in raise_exception
    raise exception[0] from None
  File "/common/ketrong/tpotexp/tpot2/tpot2/tpot_estimator/estimator.py", line 623, in objective_function
    return objective_function_generator(
  File "/common/ketrong/tpotexp/tpot2/tpot2/tpot_estimator/estimator_utils.py", line 55, in objective_function_generator
    cv_obj_scores = cross_val_score_objective(sklearn.base.clone(pipeline),x,y,scorers=scorers, cv=cv , fold=step)
  File "/common/ketrong/tpotexp/tpot2/tpot2/tpot_estimator/cross_val_utils.py", line 28, in cross_val_score_objective
    this_fold_pipeline.fit(X_train,y_train)
  File "/common/ketrong/tpotexp/env/lib/python3.10/site-packages/sklearn/base.py", line 1473, in wrapper
    return fit_method(estimator, *args, **kwargs)
  File "/common/ketrong/tpotexp/env/lib/python3.10/site-packages/sklearn/pipeline.py", line 473, in fit
    self._final_estimator.fit(Xt, y, **last_step_params["fit"])
  File "/common/ketrong/tpotexp/env/lib/python3.10/site-packages/sklearn/base.py", line 1466, in wrapper
    estimator._validate_params()
  File "/common/ketrong/tpotexp/env/lib/python3.10/site-packages/sklearn/base.py", line 666, in _validate_params
    validate_parameter_constraints(
  File "/common/ketrong/tpotexp/env/lib/python3.10/site-packages/sklearn/utils/_param_validation.py", line 95, in validate_parameter_constraints
    raise InvalidParameterError(
sklearn.utils._param_validation.InvalidParameterError: The 'criterion' parameter of DecisionTreeRegressor must be a str among {'friedman_mse', 'poisson', 'absolute_error', 'squared_error'}. Got 'mae' instead.

WARNING THIS INDIVIDUAL CAUSED AND EXCEPTION 
 <tpot2.search_spaces.pipelines.sequential.SequentialPipelineIndividual object at 0x15545d13bd60> 
 The 'criterion' parameter of RandomForestRegressor must be a str among {'friedman_mse', 'poisson', 'absolute_error', 'squared_error'}. Got 'mae' instead. 
 Traceback (most recent call last):
  File "/common/ketrong/tpotexp/tpot2/tpot2/utils/eval_utils.py", line 53, in objective_nan_wrapper
    value = func_timeout.func_timeout(timeout, objective_function, args=[individual], kwargs=objective_kwargs)
  File "/common/ketrong/tpotexp/env/lib/python3.10/site-packages/func_timeout/dafunc.py", line 108, in func_timeout
    raise_exception(exception)
  File "/common/ketrong/tpotexp/env/lib/python3.10/site-packages/func_timeout/py3_raise.py", line 7, in raise_exception
    raise exception[0] from None
  File "/common/ketrong/tpotexp/tpot2/tpot2/tpot_estimator/estimator.py", line 623, in objective_function
    return objective_function_generator(
  File "/common/ketrong/tpotexp/tpot2/tpot2/tpot_estimator/estimator_utils.py", line 55, in objective_function_generator
    cv_obj_scores = cross_val_score_objective(sklearn.base.clone(pipeline),x,y,scorers=scorers, cv=cv , fold=step)
  File "/common/ketrong/tpotexp/tpot2/tpot2/tpot_estimator/cross_val_utils.py", line 28, in cross_val_score_objective
    this_fold_pipeline.fit(X_train,y_train)
  File "/common/ketrong/tpotexp/env/lib/python3.10/site-packages/sklearn/base.py", line 1473, in wrapper
    return fit_method(estimator, *args, **kwargs)
  File "/common/ketrong/tpotexp/env/lib/python3.10/site-packages/sklearn/pipeline.py", line 473, in fit
    self._final_estimator.fit(Xt, y, **last_step_params["fit"])
  File "/common/ketrong/tpotexp/env/lib/python3.10/site-packages/sklearn/base.py", line 1466, in wrapper
    estimator._validate_params()
  File "/common/ketrong/tpotexp/env/lib/python3.10/site-packages/sklearn/base.py", line 666, in _validate_params
    validate_parameter_constraints(
  File "/common/ketrong/tpotexp/env/lib/python3.10/site-packages/sklearn/utils/_param_validation.py", line 95, in validate_parameter_constraints
    raise InvalidParameterError(
sklearn.utils._param_validation.InvalidParameterError: The 'criterion' parameter of RandomForestRegressor must be a str among {'friedman_mse', 'poisson', 'absolute_error', 'squared_error'}. Got 'mae' instead.

WARNING AN INDIVIDUAL TIMED OUT: 
 <tpot2.search_spaces.pipelines.sequential.SequentialPipelineIndividual object at 0x15545f942dd0> 

WARNING AN INDIVIDUAL TIMED OUT: 
 <tpot2.search_spaces.pipelines.sequential.SequentialPipelineIndividual object at 0x155474a92200> 

Generation:  23
Best root_mean_squared_error score: -3.0334514566861417
Generation:  92%|| 23/25 [3:33:42<17:32, 526.09s/it]WARNING THIS INDIVIDUAL CAUSED AND EXCEPTION 
 <tpot2.search_spaces.pipelines.sequential.SequentialPipelineIndividual object at 0x155475755a50> 
 The 'criterion' parameter of RandomForestRegressor must be a str among {'friedman_mse', 'poisson', 'absolute_error', 'squared_error'}. Got 'mse' instead. 
 Traceback (most recent call last):
  File "/common/ketrong/tpotexp/tpot2/tpot2/utils/eval_utils.py", line 53, in objective_nan_wrapper
    value = func_timeout.func_timeout(timeout, objective_function, args=[individual], kwargs=objective_kwargs)
  File "/common/ketrong/tpotexp/env/lib/python3.10/site-packages/func_timeout/dafunc.py", line 108, in func_timeout
    raise_exception(exception)
  File "/common/ketrong/tpotexp/env/lib/python3.10/site-packages/func_timeout/py3_raise.py", line 7, in raise_exception
    raise exception[0] from None
  File "/common/ketrong/tpotexp/tpot2/tpot2/tpot_estimator/estimator.py", line 623, in objective_function
    return objective_function_generator(
  File "/common/ketrong/tpotexp/tpot2/tpot2/tpot_estimator/estimator_utils.py", line 55, in objective_function_generator
    cv_obj_scores = cross_val_score_objective(sklearn.base.clone(pipeline),x,y,scorers=scorers, cv=cv , fold=step)
  File "/common/ketrong/tpotexp/tpot2/tpot2/tpot_estimator/cross_val_utils.py", line 28, in cross_val_score_objective
    this_fold_pipeline.fit(X_train,y_train)
  File "/common/ketrong/tpotexp/env/lib/python3.10/site-packages/sklearn/base.py", line 1473, in wrapper
    return fit_method(estimator, *args, **kwargs)
  File "/common/ketrong/tpotexp/env/lib/python3.10/site-packages/sklearn/pipeline.py", line 473, in fit
    self._final_estimator.fit(Xt, y, **last_step_params["fit"])
  File "/common/ketrong/tpotexp/env/lib/python3.10/site-packages/sklearn/base.py", line 1466, in wrapper
    estimator._validate_params()
  File "/common/ketrong/tpotexp/env/lib/python3.10/site-packages/sklearn/base.py", line 666, in _validate_params
    validate_parameter_constraints(
  File "/common/ketrong/tpotexp/env/lib/python3.10/site-packages/sklearn/utils/_param_validation.py", line 95, in validate_parameter_constraints
    raise InvalidParameterError(
sklearn.utils._param_validation.InvalidParameterError: The 'criterion' parameter of RandomForestRegressor must be a str among {'friedman_mse', 'poisson', 'absolute_error', 'squared_error'}. Got 'mse' instead.

WARNING AN INDIVIDUAL TIMED OUT: 
 <tpot2.search_spaces.pipelines.sequential.SequentialPipelineIndividual object at 0x15545ed62bc0> 

WARNING AN INDIVIDUAL TIMED OUT: 
 <tpot2.search_spaces.pipelines.sequential.SequentialPipelineIndividual object at 0x15545d2f84f0> 

WARNING AN INDIVIDUAL TIMED OUT: 
 <tpot2.search_spaces.pipelines.sequential.SequentialPipelineIndividual object at 0x15545a31b310> 

Generation:  24
Best root_mean_squared_error score: -3.0334514566861417
Generation:  96%|| 24/25 [3:43:46<09:09, 549.61s/it]WARNING AN INDIVIDUAL TIMED OUT: 
 <tpot2.search_spaces.pipelines.sequential.SequentialPipelineIndividual object at 0x15545a66c490> 

WARNING AN INDIVIDUAL TIMED OUT: 
 <tpot2.search_spaces.pipelines.sequential.SequentialPipelineIndividual object at 0x155474a15c30> 

Generation:  25
Best root_mean_squared_error score: -3.0334514566861417
Generation: 100%|| 25/25 [3:53:50<00:00, 565.64s/it]Generation: 100%|| 25/25 [3:53:50<00:00, 561.20s/it]
2024-08-27 02:15:43,328 - distributed.scheduler - ERROR - Removing worker 'tcp://127.0.0.1:44941' caused the cluster to lose scattered data, which can't be recovered: {'DataFrame-6af8b0815412bd3b8406c623ad3e5495', 'DataFrame-4f525155b0aa986c71f0c103cfaa5d45'} (stimulus_id='handle-worker-cleanup-1724750143.3283017')
Fitted
Pipeline(steps=[('simpleimputer', SimpleImputer()),
                ('xgbregressor',
                 XGBRegressor(base_score=None, booster=None, callbacks=None,
                              colsample_bylevel=None, colsample_bynode=None,
                              colsample_bytree=None, device=None,
                              early_stopping_rounds=None,
                              enable_categorical=False, eval_metric=None,
                              feature_types=None, gamma=1.8808676142732,
                              grow_policy=None, importance_type=None,
                              interaction_constraints=None,
                              learning_rate=0.1044334382408, max_bin=None,
                              max_cat_threshold=None, max_cat_to_onehot=None,
                              max_delta_step=None, max_depth=7, max_leaves=None,
                              min_child_weight=6, missing=nan,
                              monotone_constraints=None, multi_strategy=None,
                              n_estimators=100, n_jobs=1, nthread=1,
                              num_parallel_tree=None, ...))])
transform worked
try transform
transform worked
score start
train score: {'explained_var': 0.5465255862048027, 'r2': 0.5465253591537476, 'rmse': 2.959898858706248}
test score: {'explained_var': 0.3838772975855853, 'r2': 0.3838766813278198, 'rmse': 3.4275304356463634}
original test score: {'explained_var': 0.9259236104904374, 'r2': 0.9259204864501953, 'rmse': 1.1884929839352396}
score end
215
lvl
0.5
type
MNAR
num_run
2
reg_full
finished
all finished
full run takes
8.758679017689493
hours
DONE
