Run: 32
/cm/local/apps/slurm/var/spool/job925380/slurm_script: line 26: 
pip install -e tpot2
pip install -r tpot2/ImputerExperiments/requirements_.txt
: No such file or directory
RunStart
starting loops
../data/r/189/189.pkl
working on 
../data/r/189/reg_full_MAR_0.5_2
0.7507483959197998
running experiment 1/3 - Does large hyperparameter space improve reconstruction accuracy over simple
[I 2024-08-18 09:51:31,493] A new study created in memory with name: no-name-29a0c175-ace7-47bf-8e21-0121fc8c6b5b
running
running
running
running
running
running
running
running
running
running
running
running
running
running
running
running
[I 2024-08-18 09:51:35,507] Trial 7 finished with value: 0.271498288724956 and parameters: {'model_name': 'KNNImputer', 'n_neighbors': 2038, 'weights': 'uniform'}. Best is trial 7 with value: 0.271498288724956.
running
[I 2024-08-18 09:51:35,697] Trial 11 finished with value: 0.2709678230237311 and parameters: {'model_name': 'KNNImputer', 'n_neighbors': 952, 'weights': 'uniform'}. Best is trial 11 with value: 0.2709678230237311.
running
[I 2024-08-18 09:51:35,918] Trial 10 finished with value: 0.27169138678770877 and parameters: {'model_name': 'KNNImputer', 'n_neighbors': 3441, 'weights': 'uniform'}. Best is trial 11 with value: 0.2709678230237311.
running
[I 2024-08-18 09:51:36,068] Trial 4 finished with value: 0.2710175611149648 and parameters: {'model_name': 'KNNImputer', 'n_neighbors': 1666, 'weights': 'distance'}. Best is trial 11 with value: 0.2709678230237311.
running
[I 2024-08-18 09:51:36,437] Trial 2 finished with value: 0.271683757767836 and parameters: {'model_name': 'KNNImputer', 'n_neighbors': 4183, 'weights': 'uniform'}. Best is trial 11 with value: 0.2709678230237311.
running
[I 2024-08-18 09:51:36,598] Trial 18 finished with value: 0.2714713214818574 and parameters: {'model_name': 'SimpleImputer', 'strategy': 'mean'}. Best is trial 11 with value: 0.2709678230237311.
running
[I 2024-08-18 09:51:36,956] Trial 9 finished with value: 0.2716119689235078 and parameters: {'model_name': 'KNNImputer', 'n_neighbors': 2701, 'weights': 'uniform'}. Best is trial 11 with value: 0.2709678230237311.
running
[I 2024-08-18 09:51:37,155] Trial 12 finished with value: 0.2714152196892029 and parameters: {'model_name': 'KNNImputer', 'n_neighbors': 4621, 'weights': 'distance'}. Best is trial 11 with value: 0.2709678230237311.
running
[I 2024-08-18 09:51:39,915] Trial 17 finished with value: 0.2700472169881003 and parameters: {'model_name': 'KNNImputer', 'n_neighbors': 543, 'weights': 'distance'}. Best is trial 17 with value: 0.2700472169881003.
running
[I 2024-08-18 09:51:40,245] Trial 19 finished with value: 0.27098200073056317 and parameters: {'model_name': 'KNNImputer', 'n_neighbors': 1532, 'weights': 'distance'}. Best is trial 17 with value: 0.2700472169881003.
running
[I 2024-08-18 09:51:40,924] Trial 22 finished with value: 0.2713410924665514 and parameters: {'model_name': 'KNNImputer', 'n_neighbors': 6910, 'weights': 'distance'}. Best is trial 17 with value: 0.2700472169881003.
running
[I 2024-08-18 09:51:41,187] Trial 21 finished with value: 0.27144497185771665 and parameters: {'model_name': 'KNNImputer', 'n_neighbors': 4251, 'weights': 'distance'}. Best is trial 17 with value: 0.2700472169881003.
running
[I 2024-08-18 09:51:43,343] Trial 24 finished with value: 0.2709557801531578 and parameters: {'model_name': 'KNNImputer', 'n_neighbors': 1015, 'weights': 'uniform'}. Best is trial 17 with value: 0.2700472169881003.
running
[I 2024-08-18 09:51:46,627] Trial 8 finished with value: inf and parameters: {'model_name': 'GAIN', 'batch_size': 2, 'hint_rate': 0.8029838435016411, 'alpha': 79, 'iterations': 10, 'learning_rate': 0.09647417162390279, 'p_miss': 0.1596601057278596}. Best is trial 17 with value: 0.2700472169881003.
running
[I 2024-08-18 09:51:48,761] Trial 27 finished with value: 0.2714843427906596 and parameters: {'model_name': 'IterativeImputer', 'estimator': 'Ridge', 'initial_strategy': 'mean', 'n_nearest_features': 7, 'imputation_order': 'descending'}. Best is trial 17 with value: 0.2700472169881003.
running
[I 2024-08-18 09:51:50,396] Trial 20 finished with value: 0.38367764995995185 and parameters: {'model_name': 'GAIN', 'batch_size': 954, 'hint_rate': 0.4523983652989418, 'alpha': 20, 'iterations': 1, 'learning_rate': 0.03254649489130051, 'p_miss': 0.23292381753388727}. Best is trial 17 with value: 0.2700472169881003.
running
[I 2024-08-18 09:51:51,071] Trial 31 finished with value: 0.27145276330627766 and parameters: {'model_name': 'SimpleImputer', 'strategy': 'constant'}. Best is trial 17 with value: 0.2700472169881003.
running
[I 2024-08-18 09:52:01,757] Trial 5 finished with value: 0.37298324196800176 and parameters: {'model_name': 'GAIN', 'batch_size': 20, 'hint_rate': 0.9079524257627073, 'alpha': 65, 'iterations': 14, 'learning_rate': 0.028142472614220416, 'p_miss': 0.08216231598413684}. Best is trial 17 with value: 0.2700472169881003.
running
[I 2024-08-18 09:52:21,659] Trial 32 finished with value: 0.2881646012379157 and parameters: {'model_name': 'IterativeImputer', 'estimator': 'KNN', 'initial_strategy': 'most_frequent', 'n_nearest_features': 1, 'imputation_order': 'roman'}. Best is trial 17 with value: 0.2700472169881003.
running
[I 2024-08-18 09:52:22,717] Trial 34 finished with value: 0.27143465374595516 and parameters: {'model_name': 'SimpleImputer', 'strategy': 'median'}. Best is trial 17 with value: 0.2700472169881003.
running
[I 2024-08-18 09:52:24,266] Trial 15 finished with value: 0.28480249650616124 and parameters: {'model_name': 'IterativeImputer', 'estimator': 'KNN', 'initial_strategy': 'mean', 'n_nearest_features': 6, 'imputation_order': 'arabic'}. Best is trial 17 with value: 0.2700472169881003.
running
[I 2024-08-18 09:52:24,674] Trial 14 finished with value: 0.2880062654601601 and parameters: {'model_name': 'IterativeImputer', 'estimator': 'KNN', 'initial_strategy': 'most_frequent', 'n_nearest_features': 6, 'imputation_order': 'ascending'}. Best is trial 17 with value: 0.2700472169881003.
running
[I 2024-08-18 09:52:28,578] Trial 36 finished with value: 0.2700736589279047 and parameters: {'model_name': 'KNNImputer', 'n_neighbors': 129, 'weights': 'uniform'}. Best is trial 17 with value: 0.2700472169881003.
running
[I 2024-08-18 09:52:28,837] Trial 37 finished with value: 0.27008144420440683 and parameters: {'model_name': 'KNNImputer', 'n_neighbors': 382, 'weights': 'uniform'}. Best is trial 17 with value: 0.2700472169881003.
running
[I 2024-08-18 09:52:32,568] Trial 38 finished with value: 0.26976206696388744 and parameters: {'model_name': 'KNNImputer', 'n_neighbors': 206, 'weights': 'uniform'}. Best is trial 38 with value: 0.26976206696388744.
running
[I 2024-08-18 09:52:33,080] Trial 39 finished with value: 0.2694291509310418 and parameters: {'model_name': 'KNNImputer', 'n_neighbors': 68, 'weights': 'uniform'}. Best is trial 39 with value: 0.2694291509310418.
running
[I 2024-08-18 09:52:36,751] Trial 40 finished with value: 0.26954678114047576 and parameters: {'model_name': 'KNNImputer', 'n_neighbors': 70, 'weights': 'uniform'}. Best is trial 39 with value: 0.2694291509310418.
running
[I 2024-08-18 09:52:37,324] Trial 41 finished with value: 0.2685601304368869 and parameters: {'model_name': 'KNNImputer', 'n_neighbors': 58, 'weights': 'distance'}. Best is trial 41 with value: 0.2685601304368869.
running
[I 2024-08-18 09:53:37,166] Trial 1 finished with value: 0.3402701521619774 and parameters: {'model_name': 'IterativeImputer', 'estimator': 'Bayesian', 'initial_strategy': 'most_frequent', 'n_nearest_features': 7, 'imputation_order': 'random', 'sample_posterior': True}. Best is trial 41 with value: 0.2685601304368869.
running
[I 2024-08-18 09:53:39,914] Trial 29 finished with value: 0.2715880113967007 and parameters: {'model_name': 'IterativeImputer', 'estimator': 'Bayesian', 'initial_strategy': 'median', 'n_nearest_features': 4, 'imputation_order': 'random', 'sample_posterior': False}. Best is trial 41 with value: 0.2685601304368869.
running
[I 2024-08-18 09:53:41,211] Trial 45 finished with value: 0.4938708147505514 and parameters: {'model_name': 'SimpleImputer', 'strategy': 'most_frequent'}. Best is trial 41 with value: 0.2685601304368869.
running
[I 2024-08-18 09:53:43,743] Trial 0 finished with value: 0.3503893361024537 and parameters: {'model_name': 'IterativeImputer', 'estimator': 'Bayesian', 'initial_strategy': 'constant', 'n_nearest_features': 7, 'imputation_order': 'ascending', 'sample_posterior': True}. Best is trial 41 with value: 0.2685601304368869.
running
[I 2024-08-18 09:53:44,910] Trial 46 finished with value: 0.269634408075668 and parameters: {'model_name': 'KNNImputer', 'n_neighbors': 156, 'weights': 'uniform'}. Best is trial 41 with value: 0.2685601304368869.
running
[I 2024-08-18 09:53:47,730] Trial 47 finished with value: 0.269659092400987 and parameters: {'model_name': 'KNNImputer', 'n_neighbors': 79, 'weights': 'uniform'}. Best is trial 41 with value: 0.2685601304368869.
running
[I 2024-08-18 09:53:48,747] Trial 48 finished with value: 0.26962236076942414 and parameters: {'model_name': 'KNNImputer', 'n_neighbors': 166, 'weights': 'uniform'}. Best is trial 41 with value: 0.2685601304368869.
running
[I 2024-08-18 09:53:51,480] Trial 49 finished with value: 0.2709320454987262 and parameters: {'model_name': 'KNNImputer', 'n_neighbors': 1017, 'weights': 'uniform'}. Best is trial 41 with value: 0.2685601304368869.
running
[I 2024-08-18 09:55:07,796] Trial 28 finished with value: 0.4018417199416547 and parameters: {'model_name': 'GAIN', 'batch_size': 288, 'hint_rate': 0.916452086615487, 'alpha': 24, 'iterations': 112, 'learning_rate': 0.0015787623146580213, 'p_miss': 0.24714507996909685}. Best is trial 41 with value: 0.2685601304368869.
running
[I 2024-08-18 09:55:11,757] Trial 52 finished with value: 0.27157094540597215 and parameters: {'model_name': 'KNNImputer', 'n_neighbors': 5610, 'weights': 'uniform'}. Best is trial 41 with value: 0.2685601304368869.
running
[I 2024-08-18 09:55:16,177] Trial 53 finished with value: 0.27118648904057174 and parameters: {'model_name': 'KNNImputer', 'n_neighbors': 2134, 'weights': 'distance'}. Best is trial 41 with value: 0.2685601304368869.
running
[I 2024-08-18 09:56:41,631] Trial 13 finished with value: 0.3986970661772046 and parameters: {'model_name': 'GAIN', 'batch_size': 385, 'hint_rate': 0.2040160906961008, 'alpha': 27, 'iterations': 146, 'learning_rate': 0.030595582324507258, 'p_miss': 0.18431963418157807}. Best is trial 41 with value: 0.2685601304368869.
running
[I 2024-08-18 09:56:44,931] Trial 55 finished with value: 0.2709700178009399 and parameters: {'model_name': 'KNNImputer', 'n_neighbors': 972, 'weights': 'uniform'}. Best is trial 41 with value: 0.2685601304368869.
running
[I 2024-08-18 09:56:47,605] Trial 56 finished with value: 0.2692552452316298 and parameters: {'model_name': 'KNNImputer', 'n_neighbors': 64, 'weights': 'uniform'}. Best is trial 41 with value: 0.2685601304368869.
running
[I 2024-08-18 09:56:51,113] Trial 57 finished with value: 0.27080252679278755 and parameters: {'model_name': 'KNNImputer', 'n_neighbors': 763, 'weights': 'uniform'}. Best is trial 41 with value: 0.2685601304368869.
running
[I 2024-08-18 09:56:54,187] Trial 58 finished with value: 0.2685702319285331 and parameters: {'model_name': 'KNNImputer', 'n_neighbors': 57, 'weights': 'uniform'}. Best is trial 41 with value: 0.2685601304368869.
running
[I 2024-08-18 09:56:55,067] Trial 3 finished with value: inf and parameters: {'model_name': 'GAIN', 'batch_size': 6, 'hint_rate': 0.7037799434512007, 'alpha': 95, 'iterations': 2103, 'learning_rate': 0.001772685134951701, 'p_miss': 0.06388189879358316}. Best is trial 41 with value: 0.2685601304368869.
running
[I 2024-08-18 09:56:57,909] Trial 59 finished with value: 0.27125299874559816 and parameters: {'model_name': 'KNNImputer', 'n_neighbors': 1429, 'weights': 'uniform'}. Best is trial 41 with value: 0.2685601304368869.
running
[I 2024-08-18 09:56:59,363] Trial 60 finished with value: 0.27121908517504084 and parameters: {'model_name': 'KNNImputer', 'n_neighbors': 1362, 'weights': 'uniform'}. Best is trial 41 with value: 0.2685601304368869.
running
[I 2024-08-18 09:57:01,706] Trial 61 finished with value: 0.27069510987275663 and parameters: {'model_name': 'KNNImputer', 'n_neighbors': 686, 'weights': 'uniform'}. Best is trial 41 with value: 0.2685601304368869.
running
[I 2024-08-18 09:57:03,679] Trial 62 finished with value: 0.2703721614140653 and parameters: {'model_name': 'KNNImputer', 'n_neighbors': 684, 'weights': 'distance'}. Best is trial 41 with value: 0.2685601304368869.
running
[I 2024-08-18 09:57:05,593] Trial 63 finished with value: 0.2702920291465305 and parameters: {'model_name': 'KNNImputer', 'n_neighbors': 658, 'weights': 'distance'}. Best is trial 41 with value: 0.2685601304368869.
running
[I 2024-08-18 10:07:34,802] Trial 54 finished with value: inf and parameters: {'model_name': 'GAIN', 'batch_size': 1, 'hint_rate': 0.03500470627381125, 'alpha': 0, 'iterations': 2988, 'learning_rate': 0.0001846427330959925, 'p_miss': 0.019777926580043237}. Best is trial 41 with value: 0.2685601304368869.
running
[I 2024-08-18 10:07:37,906] Trial 66 finished with value: 0.27224815952659204 and parameters: {'model_name': 'KNNImputer', 'n_neighbors': 18, 'weights': 'uniform'}. Best is trial 41 with value: 0.2685601304368869.
running
[I 2024-08-18 10:07:41,166] Trial 67 finished with value: 0.27224815952659204 and parameters: {'model_name': 'KNNImputer', 'n_neighbors': 18, 'weights': 'uniform'}. Best is trial 41 with value: 0.2685601304368869.
running
[I 2024-08-18 10:07:44,271] Trial 68 finished with value: 0.2700515713953718 and parameters: {'model_name': 'KNNImputer', 'n_neighbors': 351, 'weights': 'uniform'}. Best is trial 41 with value: 0.2685601304368869.
running
[I 2024-08-18 10:07:47,678] Trial 69 finished with value: 0.2702424615343653 and parameters: {'model_name': 'KNNImputer', 'n_neighbors': 495, 'weights': 'uniform'}. Best is trial 41 with value: 0.2685601304368869.
running
[I 2024-08-18 10:07:51,597] Trial 70 finished with value: 0.2714258380775492 and parameters: {'model_name': 'KNNImputer', 'n_neighbors': 1929, 'weights': 'uniform'}. Best is trial 41 with value: 0.2685601304368869.
running
[I 2024-08-18 10:07:56,088] Trial 71 finished with value: 0.2715898576522092 and parameters: {'model_name': 'KNNImputer', 'n_neighbors': 2597, 'weights': 'uniform'}. Best is trial 41 with value: 0.2685601304368869.
running
[I 2024-08-18 10:07:57,480] Trial 72 finished with value: 0.4938708147505514 and parameters: {'model_name': 'SimpleImputer', 'strategy': 'most_frequent'}. Best is trial 41 with value: 0.2685601304368869.
running
[I 2024-08-18 10:13:20,994] Trial 23 finished with value: inf and parameters: {'model_name': 'GAIN', 'batch_size': 3, 'hint_rate': 0.34738138113598815, 'alpha': 62, 'iterations': 1200, 'learning_rate': 0.0002293689976124124, 'p_miss': 0.2942822401659864}. Best is trial 41 with value: 0.2685601304368869.
running
[I 2024-08-18 10:13:25,188] Trial 74 finished with value: 0.271189826484448 and parameters: {'model_name': 'KNNImputer', 'n_neighbors': 1342, 'weights': 'uniform'}. Best is trial 41 with value: 0.2685601304368869.
running
[I 2024-08-18 10:26:53,359] Trial 25 finished with value: 0.30297264768110244 and parameters: {'model_name': 'IterativeImputer', 'estimator': 'RFR', 'initial_strategy': 'constant', 'n_nearest_features': 1, 'imputation_order': 'arabic'}. Best is trial 41 with value: 0.2685601304368869.
running
[I 2024-08-18 10:26:56,867] Trial 76 finished with value: 0.26951125476911153 and parameters: {'model_name': 'KNNImputer', 'n_neighbors': 78, 'weights': 'uniform'}. Best is trial 41 with value: 0.2685601304368869.
running
[I 2024-08-18 10:27:00,264] Trial 77 finished with value: 0.28635975392756235 and parameters: {'model_name': 'KNNImputer', 'n_neighbors': 5, 'weights': 'uniform'}. Best is trial 41 with value: 0.2685601304368869.
running
[I 2024-08-18 10:27:03,729] Trial 78 finished with value: 0.27030425068610464 and parameters: {'model_name': 'KNNImputer', 'n_neighbors': 538, 'weights': 'uniform'}. Best is trial 41 with value: 0.2685601304368869.
running
[I 2024-08-18 10:27:07,388] Trial 79 finished with value: 0.27020483476969737 and parameters: {'model_name': 'KNNImputer', 'n_neighbors': 456, 'weights': 'uniform'}. Best is trial 41 with value: 0.2685601304368869.
running
[I 2024-08-18 10:27:11,321] Trial 80 finished with value: 0.27064795944914893 and parameters: {'model_name': 'KNNImputer', 'n_neighbors': 1075, 'weights': 'distance'}. Best is trial 41 with value: 0.2685601304368869.
running
[I 2024-08-18 10:27:15,051] Trial 81 finished with value: 0.2702189394342967 and parameters: {'model_name': 'KNNImputer', 'n_neighbors': 459, 'weights': 'uniform'}. Best is trial 41 with value: 0.2685601304368869.
running
[I 2024-08-18 10:27:23,387] Trial 82 finished with value: 0.3788215050268443 and parameters: {'model_name': 'GAIN', 'batch_size': 75, 'hint_rate': 0.6281491573588811, 'alpha': 45, 'iterations': 1, 'learning_rate': 0.005979175476754933, 'p_miss': 0.10663974725173087}. Best is trial 41 with value: 0.2685601304368869.
running
[I 2024-08-18 10:27:51,979] Trial 83 finished with value: 0.2713077741017237 and parameters: {'model_name': 'IterativeImputer', 'estimator': 'Ridge', 'initial_strategy': 'median', 'n_nearest_features': 3, 'imputation_order': 'roman'}. Best is trial 41 with value: 0.2685601304368869.
running
[I 2024-08-18 10:27:55,972] Trial 84 finished with value: 0.2704627698050485 and parameters: {'model_name': 'KNNImputer', 'n_neighbors': 804, 'weights': 'distance'}. Best is trial 41 with value: 0.2685601304368869.
running
[I 2024-08-18 10:27:56,472] Trial 85 finished with value: 0.27145276330627766 and parameters: {'model_name': 'SimpleImputer', 'strategy': 'constant'}. Best is trial 41 with value: 0.2685601304368869.
running
[I 2024-08-18 10:27:59,748] Trial 86 finished with value: 0.2697844036954651 and parameters: {'model_name': 'KNNImputer', 'n_neighbors': 229, 'weights': 'uniform'}. Best is trial 41 with value: 0.2685601304368869.
running
[I 2024-08-18 10:28:02,921] Trial 87 finished with value: 0.27224815952659204 and parameters: {'model_name': 'KNNImputer', 'n_neighbors': 18, 'weights': 'uniform'}. Best is trial 41 with value: 0.2685601304368869.
running
[I 2024-08-18 10:28:06,294] Trial 88 finished with value: 0.27007591429847566 and parameters: {'model_name': 'KNNImputer', 'n_neighbors': 343, 'weights': 'uniform'}. Best is trial 41 with value: 0.2685601304368869.
running
[I 2024-08-18 10:28:09,581] Trial 89 finished with value: 0.26998938862074284 and parameters: {'model_name': 'KNNImputer', 'n_neighbors': 326, 'weights': 'uniform'}. Best is trial 41 with value: 0.2685601304368869.
running
[I 2024-08-18 10:28:12,374] Trial 33 finished with value: 0.29819287537030936 and parameters: {'model_name': 'IterativeImputer', 'estimator': 'RFR', 'initial_strategy': 'median', 'n_nearest_features': 1, 'imputation_order': 'roman'}. Best is trial 41 with value: 0.2685601304368869.
running
[I 2024-08-18 10:28:13,413] Trial 90 finished with value: 0.2710156138652788 and parameters: {'model_name': 'KNNImputer', 'n_neighbors': 1123, 'weights': 'uniform'}. Best is trial 41 with value: 0.2685601304368869.
running
[I 2024-08-18 10:28:16,143] Trial 91 finished with value: 0.27103163245020073 and parameters: {'model_name': 'KNNImputer', 'n_neighbors': 1133, 'weights': 'uniform'}. Best is trial 41 with value: 0.2685601304368869.
running
[I 2024-08-18 10:28:16,994] Trial 92 finished with value: 0.26987481543736697 and parameters: {'model_name': 'KNNImputer', 'n_neighbors': 318, 'weights': 'uniform'}. Best is trial 41 with value: 0.2685601304368869.
running
[I 2024-08-18 10:28:19,818] Trial 93 finished with value: 0.2696797941220431 and parameters: {'model_name': 'KNNImputer', 'n_neighbors': 284, 'weights': 'distance'}. Best is trial 41 with value: 0.2685601304368869.
running
[I 2024-08-18 10:28:20,077] Trial 94 finished with value: inf and parameters: {'model_name': 'GAIN', 'batch_size': 30, 'hint_rate': 0.05417689482351096, 'alpha': 99, 'iterations': 12, 'learning_rate': 0.0067337645927699665, 'p_miss': 0.01193396877095429}. Best is trial 41 with value: 0.2685601304368869.
running
[I 2024-08-18 10:28:24,818] Trial 96 finished with value: 0.27160777115338386 and parameters: {'model_name': 'KNNImputer', 'n_neighbors': 4893, 'weights': 'uniform'}. Best is trial 41 with value: 0.2685601304368869.
running
[I 2024-08-18 10:28:27,869] Trial 97 finished with value: 0.26950269645810454 and parameters: {'model_name': 'KNNImputer', 'n_neighbors': 75, 'weights': 'uniform'}. Best is trial 41 with value: 0.2685601304368869.
running
[I 2024-08-18 10:28:32,126] Trial 98 finished with value: 0.27168963744560337 and parameters: {'model_name': 'KNNImputer', 'n_neighbors': 3116, 'weights': 'uniform'}. Best is trial 41 with value: 0.2685601304368869.
running
[I 2024-08-18 10:28:35,935] Trial 99 finished with value: 0.2714713214818574 and parameters: {'model_name': 'KNNImputer', 'n_neighbors': 6885, 'weights': 'uniform'}. Best is trial 41 with value: 0.2685601304368869.
running
[I 2024-08-18 10:28:38,705] Trial 100 finished with value: 0.3110355913403504 and parameters: {'model_name': 'KNNImputer', 'n_neighbors': 2, 'weights': 'uniform'}. Best is trial 41 with value: 0.2685601304368869.
running
[I 2024-08-18 10:28:41,768] Trial 101 finished with value: 0.27075702564583193 and parameters: {'model_name': 'KNNImputer', 'n_neighbors': 732, 'weights': 'uniform'}. Best is trial 41 with value: 0.2685601304368869.
running
[I 2024-08-18 10:28:45,680] Trial 102 finished with value: 0.27045031863020363 and parameters: {'model_name': 'KNNImputer', 'n_neighbors': 824, 'weights': 'distance'}. Best is trial 41 with value: 0.2685601304368869.
running
[I 2024-08-18 10:28:48,954] Trial 103 finished with value: 0.26981434303200186 and parameters: {'model_name': 'KNNImputer', 'n_neighbors': 227, 'weights': 'uniform'}. Best is trial 41 with value: 0.2685601304368869.
running
[I 2024-08-18 10:28:49,712] Trial 104 finished with value: 0.27143465374595516 and parameters: {'model_name': 'SimpleImputer', 'strategy': 'median'}. Best is trial 41 with value: 0.2685601304368869.
running
[I 2024-08-18 10:29:15,098] Trial 105 finished with value: 0.27141356935273697 and parameters: {'model_name': 'IterativeImputer', 'estimator': 'Ridge', 'initial_strategy': 'constant', 'n_nearest_features': 4, 'imputation_order': 'descending'}. Best is trial 41 with value: 0.2685601304368869.
running
[I 2024-08-18 10:29:18,494] Trial 106 finished with value: 0.27032226771826473 and parameters: {'model_name': 'KNNImputer', 'n_neighbors': 545, 'weights': 'uniform'}. Best is trial 41 with value: 0.2685601304368869.
running
[I 2024-08-18 10:29:21,873] Trial 107 finished with value: 0.26957749221267185 and parameters: {'model_name': 'KNNImputer', 'n_neighbors': 157, 'weights': 'uniform'}. Best is trial 41 with value: 0.2685601304368869.
running
[I 2024-08-18 10:29:25,105] Trial 108 finished with value: 0.26983550443336723 and parameters: {'model_name': 'KNNImputer', 'n_neighbors': 236, 'weights': 'uniform'}. Best is trial 41 with value: 0.2685601304368869.
running
[I 2024-08-18 10:29:28,532] Trial 109 finished with value: 0.27037460896588994 and parameters: {'model_name': 'KNNImputer', 'n_neighbors': 557, 'weights': 'uniform'}. Best is trial 41 with value: 0.2685601304368869.
running
[I 2024-08-18 10:29:31,430] Trial 110 finished with value: 0.2697086596587849 and parameters: {'model_name': 'KNNImputer', 'n_neighbors': 177, 'weights': 'uniform'}. Best is trial 41 with value: 0.2685601304368869.
running
[I 2024-08-18 10:29:34,384] Trial 111 finished with value: 0.2931477566569288 and parameters: {'model_name': 'KNNImputer', 'n_neighbors': 4, 'weights': 'uniform'}. Best is trial 41 with value: 0.2685601304368869.
running
[I 2024-08-18 10:29:38,354] Trial 112 finished with value: 0.2704706010098069 and parameters: {'model_name': 'KNNImputer', 'n_neighbors': 812, 'weights': 'distance'}. Best is trial 41 with value: 0.2685601304368869.
running
[I 2024-08-18 10:29:41,758] Trial 113 finished with value: 0.27020855515225917 and parameters: {'model_name': 'KNNImputer', 'n_neighbors': 453, 'weights': 'uniform'}. Best is trial 41 with value: 0.2685601304368869.
running
[I 2024-08-18 10:33:54,270] Trial 65 finished with value: inf and parameters: {'model_name': 'GAIN', 'batch_size': 1, 'hint_rate': 0.031995173116933895, 'alpha': 49, 'iterations': 9310, 'learning_rate': 0.00012010295942386866, 'p_miss': 0.014494192138341133}. Best is trial 41 with value: 0.2685601304368869.
running
[I 2024-08-18 10:33:58,601] Trial 115 finished with value: 0.2716817695186998 and parameters: {'model_name': 'KNNImputer', 'n_neighbors': 3709, 'weights': 'uniform'}. Best is trial 41 with value: 0.2685601304368869.
running
[I 2024-08-18 10:34:01,672] Trial 116 finished with value: 0.26966792908709214 and parameters: {'model_name': 'KNNImputer', 'n_neighbors': 182, 'weights': 'uniform'}. Best is trial 41 with value: 0.2685601304368869.
running
[I 2024-08-18 10:34:04,610] Trial 117 finished with value: 0.2697086596587849 and parameters: {'model_name': 'KNNImputer', 'n_neighbors': 177, 'weights': 'uniform'}. Best is trial 41 with value: 0.2685601304368869.
running
[I 2024-08-18 10:34:07,835] Trial 118 finished with value: 0.2704000061714968 and parameters: {'model_name': 'KNNImputer', 'n_neighbors': 597, 'weights': 'uniform'}. Best is trial 41 with value: 0.2685601304368869.
running
[I 2024-08-18 10:34:10,435] Trial 119 finished with value: 0.3008913743514773 and parameters: {'model_name': 'KNNImputer', 'n_neighbors': 3, 'weights': 'uniform'}. Best is trial 41 with value: 0.2685601304368869.
running
[I 2024-08-18 10:34:13,507] Trial 120 finished with value: 0.2700809378761481 and parameters: {'model_name': 'KNNImputer', 'n_neighbors': 395, 'weights': 'uniform'}. Best is trial 41 with value: 0.2685601304368869.
running
[I 2024-08-18 10:34:16,670] Trial 121 finished with value: 0.2709752705586727 and parameters: {'model_name': 'KNNImputer', 'n_neighbors': 961, 'weights': 'uniform'}. Best is trial 41 with value: 0.2685601304368869.
running
[I 2024-08-18 10:34:20,361] Trial 122 finished with value: 0.2701627924641279 and parameters: {'model_name': 'KNNImputer', 'n_neighbors': 621, 'weights': 'distance'}. Best is trial 41 with value: 0.2685601304368869.
running
[I 2024-08-18 10:34:23,268] Trial 123 finished with value: 0.26966737590019485 and parameters: {'model_name': 'KNNImputer', 'n_neighbors': 183, 'weights': 'uniform'}. Best is trial 41 with value: 0.2685601304368869.
running
[I 2024-08-18 10:36:32,482] Trial 64 finished with value: inf and parameters: {'model_name': 'GAIN', 'batch_size': 1, 'hint_rate': 0.011299114481863659, 'alpha': 0, 'iterations': 9998, 'learning_rate': 0.00010052854959324943, 'p_miss': 0.298695609469502}. Best is trial 41 with value: 0.2685601304368869.
running
[I 2024-08-18 10:37:31,952] Trial 35 finished with value: 0.2960335915311649 and parameters: {'model_name': 'IterativeImputer', 'estimator': 'RFR', 'initial_strategy': 'median', 'n_nearest_features': 2, 'imputation_order': 'random'}. Best is trial 41 with value: 0.2685601304368869.
running
[I 2024-08-18 10:37:34,981] Trial 126 finished with value: 0.2696303501302012 and parameters: {'model_name': 'KNNImputer', 'n_neighbors': 165, 'weights': 'uniform'}. Best is trial 41 with value: 0.2685601304368869.
running
[I 2024-08-18 10:37:38,565] Trial 127 finished with value: 0.2700667273563868 and parameters: {'model_name': 'KNNImputer', 'n_neighbors': 396, 'weights': 'uniform'}. Best is trial 41 with value: 0.2685601304368869.
running
[I 2024-08-18 10:37:41,626] Trial 128 finished with value: 0.2700115732094513 and parameters: {'model_name': 'KNNImputer', 'n_neighbors': 111, 'weights': 'uniform'}. Best is trial 41 with value: 0.2685601304368869.
running
[I 2024-08-18 10:37:44,807] Trial 129 finished with value: 0.26996822077870386 and parameters: {'model_name': 'KNNImputer', 'n_neighbors': 377, 'weights': 'uniform'}. Best is trial 41 with value: 0.2685601304368869.
running
[I 2024-08-18 10:37:45,326] Trial 130 finished with value: 0.2714713214818574 and parameters: {'model_name': 'SimpleImputer', 'strategy': 'mean'}. Best is trial 41 with value: 0.2685601304368869.
running
[I 2024-08-18 10:37:48,434] Trial 131 finished with value: 0.2696588237526393 and parameters: {'model_name': 'KNNImputer', 'n_neighbors': 185, 'weights': 'uniform'}. Best is trial 41 with value: 0.2685601304368869.
running
[I 2024-08-18 10:37:51,473] Trial 132 finished with value: 0.27069510987275663 and parameters: {'model_name': 'KNNImputer', 'n_neighbors': 686, 'weights': 'uniform'}. Best is trial 41 with value: 0.2685601304368869.
running
[I 2024-08-18 10:37:54,691] Trial 133 finished with value: 0.2697721233862274 and parameters: {'model_name': 'KNNImputer', 'n_neighbors': 222, 'weights': 'uniform'}. Best is trial 41 with value: 0.2685601304368869.
running
[I 2024-08-18 10:37:57,948] Trial 134 finished with value: 0.270199037113202 and parameters: {'model_name': 'KNNImputer', 'n_neighbors': 503, 'weights': 'uniform'}. Best is trial 41 with value: 0.2685601304368869.
running
[I 2024-08-18 10:38:22,486] Trial 135 finished with value: 0.27150836156587194 and parameters: {'model_name': 'IterativeImputer', 'estimator': 'Bayesian', 'initial_strategy': 'mean', 'n_nearest_features': 8, 'imputation_order': 'descending', 'sample_posterior': False}. Best is trial 41 with value: 0.2685601304368869.
running
[I 2024-08-18 10:38:25,645] Trial 136 finished with value: 0.27417533196268845 and parameters: {'model_name': 'KNNImputer', 'n_neighbors': 15, 'weights': 'uniform'}. Best is trial 41 with value: 0.2685601304368869.
running
[I 2024-08-18 10:38:28,967] Trial 137 finished with value: 0.2698316218548045 and parameters: {'model_name': 'KNNImputer', 'n_neighbors': 310, 'weights': 'uniform'}. Best is trial 41 with value: 0.2685601304368869.
running
[I 2024-08-18 10:38:32,326] Trial 138 finished with value: 0.2696257139923127 and parameters: {'model_name': 'KNNImputer', 'n_neighbors': 186, 'weights': 'uniform'}. Best is trial 41 with value: 0.2685601304368869.
running
[I 2024-08-18 10:38:35,387] Trial 139 finished with value: 0.2696636221701475 and parameters: {'model_name': 'KNNImputer', 'n_neighbors': 168, 'weights': 'uniform'}. Best is trial 41 with value: 0.2685601304368869.
running
[I 2024-08-18 10:38:38,405] Trial 140 finished with value: 0.27004535070520774 and parameters: {'model_name': 'KNNImputer', 'n_neighbors': 409, 'weights': 'uniform'}. Best is trial 41 with value: 0.2685601304368869.
running
[I 2024-08-18 10:38:42,351] Trial 141 finished with value: 0.2705692103111093 and parameters: {'model_name': 'KNNImputer', 'n_neighbors': 907, 'weights': 'distance'}. Best is trial 41 with value: 0.2685601304368869.
running
[I 2024-08-18 10:38:45,783] Trial 142 finished with value: 0.27049778835777083 and parameters: {'model_name': 'KNNImputer', 'n_neighbors': 636, 'weights': 'uniform'}. Best is trial 41 with value: 0.2685601304368869.
running
[I 2024-08-18 10:38:59,302] Trial 6 finished with value: 0.29080480233456746 and parameters: {'model_name': 'IterativeImputer', 'estimator': 'RFR', 'initial_strategy': 'most_frequent', 'n_nearest_features': 2, 'imputation_order': 'descending'}. Best is trial 41 with value: 0.2685601304368869.
running
[I 2024-08-18 10:39:02,313] Trial 144 finished with value: 0.26966792908709214 and parameters: {'model_name': 'KNNImputer', 'n_neighbors': 182, 'weights': 'uniform'}. Best is trial 41 with value: 0.2685601304368869.
running
[I 2024-08-18 10:47:35,511] Trial 75 finished with value: 0.2984417205598553 and parameters: {'model_name': 'IterativeImputer', 'estimator': 'RFR', 'initial_strategy': 'constant', 'n_nearest_features': 1, 'imputation_order': 'roman'}. Best is trial 41 with value: 0.2685601304368869.
running
[I 2024-08-18 10:47:38,085] Trial 146 finished with value: 0.27001330573747495 and parameters: {'model_name': 'KNNImputer', 'n_neighbors': 112, 'weights': 'uniform'}. Best is trial 41 with value: 0.2685601304368869.
running
[I 2024-08-18 10:47:40,869] Trial 147 finished with value: 0.27003768441129605 and parameters: {'model_name': 'KNNImputer', 'n_neighbors': 349, 'weights': 'uniform'}. Best is trial 41 with value: 0.2685601304368869.
running
[I 2024-08-18 10:47:42,816] Trial 148 finished with value: 0.3619514603268881 and parameters: {'model_name': 'KNNImputer', 'n_neighbors': 1, 'weights': 'uniform'}. Best is trial 41 with value: 0.2685601304368869.
running
[I 2024-08-18 10:47:45,933] Trial 149 finished with value: 0.2698899334258309 and parameters: {'model_name': 'KNNImputer', 'n_neighbors': 304, 'weights': 'uniform'}. Best is trial 41 with value: 0.2685601304368869.
running
[I 2024-08-18 10:51:17,222] Trial 26 finished with value: 0.2754142927752261 and parameters: {'model_name': 'IterativeImputer', 'estimator': 'RFR', 'initial_strategy': 'constant', 'n_nearest_features': 4, 'imputation_order': 'descending'}. Best is trial 41 with value: 0.2685601304368869.
running
[I 2024-08-18 10:51:30,701] Trial 143 finished with value: 0.3754672823172521 and parameters: {'model_name': 'GAIN', 'batch_size': 10, 'hint_rate': 0.5356278746039077, 'alpha': 82, 'iterations': 333, 'learning_rate': 0.0007033720672344649, 'p_miss': 0.12274858944425701}. Best is trial 41 with value: 0.2685601304368869.
running
[I 2024-08-18 10:51:33,179] Trial 152 finished with value: 0.2701683819033061 and parameters: {'model_name': 'KNNImputer', 'n_neighbors': 476, 'weights': 'uniform'}. Best is trial 41 with value: 0.2685601304368869.
running
[I 2024-08-18 10:51:35,791] Trial 153 finished with value: 0.2696387814422578 and parameters: {'model_name': 'KNNImputer', 'n_neighbors': 155, 'weights': 'uniform'}. Best is trial 41 with value: 0.2685601304368869.
running
[I 2024-08-18 10:51:38,234] Trial 154 finished with value: 0.2700469664475694 and parameters: {'model_name': 'KNNImputer', 'n_neighbors': 132, 'weights': 'uniform'}. Best is trial 41 with value: 0.2685601304368869.
running
[I 2024-08-18 10:51:41,572] Trial 155 finished with value: 0.27154056411073835 and parameters: {'model_name': 'KNNImputer', 'n_neighbors': 5858, 'weights': 'uniform'}. Best is trial 41 with value: 0.2685601304368869.
running
[I 2024-08-18 10:51:43,988] Trial 156 finished with value: 0.2699118680791303 and parameters: {'model_name': 'KNNImputer', 'n_neighbors': 252, 'weights': 'uniform'}. Best is trial 41 with value: 0.2685601304368869.
running
[I 2024-08-18 10:51:46,551] Trial 157 finished with value: 0.27025617088540516 and parameters: {'model_name': 'KNNImputer', 'n_neighbors': 536, 'weights': 'uniform'}. Best is trial 41 with value: 0.2685601304368869.
running
[I 2024-08-18 10:51:49,163] Trial 158 finished with value: 0.2697671129096646 and parameters: {'model_name': 'KNNImputer', 'n_neighbors': 119, 'weights': 'distance'}. Best is trial 41 with value: 0.2685601304368869.
running
[I 2024-08-18 10:51:51,682] Trial 159 finished with value: 0.26995744440398134 and parameters: {'model_name': 'KNNImputer', 'n_neighbors': 374, 'weights': 'uniform'}. Best is trial 41 with value: 0.2685601304368869.
running
[I 2024-08-18 10:51:54,911] Trial 160 finished with value: 0.2715467178008327 and parameters: {'model_name': 'KNNImputer', 'n_neighbors': 2411, 'weights': 'uniform'}. Best is trial 41 with value: 0.2685601304368869.
running
[I 2024-08-18 10:51:55,400] Trial 161 finished with value: 0.2714713214818574 and parameters: {'model_name': 'SimpleImputer', 'strategy': 'mean'}. Best is trial 41 with value: 0.2685601304368869.
running
[I 2024-08-18 10:51:58,005] Trial 162 finished with value: 0.27080009638352653 and parameters: {'model_name': 'KNNImputer', 'n_neighbors': 710, 'weights': 'uniform'}. Best is trial 41 with value: 0.2685601304368869.
running
[I 2024-08-18 10:52:00,607] Trial 163 finished with value: 0.2694383472986453 and parameters: {'model_name': 'KNNImputer', 'n_neighbors': 85, 'weights': 'uniform'}. Best is trial 41 with value: 0.2685601304368869.
running
[I 2024-08-18 10:52:03,131] Trial 164 finished with value: 0.2699791865013375 and parameters: {'model_name': 'KNNImputer', 'n_neighbors': 272, 'weights': 'uniform'}. Best is trial 41 with value: 0.2685601304368869.
running
[I 2024-08-18 10:52:05,249] Trial 165 finished with value: 0.3008913743514773 and parameters: {'model_name': 'KNNImputer', 'n_neighbors': 3, 'weights': 'uniform'}. Best is trial 41 with value: 0.2685601304368869.
running
[I 2024-08-18 10:52:07,802] Trial 166 finished with value: 0.2700469664475694 and parameters: {'model_name': 'KNNImputer', 'n_neighbors': 132, 'weights': 'uniform'}. Best is trial 41 with value: 0.2685601304368869.
running
[I 2024-08-18 10:52:10,163] Trial 167 finished with value: 0.2701744356015845 and parameters: {'model_name': 'KNNImputer', 'n_neighbors': 473, 'weights': 'uniform'}. Best is trial 41 with value: 0.2685601304368869.
running
[I 2024-08-18 10:52:12,531] Trial 168 finished with value: 0.2700309794653574 and parameters: {'model_name': 'KNNImputer', 'n_neighbors': 123, 'weights': 'uniform'}. Best is trial 41 with value: 0.2685601304368869.
running
[I 2024-08-18 10:52:15,464] Trial 169 finished with value: 0.26987481543736697 and parameters: {'model_name': 'KNNImputer', 'n_neighbors': 318, 'weights': 'uniform'}. Best is trial 41 with value: 0.2685601304368869.
running
[I 2024-08-18 10:52:19,138] Trial 170 finished with value: 0.27109823610526196 and parameters: {'model_name': 'KNNImputer', 'n_neighbors': 1728, 'weights': 'distance'}. Best is trial 41 with value: 0.2685601304368869.
running
[I 2024-08-18 10:52:21,114] Trial 171 finished with value: 0.3619514603268881 and parameters: {'model_name': 'KNNImputer', 'n_neighbors': 1, 'weights': 'uniform'}. Best is trial 41 with value: 0.2685601304368869.
running
[I 2024-08-18 10:52:23,705] Trial 172 finished with value: 0.2704373153456509 and parameters: {'model_name': 'KNNImputer', 'n_neighbors': 573, 'weights': 'uniform'}. Best is trial 41 with value: 0.2685601304368869.
running
[I 2024-08-18 10:52:26,221] Trial 173 finished with value: 0.27007536878269567 and parameters: {'model_name': 'KNNImputer', 'n_neighbors': 260, 'weights': 'uniform'}. Best is trial 41 with value: 0.2685601304368869.
running
[I 2024-08-18 10:53:31,034] Trial 145 finished with value: 0.3684564132566234 and parameters: {'model_name': 'GAIN', 'batch_size': 11, 'hint_rate': 0.5498568207989201, 'alpha': 81, 'iterations': 379, 'learning_rate': 0.0005192310533129967, 'p_miss': 0.12230152674906963}. Best is trial 41 with value: 0.2685601304368869.
running
[I 2024-08-18 10:53:33,810] Trial 175 finished with value: 0.27020019728458394 and parameters: {'model_name': 'KNNImputer', 'n_neighbors': 465, 'weights': 'uniform'}. Best is trial 41 with value: 0.2685601304368869.
running
[I 2024-08-18 10:53:36,603] Trial 176 finished with value: 0.2696651590111337 and parameters: {'model_name': 'KNNImputer', 'n_neighbors': 154, 'weights': 'uniform'}. Best is trial 41 with value: 0.2685601304368869.
running
[I 2024-08-18 10:53:37,256] Trial 174 finished with value: 0.378485667721601 and parameters: {'model_name': 'GAIN', 'batch_size': 88, 'hint_rate': 0.27307254184103125, 'alpha': 35, 'iterations': 30, 'learning_rate': 0.0006089019949735431, 'p_miss': 0.20405420640050717}. Best is trial 41 with value: 0.2685601304368869.
running
[I 2024-08-18 10:53:39,440] Trial 177 finished with value: 0.26967705400127095 and parameters: {'model_name': 'KNNImputer', 'n_neighbors': 150, 'weights': 'uniform'}. Best is trial 41 with value: 0.2685601304368869.
running
[I 2024-08-18 10:53:40,055] Trial 178 finished with value: 0.2700045709076107 and parameters: {'model_name': 'KNNImputer', 'n_neighbors': 128, 'weights': 'uniform'}. Best is trial 41 with value: 0.2685601304368869.
running
[I 2024-08-18 10:53:42,343] Trial 179 finished with value: 0.2699341313675222 and parameters: {'model_name': 'KNNImputer', 'n_neighbors': 320, 'weights': 'uniform'}. Best is trial 41 with value: 0.2685601304368869.
running
[I 2024-08-18 10:53:43,075] Trial 180 finished with value: 0.2698477231189972 and parameters: {'model_name': 'KNNImputer', 'n_neighbors': 297, 'weights': 'uniform'}. Best is trial 41 with value: 0.2685601304368869.
running
[I 2024-08-18 10:53:45,467] Trial 181 finished with value: 0.2697795868057294 and parameters: {'model_name': 'KNNImputer', 'n_neighbors': 223, 'weights': 'uniform'}. Best is trial 41 with value: 0.2685601304368869.
running
[I 2024-08-18 10:53:45,815] Trial 182 finished with value: 0.2770756573645329 and parameters: {'model_name': 'KNNImputer', 'n_neighbors': 12, 'weights': 'uniform'}. Best is trial 41 with value: 0.2685601304368869.
running
[I 2024-08-18 10:53:48,842] Trial 184 finished with value: 0.2699161442197514 and parameters: {'model_name': 'KNNImputer', 'n_neighbors': 438, 'weights': 'distance'}. Best is trial 41 with value: 0.2685601304368869.
[I 2024-08-18 10:53:48,971] Trial 183 finished with value: 0.27045877635015153 and parameters: {'model_name': 'KNNImputer', 'n_neighbors': 805, 'weights': 'distance'}. Best is trial 41 with value: 0.2685601304368869.
running
running
[I 2024-08-18 10:53:51,563] Trial 186 finished with value: 0.26975065536143517 and parameters: {'model_name': 'KNNImputer', 'n_neighbors': 145, 'weights': 'uniform'}. Best is trial 41 with value: 0.2685601304368869.
running
[I 2024-08-18 10:53:51,932] Trial 185 finished with value: 0.269701279584037 and parameters: {'model_name': 'KNNImputer', 'n_neighbors': 152, 'weights': 'uniform'}. Best is trial 41 with value: 0.2685601304368869.
running
[I 2024-08-18 10:53:54,429] Trial 188 finished with value: 0.3008913743514773 and parameters: {'model_name': 'KNNImputer', 'n_neighbors': 3, 'weights': 'uniform'}. Best is trial 41 with value: 0.2685601304368869.
running
[I 2024-08-18 10:53:54,612] Trial 187 finished with value: 0.2698089855180435 and parameters: {'model_name': 'KNNImputer', 'n_neighbors': 147, 'weights': 'uniform'}. Best is trial 41 with value: 0.2685601304368869.
running
[I 2024-08-18 10:53:57,550] Trial 189 finished with value: 0.2704136754636311 and parameters: {'model_name': 'KNNImputer', 'n_neighbors': 574, 'weights': 'uniform'}. Best is trial 41 with value: 0.2685601304368869.
running
[I 2024-08-18 10:53:58,140] Trial 190 finished with value: 0.269988034465526 and parameters: {'model_name': 'KNNImputer', 'n_neighbors': 372, 'weights': 'uniform'}. Best is trial 41 with value: 0.2685601304368869.
running
[I 2024-08-18 10:54:00,389] Trial 191 finished with value: 0.26987849484784776 and parameters: {'model_name': 'KNNImputer', 'n_neighbors': 298, 'weights': 'uniform'}. Best is trial 41 with value: 0.2685601304368869.
running
[I 2024-08-18 10:54:18,660] Trial 192 finished with value: 0.27139261890100325 and parameters: {'model_name': 'IterativeImputer', 'estimator': 'Ridge', 'initial_strategy': 'mean', 'n_nearest_features': 5, 'imputation_order': 'ascending'}. Best is trial 41 with value: 0.2685601304368869.
running
[I 2024-08-18 10:54:19,361] Trial 194 finished with value: 0.27143465374595516 and parameters: {'model_name': 'SimpleImputer', 'strategy': 'median'}. Best is trial 41 with value: 0.2685601304368869.
running
[I 2024-08-18 10:54:21,295] Trial 193 finished with value: 0.27139261890100325 and parameters: {'model_name': 'IterativeImputer', 'estimator': 'Ridge', 'initial_strategy': 'mean', 'n_nearest_features': 5, 'imputation_order': 'ascending'}. Best is trial 41 with value: 0.2685601304368869.
running
[I 2024-08-18 10:54:22,145] Trial 195 finished with value: 0.26978454540330804 and parameters: {'model_name': 'KNNImputer', 'n_neighbors': 230, 'weights': 'uniform'}. Best is trial 41 with value: 0.2685601304368869.
running
[I 2024-08-18 10:54:24,178] Trial 196 finished with value: 0.2697100267827793 and parameters: {'model_name': 'KNNImputer', 'n_neighbors': 201, 'weights': 'uniform'}. Best is trial 41 with value: 0.2685601304368869.
running
[I 2024-08-18 10:54:25,185] Trial 197 finished with value: 0.270079029378168 and parameters: {'model_name': 'KNNImputer', 'n_neighbors': 122, 'weights': 'uniform'}. Best is trial 41 with value: 0.2685601304368869.
running
[I 2024-08-18 10:54:27,056] Trial 198 finished with value: 0.2697159196235568 and parameters: {'model_name': 'KNNImputer', 'n_neighbors': 94, 'weights': 'uniform'}. Best is trial 41 with value: 0.2685601304368869.
[I 2024-08-18 10:54:27,839] Trial 199 finished with value: 0.2931477566569288 and parameters: {'model_name': 'KNNImputer', 'n_neighbors': 4, 'weights': 'uniform'}. Best is trial 41 with value: 0.2685601304368869.
[I 2024-08-18 10:57:52,034] Trial 16 finished with value: 0.2728985202317037 and parameters: {'model_name': 'IterativeImputer', 'estimator': 'RFR', 'initial_strategy': 'most_frequent', 'n_nearest_features': 5, 'imputation_order': 'arabic'}. Best is trial 41 with value: 0.2685601304368869.
[I 2024-08-18 11:01:22,722] Trial 150 finished with value: 0.371643820566048 and parameters: {'model_name': 'GAIN', 'batch_size': 79, 'hint_rate': 0.5474106242299392, 'alpha': 80, 'iterations': 435, 'learning_rate': 0.0007972729611201198, 'p_miss': 0.11562435566553356}. Best is trial 41 with value: 0.2685601304368869.
[I 2024-08-18 11:03:53,953] Trial 151 finished with value: 0.3801759009737186 and parameters: {'model_name': 'GAIN', 'batch_size': 11, 'hint_rate': 0.5306326162005117, 'alpha': 80, 'iterations': 457, 'learning_rate': 0.0006122655234296144, 'p_miss': 0.20400201994540437}. Best is trial 41 with value: 0.2685601304368869.
[I 2024-08-18 11:15:08,830] Trial 50 finished with value: 0.36949030787071685 and parameters: {'model_name': 'GAIN', 'batch_size': 639, 'hint_rate': 0.02815866735933764, 'alpha': 0, 'iterations': 2042, 'learning_rate': 0.00016228893458001458, 'p_miss': 0.010192553336689059}. Best is trial 41 with value: 0.2685601304368869.
[I 2024-08-18 11:41:39,726] Trial 124 finished with value: 0.26977996536103455 and parameters: {'model_name': 'IterativeImputer', 'estimator': 'RFR', 'initial_strategy': 'mean', 'n_nearest_features': 8, 'imputation_order': 'random'}. Best is trial 41 with value: 0.2685601304368869.
[I 2024-08-18 11:43:35,905] Trial 125 finished with value: 0.2693691195507619 and parameters: {'model_name': 'IterativeImputer', 'estimator': 'RFR', 'initial_strategy': 'mean', 'n_nearest_features': 8, 'imputation_order': 'arabic'}. Best is trial 41 with value: 0.2685601304368869.
[I 2024-08-18 12:14:12,009] Trial 43 finished with value: 0.45015532316587714 and parameters: {'model_name': 'GAIN', 'batch_size': 205, 'hint_rate': 0.09372702323862742, 'alpha': 5, 'iterations': 5351, 'learning_rate': 0.00012355667880543502, 'p_miss': 0.29987877635484894}. Best is trial 41 with value: 0.2685601304368869.
[I 2024-08-18 12:23:24,127] Trial 114 finished with value: inf and parameters: {'model_name': 'GAIN', 'batch_size': 11, 'hint_rate': 0.5284074525160137, 'alpha': 0, 'iterations': 7583, 'learning_rate': 0.0005609981746235822, 'p_miss': 0.129657274275001}. Best is trial 41 with value: 0.2685601304368869.
[I 2024-08-18 12:30:59,334] Trial 44 finished with value: 0.368097569737347 and parameters: {'model_name': 'GAIN', 'batch_size': 879, 'hint_rate': 0.07991872961884383, 'alpha': 4, 'iterations': 5968, 'learning_rate': 0.0002038223956020172, 'p_miss': 0.02008501809132207}. Best is trial 41 with value: 0.2685601304368869.
[I 2024-08-18 12:41:58,962] Trial 42 finished with value: 0.37207342454811754 and parameters: {'model_name': 'GAIN', 'batch_size': 840, 'hint_rate': 0.03849500994759242, 'alpha': 5, 'iterations': 8040, 'learning_rate': 0.0001050340980680612, 'p_miss': 0.027208903302132798}. Best is trial 41 with value: 0.2685601304368869.
[I 2024-08-18 12:42:55,558] Trial 95 finished with value: 0.4020800420570164 and parameters: {'model_name': 'GAIN', 'batch_size': 25, 'hint_rate': 0.04466446094849752, 'alpha': 100, 'iterations': 9102, 'learning_rate': 0.0005852749566353308, 'p_miss': 0.29864951814288765}. Best is trial 41 with value: 0.2685601304368869.
[I 2024-08-18 12:43:21,085] Trial 73 finished with value: 0.42303851694952826 and parameters: {'model_name': 'GAIN', 'batch_size': 78, 'hint_rate': 0.4650418406968336, 'alpha': 47, 'iterations': 9509, 'learning_rate': 0.0001910445610414159, 'p_miss': 0.29721294118231123}. Best is trial 41 with value: 0.2685601304368869.
[I 2024-08-18 12:43:47,630] Trial 51 finished with value: 0.36777948638726815 and parameters: {'model_name': 'GAIN', 'batch_size': 485, 'hint_rate': 0.05137592862862761, 'alpha': 1, 'iterations': 9497, 'learning_rate': 0.00011180986542135727, 'p_miss': 0.015199078699593777}. Best is trial 41 with value: 0.2685601304368869.
[I 2024-08-18 12:44:02,268] Trial 30 finished with value: 0.36747036738514843 and parameters: {'model_name': 'GAIN', 'batch_size': 768, 'hint_rate': 0.04322817509756699, 'alpha': 1, 'iterations': 9699, 'learning_rate': 0.00018027403235268627, 'p_miss': 0.014822829390040176}. Best is trial 41 with value: 0.2685601304368869.
fit
auto fit
auto transform
0    0
1    0
2    0
3    0
4    0
5    0
6    0
7    0
dtype: int64
0    0
1    0
2    0
3    0
4    0
5    0
6    0
7    0
dtype: int64
0.2685601304368869
{'model_name': 'KNNImputer', 'n_neighbors': 58, 'weights': 'distance'}
running experiment 2/3 - Does reconstruction give good automl predictions
Start est fit
  0%|          | 0/25 [00:00<?, ?it/s]Generation:   0%|          | 0/25 [00:00<?, ?it/s]WARNING THIS INDIVIDUAL CAUSED AND EXCEPTION 
 <tpot2.search_spaces.pipelines.sequential.SequentialPipelineIndividual object at 0x155475b45d80> 
 The 'criterion' parameter of RandomForestRegressor must be a str among {'friedman_mse', 'poisson', 'absolute_error', 'squared_error'}. Got 'mse' instead. 
 Traceback (most recent call last):
  File "/common/ketrong/tpotexp/tpot2/tpot2/utils/eval_utils.py", line 53, in objective_nan_wrapper
    value = func_timeout.func_timeout(timeout, objective_function, args=[individual], kwargs=objective_kwargs)
  File "/common/ketrong/tpotexp/env/lib/python3.10/site-packages/func_timeout/dafunc.py", line 108, in func_timeout
    raise_exception(exception)
  File "/common/ketrong/tpotexp/env/lib/python3.10/site-packages/func_timeout/py3_raise.py", line 7, in raise_exception
    raise exception[0] from None
  File "/common/ketrong/tpotexp/tpot2/tpot2/tpot_estimator/estimator.py", line 623, in objective_function
    return objective_function_generator(
  File "/common/ketrong/tpotexp/tpot2/tpot2/tpot_estimator/estimator_utils.py", line 55, in objective_function_generator
    cv_obj_scores = cross_val_score_objective(sklearn.base.clone(pipeline),x,y,scorers=scorers, cv=cv , fold=step)
  File "/common/ketrong/tpotexp/tpot2/tpot2/tpot_estimator/cross_val_utils.py", line 28, in cross_val_score_objective
    this_fold_pipeline.fit(X_train,y_train)
  File "/common/ketrong/tpotexp/env/lib/python3.10/site-packages/sklearn/base.py", line 1473, in wrapper
    return fit_method(estimator, *args, **kwargs)
  File "/common/ketrong/tpotexp/env/lib/python3.10/site-packages/sklearn/pipeline.py", line 473, in fit
    self._final_estimator.fit(Xt, y, **last_step_params["fit"])
  File "/common/ketrong/tpotexp/env/lib/python3.10/site-packages/sklearn/base.py", line 1466, in wrapper
    estimator._validate_params()
  File "/common/ketrong/tpotexp/env/lib/python3.10/site-packages/sklearn/base.py", line 666, in _validate_params
    validate_parameter_constraints(
  File "/common/ketrong/tpotexp/env/lib/python3.10/site-packages/sklearn/utils/_param_validation.py", line 95, in validate_parameter_constraints
    raise InvalidParameterError(
sklearn.utils._param_validation.InvalidParameterError: The 'criterion' parameter of RandomForestRegressor must be a str among {'friedman_mse', 'poisson', 'absolute_error', 'squared_error'}. Got 'mse' instead.

WARNING THIS INDIVIDUAL CAUSED AND EXCEPTION 
 <tpot2.search_spaces.pipelines.sequential.SequentialPipelineIndividual object at 0x155475b42a10> 
 The 'criterion' parameter of DecisionTreeRegressor must be a str among {'friedman_mse', 'poisson', 'absolute_error', 'squared_error'}. Got 'mae' instead. 
 Traceback (most recent call last):
  File "/common/ketrong/tpotexp/tpot2/tpot2/utils/eval_utils.py", line 53, in objective_nan_wrapper
    value = func_timeout.func_timeout(timeout, objective_function, args=[individual], kwargs=objective_kwargs)
  File "/common/ketrong/tpotexp/env/lib/python3.10/site-packages/func_timeout/dafunc.py", line 108, in func_timeout
    raise_exception(exception)
  File "/common/ketrong/tpotexp/env/lib/python3.10/site-packages/func_timeout/py3_raise.py", line 7, in raise_exception
    raise exception[0] from None
  File "/common/ketrong/tpotexp/tpot2/tpot2/tpot_estimator/estimator.py", line 623, in objective_function
    return objective_function_generator(
  File "/common/ketrong/tpotexp/tpot2/tpot2/tpot_estimator/estimator_utils.py", line 55, in objective_function_generator
    cv_obj_scores = cross_val_score_objective(sklearn.base.clone(pipeline),x,y,scorers=scorers, cv=cv , fold=step)
  File "/common/ketrong/tpotexp/tpot2/tpot2/tpot_estimator/cross_val_utils.py", line 28, in cross_val_score_objective
    this_fold_pipeline.fit(X_train,y_train)
  File "/common/ketrong/tpotexp/env/lib/python3.10/site-packages/sklearn/base.py", line 1473, in wrapper
    return fit_method(estimator, *args, **kwargs)
  File "/common/ketrong/tpotexp/env/lib/python3.10/site-packages/sklearn/pipeline.py", line 473, in fit
    self._final_estimator.fit(Xt, y, **last_step_params["fit"])
  File "/common/ketrong/tpotexp/env/lib/python3.10/site-packages/sklearn/base.py", line 1466, in wrapper
    estimator._validate_params()
  File "/common/ketrong/tpotexp/env/lib/python3.10/site-packages/sklearn/base.py", line 666, in _validate_params
    validate_parameter_constraints(
  File "/common/ketrong/tpotexp/env/lib/python3.10/site-packages/sklearn/utils/_param_validation.py", line 95, in validate_parameter_constraints
    raise InvalidParameterError(
sklearn.utils._param_validation.InvalidParameterError: The 'criterion' parameter of DecisionTreeRegressor must be a str among {'friedman_mse', 'poisson', 'absolute_error', 'squared_error'}. Got 'mae' instead.

Generation:  1
Best root_mean_squared_error score: -0.211323325243169
Generation:   4%|         | 1/25 [00:36<14:45, 36.90s/it]WARNING THIS INDIVIDUAL CAUSED AND EXCEPTION 
 <tpot2.search_spaces.pipelines.sequential.SequentialPipelineIndividual object at 0x155475ba2500> 
 The 'criterion' parameter of DecisionTreeRegressor must be a str among {'friedman_mse', 'poisson', 'absolute_error', 'squared_error'}. Got 'mae' instead. 
 Traceback (most recent call last):
  File "/common/ketrong/tpotexp/tpot2/tpot2/utils/eval_utils.py", line 53, in objective_nan_wrapper
    value = func_timeout.func_timeout(timeout, objective_function, args=[individual], kwargs=objective_kwargs)
  File "/common/ketrong/tpotexp/env/lib/python3.10/site-packages/func_timeout/dafunc.py", line 108, in func_timeout
    raise_exception(exception)
  File "/common/ketrong/tpotexp/env/lib/python3.10/site-packages/func_timeout/py3_raise.py", line 7, in raise_exception
    raise exception[0] from None
  File "/common/ketrong/tpotexp/tpot2/tpot2/tpot_estimator/estimator.py", line 623, in objective_function
    return objective_function_generator(
  File "/common/ketrong/tpotexp/tpot2/tpot2/tpot_estimator/estimator_utils.py", line 55, in objective_function_generator
    cv_obj_scores = cross_val_score_objective(sklearn.base.clone(pipeline),x,y,scorers=scorers, cv=cv , fold=step)
  File "/common/ketrong/tpotexp/tpot2/tpot2/tpot_estimator/cross_val_utils.py", line 28, in cross_val_score_objective
    this_fold_pipeline.fit(X_train,y_train)
  File "/common/ketrong/tpotexp/env/lib/python3.10/site-packages/sklearn/base.py", line 1473, in wrapper
    return fit_method(estimator, *args, **kwargs)
  File "/common/ketrong/tpotexp/env/lib/python3.10/site-packages/sklearn/pipeline.py", line 473, in fit
    self._final_estimator.fit(Xt, y, **last_step_params["fit"])
  File "/common/ketrong/tpotexp/env/lib/python3.10/site-packages/sklearn/base.py", line 1466, in wrapper
    estimator._validate_params()
  File "/common/ketrong/tpotexp/env/lib/python3.10/site-packages/sklearn/base.py", line 666, in _validate_params
    validate_parameter_constraints(
  File "/common/ketrong/tpotexp/env/lib/python3.10/site-packages/sklearn/utils/_param_validation.py", line 95, in validate_parameter_constraints
    raise InvalidParameterError(
sklearn.utils._param_validation.InvalidParameterError: The 'criterion' parameter of DecisionTreeRegressor must be a str among {'friedman_mse', 'poisson', 'absolute_error', 'squared_error'}. Got 'mae' instead.

WARNING THIS INDIVIDUAL CAUSED AND EXCEPTION 
 <tpot2.search_spaces.pipelines.sequential.SequentialPipelineIndividual object at 0x155475ba9ba0> 
 The 'criterion' parameter of RandomForestRegressor must be a str among {'friedman_mse', 'poisson', 'absolute_error', 'squared_error'}. Got 'mae' instead. 
 Traceback (most recent call last):
  File "/common/ketrong/tpotexp/tpot2/tpot2/utils/eval_utils.py", line 53, in objective_nan_wrapper
    value = func_timeout.func_timeout(timeout, objective_function, args=[individual], kwargs=objective_kwargs)
  File "/common/ketrong/tpotexp/env/lib/python3.10/site-packages/func_timeout/dafunc.py", line 108, in func_timeout
    raise_exception(exception)
  File "/common/ketrong/tpotexp/env/lib/python3.10/site-packages/func_timeout/py3_raise.py", line 7, in raise_exception
    raise exception[0] from None
  File "/common/ketrong/tpotexp/tpot2/tpot2/tpot_estimator/estimator.py", line 623, in objective_function
    return objective_function_generator(
  File "/common/ketrong/tpotexp/tpot2/tpot2/tpot_estimator/estimator_utils.py", line 55, in objective_function_generator
    cv_obj_scores = cross_val_score_objective(sklearn.base.clone(pipeline),x,y,scorers=scorers, cv=cv , fold=step)
  File "/common/ketrong/tpotexp/tpot2/tpot2/tpot_estimator/cross_val_utils.py", line 28, in cross_val_score_objective
    this_fold_pipeline.fit(X_train,y_train)
  File "/common/ketrong/tpotexp/env/lib/python3.10/site-packages/sklearn/base.py", line 1473, in wrapper
    return fit_method(estimator, *args, **kwargs)
  File "/common/ketrong/tpotexp/env/lib/python3.10/site-packages/sklearn/pipeline.py", line 473, in fit
    self._final_estimator.fit(Xt, y, **last_step_params["fit"])
  File "/common/ketrong/tpotexp/env/lib/python3.10/site-packages/sklearn/base.py", line 1466, in wrapper
    estimator._validate_params()
  File "/common/ketrong/tpotexp/env/lib/python3.10/site-packages/sklearn/base.py", line 666, in _validate_params
    validate_parameter_constraints(
  File "/common/ketrong/tpotexp/env/lib/python3.10/site-packages/sklearn/utils/_param_validation.py", line 95, in validate_parameter_constraints
    raise InvalidParameterError(
sklearn.utils._param_validation.InvalidParameterError: The 'criterion' parameter of RandomForestRegressor must be a str among {'friedman_mse', 'poisson', 'absolute_error', 'squared_error'}. Got 'mae' instead.

WARNING THIS INDIVIDUAL CAUSED AND EXCEPTION 
 <tpot2.search_spaces.pipelines.sequential.SequentialPipelineIndividual object at 0x155475bb7940> 
 The 'criterion' parameter of RandomForestRegressor must be a str among {'friedman_mse', 'poisson', 'absolute_error', 'squared_error'}. Got 'mse' instead. 
 Traceback (most recent call last):
  File "/common/ketrong/tpotexp/tpot2/tpot2/utils/eval_utils.py", line 53, in objective_nan_wrapper
    value = func_timeout.func_timeout(timeout, objective_function, args=[individual], kwargs=objective_kwargs)
  File "/common/ketrong/tpotexp/env/lib/python3.10/site-packages/func_timeout/dafunc.py", line 108, in func_timeout
    raise_exception(exception)
  File "/common/ketrong/tpotexp/env/lib/python3.10/site-packages/func_timeout/py3_raise.py", line 7, in raise_exception
    raise exception[0] from None
  File "/common/ketrong/tpotexp/tpot2/tpot2/tpot_estimator/estimator.py", line 623, in objective_function
    return objective_function_generator(
  File "/common/ketrong/tpotexp/tpot2/tpot2/tpot_estimator/estimator_utils.py", line 55, in objective_function_generator
    cv_obj_scores = cross_val_score_objective(sklearn.base.clone(pipeline),x,y,scorers=scorers, cv=cv , fold=step)
  File "/common/ketrong/tpotexp/tpot2/tpot2/tpot_estimator/cross_val_utils.py", line 28, in cross_val_score_objective
    this_fold_pipeline.fit(X_train,y_train)
  File "/common/ketrong/tpotexp/env/lib/python3.10/site-packages/sklearn/base.py", line 1473, in wrapper
    return fit_method(estimator, *args, **kwargs)
  File "/common/ketrong/tpotexp/env/lib/python3.10/site-packages/sklearn/pipeline.py", line 473, in fit
    self._final_estimator.fit(Xt, y, **last_step_params["fit"])
  File "/common/ketrong/tpotexp/env/lib/python3.10/site-packages/sklearn/base.py", line 1466, in wrapper
    estimator._validate_params()
  File "/common/ketrong/tpotexp/env/lib/python3.10/site-packages/sklearn/base.py", line 666, in _validate_params
    validate_parameter_constraints(
  File "/common/ketrong/tpotexp/env/lib/python3.10/site-packages/sklearn/utils/_param_validation.py", line 95, in validate_parameter_constraints
    raise InvalidParameterError(
sklearn.utils._param_validation.InvalidParameterError: The 'criterion' parameter of RandomForestRegressor must be a str among {'friedman_mse', 'poisson', 'absolute_error', 'squared_error'}. Got 'mse' instead.

WARNING THIS INDIVIDUAL CAUSED AND EXCEPTION 
 <tpot2.search_spaces.pipelines.sequential.SequentialPipelineIndividual object at 0x155475bab8e0> 
 The 'criterion' parameter of RandomForestRegressor must be a str among {'friedman_mse', 'poisson', 'absolute_error', 'squared_error'}. Got 'mse' instead. 
 Traceback (most recent call last):
  File "/common/ketrong/tpotexp/tpot2/tpot2/utils/eval_utils.py", line 53, in objective_nan_wrapper
    value = func_timeout.func_timeout(timeout, objective_function, args=[individual], kwargs=objective_kwargs)
  File "/common/ketrong/tpotexp/env/lib/python3.10/site-packages/func_timeout/dafunc.py", line 108, in func_timeout
    raise_exception(exception)
  File "/common/ketrong/tpotexp/env/lib/python3.10/site-packages/func_timeout/py3_raise.py", line 7, in raise_exception
    raise exception[0] from None
  File "/common/ketrong/tpotexp/tpot2/tpot2/tpot_estimator/estimator.py", line 623, in objective_function
    return objective_function_generator(
  File "/common/ketrong/tpotexp/tpot2/tpot2/tpot_estimator/estimator_utils.py", line 55, in objective_function_generator
    cv_obj_scores = cross_val_score_objective(sklearn.base.clone(pipeline),x,y,scorers=scorers, cv=cv , fold=step)
  File "/common/ketrong/tpotexp/tpot2/tpot2/tpot_estimator/cross_val_utils.py", line 28, in cross_val_score_objective
    this_fold_pipeline.fit(X_train,y_train)
  File "/common/ketrong/tpotexp/env/lib/python3.10/site-packages/sklearn/base.py", line 1473, in wrapper
    return fit_method(estimator, *args, **kwargs)
  File "/common/ketrong/tpotexp/env/lib/python3.10/site-packages/sklearn/pipeline.py", line 473, in fit
    self._final_estimator.fit(Xt, y, **last_step_params["fit"])
  File "/common/ketrong/tpotexp/env/lib/python3.10/site-packages/sklearn/base.py", line 1466, in wrapper
    estimator._validate_params()
  File "/common/ketrong/tpotexp/env/lib/python3.10/site-packages/sklearn/base.py", line 666, in _validate_params
    validate_parameter_constraints(
  File "/common/ketrong/tpotexp/env/lib/python3.10/site-packages/sklearn/utils/_param_validation.py", line 95, in validate_parameter_constraints
    raise InvalidParameterError(
sklearn.utils._param_validation.InvalidParameterError: The 'criterion' parameter of RandomForestRegressor must be a str among {'friedman_mse', 'poisson', 'absolute_error', 'squared_error'}. Got 'mse' instead.

Generation:  2
Best root_mean_squared_error score: -0.21108309989562696
Generation:   8%|         | 2/25 [01:35<19:04, 49.78s/it]WARNING THIS INDIVIDUAL CAUSED AND EXCEPTION 
 <tpot2.search_spaces.pipelines.sequential.SequentialPipelineIndividual object at 0x155475b475b0> 
 The 'criterion' parameter of RandomForestRegressor must be a str among {'friedman_mse', 'poisson', 'absolute_error', 'squared_error'}. Got 'mse' instead. 
 Traceback (most recent call last):
  File "/common/ketrong/tpotexp/tpot2/tpot2/utils/eval_utils.py", line 53, in objective_nan_wrapper
    value = func_timeout.func_timeout(timeout, objective_function, args=[individual], kwargs=objective_kwargs)
  File "/common/ketrong/tpotexp/env/lib/python3.10/site-packages/func_timeout/dafunc.py", line 108, in func_timeout
    raise_exception(exception)
  File "/common/ketrong/tpotexp/env/lib/python3.10/site-packages/func_timeout/py3_raise.py", line 7, in raise_exception
    raise exception[0] from None
  File "/common/ketrong/tpotexp/tpot2/tpot2/tpot_estimator/estimator.py", line 623, in objective_function
    return objective_function_generator(
  File "/common/ketrong/tpotexp/tpot2/tpot2/tpot_estimator/estimator_utils.py", line 55, in objective_function_generator
    cv_obj_scores = cross_val_score_objective(sklearn.base.clone(pipeline),x,y,scorers=scorers, cv=cv , fold=step)
  File "/common/ketrong/tpotexp/tpot2/tpot2/tpot_estimator/cross_val_utils.py", line 28, in cross_val_score_objective
    this_fold_pipeline.fit(X_train,y_train)
  File "/common/ketrong/tpotexp/env/lib/python3.10/site-packages/sklearn/base.py", line 1473, in wrapper
    return fit_method(estimator, *args, **kwargs)
  File "/common/ketrong/tpotexp/env/lib/python3.10/site-packages/sklearn/pipeline.py", line 473, in fit
    self._final_estimator.fit(Xt, y, **last_step_params["fit"])
  File "/common/ketrong/tpotexp/env/lib/python3.10/site-packages/sklearn/base.py", line 1466, in wrapper
    estimator._validate_params()
  File "/common/ketrong/tpotexp/env/lib/python3.10/site-packages/sklearn/base.py", line 666, in _validate_params
    validate_parameter_constraints(
  File "/common/ketrong/tpotexp/env/lib/python3.10/site-packages/sklearn/utils/_param_validation.py", line 95, in validate_parameter_constraints
    raise InvalidParameterError(
sklearn.utils._param_validation.InvalidParameterError: The 'criterion' parameter of RandomForestRegressor must be a str among {'friedman_mse', 'poisson', 'absolute_error', 'squared_error'}. Got 'mse' instead.

Generation:  3
Best root_mean_squared_error score: -0.21108309989562696
Generation:  12%|        | 3/25 [01:53<12:55, 35.27s/it]WARNING THIS INDIVIDUAL CAUSED AND EXCEPTION 
 <tpot2.search_spaces.pipelines.sequential.SequentialPipelineIndividual object at 0x155475bf3af0> 
 The 'criterion' parameter of RandomForestRegressor must be a str among {'friedman_mse', 'poisson', 'absolute_error', 'squared_error'}. Got 'mse' instead. 
 Traceback (most recent call last):
  File "/common/ketrong/tpotexp/tpot2/tpot2/utils/eval_utils.py", line 53, in objective_nan_wrapper
    value = func_timeout.func_timeout(timeout, objective_function, args=[individual], kwargs=objective_kwargs)
  File "/common/ketrong/tpotexp/env/lib/python3.10/site-packages/func_timeout/dafunc.py", line 108, in func_timeout
    raise_exception(exception)
  File "/common/ketrong/tpotexp/env/lib/python3.10/site-packages/func_timeout/py3_raise.py", line 7, in raise_exception
    raise exception[0] from None
  File "/common/ketrong/tpotexp/tpot2/tpot2/tpot_estimator/estimator.py", line 623, in objective_function
    return objective_function_generator(
  File "/common/ketrong/tpotexp/tpot2/tpot2/tpot_estimator/estimator_utils.py", line 55, in objective_function_generator
    cv_obj_scores = cross_val_score_objective(sklearn.base.clone(pipeline),x,y,scorers=scorers, cv=cv , fold=step)
  File "/common/ketrong/tpotexp/tpot2/tpot2/tpot_estimator/cross_val_utils.py", line 28, in cross_val_score_objective
    this_fold_pipeline.fit(X_train,y_train)
  File "/common/ketrong/tpotexp/env/lib/python3.10/site-packages/sklearn/base.py", line 1473, in wrapper
    return fit_method(estimator, *args, **kwargs)
  File "/common/ketrong/tpotexp/env/lib/python3.10/site-packages/sklearn/pipeline.py", line 473, in fit
    self._final_estimator.fit(Xt, y, **last_step_params["fit"])
  File "/common/ketrong/tpotexp/env/lib/python3.10/site-packages/sklearn/base.py", line 1466, in wrapper
    estimator._validate_params()
  File "/common/ketrong/tpotexp/env/lib/python3.10/site-packages/sklearn/base.py", line 666, in _validate_params
    validate_parameter_constraints(
  File "/common/ketrong/tpotexp/env/lib/python3.10/site-packages/sklearn/utils/_param_validation.py", line 95, in validate_parameter_constraints
    raise InvalidParameterError(
sklearn.utils._param_validation.InvalidParameterError: The 'criterion' parameter of RandomForestRegressor must be a str among {'friedman_mse', 'poisson', 'absolute_error', 'squared_error'}. Got 'mse' instead.

Generation:  4
Best root_mean_squared_error score: -0.20574517456434838
Generation:  16%|        | 4/25 [02:59<16:33, 47.31s/it]WARNING AN INDIVIDUAL TIMED OUT: 
 <tpot2.search_spaces.pipelines.sequential.SequentialPipelineIndividual object at 0x1554751466e0> 

WARNING AN INDIVIDUAL TIMED OUT: 
 <tpot2.search_spaces.pipelines.sequential.SequentialPipelineIndividual object at 0x155475bfbac0> 

Generation:  5
Best root_mean_squared_error score: -0.2047812865040873
Generation:  20%|        | 5/25 [13:02<1:22:35, 247.78s/it]WARNING THIS INDIVIDUAL CAUSED AND EXCEPTION 
 <tpot2.search_spaces.pipelines.sequential.SequentialPipelineIndividual object at 0x155475502e90> 
 The 'criterion' parameter of RandomForestRegressor must be a str among {'friedman_mse', 'poisson', 'absolute_error', 'squared_error'}. Got 'mse' instead. 
 Traceback (most recent call last):
  File "/common/ketrong/tpotexp/tpot2/tpot2/utils/eval_utils.py", line 53, in objective_nan_wrapper
    value = func_timeout.func_timeout(timeout, objective_function, args=[individual], kwargs=objective_kwargs)
  File "/common/ketrong/tpotexp/env/lib/python3.10/site-packages/func_timeout/dafunc.py", line 108, in func_timeout
    raise_exception(exception)
  File "/common/ketrong/tpotexp/env/lib/python3.10/site-packages/func_timeout/py3_raise.py", line 7, in raise_exception
    raise exception[0] from None
  File "/common/ketrong/tpotexp/tpot2/tpot2/tpot_estimator/estimator.py", line 623, in objective_function
    return objective_function_generator(
  File "/common/ketrong/tpotexp/tpot2/tpot2/tpot_estimator/estimator_utils.py", line 55, in objective_function_generator
    cv_obj_scores = cross_val_score_objective(sklearn.base.clone(pipeline),x,y,scorers=scorers, cv=cv , fold=step)
  File "/common/ketrong/tpotexp/tpot2/tpot2/tpot_estimator/cross_val_utils.py", line 28, in cross_val_score_objective
    this_fold_pipeline.fit(X_train,y_train)
  File "/common/ketrong/tpotexp/env/lib/python3.10/site-packages/sklearn/base.py", line 1473, in wrapper
    return fit_method(estimator, *args, **kwargs)
  File "/common/ketrong/tpotexp/env/lib/python3.10/site-packages/sklearn/pipeline.py", line 473, in fit
    self._final_estimator.fit(Xt, y, **last_step_params["fit"])
  File "/common/ketrong/tpotexp/env/lib/python3.10/site-packages/sklearn/base.py", line 1466, in wrapper
    estimator._validate_params()
  File "/common/ketrong/tpotexp/env/lib/python3.10/site-packages/sklearn/base.py", line 666, in _validate_params
    validate_parameter_constraints(
  File "/common/ketrong/tpotexp/env/lib/python3.10/site-packages/sklearn/utils/_param_validation.py", line 95, in validate_parameter_constraints
    raise InvalidParameterError(
sklearn.utils._param_validation.InvalidParameterError: The 'criterion' parameter of RandomForestRegressor must be a str among {'friedman_mse', 'poisson', 'absolute_error', 'squared_error'}. Got 'mse' instead.

Generation:  6
Best root_mean_squared_error score: -0.2047812865040873
Generation:  24%|       | 6/25 [21:39<1:47:28, 339.39s/it]Generation:  7
Best root_mean_squared_error score: -0.2047812865040873
Generation:  28%|       | 7/25 [25:50<1:33:04, 310.26s/it]WARNING THIS INDIVIDUAL CAUSED AND EXCEPTION 
 <tpot2.search_spaces.pipelines.sequential.SequentialPipelineIndividual object at 0x155474f58250> 
 The 'criterion' parameter of RandomForestRegressor must be a str among {'friedman_mse', 'poisson', 'absolute_error', 'squared_error'}. Got 'mse' instead. 
 Traceback (most recent call last):
  File "/common/ketrong/tpotexp/tpot2/tpot2/utils/eval_utils.py", line 53, in objective_nan_wrapper
    value = func_timeout.func_timeout(timeout, objective_function, args=[individual], kwargs=objective_kwargs)
  File "/common/ketrong/tpotexp/env/lib/python3.10/site-packages/func_timeout/dafunc.py", line 108, in func_timeout
    raise_exception(exception)
  File "/common/ketrong/tpotexp/env/lib/python3.10/site-packages/func_timeout/py3_raise.py", line 7, in raise_exception
    raise exception[0] from None
  File "/common/ketrong/tpotexp/tpot2/tpot2/tpot_estimator/estimator.py", line 623, in objective_function
    return objective_function_generator(
  File "/common/ketrong/tpotexp/tpot2/tpot2/tpot_estimator/estimator_utils.py", line 55, in objective_function_generator
    cv_obj_scores = cross_val_score_objective(sklearn.base.clone(pipeline),x,y,scorers=scorers, cv=cv , fold=step)
  File "/common/ketrong/tpotexp/tpot2/tpot2/tpot_estimator/cross_val_utils.py", line 28, in cross_val_score_objective
    this_fold_pipeline.fit(X_train,y_train)
  File "/common/ketrong/tpotexp/env/lib/python3.10/site-packages/sklearn/base.py", line 1473, in wrapper
    return fit_method(estimator, *args, **kwargs)
  File "/common/ketrong/tpotexp/env/lib/python3.10/site-packages/sklearn/pipeline.py", line 473, in fit
    self._final_estimator.fit(Xt, y, **last_step_params["fit"])
  File "/common/ketrong/tpotexp/env/lib/python3.10/site-packages/sklearn/base.py", line 1466, in wrapper
    estimator._validate_params()
  File "/common/ketrong/tpotexp/env/lib/python3.10/site-packages/sklearn/base.py", line 666, in _validate_params
    validate_parameter_constraints(
  File "/common/ketrong/tpotexp/env/lib/python3.10/site-packages/sklearn/utils/_param_validation.py", line 95, in validate_parameter_constraints
    raise InvalidParameterError(
sklearn.utils._param_validation.InvalidParameterError: The 'criterion' parameter of RandomForestRegressor must be a str among {'friedman_mse', 'poisson', 'absolute_error', 'squared_error'}. Got 'mse' instead.

WARNING THIS INDIVIDUAL CAUSED AND EXCEPTION 
 <tpot2.search_spaces.pipelines.sequential.SequentialPipelineIndividual object at 0x155475b43ac0> 
 The 'criterion' parameter of RandomForestRegressor must be a str among {'friedman_mse', 'poisson', 'absolute_error', 'squared_error'}. Got 'mse' instead. 
 Traceback (most recent call last):
  File "/common/ketrong/tpotexp/tpot2/tpot2/utils/eval_utils.py", line 53, in objective_nan_wrapper
    value = func_timeout.func_timeout(timeout, objective_function, args=[individual], kwargs=objective_kwargs)
  File "/common/ketrong/tpotexp/env/lib/python3.10/site-packages/func_timeout/dafunc.py", line 108, in func_timeout
    raise_exception(exception)
  File "/common/ketrong/tpotexp/env/lib/python3.10/site-packages/func_timeout/py3_raise.py", line 7, in raise_exception
    raise exception[0] from None
  File "/common/ketrong/tpotexp/tpot2/tpot2/tpot_estimator/estimator.py", line 623, in objective_function
    return objective_function_generator(
  File "/common/ketrong/tpotexp/tpot2/tpot2/tpot_estimator/estimator_utils.py", line 55, in objective_function_generator
    cv_obj_scores = cross_val_score_objective(sklearn.base.clone(pipeline),x,y,scorers=scorers, cv=cv , fold=step)
  File "/common/ketrong/tpotexp/tpot2/tpot2/tpot_estimator/cross_val_utils.py", line 28, in cross_val_score_objective
    this_fold_pipeline.fit(X_train,y_train)
  File "/common/ketrong/tpotexp/env/lib/python3.10/site-packages/sklearn/base.py", line 1473, in wrapper
    return fit_method(estimator, *args, **kwargs)
  File "/common/ketrong/tpotexp/env/lib/python3.10/site-packages/sklearn/pipeline.py", line 473, in fit
    self._final_estimator.fit(Xt, y, **last_step_params["fit"])
  File "/common/ketrong/tpotexp/env/lib/python3.10/site-packages/sklearn/base.py", line 1466, in wrapper
    estimator._validate_params()
  File "/common/ketrong/tpotexp/env/lib/python3.10/site-packages/sklearn/base.py", line 666, in _validate_params
    validate_parameter_constraints(
  File "/common/ketrong/tpotexp/env/lib/python3.10/site-packages/sklearn/utils/_param_validation.py", line 95, in validate_parameter_constraints
    raise InvalidParameterError(
sklearn.utils._param_validation.InvalidParameterError: The 'criterion' parameter of RandomForestRegressor must be a str among {'friedman_mse', 'poisson', 'absolute_error', 'squared_error'}. Got 'mse' instead.

WARNING AN INDIVIDUAL TIMED OUT: 
 <tpot2.search_spaces.pipelines.sequential.SequentialPipelineIndividual object at 0x155475418d30> 

Generation:  8
Best root_mean_squared_error score: -0.2047812865040873
Generation:  32%|      | 8/25 [35:54<1:54:25, 403.86s/it]WARNING AN INDIVIDUAL TIMED OUT: 
 <tpot2.search_spaces.pipelines.sequential.SequentialPipelineIndividual object at 0x155475b42e30> 

Generation:  9
Best root_mean_squared_error score: -0.2034176500425886
Generation:  36%|      | 9/25 [45:59<2:04:25, 466.61s/it]WARNING THIS INDIVIDUAL CAUSED AND EXCEPTION 
 <tpot2.search_spaces.pipelines.sequential.SequentialPipelineIndividual object at 0x155475151de0> 
 The 'criterion' parameter of ExtraTreesRegressor must be a str among {'friedman_mse', 'poisson', 'absolute_error', 'squared_error'}. Got 'mae' instead. 
 Traceback (most recent call last):
  File "/common/ketrong/tpotexp/tpot2/tpot2/utils/eval_utils.py", line 53, in objective_nan_wrapper
    value = func_timeout.func_timeout(timeout, objective_function, args=[individual], kwargs=objective_kwargs)
  File "/common/ketrong/tpotexp/env/lib/python3.10/site-packages/func_timeout/dafunc.py", line 108, in func_timeout
    raise_exception(exception)
  File "/common/ketrong/tpotexp/env/lib/python3.10/site-packages/func_timeout/py3_raise.py", line 7, in raise_exception
    raise exception[0] from None
  File "/common/ketrong/tpotexp/tpot2/tpot2/tpot_estimator/estimator.py", line 623, in objective_function
    return objective_function_generator(
  File "/common/ketrong/tpotexp/tpot2/tpot2/tpot_estimator/estimator_utils.py", line 55, in objective_function_generator
    cv_obj_scores = cross_val_score_objective(sklearn.base.clone(pipeline),x,y,scorers=scorers, cv=cv , fold=step)
  File "/common/ketrong/tpotexp/tpot2/tpot2/tpot_estimator/cross_val_utils.py", line 28, in cross_val_score_objective
    this_fold_pipeline.fit(X_train,y_train)
  File "/common/ketrong/tpotexp/env/lib/python3.10/site-packages/sklearn/base.py", line 1473, in wrapper
    return fit_method(estimator, *args, **kwargs)
  File "/common/ketrong/tpotexp/env/lib/python3.10/site-packages/sklearn/pipeline.py", line 473, in fit
    self._final_estimator.fit(Xt, y, **last_step_params["fit"])
  File "/common/ketrong/tpotexp/env/lib/python3.10/site-packages/sklearn/base.py", line 1466, in wrapper
    estimator._validate_params()
  File "/common/ketrong/tpotexp/env/lib/python3.10/site-packages/sklearn/base.py", line 666, in _validate_params
    validate_parameter_constraints(
  File "/common/ketrong/tpotexp/env/lib/python3.10/site-packages/sklearn/utils/_param_validation.py", line 95, in validate_parameter_constraints
    raise InvalidParameterError(
sklearn.utils._param_validation.InvalidParameterError: The 'criterion' parameter of ExtraTreesRegressor must be a str among {'friedman_mse', 'poisson', 'absolute_error', 'squared_error'}. Got 'mae' instead.

WARNING AN INDIVIDUAL TIMED OUT: 
 <tpot2.search_spaces.pipelines.sequential.SequentialPipelineIndividual object at 0x155475b46e00> 

WARNING AN INDIVIDUAL TIMED OUT: 
 <tpot2.search_spaces.pipelines.sequential.SequentialPipelineIndividual object at 0x155475bddf60> 

WARNING AN INDIVIDUAL TIMED OUT: 
 <tpot2.search_spaces.pipelines.sequential.SequentialPipelineIndividual object at 0x15547502c220> 

WARNING AN INDIVIDUAL TIMED OUT: 
 <tpot2.search_spaces.pipelines.sequential.SequentialPipelineIndividual object at 0x155475b46560> 

Generation:  10
Best root_mean_squared_error score: -0.2034176500425886
Generation:  40%|      | 10/25 [56:03<2:07:17, 509.17s/it]WARNING THIS INDIVIDUAL CAUSED AND EXCEPTION 
 <tpot2.search_spaces.pipelines.sequential.SequentialPipelineIndividual object at 0x15547549eb60> 
 The 'criterion' parameter of RandomForestRegressor must be a str among {'friedman_mse', 'poisson', 'absolute_error', 'squared_error'}. Got 'mae' instead. 
 Traceback (most recent call last):
  File "/common/ketrong/tpotexp/tpot2/tpot2/utils/eval_utils.py", line 53, in objective_nan_wrapper
    value = func_timeout.func_timeout(timeout, objective_function, args=[individual], kwargs=objective_kwargs)
  File "/common/ketrong/tpotexp/env/lib/python3.10/site-packages/func_timeout/dafunc.py", line 108, in func_timeout
    raise_exception(exception)
  File "/common/ketrong/tpotexp/env/lib/python3.10/site-packages/func_timeout/py3_raise.py", line 7, in raise_exception
    raise exception[0] from None
  File "/common/ketrong/tpotexp/tpot2/tpot2/tpot_estimator/estimator.py", line 623, in objective_function
    return objective_function_generator(
  File "/common/ketrong/tpotexp/tpot2/tpot2/tpot_estimator/estimator_utils.py", line 55, in objective_function_generator
    cv_obj_scores = cross_val_score_objective(sklearn.base.clone(pipeline),x,y,scorers=scorers, cv=cv , fold=step)
  File "/common/ketrong/tpotexp/tpot2/tpot2/tpot_estimator/cross_val_utils.py", line 28, in cross_val_score_objective
    this_fold_pipeline.fit(X_train,y_train)
  File "/common/ketrong/tpotexp/env/lib/python3.10/site-packages/sklearn/base.py", line 1473, in wrapper
    return fit_method(estimator, *args, **kwargs)
  File "/common/ketrong/tpotexp/env/lib/python3.10/site-packages/sklearn/pipeline.py", line 473, in fit
    self._final_estimator.fit(Xt, y, **last_step_params["fit"])
  File "/common/ketrong/tpotexp/env/lib/python3.10/site-packages/sklearn/base.py", line 1466, in wrapper
    estimator._validate_params()
  File "/common/ketrong/tpotexp/env/lib/python3.10/site-packages/sklearn/base.py", line 666, in _validate_params
    validate_parameter_constraints(
  File "/common/ketrong/tpotexp/env/lib/python3.10/site-packages/sklearn/utils/_param_validation.py", line 95, in validate_parameter_constraints
    raise InvalidParameterError(
sklearn.utils._param_validation.InvalidParameterError: The 'criterion' parameter of RandomForestRegressor must be a str among {'friedman_mse', 'poisson', 'absolute_error', 'squared_error'}. Got 'mae' instead.

WARNING THIS INDIVIDUAL CAUSED AND EXCEPTION 
 <tpot2.search_spaces.pipelines.sequential.SequentialPipelineIndividual object at 0x15547501f310> 
 The 'criterion' parameter of ExtraTreesRegressor must be a str among {'friedman_mse', 'poisson', 'absolute_error', 'squared_error'}. Got 'mae' instead. 
 Traceback (most recent call last):
  File "/common/ketrong/tpotexp/tpot2/tpot2/utils/eval_utils.py", line 53, in objective_nan_wrapper
    value = func_timeout.func_timeout(timeout, objective_function, args=[individual], kwargs=objective_kwargs)
  File "/common/ketrong/tpotexp/env/lib/python3.10/site-packages/func_timeout/dafunc.py", line 108, in func_timeout
    raise_exception(exception)
  File "/common/ketrong/tpotexp/env/lib/python3.10/site-packages/func_timeout/py3_raise.py", line 7, in raise_exception
    raise exception[0] from None
  File "/common/ketrong/tpotexp/tpot2/tpot2/tpot_estimator/estimator.py", line 623, in objective_function
    return objective_function_generator(
  File "/common/ketrong/tpotexp/tpot2/tpot2/tpot_estimator/estimator_utils.py", line 55, in objective_function_generator
    cv_obj_scores = cross_val_score_objective(sklearn.base.clone(pipeline),x,y,scorers=scorers, cv=cv , fold=step)
  File "/common/ketrong/tpotexp/tpot2/tpot2/tpot_estimator/cross_val_utils.py", line 28, in cross_val_score_objective
    this_fold_pipeline.fit(X_train,y_train)
  File "/common/ketrong/tpotexp/env/lib/python3.10/site-packages/sklearn/base.py", line 1473, in wrapper
    return fit_method(estimator, *args, **kwargs)
  File "/common/ketrong/tpotexp/env/lib/python3.10/site-packages/sklearn/pipeline.py", line 473, in fit
    self._final_estimator.fit(Xt, y, **last_step_params["fit"])
  File "/common/ketrong/tpotexp/env/lib/python3.10/site-packages/sklearn/base.py", line 1466, in wrapper
    estimator._validate_params()
  File "/common/ketrong/tpotexp/env/lib/python3.10/site-packages/sklearn/base.py", line 666, in _validate_params
    validate_parameter_constraints(
  File "/common/ketrong/tpotexp/env/lib/python3.10/site-packages/sklearn/utils/_param_validation.py", line 95, in validate_parameter_constraints
    raise InvalidParameterError(
sklearn.utils._param_validation.InvalidParameterError: The 'criterion' parameter of ExtraTreesRegressor must be a str among {'friedman_mse', 'poisson', 'absolute_error', 'squared_error'}. Got 'mae' instead.

WARNING THIS INDIVIDUAL CAUSED AND EXCEPTION 
 <tpot2.search_spaces.pipelines.sequential.SequentialPipelineIndividual object at 0x155475b43c40> 
 The 'criterion' parameter of RandomForestRegressor must be a str among {'friedman_mse', 'poisson', 'absolute_error', 'squared_error'}. Got 'mae' instead. 
 Traceback (most recent call last):
  File "/common/ketrong/tpotexp/tpot2/tpot2/utils/eval_utils.py", line 53, in objective_nan_wrapper
    value = func_timeout.func_timeout(timeout, objective_function, args=[individual], kwargs=objective_kwargs)
  File "/common/ketrong/tpotexp/env/lib/python3.10/site-packages/func_timeout/dafunc.py", line 108, in func_timeout
    raise_exception(exception)
  File "/common/ketrong/tpotexp/env/lib/python3.10/site-packages/func_timeout/py3_raise.py", line 7, in raise_exception
    raise exception[0] from None
  File "/common/ketrong/tpotexp/tpot2/tpot2/tpot_estimator/estimator.py", line 623, in objective_function
    return objective_function_generator(
  File "/common/ketrong/tpotexp/tpot2/tpot2/tpot_estimator/estimator_utils.py", line 55, in objective_function_generator
    cv_obj_scores = cross_val_score_objective(sklearn.base.clone(pipeline),x,y,scorers=scorers, cv=cv , fold=step)
  File "/common/ketrong/tpotexp/tpot2/tpot2/tpot_estimator/cross_val_utils.py", line 28, in cross_val_score_objective
    this_fold_pipeline.fit(X_train,y_train)
  File "/common/ketrong/tpotexp/env/lib/python3.10/site-packages/sklearn/base.py", line 1473, in wrapper
    return fit_method(estimator, *args, **kwargs)
  File "/common/ketrong/tpotexp/env/lib/python3.10/site-packages/sklearn/pipeline.py", line 473, in fit
    self._final_estimator.fit(Xt, y, **last_step_params["fit"])
  File "/common/ketrong/tpotexp/env/lib/python3.10/site-packages/sklearn/base.py", line 1466, in wrapper
    estimator._validate_params()
  File "/common/ketrong/tpotexp/env/lib/python3.10/site-packages/sklearn/base.py", line 666, in _validate_params
    validate_parameter_constraints(
  File "/common/ketrong/tpotexp/env/lib/python3.10/site-packages/sklearn/utils/_param_validation.py", line 95, in validate_parameter_constraints
    raise InvalidParameterError(
sklearn.utils._param_validation.InvalidParameterError: The 'criterion' parameter of RandomForestRegressor must be a str among {'friedman_mse', 'poisson', 'absolute_error', 'squared_error'}. Got 'mae' instead.

Generation:  11
Best root_mean_squared_error score: -0.2034176500425886
Generation:  44%|     | 11/25 [59:37<1:37:44, 418.92s/it]Generation:  12
Best root_mean_squared_error score: -0.2034176500425886
Generation:  48%|     | 12/25 [1:03:21<1:17:52, 359.44s/it]WARNING AN INDIVIDUAL TIMED OUT: 
 <tpot2.search_spaces.pipelines.sequential.SequentialPipelineIndividual object at 0x15547500a890> 

WARNING AN INDIVIDUAL TIMED OUT: 
 <tpot2.search_spaces.pipelines.sequential.SequentialPipelineIndividual object at 0x1554754ce530> 

WARNING AN INDIVIDUAL TIMED OUT: 
 <tpot2.search_spaces.pipelines.sequential.SequentialPipelineIndividual object at 0x155475b439d0> 

Generation:  13
Best root_mean_squared_error score: -0.2034176500425886
Generation:  52%|    | 13/25 [1:13:26<1:26:48, 434.02s/it]WARNING THIS INDIVIDUAL CAUSED AND EXCEPTION 
 <tpot2.search_spaces.pipelines.sequential.SequentialPipelineIndividual object at 0x1554750efd60> 
 The 'criterion' parameter of RandomForestRegressor must be a str among {'friedman_mse', 'poisson', 'absolute_error', 'squared_error'}. Got 'mse' instead. 
 Traceback (most recent call last):
  File "/common/ketrong/tpotexp/tpot2/tpot2/utils/eval_utils.py", line 53, in objective_nan_wrapper
    value = func_timeout.func_timeout(timeout, objective_function, args=[individual], kwargs=objective_kwargs)
  File "/common/ketrong/tpotexp/env/lib/python3.10/site-packages/func_timeout/dafunc.py", line 108, in func_timeout
    raise_exception(exception)
  File "/common/ketrong/tpotexp/env/lib/python3.10/site-packages/func_timeout/py3_raise.py", line 7, in raise_exception
    raise exception[0] from None
  File "/common/ketrong/tpotexp/tpot2/tpot2/tpot_estimator/estimator.py", line 623, in objective_function
    return objective_function_generator(
  File "/common/ketrong/tpotexp/tpot2/tpot2/tpot_estimator/estimator_utils.py", line 55, in objective_function_generator
    cv_obj_scores = cross_val_score_objective(sklearn.base.clone(pipeline),x,y,scorers=scorers, cv=cv , fold=step)
  File "/common/ketrong/tpotexp/tpot2/tpot2/tpot_estimator/cross_val_utils.py", line 28, in cross_val_score_objective
    this_fold_pipeline.fit(X_train,y_train)
  File "/common/ketrong/tpotexp/env/lib/python3.10/site-packages/sklearn/base.py", line 1473, in wrapper
    return fit_method(estimator, *args, **kwargs)
  File "/common/ketrong/tpotexp/env/lib/python3.10/site-packages/sklearn/pipeline.py", line 473, in fit
    self._final_estimator.fit(Xt, y, **last_step_params["fit"])
  File "/common/ketrong/tpotexp/env/lib/python3.10/site-packages/sklearn/base.py", line 1466, in wrapper
    estimator._validate_params()
  File "/common/ketrong/tpotexp/env/lib/python3.10/site-packages/sklearn/base.py", line 666, in _validate_params
    validate_parameter_constraints(
  File "/common/ketrong/tpotexp/env/lib/python3.10/site-packages/sklearn/utils/_param_validation.py", line 95, in validate_parameter_constraints
    raise InvalidParameterError(
sklearn.utils._param_validation.InvalidParameterError: The 'criterion' parameter of RandomForestRegressor must be a str among {'friedman_mse', 'poisson', 'absolute_error', 'squared_error'}. Got 'mse' instead.

WARNING AN INDIVIDUAL TIMED OUT: 
 <tpot2.search_spaces.pipelines.sequential.SequentialPipelineIndividual object at 0x155474f3d7b0> 

WARNING AN INDIVIDUAL TIMED OUT: 
 <tpot2.search_spaces.pipelines.sequential.SequentialPipelineIndividual object at 0x155475bb86a0> 

Generation:  14
Best root_mean_squared_error score: -0.2034176500425886
Generation:  56%|    | 14/25 [1:23:31<1:29:02, 485.69s/it]WARNING THIS INDIVIDUAL CAUSED AND EXCEPTION 
 <tpot2.search_spaces.pipelines.sequential.SequentialPipelineIndividual object at 0x155474f892d0> 
 The 'criterion' parameter of ExtraTreesRegressor must be a str among {'friedman_mse', 'poisson', 'absolute_error', 'squared_error'}. Got 'mae' instead. 
 Traceback (most recent call last):
  File "/common/ketrong/tpotexp/tpot2/tpot2/utils/eval_utils.py", line 53, in objective_nan_wrapper
    value = func_timeout.func_timeout(timeout, objective_function, args=[individual], kwargs=objective_kwargs)
  File "/common/ketrong/tpotexp/env/lib/python3.10/site-packages/func_timeout/dafunc.py", line 108, in func_timeout
    raise_exception(exception)
  File "/common/ketrong/tpotexp/env/lib/python3.10/site-packages/func_timeout/py3_raise.py", line 7, in raise_exception
    raise exception[0] from None
  File "/common/ketrong/tpotexp/tpot2/tpot2/tpot_estimator/estimator.py", line 623, in objective_function
    return objective_function_generator(
  File "/common/ketrong/tpotexp/tpot2/tpot2/tpot_estimator/estimator_utils.py", line 55, in objective_function_generator
    cv_obj_scores = cross_val_score_objective(sklearn.base.clone(pipeline),x,y,scorers=scorers, cv=cv , fold=step)
  File "/common/ketrong/tpotexp/tpot2/tpot2/tpot_estimator/cross_val_utils.py", line 28, in cross_val_score_objective
    this_fold_pipeline.fit(X_train,y_train)
  File "/common/ketrong/tpotexp/env/lib/python3.10/site-packages/sklearn/base.py", line 1473, in wrapper
    return fit_method(estimator, *args, **kwargs)
  File "/common/ketrong/tpotexp/env/lib/python3.10/site-packages/sklearn/pipeline.py", line 473, in fit
    self._final_estimator.fit(Xt, y, **last_step_params["fit"])
  File "/common/ketrong/tpotexp/env/lib/python3.10/site-packages/sklearn/base.py", line 1466, in wrapper
    estimator._validate_params()
  File "/common/ketrong/tpotexp/env/lib/python3.10/site-packages/sklearn/base.py", line 666, in _validate_params
    validate_parameter_constraints(
  File "/common/ketrong/tpotexp/env/lib/python3.10/site-packages/sklearn/utils/_param_validation.py", line 95, in validate_parameter_constraints
    raise InvalidParameterError(
sklearn.utils._param_validation.InvalidParameterError: The 'criterion' parameter of ExtraTreesRegressor must be a str among {'friedman_mse', 'poisson', 'absolute_error', 'squared_error'}. Got 'mae' instead.

Generation:  15
Best root_mean_squared_error score: -0.2034176500425886
Generation:  60%|    | 15/25 [1:29:54<1:15:47, 454.75s/it]WARNING THIS INDIVIDUAL CAUSED AND EXCEPTION 
 <tpot2.search_spaces.pipelines.sequential.SequentialPipelineIndividual object at 0x155475b47df0> 
 The 'criterion' parameter of RandomForestRegressor must be a str among {'friedman_mse', 'poisson', 'absolute_error', 'squared_error'}. Got 'mae' instead. 
 Traceback (most recent call last):
  File "/common/ketrong/tpotexp/tpot2/tpot2/utils/eval_utils.py", line 53, in objective_nan_wrapper
    value = func_timeout.func_timeout(timeout, objective_function, args=[individual], kwargs=objective_kwargs)
  File "/common/ketrong/tpotexp/env/lib/python3.10/site-packages/func_timeout/dafunc.py", line 108, in func_timeout
    raise_exception(exception)
  File "/common/ketrong/tpotexp/env/lib/python3.10/site-packages/func_timeout/py3_raise.py", line 7, in raise_exception
    raise exception[0] from None
  File "/common/ketrong/tpotexp/tpot2/tpot2/tpot_estimator/estimator.py", line 623, in objective_function
    return objective_function_generator(
  File "/common/ketrong/tpotexp/tpot2/tpot2/tpot_estimator/estimator_utils.py", line 55, in objective_function_generator
    cv_obj_scores = cross_val_score_objective(sklearn.base.clone(pipeline),x,y,scorers=scorers, cv=cv , fold=step)
  File "/common/ketrong/tpotexp/tpot2/tpot2/tpot_estimator/cross_val_utils.py", line 28, in cross_val_score_objective
    this_fold_pipeline.fit(X_train,y_train)
  File "/common/ketrong/tpotexp/env/lib/python3.10/site-packages/sklearn/base.py", line 1473, in wrapper
    return fit_method(estimator, *args, **kwargs)
  File "/common/ketrong/tpotexp/env/lib/python3.10/site-packages/sklearn/pipeline.py", line 473, in fit
    self._final_estimator.fit(Xt, y, **last_step_params["fit"])
  File "/common/ketrong/tpotexp/env/lib/python3.10/site-packages/sklearn/base.py", line 1466, in wrapper
    estimator._validate_params()
  File "/common/ketrong/tpotexp/env/lib/python3.10/site-packages/sklearn/base.py", line 666, in _validate_params
    validate_parameter_constraints(
  File "/common/ketrong/tpotexp/env/lib/python3.10/site-packages/sklearn/utils/_param_validation.py", line 95, in validate_parameter_constraints
    raise InvalidParameterError(
sklearn.utils._param_validation.InvalidParameterError: The 'criterion' parameter of RandomForestRegressor must be a str among {'friedman_mse', 'poisson', 'absolute_error', 'squared_error'}. Got 'mae' instead.

WARNING AN INDIVIDUAL TIMED OUT: 
 <tpot2.search_spaces.pipelines.sequential.SequentialPipelineIndividual object at 0x155474d78520> 

Generation:  16
Best root_mean_squared_error score: -0.20320706434077054
Generation:  64%|   | 16/25 [1:40:01<1:15:04, 500.47s/it]WARNING AN INDIVIDUAL TIMED OUT: 
 <tpot2.search_spaces.pipelines.sequential.SequentialPipelineIndividual object at 0x1554743ad120> 

Generation:  17
Best root_mean_squared_error score: -0.20320706434077054
Generation:  68%|   | 17/25 [1:50:08<1:10:59, 532.44s/it]WARNING AN INDIVIDUAL TIMED OUT: 
 <tpot2.search_spaces.pipelines.sequential.SequentialPipelineIndividual object at 0x155475b470a0> 

WARNING AN INDIVIDUAL TIMED OUT: 
 <tpot2.search_spaces.pipelines.sequential.SequentialPipelineIndividual object at 0x1554750dc3a0> 

WARNING AN INDIVIDUAL TIMED OUT: 
 <tpot2.search_spaces.pipelines.sequential.SequentialPipelineIndividual object at 0x155474f11180> 

Generation:  18
Best root_mean_squared_error score: -0.20320706434077054
Generation:  72%|  | 18/25 [2:00:14<1:04:42, 554.65s/it]WARNING THIS INDIVIDUAL CAUSED AND EXCEPTION 
 <tpot2.search_spaces.pipelines.sequential.SequentialPipelineIndividual object at 0x155475b47e50> 
 The 'criterion' parameter of RandomForestRegressor must be a str among {'friedman_mse', 'poisson', 'absolute_error', 'squared_error'}. Got 'mae' instead. 
 Traceback (most recent call last):
  File "/common/ketrong/tpotexp/tpot2/tpot2/utils/eval_utils.py", line 53, in objective_nan_wrapper
    value = func_timeout.func_timeout(timeout, objective_function, args=[individual], kwargs=objective_kwargs)
  File "/common/ketrong/tpotexp/env/lib/python3.10/site-packages/func_timeout/dafunc.py", line 108, in func_timeout
    raise_exception(exception)
  File "/common/ketrong/tpotexp/env/lib/python3.10/site-packages/func_timeout/py3_raise.py", line 7, in raise_exception
    raise exception[0] from None
  File "/common/ketrong/tpotexp/tpot2/tpot2/tpot_estimator/estimator.py", line 623, in objective_function
    return objective_function_generator(
  File "/common/ketrong/tpotexp/tpot2/tpot2/tpot_estimator/estimator_utils.py", line 55, in objective_function_generator
    cv_obj_scores = cross_val_score_objective(sklearn.base.clone(pipeline),x,y,scorers=scorers, cv=cv , fold=step)
  File "/common/ketrong/tpotexp/tpot2/tpot2/tpot_estimator/cross_val_utils.py", line 28, in cross_val_score_objective
    this_fold_pipeline.fit(X_train,y_train)
  File "/common/ketrong/tpotexp/env/lib/python3.10/site-packages/sklearn/base.py", line 1473, in wrapper
    return fit_method(estimator, *args, **kwargs)
  File "/common/ketrong/tpotexp/env/lib/python3.10/site-packages/sklearn/pipeline.py", line 473, in fit
    self._final_estimator.fit(Xt, y, **last_step_params["fit"])
  File "/common/ketrong/tpotexp/env/lib/python3.10/site-packages/sklearn/base.py", line 1466, in wrapper
    estimator._validate_params()
  File "/common/ketrong/tpotexp/env/lib/python3.10/site-packages/sklearn/base.py", line 666, in _validate_params
    validate_parameter_constraints(
  File "/common/ketrong/tpotexp/env/lib/python3.10/site-packages/sklearn/utils/_param_validation.py", line 95, in validate_parameter_constraints
    raise InvalidParameterError(
sklearn.utils._param_validation.InvalidParameterError: The 'criterion' parameter of RandomForestRegressor must be a str among {'friedman_mse', 'poisson', 'absolute_error', 'squared_error'}. Got 'mae' instead.

WARNING AN INDIVIDUAL TIMED OUT: 
 <tpot2.search_spaces.pipelines.sequential.SequentialPipelineIndividual object at 0x1554751281c0> 

WARNING AN INDIVIDUAL TIMED OUT: 
 <tpot2.search_spaces.pipelines.sequential.SequentialPipelineIndividual object at 0x15545d844c70> 

WARNING AN INDIVIDUAL TIMED OUT: 
 <tpot2.search_spaces.pipelines.sequential.SequentialPipelineIndividual object at 0x155475bf8a30> 

Generation:  19
Best root_mean_squared_error score: -0.20320706434077054
Generation:  76%|  | 19/25 [2:10:21<57:02, 570.38s/it]  WARNING AN INDIVIDUAL TIMED OUT: 
 <tpot2.search_spaces.pipelines.sequential.SequentialPipelineIndividual object at 0x1554747326b0> 

WARNING AN INDIVIDUAL TIMED OUT: 
 <tpot2.search_spaces.pipelines.sequential.SequentialPipelineIndividual object at 0x155474f13430> 

WARNING AN INDIVIDUAL TIMED OUT: 
 <tpot2.search_spaces.pipelines.sequential.SequentialPipelineIndividual object at 0x15547549ff40> 

WARNING AN INDIVIDUAL TIMED OUT: 
 <tpot2.search_spaces.pipelines.sequential.SequentialPipelineIndividual object at 0x155475bfb940> 

Generation:  20
Best root_mean_squared_error score: -0.20320706434077054
Generation:  80%|  | 20/25 [2:20:28<48:27, 581.43s/it]WARNING THIS INDIVIDUAL CAUSED AND EXCEPTION 
 <tpot2.search_spaces.pipelines.sequential.SequentialPipelineIndividual object at 0x155474a23c40> 
 The 'criterion' parameter of ExtraTreesRegressor must be a str among {'friedman_mse', 'poisson', 'absolute_error', 'squared_error'}. Got 'mae' instead. 
 Traceback (most recent call last):
  File "/common/ketrong/tpotexp/tpot2/tpot2/utils/eval_utils.py", line 53, in objective_nan_wrapper
    value = func_timeout.func_timeout(timeout, objective_function, args=[individual], kwargs=objective_kwargs)
  File "/common/ketrong/tpotexp/env/lib/python3.10/site-packages/func_timeout/dafunc.py", line 108, in func_timeout
    raise_exception(exception)
  File "/common/ketrong/tpotexp/env/lib/python3.10/site-packages/func_timeout/py3_raise.py", line 7, in raise_exception
    raise exception[0] from None
  File "/common/ketrong/tpotexp/tpot2/tpot2/tpot_estimator/estimator.py", line 623, in objective_function
    return objective_function_generator(
  File "/common/ketrong/tpotexp/tpot2/tpot2/tpot_estimator/estimator_utils.py", line 55, in objective_function_generator
    cv_obj_scores = cross_val_score_objective(sklearn.base.clone(pipeline),x,y,scorers=scorers, cv=cv , fold=step)
  File "/common/ketrong/tpotexp/tpot2/tpot2/tpot_estimator/cross_val_utils.py", line 28, in cross_val_score_objective
    this_fold_pipeline.fit(X_train,y_train)
  File "/common/ketrong/tpotexp/env/lib/python3.10/site-packages/sklearn/base.py", line 1473, in wrapper
    return fit_method(estimator, *args, **kwargs)
  File "/common/ketrong/tpotexp/env/lib/python3.10/site-packages/sklearn/pipeline.py", line 473, in fit
    self._final_estimator.fit(Xt, y, **last_step_params["fit"])
  File "/common/ketrong/tpotexp/env/lib/python3.10/site-packages/sklearn/base.py", line 1466, in wrapper
    estimator._validate_params()
  File "/common/ketrong/tpotexp/env/lib/python3.10/site-packages/sklearn/base.py", line 666, in _validate_params
    validate_parameter_constraints(
  File "/common/ketrong/tpotexp/env/lib/python3.10/site-packages/sklearn/utils/_param_validation.py", line 95, in validate_parameter_constraints
    raise InvalidParameterError(
sklearn.utils._param_validation.InvalidParameterError: The 'criterion' parameter of ExtraTreesRegressor must be a str among {'friedman_mse', 'poisson', 'absolute_error', 'squared_error'}. Got 'mae' instead.

Generation:  21
Best root_mean_squared_error score: -0.20320706434077054
Generation:  84%| | 21/25 [2:29:03<37:25, 561.32s/it]WARNING THIS INDIVIDUAL CAUSED AND EXCEPTION 
 <tpot2.search_spaces.pipelines.sequential.SequentialPipelineIndividual object at 0x155474e62500> 
 The 'criterion' parameter of ExtraTreesRegressor must be a str among {'friedman_mse', 'poisson', 'absolute_error', 'squared_error'}. Got 'mae' instead. 
 Traceback (most recent call last):
  File "/common/ketrong/tpotexp/tpot2/tpot2/utils/eval_utils.py", line 53, in objective_nan_wrapper
    value = func_timeout.func_timeout(timeout, objective_function, args=[individual], kwargs=objective_kwargs)
  File "/common/ketrong/tpotexp/env/lib/python3.10/site-packages/func_timeout/dafunc.py", line 108, in func_timeout
    raise_exception(exception)
  File "/common/ketrong/tpotexp/env/lib/python3.10/site-packages/func_timeout/py3_raise.py", line 7, in raise_exception
    raise exception[0] from None
  File "/common/ketrong/tpotexp/tpot2/tpot2/tpot_estimator/estimator.py", line 623, in objective_function
    return objective_function_generator(
  File "/common/ketrong/tpotexp/tpot2/tpot2/tpot_estimator/estimator_utils.py", line 55, in objective_function_generator
    cv_obj_scores = cross_val_score_objective(sklearn.base.clone(pipeline),x,y,scorers=scorers, cv=cv , fold=step)
  File "/common/ketrong/tpotexp/tpot2/tpot2/tpot_estimator/cross_val_utils.py", line 28, in cross_val_score_objective
    this_fold_pipeline.fit(X_train,y_train)
  File "/common/ketrong/tpotexp/env/lib/python3.10/site-packages/sklearn/base.py", line 1473, in wrapper
    return fit_method(estimator, *args, **kwargs)
  File "/common/ketrong/tpotexp/env/lib/python3.10/site-packages/sklearn/pipeline.py", line 473, in fit
    self._final_estimator.fit(Xt, y, **last_step_params["fit"])
  File "/common/ketrong/tpotexp/env/lib/python3.10/site-packages/sklearn/base.py", line 1466, in wrapper
    estimator._validate_params()
  File "/common/ketrong/tpotexp/env/lib/python3.10/site-packages/sklearn/base.py", line 666, in _validate_params
    validate_parameter_constraints(
  File "/common/ketrong/tpotexp/env/lib/python3.10/site-packages/sklearn/utils/_param_validation.py", line 95, in validate_parameter_constraints
    raise InvalidParameterError(
sklearn.utils._param_validation.InvalidParameterError: The 'criterion' parameter of ExtraTreesRegressor must be a str among {'friedman_mse', 'poisson', 'absolute_error', 'squared_error'}. Got 'mae' instead.

Generation:  22
Best root_mean_squared_error score: -0.20320706434077054
Generation:  88%| | 22/25 [2:36:48<26:37, 532.37s/it]Generation:  23
Best root_mean_squared_error score: -0.20280749380987287
Generation:  92%|| 23/25 [2:46:17<18:06, 543.40s/it]WARNING AN INDIVIDUAL TIMED OUT: 
 <tpot2.search_spaces.pipelines.sequential.SequentialPipelineIndividual object at 0x155474ac2b30> 

Generation:  24
Best root_mean_squared_error score: -0.20280749380987287
Generation:  96%|| 24/25 [2:56:25<09:22, 562.72s/it]WARNING THIS INDIVIDUAL CAUSED AND EXCEPTION 
 <tpot2.search_spaces.pipelines.sequential.SequentialPipelineIndividual object at 0x155475bfe1a0> 
 The 'criterion' parameter of RandomForestRegressor must be a str among {'friedman_mse', 'poisson', 'absolute_error', 'squared_error'}. Got 'mse' instead. 
 Traceback (most recent call last):
  File "/common/ketrong/tpotexp/tpot2/tpot2/utils/eval_utils.py", line 53, in objective_nan_wrapper
    value = func_timeout.func_timeout(timeout, objective_function, args=[individual], kwargs=objective_kwargs)
  File "/common/ketrong/tpotexp/env/lib/python3.10/site-packages/func_timeout/dafunc.py", line 108, in func_timeout
    raise_exception(exception)
  File "/common/ketrong/tpotexp/env/lib/python3.10/site-packages/func_timeout/py3_raise.py", line 7, in raise_exception
    raise exception[0] from None
  File "/common/ketrong/tpotexp/tpot2/tpot2/tpot_estimator/estimator.py", line 623, in objective_function
    return objective_function_generator(
  File "/common/ketrong/tpotexp/tpot2/tpot2/tpot_estimator/estimator_utils.py", line 55, in objective_function_generator
    cv_obj_scores = cross_val_score_objective(sklearn.base.clone(pipeline),x,y,scorers=scorers, cv=cv , fold=step)
  File "/common/ketrong/tpotexp/tpot2/tpot2/tpot_estimator/cross_val_utils.py", line 28, in cross_val_score_objective
    this_fold_pipeline.fit(X_train,y_train)
  File "/common/ketrong/tpotexp/env/lib/python3.10/site-packages/sklearn/base.py", line 1473, in wrapper
    return fit_method(estimator, *args, **kwargs)
  File "/common/ketrong/tpotexp/env/lib/python3.10/site-packages/sklearn/pipeline.py", line 473, in fit
    self._final_estimator.fit(Xt, y, **last_step_params["fit"])
  File "/common/ketrong/tpotexp/env/lib/python3.10/site-packages/sklearn/base.py", line 1466, in wrapper
    estimator._validate_params()
  File "/common/ketrong/tpotexp/env/lib/python3.10/site-packages/sklearn/base.py", line 666, in _validate_params
    validate_parameter_constraints(
  File "/common/ketrong/tpotexp/env/lib/python3.10/site-packages/sklearn/utils/_param_validation.py", line 95, in validate_parameter_constraints
    raise InvalidParameterError(
sklearn.utils._param_validation.InvalidParameterError: The 'criterion' parameter of RandomForestRegressor must be a str among {'friedman_mse', 'poisson', 'absolute_error', 'squared_error'}. Got 'mse' instead.

Generation:  25
Best root_mean_squared_error score: -0.20280749380987287
Generation: 100%|| 25/25 [3:01:08<00:00, 478.78s/it]Generation: 100%|| 25/25 [3:01:10<00:00, 434.81s/it]
2024-08-18 15:45:34,998 - distributed.scheduler - ERROR - Removing worker 'tcp://127.0.0.1:35619' caused the cluster to lose scattered data, which can't be recovered: {'DataFrame-8935dc55fc97c81f90ad822f93252d86', 'ndarray-a00d90e78b77964152094804e1034836'} (stimulus_id='handle-worker-cleanup-1724021134.9986622')
Fitted
Pipeline(steps=[('mlpregressor',
                 MLPRegressor(alpha=0.013009741653, early_stopping=True,
                              hidden_layer_sizes=[447, 447],
                              learning_rate='invscaling',
                              learning_rate_init=0.0003307571464,
                              n_iter_no_change=32))])
score start
train score: {'explained_var': 0.470718992987738, 'r2': 0.46815856933228994, 'rmse': 0.1926457358137339}
original test score: {'explained_var': 0.7507992213888955, 'r2': 0.7507990913833303, 'rmse': 0.1289941014812897}
imputed test score: {'explained_var': 0.4961786967485633, 'r2': 0.49502151115009796, 'rmse': 0.18362486106315856}
score end
check intended
EXP2 Finished
running experiment 3/3 - What is the best automl settings?
<tpot2.search_spaces.pipelines.sequential.SequentialPipeline object at 0x155424fd7220>
Start tpot fit
  0%|          | 0/25 [00:00<?, ?it/s]Generation:   0%|          | 0/25 [00:00<?, ?it/s]WARNING THIS INDIVIDUAL CAUSED AND EXCEPTION 
 <tpot2.search_spaces.pipelines.sequential.SequentialPipelineIndividual object at 0x155475b41de0> 
 The 'criterion' parameter of DecisionTreeRegressor must be a str among {'friedman_mse', 'poisson', 'absolute_error', 'squared_error'}. Got 'mae' instead. 
 Traceback (most recent call last):
  File "/common/ketrong/tpotexp/tpot2/tpot2/utils/eval_utils.py", line 53, in objective_nan_wrapper
    value = func_timeout.func_timeout(timeout, objective_function, args=[individual], kwargs=objective_kwargs)
  File "/common/ketrong/tpotexp/env/lib/python3.10/site-packages/func_timeout/dafunc.py", line 108, in func_timeout
    raise_exception(exception)
  File "/common/ketrong/tpotexp/env/lib/python3.10/site-packages/func_timeout/py3_raise.py", line 7, in raise_exception
    raise exception[0] from None
  File "/common/ketrong/tpotexp/tpot2/tpot2/tpot_estimator/estimator.py", line 623, in objective_function
    return objective_function_generator(
  File "/common/ketrong/tpotexp/tpot2/tpot2/tpot_estimator/estimator_utils.py", line 55, in objective_function_generator
    cv_obj_scores = cross_val_score_objective(sklearn.base.clone(pipeline),x,y,scorers=scorers, cv=cv , fold=step)
  File "/common/ketrong/tpotexp/tpot2/tpot2/tpot_estimator/cross_val_utils.py", line 28, in cross_val_score_objective
    this_fold_pipeline.fit(X_train,y_train)
  File "/common/ketrong/tpotexp/env/lib/python3.10/site-packages/sklearn/base.py", line 1473, in wrapper
    return fit_method(estimator, *args, **kwargs)
  File "/common/ketrong/tpotexp/env/lib/python3.10/site-packages/sklearn/pipeline.py", line 473, in fit
    self._final_estimator.fit(Xt, y, **last_step_params["fit"])
  File "/common/ketrong/tpotexp/env/lib/python3.10/site-packages/sklearn/base.py", line 1466, in wrapper
    estimator._validate_params()
  File "/common/ketrong/tpotexp/env/lib/python3.10/site-packages/sklearn/base.py", line 666, in _validate_params
    validate_parameter_constraints(
  File "/common/ketrong/tpotexp/env/lib/python3.10/site-packages/sklearn/utils/_param_validation.py", line 95, in validate_parameter_constraints
    raise InvalidParameterError(
sklearn.utils._param_validation.InvalidParameterError: The 'criterion' parameter of DecisionTreeRegressor must be a str among {'friedman_mse', 'poisson', 'absolute_error', 'squared_error'}. Got 'mae' instead.

WARNING THIS INDIVIDUAL CAUSED AND EXCEPTION 
 <tpot2.search_spaces.pipelines.sequential.SequentialPipelineIndividual object at 0x155475bc8220> 
 The 'criterion' parameter of ExtraTreesRegressor must be a str among {'friedman_mse', 'poisson', 'absolute_error', 'squared_error'}. Got 'mae' instead. 
 Traceback (most recent call last):
  File "/common/ketrong/tpotexp/tpot2/tpot2/utils/eval_utils.py", line 53, in objective_nan_wrapper
    value = func_timeout.func_timeout(timeout, objective_function, args=[individual], kwargs=objective_kwargs)
  File "/common/ketrong/tpotexp/env/lib/python3.10/site-packages/func_timeout/dafunc.py", line 108, in func_timeout
    raise_exception(exception)
  File "/common/ketrong/tpotexp/env/lib/python3.10/site-packages/func_timeout/py3_raise.py", line 7, in raise_exception
    raise exception[0] from None
  File "/common/ketrong/tpotexp/tpot2/tpot2/tpot_estimator/estimator.py", line 623, in objective_function
    return objective_function_generator(
  File "/common/ketrong/tpotexp/tpot2/tpot2/tpot_estimator/estimator_utils.py", line 55, in objective_function_generator
    cv_obj_scores = cross_val_score_objective(sklearn.base.clone(pipeline),x,y,scorers=scorers, cv=cv , fold=step)
  File "/common/ketrong/tpotexp/tpot2/tpot2/tpot_estimator/cross_val_utils.py", line 28, in cross_val_score_objective
    this_fold_pipeline.fit(X_train,y_train)
  File "/common/ketrong/tpotexp/env/lib/python3.10/site-packages/sklearn/base.py", line 1473, in wrapper
    return fit_method(estimator, *args, **kwargs)
  File "/common/ketrong/tpotexp/env/lib/python3.10/site-packages/sklearn/pipeline.py", line 473, in fit
    self._final_estimator.fit(Xt, y, **last_step_params["fit"])
  File "/common/ketrong/tpotexp/env/lib/python3.10/site-packages/sklearn/base.py", line 1466, in wrapper
    estimator._validate_params()
  File "/common/ketrong/tpotexp/env/lib/python3.10/site-packages/sklearn/base.py", line 666, in _validate_params
    validate_parameter_constraints(
  File "/common/ketrong/tpotexp/env/lib/python3.10/site-packages/sklearn/utils/_param_validation.py", line 95, in validate_parameter_constraints
    raise InvalidParameterError(
sklearn.utils._param_validation.InvalidParameterError: The 'criterion' parameter of ExtraTreesRegressor must be a str among {'friedman_mse', 'poisson', 'absolute_error', 'squared_error'}. Got 'mae' instead.

corrupted size vs. prev_size
2024-08-18 15:49:54,513 - distributed.nanny - WARNING - Restarting worker
corrupted size vs. prev_size
2024-08-18 15:53:58,138 - distributed.scheduler - ERROR - Task eval_objective_list-f4da80d4a5dfcccdd7e2686bec5da26b marked as failed because 2 workers died while trying to run it
Exception in future
Attempted to run task 'eval_objective_list-f4da80d4a5dfcccdd7e2686bec5da26b' on 2 different workers, but all those workers died while running it. The last worker that attempt to run the task was tcp://127.0.0.1:42515. Inspecting worker logs is often a good next step to diagnose what went wrong. For more information see https://distributed.dask.org/en/stable/killed.html.
2024-08-18 15:53:58,143 - distributed.nanny - WARNING - Restarting worker
WARNING AN INDIVIDUAL TIMED OUT: 
 <tpot2.search_spaces.pipelines.sequential.SequentialPipelineIndividual object at 0x155475b47010> 

Generation:  1
Best root_mean_squared_error score: -0.2167943553194398
Generation:   4%|         | 1/25 [10:00<4:00:17, 600.72s/it]WARNING THIS INDIVIDUAL CAUSED AND EXCEPTION 
 <tpot2.search_spaces.pipelines.sequential.SequentialPipelineIndividual object at 0x155475c010f0> 
 Input X contains NaN.
MLPRegressor does not accept missing values encoded as NaN natively. For supervised learning, you might want to consider sklearn.ensemble.HistGradientBoostingClassifier and Regressor which accept missing values encoded as NaNs natively. Alternatively, it is possible to preprocess the data, for instance by using an imputer transformer in a pipeline or drop samples with missing values. See https://scikit-learn.org/stable/modules/impute.html You can find a list of all estimators that handle NaN values at the following page: https://scikit-learn.org/stable/modules/impute.html#estimators-that-handle-nan-values 
 Traceback (most recent call last):
  File "/common/ketrong/tpotexp/tpot2/tpot2/utils/eval_utils.py", line 53, in objective_nan_wrapper
    value = func_timeout.func_timeout(timeout, objective_function, args=[individual], kwargs=objective_kwargs)
  File "/common/ketrong/tpotexp/env/lib/python3.10/site-packages/func_timeout/dafunc.py", line 108, in func_timeout
    raise_exception(exception)
  File "/common/ketrong/tpotexp/env/lib/python3.10/site-packages/func_timeout/py3_raise.py", line 7, in raise_exception
    raise exception[0] from None
  File "/common/ketrong/tpotexp/tpot2/tpot2/tpot_estimator/estimator.py", line 623, in objective_function
    return objective_function_generator(
  File "/common/ketrong/tpotexp/tpot2/tpot2/tpot_estimator/estimator_utils.py", line 55, in objective_function_generator
    cv_obj_scores = cross_val_score_objective(sklearn.base.clone(pipeline),x,y,scorers=scorers, cv=cv , fold=step)
  File "/common/ketrong/tpotexp/tpot2/tpot2/tpot_estimator/cross_val_utils.py", line 28, in cross_val_score_objective
    this_fold_pipeline.fit(X_train,y_train)
  File "/common/ketrong/tpotexp/env/lib/python3.10/site-packages/sklearn/base.py", line 1473, in wrapper
    return fit_method(estimator, *args, **kwargs)
  File "/common/ketrong/tpotexp/env/lib/python3.10/site-packages/sklearn/pipeline.py", line 473, in fit
    self._final_estimator.fit(Xt, y, **last_step_params["fit"])
  File "/common/ketrong/tpotexp/env/lib/python3.10/site-packages/sklearn/base.py", line 1473, in wrapper
    return fit_method(estimator, *args, **kwargs)
  File "/common/ketrong/tpotexp/env/lib/python3.10/site-packages/sklearn/neural_network/_multilayer_perceptron.py", line 751, in fit
    return self._fit(X, y, incremental=False)
  File "/common/ketrong/tpotexp/env/lib/python3.10/site-packages/sklearn/neural_network/_multilayer_perceptron.py", line 441, in _fit
    X, y = self._validate_input(X, y, incremental, reset=first_pass)
  File "/common/ketrong/tpotexp/env/lib/python3.10/site-packages/sklearn/neural_network/_multilayer_perceptron.py", line 1621, in _validate_input
    X, y = self._validate_data(
  File "/common/ketrong/tpotexp/env/lib/python3.10/site-packages/sklearn/base.py", line 650, in _validate_data
    X, y = check_X_y(X, y, **check_params)
  File "/common/ketrong/tpotexp/env/lib/python3.10/site-packages/sklearn/utils/validation.py", line 1301, in check_X_y
    X = check_array(
  File "/common/ketrong/tpotexp/env/lib/python3.10/site-packages/sklearn/utils/validation.py", line 1064, in check_array
    _assert_all_finite(
  File "/common/ketrong/tpotexp/env/lib/python3.10/site-packages/sklearn/utils/validation.py", line 123, in _assert_all_finite
    _assert_all_finite_element_wise(
  File "/common/ketrong/tpotexp/env/lib/python3.10/site-packages/sklearn/utils/validation.py", line 172, in _assert_all_finite_element_wise
    raise ValueError(msg_err)
ValueError: Input X contains NaN.
MLPRegressor does not accept missing values encoded as NaN natively. For supervised learning, you might want to consider sklearn.ensemble.HistGradientBoostingClassifier and Regressor which accept missing values encoded as NaNs natively. Alternatively, it is possible to preprocess the data, for instance by using an imputer transformer in a pipeline or drop samples with missing values. See https://scikit-learn.org/stable/modules/impute.html You can find a list of all estimators that handle NaN values at the following page: https://scikit-learn.org/stable/modules/impute.html#estimators-that-handle-nan-values

Generation:  2
Best root_mean_squared_error score: -0.20596418147132156
Generation:   8%|         | 2/25 [14:15<2:32:18, 397.33s/it]WARNING THIS INDIVIDUAL CAUSED AND EXCEPTION 
 <tpot2.search_spaces.pipelines.sequential.SequentialPipelineIndividual object at 0x155475bcd660> 
 The 'criterion' parameter of DecisionTreeRegressor must be a str among {'friedman_mse', 'poisson', 'absolute_error', 'squared_error'}. Got 'mae' instead. 
 Traceback (most recent call last):
  File "/common/ketrong/tpotexp/tpot2/tpot2/utils/eval_utils.py", line 53, in objective_nan_wrapper
    value = func_timeout.func_timeout(timeout, objective_function, args=[individual], kwargs=objective_kwargs)
  File "/common/ketrong/tpotexp/env/lib/python3.10/site-packages/func_timeout/dafunc.py", line 108, in func_timeout
    raise_exception(exception)
  File "/common/ketrong/tpotexp/env/lib/python3.10/site-packages/func_timeout/py3_raise.py", line 7, in raise_exception
    raise exception[0] from None
  File "/common/ketrong/tpotexp/tpot2/tpot2/tpot_estimator/estimator.py", line 623, in objective_function
    return objective_function_generator(
  File "/common/ketrong/tpotexp/tpot2/tpot2/tpot_estimator/estimator_utils.py", line 55, in objective_function_generator
    cv_obj_scores = cross_val_score_objective(sklearn.base.clone(pipeline),x,y,scorers=scorers, cv=cv , fold=step)
  File "/common/ketrong/tpotexp/tpot2/tpot2/tpot_estimator/cross_val_utils.py", line 28, in cross_val_score_objective
    this_fold_pipeline.fit(X_train,y_train)
  File "/common/ketrong/tpotexp/env/lib/python3.10/site-packages/sklearn/base.py", line 1473, in wrapper
    return fit_method(estimator, *args, **kwargs)
  File "/common/ketrong/tpotexp/env/lib/python3.10/site-packages/sklearn/pipeline.py", line 473, in fit
    self._final_estimator.fit(Xt, y, **last_step_params["fit"])
  File "/common/ketrong/tpotexp/env/lib/python3.10/site-packages/sklearn/base.py", line 1466, in wrapper
    estimator._validate_params()
  File "/common/ketrong/tpotexp/env/lib/python3.10/site-packages/sklearn/base.py", line 666, in _validate_params
    validate_parameter_constraints(
  File "/common/ketrong/tpotexp/env/lib/python3.10/site-packages/sklearn/utils/_param_validation.py", line 95, in validate_parameter_constraints
    raise InvalidParameterError(
sklearn.utils._param_validation.InvalidParameterError: The 'criterion' parameter of DecisionTreeRegressor must be a str among {'friedman_mse', 'poisson', 'absolute_error', 'squared_error'}. Got 'mae' instead.

Generation:  3
Best root_mean_squared_error score: -0.2050183781036735
Generation:  12%|        | 3/25 [17:15<1:49:19, 298.18s/it]WARNING THIS INDIVIDUAL CAUSED AND EXCEPTION 
 <tpot2.search_spaces.pipelines.sequential.SequentialPipelineIndividual object at 0x1554752be800> 
 The 'criterion' parameter of ExtraTreesRegressor must be a str among {'friedman_mse', 'poisson', 'absolute_error', 'squared_error'}. Got 'mae' instead. 
 Traceback (most recent call last):
  File "/common/ketrong/tpotexp/tpot2/tpot2/utils/eval_utils.py", line 53, in objective_nan_wrapper
    value = func_timeout.func_timeout(timeout, objective_function, args=[individual], kwargs=objective_kwargs)
  File "/common/ketrong/tpotexp/env/lib/python3.10/site-packages/func_timeout/dafunc.py", line 108, in func_timeout
    raise_exception(exception)
  File "/common/ketrong/tpotexp/env/lib/python3.10/site-packages/func_timeout/py3_raise.py", line 7, in raise_exception
    raise exception[0] from None
  File "/common/ketrong/tpotexp/tpot2/tpot2/tpot_estimator/estimator.py", line 623, in objective_function
    return objective_function_generator(
  File "/common/ketrong/tpotexp/tpot2/tpot2/tpot_estimator/estimator_utils.py", line 55, in objective_function_generator
    cv_obj_scores = cross_val_score_objective(sklearn.base.clone(pipeline),x,y,scorers=scorers, cv=cv , fold=step)
  File "/common/ketrong/tpotexp/tpot2/tpot2/tpot_estimator/cross_val_utils.py", line 28, in cross_val_score_objective
    this_fold_pipeline.fit(X_train,y_train)
  File "/common/ketrong/tpotexp/env/lib/python3.10/site-packages/sklearn/base.py", line 1473, in wrapper
    return fit_method(estimator, *args, **kwargs)
  File "/common/ketrong/tpotexp/env/lib/python3.10/site-packages/sklearn/pipeline.py", line 473, in fit
    self._final_estimator.fit(Xt, y, **last_step_params["fit"])
  File "/common/ketrong/tpotexp/env/lib/python3.10/site-packages/sklearn/base.py", line 1466, in wrapper
    estimator._validate_params()
  File "/common/ketrong/tpotexp/env/lib/python3.10/site-packages/sklearn/base.py", line 666, in _validate_params
    validate_parameter_constraints(
  File "/common/ketrong/tpotexp/env/lib/python3.10/site-packages/sklearn/utils/_param_validation.py", line 95, in validate_parameter_constraints
    raise InvalidParameterError(
sklearn.utils._param_validation.InvalidParameterError: The 'criterion' parameter of ExtraTreesRegressor must be a str among {'friedman_mse', 'poisson', 'absolute_error', 'squared_error'}. Got 'mae' instead.

WARNING AN INDIVIDUAL TIMED OUT: 
 <tpot2.search_spaces.pipelines.sequential.SequentialPipelineIndividual object at 0x155475b438b0> 

Generation:  4
Best root_mean_squared_error score: -0.2042103073586056
Generation:  16%|        | 4/25 [27:17<2:26:20, 418.10s/it]WARNING THIS INDIVIDUAL CAUSED AND EXCEPTION 
 <tpot2.search_spaces.pipelines.sequential.SequentialPipelineIndividual object at 0x1554752fbe20> 
 The 'criterion' parameter of RandomForestRegressor must be a str among {'friedman_mse', 'poisson', 'absolute_error', 'squared_error'}. Got 'mse' instead. 
 Traceback (most recent call last):
  File "/common/ketrong/tpotexp/tpot2/tpot2/utils/eval_utils.py", line 53, in objective_nan_wrapper
    value = func_timeout.func_timeout(timeout, objective_function, args=[individual], kwargs=objective_kwargs)
  File "/common/ketrong/tpotexp/env/lib/python3.10/site-packages/func_timeout/dafunc.py", line 108, in func_timeout
    raise_exception(exception)
  File "/common/ketrong/tpotexp/env/lib/python3.10/site-packages/func_timeout/py3_raise.py", line 7, in raise_exception
    raise exception[0] from None
  File "/common/ketrong/tpotexp/tpot2/tpot2/tpot_estimator/estimator.py", line 623, in objective_function
    return objective_function_generator(
  File "/common/ketrong/tpotexp/tpot2/tpot2/tpot_estimator/estimator_utils.py", line 55, in objective_function_generator
    cv_obj_scores = cross_val_score_objective(sklearn.base.clone(pipeline),x,y,scorers=scorers, cv=cv , fold=step)
  File "/common/ketrong/tpotexp/tpot2/tpot2/tpot_estimator/cross_val_utils.py", line 28, in cross_val_score_objective
    this_fold_pipeline.fit(X_train,y_train)
  File "/common/ketrong/tpotexp/env/lib/python3.10/site-packages/sklearn/base.py", line 1473, in wrapper
    return fit_method(estimator, *args, **kwargs)
  File "/common/ketrong/tpotexp/env/lib/python3.10/site-packages/sklearn/pipeline.py", line 473, in fit
    self._final_estimator.fit(Xt, y, **last_step_params["fit"])
  File "/common/ketrong/tpotexp/env/lib/python3.10/site-packages/sklearn/base.py", line 1466, in wrapper
    estimator._validate_params()
  File "/common/ketrong/tpotexp/env/lib/python3.10/site-packages/sklearn/base.py", line 666, in _validate_params
    validate_parameter_constraints(
  File "/common/ketrong/tpotexp/env/lib/python3.10/site-packages/sklearn/utils/_param_validation.py", line 95, in validate_parameter_constraints
    raise InvalidParameterError(
sklearn.utils._param_validation.InvalidParameterError: The 'criterion' parameter of RandomForestRegressor must be a str among {'friedman_mse', 'poisson', 'absolute_error', 'squared_error'}. Got 'mse' instead.

WARNING AN INDIVIDUAL TIMED OUT: 
 <tpot2.search_spaces.pipelines.sequential.SequentialPipelineIndividual object at 0x155475b42dd0> 

WARNING AN INDIVIDUAL TIMED OUT: 
 <tpot2.search_spaces.pipelines.sequential.SequentialPipelineIndividual object at 0x155457e81c60> 

Generation:  5
Best root_mean_squared_error score: -0.20340890009163476
Generation:  20%|        | 5/25 [37:20<2:41:36, 484.85s/it]WARNING AN INDIVIDUAL TIMED OUT: 
 <tpot2.search_spaces.pipelines.sequential.SequentialPipelineIndividual object at 0x155474e7f400> 

Generation:  6
Best root_mean_squared_error score: -0.20340890009163476
Generation:  24%|       | 6/25 [47:22<2:46:07, 524.58s/it]WARNING THIS INDIVIDUAL CAUSED AND EXCEPTION 
 <tpot2.search_spaces.pipelines.sequential.SequentialPipelineIndividual object at 0x15545829ebc0> 
 Input X contains NaN.
MLPRegressor does not accept missing values encoded as NaN natively. For supervised learning, you might want to consider sklearn.ensemble.HistGradientBoostingClassifier and Regressor which accept missing values encoded as NaNs natively. Alternatively, it is possible to preprocess the data, for instance by using an imputer transformer in a pipeline or drop samples with missing values. See https://scikit-learn.org/stable/modules/impute.html You can find a list of all estimators that handle NaN values at the following page: https://scikit-learn.org/stable/modules/impute.html#estimators-that-handle-nan-values 
 Traceback (most recent call last):
  File "/common/ketrong/tpotexp/tpot2/tpot2/utils/eval_utils.py", line 53, in objective_nan_wrapper
    value = func_timeout.func_timeout(timeout, objective_function, args=[individual], kwargs=objective_kwargs)
  File "/common/ketrong/tpotexp/env/lib/python3.10/site-packages/func_timeout/dafunc.py", line 108, in func_timeout
    raise_exception(exception)
  File "/common/ketrong/tpotexp/env/lib/python3.10/site-packages/func_timeout/py3_raise.py", line 7, in raise_exception
    raise exception[0] from None
  File "/common/ketrong/tpotexp/tpot2/tpot2/tpot_estimator/estimator.py", line 623, in objective_function
    return objective_function_generator(
  File "/common/ketrong/tpotexp/tpot2/tpot2/tpot_estimator/estimator_utils.py", line 55, in objective_function_generator
    cv_obj_scores = cross_val_score_objective(sklearn.base.clone(pipeline),x,y,scorers=scorers, cv=cv , fold=step)
  File "/common/ketrong/tpotexp/tpot2/tpot2/tpot_estimator/cross_val_utils.py", line 28, in cross_val_score_objective
    this_fold_pipeline.fit(X_train,y_train)
  File "/common/ketrong/tpotexp/env/lib/python3.10/site-packages/sklearn/base.py", line 1473, in wrapper
    return fit_method(estimator, *args, **kwargs)
  File "/common/ketrong/tpotexp/env/lib/python3.10/site-packages/sklearn/pipeline.py", line 473, in fit
    self._final_estimator.fit(Xt, y, **last_step_params["fit"])
  File "/common/ketrong/tpotexp/env/lib/python3.10/site-packages/sklearn/base.py", line 1473, in wrapper
    return fit_method(estimator, *args, **kwargs)
  File "/common/ketrong/tpotexp/env/lib/python3.10/site-packages/sklearn/neural_network/_multilayer_perceptron.py", line 751, in fit
    return self._fit(X, y, incremental=False)
  File "/common/ketrong/tpotexp/env/lib/python3.10/site-packages/sklearn/neural_network/_multilayer_perceptron.py", line 441, in _fit
    X, y = self._validate_input(X, y, incremental, reset=first_pass)
  File "/common/ketrong/tpotexp/env/lib/python3.10/site-packages/sklearn/neural_network/_multilayer_perceptron.py", line 1621, in _validate_input
    X, y = self._validate_data(
  File "/common/ketrong/tpotexp/env/lib/python3.10/site-packages/sklearn/base.py", line 650, in _validate_data
    X, y = check_X_y(X, y, **check_params)
  File "/common/ketrong/tpotexp/env/lib/python3.10/site-packages/sklearn/utils/validation.py", line 1301, in check_X_y
    X = check_array(
  File "/common/ketrong/tpotexp/env/lib/python3.10/site-packages/sklearn/utils/validation.py", line 1064, in check_array
    _assert_all_finite(
  File "/common/ketrong/tpotexp/env/lib/python3.10/site-packages/sklearn/utils/validation.py", line 123, in _assert_all_finite
    _assert_all_finite_element_wise(
  File "/common/ketrong/tpotexp/env/lib/python3.10/site-packages/sklearn/utils/validation.py", line 172, in _assert_all_finite_element_wise
    raise ValueError(msg_err)
ValueError: Input X contains NaN.
MLPRegressor does not accept missing values encoded as NaN natively. For supervised learning, you might want to consider sklearn.ensemble.HistGradientBoostingClassifier and Regressor which accept missing values encoded as NaNs natively. Alternatively, it is possible to preprocess the data, for instance by using an imputer transformer in a pipeline or drop samples with missing values. See https://scikit-learn.org/stable/modules/impute.html You can find a list of all estimators that handle NaN values at the following page: https://scikit-learn.org/stable/modules/impute.html#estimators-that-handle-nan-values

WARNING AN INDIVIDUAL TIMED OUT: 
 <tpot2.search_spaces.pipelines.sequential.SequentialPipelineIndividual object at 0x155474e88460> 

Generation:  7
Best root_mean_squared_error score: -0.20337784466809997
Generation:  28%|       | 7/25 [57:25<2:45:00, 550.00s/it]WARNING THIS INDIVIDUAL CAUSED AND EXCEPTION 
 <tpot2.search_spaces.pipelines.sequential.SequentialPipelineIndividual object at 0x155475bcb7c0> 
 The 'criterion' parameter of RandomForestRegressor must be a str among {'friedman_mse', 'poisson', 'absolute_error', 'squared_error'}. Got 'mse' instead. 
 Traceback (most recent call last):
  File "/common/ketrong/tpotexp/tpot2/tpot2/utils/eval_utils.py", line 53, in objective_nan_wrapper
    value = func_timeout.func_timeout(timeout, objective_function, args=[individual], kwargs=objective_kwargs)
  File "/common/ketrong/tpotexp/env/lib/python3.10/site-packages/func_timeout/dafunc.py", line 108, in func_timeout
    raise_exception(exception)
  File "/common/ketrong/tpotexp/env/lib/python3.10/site-packages/func_timeout/py3_raise.py", line 7, in raise_exception
    raise exception[0] from None
  File "/common/ketrong/tpotexp/tpot2/tpot2/tpot_estimator/estimator.py", line 623, in objective_function
    return objective_function_generator(
  File "/common/ketrong/tpotexp/tpot2/tpot2/tpot_estimator/estimator_utils.py", line 55, in objective_function_generator
    cv_obj_scores = cross_val_score_objective(sklearn.base.clone(pipeline),x,y,scorers=scorers, cv=cv , fold=step)
  File "/common/ketrong/tpotexp/tpot2/tpot2/tpot_estimator/cross_val_utils.py", line 28, in cross_val_score_objective
    this_fold_pipeline.fit(X_train,y_train)
  File "/common/ketrong/tpotexp/env/lib/python3.10/site-packages/sklearn/base.py", line 1473, in wrapper
    return fit_method(estimator, *args, **kwargs)
  File "/common/ketrong/tpotexp/env/lib/python3.10/site-packages/sklearn/pipeline.py", line 473, in fit
    self._final_estimator.fit(Xt, y, **last_step_params["fit"])
  File "/common/ketrong/tpotexp/env/lib/python3.10/site-packages/sklearn/base.py", line 1466, in wrapper
    estimator._validate_params()
  File "/common/ketrong/tpotexp/env/lib/python3.10/site-packages/sklearn/base.py", line 666, in _validate_params
    validate_parameter_constraints(
  File "/common/ketrong/tpotexp/env/lib/python3.10/site-packages/sklearn/utils/_param_validation.py", line 95, in validate_parameter_constraints
    raise InvalidParameterError(
sklearn.utils._param_validation.InvalidParameterError: The 'criterion' parameter of RandomForestRegressor must be a str among {'friedman_mse', 'poisson', 'absolute_error', 'squared_error'}. Got 'mse' instead.

WARNING THIS INDIVIDUAL CAUSED AND EXCEPTION 
 <tpot2.search_spaces.pipelines.sequential.SequentialPipelineIndividual object at 0x155474d04310> 
 Input X contains NaN.
MLPRegressor does not accept missing values encoded as NaN natively. For supervised learning, you might want to consider sklearn.ensemble.HistGradientBoostingClassifier and Regressor which accept missing values encoded as NaNs natively. Alternatively, it is possible to preprocess the data, for instance by using an imputer transformer in a pipeline or drop samples with missing values. See https://scikit-learn.org/stable/modules/impute.html You can find a list of all estimators that handle NaN values at the following page: https://scikit-learn.org/stable/modules/impute.html#estimators-that-handle-nan-values 
 Traceback (most recent call last):
  File "/common/ketrong/tpotexp/tpot2/tpot2/utils/eval_utils.py", line 53, in objective_nan_wrapper
    value = func_timeout.func_timeout(timeout, objective_function, args=[individual], kwargs=objective_kwargs)
  File "/common/ketrong/tpotexp/env/lib/python3.10/site-packages/func_timeout/dafunc.py", line 108, in func_timeout
    raise_exception(exception)
  File "/common/ketrong/tpotexp/env/lib/python3.10/site-packages/func_timeout/py3_raise.py", line 7, in raise_exception
    raise exception[0] from None
  File "/common/ketrong/tpotexp/tpot2/tpot2/tpot_estimator/estimator.py", line 623, in objective_function
    return objective_function_generator(
  File "/common/ketrong/tpotexp/tpot2/tpot2/tpot_estimator/estimator_utils.py", line 55, in objective_function_generator
    cv_obj_scores = cross_val_score_objective(sklearn.base.clone(pipeline),x,y,scorers=scorers, cv=cv , fold=step)
  File "/common/ketrong/tpotexp/tpot2/tpot2/tpot_estimator/cross_val_utils.py", line 28, in cross_val_score_objective
    this_fold_pipeline.fit(X_train,y_train)
  File "/common/ketrong/tpotexp/env/lib/python3.10/site-packages/sklearn/base.py", line 1473, in wrapper
    return fit_method(estimator, *args, **kwargs)
  File "/common/ketrong/tpotexp/env/lib/python3.10/site-packages/sklearn/pipeline.py", line 473, in fit
    self._final_estimator.fit(Xt, y, **last_step_params["fit"])
  File "/common/ketrong/tpotexp/env/lib/python3.10/site-packages/sklearn/base.py", line 1473, in wrapper
    return fit_method(estimator, *args, **kwargs)
  File "/common/ketrong/tpotexp/env/lib/python3.10/site-packages/sklearn/neural_network/_multilayer_perceptron.py", line 751, in fit
    return self._fit(X, y, incremental=False)
  File "/common/ketrong/tpotexp/env/lib/python3.10/site-packages/sklearn/neural_network/_multilayer_perceptron.py", line 441, in _fit
    X, y = self._validate_input(X, y, incremental, reset=first_pass)
  File "/common/ketrong/tpotexp/env/lib/python3.10/site-packages/sklearn/neural_network/_multilayer_perceptron.py", line 1621, in _validate_input
    X, y = self._validate_data(
  File "/common/ketrong/tpotexp/env/lib/python3.10/site-packages/sklearn/base.py", line 650, in _validate_data
    X, y = check_X_y(X, y, **check_params)
  File "/common/ketrong/tpotexp/env/lib/python3.10/site-packages/sklearn/utils/validation.py", line 1301, in check_X_y
    X = check_array(
  File "/common/ketrong/tpotexp/env/lib/python3.10/site-packages/sklearn/utils/validation.py", line 1064, in check_array
    _assert_all_finite(
  File "/common/ketrong/tpotexp/env/lib/python3.10/site-packages/sklearn/utils/validation.py", line 123, in _assert_all_finite
    _assert_all_finite_element_wise(
  File "/common/ketrong/tpotexp/env/lib/python3.10/site-packages/sklearn/utils/validation.py", line 172, in _assert_all_finite_element_wise
    raise ValueError(msg_err)
ValueError: Input X contains NaN.
MLPRegressor does not accept missing values encoded as NaN natively. For supervised learning, you might want to consider sklearn.ensemble.HistGradientBoostingClassifier and Regressor which accept missing values encoded as NaNs natively. Alternatively, it is possible to preprocess the data, for instance by using an imputer transformer in a pipeline or drop samples with missing values. See https://scikit-learn.org/stable/modules/impute.html You can find a list of all estimators that handle NaN values at the following page: https://scikit-learn.org/stable/modules/impute.html#estimators-that-handle-nan-values

Generation:  8
Best root_mean_squared_error score: -0.20324209224082831
Generation:  32%|      | 8/25 [1:00:38<2:03:42, 436.60s/it]WARNING THIS INDIVIDUAL CAUSED AND EXCEPTION 
 <tpot2.search_spaces.pipelines.sequential.SequentialPipelineIndividual object at 0x155475bcb7f0> 
 The 'criterion' parameter of RandomForestRegressor must be a str among {'friedman_mse', 'poisson', 'absolute_error', 'squared_error'}. Got 'mse' instead. 
 Traceback (most recent call last):
  File "/common/ketrong/tpotexp/tpot2/tpot2/utils/eval_utils.py", line 53, in objective_nan_wrapper
    value = func_timeout.func_timeout(timeout, objective_function, args=[individual], kwargs=objective_kwargs)
  File "/common/ketrong/tpotexp/env/lib/python3.10/site-packages/func_timeout/dafunc.py", line 108, in func_timeout
    raise_exception(exception)
  File "/common/ketrong/tpotexp/env/lib/python3.10/site-packages/func_timeout/py3_raise.py", line 7, in raise_exception
    raise exception[0] from None
  File "/common/ketrong/tpotexp/tpot2/tpot2/tpot_estimator/estimator.py", line 623, in objective_function
    return objective_function_generator(
  File "/common/ketrong/tpotexp/tpot2/tpot2/tpot_estimator/estimator_utils.py", line 55, in objective_function_generator
    cv_obj_scores = cross_val_score_objective(sklearn.base.clone(pipeline),x,y,scorers=scorers, cv=cv , fold=step)
  File "/common/ketrong/tpotexp/tpot2/tpot2/tpot_estimator/cross_val_utils.py", line 28, in cross_val_score_objective
    this_fold_pipeline.fit(X_train,y_train)
  File "/common/ketrong/tpotexp/env/lib/python3.10/site-packages/sklearn/base.py", line 1473, in wrapper
    return fit_method(estimator, *args, **kwargs)
  File "/common/ketrong/tpotexp/env/lib/python3.10/site-packages/sklearn/pipeline.py", line 473, in fit
    self._final_estimator.fit(Xt, y, **last_step_params["fit"])
  File "/common/ketrong/tpotexp/env/lib/python3.10/site-packages/sklearn/base.py", line 1466, in wrapper
    estimator._validate_params()
  File "/common/ketrong/tpotexp/env/lib/python3.10/site-packages/sklearn/base.py", line 666, in _validate_params
    validate_parameter_constraints(
  File "/common/ketrong/tpotexp/env/lib/python3.10/site-packages/sklearn/utils/_param_validation.py", line 95, in validate_parameter_constraints
    raise InvalidParameterError(
sklearn.utils._param_validation.InvalidParameterError: The 'criterion' parameter of RandomForestRegressor must be a str among {'friedman_mse', 'poisson', 'absolute_error', 'squared_error'}. Got 'mse' instead.

WARNING AN INDIVIDUAL TIMED OUT: 
 <tpot2.search_spaces.pipelines.sequential.SequentialPipelineIndividual object at 0x155474ecfa90> 

Generation:  9
Best root_mean_squared_error score: -0.2030857901130263
Generation:  36%|      | 9/25 [1:10:40<2:10:13, 488.35s/it]WARNING AN INDIVIDUAL TIMED OUT: 
 <tpot2.search_spaces.pipelines.sequential.SequentialPipelineIndividual object at 0x1553de2557e0> 

Generation:  10
Best root_mean_squared_error score: -0.2030857901130263
Generation:  40%|      | 10/25 [1:20:44<2:10:58, 523.93s/it]WARNING AN INDIVIDUAL TIMED OUT: 
 <tpot2.search_spaces.pipelines.sequential.SequentialPipelineIndividual object at 0x15547546c5e0> 

Generation:  11
Best root_mean_squared_error score: -0.2027365135156499
Generation:  44%|     | 11/25 [1:30:46<2:07:47, 547.70s/it]WARNING THIS INDIVIDUAL CAUSED AND EXCEPTION 
 <tpot2.search_spaces.pipelines.sequential.SequentialPipelineIndividual object at 0x155475c03550> 
 The 'criterion' parameter of RandomForestRegressor must be a str among {'friedman_mse', 'poisson', 'absolute_error', 'squared_error'}. Got 'mse' instead. 
 Traceback (most recent call last):
  File "/common/ketrong/tpotexp/tpot2/tpot2/utils/eval_utils.py", line 53, in objective_nan_wrapper
    value = func_timeout.func_timeout(timeout, objective_function, args=[individual], kwargs=objective_kwargs)
  File "/common/ketrong/tpotexp/env/lib/python3.10/site-packages/func_timeout/dafunc.py", line 108, in func_timeout
    raise_exception(exception)
  File "/common/ketrong/tpotexp/env/lib/python3.10/site-packages/func_timeout/py3_raise.py", line 7, in raise_exception
    raise exception[0] from None
  File "/common/ketrong/tpotexp/tpot2/tpot2/tpot_estimator/estimator.py", line 623, in objective_function
    return objective_function_generator(
  File "/common/ketrong/tpotexp/tpot2/tpot2/tpot_estimator/estimator_utils.py", line 55, in objective_function_generator
    cv_obj_scores = cross_val_score_objective(sklearn.base.clone(pipeline),x,y,scorers=scorers, cv=cv , fold=step)
  File "/common/ketrong/tpotexp/tpot2/tpot2/tpot_estimator/cross_val_utils.py", line 28, in cross_val_score_objective
    this_fold_pipeline.fit(X_train,y_train)
  File "/common/ketrong/tpotexp/env/lib/python3.10/site-packages/sklearn/base.py", line 1473, in wrapper
    return fit_method(estimator, *args, **kwargs)
  File "/common/ketrong/tpotexp/env/lib/python3.10/site-packages/sklearn/pipeline.py", line 473, in fit
    self._final_estimator.fit(Xt, y, **last_step_params["fit"])
  File "/common/ketrong/tpotexp/env/lib/python3.10/site-packages/sklearn/base.py", line 1466, in wrapper
    estimator._validate_params()
  File "/common/ketrong/tpotexp/env/lib/python3.10/site-packages/sklearn/base.py", line 666, in _validate_params
    validate_parameter_constraints(
  File "/common/ketrong/tpotexp/env/lib/python3.10/site-packages/sklearn/utils/_param_validation.py", line 95, in validate_parameter_constraints
    raise InvalidParameterError(
sklearn.utils._param_validation.InvalidParameterError: The 'criterion' parameter of RandomForestRegressor must be a str among {'friedman_mse', 'poisson', 'absolute_error', 'squared_error'}. Got 'mse' instead.

WARNING AN INDIVIDUAL TIMED OUT: 
 <tpot2.search_spaces.pipelines.sequential.SequentialPipelineIndividual object at 0x155459e79870> 

Generation:  12
Best root_mean_squared_error score: -0.2027365135156499
Generation:  48%|     | 12/25 [1:40:48<2:02:16, 564.32s/it]WARNING AN INDIVIDUAL TIMED OUT: 
 <tpot2.search_spaces.pipelines.sequential.SequentialPipelineIndividual object at 0x155457f90ca0> 

WARNING AN INDIVIDUAL TIMED OUT: 
 <tpot2.search_spaces.pipelines.sequential.SequentialPipelineIndividual object at 0x1554741fc760> 

WARNING AN INDIVIDUAL TIMED OUT: 
 <tpot2.search_spaces.pipelines.sequential.SequentialPipelineIndividual object at 0x155475bd9c00> 

WARNING AN INDIVIDUAL TIMED OUT: 
 <tpot2.search_spaces.pipelines.sequential.SequentialPipelineIndividual object at 0x155457f09780> 

Generation:  13
Best root_mean_squared_error score: -0.2027365135156499
Generation:  52%|    | 13/25 [1:50:52<1:55:14, 576.22s/it]WARNING AN INDIVIDUAL TIMED OUT: 
 <tpot2.search_spaces.pipelines.sequential.SequentialPipelineIndividual object at 0x1554579aab60> 

Generation:  14
Best root_mean_squared_error score: -0.2027365135156499
Generation:  56%|    | 14/25 [2:00:54<1:47:05, 584.13s/it]WARNING AN INDIVIDUAL TIMED OUT: 
 <tpot2.search_spaces.pipelines.sequential.SequentialPipelineIndividual object at 0x155474723bb0> 

Generation:  15
Best root_mean_squared_error score: -0.2027365135156499
Generation:  60%|    | 15/25 [2:10:58<1:38:21, 590.18s/it]WARNING THIS INDIVIDUAL CAUSED AND EXCEPTION 
 <tpot2.search_spaces.pipelines.sequential.SequentialPipelineIndividual object at 0x155474a64190> 
 Input X contains NaN.
MLPRegressor does not accept missing values encoded as NaN natively. For supervised learning, you might want to consider sklearn.ensemble.HistGradientBoostingClassifier and Regressor which accept missing values encoded as NaNs natively. Alternatively, it is possible to preprocess the data, for instance by using an imputer transformer in a pipeline or drop samples with missing values. See https://scikit-learn.org/stable/modules/impute.html You can find a list of all estimators that handle NaN values at the following page: https://scikit-learn.org/stable/modules/impute.html#estimators-that-handle-nan-values 
 Traceback (most recent call last):
  File "/common/ketrong/tpotexp/tpot2/tpot2/utils/eval_utils.py", line 53, in objective_nan_wrapper
    value = func_timeout.func_timeout(timeout, objective_function, args=[individual], kwargs=objective_kwargs)
  File "/common/ketrong/tpotexp/env/lib/python3.10/site-packages/func_timeout/dafunc.py", line 108, in func_timeout
    raise_exception(exception)
  File "/common/ketrong/tpotexp/env/lib/python3.10/site-packages/func_timeout/py3_raise.py", line 7, in raise_exception
    raise exception[0] from None
  File "/common/ketrong/tpotexp/tpot2/tpot2/tpot_estimator/estimator.py", line 623, in objective_function
    return objective_function_generator(
  File "/common/ketrong/tpotexp/tpot2/tpot2/tpot_estimator/estimator_utils.py", line 55, in objective_function_generator
    cv_obj_scores = cross_val_score_objective(sklearn.base.clone(pipeline),x,y,scorers=scorers, cv=cv , fold=step)
  File "/common/ketrong/tpotexp/tpot2/tpot2/tpot_estimator/cross_val_utils.py", line 28, in cross_val_score_objective
    this_fold_pipeline.fit(X_train,y_train)
  File "/common/ketrong/tpotexp/env/lib/python3.10/site-packages/sklearn/base.py", line 1473, in wrapper
    return fit_method(estimator, *args, **kwargs)
  File "/common/ketrong/tpotexp/env/lib/python3.10/site-packages/sklearn/pipeline.py", line 473, in fit
    self._final_estimator.fit(Xt, y, **last_step_params["fit"])
  File "/common/ketrong/tpotexp/env/lib/python3.10/site-packages/sklearn/base.py", line 1473, in wrapper
    return fit_method(estimator, *args, **kwargs)
  File "/common/ketrong/tpotexp/env/lib/python3.10/site-packages/sklearn/neural_network/_multilayer_perceptron.py", line 751, in fit
    return self._fit(X, y, incremental=False)
  File "/common/ketrong/tpotexp/env/lib/python3.10/site-packages/sklearn/neural_network/_multilayer_perceptron.py", line 441, in _fit
    X, y = self._validate_input(X, y, incremental, reset=first_pass)
  File "/common/ketrong/tpotexp/env/lib/python3.10/site-packages/sklearn/neural_network/_multilayer_perceptron.py", line 1621, in _validate_input
    X, y = self._validate_data(
  File "/common/ketrong/tpotexp/env/lib/python3.10/site-packages/sklearn/base.py", line 650, in _validate_data
    X, y = check_X_y(X, y, **check_params)
  File "/common/ketrong/tpotexp/env/lib/python3.10/site-packages/sklearn/utils/validation.py", line 1301, in check_X_y
    X = check_array(
  File "/common/ketrong/tpotexp/env/lib/python3.10/site-packages/sklearn/utils/validation.py", line 1064, in check_array
    _assert_all_finite(
  File "/common/ketrong/tpotexp/env/lib/python3.10/site-packages/sklearn/utils/validation.py", line 123, in _assert_all_finite
    _assert_all_finite_element_wise(
  File "/common/ketrong/tpotexp/env/lib/python3.10/site-packages/sklearn/utils/validation.py", line 172, in _assert_all_finite_element_wise
    raise ValueError(msg_err)
ValueError: Input X contains NaN.
MLPRegressor does not accept missing values encoded as NaN natively. For supervised learning, you might want to consider sklearn.ensemble.HistGradientBoostingClassifier and Regressor which accept missing values encoded as NaNs natively. Alternatively, it is possible to preprocess the data, for instance by using an imputer transformer in a pipeline or drop samples with missing values. See https://scikit-learn.org/stable/modules/impute.html You can find a list of all estimators that handle NaN values at the following page: https://scikit-learn.org/stable/modules/impute.html#estimators-that-handle-nan-values

Generation:  16
Best root_mean_squared_error score: -0.2027365135156499
Generation:  64%|   | 16/25 [2:15:07<1:13:06, 487.41s/it]WARNING AN INDIVIDUAL TIMED OUT: 
 <tpot2.search_spaces.pipelines.sequential.SequentialPipelineIndividual object at 0x1554749af7f0> 

WARNING AN INDIVIDUAL TIMED OUT: 
 <tpot2.search_spaces.pipelines.sequential.SequentialPipelineIndividual object at 0x1554752bfd90> 

Generation:  17
Best root_mean_squared_error score: -0.2027365135156499
Generation:  68%|   | 17/25 [2:25:10<1:09:37, 522.25s/it]WARNING AN INDIVIDUAL TIMED OUT: 
 <tpot2.search_spaces.pipelines.sequential.SequentialPipelineIndividual object at 0x155475c03fa0> 

WARNING AN INDIVIDUAL TIMED OUT: 
 <tpot2.search_spaces.pipelines.sequential.SequentialPipelineIndividual object at 0x1554754f44f0> 

Generation:  18
Best root_mean_squared_error score: -0.2027365135156499
Generation:  72%|  | 18/25 [2:35:14<1:03:47, 546.79s/it]WARNING THIS INDIVIDUAL CAUSED AND EXCEPTION 
 <tpot2.search_spaces.pipelines.sequential.SequentialPipelineIndividual object at 0x155475bb6650> 
 The 'criterion' parameter of ExtraTreesRegressor must be a str among {'friedman_mse', 'poisson', 'absolute_error', 'squared_error'}. Got 'mae' instead. 
 Traceback (most recent call last):
  File "/common/ketrong/tpotexp/tpot2/tpot2/utils/eval_utils.py", line 53, in objective_nan_wrapper
    value = func_timeout.func_timeout(timeout, objective_function, args=[individual], kwargs=objective_kwargs)
  File "/common/ketrong/tpotexp/env/lib/python3.10/site-packages/func_timeout/dafunc.py", line 108, in func_timeout
    raise_exception(exception)
  File "/common/ketrong/tpotexp/env/lib/python3.10/site-packages/func_timeout/py3_raise.py", line 7, in raise_exception
    raise exception[0] from None
  File "/common/ketrong/tpotexp/tpot2/tpot2/tpot_estimator/estimator.py", line 623, in objective_function
    return objective_function_generator(
  File "/common/ketrong/tpotexp/tpot2/tpot2/tpot_estimator/estimator_utils.py", line 55, in objective_function_generator
    cv_obj_scores = cross_val_score_objective(sklearn.base.clone(pipeline),x,y,scorers=scorers, cv=cv , fold=step)
  File "/common/ketrong/tpotexp/tpot2/tpot2/tpot_estimator/cross_val_utils.py", line 28, in cross_val_score_objective
    this_fold_pipeline.fit(X_train,y_train)
  File "/common/ketrong/tpotexp/env/lib/python3.10/site-packages/sklearn/base.py", line 1473, in wrapper
    return fit_method(estimator, *args, **kwargs)
  File "/common/ketrong/tpotexp/env/lib/python3.10/site-packages/sklearn/pipeline.py", line 473, in fit
    self._final_estimator.fit(Xt, y, **last_step_params["fit"])
  File "/common/ketrong/tpotexp/env/lib/python3.10/site-packages/sklearn/base.py", line 1466, in wrapper
    estimator._validate_params()
  File "/common/ketrong/tpotexp/env/lib/python3.10/site-packages/sklearn/base.py", line 666, in _validate_params
    validate_parameter_constraints(
  File "/common/ketrong/tpotexp/env/lib/python3.10/site-packages/sklearn/utils/_param_validation.py", line 95, in validate_parameter_constraints
    raise InvalidParameterError(
sklearn.utils._param_validation.InvalidParameterError: The 'criterion' parameter of ExtraTreesRegressor must be a str among {'friedman_mse', 'poisson', 'absolute_error', 'squared_error'}. Got 'mae' instead.

WARNING AN INDIVIDUAL TIMED OUT: 
 <tpot2.search_spaces.pipelines.sequential.SequentialPipelineIndividual object at 0x1554745570a0> 

WARNING AN INDIVIDUAL TIMED OUT: 
 <tpot2.search_spaces.pipelines.sequential.SequentialPipelineIndividual object at 0x155458282aa0> 

Generation:  19
Best root_mean_squared_error score: -0.2027365135156499
Generation:  76%|  | 19/25 [2:45:17<56:21, 563.64s/it]  WARNING THIS INDIVIDUAL CAUSED AND EXCEPTION 
 <tpot2.search_spaces.pipelines.sequential.SequentialPipelineIndividual object at 0x155475bcc550> 
 The 'criterion' parameter of RandomForestRegressor must be a str among {'friedman_mse', 'poisson', 'absolute_error', 'squared_error'}. Got 'mae' instead. 
 Traceback (most recent call last):
  File "/common/ketrong/tpotexp/tpot2/tpot2/utils/eval_utils.py", line 53, in objective_nan_wrapper
    value = func_timeout.func_timeout(timeout, objective_function, args=[individual], kwargs=objective_kwargs)
  File "/common/ketrong/tpotexp/env/lib/python3.10/site-packages/func_timeout/dafunc.py", line 108, in func_timeout
    raise_exception(exception)
  File "/common/ketrong/tpotexp/env/lib/python3.10/site-packages/func_timeout/py3_raise.py", line 7, in raise_exception
    raise exception[0] from None
  File "/common/ketrong/tpotexp/tpot2/tpot2/tpot_estimator/estimator.py", line 623, in objective_function
    return objective_function_generator(
  File "/common/ketrong/tpotexp/tpot2/tpot2/tpot_estimator/estimator_utils.py", line 55, in objective_function_generator
    cv_obj_scores = cross_val_score_objective(sklearn.base.clone(pipeline),x,y,scorers=scorers, cv=cv , fold=step)
  File "/common/ketrong/tpotexp/tpot2/tpot2/tpot_estimator/cross_val_utils.py", line 28, in cross_val_score_objective
    this_fold_pipeline.fit(X_train,y_train)
  File "/common/ketrong/tpotexp/env/lib/python3.10/site-packages/sklearn/base.py", line 1473, in wrapper
    return fit_method(estimator, *args, **kwargs)
  File "/common/ketrong/tpotexp/env/lib/python3.10/site-packages/sklearn/pipeline.py", line 473, in fit
    self._final_estimator.fit(Xt, y, **last_step_params["fit"])
  File "/common/ketrong/tpotexp/env/lib/python3.10/site-packages/sklearn/base.py", line 1466, in wrapper
    estimator._validate_params()
  File "/common/ketrong/tpotexp/env/lib/python3.10/site-packages/sklearn/base.py", line 666, in _validate_params
    validate_parameter_constraints(
  File "/common/ketrong/tpotexp/env/lib/python3.10/site-packages/sklearn/utils/_param_validation.py", line 95, in validate_parameter_constraints
    raise InvalidParameterError(
sklearn.utils._param_validation.InvalidParameterError: The 'criterion' parameter of RandomForestRegressor must be a str among {'friedman_mse', 'poisson', 'absolute_error', 'squared_error'}. Got 'mae' instead.

WARNING THIS INDIVIDUAL CAUSED AND EXCEPTION 
 <tpot2.search_spaces.pipelines.sequential.SequentialPipelineIndividual object at 0x15533dccf8b0> 
 Input X contains NaN.
MLPRegressor does not accept missing values encoded as NaN natively. For supervised learning, you might want to consider sklearn.ensemble.HistGradientBoostingClassifier and Regressor which accept missing values encoded as NaNs natively. Alternatively, it is possible to preprocess the data, for instance by using an imputer transformer in a pipeline or drop samples with missing values. See https://scikit-learn.org/stable/modules/impute.html You can find a list of all estimators that handle NaN values at the following page: https://scikit-learn.org/stable/modules/impute.html#estimators-that-handle-nan-values 
 Traceback (most recent call last):
  File "/common/ketrong/tpotexp/tpot2/tpot2/utils/eval_utils.py", line 53, in objective_nan_wrapper
    value = func_timeout.func_timeout(timeout, objective_function, args=[individual], kwargs=objective_kwargs)
  File "/common/ketrong/tpotexp/env/lib/python3.10/site-packages/func_timeout/dafunc.py", line 108, in func_timeout
    raise_exception(exception)
  File "/common/ketrong/tpotexp/env/lib/python3.10/site-packages/func_timeout/py3_raise.py", line 7, in raise_exception
    raise exception[0] from None
  File "/common/ketrong/tpotexp/tpot2/tpot2/tpot_estimator/estimator.py", line 623, in objective_function
    return objective_function_generator(
  File "/common/ketrong/tpotexp/tpot2/tpot2/tpot_estimator/estimator_utils.py", line 55, in objective_function_generator
    cv_obj_scores = cross_val_score_objective(sklearn.base.clone(pipeline),x,y,scorers=scorers, cv=cv , fold=step)
  File "/common/ketrong/tpotexp/tpot2/tpot2/tpot_estimator/cross_val_utils.py", line 28, in cross_val_score_objective
    this_fold_pipeline.fit(X_train,y_train)
  File "/common/ketrong/tpotexp/env/lib/python3.10/site-packages/sklearn/base.py", line 1473, in wrapper
    return fit_method(estimator, *args, **kwargs)
  File "/common/ketrong/tpotexp/env/lib/python3.10/site-packages/sklearn/pipeline.py", line 473, in fit
    self._final_estimator.fit(Xt, y, **last_step_params["fit"])
  File "/common/ketrong/tpotexp/env/lib/python3.10/site-packages/sklearn/base.py", line 1473, in wrapper
    return fit_method(estimator, *args, **kwargs)
  File "/common/ketrong/tpotexp/env/lib/python3.10/site-packages/sklearn/neural_network/_multilayer_perceptron.py", line 751, in fit
    return self._fit(X, y, incremental=False)
  File "/common/ketrong/tpotexp/env/lib/python3.10/site-packages/sklearn/neural_network/_multilayer_perceptron.py", line 441, in _fit
    X, y = self._validate_input(X, y, incremental, reset=first_pass)
  File "/common/ketrong/tpotexp/env/lib/python3.10/site-packages/sklearn/neural_network/_multilayer_perceptron.py", line 1621, in _validate_input
    X, y = self._validate_data(
  File "/common/ketrong/tpotexp/env/lib/python3.10/site-packages/sklearn/base.py", line 650, in _validate_data
    X, y = check_X_y(X, y, **check_params)
  File "/common/ketrong/tpotexp/env/lib/python3.10/site-packages/sklearn/utils/validation.py", line 1301, in check_X_y
    X = check_array(
  File "/common/ketrong/tpotexp/env/lib/python3.10/site-packages/sklearn/utils/validation.py", line 1064, in check_array
    _assert_all_finite(
  File "/common/ketrong/tpotexp/env/lib/python3.10/site-packages/sklearn/utils/validation.py", line 123, in _assert_all_finite
    _assert_all_finite_element_wise(
  File "/common/ketrong/tpotexp/env/lib/python3.10/site-packages/sklearn/utils/validation.py", line 172, in _assert_all_finite_element_wise
    raise ValueError(msg_err)
ValueError: Input X contains NaN.
MLPRegressor does not accept missing values encoded as NaN natively. For supervised learning, you might want to consider sklearn.ensemble.HistGradientBoostingClassifier and Regressor which accept missing values encoded as NaNs natively. Alternatively, it is possible to preprocess the data, for instance by using an imputer transformer in a pipeline or drop samples with missing values. See https://scikit-learn.org/stable/modules/impute.html You can find a list of all estimators that handle NaN values at the following page: https://scikit-learn.org/stable/modules/impute.html#estimators-that-handle-nan-values

Generation:  20
Best root_mean_squared_error score: -0.2027365135156499
Generation:  80%|  | 20/25 [2:48:47<38:07, 457.56s/it]WARNING THIS INDIVIDUAL CAUSED AND EXCEPTION 
 <tpot2.search_spaces.pipelines.sequential.SequentialPipelineIndividual object at 0x155455454340> 
 Input X contains NaN.
MLPRegressor does not accept missing values encoded as NaN natively. For supervised learning, you might want to consider sklearn.ensemble.HistGradientBoostingClassifier and Regressor which accept missing values encoded as NaNs natively. Alternatively, it is possible to preprocess the data, for instance by using an imputer transformer in a pipeline or drop samples with missing values. See https://scikit-learn.org/stable/modules/impute.html You can find a list of all estimators that handle NaN values at the following page: https://scikit-learn.org/stable/modules/impute.html#estimators-that-handle-nan-values 
 Traceback (most recent call last):
  File "/common/ketrong/tpotexp/tpot2/tpot2/utils/eval_utils.py", line 53, in objective_nan_wrapper
    value = func_timeout.func_timeout(timeout, objective_function, args=[individual], kwargs=objective_kwargs)
  File "/common/ketrong/tpotexp/env/lib/python3.10/site-packages/func_timeout/dafunc.py", line 108, in func_timeout
    raise_exception(exception)
  File "/common/ketrong/tpotexp/env/lib/python3.10/site-packages/func_timeout/py3_raise.py", line 7, in raise_exception
    raise exception[0] from None
  File "/common/ketrong/tpotexp/tpot2/tpot2/tpot_estimator/estimator.py", line 623, in objective_function
    return objective_function_generator(
  File "/common/ketrong/tpotexp/tpot2/tpot2/tpot_estimator/estimator_utils.py", line 55, in objective_function_generator
    cv_obj_scores = cross_val_score_objective(sklearn.base.clone(pipeline),x,y,scorers=scorers, cv=cv , fold=step)
  File "/common/ketrong/tpotexp/tpot2/tpot2/tpot_estimator/cross_val_utils.py", line 28, in cross_val_score_objective
    this_fold_pipeline.fit(X_train,y_train)
  File "/common/ketrong/tpotexp/env/lib/python3.10/site-packages/sklearn/base.py", line 1473, in wrapper
    return fit_method(estimator, *args, **kwargs)
  File "/common/ketrong/tpotexp/env/lib/python3.10/site-packages/sklearn/pipeline.py", line 473, in fit
    self._final_estimator.fit(Xt, y, **last_step_params["fit"])
  File "/common/ketrong/tpotexp/env/lib/python3.10/site-packages/sklearn/base.py", line 1473, in wrapper
    return fit_method(estimator, *args, **kwargs)
  File "/common/ketrong/tpotexp/env/lib/python3.10/site-packages/sklearn/neural_network/_multilayer_perceptron.py", line 751, in fit
    return self._fit(X, y, incremental=False)
  File "/common/ketrong/tpotexp/env/lib/python3.10/site-packages/sklearn/neural_network/_multilayer_perceptron.py", line 441, in _fit
    X, y = self._validate_input(X, y, incremental, reset=first_pass)
  File "/common/ketrong/tpotexp/env/lib/python3.10/site-packages/sklearn/neural_network/_multilayer_perceptron.py", line 1621, in _validate_input
    X, y = self._validate_data(
  File "/common/ketrong/tpotexp/env/lib/python3.10/site-packages/sklearn/base.py", line 650, in _validate_data
    X, y = check_X_y(X, y, **check_params)
  File "/common/ketrong/tpotexp/env/lib/python3.10/site-packages/sklearn/utils/validation.py", line 1301, in check_X_y
    X = check_array(
  File "/common/ketrong/tpotexp/env/lib/python3.10/site-packages/sklearn/utils/validation.py", line 1064, in check_array
    _assert_all_finite(
  File "/common/ketrong/tpotexp/env/lib/python3.10/site-packages/sklearn/utils/validation.py", line 123, in _assert_all_finite
    _assert_all_finite_element_wise(
  File "/common/ketrong/tpotexp/env/lib/python3.10/site-packages/sklearn/utils/validation.py", line 172, in _assert_all_finite_element_wise
    raise ValueError(msg_err)
ValueError: Input X contains NaN.
MLPRegressor does not accept missing values encoded as NaN natively. For supervised learning, you might want to consider sklearn.ensemble.HistGradientBoostingClassifier and Regressor which accept missing values encoded as NaNs natively. Alternatively, it is possible to preprocess the data, for instance by using an imputer transformer in a pipeline or drop samples with missing values. See https://scikit-learn.org/stable/modules/impute.html You can find a list of all estimators that handle NaN values at the following page: https://scikit-learn.org/stable/modules/impute.html#estimators-that-handle-nan-values

WARNING AN INDIVIDUAL TIMED OUT: 
 <tpot2.search_spaces.pipelines.sequential.SequentialPipelineIndividual object at 0x155475ba5150> 

Generation:  21
Best root_mean_squared_error score: -0.2027365135156499
Generation:  84%| | 21/25 [2:58:51<33:25, 501.46s/it]WARNING THIS INDIVIDUAL CAUSED AND EXCEPTION 
 <tpot2.search_spaces.pipelines.sequential.SequentialPipelineIndividual object at 0x155474b9cb50> 
 Input X contains NaN.
MLPRegressor does not accept missing values encoded as NaN natively. For supervised learning, you might want to consider sklearn.ensemble.HistGradientBoostingClassifier and Regressor which accept missing values encoded as NaNs natively. Alternatively, it is possible to preprocess the data, for instance by using an imputer transformer in a pipeline or drop samples with missing values. See https://scikit-learn.org/stable/modules/impute.html You can find a list of all estimators that handle NaN values at the following page: https://scikit-learn.org/stable/modules/impute.html#estimators-that-handle-nan-values 
 Traceback (most recent call last):
  File "/common/ketrong/tpotexp/tpot2/tpot2/utils/eval_utils.py", line 53, in objective_nan_wrapper
    value = func_timeout.func_timeout(timeout, objective_function, args=[individual], kwargs=objective_kwargs)
  File "/common/ketrong/tpotexp/env/lib/python3.10/site-packages/func_timeout/dafunc.py", line 108, in func_timeout
    raise_exception(exception)
  File "/common/ketrong/tpotexp/env/lib/python3.10/site-packages/func_timeout/py3_raise.py", line 7, in raise_exception
    raise exception[0] from None
  File "/common/ketrong/tpotexp/tpot2/tpot2/tpot_estimator/estimator.py", line 623, in objective_function
    return objective_function_generator(
  File "/common/ketrong/tpotexp/tpot2/tpot2/tpot_estimator/estimator_utils.py", line 55, in objective_function_generator
    cv_obj_scores = cross_val_score_objective(sklearn.base.clone(pipeline),x,y,scorers=scorers, cv=cv , fold=step)
  File "/common/ketrong/tpotexp/tpot2/tpot2/tpot_estimator/cross_val_utils.py", line 28, in cross_val_score_objective
    this_fold_pipeline.fit(X_train,y_train)
  File "/common/ketrong/tpotexp/env/lib/python3.10/site-packages/sklearn/base.py", line 1473, in wrapper
    return fit_method(estimator, *args, **kwargs)
  File "/common/ketrong/tpotexp/env/lib/python3.10/site-packages/sklearn/pipeline.py", line 473, in fit
    self._final_estimator.fit(Xt, y, **last_step_params["fit"])
  File "/common/ketrong/tpotexp/env/lib/python3.10/site-packages/sklearn/base.py", line 1473, in wrapper
    return fit_method(estimator, *args, **kwargs)
  File "/common/ketrong/tpotexp/env/lib/python3.10/site-packages/sklearn/neural_network/_multilayer_perceptron.py", line 751, in fit
    return self._fit(X, y, incremental=False)
  File "/common/ketrong/tpotexp/env/lib/python3.10/site-packages/sklearn/neural_network/_multilayer_perceptron.py", line 441, in _fit
    X, y = self._validate_input(X, y, incremental, reset=first_pass)
  File "/common/ketrong/tpotexp/env/lib/python3.10/site-packages/sklearn/neural_network/_multilayer_perceptron.py", line 1621, in _validate_input
    X, y = self._validate_data(
  File "/common/ketrong/tpotexp/env/lib/python3.10/site-packages/sklearn/base.py", line 650, in _validate_data
    X, y = check_X_y(X, y, **check_params)
  File "/common/ketrong/tpotexp/env/lib/python3.10/site-packages/sklearn/utils/validation.py", line 1301, in check_X_y
    X = check_array(
  File "/common/ketrong/tpotexp/env/lib/python3.10/site-packages/sklearn/utils/validation.py", line 1064, in check_array
    _assert_all_finite(
  File "/common/ketrong/tpotexp/env/lib/python3.10/site-packages/sklearn/utils/validation.py", line 123, in _assert_all_finite
    _assert_all_finite_element_wise(
  File "/common/ketrong/tpotexp/env/lib/python3.10/site-packages/sklearn/utils/validation.py", line 172, in _assert_all_finite_element_wise
    raise ValueError(msg_err)
ValueError: Input X contains NaN.
MLPRegressor does not accept missing values encoded as NaN natively. For supervised learning, you might want to consider sklearn.ensemble.HistGradientBoostingClassifier and Regressor which accept missing values encoded as NaNs natively. Alternatively, it is possible to preprocess the data, for instance by using an imputer transformer in a pipeline or drop samples with missing values. See https://scikit-learn.org/stable/modules/impute.html You can find a list of all estimators that handle NaN values at the following page: https://scikit-learn.org/stable/modules/impute.html#estimators-that-handle-nan-values

Generation:  22
Best root_mean_squared_error score: -0.2027365135156499
Generation:  88%| | 22/25 [3:04:26<22:33, 451.32s/it]WARNING THIS INDIVIDUAL CAUSED AND EXCEPTION 
 <tpot2.search_spaces.pipelines.sequential.SequentialPipelineIndividual object at 0x155300c366e0> 
 The 'criterion' parameter of RandomForestRegressor must be a str among {'friedman_mse', 'poisson', 'absolute_error', 'squared_error'}. Got 'mse' instead. 
 Traceback (most recent call last):
  File "/common/ketrong/tpotexp/tpot2/tpot2/utils/eval_utils.py", line 53, in objective_nan_wrapper
    value = func_timeout.func_timeout(timeout, objective_function, args=[individual], kwargs=objective_kwargs)
  File "/common/ketrong/tpotexp/env/lib/python3.10/site-packages/func_timeout/dafunc.py", line 108, in func_timeout
    raise_exception(exception)
  File "/common/ketrong/tpotexp/env/lib/python3.10/site-packages/func_timeout/py3_raise.py", line 7, in raise_exception
    raise exception[0] from None
  File "/common/ketrong/tpotexp/tpot2/tpot2/tpot_estimator/estimator.py", line 623, in objective_function
    return objective_function_generator(
  File "/common/ketrong/tpotexp/tpot2/tpot2/tpot_estimator/estimator_utils.py", line 55, in objective_function_generator
    cv_obj_scores = cross_val_score_objective(sklearn.base.clone(pipeline),x,y,scorers=scorers, cv=cv , fold=step)
  File "/common/ketrong/tpotexp/tpot2/tpot2/tpot_estimator/cross_val_utils.py", line 28, in cross_val_score_objective
    this_fold_pipeline.fit(X_train,y_train)
  File "/common/ketrong/tpotexp/env/lib/python3.10/site-packages/sklearn/base.py", line 1473, in wrapper
    return fit_method(estimator, *args, **kwargs)
  File "/common/ketrong/tpotexp/env/lib/python3.10/site-packages/sklearn/pipeline.py", line 473, in fit
    self._final_estimator.fit(Xt, y, **last_step_params["fit"])
  File "/common/ketrong/tpotexp/env/lib/python3.10/site-packages/sklearn/base.py", line 1466, in wrapper
    estimator._validate_params()
  File "/common/ketrong/tpotexp/env/lib/python3.10/site-packages/sklearn/base.py", line 666, in _validate_params
    validate_parameter_constraints(
  File "/common/ketrong/tpotexp/env/lib/python3.10/site-packages/sklearn/utils/_param_validation.py", line 95, in validate_parameter_constraints
    raise InvalidParameterError(
sklearn.utils._param_validation.InvalidParameterError: The 'criterion' parameter of RandomForestRegressor must be a str among {'friedman_mse', 'poisson', 'absolute_error', 'squared_error'}. Got 'mse' instead.

Generation:  23
Best root_mean_squared_error score: -0.2027365135156499
Generation:  92%|| 23/25 [3:10:52<14:23, 431.99s/it]WARNING THIS INDIVIDUAL CAUSED AND EXCEPTION 
 <tpot2.search_spaces.pipelines.sequential.SequentialPipelineIndividual object at 0x155474eb1c00> 
 The 'criterion' parameter of RandomForestRegressor must be a str among {'friedman_mse', 'poisson', 'absolute_error', 'squared_error'}. Got 'mse' instead. 
 Traceback (most recent call last):
  File "/common/ketrong/tpotexp/tpot2/tpot2/utils/eval_utils.py", line 53, in objective_nan_wrapper
    value = func_timeout.func_timeout(timeout, objective_function, args=[individual], kwargs=objective_kwargs)
  File "/common/ketrong/tpotexp/env/lib/python3.10/site-packages/func_timeout/dafunc.py", line 108, in func_timeout
    raise_exception(exception)
  File "/common/ketrong/tpotexp/env/lib/python3.10/site-packages/func_timeout/py3_raise.py", line 7, in raise_exception
    raise exception[0] from None
  File "/common/ketrong/tpotexp/tpot2/tpot2/tpot_estimator/estimator.py", line 623, in objective_function
    return objective_function_generator(
  File "/common/ketrong/tpotexp/tpot2/tpot2/tpot_estimator/estimator_utils.py", line 55, in objective_function_generator
    cv_obj_scores = cross_val_score_objective(sklearn.base.clone(pipeline),x,y,scorers=scorers, cv=cv , fold=step)
  File "/common/ketrong/tpotexp/tpot2/tpot2/tpot_estimator/cross_val_utils.py", line 28, in cross_val_score_objective
    this_fold_pipeline.fit(X_train,y_train)
  File "/common/ketrong/tpotexp/env/lib/python3.10/site-packages/sklearn/base.py", line 1473, in wrapper
    return fit_method(estimator, *args, **kwargs)
  File "/common/ketrong/tpotexp/env/lib/python3.10/site-packages/sklearn/pipeline.py", line 473, in fit
    self._final_estimator.fit(Xt, y, **last_step_params["fit"])
  File "/common/ketrong/tpotexp/env/lib/python3.10/site-packages/sklearn/base.py", line 1466, in wrapper
    estimator._validate_params()
  File "/common/ketrong/tpotexp/env/lib/python3.10/site-packages/sklearn/base.py", line 666, in _validate_params
    validate_parameter_constraints(
  File "/common/ketrong/tpotexp/env/lib/python3.10/site-packages/sklearn/utils/_param_validation.py", line 95, in validate_parameter_constraints
    raise InvalidParameterError(
sklearn.utils._param_validation.InvalidParameterError: The 'criterion' parameter of RandomForestRegressor must be a str among {'friedman_mse', 'poisson', 'absolute_error', 'squared_error'}. Got 'mse' instead.

Generation:  24
Best root_mean_squared_error score: -0.2027365135156499
Generation:  96%|| 24/25 [3:14:16<06:03, 363.37s/it]WARNING AN INDIVIDUAL TIMED OUT: 
 <tpot2.search_spaces.pipelines.sequential.SequentialPipelineIndividual object at 0x155459718070> 

WARNING AN INDIVIDUAL TIMED OUT: 
 <tpot2.search_spaces.pipelines.sequential.SequentialPipelineIndividual object at 0x155474461db0> 

Generation:  25
Best root_mean_squared_error score: -0.2027365135156499
Generation: 100%|| 25/25 [3:24:19<00:00, 435.43s/it]Generation: 100%|| 25/25 [3:24:19<00:00, 490.39s/it]
2024-08-18 19:10:11,648 - distributed.scheduler - ERROR - Removing worker 'tcp://127.0.0.1:38615' caused the cluster to lose scattered data, which can't be recovered: {'DataFrame-8935dc55fc97c81f90ad822f93252d86', 'DataFrame-0c851da37bb1db90c394aec7f86ff73d'} (stimulus_id='handle-worker-cleanup-1724033411.6487179')
Fitted
Pipeline(steps=[('simpleimputer', SimpleImputer(strategy='constant')),
                ('mlpregressor',
                 MLPRegressor(alpha=2.09467258e-05, early_stopping=True,
                              hidden_layer_sizes=[313],
                              learning_rate='adaptive',
                              learning_rate_init=0.000227985035,
                              n_iter_no_change=32))])
transform worked
try transform
transform worked
score start
train score: {'explained_var': 0.466899056326462, 'r2': 0.4662108536748478, 'rmse': 0.19299816812631954}
test score: {'explained_var': 0.4900019617539746, 'r2': 0.4889795154541122, 'rmse': 0.1847201173130094}
original test score: {'explained_var': 0.7298859032372119, 'r2': 0.7259771306171894, 'rmse': 0.13526593717872604}
score end
189
lvl
0.5
type
MAR
num_run
2
reg_full
finished
all finished
full run takes
9.313703798717922
hours
DONE
