Run: 25
/cm/local/apps/slurm/var/spool/job971392/slurm_script: line 26: 
pip install -e tpot2
pip install -r tpot2/ImputerExperiments/requirements_.txt
: No such file or directory
RunStart
Version 0.1.7a0 of tpot2 is outdated. Version 0.1.8a0 was released Tuesday September 17, 2024.
starting loops
../data/r/1193/1193.pkl
working on 
../data/r/1193/reg_full_MCAR_0.01_2
3.0103704929351807
running experiment 1/3 - Does large hyperparameter space improve reconstruction accuracy over simple
[I 2024-09-26 11:51:20,467] A new study created in memory with name: no-name-62f7ed07-e7d7-4657-bad9-82b5b3a07bd2
running
running
running
running
running
running
running
running
running
running
running
running
running
running
running
running
[I 2024-09-26 11:51:20,722] Trial 1 finished with value: 0.4409318541358938 and parameters: {'model_name': 'SimpleImputer', 'strategy': 'constant'}. Best is trial 1 with value: 0.4409318541358938.
running
[I 2024-09-26 11:51:20,990] Trial 5 finished with value: 0.4409318541358938 and parameters: {'model_name': 'SimpleImputer', 'strategy': 'constant'}. Best is trial 1 with value: 0.4409318541358938.
running
[I 2024-09-26 11:51:21,586] Trial 0 finished with value: 0.4409318541358938 and parameters: {'model_name': 'SimpleImputer', 'strategy': 'most_frequent'}. Best is trial 1 with value: 0.4409318541358938.
running
[I 2024-09-26 11:51:35,238] Trial 9 finished with value: 0.325838482953864 and parameters: {'model_name': 'IterativeImputer', 'estimator': 'Ridge', 'initial_strategy': 'median', 'n_nearest_features': 3, 'imputation_order': 'arabic'}. Best is trial 9 with value: 0.325838482953864.
running
[I 2024-09-26 11:51:38,089] Trial 10 finished with value: 0.4368336515892034 and parameters: {'model_name': 'VAE', 'batch_size': 7, 'iterations': 2, 'learning_rate': 0.0002910778141257632, 'p_miss': 0.07687326979768654}. Best is trial 9 with value: 0.325838482953864.
running
[I 2024-09-26 11:51:39,648] Trial 2 finished with value: 0.44517987629571776 and parameters: {'model_name': 'GAIN', 'batch_size': 20, 'hint_rate': 0.627183473259861, 'alpha': 73, 'iterations': 5, 'learning_rate': 0.01162577238094386, 'p_miss': 0.07248539231901499}. Best is trial 9 with value: 0.325838482953864.
running
[I 2024-09-26 11:51:42,047] Trial 13 finished with value: 0.4489705583204813 and parameters: {'model_name': 'GAIN', 'batch_size': 5, 'hint_rate': 0.5169330686674452, 'alpha': 75, 'iterations': 6, 'learning_rate': 0.0007949684728806315, 'p_miss': 0.07070923684732656}. Best is trial 9 with value: 0.325838482953864.
running
[I 2024-09-26 11:51:43,853] Trial 19 finished with value: 0.43305231160101226 and parameters: {'model_name': 'VAE', 'batch_size': 620, 'iterations': 1, 'learning_rate': 0.003040655501399813, 'p_miss': 0.22763618967516944}. Best is trial 9 with value: 0.325838482953864.
running
[I 2024-09-26 11:51:46,882] Trial 7 finished with value: 0.3366405586673731 and parameters: {'model_name': 'KNNImputer', 'n_neighbors': 21119, 'weights': 'uniform'}. Best is trial 9 with value: 0.325838482953864.
running
[I 2024-09-26 11:51:51,120] Trial 16 finished with value: 0.33045556780023705 and parameters: {'model_name': 'KNNImputer', 'n_neighbors': 9896, 'weights': 'uniform'}. Best is trial 9 with value: 0.325838482953864.
running
[I 2024-09-26 11:52:04,524] Trial 8 finished with value: 0.38811957218699655 and parameters: {'model_name': 'KNNImputer', 'n_neighbors': 15826, 'weights': 'distance'}. Best is trial 9 with value: 0.325838482953864.
running
[I 2024-09-26 11:52:14,433] Trial 14 finished with value: 0.4332831569750118 and parameters: {'model_name': 'VAE', 'batch_size': 92, 'iterations': 32, 'learning_rate': 0.00012115706063319327, 'p_miss': 0.1911820172739106}. Best is trial 9 with value: 0.325838482953864.
running
[I 2024-09-26 11:52:16,025] Trial 22 finished with value: 0.3248400582152212 and parameters: {'model_name': 'IterativeImputer', 'estimator': 'Ridge', 'initial_strategy': 'most_frequent', 'n_nearest_features': 5, 'imputation_order': 'arabic'}. Best is trial 22 with value: 0.3248400582152212.
running
[I 2024-09-26 11:52:21,395] Trial 11 finished with value: 0.32579206112625675 and parameters: {'model_name': 'IterativeImputer', 'estimator': 'Bayesian', 'initial_strategy': 'mean', 'n_nearest_features': 3, 'imputation_order': 'random', 'sample_posterior': False}. Best is trial 22 with value: 0.3248400582152212.
running
[I 2024-09-26 11:52:21,925] Trial 25 finished with value: 0.325838482953864 and parameters: {'model_name': 'IterativeImputer', 'estimator': 'Ridge', 'initial_strategy': 'median', 'n_nearest_features': 3, 'imputation_order': 'arabic'}. Best is trial 22 with value: 0.3248400582152212.
running
[I 2024-09-26 11:52:26,034] Trial 23 finished with value: 0.3875378828679209 and parameters: {'model_name': 'KNNImputer', 'n_neighbors': 11631, 'weights': 'distance'}. Best is trial 22 with value: 0.3248400582152212.
running
[I 2024-09-26 11:52:26,800] Trial 24 finished with value: 0.4736847281180139 and parameters: {'model_name': 'GAIN', 'batch_size': 217, 'hint_rate': 0.37869170457340956, 'alpha': 45, 'iterations': 64, 'learning_rate': 0.00013186849104361069, 'p_miss': 0.2654521414037336}. Best is trial 22 with value: 0.3248400582152212.
running
[I 2024-09-26 11:52:31,376] Trial 17 finished with value: 0.3241136149723737 and parameters: {'model_name': 'IterativeImputer', 'estimator': 'Bayesian', 'initial_strategy': 'most_frequent', 'n_nearest_features': 6, 'imputation_order': 'random', 'sample_posterior': False}. Best is trial 17 with value: 0.3241136149723737.
running
[I 2024-09-26 11:52:32,708] Trial 26 finished with value: 0.325838482953864 and parameters: {'model_name': 'IterativeImputer', 'estimator': 'Ridge', 'initial_strategy': 'median', 'n_nearest_features': 3, 'imputation_order': 'arabic'}. Best is trial 17 with value: 0.3241136149723737.
running
[I 2024-09-26 11:52:41,950] Trial 27 finished with value: 0.325838482953864 and parameters: {'model_name': 'IterativeImputer', 'estimator': 'Ridge', 'initial_strategy': 'median', 'n_nearest_features': 3, 'imputation_order': 'arabic'}. Best is trial 17 with value: 0.3241136149723737.
running
[I 2024-09-26 11:52:44,646] Trial 28 finished with value: 0.32534346825264937 and parameters: {'model_name': 'IterativeImputer', 'estimator': 'Ridge', 'initial_strategy': 'median', 'n_nearest_features': 4, 'imputation_order': 'arabic'}. Best is trial 17 with value: 0.3241136149723737.
running
[I 2024-09-26 11:52:51,936] Trial 4 finished with value: 0.3529455846054004 and parameters: {'model_name': 'IterativeImputer', 'estimator': 'KNN', 'initial_strategy': 'constant', 'n_nearest_features': 4, 'imputation_order': 'roman'}. Best is trial 17 with value: 0.3241136149723737.
running
[I 2024-09-26 11:53:26,932] Trial 18 finished with value: 0.35326466437930004 and parameters: {'model_name': 'IterativeImputer', 'estimator': 'KNN', 'initial_strategy': 'constant', 'n_nearest_features': 8, 'imputation_order': 'random'}. Best is trial 17 with value: 0.3241136149723737.
running
[I 2024-09-26 11:53:32,873] Trial 29 finished with value: 0.3247988830622407 and parameters: {'model_name': 'IterativeImputer', 'estimator': 'Bayesian', 'initial_strategy': 'mean', 'n_nearest_features': 5, 'imputation_order': 'random', 'sample_posterior': False}. Best is trial 17 with value: 0.3241136149723737.
running
[I 2024-09-26 11:53:36,183] Trial 30 finished with value: 0.3237322560282469 and parameters: {'model_name': 'IterativeImputer', 'estimator': 'Bayesian', 'initial_strategy': 'mean', 'n_nearest_features': 7, 'imputation_order': 'random', 'sample_posterior': False}. Best is trial 30 with value: 0.3237322560282469.
running
[I 2024-09-26 11:53:43,411] Trial 32 finished with value: 0.3237322560282469 and parameters: {'model_name': 'IterativeImputer', 'estimator': 'Bayesian', 'initial_strategy': 'mean', 'n_nearest_features': 7, 'imputation_order': 'random', 'sample_posterior': False}. Best is trial 30 with value: 0.3237322560282469.
running
[I 2024-09-26 11:53:43,901] Trial 31 finished with value: 0.3237322560282469 and parameters: {'model_name': 'IterativeImputer', 'estimator': 'Bayesian', 'initial_strategy': 'mean', 'n_nearest_features': 7, 'imputation_order': 'random', 'sample_posterior': False}. Best is trial 30 with value: 0.3237322560282469.
running
[I 2024-09-26 11:54:12,093] Trial 33 finished with value: 0.46115162659318737 and parameters: {'model_name': 'IterativeImputer', 'estimator': 'Bayesian', 'initial_strategy': 'most_frequent', 'n_nearest_features': 8, 'imputation_order': 'ascending', 'sample_posterior': True}. Best is trial 30 with value: 0.3237322560282469.
running
[I 2024-09-26 11:54:31,479] Trial 41 finished with value: 0.3231500000133255 and parameters: {'model_name': 'IterativeImputer', 'estimator': 'Bayesian', 'initial_strategy': 'most_frequent', 'n_nearest_features': 8, 'imputation_order': 'random', 'sample_posterior': False}. Best is trial 41 with value: 0.3231500000133255.
running
[I 2024-09-26 11:54:32,139] Trial 44 finished with value: 0.3366405586673731 and parameters: {'model_name': 'SimpleImputer', 'strategy': 'mean'}. Best is trial 41 with value: 0.3231500000133255.
running
[I 2024-09-26 11:54:32,650] Trial 34 finished with value: 0.35245281893430036 and parameters: {'model_name': 'IterativeImputer', 'estimator': 'KNN', 'initial_strategy': 'most_frequent', 'n_nearest_features': 8, 'imputation_order': 'descending'}. Best is trial 41 with value: 0.3231500000133255.
running
[I 2024-09-26 11:54:45,884] Trial 39 finished with value: 0.32324829426363494 and parameters: {'model_name': 'IterativeImputer', 'estimator': 'Bayesian', 'initial_strategy': 'most_frequent', 'n_nearest_features': 7, 'imputation_order': 'random', 'sample_posterior': False}. Best is trial 41 with value: 0.3231500000133255.
running
[I 2024-09-26 11:54:46,764] Trial 40 finished with value: 0.3237322560282469 and parameters: {'model_name': 'IterativeImputer', 'estimator': 'Bayesian', 'initial_strategy': 'mean', 'n_nearest_features': 7, 'imputation_order': 'random', 'sample_posterior': False}. Best is trial 41 with value: 0.3231500000133255.
running
[I 2024-09-26 11:54:47,377] Trial 48 finished with value: 0.40030260690545766 and parameters: {'model_name': 'SimpleImputer', 'strategy': 'median'}. Best is trial 41 with value: 0.3231500000133255.
running
[I 2024-09-26 11:55:35,723] Trial 46 finished with value: 0.3237322560282469 and parameters: {'model_name': 'IterativeImputer', 'estimator': 'Bayesian', 'initial_strategy': 'mean', 'n_nearest_features': 7, 'imputation_order': 'random', 'sample_posterior': False}. Best is trial 41 with value: 0.3231500000133255.
running
[I 2024-09-26 12:02:00,813] Trial 20 finished with value: 0.3377618484153416 and parameters: {'model_name': 'VAE', 'batch_size': 151, 'iterations': 286, 'learning_rate': 0.015814447089689595, 'p_miss': 0.18497963838647366}. Best is trial 41 with value: 0.3231500000133255.
running
[I 2024-09-26 12:04:47,446] Trial 12 finished with value: inf and parameters: {'model_name': 'GAIN', 'batch_size': 1, 'hint_rate': 0.12813728125145696, 'alpha': 22, 'iterations': 5412, 'learning_rate': 0.00048370422654653175, 'p_miss': 0.21031463943169923}. Best is trial 41 with value: 0.3231500000133255.
running
[I 2024-09-26 12:10:18,642] Trial 21 finished with value: 0.341051665408037 and parameters: {'model_name': 'IterativeImputer', 'estimator': 'RFR', 'initial_strategy': 'most_frequent', 'n_nearest_features': 1, 'imputation_order': 'arabic'}. Best is trial 41 with value: 0.3231500000133255.
running
[I 2024-09-26 12:10:19,448] Trial 53 finished with value: 0.40030260690545766 and parameters: {'model_name': 'SimpleImputer', 'strategy': 'median'}. Best is trial 41 with value: 0.3231500000133255.
running
[I 2024-09-26 12:11:02,991] Trial 54 finished with value: 0.32314993264783665 and parameters: {'model_name': 'IterativeImputer', 'estimator': 'Bayesian', 'initial_strategy': 'most_frequent', 'n_nearest_features': 9, 'imputation_order': 'random', 'sample_posterior': False}. Best is trial 54 with value: 0.32314993264783665.
running
[I 2024-09-26 12:11:45,398] Trial 55 finished with value: 0.32314993264783665 and parameters: {'model_name': 'IterativeImputer', 'estimator': 'Bayesian', 'initial_strategy': 'most_frequent', 'n_nearest_features': 9, 'imputation_order': 'random', 'sample_posterior': False}. Best is trial 54 with value: 0.32314993264783665.
running
[I 2024-09-26 12:11:58,850] Trial 15 finished with value: inf and parameters: {'model_name': 'GAIN', 'batch_size': 14, 'hint_rate': 0.6231835965718273, 'alpha': 41, 'iterations': 8515, 'learning_rate': 0.008779432252476469, 'p_miss': 0.011241389750992594}. Best is trial 54 with value: 0.32314993264783665.
running
[I 2024-09-26 12:12:27,799] Trial 56 finished with value: 0.32314993264783665 and parameters: {'model_name': 'IterativeImputer', 'estimator': 'Bayesian', 'initial_strategy': 'most_frequent', 'n_nearest_features': 9, 'imputation_order': 'random', 'sample_posterior': False}. Best is trial 54 with value: 0.32314993264783665.
running
[I 2024-09-26 12:12:38,230] Trial 57 finished with value: 0.32314993264783665 and parameters: {'model_name': 'IterativeImputer', 'estimator': 'Bayesian', 'initial_strategy': 'most_frequent', 'n_nearest_features': 9, 'imputation_order': 'random', 'sample_posterior': False}. Best is trial 54 with value: 0.32314993264783665.
running
[I 2024-09-26 12:13:09,584] Trial 58 finished with value: 0.32314993264783665 and parameters: {'model_name': 'IterativeImputer', 'estimator': 'Bayesian', 'initial_strategy': 'most_frequent', 'n_nearest_features': 9, 'imputation_order': 'random', 'sample_posterior': False}. Best is trial 54 with value: 0.32314993264783665.
running
[I 2024-09-26 12:13:19,764] Trial 59 finished with value: 0.32314993264783665 and parameters: {'model_name': 'IterativeImputer', 'estimator': 'Bayesian', 'initial_strategy': 'most_frequent', 'n_nearest_features': 9, 'imputation_order': 'random', 'sample_posterior': False}. Best is trial 54 with value: 0.32314993264783665.
running
[I 2024-09-26 12:13:26,560] Trial 60 finished with value: 0.38525886716879454 and parameters: {'model_name': 'KNNImputer', 'n_neighbors': 1152, 'weights': 'distance'}. Best is trial 54 with value: 0.32314993264783665.
running
[I 2024-09-26 12:15:07,620] Trial 51 finished with value: inf and parameters: {'model_name': 'GAIN', 'batch_size': 1, 'hint_rate': 0.010472707803782955, 'alpha': 6, 'iterations': 6189, 'learning_rate': 0.06570152177881962, 'p_miss': 0.017850008926422634}. Best is trial 54 with value: 0.32314993264783665.
running
[I 2024-09-26 12:15:51,088] Trial 50 finished with value: inf and parameters: {'model_name': 'GAIN', 'batch_size': 1, 'hint_rate': 0.027691700902608474, 'alpha': 5, 'iterations': 8705, 'learning_rate': 0.06957950201268566, 'p_miss': 0.14575170541730498}. Best is trial 54 with value: 0.32314993264783665.
running
[I 2024-09-26 12:15:58,973] Trial 49 finished with value: inf and parameters: {'model_name': 'GAIN', 'batch_size': 1, 'hint_rate': 0.018320382533528412, 'alpha': 0, 'iterations': 9808, 'learning_rate': 0.07686568625575023, 'p_miss': 0.015754251448538398}. Best is trial 54 with value: 0.32314993264783665.
running
[I 2024-09-26 12:16:11,990] Trial 3 finished with value: 0.35218728587751064 and parameters: {'model_name': 'IterativeImputer', 'estimator': 'RFR', 'initial_strategy': 'mean', 'n_nearest_features': 2, 'imputation_order': 'descending'}. Best is trial 54 with value: 0.32314993264783665.
running
[I 2024-09-26 12:16:46,779] Trial 66 finished with value: 0.32314993264783665 and parameters: {'model_name': 'IterativeImputer', 'estimator': 'Bayesian', 'initial_strategy': 'most_frequent', 'n_nearest_features': 9, 'imputation_order': 'random', 'sample_posterior': False}. Best is trial 54 with value: 0.32314993264783665.
running
[I 2024-09-26 12:17:51,725] Trial 67 finished with value: 0.45899588827737503 and parameters: {'model_name': 'IterativeImputer', 'estimator': 'Bayesian', 'initial_strategy': 'most_frequent', 'n_nearest_features': 9, 'imputation_order': 'ascending', 'sample_posterior': True}. Best is trial 54 with value: 0.32314993264783665.
running
[I 2024-09-26 12:18:26,932] Trial 68 finished with value: 0.32314993264783665 and parameters: {'model_name': 'IterativeImputer', 'estimator': 'Bayesian', 'initial_strategy': 'most_frequent', 'n_nearest_features': 9, 'imputation_order': 'random', 'sample_posterior': False}. Best is trial 54 with value: 0.32314993264783665.
running
[I 2024-09-26 12:24:07,825] Trial 65 finished with value: 0.33837925501643473 and parameters: {'model_name': 'VAE', 'batch_size': 63, 'iterations': 700, 'learning_rate': 0.0017658531565684268, 'p_miss': 0.2818985197535163}. Best is trial 54 with value: 0.32314993264783665.
running
[I 2024-09-26 12:24:42,037] Trial 70 finished with value: 0.32314997980310656 and parameters: {'model_name': 'IterativeImputer', 'estimator': 'Bayesian', 'initial_strategy': 'most_frequent', 'n_nearest_features': 9, 'imputation_order': 'roman', 'sample_posterior': False}. Best is trial 54 with value: 0.32314993264783665.
running
[I 2024-09-26 12:25:12,785] Trial 71 finished with value: 0.32315000891020057 and parameters: {'model_name': 'IterativeImputer', 'estimator': 'Bayesian', 'initial_strategy': 'most_frequent', 'n_nearest_features': 9, 'imputation_order': 'descending', 'sample_posterior': False}. Best is trial 54 with value: 0.32314993264783665.
running
[I 2024-09-26 12:27:10,449] Trial 69 finished with value: 0.3371293304030035 and parameters: {'model_name': 'VAE', 'batch_size': 890, 'iterations': 488, 'learning_rate': 0.0019739786811576038, 'p_miss': 0.29300248495913095}. Best is trial 54 with value: 0.32314993264783665.
running
[I 2024-09-26 12:27:19,525] Trial 73 finished with value: 0.3206035182366045 and parameters: {'model_name': 'KNNImputer', 'n_neighbors': 390, 'weights': 'uniform'}. Best is trial 73 with value: 0.3206035182366045.
running
[I 2024-09-26 12:27:28,743] Trial 74 finished with value: 0.3217126157525541 and parameters: {'model_name': 'KNNImputer', 'n_neighbors': 946, 'weights': 'uniform'}. Best is trial 73 with value: 0.3206035182366045.
running
[I 2024-09-26 12:27:37,985] Trial 75 finished with value: 0.3208897967304152 and parameters: {'model_name': 'KNNImputer', 'n_neighbors': 523, 'weights': 'uniform'}. Best is trial 73 with value: 0.3206035182366045.
running
[I 2024-09-26 12:27:46,897] Trial 76 finished with value: 0.32005419574776167 and parameters: {'model_name': 'KNNImputer', 'n_neighbors': 150, 'weights': 'uniform'}. Best is trial 76 with value: 0.32005419574776167.
running
[I 2024-09-26 12:27:55,916] Trial 77 finished with value: 0.3201850408623071 and parameters: {'model_name': 'KNNImputer', 'n_neighbors': 190, 'weights': 'uniform'}. Best is trial 76 with value: 0.32005419574776167.
running
[I 2024-09-26 12:28:04,759] Trial 78 finished with value: 0.3202061637498196 and parameters: {'model_name': 'KNNImputer', 'n_neighbors': 98, 'weights': 'uniform'}. Best is trial 76 with value: 0.32005419574776167.
running
[I 2024-09-26 12:28:13,876] Trial 79 finished with value: 0.32014987763188796 and parameters: {'model_name': 'KNNImputer', 'n_neighbors': 165, 'weights': 'uniform'}. Best is trial 76 with value: 0.32005419574776167.
running
[I 2024-09-26 12:28:22,914] Trial 80 finished with value: 0.3203274137582044 and parameters: {'model_name': 'KNNImputer', 'n_neighbors': 81, 'weights': 'uniform'}. Best is trial 76 with value: 0.32005419574776167.
running
[I 2024-09-26 12:28:31,993] Trial 81 finished with value: 0.32015347616481515 and parameters: {'model_name': 'KNNImputer', 'n_neighbors': 166, 'weights': 'uniform'}. Best is trial 76 with value: 0.32005419574776167.
running
[I 2024-09-26 12:28:40,898] Trial 82 finished with value: 0.32028955704330864 and parameters: {'model_name': 'KNNImputer', 'n_neighbors': 232, 'weights': 'uniform'}. Best is trial 76 with value: 0.32005419574776167.
running
[I 2024-09-26 12:28:49,967] Trial 83 finished with value: 0.3203225395033641 and parameters: {'model_name': 'KNNImputer', 'n_neighbors': 251, 'weights': 'uniform'}. Best is trial 76 with value: 0.32005419574776167.
running
[I 2024-09-26 12:29:00,312] Trial 84 finished with value: 0.32515341273962495 and parameters: {'model_name': 'KNNImputer', 'n_neighbors': 4435, 'weights': 'uniform'}. Best is trial 76 with value: 0.32005419574776167.
running
[I 2024-09-26 12:29:10,359] Trial 85 finished with value: 0.3245280789980639 and parameters: {'model_name': 'KNNImputer', 'n_neighbors': 3907, 'weights': 'uniform'}. Best is trial 76 with value: 0.32005419574776167.
running
[I 2024-09-26 12:29:19,273] Trial 86 finished with value: 0.3218702595455859 and parameters: {'model_name': 'KNNImputer', 'n_neighbors': 49, 'weights': 'uniform'}. Best is trial 76 with value: 0.32005419574776167.
running
[I 2024-09-26 12:29:28,097] Trial 87 finished with value: 0.32010326847655424 and parameters: {'model_name': 'KNNImputer', 'n_neighbors': 129, 'weights': 'uniform'}. Best is trial 76 with value: 0.32005419574776167.
running
[I 2024-09-26 12:29:37,960] Trial 88 finished with value: 0.32405873006017083 and parameters: {'model_name': 'KNNImputer', 'n_neighbors': 3539, 'weights': 'uniform'}. Best is trial 76 with value: 0.32005419574776167.
running
[I 2024-09-26 12:29:46,665] Trial 89 finished with value: 0.3235792766664999 and parameters: {'model_name': 'KNNImputer', 'n_neighbors': 34, 'weights': 'uniform'}. Best is trial 76 with value: 0.32005419574776167.
running
[I 2024-09-26 12:29:56,450] Trial 90 finished with value: 0.32360756119773126 and parameters: {'model_name': 'KNNImputer', 'n_neighbors': 3146, 'weights': 'uniform'}. Best is trial 76 with value: 0.32005419574776167.
running
[I 2024-09-26 12:30:06,095] Trial 91 finished with value: 0.3227427856177957 and parameters: {'model_name': 'KNNImputer', 'n_neighbors': 2334, 'weights': 'uniform'}. Best is trial 76 with value: 0.32005419574776167.
running
[I 2024-09-26 12:30:15,835] Trial 92 finished with value: 0.323073653240448 and parameters: {'model_name': 'KNNImputer', 'n_neighbors': 2713, 'weights': 'uniform'}. Best is trial 76 with value: 0.32005419574776167.
running
[I 2024-09-26 12:30:24,696] Trial 93 finished with value: 0.32026139726091307 and parameters: {'model_name': 'KNNImputer', 'n_neighbors': 85, 'weights': 'uniform'}. Best is trial 76 with value: 0.32005419574776167.
running
[I 2024-09-26 12:30:32,010] Trial 6 finished with value: 0.3621124104262859 and parameters: {'model_name': 'VAE', 'batch_size': 3, 'iterations': 5921, 'learning_rate': 0.0011907668551571823, 'p_miss': 0.08256596775942791}. Best is trial 76 with value: 0.32005419574776167.
running
[I 2024-09-26 12:30:36,083] Trial 94 finished with value: 0.3264537578967023 and parameters: {'model_name': 'KNNImputer', 'n_neighbors': 5542, 'weights': 'uniform'}. Best is trial 76 with value: 0.32005419574776167.
running
[I 2024-09-26 12:30:43,762] Trial 95 finished with value: 0.32279139521051736 and parameters: {'model_name': 'KNNImputer', 'n_neighbors': 2426, 'weights': 'uniform'}. Best is trial 76 with value: 0.32005419574776167.
running
[I 2024-09-26 12:30:46,611] Trial 96 finished with value: 0.3228037560883127 and parameters: {'model_name': 'KNNImputer', 'n_neighbors': 39, 'weights': 'uniform'}. Best is trial 76 with value: 0.32005419574776167.
running
[I 2024-09-26 12:30:54,355] Trial 97 finished with value: 0.32028955704330864 and parameters: {'model_name': 'KNNImputer', 'n_neighbors': 232, 'weights': 'uniform'}. Best is trial 76 with value: 0.32005419574776167.
running
[I 2024-09-26 12:30:57,731] Trial 98 finished with value: 0.32255672583449313 and parameters: {'model_name': 'KNNImputer', 'n_neighbors': 2083, 'weights': 'uniform'}. Best is trial 76 with value: 0.32005419574776167.
running
[I 2024-09-26 12:31:05,919] Trial 99 finished with value: 0.32256055322565386 and parameters: {'model_name': 'KNNImputer', 'n_neighbors': 2085, 'weights': 'uniform'}. Best is trial 76 with value: 0.32005419574776167.
running
[I 2024-09-26 12:31:08,767] Trial 100 finished with value: 0.32240740709381494 and parameters: {'model_name': 'KNNImputer', 'n_neighbors': 1937, 'weights': 'uniform'}. Best is trial 76 with value: 0.32005419574776167.
running
[I 2024-09-26 12:31:16,723] Trial 101 finished with value: 0.3223788299951857 and parameters: {'model_name': 'KNNImputer', 'n_neighbors': 1920, 'weights': 'uniform'}. Best is trial 76 with value: 0.32005419574776167.
running
[I 2024-09-26 12:31:18,945] Trial 102 finished with value: 0.3215863552992825 and parameters: {'model_name': 'KNNImputer', 'n_neighbors': 59, 'weights': 'uniform'}. Best is trial 76 with value: 0.32005419574776167.
running
[I 2024-09-26 12:31:29,388] Trial 103 finished with value: 0.32737084650627823 and parameters: {'model_name': 'KNNImputer', 'n_neighbors': 6455, 'weights': 'uniform'}. Best is trial 76 with value: 0.32005419574776167.
running
[I 2024-09-26 12:31:30,473] Trial 104 finished with value: 0.3366405586673731 and parameters: {'model_name': 'KNNImputer', 'n_neighbors': 20789, 'weights': 'uniform'}. Best is trial 76 with value: 0.32005419574776167.
running
[I 2024-09-26 12:31:40,515] Trial 106 finished with value: 0.32201751051868854 and parameters: {'model_name': 'KNNImputer', 'n_neighbors': 1638, 'weights': 'uniform'}. Best is trial 76 with value: 0.32005419574776167.
running
[I 2024-09-26 12:31:45,341] Trial 105 finished with value: 0.33565735706556526 and parameters: {'model_name': 'KNNImputer', 'n_neighbors': 17790, 'weights': 'uniform'}. Best is trial 76 with value: 0.32005419574776167.
running
[I 2024-09-26 12:31:50,708] Trial 107 finished with value: 0.32165650971760373 and parameters: {'model_name': 'KNNImputer', 'n_neighbors': 52, 'weights': 'uniform'}. Best is trial 76 with value: 0.32005419574776167.
running
[I 2024-09-26 12:31:56,577] Trial 108 finished with value: 0.32188040532973905 and parameters: {'model_name': 'KNNImputer', 'n_neighbors': 1311, 'weights': 'uniform'}. Best is trial 76 with value: 0.32005419574776167.
running
[I 2024-09-26 12:31:56,761] Trial 110 finished with value: 0.3366405586673731 and parameters: {'model_name': 'SimpleImputer', 'strategy': 'mean'}. Best is trial 76 with value: 0.32005419574776167.
running
[I 2024-09-26 12:32:02,001] Trial 109 finished with value: 0.3852579529090026 and parameters: {'model_name': 'KNNImputer', 'n_neighbors': 1378, 'weights': 'distance'}. Best is trial 76 with value: 0.32005419574776167.
running
[I 2024-09-26 12:32:07,803] Trial 111 finished with value: 0.3219231941251723 and parameters: {'model_name': 'KNNImputer', 'n_neighbors': 1223, 'weights': 'uniform'}. Best is trial 76 with value: 0.32005419574776167.
running
[I 2024-09-26 12:32:13,072] Trial 112 finished with value: 0.3219030661595853 and parameters: {'model_name': 'KNNImputer', 'n_neighbors': 1345, 'weights': 'uniform'}. Best is trial 76 with value: 0.32005419574776167.
running
[I 2024-09-26 12:32:18,946] Trial 113 finished with value: 0.32190952368193243 and parameters: {'model_name': 'KNNImputer', 'n_neighbors': 1245, 'weights': 'uniform'}. Best is trial 76 with value: 0.32005419574776167.
running
[I 2024-09-26 12:32:23,760] Trial 114 finished with value: 0.3852320312019999 and parameters: {'model_name': 'KNNImputer', 'n_neighbors': 1012, 'weights': 'distance'}. Best is trial 76 with value: 0.32005419574776167.
running
[I 2024-09-26 12:32:33,709] Trial 116 finished with value: 0.3200940242635444 and parameters: {'model_name': 'KNNImputer', 'n_neighbors': 186, 'weights': 'uniform'}. Best is trial 76 with value: 0.32005419574776167.
running
[I 2024-09-26 12:32:35,377] Trial 115 finished with value: 0.3876877050843317 and parameters: {'model_name': 'KNNImputer', 'n_neighbors': 12649, 'weights': 'distance'}. Best is trial 76 with value: 0.32005419574776167.
running
[I 2024-09-26 12:32:44,299] Trial 117 finished with value: 0.32032469731638114 and parameters: {'model_name': 'KNNImputer', 'n_neighbors': 229, 'weights': 'uniform'}. Best is trial 76 with value: 0.32005419574776167.
running
[I 2024-09-26 12:32:45,550] Trial 118 finished with value: 0.32010606047705326 and parameters: {'model_name': 'KNNImputer', 'n_neighbors': 125, 'weights': 'uniform'}. Best is trial 76 with value: 0.32005419574776167.
running
[I 2024-09-26 12:32:50,171] Trial 120 finished with value: 0.3377750781902388 and parameters: {'model_name': 'VAE', 'batch_size': 348, 'iterations': 15, 'learning_rate': 0.027594969548653977, 'p_miss': 0.1236489955637247}. Best is trial 76 with value: 0.32005419574776167.
running
[I 2024-09-26 12:32:54,086] Trial 119 finished with value: 0.32019584195005135 and parameters: {'model_name': 'KNNImputer', 'n_neighbors': 84, 'weights': 'uniform'}. Best is trial 76 with value: 0.32005419574776167.
running
[I 2024-09-26 12:33:01,807] Trial 121 finished with value: 0.3218037160505968 and parameters: {'model_name': 'KNNImputer', 'n_neighbors': 1018, 'weights': 'uniform'}. Best is trial 76 with value: 0.32005419574776167.
running
[I 2024-09-26 12:33:04,429] Trial 122 finished with value: 0.32191750731452384 and parameters: {'model_name': 'KNNImputer', 'n_neighbors': 1157, 'weights': 'uniform'}. Best is trial 76 with value: 0.32005419574776167.
running
[I 2024-09-26 12:34:18,066] Trial 123 finished with value: 0.4902286447569223 and parameters: {'model_name': 'GAIN', 'batch_size': 78, 'hint_rate': 0.9692205659340165, 'alpha': 100, 'iterations': 1248, 'learning_rate': 0.005315467176714917, 'p_miss': 0.24748708692201632}. Best is trial 76 with value: 0.32005419574776167.
running
[I 2024-09-26 12:34:18,549] Trial 125 finished with value: 0.4409318541358938 and parameters: {'model_name': 'SimpleImputer', 'strategy': 'most_frequent'}. Best is trial 76 with value: 0.32005419574776167.
running
[I 2024-09-26 12:34:28,154] Trial 126 finished with value: 0.32340251824263266 and parameters: {'model_name': 'KNNImputer', 'n_neighbors': 35, 'weights': 'uniform'}. Best is trial 76 with value: 0.32005419574776167.
running
[I 2024-09-26 12:34:29,752] Trial 124 finished with value: 0.48121023262450013 and parameters: {'model_name': 'GAIN', 'batch_size': 48, 'hint_rate': 0.9769449803468832, 'alpha': 100, 'iterations': 1364, 'learning_rate': 0.004860897139816331, 'p_miss': 0.23849785622868294}. Best is trial 76 with value: 0.32005419574776167.
running
[I 2024-09-26 12:34:39,518] Trial 127 finished with value: 0.3214335447602473 and parameters: {'model_name': 'KNNImputer', 'n_neighbors': 766, 'weights': 'uniform'}. Best is trial 76 with value: 0.32005419574776167.
running
[I 2024-09-26 12:34:40,348] Trial 128 finished with value: 0.32159194615005626 and parameters: {'model_name': 'KNNImputer', 'n_neighbors': 867, 'weights': 'uniform'}. Best is trial 76 with value: 0.32005419574776167.
running
[I 2024-09-26 12:34:50,270] Trial 129 finished with value: 0.3323835782008635 and parameters: {'model_name': 'KNNImputer', 'n_neighbors': 13, 'weights': 'uniform'}. Best is trial 76 with value: 0.32005419574776167.
running
[I 2024-09-26 12:34:51,925] Trial 130 finished with value: 0.32357711976501785 and parameters: {'model_name': 'KNNImputer', 'n_neighbors': 3124, 'weights': 'uniform'}. Best is trial 76 with value: 0.32005419574776167.
running
[I 2024-09-26 12:35:02,729] Trial 131 finished with value: 0.3366405586673731 and parameters: {'model_name': 'KNNImputer', 'n_neighbors': 24856, 'weights': 'uniform'}. Best is trial 76 with value: 0.32005419574776167.
running
[I 2024-09-26 12:35:04,455] Trial 132 finished with value: 0.32868574060612754 and parameters: {'model_name': 'KNNImputer', 'n_neighbors': 7810, 'weights': 'uniform'}. Best is trial 76 with value: 0.32005419574776167.
running
[I 2024-09-26 12:35:15,289] Trial 134 finished with value: 0.32341076483740255 and parameters: {'model_name': 'KNNImputer', 'n_neighbors': 2985, 'weights': 'uniform'}. Best is trial 76 with value: 0.32005419574776167.
running
[I 2024-09-26 12:35:16,257] Trial 133 finished with value: 0.32946555974381575 and parameters: {'model_name': 'KNNImputer', 'n_neighbors': 8670, 'weights': 'uniform'}. Best is trial 76 with value: 0.32005419574776167.
running
[I 2024-09-26 12:35:26,308] Trial 135 finished with value: 0.322704196367675 and parameters: {'model_name': 'KNNImputer', 'n_neighbors': 2247, 'weights': 'uniform'}. Best is trial 76 with value: 0.32005419574776167.
running
[I 2024-09-26 12:35:27,391] Trial 136 finished with value: 0.32112235724546767 and parameters: {'model_name': 'KNNImputer', 'n_neighbors': 668, 'weights': 'uniform'}. Best is trial 76 with value: 0.32005419574776167.
running
[I 2024-09-26 12:35:37,389] Trial 137 finished with value: 0.32136751676098063 and parameters: {'model_name': 'KNNImputer', 'n_neighbors': 747, 'weights': 'uniform'}. Best is trial 76 with value: 0.32005419574776167.
running
[I 2024-09-26 12:35:38,529] Trial 138 finished with value: 0.32112635192912775 and parameters: {'model_name': 'KNNImputer', 'n_neighbors': 664, 'weights': 'uniform'}. Best is trial 76 with value: 0.32005419574776167.
running
[I 2024-09-26 12:35:47,219] Trial 139 finished with value: 0.32092385804404266 and parameters: {'model_name': 'KNNImputer', 'n_neighbors': 68, 'weights': 'uniform'}. Best is trial 76 with value: 0.32005419574776167.
running
[I 2024-09-26 12:35:50,257] Trial 140 finished with value: 0.325104715037416 and parameters: {'model_name': 'KNNImputer', 'n_neighbors': 4396, 'weights': 'uniform'}. Best is trial 76 with value: 0.32005419574776167.
running
[I 2024-09-26 12:36:08,430] Trial 141 finished with value: 0.36326329839231425 and parameters: {'model_name': 'VAE', 'batch_size': 3, 'iterations': 169, 'learning_rate': 0.031625290195703315, 'p_miss': 0.11864307388398079}. Best is trial 76 with value: 0.32005419574776167.
running
[I 2024-09-26 12:36:11,324] Trial 142 finished with value: 0.34088576524145486 and parameters: {'model_name': 'VAE', 'batch_size': 32, 'iterations': 184, 'learning_rate': 0.03106728168601566, 'p_miss': 0.11576336887667212}. Best is trial 76 with value: 0.32005419574776167.
running
[I 2024-09-26 12:36:19,240] Trial 143 finished with value: 0.3224589934456782 and parameters: {'model_name': 'KNNImputer', 'n_neighbors': 1989, 'weights': 'uniform'}. Best is trial 76 with value: 0.32005419574776167.
running
[I 2024-09-26 12:36:22,752] Trial 144 finished with value: 0.3223908572249586 and parameters: {'model_name': 'KNNImputer', 'n_neighbors': 1929, 'weights': 'uniform'}. Best is trial 76 with value: 0.32005419574776167.
running
[I 2024-09-26 12:36:30,462] Trial 145 finished with value: 0.3222463888361634 and parameters: {'model_name': 'KNNImputer', 'n_neighbors': 1833, 'weights': 'uniform'}. Best is trial 76 with value: 0.32005419574776167.
running
[I 2024-09-26 12:36:33,964] Trial 146 finished with value: 0.32085514168105594 and parameters: {'model_name': 'KNNImputer', 'n_neighbors': 515, 'weights': 'uniform'}. Best is trial 76 with value: 0.32005419574776167.
running
[I 2024-09-26 12:36:41,451] Trial 147 finished with value: 0.32098338638224855 and parameters: {'model_name': 'KNNImputer', 'n_neighbors': 574, 'weights': 'uniform'}. Best is trial 76 with value: 0.32005419574776167.
running
[I 2024-09-26 12:36:44,829] Trial 148 finished with value: 0.3313463437276691 and parameters: {'model_name': 'KNNImputer', 'n_neighbors': 14, 'weights': 'uniform'}. Best is trial 76 with value: 0.32005419574776167.
running
[I 2024-09-26 12:36:51,773] Trial 149 finished with value: 0.3210218496231185 and parameters: {'model_name': 'KNNImputer', 'n_neighbors': 65, 'weights': 'uniform'}. Best is trial 76 with value: 0.32005419574776167.
running
[I 2024-09-26 12:36:55,479] Trial 150 finished with value: 0.3212208916901793 and parameters: {'model_name': 'KNNImputer', 'n_neighbors': 701, 'weights': 'uniform'}. Best is trial 76 with value: 0.32005419574776167.
running
[I 2024-09-26 12:36:55,721] Trial 152 finished with value: 0.40030260690545766 and parameters: {'model_name': 'SimpleImputer', 'strategy': 'median'}. Best is trial 76 with value: 0.32005419574776167.
running
[I 2024-09-26 12:37:02,681] Trial 151 finished with value: 0.32193025359943694 and parameters: {'model_name': 'KNNImputer', 'n_neighbors': 1395, 'weights': 'uniform'}. Best is trial 76 with value: 0.32005419574776167.
running
[I 2024-09-26 12:37:06,443] Trial 153 finished with value: 0.32192959555128087 and parameters: {'model_name': 'KNNImputer', 'n_neighbors': 1466, 'weights': 'uniform'}. Best is trial 76 with value: 0.32005419574776167.
running
[I 2024-09-26 12:37:13,922] Trial 154 finished with value: 0.3227781666269124 and parameters: {'model_name': 'KNNImputer', 'n_neighbors': 2412, 'weights': 'uniform'}. Best is trial 76 with value: 0.32005419574776167.
running
[I 2024-09-26 12:37:18,414] Trial 155 finished with value: 0.38547516287977 and parameters: {'model_name': 'KNNImputer', 'n_neighbors': 2604, 'weights': 'distance'}. Best is trial 76 with value: 0.32005419574776167.
running
[I 2024-09-26 12:37:23,846] Trial 156 finished with value: 0.32153663972089375 and parameters: {'model_name': 'KNNImputer', 'n_neighbors': 57, 'weights': 'uniform'}. Best is trial 76 with value: 0.32005419574776167.
running
[I 2024-09-26 12:37:29,519] Trial 157 finished with value: 0.3211293886098502 and parameters: {'model_name': 'KNNImputer', 'n_neighbors': 675, 'weights': 'uniform'}. Best is trial 76 with value: 0.32005419574776167.
running
[I 2024-09-26 12:37:34,004] Trial 158 finished with value: 0.32144421786719923 and parameters: {'model_name': 'KNNImputer', 'n_neighbors': 767, 'weights': 'uniform'}. Best is trial 76 with value: 0.32005419574776167.
running
[I 2024-09-26 12:37:43,821] Trial 160 finished with value: 0.32191562448093886 and parameters: {'model_name': 'KNNImputer', 'n_neighbors': 1493, 'weights': 'uniform'}. Best is trial 76 with value: 0.32005419574776167.
running
[I 2024-09-26 12:37:44,378] Trial 159 finished with value: 0.332435584533899 and parameters: {'model_name': 'KNNImputer', 'n_neighbors': 13055, 'weights': 'uniform'}. Best is trial 76 with value: 0.32005419574776167.
running
[I 2024-09-26 12:37:54,252] Trial 161 finished with value: 0.33015923365444205 and parameters: {'model_name': 'KNNImputer', 'n_neighbors': 15, 'weights': 'uniform'}. Best is trial 76 with value: 0.32005419574776167.
running
[I 2024-09-26 12:37:55,690] Trial 162 finished with value: 0.32189627261742615 and parameters: {'model_name': 'KNNImputer', 'n_neighbors': 1109, 'weights': 'uniform'}. Best is trial 76 with value: 0.32005419574776167.
running
[I 2024-09-26 12:38:05,160] Trial 163 finished with value: 0.3219272350902848 and parameters: {'model_name': 'KNNImputer', 'n_neighbors': 1209, 'weights': 'uniform'}. Best is trial 76 with value: 0.32005419574776167.
running
[I 2024-09-26 12:38:05,646] Trial 165 finished with value: 0.46190847776477123 and parameters: {'model_name': 'GAIN', 'batch_size': 10, 'hint_rate': 0.2975230543436441, 'alpha': 66, 'iterations': 1, 'learning_rate': 0.00021373006654553143, 'p_miss': 0.16729346089684344}. Best is trial 76 with value: 0.32005419574776167.
running
[I 2024-09-26 12:38:06,636] Trial 164 finished with value: 0.3210446807330317 and parameters: {'model_name': 'KNNImputer', 'n_neighbors': 625, 'weights': 'uniform'}. Best is trial 76 with value: 0.32005419574776167.
running
[I 2024-09-26 12:38:16,465] Trial 166 finished with value: 0.3211164122143189 and parameters: {'model_name': 'KNNImputer', 'n_neighbors': 680, 'weights': 'uniform'}. Best is trial 76 with value: 0.32005419574776167.
running
[I 2024-09-26 12:38:17,779] Trial 167 finished with value: 0.3208897967304152 and parameters: {'model_name': 'KNNImputer', 'n_neighbors': 523, 'weights': 'uniform'}. Best is trial 76 with value: 0.32005419574776167.
running
[I 2024-09-26 12:38:27,492] Trial 168 finished with value: 0.32206642692123844 and parameters: {'model_name': 'KNNImputer', 'n_neighbors': 1683, 'weights': 'uniform'}. Best is trial 76 with value: 0.32005419574776167.
running
[I 2024-09-26 12:38:28,974] Trial 169 finished with value: 0.3220781336735043 and parameters: {'model_name': 'KNNImputer', 'n_neighbors': 1698, 'weights': 'uniform'}. Best is trial 76 with value: 0.32005419574776167.
running
[I 2024-09-26 12:38:37,725] Trial 170 finished with value: 0.3276130183479072 and parameters: {'model_name': 'KNNImputer', 'n_neighbors': 20, 'weights': 'uniform'}. Best is trial 76 with value: 0.32005419574776167.
running
[I 2024-09-26 12:38:39,390] Trial 171 finished with value: 0.3205757993181373 and parameters: {'model_name': 'KNNImputer', 'n_neighbors': 375, 'weights': 'uniform'}. Best is trial 76 with value: 0.32005419574776167.
running
[I 2024-09-26 12:38:50,093] Trial 173 finished with value: 0.32186643060831993 and parameters: {'model_name': 'KNNImputer', 'n_neighbors': 1074, 'weights': 'uniform'}. Best is trial 76 with value: 0.32005419574776167.
running
[I 2024-09-26 12:38:53,622] Trial 172 finished with value: 0.3875013239538547 and parameters: {'model_name': 'KNNImputer', 'n_neighbors': 11429, 'weights': 'distance'}. Best is trial 76 with value: 0.32005419574776167.
running
[I 2024-09-26 12:38:53,809] Trial 175 finished with value: 0.4409318541358938 and parameters: {'model_name': 'SimpleImputer', 'strategy': 'constant'}. Best is trial 76 with value: 0.32005419574776167.
running
[I 2024-09-26 12:39:01,356] Trial 174 finished with value: 0.3851012199476962 and parameters: {'model_name': 'KNNImputer', 'n_neighbors': 519, 'weights': 'distance'}. Best is trial 76 with value: 0.32005419574776167.
running
[I 2024-09-26 12:39:04,607] Trial 176 finished with value: 0.3207027726634105 and parameters: {'model_name': 'KNNImputer', 'n_neighbors': 465, 'weights': 'uniform'}. Best is trial 76 with value: 0.32005419574776167.
running
[I 2024-09-26 12:39:12,077] Trial 177 finished with value: 0.3207043096365141 and parameters: {'model_name': 'KNNImputer', 'n_neighbors': 464, 'weights': 'uniform'}. Best is trial 76 with value: 0.32005419574776167.
running
[I 2024-09-26 12:39:15,431] Trial 178 finished with value: 0.3219097776098301 and parameters: {'model_name': 'KNNImputer', 'n_neighbors': 1132, 'weights': 'uniform'}. Best is trial 76 with value: 0.32005419574776167.
running
[I 2024-09-26 12:39:23,265] Trial 179 finished with value: 0.32192149717352914 and parameters: {'model_name': 'KNNImputer', 'n_neighbors': 1154, 'weights': 'uniform'}. Best is trial 76 with value: 0.32005419574776167.
running
[I 2024-09-26 12:39:26,063] Trial 180 finished with value: 0.32153663972089375 and parameters: {'model_name': 'KNNImputer', 'n_neighbors': 57, 'weights': 'uniform'}. Best is trial 76 with value: 0.32005419574776167.
running
[I 2024-09-26 12:39:33,621] Trial 181 finished with value: 0.3243715349305084 and parameters: {'model_name': 'KNNImputer', 'n_neighbors': 31, 'weights': 'uniform'}. Best is trial 76 with value: 0.32005419574776167.
running
[I 2024-09-26 12:39:37,335] Trial 182 finished with value: 0.3240609237734243 and parameters: {'model_name': 'KNNImputer', 'n_neighbors': 3540, 'weights': 'uniform'}. Best is trial 76 with value: 0.32005419574776167.
running
[I 2024-09-26 12:39:44,986] Trial 183 finished with value: 0.3223311088592181 and parameters: {'model_name': 'KNNImputer', 'n_neighbors': 1884, 'weights': 'uniform'}. Best is trial 76 with value: 0.32005419574776167.
running
[I 2024-09-26 12:39:47,986] Trial 184 finished with value: 0.322398094659665 and parameters: {'model_name': 'KNNImputer', 'n_neighbors': 1932, 'weights': 'uniform'}. Best is trial 76 with value: 0.32005419574776167.
running
[I 2024-09-26 12:39:58,043] Trial 186 finished with value: 0.32065449219153364 and parameters: {'model_name': 'KNNImputer', 'n_neighbors': 433, 'weights': 'uniform'}. Best is trial 76 with value: 0.32005419574776167.
running
[I 2024-09-26 12:39:59,594] Trial 185 finished with value: 0.33398691399714053 and parameters: {'model_name': 'KNNImputer', 'n_neighbors': 15482, 'weights': 'uniform'}. Best is trial 76 with value: 0.32005419574776167.
running
[I 2024-09-26 12:40:08,582] Trial 187 finished with value: 0.3208397835500606 and parameters: {'model_name': 'KNNImputer', 'n_neighbors': 513, 'weights': 'uniform'}. Best is trial 76 with value: 0.32005419574776167.
running
[I 2024-09-26 12:40:10,076] Trial 188 finished with value: 0.3208203582486967 and parameters: {'model_name': 'KNNImputer', 'n_neighbors': 505, 'weights': 'uniform'}. Best is trial 76 with value: 0.32005419574776167.
running
[I 2024-09-26 12:40:19,110] Trial 189 finished with value: 0.32178346571363703 and parameters: {'model_name': 'KNNImputer', 'n_neighbors': 1011, 'weights': 'uniform'}. Best is trial 76 with value: 0.32005419574776167.
running
[I 2024-09-26 12:40:20,674] Trial 190 finished with value: 0.3216941111324759 and parameters: {'model_name': 'KNNImputer', 'n_neighbors': 922, 'weights': 'uniform'}. Best is trial 76 with value: 0.32005419574776167.
running
[I 2024-09-26 12:40:22,570] Trial 192 finished with value: 0.43291937655392854 and parameters: {'model_name': 'VAE', 'batch_size': 2, 'iterations': 19, 'learning_rate': 0.00047321250767447877, 'p_miss': 0.03775287005623654}. Best is trial 76 with value: 0.32005419574776167.
running
[I 2024-09-26 12:40:29,953] Trial 191 finished with value: 0.3219157520680028 and parameters: {'model_name': 'KNNImputer', 'n_neighbors': 1488, 'weights': 'uniform'}. Best is trial 76 with value: 0.32005419574776167.
running
[I 2024-09-26 12:40:33,206] Trial 193 finished with value: 0.32064651371441294 and parameters: {'model_name': 'KNNImputer', 'n_neighbors': 401, 'weights': 'uniform'}. Best is trial 76 with value: 0.32005419574776167.
running
[I 2024-09-26 12:40:39,388] Trial 194 finished with value: 0.3205473731330611 and parameters: {'model_name': 'KNNImputer', 'n_neighbors': 340, 'weights': 'uniform'}. Best is trial 76 with value: 0.32005419574776167.
running
[I 2024-09-26 12:40:48,327] Trial 196 finished with value: 0.32065969645163267 and parameters: {'model_name': 'KNNImputer', 'n_neighbors': 408, 'weights': 'uniform'}. Best is trial 76 with value: 0.32005419574776167.
running
[I 2024-09-26 12:40:57,580] Trial 197 finished with value: 0.3218969041609202 and parameters: {'model_name': 'KNNImputer', 'n_neighbors': 1332, 'weights': 'uniform'}. Best is trial 76 with value: 0.32005419574776167.
running
[I 2024-09-26 12:41:07,765] Trial 198 finished with value: 0.3216153380735869 and parameters: {'model_name': 'KNNImputer', 'n_neighbors': 877, 'weights': 'uniform'}. Best is trial 76 with value: 0.32005419574776167.
running
[I 2024-09-26 12:41:17,627] Trial 199 finished with value: 0.3288016079380882 and parameters: {'model_name': 'KNNImputer', 'n_neighbors': 17, 'weights': 'uniform'}. Best is trial 76 with value: 0.32005419574776167.
[I 2024-09-26 12:42:17,912] Trial 195 finished with value: 0.4768835357148813 and parameters: {'model_name': 'GAIN', 'batch_size': 398, 'hint_rate': 0.7755260490247748, 'alpha': 32, 'iterations': 2449, 'learning_rate': 0.005243396149769, 'p_miss': 0.15066092619488003}. Best is trial 76 with value: 0.32005419574776167.
[I 2024-09-26 12:43:46,218] Trial 38 finished with value: 0.3517533652705592 and parameters: {'model_name': 'IterativeImputer', 'estimator': 'RFR', 'initial_strategy': 'most_frequent', 'n_nearest_features': 6, 'imputation_order': 'ascending'}. Best is trial 76 with value: 0.32005419574776167.
[I 2024-09-26 12:49:43,288] Trial 37 finished with value: 0.34539633494187755 and parameters: {'model_name': 'IterativeImputer', 'estimator': 'RFR', 'initial_strategy': 'most_frequent', 'n_nearest_features': 7, 'imputation_order': 'random'}. Best is trial 76 with value: 0.32005419574776167.
[I 2024-09-26 12:49:51,886] Trial 35 finished with value: 0.3434616147556374 and parameters: {'model_name': 'IterativeImputer', 'estimator': 'RFR', 'initial_strategy': 'most_frequent', 'n_nearest_features': 7, 'imputation_order': 'roman'}. Best is trial 76 with value: 0.32005419574776167.
[I 2024-09-26 12:50:46,841] Trial 43 finished with value: 0.34658210726869665 and parameters: {'model_name': 'IterativeImputer', 'estimator': 'RFR', 'initial_strategy': 'mean', 'n_nearest_features': 7, 'imputation_order': 'descending'}. Best is trial 76 with value: 0.32005419574776167.
[I 2024-09-26 12:54:06,281] Trial 36 finished with value: 0.33925118087218353 and parameters: {'model_name': 'IterativeImputer', 'estimator': 'RFR', 'initial_strategy': 'most_frequent', 'n_nearest_features': 8, 'imputation_order': 'random'}. Best is trial 76 with value: 0.32005419574776167.
[I 2024-09-26 12:54:32,694] Trial 42 finished with value: 0.33932926661848156 and parameters: {'model_name': 'IterativeImputer', 'estimator': 'RFR', 'initial_strategy': 'mean', 'n_nearest_features': 8, 'imputation_order': 'descending'}. Best is trial 76 with value: 0.32005419574776167.
[I 2024-09-26 12:54:35,512] Trial 45 finished with value: 0.338568890468948 and parameters: {'model_name': 'IterativeImputer', 'estimator': 'RFR', 'initial_strategy': 'mean', 'n_nearest_features': 9, 'imputation_order': 'descending'}. Best is trial 76 with value: 0.32005419574776167.
[I 2024-09-26 12:54:50,951] Trial 47 finished with value: 0.33906675646400075 and parameters: {'model_name': 'IterativeImputer', 'estimator': 'RFR', 'initial_strategy': 'mean', 'n_nearest_features': 9, 'imputation_order': 'random'}. Best is trial 76 with value: 0.32005419574776167.
[I 2024-09-26 13:01:14,630] Trial 52 finished with value: 0.3397535912328892 and parameters: {'model_name': 'IterativeImputer', 'estimator': 'RFR', 'initial_strategy': 'most_frequent', 'n_nearest_features': 9, 'imputation_order': 'random'}. Best is trial 76 with value: 0.32005419574776167.
[I 2024-09-26 13:06:18,640] Trial 62 finished with value: 0.3386276117507081 and parameters: {'model_name': 'IterativeImputer', 'estimator': 'RFR', 'initial_strategy': 'most_frequent', 'n_nearest_features': 9, 'imputation_order': 'descending'}. Best is trial 76 with value: 0.32005419574776167.
[I 2024-09-26 13:06:21,010] Trial 61 finished with value: 0.33852128665449877 and parameters: {'model_name': 'IterativeImputer', 'estimator': 'RFR', 'initial_strategy': 'most_frequent', 'n_nearest_features': 9, 'imputation_order': 'descending'}. Best is trial 76 with value: 0.32005419574776167.
[I 2024-09-26 13:07:16,551] Trial 63 finished with value: 0.3392045170348617 and parameters: {'model_name': 'IterativeImputer', 'estimator': 'RFR', 'initial_strategy': 'most_frequent', 'n_nearest_features': 9, 'imputation_order': 'ascending'}. Best is trial 76 with value: 0.32005419574776167.
[I 2024-09-26 13:08:01,012] Trial 64 finished with value: 0.33965431491425585 and parameters: {'model_name': 'IterativeImputer', 'estimator': 'RFR', 'initial_strategy': 'most_frequent', 'n_nearest_features': 9, 'imputation_order': 'ascending'}. Best is trial 76 with value: 0.32005419574776167.
[I 2024-09-26 13:13:33,007] Trial 72 finished with value: 0.3397536326889588 and parameters: {'model_name': 'IterativeImputer', 'estimator': 'RFR', 'initial_strategy': 'most_frequent', 'n_nearest_features': 9, 'imputation_order': 'random'}. Best is trial 76 with value: 0.32005419574776167.
fit
auto fit
auto transform
0    0
1    0
2    0
3    0
4    0
5    0
6    0
7    0
8    0
dtype: int64
0    0
1    0
2    0
3    0
4    0
5    0
6    0
7    0
8    0
dtype: int64
0.32005419574776167
{'model_name': 'KNNImputer', 'n_neighbors': 150, 'weights': 'uniform'}
running experiment 2/3 - Does reconstruction give good automl predictions
Start est fit
Version 0.1.7a0 of tpot2 is outdated. Version 0.1.8a0 was released Tuesday September 17, 2024.
Version 0.1.7a0 of tpot2 is outdated. Version 0.1.8a0 was released Tuesday September 17, 2024.
Version 0.1.7a0 of tpot2 is outdated. Version 0.1.8a0 was released Tuesday September 17, 2024.
Version 0.1.7a0 of tpot2 is outdated. Version 0.1.8a0 was released Tuesday September 17, 2024.
Version 0.1.7a0 of tpot2 is outdated. Version 0.1.8a0 was released Tuesday September 17, 2024.
Version 0.1.7a0 of tpot2 is outdated. Version 0.1.8a0 was released Tuesday September 17, 2024.
Version 0.1.7a0 of tpot2 is outdated. Version 0.1.8a0 was released Tuesday September 17, 2024.
Version 0.1.7a0 of tpot2 is outdated. Version 0.1.8a0 was released Tuesday September 17, 2024.
Version 0.1.7a0 of tpot2 is outdated. Version 0.1.8a0 was released Tuesday September 17, 2024.
Version 0.1.7a0 of tpot2 is outdated. Version 0.1.8a0 was released Tuesday September 17, 2024.
Version 0.1.7a0 of tpot2 is outdated. Version 0.1.8a0 was released Tuesday September 17, 2024.
Version 0.1.7a0 of tpot2 is outdated. Version 0.1.8a0 was released Tuesday September 17, 2024.
Version 0.1.7a0 of tpot2 is outdated. Version 0.1.8a0 was released Tuesday September 17, 2024.
Version 0.1.7a0 of tpot2 is outdated. Version 0.1.8a0 was released Tuesday September 17, 2024.
Version 0.1.7a0 of tpot2 is outdated. Version 0.1.8a0 was released Tuesday September 17, 2024.
Version 0.1.7a0 of tpot2 is outdated. Version 0.1.8a0 was released Tuesday September 17, 2024.
  0%|          | 0/25 [00:00<?, ?it/s]Generation:   0%|          | 0/25 [00:00<?, ?it/s]WARNING THIS INDIVIDUAL CAUSED AND EXCEPTION 
 <tpot2.search_spaces.pipelines.sequential.SequentialPipelineIndividual object at 0x1554746f80a0> 
 The 'criterion' parameter of ExtraTreesRegressor must be a str among {'friedman_mse', 'poisson', 'absolute_error', 'squared_error'}. Got 'mae' instead. 
 Traceback (most recent call last):
  File "/common/ketrong/tpotexp/tpot2/tpot2/utils/eval_utils.py", line 53, in objective_nan_wrapper
    value = func_timeout.func_timeout(timeout, objective_function, args=[individual], kwargs=objective_kwargs)
  File "/common/ketrong/tpotexp/env/lib/python3.10/site-packages/func_timeout/dafunc.py", line 108, in func_timeout
    raise_exception(exception)
  File "/common/ketrong/tpotexp/env/lib/python3.10/site-packages/func_timeout/py3_raise.py", line 7, in raise_exception
    raise exception[0] from None
  File "/common/ketrong/tpotexp/tpot2/tpot2/tpot_estimator/estimator.py", line 623, in objective_function
    return objective_function_generator(
  File "/common/ketrong/tpotexp/tpot2/tpot2/tpot_estimator/estimator_utils.py", line 55, in objective_function_generator
    cv_obj_scores = cross_val_score_objective(sklearn.base.clone(pipeline),x,y,scorers=scorers, cv=cv , fold=step)
  File "/common/ketrong/tpotexp/tpot2/tpot2/tpot_estimator/cross_val_utils.py", line 28, in cross_val_score_objective
    this_fold_pipeline.fit(X_train,y_train)
  File "/common/ketrong/tpotexp/env/lib/python3.10/site-packages/sklearn/base.py", line 1473, in wrapper
    return fit_method(estimator, *args, **kwargs)
  File "/common/ketrong/tpotexp/env/lib/python3.10/site-packages/sklearn/pipeline.py", line 473, in fit
    self._final_estimator.fit(Xt, y, **last_step_params["fit"])
  File "/common/ketrong/tpotexp/env/lib/python3.10/site-packages/sklearn/base.py", line 1466, in wrapper
    estimator._validate_params()
  File "/common/ketrong/tpotexp/env/lib/python3.10/site-packages/sklearn/base.py", line 666, in _validate_params
    validate_parameter_constraints(
  File "/common/ketrong/tpotexp/env/lib/python3.10/site-packages/sklearn/utils/_param_validation.py", line 95, in validate_parameter_constraints
    raise InvalidParameterError(
sklearn.utils._param_validation.InvalidParameterError: The 'criterion' parameter of ExtraTreesRegressor must be a str among {'friedman_mse', 'poisson', 'absolute_error', 'squared_error'}. Got 'mae' instead.

Generation:  1
Best root_mean_squared_error score: -453.57066416965256
Generation:   4%|         | 1/25 [04:06<1:38:26, 246.10s/it]WARNING THIS INDIVIDUAL CAUSED AND EXCEPTION 
 <tpot2.search_spaces.pipelines.sequential.SequentialPipelineIndividual object at 0x15547470b8e0> 
 The 'criterion' parameter of RandomForestRegressor must be a str among {'friedman_mse', 'poisson', 'absolute_error', 'squared_error'}. Got 'mse' instead. 
 Traceback (most recent call last):
  File "/common/ketrong/tpotexp/tpot2/tpot2/utils/eval_utils.py", line 53, in objective_nan_wrapper
    value = func_timeout.func_timeout(timeout, objective_function, args=[individual], kwargs=objective_kwargs)
  File "/common/ketrong/tpotexp/env/lib/python3.10/site-packages/func_timeout/dafunc.py", line 108, in func_timeout
    raise_exception(exception)
  File "/common/ketrong/tpotexp/env/lib/python3.10/site-packages/func_timeout/py3_raise.py", line 7, in raise_exception
    raise exception[0] from None
  File "/common/ketrong/tpotexp/tpot2/tpot2/tpot_estimator/estimator.py", line 623, in objective_function
    return objective_function_generator(
  File "/common/ketrong/tpotexp/tpot2/tpot2/tpot_estimator/estimator_utils.py", line 55, in objective_function_generator
    cv_obj_scores = cross_val_score_objective(sklearn.base.clone(pipeline),x,y,scorers=scorers, cv=cv , fold=step)
  File "/common/ketrong/tpotexp/tpot2/tpot2/tpot_estimator/cross_val_utils.py", line 28, in cross_val_score_objective
    this_fold_pipeline.fit(X_train,y_train)
  File "/common/ketrong/tpotexp/env/lib/python3.10/site-packages/sklearn/base.py", line 1473, in wrapper
    return fit_method(estimator, *args, **kwargs)
  File "/common/ketrong/tpotexp/env/lib/python3.10/site-packages/sklearn/pipeline.py", line 473, in fit
    self._final_estimator.fit(Xt, y, **last_step_params["fit"])
  File "/common/ketrong/tpotexp/env/lib/python3.10/site-packages/sklearn/base.py", line 1466, in wrapper
    estimator._validate_params()
  File "/common/ketrong/tpotexp/env/lib/python3.10/site-packages/sklearn/base.py", line 666, in _validate_params
    validate_parameter_constraints(
  File "/common/ketrong/tpotexp/env/lib/python3.10/site-packages/sklearn/utils/_param_validation.py", line 95, in validate_parameter_constraints
    raise InvalidParameterError(
sklearn.utils._param_validation.InvalidParameterError: The 'criterion' parameter of RandomForestRegressor must be a str among {'friedman_mse', 'poisson', 'absolute_error', 'squared_error'}. Got 'mse' instead.

WARNING THIS INDIVIDUAL CAUSED AND EXCEPTION 
 <tpot2.search_spaces.pipelines.sequential.SequentialPipelineIndividual object at 0x155474710f70> 
 The 'criterion' parameter of RandomForestRegressor must be a str among {'friedman_mse', 'poisson', 'absolute_error', 'squared_error'}. Got 'mae' instead. 
 Traceback (most recent call last):
  File "/common/ketrong/tpotexp/tpot2/tpot2/utils/eval_utils.py", line 53, in objective_nan_wrapper
    value = func_timeout.func_timeout(timeout, objective_function, args=[individual], kwargs=objective_kwargs)
  File "/common/ketrong/tpotexp/env/lib/python3.10/site-packages/func_timeout/dafunc.py", line 108, in func_timeout
    raise_exception(exception)
  File "/common/ketrong/tpotexp/env/lib/python3.10/site-packages/func_timeout/py3_raise.py", line 7, in raise_exception
    raise exception[0] from None
  File "/common/ketrong/tpotexp/tpot2/tpot2/tpot_estimator/estimator.py", line 623, in objective_function
    return objective_function_generator(
  File "/common/ketrong/tpotexp/tpot2/tpot2/tpot_estimator/estimator_utils.py", line 55, in objective_function_generator
    cv_obj_scores = cross_val_score_objective(sklearn.base.clone(pipeline),x,y,scorers=scorers, cv=cv , fold=step)
  File "/common/ketrong/tpotexp/tpot2/tpot2/tpot_estimator/cross_val_utils.py", line 28, in cross_val_score_objective
    this_fold_pipeline.fit(X_train,y_train)
  File "/common/ketrong/tpotexp/env/lib/python3.10/site-packages/sklearn/base.py", line 1473, in wrapper
    return fit_method(estimator, *args, **kwargs)
  File "/common/ketrong/tpotexp/env/lib/python3.10/site-packages/sklearn/pipeline.py", line 473, in fit
    self._final_estimator.fit(Xt, y, **last_step_params["fit"])
  File "/common/ketrong/tpotexp/env/lib/python3.10/site-packages/sklearn/base.py", line 1466, in wrapper
    estimator._validate_params()
  File "/common/ketrong/tpotexp/env/lib/python3.10/site-packages/sklearn/base.py", line 666, in _validate_params
    validate_parameter_constraints(
  File "/common/ketrong/tpotexp/env/lib/python3.10/site-packages/sklearn/utils/_param_validation.py", line 95, in validate_parameter_constraints
    raise InvalidParameterError(
sklearn.utils._param_validation.InvalidParameterError: The 'criterion' parameter of RandomForestRegressor must be a str among {'friedman_mse', 'poisson', 'absolute_error', 'squared_error'}. Got 'mae' instead.

WARNING AN INDIVIDUAL TIMED OUT: 
 <tpot2.search_spaces.pipelines.sequential.SequentialPipelineIndividual object at 0x1554746ea440> 

Generation:  2
Best root_mean_squared_error score: -453.57066416965256
Generation:   8%|         | 2/25 [14:10<2:55:02, 456.61s/it]WARNING THIS INDIVIDUAL CAUSED AND EXCEPTION 
 <tpot2.search_spaces.pipelines.sequential.SequentialPipelineIndividual object at 0x1554746ea950> 
 The 'criterion' parameter of DecisionTreeRegressor must be a str among {'friedman_mse', 'poisson', 'absolute_error', 'squared_error'}. Got 'mae' instead. 
 Traceback (most recent call last):
  File "/common/ketrong/tpotexp/tpot2/tpot2/utils/eval_utils.py", line 53, in objective_nan_wrapper
    value = func_timeout.func_timeout(timeout, objective_function, args=[individual], kwargs=objective_kwargs)
  File "/common/ketrong/tpotexp/env/lib/python3.10/site-packages/func_timeout/dafunc.py", line 108, in func_timeout
    raise_exception(exception)
  File "/common/ketrong/tpotexp/env/lib/python3.10/site-packages/func_timeout/py3_raise.py", line 7, in raise_exception
    raise exception[0] from None
  File "/common/ketrong/tpotexp/tpot2/tpot2/tpot_estimator/estimator.py", line 623, in objective_function
    return objective_function_generator(
  File "/common/ketrong/tpotexp/tpot2/tpot2/tpot_estimator/estimator_utils.py", line 55, in objective_function_generator
    cv_obj_scores = cross_val_score_objective(sklearn.base.clone(pipeline),x,y,scorers=scorers, cv=cv , fold=step)
  File "/common/ketrong/tpotexp/tpot2/tpot2/tpot_estimator/cross_val_utils.py", line 28, in cross_val_score_objective
    this_fold_pipeline.fit(X_train,y_train)
  File "/common/ketrong/tpotexp/env/lib/python3.10/site-packages/sklearn/base.py", line 1473, in wrapper
    return fit_method(estimator, *args, **kwargs)
  File "/common/ketrong/tpotexp/env/lib/python3.10/site-packages/sklearn/pipeline.py", line 473, in fit
    self._final_estimator.fit(Xt, y, **last_step_params["fit"])
  File "/common/ketrong/tpotexp/env/lib/python3.10/site-packages/sklearn/base.py", line 1466, in wrapper
    estimator._validate_params()
  File "/common/ketrong/tpotexp/env/lib/python3.10/site-packages/sklearn/base.py", line 666, in _validate_params
    validate_parameter_constraints(
  File "/common/ketrong/tpotexp/env/lib/python3.10/site-packages/sklearn/utils/_param_validation.py", line 95, in validate_parameter_constraints
    raise InvalidParameterError(
sklearn.utils._param_validation.InvalidParameterError: The 'criterion' parameter of DecisionTreeRegressor must be a str among {'friedman_mse', 'poisson', 'absolute_error', 'squared_error'}. Got 'mae' instead.

Generation:  3
Best root_mean_squared_error score: -453.57066416965256
Generation:  12%|        | 3/25 [14:58<1:39:08, 270.39s/it]Generation:  4
Best root_mean_squared_error score: -453.57066416965256
Generation:  16%|        | 4/25 [20:57<1:46:47, 305.13s/it]WARNING THIS INDIVIDUAL CAUSED AND EXCEPTION 
 <tpot2.search_spaces.pipelines.sequential.SequentialPipelineIndividual object at 0x1554747250f0> 
 The 'criterion' parameter of RandomForestRegressor must be a str among {'friedman_mse', 'poisson', 'absolute_error', 'squared_error'}. Got 'mae' instead. 
 Traceback (most recent call last):
  File "/common/ketrong/tpotexp/tpot2/tpot2/utils/eval_utils.py", line 53, in objective_nan_wrapper
    value = func_timeout.func_timeout(timeout, objective_function, args=[individual], kwargs=objective_kwargs)
  File "/common/ketrong/tpotexp/env/lib/python3.10/site-packages/func_timeout/dafunc.py", line 108, in func_timeout
    raise_exception(exception)
  File "/common/ketrong/tpotexp/env/lib/python3.10/site-packages/func_timeout/py3_raise.py", line 7, in raise_exception
    raise exception[0] from None
  File "/common/ketrong/tpotexp/tpot2/tpot2/tpot_estimator/estimator.py", line 623, in objective_function
    return objective_function_generator(
  File "/common/ketrong/tpotexp/tpot2/tpot2/tpot_estimator/estimator_utils.py", line 55, in objective_function_generator
    cv_obj_scores = cross_val_score_objective(sklearn.base.clone(pipeline),x,y,scorers=scorers, cv=cv , fold=step)
  File "/common/ketrong/tpotexp/tpot2/tpot2/tpot_estimator/cross_val_utils.py", line 28, in cross_val_score_objective
    this_fold_pipeline.fit(X_train,y_train)
  File "/common/ketrong/tpotexp/env/lib/python3.10/site-packages/sklearn/base.py", line 1473, in wrapper
    return fit_method(estimator, *args, **kwargs)
  File "/common/ketrong/tpotexp/env/lib/python3.10/site-packages/sklearn/pipeline.py", line 473, in fit
    self._final_estimator.fit(Xt, y, **last_step_params["fit"])
  File "/common/ketrong/tpotexp/env/lib/python3.10/site-packages/sklearn/base.py", line 1466, in wrapper
    estimator._validate_params()
  File "/common/ketrong/tpotexp/env/lib/python3.10/site-packages/sklearn/base.py", line 666, in _validate_params
    validate_parameter_constraints(
  File "/common/ketrong/tpotexp/env/lib/python3.10/site-packages/sklearn/utils/_param_validation.py", line 95, in validate_parameter_constraints
    raise InvalidParameterError(
sklearn.utils._param_validation.InvalidParameterError: The 'criterion' parameter of RandomForestRegressor must be a str among {'friedman_mse', 'poisson', 'absolute_error', 'squared_error'}. Got 'mae' instead.

WARNING THIS INDIVIDUAL CAUSED AND EXCEPTION 
 <tpot2.search_spaces.pipelines.sequential.SequentialPipelineIndividual object at 0x155467f13fd0> 
 The 'criterion' parameter of RandomForestRegressor must be a str among {'friedman_mse', 'poisson', 'absolute_error', 'squared_error'}. Got 'mae' instead. 
 Traceback (most recent call last):
  File "/common/ketrong/tpotexp/tpot2/tpot2/utils/eval_utils.py", line 53, in objective_nan_wrapper
    value = func_timeout.func_timeout(timeout, objective_function, args=[individual], kwargs=objective_kwargs)
  File "/common/ketrong/tpotexp/env/lib/python3.10/site-packages/func_timeout/dafunc.py", line 108, in func_timeout
    raise_exception(exception)
  File "/common/ketrong/tpotexp/env/lib/python3.10/site-packages/func_timeout/py3_raise.py", line 7, in raise_exception
    raise exception[0] from None
  File "/common/ketrong/tpotexp/tpot2/tpot2/tpot_estimator/estimator.py", line 623, in objective_function
    return objective_function_generator(
  File "/common/ketrong/tpotexp/tpot2/tpot2/tpot_estimator/estimator_utils.py", line 55, in objective_function_generator
    cv_obj_scores = cross_val_score_objective(sklearn.base.clone(pipeline),x,y,scorers=scorers, cv=cv , fold=step)
  File "/common/ketrong/tpotexp/tpot2/tpot2/tpot_estimator/cross_val_utils.py", line 28, in cross_val_score_objective
    this_fold_pipeline.fit(X_train,y_train)
  File "/common/ketrong/tpotexp/env/lib/python3.10/site-packages/sklearn/base.py", line 1473, in wrapper
    return fit_method(estimator, *args, **kwargs)
  File "/common/ketrong/tpotexp/env/lib/python3.10/site-packages/sklearn/pipeline.py", line 473, in fit
    self._final_estimator.fit(Xt, y, **last_step_params["fit"])
  File "/common/ketrong/tpotexp/env/lib/python3.10/site-packages/sklearn/base.py", line 1466, in wrapper
    estimator._validate_params()
  File "/common/ketrong/tpotexp/env/lib/python3.10/site-packages/sklearn/base.py", line 666, in _validate_params
    validate_parameter_constraints(
  File "/common/ketrong/tpotexp/env/lib/python3.10/site-packages/sklearn/utils/_param_validation.py", line 95, in validate_parameter_constraints
    raise InvalidParameterError(
sklearn.utils._param_validation.InvalidParameterError: The 'criterion' parameter of RandomForestRegressor must be a str among {'friedman_mse', 'poisson', 'absolute_error', 'squared_error'}. Got 'mae' instead.

WARNING THIS INDIVIDUAL CAUSED AND EXCEPTION 
 <tpot2.search_spaces.pipelines.sequential.SequentialPipelineIndividual object at 0x155467f5f490> 
 The 'criterion' parameter of ExtraTreesRegressor must be a str among {'friedman_mse', 'poisson', 'absolute_error', 'squared_error'}. Got 'mae' instead. 
 Traceback (most recent call last):
  File "/common/ketrong/tpotexp/tpot2/tpot2/utils/eval_utils.py", line 53, in objective_nan_wrapper
    value = func_timeout.func_timeout(timeout, objective_function, args=[individual], kwargs=objective_kwargs)
  File "/common/ketrong/tpotexp/env/lib/python3.10/site-packages/func_timeout/dafunc.py", line 108, in func_timeout
    raise_exception(exception)
  File "/common/ketrong/tpotexp/env/lib/python3.10/site-packages/func_timeout/py3_raise.py", line 7, in raise_exception
    raise exception[0] from None
  File "/common/ketrong/tpotexp/tpot2/tpot2/tpot_estimator/estimator.py", line 623, in objective_function
    return objective_function_generator(
  File "/common/ketrong/tpotexp/tpot2/tpot2/tpot_estimator/estimator_utils.py", line 55, in objective_function_generator
    cv_obj_scores = cross_val_score_objective(sklearn.base.clone(pipeline),x,y,scorers=scorers, cv=cv , fold=step)
  File "/common/ketrong/tpotexp/tpot2/tpot2/tpot_estimator/cross_val_utils.py", line 28, in cross_val_score_objective
    this_fold_pipeline.fit(X_train,y_train)
  File "/common/ketrong/tpotexp/env/lib/python3.10/site-packages/sklearn/base.py", line 1473, in wrapper
    return fit_method(estimator, *args, **kwargs)
  File "/common/ketrong/tpotexp/env/lib/python3.10/site-packages/sklearn/pipeline.py", line 473, in fit
    self._final_estimator.fit(Xt, y, **last_step_params["fit"])
  File "/common/ketrong/tpotexp/env/lib/python3.10/site-packages/sklearn/base.py", line 1466, in wrapper
    estimator._validate_params()
  File "/common/ketrong/tpotexp/env/lib/python3.10/site-packages/sklearn/base.py", line 666, in _validate_params
    validate_parameter_constraints(
  File "/common/ketrong/tpotexp/env/lib/python3.10/site-packages/sklearn/utils/_param_validation.py", line 95, in validate_parameter_constraints
    raise InvalidParameterError(
sklearn.utils._param_validation.InvalidParameterError: The 'criterion' parameter of ExtraTreesRegressor must be a str among {'friedman_mse', 'poisson', 'absolute_error', 'squared_error'}. Got 'mae' instead.

Generation:  5
Best root_mean_squared_error score: -453.57066416965256
Generation:  20%|        | 5/25 [28:15<1:57:43, 353.17s/it]WARNING THIS INDIVIDUAL CAUSED AND EXCEPTION 
 <tpot2.search_spaces.pipelines.sequential.SequentialPipelineIndividual object at 0x155474718160> 
 The 'criterion' parameter of RandomForestRegressor must be a str among {'friedman_mse', 'poisson', 'absolute_error', 'squared_error'}. Got 'mse' instead. 
 Traceback (most recent call last):
  File "/common/ketrong/tpotexp/tpot2/tpot2/utils/eval_utils.py", line 53, in objective_nan_wrapper
    value = func_timeout.func_timeout(timeout, objective_function, args=[individual], kwargs=objective_kwargs)
  File "/common/ketrong/tpotexp/env/lib/python3.10/site-packages/func_timeout/dafunc.py", line 108, in func_timeout
    raise_exception(exception)
  File "/common/ketrong/tpotexp/env/lib/python3.10/site-packages/func_timeout/py3_raise.py", line 7, in raise_exception
    raise exception[0] from None
  File "/common/ketrong/tpotexp/tpot2/tpot2/tpot_estimator/estimator.py", line 623, in objective_function
    return objective_function_generator(
  File "/common/ketrong/tpotexp/tpot2/tpot2/tpot_estimator/estimator_utils.py", line 55, in objective_function_generator
    cv_obj_scores = cross_val_score_objective(sklearn.base.clone(pipeline),x,y,scorers=scorers, cv=cv , fold=step)
  File "/common/ketrong/tpotexp/tpot2/tpot2/tpot_estimator/cross_val_utils.py", line 28, in cross_val_score_objective
    this_fold_pipeline.fit(X_train,y_train)
  File "/common/ketrong/tpotexp/env/lib/python3.10/site-packages/sklearn/base.py", line 1473, in wrapper
    return fit_method(estimator, *args, **kwargs)
  File "/common/ketrong/tpotexp/env/lib/python3.10/site-packages/sklearn/pipeline.py", line 473, in fit
    self._final_estimator.fit(Xt, y, **last_step_params["fit"])
  File "/common/ketrong/tpotexp/env/lib/python3.10/site-packages/sklearn/base.py", line 1466, in wrapper
    estimator._validate_params()
  File "/common/ketrong/tpotexp/env/lib/python3.10/site-packages/sklearn/base.py", line 666, in _validate_params
    validate_parameter_constraints(
  File "/common/ketrong/tpotexp/env/lib/python3.10/site-packages/sklearn/utils/_param_validation.py", line 95, in validate_parameter_constraints
    raise InvalidParameterError(
sklearn.utils._param_validation.InvalidParameterError: The 'criterion' parameter of RandomForestRegressor must be a str among {'friedman_mse', 'poisson', 'absolute_error', 'squared_error'}. Got 'mse' instead.

WARNING THIS INDIVIDUAL CAUSED AND EXCEPTION 
 <tpot2.search_spaces.pipelines.sequential.SequentialPipelineIndividual object at 0x1554746f8ee0> 
 The 'criterion' parameter of ExtraTreesRegressor must be a str among {'friedman_mse', 'poisson', 'absolute_error', 'squared_error'}. Got 'mae' instead. 
 Traceback (most recent call last):
  File "/common/ketrong/tpotexp/tpot2/tpot2/utils/eval_utils.py", line 53, in objective_nan_wrapper
    value = func_timeout.func_timeout(timeout, objective_function, args=[individual], kwargs=objective_kwargs)
  File "/common/ketrong/tpotexp/env/lib/python3.10/site-packages/func_timeout/dafunc.py", line 108, in func_timeout
    raise_exception(exception)
  File "/common/ketrong/tpotexp/env/lib/python3.10/site-packages/func_timeout/py3_raise.py", line 7, in raise_exception
    raise exception[0] from None
  File "/common/ketrong/tpotexp/tpot2/tpot2/tpot_estimator/estimator.py", line 623, in objective_function
    return objective_function_generator(
  File "/common/ketrong/tpotexp/tpot2/tpot2/tpot_estimator/estimator_utils.py", line 55, in objective_function_generator
    cv_obj_scores = cross_val_score_objective(sklearn.base.clone(pipeline),x,y,scorers=scorers, cv=cv , fold=step)
  File "/common/ketrong/tpotexp/tpot2/tpot2/tpot_estimator/cross_val_utils.py", line 28, in cross_val_score_objective
    this_fold_pipeline.fit(X_train,y_train)
  File "/common/ketrong/tpotexp/env/lib/python3.10/site-packages/sklearn/base.py", line 1473, in wrapper
    return fit_method(estimator, *args, **kwargs)
  File "/common/ketrong/tpotexp/env/lib/python3.10/site-packages/sklearn/pipeline.py", line 473, in fit
    self._final_estimator.fit(Xt, y, **last_step_params["fit"])
  File "/common/ketrong/tpotexp/env/lib/python3.10/site-packages/sklearn/base.py", line 1466, in wrapper
    estimator._validate_params()
  File "/common/ketrong/tpotexp/env/lib/python3.10/site-packages/sklearn/base.py", line 666, in _validate_params
    validate_parameter_constraints(
  File "/common/ketrong/tpotexp/env/lib/python3.10/site-packages/sklearn/utils/_param_validation.py", line 95, in validate_parameter_constraints
    raise InvalidParameterError(
sklearn.utils._param_validation.InvalidParameterError: The 'criterion' parameter of ExtraTreesRegressor must be a str among {'friedman_mse', 'poisson', 'absolute_error', 'squared_error'}. Got 'mae' instead.

Generation:  6
Best root_mean_squared_error score: -453.0773101210246
Generation:  24%|       | 6/25 [35:09<1:58:23, 373.87s/it]Generation:  7
Best root_mean_squared_error score: -453.0773101210246
Generation:  28%|       | 7/25 [35:48<1:19:18, 264.38s/it]WARNING THIS INDIVIDUAL CAUSED AND EXCEPTION 
 <tpot2.search_spaces.pipelines.sequential.SequentialPipelineIndividual object at 0x1554746e8a00> 
 The 'criterion' parameter of ExtraTreesRegressor must be a str among {'friedman_mse', 'poisson', 'absolute_error', 'squared_error'}. Got 'mae' instead. 
 Traceback (most recent call last):
  File "/common/ketrong/tpotexp/tpot2/tpot2/utils/eval_utils.py", line 53, in objective_nan_wrapper
    value = func_timeout.func_timeout(timeout, objective_function, args=[individual], kwargs=objective_kwargs)
  File "/common/ketrong/tpotexp/env/lib/python3.10/site-packages/func_timeout/dafunc.py", line 108, in func_timeout
    raise_exception(exception)
  File "/common/ketrong/tpotexp/env/lib/python3.10/site-packages/func_timeout/py3_raise.py", line 7, in raise_exception
    raise exception[0] from None
  File "/common/ketrong/tpotexp/tpot2/tpot2/tpot_estimator/estimator.py", line 623, in objective_function
    return objective_function_generator(
  File "/common/ketrong/tpotexp/tpot2/tpot2/tpot_estimator/estimator_utils.py", line 55, in objective_function_generator
    cv_obj_scores = cross_val_score_objective(sklearn.base.clone(pipeline),x,y,scorers=scorers, cv=cv , fold=step)
  File "/common/ketrong/tpotexp/tpot2/tpot2/tpot_estimator/cross_val_utils.py", line 28, in cross_val_score_objective
    this_fold_pipeline.fit(X_train,y_train)
  File "/common/ketrong/tpotexp/env/lib/python3.10/site-packages/sklearn/base.py", line 1473, in wrapper
    return fit_method(estimator, *args, **kwargs)
  File "/common/ketrong/tpotexp/env/lib/python3.10/site-packages/sklearn/pipeline.py", line 473, in fit
    self._final_estimator.fit(Xt, y, **last_step_params["fit"])
  File "/common/ketrong/tpotexp/env/lib/python3.10/site-packages/sklearn/base.py", line 1466, in wrapper
    estimator._validate_params()
  File "/common/ketrong/tpotexp/env/lib/python3.10/site-packages/sklearn/base.py", line 666, in _validate_params
    validate_parameter_constraints(
  File "/common/ketrong/tpotexp/env/lib/python3.10/site-packages/sklearn/utils/_param_validation.py", line 95, in validate_parameter_constraints
    raise InvalidParameterError(
sklearn.utils._param_validation.InvalidParameterError: The 'criterion' parameter of ExtraTreesRegressor must be a str among {'friedman_mse', 'poisson', 'absolute_error', 'squared_error'}. Got 'mae' instead.

Generation:  8
Best root_mean_squared_error score: -453.0773101210246
Generation:  32%|      | 8/25 [36:19<53:49, 189.98s/it]  Generation:  9
Best root_mean_squared_error score: -453.0773101210246
Generation:  36%|      | 9/25 [36:57<38:01, 142.62s/it]WARNING THIS INDIVIDUAL CAUSED AND EXCEPTION 
 <tpot2.search_spaces.pipelines.sequential.SequentialPipelineIndividual object at 0x1554746a3280> 
 The 'criterion' parameter of ExtraTreesRegressor must be a str among {'friedman_mse', 'poisson', 'absolute_error', 'squared_error'}. Got 'mae' instead. 
 Traceback (most recent call last):
  File "/common/ketrong/tpotexp/tpot2/tpot2/utils/eval_utils.py", line 53, in objective_nan_wrapper
    value = func_timeout.func_timeout(timeout, objective_function, args=[individual], kwargs=objective_kwargs)
  File "/common/ketrong/tpotexp/env/lib/python3.10/site-packages/func_timeout/dafunc.py", line 108, in func_timeout
    raise_exception(exception)
  File "/common/ketrong/tpotexp/env/lib/python3.10/site-packages/func_timeout/py3_raise.py", line 7, in raise_exception
    raise exception[0] from None
  File "/common/ketrong/tpotexp/tpot2/tpot2/tpot_estimator/estimator.py", line 623, in objective_function
    return objective_function_generator(
  File "/common/ketrong/tpotexp/tpot2/tpot2/tpot_estimator/estimator_utils.py", line 55, in objective_function_generator
    cv_obj_scores = cross_val_score_objective(sklearn.base.clone(pipeline),x,y,scorers=scorers, cv=cv , fold=step)
  File "/common/ketrong/tpotexp/tpot2/tpot2/tpot_estimator/cross_val_utils.py", line 28, in cross_val_score_objective
    this_fold_pipeline.fit(X_train,y_train)
  File "/common/ketrong/tpotexp/env/lib/python3.10/site-packages/sklearn/base.py", line 1473, in wrapper
    return fit_method(estimator, *args, **kwargs)
  File "/common/ketrong/tpotexp/env/lib/python3.10/site-packages/sklearn/pipeline.py", line 473, in fit
    self._final_estimator.fit(Xt, y, **last_step_params["fit"])
  File "/common/ketrong/tpotexp/env/lib/python3.10/site-packages/sklearn/base.py", line 1466, in wrapper
    estimator._validate_params()
  File "/common/ketrong/tpotexp/env/lib/python3.10/site-packages/sklearn/base.py", line 666, in _validate_params
    validate_parameter_constraints(
  File "/common/ketrong/tpotexp/env/lib/python3.10/site-packages/sklearn/utils/_param_validation.py", line 95, in validate_parameter_constraints
    raise InvalidParameterError(
sklearn.utils._param_validation.InvalidParameterError: The 'criterion' parameter of ExtraTreesRegressor must be a str among {'friedman_mse', 'poisson', 'absolute_error', 'squared_error'}. Got 'mae' instead.

Generation:  10
Best root_mean_squared_error score: -453.0773101210246
Generation:  40%|      | 10/25 [37:40<27:56, 111.78s/it]Generation:  11
Best root_mean_squared_error score: -453.0773101210246
Generation:  44%|     | 11/25 [38:28<21:33, 92.42s/it] WARNING THIS INDIVIDUAL CAUSED AND EXCEPTION 
 <tpot2.search_spaces.pipelines.sequential.SequentialPipelineIndividual object at 0x155467e02560> 
 The 'criterion' parameter of ExtraTreesRegressor must be a str among {'friedman_mse', 'poisson', 'absolute_error', 'squared_error'}. Got 'mae' instead. 
 Traceback (most recent call last):
  File "/common/ketrong/tpotexp/tpot2/tpot2/utils/eval_utils.py", line 53, in objective_nan_wrapper
    value = func_timeout.func_timeout(timeout, objective_function, args=[individual], kwargs=objective_kwargs)
  File "/common/ketrong/tpotexp/env/lib/python3.10/site-packages/func_timeout/dafunc.py", line 108, in func_timeout
    raise_exception(exception)
  File "/common/ketrong/tpotexp/env/lib/python3.10/site-packages/func_timeout/py3_raise.py", line 7, in raise_exception
    raise exception[0] from None
  File "/common/ketrong/tpotexp/tpot2/tpot2/tpot_estimator/estimator.py", line 623, in objective_function
    return objective_function_generator(
  File "/common/ketrong/tpotexp/tpot2/tpot2/tpot_estimator/estimator_utils.py", line 55, in objective_function_generator
    cv_obj_scores = cross_val_score_objective(sklearn.base.clone(pipeline),x,y,scorers=scorers, cv=cv , fold=step)
  File "/common/ketrong/tpotexp/tpot2/tpot2/tpot_estimator/cross_val_utils.py", line 28, in cross_val_score_objective
    this_fold_pipeline.fit(X_train,y_train)
  File "/common/ketrong/tpotexp/env/lib/python3.10/site-packages/sklearn/base.py", line 1473, in wrapper
    return fit_method(estimator, *args, **kwargs)
  File "/common/ketrong/tpotexp/env/lib/python3.10/site-packages/sklearn/pipeline.py", line 473, in fit
    self._final_estimator.fit(Xt, y, **last_step_params["fit"])
  File "/common/ketrong/tpotexp/env/lib/python3.10/site-packages/sklearn/base.py", line 1466, in wrapper
    estimator._validate_params()
  File "/common/ketrong/tpotexp/env/lib/python3.10/site-packages/sklearn/base.py", line 666, in _validate_params
    validate_parameter_constraints(
  File "/common/ketrong/tpotexp/env/lib/python3.10/site-packages/sklearn/utils/_param_validation.py", line 95, in validate_parameter_constraints
    raise InvalidParameterError(
sklearn.utils._param_validation.InvalidParameterError: The 'criterion' parameter of ExtraTreesRegressor must be a str among {'friedman_mse', 'poisson', 'absolute_error', 'squared_error'}. Got 'mae' instead.

Generation:  12
Best root_mean_squared_error score: -453.0773101210246
Generation:  48%|     | 12/25 [39:05<16:19, 75.37s/it]Generation:  13
Best root_mean_squared_error score: -452.96434264127276
Generation:  52%|    | 13/25 [40:04<14:03, 70.33s/it]Generation:  14
Best root_mean_squared_error score: -452.85727529321446
Generation:  56%|    | 14/25 [42:11<16:02, 87.52s/it]Generation:  15
Best root_mean_squared_error score: -452.85727529321446
Generation:  60%|    | 15/25 [42:34<11:20, 68.05s/it]WARNING THIS INDIVIDUAL CAUSED AND EXCEPTION 
 <tpot2.search_spaces.pipelines.sequential.SequentialPipelineIndividual object at 0x155467866800> 
 The 'criterion' parameter of RandomForestRegressor must be a str among {'friedman_mse', 'poisson', 'absolute_error', 'squared_error'}. Got 'mae' instead. 
 Traceback (most recent call last):
  File "/common/ketrong/tpotexp/tpot2/tpot2/utils/eval_utils.py", line 53, in objective_nan_wrapper
    value = func_timeout.func_timeout(timeout, objective_function, args=[individual], kwargs=objective_kwargs)
  File "/common/ketrong/tpotexp/env/lib/python3.10/site-packages/func_timeout/dafunc.py", line 108, in func_timeout
    raise_exception(exception)
  File "/common/ketrong/tpotexp/env/lib/python3.10/site-packages/func_timeout/py3_raise.py", line 7, in raise_exception
    raise exception[0] from None
  File "/common/ketrong/tpotexp/tpot2/tpot2/tpot_estimator/estimator.py", line 623, in objective_function
    return objective_function_generator(
  File "/common/ketrong/tpotexp/tpot2/tpot2/tpot_estimator/estimator_utils.py", line 55, in objective_function_generator
    cv_obj_scores = cross_val_score_objective(sklearn.base.clone(pipeline),x,y,scorers=scorers, cv=cv , fold=step)
  File "/common/ketrong/tpotexp/tpot2/tpot2/tpot_estimator/cross_val_utils.py", line 28, in cross_val_score_objective
    this_fold_pipeline.fit(X_train,y_train)
  File "/common/ketrong/tpotexp/env/lib/python3.10/site-packages/sklearn/base.py", line 1473, in wrapper
    return fit_method(estimator, *args, **kwargs)
  File "/common/ketrong/tpotexp/env/lib/python3.10/site-packages/sklearn/pipeline.py", line 473, in fit
    self._final_estimator.fit(Xt, y, **last_step_params["fit"])
  File "/common/ketrong/tpotexp/env/lib/python3.10/site-packages/sklearn/base.py", line 1466, in wrapper
    estimator._validate_params()
  File "/common/ketrong/tpotexp/env/lib/python3.10/site-packages/sklearn/base.py", line 666, in _validate_params
    validate_parameter_constraints(
  File "/common/ketrong/tpotexp/env/lib/python3.10/site-packages/sklearn/utils/_param_validation.py", line 95, in validate_parameter_constraints
    raise InvalidParameterError(
sklearn.utils._param_validation.InvalidParameterError: The 'criterion' parameter of RandomForestRegressor must be a str among {'friedman_mse', 'poisson', 'absolute_error', 'squared_error'}. Got 'mae' instead.

Generation:  16
Best root_mean_squared_error score: -452.85727529321446
Generation:  64%|   | 16/25 [44:09<11:24, 76.09s/it]Generation:  17
Best root_mean_squared_error score: -452.6046920191631
Generation:  68%|   | 17/25 [44:54<08:54, 66.87s/it]Generation:  18
Best root_mean_squared_error score: -452.6046920191631
Generation:  72%|  | 18/25 [45:51<07:26, 63.77s/it]Generation:  19
Best root_mean_squared_error score: -452.6046920191631
Generation:  76%|  | 19/25 [50:29<12:49, 128.29s/it]Generation:  20
Best root_mean_squared_error score: -452.6046920191631
Generation:  80%|  | 20/25 [51:24<08:51, 106.32s/it]WARNING THIS INDIVIDUAL CAUSED AND EXCEPTION 
 <tpot2.search_spaces.pipelines.sequential.SequentialPipelineIndividual object at 0x15546725e170> 
 The 'criterion' parameter of RandomForestRegressor must be a str among {'friedman_mse', 'poisson', 'absolute_error', 'squared_error'}. Got 'mse' instead. 
 Traceback (most recent call last):
  File "/common/ketrong/tpotexp/tpot2/tpot2/utils/eval_utils.py", line 53, in objective_nan_wrapper
    value = func_timeout.func_timeout(timeout, objective_function, args=[individual], kwargs=objective_kwargs)
  File "/common/ketrong/tpotexp/env/lib/python3.10/site-packages/func_timeout/dafunc.py", line 108, in func_timeout
    raise_exception(exception)
  File "/common/ketrong/tpotexp/env/lib/python3.10/site-packages/func_timeout/py3_raise.py", line 7, in raise_exception
    raise exception[0] from None
  File "/common/ketrong/tpotexp/tpot2/tpot2/tpot_estimator/estimator.py", line 623, in objective_function
    return objective_function_generator(
  File "/common/ketrong/tpotexp/tpot2/tpot2/tpot_estimator/estimator_utils.py", line 55, in objective_function_generator
    cv_obj_scores = cross_val_score_objective(sklearn.base.clone(pipeline),x,y,scorers=scorers, cv=cv , fold=step)
  File "/common/ketrong/tpotexp/tpot2/tpot2/tpot_estimator/cross_val_utils.py", line 28, in cross_val_score_objective
    this_fold_pipeline.fit(X_train,y_train)
  File "/common/ketrong/tpotexp/env/lib/python3.10/site-packages/sklearn/base.py", line 1473, in wrapper
    return fit_method(estimator, *args, **kwargs)
  File "/common/ketrong/tpotexp/env/lib/python3.10/site-packages/sklearn/pipeline.py", line 473, in fit
    self._final_estimator.fit(Xt, y, **last_step_params["fit"])
  File "/common/ketrong/tpotexp/env/lib/python3.10/site-packages/sklearn/base.py", line 1466, in wrapper
    estimator._validate_params()
  File "/common/ketrong/tpotexp/env/lib/python3.10/site-packages/sklearn/base.py", line 666, in _validate_params
    validate_parameter_constraints(
  File "/common/ketrong/tpotexp/env/lib/python3.10/site-packages/sklearn/utils/_param_validation.py", line 95, in validate_parameter_constraints
    raise InvalidParameterError(
sklearn.utils._param_validation.InvalidParameterError: The 'criterion' parameter of RandomForestRegressor must be a str among {'friedman_mse', 'poisson', 'absolute_error', 'squared_error'}. Got 'mse' instead.

WARNING AN INDIVIDUAL TIMED OUT: 
 <tpot2.search_spaces.pipelines.sequential.SequentialPipelineIndividual object at 0x1554655f3160> 

Generation:  21
Best root_mean_squared_error score: -452.6046920191631
Generation:  84%| | 21/25 [1:01:50<17:29, 262.39s/it]Generation:  22
Best root_mean_squared_error score: -452.6046920191631
Generation:  88%| | 22/25 [1:02:30<09:46, 195.39s/it]WARNING THIS INDIVIDUAL CAUSED AND EXCEPTION 
 <tpot2.search_spaces.pipelines.sequential.SequentialPipelineIndividual object at 0x155464af56f0> 
 The 'criterion' parameter of RandomForestRegressor must be a str among {'friedman_mse', 'poisson', 'absolute_error', 'squared_error'}. Got 'mae' instead. 
 Traceback (most recent call last):
  File "/common/ketrong/tpotexp/tpot2/tpot2/utils/eval_utils.py", line 53, in objective_nan_wrapper
    value = func_timeout.func_timeout(timeout, objective_function, args=[individual], kwargs=objective_kwargs)
  File "/common/ketrong/tpotexp/env/lib/python3.10/site-packages/func_timeout/dafunc.py", line 108, in func_timeout
    raise_exception(exception)
  File "/common/ketrong/tpotexp/env/lib/python3.10/site-packages/func_timeout/py3_raise.py", line 7, in raise_exception
    raise exception[0] from None
  File "/common/ketrong/tpotexp/tpot2/tpot2/tpot_estimator/estimator.py", line 623, in objective_function
    return objective_function_generator(
  File "/common/ketrong/tpotexp/tpot2/tpot2/tpot_estimator/estimator_utils.py", line 55, in objective_function_generator
    cv_obj_scores = cross_val_score_objective(sklearn.base.clone(pipeline),x,y,scorers=scorers, cv=cv , fold=step)
  File "/common/ketrong/tpotexp/tpot2/tpot2/tpot_estimator/cross_val_utils.py", line 28, in cross_val_score_objective
    this_fold_pipeline.fit(X_train,y_train)
  File "/common/ketrong/tpotexp/env/lib/python3.10/site-packages/sklearn/base.py", line 1473, in wrapper
    return fit_method(estimator, *args, **kwargs)
  File "/common/ketrong/tpotexp/env/lib/python3.10/site-packages/sklearn/pipeline.py", line 473, in fit
    self._final_estimator.fit(Xt, y, **last_step_params["fit"])
  File "/common/ketrong/tpotexp/env/lib/python3.10/site-packages/sklearn/base.py", line 1466, in wrapper
    estimator._validate_params()
  File "/common/ketrong/tpotexp/env/lib/python3.10/site-packages/sklearn/base.py", line 666, in _validate_params
    validate_parameter_constraints(
  File "/common/ketrong/tpotexp/env/lib/python3.10/site-packages/sklearn/utils/_param_validation.py", line 95, in validate_parameter_constraints
    raise InvalidParameterError(
sklearn.utils._param_validation.InvalidParameterError: The 'criterion' parameter of RandomForestRegressor must be a str among {'friedman_mse', 'poisson', 'absolute_error', 'squared_error'}. Got 'mae' instead.

WARNING THIS INDIVIDUAL CAUSED AND EXCEPTION 
 <tpot2.search_spaces.pipelines.sequential.SequentialPipelineIndividual object at 0x155464d0c160> 
 The 'criterion' parameter of RandomForestRegressor must be a str among {'friedman_mse', 'poisson', 'absolute_error', 'squared_error'}. Got 'mae' instead. 
 Traceback (most recent call last):
  File "/common/ketrong/tpotexp/tpot2/tpot2/utils/eval_utils.py", line 53, in objective_nan_wrapper
    value = func_timeout.func_timeout(timeout, objective_function, args=[individual], kwargs=objective_kwargs)
  File "/common/ketrong/tpotexp/env/lib/python3.10/site-packages/func_timeout/dafunc.py", line 108, in func_timeout
    raise_exception(exception)
  File "/common/ketrong/tpotexp/env/lib/python3.10/site-packages/func_timeout/py3_raise.py", line 7, in raise_exception
    raise exception[0] from None
  File "/common/ketrong/tpotexp/tpot2/tpot2/tpot_estimator/estimator.py", line 623, in objective_function
    return objective_function_generator(
  File "/common/ketrong/tpotexp/tpot2/tpot2/tpot_estimator/estimator_utils.py", line 55, in objective_function_generator
    cv_obj_scores = cross_val_score_objective(sklearn.base.clone(pipeline),x,y,scorers=scorers, cv=cv , fold=step)
  File "/common/ketrong/tpotexp/tpot2/tpot2/tpot_estimator/cross_val_utils.py", line 28, in cross_val_score_objective
    this_fold_pipeline.fit(X_train,y_train)
  File "/common/ketrong/tpotexp/env/lib/python3.10/site-packages/sklearn/base.py", line 1473, in wrapper
    return fit_method(estimator, *args, **kwargs)
  File "/common/ketrong/tpotexp/env/lib/python3.10/site-packages/sklearn/pipeline.py", line 473, in fit
    self._final_estimator.fit(Xt, y, **last_step_params["fit"])
  File "/common/ketrong/tpotexp/env/lib/python3.10/site-packages/sklearn/base.py", line 1466, in wrapper
    estimator._validate_params()
  File "/common/ketrong/tpotexp/env/lib/python3.10/site-packages/sklearn/base.py", line 666, in _validate_params
    validate_parameter_constraints(
  File "/common/ketrong/tpotexp/env/lib/python3.10/site-packages/sklearn/utils/_param_validation.py", line 95, in validate_parameter_constraints
    raise InvalidParameterError(
sklearn.utils._param_validation.InvalidParameterError: The 'criterion' parameter of RandomForestRegressor must be a str among {'friedman_mse', 'poisson', 'absolute_error', 'squared_error'}. Got 'mae' instead.

Generation:  23
Best root_mean_squared_error score: -452.6046920191631
Generation:  92%|| 23/25 [1:06:17<06:50, 205.12s/it]Generation:  24
Best root_mean_squared_error score: -452.6046920191631
Generation:  96%|| 24/25 [1:13:45<04:37, 277.77s/it]WARNING THIS INDIVIDUAL CAUSED AND EXCEPTION 
 <tpot2.search_spaces.pipelines.sequential.SequentialPipelineIndividual object at 0x155467e466b0> 
 The 'criterion' parameter of RandomForestRegressor must be a str among {'friedman_mse', 'poisson', 'absolute_error', 'squared_error'}. Got 'mae' instead. 
 Traceback (most recent call last):
  File "/common/ketrong/tpotexp/tpot2/tpot2/utils/eval_utils.py", line 53, in objective_nan_wrapper
    value = func_timeout.func_timeout(timeout, objective_function, args=[individual], kwargs=objective_kwargs)
  File "/common/ketrong/tpotexp/env/lib/python3.10/site-packages/func_timeout/dafunc.py", line 108, in func_timeout
    raise_exception(exception)
  File "/common/ketrong/tpotexp/env/lib/python3.10/site-packages/func_timeout/py3_raise.py", line 7, in raise_exception
    raise exception[0] from None
  File "/common/ketrong/tpotexp/tpot2/tpot2/tpot_estimator/estimator.py", line 623, in objective_function
    return objective_function_generator(
  File "/common/ketrong/tpotexp/tpot2/tpot2/tpot_estimator/estimator_utils.py", line 55, in objective_function_generator
    cv_obj_scores = cross_val_score_objective(sklearn.base.clone(pipeline),x,y,scorers=scorers, cv=cv , fold=step)
  File "/common/ketrong/tpotexp/tpot2/tpot2/tpot_estimator/cross_val_utils.py", line 28, in cross_val_score_objective
    this_fold_pipeline.fit(X_train,y_train)
  File "/common/ketrong/tpotexp/env/lib/python3.10/site-packages/sklearn/base.py", line 1473, in wrapper
    return fit_method(estimator, *args, **kwargs)
  File "/common/ketrong/tpotexp/env/lib/python3.10/site-packages/sklearn/pipeline.py", line 473, in fit
    self._final_estimator.fit(Xt, y, **last_step_params["fit"])
  File "/common/ketrong/tpotexp/env/lib/python3.10/site-packages/sklearn/base.py", line 1466, in wrapper
    estimator._validate_params()
  File "/common/ketrong/tpotexp/env/lib/python3.10/site-packages/sklearn/base.py", line 666, in _validate_params
    validate_parameter_constraints(
  File "/common/ketrong/tpotexp/env/lib/python3.10/site-packages/sklearn/utils/_param_validation.py", line 95, in validate_parameter_constraints
    raise InvalidParameterError(
sklearn.utils._param_validation.InvalidParameterError: The 'criterion' parameter of RandomForestRegressor must be a str among {'friedman_mse', 'poisson', 'absolute_error', 'squared_error'}. Got 'mae' instead.

Generation:  25
Best root_mean_squared_error score: -452.6046920191631
Generation: 100%|| 25/25 [1:14:46<00:00, 212.76s/it]Generation: 100%|| 25/25 [1:14:57<00:00, 179.90s/it]
2024-09-26 14:28:46,167 - distributed.scheduler - ERROR - Removing worker 'tcp://127.0.0.1:42991' caused the cluster to lose scattered data, which can't be recovered: {'DataFrame-fc3ed9c315c7547584bdda32ae725325', 'ndarray-99898a541333940479f0ff63bb72ff53'} (stimulus_id='handle-worker-cleanup-1727386126.1669304')
Fitted
Pipeline(steps=[('lgbmregressor',
                 LGBMRegressor(max_depth=5, n_estimators=53, n_jobs=1,
                               num_leaves=169, verbose=-1))])
score start
train score: {'explained_var': 0.6277643024432746, 'r2': 0.6277643024432746, 'rmse': 441.7259253526771}
original test score: {'explained_var': 0.610476960964383, 'r2': 0.6103015750089145, 'rmse': 458.83250567493695}
imputed test score: {'explained_var': 0.6053325279411255, 'r2': 0.6052179826393373, 'rmse': 461.81552998724203}
score end
check intended
EXP2 Finished
running experiment 3/3 - What is the best automl settings?
<tpot2.search_spaces.pipelines.sequential.SequentialPipeline object at 0x1553c3fc61d0>
Start tpot fit
Version 0.1.7a0 of tpot2 is outdated. Version 0.1.8a0 was released Tuesday September 17, 2024.
Version 0.1.7a0 of tpot2 is outdated. Version 0.1.8a0 was released Tuesday September 17, 2024.
Version 0.1.7a0 of tpot2 is outdated. Version 0.1.8a0 was released Tuesday September 17, 2024.
Version 0.1.7a0 of tpot2 is outdated. Version 0.1.8a0 was released Tuesday September 17, 2024.
Version 0.1.7a0 of tpot2 is outdated. Version 0.1.8a0 was released Tuesday September 17, 2024.
Version 0.1.7a0 of tpot2 is outdated. Version 0.1.8a0 was released Tuesday September 17, 2024.
Version 0.1.7a0 of tpot2 is outdated. Version 0.1.8a0 was released Tuesday September 17, 2024.
Version 0.1.7a0 of tpot2 is outdated. Version 0.1.8a0 was released Tuesday September 17, 2024.
Version 0.1.7a0 of tpot2 is outdated. Version 0.1.8a0 was released Tuesday September 17, 2024.
Version 0.1.7a0 of tpot2 is outdated. Version 0.1.8a0 was released Tuesday September 17, 2024.
Version 0.1.7a0 of tpot2 is outdated. Version 0.1.8a0 was released Tuesday September 17, 2024.
Version 0.1.7a0 of tpot2 is outdated. Version 0.1.8a0 was released Tuesday September 17, 2024.
Version 0.1.7a0 of tpot2 is outdated. Version 0.1.8a0 was released Tuesday September 17, 2024.
Version 0.1.7a0 of tpot2 is outdated. Version 0.1.8a0 was released Tuesday September 17, 2024.
Version 0.1.7a0 of tpot2 is outdated. Version 0.1.8a0 was released Tuesday September 17, 2024.
Version 0.1.7a0 of tpot2 is outdated. Version 0.1.8a0 was released Tuesday September 17, 2024.
  0%|          | 0/25 [00:00<?, ?it/s]Generation:   0%|          | 0/25 [00:00<?, ?it/s]WARNING THIS INDIVIDUAL CAUSED AND EXCEPTION 
 <tpot2.search_spaces.pipelines.sequential.SequentialPipelineIndividual object at 0x1554746a0d00> 
 Input X contains NaN.
LinearSVR does not accept missing values encoded as NaN natively. For supervised learning, you might want to consider sklearn.ensemble.HistGradientBoostingClassifier and Regressor which accept missing values encoded as NaNs natively. Alternatively, it is possible to preprocess the data, for instance by using an imputer transformer in a pipeline or drop samples with missing values. See https://scikit-learn.org/stable/modules/impute.html You can find a list of all estimators that handle NaN values at the following page: https://scikit-learn.org/stable/modules/impute.html#estimators-that-handle-nan-values 
 Traceback (most recent call last):
  File "/common/ketrong/tpotexp/tpot2/tpot2/utils/eval_utils.py", line 53, in objective_nan_wrapper
    value = func_timeout.func_timeout(timeout, objective_function, args=[individual], kwargs=objective_kwargs)
  File "/common/ketrong/tpotexp/env/lib/python3.10/site-packages/func_timeout/dafunc.py", line 108, in func_timeout
    raise_exception(exception)
  File "/common/ketrong/tpotexp/env/lib/python3.10/site-packages/func_timeout/py3_raise.py", line 7, in raise_exception
    raise exception[0] from None
  File "/common/ketrong/tpotexp/tpot2/tpot2/tpot_estimator/estimator.py", line 623, in objective_function
    return objective_function_generator(
  File "/common/ketrong/tpotexp/tpot2/tpot2/tpot_estimator/estimator_utils.py", line 55, in objective_function_generator
    cv_obj_scores = cross_val_score_objective(sklearn.base.clone(pipeline),x,y,scorers=scorers, cv=cv , fold=step)
  File "/common/ketrong/tpotexp/tpot2/tpot2/tpot_estimator/cross_val_utils.py", line 28, in cross_val_score_objective
    this_fold_pipeline.fit(X_train,y_train)
  File "/common/ketrong/tpotexp/env/lib/python3.10/site-packages/sklearn/base.py", line 1473, in wrapper
    return fit_method(estimator, *args, **kwargs)
  File "/common/ketrong/tpotexp/env/lib/python3.10/site-packages/sklearn/pipeline.py", line 473, in fit
    self._final_estimator.fit(Xt, y, **last_step_params["fit"])
  File "/common/ketrong/tpotexp/env/lib/python3.10/site-packages/sklearn/base.py", line 1473, in wrapper
    return fit_method(estimator, *args, **kwargs)
  File "/common/ketrong/tpotexp/env/lib/python3.10/site-packages/sklearn/svm/_classes.py", line 569, in fit
    X, y = self._validate_data(
  File "/common/ketrong/tpotexp/env/lib/python3.10/site-packages/sklearn/base.py", line 650, in _validate_data
    X, y = check_X_y(X, y, **check_params)
  File "/common/ketrong/tpotexp/env/lib/python3.10/site-packages/sklearn/utils/validation.py", line 1301, in check_X_y
    X = check_array(
  File "/common/ketrong/tpotexp/env/lib/python3.10/site-packages/sklearn/utils/validation.py", line 1064, in check_array
    _assert_all_finite(
  File "/common/ketrong/tpotexp/env/lib/python3.10/site-packages/sklearn/utils/validation.py", line 123, in _assert_all_finite
    _assert_all_finite_element_wise(
  File "/common/ketrong/tpotexp/env/lib/python3.10/site-packages/sklearn/utils/validation.py", line 172, in _assert_all_finite_element_wise
    raise ValueError(msg_err)
ValueError: Input X contains NaN.
LinearSVR does not accept missing values encoded as NaN natively. For supervised learning, you might want to consider sklearn.ensemble.HistGradientBoostingClassifier and Regressor which accept missing values encoded as NaNs natively. Alternatively, it is possible to preprocess the data, for instance by using an imputer transformer in a pipeline or drop samples with missing values. See https://scikit-learn.org/stable/modules/impute.html You can find a list of all estimators that handle NaN values at the following page: https://scikit-learn.org/stable/modules/impute.html#estimators-that-handle-nan-values

WARNING THIS INDIVIDUAL CAUSED AND EXCEPTION 
 <tpot2.search_spaces.pipelines.sequential.SequentialPipelineIndividual object at 0x1554746a0340> 
 The 'criterion' parameter of RandomForestRegressor must be a str among {'friedman_mse', 'poisson', 'absolute_error', 'squared_error'}. Got 'mae' instead. 
 Traceback (most recent call last):
  File "/common/ketrong/tpotexp/tpot2/tpot2/utils/eval_utils.py", line 53, in objective_nan_wrapper
    value = func_timeout.func_timeout(timeout, objective_function, args=[individual], kwargs=objective_kwargs)
  File "/common/ketrong/tpotexp/env/lib/python3.10/site-packages/func_timeout/dafunc.py", line 108, in func_timeout
    raise_exception(exception)
  File "/common/ketrong/tpotexp/env/lib/python3.10/site-packages/func_timeout/py3_raise.py", line 7, in raise_exception
    raise exception[0] from None
  File "/common/ketrong/tpotexp/tpot2/tpot2/tpot_estimator/estimator.py", line 623, in objective_function
    return objective_function_generator(
  File "/common/ketrong/tpotexp/tpot2/tpot2/tpot_estimator/estimator_utils.py", line 55, in objective_function_generator
    cv_obj_scores = cross_val_score_objective(sklearn.base.clone(pipeline),x,y,scorers=scorers, cv=cv , fold=step)
  File "/common/ketrong/tpotexp/tpot2/tpot2/tpot_estimator/cross_val_utils.py", line 28, in cross_val_score_objective
    this_fold_pipeline.fit(X_train,y_train)
  File "/common/ketrong/tpotexp/env/lib/python3.10/site-packages/sklearn/base.py", line 1473, in wrapper
    return fit_method(estimator, *args, **kwargs)
  File "/common/ketrong/tpotexp/env/lib/python3.10/site-packages/sklearn/pipeline.py", line 473, in fit
    self._final_estimator.fit(Xt, y, **last_step_params["fit"])
  File "/common/ketrong/tpotexp/env/lib/python3.10/site-packages/sklearn/base.py", line 1466, in wrapper
    estimator._validate_params()
  File "/common/ketrong/tpotexp/env/lib/python3.10/site-packages/sklearn/base.py", line 666, in _validate_params
    validate_parameter_constraints(
  File "/common/ketrong/tpotexp/env/lib/python3.10/site-packages/sklearn/utils/_param_validation.py", line 95, in validate_parameter_constraints
    raise InvalidParameterError(
sklearn.utils._param_validation.InvalidParameterError: The 'criterion' parameter of RandomForestRegressor must be a str among {'friedman_mse', 'poisson', 'absolute_error', 'squared_error'}. Got 'mae' instead.

Generation:  1
Best root_mean_squared_error score: -454.9943451543312
Generation:   4%|         | 1/25 [02:17<55:06, 137.75s/it]Generation:  2
Best root_mean_squared_error score: -454.9943451543312
Generation:   8%|         | 2/25 [03:42<40:57, 106.83s/it]WARNING AN INDIVIDUAL TIMED OUT: 
 <tpot2.search_spaces.pipelines.sequential.SequentialPipelineIndividual object at 0x15547472a8f0> 

Generation:  3
Best root_mean_squared_error score: -454.9943451543312
Generation:  12%|        | 3/25 [13:46<2:02:19, 333.62s/it]Generation:  4
Best root_mean_squared_error score: -454.9943451543312
Generation:  16%|        | 4/25 [16:01<1:29:22, 255.35s/it]Generation:  5
Best root_mean_squared_error score: -454.9943451543312
Generation:  20%|        | 5/25 [16:40<59:04, 177.24s/it]  Generation:  6
Best root_mean_squared_error score: -454.59589474888054
Generation:  24%|       | 6/25 [17:17<41:00, 129.48s/it]Generation:  7
Best root_mean_squared_error score: -454.59589474888054
Generation:  28%|       | 7/25 [18:39<34:13, 114.06s/it]WARNING THIS INDIVIDUAL CAUSED AND EXCEPTION 
 <tpot2.search_spaces.pipelines.sequential.SequentialPipelineIndividual object at 0x155467a63430> 
 The 'criterion' parameter of ExtraTreesRegressor must be a str among {'friedman_mse', 'poisson', 'absolute_error', 'squared_error'}. Got 'mae' instead. 
 Traceback (most recent call last):
  File "/common/ketrong/tpotexp/tpot2/tpot2/utils/eval_utils.py", line 53, in objective_nan_wrapper
    value = func_timeout.func_timeout(timeout, objective_function, args=[individual], kwargs=objective_kwargs)
  File "/common/ketrong/tpotexp/env/lib/python3.10/site-packages/func_timeout/dafunc.py", line 108, in func_timeout
    raise_exception(exception)
  File "/common/ketrong/tpotexp/env/lib/python3.10/site-packages/func_timeout/py3_raise.py", line 7, in raise_exception
    raise exception[0] from None
  File "/common/ketrong/tpotexp/tpot2/tpot2/tpot_estimator/estimator.py", line 623, in objective_function
    return objective_function_generator(
  File "/common/ketrong/tpotexp/tpot2/tpot2/tpot_estimator/estimator_utils.py", line 55, in objective_function_generator
    cv_obj_scores = cross_val_score_objective(sklearn.base.clone(pipeline),x,y,scorers=scorers, cv=cv , fold=step)
  File "/common/ketrong/tpotexp/tpot2/tpot2/tpot_estimator/cross_val_utils.py", line 28, in cross_val_score_objective
    this_fold_pipeline.fit(X_train,y_train)
  File "/common/ketrong/tpotexp/env/lib/python3.10/site-packages/sklearn/base.py", line 1473, in wrapper
    return fit_method(estimator, *args, **kwargs)
  File "/common/ketrong/tpotexp/env/lib/python3.10/site-packages/sklearn/pipeline.py", line 473, in fit
    self._final_estimator.fit(Xt, y, **last_step_params["fit"])
  File "/common/ketrong/tpotexp/env/lib/python3.10/site-packages/sklearn/base.py", line 1466, in wrapper
    estimator._validate_params()
  File "/common/ketrong/tpotexp/env/lib/python3.10/site-packages/sklearn/base.py", line 666, in _validate_params
    validate_parameter_constraints(
  File "/common/ketrong/tpotexp/env/lib/python3.10/site-packages/sklearn/utils/_param_validation.py", line 95, in validate_parameter_constraints
    raise InvalidParameterError(
sklearn.utils._param_validation.InvalidParameterError: The 'criterion' parameter of ExtraTreesRegressor must be a str among {'friedman_mse', 'poisson', 'absolute_error', 'squared_error'}. Got 'mae' instead.

Generation:  8
Best root_mean_squared_error score: -454.48327792701764
Generation:  32%|      | 8/25 [19:07<24:31, 86.53s/it] Generation:  9
Best root_mean_squared_error score: -453.5869855276933
Generation:  36%|      | 9/25 [19:50<19:28, 73.02s/it]Generation:  10
Best root_mean_squared_error score: -453.5869855276933
Generation:  40%|      | 10/25 [20:40<16:27, 65.81s/it]WARNING THIS INDIVIDUAL CAUSED AND EXCEPTION 
 <tpot2.search_spaces.pipelines.sequential.SequentialPipelineIndividual object at 0x15546509a6b0> 
 The 'criterion' parameter of RandomForestRegressor must be a str among {'friedman_mse', 'poisson', 'absolute_error', 'squared_error'}. Got 'mse' instead. 
 Traceback (most recent call last):
  File "/common/ketrong/tpotexp/tpot2/tpot2/utils/eval_utils.py", line 53, in objective_nan_wrapper
    value = func_timeout.func_timeout(timeout, objective_function, args=[individual], kwargs=objective_kwargs)
  File "/common/ketrong/tpotexp/env/lib/python3.10/site-packages/func_timeout/dafunc.py", line 108, in func_timeout
    raise_exception(exception)
  File "/common/ketrong/tpotexp/env/lib/python3.10/site-packages/func_timeout/py3_raise.py", line 7, in raise_exception
    raise exception[0] from None
  File "/common/ketrong/tpotexp/tpot2/tpot2/tpot_estimator/estimator.py", line 623, in objective_function
    return objective_function_generator(
  File "/common/ketrong/tpotexp/tpot2/tpot2/tpot_estimator/estimator_utils.py", line 55, in objective_function_generator
    cv_obj_scores = cross_val_score_objective(sklearn.base.clone(pipeline),x,y,scorers=scorers, cv=cv , fold=step)
  File "/common/ketrong/tpotexp/tpot2/tpot2/tpot_estimator/cross_val_utils.py", line 28, in cross_val_score_objective
    this_fold_pipeline.fit(X_train,y_train)
  File "/common/ketrong/tpotexp/env/lib/python3.10/site-packages/sklearn/base.py", line 1473, in wrapper
    return fit_method(estimator, *args, **kwargs)
  File "/common/ketrong/tpotexp/env/lib/python3.10/site-packages/sklearn/pipeline.py", line 473, in fit
    self._final_estimator.fit(Xt, y, **last_step_params["fit"])
  File "/common/ketrong/tpotexp/env/lib/python3.10/site-packages/sklearn/base.py", line 1466, in wrapper
    estimator._validate_params()
  File "/common/ketrong/tpotexp/env/lib/python3.10/site-packages/sklearn/base.py", line 666, in _validate_params
    validate_parameter_constraints(
  File "/common/ketrong/tpotexp/env/lib/python3.10/site-packages/sklearn/utils/_param_validation.py", line 95, in validate_parameter_constraints
    raise InvalidParameterError(
sklearn.utils._param_validation.InvalidParameterError: The 'criterion' parameter of RandomForestRegressor must be a str among {'friedman_mse', 'poisson', 'absolute_error', 'squared_error'}. Got 'mse' instead.

WARNING THIS INDIVIDUAL CAUSED AND EXCEPTION 
 <tpot2.search_spaces.pipelines.sequential.SequentialPipelineIndividual object at 0x15545463f010> 
 The 'criterion' parameter of DecisionTreeRegressor must be a str among {'friedman_mse', 'poisson', 'absolute_error', 'squared_error'}. Got 'mae' instead. 
 Traceback (most recent call last):
  File "/common/ketrong/tpotexp/tpot2/tpot2/utils/eval_utils.py", line 53, in objective_nan_wrapper
    value = func_timeout.func_timeout(timeout, objective_function, args=[individual], kwargs=objective_kwargs)
  File "/common/ketrong/tpotexp/env/lib/python3.10/site-packages/func_timeout/dafunc.py", line 108, in func_timeout
    raise_exception(exception)
  File "/common/ketrong/tpotexp/env/lib/python3.10/site-packages/func_timeout/py3_raise.py", line 7, in raise_exception
    raise exception[0] from None
  File "/common/ketrong/tpotexp/tpot2/tpot2/tpot_estimator/estimator.py", line 623, in objective_function
    return objective_function_generator(
  File "/common/ketrong/tpotexp/tpot2/tpot2/tpot_estimator/estimator_utils.py", line 55, in objective_function_generator
    cv_obj_scores = cross_val_score_objective(sklearn.base.clone(pipeline),x,y,scorers=scorers, cv=cv , fold=step)
  File "/common/ketrong/tpotexp/tpot2/tpot2/tpot_estimator/cross_val_utils.py", line 28, in cross_val_score_objective
    this_fold_pipeline.fit(X_train,y_train)
  File "/common/ketrong/tpotexp/env/lib/python3.10/site-packages/sklearn/base.py", line 1473, in wrapper
    return fit_method(estimator, *args, **kwargs)
  File "/common/ketrong/tpotexp/env/lib/python3.10/site-packages/sklearn/pipeline.py", line 473, in fit
    self._final_estimator.fit(Xt, y, **last_step_params["fit"])
  File "/common/ketrong/tpotexp/env/lib/python3.10/site-packages/sklearn/base.py", line 1466, in wrapper
    estimator._validate_params()
  File "/common/ketrong/tpotexp/env/lib/python3.10/site-packages/sklearn/base.py", line 666, in _validate_params
    validate_parameter_constraints(
  File "/common/ketrong/tpotexp/env/lib/python3.10/site-packages/sklearn/utils/_param_validation.py", line 95, in validate_parameter_constraints
    raise InvalidParameterError(
sklearn.utils._param_validation.InvalidParameterError: The 'criterion' parameter of DecisionTreeRegressor must be a str among {'friedman_mse', 'poisson', 'absolute_error', 'squared_error'}. Got 'mae' instead.

Generation:  11
Best root_mean_squared_error score: -453.5869855276933
Generation:  44%|     | 11/25 [21:05<12:25, 53.27s/it]WARNING THIS INDIVIDUAL CAUSED AND EXCEPTION 
 <tpot2.search_spaces.pipelines.sequential.SequentialPipelineIndividual object at 0x1554656ec940> 
 The 'criterion' parameter of RandomForestRegressor must be a str among {'friedman_mse', 'poisson', 'absolute_error', 'squared_error'}. Got 'mse' instead. 
 Traceback (most recent call last):
  File "/common/ketrong/tpotexp/tpot2/tpot2/utils/eval_utils.py", line 53, in objective_nan_wrapper
    value = func_timeout.func_timeout(timeout, objective_function, args=[individual], kwargs=objective_kwargs)
  File "/common/ketrong/tpotexp/env/lib/python3.10/site-packages/func_timeout/dafunc.py", line 108, in func_timeout
    raise_exception(exception)
  File "/common/ketrong/tpotexp/env/lib/python3.10/site-packages/func_timeout/py3_raise.py", line 7, in raise_exception
    raise exception[0] from None
  File "/common/ketrong/tpotexp/tpot2/tpot2/tpot_estimator/estimator.py", line 623, in objective_function
    return objective_function_generator(
  File "/common/ketrong/tpotexp/tpot2/tpot2/tpot_estimator/estimator_utils.py", line 55, in objective_function_generator
    cv_obj_scores = cross_val_score_objective(sklearn.base.clone(pipeline),x,y,scorers=scorers, cv=cv , fold=step)
  File "/common/ketrong/tpotexp/tpot2/tpot2/tpot_estimator/cross_val_utils.py", line 28, in cross_val_score_objective
    this_fold_pipeline.fit(X_train,y_train)
  File "/common/ketrong/tpotexp/env/lib/python3.10/site-packages/sklearn/base.py", line 1473, in wrapper
    return fit_method(estimator, *args, **kwargs)
  File "/common/ketrong/tpotexp/env/lib/python3.10/site-packages/sklearn/pipeline.py", line 473, in fit
    self._final_estimator.fit(Xt, y, **last_step_params["fit"])
  File "/common/ketrong/tpotexp/env/lib/python3.10/site-packages/sklearn/base.py", line 1466, in wrapper
    estimator._validate_params()
  File "/common/ketrong/tpotexp/env/lib/python3.10/site-packages/sklearn/base.py", line 666, in _validate_params
    validate_parameter_constraints(
  File "/common/ketrong/tpotexp/env/lib/python3.10/site-packages/sklearn/utils/_param_validation.py", line 95, in validate_parameter_constraints
    raise InvalidParameterError(
sklearn.utils._param_validation.InvalidParameterError: The 'criterion' parameter of RandomForestRegressor must be a str among {'friedman_mse', 'poisson', 'absolute_error', 'squared_error'}. Got 'mse' instead.

WARNING AN INDIVIDUAL TIMED OUT: 
 <tpot2.search_spaces.pipelines.sequential.SequentialPipelineIndividual object at 0x1554746a0a60> 

Generation:  12
Best root_mean_squared_error score: -453.5869855276933
Generation:  48%|     | 12/25 [31:07<47:45, 220.45s/it]Generation:  13
Best root_mean_squared_error score: -453.3977795548177
Generation:  52%|    | 13/25 [32:54<37:12, 186.05s/it]Generation:  14
Best root_mean_squared_error score: -453.3307300517695
Generation:  56%|    | 14/25 [33:29<25:42, 140.23s/it]Generation:  15
Best root_mean_squared_error score: -453.3265030895187
Generation:  60%|    | 15/25 [34:07<18:15, 109.58s/it]Generation:  16
Best root_mean_squared_error score: -453.266651170322
Generation:  64%|   | 16/25 [38:16<22:42, 151.42s/it]Generation:  17
Best root_mean_squared_error score: -453.266651170322
Generation:  68%|   | 17/25 [44:57<30:11, 226.43s/it]WARNING AN INDIVIDUAL TIMED OUT: 
 <tpot2.search_spaces.pipelines.sequential.SequentialPipelineIndividual object at 0x155465255c30> 

Generation:  18
Best root_mean_squared_error score: -453.266651170322
Generation:  72%|  | 18/25 [55:01<39:40, 340.13s/it]WARNING THIS INDIVIDUAL CAUSED AND EXCEPTION 
 <tpot2.search_spaces.pipelines.sequential.SequentialPipelineIndividual object at 0x155454567070> 
 The 'criterion' parameter of DecisionTreeRegressor must be a str among {'friedman_mse', 'poisson', 'absolute_error', 'squared_error'}. Got 'mae' instead. 
 Traceback (most recent call last):
  File "/common/ketrong/tpotexp/tpot2/tpot2/utils/eval_utils.py", line 53, in objective_nan_wrapper
    value = func_timeout.func_timeout(timeout, objective_function, args=[individual], kwargs=objective_kwargs)
  File "/common/ketrong/tpotexp/env/lib/python3.10/site-packages/func_timeout/dafunc.py", line 108, in func_timeout
    raise_exception(exception)
  File "/common/ketrong/tpotexp/env/lib/python3.10/site-packages/func_timeout/py3_raise.py", line 7, in raise_exception
    raise exception[0] from None
  File "/common/ketrong/tpotexp/tpot2/tpot2/tpot_estimator/estimator.py", line 623, in objective_function
    return objective_function_generator(
  File "/common/ketrong/tpotexp/tpot2/tpot2/tpot_estimator/estimator_utils.py", line 55, in objective_function_generator
    cv_obj_scores = cross_val_score_objective(sklearn.base.clone(pipeline),x,y,scorers=scorers, cv=cv , fold=step)
  File "/common/ketrong/tpotexp/tpot2/tpot2/tpot_estimator/cross_val_utils.py", line 28, in cross_val_score_objective
    this_fold_pipeline.fit(X_train,y_train)
  File "/common/ketrong/tpotexp/env/lib/python3.10/site-packages/sklearn/base.py", line 1473, in wrapper
    return fit_method(estimator, *args, **kwargs)
  File "/common/ketrong/tpotexp/env/lib/python3.10/site-packages/sklearn/pipeline.py", line 473, in fit
    self._final_estimator.fit(Xt, y, **last_step_params["fit"])
  File "/common/ketrong/tpotexp/env/lib/python3.10/site-packages/sklearn/base.py", line 1466, in wrapper
    estimator._validate_params()
  File "/common/ketrong/tpotexp/env/lib/python3.10/site-packages/sklearn/base.py", line 666, in _validate_params
    validate_parameter_constraints(
  File "/common/ketrong/tpotexp/env/lib/python3.10/site-packages/sklearn/utils/_param_validation.py", line 95, in validate_parameter_constraints
    raise InvalidParameterError(
sklearn.utils._param_validation.InvalidParameterError: The 'criterion' parameter of DecisionTreeRegressor must be a str among {'friedman_mse', 'poisson', 'absolute_error', 'squared_error'}. Got 'mae' instead.

WARNING AN INDIVIDUAL TIMED OUT: 
 <tpot2.search_spaces.pipelines.sequential.SequentialPipelineIndividual object at 0x155465675900> 

Generation:  19
Best root_mean_squared_error score: -452.4588221224314
Generation:  76%|  | 19/25 [1:05:06<41:56, 419.44s/it]Generation:  20
Best root_mean_squared_error score: -452.4588221224314
Generation:  80%|  | 20/25 [1:05:31<25:05, 301.10s/it]WARNING THIS INDIVIDUAL CAUSED AND EXCEPTION 
 <tpot2.search_spaces.pipelines.sequential.SequentialPipelineIndividual object at 0x1554675ca5f0> 
 The 'criterion' parameter of DecisionTreeRegressor must be a str among {'friedman_mse', 'poisson', 'absolute_error', 'squared_error'}. Got 'mae' instead. 
 Traceback (most recent call last):
  File "/common/ketrong/tpotexp/tpot2/tpot2/utils/eval_utils.py", line 53, in objective_nan_wrapper
    value = func_timeout.func_timeout(timeout, objective_function, args=[individual], kwargs=objective_kwargs)
  File "/common/ketrong/tpotexp/env/lib/python3.10/site-packages/func_timeout/dafunc.py", line 108, in func_timeout
    raise_exception(exception)
  File "/common/ketrong/tpotexp/env/lib/python3.10/site-packages/func_timeout/py3_raise.py", line 7, in raise_exception
    raise exception[0] from None
  File "/common/ketrong/tpotexp/tpot2/tpot2/tpot_estimator/estimator.py", line 623, in objective_function
    return objective_function_generator(
  File "/common/ketrong/tpotexp/tpot2/tpot2/tpot_estimator/estimator_utils.py", line 55, in objective_function_generator
    cv_obj_scores = cross_val_score_objective(sklearn.base.clone(pipeline),x,y,scorers=scorers, cv=cv , fold=step)
  File "/common/ketrong/tpotexp/tpot2/tpot2/tpot_estimator/cross_val_utils.py", line 28, in cross_val_score_objective
    this_fold_pipeline.fit(X_train,y_train)
  File "/common/ketrong/tpotexp/env/lib/python3.10/site-packages/sklearn/base.py", line 1473, in wrapper
    return fit_method(estimator, *args, **kwargs)
  File "/common/ketrong/tpotexp/env/lib/python3.10/site-packages/sklearn/pipeline.py", line 473, in fit
    self._final_estimator.fit(Xt, y, **last_step_params["fit"])
  File "/common/ketrong/tpotexp/env/lib/python3.10/site-packages/sklearn/base.py", line 1466, in wrapper
    estimator._validate_params()
  File "/common/ketrong/tpotexp/env/lib/python3.10/site-packages/sklearn/base.py", line 666, in _validate_params
    validate_parameter_constraints(
  File "/common/ketrong/tpotexp/env/lib/python3.10/site-packages/sklearn/utils/_param_validation.py", line 95, in validate_parameter_constraints
    raise InvalidParameterError(
sklearn.utils._param_validation.InvalidParameterError: The 'criterion' parameter of DecisionTreeRegressor must be a str among {'friedman_mse', 'poisson', 'absolute_error', 'squared_error'}. Got 'mae' instead.

WARNING THIS INDIVIDUAL CAUSED AND EXCEPTION 
 <tpot2.search_spaces.pipelines.sequential.SequentialPipelineIndividual object at 0x155465885e10> 
 The 'criterion' parameter of DecisionTreeRegressor must be a str among {'friedman_mse', 'poisson', 'absolute_error', 'squared_error'}. Got 'mae' instead. 
 Traceback (most recent call last):
  File "/common/ketrong/tpotexp/tpot2/tpot2/utils/eval_utils.py", line 53, in objective_nan_wrapper
    value = func_timeout.func_timeout(timeout, objective_function, args=[individual], kwargs=objective_kwargs)
  File "/common/ketrong/tpotexp/env/lib/python3.10/site-packages/func_timeout/dafunc.py", line 108, in func_timeout
    raise_exception(exception)
  File "/common/ketrong/tpotexp/env/lib/python3.10/site-packages/func_timeout/py3_raise.py", line 7, in raise_exception
    raise exception[0] from None
  File "/common/ketrong/tpotexp/tpot2/tpot2/tpot_estimator/estimator.py", line 623, in objective_function
    return objective_function_generator(
  File "/common/ketrong/tpotexp/tpot2/tpot2/tpot_estimator/estimator_utils.py", line 55, in objective_function_generator
    cv_obj_scores = cross_val_score_objective(sklearn.base.clone(pipeline),x,y,scorers=scorers, cv=cv , fold=step)
  File "/common/ketrong/tpotexp/tpot2/tpot2/tpot_estimator/cross_val_utils.py", line 28, in cross_val_score_objective
    this_fold_pipeline.fit(X_train,y_train)
  File "/common/ketrong/tpotexp/env/lib/python3.10/site-packages/sklearn/base.py", line 1473, in wrapper
    return fit_method(estimator, *args, **kwargs)
  File "/common/ketrong/tpotexp/env/lib/python3.10/site-packages/sklearn/pipeline.py", line 473, in fit
    self._final_estimator.fit(Xt, y, **last_step_params["fit"])
  File "/common/ketrong/tpotexp/env/lib/python3.10/site-packages/sklearn/base.py", line 1466, in wrapper
    estimator._validate_params()
  File "/common/ketrong/tpotexp/env/lib/python3.10/site-packages/sklearn/base.py", line 666, in _validate_params
    validate_parameter_constraints(
  File "/common/ketrong/tpotexp/env/lib/python3.10/site-packages/sklearn/utils/_param_validation.py", line 95, in validate_parameter_constraints
    raise InvalidParameterError(
sklearn.utils._param_validation.InvalidParameterError: The 'criterion' parameter of DecisionTreeRegressor must be a str among {'friedman_mse', 'poisson', 'absolute_error', 'squared_error'}. Got 'mae' instead.

Generation:  21
Best root_mean_squared_error score: -452.4588221224314
Generation:  84%| | 21/25 [1:06:57<15:45, 236.43s/it]Generation:  22
Best root_mean_squared_error score: -452.4588221224314
Generation:  88%| | 22/25 [1:07:44<08:59, 179.77s/it]Generation:  23
Best root_mean_squared_error score: -452.4567666682236
Generation:  92%|| 23/25 [1:08:34<04:41, 140.63s/it]WARNING THIS INDIVIDUAL CAUSED AND EXCEPTION 
 <tpot2.search_spaces.pipelines.sequential.SequentialPipelineIndividual object at 0x15546788d840> 
 The 'criterion' parameter of ExtraTreesRegressor must be a str among {'friedman_mse', 'poisson', 'absolute_error', 'squared_error'}. Got 'mae' instead. 
 Traceback (most recent call last):
  File "/common/ketrong/tpotexp/tpot2/tpot2/utils/eval_utils.py", line 53, in objective_nan_wrapper
    value = func_timeout.func_timeout(timeout, objective_function, args=[individual], kwargs=objective_kwargs)
  File "/common/ketrong/tpotexp/env/lib/python3.10/site-packages/func_timeout/dafunc.py", line 108, in func_timeout
    raise_exception(exception)
  File "/common/ketrong/tpotexp/env/lib/python3.10/site-packages/func_timeout/py3_raise.py", line 7, in raise_exception
    raise exception[0] from None
  File "/common/ketrong/tpotexp/tpot2/tpot2/tpot_estimator/estimator.py", line 623, in objective_function
    return objective_function_generator(
  File "/common/ketrong/tpotexp/tpot2/tpot2/tpot_estimator/estimator_utils.py", line 55, in objective_function_generator
    cv_obj_scores = cross_val_score_objective(sklearn.base.clone(pipeline),x,y,scorers=scorers, cv=cv , fold=step)
  File "/common/ketrong/tpotexp/tpot2/tpot2/tpot_estimator/cross_val_utils.py", line 28, in cross_val_score_objective
    this_fold_pipeline.fit(X_train,y_train)
  File "/common/ketrong/tpotexp/env/lib/python3.10/site-packages/sklearn/base.py", line 1473, in wrapper
    return fit_method(estimator, *args, **kwargs)
  File "/common/ketrong/tpotexp/env/lib/python3.10/site-packages/sklearn/pipeline.py", line 473, in fit
    self._final_estimator.fit(Xt, y, **last_step_params["fit"])
  File "/common/ketrong/tpotexp/env/lib/python3.10/site-packages/sklearn/base.py", line 1466, in wrapper
    estimator._validate_params()
  File "/common/ketrong/tpotexp/env/lib/python3.10/site-packages/sklearn/base.py", line 666, in _validate_params
    validate_parameter_constraints(
  File "/common/ketrong/tpotexp/env/lib/python3.10/site-packages/sklearn/utils/_param_validation.py", line 95, in validate_parameter_constraints
    raise InvalidParameterError(
sklearn.utils._param_validation.InvalidParameterError: The 'criterion' parameter of ExtraTreesRegressor must be a str among {'friedman_mse', 'poisson', 'absolute_error', 'squared_error'}. Got 'mae' instead.

Generation:  24
Best root_mean_squared_error score: -452.4567666682236
Generation:  96%|| 24/25 [1:09:06<01:48, 108.20s/it]Generation:  25
Best root_mean_squared_error score: -452.4567666682236
Generation: 100%|| 25/25 [1:16:13<00:00, 203.93s/it]Generation: 100%|| 25/25 [1:16:13<00:00, 182.95s/it]
2024-09-26 15:45:13,116 - distributed.scheduler - ERROR - Removing worker 'tcp://127.0.0.1:42499' caused the cluster to lose scattered data, which can't be recovered: {'DataFrame-b21a7c7f5d8a3c073b0bad772ba00901', 'DataFrame-fc3ed9c315c7547584bdda32ae725325'} (stimulus_id='handle-worker-cleanup-1727390713.1162663')
Fitted
Pipeline(steps=[('knnimputer', KNNImputer(n_neighbors=43, weights='distance')),
                ('histgradientboostingregressor',
                 HistGradientBoostingRegressor(early_stopping=True,
                                               l2_regularization=0.0015217002413,
                                               learning_rate=0.0795240088521,
                                               max_features=0.1786457120235,
                                               max_leaf_nodes=21,
                                               min_samples_leaf=72,
                                               n_iter_no_change=4, tol=0.0001,
                                               validation_fraction=None))])
transform worked
try transform
transform worked
score start
train score: {'explained_var': 0.6229975999792641, 'r2': 0.6229975999792641, 'rmse': 444.5452117558093}
test score: {'explained_var': 0.6028419585483598, 'r2': 0.6027518570715262, 'rmse': 463.255719707735}
original test score: {'explained_var': 0.6094726693065973, 'r2': 0.6093631811101388, 'rmse': 459.38460789984714}
score end
1193
lvl
0.01
type
MCAR
num_run
2
reg_full
finished
all finished
full run takes
3.904842645062341
hours
DONE
