Run: 1
/cm/local/apps/slurm/var/spool/job957855/slurm_script: line 26: 
pip install -e tpot2
pip install -r tpot2/ImputerExperiments/requirements_.txt
: No such file or directory
RunStart
Version 0.1.7a0 of tpot2 is outdated. Version 0.1.8a0 was released 2 days ago.
starting loops
../data/r/189/189.pkl
working on 
../data/r/189/reg_full_MCAR_0.01_1
4.210710763931274
running experiment 1/3 - Does large hyperparameter space improve reconstruction accuracy over simple
[I 2024-09-19 17:52:13,126] A new study created in memory with name: no-name-1fbe3cff-ef15-4481-8eed-4c45dd13c83e
running
running
running
running
running
running
running
running
running
running
running
running
running
running
running
running
[I 2024-09-19 17:52:13,519] Trial 6 finished with value: 0.5658375190953226 and parameters: {'model_name': 'SimpleImputer', 'strategy': 'constant'}. Best is trial 6 with value: 0.5658375190953226.
running
[I 2024-09-19 17:52:15,402] Trial 7 finished with value: 0.28441314354489383 and parameters: {'model_name': 'SimpleImputer', 'strategy': 'median'}. Best is trial 7 with value: 0.28441314354489383.
running
[I 2024-09-19 17:52:18,422] Trial 15 finished with value: 0.28434188835932905 and parameters: {'model_name': 'KNNImputer', 'n_neighbors': 2842, 'weights': 'uniform'}. Best is trial 15 with value: 0.28434188835932905.
running
[I 2024-09-19 17:52:18,686] Trial 4 finished with value: 0.28439914656875886 and parameters: {'model_name': 'KNNImputer', 'n_neighbors': 2594, 'weights': 'distance'}. Best is trial 15 with value: 0.28434188835932905.
running
[I 2024-09-19 17:52:19,268] Trial 10 finished with value: 0.2843731853988533 and parameters: {'model_name': 'KNNImputer', 'n_neighbors': 4237, 'weights': 'distance'}. Best is trial 15 with value: 0.28434188835932905.
running
[I 2024-09-19 17:52:19,473] Trial 20 finished with value: 0.5658375190953226 and parameters: {'model_name': 'SimpleImputer', 'strategy': 'constant'}. Best is trial 15 with value: 0.28434188835932905.
running
[I 2024-09-19 17:52:19,715] Trial 21 finished with value: 0.5658375190953226 and parameters: {'model_name': 'SimpleImputer', 'strategy': 'constant'}. Best is trial 15 with value: 0.28434188835932905.
running
[I 2024-09-19 17:52:21,476] Trial 2 finished with value: 0.28439794634168214 and parameters: {'model_name': 'IterativeImputer', 'estimator': 'Bayesian', 'initial_strategy': 'mean', 'n_nearest_features': 7, 'imputation_order': 'descending', 'sample_posterior': False}. Best is trial 15 with value: 0.28434188835932905.
running
[I 2024-09-19 17:52:21,651] Trial 19 finished with value: 0.2846854248216138 and parameters: {'model_name': 'KNNImputer', 'n_neighbors': 734, 'weights': 'distance'}. Best is trial 15 with value: 0.28434188835932905.
running
[I 2024-09-19 17:52:21,881] Trial 11 finished with value: 0.2848091818934372 and parameters: {'model_name': 'IterativeImputer', 'estimator': 'Ridge', 'initial_strategy': 'mean', 'n_nearest_features': 4, 'imputation_order': 'random'}. Best is trial 15 with value: 0.28434188835932905.
running
[I 2024-09-19 17:52:22,237] Trial 16 finished with value: 0.31104137565820017 and parameters: {'model_name': 'IterativeImputer', 'estimator': 'KNN', 'initial_strategy': 'most_frequent', 'n_nearest_features': 1, 'imputation_order': 'random'}. Best is trial 15 with value: 0.28434188835932905.
running
[I 2024-09-19 17:52:26,062] Trial 8 finished with value: 0.4128904314617163 and parameters: {'model_name': 'IterativeImputer', 'estimator': 'Bayesian', 'initial_strategy': 'constant', 'n_nearest_features': 2, 'imputation_order': 'ascending', 'sample_posterior': True}. Best is trial 15 with value: 0.28434188835932905.
running
[I 2024-09-19 17:52:26,366] Trial 22 finished with value: 0.28447046841119156 and parameters: {'model_name': 'IterativeImputer', 'estimator': 'Bayesian', 'initial_strategy': 'constant', 'n_nearest_features': 3, 'imputation_order': 'random', 'sample_posterior': False}. Best is trial 15 with value: 0.28434188835932905.
running
[I 2024-09-19 17:52:27,388] Trial 27 finished with value: 0.28433205692458663 and parameters: {'model_name': 'KNNImputer', 'n_neighbors': 5226, 'weights': 'uniform'}. Best is trial 27 with value: 0.28433205692458663.
running
[I 2024-09-19 17:52:27,671] Trial 28 finished with value: 0.28433205692458663 and parameters: {'model_name': 'KNNImputer', 'n_neighbors': 5278, 'weights': 'uniform'}. Best is trial 27 with value: 0.28433205692458663.
running
[I 2024-09-19 17:52:29,105] Trial 24 finished with value: 0.41159912466079274 and parameters: {'model_name': 'IterativeImputer', 'estimator': 'Bayesian', 'initial_strategy': 'constant', 'n_nearest_features': 8, 'imputation_order': 'descending', 'sample_posterior': True}. Best is trial 27 with value: 0.28433205692458663.
running
[I 2024-09-19 17:53:37,208] Trial 31 finished with value: inf and parameters: {'model_name': 'GAIN', 'batch_size': 4, 'hint_rate': 0.521333160273808, 'alpha': 12, 'iterations': 2, 'learning_rate': 0.00016605313245306514, 'p_miss': 0.017470914494254114}. Best is trial 27 with value: 0.28433205692458663.
running
[I 2024-09-19 17:53:37,776] Trial 9 finished with value: 0.4592196876476932 and parameters: {'model_name': 'GAIN', 'batch_size': 39, 'hint_rate': 0.1647779031986286, 'alpha': 43, 'iterations': 1, 'learning_rate': 0.07102696043007188, 'p_miss': 0.14529088197876958}. Best is trial 27 with value: 0.28433205692458663.
running
[I 2024-09-19 17:53:37,907] Trial 12 finished with value: 0.4484449451784201 and parameters: {'model_name': 'GAIN', 'batch_size': 10, 'hint_rate': 0.7696837284081077, 'alpha': 9, 'iterations': 1, 'learning_rate': 0.04794992281676633, 'p_miss': 0.25928224029774766}. Best is trial 27 with value: 0.28433205692458663.
running
[I 2024-09-19 17:53:39,543] Trial 13 finished with value: 0.2942244049015509 and parameters: {'model_name': 'VAE', 'batch_size': 17, 'iterations': 3, 'learning_rate': 0.0012507070359434273, 'p_miss': 0.07659087050729746}. Best is trial 27 with value: 0.28433205692458663.
running
[I 2024-09-19 17:53:40,686] Trial 35 finished with value: 0.28433205692458663 and parameters: {'model_name': 'KNNImputer', 'n_neighbors': 6454, 'weights': 'uniform'}. Best is trial 27 with value: 0.28433205692458663.
running
[I 2024-09-19 17:53:40,909] Trial 25 finished with value: 0.28792682623233096 and parameters: {'model_name': 'VAE', 'batch_size': 1, 'iterations': 5, 'learning_rate': 0.0021426434818708614, 'p_miss': 0.026268452966838912}. Best is trial 27 with value: 0.28433205692458663.
running
[I 2024-09-19 17:53:41,081] Trial 0 finished with value: 0.45277881417296967 and parameters: {'model_name': 'GAIN', 'batch_size': 20, 'hint_rate': 0.18746106738900034, 'alpha': 65, 'iterations': 13, 'learning_rate': 0.0003582439692981867, 'p_miss': 0.25611216445934937}. Best is trial 27 with value: 0.28433205692458663.
running
[I 2024-09-19 17:53:42,701] Trial 36 finished with value: 0.28433205692458663 and parameters: {'model_name': 'KNNImputer', 'n_neighbors': 6376, 'weights': 'uniform'}. Best is trial 27 with value: 0.28433205692458663.
running
[I 2024-09-19 17:53:42,992] Trial 38 finished with value: 0.28433205692458663 and parameters: {'model_name': 'KNNImputer', 'n_neighbors': 6512, 'weights': 'uniform'}. Best is trial 27 with value: 0.28433205692458663.
running
[I 2024-09-19 17:53:43,167] Trial 37 finished with value: 0.28433205692458663 and parameters: {'model_name': 'KNNImputer', 'n_neighbors': 6034, 'weights': 'uniform'}. Best is trial 27 with value: 0.28433205692458663.
running
[I 2024-09-19 17:53:44,542] Trial 39 finished with value: 0.28433205692458663 and parameters: {'model_name': 'KNNImputer', 'n_neighbors': 6237, 'weights': 'uniform'}. Best is trial 27 with value: 0.28433205692458663.
running
[I 2024-09-19 17:53:44,836] Trial 29 finished with value: 0.28790801816577377 and parameters: {'model_name': 'VAE', 'batch_size': 9, 'iterations': 10, 'learning_rate': 0.005561052062128889, 'p_miss': 0.21865679157876575}. Best is trial 27 with value: 0.28433205692458663.
running
[I 2024-09-19 17:53:45,168] Trial 40 finished with value: 0.28433205692458663 and parameters: {'model_name': 'KNNImputer', 'n_neighbors': 5043, 'weights': 'uniform'}. Best is trial 27 with value: 0.28433205692458663.
running
[I 2024-09-19 17:53:45,547] Trial 41 finished with value: 0.28434805908088745 and parameters: {'model_name': 'KNNImputer', 'n_neighbors': 4737, 'weights': 'uniform'}. Best is trial 27 with value: 0.28433205692458663.
running
[I 2024-09-19 17:53:47,079] Trial 42 finished with value: 0.28435559511539055 and parameters: {'model_name': 'KNNImputer', 'n_neighbors': 4791, 'weights': 'uniform'}. Best is trial 27 with value: 0.28433205692458663.
running
[I 2024-09-19 17:53:47,316] Trial 43 finished with value: 0.28434400709599206 and parameters: {'model_name': 'KNNImputer', 'n_neighbors': 4453, 'weights': 'uniform'}. Best is trial 27 with value: 0.28433205692458663.
running
[I 2024-09-19 17:53:47,599] Trial 45 finished with value: 0.28433205692458663 and parameters: {'model_name': 'KNNImputer', 'n_neighbors': 5207, 'weights': 'uniform'}. Best is trial 27 with value: 0.28433205692458663.
running
[I 2024-09-19 17:53:47,971] Trial 44 finished with value: 0.2843606471304586 and parameters: {'model_name': 'KNNImputer', 'n_neighbors': 4849, 'weights': 'uniform'}. Best is trial 27 with value: 0.28433205692458663.
running
[I 2024-09-19 17:53:49,638] Trial 46 finished with value: 0.28433205692458663 and parameters: {'model_name': 'KNNImputer', 'n_neighbors': 5821, 'weights': 'uniform'}. Best is trial 27 with value: 0.28433205692458663.
running
[I 2024-09-19 17:53:49,763] Trial 47 finished with value: 0.28433205692458663 and parameters: {'model_name': 'KNNImputer', 'n_neighbors': 5718, 'weights': 'uniform'}. Best is trial 27 with value: 0.28433205692458663.
running
[I 2024-09-19 17:53:49,991] Trial 48 finished with value: 0.28433205692458663 and parameters: {'model_name': 'KNNImputer', 'n_neighbors': 5691, 'weights': 'uniform'}. Best is trial 27 with value: 0.28433205692458663.
running
[I 2024-09-19 17:53:50,387] Trial 49 finished with value: 0.28433205692458663 and parameters: {'model_name': 'KNNImputer', 'n_neighbors': 5716, 'weights': 'uniform'}. Best is trial 27 with value: 0.28433205692458663.
running
[I 2024-09-19 17:53:52,074] Trial 50 finished with value: 0.28433205692458663 and parameters: {'model_name': 'KNNImputer', 'n_neighbors': 6503, 'weights': 'uniform'}. Best is trial 27 with value: 0.28433205692458663.
running
[I 2024-09-19 17:53:52,450] Trial 53 finished with value: 0.28433205692458663 and parameters: {'model_name': 'KNNImputer', 'n_neighbors': 6500, 'weights': 'uniform'}. Best is trial 27 with value: 0.28433205692458663.
running
[I 2024-09-19 17:53:52,771] Trial 51 finished with value: 0.2843549386611345 and parameters: {'model_name': 'KNNImputer', 'n_neighbors': 3646, 'weights': 'uniform'}. Best is trial 27 with value: 0.28433205692458663.
running
[I 2024-09-19 17:53:52,976] Trial 52 finished with value: 0.2843463938066189 and parameters: {'model_name': 'KNNImputer', 'n_neighbors': 4012, 'weights': 'uniform'}. Best is trial 27 with value: 0.28433205692458663.
running
[I 2024-09-19 17:54:00,296] Trial 5 finished with value: 0.4472756803559723 and parameters: {'model_name': 'GAIN', 'batch_size': 30, 'hint_rate': 0.8346270988511862, 'alpha': 3, 'iterations': 73, 'learning_rate': 0.0037007309753981374, 'p_miss': 0.27234208542305155}. Best is trial 27 with value: 0.28433205692458663.
running
[I 2024-09-19 17:54:25,694] Trial 17 finished with value: 0.4682778422818963 and parameters: {'model_name': 'GAIN', 'batch_size': 493, 'hint_rate': 0.1359320882995544, 'alpha': 72, 'iterations': 187, 'learning_rate': 0.001209561270491722, 'p_miss': 0.16737560688596712}. Best is trial 27 with value: 0.28433205692458663.
running
[I 2024-09-19 17:54:25,951] Trial 59 finished with value: 0.5658375190953226 and parameters: {'model_name': 'SimpleImputer', 'strategy': 'most_frequent'}. Best is trial 27 with value: 0.28433205692458663.
running
[I 2024-09-19 17:54:27,065] Trial 60 finished with value: 0.28433205692458663 and parameters: {'model_name': 'KNNImputer', 'n_neighbors': 5913, 'weights': 'uniform'}. Best is trial 27 with value: 0.28433205692458663.
running
[I 2024-09-19 17:54:55,752] Trial 14 finished with value: inf and parameters: {'model_name': 'GAIN', 'batch_size': 2, 'hint_rate': 0.7983535883682359, 'alpha': 10, 'iterations': 1816, 'learning_rate': 0.08672876285796688, 'p_miss': 0.029900169123606657}. Best is trial 27 with value: 0.28433205692458663.
running
[I 2024-09-19 17:55:19,185] Trial 30 finished with value: inf and parameters: {'model_name': 'GAIN', 'batch_size': 4, 'hint_rate': 0.9464555896668279, 'alpha': 53, 'iterations': 2413, 'learning_rate': 0.001085279076375509, 'p_miss': 0.11106710593032562}. Best is trial 27 with value: 0.28433205692458663.
running
[I 2024-09-19 17:55:20,570] Trial 26 finished with value: inf and parameters: {'model_name': 'GAIN', 'batch_size': 11, 'hint_rate': 0.19943870532612384, 'alpha': 95, 'iterations': 2463, 'learning_rate': 0.00025205865532429715, 'p_miss': 0.07160361349188925}. Best is trial 27 with value: 0.28433205692458663.
running
[I 2024-09-19 18:05:35,270] Trial 1 finished with value: 0.30593141863936074 and parameters: {'model_name': 'IterativeImputer', 'estimator': 'RFR', 'initial_strategy': 'mean', 'n_nearest_features': 2, 'imputation_order': 'arabic'}. Best is trial 27 with value: 0.28433205692458663.
running
[I 2024-09-19 18:06:56,008] Trial 56 finished with value: 0.4898897026775396 and parameters: {'model_name': 'GAIN', 'batch_size': 565, 'hint_rate': 0.8897903217337908, 'alpha': 98, 'iterations': 3924, 'learning_rate': 0.012300679028158646, 'p_miss': 0.15700258073803636}. Best is trial 27 with value: 0.28433205692458663.
running
[I 2024-09-19 18:06:57,289] Trial 66 finished with value: 0.28433205692458663 and parameters: {'model_name': 'KNNImputer', 'n_neighbors': 6363, 'weights': 'uniform'}. Best is trial 27 with value: 0.28433205692458663.
running
[I 2024-09-19 18:06:58,348] Trial 67 finished with value: 0.28433205692458663 and parameters: {'model_name': 'KNNImputer', 'n_neighbors': 5388, 'weights': 'uniform'}. Best is trial 27 with value: 0.28433205692458663.
running
[I 2024-09-19 18:06:59,598] Trial 68 finished with value: 0.28433205692458663 and parameters: {'model_name': 'KNNImputer', 'n_neighbors': 5988, 'weights': 'uniform'}. Best is trial 27 with value: 0.28433205692458663.
running
[I 2024-09-19 18:09:28,037] Trial 23 finished with value: 0.2964501357425585 and parameters: {'model_name': 'IterativeImputer', 'estimator': 'RFR', 'initial_strategy': 'mean', 'n_nearest_features': 3, 'imputation_order': 'random'}. Best is trial 27 with value: 0.28433205692458663.
running
[I 2024-09-19 18:11:56,459] Trial 3 finished with value: 0.2996769206350661 and parameters: {'model_name': 'VAE', 'batch_size': 6, 'iterations': 2724, 'learning_rate': 0.0009780236582315558, 'p_miss': 0.28354443874657403}. Best is trial 27 with value: 0.28433205692458663.
running
[I 2024-09-19 18:12:12,251] Trial 69 finished with value: 0.2854834436015203 and parameters: {'model_name': 'VAE', 'batch_size': 108, 'iterations': 312, 'learning_rate': 0.016287764210576643, 'p_miss': 0.21145985924723695}. Best is trial 27 with value: 0.28433205692458663.
running
[I 2024-09-19 18:12:13,323] Trial 72 finished with value: 0.28433205692458663 and parameters: {'model_name': 'KNNImputer', 'n_neighbors': 6462, 'weights': 'uniform'}. Best is trial 27 with value: 0.28433205692458663.
running
[I 2024-09-19 18:12:14,520] Trial 73 finished with value: 0.28435277101585243 and parameters: {'model_name': 'KNNImputer', 'n_neighbors': 5404, 'weights': 'distance'}. Best is trial 27 with value: 0.28433205692458663.
running
[I 2024-09-19 18:12:14,677] Trial 74 finished with value: 0.28433205692458663 and parameters: {'model_name': 'SimpleImputer', 'strategy': 'mean'}. Best is trial 27 with value: 0.28433205692458663.
running
[I 2024-09-19 18:12:15,738] Trial 75 finished with value: 0.28433205692458663 and parameters: {'model_name': 'KNNImputer', 'n_neighbors': 6082, 'weights': 'uniform'}. Best is trial 27 with value: 0.28433205692458663.
running
[I 2024-09-19 18:12:16,821] Trial 76 finished with value: 0.28433205692458663 and parameters: {'model_name': 'KNNImputer', 'n_neighbors': 6143, 'weights': 'uniform'}. Best is trial 27 with value: 0.28433205692458663.
running
[I 2024-09-19 18:12:17,913] Trial 77 finished with value: 0.28433205692458663 and parameters: {'model_name': 'KNNImputer', 'n_neighbors': 6499, 'weights': 'uniform'}. Best is trial 27 with value: 0.28433205692458663.
running
[I 2024-09-19 18:12:19,218] Trial 78 finished with value: 0.2844454990838428 and parameters: {'model_name': 'KNNImputer', 'n_neighbors': 1961, 'weights': 'uniform'}. Best is trial 27 with value: 0.28433205692458663.
running
[I 2024-09-19 18:12:20,388] Trial 79 finished with value: 0.28435277101585243 and parameters: {'model_name': 'KNNImputer', 'n_neighbors': 6084, 'weights': 'distance'}. Best is trial 27 with value: 0.28433205692458663.
running
[I 2024-09-19 18:12:21,457] Trial 80 finished with value: 0.28433205692458663 and parameters: {'model_name': 'KNNImputer', 'n_neighbors': 5456, 'weights': 'uniform'}. Best is trial 27 with value: 0.28433205692458663.
running
[I 2024-09-19 18:13:21,921] Trial 54 finished with value: 0.4876077121297639 and parameters: {'model_name': 'GAIN', 'batch_size': 734, 'hint_rate': 0.982614308215409, 'alpha': 96, 'iterations': 5898, 'learning_rate': 0.012528776841210827, 'p_miss': 0.15917227507920564}. Best is trial 27 with value: 0.28433205692458663.
running
[I 2024-09-19 18:15:19,214] Trial 58 finished with value: 0.48194695254568776 and parameters: {'model_name': 'GAIN', 'batch_size': 652, 'hint_rate': 0.4621414524855868, 'alpha': 99, 'iterations': 6536, 'learning_rate': 0.015810156220285206, 'p_miss': 0.1591679540507634}. Best is trial 27 with value: 0.28433205692458663.
running
[I 2024-09-19 18:15:30,028] Trial 71 finished with value: 0.28529164338928215 and parameters: {'model_name': 'VAE', 'batch_size': 100, 'iterations': 267, 'learning_rate': 0.019917569706759695, 'p_miss': 0.2143991153346549}. Best is trial 27 with value: 0.28433205692458663.
running
[I 2024-09-19 18:15:40,206] Trial 84 finished with value: 0.28484742957784 and parameters: {'model_name': 'IterativeImputer', 'estimator': 'Ridge', 'initial_strategy': 'median', 'n_nearest_features': 5, 'imputation_order': 'roman'}. Best is trial 27 with value: 0.28433205692458663.
running
[I 2024-09-19 18:15:41,366] Trial 85 finished with value: 0.28435277101585243 and parameters: {'model_name': 'KNNImputer', 'n_neighbors': 6227, 'weights': 'distance'}. Best is trial 27 with value: 0.28433205692458663.
running
[I 2024-09-19 18:15:42,372] Trial 86 finished with value: 0.28433205692458663 and parameters: {'model_name': 'KNNImputer', 'n_neighbors': 5201, 'weights': 'uniform'}. Best is trial 27 with value: 0.28433205692458663.
running
[I 2024-09-19 18:15:43,567] Trial 87 finished with value: 0.28433181329948515 and parameters: {'model_name': 'KNNImputer', 'n_neighbors': 5012, 'weights': 'uniform'}. Best is trial 87 with value: 0.28433181329948515.
running
[I 2024-09-19 18:15:44,622] Trial 88 finished with value: 0.28433205692458663 and parameters: {'model_name': 'KNNImputer', 'n_neighbors': 5677, 'weights': 'uniform'}. Best is trial 87 with value: 0.28433181329948515.
running
[I 2024-09-19 18:15:45,730] Trial 89 finished with value: 0.28433205692458663 and parameters: {'model_name': 'KNNImputer', 'n_neighbors': 6108, 'weights': 'uniform'}. Best is trial 87 with value: 0.28433181329948515.
running
[I 2024-09-19 18:15:46,918] Trial 90 finished with value: 0.284347399156625 and parameters: {'model_name': 'KNNImputer', 'n_neighbors': 4436, 'weights': 'uniform'}. Best is trial 87 with value: 0.28433181329948515.
running
[I 2024-09-19 18:15:48,079] Trial 91 finished with value: 0.2844122855008481 and parameters: {'model_name': 'KNNImputer', 'n_neighbors': 2194, 'weights': 'uniform'}. Best is trial 87 with value: 0.28433181329948515.
running
[I 2024-09-19 18:15:49,154] Trial 92 finished with value: 0.2843304221778851 and parameters: {'model_name': 'KNNImputer', 'n_neighbors': 4980, 'weights': 'uniform'}. Best is trial 92 with value: 0.2843304221778851.
running
[I 2024-09-19 18:15:49,362] Trial 93 finished with value: 0.5658375190953226 and parameters: {'model_name': 'SimpleImputer', 'strategy': 'most_frequent'}. Best is trial 92 with value: 0.2843304221778851.
running
[I 2024-09-19 18:15:50,304] Trial 94 finished with value: 0.30346820701152255 and parameters: {'model_name': 'KNNImputer', 'n_neighbors': 8, 'weights': 'uniform'}. Best is trial 92 with value: 0.2843304221778851.
running
[I 2024-09-19 18:15:55,221] Trial 95 finished with value: 0.3177566444908036 and parameters: {'model_name': 'IterativeImputer', 'estimator': 'KNN', 'initial_strategy': 'median', 'n_nearest_features': 6, 'imputation_order': 'ascending'}. Best is trial 92 with value: 0.2843304221778851.
running
[I 2024-09-19 18:15:56,188] Trial 96 finished with value: 0.28433205692458663 and parameters: {'model_name': 'KNNImputer', 'n_neighbors': 5170, 'weights': 'uniform'}. Best is trial 92 with value: 0.2843304221778851.
running
[I 2024-09-19 18:15:57,340] Trial 97 finished with value: 0.2843537735111451 and parameters: {'model_name': 'KNNImputer', 'n_neighbors': 4746, 'weights': 'uniform'}. Best is trial 92 with value: 0.2843304221778851.
running
[I 2024-09-19 18:15:58,365] Trial 98 finished with value: 0.2843316796986993 and parameters: {'model_name': 'KNNImputer', 'n_neighbors': 5007, 'weights': 'uniform'}. Best is trial 92 with value: 0.2843304221778851.
running
[I 2024-09-19 18:15:59,569] Trial 99 finished with value: 0.2843320399212577 and parameters: {'model_name': 'KNNImputer', 'n_neighbors': 5000, 'weights': 'uniform'}. Best is trial 92 with value: 0.2843304221778851.
running
[I 2024-09-19 18:16:00,680] Trial 100 finished with value: 0.2843413185439101 and parameters: {'model_name': 'KNNImputer', 'n_neighbors': 4920, 'weights': 'uniform'}. Best is trial 92 with value: 0.2843304221778851.
running
[I 2024-09-19 18:16:01,889] Trial 101 finished with value: 0.2843570019694799 and parameters: {'model_name': 'KNNImputer', 'n_neighbors': 4173, 'weights': 'uniform'}. Best is trial 92 with value: 0.2843304221778851.
running
[I 2024-09-19 18:16:34,918] Trial 102 finished with value: 0.2877306552496874 and parameters: {'model_name': 'VAE', 'batch_size': 157, 'iterations': 33, 'learning_rate': 0.0005380679064789326, 'p_miss': 0.10902427799598381}. Best is trial 92 with value: 0.2843304221778851.
running
[I 2024-09-19 18:16:36,157] Trial 103 finished with value: 0.2843649642707027 and parameters: {'model_name': 'KNNImputer', 'n_neighbors': 4513, 'weights': 'distance'}. Best is trial 92 with value: 0.2843304221778851.
running
[I 2024-09-19 18:16:37,183] Trial 104 finished with value: 0.28433205692458663 and parameters: {'model_name': 'KNNImputer', 'n_neighbors': 5085, 'weights': 'uniform'}. Best is trial 92 with value: 0.2843304221778851.
running
[I 2024-09-19 18:16:38,232] Trial 105 finished with value: 0.28433205692458663 and parameters: {'model_name': 'KNNImputer', 'n_neighbors': 5522, 'weights': 'uniform'}. Best is trial 92 with value: 0.2843304221778851.
running
[I 2024-09-19 18:16:39,578] Trial 106 finished with value: 0.28434196666447076 and parameters: {'model_name': 'KNNImputer', 'n_neighbors': 4653, 'weights': 'uniform'}. Best is trial 92 with value: 0.2843304221778851.
running
[I 2024-09-19 18:16:40,695] Trial 107 finished with value: 0.28433027401021743 and parameters: {'model_name': 'KNNImputer', 'n_neighbors': 3136, 'weights': 'uniform'}. Best is trial 107 with value: 0.28433027401021743.
running
[I 2024-09-19 18:16:41,825] Trial 108 finished with value: 0.28432886458210627 and parameters: {'model_name': 'KNNImputer', 'n_neighbors': 2723, 'weights': 'uniform'}. Best is trial 108 with value: 0.28432886458210627.
running
[I 2024-09-19 18:16:42,964] Trial 109 finished with value: 0.28439709195123697 and parameters: {'model_name': 'KNNImputer', 'n_neighbors': 2476, 'weights': 'uniform'}. Best is trial 108 with value: 0.28432886458210627.
running
[I 2024-09-19 18:16:44,113] Trial 110 finished with value: 0.28433650649351294 and parameters: {'model_name': 'KNNImputer', 'n_neighbors': 3099, 'weights': 'uniform'}. Best is trial 108 with value: 0.28432886458210627.
running
[I 2024-09-19 18:16:45,244] Trial 111 finished with value: 0.2843250580998764 and parameters: {'model_name': 'KNNImputer', 'n_neighbors': 2928, 'weights': 'uniform'}. Best is trial 111 with value: 0.2843250580998764.
running
[I 2024-09-19 18:16:46,514] Trial 112 finished with value: 0.284323211636963 and parameters: {'model_name': 'KNNImputer', 'n_neighbors': 2766, 'weights': 'uniform'}. Best is trial 112 with value: 0.284323211636963.
running
[I 2024-09-19 18:16:47,640] Trial 113 finished with value: 0.28434411912297175 and parameters: {'model_name': 'KNNImputer', 'n_neighbors': 2833, 'weights': 'uniform'}. Best is trial 112 with value: 0.284323211636963.
running
[I 2024-09-19 18:16:47,796] Trial 114 finished with value: 0.28433205692458663 and parameters: {'model_name': 'SimpleImputer', 'strategy': 'mean'}. Best is trial 112 with value: 0.284323211636963.
running
[I 2024-09-19 18:16:48,974] Trial 115 finished with value: 0.28430489686570476 and parameters: {'model_name': 'KNNImputer', 'n_neighbors': 3353, 'weights': 'uniform'}. Best is trial 115 with value: 0.28430489686570476.
running
[I 2024-09-19 18:16:50,274] Trial 116 finished with value: 0.28430122983063094 and parameters: {'model_name': 'KNNImputer', 'n_neighbors': 3370, 'weights': 'uniform'}. Best is trial 116 with value: 0.28430122983063094.
running
[I 2024-09-19 18:16:51,442] Trial 117 finished with value: 0.2843333706447243 and parameters: {'model_name': 'KNNImputer', 'n_neighbors': 3233, 'weights': 'uniform'}. Best is trial 116 with value: 0.28430122983063094.
running
[I 2024-09-19 18:16:52,590] Trial 118 finished with value: 0.2843333012745507 and parameters: {'model_name': 'KNNImputer', 'n_neighbors': 3502, 'weights': 'uniform'}. Best is trial 116 with value: 0.28430122983063094.
running
[I 2024-09-19 18:16:53,714] Trial 119 finished with value: 0.28433461176738034 and parameters: {'model_name': 'KNNImputer', 'n_neighbors': 2744, 'weights': 'uniform'}. Best is trial 116 with value: 0.28430122983063094.
running
[I 2024-09-19 18:16:54,794] Trial 120 finished with value: 0.28433020135076237 and parameters: {'model_name': 'KNNImputer', 'n_neighbors': 3026, 'weights': 'uniform'}. Best is trial 116 with value: 0.28430122983063094.
running
[I 2024-09-19 18:16:57,782] Trial 121 finished with value: 0.2848758581089656 and parameters: {'model_name': 'IterativeImputer', 'estimator': 'Ridge', 'initial_strategy': 'most_frequent', 'n_nearest_features': 8, 'imputation_order': 'arabic'}. Best is trial 116 with value: 0.28430122983063094.
running
[I 2024-09-19 18:16:58,945] Trial 122 finished with value: 0.2843245394013475 and parameters: {'model_name': 'KNNImputer', 'n_neighbors': 3020, 'weights': 'uniform'}. Best is trial 116 with value: 0.28430122983063094.
running
[I 2024-09-19 18:17:00,060] Trial 123 finished with value: 0.2843224141523991 and parameters: {'model_name': 'KNNImputer', 'n_neighbors': 3049, 'weights': 'uniform'}. Best is trial 116 with value: 0.28430122983063094.
running
[I 2024-09-19 18:17:13,431] Trial 124 finished with value: 0.2913091686368141 and parameters: {'model_name': 'VAE', 'batch_size': 1, 'iterations': 35, 'learning_rate': 0.00010735904595307663, 'p_miss': 0.2956646895674505}. Best is trial 116 with value: 0.28430122983063094.
running
[I 2024-09-19 18:17:14,738] Trial 125 finished with value: 0.28432829444918567 and parameters: {'model_name': 'KNNImputer', 'n_neighbors': 3039, 'weights': 'uniform'}. Best is trial 116 with value: 0.28430122983063094.
running
[I 2024-09-19 18:17:16,075] Trial 126 finished with value: 0.2843288141343184 and parameters: {'model_name': 'KNNImputer', 'n_neighbors': 3025, 'weights': 'uniform'}. Best is trial 116 with value: 0.28430122983063094.
running
[I 2024-09-19 18:17:17,234] Trial 127 finished with value: 0.2843375698118312 and parameters: {'model_name': 'KNNImputer', 'n_neighbors': 3100, 'weights': 'uniform'}. Best is trial 116 with value: 0.28430122983063094.
running
[I 2024-09-19 18:17:18,399] Trial 128 finished with value: 0.2843382681615689 and parameters: {'model_name': 'KNNImputer', 'n_neighbors': 3526, 'weights': 'uniform'}. Best is trial 116 with value: 0.28430122983063094.
running
[I 2024-09-19 18:17:19,662] Trial 129 finished with value: 0.28440018592205957 and parameters: {'model_name': 'KNNImputer', 'n_neighbors': 2475, 'weights': 'uniform'}. Best is trial 116 with value: 0.28430122983063094.
running
[I 2024-09-19 18:17:21,017] Trial 130 finished with value: 0.2843250474699338 and parameters: {'model_name': 'KNNImputer', 'n_neighbors': 2996, 'weights': 'uniform'}. Best is trial 116 with value: 0.28430122983063094.
running
[I 2024-09-19 18:17:22,240] Trial 131 finished with value: 0.2843322802318473 and parameters: {'model_name': 'KNNImputer', 'n_neighbors': 3029, 'weights': 'uniform'}. Best is trial 116 with value: 0.28430122983063094.
running
[I 2024-09-19 18:17:23,332] Trial 132 finished with value: 0.2843648769201605 and parameters: {'model_name': 'KNNImputer', 'n_neighbors': 3759, 'weights': 'uniform'}. Best is trial 116 with value: 0.28430122983063094.
running
[I 2024-09-19 18:17:24,680] Trial 133 finished with value: 0.28434006223298747 and parameters: {'model_name': 'KNNImputer', 'n_neighbors': 3343, 'weights': 'distance'}. Best is trial 116 with value: 0.28430122983063094.
running
[I 2024-09-19 18:17:53,267] Trial 70 finished with value: 0.2851159370296147 and parameters: {'model_name': 'VAE', 'batch_size': 121, 'iterations': 498, 'learning_rate': 0.01314639345063613, 'p_miss': 0.2987387164317805}. Best is trial 116 with value: 0.28430122983063094.
running
[I 2024-09-19 18:18:25,673] Trial 82 finished with value: 0.2852865811835888 and parameters: {'model_name': 'VAE', 'batch_size': 104, 'iterations': 378, 'learning_rate': 0.03032021562697609, 'p_miss': 0.20752112585052318}. Best is trial 116 with value: 0.28430122983063094.
running
[I 2024-09-19 18:18:26,987] Trial 136 finished with value: 0.2843395198117226 and parameters: {'model_name': 'KNNImputer', 'n_neighbors': 2642, 'weights': 'uniform'}. Best is trial 116 with value: 0.28430122983063094.
running
[I 2024-09-19 18:18:28,153] Trial 137 finished with value: 0.28431538942179874 and parameters: {'model_name': 'KNNImputer', 'n_neighbors': 2921, 'weights': 'uniform'}. Best is trial 116 with value: 0.28430122983063094.
running
[I 2024-09-19 18:18:29,296] Trial 138 finished with value: 0.2843247461177072 and parameters: {'model_name': 'KNNImputer', 'n_neighbors': 2933, 'weights': 'uniform'}. Best is trial 116 with value: 0.28430122983063094.
running
[I 2024-09-19 18:19:27,505] Trial 134 finished with value: 0.4940730045341203 and parameters: {'model_name': 'GAIN', 'batch_size': 253, 'hint_rate': 0.40593778201470676, 'alpha': 29, 'iterations': 679, 'learning_rate': 0.03399400589356083, 'p_miss': 0.1885335356311487}. Best is trial 116 with value: 0.28430122983063094.
running
[I 2024-09-19 18:19:28,639] Trial 140 finished with value: 0.28430972929034654 and parameters: {'model_name': 'KNNImputer', 'n_neighbors': 2948, 'weights': 'uniform'}. Best is trial 116 with value: 0.28430122983063094.
running
[I 2024-09-19 18:19:29,865] Trial 141 finished with value: 0.2843421841779304 and parameters: {'model_name': 'KNNImputer', 'n_neighbors': 2849, 'weights': 'uniform'}. Best is trial 116 with value: 0.28430122983063094.
running
[I 2024-09-19 18:19:31,039] Trial 142 finished with value: 0.2843118013499314 and parameters: {'model_name': 'KNNImputer', 'n_neighbors': 3338, 'weights': 'uniform'}. Best is trial 116 with value: 0.28430122983063094.
running
[I 2024-09-19 18:19:32,215] Trial 143 finished with value: 0.2843108878300914 and parameters: {'model_name': 'KNNImputer', 'n_neighbors': 3344, 'weights': 'uniform'}. Best is trial 116 with value: 0.28430122983063094.
running
[I 2024-09-19 18:19:33,446] Trial 144 finished with value: 0.2843301107094109 and parameters: {'model_name': 'KNNImputer', 'n_neighbors': 3451, 'weights': 'uniform'}. Best is trial 116 with value: 0.28430122983063094.
running
[I 2024-09-19 18:19:33,616] Trial 145 finished with value: 0.28441314354489383 and parameters: {'model_name': 'SimpleImputer', 'strategy': 'median'}. Best is trial 116 with value: 0.28430122983063094.
running
[I 2024-09-19 18:19:34,709] Trial 146 finished with value: 0.28431608375803646 and parameters: {'model_name': 'KNNImputer', 'n_neighbors': 2923, 'weights': 'uniform'}. Best is trial 116 with value: 0.28430122983063094.
running
[I 2024-09-19 18:19:36,084] Trial 147 finished with value: 0.2843734293630033 and parameters: {'model_name': 'KNNImputer', 'n_neighbors': 3789, 'weights': 'uniform'}. Best is trial 116 with value: 0.28430122983063094.
running
[I 2024-09-19 18:19:37,370] Trial 148 finished with value: 0.28431006429884104 and parameters: {'model_name': 'KNNImputer', 'n_neighbors': 3316, 'weights': 'uniform'}. Best is trial 116 with value: 0.28430122983063094.
running
[I 2024-09-19 18:19:38,568] Trial 149 finished with value: 0.28431386082186183 and parameters: {'model_name': 'KNNImputer', 'n_neighbors': 3279, 'weights': 'uniform'}. Best is trial 116 with value: 0.28430122983063094.
running
[I 2024-09-19 18:19:39,779] Trial 150 finished with value: 0.2843296009037199 and parameters: {'model_name': 'KNNImputer', 'n_neighbors': 3222, 'weights': 'uniform'}. Best is trial 116 with value: 0.28430122983063094.
running
[I 2024-09-19 18:19:40,949] Trial 151 finished with value: 0.2843047923955099 and parameters: {'model_name': 'KNNImputer', 'n_neighbors': 3352, 'weights': 'uniform'}. Best is trial 116 with value: 0.28430122983063094.
running
[I 2024-09-19 18:19:42,125] Trial 152 finished with value: 0.2843156179212537 and parameters: {'model_name': 'KNNImputer', 'n_neighbors': 3335, 'weights': 'uniform'}. Best is trial 116 with value: 0.28430122983063094.
running
[I 2024-09-19 18:19:47,210] Trial 153 finished with value: 0.31666453861630217 and parameters: {'model_name': 'IterativeImputer', 'estimator': 'KNN', 'initial_strategy': 'median', 'n_nearest_features': 6, 'imputation_order': 'roman'}. Best is trial 116 with value: 0.28430122983063094.
running
[I 2024-09-19 18:19:48,407] Trial 154 finished with value: 0.2842953670798985 and parameters: {'model_name': 'KNNImputer', 'n_neighbors': 3381, 'weights': 'uniform'}. Best is trial 154 with value: 0.2842953670798985.
running
[I 2024-09-19 18:19:49,562] Trial 155 finished with value: 0.2842996866184051 and parameters: {'model_name': 'KNNImputer', 'n_neighbors': 3369, 'weights': 'uniform'}. Best is trial 154 with value: 0.2842953670798985.
running
[I 2024-09-19 18:19:50,801] Trial 156 finished with value: 0.28430189667948846 and parameters: {'model_name': 'KNNImputer', 'n_neighbors': 3395, 'weights': 'uniform'}. Best is trial 154 with value: 0.2842953670798985.
running
[I 2024-09-19 18:19:51,918] Trial 157 finished with value: 0.28430122983063094 and parameters: {'model_name': 'KNNImputer', 'n_neighbors': 3370, 'weights': 'uniform'}. Best is trial 154 with value: 0.2842953670798985.
running
[I 2024-09-19 18:19:53,123] Trial 158 finished with value: 0.28430019077073765 and parameters: {'model_name': 'KNNImputer', 'n_neighbors': 3360, 'weights': 'uniform'}. Best is trial 154 with value: 0.2842953670798985.
running
[I 2024-09-19 18:19:54,302] Trial 159 finished with value: 0.28429918233501433 and parameters: {'model_name': 'KNNImputer', 'n_neighbors': 3359, 'weights': 'uniform'}. Best is trial 154 with value: 0.2842953670798985.
running
[I 2024-09-19 18:19:55,641] Trial 160 finished with value: 0.2843686175103744 and parameters: {'model_name': 'KNNImputer', 'n_neighbors': 3669, 'weights': 'distance'}. Best is trial 154 with value: 0.2842953670798985.
running
[I 2024-09-19 18:19:56,919] Trial 161 finished with value: 0.2843665044736476 and parameters: {'model_name': 'KNNImputer', 'n_neighbors': 3890, 'weights': 'uniform'}. Best is trial 154 with value: 0.2842953670798985.
running
[I 2024-09-19 18:19:58,062] Trial 162 finished with value: 0.2843311961825887 and parameters: {'model_name': 'KNNImputer', 'n_neighbors': 3459, 'weights': 'uniform'}. Best is trial 154 with value: 0.2842953670798985.
running
[I 2024-09-19 18:19:59,236] Trial 163 finished with value: 0.28430692636106036 and parameters: {'model_name': 'KNNImputer', 'n_neighbors': 3342, 'weights': 'uniform'}. Best is trial 154 with value: 0.2842953670798985.
running
[I 2024-09-19 18:20:00,446] Trial 164 finished with value: 0.2843157439157892 and parameters: {'model_name': 'KNNImputer', 'n_neighbors': 3287, 'weights': 'uniform'}. Best is trial 154 with value: 0.2842953670798985.
running
[I 2024-09-19 18:20:16,461] Trial 165 finished with value: 0.4650033914229299 and parameters: {'model_name': 'GAIN', 'batch_size': 54, 'hint_rate': 0.020680956488543123, 'alpha': 77, 'iterations': 85, 'learning_rate': 0.00416975595915031, 'p_miss': 0.056291820219424}. Best is trial 154 with value: 0.2842953670798985.
running
[I 2024-09-19 18:20:17,583] Trial 166 finished with value: 0.28435906180818005 and parameters: {'model_name': 'KNNImputer', 'n_neighbors': 3635, 'weights': 'uniform'}. Best is trial 154 with value: 0.2842953670798985.
running
[I 2024-09-19 18:20:18,734] Trial 167 finished with value: 0.28429586241405996 and parameters: {'model_name': 'KNNImputer', 'n_neighbors': 3389, 'weights': 'uniform'}. Best is trial 154 with value: 0.2842953670798985.
running
[I 2024-09-19 18:20:19,921] Trial 168 finished with value: 0.2843012991322474 and parameters: {'model_name': 'KNNImputer', 'n_neighbors': 3397, 'weights': 'uniform'}. Best is trial 154 with value: 0.2842953670798985.
running
[I 2024-09-19 18:20:21,237] Trial 169 finished with value: 0.28431269084447025 and parameters: {'model_name': 'KNNImputer', 'n_neighbors': 3421, 'weights': 'uniform'}. Best is trial 154 with value: 0.2842953670798985.
running
[I 2024-09-19 18:20:22,398] Trial 170 finished with value: 0.2843533921997502 and parameters: {'model_name': 'KNNImputer', 'n_neighbors': 3593, 'weights': 'uniform'}. Best is trial 154 with value: 0.2842953670798985.
running
[I 2024-09-19 18:20:23,606] Trial 171 finished with value: 0.2843721306144529 and parameters: {'model_name': 'KNNImputer', 'n_neighbors': 3826, 'weights': 'uniform'}. Best is trial 154 with value: 0.2842953670798985.
running
[I 2024-09-19 18:20:24,722] Trial 172 finished with value: 0.2843323529291223 and parameters: {'model_name': 'KNNImputer', 'n_neighbors': 3220, 'weights': 'uniform'}. Best is trial 154 with value: 0.2842953670798985.
running
[I 2024-09-19 18:20:25,899] Trial 173 finished with value: 0.2842946294783462 and parameters: {'model_name': 'KNNImputer', 'n_neighbors': 3383, 'weights': 'uniform'}. Best is trial 173 with value: 0.2842946294783462.
running
[I 2024-09-19 18:20:27,193] Trial 174 finished with value: 0.2843632710950762 and parameters: {'model_name': 'KNNImputer', 'n_neighbors': 3955, 'weights': 'uniform'}. Best is trial 173 with value: 0.2842946294783462.
running
[I 2024-09-19 18:20:27,330] Trial 175 finished with value: 0.28433205692458663 and parameters: {'model_name': 'SimpleImputer', 'strategy': 'mean'}. Best is trial 173 with value: 0.2842946294783462.
running
[I 2024-09-19 18:20:28,467] Trial 176 finished with value: 0.2842971005015712 and parameters: {'model_name': 'KNNImputer', 'n_neighbors': 3388, 'weights': 'uniform'}. Best is trial 173 with value: 0.2842946294783462.
running
[I 2024-09-19 18:20:28,819] Trial 135 finished with value: 0.4754845639498318 and parameters: {'model_name': 'GAIN', 'batch_size': 300, 'hint_rate': 0.40286698741776317, 'alpha': 35, 'iterations': 749, 'learning_rate': 0.03692072673727551, 'p_miss': 0.06359989535975906}. Best is trial 173 with value: 0.2842946294783462.
running
[I 2024-09-19 18:20:29,930] Trial 177 finished with value: 0.28434411229097745 and parameters: {'model_name': 'KNNImputer', 'n_neighbors': 3687, 'weights': 'uniform'}. Best is trial 173 with value: 0.2842946294783462.
running
[I 2024-09-19 18:20:30,386] Trial 178 finished with value: 0.2843491948958714 and parameters: {'model_name': 'KNNImputer', 'n_neighbors': 3669, 'weights': 'uniform'}. Best is trial 173 with value: 0.2842946294783462.
running
[I 2024-09-19 18:20:32,015] Trial 179 finished with value: 0.28433718110151124 and parameters: {'model_name': 'KNNImputer', 'n_neighbors': 3535, 'weights': 'uniform'}. Best is trial 173 with value: 0.2842946294783462.
running
[I 2024-09-19 18:20:32,555] Trial 180 finished with value: 0.2843360906578831 and parameters: {'model_name': 'KNNImputer', 'n_neighbors': 3501, 'weights': 'uniform'}. Best is trial 173 with value: 0.2842946294783462.
running
[I 2024-09-19 18:20:33,727] Trial 181 finished with value: 0.28435861536874624 and parameters: {'model_name': 'KNNImputer', 'n_neighbors': 4087, 'weights': 'uniform'}. Best is trial 173 with value: 0.2842946294783462.
running
[I 2024-09-19 18:20:34,272] Trial 182 finished with value: 0.28435861536874624 and parameters: {'model_name': 'KNNImputer', 'n_neighbors': 4087, 'weights': 'uniform'}. Best is trial 173 with value: 0.2842946294783462.
running
[I 2024-09-19 18:20:35,674] Trial 183 finished with value: 0.2842948791500549 and parameters: {'model_name': 'KNNImputer', 'n_neighbors': 3377, 'weights': 'uniform'}. Best is trial 173 with value: 0.2842946294783462.
running
[I 2024-09-19 18:20:36,127] Trial 184 finished with value: 0.28433477305983346 and parameters: {'model_name': 'KNNImputer', 'n_neighbors': 3170, 'weights': 'uniform'}. Best is trial 173 with value: 0.2842946294783462.
running
[I 2024-09-19 18:20:37,516] Trial 185 finished with value: 0.2843300222731819 and parameters: {'model_name': 'KNNImputer', 'n_neighbors': 3187, 'weights': 'uniform'}. Best is trial 173 with value: 0.2842946294783462.
running
[I 2024-09-19 18:20:38,088] Trial 186 finished with value: 0.2842985827997482 and parameters: {'model_name': 'KNNImputer', 'n_neighbors': 3374, 'weights': 'uniform'}. Best is trial 173 with value: 0.2842946294783462.
running
[I 2024-09-19 18:20:39,343] Trial 187 finished with value: 0.2842949400778979 and parameters: {'model_name': 'KNNImputer', 'n_neighbors': 3391, 'weights': 'uniform'}. Best is trial 173 with value: 0.2842946294783462.
running
[I 2024-09-19 18:20:40,000] Trial 188 finished with value: 0.28429586241405996 and parameters: {'model_name': 'KNNImputer', 'n_neighbors': 3389, 'weights': 'uniform'}. Best is trial 173 with value: 0.2842946294783462.
running
[I 2024-09-19 18:20:40,822] Trial 189 finished with value: 0.28431414601048266 and parameters: {'model_name': 'KNNImputer', 'n_neighbors': 3420, 'weights': 'uniform'}. Best is trial 173 with value: 0.2842946294783462.
running
[I 2024-09-19 18:20:54,510] Trial 64 finished with value: 0.2850029760885218 and parameters: {'model_name': 'VAE', 'batch_size': 985, 'iterations': 352, 'learning_rate': 0.017118996682411257, 'p_miss': 0.19713880687470192}. Best is trial 173 with value: 0.2842946294783462.
running
[I 2024-09-19 18:20:55,951] Trial 192 finished with value: 0.28437261781811224 and parameters: {'model_name': 'KNNImputer', 'n_neighbors': 3592, 'weights': 'distance'}. Best is trial 173 with value: 0.2842946294783462.
running
[I 2024-09-19 18:21:15,097] Trial 139 finished with value: 0.4711482405436091 and parameters: {'model_name': 'GAIN', 'batch_size': 266, 'hint_rate': 0.41790565394415113, 'alpha': 34, 'iterations': 775, 'learning_rate': 0.006863567736740701, 'p_miss': 0.05570310445715389}. Best is trial 173 with value: 0.2842946294783462.
running
[I 2024-09-19 18:21:37,870] Trial 55 finished with value: 0.4766072082213805 and parameters: {'model_name': 'GAIN', 'batch_size': 972, 'hint_rate': 0.9813280877141475, 'alpha': 94, 'iterations': 8245, 'learning_rate': 0.013804595476776416, 'p_miss': 0.15954594245130144}. Best is trial 173 with value: 0.2842946294783462.
running
[I 2024-09-19 18:21:39,391] Trial 195 finished with value: 0.2843158218257587 and parameters: {'model_name': 'KNNImputer', 'n_neighbors': 3415, 'weights': 'uniform'}. Best is trial 173 with value: 0.2842946294783462.
running
[I 2024-09-19 18:21:40,902] Trial 196 finished with value: 0.2843372110941837 and parameters: {'model_name': 'KNNImputer', 'n_neighbors': 3164, 'weights': 'uniform'}. Best is trial 173 with value: 0.2842946294783462.
running
[I 2024-09-19 18:22:01,066] Trial 18 finished with value: 0.3296331800088711 and parameters: {'model_name': 'VAE', 'batch_size': 1, 'iterations': 3380, 'learning_rate': 0.0003198985621683212, 'p_miss': 0.1357843767103287}. Best is trial 173 with value: 0.2842946294783462.
running
[I 2024-09-19 18:22:02,563] Trial 198 finished with value: 0.2843330319751273 and parameters: {'model_name': 'KNNImputer', 'n_neighbors': 3508, 'weights': 'uniform'}. Best is trial 173 with value: 0.2842946294783462.
running
[I 2024-09-19 18:24:49,111] Trial 81 finished with value: 0.28531945266561975 and parameters: {'model_name': 'VAE', 'batch_size': 173, 'iterations': 624, 'learning_rate': 0.02656184236053136, 'p_miss': 0.19719679691178593}. Best is trial 173 with value: 0.2842946294783462.
[I 2024-09-19 18:25:17,938] Trial 83 finished with value: 0.28644018765101176 and parameters: {'model_name': 'VAE', 'batch_size': 148, 'iterations': 668, 'learning_rate': 0.00011213053345092452, 'p_miss': 0.20706558425938412}. Best is trial 173 with value: 0.2842946294783462.
[I 2024-09-19 18:25:25,099] Trial 57 finished with value: 0.47586915645622535 and parameters: {'model_name': 'GAIN', 'batch_size': 935, 'hint_rate': 0.9489824248024442, 'alpha': 95, 'iterations': 9629, 'learning_rate': 0.011538424071907865, 'p_miss': 0.16260487860688527}. Best is trial 173 with value: 0.2842946294783462.
[I 2024-09-19 18:29:46,282] Trial 191 finished with value: 0.34497706848875814 and parameters: {'model_name': 'IterativeImputer', 'estimator': 'RFR', 'initial_strategy': 'most_frequent', 'n_nearest_features': 1, 'imputation_order': 'roman'}. Best is trial 173 with value: 0.2842946294783462.
[I 2024-09-19 18:29:47,286] Trial 190 finished with value: 0.34244752156626884 and parameters: {'model_name': 'IterativeImputer', 'estimator': 'RFR', 'initial_strategy': 'most_frequent', 'n_nearest_features': 1, 'imputation_order': 'arabic'}. Best is trial 173 with value: 0.2842946294783462.
[I 2024-09-19 18:30:02,075] Trial 193 finished with value: 0.3462015883763809 and parameters: {'model_name': 'IterativeImputer', 'estimator': 'RFR', 'initial_strategy': 'most_frequent', 'n_nearest_features': 1, 'imputation_order': 'ascending'}. Best is trial 173 with value: 0.2842946294783462.
[I 2024-09-19 18:30:21,561] Trial 194 finished with value: 0.34351674605734617 and parameters: {'model_name': 'IterativeImputer', 'estimator': 'RFR', 'initial_strategy': 'most_frequent', 'n_nearest_features': 1, 'imputation_order': 'arabic'}. Best is trial 173 with value: 0.2842946294783462.
[I 2024-09-19 18:30:43,444] Trial 197 finished with value: 0.3473735652605859 and parameters: {'model_name': 'IterativeImputer', 'estimator': 'RFR', 'initial_strategy': 'most_frequent', 'n_nearest_features': 1, 'imputation_order': 'ascending'}. Best is trial 173 with value: 0.2842946294783462.
[I 2024-09-19 18:31:03,352] Trial 199 finished with value: 0.3452481025419152 and parameters: {'model_name': 'IterativeImputer', 'estimator': 'RFR', 'initial_strategy': 'most_frequent', 'n_nearest_features': 1, 'imputation_order': 'ascending'}. Best is trial 173 with value: 0.2842946294783462.
[I 2024-09-19 18:58:26,647] Trial 32 finished with value: 0.2851662101809965 and parameters: {'model_name': 'VAE', 'batch_size': 514, 'iterations': 2453, 'learning_rate': 0.08666009766614671, 'p_miss': 0.29800224442288303}. Best is trial 173 with value: 0.2842946294783462.
[I 2024-09-19 19:13:48,334] Trial 61 finished with value: 0.2850758624412936 and parameters: {'model_name': 'VAE', 'batch_size': 958, 'iterations': 2182, 'learning_rate': 0.014426053648772384, 'p_miss': 0.11863467698117733}. Best is trial 173 with value: 0.2842946294783462.
[I 2024-09-19 19:28:22,732] Trial 34 finished with value: 0.2855890977633681 and parameters: {'model_name': 'VAE', 'batch_size': 430, 'iterations': 5258, 'learning_rate': 0.00011274337104450885, 'p_miss': 0.29423167816597606}. Best is trial 173 with value: 0.2842946294783462.
[I 2024-09-19 19:54:14,489] Trial 62 finished with value: 0.2852012840908881 and parameters: {'model_name': 'VAE', 'batch_size': 430, 'iterations': 9534, 'learning_rate': 0.0162851613326006, 'p_miss': 0.09363203367704898}. Best is trial 173 with value: 0.2842946294783462.
[I 2024-09-19 20:00:34,371] Trial 33 finished with value: 0.2850731567040975 and parameters: {'model_name': 'VAE', 'batch_size': 820, 'iterations': 6040, 'learning_rate': 0.005633175581365471, 'p_miss': 0.29532635833466403}. Best is trial 173 with value: 0.2842946294783462.
[I 2024-09-19 20:07:16,758] Trial 63 finished with value: 0.28501130447561296 and parameters: {'model_name': 'VAE', 'batch_size': 531, 'iterations': 9702, 'learning_rate': 0.017818695639353697, 'p_miss': 0.2016645193361062}. Best is trial 173 with value: 0.2842946294783462.
[I 2024-09-19 20:08:59,830] Trial 65 finished with value: 0.2851164647282823 and parameters: {'model_name': 'VAE', 'batch_size': 861, 'iterations': 9574, 'learning_rate': 0.015159649664700263, 'p_miss': 0.19566001979877312}. Best is trial 173 with value: 0.2842946294783462.
fit
auto fit
auto transform
0    0
1    0
2    0
3    0
4    0
5    0
6    0
7    0
dtype: int64
0    0
1    0
2    0
3    0
4    0
5    0
6    0
7    0
dtype: int64
0.2842946294783462
{'model_name': 'KNNImputer', 'n_neighbors': 3383, 'weights': 'uniform'}
running experiment 2/3 - Does reconstruction give good automl predictions
Start est fit
Version 0.1.7a0 of tpot2 is outdated. Version 0.1.8a0 was released 2 days ago.
Version 0.1.7a0 of tpot2 is outdated. Version 0.1.8a0 was released 2 days ago.
Version 0.1.7a0 of tpot2 is outdated. Version 0.1.8a0 was released 2 days ago.
Version 0.1.7a0 of tpot2 is outdated. Version 0.1.8a0 was released 2 days ago.
Version 0.1.7a0 of tpot2 is outdated. Version 0.1.8a0 was released 2 days ago.
Version 0.1.7a0 of tpot2 is outdated. Version 0.1.8a0 was released 2 days ago.
Version 0.1.7a0 of tpot2 is outdated. Version 0.1.8a0 was released 2 days ago.
Version 0.1.7a0 of tpot2 is outdated. Version 0.1.8a0 was released 2 days ago.
Version 0.1.7a0 of tpot2 is outdated. Version 0.1.8a0 was released 2 days ago.
Version 0.1.7a0 of tpot2 is outdated. Version 0.1.8a0 was released 2 days ago.
Version 0.1.7a0 of tpot2 is outdated. Version 0.1.8a0 was released 2 days ago.
Version 0.1.7a0 of tpot2 is outdated. Version 0.1.8a0 was released 2 days ago.
Version 0.1.7a0 of tpot2 is outdated. Version 0.1.8a0 was released 2 days ago.
Version 0.1.7a0 of tpot2 is outdated. Version 0.1.8a0 was released 2 days ago.
Version 0.1.7a0 of tpot2 is outdated. Version 0.1.8a0 was released 2 days ago.
Version 0.1.7a0 of tpot2 is outdated. Version 0.1.8a0 was released 2 days ago.
  0%|          | 0/25 [00:00<?, ?it/s]Generation:   0%|          | 0/25 [00:00<?, ?it/s]WARNING THIS INDIVIDUAL CAUSED AND EXCEPTION 
 <tpot2.search_spaces.pipelines.sequential.SequentialPipelineIndividual object at 0x155474128a60> 
 The 'criterion' parameter of RandomForestRegressor must be a str among {'friedman_mse', 'poisson', 'absolute_error', 'squared_error'}. Got 'mae' instead. 
 Traceback (most recent call last):
  File "/common/ketrong/tpotexp/tpot2/tpot2/utils/eval_utils.py", line 53, in objective_nan_wrapper
    value = func_timeout.func_timeout(timeout, objective_function, args=[individual], kwargs=objective_kwargs)
  File "/common/ketrong/tpotexp/env/lib/python3.10/site-packages/func_timeout/dafunc.py", line 108, in func_timeout
    raise_exception(exception)
  File "/common/ketrong/tpotexp/env/lib/python3.10/site-packages/func_timeout/py3_raise.py", line 7, in raise_exception
    raise exception[0] from None
  File "/common/ketrong/tpotexp/tpot2/tpot2/tpot_estimator/estimator.py", line 623, in objective_function
    return objective_function_generator(
  File "/common/ketrong/tpotexp/tpot2/tpot2/tpot_estimator/estimator_utils.py", line 55, in objective_function_generator
    cv_obj_scores = cross_val_score_objective(sklearn.base.clone(pipeline),x,y,scorers=scorers, cv=cv , fold=step)
  File "/common/ketrong/tpotexp/tpot2/tpot2/tpot_estimator/cross_val_utils.py", line 28, in cross_val_score_objective
    this_fold_pipeline.fit(X_train,y_train)
  File "/common/ketrong/tpotexp/env/lib/python3.10/site-packages/sklearn/base.py", line 1473, in wrapper
    return fit_method(estimator, *args, **kwargs)
  File "/common/ketrong/tpotexp/env/lib/python3.10/site-packages/sklearn/pipeline.py", line 473, in fit
    self._final_estimator.fit(Xt, y, **last_step_params["fit"])
  File "/common/ketrong/tpotexp/env/lib/python3.10/site-packages/sklearn/base.py", line 1466, in wrapper
    estimator._validate_params()
  File "/common/ketrong/tpotexp/env/lib/python3.10/site-packages/sklearn/base.py", line 666, in _validate_params
    validate_parameter_constraints(
  File "/common/ketrong/tpotexp/env/lib/python3.10/site-packages/sklearn/utils/_param_validation.py", line 95, in validate_parameter_constraints
    raise InvalidParameterError(
sklearn.utils._param_validation.InvalidParameterError: The 'criterion' parameter of RandomForestRegressor must be a str among {'friedman_mse', 'poisson', 'absolute_error', 'squared_error'}. Got 'mae' instead.

Generation:  1
Best root_mean_squared_error score: -0.09389772000415723
Generation:   4%|         | 1/25 [03:07<1:14:56, 187.36s/it]WARNING THIS INDIVIDUAL CAUSED AND EXCEPTION 
 <tpot2.search_spaces.pipelines.sequential.SequentialPipelineIndividual object at 0x155474172590> 
 The 'criterion' parameter of DecisionTreeRegressor must be a str among {'friedman_mse', 'poisson', 'absolute_error', 'squared_error'}. Got 'mae' instead. 
 Traceback (most recent call last):
  File "/common/ketrong/tpotexp/tpot2/tpot2/utils/eval_utils.py", line 53, in objective_nan_wrapper
    value = func_timeout.func_timeout(timeout, objective_function, args=[individual], kwargs=objective_kwargs)
  File "/common/ketrong/tpotexp/env/lib/python3.10/site-packages/func_timeout/dafunc.py", line 108, in func_timeout
    raise_exception(exception)
  File "/common/ketrong/tpotexp/env/lib/python3.10/site-packages/func_timeout/py3_raise.py", line 7, in raise_exception
    raise exception[0] from None
  File "/common/ketrong/tpotexp/tpot2/tpot2/tpot_estimator/estimator.py", line 623, in objective_function
    return objective_function_generator(
  File "/common/ketrong/tpotexp/tpot2/tpot2/tpot_estimator/estimator_utils.py", line 55, in objective_function_generator
    cv_obj_scores = cross_val_score_objective(sklearn.base.clone(pipeline),x,y,scorers=scorers, cv=cv , fold=step)
  File "/common/ketrong/tpotexp/tpot2/tpot2/tpot_estimator/cross_val_utils.py", line 28, in cross_val_score_objective
    this_fold_pipeline.fit(X_train,y_train)
  File "/common/ketrong/tpotexp/env/lib/python3.10/site-packages/sklearn/base.py", line 1473, in wrapper
    return fit_method(estimator, *args, **kwargs)
  File "/common/ketrong/tpotexp/env/lib/python3.10/site-packages/sklearn/pipeline.py", line 473, in fit
    self._final_estimator.fit(Xt, y, **last_step_params["fit"])
  File "/common/ketrong/tpotexp/env/lib/python3.10/site-packages/sklearn/base.py", line 1466, in wrapper
    estimator._validate_params()
  File "/common/ketrong/tpotexp/env/lib/python3.10/site-packages/sklearn/base.py", line 666, in _validate_params
    validate_parameter_constraints(
  File "/common/ketrong/tpotexp/env/lib/python3.10/site-packages/sklearn/utils/_param_validation.py", line 95, in validate_parameter_constraints
    raise InvalidParameterError(
sklearn.utils._param_validation.InvalidParameterError: The 'criterion' parameter of DecisionTreeRegressor must be a str among {'friedman_mse', 'poisson', 'absolute_error', 'squared_error'}. Got 'mae' instead.

WARNING THIS INDIVIDUAL CAUSED AND EXCEPTION 
 <tpot2.search_spaces.pipelines.sequential.SequentialPipelineIndividual object at 0x155474120100> 
 The 'criterion' parameter of RandomForestRegressor must be a str among {'friedman_mse', 'poisson', 'absolute_error', 'squared_error'}. Got 'mse' instead. 
 Traceback (most recent call last):
  File "/common/ketrong/tpotexp/tpot2/tpot2/utils/eval_utils.py", line 53, in objective_nan_wrapper
    value = func_timeout.func_timeout(timeout, objective_function, args=[individual], kwargs=objective_kwargs)
  File "/common/ketrong/tpotexp/env/lib/python3.10/site-packages/func_timeout/dafunc.py", line 108, in func_timeout
    raise_exception(exception)
  File "/common/ketrong/tpotexp/env/lib/python3.10/site-packages/func_timeout/py3_raise.py", line 7, in raise_exception
    raise exception[0] from None
  File "/common/ketrong/tpotexp/tpot2/tpot2/tpot_estimator/estimator.py", line 623, in objective_function
    return objective_function_generator(
  File "/common/ketrong/tpotexp/tpot2/tpot2/tpot_estimator/estimator_utils.py", line 55, in objective_function_generator
    cv_obj_scores = cross_val_score_objective(sklearn.base.clone(pipeline),x,y,scorers=scorers, cv=cv , fold=step)
  File "/common/ketrong/tpotexp/tpot2/tpot2/tpot_estimator/cross_val_utils.py", line 28, in cross_val_score_objective
    this_fold_pipeline.fit(X_train,y_train)
  File "/common/ketrong/tpotexp/env/lib/python3.10/site-packages/sklearn/base.py", line 1473, in wrapper
    return fit_method(estimator, *args, **kwargs)
  File "/common/ketrong/tpotexp/env/lib/python3.10/site-packages/sklearn/pipeline.py", line 473, in fit
    self._final_estimator.fit(Xt, y, **last_step_params["fit"])
  File "/common/ketrong/tpotexp/env/lib/python3.10/site-packages/sklearn/base.py", line 1466, in wrapper
    estimator._validate_params()
  File "/common/ketrong/tpotexp/env/lib/python3.10/site-packages/sklearn/base.py", line 666, in _validate_params
    validate_parameter_constraints(
  File "/common/ketrong/tpotexp/env/lib/python3.10/site-packages/sklearn/utils/_param_validation.py", line 95, in validate_parameter_constraints
    raise InvalidParameterError(
sklearn.utils._param_validation.InvalidParameterError: The 'criterion' parameter of RandomForestRegressor must be a str among {'friedman_mse', 'poisson', 'absolute_error', 'squared_error'}. Got 'mse' instead.

Generation:  2
Best root_mean_squared_error score: -0.08267949221959356
Generation:   8%|         | 2/25 [07:59<1:35:30, 249.17s/it]Generation:  3
Best root_mean_squared_error score: -0.08267949221959356
Generation:  12%|        | 3/25 [11:00<1:19:52, 217.85s/it]Generation:  4
Best root_mean_squared_error score: -0.08267949221959356
Generation:  16%|        | 4/25 [14:01<1:11:08, 203.28s/it]WARNING THIS INDIVIDUAL CAUSED AND EXCEPTION 
 <tpot2.search_spaces.pipelines.sequential.SequentialPipelineIndividual object at 0x155474129f90> 
 The 'criterion' parameter of ExtraTreesRegressor must be a str among {'friedman_mse', 'poisson', 'absolute_error', 'squared_error'}. Got 'mae' instead. 
 Traceback (most recent call last):
  File "/common/ketrong/tpotexp/tpot2/tpot2/utils/eval_utils.py", line 53, in objective_nan_wrapper
    value = func_timeout.func_timeout(timeout, objective_function, args=[individual], kwargs=objective_kwargs)
  File "/common/ketrong/tpotexp/env/lib/python3.10/site-packages/func_timeout/dafunc.py", line 108, in func_timeout
    raise_exception(exception)
  File "/common/ketrong/tpotexp/env/lib/python3.10/site-packages/func_timeout/py3_raise.py", line 7, in raise_exception
    raise exception[0] from None
  File "/common/ketrong/tpotexp/tpot2/tpot2/tpot_estimator/estimator.py", line 623, in objective_function
    return objective_function_generator(
  File "/common/ketrong/tpotexp/tpot2/tpot2/tpot_estimator/estimator_utils.py", line 55, in objective_function_generator
    cv_obj_scores = cross_val_score_objective(sklearn.base.clone(pipeline),x,y,scorers=scorers, cv=cv , fold=step)
  File "/common/ketrong/tpotexp/tpot2/tpot2/tpot_estimator/cross_val_utils.py", line 28, in cross_val_score_objective
    this_fold_pipeline.fit(X_train,y_train)
  File "/common/ketrong/tpotexp/env/lib/python3.10/site-packages/sklearn/base.py", line 1473, in wrapper
    return fit_method(estimator, *args, **kwargs)
  File "/common/ketrong/tpotexp/env/lib/python3.10/site-packages/sklearn/pipeline.py", line 473, in fit
    self._final_estimator.fit(Xt, y, **last_step_params["fit"])
  File "/common/ketrong/tpotexp/env/lib/python3.10/site-packages/sklearn/base.py", line 1466, in wrapper
    estimator._validate_params()
  File "/common/ketrong/tpotexp/env/lib/python3.10/site-packages/sklearn/base.py", line 666, in _validate_params
    validate_parameter_constraints(
  File "/common/ketrong/tpotexp/env/lib/python3.10/site-packages/sklearn/utils/_param_validation.py", line 95, in validate_parameter_constraints
    raise InvalidParameterError(
sklearn.utils._param_validation.InvalidParameterError: The 'criterion' parameter of ExtraTreesRegressor must be a str among {'friedman_mse', 'poisson', 'absolute_error', 'squared_error'}. Got 'mae' instead.

WARNING THIS INDIVIDUAL CAUSED AND EXCEPTION 
 <tpot2.search_spaces.pipelines.sequential.SequentialPipelineIndividual object at 0x155474127d60> 
 The 'criterion' parameter of DecisionTreeRegressor must be a str among {'friedman_mse', 'poisson', 'absolute_error', 'squared_error'}. Got 'mae' instead. 
 Traceback (most recent call last):
  File "/common/ketrong/tpotexp/tpot2/tpot2/utils/eval_utils.py", line 53, in objective_nan_wrapper
    value = func_timeout.func_timeout(timeout, objective_function, args=[individual], kwargs=objective_kwargs)
  File "/common/ketrong/tpotexp/env/lib/python3.10/site-packages/func_timeout/dafunc.py", line 108, in func_timeout
    raise_exception(exception)
  File "/common/ketrong/tpotexp/env/lib/python3.10/site-packages/func_timeout/py3_raise.py", line 7, in raise_exception
    raise exception[0] from None
  File "/common/ketrong/tpotexp/tpot2/tpot2/tpot_estimator/estimator.py", line 623, in objective_function
    return objective_function_generator(
  File "/common/ketrong/tpotexp/tpot2/tpot2/tpot_estimator/estimator_utils.py", line 55, in objective_function_generator
    cv_obj_scores = cross_val_score_objective(sklearn.base.clone(pipeline),x,y,scorers=scorers, cv=cv , fold=step)
  File "/common/ketrong/tpotexp/tpot2/tpot2/tpot_estimator/cross_val_utils.py", line 28, in cross_val_score_objective
    this_fold_pipeline.fit(X_train,y_train)
  File "/common/ketrong/tpotexp/env/lib/python3.10/site-packages/sklearn/base.py", line 1473, in wrapper
    return fit_method(estimator, *args, **kwargs)
  File "/common/ketrong/tpotexp/env/lib/python3.10/site-packages/sklearn/pipeline.py", line 473, in fit
    self._final_estimator.fit(Xt, y, **last_step_params["fit"])
  File "/common/ketrong/tpotexp/env/lib/python3.10/site-packages/sklearn/base.py", line 1466, in wrapper
    estimator._validate_params()
  File "/common/ketrong/tpotexp/env/lib/python3.10/site-packages/sklearn/base.py", line 666, in _validate_params
    validate_parameter_constraints(
  File "/common/ketrong/tpotexp/env/lib/python3.10/site-packages/sklearn/utils/_param_validation.py", line 95, in validate_parameter_constraints
    raise InvalidParameterError(
sklearn.utils._param_validation.InvalidParameterError: The 'criterion' parameter of DecisionTreeRegressor must be a str among {'friedman_mse', 'poisson', 'absolute_error', 'squared_error'}. Got 'mae' instead.

WARNING THIS INDIVIDUAL CAUSED AND EXCEPTION 
 <tpot2.search_spaces.pipelines.sequential.SequentialPipelineIndividual object at 0x15546fbe9870> 
 The 'criterion' parameter of RandomForestRegressor must be a str among {'friedman_mse', 'poisson', 'absolute_error', 'squared_error'}. Got 'mse' instead. 
 Traceback (most recent call last):
  File "/common/ketrong/tpotexp/tpot2/tpot2/utils/eval_utils.py", line 53, in objective_nan_wrapper
    value = func_timeout.func_timeout(timeout, objective_function, args=[individual], kwargs=objective_kwargs)
  File "/common/ketrong/tpotexp/env/lib/python3.10/site-packages/func_timeout/dafunc.py", line 108, in func_timeout
    raise_exception(exception)
  File "/common/ketrong/tpotexp/env/lib/python3.10/site-packages/func_timeout/py3_raise.py", line 7, in raise_exception
    raise exception[0] from None
  File "/common/ketrong/tpotexp/tpot2/tpot2/tpot_estimator/estimator.py", line 623, in objective_function
    return objective_function_generator(
  File "/common/ketrong/tpotexp/tpot2/tpot2/tpot_estimator/estimator_utils.py", line 55, in objective_function_generator
    cv_obj_scores = cross_val_score_objective(sklearn.base.clone(pipeline),x,y,scorers=scorers, cv=cv , fold=step)
  File "/common/ketrong/tpotexp/tpot2/tpot2/tpot_estimator/cross_val_utils.py", line 28, in cross_val_score_objective
    this_fold_pipeline.fit(X_train,y_train)
  File "/common/ketrong/tpotexp/env/lib/python3.10/site-packages/sklearn/base.py", line 1473, in wrapper
    return fit_method(estimator, *args, **kwargs)
  File "/common/ketrong/tpotexp/env/lib/python3.10/site-packages/sklearn/pipeline.py", line 473, in fit
    self._final_estimator.fit(Xt, y, **last_step_params["fit"])
  File "/common/ketrong/tpotexp/env/lib/python3.10/site-packages/sklearn/base.py", line 1466, in wrapper
    estimator._validate_params()
  File "/common/ketrong/tpotexp/env/lib/python3.10/site-packages/sklearn/base.py", line 666, in _validate_params
    validate_parameter_constraints(
  File "/common/ketrong/tpotexp/env/lib/python3.10/site-packages/sklearn/utils/_param_validation.py", line 95, in validate_parameter_constraints
    raise InvalidParameterError(
sklearn.utils._param_validation.InvalidParameterError: The 'criterion' parameter of RandomForestRegressor must be a str among {'friedman_mse', 'poisson', 'absolute_error', 'squared_error'}. Got 'mse' instead.

Generation:  5
Best root_mean_squared_error score: -0.08267949221959356
Generation:  20%|        | 5/25 [19:44<1:24:35, 253.79s/it]WARNING THIS INDIVIDUAL CAUSED AND EXCEPTION 
 <tpot2.search_spaces.pipelines.sequential.SequentialPipelineIndividual object at 0x155474184700> 
 The 'criterion' parameter of ExtraTreesRegressor must be a str among {'friedman_mse', 'poisson', 'absolute_error', 'squared_error'}. Got 'mae' instead. 
 Traceback (most recent call last):
  File "/common/ketrong/tpotexp/tpot2/tpot2/utils/eval_utils.py", line 53, in objective_nan_wrapper
    value = func_timeout.func_timeout(timeout, objective_function, args=[individual], kwargs=objective_kwargs)
  File "/common/ketrong/tpotexp/env/lib/python3.10/site-packages/func_timeout/dafunc.py", line 108, in func_timeout
    raise_exception(exception)
  File "/common/ketrong/tpotexp/env/lib/python3.10/site-packages/func_timeout/py3_raise.py", line 7, in raise_exception
    raise exception[0] from None
  File "/common/ketrong/tpotexp/tpot2/tpot2/tpot_estimator/estimator.py", line 623, in objective_function
    return objective_function_generator(
  File "/common/ketrong/tpotexp/tpot2/tpot2/tpot_estimator/estimator_utils.py", line 55, in objective_function_generator
    cv_obj_scores = cross_val_score_objective(sklearn.base.clone(pipeline),x,y,scorers=scorers, cv=cv , fold=step)
  File "/common/ketrong/tpotexp/tpot2/tpot2/tpot_estimator/cross_val_utils.py", line 28, in cross_val_score_objective
    this_fold_pipeline.fit(X_train,y_train)
  File "/common/ketrong/tpotexp/env/lib/python3.10/site-packages/sklearn/base.py", line 1473, in wrapper
    return fit_method(estimator, *args, **kwargs)
  File "/common/ketrong/tpotexp/env/lib/python3.10/site-packages/sklearn/pipeline.py", line 473, in fit
    self._final_estimator.fit(Xt, y, **last_step_params["fit"])
  File "/common/ketrong/tpotexp/env/lib/python3.10/site-packages/sklearn/base.py", line 1466, in wrapper
    estimator._validate_params()
  File "/common/ketrong/tpotexp/env/lib/python3.10/site-packages/sklearn/base.py", line 666, in _validate_params
    validate_parameter_constraints(
  File "/common/ketrong/tpotexp/env/lib/python3.10/site-packages/sklearn/utils/_param_validation.py", line 95, in validate_parameter_constraints
    raise InvalidParameterError(
sklearn.utils._param_validation.InvalidParameterError: The 'criterion' parameter of ExtraTreesRegressor must be a str among {'friedman_mse', 'poisson', 'absolute_error', 'squared_error'}. Got 'mae' instead.

Generation:  6
Best root_mean_squared_error score: -0.08267949221959356
Generation:  24%|       | 6/25 [24:17<1:22:24, 260.22s/it]Generation:  7
Best root_mean_squared_error score: -0.08267949221959356
Generation:  28%|       | 7/25 [25:44<1:01:03, 203.53s/it]WARNING THIS INDIVIDUAL CAUSED AND EXCEPTION 
 <tpot2.search_spaces.pipelines.sequential.SequentialPipelineIndividual object at 0x15546f8d5ed0> 
 The 'criterion' parameter of RandomForestRegressor must be a str among {'friedman_mse', 'poisson', 'absolute_error', 'squared_error'}. Got 'mse' instead. 
 Traceback (most recent call last):
  File "/common/ketrong/tpotexp/tpot2/tpot2/utils/eval_utils.py", line 53, in objective_nan_wrapper
    value = func_timeout.func_timeout(timeout, objective_function, args=[individual], kwargs=objective_kwargs)
  File "/common/ketrong/tpotexp/env/lib/python3.10/site-packages/func_timeout/dafunc.py", line 108, in func_timeout
    raise_exception(exception)
  File "/common/ketrong/tpotexp/env/lib/python3.10/site-packages/func_timeout/py3_raise.py", line 7, in raise_exception
    raise exception[0] from None
  File "/common/ketrong/tpotexp/tpot2/tpot2/tpot_estimator/estimator.py", line 623, in objective_function
    return objective_function_generator(
  File "/common/ketrong/tpotexp/tpot2/tpot2/tpot_estimator/estimator_utils.py", line 55, in objective_function_generator
    cv_obj_scores = cross_val_score_objective(sklearn.base.clone(pipeline),x,y,scorers=scorers, cv=cv , fold=step)
  File "/common/ketrong/tpotexp/tpot2/tpot2/tpot_estimator/cross_val_utils.py", line 28, in cross_val_score_objective
    this_fold_pipeline.fit(X_train,y_train)
  File "/common/ketrong/tpotexp/env/lib/python3.10/site-packages/sklearn/base.py", line 1473, in wrapper
    return fit_method(estimator, *args, **kwargs)
  File "/common/ketrong/tpotexp/env/lib/python3.10/site-packages/sklearn/pipeline.py", line 473, in fit
    self._final_estimator.fit(Xt, y, **last_step_params["fit"])
  File "/common/ketrong/tpotexp/env/lib/python3.10/site-packages/sklearn/base.py", line 1466, in wrapper
    estimator._validate_params()
  File "/common/ketrong/tpotexp/env/lib/python3.10/site-packages/sklearn/base.py", line 666, in _validate_params
    validate_parameter_constraints(
  File "/common/ketrong/tpotexp/env/lib/python3.10/site-packages/sklearn/utils/_param_validation.py", line 95, in validate_parameter_constraints
    raise InvalidParameterError(
sklearn.utils._param_validation.InvalidParameterError: The 'criterion' parameter of RandomForestRegressor must be a str among {'friedman_mse', 'poisson', 'absolute_error', 'squared_error'}. Got 'mse' instead.

WARNING THIS INDIVIDUAL CAUSED AND EXCEPTION 
 <tpot2.search_spaces.pipelines.sequential.SequentialPipelineIndividual object at 0x15546f735d50> 
 The 'criterion' parameter of DecisionTreeRegressor must be a str among {'friedman_mse', 'poisson', 'absolute_error', 'squared_error'}. Got 'mae' instead. 
 Traceback (most recent call last):
  File "/common/ketrong/tpotexp/tpot2/tpot2/utils/eval_utils.py", line 53, in objective_nan_wrapper
    value = func_timeout.func_timeout(timeout, objective_function, args=[individual], kwargs=objective_kwargs)
  File "/common/ketrong/tpotexp/env/lib/python3.10/site-packages/func_timeout/dafunc.py", line 108, in func_timeout
    raise_exception(exception)
  File "/common/ketrong/tpotexp/env/lib/python3.10/site-packages/func_timeout/py3_raise.py", line 7, in raise_exception
    raise exception[0] from None
  File "/common/ketrong/tpotexp/tpot2/tpot2/tpot_estimator/estimator.py", line 623, in objective_function
    return objective_function_generator(
  File "/common/ketrong/tpotexp/tpot2/tpot2/tpot_estimator/estimator_utils.py", line 55, in objective_function_generator
    cv_obj_scores = cross_val_score_objective(sklearn.base.clone(pipeline),x,y,scorers=scorers, cv=cv , fold=step)
  File "/common/ketrong/tpotexp/tpot2/tpot2/tpot_estimator/cross_val_utils.py", line 28, in cross_val_score_objective
    this_fold_pipeline.fit(X_train,y_train)
  File "/common/ketrong/tpotexp/env/lib/python3.10/site-packages/sklearn/base.py", line 1473, in wrapper
    return fit_method(estimator, *args, **kwargs)
  File "/common/ketrong/tpotexp/env/lib/python3.10/site-packages/sklearn/pipeline.py", line 473, in fit
    self._final_estimator.fit(Xt, y, **last_step_params["fit"])
  File "/common/ketrong/tpotexp/env/lib/python3.10/site-packages/sklearn/base.py", line 1466, in wrapper
    estimator._validate_params()
  File "/common/ketrong/tpotexp/env/lib/python3.10/site-packages/sklearn/base.py", line 666, in _validate_params
    validate_parameter_constraints(
  File "/common/ketrong/tpotexp/env/lib/python3.10/site-packages/sklearn/utils/_param_validation.py", line 95, in validate_parameter_constraints
    raise InvalidParameterError(
sklearn.utils._param_validation.InvalidParameterError: The 'criterion' parameter of DecisionTreeRegressor must be a str among {'friedman_mse', 'poisson', 'absolute_error', 'squared_error'}. Got 'mae' instead.

Generation:  8
Best root_mean_squared_error score: -0.08267949221959356
Generation:  32%|      | 8/25 [30:37<1:05:46, 232.17s/it]Generation:  9
Best root_mean_squared_error score: -0.08267949221959356
Generation:  36%|      | 9/25 [38:52<1:23:49, 314.34s/it]Generation:  10
Best root_mean_squared_error score: -0.08267949221959356
Generation:  40%|      | 10/25 [40:50<1:03:25, 253.71s/it]WARNING THIS INDIVIDUAL CAUSED AND EXCEPTION 
 <tpot2.search_spaces.pipelines.sequential.SequentialPipelineIndividual object at 0x15546f7b0280> 
 The 'criterion' parameter of RandomForestRegressor must be a str among {'friedman_mse', 'poisson', 'absolute_error', 'squared_error'}. Got 'mae' instead. 
 Traceback (most recent call last):
  File "/common/ketrong/tpotexp/tpot2/tpot2/utils/eval_utils.py", line 53, in objective_nan_wrapper
    value = func_timeout.func_timeout(timeout, objective_function, args=[individual], kwargs=objective_kwargs)
  File "/common/ketrong/tpotexp/env/lib/python3.10/site-packages/func_timeout/dafunc.py", line 108, in func_timeout
    raise_exception(exception)
  File "/common/ketrong/tpotexp/env/lib/python3.10/site-packages/func_timeout/py3_raise.py", line 7, in raise_exception
    raise exception[0] from None
  File "/common/ketrong/tpotexp/tpot2/tpot2/tpot_estimator/estimator.py", line 623, in objective_function
    return objective_function_generator(
  File "/common/ketrong/tpotexp/tpot2/tpot2/tpot_estimator/estimator_utils.py", line 55, in objective_function_generator
    cv_obj_scores = cross_val_score_objective(sklearn.base.clone(pipeline),x,y,scorers=scorers, cv=cv , fold=step)
  File "/common/ketrong/tpotexp/tpot2/tpot2/tpot_estimator/cross_val_utils.py", line 28, in cross_val_score_objective
    this_fold_pipeline.fit(X_train,y_train)
  File "/common/ketrong/tpotexp/env/lib/python3.10/site-packages/sklearn/base.py", line 1473, in wrapper
    return fit_method(estimator, *args, **kwargs)
  File "/common/ketrong/tpotexp/env/lib/python3.10/site-packages/sklearn/pipeline.py", line 473, in fit
    self._final_estimator.fit(Xt, y, **last_step_params["fit"])
  File "/common/ketrong/tpotexp/env/lib/python3.10/site-packages/sklearn/base.py", line 1466, in wrapper
    estimator._validate_params()
  File "/common/ketrong/tpotexp/env/lib/python3.10/site-packages/sklearn/base.py", line 666, in _validate_params
    validate_parameter_constraints(
  File "/common/ketrong/tpotexp/env/lib/python3.10/site-packages/sklearn/utils/_param_validation.py", line 95, in validate_parameter_constraints
    raise InvalidParameterError(
sklearn.utils._param_validation.InvalidParameterError: The 'criterion' parameter of RandomForestRegressor must be a str among {'friedman_mse', 'poisson', 'absolute_error', 'squared_error'}. Got 'mae' instead.

Generation:  11
Best root_mean_squared_error score: -0.08267949221959356
Generation:  44%|     | 11/25 [43:15<51:25, 220.42s/it]  Generation:  12
Best root_mean_squared_error score: -0.08267949221959356
Generation:  48%|     | 12/25 [48:18<53:10, 245.46s/it]WARNING THIS INDIVIDUAL CAUSED AND EXCEPTION 
 <tpot2.search_spaces.pipelines.sequential.SequentialPipelineIndividual object at 0x15546f9ad870> 
 The 'criterion' parameter of DecisionTreeRegressor must be a str among {'friedman_mse', 'poisson', 'absolute_error', 'squared_error'}. Got 'mae' instead. 
 Traceback (most recent call last):
  File "/common/ketrong/tpotexp/tpot2/tpot2/utils/eval_utils.py", line 53, in objective_nan_wrapper
    value = func_timeout.func_timeout(timeout, objective_function, args=[individual], kwargs=objective_kwargs)
  File "/common/ketrong/tpotexp/env/lib/python3.10/site-packages/func_timeout/dafunc.py", line 108, in func_timeout
    raise_exception(exception)
  File "/common/ketrong/tpotexp/env/lib/python3.10/site-packages/func_timeout/py3_raise.py", line 7, in raise_exception
    raise exception[0] from None
  File "/common/ketrong/tpotexp/tpot2/tpot2/tpot_estimator/estimator.py", line 623, in objective_function
    return objective_function_generator(
  File "/common/ketrong/tpotexp/tpot2/tpot2/tpot_estimator/estimator_utils.py", line 55, in objective_function_generator
    cv_obj_scores = cross_val_score_objective(sklearn.base.clone(pipeline),x,y,scorers=scorers, cv=cv , fold=step)
  File "/common/ketrong/tpotexp/tpot2/tpot2/tpot_estimator/cross_val_utils.py", line 28, in cross_val_score_objective
    this_fold_pipeline.fit(X_train,y_train)
  File "/common/ketrong/tpotexp/env/lib/python3.10/site-packages/sklearn/base.py", line 1473, in wrapper
    return fit_method(estimator, *args, **kwargs)
  File "/common/ketrong/tpotexp/env/lib/python3.10/site-packages/sklearn/pipeline.py", line 473, in fit
    self._final_estimator.fit(Xt, y, **last_step_params["fit"])
  File "/common/ketrong/tpotexp/env/lib/python3.10/site-packages/sklearn/base.py", line 1466, in wrapper
    estimator._validate_params()
  File "/common/ketrong/tpotexp/env/lib/python3.10/site-packages/sklearn/base.py", line 666, in _validate_params
    validate_parameter_constraints(
  File "/common/ketrong/tpotexp/env/lib/python3.10/site-packages/sklearn/utils/_param_validation.py", line 95, in validate_parameter_constraints
    raise InvalidParameterError(
sklearn.utils._param_validation.InvalidParameterError: The 'criterion' parameter of DecisionTreeRegressor must be a str among {'friedman_mse', 'poisson', 'absolute_error', 'squared_error'}. Got 'mae' instead.

WARNING THIS INDIVIDUAL CAUSED AND EXCEPTION 
 <tpot2.search_spaces.pipelines.sequential.SequentialPipelineIndividual object at 0x155474120fa0> 
 The 'criterion' parameter of RandomForestRegressor must be a str among {'friedman_mse', 'poisson', 'absolute_error', 'squared_error'}. Got 'mae' instead. 
 Traceback (most recent call last):
  File "/common/ketrong/tpotexp/tpot2/tpot2/utils/eval_utils.py", line 53, in objective_nan_wrapper
    value = func_timeout.func_timeout(timeout, objective_function, args=[individual], kwargs=objective_kwargs)
  File "/common/ketrong/tpotexp/env/lib/python3.10/site-packages/func_timeout/dafunc.py", line 108, in func_timeout
    raise_exception(exception)
  File "/common/ketrong/tpotexp/env/lib/python3.10/site-packages/func_timeout/py3_raise.py", line 7, in raise_exception
    raise exception[0] from None
  File "/common/ketrong/tpotexp/tpot2/tpot2/tpot_estimator/estimator.py", line 623, in objective_function
    return objective_function_generator(
  File "/common/ketrong/tpotexp/tpot2/tpot2/tpot_estimator/estimator_utils.py", line 55, in objective_function_generator
    cv_obj_scores = cross_val_score_objective(sklearn.base.clone(pipeline),x,y,scorers=scorers, cv=cv , fold=step)
  File "/common/ketrong/tpotexp/tpot2/tpot2/tpot_estimator/cross_val_utils.py", line 28, in cross_val_score_objective
    this_fold_pipeline.fit(X_train,y_train)
  File "/common/ketrong/tpotexp/env/lib/python3.10/site-packages/sklearn/base.py", line 1473, in wrapper
    return fit_method(estimator, *args, **kwargs)
  File "/common/ketrong/tpotexp/env/lib/python3.10/site-packages/sklearn/pipeline.py", line 473, in fit
    self._final_estimator.fit(Xt, y, **last_step_params["fit"])
  File "/common/ketrong/tpotexp/env/lib/python3.10/site-packages/sklearn/base.py", line 1466, in wrapper
    estimator._validate_params()
  File "/common/ketrong/tpotexp/env/lib/python3.10/site-packages/sklearn/base.py", line 666, in _validate_params
    validate_parameter_constraints(
  File "/common/ketrong/tpotexp/env/lib/python3.10/site-packages/sklearn/utils/_param_validation.py", line 95, in validate_parameter_constraints
    raise InvalidParameterError(
sklearn.utils._param_validation.InvalidParameterError: The 'criterion' parameter of RandomForestRegressor must be a str among {'friedman_mse', 'poisson', 'absolute_error', 'squared_error'}. Got 'mae' instead.

Generation:  13
Best root_mean_squared_error score: -0.08267949221959356
Generation:  52%|    | 13/25 [57:44<1:08:29, 342.49s/it]WARNING THIS INDIVIDUAL CAUSED AND EXCEPTION 
 <tpot2.search_spaces.pipelines.sequential.SequentialPipelineIndividual object at 0x155474190a60> 
 The 'criterion' parameter of RandomForestRegressor must be a str among {'friedman_mse', 'poisson', 'absolute_error', 'squared_error'}. Got 'mae' instead. 
 Traceback (most recent call last):
  File "/common/ketrong/tpotexp/tpot2/tpot2/utils/eval_utils.py", line 53, in objective_nan_wrapper
    value = func_timeout.func_timeout(timeout, objective_function, args=[individual], kwargs=objective_kwargs)
  File "/common/ketrong/tpotexp/env/lib/python3.10/site-packages/func_timeout/dafunc.py", line 108, in func_timeout
    raise_exception(exception)
  File "/common/ketrong/tpotexp/env/lib/python3.10/site-packages/func_timeout/py3_raise.py", line 7, in raise_exception
    raise exception[0] from None
  File "/common/ketrong/tpotexp/tpot2/tpot2/tpot_estimator/estimator.py", line 623, in objective_function
    return objective_function_generator(
  File "/common/ketrong/tpotexp/tpot2/tpot2/tpot_estimator/estimator_utils.py", line 55, in objective_function_generator
    cv_obj_scores = cross_val_score_objective(sklearn.base.clone(pipeline),x,y,scorers=scorers, cv=cv , fold=step)
  File "/common/ketrong/tpotexp/tpot2/tpot2/tpot_estimator/cross_val_utils.py", line 28, in cross_val_score_objective
    this_fold_pipeline.fit(X_train,y_train)
  File "/common/ketrong/tpotexp/env/lib/python3.10/site-packages/sklearn/base.py", line 1473, in wrapper
    return fit_method(estimator, *args, **kwargs)
  File "/common/ketrong/tpotexp/env/lib/python3.10/site-packages/sklearn/pipeline.py", line 473, in fit
    self._final_estimator.fit(Xt, y, **last_step_params["fit"])
  File "/common/ketrong/tpotexp/env/lib/python3.10/site-packages/sklearn/base.py", line 1466, in wrapper
    estimator._validate_params()
  File "/common/ketrong/tpotexp/env/lib/python3.10/site-packages/sklearn/base.py", line 666, in _validate_params
    validate_parameter_constraints(
  File "/common/ketrong/tpotexp/env/lib/python3.10/site-packages/sklearn/utils/_param_validation.py", line 95, in validate_parameter_constraints
    raise InvalidParameterError(
sklearn.utils._param_validation.InvalidParameterError: The 'criterion' parameter of RandomForestRegressor must be a str among {'friedman_mse', 'poisson', 'absolute_error', 'squared_error'}. Got 'mae' instead.

Generation:  14
Best root_mean_squared_error score: -0.08267949221959356
Generation:  56%|    | 14/25 [1:02:08<58:27, 318.89s/it]WARNING THIS INDIVIDUAL CAUSED AND EXCEPTION 
 <tpot2.search_spaces.pipelines.sequential.SequentialPipelineIndividual object at 0x15546d1c5450> 
 The 'criterion' parameter of DecisionTreeRegressor must be a str among {'friedman_mse', 'poisson', 'absolute_error', 'squared_error'}. Got 'mae' instead. 
 Traceback (most recent call last):
  File "/common/ketrong/tpotexp/tpot2/tpot2/utils/eval_utils.py", line 53, in objective_nan_wrapper
    value = func_timeout.func_timeout(timeout, objective_function, args=[individual], kwargs=objective_kwargs)
  File "/common/ketrong/tpotexp/env/lib/python3.10/site-packages/func_timeout/dafunc.py", line 108, in func_timeout
    raise_exception(exception)
  File "/common/ketrong/tpotexp/env/lib/python3.10/site-packages/func_timeout/py3_raise.py", line 7, in raise_exception
    raise exception[0] from None
  File "/common/ketrong/tpotexp/tpot2/tpot2/tpot_estimator/estimator.py", line 623, in objective_function
    return objective_function_generator(
  File "/common/ketrong/tpotexp/tpot2/tpot2/tpot_estimator/estimator_utils.py", line 55, in objective_function_generator
    cv_obj_scores = cross_val_score_objective(sklearn.base.clone(pipeline),x,y,scorers=scorers, cv=cv , fold=step)
  File "/common/ketrong/tpotexp/tpot2/tpot2/tpot_estimator/cross_val_utils.py", line 28, in cross_val_score_objective
    this_fold_pipeline.fit(X_train,y_train)
  File "/common/ketrong/tpotexp/env/lib/python3.10/site-packages/sklearn/base.py", line 1473, in wrapper
    return fit_method(estimator, *args, **kwargs)
  File "/common/ketrong/tpotexp/env/lib/python3.10/site-packages/sklearn/pipeline.py", line 473, in fit
    self._final_estimator.fit(Xt, y, **last_step_params["fit"])
  File "/common/ketrong/tpotexp/env/lib/python3.10/site-packages/sklearn/base.py", line 1466, in wrapper
    estimator._validate_params()
  File "/common/ketrong/tpotexp/env/lib/python3.10/site-packages/sklearn/base.py", line 666, in _validate_params
    validate_parameter_constraints(
  File "/common/ketrong/tpotexp/env/lib/python3.10/site-packages/sklearn/utils/_param_validation.py", line 95, in validate_parameter_constraints
    raise InvalidParameterError(
sklearn.utils._param_validation.InvalidParameterError: The 'criterion' parameter of DecisionTreeRegressor must be a str among {'friedman_mse', 'poisson', 'absolute_error', 'squared_error'}. Got 'mae' instead.

Generation:  15
Best root_mean_squared_error score: -0.08267949221959356
Generation:  60%|    | 15/25 [1:08:40<56:50, 341.04s/it]Generation:  16
Best root_mean_squared_error score: -0.08267949221959356
Generation:  64%|   | 16/25 [1:12:01<44:48, 298.74s/it]Generation:  17
Best root_mean_squared_error score: -0.08267949221959356
Generation:  68%|   | 17/25 [1:16:40<39:02, 292.76s/it]WARNING THIS INDIVIDUAL CAUSED AND EXCEPTION 
 <tpot2.search_spaces.pipelines.sequential.SequentialPipelineIndividual object at 0x1554741cb7c0> 
 The 'criterion' parameter of RandomForestRegressor must be a str among {'friedman_mse', 'poisson', 'absolute_error', 'squared_error'}. Got 'mse' instead. 
 Traceback (most recent call last):
  File "/common/ketrong/tpotexp/tpot2/tpot2/utils/eval_utils.py", line 53, in objective_nan_wrapper
    value = func_timeout.func_timeout(timeout, objective_function, args=[individual], kwargs=objective_kwargs)
  File "/common/ketrong/tpotexp/env/lib/python3.10/site-packages/func_timeout/dafunc.py", line 108, in func_timeout
    raise_exception(exception)
  File "/common/ketrong/tpotexp/env/lib/python3.10/site-packages/func_timeout/py3_raise.py", line 7, in raise_exception
    raise exception[0] from None
  File "/common/ketrong/tpotexp/tpot2/tpot2/tpot_estimator/estimator.py", line 623, in objective_function
    return objective_function_generator(
  File "/common/ketrong/tpotexp/tpot2/tpot2/tpot_estimator/estimator_utils.py", line 55, in objective_function_generator
    cv_obj_scores = cross_val_score_objective(sklearn.base.clone(pipeline),x,y,scorers=scorers, cv=cv , fold=step)
  File "/common/ketrong/tpotexp/tpot2/tpot2/tpot_estimator/cross_val_utils.py", line 28, in cross_val_score_objective
    this_fold_pipeline.fit(X_train,y_train)
  File "/common/ketrong/tpotexp/env/lib/python3.10/site-packages/sklearn/base.py", line 1473, in wrapper
    return fit_method(estimator, *args, **kwargs)
  File "/common/ketrong/tpotexp/env/lib/python3.10/site-packages/sklearn/pipeline.py", line 473, in fit
    self._final_estimator.fit(Xt, y, **last_step_params["fit"])
  File "/common/ketrong/tpotexp/env/lib/python3.10/site-packages/sklearn/base.py", line 1466, in wrapper
    estimator._validate_params()
  File "/common/ketrong/tpotexp/env/lib/python3.10/site-packages/sklearn/base.py", line 666, in _validate_params
    validate_parameter_constraints(
  File "/common/ketrong/tpotexp/env/lib/python3.10/site-packages/sklearn/utils/_param_validation.py", line 95, in validate_parameter_constraints
    raise InvalidParameterError(
sklearn.utils._param_validation.InvalidParameterError: The 'criterion' parameter of RandomForestRegressor must be a str among {'friedman_mse', 'poisson', 'absolute_error', 'squared_error'}. Got 'mse' instead.

WARNING THIS INDIVIDUAL CAUSED AND EXCEPTION 
 <tpot2.search_spaces.pipelines.sequential.SequentialPipelineIndividual object at 0x15546f9719c0> 
 The 'criterion' parameter of ExtraTreesRegressor must be a str among {'friedman_mse', 'poisson', 'absolute_error', 'squared_error'}. Got 'mae' instead. 
 Traceback (most recent call last):
  File "/common/ketrong/tpotexp/tpot2/tpot2/utils/eval_utils.py", line 53, in objective_nan_wrapper
    value = func_timeout.func_timeout(timeout, objective_function, args=[individual], kwargs=objective_kwargs)
  File "/common/ketrong/tpotexp/env/lib/python3.10/site-packages/func_timeout/dafunc.py", line 108, in func_timeout
    raise_exception(exception)
  File "/common/ketrong/tpotexp/env/lib/python3.10/site-packages/func_timeout/py3_raise.py", line 7, in raise_exception
    raise exception[0] from None
  File "/common/ketrong/tpotexp/tpot2/tpot2/tpot_estimator/estimator.py", line 623, in objective_function
    return objective_function_generator(
  File "/common/ketrong/tpotexp/tpot2/tpot2/tpot_estimator/estimator_utils.py", line 55, in objective_function_generator
    cv_obj_scores = cross_val_score_objective(sklearn.base.clone(pipeline),x,y,scorers=scorers, cv=cv , fold=step)
  File "/common/ketrong/tpotexp/tpot2/tpot2/tpot_estimator/cross_val_utils.py", line 28, in cross_val_score_objective
    this_fold_pipeline.fit(X_train,y_train)
  File "/common/ketrong/tpotexp/env/lib/python3.10/site-packages/sklearn/base.py", line 1473, in wrapper
    return fit_method(estimator, *args, **kwargs)
  File "/common/ketrong/tpotexp/env/lib/python3.10/site-packages/sklearn/pipeline.py", line 473, in fit
    self._final_estimator.fit(Xt, y, **last_step_params["fit"])
  File "/common/ketrong/tpotexp/env/lib/python3.10/site-packages/sklearn/base.py", line 1466, in wrapper
    estimator._validate_params()
  File "/common/ketrong/tpotexp/env/lib/python3.10/site-packages/sklearn/base.py", line 666, in _validate_params
    validate_parameter_constraints(
  File "/common/ketrong/tpotexp/env/lib/python3.10/site-packages/sklearn/utils/_param_validation.py", line 95, in validate_parameter_constraints
    raise InvalidParameterError(
sklearn.utils._param_validation.InvalidParameterError: The 'criterion' parameter of ExtraTreesRegressor must be a str among {'friedman_mse', 'poisson', 'absolute_error', 'squared_error'}. Got 'mae' instead.

Generation:  18
Best root_mean_squared_error score: -0.08267949221959356
Generation:  72%|  | 18/25 [1:23:53<39:05, 335.11s/it]WARNING THIS INDIVIDUAL CAUSED AND EXCEPTION 
 <tpot2.search_spaces.pipelines.sequential.SequentialPipelineIndividual object at 0x15546d05a860> 
 The 'criterion' parameter of RandomForestRegressor must be a str among {'friedman_mse', 'poisson', 'absolute_error', 'squared_error'}. Got 'mse' instead. 
 Traceback (most recent call last):
  File "/common/ketrong/tpotexp/tpot2/tpot2/utils/eval_utils.py", line 53, in objective_nan_wrapper
    value = func_timeout.func_timeout(timeout, objective_function, args=[individual], kwargs=objective_kwargs)
  File "/common/ketrong/tpotexp/env/lib/python3.10/site-packages/func_timeout/dafunc.py", line 108, in func_timeout
    raise_exception(exception)
  File "/common/ketrong/tpotexp/env/lib/python3.10/site-packages/func_timeout/py3_raise.py", line 7, in raise_exception
    raise exception[0] from None
  File "/common/ketrong/tpotexp/tpot2/tpot2/tpot_estimator/estimator.py", line 623, in objective_function
    return objective_function_generator(
  File "/common/ketrong/tpotexp/tpot2/tpot2/tpot_estimator/estimator_utils.py", line 55, in objective_function_generator
    cv_obj_scores = cross_val_score_objective(sklearn.base.clone(pipeline),x,y,scorers=scorers, cv=cv , fold=step)
  File "/common/ketrong/tpotexp/tpot2/tpot2/tpot_estimator/cross_val_utils.py", line 28, in cross_val_score_objective
    this_fold_pipeline.fit(X_train,y_train)
  File "/common/ketrong/tpotexp/env/lib/python3.10/site-packages/sklearn/base.py", line 1473, in wrapper
    return fit_method(estimator, *args, **kwargs)
  File "/common/ketrong/tpotexp/env/lib/python3.10/site-packages/sklearn/pipeline.py", line 473, in fit
    self._final_estimator.fit(Xt, y, **last_step_params["fit"])
  File "/common/ketrong/tpotexp/env/lib/python3.10/site-packages/sklearn/base.py", line 1466, in wrapper
    estimator._validate_params()
  File "/common/ketrong/tpotexp/env/lib/python3.10/site-packages/sklearn/base.py", line 666, in _validate_params
    validate_parameter_constraints(
  File "/common/ketrong/tpotexp/env/lib/python3.10/site-packages/sklearn/utils/_param_validation.py", line 95, in validate_parameter_constraints
    raise InvalidParameterError(
sklearn.utils._param_validation.InvalidParameterError: The 'criterion' parameter of RandomForestRegressor must be a str among {'friedman_mse', 'poisson', 'absolute_error', 'squared_error'}. Got 'mse' instead.

Generation:  19
Best root_mean_squared_error score: -0.08169613846631565
Generation:  76%|  | 19/25 [1:28:54<32:28, 324.69s/it]WARNING THIS INDIVIDUAL CAUSED AND EXCEPTION 
 <tpot2.search_spaces.pipelines.sequential.SequentialPipelineIndividual object at 0x1554741a8f40> 
 The 'criterion' parameter of ExtraTreesRegressor must be a str among {'friedman_mse', 'poisson', 'absolute_error', 'squared_error'}. Got 'mae' instead. 
 Traceback (most recent call last):
  File "/common/ketrong/tpotexp/tpot2/tpot2/utils/eval_utils.py", line 53, in objective_nan_wrapper
    value = func_timeout.func_timeout(timeout, objective_function, args=[individual], kwargs=objective_kwargs)
  File "/common/ketrong/tpotexp/env/lib/python3.10/site-packages/func_timeout/dafunc.py", line 108, in func_timeout
    raise_exception(exception)
  File "/common/ketrong/tpotexp/env/lib/python3.10/site-packages/func_timeout/py3_raise.py", line 7, in raise_exception
    raise exception[0] from None
  File "/common/ketrong/tpotexp/tpot2/tpot2/tpot_estimator/estimator.py", line 623, in objective_function
    return objective_function_generator(
  File "/common/ketrong/tpotexp/tpot2/tpot2/tpot_estimator/estimator_utils.py", line 55, in objective_function_generator
    cv_obj_scores = cross_val_score_objective(sklearn.base.clone(pipeline),x,y,scorers=scorers, cv=cv , fold=step)
  File "/common/ketrong/tpotexp/tpot2/tpot2/tpot_estimator/cross_val_utils.py", line 28, in cross_val_score_objective
    this_fold_pipeline.fit(X_train,y_train)
  File "/common/ketrong/tpotexp/env/lib/python3.10/site-packages/sklearn/base.py", line 1473, in wrapper
    return fit_method(estimator, *args, **kwargs)
  File "/common/ketrong/tpotexp/env/lib/python3.10/site-packages/sklearn/pipeline.py", line 473, in fit
    self._final_estimator.fit(Xt, y, **last_step_params["fit"])
  File "/common/ketrong/tpotexp/env/lib/python3.10/site-packages/sklearn/base.py", line 1466, in wrapper
    estimator._validate_params()
  File "/common/ketrong/tpotexp/env/lib/python3.10/site-packages/sklearn/base.py", line 666, in _validate_params
    validate_parameter_constraints(
  File "/common/ketrong/tpotexp/env/lib/python3.10/site-packages/sklearn/utils/_param_validation.py", line 95, in validate_parameter_constraints
    raise InvalidParameterError(
sklearn.utils._param_validation.InvalidParameterError: The 'criterion' parameter of ExtraTreesRegressor must be a str among {'friedman_mse', 'poisson', 'absolute_error', 'squared_error'}. Got 'mae' instead.

Generation:  20
Best root_mean_squared_error score: -0.08169613846631565
Generation:  80%|  | 20/25 [1:32:28<24:18, 291.61s/it]WARNING THIS INDIVIDUAL CAUSED AND EXCEPTION 
 <tpot2.search_spaces.pipelines.sequential.SequentialPipelineIndividual object at 0x15546cbef3a0> 
 The 'criterion' parameter of ExtraTreesRegressor must be a str among {'friedman_mse', 'poisson', 'absolute_error', 'squared_error'}. Got 'mae' instead. 
 Traceback (most recent call last):
  File "/common/ketrong/tpotexp/tpot2/tpot2/utils/eval_utils.py", line 53, in objective_nan_wrapper
    value = func_timeout.func_timeout(timeout, objective_function, args=[individual], kwargs=objective_kwargs)
  File "/common/ketrong/tpotexp/env/lib/python3.10/site-packages/func_timeout/dafunc.py", line 108, in func_timeout
    raise_exception(exception)
  File "/common/ketrong/tpotexp/env/lib/python3.10/site-packages/func_timeout/py3_raise.py", line 7, in raise_exception
    raise exception[0] from None
  File "/common/ketrong/tpotexp/tpot2/tpot2/tpot_estimator/estimator.py", line 623, in objective_function
    return objective_function_generator(
  File "/common/ketrong/tpotexp/tpot2/tpot2/tpot_estimator/estimator_utils.py", line 55, in objective_function_generator
    cv_obj_scores = cross_val_score_objective(sklearn.base.clone(pipeline),x,y,scorers=scorers, cv=cv , fold=step)
  File "/common/ketrong/tpotexp/tpot2/tpot2/tpot_estimator/cross_val_utils.py", line 28, in cross_val_score_objective
    this_fold_pipeline.fit(X_train,y_train)
  File "/common/ketrong/tpotexp/env/lib/python3.10/site-packages/sklearn/base.py", line 1473, in wrapper
    return fit_method(estimator, *args, **kwargs)
  File "/common/ketrong/tpotexp/env/lib/python3.10/site-packages/sklearn/pipeline.py", line 473, in fit
    self._final_estimator.fit(Xt, y, **last_step_params["fit"])
  File "/common/ketrong/tpotexp/env/lib/python3.10/site-packages/sklearn/base.py", line 1466, in wrapper
    estimator._validate_params()
  File "/common/ketrong/tpotexp/env/lib/python3.10/site-packages/sklearn/base.py", line 666, in _validate_params
    validate_parameter_constraints(
  File "/common/ketrong/tpotexp/env/lib/python3.10/site-packages/sklearn/utils/_param_validation.py", line 95, in validate_parameter_constraints
    raise InvalidParameterError(
sklearn.utils._param_validation.InvalidParameterError: The 'criterion' parameter of ExtraTreesRegressor must be a str among {'friedman_mse', 'poisson', 'absolute_error', 'squared_error'}. Got 'mae' instead.

Generation:  21
Best root_mean_squared_error score: -0.08169613846631565
Generation:  84%| | 21/25 [1:36:46<18:45, 281.32s/it]WARNING THIS INDIVIDUAL CAUSED AND EXCEPTION 
 <tpot2.search_spaces.pipelines.sequential.SequentialPipelineIndividual object at 0x15546fa33880> 
 The 'criterion' parameter of RandomForestRegressor must be a str among {'friedman_mse', 'poisson', 'absolute_error', 'squared_error'}. Got 'mae' instead. 
 Traceback (most recent call last):
  File "/common/ketrong/tpotexp/tpot2/tpot2/utils/eval_utils.py", line 53, in objective_nan_wrapper
    value = func_timeout.func_timeout(timeout, objective_function, args=[individual], kwargs=objective_kwargs)
  File "/common/ketrong/tpotexp/env/lib/python3.10/site-packages/func_timeout/dafunc.py", line 108, in func_timeout
    raise_exception(exception)
  File "/common/ketrong/tpotexp/env/lib/python3.10/site-packages/func_timeout/py3_raise.py", line 7, in raise_exception
    raise exception[0] from None
  File "/common/ketrong/tpotexp/tpot2/tpot2/tpot_estimator/estimator.py", line 623, in objective_function
    return objective_function_generator(
  File "/common/ketrong/tpotexp/tpot2/tpot2/tpot_estimator/estimator_utils.py", line 55, in objective_function_generator
    cv_obj_scores = cross_val_score_objective(sklearn.base.clone(pipeline),x,y,scorers=scorers, cv=cv , fold=step)
  File "/common/ketrong/tpotexp/tpot2/tpot2/tpot_estimator/cross_val_utils.py", line 28, in cross_val_score_objective
    this_fold_pipeline.fit(X_train,y_train)
  File "/common/ketrong/tpotexp/env/lib/python3.10/site-packages/sklearn/base.py", line 1473, in wrapper
    return fit_method(estimator, *args, **kwargs)
  File "/common/ketrong/tpotexp/env/lib/python3.10/site-packages/sklearn/pipeline.py", line 473, in fit
    self._final_estimator.fit(Xt, y, **last_step_params["fit"])
  File "/common/ketrong/tpotexp/env/lib/python3.10/site-packages/sklearn/base.py", line 1466, in wrapper
    estimator._validate_params()
  File "/common/ketrong/tpotexp/env/lib/python3.10/site-packages/sklearn/base.py", line 666, in _validate_params
    validate_parameter_constraints(
  File "/common/ketrong/tpotexp/env/lib/python3.10/site-packages/sklearn/utils/_param_validation.py", line 95, in validate_parameter_constraints
    raise InvalidParameterError(
sklearn.utils._param_validation.InvalidParameterError: The 'criterion' parameter of RandomForestRegressor must be a str among {'friedman_mse', 'poisson', 'absolute_error', 'squared_error'}. Got 'mae' instead.

Generation:  22
Best root_mean_squared_error score: -0.08169613846631565
Generation:  88%| | 22/25 [1:44:34<16:51, 337.32s/it]WARNING AN INDIVIDUAL TIMED OUT: 
 <tpot2.search_spaces.pipelines.sequential.SequentialPipelineIndividual object at 0x15546f7c4670> 

Generation:  23
Best root_mean_squared_error score: -0.08169613846631565
Generation:  92%|| 23/25 [1:55:01<14:08, 424.36s/it]Generation:  24
Best root_mean_squared_error score: -0.08169613846631565
Generation:  96%|| 24/25 [2:02:44<07:15, 435.96s/it]WARNING THIS INDIVIDUAL CAUSED AND EXCEPTION 
 <tpot2.search_spaces.pipelines.sequential.SequentialPipelineIndividual object at 0x1554741cb850> 
 The 'criterion' parameter of DecisionTreeRegressor must be a str among {'friedman_mse', 'poisson', 'absolute_error', 'squared_error'}. Got 'mae' instead. 
 Traceback (most recent call last):
  File "/common/ketrong/tpotexp/tpot2/tpot2/utils/eval_utils.py", line 53, in objective_nan_wrapper
    value = func_timeout.func_timeout(timeout, objective_function, args=[individual], kwargs=objective_kwargs)
  File "/common/ketrong/tpotexp/env/lib/python3.10/site-packages/func_timeout/dafunc.py", line 108, in func_timeout
    raise_exception(exception)
  File "/common/ketrong/tpotexp/env/lib/python3.10/site-packages/func_timeout/py3_raise.py", line 7, in raise_exception
    raise exception[0] from None
  File "/common/ketrong/tpotexp/tpot2/tpot2/tpot_estimator/estimator.py", line 623, in objective_function
    return objective_function_generator(
  File "/common/ketrong/tpotexp/tpot2/tpot2/tpot_estimator/estimator_utils.py", line 55, in objective_function_generator
    cv_obj_scores = cross_val_score_objective(sklearn.base.clone(pipeline),x,y,scorers=scorers, cv=cv , fold=step)
  File "/common/ketrong/tpotexp/tpot2/tpot2/tpot_estimator/cross_val_utils.py", line 28, in cross_val_score_objective
    this_fold_pipeline.fit(X_train,y_train)
  File "/common/ketrong/tpotexp/env/lib/python3.10/site-packages/sklearn/base.py", line 1473, in wrapper
    return fit_method(estimator, *args, **kwargs)
  File "/common/ketrong/tpotexp/env/lib/python3.10/site-packages/sklearn/pipeline.py", line 473, in fit
    self._final_estimator.fit(Xt, y, **last_step_params["fit"])
  File "/common/ketrong/tpotexp/env/lib/python3.10/site-packages/sklearn/base.py", line 1466, in wrapper
    estimator._validate_params()
  File "/common/ketrong/tpotexp/env/lib/python3.10/site-packages/sklearn/base.py", line 666, in _validate_params
    validate_parameter_constraints(
  File "/common/ketrong/tpotexp/env/lib/python3.10/site-packages/sklearn/utils/_param_validation.py", line 95, in validate_parameter_constraints
    raise InvalidParameterError(
sklearn.utils._param_validation.InvalidParameterError: The 'criterion' parameter of DecisionTreeRegressor must be a str among {'friedman_mse', 'poisson', 'absolute_error', 'squared_error'}. Got 'mae' instead.

Generation:  25
Best root_mean_squared_error score: -0.08169613846631565
Generation: 100%|| 25/25 [2:09:56<00:00, 434.69s/it]Generation: 100%|| 25/25 [2:10:00<00:00, 312.03s/it]
2024-09-19 22:19:41,944 - distributed.scheduler - ERROR - Removing worker 'tcp://127.0.0.1:40359' caused the cluster to lose scattered data, which can't be recovered: {'ndarray-6859b23aad1c8dd5c8c8e85614f6c4d7', 'DataFrame-199f3c31ceebfff04409bf1345a44d8c'} (stimulus_id='handle-worker-cleanup-1726809581.9443328')
2024-09-19 22:19:45,935 - distributed.nanny - WARNING - Worker process still alive after 4.0 seconds, killing
2024-09-19 22:19:45,935 - distributed.nanny - WARNING - Worker process still alive after 4.0 seconds, killing
2024-09-19 22:19:45,935 - distributed.nanny - WARNING - Worker process still alive after 4.0 seconds, killing
2024-09-19 22:19:45,935 - distributed.nanny - WARNING - Worker process still alive after 4.0 seconds, killing
2024-09-19 22:19:45,935 - distributed.nanny - WARNING - Worker process still alive after 4.0 seconds, killing
2024-09-19 22:19:45,936 - distributed.nanny - WARNING - Worker process still alive after 4.0 seconds, killing
2024-09-19 22:19:45,936 - distributed.nanny - WARNING - Worker process still alive after 4.0 seconds, killing
2024-09-19 22:19:45,937 - distributed.nanny - WARNING - Worker process still alive after 4.0 seconds, killing
2024-09-19 22:19:45,937 - distributed.nanny - WARNING - Worker process still alive after 4.0 seconds, killing
2024-09-19 22:19:45,937 - distributed.nanny - WARNING - Worker process still alive after 4.0 seconds, killing
2024-09-19 22:19:45,937 - distributed.nanny - WARNING - Worker process still alive after 4.0 seconds, killing
2024-09-19 22:19:45,937 - distributed.nanny - WARNING - Worker process still alive after 4.0 seconds, killing
2024-09-19 22:19:45,937 - distributed.nanny - WARNING - Worker process still alive after 4.0 seconds, killing
2024-09-19 22:19:45,937 - distributed.nanny - WARNING - Worker process still alive after 4.0 seconds, killing
2024-09-19 22:19:45,937 - distributed.nanny - WARNING - Worker process still alive after 4.0 seconds, killing
2024-09-19 22:19:45,961 - distributed.nanny - WARNING - Worker process still alive after 4.0 seconds, killing
Fitted
Pipeline(steps=[('mlpregressor',
                 MLPRegressor(alpha=0.0070674086269, early_stopping=True,
                              hidden_layer_sizes=[377, 377, 377],
                              learning_rate='adaptive',
                              learning_rate_init=0.0002410962443,
                              n_iter_no_change=32))])
score start
train score: {'explained_var': 0.9384001734436362, 'r2': 0.9383221870925779, 'rmse': 0.06573466350721607}
original test score: {'explained_var': 0.9287415543636911, 'r2': 0.9287381217538259, 'rmse': 0.06917844720917686}
imputed test score: {'explained_var': 0.9077433736460478, 'r2': 0.9077425724475484, 'rmse': 0.07871234435543353}
score end
check intended
EXP2 Finished
running experiment 3/3 - What is the best automl settings?
<tpot2.search_spaces.pipelines.sequential.SequentialPipeline object at 0x1553e8e7b460>
Start tpot fit
Version 0.1.7a0 of tpot2 is outdated. Version 0.1.8a0 was released 2 days ago.
Version 0.1.7a0 of tpot2 is outdated. Version 0.1.8a0 was released 2 days ago.
Version 0.1.7a0 of tpot2 is outdated. Version 0.1.8a0 was released 2 days ago.
Version 0.1.7a0 of tpot2 is outdated. Version 0.1.8a0 was released 2 days ago.
Version 0.1.7a0 of tpot2 is outdated. Version 0.1.8a0 was released 2 days ago.
Version 0.1.7a0 of tpot2 is outdated. Version 0.1.8a0 was released 2 days ago.
Version 0.1.7a0 of tpot2 is outdated. Version 0.1.8a0 was released 2 days ago.
Version 0.1.7a0 of tpot2 is outdated. Version 0.1.8a0 was released 2 days ago.
Version 0.1.7a0 of tpot2 is outdated. Version 0.1.8a0 was released 2 days ago.
Version 0.1.7a0 of tpot2 is outdated. Version 0.1.8a0 was released 2 days ago.
Version 0.1.7a0 of tpot2 is outdated. Version 0.1.8a0 was released 2 days ago.
Version 0.1.7a0 of tpot2 is outdated. Version 0.1.8a0 was released 2 days ago.
Version 0.1.7a0 of tpot2 is outdated. Version 0.1.8a0 was released 2 days ago.
Version 0.1.7a0 of tpot2 is outdated. Version 0.1.8a0 was released 2 days ago.
Version 0.1.7a0 of tpot2 is outdated. Version 0.1.8a0 was released 2 days ago.
Version 0.1.7a0 of tpot2 is outdated. Version 0.1.8a0 was released 2 days ago.
  0%|          | 0/25 [00:00<?, ?it/s]Generation:   0%|          | 0/25 [00:00<?, ?it/s]Generation:  1
Best root_mean_squared_error score: -0.09255816812362114
Generation:   4%|         | 1/25 [07:12<2:53:01, 432.58s/it]WARNING AN INDIVIDUAL TIMED OUT: 
 <tpot2.search_spaces.pipelines.sequential.SequentialPipelineIndividual object at 0x15547418a230> 

WARNING AN INDIVIDUAL TIMED OUT: 
 <tpot2.search_spaces.pipelines.sequential.SequentialPipelineIndividual object at 0x155474125510> 

Generation:  2
Best root_mean_squared_error score: -0.09255816812362114
Generation:   8%|         | 2/25 [17:18<3:24:48, 534.28s/it]WARNING THIS INDIVIDUAL CAUSED AND EXCEPTION 
 <tpot2.search_spaces.pipelines.sequential.SequentialPipelineIndividual object at 0x15547418b6a0> 
 The 'criterion' parameter of RandomForestRegressor must be a str among {'friedman_mse', 'poisson', 'absolute_error', 'squared_error'}. Got 'mae' instead. 
 Traceback (most recent call last):
  File "/common/ketrong/tpotexp/tpot2/tpot2/utils/eval_utils.py", line 53, in objective_nan_wrapper
    value = func_timeout.func_timeout(timeout, objective_function, args=[individual], kwargs=objective_kwargs)
  File "/common/ketrong/tpotexp/env/lib/python3.10/site-packages/func_timeout/dafunc.py", line 108, in func_timeout
    raise_exception(exception)
  File "/common/ketrong/tpotexp/env/lib/python3.10/site-packages/func_timeout/py3_raise.py", line 7, in raise_exception
    raise exception[0] from None
  File "/common/ketrong/tpotexp/tpot2/tpot2/tpot_estimator/estimator.py", line 623, in objective_function
    return objective_function_generator(
  File "/common/ketrong/tpotexp/tpot2/tpot2/tpot_estimator/estimator_utils.py", line 55, in objective_function_generator
    cv_obj_scores = cross_val_score_objective(sklearn.base.clone(pipeline),x,y,scorers=scorers, cv=cv , fold=step)
  File "/common/ketrong/tpotexp/tpot2/tpot2/tpot_estimator/cross_val_utils.py", line 28, in cross_val_score_objective
    this_fold_pipeline.fit(X_train,y_train)
  File "/common/ketrong/tpotexp/env/lib/python3.10/site-packages/sklearn/base.py", line 1473, in wrapper
    return fit_method(estimator, *args, **kwargs)
  File "/common/ketrong/tpotexp/env/lib/python3.10/site-packages/sklearn/pipeline.py", line 473, in fit
    self._final_estimator.fit(Xt, y, **last_step_params["fit"])
  File "/common/ketrong/tpotexp/env/lib/python3.10/site-packages/sklearn/base.py", line 1466, in wrapper
    estimator._validate_params()
  File "/common/ketrong/tpotexp/env/lib/python3.10/site-packages/sklearn/base.py", line 666, in _validate_params
    validate_parameter_constraints(
  File "/common/ketrong/tpotexp/env/lib/python3.10/site-packages/sklearn/utils/_param_validation.py", line 95, in validate_parameter_constraints
    raise InvalidParameterError(
sklearn.utils._param_validation.InvalidParameterError: The 'criterion' parameter of RandomForestRegressor must be a str among {'friedman_mse', 'poisson', 'absolute_error', 'squared_error'}. Got 'mae' instead.

WARNING AN INDIVIDUAL TIMED OUT: 
 <tpot2.search_spaces.pipelines.sequential.SequentialPipelineIndividual object at 0x155474126da0> 

WARNING AN INDIVIDUAL TIMED OUT: 
 <tpot2.search_spaces.pipelines.sequential.SequentialPipelineIndividual object at 0x15546d693670> 

WARNING AN INDIVIDUAL TIMED OUT: 
 <tpot2.search_spaces.pipelines.sequential.SequentialPipelineIndividual object at 0x15547418f6a0> 

Generation:  3
Best root_mean_squared_error score: -0.09255816812362114
Generation:  12%|        | 3/25 [27:21<3:27:30, 565.93s/it]WARNING THIS INDIVIDUAL CAUSED AND EXCEPTION 
 <tpot2.search_spaces.pipelines.sequential.SequentialPipelineIndividual object at 0x15546f521e40> 
 The 'criterion' parameter of RandomForestRegressor must be a str among {'friedman_mse', 'poisson', 'absolute_error', 'squared_error'}. Got 'mae' instead. 
 Traceback (most recent call last):
  File "/common/ketrong/tpotexp/tpot2/tpot2/utils/eval_utils.py", line 53, in objective_nan_wrapper
    value = func_timeout.func_timeout(timeout, objective_function, args=[individual], kwargs=objective_kwargs)
  File "/common/ketrong/tpotexp/env/lib/python3.10/site-packages/func_timeout/dafunc.py", line 108, in func_timeout
    raise_exception(exception)
  File "/common/ketrong/tpotexp/env/lib/python3.10/site-packages/func_timeout/py3_raise.py", line 7, in raise_exception
    raise exception[0] from None
  File "/common/ketrong/tpotexp/tpot2/tpot2/tpot_estimator/estimator.py", line 623, in objective_function
    return objective_function_generator(
  File "/common/ketrong/tpotexp/tpot2/tpot2/tpot_estimator/estimator_utils.py", line 55, in objective_function_generator
    cv_obj_scores = cross_val_score_objective(sklearn.base.clone(pipeline),x,y,scorers=scorers, cv=cv , fold=step)
  File "/common/ketrong/tpotexp/tpot2/tpot2/tpot_estimator/cross_val_utils.py", line 28, in cross_val_score_objective
    this_fold_pipeline.fit(X_train,y_train)
  File "/common/ketrong/tpotexp/env/lib/python3.10/site-packages/sklearn/base.py", line 1473, in wrapper
    return fit_method(estimator, *args, **kwargs)
  File "/common/ketrong/tpotexp/env/lib/python3.10/site-packages/sklearn/pipeline.py", line 473, in fit
    self._final_estimator.fit(Xt, y, **last_step_params["fit"])
  File "/common/ketrong/tpotexp/env/lib/python3.10/site-packages/sklearn/base.py", line 1466, in wrapper
    estimator._validate_params()
  File "/common/ketrong/tpotexp/env/lib/python3.10/site-packages/sklearn/base.py", line 666, in _validate_params
    validate_parameter_constraints(
  File "/common/ketrong/tpotexp/env/lib/python3.10/site-packages/sklearn/utils/_param_validation.py", line 95, in validate_parameter_constraints
    raise InvalidParameterError(
sklearn.utils._param_validation.InvalidParameterError: The 'criterion' parameter of RandomForestRegressor must be a str among {'friedman_mse', 'poisson', 'absolute_error', 'squared_error'}. Got 'mae' instead.

WARNING AN INDIVIDUAL TIMED OUT: 
 <tpot2.search_spaces.pipelines.sequential.SequentialPipelineIndividual object at 0x15546f7a6f80> 

Generation:  4
Best root_mean_squared_error score: -0.08234818753602055
Generation:  16%|        | 4/25 [37:24<3:23:09, 580.45s/it]Generation:  5
Best root_mean_squared_error score: -0.08234818753602055
Generation:  20%|        | 5/25 [44:25<2:54:18, 522.93s/it]Generation:  6
Best root_mean_squared_error score: -0.0814818543150131
Generation:  24%|       | 6/25 [51:30<2:35:06, 489.82s/it]Generation:  7
Best root_mean_squared_error score: -0.0814818543150131
Generation:  28%|       | 7/25 [59:06<2:23:33, 478.56s/it]Generation:  8
Best root_mean_squared_error score: -0.0814818543150131
Generation:  32%|      | 8/25 [1:06:24<2:11:58, 465.77s/it]Generation:  9
Best root_mean_squared_error score: -0.0814818543150131
Generation:  36%|      | 9/25 [1:13:15<1:59:38, 448.63s/it]WARNING THIS INDIVIDUAL CAUSED AND EXCEPTION 
 <tpot2.search_spaces.pipelines.sequential.SequentialPipelineIndividual object at 0x15546d956200> 
 Input X contains NaN.
MLPRegressor does not accept missing values encoded as NaN natively. For supervised learning, you might want to consider sklearn.ensemble.HistGradientBoostingClassifier and Regressor which accept missing values encoded as NaNs natively. Alternatively, it is possible to preprocess the data, for instance by using an imputer transformer in a pipeline or drop samples with missing values. See https://scikit-learn.org/stable/modules/impute.html You can find a list of all estimators that handle NaN values at the following page: https://scikit-learn.org/stable/modules/impute.html#estimators-that-handle-nan-values 
 Traceback (most recent call last):
  File "/common/ketrong/tpotexp/tpot2/tpot2/utils/eval_utils.py", line 53, in objective_nan_wrapper
    value = func_timeout.func_timeout(timeout, objective_function, args=[individual], kwargs=objective_kwargs)
  File "/common/ketrong/tpotexp/env/lib/python3.10/site-packages/func_timeout/dafunc.py", line 108, in func_timeout
    raise_exception(exception)
  File "/common/ketrong/tpotexp/env/lib/python3.10/site-packages/func_timeout/py3_raise.py", line 7, in raise_exception
    raise exception[0] from None
  File "/common/ketrong/tpotexp/tpot2/tpot2/tpot_estimator/estimator.py", line 623, in objective_function
    return objective_function_generator(
  File "/common/ketrong/tpotexp/tpot2/tpot2/tpot_estimator/estimator_utils.py", line 55, in objective_function_generator
    cv_obj_scores = cross_val_score_objective(sklearn.base.clone(pipeline),x,y,scorers=scorers, cv=cv , fold=step)
  File "/common/ketrong/tpotexp/tpot2/tpot2/tpot_estimator/cross_val_utils.py", line 28, in cross_val_score_objective
    this_fold_pipeline.fit(X_train,y_train)
  File "/common/ketrong/tpotexp/env/lib/python3.10/site-packages/sklearn/base.py", line 1473, in wrapper
    return fit_method(estimator, *args, **kwargs)
  File "/common/ketrong/tpotexp/env/lib/python3.10/site-packages/sklearn/pipeline.py", line 473, in fit
    self._final_estimator.fit(Xt, y, **last_step_params["fit"])
  File "/common/ketrong/tpotexp/env/lib/python3.10/site-packages/sklearn/base.py", line 1473, in wrapper
    return fit_method(estimator, *args, **kwargs)
  File "/common/ketrong/tpotexp/env/lib/python3.10/site-packages/sklearn/neural_network/_multilayer_perceptron.py", line 751, in fit
    return self._fit(X, y, incremental=False)
  File "/common/ketrong/tpotexp/env/lib/python3.10/site-packages/sklearn/neural_network/_multilayer_perceptron.py", line 441, in _fit
    X, y = self._validate_input(X, y, incremental, reset=first_pass)
  File "/common/ketrong/tpotexp/env/lib/python3.10/site-packages/sklearn/neural_network/_multilayer_perceptron.py", line 1621, in _validate_input
    X, y = self._validate_data(
  File "/common/ketrong/tpotexp/env/lib/python3.10/site-packages/sklearn/base.py", line 650, in _validate_data
    X, y = check_X_y(X, y, **check_params)
  File "/common/ketrong/tpotexp/env/lib/python3.10/site-packages/sklearn/utils/validation.py", line 1301, in check_X_y
    X = check_array(
  File "/common/ketrong/tpotexp/env/lib/python3.10/site-packages/sklearn/utils/validation.py", line 1064, in check_array
    _assert_all_finite(
  File "/common/ketrong/tpotexp/env/lib/python3.10/site-packages/sklearn/utils/validation.py", line 123, in _assert_all_finite
    _assert_all_finite_element_wise(
  File "/common/ketrong/tpotexp/env/lib/python3.10/site-packages/sklearn/utils/validation.py", line 172, in _assert_all_finite_element_wise
    raise ValueError(msg_err)
ValueError: Input X contains NaN.
MLPRegressor does not accept missing values encoded as NaN natively. For supervised learning, you might want to consider sklearn.ensemble.HistGradientBoostingClassifier and Regressor which accept missing values encoded as NaNs natively. Alternatively, it is possible to preprocess the data, for instance by using an imputer transformer in a pipeline or drop samples with missing values. See https://scikit-learn.org/stable/modules/impute.html You can find a list of all estimators that handle NaN values at the following page: https://scikit-learn.org/stable/modules/impute.html#estimators-that-handle-nan-values

WARNING THIS INDIVIDUAL CAUSED AND EXCEPTION 
 <tpot2.search_spaces.pipelines.sequential.SequentialPipelineIndividual object at 0x155459af75e0> 
 Input X contains NaN.
MLPRegressor does not accept missing values encoded as NaN natively. For supervised learning, you might want to consider sklearn.ensemble.HistGradientBoostingClassifier and Regressor which accept missing values encoded as NaNs natively. Alternatively, it is possible to preprocess the data, for instance by using an imputer transformer in a pipeline or drop samples with missing values. See https://scikit-learn.org/stable/modules/impute.html You can find a list of all estimators that handle NaN values at the following page: https://scikit-learn.org/stable/modules/impute.html#estimators-that-handle-nan-values 
 Traceback (most recent call last):
  File "/common/ketrong/tpotexp/tpot2/tpot2/utils/eval_utils.py", line 53, in objective_nan_wrapper
    value = func_timeout.func_timeout(timeout, objective_function, args=[individual], kwargs=objective_kwargs)
  File "/common/ketrong/tpotexp/env/lib/python3.10/site-packages/func_timeout/dafunc.py", line 108, in func_timeout
    raise_exception(exception)
  File "/common/ketrong/tpotexp/env/lib/python3.10/site-packages/func_timeout/py3_raise.py", line 7, in raise_exception
    raise exception[0] from None
  File "/common/ketrong/tpotexp/tpot2/tpot2/tpot_estimator/estimator.py", line 623, in objective_function
    return objective_function_generator(
  File "/common/ketrong/tpotexp/tpot2/tpot2/tpot_estimator/estimator_utils.py", line 55, in objective_function_generator
    cv_obj_scores = cross_val_score_objective(sklearn.base.clone(pipeline),x,y,scorers=scorers, cv=cv , fold=step)
  File "/common/ketrong/tpotexp/tpot2/tpot2/tpot_estimator/cross_val_utils.py", line 28, in cross_val_score_objective
    this_fold_pipeline.fit(X_train,y_train)
  File "/common/ketrong/tpotexp/env/lib/python3.10/site-packages/sklearn/base.py", line 1473, in wrapper
    return fit_method(estimator, *args, **kwargs)
  File "/common/ketrong/tpotexp/env/lib/python3.10/site-packages/sklearn/pipeline.py", line 473, in fit
    self._final_estimator.fit(Xt, y, **last_step_params["fit"])
  File "/common/ketrong/tpotexp/env/lib/python3.10/site-packages/sklearn/base.py", line 1473, in wrapper
    return fit_method(estimator, *args, **kwargs)
  File "/common/ketrong/tpotexp/env/lib/python3.10/site-packages/sklearn/neural_network/_multilayer_perceptron.py", line 751, in fit
    return self._fit(X, y, incremental=False)
  File "/common/ketrong/tpotexp/env/lib/python3.10/site-packages/sklearn/neural_network/_multilayer_perceptron.py", line 441, in _fit
    X, y = self._validate_input(X, y, incremental, reset=first_pass)
  File "/common/ketrong/tpotexp/env/lib/python3.10/site-packages/sklearn/neural_network/_multilayer_perceptron.py", line 1621, in _validate_input
    X, y = self._validate_data(
  File "/common/ketrong/tpotexp/env/lib/python3.10/site-packages/sklearn/base.py", line 650, in _validate_data
    X, y = check_X_y(X, y, **check_params)
  File "/common/ketrong/tpotexp/env/lib/python3.10/site-packages/sklearn/utils/validation.py", line 1301, in check_X_y
    X = check_array(
  File "/common/ketrong/tpotexp/env/lib/python3.10/site-packages/sklearn/utils/validation.py", line 1064, in check_array
    _assert_all_finite(
  File "/common/ketrong/tpotexp/env/lib/python3.10/site-packages/sklearn/utils/validation.py", line 123, in _assert_all_finite
    _assert_all_finite_element_wise(
  File "/common/ketrong/tpotexp/env/lib/python3.10/site-packages/sklearn/utils/validation.py", line 172, in _assert_all_finite_element_wise
    raise ValueError(msg_err)
ValueError: Input X contains NaN.
MLPRegressor does not accept missing values encoded as NaN natively. For supervised learning, you might want to consider sklearn.ensemble.HistGradientBoostingClassifier and Regressor which accept missing values encoded as NaNs natively. Alternatively, it is possible to preprocess the data, for instance by using an imputer transformer in a pipeline or drop samples with missing values. See https://scikit-learn.org/stable/modules/impute.html You can find a list of all estimators that handle NaN values at the following page: https://scikit-learn.org/stable/modules/impute.html#estimators-that-handle-nan-values

Generation:  10
Best root_mean_squared_error score: -0.0814818543150131
Generation:  40%|      | 10/25 [1:21:47<1:57:02, 468.16s/it]Generation:  11
Best root_mean_squared_error score: -0.0814818543150131
Generation:  44%|     | 11/25 [1:28:28<1:44:28, 447.76s/it]WARNING THIS INDIVIDUAL CAUSED AND EXCEPTION 
 <tpot2.search_spaces.pipelines.sequential.SequentialPipelineIndividual object at 0x15546d81c5b0> 
 The 'criterion' parameter of ExtraTreesRegressor must be a str among {'friedman_mse', 'poisson', 'absolute_error', 'squared_error'}. Got 'mae' instead. 
 Traceback (most recent call last):
  File "/common/ketrong/tpotexp/tpot2/tpot2/utils/eval_utils.py", line 53, in objective_nan_wrapper
    value = func_timeout.func_timeout(timeout, objective_function, args=[individual], kwargs=objective_kwargs)
  File "/common/ketrong/tpotexp/env/lib/python3.10/site-packages/func_timeout/dafunc.py", line 108, in func_timeout
    raise_exception(exception)
  File "/common/ketrong/tpotexp/env/lib/python3.10/site-packages/func_timeout/py3_raise.py", line 7, in raise_exception
    raise exception[0] from None
  File "/common/ketrong/tpotexp/tpot2/tpot2/tpot_estimator/estimator.py", line 623, in objective_function
    return objective_function_generator(
  File "/common/ketrong/tpotexp/tpot2/tpot2/tpot_estimator/estimator_utils.py", line 55, in objective_function_generator
    cv_obj_scores = cross_val_score_objective(sklearn.base.clone(pipeline),x,y,scorers=scorers, cv=cv , fold=step)
  File "/common/ketrong/tpotexp/tpot2/tpot2/tpot_estimator/cross_val_utils.py", line 28, in cross_val_score_objective
    this_fold_pipeline.fit(X_train,y_train)
  File "/common/ketrong/tpotexp/env/lib/python3.10/site-packages/sklearn/base.py", line 1473, in wrapper
    return fit_method(estimator, *args, **kwargs)
  File "/common/ketrong/tpotexp/env/lib/python3.10/site-packages/sklearn/pipeline.py", line 473, in fit
    self._final_estimator.fit(Xt, y, **last_step_params["fit"])
  File "/common/ketrong/tpotexp/env/lib/python3.10/site-packages/sklearn/base.py", line 1466, in wrapper
    estimator._validate_params()
  File "/common/ketrong/tpotexp/env/lib/python3.10/site-packages/sklearn/base.py", line 666, in _validate_params
    validate_parameter_constraints(
  File "/common/ketrong/tpotexp/env/lib/python3.10/site-packages/sklearn/utils/_param_validation.py", line 95, in validate_parameter_constraints
    raise InvalidParameterError(
sklearn.utils._param_validation.InvalidParameterError: The 'criterion' parameter of ExtraTreesRegressor must be a str among {'friedman_mse', 'poisson', 'absolute_error', 'squared_error'}. Got 'mae' instead.

Generation:  12
Best root_mean_squared_error score: -0.0814818543150131
Generation:  48%|     | 12/25 [1:32:30<1:23:25, 385.06s/it]WARNING THIS INDIVIDUAL CAUSED AND EXCEPTION 
 <tpot2.search_spaces.pipelines.sequential.SequentialPipelineIndividual object at 0x15546f88bb80> 
 Input X contains NaN.
MLPRegressor does not accept missing values encoded as NaN natively. For supervised learning, you might want to consider sklearn.ensemble.HistGradientBoostingClassifier and Regressor which accept missing values encoded as NaNs natively. Alternatively, it is possible to preprocess the data, for instance by using an imputer transformer in a pipeline or drop samples with missing values. See https://scikit-learn.org/stable/modules/impute.html You can find a list of all estimators that handle NaN values at the following page: https://scikit-learn.org/stable/modules/impute.html#estimators-that-handle-nan-values 
 Traceback (most recent call last):
  File "/common/ketrong/tpotexp/tpot2/tpot2/utils/eval_utils.py", line 53, in objective_nan_wrapper
    value = func_timeout.func_timeout(timeout, objective_function, args=[individual], kwargs=objective_kwargs)
  File "/common/ketrong/tpotexp/env/lib/python3.10/site-packages/func_timeout/dafunc.py", line 108, in func_timeout
    raise_exception(exception)
  File "/common/ketrong/tpotexp/env/lib/python3.10/site-packages/func_timeout/py3_raise.py", line 7, in raise_exception
    raise exception[0] from None
  File "/common/ketrong/tpotexp/tpot2/tpot2/tpot_estimator/estimator.py", line 623, in objective_function
    return objective_function_generator(
  File "/common/ketrong/tpotexp/tpot2/tpot2/tpot_estimator/estimator_utils.py", line 55, in objective_function_generator
    cv_obj_scores = cross_val_score_objective(sklearn.base.clone(pipeline),x,y,scorers=scorers, cv=cv , fold=step)
  File "/common/ketrong/tpotexp/tpot2/tpot2/tpot_estimator/cross_val_utils.py", line 28, in cross_val_score_objective
    this_fold_pipeline.fit(X_train,y_train)
  File "/common/ketrong/tpotexp/env/lib/python3.10/site-packages/sklearn/base.py", line 1473, in wrapper
    return fit_method(estimator, *args, **kwargs)
  File "/common/ketrong/tpotexp/env/lib/python3.10/site-packages/sklearn/pipeline.py", line 473, in fit
    self._final_estimator.fit(Xt, y, **last_step_params["fit"])
  File "/common/ketrong/tpotexp/env/lib/python3.10/site-packages/sklearn/base.py", line 1473, in wrapper
    return fit_method(estimator, *args, **kwargs)
  File "/common/ketrong/tpotexp/env/lib/python3.10/site-packages/sklearn/neural_network/_multilayer_perceptron.py", line 751, in fit
    return self._fit(X, y, incremental=False)
  File "/common/ketrong/tpotexp/env/lib/python3.10/site-packages/sklearn/neural_network/_multilayer_perceptron.py", line 441, in _fit
    X, y = self._validate_input(X, y, incremental, reset=first_pass)
  File "/common/ketrong/tpotexp/env/lib/python3.10/site-packages/sklearn/neural_network/_multilayer_perceptron.py", line 1621, in _validate_input
    X, y = self._validate_data(
  File "/common/ketrong/tpotexp/env/lib/python3.10/site-packages/sklearn/base.py", line 650, in _validate_data
    X, y = check_X_y(X, y, **check_params)
  File "/common/ketrong/tpotexp/env/lib/python3.10/site-packages/sklearn/utils/validation.py", line 1301, in check_X_y
    X = check_array(
  File "/common/ketrong/tpotexp/env/lib/python3.10/site-packages/sklearn/utils/validation.py", line 1064, in check_array
    _assert_all_finite(
  File "/common/ketrong/tpotexp/env/lib/python3.10/site-packages/sklearn/utils/validation.py", line 123, in _assert_all_finite
    _assert_all_finite_element_wise(
  File "/common/ketrong/tpotexp/env/lib/python3.10/site-packages/sklearn/utils/validation.py", line 172, in _assert_all_finite_element_wise
    raise ValueError(msg_err)
ValueError: Input X contains NaN.
MLPRegressor does not accept missing values encoded as NaN natively. For supervised learning, you might want to consider sklearn.ensemble.HistGradientBoostingClassifier and Regressor which accept missing values encoded as NaNs natively. Alternatively, it is possible to preprocess the data, for instance by using an imputer transformer in a pipeline or drop samples with missing values. See https://scikit-learn.org/stable/modules/impute.html You can find a list of all estimators that handle NaN values at the following page: https://scikit-learn.org/stable/modules/impute.html#estimators-that-handle-nan-values

Generation:  13
Best root_mean_squared_error score: -0.0814818543150131
Generation:  52%|    | 13/25 [1:36:43<1:09:01, 345.14s/it]WARNING AN INDIVIDUAL TIMED OUT: 
 <tpot2.search_spaces.pipelines.sequential.SequentialPipelineIndividual object at 0x1554741aafe0> 

Generation:  14
Best root_mean_squared_error score: -0.0814818543150131
Generation:  56%|    | 14/25 [1:46:47<1:17:35, 423.23s/it]WARNING THIS INDIVIDUAL CAUSED AND EXCEPTION 
 <tpot2.search_spaces.pipelines.sequential.SequentialPipelineIndividual object at 0x1553ec1dd5a0> 
 The 'criterion' parameter of ExtraTreesRegressor must be a str among {'friedman_mse', 'poisson', 'absolute_error', 'squared_error'}. Got 'mae' instead. 
 Traceback (most recent call last):
  File "/common/ketrong/tpotexp/tpot2/tpot2/utils/eval_utils.py", line 53, in objective_nan_wrapper
    value = func_timeout.func_timeout(timeout, objective_function, args=[individual], kwargs=objective_kwargs)
  File "/common/ketrong/tpotexp/env/lib/python3.10/site-packages/func_timeout/dafunc.py", line 108, in func_timeout
    raise_exception(exception)
  File "/common/ketrong/tpotexp/env/lib/python3.10/site-packages/func_timeout/py3_raise.py", line 7, in raise_exception
    raise exception[0] from None
  File "/common/ketrong/tpotexp/tpot2/tpot2/tpot_estimator/estimator.py", line 623, in objective_function
    return objective_function_generator(
  File "/common/ketrong/tpotexp/tpot2/tpot2/tpot_estimator/estimator_utils.py", line 55, in objective_function_generator
    cv_obj_scores = cross_val_score_objective(sklearn.base.clone(pipeline),x,y,scorers=scorers, cv=cv , fold=step)
  File "/common/ketrong/tpotexp/tpot2/tpot2/tpot_estimator/cross_val_utils.py", line 28, in cross_val_score_objective
    this_fold_pipeline.fit(X_train,y_train)
  File "/common/ketrong/tpotexp/env/lib/python3.10/site-packages/sklearn/base.py", line 1473, in wrapper
    return fit_method(estimator, *args, **kwargs)
  File "/common/ketrong/tpotexp/env/lib/python3.10/site-packages/sklearn/pipeline.py", line 473, in fit
    self._final_estimator.fit(Xt, y, **last_step_params["fit"])
  File "/common/ketrong/tpotexp/env/lib/python3.10/site-packages/sklearn/base.py", line 1466, in wrapper
    estimator._validate_params()
  File "/common/ketrong/tpotexp/env/lib/python3.10/site-packages/sklearn/base.py", line 666, in _validate_params
    validate_parameter_constraints(
  File "/common/ketrong/tpotexp/env/lib/python3.10/site-packages/sklearn/utils/_param_validation.py", line 95, in validate_parameter_constraints
    raise InvalidParameterError(
sklearn.utils._param_validation.InvalidParameterError: The 'criterion' parameter of ExtraTreesRegressor must be a str among {'friedman_mse', 'poisson', 'absolute_error', 'squared_error'}. Got 'mae' instead.

Generation:  15
Best root_mean_squared_error score: -0.0814818543150131
Generation:  60%|    | 15/25 [1:50:50<1:01:27, 368.79s/it]Generation:  16
Best root_mean_squared_error score: -0.0814818543150131
Generation:  64%|   | 16/25 [1:56:12<53:13, 354.80s/it]  WARNING THIS INDIVIDUAL CAUSED AND EXCEPTION 
 <tpot2.search_spaces.pipelines.sequential.SequentialPipelineIndividual object at 0x15546d7e4eb0> 
 Input X contains NaN.
MLPRegressor does not accept missing values encoded as NaN natively. For supervised learning, you might want to consider sklearn.ensemble.HistGradientBoostingClassifier and Regressor which accept missing values encoded as NaNs natively. Alternatively, it is possible to preprocess the data, for instance by using an imputer transformer in a pipeline or drop samples with missing values. See https://scikit-learn.org/stable/modules/impute.html You can find a list of all estimators that handle NaN values at the following page: https://scikit-learn.org/stable/modules/impute.html#estimators-that-handle-nan-values 
 Traceback (most recent call last):
  File "/common/ketrong/tpotexp/tpot2/tpot2/utils/eval_utils.py", line 53, in objective_nan_wrapper
    value = func_timeout.func_timeout(timeout, objective_function, args=[individual], kwargs=objective_kwargs)
  File "/common/ketrong/tpotexp/env/lib/python3.10/site-packages/func_timeout/dafunc.py", line 108, in func_timeout
    raise_exception(exception)
  File "/common/ketrong/tpotexp/env/lib/python3.10/site-packages/func_timeout/py3_raise.py", line 7, in raise_exception
    raise exception[0] from None
  File "/common/ketrong/tpotexp/tpot2/tpot2/tpot_estimator/estimator.py", line 623, in objective_function
    return objective_function_generator(
  File "/common/ketrong/tpotexp/tpot2/tpot2/tpot_estimator/estimator_utils.py", line 55, in objective_function_generator
    cv_obj_scores = cross_val_score_objective(sklearn.base.clone(pipeline),x,y,scorers=scorers, cv=cv , fold=step)
  File "/common/ketrong/tpotexp/tpot2/tpot2/tpot_estimator/cross_val_utils.py", line 28, in cross_val_score_objective
    this_fold_pipeline.fit(X_train,y_train)
  File "/common/ketrong/tpotexp/env/lib/python3.10/site-packages/sklearn/base.py", line 1473, in wrapper
    return fit_method(estimator, *args, **kwargs)
  File "/common/ketrong/tpotexp/env/lib/python3.10/site-packages/sklearn/pipeline.py", line 473, in fit
    self._final_estimator.fit(Xt, y, **last_step_params["fit"])
  File "/common/ketrong/tpotexp/env/lib/python3.10/site-packages/sklearn/base.py", line 1473, in wrapper
    return fit_method(estimator, *args, **kwargs)
  File "/common/ketrong/tpotexp/env/lib/python3.10/site-packages/sklearn/neural_network/_multilayer_perceptron.py", line 751, in fit
    return self._fit(X, y, incremental=False)
  File "/common/ketrong/tpotexp/env/lib/python3.10/site-packages/sklearn/neural_network/_multilayer_perceptron.py", line 441, in _fit
    X, y = self._validate_input(X, y, incremental, reset=first_pass)
  File "/common/ketrong/tpotexp/env/lib/python3.10/site-packages/sklearn/neural_network/_multilayer_perceptron.py", line 1621, in _validate_input
    X, y = self._validate_data(
  File "/common/ketrong/tpotexp/env/lib/python3.10/site-packages/sklearn/base.py", line 650, in _validate_data
    X, y = check_X_y(X, y, **check_params)
  File "/common/ketrong/tpotexp/env/lib/python3.10/site-packages/sklearn/utils/validation.py", line 1301, in check_X_y
    X = check_array(
  File "/common/ketrong/tpotexp/env/lib/python3.10/site-packages/sklearn/utils/validation.py", line 1064, in check_array
    _assert_all_finite(
  File "/common/ketrong/tpotexp/env/lib/python3.10/site-packages/sklearn/utils/validation.py", line 123, in _assert_all_finite
    _assert_all_finite_element_wise(
  File "/common/ketrong/tpotexp/env/lib/python3.10/site-packages/sklearn/utils/validation.py", line 172, in _assert_all_finite_element_wise
    raise ValueError(msg_err)
ValueError: Input X contains NaN.
MLPRegressor does not accept missing values encoded as NaN natively. For supervised learning, you might want to consider sklearn.ensemble.HistGradientBoostingClassifier and Regressor which accept missing values encoded as NaNs natively. Alternatively, it is possible to preprocess the data, for instance by using an imputer transformer in a pipeline or drop samples with missing values. See https://scikit-learn.org/stable/modules/impute.html You can find a list of all estimators that handle NaN values at the following page: https://scikit-learn.org/stable/modules/impute.html#estimators-that-handle-nan-values

Generation:  17
Best root_mean_squared_error score: -0.0814818543150131
Generation:  68%|   | 17/25 [2:01:40<46:13, 346.64s/it]Generation:  18
Best root_mean_squared_error score: -0.0814818543150131
Generation:  72%|  | 18/25 [2:06:16<37:59, 325.61s/it]WARNING THIS INDIVIDUAL CAUSED AND EXCEPTION 
 <tpot2.search_spaces.pipelines.sequential.SequentialPipelineIndividual object at 0x15546fbacdf0> 
 Input X contains NaN.
MLPRegressor does not accept missing values encoded as NaN natively. For supervised learning, you might want to consider sklearn.ensemble.HistGradientBoostingClassifier and Regressor which accept missing values encoded as NaNs natively. Alternatively, it is possible to preprocess the data, for instance by using an imputer transformer in a pipeline or drop samples with missing values. See https://scikit-learn.org/stable/modules/impute.html You can find a list of all estimators that handle NaN values at the following page: https://scikit-learn.org/stable/modules/impute.html#estimators-that-handle-nan-values 
 Traceback (most recent call last):
  File "/common/ketrong/tpotexp/tpot2/tpot2/utils/eval_utils.py", line 53, in objective_nan_wrapper
    value = func_timeout.func_timeout(timeout, objective_function, args=[individual], kwargs=objective_kwargs)
  File "/common/ketrong/tpotexp/env/lib/python3.10/site-packages/func_timeout/dafunc.py", line 108, in func_timeout
    raise_exception(exception)
  File "/common/ketrong/tpotexp/env/lib/python3.10/site-packages/func_timeout/py3_raise.py", line 7, in raise_exception
    raise exception[0] from None
  File "/common/ketrong/tpotexp/tpot2/tpot2/tpot_estimator/estimator.py", line 623, in objective_function
    return objective_function_generator(
  File "/common/ketrong/tpotexp/tpot2/tpot2/tpot_estimator/estimator_utils.py", line 55, in objective_function_generator
    cv_obj_scores = cross_val_score_objective(sklearn.base.clone(pipeline),x,y,scorers=scorers, cv=cv , fold=step)
  File "/common/ketrong/tpotexp/tpot2/tpot2/tpot_estimator/cross_val_utils.py", line 28, in cross_val_score_objective
    this_fold_pipeline.fit(X_train,y_train)
  File "/common/ketrong/tpotexp/env/lib/python3.10/site-packages/sklearn/base.py", line 1473, in wrapper
    return fit_method(estimator, *args, **kwargs)
  File "/common/ketrong/tpotexp/env/lib/python3.10/site-packages/sklearn/pipeline.py", line 473, in fit
    self._final_estimator.fit(Xt, y, **last_step_params["fit"])
  File "/common/ketrong/tpotexp/env/lib/python3.10/site-packages/sklearn/base.py", line 1473, in wrapper
    return fit_method(estimator, *args, **kwargs)
  File "/common/ketrong/tpotexp/env/lib/python3.10/site-packages/sklearn/neural_network/_multilayer_perceptron.py", line 751, in fit
    return self._fit(X, y, incremental=False)
  File "/common/ketrong/tpotexp/env/lib/python3.10/site-packages/sklearn/neural_network/_multilayer_perceptron.py", line 441, in _fit
    X, y = self._validate_input(X, y, incremental, reset=first_pass)
  File "/common/ketrong/tpotexp/env/lib/python3.10/site-packages/sklearn/neural_network/_multilayer_perceptron.py", line 1621, in _validate_input
    X, y = self._validate_data(
  File "/common/ketrong/tpotexp/env/lib/python3.10/site-packages/sklearn/base.py", line 650, in _validate_data
    X, y = check_X_y(X, y, **check_params)
  File "/common/ketrong/tpotexp/env/lib/python3.10/site-packages/sklearn/utils/validation.py", line 1301, in check_X_y
    X = check_array(
  File "/common/ketrong/tpotexp/env/lib/python3.10/site-packages/sklearn/utils/validation.py", line 1064, in check_array
    _assert_all_finite(
  File "/common/ketrong/tpotexp/env/lib/python3.10/site-packages/sklearn/utils/validation.py", line 123, in _assert_all_finite
    _assert_all_finite_element_wise(
  File "/common/ketrong/tpotexp/env/lib/python3.10/site-packages/sklearn/utils/validation.py", line 172, in _assert_all_finite_element_wise
    raise ValueError(msg_err)
ValueError: Input X contains NaN.
MLPRegressor does not accept missing values encoded as NaN natively. For supervised learning, you might want to consider sklearn.ensemble.HistGradientBoostingClassifier and Regressor which accept missing values encoded as NaNs natively. Alternatively, it is possible to preprocess the data, for instance by using an imputer transformer in a pipeline or drop samples with missing values. See https://scikit-learn.org/stable/modules/impute.html You can find a list of all estimators that handle NaN values at the following page: https://scikit-learn.org/stable/modules/impute.html#estimators-that-handle-nan-values

Generation:  19
Best root_mean_squared_error score: -0.0814818543150131
Generation:  76%|  | 19/25 [2:13:15<35:20, 353.45s/it]WARNING THIS INDIVIDUAL CAUSED AND EXCEPTION 
 <tpot2.search_spaces.pipelines.sequential.SequentialPipelineIndividual object at 0x15546d029540> 
 Input X contains NaN.
MLPRegressor does not accept missing values encoded as NaN natively. For supervised learning, you might want to consider sklearn.ensemble.HistGradientBoostingClassifier and Regressor which accept missing values encoded as NaNs natively. Alternatively, it is possible to preprocess the data, for instance by using an imputer transformer in a pipeline or drop samples with missing values. See https://scikit-learn.org/stable/modules/impute.html You can find a list of all estimators that handle NaN values at the following page: https://scikit-learn.org/stable/modules/impute.html#estimators-that-handle-nan-values 
 Traceback (most recent call last):
  File "/common/ketrong/tpotexp/tpot2/tpot2/utils/eval_utils.py", line 53, in objective_nan_wrapper
    value = func_timeout.func_timeout(timeout, objective_function, args=[individual], kwargs=objective_kwargs)
  File "/common/ketrong/tpotexp/env/lib/python3.10/site-packages/func_timeout/dafunc.py", line 108, in func_timeout
    raise_exception(exception)
  File "/common/ketrong/tpotexp/env/lib/python3.10/site-packages/func_timeout/py3_raise.py", line 7, in raise_exception
    raise exception[0] from None
  File "/common/ketrong/tpotexp/tpot2/tpot2/tpot_estimator/estimator.py", line 623, in objective_function
    return objective_function_generator(
  File "/common/ketrong/tpotexp/tpot2/tpot2/tpot_estimator/estimator_utils.py", line 55, in objective_function_generator
    cv_obj_scores = cross_val_score_objective(sklearn.base.clone(pipeline),x,y,scorers=scorers, cv=cv , fold=step)
  File "/common/ketrong/tpotexp/tpot2/tpot2/tpot_estimator/cross_val_utils.py", line 28, in cross_val_score_objective
    this_fold_pipeline.fit(X_train,y_train)
  File "/common/ketrong/tpotexp/env/lib/python3.10/site-packages/sklearn/base.py", line 1473, in wrapper
    return fit_method(estimator, *args, **kwargs)
  File "/common/ketrong/tpotexp/env/lib/python3.10/site-packages/sklearn/pipeline.py", line 473, in fit
    self._final_estimator.fit(Xt, y, **last_step_params["fit"])
  File "/common/ketrong/tpotexp/env/lib/python3.10/site-packages/sklearn/base.py", line 1473, in wrapper
    return fit_method(estimator, *args, **kwargs)
  File "/common/ketrong/tpotexp/env/lib/python3.10/site-packages/sklearn/neural_network/_multilayer_perceptron.py", line 751, in fit
    return self._fit(X, y, incremental=False)
  File "/common/ketrong/tpotexp/env/lib/python3.10/site-packages/sklearn/neural_network/_multilayer_perceptron.py", line 441, in _fit
    X, y = self._validate_input(X, y, incremental, reset=first_pass)
  File "/common/ketrong/tpotexp/env/lib/python3.10/site-packages/sklearn/neural_network/_multilayer_perceptron.py", line 1621, in _validate_input
    X, y = self._validate_data(
  File "/common/ketrong/tpotexp/env/lib/python3.10/site-packages/sklearn/base.py", line 650, in _validate_data
    X, y = check_X_y(X, y, **check_params)
  File "/common/ketrong/tpotexp/env/lib/python3.10/site-packages/sklearn/utils/validation.py", line 1301, in check_X_y
    X = check_array(
  File "/common/ketrong/tpotexp/env/lib/python3.10/site-packages/sklearn/utils/validation.py", line 1064, in check_array
    _assert_all_finite(
  File "/common/ketrong/tpotexp/env/lib/python3.10/site-packages/sklearn/utils/validation.py", line 123, in _assert_all_finite
    _assert_all_finite_element_wise(
  File "/common/ketrong/tpotexp/env/lib/python3.10/site-packages/sklearn/utils/validation.py", line 172, in _assert_all_finite_element_wise
    raise ValueError(msg_err)
ValueError: Input X contains NaN.
MLPRegressor does not accept missing values encoded as NaN natively. For supervised learning, you might want to consider sklearn.ensemble.HistGradientBoostingClassifier and Regressor which accept missing values encoded as NaNs natively. Alternatively, it is possible to preprocess the data, for instance by using an imputer transformer in a pipeline or drop samples with missing values. See https://scikit-learn.org/stable/modules/impute.html You can find a list of all estimators that handle NaN values at the following page: https://scikit-learn.org/stable/modules/impute.html#estimators-that-handle-nan-values

Generation:  20
Best root_mean_squared_error score: -0.0814818543150131
Generation:  80%|  | 20/25 [2:22:44<34:51, 418.20s/it]WARNING THIS INDIVIDUAL CAUSED AND EXCEPTION 
 <tpot2.search_spaces.pipelines.sequential.SequentialPipelineIndividual object at 0x15546ce5d420> 
 The 'criterion' parameter of DecisionTreeRegressor must be a str among {'friedman_mse', 'poisson', 'absolute_error', 'squared_error'}. Got 'mae' instead. 
 Traceback (most recent call last):
  File "/common/ketrong/tpotexp/tpot2/tpot2/utils/eval_utils.py", line 53, in objective_nan_wrapper
    value = func_timeout.func_timeout(timeout, objective_function, args=[individual], kwargs=objective_kwargs)
  File "/common/ketrong/tpotexp/env/lib/python3.10/site-packages/func_timeout/dafunc.py", line 108, in func_timeout
    raise_exception(exception)
  File "/common/ketrong/tpotexp/env/lib/python3.10/site-packages/func_timeout/py3_raise.py", line 7, in raise_exception
    raise exception[0] from None
  File "/common/ketrong/tpotexp/tpot2/tpot2/tpot_estimator/estimator.py", line 623, in objective_function
    return objective_function_generator(
  File "/common/ketrong/tpotexp/tpot2/tpot2/tpot_estimator/estimator_utils.py", line 55, in objective_function_generator
    cv_obj_scores = cross_val_score_objective(sklearn.base.clone(pipeline),x,y,scorers=scorers, cv=cv , fold=step)
  File "/common/ketrong/tpotexp/tpot2/tpot2/tpot_estimator/cross_val_utils.py", line 28, in cross_val_score_objective
    this_fold_pipeline.fit(X_train,y_train)
  File "/common/ketrong/tpotexp/env/lib/python3.10/site-packages/sklearn/base.py", line 1473, in wrapper
    return fit_method(estimator, *args, **kwargs)
  File "/common/ketrong/tpotexp/env/lib/python3.10/site-packages/sklearn/pipeline.py", line 473, in fit
    self._final_estimator.fit(Xt, y, **last_step_params["fit"])
  File "/common/ketrong/tpotexp/env/lib/python3.10/site-packages/sklearn/base.py", line 1466, in wrapper
    estimator._validate_params()
  File "/common/ketrong/tpotexp/env/lib/python3.10/site-packages/sklearn/base.py", line 666, in _validate_params
    validate_parameter_constraints(
  File "/common/ketrong/tpotexp/env/lib/python3.10/site-packages/sklearn/utils/_param_validation.py", line 95, in validate_parameter_constraints
    raise InvalidParameterError(
sklearn.utils._param_validation.InvalidParameterError: The 'criterion' parameter of DecisionTreeRegressor must be a str among {'friedman_mse', 'poisson', 'absolute_error', 'squared_error'}. Got 'mae' instead.

Generation:  21
Best root_mean_squared_error score: -0.0814818543150131
Generation:  84%| | 21/25 [2:29:06<27:10, 407.56s/it]Generation:  22
Best root_mean_squared_error score: -0.0814818543150131
Generation:  88%| | 22/25 [2:35:12<19:44, 394.93s/it]WARNING THIS INDIVIDUAL CAUSED AND EXCEPTION 
 <tpot2.search_spaces.pipelines.sequential.SequentialPipelineIndividual object at 0x15545aaa0fd0> 
 The 'criterion' parameter of RandomForestRegressor must be a str among {'friedman_mse', 'poisson', 'absolute_error', 'squared_error'}. Got 'mse' instead. 
 Traceback (most recent call last):
  File "/common/ketrong/tpotexp/tpot2/tpot2/utils/eval_utils.py", line 53, in objective_nan_wrapper
    value = func_timeout.func_timeout(timeout, objective_function, args=[individual], kwargs=objective_kwargs)
  File "/common/ketrong/tpotexp/env/lib/python3.10/site-packages/func_timeout/dafunc.py", line 108, in func_timeout
    raise_exception(exception)
  File "/common/ketrong/tpotexp/env/lib/python3.10/site-packages/func_timeout/py3_raise.py", line 7, in raise_exception
    raise exception[0] from None
  File "/common/ketrong/tpotexp/tpot2/tpot2/tpot_estimator/estimator.py", line 623, in objective_function
    return objective_function_generator(
  File "/common/ketrong/tpotexp/tpot2/tpot2/tpot_estimator/estimator_utils.py", line 55, in objective_function_generator
    cv_obj_scores = cross_val_score_objective(sklearn.base.clone(pipeline),x,y,scorers=scorers, cv=cv , fold=step)
  File "/common/ketrong/tpotexp/tpot2/tpot2/tpot_estimator/cross_val_utils.py", line 28, in cross_val_score_objective
    this_fold_pipeline.fit(X_train,y_train)
  File "/common/ketrong/tpotexp/env/lib/python3.10/site-packages/sklearn/base.py", line 1473, in wrapper
    return fit_method(estimator, *args, **kwargs)
  File "/common/ketrong/tpotexp/env/lib/python3.10/site-packages/sklearn/pipeline.py", line 473, in fit
    self._final_estimator.fit(Xt, y, **last_step_params["fit"])
  File "/common/ketrong/tpotexp/env/lib/python3.10/site-packages/sklearn/base.py", line 1466, in wrapper
    estimator._validate_params()
  File "/common/ketrong/tpotexp/env/lib/python3.10/site-packages/sklearn/base.py", line 666, in _validate_params
    validate_parameter_constraints(
  File "/common/ketrong/tpotexp/env/lib/python3.10/site-packages/sklearn/utils/_param_validation.py", line 95, in validate_parameter_constraints
    raise InvalidParameterError(
sklearn.utils._param_validation.InvalidParameterError: The 'criterion' parameter of RandomForestRegressor must be a str among {'friedman_mse', 'poisson', 'absolute_error', 'squared_error'}. Got 'mse' instead.

Generation:  23
Best root_mean_squared_error score: -0.0814818543150131
Generation:  92%|| 23/25 [2:41:16<12:51, 385.54s/it]WARNING THIS INDIVIDUAL CAUSED AND EXCEPTION 
 <tpot2.search_spaces.pipelines.sequential.SequentialPipelineIndividual object at 0x15546f543af0> 
 Input X contains NaN.
MLPRegressor does not accept missing values encoded as NaN natively. For supervised learning, you might want to consider sklearn.ensemble.HistGradientBoostingClassifier and Regressor which accept missing values encoded as NaNs natively. Alternatively, it is possible to preprocess the data, for instance by using an imputer transformer in a pipeline or drop samples with missing values. See https://scikit-learn.org/stable/modules/impute.html You can find a list of all estimators that handle NaN values at the following page: https://scikit-learn.org/stable/modules/impute.html#estimators-that-handle-nan-values 
 Traceback (most recent call last):
  File "/common/ketrong/tpotexp/tpot2/tpot2/utils/eval_utils.py", line 53, in objective_nan_wrapper
    value = func_timeout.func_timeout(timeout, objective_function, args=[individual], kwargs=objective_kwargs)
  File "/common/ketrong/tpotexp/env/lib/python3.10/site-packages/func_timeout/dafunc.py", line 108, in func_timeout
    raise_exception(exception)
  File "/common/ketrong/tpotexp/env/lib/python3.10/site-packages/func_timeout/py3_raise.py", line 7, in raise_exception
    raise exception[0] from None
  File "/common/ketrong/tpotexp/tpot2/tpot2/tpot_estimator/estimator.py", line 623, in objective_function
    return objective_function_generator(
  File "/common/ketrong/tpotexp/tpot2/tpot2/tpot_estimator/estimator_utils.py", line 55, in objective_function_generator
    cv_obj_scores = cross_val_score_objective(sklearn.base.clone(pipeline),x,y,scorers=scorers, cv=cv , fold=step)
  File "/common/ketrong/tpotexp/tpot2/tpot2/tpot_estimator/cross_val_utils.py", line 28, in cross_val_score_objective
    this_fold_pipeline.fit(X_train,y_train)
  File "/common/ketrong/tpotexp/env/lib/python3.10/site-packages/sklearn/base.py", line 1473, in wrapper
    return fit_method(estimator, *args, **kwargs)
  File "/common/ketrong/tpotexp/env/lib/python3.10/site-packages/sklearn/pipeline.py", line 473, in fit
    self._final_estimator.fit(Xt, y, **last_step_params["fit"])
  File "/common/ketrong/tpotexp/env/lib/python3.10/site-packages/sklearn/base.py", line 1473, in wrapper
    return fit_method(estimator, *args, **kwargs)
  File "/common/ketrong/tpotexp/env/lib/python3.10/site-packages/sklearn/neural_network/_multilayer_perceptron.py", line 751, in fit
    return self._fit(X, y, incremental=False)
  File "/common/ketrong/tpotexp/env/lib/python3.10/site-packages/sklearn/neural_network/_multilayer_perceptron.py", line 441, in _fit
    X, y = self._validate_input(X, y, incremental, reset=first_pass)
  File "/common/ketrong/tpotexp/env/lib/python3.10/site-packages/sklearn/neural_network/_multilayer_perceptron.py", line 1621, in _validate_input
    X, y = self._validate_data(
  File "/common/ketrong/tpotexp/env/lib/python3.10/site-packages/sklearn/base.py", line 650, in _validate_data
    X, y = check_X_y(X, y, **check_params)
  File "/common/ketrong/tpotexp/env/lib/python3.10/site-packages/sklearn/utils/validation.py", line 1301, in check_X_y
    X = check_array(
  File "/common/ketrong/tpotexp/env/lib/python3.10/site-packages/sklearn/utils/validation.py", line 1064, in check_array
    _assert_all_finite(
  File "/common/ketrong/tpotexp/env/lib/python3.10/site-packages/sklearn/utils/validation.py", line 123, in _assert_all_finite
    _assert_all_finite_element_wise(
  File "/common/ketrong/tpotexp/env/lib/python3.10/site-packages/sklearn/utils/validation.py", line 172, in _assert_all_finite_element_wise
    raise ValueError(msg_err)
ValueError: Input X contains NaN.
MLPRegressor does not accept missing values encoded as NaN natively. For supervised learning, you might want to consider sklearn.ensemble.HistGradientBoostingClassifier and Regressor which accept missing values encoded as NaNs natively. Alternatively, it is possible to preprocess the data, for instance by using an imputer transformer in a pipeline or drop samples with missing values. See https://scikit-learn.org/stable/modules/impute.html You can find a list of all estimators that handle NaN values at the following page: https://scikit-learn.org/stable/modules/impute.html#estimators-that-handle-nan-values

Generation:  24
Best root_mean_squared_error score: -0.0814818543150131
Generation:  96%|| 24/25 [2:46:05<05:56, 356.62s/it]WARNING THIS INDIVIDUAL CAUSED AND EXCEPTION 
 <tpot2.search_spaces.pipelines.sequential.SequentialPipelineIndividual object at 0x155459cac940> 
 The 'criterion' parameter of ExtraTreesRegressor must be a str among {'friedman_mse', 'poisson', 'absolute_error', 'squared_error'}. Got 'mae' instead. 
 Traceback (most recent call last):
  File "/common/ketrong/tpotexp/tpot2/tpot2/utils/eval_utils.py", line 53, in objective_nan_wrapper
    value = func_timeout.func_timeout(timeout, objective_function, args=[individual], kwargs=objective_kwargs)
  File "/common/ketrong/tpotexp/env/lib/python3.10/site-packages/func_timeout/dafunc.py", line 108, in func_timeout
    raise_exception(exception)
  File "/common/ketrong/tpotexp/env/lib/python3.10/site-packages/func_timeout/py3_raise.py", line 7, in raise_exception
    raise exception[0] from None
  File "/common/ketrong/tpotexp/tpot2/tpot2/tpot_estimator/estimator.py", line 623, in objective_function
    return objective_function_generator(
  File "/common/ketrong/tpotexp/tpot2/tpot2/tpot_estimator/estimator_utils.py", line 55, in objective_function_generator
    cv_obj_scores = cross_val_score_objective(sklearn.base.clone(pipeline),x,y,scorers=scorers, cv=cv , fold=step)
  File "/common/ketrong/tpotexp/tpot2/tpot2/tpot_estimator/cross_val_utils.py", line 28, in cross_val_score_objective
    this_fold_pipeline.fit(X_train,y_train)
  File "/common/ketrong/tpotexp/env/lib/python3.10/site-packages/sklearn/base.py", line 1473, in wrapper
    return fit_method(estimator, *args, **kwargs)
  File "/common/ketrong/tpotexp/env/lib/python3.10/site-packages/sklearn/pipeline.py", line 473, in fit
    self._final_estimator.fit(Xt, y, **last_step_params["fit"])
  File "/common/ketrong/tpotexp/env/lib/python3.10/site-packages/sklearn/base.py", line 1466, in wrapper
    estimator._validate_params()
  File "/common/ketrong/tpotexp/env/lib/python3.10/site-packages/sklearn/base.py", line 666, in _validate_params
    validate_parameter_constraints(
  File "/common/ketrong/tpotexp/env/lib/python3.10/site-packages/sklearn/utils/_param_validation.py", line 95, in validate_parameter_constraints
    raise InvalidParameterError(
sklearn.utils._param_validation.InvalidParameterError: The 'criterion' parameter of ExtraTreesRegressor must be a str among {'friedman_mse', 'poisson', 'absolute_error', 'squared_error'}. Got 'mae' instead.

Generation:  25
Best root_mean_squared_error score: -0.0813577361221127
Generation: 100%|| 25/25 [2:50:07<00:00, 322.42s/it]Generation: 100%|| 25/25 [2:50:07<00:00, 408.32s/it]
2024-09-20 01:10:28,955 - distributed.scheduler - ERROR - Removing worker 'tcp://127.0.0.1:40145' caused the cluster to lose scattered data, which can't be recovered: {'DataFrame-e7553dfbc5e088481a184fa402dd2bd1', 'DataFrame-199f3c31ceebfff04409bf1345a44d8c'} (stimulus_id='handle-worker-cleanup-1726819828.955475')
2024-09-20 01:10:32,950 - distributed.nanny - WARNING - Worker process still alive after 4.0 seconds, killing
2024-09-20 01:10:32,950 - distributed.nanny - WARNING - Worker process still alive after 4.0 seconds, killing
2024-09-20 01:10:32,950 - distributed.nanny - WARNING - Worker process still alive after 4.0 seconds, killing
2024-09-20 01:10:32,950 - distributed.nanny - WARNING - Worker process still alive after 4.0 seconds, killing
2024-09-20 01:10:32,950 - distributed.nanny - WARNING - Worker process still alive after 4.0 seconds, killing
2024-09-20 01:10:32,950 - distributed.nanny - WARNING - Worker process still alive after 4.0 seconds, killing
2024-09-20 01:10:32,951 - distributed.nanny - WARNING - Worker process still alive after 4.0 seconds, killing
2024-09-20 01:10:32,951 - distributed.nanny - WARNING - Worker process still alive after 4.0 seconds, killing
2024-09-20 01:10:32,951 - distributed.nanny - WARNING - Worker process still alive after 4.0 seconds, killing
2024-09-20 01:10:32,951 - distributed.nanny - WARNING - Worker process still alive after 4.0 seconds, killing
2024-09-20 01:10:32,951 - distributed.nanny - WARNING - Worker process still alive after 4.0 seconds, killing
2024-09-20 01:10:32,951 - distributed.nanny - WARNING - Worker process still alive after 4.0 seconds, killing
2024-09-20 01:10:32,952 - distributed.nanny - WARNING - Worker process still alive after 4.0 seconds, killing
2024-09-20 01:10:32,959 - distributed.nanny - WARNING - Worker process still alive after 4.0 seconds, killing
2024-09-20 01:10:32,959 - distributed.nanny - WARNING - Worker process still alive after 4.0 seconds, killing
2024-09-20 01:10:32,960 - distributed.nanny - WARNING - Worker process still alive after 4.0 seconds, killing
Fitted
Pipeline(steps=[('knnimputer', KNNImputer(n_neighbors=38, weights='distance')),
                ('mlpregressor',
                 MLPRegressor(alpha=0.0043871596731, early_stopping=True,
                              hidden_layer_sizes=[398, 398, 398],
                              learning_rate_init=0.0014475601296,
                              n_iter_no_change=32))])
transform worked
try transform
transform worked
score start
train score: {'explained_var': 0.9461043351604074, 'r2': 0.9458400796626395, 'rmse': 0.06159833451665519}
test score: {'explained_var': 0.9049064398061395, 'r2': 0.9042409552078324, 'rmse': 0.0801921910715075}
original test score: {'explained_var': 0.9285759845792806, 'r2': 0.9278060236744861, 'rmse': 0.06962940090001209}
score end
189
lvl
0.01
type
MCAR
num_run
1
reg_full
finished
all finished
full run takes
7.310097477303611
hours
DONE
