Run: 59
/cm/local/apps/slurm/var/spool/job931488/slurm_script: line 26: 
pip install -e tpot2
pip install -r tpot2/ImputerExperiments/requirements_.txt
: No such file or directory
RunStart
starting loops
../data/r/215/215.pkl
working on 
../data/r/215/reg_full_MNAR_0.3_3
2.7565596103668213
running experiment 1/3 - Does large hyperparameter space improve reconstruction accuracy over simple
[I 2024-08-27 00:54:58,542] A new study created in memory with name: no-name-b12a03da-adf0-4bf3-9c02-0d82cd3ac7d0
running
running
running
running
running
running
running
running
running
running
running
running
running
running
running
running
[I 2024-08-27 00:55:00,089] Trial 2 finished with value: 0.2644549547342033 and parameters: {'model_name': 'SimpleImputer', 'strategy': 'mean'}. Best is trial 2 with value: 0.2644549547342033.
running
[I 2024-08-27 00:55:00,841] Trial 6 finished with value: 0.26446502188581805 and parameters: {'model_name': 'SimpleImputer', 'strategy': 'most_frequent'}. Best is trial 2 with value: 0.2644549547342033.
running
[I 2024-08-27 00:55:01,073] Trial 10 finished with value: 0.26446502188581805 and parameters: {'model_name': 'SimpleImputer', 'strategy': 'median'}. Best is trial 2 with value: 0.2644549547342033.
running
[I 2024-08-27 00:55:01,211] Trial 7 finished with value: 0.26446502188581805 and parameters: {'model_name': 'SimpleImputer', 'strategy': 'most_frequent'}. Best is trial 2 with value: 0.2644549547342033.
running
[I 2024-08-27 00:55:02,398] Trial 16 finished with value: 0.26446502188581805 and parameters: {'model_name': 'SimpleImputer', 'strategy': 'most_frequent'}. Best is trial 2 with value: 0.2644549547342033.
running
[I 2024-08-27 00:55:02,753] Trial 17 finished with value: 0.26446502188581805 and parameters: {'model_name': 'SimpleImputer', 'strategy': 'median'}. Best is trial 2 with value: 0.2644549547342033.
running
[I 2024-08-27 00:55:04,226] Trial 20 finished with value: 0.26446502188581805 and parameters: {'model_name': 'SimpleImputer', 'strategy': 'most_frequent'}. Best is trial 2 with value: 0.2644549547342033.
running
[I 2024-08-27 00:55:18,403] Trial 22 finished with value: inf and parameters: {'model_name': 'GAIN', 'batch_size': 1, 'hint_rate': 0.08205963124467418, 'alpha': 14, 'iterations': 7, 'learning_rate': 0.0005182501634162647, 'p_miss': 0.2207452233448547}. Best is trial 2 with value: 0.2644549547342033.
running
[I 2024-08-27 00:55:19,672] Trial 23 finished with value: 0.2644549547342033 and parameters: {'model_name': 'SimpleImputer', 'strategy': 'mean'}. Best is trial 2 with value: 0.2644549547342033.
running
[I 2024-08-27 00:55:30,668] Trial 19 finished with value: 0.2985942553629999 and parameters: {'model_name': 'GAIN', 'batch_size': 1, 'hint_rate': 0.9357072240406992, 'alpha': 44, 'iterations': 3, 'learning_rate': 0.0008994229546721944, 'p_miss': 0.2982276869954174}. Best is trial 2 with value: 0.2644549547342033.
running
[I 2024-08-27 00:55:33,246] Trial 4 finished with value: 0.29333652511243036 and parameters: {'model_name': 'GAIN', 'batch_size': 3, 'hint_rate': 0.13784092543977616, 'alpha': 38, 'iterations': 4, 'learning_rate': 0.0008850658039819473, 'p_miss': 0.2831541679391562}. Best is trial 2 with value: 0.2644549547342033.
running
[I 2024-08-27 00:56:04,837] Trial 24 finished with value: 0.27842470879273284 and parameters: {'model_name': 'GAIN', 'batch_size': 52, 'hint_rate': 0.6741940205833088, 'alpha': 32, 'iterations': 20, 'learning_rate': 0.00016309375143755772, 'p_miss': 0.021778274318396844}. Best is trial 2 with value: 0.2644549547342033.
running
[I 2024-08-27 00:56:06,306] Trial 11 finished with value: 0.26407928688874904 and parameters: {'model_name': 'KNNImputer', 'n_neighbors': 4189, 'weights': 'uniform'}. Best is trial 11 with value: 0.26407928688874904.
running
[I 2024-08-27 00:56:07,771] Trial 21 finished with value: 0.2638048322180361 and parameters: {'model_name': 'KNNImputer', 'n_neighbors': 3146, 'weights': 'uniform'}. Best is trial 21 with value: 0.2638048322180361.
running
[I 2024-08-27 00:56:10,222] Trial 9 finished with value: 0.2646063771680696 and parameters: {'model_name': 'KNNImputer', 'n_neighbors': 9532, 'weights': 'uniform'}. Best is trial 21 with value: 0.2638048322180361.
running
[I 2024-08-27 00:56:14,801] Trial 13 finished with value: 0.2646302061823613 and parameters: {'model_name': 'KNNImputer', 'n_neighbors': 10797, 'weights': 'uniform'}. Best is trial 21 with value: 0.2638048322180361.
running
[I 2024-08-27 00:56:16,758] Trial 5 finished with value: 0.2644836656344042 and parameters: {'model_name': 'IterativeImputer', 'estimator': 'Ridge', 'initial_strategy': 'median', 'n_nearest_features': 2, 'imputation_order': 'random'}. Best is trial 21 with value: 0.2638048322180361.
running
[I 2024-08-27 00:56:18,658] Trial 18 finished with value: 0.2644549547342033 and parameters: {'model_name': 'KNNImputer', 'n_neighbors': 33456, 'weights': 'uniform'}. Best is trial 21 with value: 0.2638048322180361.
running
[I 2024-08-27 00:56:19,340] Trial 1 finished with value: 0.26466848701691625 and parameters: {'model_name': 'KNNImputer', 'n_neighbors': 17322, 'weights': 'uniform'}. Best is trial 21 with value: 0.2638048322180361.
running
[I 2024-08-27 00:56:59,101] Trial 25 finished with value: 0.26465945995812035 and parameters: {'model_name': 'KNNImputer', 'n_neighbors': 19902, 'weights': 'uniform'}. Best is trial 21 with value: 0.2638048322180361.
running
[I 2024-08-27 00:57:11,446] Trial 28 finished with value: 0.2626351675578658 and parameters: {'model_name': 'KNNImputer', 'n_neighbors': 310, 'weights': 'uniform'}. Best is trial 28 with value: 0.2626351675578658.
running
[I 2024-08-27 00:57:12,969] Trial 29 finished with value: 0.2632009695160173 and parameters: {'model_name': 'KNNImputer', 'n_neighbors': 1553, 'weights': 'uniform'}. Best is trial 28 with value: 0.2626351675578658.
running
[I 2024-08-27 00:57:14,870] Trial 30 finished with value: 0.2630589222450527 and parameters: {'model_name': 'KNNImputer', 'n_neighbors': 1254, 'weights': 'uniform'}. Best is trial 28 with value: 0.2626351675578658.
running
[I 2024-08-27 00:57:22,294] Trial 32 finished with value: 0.26265196967956295 and parameters: {'model_name': 'KNNImputer', 'n_neighbors': 205, 'weights': 'uniform'}. Best is trial 28 with value: 0.2626351675578658.
running
[I 2024-08-27 00:57:24,154] Trial 34 finished with value: 0.2947399674852561 and parameters: {'model_name': 'KNNImputer', 'n_neighbors': 972, 'weights': 'distance'}. Best is trial 28 with value: 0.2626351675578658.
running
[I 2024-08-27 00:57:26,763] Trial 26 finished with value: 0.29494076060528746 and parameters: {'model_name': 'KNNImputer', 'n_neighbors': 18035, 'weights': 'distance'}. Best is trial 28 with value: 0.2626351675578658.
running
[I 2024-08-27 00:57:27,460] Trial 33 finished with value: 0.29468266732113035 and parameters: {'model_name': 'KNNImputer', 'n_neighbors': 369, 'weights': 'distance'}. Best is trial 28 with value: 0.2626351675578658.
running
[I 2024-08-27 00:58:17,138] Trial 36 finished with value: 0.29471537218998567 and parameters: {'model_name': 'KNNImputer', 'n_neighbors': 229, 'weights': 'distance'}. Best is trial 28 with value: 0.2626351675578658.
running
[I 2024-08-27 00:58:19,249] Trial 37 finished with value: 0.29474752733393694 and parameters: {'model_name': 'KNNImputer', 'n_neighbors': 132, 'weights': 'distance'}. Best is trial 28 with value: 0.2626351675578658.
running
[I 2024-08-27 00:58:33,989] Trial 14 finished with value: 0.34516842033882444 and parameters: {'model_name': 'IterativeImputer', 'estimator': 'Bayesian', 'initial_strategy': 'mean', 'n_nearest_features': 1, 'imputation_order': 'arabic', 'sample_posterior': True}. Best is trial 28 with value: 0.2626351675578658.
running
[I 2024-08-27 00:58:38,089] Trial 39 finished with value: 0.26449695470757506 and parameters: {'model_name': 'IterativeImputer', 'estimator': 'Bayesian', 'initial_strategy': 'constant', 'n_nearest_features': 10, 'imputation_order': 'descending', 'sample_posterior': False}. Best is trial 28 with value: 0.2626351675578658.
running
[I 2024-08-27 00:59:45,296] Trial 12 finished with value: 0.34592849094803985 and parameters: {'model_name': 'IterativeImputer', 'estimator': 'Bayesian', 'initial_strategy': 'most_frequent', 'n_nearest_features': 5, 'imputation_order': 'ascending', 'sample_posterior': True}. Best is trial 28 with value: 0.2626351675578658.
running
[I 2024-08-27 00:59:55,746] Trial 46 finished with value: 0.264506924495841 and parameters: {'model_name': 'KNNImputer', 'n_neighbors': 7424, 'weights': 'uniform'}. Best is trial 28 with value: 0.2626351675578658.
running
[I 2024-08-27 01:00:19,936] Trial 27 finished with value: 0.26452408679218953 and parameters: {'model_name': 'IterativeImputer', 'estimator': 'Bayesian', 'initial_strategy': 'constant', 'n_nearest_features': 5, 'imputation_order': 'ascending', 'sample_posterior': False}. Best is trial 28 with value: 0.2626351675578658.
running
[I 2024-08-27 01:01:03,493] Trial 47 finished with value: 0.26452732106451243 and parameters: {'model_name': 'KNNImputer', 'n_neighbors': 7700, 'weights': 'uniform'}. Best is trial 28 with value: 0.2626351675578658.
running
[I 2024-08-27 01:01:13,601] Trial 48 finished with value: 0.26446434893659754 and parameters: {'model_name': 'KNNImputer', 'n_neighbors': 6979, 'weights': 'uniform'}. Best is trial 28 with value: 0.2626351675578658.
running
[I 2024-08-27 01:01:36,284] Trial 49 finished with value: 0.26446018561711804 and parameters: {'model_name': 'KNNImputer', 'n_neighbors': 6957, 'weights': 'uniform'}. Best is trial 28 with value: 0.2626351675578658.
running
[I 2024-08-27 01:02:18,084] Trial 50 finished with value: 0.26427527679988166 and parameters: {'model_name': 'KNNImputer', 'n_neighbors': 5348, 'weights': 'uniform'}. Best is trial 28 with value: 0.2626351675578658.
running
[I 2024-08-27 01:02:26,070] Trial 51 finished with value: 0.26399675516992266 and parameters: {'model_name': 'KNNImputer', 'n_neighbors': 3826, 'weights': 'uniform'}. Best is trial 28 with value: 0.2626351675578658.
running
[I 2024-08-27 01:02:59,932] Trial 52 finished with value: 0.2646645840955234 and parameters: {'model_name': 'KNNImputer', 'n_neighbors': 13043, 'weights': 'uniform'}. Best is trial 28 with value: 0.2626351675578658.
running
[I 2024-08-27 01:03:35,292] Trial 53 finished with value: 0.2646657758558232 and parameters: {'model_name': 'KNNImputer', 'n_neighbors': 12359, 'weights': 'uniform'}. Best is trial 28 with value: 0.2626351675578658.
running
[I 2024-08-27 01:03:37,561] Trial 35 finished with value: 0.3451534146946874 and parameters: {'model_name': 'IterativeImputer', 'estimator': 'Bayesian', 'initial_strategy': 'constant', 'n_nearest_features': 10, 'imputation_order': 'roman', 'sample_posterior': True}. Best is trial 28 with value: 0.2626351675578658.
running
[I 2024-08-27 01:03:43,431] Trial 54 finished with value: 0.2646516563728115 and parameters: {'model_name': 'KNNImputer', 'n_neighbors': 11934, 'weights': 'uniform'}. Best is trial 28 with value: 0.2626351675578658.
running
[I 2024-08-27 01:04:36,951] Trial 56 finished with value: 0.26379884506965834 and parameters: {'model_name': 'KNNImputer', 'n_neighbors': 3113, 'weights': 'uniform'}. Best is trial 28 with value: 0.2626351675578658.
running
[I 2024-08-27 01:04:38,931] Trial 57 finished with value: 0.26377339296961966 and parameters: {'model_name': 'KNNImputer', 'n_neighbors': 3035, 'weights': 'uniform'}. Best is trial 28 with value: 0.2626351675578658.
running
[I 2024-08-27 01:04:43,495] Trial 58 finished with value: 0.2638249155083612 and parameters: {'model_name': 'KNNImputer', 'n_neighbors': 3229, 'weights': 'uniform'}. Best is trial 28 with value: 0.2626351675578658.
running
[I 2024-08-27 01:05:03,506] Trial 43 finished with value: 0.3445361737178322 and parameters: {'model_name': 'IterativeImputer', 'estimator': 'Bayesian', 'initial_strategy': 'most_frequent', 'n_nearest_features': 9, 'imputation_order': 'descending', 'sample_posterior': True}. Best is trial 28 with value: 0.2626351675578658.
running
[I 2024-08-27 01:05:08,122] Trial 41 finished with value: 0.28188992323262335 and parameters: {'model_name': 'IterativeImputer', 'estimator': 'KNN', 'initial_strategy': 'mean', 'n_nearest_features': 10, 'imputation_order': 'descending'}. Best is trial 28 with value: 0.2626351675578658.
running
[I 2024-08-27 01:05:14,439] Trial 42 finished with value: 0.2821975511650978 and parameters: {'model_name': 'IterativeImputer', 'estimator': 'KNN', 'initial_strategy': 'most_frequent', 'n_nearest_features': 10, 'imputation_order': 'ascending'}. Best is trial 28 with value: 0.2626351675578658.
running
[I 2024-08-27 01:05:23,879] Trial 59 finished with value: 0.26380039336548533 and parameters: {'model_name': 'KNNImputer', 'n_neighbors': 3126, 'weights': 'uniform'}. Best is trial 28 with value: 0.2626351675578658.
running
[I 2024-08-27 01:05:25,219] Trial 60 finished with value: 0.2636895294815802 and parameters: {'model_name': 'KNNImputer', 'n_neighbors': 2773, 'weights': 'uniform'}. Best is trial 28 with value: 0.2626351675578658.
running
[I 2024-08-27 01:05:57,608] Trial 66 finished with value: 0.26326029063674267 and parameters: {'model_name': 'KNNImputer', 'n_neighbors': 1712, 'weights': 'uniform'}. Best is trial 28 with value: 0.2626351675578658.
running
[I 2024-08-27 02:32:57,589] Trial 64 finished with value: 0.28871296269135355 and parameters: {'model_name': 'GAIN', 'batch_size': 466, 'hint_rate': 0.45873797017335965, 'alpha': 97, 'iterations': 2210, 'learning_rate': 0.09355454819116504, 'p_miss': 0.04152153102953822}. Best is trial 28 with value: 0.2626351675578658.
running
[I 2024-08-27 02:33:27,426] Trial 68 finished with value: 0.26282369764212876 and parameters: {'model_name': 'KNNImputer', 'n_neighbors': 705, 'weights': 'uniform'}. Best is trial 28 with value: 0.2626351675578658.
running
[I 2024-08-27 02:34:08,202] Trial 69 finished with value: 0.2646186865204657 and parameters: {'model_name': 'KNNImputer', 'n_neighbors': 23812, 'weights': 'uniform'}. Best is trial 28 with value: 0.2626351675578658.
running
[I 2024-08-27 02:34:37,167] Trial 70 finished with value: 0.2634642453295865 and parameters: {'model_name': 'KNNImputer', 'n_neighbors': 56, 'weights': 'uniform'}. Best is trial 28 with value: 0.2626351675578658.
running
[I 2024-08-27 02:34:38,267] Trial 71 finished with value: 0.26446502188581805 and parameters: {'model_name': 'SimpleImputer', 'strategy': 'constant'}. Best is trial 28 with value: 0.2626351675578658.
running
[I 2024-08-27 02:51:32,159] Trial 0 finished with value: 0.29169101743668796 and parameters: {'model_name': 'GAIN', 'batch_size': 963, 'hint_rate': 0.9033637236249986, 'alpha': 78, 'iterations': 2826, 'learning_rate': 0.08792986625346526, 'p_miss': 0.12996289903093486}. Best is trial 28 with value: 0.2626351675578658.
running
[I 2024-08-27 02:58:24,520] Trial 73 finished with value: 0.29734134786656086 and parameters: {'model_name': 'GAIN', 'batch_size': 22, 'hint_rate': 0.4129267057015785, 'alpha': 0, 'iterations': 201, 'learning_rate': 0.010318099379493977, 'p_miss': 0.1224069604277496}. Best is trial 28 with value: 0.2626351675578658.
running
[I 2024-08-27 02:58:59,094] Trial 74 finished with value: 0.26432206299448174 and parameters: {'model_name': 'KNNImputer', 'n_neighbors': 5599, 'weights': 'uniform'}. Best is trial 28 with value: 0.2626351675578658.
running
[I 2024-08-27 02:59:31,094] Trial 75 finished with value: 0.26320538080826544 and parameters: {'model_name': 'KNNImputer', 'n_neighbors': 1602, 'weights': 'uniform'}. Best is trial 28 with value: 0.2626351675578658.
running
[I 2024-08-27 03:00:03,630] Trial 76 finished with value: 0.2632861419566475 and parameters: {'model_name': 'KNNImputer', 'n_neighbors': 1734, 'weights': 'uniform'}. Best is trial 28 with value: 0.2626351675578658.
running
[I 2024-08-27 03:00:38,150] Trial 77 finished with value: 0.2642544886152963 and parameters: {'model_name': 'KNNImputer', 'n_neighbors': 5258, 'weights': 'uniform'}. Best is trial 28 with value: 0.2626351675578658.
running
[I 2024-08-27 03:01:11,015] Trial 78 finished with value: 0.26312260897937834 and parameters: {'model_name': 'KNNImputer', 'n_neighbors': 1404, 'weights': 'uniform'}. Best is trial 28 with value: 0.2626351675578658.
running
[I 2024-08-27 03:01:53,045] Trial 79 finished with value: 0.2644661461260552 and parameters: {'model_name': 'KNNImputer', 'n_neighbors': 31077, 'weights': 'uniform'}. Best is trial 28 with value: 0.2626351675578658.
running
[I 2024-08-27 03:02:25,723] Trial 15 finished with value: 0.2724690900676487 and parameters: {'model_name': 'IterativeImputer', 'estimator': 'RFR', 'initial_strategy': 'median', 'n_nearest_features': 6, 'imputation_order': 'arabic'}. Best is trial 28 with value: 0.2626351675578658.
running
[I 2024-08-27 03:02:28,520] Trial 80 finished with value: 0.2641835772787971 and parameters: {'model_name': 'KNNImputer', 'n_neighbors': 4863, 'weights': 'uniform'}. Best is trial 28 with value: 0.2626351675578658.
running
[I 2024-08-27 03:03:00,269] Trial 81 finished with value: 0.26322567934018154 and parameters: {'model_name': 'KNNImputer', 'n_neighbors': 1656, 'weights': 'uniform'}. Best is trial 28 with value: 0.2626351675578658.
running
[I 2024-08-27 03:03:01,225] Trial 83 finished with value: 0.26446502188581805 and parameters: {'model_name': 'SimpleImputer', 'strategy': 'constant'}. Best is trial 28 with value: 0.2626351675578658.
running
[I 2024-08-27 03:03:07,966] Trial 82 finished with value: 0.26460397417686676 and parameters: {'model_name': 'KNNImputer', 'n_neighbors': 9237, 'weights': 'uniform'}. Best is trial 28 with value: 0.2626351675578658.
running
[I 2024-08-27 03:03:34,484] Trial 84 finished with value: 0.26340471947132615 and parameters: {'model_name': 'KNNImputer', 'n_neighbors': 2082, 'weights': 'uniform'}. Best is trial 28 with value: 0.2626351675578658.
running
[I 2024-08-27 03:04:02,867] Trial 86 finished with value: 0.26507867025615484 and parameters: {'model_name': 'KNNImputer', 'n_neighbors': 29, 'weights': 'uniform'}. Best is trial 28 with value: 0.2626351675578658.
running
[I 2024-08-27 03:04:36,636] Trial 87 finished with value: 0.26335712999680083 and parameters: {'model_name': 'KNNImputer', 'n_neighbors': 1937, 'weights': 'uniform'}. Best is trial 28 with value: 0.2626351675578658.
running
[I 2024-08-27 03:05:10,616] Trial 88 finished with value: 0.2632171547201091 and parameters: {'model_name': 'KNNImputer', 'n_neighbors': 1624, 'weights': 'uniform'}. Best is trial 28 with value: 0.2626351675578658.
running
[I 2024-08-27 03:05:45,078] Trial 89 finished with value: 0.26408680480247315 and parameters: {'model_name': 'KNNImputer', 'n_neighbors': 4225, 'weights': 'uniform'}. Best is trial 28 with value: 0.2626351675578658.
running
[I 2024-08-27 03:12:18,832] Trial 85 finished with value: 0.3183449800613244 and parameters: {'model_name': 'GAIN', 'batch_size': 73, 'hint_rate': 0.6773210633642743, 'alpha': 69, 'iterations': 274, 'learning_rate': 0.007689872558539296, 'p_miss': 0.19362648297277174}. Best is trial 28 with value: 0.2626351675578658.
running
[I 2024-08-27 03:12:47,728] Trial 91 finished with value: 0.29519273647918537 and parameters: {'model_name': 'KNNImputer', 'n_neighbors': 42, 'weights': 'distance'}. Best is trial 28 with value: 0.2626351675578658.
running
[I 2024-08-27 03:13:20,196] Trial 92 finished with value: 0.263111861951342 and parameters: {'model_name': 'KNNImputer', 'n_neighbors': 1373, 'weights': 'uniform'}. Best is trial 28 with value: 0.2626351675578658.
running
[I 2024-08-27 03:14:01,911] Trial 93 finished with value: 0.2646488141779607 and parameters: {'model_name': 'KNNImputer', 'n_neighbors': 20924, 'weights': 'uniform'}. Best is trial 28 with value: 0.2626351675578658.
running
[I 2024-08-27 03:14:42,101] Trial 94 finished with value: 0.29491364694971645 and parameters: {'model_name': 'KNNImputer', 'n_neighbors': 4440, 'weights': 'distance'}. Best is trial 28 with value: 0.2626351675578658.
running
[I 2024-08-27 03:14:43,028] Trial 90 finished with value: 0.3090713183509691 and parameters: {'model_name': 'GAIN', 'batch_size': 39, 'hint_rate': 0.6650386326920357, 'alpha': 72, 'iterations': 260, 'learning_rate': 0.01457670106376895, 'p_miss': 0.19135033712605418}. Best is trial 28 with value: 0.2626351675578658.
running
[I 2024-08-27 03:15:17,269] Trial 95 finished with value: 0.2630852593945404 and parameters: {'model_name': 'KNNImputer', 'n_neighbors': 1331, 'weights': 'uniform'}. Best is trial 28 with value: 0.2626351675578658.
running
[I 2024-08-27 03:15:18,870] Trial 96 finished with value: 0.2631737628307798 and parameters: {'model_name': 'KNNImputer', 'n_neighbors': 1487, 'weights': 'uniform'}. Best is trial 28 with value: 0.2626351675578658.
running
[I 2024-08-27 03:15:51,783] Trial 97 finished with value: 0.26307285674499 and parameters: {'model_name': 'KNNImputer', 'n_neighbors': 1265, 'weights': 'uniform'}. Best is trial 28 with value: 0.2626351675578658.
running
[I 2024-08-27 03:15:53,007] Trial 98 finished with value: 0.2630732358568167 and parameters: {'model_name': 'KNNImputer', 'n_neighbors': 1292, 'weights': 'uniform'}. Best is trial 28 with value: 0.2626351675578658.
running
[I 2024-08-27 03:16:26,193] Trial 99 finished with value: 0.2630808871095094 and parameters: {'model_name': 'KNNImputer', 'n_neighbors': 1294, 'weights': 'uniform'}. Best is trial 28 with value: 0.2626351675578658.
running
[I 2024-08-27 03:16:30,661] Trial 100 finished with value: 0.2643999553094286 and parameters: {'model_name': 'KNNImputer', 'n_neighbors': 6311, 'weights': 'uniform'}. Best is trial 28 with value: 0.2626351675578658.
running
[I 2024-08-27 03:16:31,867] Trial 102 finished with value: 0.2644549547342033 and parameters: {'model_name': 'SimpleImputer', 'strategy': 'mean'}. Best is trial 28 with value: 0.2626351675578658.
running
[I 2024-08-27 03:17:02,902] Trial 101 finished with value: 0.2643380724355184 and parameters: {'model_name': 'KNNImputer', 'n_neighbors': 5727, 'weights': 'uniform'}. Best is trial 28 with value: 0.2626351675578658.
running
[I 2024-08-27 03:17:13,697] Trial 103 finished with value: 0.2646734592096287 and parameters: {'model_name': 'KNNImputer', 'n_neighbors': 14771, 'weights': 'uniform'}. Best is trial 28 with value: 0.2626351675578658.
running
[I 2024-08-27 03:17:38,686] Trial 104 finished with value: 0.2639616506002898 and parameters: {'model_name': 'KNNImputer', 'n_neighbors': 3672, 'weights': 'uniform'}. Best is trial 28 with value: 0.2626351675578658.
running
[I 2024-08-27 03:17:49,952] Trial 105 finished with value: 0.26400923598324544 and parameters: {'model_name': 'KNNImputer', 'n_neighbors': 3870, 'weights': 'uniform'}. Best is trial 28 with value: 0.2626351675578658.
running
[I 2024-08-27 03:18:12,057] Trial 106 finished with value: 0.2627338283266968 and parameters: {'model_name': 'KNNImputer', 'n_neighbors': 560, 'weights': 'uniform'}. Best is trial 28 with value: 0.2626351675578658.
running
[I 2024-08-27 03:18:23,667] Trial 107 finished with value: 0.26285287625870246 and parameters: {'model_name': 'KNNImputer', 'n_neighbors': 815, 'weights': 'uniform'}. Best is trial 28 with value: 0.2626351675578658.
running
[I 2024-08-27 03:18:43,513] Trial 108 finished with value: 0.26864697464944165 and parameters: {'model_name': 'KNNImputer', 'n_neighbors': 15, 'weights': 'uniform'}. Best is trial 28 with value: 0.2626351675578658.
running
[I 2024-08-27 03:18:54,742] Trial 109 finished with value: 0.26311031215872954 and parameters: {'model_name': 'KNNImputer', 'n_neighbors': 71, 'weights': 'uniform'}. Best is trial 28 with value: 0.2626351675578658.
running
[I 2024-08-27 03:19:16,968] Trial 110 finished with value: 0.2635800914531556 and parameters: {'model_name': 'KNNImputer', 'n_neighbors': 2441, 'weights': 'uniform'}. Best is trial 28 with value: 0.2626351675578658.
running
[I 2024-08-27 03:19:53,842] Trial 112 finished with value: 0.29486544463255093 and parameters: {'model_name': 'KNNImputer', 'n_neighbors': 3074, 'weights': 'distance'}. Best is trial 28 with value: 0.2626351675578658.
running
[I 2024-08-27 03:43:44,774] Trial 8 finished with value: 0.28060675678338826 and parameters: {'model_name': 'IterativeImputer', 'estimator': 'RFR', 'initial_strategy': 'median', 'n_nearest_features': 8, 'imputation_order': 'descending'}. Best is trial 28 with value: 0.2626351675578658.
running
[I 2024-08-27 03:44:39,168] Trial 114 finished with value: 0.26454688562294887 and parameters: {'model_name': 'IterativeImputer', 'estimator': 'Ridge', 'initial_strategy': 'mean', 'n_nearest_features': 3, 'imputation_order': 'roman'}. Best is trial 28 with value: 0.2626351675578658.
running
[I 2024-08-27 03:45:10,752] Trial 115 finished with value: 0.2628584460245048 and parameters: {'model_name': 'KNNImputer', 'n_neighbors': 900, 'weights': 'uniform'}. Best is trial 28 with value: 0.2626351675578658.
running
[I 2024-08-27 03:45:42,756] Trial 116 finished with value: 0.2627907257535823 and parameters: {'model_name': 'KNNImputer', 'n_neighbors': 645, 'weights': 'uniform'}. Best is trial 28 with value: 0.2626351675578658.
running
[I 2024-08-27 03:46:16,534] Trial 117 finished with value: 0.26369234771857475 and parameters: {'model_name': 'KNNImputer', 'n_neighbors': 2801, 'weights': 'uniform'}. Best is trial 28 with value: 0.2626351675578658.
running
[I 2024-08-27 03:46:49,763] Trial 118 finished with value: 0.2630332469240444 and parameters: {'model_name': 'KNNImputer', 'n_neighbors': 1209, 'weights': 'uniform'}. Best is trial 28 with value: 0.2626351675578658.
running
[I 2024-08-27 03:47:21,439] Trial 119 finished with value: 0.26280126722815705 and parameters: {'model_name': 'KNNImputer', 'n_neighbors': 660, 'weights': 'uniform'}. Best is trial 28 with value: 0.2626351675578658.
running
[I 2024-08-27 03:47:53,173] Trial 120 finished with value: 0.26279484909899137 and parameters: {'model_name': 'KNNImputer', 'n_neighbors': 653, 'weights': 'uniform'}. Best is trial 28 with value: 0.2626351675578658.
running
[I 2024-08-27 03:48:26,971] Trial 121 finished with value: 0.263679735038908 and parameters: {'model_name': 'KNNImputer', 'n_neighbors': 2739, 'weights': 'uniform'}. Best is trial 28 with value: 0.2626351675578658.
running
[I 2024-08-27 03:48:59,223] Trial 122 finished with value: 0.2628371699890997 and parameters: {'model_name': 'KNNImputer', 'n_neighbors': 809, 'weights': 'uniform'}. Best is trial 28 with value: 0.2626351675578658.
running
[I 2024-08-27 03:49:35,383] Trial 123 finished with value: 0.2644549547342033 and parameters: {'model_name': 'KNNImputer', 'n_neighbors': 36660, 'weights': 'uniform'}. Best is trial 28 with value: 0.2626351675578658.
running
[I 2024-08-27 03:49:36,138] Trial 124 finished with value: 0.26446502188581805 and parameters: {'model_name': 'SimpleImputer', 'strategy': 'constant'}. Best is trial 28 with value: 0.2626351675578658.
running
[I 2024-08-27 03:50:07,664] Trial 125 finished with value: 0.2628562969476865 and parameters: {'model_name': 'KNNImputer', 'n_neighbors': 862, 'weights': 'uniform'}. Best is trial 28 with value: 0.2626351675578658.
running
[I 2024-08-27 03:50:39,043] Trial 126 finished with value: 0.2628161456352821 and parameters: {'model_name': 'KNNImputer', 'n_neighbors': 691, 'weights': 'uniform'}. Best is trial 28 with value: 0.2626351675578658.
running
[I 2024-08-27 03:51:10,957] Trial 127 finished with value: 0.26283442988997596 and parameters: {'model_name': 'KNNImputer', 'n_neighbors': 801, 'weights': 'uniform'}. Best is trial 28 with value: 0.2626351675578658.
running
[I 2024-08-27 03:51:44,278] Trial 128 finished with value: 0.26360463051918914 and parameters: {'model_name': 'KNNImputer', 'n_neighbors': 2504, 'weights': 'uniform'}. Best is trial 28 with value: 0.2626351675578658.
running
[I 2024-08-27 03:52:15,470] Trial 129 finished with value: 0.2627313301503154 and parameters: {'model_name': 'KNNImputer', 'n_neighbors': 553, 'weights': 'uniform'}. Best is trial 28 with value: 0.2626351675578658.
running
[I 2024-08-27 03:52:44,164] Trial 130 finished with value: 0.26864697464944165 and parameters: {'model_name': 'KNNImputer', 'n_neighbors': 15, 'weights': 'uniform'}. Best is trial 28 with value: 0.2626351675578658.
running
[I 2024-08-27 03:53:18,513] Trial 131 finished with value: 0.26404083930261013 and parameters: {'model_name': 'KNNImputer', 'n_neighbors': 3952, 'weights': 'uniform'}. Best is trial 28 with value: 0.2626351675578658.
running
[I 2024-08-27 03:53:51,693] Trial 132 finished with value: 0.26357807132735767 and parameters: {'model_name': 'KNNImputer', 'n_neighbors': 2432, 'weights': 'uniform'}. Best is trial 28 with value: 0.2626351675578658.
running
[I 2024-08-27 04:02:29,350] Trial 40 finished with value: 0.27840840562368885 and parameters: {'model_name': 'IterativeImputer', 'estimator': 'RFR', 'initial_strategy': 'constant', 'n_nearest_features': 10, 'imputation_order': 'descending'}. Best is trial 28 with value: 0.2626351675578658.
running
[I 2024-08-27 04:02:33,877] Trial 31 finished with value: 0.27888945553528044 and parameters: {'model_name': 'IterativeImputer', 'estimator': 'RFR', 'initial_strategy': 'mean', 'n_nearest_features': 9, 'imputation_order': 'ascending'}. Best is trial 28 with value: 0.2626351675578658.
running
[I 2024-08-27 04:02:43,969] Trial 44 finished with value: 0.2792654532995759 and parameters: {'model_name': 'IterativeImputer', 'estimator': 'RFR', 'initial_strategy': 'mean', 'n_nearest_features': 10, 'imputation_order': 'roman'}. Best is trial 28 with value: 0.2626351675578658.
running
[I 2024-08-27 04:02:45,974] Trial 134 finished with value: 0.2824088209847445 and parameters: {'model_name': 'GAIN', 'batch_size': 7, 'hint_rate': 0.23275896813903485, 'alpha': 99, 'iterations': 1, 'learning_rate': 0.000123131164186455, 'p_miss': 0.06762248109028199}. Best is trial 28 with value: 0.2626351675578658.
running
[I 2024-08-27 04:02:48,189] Trial 45 finished with value: 0.27870470020289373 and parameters: {'model_name': 'IterativeImputer', 'estimator': 'RFR', 'initial_strategy': 'most_frequent', 'n_nearest_features': 10, 'imputation_order': 'roman'}. Best is trial 28 with value: 0.2626351675578658.
running
[I 2024-08-27 04:02:49,285] Trial 38 finished with value: 0.2788830077623651 and parameters: {'model_name': 'IterativeImputer', 'estimator': 'RFR', 'initial_strategy': 'mean', 'n_nearest_features': 10, 'imputation_order': 'ascending'}. Best is trial 28 with value: 0.2626351675578658.
running
[I 2024-08-27 04:03:10,969] Trial 135 finished with value: 0.26281580592909576 and parameters: {'model_name': 'KNNImputer', 'n_neighbors': 745, 'weights': 'uniform'}. Best is trial 28 with value: 0.2626351675578658.
running
[I 2024-08-27 04:03:23,601] Trial 136 finished with value: 0.26280786925349087 and parameters: {'model_name': 'KNNImputer', 'n_neighbors': 684, 'weights': 'uniform'}. Best is trial 28 with value: 0.2626351675578658.
running
[I 2024-08-27 04:03:24,999] Trial 137 finished with value: 0.2627247121147277 and parameters: {'model_name': 'KNNImputer', 'n_neighbors': 579, 'weights': 'uniform'}. Best is trial 28 with value: 0.2626351675578658.
running
[I 2024-08-27 04:03:26,609] Trial 139 finished with value: 0.26272062968422094 and parameters: {'model_name': 'KNNImputer', 'n_neighbors': 538, 'weights': 'uniform'}. Best is trial 28 with value: 0.2626351675578658.
running
[I 2024-08-27 04:03:27,444] Trial 138 finished with value: 0.262752330906112 and parameters: {'model_name': 'KNNImputer', 'n_neighbors': 605, 'weights': 'uniform'}. Best is trial 28 with value: 0.2626351675578658.
running
[I 2024-08-27 04:03:51,761] Trial 140 finished with value: 0.26289811106072386 and parameters: {'model_name': 'KNNImputer', 'n_neighbors': 954, 'weights': 'uniform'}. Best is trial 28 with value: 0.2626351675578658.
running
[I 2024-08-27 04:04:03,239] Trial 141 finished with value: 0.2627415777047069 and parameters: {'model_name': 'KNNImputer', 'n_neighbors': 593, 'weights': 'uniform'}. Best is trial 28 with value: 0.2626351675578658.
running
[I 2024-08-27 04:04:05,683] Trial 142 finished with value: 0.2635036814059535 and parameters: {'model_name': 'KNNImputer', 'n_neighbors': 2272, 'weights': 'uniform'}. Best is trial 28 with value: 0.2626351675578658.
running
[I 2024-08-27 04:04:06,159] Trial 143 finished with value: 0.26347073526655534 and parameters: {'model_name': 'KNNImputer', 'n_neighbors': 2209, 'weights': 'uniform'}. Best is trial 28 with value: 0.2626351675578658.
running
[I 2024-08-27 04:04:09,414] Trial 144 finished with value: 0.26359016164037813 and parameters: {'model_name': 'KNNImputer', 'n_neighbors': 2476, 'weights': 'uniform'}. Best is trial 28 with value: 0.2626351675578658.
running
[I 2024-08-27 04:04:36,816] Trial 145 finished with value: 0.29480543023285743 and parameters: {'model_name': 'KNNImputer', 'n_neighbors': 2140, 'weights': 'distance'}. Best is trial 28 with value: 0.2626351675578658.
running
[I 2024-08-27 04:04:43,047] Trial 148 finished with value: 0.26278473418244735 and parameters: {'model_name': 'KNNImputer', 'n_neighbors': 93, 'weights': 'uniform'}. Best is trial 28 with value: 0.2626351675578658.
running
[I 2024-08-27 04:04:44,850] Trial 146 finished with value: 0.26350307738070616 and parameters: {'model_name': 'KNNImputer', 'n_neighbors': 2269, 'weights': 'uniform'}. Best is trial 28 with value: 0.2626351675578658.
running
[I 2024-08-27 04:04:47,056] Trial 147 finished with value: 0.2634379590983615 and parameters: {'model_name': 'KNNImputer', 'n_neighbors': 2142, 'weights': 'uniform'}. Best is trial 28 with value: 0.2626351675578658.
running
[I 2024-08-27 04:04:49,512] Trial 149 finished with value: 0.29471566668425486 and parameters: {'model_name': 'KNNImputer', 'n_neighbors': 209, 'weights': 'distance'}. Best is trial 28 with value: 0.2626351675578658.
running
[I 2024-08-27 04:05:18,396] Trial 150 finished with value: 0.2638859211835329 and parameters: {'model_name': 'KNNImputer', 'n_neighbors': 3481, 'weights': 'uniform'}. Best is trial 28 with value: 0.2626351675578658.
running
[I 2024-08-27 04:05:20,596] Trial 151 finished with value: 0.26255556759108656 and parameters: {'model_name': 'KNNImputer', 'n_neighbors': 165, 'weights': 'uniform'}. Best is trial 151 with value: 0.26255556759108656.
running
[I 2024-08-27 04:05:22,711] Trial 153 finished with value: 0.26617894961358685 and parameters: {'model_name': 'KNNImputer', 'n_neighbors': 22, 'weights': 'uniform'}. Best is trial 151 with value: 0.26255556759108656.
running
[I 2024-08-27 04:05:31,766] Trial 154 finished with value: 0.2638386962862473 and parameters: {'model_name': 'KNNImputer', 'n_neighbors': 3300, 'weights': 'uniform'}. Best is trial 151 with value: 0.26255556759108656.
running
[I 2024-08-27 04:05:41,530] Trial 152 finished with value: 0.26456444258892464 and parameters: {'model_name': 'KNNImputer', 'n_neighbors': 26851, 'weights': 'uniform'}. Best is trial 151 with value: 0.26255556759108656.
running
[I 2024-08-27 04:05:58,439] Trial 156 finished with value: 0.26278173724961695 and parameters: {'model_name': 'KNNImputer', 'n_neighbors': 640, 'weights': 'uniform'}. Best is trial 151 with value: 0.26255556759108656.
running
[I 2024-08-27 04:06:01,299] Trial 157 finished with value: 0.26286198023611584 and parameters: {'model_name': 'KNNImputer', 'n_neighbors': 888, 'weights': 'uniform'}. Best is trial 151 with value: 0.26255556759108656.
running
[I 2024-08-27 04:06:02,942] Trial 161 finished with value: 0.26446502188581805 and parameters: {'model_name': 'SimpleImputer', 'strategy': 'median'}. Best is trial 151 with value: 0.26255556759108656.
running
[I 2024-08-27 04:06:10,544] Trial 158 finished with value: 0.2628237886655565 and parameters: {'model_name': 'KNNImputer', 'n_neighbors': 700, 'weights': 'uniform'}. Best is trial 151 with value: 0.26255556759108656.
running
[I 2024-08-27 04:06:16,106] Trial 155 finished with value: 0.26452829705271086 and parameters: {'model_name': 'KNNImputer', 'n_neighbors': 28743, 'weights': 'uniform'}. Best is trial 151 with value: 0.26255556759108656.
running
[I 2024-08-27 04:06:21,523] Trial 159 finished with value: 0.26279435128634254 and parameters: {'model_name': 'KNNImputer', 'n_neighbors': 651, 'weights': 'uniform'}. Best is trial 151 with value: 0.26255556759108656.
running
[I 2024-08-27 04:06:36,793] Trial 160 finished with value: 0.26324420811625576 and parameters: {'model_name': 'KNNImputer', 'n_neighbors': 1689, 'weights': 'uniform'}. Best is trial 151 with value: 0.26255556759108656.
running
[I 2024-08-27 04:06:43,372] Trial 162 finished with value: 0.2641537825789376 and parameters: {'model_name': 'KNNImputer', 'n_neighbors': 4574, 'weights': 'uniform'}. Best is trial 151 with value: 0.26255556759108656.
running
[I 2024-08-27 04:06:48,396] Trial 163 finished with value: 0.26330907158842065 and parameters: {'model_name': 'KNNImputer', 'n_neighbors': 1810, 'weights': 'uniform'}. Best is trial 151 with value: 0.26255556759108656.
running
[I 2024-08-27 04:07:13,441] Trial 166 finished with value: 0.26320910331295744 and parameters: {'model_name': 'KNNImputer', 'n_neighbors': 1612, 'weights': 'uniform'}. Best is trial 151 with value: 0.26255556759108656.
running
[I 2024-08-27 04:07:19,058] Trial 167 finished with value: 0.2632896273747839 and parameters: {'model_name': 'KNNImputer', 'n_neighbors': 1742, 'weights': 'uniform'}. Best is trial 151 with value: 0.26255556759108656.
running
[I 2024-08-27 04:07:20,971] Trial 168 finished with value: 0.2643307174486066 and parameters: {'model_name': 'KNNImputer', 'n_neighbors': 43, 'weights': 'uniform'}. Best is trial 151 with value: 0.26255556759108656.
running
[I 2024-08-27 04:07:28,228] Trial 164 finished with value: 0.2877381339084143 and parameters: {'model_name': 'GAIN', 'batch_size': 206, 'hint_rate': 0.26078912155198475, 'alpha': 58, 'iterations': 32, 'learning_rate': 0.0029893090337494268, 'p_miss': 0.08137640939403287}. Best is trial 151 with value: 0.26255556759108656.
running
[I 2024-08-27 04:07:55,983] Trial 171 finished with value: 0.262713915912871 and parameters: {'model_name': 'KNNImputer', 'n_neighbors': 532, 'weights': 'uniform'}. Best is trial 151 with value: 0.26255556759108656.
running
[I 2024-08-27 04:08:01,728] Trial 172 finished with value: 0.2627642801870075 and parameters: {'model_name': 'KNNImputer', 'n_neighbors': 619, 'weights': 'uniform'}. Best is trial 151 with value: 0.26255556759108656.
running
[I 2024-08-27 04:08:24,619] Trial 55 finished with value: 0.2827435227415712 and parameters: {'model_name': 'GAIN', 'batch_size': 799, 'hint_rate': 0.4629246001112566, 'alpha': 86, 'iterations': 4651, 'learning_rate': 0.09704245646110621, 'p_miss': 0.07913445327564177}. Best is trial 151 with value: 0.26255556759108656.
running
[I 2024-08-27 04:08:34,255] Trial 173 finished with value: 0.26380460674313766 and parameters: {'model_name': 'KNNImputer', 'n_neighbors': 3144, 'weights': 'uniform'}. Best is trial 151 with value: 0.26255556759108656.
running
[I 2024-08-27 04:08:37,033] Trial 174 finished with value: 0.2630491174201649 and parameters: {'model_name': 'KNNImputer', 'n_neighbors': 1246, 'weights': 'uniform'}. Best is trial 151 with value: 0.26255556759108656.
running
[I 2024-08-27 04:08:42,080] Trial 170 finished with value: 0.2845442864074985 and parameters: {'model_name': 'GAIN', 'batch_size': 203, 'hint_rate': 0.28723438430626347, 'alpha': 60, 'iterations': 39, 'learning_rate': 0.003437536132615103, 'p_miss': 0.08136284251191853}. Best is trial 151 with value: 0.26255556759108656.
running
[I 2024-08-27 04:09:11,173] Trial 176 finished with value: 0.26280726358724404 and parameters: {'model_name': 'KNNImputer', 'n_neighbors': 656, 'weights': 'uniform'}. Best is trial 151 with value: 0.26255556759108656.
running
[I 2024-08-27 04:09:13,190] Trial 175 finished with value: 0.26467090927775716 and parameters: {'model_name': 'KNNImputer', 'n_neighbors': 15049, 'weights': 'uniform'}. Best is trial 151 with value: 0.26255556759108656.
running
[I 2024-08-27 04:09:13,423] Trial 177 finished with value: 0.26272062968422094 and parameters: {'model_name': 'KNNImputer', 'n_neighbors': 538, 'weights': 'uniform'}. Best is trial 151 with value: 0.26255556759108656.
running
[I 2024-08-27 04:09:18,849] Trial 178 finished with value: 0.2626617846231515 and parameters: {'model_name': 'KNNImputer', 'n_neighbors': 456, 'weights': 'uniform'}. Best is trial 151 with value: 0.26255556759108656.
running
[I 2024-08-27 04:09:48,853] Trial 181 finished with value: 0.2640770609951298 and parameters: {'model_name': 'KNNImputer', 'n_neighbors': 46, 'weights': 'uniform'}. Best is trial 151 with value: 0.26255556759108656.
running
[I 2024-08-27 04:09:49,071] Trial 180 finished with value: 0.2625943506649583 and parameters: {'model_name': 'KNNImputer', 'n_neighbors': 148, 'weights': 'uniform'}. Best is trial 151 with value: 0.26255556759108656.
running
[I 2024-08-27 04:09:54,438] Trial 182 finished with value: 0.26507867025615484 and parameters: {'model_name': 'KNNImputer', 'n_neighbors': 29, 'weights': 'uniform'}. Best is trial 151 with value: 0.26255556759108656.
running
[I 2024-08-27 04:10:02,916] Trial 179 finished with value: 0.2646748388504114 and parameters: {'model_name': 'KNNImputer', 'n_neighbors': 15586, 'weights': 'uniform'}. Best is trial 151 with value: 0.26255556759108656.
running
[I 2024-08-27 04:10:26,958] Trial 184 finished with value: 0.26315693448452837 and parameters: {'model_name': 'KNNImputer', 'n_neighbors': 1437, 'weights': 'uniform'}. Best is trial 151 with value: 0.26255556759108656.
running
[I 2024-08-27 04:10:27,656] Trial 183 finished with value: 0.26323862858578695 and parameters: {'model_name': 'KNNImputer', 'n_neighbors': 1677, 'weights': 'uniform'}. Best is trial 151 with value: 0.26255556759108656.
running
[I 2024-08-27 04:10:32,573] Trial 185 finished with value: 0.2631615699059784 and parameters: {'model_name': 'KNNImputer', 'n_neighbors': 1463, 'weights': 'uniform'}. Best is trial 151 with value: 0.26255556759108656.
running
[I 2024-08-27 04:10:41,419] Trial 186 finished with value: 0.2631009668402825 and parameters: {'model_name': 'KNNImputer', 'n_neighbors': 1357, 'weights': 'uniform'}. Best is trial 151 with value: 0.26255556759108656.
running
[I 2024-08-27 04:11:04,144] Trial 187 finished with value: 0.26309867747397475 and parameters: {'model_name': 'KNNImputer', 'n_neighbors': 1354, 'weights': 'uniform'}. Best is trial 151 with value: 0.26255556759108656.
running
[I 2024-08-27 04:11:06,201] Trial 188 finished with value: 0.26298387419578645 and parameters: {'model_name': 'KNNImputer', 'n_neighbors': 1071, 'weights': 'uniform'}. Best is trial 151 with value: 0.26255556759108656.
running
[I 2024-08-27 04:11:09,868] Trial 189 finished with value: 0.26279435128634254 and parameters: {'model_name': 'KNNImputer', 'n_neighbors': 651, 'weights': 'uniform'}. Best is trial 151 with value: 0.26255556759108656.
running
[I 2024-08-27 04:11:18,979] Trial 190 finished with value: 0.26273585804745714 and parameters: {'model_name': 'KNNImputer', 'n_neighbors': 590, 'weights': 'uniform'}. Best is trial 151 with value: 0.26255556759108656.
running
[I 2024-08-27 04:11:48,418] Trial 191 finished with value: 0.2627279960317077 and parameters: {'model_name': 'KNNImputer', 'n_neighbors': 581, 'weights': 'uniform'}. Best is trial 151 with value: 0.26255556759108656.
running
[I 2024-08-27 04:11:54,784] Trial 192 finished with value: 0.263684361742575 and parameters: {'model_name': 'KNNImputer', 'n_neighbors': 2754, 'weights': 'uniform'}. Best is trial 151 with value: 0.26255556759108656.
running
[I 2024-08-27 04:12:27,298] Trial 193 finished with value: 0.26461124514288636 and parameters: {'model_name': 'IterativeImputer', 'estimator': 'Ridge', 'initial_strategy': 'median', 'n_nearest_features': 7, 'imputation_order': 'random'}. Best is trial 151 with value: 0.26255556759108656.
running
[I 2024-08-27 04:12:38,797] Trial 194 finished with value: 0.26461124514288636 and parameters: {'model_name': 'IterativeImputer', 'estimator': 'Ridge', 'initial_strategy': 'median', 'n_nearest_features': 7, 'imputation_order': 'random'}. Best is trial 151 with value: 0.26255556759108656.
running
[I 2024-08-27 04:13:18,895] Trial 196 finished with value: 0.26461124514288636 and parameters: {'model_name': 'IterativeImputer', 'estimator': 'Ridge', 'initial_strategy': 'median', 'n_nearest_features': 7, 'imputation_order': 'random'}. Best is trial 151 with value: 0.26255556759108656.
running
[I 2024-08-27 04:13:21,924] Trial 198 finished with value: 0.2630865937956549 and parameters: {'model_name': 'KNNImputer', 'n_neighbors': 67, 'weights': 'uniform'}. Best is trial 151 with value: 0.26255556759108656.
[I 2024-08-27 04:13:28,156] Trial 197 finished with value: 0.2646611936874336 and parameters: {'model_name': 'KNNImputer', 'n_neighbors': 19559, 'weights': 'uniform'}. Best is trial 151 with value: 0.26255556759108656.
[I 2024-08-27 04:13:59,288] Trial 199 finished with value: 0.2646112803387265 and parameters: {'model_name': 'KNNImputer', 'n_neighbors': 9639, 'weights': 'uniform'}. Best is trial 151 with value: 0.26255556759108656.
[I 2024-08-27 04:14:57,750] Trial 195 finished with value: 0.28081331449595537 and parameters: {'model_name': 'IterativeImputer', 'estimator': 'KNN', 'initial_strategy': 'median', 'n_nearest_features': 7, 'imputation_order': 'random'}. Best is trial 151 with value: 0.26255556759108656.
[I 2024-08-27 05:04:02,030] Trial 67 finished with value: 0.28243986536990817 and parameters: {'model_name': 'GAIN', 'batch_size': 916, 'hint_rate': 0.44697729628108107, 'alpha': 97, 'iterations': 6100, 'learning_rate': 0.09449780730748487, 'p_miss': 0.07363234607558296}. Best is trial 151 with value: 0.26255556759108656.
[I 2024-08-27 05:31:09,829] Trial 3 finished with value: 0.2901020102249216 and parameters: {'model_name': 'GAIN', 'batch_size': 23, 'hint_rate': 0.6716991772507698, 'alpha': 32, 'iterations': 9477, 'learning_rate': 0.0012251433209487332, 'p_miss': 0.08054065273114887}. Best is trial 151 with value: 0.26255556759108656.
[I 2024-08-27 05:38:05,885] Trial 111 finished with value: 0.2778107189116855 and parameters: {'model_name': 'IterativeImputer', 'estimator': 'RFR', 'initial_strategy': 'mean', 'n_nearest_features': 7, 'imputation_order': 'random'}. Best is trial 151 with value: 0.26255556759108656.
[I 2024-08-27 05:38:48,308] Trial 113 finished with value: 0.27734027854103627 and parameters: {'model_name': 'IterativeImputer', 'estimator': 'RFR', 'initial_strategy': 'mean', 'n_nearest_features': 7, 'imputation_order': 'random'}. Best is trial 151 with value: 0.26255556759108656.
[I 2024-08-27 05:46:39,315] Trial 62 finished with value: 0.28512714668327527 and parameters: {'model_name': 'GAIN', 'batch_size': 751, 'hint_rate': 0.47798229325872976, 'alpha': 84, 'iterations': 7955, 'learning_rate': 0.0716960167463007, 'p_miss': 0.0715692807278238}. Best is trial 151 with value: 0.26255556759108656.
[I 2024-08-27 05:46:43,759] Trial 63 finished with value: 0.2888704098272709 and parameters: {'model_name': 'GAIN', 'batch_size': 917, 'hint_rate': 0.5137246854208148, 'alpha': 97, 'iterations': 7754, 'learning_rate': 0.04952405824571609, 'p_miss': 0.08467055929743467}. Best is trial 151 with value: 0.26255556759108656.
[I 2024-08-27 05:55:14,430] Trial 61 finished with value: 0.2813701582117913 and parameters: {'model_name': 'GAIN', 'batch_size': 890, 'hint_rate': 0.46179521441928695, 'alpha': 99, 'iterations': 8501, 'learning_rate': 0.05499109461840788, 'p_miss': 0.07292662067653402}. Best is trial 151 with value: 0.26255556759108656.
[I 2024-08-27 05:55:35,057] Trial 65 finished with value: 0.28871011486887993 and parameters: {'model_name': 'GAIN', 'batch_size': 870, 'hint_rate': 0.4338447686807142, 'alpha': 100, 'iterations': 8690, 'learning_rate': 0.08732059475365253, 'p_miss': 0.08025222818228525}. Best is trial 151 with value: 0.26255556759108656.
[I 2024-08-27 05:56:32,158] Trial 72 finished with value: 0.29462065087448 and parameters: {'model_name': 'GAIN', 'batch_size': 26, 'hint_rate': 0.9848044898903936, 'alpha': 88, 'iterations': 8693, 'learning_rate': 0.027789674506594565, 'p_miss': 0.1306634898700968}. Best is trial 151 with value: 0.26255556759108656.
[I 2024-08-27 05:58:33,594] Trial 165 finished with value: 0.29042176131149733 and parameters: {'model_name': 'GAIN', 'batch_size': 135, 'hint_rate': 0.30561482035303944, 'alpha': 22, 'iterations': 7423, 'learning_rate': 0.003728756502565023, 'p_miss': 0.08611059858942974}. Best is trial 151 with value: 0.26255556759108656.
[I 2024-08-27 05:58:56,069] Trial 169 finished with value: 0.29329196262700485 and parameters: {'model_name': 'GAIN', 'batch_size': 246, 'hint_rate': 0.30540919756752377, 'alpha': 59, 'iterations': 7507, 'learning_rate': 0.026026588755512475, 'p_miss': 0.09133336747990825}. Best is trial 151 with value: 0.26255556759108656.
[I 2024-08-27 06:03:47,976] Trial 133 finished with value: 0.2782961359488113 and parameters: {'model_name': 'IterativeImputer', 'estimator': 'RFR', 'initial_strategy': 'constant', 'n_nearest_features': 7, 'imputation_order': 'random'}. Best is trial 151 with value: 0.26255556759108656.
fit
auto fit
auto transform
0    0
1    0
2    0
3    0
4    0
5    0
6    0
7    0
8    0
9    0
dtype: int64
0    0
1    0
2    0
3    0
4    0
5    0
6    0
7    0
8    0
9    0
dtype: int64
0.26255556759108656
{'model_name': 'KNNImputer', 'n_neighbors': 165, 'weights': 'uniform'}
running experiment 2/3 - Does reconstruction give good automl predictions
Start est fit
  0%|          | 0/25 [00:00<?, ?it/s]Generation:   0%|          | 0/25 [00:00<?, ?it/s]WARNING THIS INDIVIDUAL CAUSED AND EXCEPTION 
 <tpot2.search_spaces.pipelines.sequential.SequentialPipelineIndividual object at 0x15547575c0a0> 
 The 'criterion' parameter of RandomForestRegressor must be a str among {'friedman_mse', 'poisson', 'absolute_error', 'squared_error'}. Got 'mae' instead. 
 Traceback (most recent call last):
  File "/common/ketrong/tpotexp/tpot2/tpot2/utils/eval_utils.py", line 53, in objective_nan_wrapper
    value = func_timeout.func_timeout(timeout, objective_function, args=[individual], kwargs=objective_kwargs)
  File "/common/ketrong/tpotexp/env/lib/python3.10/site-packages/func_timeout/dafunc.py", line 108, in func_timeout
    raise_exception(exception)
  File "/common/ketrong/tpotexp/env/lib/python3.10/site-packages/func_timeout/py3_raise.py", line 7, in raise_exception
    raise exception[0] from None
  File "/common/ketrong/tpotexp/tpot2/tpot2/tpot_estimator/estimator.py", line 623, in objective_function
    return objective_function_generator(
  File "/common/ketrong/tpotexp/tpot2/tpot2/tpot_estimator/estimator_utils.py", line 55, in objective_function_generator
    cv_obj_scores = cross_val_score_objective(sklearn.base.clone(pipeline),x,y,scorers=scorers, cv=cv , fold=step)
  File "/common/ketrong/tpotexp/tpot2/tpot2/tpot_estimator/cross_val_utils.py", line 28, in cross_val_score_objective
    this_fold_pipeline.fit(X_train,y_train)
  File "/common/ketrong/tpotexp/env/lib/python3.10/site-packages/sklearn/base.py", line 1473, in wrapper
    return fit_method(estimator, *args, **kwargs)
  File "/common/ketrong/tpotexp/env/lib/python3.10/site-packages/sklearn/pipeline.py", line 473, in fit
    self._final_estimator.fit(Xt, y, **last_step_params["fit"])
  File "/common/ketrong/tpotexp/env/lib/python3.10/site-packages/sklearn/base.py", line 1466, in wrapper
    estimator._validate_params()
  File "/common/ketrong/tpotexp/env/lib/python3.10/site-packages/sklearn/base.py", line 666, in _validate_params
    validate_parameter_constraints(
  File "/common/ketrong/tpotexp/env/lib/python3.10/site-packages/sklearn/utils/_param_validation.py", line 95, in validate_parameter_constraints
    raise InvalidParameterError(
sklearn.utils._param_validation.InvalidParameterError: The 'criterion' parameter of RandomForestRegressor must be a str among {'friedman_mse', 'poisson', 'absolute_error', 'squared_error'}. Got 'mae' instead.

WARNING THIS INDIVIDUAL CAUSED AND EXCEPTION 
 <tpot2.search_spaces.pipelines.sequential.SequentialPipelineIndividual object at 0x155475eea620> 
 The 'criterion' parameter of DecisionTreeRegressor must be a str among {'friedman_mse', 'poisson', 'absolute_error', 'squared_error'}. Got 'mae' instead. 
 Traceback (most recent call last):
  File "/common/ketrong/tpotexp/tpot2/tpot2/utils/eval_utils.py", line 53, in objective_nan_wrapper
    value = func_timeout.func_timeout(timeout, objective_function, args=[individual], kwargs=objective_kwargs)
  File "/common/ketrong/tpotexp/env/lib/python3.10/site-packages/func_timeout/dafunc.py", line 108, in func_timeout
    raise_exception(exception)
  File "/common/ketrong/tpotexp/env/lib/python3.10/site-packages/func_timeout/py3_raise.py", line 7, in raise_exception
    raise exception[0] from None
  File "/common/ketrong/tpotexp/tpot2/tpot2/tpot_estimator/estimator.py", line 623, in objective_function
    return objective_function_generator(
  File "/common/ketrong/tpotexp/tpot2/tpot2/tpot_estimator/estimator_utils.py", line 55, in objective_function_generator
    cv_obj_scores = cross_val_score_objective(sklearn.base.clone(pipeline),x,y,scorers=scorers, cv=cv , fold=step)
  File "/common/ketrong/tpotexp/tpot2/tpot2/tpot_estimator/cross_val_utils.py", line 28, in cross_val_score_objective
    this_fold_pipeline.fit(X_train,y_train)
  File "/common/ketrong/tpotexp/env/lib/python3.10/site-packages/sklearn/base.py", line 1473, in wrapper
    return fit_method(estimator, *args, **kwargs)
  File "/common/ketrong/tpotexp/env/lib/python3.10/site-packages/sklearn/pipeline.py", line 473, in fit
    self._final_estimator.fit(Xt, y, **last_step_params["fit"])
  File "/common/ketrong/tpotexp/env/lib/python3.10/site-packages/sklearn/base.py", line 1466, in wrapper
    estimator._validate_params()
  File "/common/ketrong/tpotexp/env/lib/python3.10/site-packages/sklearn/base.py", line 666, in _validate_params
    validate_parameter_constraints(
  File "/common/ketrong/tpotexp/env/lib/python3.10/site-packages/sklearn/utils/_param_validation.py", line 95, in validate_parameter_constraints
    raise InvalidParameterError(
sklearn.utils._param_validation.InvalidParameterError: The 'criterion' parameter of DecisionTreeRegressor must be a str among {'friedman_mse', 'poisson', 'absolute_error', 'squared_error'}. Got 'mae' instead.

WARNING THIS INDIVIDUAL CAUSED AND EXCEPTION 
 <tpot2.search_spaces.pipelines.sequential.SequentialPipelineIndividual object at 0x155475758100> 
 The 'criterion' parameter of DecisionTreeRegressor must be a str among {'friedman_mse', 'poisson', 'absolute_error', 'squared_error'}. Got 'mae' instead. 
 Traceback (most recent call last):
  File "/common/ketrong/tpotexp/tpot2/tpot2/utils/eval_utils.py", line 53, in objective_nan_wrapper
    value = func_timeout.func_timeout(timeout, objective_function, args=[individual], kwargs=objective_kwargs)
  File "/common/ketrong/tpotexp/env/lib/python3.10/site-packages/func_timeout/dafunc.py", line 108, in func_timeout
    raise_exception(exception)
  File "/common/ketrong/tpotexp/env/lib/python3.10/site-packages/func_timeout/py3_raise.py", line 7, in raise_exception
    raise exception[0] from None
  File "/common/ketrong/tpotexp/tpot2/tpot2/tpot_estimator/estimator.py", line 623, in objective_function
    return objective_function_generator(
  File "/common/ketrong/tpotexp/tpot2/tpot2/tpot_estimator/estimator_utils.py", line 55, in objective_function_generator
    cv_obj_scores = cross_val_score_objective(sklearn.base.clone(pipeline),x,y,scorers=scorers, cv=cv , fold=step)
  File "/common/ketrong/tpotexp/tpot2/tpot2/tpot_estimator/cross_val_utils.py", line 28, in cross_val_score_objective
    this_fold_pipeline.fit(X_train,y_train)
  File "/common/ketrong/tpotexp/env/lib/python3.10/site-packages/sklearn/base.py", line 1473, in wrapper
    return fit_method(estimator, *args, **kwargs)
  File "/common/ketrong/tpotexp/env/lib/python3.10/site-packages/sklearn/pipeline.py", line 473, in fit
    self._final_estimator.fit(Xt, y, **last_step_params["fit"])
  File "/common/ketrong/tpotexp/env/lib/python3.10/site-packages/sklearn/base.py", line 1466, in wrapper
    estimator._validate_params()
  File "/common/ketrong/tpotexp/env/lib/python3.10/site-packages/sklearn/base.py", line 666, in _validate_params
    validate_parameter_constraints(
  File "/common/ketrong/tpotexp/env/lib/python3.10/site-packages/sklearn/utils/_param_validation.py", line 95, in validate_parameter_constraints
    raise InvalidParameterError(
sklearn.utils._param_validation.InvalidParameterError: The 'criterion' parameter of DecisionTreeRegressor must be a str among {'friedman_mse', 'poisson', 'absolute_error', 'squared_error'}. Got 'mae' instead.

WARNING THIS INDIVIDUAL CAUSED AND EXCEPTION 
 <tpot2.search_spaces.pipelines.sequential.SequentialPipelineIndividual object at 0x155475eea770> 
 The 'criterion' parameter of RandomForestRegressor must be a str among {'friedman_mse', 'poisson', 'absolute_error', 'squared_error'}. Got 'mse' instead. 
 Traceback (most recent call last):
  File "/common/ketrong/tpotexp/tpot2/tpot2/utils/eval_utils.py", line 53, in objective_nan_wrapper
    value = func_timeout.func_timeout(timeout, objective_function, args=[individual], kwargs=objective_kwargs)
  File "/common/ketrong/tpotexp/env/lib/python3.10/site-packages/func_timeout/dafunc.py", line 108, in func_timeout
    raise_exception(exception)
  File "/common/ketrong/tpotexp/env/lib/python3.10/site-packages/func_timeout/py3_raise.py", line 7, in raise_exception
    raise exception[0] from None
  File "/common/ketrong/tpotexp/tpot2/tpot2/tpot_estimator/estimator.py", line 623, in objective_function
    return objective_function_generator(
  File "/common/ketrong/tpotexp/tpot2/tpot2/tpot_estimator/estimator_utils.py", line 55, in objective_function_generator
    cv_obj_scores = cross_val_score_objective(sklearn.base.clone(pipeline),x,y,scorers=scorers, cv=cv , fold=step)
  File "/common/ketrong/tpotexp/tpot2/tpot2/tpot_estimator/cross_val_utils.py", line 28, in cross_val_score_objective
    this_fold_pipeline.fit(X_train,y_train)
  File "/common/ketrong/tpotexp/env/lib/python3.10/site-packages/sklearn/base.py", line 1473, in wrapper
    return fit_method(estimator, *args, **kwargs)
  File "/common/ketrong/tpotexp/env/lib/python3.10/site-packages/sklearn/pipeline.py", line 473, in fit
    self._final_estimator.fit(Xt, y, **last_step_params["fit"])
  File "/common/ketrong/tpotexp/env/lib/python3.10/site-packages/sklearn/base.py", line 1466, in wrapper
    estimator._validate_params()
  File "/common/ketrong/tpotexp/env/lib/python3.10/site-packages/sklearn/base.py", line 666, in _validate_params
    validate_parameter_constraints(
  File "/common/ketrong/tpotexp/env/lib/python3.10/site-packages/sklearn/utils/_param_validation.py", line 95, in validate_parameter_constraints
    raise InvalidParameterError(
sklearn.utils._param_validation.InvalidParameterError: The 'criterion' parameter of RandomForestRegressor must be a str among {'friedman_mse', 'poisson', 'absolute_error', 'squared_error'}. Got 'mse' instead.

WARNING AN INDIVIDUAL TIMED OUT: 
 <tpot2.search_spaces.pipelines.sequential.SequentialPipelineIndividual object at 0x155475eeaec0> 

WARNING AN INDIVIDUAL TIMED OUT: 
 <tpot2.search_spaces.pipelines.sequential.SequentialPipelineIndividual object at 0x155475ee9bd0> 

Generation:  1
Best root_mean_squared_error score: -2.585885592467763
Generation:   4%|         | 1/25 [10:02<4:01:01, 602.55s/it]WARNING THIS INDIVIDUAL CAUSED AND EXCEPTION 
 <tpot2.search_spaces.pipelines.sequential.SequentialPipelineIndividual object at 0x155475753b50> 
 The 'criterion' parameter of ExtraTreesRegressor must be a str among {'friedman_mse', 'poisson', 'absolute_error', 'squared_error'}. Got 'mae' instead. 
 Traceback (most recent call last):
  File "/common/ketrong/tpotexp/tpot2/tpot2/utils/eval_utils.py", line 53, in objective_nan_wrapper
    value = func_timeout.func_timeout(timeout, objective_function, args=[individual], kwargs=objective_kwargs)
  File "/common/ketrong/tpotexp/env/lib/python3.10/site-packages/func_timeout/dafunc.py", line 108, in func_timeout
    raise_exception(exception)
  File "/common/ketrong/tpotexp/env/lib/python3.10/site-packages/func_timeout/py3_raise.py", line 7, in raise_exception
    raise exception[0] from None
  File "/common/ketrong/tpotexp/tpot2/tpot2/tpot_estimator/estimator.py", line 623, in objective_function
    return objective_function_generator(
  File "/common/ketrong/tpotexp/tpot2/tpot2/tpot_estimator/estimator_utils.py", line 55, in objective_function_generator
    cv_obj_scores = cross_val_score_objective(sklearn.base.clone(pipeline),x,y,scorers=scorers, cv=cv , fold=step)
  File "/common/ketrong/tpotexp/tpot2/tpot2/tpot_estimator/cross_val_utils.py", line 28, in cross_val_score_objective
    this_fold_pipeline.fit(X_train,y_train)
  File "/common/ketrong/tpotexp/env/lib/python3.10/site-packages/sklearn/base.py", line 1473, in wrapper
    return fit_method(estimator, *args, **kwargs)
  File "/common/ketrong/tpotexp/env/lib/python3.10/site-packages/sklearn/pipeline.py", line 473, in fit
    self._final_estimator.fit(Xt, y, **last_step_params["fit"])
  File "/common/ketrong/tpotexp/env/lib/python3.10/site-packages/sklearn/base.py", line 1466, in wrapper
    estimator._validate_params()
  File "/common/ketrong/tpotexp/env/lib/python3.10/site-packages/sklearn/base.py", line 666, in _validate_params
    validate_parameter_constraints(
  File "/common/ketrong/tpotexp/env/lib/python3.10/site-packages/sklearn/utils/_param_validation.py", line 95, in validate_parameter_constraints
    raise InvalidParameterError(
sklearn.utils._param_validation.InvalidParameterError: The 'criterion' parameter of ExtraTreesRegressor must be a str among {'friedman_mse', 'poisson', 'absolute_error', 'squared_error'}. Got 'mae' instead.

Generation:  2
Best root_mean_squared_error score: -2.5609112959239124
Generation:   8%|         | 2/25 [11:47<1:58:49, 309.98s/it]Generation:  3
Best root_mean_squared_error score: -2.5513246636877573
Generation:  12%|        | 3/25 [13:23<1:17:42, 211.94s/it]WARNING THIS INDIVIDUAL CAUSED AND EXCEPTION 
 <tpot2.search_spaces.pipelines.sequential.SequentialPipelineIndividual object at 0x1554757b80d0> 
 The 'criterion' parameter of ExtraTreesRegressor must be a str among {'friedman_mse', 'poisson', 'absolute_error', 'squared_error'}. Got 'mae' instead. 
 Traceback (most recent call last):
  File "/common/ketrong/tpotexp/tpot2/tpot2/utils/eval_utils.py", line 53, in objective_nan_wrapper
    value = func_timeout.func_timeout(timeout, objective_function, args=[individual], kwargs=objective_kwargs)
  File "/common/ketrong/tpotexp/env/lib/python3.10/site-packages/func_timeout/dafunc.py", line 108, in func_timeout
    raise_exception(exception)
  File "/common/ketrong/tpotexp/env/lib/python3.10/site-packages/func_timeout/py3_raise.py", line 7, in raise_exception
    raise exception[0] from None
  File "/common/ketrong/tpotexp/tpot2/tpot2/tpot_estimator/estimator.py", line 623, in objective_function
    return objective_function_generator(
  File "/common/ketrong/tpotexp/tpot2/tpot2/tpot_estimator/estimator_utils.py", line 55, in objective_function_generator
    cv_obj_scores = cross_val_score_objective(sklearn.base.clone(pipeline),x,y,scorers=scorers, cv=cv , fold=step)
  File "/common/ketrong/tpotexp/tpot2/tpot2/tpot_estimator/cross_val_utils.py", line 28, in cross_val_score_objective
    this_fold_pipeline.fit(X_train,y_train)
  File "/common/ketrong/tpotexp/env/lib/python3.10/site-packages/sklearn/base.py", line 1473, in wrapper
    return fit_method(estimator, *args, **kwargs)
  File "/common/ketrong/tpotexp/env/lib/python3.10/site-packages/sklearn/pipeline.py", line 473, in fit
    self._final_estimator.fit(Xt, y, **last_step_params["fit"])
  File "/common/ketrong/tpotexp/env/lib/python3.10/site-packages/sklearn/base.py", line 1466, in wrapper
    estimator._validate_params()
  File "/common/ketrong/tpotexp/env/lib/python3.10/site-packages/sklearn/base.py", line 666, in _validate_params
    validate_parameter_constraints(
  File "/common/ketrong/tpotexp/env/lib/python3.10/site-packages/sklearn/utils/_param_validation.py", line 95, in validate_parameter_constraints
    raise InvalidParameterError(
sklearn.utils._param_validation.InvalidParameterError: The 'criterion' parameter of ExtraTreesRegressor must be a str among {'friedman_mse', 'poisson', 'absolute_error', 'squared_error'}. Got 'mae' instead.

WARNING THIS INDIVIDUAL CAUSED AND EXCEPTION 
 <tpot2.search_spaces.pipelines.sequential.SequentialPipelineIndividual object at 0x155475787f70> 
 The 'criterion' parameter of DecisionTreeRegressor must be a str among {'friedman_mse', 'poisson', 'absolute_error', 'squared_error'}. Got 'mae' instead. 
 Traceback (most recent call last):
  File "/common/ketrong/tpotexp/tpot2/tpot2/utils/eval_utils.py", line 53, in objective_nan_wrapper
    value = func_timeout.func_timeout(timeout, objective_function, args=[individual], kwargs=objective_kwargs)
  File "/common/ketrong/tpotexp/env/lib/python3.10/site-packages/func_timeout/dafunc.py", line 108, in func_timeout
    raise_exception(exception)
  File "/common/ketrong/tpotexp/env/lib/python3.10/site-packages/func_timeout/py3_raise.py", line 7, in raise_exception
    raise exception[0] from None
  File "/common/ketrong/tpotexp/tpot2/tpot2/tpot_estimator/estimator.py", line 623, in objective_function
    return objective_function_generator(
  File "/common/ketrong/tpotexp/tpot2/tpot2/tpot_estimator/estimator_utils.py", line 55, in objective_function_generator
    cv_obj_scores = cross_val_score_objective(sklearn.base.clone(pipeline),x,y,scorers=scorers, cv=cv , fold=step)
  File "/common/ketrong/tpotexp/tpot2/tpot2/tpot_estimator/cross_val_utils.py", line 28, in cross_val_score_objective
    this_fold_pipeline.fit(X_train,y_train)
  File "/common/ketrong/tpotexp/env/lib/python3.10/site-packages/sklearn/base.py", line 1473, in wrapper
    return fit_method(estimator, *args, **kwargs)
  File "/common/ketrong/tpotexp/env/lib/python3.10/site-packages/sklearn/pipeline.py", line 473, in fit
    self._final_estimator.fit(Xt, y, **last_step_params["fit"])
  File "/common/ketrong/tpotexp/env/lib/python3.10/site-packages/sklearn/base.py", line 1466, in wrapper
    estimator._validate_params()
  File "/common/ketrong/tpotexp/env/lib/python3.10/site-packages/sklearn/base.py", line 666, in _validate_params
    validate_parameter_constraints(
  File "/common/ketrong/tpotexp/env/lib/python3.10/site-packages/sklearn/utils/_param_validation.py", line 95, in validate_parameter_constraints
    raise InvalidParameterError(
sklearn.utils._param_validation.InvalidParameterError: The 'criterion' parameter of DecisionTreeRegressor must be a str among {'friedman_mse', 'poisson', 'absolute_error', 'squared_error'}. Got 'mae' instead.

Generation:  4
Best root_mean_squared_error score: -2.5513246636877573
Generation:  16%|        | 4/25 [20:55<1:47:26, 306.97s/it]Generation:  5
Best root_mean_squared_error score: -2.5503558360750502
Generation:  20%|        | 5/25 [21:33<1:09:58, 209.93s/it]Generation:  6
Best root_mean_squared_error score: -2.5503558360750502
Generation:  24%|       | 6/25 [22:33<50:20, 159.00s/it]  Generation:  7
Best root_mean_squared_error score: -2.5503558360750502
Generation:  28%|       | 7/25 [22:56<34:22, 114.56s/it]WARNING THIS INDIVIDUAL CAUSED AND EXCEPTION 
 <tpot2.search_spaces.pipelines.sequential.SequentialPipelineIndividual object at 0x1554757a7370> 
 The 'criterion' parameter of RandomForestRegressor must be a str among {'friedman_mse', 'poisson', 'absolute_error', 'squared_error'}. Got 'mae' instead. 
 Traceback (most recent call last):
  File "/common/ketrong/tpotexp/tpot2/tpot2/utils/eval_utils.py", line 53, in objective_nan_wrapper
    value = func_timeout.func_timeout(timeout, objective_function, args=[individual], kwargs=objective_kwargs)
  File "/common/ketrong/tpotexp/env/lib/python3.10/site-packages/func_timeout/dafunc.py", line 108, in func_timeout
    raise_exception(exception)
  File "/common/ketrong/tpotexp/env/lib/python3.10/site-packages/func_timeout/py3_raise.py", line 7, in raise_exception
    raise exception[0] from None
  File "/common/ketrong/tpotexp/tpot2/tpot2/tpot_estimator/estimator.py", line 623, in objective_function
    return objective_function_generator(
  File "/common/ketrong/tpotexp/tpot2/tpot2/tpot_estimator/estimator_utils.py", line 55, in objective_function_generator
    cv_obj_scores = cross_val_score_objective(sklearn.base.clone(pipeline),x,y,scorers=scorers, cv=cv , fold=step)
  File "/common/ketrong/tpotexp/tpot2/tpot2/tpot_estimator/cross_val_utils.py", line 28, in cross_val_score_objective
    this_fold_pipeline.fit(X_train,y_train)
  File "/common/ketrong/tpotexp/env/lib/python3.10/site-packages/sklearn/base.py", line 1473, in wrapper
    return fit_method(estimator, *args, **kwargs)
  File "/common/ketrong/tpotexp/env/lib/python3.10/site-packages/sklearn/pipeline.py", line 473, in fit
    self._final_estimator.fit(Xt, y, **last_step_params["fit"])
  File "/common/ketrong/tpotexp/env/lib/python3.10/site-packages/sklearn/base.py", line 1466, in wrapper
    estimator._validate_params()
  File "/common/ketrong/tpotexp/env/lib/python3.10/site-packages/sklearn/base.py", line 666, in _validate_params
    validate_parameter_constraints(
  File "/common/ketrong/tpotexp/env/lib/python3.10/site-packages/sklearn/utils/_param_validation.py", line 95, in validate_parameter_constraints
    raise InvalidParameterError(
sklearn.utils._param_validation.InvalidParameterError: The 'criterion' parameter of RandomForestRegressor must be a str among {'friedman_mse', 'poisson', 'absolute_error', 'squared_error'}. Got 'mae' instead.

Generation:  8
Best root_mean_squared_error score: -2.5503558360750502
Generation:  32%|      | 8/25 [23:17<24:01, 84.77s/it] WARNING THIS INDIVIDUAL CAUSED AND EXCEPTION 
 <tpot2.search_spaces.pipelines.sequential.SequentialPipelineIndividual object at 0x155474aed930> 
 The 'criterion' parameter of RandomForestRegressor must be a str among {'friedman_mse', 'poisson', 'absolute_error', 'squared_error'}. Got 'mse' instead. 
 Traceback (most recent call last):
  File "/common/ketrong/tpotexp/tpot2/tpot2/utils/eval_utils.py", line 53, in objective_nan_wrapper
    value = func_timeout.func_timeout(timeout, objective_function, args=[individual], kwargs=objective_kwargs)
  File "/common/ketrong/tpotexp/env/lib/python3.10/site-packages/func_timeout/dafunc.py", line 108, in func_timeout
    raise_exception(exception)
  File "/common/ketrong/tpotexp/env/lib/python3.10/site-packages/func_timeout/py3_raise.py", line 7, in raise_exception
    raise exception[0] from None
  File "/common/ketrong/tpotexp/tpot2/tpot2/tpot_estimator/estimator.py", line 623, in objective_function
    return objective_function_generator(
  File "/common/ketrong/tpotexp/tpot2/tpot2/tpot_estimator/estimator_utils.py", line 55, in objective_function_generator
    cv_obj_scores = cross_val_score_objective(sklearn.base.clone(pipeline),x,y,scorers=scorers, cv=cv , fold=step)
  File "/common/ketrong/tpotexp/tpot2/tpot2/tpot_estimator/cross_val_utils.py", line 28, in cross_val_score_objective
    this_fold_pipeline.fit(X_train,y_train)
  File "/common/ketrong/tpotexp/env/lib/python3.10/site-packages/sklearn/base.py", line 1473, in wrapper
    return fit_method(estimator, *args, **kwargs)
  File "/common/ketrong/tpotexp/env/lib/python3.10/site-packages/sklearn/pipeline.py", line 473, in fit
    self._final_estimator.fit(Xt, y, **last_step_params["fit"])
  File "/common/ketrong/tpotexp/env/lib/python3.10/site-packages/sklearn/base.py", line 1466, in wrapper
    estimator._validate_params()
  File "/common/ketrong/tpotexp/env/lib/python3.10/site-packages/sklearn/base.py", line 666, in _validate_params
    validate_parameter_constraints(
  File "/common/ketrong/tpotexp/env/lib/python3.10/site-packages/sklearn/utils/_param_validation.py", line 95, in validate_parameter_constraints
    raise InvalidParameterError(
sklearn.utils._param_validation.InvalidParameterError: The 'criterion' parameter of RandomForestRegressor must be a str among {'friedman_mse', 'poisson', 'absolute_error', 'squared_error'}. Got 'mse' instead.

Generation:  9
Best root_mean_squared_error score: -2.5467932393541033
Generation:  36%|      | 9/25 [24:09<19:49, 74.33s/it]Generation:  10
Best root_mean_squared_error score: -2.5467552896065824
Generation:  40%|      | 10/25 [25:36<19:33, 78.26s/it]Generation:  11
Best root_mean_squared_error score: -2.5467552896065824
Generation:  44%|     | 11/25 [28:27<24:55, 106.83s/it]WARNING THIS INDIVIDUAL CAUSED AND EXCEPTION 
 <tpot2.search_spaces.pipelines.sequential.SequentialPipelineIndividual object at 0x15547549f6a0> 
 The 'criterion' parameter of DecisionTreeRegressor must be a str among {'friedman_mse', 'poisson', 'absolute_error', 'squared_error'}. Got 'mae' instead. 
 Traceback (most recent call last):
  File "/common/ketrong/tpotexp/tpot2/tpot2/utils/eval_utils.py", line 53, in objective_nan_wrapper
    value = func_timeout.func_timeout(timeout, objective_function, args=[individual], kwargs=objective_kwargs)
  File "/common/ketrong/tpotexp/env/lib/python3.10/site-packages/func_timeout/dafunc.py", line 108, in func_timeout
    raise_exception(exception)
  File "/common/ketrong/tpotexp/env/lib/python3.10/site-packages/func_timeout/py3_raise.py", line 7, in raise_exception
    raise exception[0] from None
  File "/common/ketrong/tpotexp/tpot2/tpot2/tpot_estimator/estimator.py", line 623, in objective_function
    return objective_function_generator(
  File "/common/ketrong/tpotexp/tpot2/tpot2/tpot_estimator/estimator_utils.py", line 55, in objective_function_generator
    cv_obj_scores = cross_val_score_objective(sklearn.base.clone(pipeline),x,y,scorers=scorers, cv=cv , fold=step)
  File "/common/ketrong/tpotexp/tpot2/tpot2/tpot_estimator/cross_val_utils.py", line 28, in cross_val_score_objective
    this_fold_pipeline.fit(X_train,y_train)
  File "/common/ketrong/tpotexp/env/lib/python3.10/site-packages/sklearn/base.py", line 1473, in wrapper
    return fit_method(estimator, *args, **kwargs)
  File "/common/ketrong/tpotexp/env/lib/python3.10/site-packages/sklearn/pipeline.py", line 473, in fit
    self._final_estimator.fit(Xt, y, **last_step_params["fit"])
  File "/common/ketrong/tpotexp/env/lib/python3.10/site-packages/sklearn/base.py", line 1466, in wrapper
    estimator._validate_params()
  File "/common/ketrong/tpotexp/env/lib/python3.10/site-packages/sklearn/base.py", line 666, in _validate_params
    validate_parameter_constraints(
  File "/common/ketrong/tpotexp/env/lib/python3.10/site-packages/sklearn/utils/_param_validation.py", line 95, in validate_parameter_constraints
    raise InvalidParameterError(
sklearn.utils._param_validation.InvalidParameterError: The 'criterion' parameter of DecisionTreeRegressor must be a str among {'friedman_mse', 'poisson', 'absolute_error', 'squared_error'}. Got 'mae' instead.

Generation:  12
Best root_mean_squared_error score: -2.5467552896065824
Generation:  48%|     | 12/25 [32:57<33:51, 156.30s/it]Generation:  13
Best root_mean_squared_error score: -2.545491292626317
Generation:  52%|    | 13/25 [33:18<23:04, 115.36s/it]Generation:  14
Best root_mean_squared_error score: -2.545491292626317
Generation:  56%|    | 14/25 [34:03<17:14, 94.04s/it] Generation:  15
Best root_mean_squared_error score: -2.545491292626317
Generation:  60%|    | 15/25 [41:30<33:25, 200.56s/it]WARNING THIS INDIVIDUAL CAUSED AND EXCEPTION 
 <tpot2.search_spaces.pipelines.sequential.SequentialPipelineIndividual object at 0x155474874e50> 
 The 'criterion' parameter of RandomForestRegressor must be a str among {'friedman_mse', 'poisson', 'absolute_error', 'squared_error'}. Got 'mae' instead. 
 Traceback (most recent call last):
  File "/common/ketrong/tpotexp/tpot2/tpot2/utils/eval_utils.py", line 53, in objective_nan_wrapper
    value = func_timeout.func_timeout(timeout, objective_function, args=[individual], kwargs=objective_kwargs)
  File "/common/ketrong/tpotexp/env/lib/python3.10/site-packages/func_timeout/dafunc.py", line 108, in func_timeout
    raise_exception(exception)
  File "/common/ketrong/tpotexp/env/lib/python3.10/site-packages/func_timeout/py3_raise.py", line 7, in raise_exception
    raise exception[0] from None
  File "/common/ketrong/tpotexp/tpot2/tpot2/tpot_estimator/estimator.py", line 623, in objective_function
    return objective_function_generator(
  File "/common/ketrong/tpotexp/tpot2/tpot2/tpot_estimator/estimator_utils.py", line 55, in objective_function_generator
    cv_obj_scores = cross_val_score_objective(sklearn.base.clone(pipeline),x,y,scorers=scorers, cv=cv , fold=step)
  File "/common/ketrong/tpotexp/tpot2/tpot2/tpot_estimator/cross_val_utils.py", line 28, in cross_val_score_objective
    this_fold_pipeline.fit(X_train,y_train)
  File "/common/ketrong/tpotexp/env/lib/python3.10/site-packages/sklearn/base.py", line 1473, in wrapper
    return fit_method(estimator, *args, **kwargs)
  File "/common/ketrong/tpotexp/env/lib/python3.10/site-packages/sklearn/pipeline.py", line 473, in fit
    self._final_estimator.fit(Xt, y, **last_step_params["fit"])
  File "/common/ketrong/tpotexp/env/lib/python3.10/site-packages/sklearn/base.py", line 1466, in wrapper
    estimator._validate_params()
  File "/common/ketrong/tpotexp/env/lib/python3.10/site-packages/sklearn/base.py", line 666, in _validate_params
    validate_parameter_constraints(
  File "/common/ketrong/tpotexp/env/lib/python3.10/site-packages/sklearn/utils/_param_validation.py", line 95, in validate_parameter_constraints
    raise InvalidParameterError(
sklearn.utils._param_validation.InvalidParameterError: The 'criterion' parameter of RandomForestRegressor must be a str among {'friedman_mse', 'poisson', 'absolute_error', 'squared_error'}. Got 'mae' instead.

WARNING AN INDIVIDUAL TIMED OUT: 
 <tpot2.search_spaces.pipelines.sequential.SequentialPipelineIndividual object at 0x155474a97d60> 

WARNING AN INDIVIDUAL TIMED OUT: 
 <tpot2.search_spaces.pipelines.sequential.SequentialPipelineIndividual object at 0x15545dc81360> 

Generation:  16
Best root_mean_squared_error score: -2.545491292626317
Generation:  64%|   | 16/25 [51:37<48:26, 322.90s/it]WARNING THIS INDIVIDUAL CAUSED AND EXCEPTION 
 <tpot2.search_spaces.pipelines.sequential.SequentialPipelineIndividual object at 0x155475482ef0> 
 The 'criterion' parameter of RandomForestRegressor must be a str among {'friedman_mse', 'poisson', 'absolute_error', 'squared_error'}. Got 'mae' instead. 
 Traceback (most recent call last):
  File "/common/ketrong/tpotexp/tpot2/tpot2/utils/eval_utils.py", line 53, in objective_nan_wrapper
    value = func_timeout.func_timeout(timeout, objective_function, args=[individual], kwargs=objective_kwargs)
  File "/common/ketrong/tpotexp/env/lib/python3.10/site-packages/func_timeout/dafunc.py", line 108, in func_timeout
    raise_exception(exception)
  File "/common/ketrong/tpotexp/env/lib/python3.10/site-packages/func_timeout/py3_raise.py", line 7, in raise_exception
    raise exception[0] from None
  File "/common/ketrong/tpotexp/tpot2/tpot2/tpot_estimator/estimator.py", line 623, in objective_function
    return objective_function_generator(
  File "/common/ketrong/tpotexp/tpot2/tpot2/tpot_estimator/estimator_utils.py", line 55, in objective_function_generator
    cv_obj_scores = cross_val_score_objective(sklearn.base.clone(pipeline),x,y,scorers=scorers, cv=cv , fold=step)
  File "/common/ketrong/tpotexp/tpot2/tpot2/tpot_estimator/cross_val_utils.py", line 28, in cross_val_score_objective
    this_fold_pipeline.fit(X_train,y_train)
  File "/common/ketrong/tpotexp/env/lib/python3.10/site-packages/sklearn/base.py", line 1473, in wrapper
    return fit_method(estimator, *args, **kwargs)
  File "/common/ketrong/tpotexp/env/lib/python3.10/site-packages/sklearn/pipeline.py", line 473, in fit
    self._final_estimator.fit(Xt, y, **last_step_params["fit"])
  File "/common/ketrong/tpotexp/env/lib/python3.10/site-packages/sklearn/base.py", line 1466, in wrapper
    estimator._validate_params()
  File "/common/ketrong/tpotexp/env/lib/python3.10/site-packages/sklearn/base.py", line 666, in _validate_params
    validate_parameter_constraints(
  File "/common/ketrong/tpotexp/env/lib/python3.10/site-packages/sklearn/utils/_param_validation.py", line 95, in validate_parameter_constraints
    raise InvalidParameterError(
sklearn.utils._param_validation.InvalidParameterError: The 'criterion' parameter of RandomForestRegressor must be a str among {'friedman_mse', 'poisson', 'absolute_error', 'squared_error'}. Got 'mae' instead.

WARNING AN INDIVIDUAL TIMED OUT: 
 <tpot2.search_spaces.pipelines.sequential.SequentialPipelineIndividual object at 0x155474b5bd00> 

Generation:  17
Best root_mean_squared_error score: -2.545491292626317
Generation:  68%|   | 17/25 [1:01:44<54:26, 408.33s/it]WARNING THIS INDIVIDUAL CAUSED AND EXCEPTION 
 <tpot2.search_spaces.pipelines.sequential.SequentialPipelineIndividual object at 0x15547574d450> 
 The 'criterion' parameter of ExtraTreesRegressor must be a str among {'friedman_mse', 'poisson', 'absolute_error', 'squared_error'}. Got 'mae' instead. 
 Traceback (most recent call last):
  File "/common/ketrong/tpotexp/tpot2/tpot2/utils/eval_utils.py", line 53, in objective_nan_wrapper
    value = func_timeout.func_timeout(timeout, objective_function, args=[individual], kwargs=objective_kwargs)
  File "/common/ketrong/tpotexp/env/lib/python3.10/site-packages/func_timeout/dafunc.py", line 108, in func_timeout
    raise_exception(exception)
  File "/common/ketrong/tpotexp/env/lib/python3.10/site-packages/func_timeout/py3_raise.py", line 7, in raise_exception
    raise exception[0] from None
  File "/common/ketrong/tpotexp/tpot2/tpot2/tpot_estimator/estimator.py", line 623, in objective_function
    return objective_function_generator(
  File "/common/ketrong/tpotexp/tpot2/tpot2/tpot_estimator/estimator_utils.py", line 55, in objective_function_generator
    cv_obj_scores = cross_val_score_objective(sklearn.base.clone(pipeline),x,y,scorers=scorers, cv=cv , fold=step)
  File "/common/ketrong/tpotexp/tpot2/tpot2/tpot_estimator/cross_val_utils.py", line 28, in cross_val_score_objective
    this_fold_pipeline.fit(X_train,y_train)
  File "/common/ketrong/tpotexp/env/lib/python3.10/site-packages/sklearn/base.py", line 1473, in wrapper
    return fit_method(estimator, *args, **kwargs)
  File "/common/ketrong/tpotexp/env/lib/python3.10/site-packages/sklearn/pipeline.py", line 473, in fit
    self._final_estimator.fit(Xt, y, **last_step_params["fit"])
  File "/common/ketrong/tpotexp/env/lib/python3.10/site-packages/sklearn/base.py", line 1466, in wrapper
    estimator._validate_params()
  File "/common/ketrong/tpotexp/env/lib/python3.10/site-packages/sklearn/base.py", line 666, in _validate_params
    validate_parameter_constraints(
  File "/common/ketrong/tpotexp/env/lib/python3.10/site-packages/sklearn/utils/_param_validation.py", line 95, in validate_parameter_constraints
    raise InvalidParameterError(
sklearn.utils._param_validation.InvalidParameterError: The 'criterion' parameter of ExtraTreesRegressor must be a str among {'friedman_mse', 'poisson', 'absolute_error', 'squared_error'}. Got 'mae' instead.

Generation:  18
Best root_mean_squared_error score: -2.545491292626317
Generation:  72%|  | 18/25 [1:03:26<36:54, 316.31s/it]WARNING THIS INDIVIDUAL CAUSED AND EXCEPTION 
 <tpot2.search_spaces.pipelines.sequential.SequentialPipelineIndividual object at 0x155475751270> 
 The 'criterion' parameter of RandomForestRegressor must be a str among {'friedman_mse', 'poisson', 'absolute_error', 'squared_error'}. Got 'mae' instead. 
 Traceback (most recent call last):
  File "/common/ketrong/tpotexp/tpot2/tpot2/utils/eval_utils.py", line 53, in objective_nan_wrapper
    value = func_timeout.func_timeout(timeout, objective_function, args=[individual], kwargs=objective_kwargs)
  File "/common/ketrong/tpotexp/env/lib/python3.10/site-packages/func_timeout/dafunc.py", line 108, in func_timeout
    raise_exception(exception)
  File "/common/ketrong/tpotexp/env/lib/python3.10/site-packages/func_timeout/py3_raise.py", line 7, in raise_exception
    raise exception[0] from None
  File "/common/ketrong/tpotexp/tpot2/tpot2/tpot_estimator/estimator.py", line 623, in objective_function
    return objective_function_generator(
  File "/common/ketrong/tpotexp/tpot2/tpot2/tpot_estimator/estimator_utils.py", line 55, in objective_function_generator
    cv_obj_scores = cross_val_score_objective(sklearn.base.clone(pipeline),x,y,scorers=scorers, cv=cv , fold=step)
  File "/common/ketrong/tpotexp/tpot2/tpot2/tpot_estimator/cross_val_utils.py", line 28, in cross_val_score_objective
    this_fold_pipeline.fit(X_train,y_train)
  File "/common/ketrong/tpotexp/env/lib/python3.10/site-packages/sklearn/base.py", line 1473, in wrapper
    return fit_method(estimator, *args, **kwargs)
  File "/common/ketrong/tpotexp/env/lib/python3.10/site-packages/sklearn/pipeline.py", line 473, in fit
    self._final_estimator.fit(Xt, y, **last_step_params["fit"])
  File "/common/ketrong/tpotexp/env/lib/python3.10/site-packages/sklearn/base.py", line 1466, in wrapper
    estimator._validate_params()
  File "/common/ketrong/tpotexp/env/lib/python3.10/site-packages/sklearn/base.py", line 666, in _validate_params
    validate_parameter_constraints(
  File "/common/ketrong/tpotexp/env/lib/python3.10/site-packages/sklearn/utils/_param_validation.py", line 95, in validate_parameter_constraints
    raise InvalidParameterError(
sklearn.utils._param_validation.InvalidParameterError: The 'criterion' parameter of RandomForestRegressor must be a str among {'friedman_mse', 'poisson', 'absolute_error', 'squared_error'}. Got 'mae' instead.

WARNING THIS INDIVIDUAL CAUSED AND EXCEPTION 
 <tpot2.search_spaces.pipelines.sequential.SequentialPipelineIndividual object at 0x1554757ecca0> 
 The 'criterion' parameter of RandomForestRegressor must be a str among {'friedman_mse', 'poisson', 'absolute_error', 'squared_error'}. Got 'mae' instead. 
 Traceback (most recent call last):
  File "/common/ketrong/tpotexp/tpot2/tpot2/utils/eval_utils.py", line 53, in objective_nan_wrapper
    value = func_timeout.func_timeout(timeout, objective_function, args=[individual], kwargs=objective_kwargs)
  File "/common/ketrong/tpotexp/env/lib/python3.10/site-packages/func_timeout/dafunc.py", line 108, in func_timeout
    raise_exception(exception)
  File "/common/ketrong/tpotexp/env/lib/python3.10/site-packages/func_timeout/py3_raise.py", line 7, in raise_exception
    raise exception[0] from None
  File "/common/ketrong/tpotexp/tpot2/tpot2/tpot_estimator/estimator.py", line 623, in objective_function
    return objective_function_generator(
  File "/common/ketrong/tpotexp/tpot2/tpot2/tpot_estimator/estimator_utils.py", line 55, in objective_function_generator
    cv_obj_scores = cross_val_score_objective(sklearn.base.clone(pipeline),x,y,scorers=scorers, cv=cv , fold=step)
  File "/common/ketrong/tpotexp/tpot2/tpot2/tpot_estimator/cross_val_utils.py", line 28, in cross_val_score_objective
    this_fold_pipeline.fit(X_train,y_train)
  File "/common/ketrong/tpotexp/env/lib/python3.10/site-packages/sklearn/base.py", line 1473, in wrapper
    return fit_method(estimator, *args, **kwargs)
  File "/common/ketrong/tpotexp/env/lib/python3.10/site-packages/sklearn/pipeline.py", line 473, in fit
    self._final_estimator.fit(Xt, y, **last_step_params["fit"])
  File "/common/ketrong/tpotexp/env/lib/python3.10/site-packages/sklearn/base.py", line 1466, in wrapper
    estimator._validate_params()
  File "/common/ketrong/tpotexp/env/lib/python3.10/site-packages/sklearn/base.py", line 666, in _validate_params
    validate_parameter_constraints(
  File "/common/ketrong/tpotexp/env/lib/python3.10/site-packages/sklearn/utils/_param_validation.py", line 95, in validate_parameter_constraints
    raise InvalidParameterError(
sklearn.utils._param_validation.InvalidParameterError: The 'criterion' parameter of RandomForestRegressor must be a str among {'friedman_mse', 'poisson', 'absolute_error', 'squared_error'}. Got 'mae' instead.

WARNING THIS INDIVIDUAL CAUSED AND EXCEPTION 
 <tpot2.search_spaces.pipelines.sequential.SequentialPipelineIndividual object at 0x15547549fdc0> 
 The 'criterion' parameter of ExtraTreesRegressor must be a str among {'friedman_mse', 'poisson', 'absolute_error', 'squared_error'}. Got 'mae' instead. 
 Traceback (most recent call last):
  File "/common/ketrong/tpotexp/tpot2/tpot2/utils/eval_utils.py", line 53, in objective_nan_wrapper
    value = func_timeout.func_timeout(timeout, objective_function, args=[individual], kwargs=objective_kwargs)
  File "/common/ketrong/tpotexp/env/lib/python3.10/site-packages/func_timeout/dafunc.py", line 108, in func_timeout
    raise_exception(exception)
  File "/common/ketrong/tpotexp/env/lib/python3.10/site-packages/func_timeout/py3_raise.py", line 7, in raise_exception
    raise exception[0] from None
  File "/common/ketrong/tpotexp/tpot2/tpot2/tpot_estimator/estimator.py", line 623, in objective_function
    return objective_function_generator(
  File "/common/ketrong/tpotexp/tpot2/tpot2/tpot_estimator/estimator_utils.py", line 55, in objective_function_generator
    cv_obj_scores = cross_val_score_objective(sklearn.base.clone(pipeline),x,y,scorers=scorers, cv=cv , fold=step)
  File "/common/ketrong/tpotexp/tpot2/tpot2/tpot_estimator/cross_val_utils.py", line 28, in cross_val_score_objective
    this_fold_pipeline.fit(X_train,y_train)
  File "/common/ketrong/tpotexp/env/lib/python3.10/site-packages/sklearn/base.py", line 1473, in wrapper
    return fit_method(estimator, *args, **kwargs)
  File "/common/ketrong/tpotexp/env/lib/python3.10/site-packages/sklearn/pipeline.py", line 473, in fit
    self._final_estimator.fit(Xt, y, **last_step_params["fit"])
  File "/common/ketrong/tpotexp/env/lib/python3.10/site-packages/sklearn/base.py", line 1466, in wrapper
    estimator._validate_params()
  File "/common/ketrong/tpotexp/env/lib/python3.10/site-packages/sklearn/base.py", line 666, in _validate_params
    validate_parameter_constraints(
  File "/common/ketrong/tpotexp/env/lib/python3.10/site-packages/sklearn/utils/_param_validation.py", line 95, in validate_parameter_constraints
    raise InvalidParameterError(
sklearn.utils._param_validation.InvalidParameterError: The 'criterion' parameter of ExtraTreesRegressor must be a str among {'friedman_mse', 'poisson', 'absolute_error', 'squared_error'}. Got 'mae' instead.

Generation:  19
Best root_mean_squared_error score: -2.545491292626317
Generation:  76%|  | 19/25 [1:06:54<28:22, 283.82s/it]WARNING AN INDIVIDUAL TIMED OUT: 
 <tpot2.search_spaces.pipelines.sequential.SequentialPipelineIndividual object at 0x15545dda9d80> 

Generation:  20
Best root_mean_squared_error score: -2.545491292626317
Generation:  80%|  | 20/25 [1:17:02<31:45, 381.19s/it]WARNING THIS INDIVIDUAL CAUSED AND EXCEPTION 
 <tpot2.search_spaces.pipelines.sequential.SequentialPipelineIndividual object at 0x155474878f40> 
 The 'criterion' parameter of RandomForestRegressor must be a str among {'friedman_mse', 'poisson', 'absolute_error', 'squared_error'}. Got 'mae' instead. 
 Traceback (most recent call last):
  File "/common/ketrong/tpotexp/tpot2/tpot2/utils/eval_utils.py", line 53, in objective_nan_wrapper
    value = func_timeout.func_timeout(timeout, objective_function, args=[individual], kwargs=objective_kwargs)
  File "/common/ketrong/tpotexp/env/lib/python3.10/site-packages/func_timeout/dafunc.py", line 108, in func_timeout
    raise_exception(exception)
  File "/common/ketrong/tpotexp/env/lib/python3.10/site-packages/func_timeout/py3_raise.py", line 7, in raise_exception
    raise exception[0] from None
  File "/common/ketrong/tpotexp/tpot2/tpot2/tpot_estimator/estimator.py", line 623, in objective_function
    return objective_function_generator(
  File "/common/ketrong/tpotexp/tpot2/tpot2/tpot_estimator/estimator_utils.py", line 55, in objective_function_generator
    cv_obj_scores = cross_val_score_objective(sklearn.base.clone(pipeline),x,y,scorers=scorers, cv=cv , fold=step)
  File "/common/ketrong/tpotexp/tpot2/tpot2/tpot_estimator/cross_val_utils.py", line 28, in cross_val_score_objective
    this_fold_pipeline.fit(X_train,y_train)
  File "/common/ketrong/tpotexp/env/lib/python3.10/site-packages/sklearn/base.py", line 1473, in wrapper
    return fit_method(estimator, *args, **kwargs)
  File "/common/ketrong/tpotexp/env/lib/python3.10/site-packages/sklearn/pipeline.py", line 473, in fit
    self._final_estimator.fit(Xt, y, **last_step_params["fit"])
  File "/common/ketrong/tpotexp/env/lib/python3.10/site-packages/sklearn/base.py", line 1466, in wrapper
    estimator._validate_params()
  File "/common/ketrong/tpotexp/env/lib/python3.10/site-packages/sklearn/base.py", line 666, in _validate_params
    validate_parameter_constraints(
  File "/common/ketrong/tpotexp/env/lib/python3.10/site-packages/sklearn/utils/_param_validation.py", line 95, in validate_parameter_constraints
    raise InvalidParameterError(
sklearn.utils._param_validation.InvalidParameterError: The 'criterion' parameter of RandomForestRegressor must be a str among {'friedman_mse', 'poisson', 'absolute_error', 'squared_error'}. Got 'mae' instead.

Generation:  21
Best root_mean_squared_error score: -2.545491292626317
Generation:  84%| | 21/25 [1:17:52<18:47, 281.80s/it]WARNING THIS INDIVIDUAL CAUSED AND EXCEPTION 
 <tpot2.search_spaces.pipelines.sequential.SequentialPipelineIndividual object at 0x155474497790> 
 The 'criterion' parameter of RandomForestRegressor must be a str among {'friedman_mse', 'poisson', 'absolute_error', 'squared_error'}. Got 'mae' instead. 
 Traceback (most recent call last):
  File "/common/ketrong/tpotexp/tpot2/tpot2/utils/eval_utils.py", line 53, in objective_nan_wrapper
    value = func_timeout.func_timeout(timeout, objective_function, args=[individual], kwargs=objective_kwargs)
  File "/common/ketrong/tpotexp/env/lib/python3.10/site-packages/func_timeout/dafunc.py", line 108, in func_timeout
    raise_exception(exception)
  File "/common/ketrong/tpotexp/env/lib/python3.10/site-packages/func_timeout/py3_raise.py", line 7, in raise_exception
    raise exception[0] from None
  File "/common/ketrong/tpotexp/tpot2/tpot2/tpot_estimator/estimator.py", line 623, in objective_function
    return objective_function_generator(
  File "/common/ketrong/tpotexp/tpot2/tpot2/tpot_estimator/estimator_utils.py", line 55, in objective_function_generator
    cv_obj_scores = cross_val_score_objective(sklearn.base.clone(pipeline),x,y,scorers=scorers, cv=cv , fold=step)
  File "/common/ketrong/tpotexp/tpot2/tpot2/tpot_estimator/cross_val_utils.py", line 28, in cross_val_score_objective
    this_fold_pipeline.fit(X_train,y_train)
  File "/common/ketrong/tpotexp/env/lib/python3.10/site-packages/sklearn/base.py", line 1473, in wrapper
    return fit_method(estimator, *args, **kwargs)
  File "/common/ketrong/tpotexp/env/lib/python3.10/site-packages/sklearn/pipeline.py", line 473, in fit
    self._final_estimator.fit(Xt, y, **last_step_params["fit"])
  File "/common/ketrong/tpotexp/env/lib/python3.10/site-packages/sklearn/base.py", line 1466, in wrapper
    estimator._validate_params()
  File "/common/ketrong/tpotexp/env/lib/python3.10/site-packages/sklearn/base.py", line 666, in _validate_params
    validate_parameter_constraints(
  File "/common/ketrong/tpotexp/env/lib/python3.10/site-packages/sklearn/utils/_param_validation.py", line 95, in validate_parameter_constraints
    raise InvalidParameterError(
sklearn.utils._param_validation.InvalidParameterError: The 'criterion' parameter of RandomForestRegressor must be a str among {'friedman_mse', 'poisson', 'absolute_error', 'squared_error'}. Got 'mae' instead.

Generation:  22
Best root_mean_squared_error score: -2.545491292626317
Generation:  88%| | 22/25 [1:20:18<12:02, 240.78s/it]Generation:  23
Best root_mean_squared_error score: -2.545491292626317
Generation:  92%|| 23/25 [1:21:30<06:20, 190.17s/it]WARNING THIS INDIVIDUAL CAUSED AND EXCEPTION 
 <tpot2.search_spaces.pipelines.sequential.SequentialPipelineIndividual object at 0x15545c054190> 
 The 'criterion' parameter of RandomForestRegressor must be a str among {'friedman_mse', 'poisson', 'absolute_error', 'squared_error'}. Got 'mse' instead. 
 Traceback (most recent call last):
  File "/common/ketrong/tpotexp/tpot2/tpot2/utils/eval_utils.py", line 53, in objective_nan_wrapper
    value = func_timeout.func_timeout(timeout, objective_function, args=[individual], kwargs=objective_kwargs)
  File "/common/ketrong/tpotexp/env/lib/python3.10/site-packages/func_timeout/dafunc.py", line 108, in func_timeout
    raise_exception(exception)
  File "/common/ketrong/tpotexp/env/lib/python3.10/site-packages/func_timeout/py3_raise.py", line 7, in raise_exception
    raise exception[0] from None
  File "/common/ketrong/tpotexp/tpot2/tpot2/tpot_estimator/estimator.py", line 623, in objective_function
    return objective_function_generator(
  File "/common/ketrong/tpotexp/tpot2/tpot2/tpot_estimator/estimator_utils.py", line 55, in objective_function_generator
    cv_obj_scores = cross_val_score_objective(sklearn.base.clone(pipeline),x,y,scorers=scorers, cv=cv , fold=step)
  File "/common/ketrong/tpotexp/tpot2/tpot2/tpot_estimator/cross_val_utils.py", line 28, in cross_val_score_objective
    this_fold_pipeline.fit(X_train,y_train)
  File "/common/ketrong/tpotexp/env/lib/python3.10/site-packages/sklearn/base.py", line 1473, in wrapper
    return fit_method(estimator, *args, **kwargs)
  File "/common/ketrong/tpotexp/env/lib/python3.10/site-packages/sklearn/pipeline.py", line 473, in fit
    self._final_estimator.fit(Xt, y, **last_step_params["fit"])
  File "/common/ketrong/tpotexp/env/lib/python3.10/site-packages/sklearn/base.py", line 1466, in wrapper
    estimator._validate_params()
  File "/common/ketrong/tpotexp/env/lib/python3.10/site-packages/sklearn/base.py", line 666, in _validate_params
    validate_parameter_constraints(
  File "/common/ketrong/tpotexp/env/lib/python3.10/site-packages/sklearn/utils/_param_validation.py", line 95, in validate_parameter_constraints
    raise InvalidParameterError(
sklearn.utils._param_validation.InvalidParameterError: The 'criterion' parameter of RandomForestRegressor must be a str among {'friedman_mse', 'poisson', 'absolute_error', 'squared_error'}. Got 'mse' instead.

WARNING THIS INDIVIDUAL CAUSED AND EXCEPTION 
 <tpot2.search_spaces.pipelines.sequential.SequentialPipelineIndividual object at 0x15545f5579d0> 
 The 'criterion' parameter of DecisionTreeRegressor must be a str among {'friedman_mse', 'poisson', 'absolute_error', 'squared_error'}. Got 'mae' instead. 
 Traceback (most recent call last):
  File "/common/ketrong/tpotexp/tpot2/tpot2/utils/eval_utils.py", line 53, in objective_nan_wrapper
    value = func_timeout.func_timeout(timeout, objective_function, args=[individual], kwargs=objective_kwargs)
  File "/common/ketrong/tpotexp/env/lib/python3.10/site-packages/func_timeout/dafunc.py", line 108, in func_timeout
    raise_exception(exception)
  File "/common/ketrong/tpotexp/env/lib/python3.10/site-packages/func_timeout/py3_raise.py", line 7, in raise_exception
    raise exception[0] from None
  File "/common/ketrong/tpotexp/tpot2/tpot2/tpot_estimator/estimator.py", line 623, in objective_function
    return objective_function_generator(
  File "/common/ketrong/tpotexp/tpot2/tpot2/tpot_estimator/estimator_utils.py", line 55, in objective_function_generator
    cv_obj_scores = cross_val_score_objective(sklearn.base.clone(pipeline),x,y,scorers=scorers, cv=cv , fold=step)
  File "/common/ketrong/tpotexp/tpot2/tpot2/tpot_estimator/cross_val_utils.py", line 28, in cross_val_score_objective
    this_fold_pipeline.fit(X_train,y_train)
  File "/common/ketrong/tpotexp/env/lib/python3.10/site-packages/sklearn/base.py", line 1473, in wrapper
    return fit_method(estimator, *args, **kwargs)
  File "/common/ketrong/tpotexp/env/lib/python3.10/site-packages/sklearn/pipeline.py", line 473, in fit
    self._final_estimator.fit(Xt, y, **last_step_params["fit"])
  File "/common/ketrong/tpotexp/env/lib/python3.10/site-packages/sklearn/base.py", line 1466, in wrapper
    estimator._validate_params()
  File "/common/ketrong/tpotexp/env/lib/python3.10/site-packages/sklearn/base.py", line 666, in _validate_params
    validate_parameter_constraints(
  File "/common/ketrong/tpotexp/env/lib/python3.10/site-packages/sklearn/utils/_param_validation.py", line 95, in validate_parameter_constraints
    raise InvalidParameterError(
sklearn.utils._param_validation.InvalidParameterError: The 'criterion' parameter of DecisionTreeRegressor must be a str among {'friedman_mse', 'poisson', 'absolute_error', 'squared_error'}. Got 'mae' instead.

Generation:  24
Best root_mean_squared_error score: -2.545491292626317
Generation:  96%|| 24/25 [1:25:27<03:24, 204.45s/it]Generation:  25
Best root_mean_squared_error score: -2.545491292626317
Generation: 100%|| 25/25 [1:27:37<00:00, 182.10s/it]Generation: 100%|| 25/25 [1:27:40<00:00, 210.41s/it]
2024-08-27 07:33:09,707 - distributed.scheduler - ERROR - Removing worker 'tcp://127.0.0.1:32857' caused the cluster to lose scattered data, which can't be recovered: {'DataFrame-4f525155b0aa986c71f0c103cfaa5d45', 'ndarray-deab9c4e07dd944b0ce18c8d9eeea04b'} (stimulus_id='handle-worker-cleanup-1724769189.7076094')
Fitted
Pipeline(steps=[('lgbmregressor',
                 LGBMRegressor(max_depth=6, n_estimators=68, n_jobs=1,
                               num_leaves=53, verbose=-1))])
score start
train score: {'explained_var': 0.6966678129947125, 'r2': 0.6966678129947125, 'rmse': 2.4208039349029336}
original test score: {'explained_var': 0.9441881471131126, 'r2': 0.9437510887710968, 'rmse': 1.0356298603549416}
imputed test score: {'explained_var': 0.646699425597987, 'r2': 0.6466213737672526, 'rmse': 2.5957785702821137}
score end
check intended
EXP2 Finished
running experiment 3/3 - What is the best automl settings?
<tpot2.search_spaces.pipelines.sequential.SequentialPipeline object at 0x155430778460>
Start tpot fit
  0%|          | 0/25 [00:00<?, ?it/s]Generation:   0%|          | 0/25 [00:00<?, ?it/s]WARNING THIS INDIVIDUAL CAUSED AND EXCEPTION 
 <tpot2.search_spaces.pipelines.sequential.SequentialPipelineIndividual object at 0x155475eeaad0> 
 The 'criterion' parameter of ExtraTreesRegressor must be a str among {'friedman_mse', 'poisson', 'absolute_error', 'squared_error'}. Got 'mae' instead. 
 Traceback (most recent call last):
  File "/common/ketrong/tpotexp/tpot2/tpot2/utils/eval_utils.py", line 53, in objective_nan_wrapper
    value = func_timeout.func_timeout(timeout, objective_function, args=[individual], kwargs=objective_kwargs)
  File "/common/ketrong/tpotexp/env/lib/python3.10/site-packages/func_timeout/dafunc.py", line 108, in func_timeout
    raise_exception(exception)
  File "/common/ketrong/tpotexp/env/lib/python3.10/site-packages/func_timeout/py3_raise.py", line 7, in raise_exception
    raise exception[0] from None
  File "/common/ketrong/tpotexp/tpot2/tpot2/tpot_estimator/estimator.py", line 623, in objective_function
    return objective_function_generator(
  File "/common/ketrong/tpotexp/tpot2/tpot2/tpot_estimator/estimator_utils.py", line 55, in objective_function_generator
    cv_obj_scores = cross_val_score_objective(sklearn.base.clone(pipeline),x,y,scorers=scorers, cv=cv , fold=step)
  File "/common/ketrong/tpotexp/tpot2/tpot2/tpot_estimator/cross_val_utils.py", line 28, in cross_val_score_objective
    this_fold_pipeline.fit(X_train,y_train)
  File "/common/ketrong/tpotexp/env/lib/python3.10/site-packages/sklearn/base.py", line 1473, in wrapper
    return fit_method(estimator, *args, **kwargs)
  File "/common/ketrong/tpotexp/env/lib/python3.10/site-packages/sklearn/pipeline.py", line 473, in fit
    self._final_estimator.fit(Xt, y, **last_step_params["fit"])
  File "/common/ketrong/tpotexp/env/lib/python3.10/site-packages/sklearn/base.py", line 1466, in wrapper
    estimator._validate_params()
  File "/common/ketrong/tpotexp/env/lib/python3.10/site-packages/sklearn/base.py", line 666, in _validate_params
    validate_parameter_constraints(
  File "/common/ketrong/tpotexp/env/lib/python3.10/site-packages/sklearn/utils/_param_validation.py", line 95, in validate_parameter_constraints
    raise InvalidParameterError(
sklearn.utils._param_validation.InvalidParameterError: The 'criterion' parameter of ExtraTreesRegressor must be a str among {'friedman_mse', 'poisson', 'absolute_error', 'squared_error'}. Got 'mae' instead.

WARNING THIS INDIVIDUAL CAUSED AND EXCEPTION 
 <tpot2.search_spaces.pipelines.sequential.SequentialPipelineIndividual object at 0x155475eea560> 
 The 'criterion' parameter of ExtraTreesRegressor must be a str among {'friedman_mse', 'poisson', 'absolute_error', 'squared_error'}. Got 'mae' instead. 
 Traceback (most recent call last):
  File "/common/ketrong/tpotexp/tpot2/tpot2/utils/eval_utils.py", line 53, in objective_nan_wrapper
    value = func_timeout.func_timeout(timeout, objective_function, args=[individual], kwargs=objective_kwargs)
  File "/common/ketrong/tpotexp/env/lib/python3.10/site-packages/func_timeout/dafunc.py", line 108, in func_timeout
    raise_exception(exception)
  File "/common/ketrong/tpotexp/env/lib/python3.10/site-packages/func_timeout/py3_raise.py", line 7, in raise_exception
    raise exception[0] from None
  File "/common/ketrong/tpotexp/tpot2/tpot2/tpot_estimator/estimator.py", line 623, in objective_function
    return objective_function_generator(
  File "/common/ketrong/tpotexp/tpot2/tpot2/tpot_estimator/estimator_utils.py", line 55, in objective_function_generator
    cv_obj_scores = cross_val_score_objective(sklearn.base.clone(pipeline),x,y,scorers=scorers, cv=cv , fold=step)
  File "/common/ketrong/tpotexp/tpot2/tpot2/tpot_estimator/cross_val_utils.py", line 28, in cross_val_score_objective
    this_fold_pipeline.fit(X_train,y_train)
  File "/common/ketrong/tpotexp/env/lib/python3.10/site-packages/sklearn/base.py", line 1473, in wrapper
    return fit_method(estimator, *args, **kwargs)
  File "/common/ketrong/tpotexp/env/lib/python3.10/site-packages/sklearn/pipeline.py", line 473, in fit
    self._final_estimator.fit(Xt, y, **last_step_params["fit"])
  File "/common/ketrong/tpotexp/env/lib/python3.10/site-packages/sklearn/base.py", line 1466, in wrapper
    estimator._validate_params()
  File "/common/ketrong/tpotexp/env/lib/python3.10/site-packages/sklearn/base.py", line 666, in _validate_params
    validate_parameter_constraints(
  File "/common/ketrong/tpotexp/env/lib/python3.10/site-packages/sklearn/utils/_param_validation.py", line 95, in validate_parameter_constraints
    raise InvalidParameterError(
sklearn.utils._param_validation.InvalidParameterError: The 'criterion' parameter of ExtraTreesRegressor must be a str among {'friedman_mse', 'poisson', 'absolute_error', 'squared_error'}. Got 'mae' instead.

WARNING THIS INDIVIDUAL CAUSED AND EXCEPTION 
 <tpot2.search_spaces.pipelines.sequential.SequentialPipelineIndividual object at 0x155475eea380> 
 Input X contains NaN.
ARDRegression does not accept missing values encoded as NaN natively. For supervised learning, you might want to consider sklearn.ensemble.HistGradientBoostingClassifier and Regressor which accept missing values encoded as NaNs natively. Alternatively, it is possible to preprocess the data, for instance by using an imputer transformer in a pipeline or drop samples with missing values. See https://scikit-learn.org/stable/modules/impute.html You can find a list of all estimators that handle NaN values at the following page: https://scikit-learn.org/stable/modules/impute.html#estimators-that-handle-nan-values 
 Traceback (most recent call last):
  File "/common/ketrong/tpotexp/tpot2/tpot2/utils/eval_utils.py", line 53, in objective_nan_wrapper
    value = func_timeout.func_timeout(timeout, objective_function, args=[individual], kwargs=objective_kwargs)
  File "/common/ketrong/tpotexp/env/lib/python3.10/site-packages/func_timeout/dafunc.py", line 108, in func_timeout
    raise_exception(exception)
  File "/common/ketrong/tpotexp/env/lib/python3.10/site-packages/func_timeout/py3_raise.py", line 7, in raise_exception
    raise exception[0] from None
  File "/common/ketrong/tpotexp/tpot2/tpot2/tpot_estimator/estimator.py", line 623, in objective_function
    return objective_function_generator(
  File "/common/ketrong/tpotexp/tpot2/tpot2/tpot_estimator/estimator_utils.py", line 55, in objective_function_generator
    cv_obj_scores = cross_val_score_objective(sklearn.base.clone(pipeline),x,y,scorers=scorers, cv=cv , fold=step)
  File "/common/ketrong/tpotexp/tpot2/tpot2/tpot_estimator/cross_val_utils.py", line 28, in cross_val_score_objective
    this_fold_pipeline.fit(X_train,y_train)
  File "/common/ketrong/tpotexp/env/lib/python3.10/site-packages/sklearn/base.py", line 1473, in wrapper
    return fit_method(estimator, *args, **kwargs)
  File "/common/ketrong/tpotexp/env/lib/python3.10/site-packages/sklearn/pipeline.py", line 473, in fit
    self._final_estimator.fit(Xt, y, **last_step_params["fit"])
  File "/common/ketrong/tpotexp/env/lib/python3.10/site-packages/sklearn/base.py", line 1473, in wrapper
    return fit_method(estimator, *args, **kwargs)
  File "/common/ketrong/tpotexp/env/lib/python3.10/site-packages/sklearn/linear_model/_bayes.py", line 624, in fit
    X, y = self._validate_data(
  File "/common/ketrong/tpotexp/env/lib/python3.10/site-packages/sklearn/base.py", line 650, in _validate_data
    X, y = check_X_y(X, y, **check_params)
  File "/common/ketrong/tpotexp/env/lib/python3.10/site-packages/sklearn/utils/validation.py", line 1301, in check_X_y
    X = check_array(
  File "/common/ketrong/tpotexp/env/lib/python3.10/site-packages/sklearn/utils/validation.py", line 1064, in check_array
    _assert_all_finite(
  File "/common/ketrong/tpotexp/env/lib/python3.10/site-packages/sklearn/utils/validation.py", line 123, in _assert_all_finite
    _assert_all_finite_element_wise(
  File "/common/ketrong/tpotexp/env/lib/python3.10/site-packages/sklearn/utils/validation.py", line 172, in _assert_all_finite_element_wise
    raise ValueError(msg_err)
ValueError: Input X contains NaN.
ARDRegression does not accept missing values encoded as NaN natively. For supervised learning, you might want to consider sklearn.ensemble.HistGradientBoostingClassifier and Regressor which accept missing values encoded as NaNs natively. Alternatively, it is possible to preprocess the data, for instance by using an imputer transformer in a pipeline or drop samples with missing values. See https://scikit-learn.org/stable/modules/impute.html You can find a list of all estimators that handle NaN values at the following page: https://scikit-learn.org/stable/modules/impute.html#estimators-that-handle-nan-values

WARNING THIS INDIVIDUAL CAUSED AND EXCEPTION 
 <tpot2.search_spaces.pipelines.sequential.SequentialPipelineIndividual object at 0x155475eeaa10> 
 Input X contains NaN.
SGDRegressor does not accept missing values encoded as NaN natively. For supervised learning, you might want to consider sklearn.ensemble.HistGradientBoostingClassifier and Regressor which accept missing values encoded as NaNs natively. Alternatively, it is possible to preprocess the data, for instance by using an imputer transformer in a pipeline or drop samples with missing values. See https://scikit-learn.org/stable/modules/impute.html You can find a list of all estimators that handle NaN values at the following page: https://scikit-learn.org/stable/modules/impute.html#estimators-that-handle-nan-values 
 Traceback (most recent call last):
  File "/common/ketrong/tpotexp/tpot2/tpot2/utils/eval_utils.py", line 53, in objective_nan_wrapper
    value = func_timeout.func_timeout(timeout, objective_function, args=[individual], kwargs=objective_kwargs)
  File "/common/ketrong/tpotexp/env/lib/python3.10/site-packages/func_timeout/dafunc.py", line 108, in func_timeout
    raise_exception(exception)
  File "/common/ketrong/tpotexp/env/lib/python3.10/site-packages/func_timeout/py3_raise.py", line 7, in raise_exception
    raise exception[0] from None
  File "/common/ketrong/tpotexp/tpot2/tpot2/tpot_estimator/estimator.py", line 623, in objective_function
    return objective_function_generator(
  File "/common/ketrong/tpotexp/tpot2/tpot2/tpot_estimator/estimator_utils.py", line 55, in objective_function_generator
    cv_obj_scores = cross_val_score_objective(sklearn.base.clone(pipeline),x,y,scorers=scorers, cv=cv , fold=step)
  File "/common/ketrong/tpotexp/tpot2/tpot2/tpot_estimator/cross_val_utils.py", line 28, in cross_val_score_objective
    this_fold_pipeline.fit(X_train,y_train)
  File "/common/ketrong/tpotexp/env/lib/python3.10/site-packages/sklearn/base.py", line 1473, in wrapper
    return fit_method(estimator, *args, **kwargs)
  File "/common/ketrong/tpotexp/env/lib/python3.10/site-packages/sklearn/pipeline.py", line 473, in fit
    self._final_estimator.fit(Xt, y, **last_step_params["fit"])
  File "/common/ketrong/tpotexp/env/lib/python3.10/site-packages/sklearn/base.py", line 1473, in wrapper
    return fit_method(estimator, *args, **kwargs)
  File "/common/ketrong/tpotexp/env/lib/python3.10/site-packages/sklearn/linear_model/_stochastic_gradient.py", line 1655, in fit
    return self._fit(
  File "/common/ketrong/tpotexp/env/lib/python3.10/site-packages/sklearn/linear_model/_stochastic_gradient.py", line 1598, in _fit
    self._partial_fit(
  File "/common/ketrong/tpotexp/env/lib/python3.10/site-packages/sklearn/linear_model/_stochastic_gradient.py", line 1476, in _partial_fit
    X, y = self._validate_data(
  File "/common/ketrong/tpotexp/env/lib/python3.10/site-packages/sklearn/base.py", line 650, in _validate_data
    X, y = check_X_y(X, y, **check_params)
  File "/common/ketrong/tpotexp/env/lib/python3.10/site-packages/sklearn/utils/validation.py", line 1301, in check_X_y
    X = check_array(
  File "/common/ketrong/tpotexp/env/lib/python3.10/site-packages/sklearn/utils/validation.py", line 1064, in check_array
    _assert_all_finite(
  File "/common/ketrong/tpotexp/env/lib/python3.10/site-packages/sklearn/utils/validation.py", line 123, in _assert_all_finite
    _assert_all_finite_element_wise(
  File "/common/ketrong/tpotexp/env/lib/python3.10/site-packages/sklearn/utils/validation.py", line 172, in _assert_all_finite_element_wise
    raise ValueError(msg_err)
ValueError: Input X contains NaN.
SGDRegressor does not accept missing values encoded as NaN natively. For supervised learning, you might want to consider sklearn.ensemble.HistGradientBoostingClassifier and Regressor which accept missing values encoded as NaNs natively. Alternatively, it is possible to preprocess the data, for instance by using an imputer transformer in a pipeline or drop samples with missing values. See https://scikit-learn.org/stable/modules/impute.html You can find a list of all estimators that handle NaN values at the following page: https://scikit-learn.org/stable/modules/impute.html#estimators-that-handle-nan-values

WARNING THIS INDIVIDUAL CAUSED AND EXCEPTION 
 <tpot2.search_spaces.pipelines.sequential.SequentialPipelineIndividual object at 0x1554757506a0> 
 Input X contains NaN.
SGDRegressor does not accept missing values encoded as NaN natively. For supervised learning, you might want to consider sklearn.ensemble.HistGradientBoostingClassifier and Regressor which accept missing values encoded as NaNs natively. Alternatively, it is possible to preprocess the data, for instance by using an imputer transformer in a pipeline or drop samples with missing values. See https://scikit-learn.org/stable/modules/impute.html You can find a list of all estimators that handle NaN values at the following page: https://scikit-learn.org/stable/modules/impute.html#estimators-that-handle-nan-values 
 Traceback (most recent call last):
  File "/common/ketrong/tpotexp/tpot2/tpot2/utils/eval_utils.py", line 53, in objective_nan_wrapper
    value = func_timeout.func_timeout(timeout, objective_function, args=[individual], kwargs=objective_kwargs)
  File "/common/ketrong/tpotexp/env/lib/python3.10/site-packages/func_timeout/dafunc.py", line 108, in func_timeout
    raise_exception(exception)
  File "/common/ketrong/tpotexp/env/lib/python3.10/site-packages/func_timeout/py3_raise.py", line 7, in raise_exception
    raise exception[0] from None
  File "/common/ketrong/tpotexp/tpot2/tpot2/tpot_estimator/estimator.py", line 623, in objective_function
    return objective_function_generator(
  File "/common/ketrong/tpotexp/tpot2/tpot2/tpot_estimator/estimator_utils.py", line 55, in objective_function_generator
    cv_obj_scores = cross_val_score_objective(sklearn.base.clone(pipeline),x,y,scorers=scorers, cv=cv , fold=step)
  File "/common/ketrong/tpotexp/tpot2/tpot2/tpot_estimator/cross_val_utils.py", line 28, in cross_val_score_objective
    this_fold_pipeline.fit(X_train,y_train)
  File "/common/ketrong/tpotexp/env/lib/python3.10/site-packages/sklearn/base.py", line 1473, in wrapper
    return fit_method(estimator, *args, **kwargs)
  File "/common/ketrong/tpotexp/env/lib/python3.10/site-packages/sklearn/pipeline.py", line 473, in fit
    self._final_estimator.fit(Xt, y, **last_step_params["fit"])
  File "/common/ketrong/tpotexp/env/lib/python3.10/site-packages/sklearn/base.py", line 1473, in wrapper
    return fit_method(estimator, *args, **kwargs)
  File "/common/ketrong/tpotexp/env/lib/python3.10/site-packages/sklearn/linear_model/_stochastic_gradient.py", line 1655, in fit
    return self._fit(
  File "/common/ketrong/tpotexp/env/lib/python3.10/site-packages/sklearn/linear_model/_stochastic_gradient.py", line 1598, in _fit
    self._partial_fit(
  File "/common/ketrong/tpotexp/env/lib/python3.10/site-packages/sklearn/linear_model/_stochastic_gradient.py", line 1476, in _partial_fit
    X, y = self._validate_data(
  File "/common/ketrong/tpotexp/env/lib/python3.10/site-packages/sklearn/base.py", line 650, in _validate_data
    X, y = check_X_y(X, y, **check_params)
  File "/common/ketrong/tpotexp/env/lib/python3.10/site-packages/sklearn/utils/validation.py", line 1301, in check_X_y
    X = check_array(
  File "/common/ketrong/tpotexp/env/lib/python3.10/site-packages/sklearn/utils/validation.py", line 1064, in check_array
    _assert_all_finite(
  File "/common/ketrong/tpotexp/env/lib/python3.10/site-packages/sklearn/utils/validation.py", line 123, in _assert_all_finite
    _assert_all_finite_element_wise(
  File "/common/ketrong/tpotexp/env/lib/python3.10/site-packages/sklearn/utils/validation.py", line 172, in _assert_all_finite_element_wise
    raise ValueError(msg_err)
ValueError: Input X contains NaN.
SGDRegressor does not accept missing values encoded as NaN natively. For supervised learning, you might want to consider sklearn.ensemble.HistGradientBoostingClassifier and Regressor which accept missing values encoded as NaNs natively. Alternatively, it is possible to preprocess the data, for instance by using an imputer transformer in a pipeline or drop samples with missing values. See https://scikit-learn.org/stable/modules/impute.html You can find a list of all estimators that handle NaN values at the following page: https://scikit-learn.org/stable/modules/impute.html#estimators-that-handle-nan-values

WARNING AN INDIVIDUAL TIMED OUT: 
 <tpot2.search_spaces.pipelines.sequential.SequentialPipelineIndividual object at 0x155475eea710> 

WARNING AN INDIVIDUAL TIMED OUT: 
 <tpot2.search_spaces.pipelines.sequential.SequentialPipelineIndividual object at 0x1554757749d0> 

WARNING AN INDIVIDUAL TIMED OUT: 
 <tpot2.search_spaces.pipelines.sequential.SequentialPipelineIndividual object at 0x155475eea6b0> 

Generation:  1
Best root_mean_squared_error score: -2.8278012896901243
Generation:   4%|         | 1/25 [10:01<4:00:43, 601.81s/it]WARNING AN INDIVIDUAL TIMED OUT: 
 <tpot2.search_spaces.pipelines.sequential.SequentialPipelineIndividual object at 0x1554757800a0> 

WARNING AN INDIVIDUAL TIMED OUT: 
 <tpot2.search_spaces.pipelines.sequential.SequentialPipelineIndividual object at 0x1554757517e0> 

Generation:  2
Best root_mean_squared_error score: -2.815278239022352
Generation:   8%|         | 2/25 [20:05<3:51:04, 602.79s/it]WARNING THIS INDIVIDUAL CAUSED AND EXCEPTION 
 <tpot2.search_spaces.pipelines.sequential.SequentialPipelineIndividual object at 0x1554573ab010> 
 Input X contains NaN.
ARDRegression does not accept missing values encoded as NaN natively. For supervised learning, you might want to consider sklearn.ensemble.HistGradientBoostingClassifier and Regressor which accept missing values encoded as NaNs natively. Alternatively, it is possible to preprocess the data, for instance by using an imputer transformer in a pipeline or drop samples with missing values. See https://scikit-learn.org/stable/modules/impute.html You can find a list of all estimators that handle NaN values at the following page: https://scikit-learn.org/stable/modules/impute.html#estimators-that-handle-nan-values 
 Traceback (most recent call last):
  File "/common/ketrong/tpotexp/tpot2/tpot2/utils/eval_utils.py", line 53, in objective_nan_wrapper
    value = func_timeout.func_timeout(timeout, objective_function, args=[individual], kwargs=objective_kwargs)
  File "/common/ketrong/tpotexp/env/lib/python3.10/site-packages/func_timeout/dafunc.py", line 108, in func_timeout
    raise_exception(exception)
  File "/common/ketrong/tpotexp/env/lib/python3.10/site-packages/func_timeout/py3_raise.py", line 7, in raise_exception
    raise exception[0] from None
  File "/common/ketrong/tpotexp/tpot2/tpot2/tpot_estimator/estimator.py", line 623, in objective_function
    return objective_function_generator(
  File "/common/ketrong/tpotexp/tpot2/tpot2/tpot_estimator/estimator_utils.py", line 55, in objective_function_generator
    cv_obj_scores = cross_val_score_objective(sklearn.base.clone(pipeline),x,y,scorers=scorers, cv=cv , fold=step)
  File "/common/ketrong/tpotexp/tpot2/tpot2/tpot_estimator/cross_val_utils.py", line 28, in cross_val_score_objective
    this_fold_pipeline.fit(X_train,y_train)
  File "/common/ketrong/tpotexp/env/lib/python3.10/site-packages/sklearn/base.py", line 1473, in wrapper
    return fit_method(estimator, *args, **kwargs)
  File "/common/ketrong/tpotexp/env/lib/python3.10/site-packages/sklearn/pipeline.py", line 473, in fit
    self._final_estimator.fit(Xt, y, **last_step_params["fit"])
  File "/common/ketrong/tpotexp/env/lib/python3.10/site-packages/sklearn/base.py", line 1473, in wrapper
    return fit_method(estimator, *args, **kwargs)
  File "/common/ketrong/tpotexp/env/lib/python3.10/site-packages/sklearn/linear_model/_bayes.py", line 624, in fit
    X, y = self._validate_data(
  File "/common/ketrong/tpotexp/env/lib/python3.10/site-packages/sklearn/base.py", line 650, in _validate_data
    X, y = check_X_y(X, y, **check_params)
  File "/common/ketrong/tpotexp/env/lib/python3.10/site-packages/sklearn/utils/validation.py", line 1301, in check_X_y
    X = check_array(
  File "/common/ketrong/tpotexp/env/lib/python3.10/site-packages/sklearn/utils/validation.py", line 1064, in check_array
    _assert_all_finite(
  File "/common/ketrong/tpotexp/env/lib/python3.10/site-packages/sklearn/utils/validation.py", line 123, in _assert_all_finite
    _assert_all_finite_element_wise(
  File "/common/ketrong/tpotexp/env/lib/python3.10/site-packages/sklearn/utils/validation.py", line 172, in _assert_all_finite_element_wise
    raise ValueError(msg_err)
ValueError: Input X contains NaN.
ARDRegression does not accept missing values encoded as NaN natively. For supervised learning, you might want to consider sklearn.ensemble.HistGradientBoostingClassifier and Regressor which accept missing values encoded as NaNs natively. Alternatively, it is possible to preprocess the data, for instance by using an imputer transformer in a pipeline or drop samples with missing values. See https://scikit-learn.org/stable/modules/impute.html You can find a list of all estimators that handle NaN values at the following page: https://scikit-learn.org/stable/modules/impute.html#estimators-that-handle-nan-values

WARNING AN INDIVIDUAL TIMED OUT: 
 <tpot2.search_spaces.pipelines.sequential.SequentialPipelineIndividual object at 0x1554757790f0> 

Generation:  3
Best root_mean_squared_error score: -2.815278239022352
Generation:  12%|        | 3/25 [30:08<3:41:05, 602.99s/it]WARNING THIS INDIVIDUAL CAUSED AND EXCEPTION 
 <tpot2.search_spaces.pipelines.sequential.SequentialPipelineIndividual object at 0x155474ce8250> 
 The 'criterion' parameter of RandomForestRegressor must be a str among {'friedman_mse', 'poisson', 'absolute_error', 'squared_error'}. Got 'mse' instead. 
 Traceback (most recent call last):
  File "/common/ketrong/tpotexp/tpot2/tpot2/utils/eval_utils.py", line 53, in objective_nan_wrapper
    value = func_timeout.func_timeout(timeout, objective_function, args=[individual], kwargs=objective_kwargs)
  File "/common/ketrong/tpotexp/env/lib/python3.10/site-packages/func_timeout/dafunc.py", line 108, in func_timeout
    raise_exception(exception)
  File "/common/ketrong/tpotexp/env/lib/python3.10/site-packages/func_timeout/py3_raise.py", line 7, in raise_exception
    raise exception[0] from None
  File "/common/ketrong/tpotexp/tpot2/tpot2/tpot_estimator/estimator.py", line 623, in objective_function
    return objective_function_generator(
  File "/common/ketrong/tpotexp/tpot2/tpot2/tpot_estimator/estimator_utils.py", line 55, in objective_function_generator
    cv_obj_scores = cross_val_score_objective(sklearn.base.clone(pipeline),x,y,scorers=scorers, cv=cv , fold=step)
  File "/common/ketrong/tpotexp/tpot2/tpot2/tpot_estimator/cross_val_utils.py", line 28, in cross_val_score_objective
    this_fold_pipeline.fit(X_train,y_train)
  File "/common/ketrong/tpotexp/env/lib/python3.10/site-packages/sklearn/base.py", line 1473, in wrapper
    return fit_method(estimator, *args, **kwargs)
  File "/common/ketrong/tpotexp/env/lib/python3.10/site-packages/sklearn/pipeline.py", line 473, in fit
    self._final_estimator.fit(Xt, y, **last_step_params["fit"])
  File "/common/ketrong/tpotexp/env/lib/python3.10/site-packages/sklearn/base.py", line 1466, in wrapper
    estimator._validate_params()
  File "/common/ketrong/tpotexp/env/lib/python3.10/site-packages/sklearn/base.py", line 666, in _validate_params
    validate_parameter_constraints(
  File "/common/ketrong/tpotexp/env/lib/python3.10/site-packages/sklearn/utils/_param_validation.py", line 95, in validate_parameter_constraints
    raise InvalidParameterError(
sklearn.utils._param_validation.InvalidParameterError: The 'criterion' parameter of RandomForestRegressor must be a str among {'friedman_mse', 'poisson', 'absolute_error', 'squared_error'}. Got 'mse' instead.

WARNING THIS INDIVIDUAL CAUSED AND EXCEPTION 
 <tpot2.search_spaces.pipelines.sequential.SequentialPipelineIndividual object at 0x15547544af80> 
 The 'criterion' parameter of RandomForestRegressor must be a str among {'friedman_mse', 'poisson', 'absolute_error', 'squared_error'}. Got 'mae' instead. 
 Traceback (most recent call last):
  File "/common/ketrong/tpotexp/tpot2/tpot2/utils/eval_utils.py", line 53, in objective_nan_wrapper
    value = func_timeout.func_timeout(timeout, objective_function, args=[individual], kwargs=objective_kwargs)
  File "/common/ketrong/tpotexp/env/lib/python3.10/site-packages/func_timeout/dafunc.py", line 108, in func_timeout
    raise_exception(exception)
  File "/common/ketrong/tpotexp/env/lib/python3.10/site-packages/func_timeout/py3_raise.py", line 7, in raise_exception
    raise exception[0] from None
  File "/common/ketrong/tpotexp/tpot2/tpot2/tpot_estimator/estimator.py", line 623, in objective_function
    return objective_function_generator(
  File "/common/ketrong/tpotexp/tpot2/tpot2/tpot_estimator/estimator_utils.py", line 55, in objective_function_generator
    cv_obj_scores = cross_val_score_objective(sklearn.base.clone(pipeline),x,y,scorers=scorers, cv=cv , fold=step)
  File "/common/ketrong/tpotexp/tpot2/tpot2/tpot_estimator/cross_val_utils.py", line 28, in cross_val_score_objective
    this_fold_pipeline.fit(X_train,y_train)
  File "/common/ketrong/tpotexp/env/lib/python3.10/site-packages/sklearn/base.py", line 1473, in wrapper
    return fit_method(estimator, *args, **kwargs)
  File "/common/ketrong/tpotexp/env/lib/python3.10/site-packages/sklearn/pipeline.py", line 473, in fit
    self._final_estimator.fit(Xt, y, **last_step_params["fit"])
  File "/common/ketrong/tpotexp/env/lib/python3.10/site-packages/sklearn/base.py", line 1466, in wrapper
    estimator._validate_params()
  File "/common/ketrong/tpotexp/env/lib/python3.10/site-packages/sklearn/base.py", line 666, in _validate_params
    validate_parameter_constraints(
  File "/common/ketrong/tpotexp/env/lib/python3.10/site-packages/sklearn/utils/_param_validation.py", line 95, in validate_parameter_constraints
    raise InvalidParameterError(
sklearn.utils._param_validation.InvalidParameterError: The 'criterion' parameter of RandomForestRegressor must be a str among {'friedman_mse', 'poisson', 'absolute_error', 'squared_error'}. Got 'mae' instead.

Generation:  4
Best root_mean_squared_error score: -2.5558946623049956
Generation:  16%|        | 4/25 [32:46<2:29:35, 427.39s/it]WARNING AN INDIVIDUAL TIMED OUT: 
 <tpot2.search_spaces.pipelines.sequential.SequentialPipelineIndividual object at 0x15545744d180> 

WARNING AN INDIVIDUAL TIMED OUT: 
 <tpot2.search_spaces.pipelines.sequential.SequentialPipelineIndividual object at 0x155475775c60> 

Generation:  5
Best root_mean_squared_error score: -2.5558946623049956
Generation:  20%|        | 5/25 [42:49<2:43:33, 490.68s/it]WARNING THIS INDIVIDUAL CAUSED AND EXCEPTION 
 <tpot2.search_spaces.pipelines.sequential.SequentialPipelineIndividual object at 0x155475033760> 
 The 'criterion' parameter of RandomForestRegressor must be a str among {'friedman_mse', 'poisson', 'absolute_error', 'squared_error'}. Got 'mse' instead. 
 Traceback (most recent call last):
  File "/common/ketrong/tpotexp/tpot2/tpot2/utils/eval_utils.py", line 53, in objective_nan_wrapper
    value = func_timeout.func_timeout(timeout, objective_function, args=[individual], kwargs=objective_kwargs)
  File "/common/ketrong/tpotexp/env/lib/python3.10/site-packages/func_timeout/dafunc.py", line 108, in func_timeout
    raise_exception(exception)
  File "/common/ketrong/tpotexp/env/lib/python3.10/site-packages/func_timeout/py3_raise.py", line 7, in raise_exception
    raise exception[0] from None
  File "/common/ketrong/tpotexp/tpot2/tpot2/tpot_estimator/estimator.py", line 623, in objective_function
    return objective_function_generator(
  File "/common/ketrong/tpotexp/tpot2/tpot2/tpot_estimator/estimator_utils.py", line 55, in objective_function_generator
    cv_obj_scores = cross_val_score_objective(sklearn.base.clone(pipeline),x,y,scorers=scorers, cv=cv , fold=step)
  File "/common/ketrong/tpotexp/tpot2/tpot2/tpot_estimator/cross_val_utils.py", line 28, in cross_val_score_objective
    this_fold_pipeline.fit(X_train,y_train)
  File "/common/ketrong/tpotexp/env/lib/python3.10/site-packages/sklearn/base.py", line 1473, in wrapper
    return fit_method(estimator, *args, **kwargs)
  File "/common/ketrong/tpotexp/env/lib/python3.10/site-packages/sklearn/pipeline.py", line 473, in fit
    self._final_estimator.fit(Xt, y, **last_step_params["fit"])
  File "/common/ketrong/tpotexp/env/lib/python3.10/site-packages/sklearn/base.py", line 1466, in wrapper
    estimator._validate_params()
  File "/common/ketrong/tpotexp/env/lib/python3.10/site-packages/sklearn/base.py", line 666, in _validate_params
    validate_parameter_constraints(
  File "/common/ketrong/tpotexp/env/lib/python3.10/site-packages/sklearn/utils/_param_validation.py", line 95, in validate_parameter_constraints
    raise InvalidParameterError(
sklearn.utils._param_validation.InvalidParameterError: The 'criterion' parameter of RandomForestRegressor must be a str among {'friedman_mse', 'poisson', 'absolute_error', 'squared_error'}. Got 'mse' instead.

WARNING AN INDIVIDUAL TIMED OUT: 
 <tpot2.search_spaces.pipelines.sequential.SequentialPipelineIndividual object at 0x15547577ad10> 

Generation:  6
Best root_mean_squared_error score: -2.5558946623049956
Generation:  24%|       | 6/25 [52:53<2:47:36, 529.28s/it]WARNING THIS INDIVIDUAL CAUSED AND EXCEPTION 
 <tpot2.search_spaces.pipelines.sequential.SequentialPipelineIndividual object at 0x15545fa0b400> 
 The 'criterion' parameter of ExtraTreesRegressor must be a str among {'friedman_mse', 'poisson', 'absolute_error', 'squared_error'}. Got 'mae' instead. 
 Traceback (most recent call last):
  File "/common/ketrong/tpotexp/tpot2/tpot2/utils/eval_utils.py", line 53, in objective_nan_wrapper
    value = func_timeout.func_timeout(timeout, objective_function, args=[individual], kwargs=objective_kwargs)
  File "/common/ketrong/tpotexp/env/lib/python3.10/site-packages/func_timeout/dafunc.py", line 108, in func_timeout
    raise_exception(exception)
  File "/common/ketrong/tpotexp/env/lib/python3.10/site-packages/func_timeout/py3_raise.py", line 7, in raise_exception
    raise exception[0] from None
  File "/common/ketrong/tpotexp/tpot2/tpot2/tpot_estimator/estimator.py", line 623, in objective_function
    return objective_function_generator(
  File "/common/ketrong/tpotexp/tpot2/tpot2/tpot_estimator/estimator_utils.py", line 55, in objective_function_generator
    cv_obj_scores = cross_val_score_objective(sklearn.base.clone(pipeline),x,y,scorers=scorers, cv=cv , fold=step)
  File "/common/ketrong/tpotexp/tpot2/tpot2/tpot_estimator/cross_val_utils.py", line 28, in cross_val_score_objective
    this_fold_pipeline.fit(X_train,y_train)
  File "/common/ketrong/tpotexp/env/lib/python3.10/site-packages/sklearn/base.py", line 1473, in wrapper
    return fit_method(estimator, *args, **kwargs)
  File "/common/ketrong/tpotexp/env/lib/python3.10/site-packages/sklearn/pipeline.py", line 473, in fit
    self._final_estimator.fit(Xt, y, **last_step_params["fit"])
  File "/common/ketrong/tpotexp/env/lib/python3.10/site-packages/sklearn/base.py", line 1466, in wrapper
    estimator._validate_params()
  File "/common/ketrong/tpotexp/env/lib/python3.10/site-packages/sklearn/base.py", line 666, in _validate_params
    validate_parameter_constraints(
  File "/common/ketrong/tpotexp/env/lib/python3.10/site-packages/sklearn/utils/_param_validation.py", line 95, in validate_parameter_constraints
    raise InvalidParameterError(
sklearn.utils._param_validation.InvalidParameterError: The 'criterion' parameter of ExtraTreesRegressor must be a str among {'friedman_mse', 'poisson', 'absolute_error', 'squared_error'}. Got 'mae' instead.

2024-08-27 08:27:29,981 - distributed.utils_perf - WARNING - full garbage collections took 11% CPU time recently (threshold: 10%)
2024-08-27 08:27:30,938 - distributed.utils_perf - WARNING - full garbage collections took 11% CPU time recently (threshold: 10%)
2024-08-27 08:27:31,795 - distributed.utils_perf - WARNING - full garbage collections took 11% CPU time recently (threshold: 10%)
2024-08-27 08:27:32,667 - distributed.utils_perf - WARNING - full garbage collections took 11% CPU time recently (threshold: 10%)
2024-08-27 08:27:33,562 - distributed.utils_perf - WARNING - full garbage collections took 11% CPU time recently (threshold: 10%)
2024-08-27 08:27:34,573 - distributed.utils_perf - WARNING - full garbage collections took 11% CPU time recently (threshold: 10%)
2024-08-27 08:27:35,444 - distributed.utils_perf - WARNING - full garbage collections took 11% CPU time recently (threshold: 10%)
2024-08-27 08:27:36,497 - distributed.utils_perf - WARNING - full garbage collections took 11% CPU time recently (threshold: 10%)
2024-08-27 08:27:37,395 - distributed.utils_perf - WARNING - full garbage collections took 11% CPU time recently (threshold: 10%)
2024-08-27 08:27:38,205 - distributed.utils_perf - WARNING - full garbage collections took 11% CPU time recently (threshold: 10%)
2024-08-27 08:27:39,018 - distributed.utils_perf - WARNING - full garbage collections took 11% CPU time recently (threshold: 10%)
2024-08-27 08:27:39,913 - distributed.utils_perf - WARNING - full garbage collections took 11% CPU time recently (threshold: 10%)
2024-08-27 08:27:40,799 - distributed.utils_perf - WARNING - full garbage collections took 11% CPU time recently (threshold: 10%)
2024-08-27 08:27:41,754 - distributed.utils_perf - WARNING - full garbage collections took 11% CPU time recently (threshold: 10%)
2024-08-27 08:27:42,691 - distributed.utils_perf - WARNING - full garbage collections took 11% CPU time recently (threshold: 10%)
2024-08-27 08:27:43,594 - distributed.utils_perf - WARNING - full garbage collections took 11% CPU time recently (threshold: 10%)
2024-08-27 08:27:44,490 - distributed.utils_perf - WARNING - full garbage collections took 11% CPU time recently (threshold: 10%)
2024-08-27 08:27:45,343 - distributed.utils_perf - WARNING - full garbage collections took 11% CPU time recently (threshold: 10%)
2024-08-27 08:27:46,270 - distributed.utils_perf - WARNING - full garbage collections took 11% CPU time recently (threshold: 10%)
2024-08-27 08:27:47,367 - distributed.utils_perf - WARNING - full garbage collections took 11% CPU time recently (threshold: 10%)
2024-08-27 08:27:48,247 - distributed.utils_perf - WARNING - full garbage collections took 10% CPU time recently (threshold: 10%)
2024-08-27 08:27:49,100 - distributed.utils_perf - WARNING - full garbage collections took 10% CPU time recently (threshold: 10%)
2024-08-27 08:27:50,020 - distributed.utils_perf - WARNING - full garbage collections took 10% CPU time recently (threshold: 10%)
2024-08-27 08:27:50,932 - distributed.utils_perf - WARNING - full garbage collections took 10% CPU time recently (threshold: 10%)
2024-08-27 08:27:51,731 - distributed.utils_perf - WARNING - full garbage collections took 10% CPU time recently (threshold: 10%)
2024-08-27 08:27:52,640 - distributed.utils_perf - WARNING - full garbage collections took 10% CPU time recently (threshold: 10%)
2024-08-27 08:27:53,579 - distributed.utils_perf - WARNING - full garbage collections took 10% CPU time recently (threshold: 10%)
2024-08-27 08:27:54,522 - distributed.utils_perf - WARNING - full garbage collections took 10% CPU time recently (threshold: 10%)
2024-08-27 08:27:55,377 - distributed.utils_perf - WARNING - full garbage collections took 10% CPU time recently (threshold: 10%)
2024-08-27 08:27:56,249 - distributed.utils_perf - WARNING - full garbage collections took 10% CPU time recently (threshold: 10%)
2024-08-27 08:27:57,310 - distributed.utils_perf - WARNING - full garbage collections took 10% CPU time recently (threshold: 10%)
2024-08-27 08:27:58,082 - distributed.utils_perf - WARNING - full garbage collections took 10% CPU time recently (threshold: 10%)
2024-08-27 08:27:59,038 - distributed.utils_perf - WARNING - full garbage collections took 10% CPU time recently (threshold: 10%)
2024-08-27 08:27:59,935 - distributed.utils_perf - WARNING - full garbage collections took 10% CPU time recently (threshold: 10%)
2024-08-27 08:28:00,735 - distributed.utils_perf - WARNING - full garbage collections took 10% CPU time recently (threshold: 10%)
2024-08-27 08:28:01,635 - distributed.utils_perf - WARNING - full garbage collections took 10% CPU time recently (threshold: 10%)
2024-08-27 08:28:02,499 - distributed.utils_perf - WARNING - full garbage collections took 10% CPU time recently (threshold: 10%)
2024-08-27 08:28:03,405 - distributed.utils_perf - WARNING - full garbage collections took 10% CPU time recently (threshold: 10%)
2024-08-27 08:28:04,348 - distributed.utils_perf - WARNING - full garbage collections took 10% CPU time recently (threshold: 10%)
2024-08-27 08:28:05,300 - distributed.utils_perf - WARNING - full garbage collections took 10% CPU time recently (threshold: 10%)
2024-08-27 08:28:06,210 - distributed.utils_perf - WARNING - full garbage collections took 10% CPU time recently (threshold: 10%)
2024-08-27 08:28:06,991 - distributed.utils_perf - WARNING - full garbage collections took 10% CPU time recently (threshold: 10%)
2024-08-27 08:28:07,952 - distributed.utils_perf - WARNING - full garbage collections took 10% CPU time recently (threshold: 10%)
2024-08-27 08:28:08,817 - distributed.utils_perf - WARNING - full garbage collections took 10% CPU time recently (threshold: 10%)
WARNING AN INDIVIDUAL TIMED OUT: 
 <tpot2.search_spaces.pipelines.sequential.SequentialPipelineIndividual object at 0x1554757b4520> 

WARNING AN INDIVIDUAL TIMED OUT: 
 <tpot2.search_spaces.pipelines.sequential.SequentialPipelineIndividual object at 0x15547578b5b0> 

Generation:  7
Best root_mean_squared_error score: -2.5340949947503644
Generation:  28%|       | 7/25 [1:02:56<2:46:01, 553.42s/it]WARNING THIS INDIVIDUAL CAUSED AND EXCEPTION 
 <tpot2.search_spaces.pipelines.sequential.SequentialPipelineIndividual object at 0x15545762b550> 
 The 'criterion' parameter of RandomForestRegressor must be a str among {'friedman_mse', 'poisson', 'absolute_error', 'squared_error'}. Got 'mae' instead. 
 Traceback (most recent call last):
  File "/common/ketrong/tpotexp/tpot2/tpot2/utils/eval_utils.py", line 53, in objective_nan_wrapper
    value = func_timeout.func_timeout(timeout, objective_function, args=[individual], kwargs=objective_kwargs)
  File "/common/ketrong/tpotexp/env/lib/python3.10/site-packages/func_timeout/dafunc.py", line 108, in func_timeout
    raise_exception(exception)
  File "/common/ketrong/tpotexp/env/lib/python3.10/site-packages/func_timeout/py3_raise.py", line 7, in raise_exception
    raise exception[0] from None
  File "/common/ketrong/tpotexp/tpot2/tpot2/tpot_estimator/estimator.py", line 623, in objective_function
    return objective_function_generator(
  File "/common/ketrong/tpotexp/tpot2/tpot2/tpot_estimator/estimator_utils.py", line 55, in objective_function_generator
    cv_obj_scores = cross_val_score_objective(sklearn.base.clone(pipeline),x,y,scorers=scorers, cv=cv , fold=step)
  File "/common/ketrong/tpotexp/tpot2/tpot2/tpot_estimator/cross_val_utils.py", line 28, in cross_val_score_objective
    this_fold_pipeline.fit(X_train,y_train)
  File "/common/ketrong/tpotexp/env/lib/python3.10/site-packages/sklearn/base.py", line 1473, in wrapper
    return fit_method(estimator, *args, **kwargs)
  File "/common/ketrong/tpotexp/env/lib/python3.10/site-packages/sklearn/pipeline.py", line 473, in fit
    self._final_estimator.fit(Xt, y, **last_step_params["fit"])
  File "/common/ketrong/tpotexp/env/lib/python3.10/site-packages/sklearn/base.py", line 1466, in wrapper
    estimator._validate_params()
  File "/common/ketrong/tpotexp/env/lib/python3.10/site-packages/sklearn/base.py", line 666, in _validate_params
    validate_parameter_constraints(
  File "/common/ketrong/tpotexp/env/lib/python3.10/site-packages/sklearn/utils/_param_validation.py", line 95, in validate_parameter_constraints
    raise InvalidParameterError(
sklearn.utils._param_validation.InvalidParameterError: The 'criterion' parameter of RandomForestRegressor must be a str among {'friedman_mse', 'poisson', 'absolute_error', 'squared_error'}. Got 'mae' instead.

WARNING AN INDIVIDUAL TIMED OUT: 
 <tpot2.search_spaces.pipelines.sequential.SequentialPipelineIndividual object at 0x15545744c5b0> 

Generation:  8
Best root_mean_squared_error score: -2.5340949947503644
Generation:  32%|      | 8/25 [1:13:00<2:41:20, 569.44s/it]WARNING THIS INDIVIDUAL CAUSED AND EXCEPTION 
 <tpot2.search_spaces.pipelines.sequential.SequentialPipelineIndividual object at 0x155474a15bd0> 
 The 'criterion' parameter of ExtraTreesRegressor must be a str among {'friedman_mse', 'poisson', 'absolute_error', 'squared_error'}. Got 'mae' instead. 
 Traceback (most recent call last):
  File "/common/ketrong/tpotexp/tpot2/tpot2/utils/eval_utils.py", line 53, in objective_nan_wrapper
    value = func_timeout.func_timeout(timeout, objective_function, args=[individual], kwargs=objective_kwargs)
  File "/common/ketrong/tpotexp/env/lib/python3.10/site-packages/func_timeout/dafunc.py", line 108, in func_timeout
    raise_exception(exception)
  File "/common/ketrong/tpotexp/env/lib/python3.10/site-packages/func_timeout/py3_raise.py", line 7, in raise_exception
    raise exception[0] from None
  File "/common/ketrong/tpotexp/tpot2/tpot2/tpot_estimator/estimator.py", line 623, in objective_function
    return objective_function_generator(
  File "/common/ketrong/tpotexp/tpot2/tpot2/tpot_estimator/estimator_utils.py", line 55, in objective_function_generator
    cv_obj_scores = cross_val_score_objective(sklearn.base.clone(pipeline),x,y,scorers=scorers, cv=cv , fold=step)
  File "/common/ketrong/tpotexp/tpot2/tpot2/tpot_estimator/cross_val_utils.py", line 28, in cross_val_score_objective
    this_fold_pipeline.fit(X_train,y_train)
  File "/common/ketrong/tpotexp/env/lib/python3.10/site-packages/sklearn/base.py", line 1473, in wrapper
    return fit_method(estimator, *args, **kwargs)
  File "/common/ketrong/tpotexp/env/lib/python3.10/site-packages/sklearn/pipeline.py", line 473, in fit
    self._final_estimator.fit(Xt, y, **last_step_params["fit"])
  File "/common/ketrong/tpotexp/env/lib/python3.10/site-packages/sklearn/base.py", line 1466, in wrapper
    estimator._validate_params()
  File "/common/ketrong/tpotexp/env/lib/python3.10/site-packages/sklearn/base.py", line 666, in _validate_params
    validate_parameter_constraints(
  File "/common/ketrong/tpotexp/env/lib/python3.10/site-packages/sklearn/utils/_param_validation.py", line 95, in validate_parameter_constraints
    raise InvalidParameterError(
sklearn.utils._param_validation.InvalidParameterError: The 'criterion' parameter of ExtraTreesRegressor must be a str among {'friedman_mse', 'poisson', 'absolute_error', 'squared_error'}. Got 'mae' instead.

Generation:  9
Best root_mean_squared_error score: -2.5276505365588955
Generation:  36%|      | 9/25 [1:19:50<2:18:31, 519.44s/it]Generation:  10
Best root_mean_squared_error score: -2.5276505365588955
Generation:  40%|      | 10/25 [1:25:54<1:57:51, 471.45s/it]WARNING THIS INDIVIDUAL CAUSED AND EXCEPTION 
 <tpot2.search_spaces.pipelines.sequential.SequentialPipelineIndividual object at 0x155475751ae0> 
 The 'criterion' parameter of ExtraTreesRegressor must be a str among {'friedman_mse', 'poisson', 'absolute_error', 'squared_error'}. Got 'mae' instead. 
 Traceback (most recent call last):
  File "/common/ketrong/tpotexp/tpot2/tpot2/utils/eval_utils.py", line 53, in objective_nan_wrapper
    value = func_timeout.func_timeout(timeout, objective_function, args=[individual], kwargs=objective_kwargs)
  File "/common/ketrong/tpotexp/env/lib/python3.10/site-packages/func_timeout/dafunc.py", line 108, in func_timeout
    raise_exception(exception)
  File "/common/ketrong/tpotexp/env/lib/python3.10/site-packages/func_timeout/py3_raise.py", line 7, in raise_exception
    raise exception[0] from None
  File "/common/ketrong/tpotexp/tpot2/tpot2/tpot_estimator/estimator.py", line 623, in objective_function
    return objective_function_generator(
  File "/common/ketrong/tpotexp/tpot2/tpot2/tpot_estimator/estimator_utils.py", line 55, in objective_function_generator
    cv_obj_scores = cross_val_score_objective(sklearn.base.clone(pipeline),x,y,scorers=scorers, cv=cv , fold=step)
  File "/common/ketrong/tpotexp/tpot2/tpot2/tpot_estimator/cross_val_utils.py", line 28, in cross_val_score_objective
    this_fold_pipeline.fit(X_train,y_train)
  File "/common/ketrong/tpotexp/env/lib/python3.10/site-packages/sklearn/base.py", line 1473, in wrapper
    return fit_method(estimator, *args, **kwargs)
  File "/common/ketrong/tpotexp/env/lib/python3.10/site-packages/sklearn/pipeline.py", line 473, in fit
    self._final_estimator.fit(Xt, y, **last_step_params["fit"])
  File "/common/ketrong/tpotexp/env/lib/python3.10/site-packages/sklearn/base.py", line 1466, in wrapper
    estimator._validate_params()
  File "/common/ketrong/tpotexp/env/lib/python3.10/site-packages/sklearn/base.py", line 666, in _validate_params
    validate_parameter_constraints(
  File "/common/ketrong/tpotexp/env/lib/python3.10/site-packages/sklearn/utils/_param_validation.py", line 95, in validate_parameter_constraints
    raise InvalidParameterError(
sklearn.utils._param_validation.InvalidParameterError: The 'criterion' parameter of ExtraTreesRegressor must be a str among {'friedman_mse', 'poisson', 'absolute_error', 'squared_error'}. Got 'mae' instead.

WARNING THIS INDIVIDUAL CAUSED AND EXCEPTION 
 <tpot2.search_spaces.pipelines.sequential.SequentialPipelineIndividual object at 0x155474cebac0> 
 The 'criterion' parameter of ExtraTreesRegressor must be a str among {'friedman_mse', 'poisson', 'absolute_error', 'squared_error'}. Got 'mae' instead. 
 Traceback (most recent call last):
  File "/common/ketrong/tpotexp/tpot2/tpot2/utils/eval_utils.py", line 53, in objective_nan_wrapper
    value = func_timeout.func_timeout(timeout, objective_function, args=[individual], kwargs=objective_kwargs)
  File "/common/ketrong/tpotexp/env/lib/python3.10/site-packages/func_timeout/dafunc.py", line 108, in func_timeout
    raise_exception(exception)
  File "/common/ketrong/tpotexp/env/lib/python3.10/site-packages/func_timeout/py3_raise.py", line 7, in raise_exception
    raise exception[0] from None
  File "/common/ketrong/tpotexp/tpot2/tpot2/tpot_estimator/estimator.py", line 623, in objective_function
    return objective_function_generator(
  File "/common/ketrong/tpotexp/tpot2/tpot2/tpot_estimator/estimator_utils.py", line 55, in objective_function_generator
    cv_obj_scores = cross_val_score_objective(sklearn.base.clone(pipeline),x,y,scorers=scorers, cv=cv , fold=step)
  File "/common/ketrong/tpotexp/tpot2/tpot2/tpot_estimator/cross_val_utils.py", line 28, in cross_val_score_objective
    this_fold_pipeline.fit(X_train,y_train)
  File "/common/ketrong/tpotexp/env/lib/python3.10/site-packages/sklearn/base.py", line 1473, in wrapper
    return fit_method(estimator, *args, **kwargs)
  File "/common/ketrong/tpotexp/env/lib/python3.10/site-packages/sklearn/pipeline.py", line 473, in fit
    self._final_estimator.fit(Xt, y, **last_step_params["fit"])
  File "/common/ketrong/tpotexp/env/lib/python3.10/site-packages/sklearn/base.py", line 1466, in wrapper
    estimator._validate_params()
  File "/common/ketrong/tpotexp/env/lib/python3.10/site-packages/sklearn/base.py", line 666, in _validate_params
    validate_parameter_constraints(
  File "/common/ketrong/tpotexp/env/lib/python3.10/site-packages/sklearn/utils/_param_validation.py", line 95, in validate_parameter_constraints
    raise InvalidParameterError(
sklearn.utils._param_validation.InvalidParameterError: The 'criterion' parameter of ExtraTreesRegressor must be a str among {'friedman_mse', 'poisson', 'absolute_error', 'squared_error'}. Got 'mae' instead.

WARNING THIS INDIVIDUAL CAUSED AND EXCEPTION 
 <tpot2.search_spaces.pipelines.sequential.SequentialPipelineIndividual object at 0x155457438d30> 
 The 'criterion' parameter of ExtraTreesRegressor must be a str among {'friedman_mse', 'poisson', 'absolute_error', 'squared_error'}. Got 'mae' instead. 
 Traceback (most recent call last):
  File "/common/ketrong/tpotexp/tpot2/tpot2/utils/eval_utils.py", line 53, in objective_nan_wrapper
    value = func_timeout.func_timeout(timeout, objective_function, args=[individual], kwargs=objective_kwargs)
  File "/common/ketrong/tpotexp/env/lib/python3.10/site-packages/func_timeout/dafunc.py", line 108, in func_timeout
    raise_exception(exception)
  File "/common/ketrong/tpotexp/env/lib/python3.10/site-packages/func_timeout/py3_raise.py", line 7, in raise_exception
    raise exception[0] from None
  File "/common/ketrong/tpotexp/tpot2/tpot2/tpot_estimator/estimator.py", line 623, in objective_function
    return objective_function_generator(
  File "/common/ketrong/tpotexp/tpot2/tpot2/tpot_estimator/estimator_utils.py", line 55, in objective_function_generator
    cv_obj_scores = cross_val_score_objective(sklearn.base.clone(pipeline),x,y,scorers=scorers, cv=cv , fold=step)
  File "/common/ketrong/tpotexp/tpot2/tpot2/tpot_estimator/cross_val_utils.py", line 28, in cross_val_score_objective
    this_fold_pipeline.fit(X_train,y_train)
  File "/common/ketrong/tpotexp/env/lib/python3.10/site-packages/sklearn/base.py", line 1473, in wrapper
    return fit_method(estimator, *args, **kwargs)
  File "/common/ketrong/tpotexp/env/lib/python3.10/site-packages/sklearn/pipeline.py", line 473, in fit
    self._final_estimator.fit(Xt, y, **last_step_params["fit"])
  File "/common/ketrong/tpotexp/env/lib/python3.10/site-packages/sklearn/base.py", line 1466, in wrapper
    estimator._validate_params()
  File "/common/ketrong/tpotexp/env/lib/python3.10/site-packages/sklearn/base.py", line 666, in _validate_params
    validate_parameter_constraints(
  File "/common/ketrong/tpotexp/env/lib/python3.10/site-packages/sklearn/utils/_param_validation.py", line 95, in validate_parameter_constraints
    raise InvalidParameterError(
sklearn.utils._param_validation.InvalidParameterError: The 'criterion' parameter of ExtraTreesRegressor must be a str among {'friedman_mse', 'poisson', 'absolute_error', 'squared_error'}. Got 'mae' instead.

Generation:  11
Best root_mean_squared_error score: -2.5276505365588955
Generation:  44%|     | 11/25 [1:31:46<1:41:31, 435.08s/it]Generation:  12
Best root_mean_squared_error score: -2.520627698421409
Generation:  48%|     | 12/25 [1:32:21<1:07:51, 313.16s/it]WARNING AN INDIVIDUAL TIMED OUT: 
 <tpot2.search_spaces.pipelines.sequential.SequentialPipelineIndividual object at 0x155349d40dc0> 

Generation:  13
Best root_mean_squared_error score: -2.520627698421409
Generation:  52%|    | 13/25 [1:42:23<1:20:10, 400.90s/it]2024-08-27 09:17:01,992 - distributed.utils_perf - WARNING - full garbage collections took 10% CPU time recently (threshold: 10%)
WARNING AN INDIVIDUAL TIMED OUT: 
 <tpot2.search_spaces.pipelines.sequential.SequentialPipelineIndividual object at 0x155474926680> 

WARNING AN INDIVIDUAL TIMED OUT: 
 <tpot2.search_spaces.pipelines.sequential.SequentialPipelineIndividual object at 0x1554757a8e50> 

WARNING AN INDIVIDUAL TIMED OUT: 
 <tpot2.search_spaces.pipelines.sequential.SequentialPipelineIndividual object at 0x1554752d5480> 

WARNING AN INDIVIDUAL TIMED OUT: 
 <tpot2.search_spaces.pipelines.sequential.SequentialPipelineIndividual object at 0x155475792950> 

Generation:  14
Best root_mean_squared_error score: -2.520627698421409
Generation:  56%|    | 14/25 [1:52:29<1:24:50, 462.74s/it]WARNING THIS INDIVIDUAL CAUSED AND EXCEPTION 
 <tpot2.search_spaces.pipelines.sequential.SequentialPipelineIndividual object at 0x155452bcb4f0> 
 The 'criterion' parameter of RandomForestRegressor must be a str among {'friedman_mse', 'poisson', 'absolute_error', 'squared_error'}. Got 'mse' instead. 
 Traceback (most recent call last):
  File "/common/ketrong/tpotexp/tpot2/tpot2/utils/eval_utils.py", line 53, in objective_nan_wrapper
    value = func_timeout.func_timeout(timeout, objective_function, args=[individual], kwargs=objective_kwargs)
  File "/common/ketrong/tpotexp/env/lib/python3.10/site-packages/func_timeout/dafunc.py", line 108, in func_timeout
    raise_exception(exception)
  File "/common/ketrong/tpotexp/env/lib/python3.10/site-packages/func_timeout/py3_raise.py", line 7, in raise_exception
    raise exception[0] from None
  File "/common/ketrong/tpotexp/tpot2/tpot2/tpot_estimator/estimator.py", line 623, in objective_function
    return objective_function_generator(
  File "/common/ketrong/tpotexp/tpot2/tpot2/tpot_estimator/estimator_utils.py", line 55, in objective_function_generator
    cv_obj_scores = cross_val_score_objective(sklearn.base.clone(pipeline),x,y,scorers=scorers, cv=cv , fold=step)
  File "/common/ketrong/tpotexp/tpot2/tpot2/tpot_estimator/cross_val_utils.py", line 28, in cross_val_score_objective
    this_fold_pipeline.fit(X_train,y_train)
  File "/common/ketrong/tpotexp/env/lib/python3.10/site-packages/sklearn/base.py", line 1473, in wrapper
    return fit_method(estimator, *args, **kwargs)
  File "/common/ketrong/tpotexp/env/lib/python3.10/site-packages/sklearn/pipeline.py", line 473, in fit
    self._final_estimator.fit(Xt, y, **last_step_params["fit"])
  File "/common/ketrong/tpotexp/env/lib/python3.10/site-packages/sklearn/base.py", line 1466, in wrapper
    estimator._validate_params()
  File "/common/ketrong/tpotexp/env/lib/python3.10/site-packages/sklearn/base.py", line 666, in _validate_params
    validate_parameter_constraints(
  File "/common/ketrong/tpotexp/env/lib/python3.10/site-packages/sklearn/utils/_param_validation.py", line 95, in validate_parameter_constraints
    raise InvalidParameterError(
sklearn.utils._param_validation.InvalidParameterError: The 'criterion' parameter of RandomForestRegressor must be a str among {'friedman_mse', 'poisson', 'absolute_error', 'squared_error'}. Got 'mse' instead.

WARNING AN INDIVIDUAL TIMED OUT: 
 <tpot2.search_spaces.pipelines.sequential.SequentialPipelineIndividual object at 0x155474ba98a0> 

WARNING AN INDIVIDUAL TIMED OUT: 
 <tpot2.search_spaces.pipelines.sequential.SequentialPipelineIndividual object at 0x155459b6e0e0> 

Generation:  15
Best root_mean_squared_error score: -2.520627698421409
Generation:  60%|    | 15/25 [2:02:32<1:24:09, 505.00s/it]WARNING THIS INDIVIDUAL CAUSED AND EXCEPTION 
 <tpot2.search_spaces.pipelines.sequential.SequentialPipelineIndividual object at 0x1552cca43a60> 
 The 'criterion' parameter of DecisionTreeRegressor must be a str among {'friedman_mse', 'poisson', 'absolute_error', 'squared_error'}. Got 'mae' instead. 
 Traceback (most recent call last):
  File "/common/ketrong/tpotexp/tpot2/tpot2/utils/eval_utils.py", line 53, in objective_nan_wrapper
    value = func_timeout.func_timeout(timeout, objective_function, args=[individual], kwargs=objective_kwargs)
  File "/common/ketrong/tpotexp/env/lib/python3.10/site-packages/func_timeout/dafunc.py", line 108, in func_timeout
    raise_exception(exception)
  File "/common/ketrong/tpotexp/env/lib/python3.10/site-packages/func_timeout/py3_raise.py", line 7, in raise_exception
    raise exception[0] from None
  File "/common/ketrong/tpotexp/tpot2/tpot2/tpot_estimator/estimator.py", line 623, in objective_function
    return objective_function_generator(
  File "/common/ketrong/tpotexp/tpot2/tpot2/tpot_estimator/estimator_utils.py", line 55, in objective_function_generator
    cv_obj_scores = cross_val_score_objective(sklearn.base.clone(pipeline),x,y,scorers=scorers, cv=cv , fold=step)
  File "/common/ketrong/tpotexp/tpot2/tpot2/tpot_estimator/cross_val_utils.py", line 28, in cross_val_score_objective
    this_fold_pipeline.fit(X_train,y_train)
  File "/common/ketrong/tpotexp/env/lib/python3.10/site-packages/sklearn/base.py", line 1473, in wrapper
    return fit_method(estimator, *args, **kwargs)
  File "/common/ketrong/tpotexp/env/lib/python3.10/site-packages/sklearn/pipeline.py", line 473, in fit
    self._final_estimator.fit(Xt, y, **last_step_params["fit"])
  File "/common/ketrong/tpotexp/env/lib/python3.10/site-packages/sklearn/base.py", line 1466, in wrapper
    estimator._validate_params()
  File "/common/ketrong/tpotexp/env/lib/python3.10/site-packages/sklearn/base.py", line 666, in _validate_params
    validate_parameter_constraints(
  File "/common/ketrong/tpotexp/env/lib/python3.10/site-packages/sklearn/utils/_param_validation.py", line 95, in validate_parameter_constraints
    raise InvalidParameterError(
sklearn.utils._param_validation.InvalidParameterError: The 'criterion' parameter of DecisionTreeRegressor must be a str among {'friedman_mse', 'poisson', 'absolute_error', 'squared_error'}. Got 'mae' instead.

WARNING THIS INDIVIDUAL CAUSED AND EXCEPTION 
 <tpot2.search_spaces.pipelines.sequential.SequentialPipelineIndividual object at 0x1554757a9d80> 
 The 'criterion' parameter of DecisionTreeRegressor must be a str among {'friedman_mse', 'poisson', 'absolute_error', 'squared_error'}. Got 'mae' instead. 
 Traceback (most recent call last):
  File "/common/ketrong/tpotexp/tpot2/tpot2/utils/eval_utils.py", line 53, in objective_nan_wrapper
    value = func_timeout.func_timeout(timeout, objective_function, args=[individual], kwargs=objective_kwargs)
  File "/common/ketrong/tpotexp/env/lib/python3.10/site-packages/func_timeout/dafunc.py", line 108, in func_timeout
    raise_exception(exception)
  File "/common/ketrong/tpotexp/env/lib/python3.10/site-packages/func_timeout/py3_raise.py", line 7, in raise_exception
    raise exception[0] from None
  File "/common/ketrong/tpotexp/tpot2/tpot2/tpot_estimator/estimator.py", line 623, in objective_function
    return objective_function_generator(
  File "/common/ketrong/tpotexp/tpot2/tpot2/tpot_estimator/estimator_utils.py", line 55, in objective_function_generator
    cv_obj_scores = cross_val_score_objective(sklearn.base.clone(pipeline),x,y,scorers=scorers, cv=cv , fold=step)
  File "/common/ketrong/tpotexp/tpot2/tpot2/tpot_estimator/cross_val_utils.py", line 28, in cross_val_score_objective
    this_fold_pipeline.fit(X_train,y_train)
  File "/common/ketrong/tpotexp/env/lib/python3.10/site-packages/sklearn/base.py", line 1473, in wrapper
    return fit_method(estimator, *args, **kwargs)
  File "/common/ketrong/tpotexp/env/lib/python3.10/site-packages/sklearn/pipeline.py", line 473, in fit
    self._final_estimator.fit(Xt, y, **last_step_params["fit"])
  File "/common/ketrong/tpotexp/env/lib/python3.10/site-packages/sklearn/base.py", line 1466, in wrapper
    estimator._validate_params()
  File "/common/ketrong/tpotexp/env/lib/python3.10/site-packages/sklearn/base.py", line 666, in _validate_params
    validate_parameter_constraints(
  File "/common/ketrong/tpotexp/env/lib/python3.10/site-packages/sklearn/utils/_param_validation.py", line 95, in validate_parameter_constraints
    raise InvalidParameterError(
sklearn.utils._param_validation.InvalidParameterError: The 'criterion' parameter of DecisionTreeRegressor must be a str among {'friedman_mse', 'poisson', 'absolute_error', 'squared_error'}. Got 'mae' instead.

WARNING AN INDIVIDUAL TIMED OUT: 
 <tpot2.search_spaces.pipelines.sequential.SequentialPipelineIndividual object at 0x155439da5f00> 

Generation:  16
Best root_mean_squared_error score: -2.520627698421409
Generation:  64%|   | 16/25 [2:12:35<1:20:11, 534.58s/it]WARNING THIS INDIVIDUAL CAUSED AND EXCEPTION 
 <tpot2.search_spaces.pipelines.sequential.SequentialPipelineIndividual object at 0x15545e655630> 
 The 'criterion' parameter of ExtraTreesRegressor must be a str among {'friedman_mse', 'poisson', 'absolute_error', 'squared_error'}. Got 'mae' instead. 
 Traceback (most recent call last):
  File "/common/ketrong/tpotexp/tpot2/tpot2/utils/eval_utils.py", line 53, in objective_nan_wrapper
    value = func_timeout.func_timeout(timeout, objective_function, args=[individual], kwargs=objective_kwargs)
  File "/common/ketrong/tpotexp/env/lib/python3.10/site-packages/func_timeout/dafunc.py", line 108, in func_timeout
    raise_exception(exception)
  File "/common/ketrong/tpotexp/env/lib/python3.10/site-packages/func_timeout/py3_raise.py", line 7, in raise_exception
    raise exception[0] from None
  File "/common/ketrong/tpotexp/tpot2/tpot2/tpot_estimator/estimator.py", line 623, in objective_function
    return objective_function_generator(
  File "/common/ketrong/tpotexp/tpot2/tpot2/tpot_estimator/estimator_utils.py", line 55, in objective_function_generator
    cv_obj_scores = cross_val_score_objective(sklearn.base.clone(pipeline),x,y,scorers=scorers, cv=cv , fold=step)
  File "/common/ketrong/tpotexp/tpot2/tpot2/tpot_estimator/cross_val_utils.py", line 28, in cross_val_score_objective
    this_fold_pipeline.fit(X_train,y_train)
  File "/common/ketrong/tpotexp/env/lib/python3.10/site-packages/sklearn/base.py", line 1473, in wrapper
    return fit_method(estimator, *args, **kwargs)
  File "/common/ketrong/tpotexp/env/lib/python3.10/site-packages/sklearn/pipeline.py", line 473, in fit
    self._final_estimator.fit(Xt, y, **last_step_params["fit"])
  File "/common/ketrong/tpotexp/env/lib/python3.10/site-packages/sklearn/base.py", line 1466, in wrapper
    estimator._validate_params()
  File "/common/ketrong/tpotexp/env/lib/python3.10/site-packages/sklearn/base.py", line 666, in _validate_params
    validate_parameter_constraints(
  File "/common/ketrong/tpotexp/env/lib/python3.10/site-packages/sklearn/utils/_param_validation.py", line 95, in validate_parameter_constraints
    raise InvalidParameterError(
sklearn.utils._param_validation.InvalidParameterError: The 'criterion' parameter of ExtraTreesRegressor must be a str among {'friedman_mse', 'poisson', 'absolute_error', 'squared_error'}. Got 'mae' instead.

WARNING AN INDIVIDUAL TIMED OUT: 
 <tpot2.search_spaces.pipelines.sequential.SequentialPipelineIndividual object at 0x15547438c610> 

Generation:  17
Best root_mean_squared_error score: -2.520627698421409
Generation:  68%|   | 17/25 [2:22:39<1:14:03, 555.46s/it]Generation:  18
Best root_mean_squared_error score: -2.520627698421409
Generation:  72%|  | 18/25 [2:24:42<49:38, 425.52s/it]  WARNING AN INDIVIDUAL TIMED OUT: 
 <tpot2.search_spaces.pipelines.sequential.SequentialPipelineIndividual object at 0x15545b6455d0> 

Generation:  19
Best root_mean_squared_error score: -2.520627698421409
Generation:  76%|  | 19/25 [2:34:46<47:54, 479.04s/it]WARNING AN INDIVIDUAL TIMED OUT: 
 <tpot2.search_spaces.pipelines.sequential.SequentialPipelineIndividual object at 0x155474bcffd0> 

WARNING AN INDIVIDUAL TIMED OUT: 
 <tpot2.search_spaces.pipelines.sequential.SequentialPipelineIndividual object at 0x1554533ae380> 

Generation:  20
Best root_mean_squared_error score: -2.520627698421409
Generation:  80%|  | 20/25 [2:44:51<43:04, 516.94s/it]WARNING THIS INDIVIDUAL CAUSED AND EXCEPTION 
 <tpot2.search_spaces.pipelines.sequential.SequentialPipelineIndividual object at 0x1554752b46a0> 
 The 'criterion' parameter of RandomForestRegressor must be a str among {'friedman_mse', 'poisson', 'absolute_error', 'squared_error'}. Got 'mae' instead. 
 Traceback (most recent call last):
  File "/common/ketrong/tpotexp/tpot2/tpot2/utils/eval_utils.py", line 53, in objective_nan_wrapper
    value = func_timeout.func_timeout(timeout, objective_function, args=[individual], kwargs=objective_kwargs)
  File "/common/ketrong/tpotexp/env/lib/python3.10/site-packages/func_timeout/dafunc.py", line 108, in func_timeout
    raise_exception(exception)
  File "/common/ketrong/tpotexp/env/lib/python3.10/site-packages/func_timeout/py3_raise.py", line 7, in raise_exception
    raise exception[0] from None
  File "/common/ketrong/tpotexp/tpot2/tpot2/tpot_estimator/estimator.py", line 623, in objective_function
    return objective_function_generator(
  File "/common/ketrong/tpotexp/tpot2/tpot2/tpot_estimator/estimator_utils.py", line 55, in objective_function_generator
    cv_obj_scores = cross_val_score_objective(sklearn.base.clone(pipeline),x,y,scorers=scorers, cv=cv , fold=step)
  File "/common/ketrong/tpotexp/tpot2/tpot2/tpot_estimator/cross_val_utils.py", line 28, in cross_val_score_objective
    this_fold_pipeline.fit(X_train,y_train)
  File "/common/ketrong/tpotexp/env/lib/python3.10/site-packages/sklearn/base.py", line 1473, in wrapper
    return fit_method(estimator, *args, **kwargs)
  File "/common/ketrong/tpotexp/env/lib/python3.10/site-packages/sklearn/pipeline.py", line 473, in fit
    self._final_estimator.fit(Xt, y, **last_step_params["fit"])
  File "/common/ketrong/tpotexp/env/lib/python3.10/site-packages/sklearn/base.py", line 1466, in wrapper
    estimator._validate_params()
  File "/common/ketrong/tpotexp/env/lib/python3.10/site-packages/sklearn/base.py", line 666, in _validate_params
    validate_parameter_constraints(
  File "/common/ketrong/tpotexp/env/lib/python3.10/site-packages/sklearn/utils/_param_validation.py", line 95, in validate_parameter_constraints
    raise InvalidParameterError(
sklearn.utils._param_validation.InvalidParameterError: The 'criterion' parameter of RandomForestRegressor must be a str among {'friedman_mse', 'poisson', 'absolute_error', 'squared_error'}. Got 'mae' instead.

WARNING THIS INDIVIDUAL CAUSED AND EXCEPTION 
 <tpot2.search_spaces.pipelines.sequential.SequentialPipelineIndividual object at 0x155454640eb0> 
 The 'criterion' parameter of ExtraTreesRegressor must be a str among {'friedman_mse', 'poisson', 'absolute_error', 'squared_error'}. Got 'mae' instead. 
 Traceback (most recent call last):
  File "/common/ketrong/tpotexp/tpot2/tpot2/utils/eval_utils.py", line 53, in objective_nan_wrapper
    value = func_timeout.func_timeout(timeout, objective_function, args=[individual], kwargs=objective_kwargs)
  File "/common/ketrong/tpotexp/env/lib/python3.10/site-packages/func_timeout/dafunc.py", line 108, in func_timeout
    raise_exception(exception)
  File "/common/ketrong/tpotexp/env/lib/python3.10/site-packages/func_timeout/py3_raise.py", line 7, in raise_exception
    raise exception[0] from None
  File "/common/ketrong/tpotexp/tpot2/tpot2/tpot_estimator/estimator.py", line 623, in objective_function
    return objective_function_generator(
  File "/common/ketrong/tpotexp/tpot2/tpot2/tpot_estimator/estimator_utils.py", line 55, in objective_function_generator
    cv_obj_scores = cross_val_score_objective(sklearn.base.clone(pipeline),x,y,scorers=scorers, cv=cv , fold=step)
  File "/common/ketrong/tpotexp/tpot2/tpot2/tpot_estimator/cross_val_utils.py", line 28, in cross_val_score_objective
    this_fold_pipeline.fit(X_train,y_train)
  File "/common/ketrong/tpotexp/env/lib/python3.10/site-packages/sklearn/base.py", line 1473, in wrapper
    return fit_method(estimator, *args, **kwargs)
  File "/common/ketrong/tpotexp/env/lib/python3.10/site-packages/sklearn/pipeline.py", line 473, in fit
    self._final_estimator.fit(Xt, y, **last_step_params["fit"])
  File "/common/ketrong/tpotexp/env/lib/python3.10/site-packages/sklearn/base.py", line 1466, in wrapper
    estimator._validate_params()
  File "/common/ketrong/tpotexp/env/lib/python3.10/site-packages/sklearn/base.py", line 666, in _validate_params
    validate_parameter_constraints(
  File "/common/ketrong/tpotexp/env/lib/python3.10/site-packages/sklearn/utils/_param_validation.py", line 95, in validate_parameter_constraints
    raise InvalidParameterError(
sklearn.utils._param_validation.InvalidParameterError: The 'criterion' parameter of ExtraTreesRegressor must be a str among {'friedman_mse', 'poisson', 'absolute_error', 'squared_error'}. Got 'mae' instead.

WARNING AN INDIVIDUAL TIMED OUT: 
 <tpot2.search_spaces.pipelines.sequential.SequentialPipelineIndividual object at 0x155474f44b50> 

WARNING AN INDIVIDUAL TIMED OUT: 
 <tpot2.search_spaces.pipelines.sequential.SequentialPipelineIndividual object at 0x155459314310> 

Generation:  21
Best root_mean_squared_error score: -2.520627698421409
Generation:  84%| | 21/25 [2:54:55<36:11, 542.98s/it]WARNING AN INDIVIDUAL TIMED OUT: 
 <tpot2.search_spaces.pipelines.sequential.SequentialPipelineIndividual object at 0x155456dad6f0> 

Generation:  22
Best root_mean_squared_error score: -2.520627698421409
Generation:  88%| | 22/25 [3:04:58<28:03, 561.06s/it]WARNING AN INDIVIDUAL TIMED OUT: 
 <tpot2.search_spaces.pipelines.sequential.SequentialPipelineIndividual object at 0x155474c8dfc0> 

Generation:  23
Best root_mean_squared_error score: -2.520627698421409
Generation:  92%|| 23/25 [3:15:01<19:07, 573.57s/it]WARNING AN INDIVIDUAL TIMED OUT: 
 <tpot2.search_spaces.pipelines.sequential.SequentialPipelineIndividual object at 0x1554574493c0> 

Generation:  24
Best root_mean_squared_error score: -2.520627698421409
Generation:  96%|| 24/25 [3:25:06<09:43, 583.00s/it]WARNING THIS INDIVIDUAL CAUSED AND EXCEPTION 
 <tpot2.search_spaces.pipelines.sequential.SequentialPipelineIndividual object at 0x15545fac8760> 
 The 'criterion' parameter of RandomForestRegressor must be a str among {'friedman_mse', 'poisson', 'absolute_error', 'squared_error'}. Got 'mse' instead. 
 Traceback (most recent call last):
  File "/common/ketrong/tpotexp/tpot2/tpot2/utils/eval_utils.py", line 53, in objective_nan_wrapper
    value = func_timeout.func_timeout(timeout, objective_function, args=[individual], kwargs=objective_kwargs)
  File "/common/ketrong/tpotexp/env/lib/python3.10/site-packages/func_timeout/dafunc.py", line 108, in func_timeout
    raise_exception(exception)
  File "/common/ketrong/tpotexp/env/lib/python3.10/site-packages/func_timeout/py3_raise.py", line 7, in raise_exception
    raise exception[0] from None
  File "/common/ketrong/tpotexp/tpot2/tpot2/tpot_estimator/estimator.py", line 623, in objective_function
    return objective_function_generator(
  File "/common/ketrong/tpotexp/tpot2/tpot2/tpot_estimator/estimator_utils.py", line 55, in objective_function_generator
    cv_obj_scores = cross_val_score_objective(sklearn.base.clone(pipeline),x,y,scorers=scorers, cv=cv , fold=step)
  File "/common/ketrong/tpotexp/tpot2/tpot2/tpot_estimator/cross_val_utils.py", line 28, in cross_val_score_objective
    this_fold_pipeline.fit(X_train,y_train)
  File "/common/ketrong/tpotexp/env/lib/python3.10/site-packages/sklearn/base.py", line 1473, in wrapper
    return fit_method(estimator, *args, **kwargs)
  File "/common/ketrong/tpotexp/env/lib/python3.10/site-packages/sklearn/pipeline.py", line 473, in fit
    self._final_estimator.fit(Xt, y, **last_step_params["fit"])
  File "/common/ketrong/tpotexp/env/lib/python3.10/site-packages/sklearn/base.py", line 1466, in wrapper
    estimator._validate_params()
  File "/common/ketrong/tpotexp/env/lib/python3.10/site-packages/sklearn/base.py", line 666, in _validate_params
    validate_parameter_constraints(
  File "/common/ketrong/tpotexp/env/lib/python3.10/site-packages/sklearn/utils/_param_validation.py", line 95, in validate_parameter_constraints
    raise InvalidParameterError(
sklearn.utils._param_validation.InvalidParameterError: The 'criterion' parameter of RandomForestRegressor must be a str among {'friedman_mse', 'poisson', 'absolute_error', 'squared_error'}. Got 'mse' instead.

WARNING THIS INDIVIDUAL CAUSED AND EXCEPTION 
 <tpot2.search_spaces.pipelines.sequential.SequentialPipelineIndividual object at 0x155475eeac20> 
 The 'criterion' parameter of RandomForestRegressor must be a str among {'friedman_mse', 'poisson', 'absolute_error', 'squared_error'}. Got 'mae' instead. 
 Traceback (most recent call last):
  File "/common/ketrong/tpotexp/tpot2/tpot2/utils/eval_utils.py", line 53, in objective_nan_wrapper
    value = func_timeout.func_timeout(timeout, objective_function, args=[individual], kwargs=objective_kwargs)
  File "/common/ketrong/tpotexp/env/lib/python3.10/site-packages/func_timeout/dafunc.py", line 108, in func_timeout
    raise_exception(exception)
  File "/common/ketrong/tpotexp/env/lib/python3.10/site-packages/func_timeout/py3_raise.py", line 7, in raise_exception
    raise exception[0] from None
  File "/common/ketrong/tpotexp/tpot2/tpot2/tpot_estimator/estimator.py", line 623, in objective_function
    return objective_function_generator(
  File "/common/ketrong/tpotexp/tpot2/tpot2/tpot_estimator/estimator_utils.py", line 55, in objective_function_generator
    cv_obj_scores = cross_val_score_objective(sklearn.base.clone(pipeline),x,y,scorers=scorers, cv=cv , fold=step)
  File "/common/ketrong/tpotexp/tpot2/tpot2/tpot_estimator/cross_val_utils.py", line 28, in cross_val_score_objective
    this_fold_pipeline.fit(X_train,y_train)
  File "/common/ketrong/tpotexp/env/lib/python3.10/site-packages/sklearn/base.py", line 1473, in wrapper
    return fit_method(estimator, *args, **kwargs)
  File "/common/ketrong/tpotexp/env/lib/python3.10/site-packages/sklearn/pipeline.py", line 473, in fit
    self._final_estimator.fit(Xt, y, **last_step_params["fit"])
  File "/common/ketrong/tpotexp/env/lib/python3.10/site-packages/sklearn/base.py", line 1466, in wrapper
    estimator._validate_params()
  File "/common/ketrong/tpotexp/env/lib/python3.10/site-packages/sklearn/base.py", line 666, in _validate_params
    validate_parameter_constraints(
  File "/common/ketrong/tpotexp/env/lib/python3.10/site-packages/sklearn/utils/_param_validation.py", line 95, in validate_parameter_constraints
    raise InvalidParameterError(
sklearn.utils._param_validation.InvalidParameterError: The 'criterion' parameter of RandomForestRegressor must be a str among {'friedman_mse', 'poisson', 'absolute_error', 'squared_error'}. Got 'mae' instead.

Generation:  25
Best root_mean_squared_error score: -2.520627698421409
Generation: 100%|| 25/25 [3:26:02<00:00, 424.94s/it]Generation: 100%|| 25/25 [3:26:02<00:00, 494.50s/it]
2024-08-27 10:59:24,363 - distributed.scheduler - ERROR - Removing worker 'tcp://127.0.0.1:36619' caused the cluster to lose scattered data, which can't be recovered: {'DataFrame-4f525155b0aa986c71f0c103cfaa5d45', 'DataFrame-f941df1612fa708d712f503f6e15aee3'} (stimulus_id='handle-worker-cleanup-1724781564.363447')
Fitted
Pipeline(steps=[('simpleimputer', SimpleImputer()),
                ('histgradientboostingregressor',
                 HistGradientBoostingRegressor(early_stopping=True,
                                               l2_regularization=0.8220700306138,
                                               learning_rate=0.0869358779726,
                                               max_features=0.3842140713075,
                                               max_leaf_nodes=1155,
                                               min_samples_leaf=180,
                                               n_iter_no_change=13, tol=0.0001,
                                               validation_fraction=None))])
transform worked
try transform
transform worked
score start
train score: {'explained_var': 0.7130153333629585, 'r2': 0.7130153333619265, 'rmse': 2.3546681807147496}
test score: {'explained_var': 0.6403000365341529, 'r2': 0.6401115677458, 'rmse': 2.619578681808663}
original test score: {'explained_var': 0.9388637839258784, 'r2': 0.937754429355925, 'rmse': 1.0894360195895572}
score end
215
lvl
0.3
type
MNAR
num_run
3
reg_full
finished
all finished
full run takes
10.078476630647977
hours
DONE
